 >>> Start of program VELEST at 25-06-02 16:13       <<<                        

 ::::::::::::::::::::::::::::::::::::::                                         
  V E L E S T  - Version : January 3, 1995                                      
  (Authors: see source code)                                                    
 ::::::::::::::::::::::::::::::::::::::                                         


 Title of this VELEST run:

 vinnik_2
 --------


 Current array-dimensions of program VELEST:

 Max. number of EARTHQUAKES for simult. inversion IEQ = ***
 Max. number of SHOTS for simult. inversion    INSHOT =  50
 Max. number of (different) 1D-MODELS      ITOTMODELS =   2
 Max. number of LAYERS per one 1D-model        INLTOT = 100
 Max. number of STATIONS in stationlist           IST = 650
 Max. number of OBSERVATIONS per event MAXOBSPEREVENT = 180






    INPUT - P A R A M E T E R S :



***
***  olat       olon   icoordsystem      zshift   itrial ztrial    ised
  72.000000-126.000000      0            0.000       0     0.00      0
***
*** neqs   nshot    rotate
     91      0      0.0
***
*** isingle   iresolcalc
       0          0
***
*** dmax    itopo    zmin     veladj    zadj   lowveloclay
   300.00     0      0.01       0.20    5.00       0
***
*** nsp    swtfac   vpvs       nmod
     1      1.00    1.730        1
***
***   othet   xythet    zthet    vthet   stathet
       0.01     0.01     0.01     1.00     0.01
***
*** nsinv   nshcor   nshfix     iuseelev    iusestacorr
       1       0       0           1            1
***
*** iturbo    icnvout   istaout   ismpout
       1         1         1         0
***
*** irayout   idrvout   ialeout   idspout   irflout   irfrout   iresout
       0         0         0         0         0         0         0
***
*** delmin   ittmax   invertratio
    0.010       3          1
***
*** Modelfile:
tmp/vinnik_2/synthvel/model_927.mod
***
*** Stationfile:
./velinp/station.sta
***
*** Seismofile:
 
***
*** File with region names:
 
***
*** File with region coordinates:
 
***
*** File #1 with topo data:
 
***
*** File #2 with topo data:
 
***
*** DATA INPUT files:
***
*** File with Earthquake data:
./velinp/data.cnv
***
*** File with Shot data:
 
***
*** OUTPUT files:
***
*** Main print output file:
./velout/vinnik_2/velest927.out
***
*** File with single event locations:
velout.vel
***
*** File with final hypocenters in *.cnv format:
./velout/vinnik_2/final_loc927.cnv
***
*** File with new station corrections:
./velout/vinnik_2/stations_corr927.sta
***
*** File with summary cards (e.g. for plotting):
velout.smp
***
*** File with raypoints:
velout.ray
***
*** File with derivatives:
velout.drv
***
*** File with ALEs:
velout.ale
***
*** File with Dirichlet spreads:
velout.dspr
***
*** File with reflection points:
velout.rfl
***
*** File with refraction points:
velout.rfr
***
*** File with residuals:
velout.res
***




 Origin of cartesian coordinates:
        72.00000N   126.00000E

  X,Y-AXES rotated clockwise from North
           Rotation angle (rotate):
            rotate=    0.0 degr.

 icoordsystem =            0
 normal SHORT DISTANCE CONVERSION will be made
 x is positive towards west, y is positive towards north


 SHORT DISTANCE CONVERSION on ELLIPSOIDE of WORLD GEODETIC SYSTEM 1972 (WGS72)
 =============================================================================

 Radius at equator (REARTH)= 6378.13500  km
   1. / (ellipticity)      =    298.260

 Origin of cartesian coordinates [degrees]:
   72.0000000 N     -126.0000000 W

  Rotation angle (in degr.) clockwise from
North  rotate=    0.0

 Radius of sphere at OLAT =   6358.817 km

 Conversion of GEOGRAPHICAL LATITUDE to GEOCENTRICAL LATITUDE:
 RLATC = TAN(GEOCENTR.LAT) / TAN(GEOGRAPH.LAT)
 RLATC =   0.99333486

          Short distance conversions:
          one min lat ~  1.8597 km 
          one min lon ~  0.5751 km 







    INPUT - M O D E L :



 Model(s) read from file :
 tmp/vinnik_2/synthvel/model_927.mod                                             

 model file title: 
Model: model_927.mod                    
 Velocity structure for model   1 :

 layer    vel   depth   vdamp  reflector
   1      4.55  -5.00    1.00         P-VELOCITY MODEL                  
   2      5.01  -3.32    1.00  
 WARNING:
 Only top of the first layer can be negative !!
   3      6.19   8.60    1.00  
   4      6.43  18.77    1.00  
   5      6.84  23.40    1.00  
   6      6.85  26.65    1.00  
   7      6.85  36.51    1.00  
   8      8.38  41.84    1.00  
   9      8.60  45.24    1.00  

 Calculation of average velocity starts at layer #            1
 z = -5.00 ... -3.32    v = 4.55    AVEL = 4.55 downto z =  -3.32
 z = -3.32 ...  8.60    v = 5.01    AVEL = 4.95 downto z =   8.60
 z =  8.60 ... 18.77    v = 6.19    AVEL = 5.48 downto z =  18.77
 z = 18.77 ... 23.40    v = 6.43    AVEL = 5.64 downto z =  23.40
 z = 23.40 ... 26.65    v = 6.84    AVEL = 5.76 downto z =  26.65
 z = 26.65 ... 36.51    v = 6.85    AVEL = 6.02 downto z =  36.51
 z = 36.51 ... 41.84    v = 6.85    AVEL = 6.11 downto z =  41.84
 z = 41.84 ... 45.24    v = 8.38    AVEL = 6.27 downto z =  45.24


 Calculation of average velocity starts at layer #            2
 z = -3.32 ...  8.60    v = 5.01    AVEL = 5.01 downto z =   8.60
 z =  8.60 ... 18.77    v = 6.19    AVEL = 5.55 downto z =  18.77
 z = 18.77 ... 23.40    v = 6.43    AVEL = 5.71 downto z =  23.40
 z = 23.40 ... 26.65    v = 6.84    AVEL = 5.83 downto z =  26.65
 z = 26.65 ... 36.51    v = 6.85    AVEL = 6.08 downto z =  36.51
 z = 36.51 ... 41.84    v = 6.85    AVEL = 6.17 downto z =  41.84
 z = 41.84 ... 45.24    v = 8.38    AVEL = 6.33 downto z =  45.24






    INPUT - S T A T I O N S :



 Station-parameters read from file :
 ./velinp/station.sta                                                            


     stn latitude longitude elev   x      y      z     ptcor stcor model icc
   1 624 72.4760N126.2750E     0  -9.37  53.11  -0.00   0.00  0.00   1  13
   2 628 72.4000N127.1470E     0 -39.15  44.63  -0.00   0.00  0.00   1  12
   3 630 72.0750N128.3250E     0 -80.06   8.37  -0.00   0.00  0.00   1  11
   4 627 72.1170N126.9820E     0 -33.78  13.06  -0.00   0.00  0.00   1  10
   5 621 72.1840N124.8890E     0  38.14  20.53  -0.00   0.00  0.00   1   9
   6 629 71.9290N127.3130E     0 -45.39  -7.92  -0.00   0.00  0.00   1   8
   7 622 72.4420N125.3130E     0  23.42  49.32  -0.00   0.00  0.00   1   7
   8 620 72.6540N124.3470E     0  56.03  72.98  -0.00   0.00  0.00   1   6
   9 623 72.3260N125.7600E     0   8.21  36.38  -0.00   0.00  0.00   1   5
  10 626 71.8880N126.0360E     0  -1.25 -12.50  -0.00   0.00  0.00   1   4
  11 625 72.1740N126.1070E     0  -3.67  19.42  -0.00   0.00  0.00   1   3
  12 631 71.3990N127.2470E     0 -43.72 -67.06  -0.00   0.00  0.00   1   2
  13 632 71.5740N129.0728E     0-107.23 -47.53  -0.00   0.00  0.00   1   1

 NO Seismo-parameter-file specified
 --> NO magnitudes calculated!




   neqs=   91  nshot=    0  nltot=    9

 ~~~ input parameters read.
 ~~~ set units for first iteration ...
 ~~~ determine number of unknowns ...

 Number of unknowns (for array-indexing):  nvar =  385
 Number of effective unknowns        :  nvareff =  373
 Number of elements on/below main diagonal of matrix G = At*A : kvar =   74305

 ~~~ reset G and RHT ...
 ~~~ input data, raytracing, setup G ...






    I N P U T - D A T A  

  eq    origin-time    latitude longitude depth    x      y      z    mag ifxOBS
   1 160818 1613  9.10 73.0030N 124.8500E  23.10  38.61 111.92  23.10 1.40 0   6
   2 160818 1613  9.30 72.9910N 124.8700E  22.80  37.95 110.58  22.80 1.10 0   6
   3 160819 0959 27.30 71.9230N 129.7600E  12.10-130.00  -8.59  12.10 4.00 0  12
   4 160820 1506 15.70 71.9380N 129.7900E  11.00-130.98  -6.92  11.00 1.50 0   9
   5 160820 1904 45.70 72.3480N 127.1800E  23.80 -40.33  38.83  23.80 1.20 0   6
   6 160822 1318 49.50 72.3650N 127.0800E  16.50 -36.90  40.73  16.50 0.60 0   8
   7 160823 0652 14.00 70.9330N 129.8100E   6.40-135.21-119.06   6.40 2.90 0   6
   8 160824 1510 30.40 71.6070N 130.0400E   8.60-140.86 -43.85   8.60 1.50 0   9
   9 160906 1514 39.70 72.5080N 125.6800E  12.10  10.89  56.68  12.10 0.90 0   6
 WARNING:
 epicentral distance: 303.3 > dmax ( 300.0) ==> skipping phase !
 WARNING:
 epicentral distance: 338.2 > dmax ( 300.0) ==> skipping phase !
  10 160920 1607 18.30 69.2370N 128.3500E  16.20 -87.07-308.31  16.20 2.60 0   2
 WARNING:
 epicentral distance: 318.5 > dmax ( 300.0) ==> skipping phase !
 WARNING:
 epicentral distance: 355.0 > dmax ( 300.0) ==> skipping phase !
  11 160925 1911  5.60 69.2250N 127.6800E  15.60 -62.26-309.64  15.60 2.30 0   2
  12 161004 0841 51.20 72.8480N 124.9600E  15.60  35.07  94.62  15.60 0.20 0   6
  13 161005 1619 46.90 72.8770N 125.0100E  19.00  33.35  97.86  19.00 1.00 0   9
  14 161006 0156 55.90 72.8740N 125.0100E  13.90  33.36  97.52  13.90 1.00 0   7
  15 161009 0036 44.70 72.8720N 124.9900E  17.20  34.03  97.30  17.20 1.30 0   8
  16 161009 0036 44.90 72.8580N 124.9600E  18.60  35.06  95.74  18.60 1.20 0   7
  17 161012 0800 22.10 72.7380N 126.0300E  18.50  -1.01  82.35  18.50 0.80 0   7
  18 161015 1013 36.50 72.0400N 126.9900E  11.20 -34.12   4.46  11.20 0.70 0   7
  19 161021 0507 33.30 72.5750N 124.7800E  10.10  41.44  64.16  10.10 0.80 0   6
  20 161124 2250 46.00 72.7630N 124.8800E  16.20  37.85  85.14  16.20 3.10 0   4
  21 161125 0156 34.10 72.7420N 124.9200E  14.50  36.52  82.80  14.50 0.60 0   7
  22 161125 0517 25.90 72.7650N 124.9400E  13.50  35.82  85.36  13.50 1.60 0   6
  23 161125 0525 15.90 72.7740N 124.9500E  11.60  35.48  86.37  11.60 0.80 0   6
  24 161125 0556  2.00 72.7350N 124.9700E   5.70  34.84  82.01   5.70 0.20 0   6
  25 170117 0846 48.60 72.2130N 127.3400E  22.00 -45.97  23.77  22.00 0.30 0   6
  26 170122 1614 27.60 71.9670N 128.0400E  10.30 -70.45  -3.68  10.30 0.90 0   6
  27 170125 2244  0.20 72.4440N 126.0200E  13.10  -0.68  49.54  13.10 0.80 0   6
  28 170302 1359 59.10 72.6830N 124.8900E  11.50  37.60  76.21  11.50 0.50 0   7
  29 170302 2335 20.20 71.8850N 130.3000E  14.80-148.82 -12.83  14.80 2.10 0   9
  30 170304 2135  2.90 72.6880N 124.9400E  13.40  35.90  76.77  13.40 1.30 0   7
  31 170307 0447 21.00 72.6940N 124.9200E  14.20  36.57  77.44  14.20 1.70 0  10
  32 170307 2016 50.80 72.6910N 124.9100E  15.30  36.91  77.10  15.30 1.10 0   6
  33 170309 1454  0.80 72.6830N 124.9000E  15.60  37.26  76.21  15.60 0.30 0   6
  34 170311 0430 55.40 72.3130N 126.5000E  24.50 -17.11  34.93  24.50 0.30 0   6
  35 170312 0416 39.20 71.9240N 128.0800E   3.40 -71.91  -8.48   3.40 2.10 0   6
  36 170313 0553 59.10 72.6980N 124.9200E  15.10  36.57  77.89  15.10 1.00 0   9
  37 170313 0809  5.60 72.4500N 125.0800E  14.90  31.36  50.21  14.90 1.20 0   7
  38 170315 0234 46.50 72.6540N 123.8400E  16.90  73.22  72.98  16.90 1.40 0   7
  39 170317 1007 14.10 72.2350N 125.9800E   3.90   0.69  26.22   3.90 0.50 0   7
  40 170320 0711 14.60 72.1250N 127.2200E  16.80 -41.95  13.95  16.80 0.90 0   6
  41 170320 0853 56.40 72.7090N 124.9700E   5.10  34.86  79.11   5.10 0.40 0   6
  42 170320 1900 34.30 72.4150N 126.1200E  18.00  -4.09  46.31  18.00 0.60 0   7
  43 170323 0519 24.60 71.6470N 129.1800E   5.20-110.76 -39.39   5.20 1.20 0   6
  44 170323 1612 49.70 72.4530N 125.1100E   8.30  30.33  50.55   8.30 0.50 0   6
  45 170323 1906 41.20 72.4070N 130.2500E  18.30-145.04  45.41  18.30 1.00 0   6
  46 170326 0836 34.10 71.9930N 127.6700E  16.10 -57.63  -0.78  16.10 1.50 0   7
  47 170402 0422  1.00 72.7220N 125.6900E  21.90  10.49  80.56  21.90 1.20 0  10
  48 170402 0636 37.20 72.7310N 125.6900E  23.50  10.49  81.57  23.50 0.70 0   6
  49 170404 2347 35.70 72.7580N 124.3800E  22.60  54.76  84.58  22.60 0.50 0   6
  50 170405 0307 36.10 71.6810N 128.9500E  15.30-102.66 -35.60  15.30 1.00 0  10
  51 170405 1410 53.20 71.5100N 128.9000E   9.30-101.37 -54.68   9.30 1.70 0  10
  52 170406 0838 43.20 72.3850N 129.3800E  15.50-115.42  42.96  15.50 0.90 0  10
  53 170406 1728  1.00 72.7230N 125.6900E  21.30  10.49  80.67  21.30 0.90 0  10
 WARNING:
 epicentral distance: 325.9 > dmax ( 300.0) ==> skipping phase !
 WARNING:
 epicentral distance: 332.9 > dmax ( 300.0) ==> skipping phase !
 WARNING:
 epicentral distance: 345.3 > dmax ( 300.0) ==> skipping phase !
 WARNING:
 epicentral distance: 391.9 > dmax ( 300.0) ==> skipping phase !
  54 170407 1729  3.40 74.8930N 128.6300E  15.60 -83.67 322.81  15.60 1.80 0   2
 WARNING:
 epicentral distance: 311.3 > dmax ( 300.0) ==> skipping phase !
 WARNING:
 epicentral distance: 315.4 > dmax ( 300.0) ==> skipping phase !
 WARNING:
 epicentral distance: 328.9 > dmax ( 300.0) ==> skipping phase !
 WARNING:
 epicentral distance: 374.2 > dmax ( 300.0) ==> skipping phase !
  55 170407 1729  3.50 74.7270N 128.8100E   0.40 -89.83 304.29   0.40 1.60 0   5
  56 170408 1004 44.90 72.6070N 124.9400E  15.00  35.98  67.73  15.00 1.40 0  13
  57 170409 0856 47.20 73.3850N 128.5500E  15.60 -84.71 154.54  15.60 2.50 0   6
  58 170409 0902 45.60 73.3500N 128.4400E  15.10 -81.13 150.64  15.10 1.10 0   7
  59 170410 1520  8.50 72.0030N 128.3900E   2.70 -82.46   0.33   2.70 1.00 0  10
  60 170410 1813  3.60 70.9360N 129.1200E   3.70-110.72-118.73   3.70 2.20 0  13
  61 170412 1507  0.60 71.5070N 129.7200E   0.00-130.05 -55.01   0.00 0.70 0   6
  62 170413 0651 20.10 73.3680N 125.4200E  15.60  19.28 152.65  15.60 1.00 0  10
  63 170414 0459 18.80 72.2680N 127.3800E  20.10 -47.27  29.90  20.10 0.50 0   7
  64 170414 0540  4.80 73.6400N 130.9700E   8.00-163.92 183.00   8.00 1.80 0  11
  65 170414 1656 23.40 72.1850N 127.4000E  15.50 -48.06  20.64  15.50 0.20 0   6
  66 170414 1753 32.80 72.3840N 130.4600E  17.90-152.30  42.85  17.90 0.70 0   6
  67 170416 0523 41.90 71.9560N 127.0800E  19.20 -37.31  -4.91  19.20 1.60 0  13
  68 170416 1220 14.20 72.9470N 124.4900E  20.40  50.77 105.67  20.40 1.00 0  11
 WARNING:
 epicentral distance: 320.3 > dmax ( 300.0) ==> skipping phase !
 WARNING:
 epicentral distance: 381.0 > dmax ( 300.0) ==> skipping phase !
 WARNING:
 epicentral distance: 398.8 > dmax ( 300.0) ==> skipping phase !
 WARNING:
 epicentral distance: 405.0 > dmax ( 300.0) ==> skipping phase !
 WARNING:
 epicentral distance: 424.8 > dmax ( 300.0) ==> skipping phase !
 WARNING:
 epicentral distance: 431.2 > dmax ( 300.0) ==> skipping phase !
 WARNING:
 epicentral distance: 445.5 > dmax ( 300.0) ==> skipping phase !
 WARNING:
 epicentral distance: 451.8 > dmax ( 300.0) ==> skipping phase !
 WARNING:
 epicentral distance: 464.3 > dmax ( 300.0) ==> skipping phase !
  69 170416 1257 48.30 68.8710N 131.7500E  73.50-214.97-349.14  73.50 2.20 0   0
  70 170416 1821  5.50 72.8670N 125.0000E  19.30  33.70  96.74  19.30 1.30 0  13
  71 170418 0606  4.10 72.5080N 125.8200E   1.30   6.13  56.68   1.30 0.20 0   6
 WARNING:
 epicentral distance: 315.2 > dmax ( 300.0) ==> skipping phase !
 WARNING:
 epicentral distance: 332.1 > dmax ( 300.0) ==> skipping phase !
 WARNING:
 epicentral distance: 345.3 > dmax ( 300.0) ==> skipping phase !
 WARNING:
 epicentral distance: 352.6 > dmax ( 300.0) ==> skipping phase !
 WARNING:
 epicentral distance: 346.7 > dmax ( 300.0) ==> skipping phase !
 WARNING:
 epicentral distance: 356.6 > dmax ( 300.0) ==> skipping phase !
 WARNING:
 epicentral distance: 363.9 > dmax ( 300.0) ==> skipping phase !
 WARNING:
 epicentral distance: 372.8 > dmax ( 300.0) ==> skipping phase !
 WARNING:
 epicentral distance: 378.6 > dmax ( 300.0) ==> skipping phase !
 WARNING:
 epicentral distance: 378.6 > dmax ( 300.0) ==> skipping phase !
  72 170418 1005 56.80 69.3310N 122.4100E  97.00 132.70-297.82  97.00 2.20 0   1
  73 170418 1500 12.90 72.7340N 124.5100E  23.10  50.40  81.90  23.10 1.30 0  12
  74 170420 1302 36.20 72.6290N 129.0200E  21.80-102.44  70.19  21.80 0.90 0  11
  75 170420 2248 46.70 72.0220N 129.1200E   0.00-107.59   2.46   0.00 0.70 0  11
 WARNING:
 epicentral distance: 313.1 > dmax ( 300.0) ==> skipping phase !
 WARNING:
 epicentral distance: 324.4 > dmax ( 300.0) ==> skipping phase !
 WARNING:
 epicentral distance: 324.2 > dmax ( 300.0) ==> skipping phase !
 WARNING:
 epicentral distance: 342.4 > dmax ( 300.0) ==> skipping phase !
 WARNING:
 epicentral distance: 349.0 > dmax ( 300.0) ==> skipping phase !
 WARNING:
 epicentral distance: 380.2 > dmax ( 300.0) ==> skipping phase !
 WARNING:
 epicentral distance: 381.6 > dmax ( 300.0) ==> skipping phase !
 WARNING:
 epicentral distance: 408.0 > dmax ( 300.0) ==> skipping phase !
  76 170423 0850 54.60 74.7080N 132.7900E   0.10-217.19 302.17   0.10 1.90 0   0
  77 170423 1455 44.10 72.8400N 124.4900E  16.80  50.92  93.73  16.80 0.60 0   8
  78 170423 2313 41.80 72.5960N 124.8700E  22.00  38.36  66.50  22.00 1.30 0  12
  79 170424 0609 58.60 71.9600N 128.0200E   0.10 -69.77  -4.46   0.10 1.10 0  12
  80 170424 0755 26.70 71.9480N 128.0300E   0.00 -70.14  -5.80   0.00 1.00 0  12
  81 170424 0755 26.90 71.9590N 128.0300E   0.00 -70.12  -4.57   0.00 1.00 0  12
  82 170425 0652 23.30 71.9600N 128.0300E   0.00 -70.12  -4.46   0.00 1.20 0   9
  83 170426 0051 23.20 71.9450N 128.0600E   6.60 -71.18  -6.14   6.60 0.70 0   6
  84 170426 1425 21.20 72.0790N 127.2600E  21.00 -43.38   8.82  21.00 0.10 0   6
  85 170426 1834 24.60 71.5840N 130.8000E  10.90-167.46 -46.42  10.90 1.20 0   8
  86 170426 1840 44.10 72.2710N 126.3600E  18.10 -12.33  30.24  18.10 1.30 0   8
  87 170427 0912 28.80 72.0640N 127.7900E   2.60 -61.65   7.14   2.60 0.90 0   8
  88 170427 1041 38.10 71.7480N 128.9900E   8.40-103.86 -28.12   8.40 0.70 0   7
  89 170427 2010 47.80 72.8010N 130.2000E  20.20-141.80  89.38  20.20 1.30 0   8
  90 170427 2010 48.30 72.7890N 130.1400E  20.10-139.82  88.04  20.10 1.30 0   8
  91 170427 2342 34.10 72.7630N 125.0100E  19.50  33.46  85.14  19.50 0.80 0   6

 readings for station 624  :  74
 readings for station 628  :  69
 readings for station 630  :  53
 readings for station 627  :  46
 readings for station 621  :  59
 readings for station 629  :  43
 readings for station 622  :  58
 readings for station 620  :  48
 readings for station 623  :  55
 readings for station 626  :  52
 readings for station 625  :  49
 readings for station 631  :  49
 readings for station 632  :  24

 Total number of stations with readings:  13

 Total number of readings:     679
 Total number of P readings:       0
 Total number of S readings:       0


 ~~~ store parts of G ...
 ~~~ compute RMS and DATVAR ...

 Total number of observations is:   679


 $$$$$$$$$$$$$$$$$$$$$$$$$$$$$$$$$$$$$$$$$$$$$$$$$
 Events with  | AVRES | > 1.0 SEC are suspicious !

 Event#  10 >>>  160920 1607  AVRES =  1.63 NOBS =  2
 Event#  11 >>>  160925 1911  AVRES =  1.27 NOBS =  2
 Event#  72 >>>  170418 1005  AVRES =  1.57 NOBS =  1

 ^^^^^^^^^ C H E C K   these events above ^^^^^^^^
 $$$$$$$$$$$$$$$$$$$$$$$$$$$$$$$$$$$$$$$$$$$$$$$$$

 ~~~ save initial datvar ...

 Iteration nr  0 obtained:
 DATVAR=    0.767113 mean sqrd residual=     0.345709  RMS RESIDUAL=     0.587971

 After  0 iterations we got:
 Average absolute & unweighted [and mean] residual of
   338 straight and direct rays =  0.42080 [ -0.21622]
   341 refracted           rays =  0.53328 [ -0.22176]
     0 reflected           rays =  0.00000 [  0.00000]

   679 ALL                 RAYS =  0.47729 [ -0.21900]        0.00 %




--------------------------------------------------------------------------------



           ITERATION no  1

 ~~~ set units for this iteration ...
 ~~~ determine number of unknowns for this iter. ...

 Number of unknowns (for array-indexing):  nvar =  385
 Number of effective unknowns        :  nvareff =  386
 Number of elements on/below main diagonal of matrix G = At*A : kvar =   74305

 Damping factors to be used in this iteration:
   Othet=   0.010   XYthet  =   0.010   Zthet=  0.010
 STAthet=   0.010   Vthet   =   1.000

 ~~~ damp G ...
 ~~~ solve G * b = RHT ...
 ~~~ fix units ...
 ~~~ apply eventually step-length damping ...
 ~~~ adjust model (hypocenters, stacorr & veloc.) ...

 doing velocity adjustments now...
 WARNING: Tried to introduce a low-velocity-layer! (Layer  7)
 Setting DVP from  0.04 to 0.0 and VP to vp(layer_above)+0.001
 WARNING: Tried to introduce a low-velocity-layer! (Layer  9)
 Setting DVP from -0.20 to 0.0 and VP to vp(layer_above)+0.001

 doing station-correction adjustments...

 ~~~ compute effective step-length ...

 (Applied) Step length =   3.601

 ~~~ set units for next iteration ...
 ~~~ determine number of unknowns for next iter. ...

 Number of unknowns (for array-indexing):  nvar =  385
 Number of effective unknowns        :  nvareff =  386
 Number of elements on/below main diagonal of matrix G = At*A : kvar =   74305

 ~~~ reset G and RHT ...
 ~~~ raytracing, setup G ...
 ~~~ store parts of G ...
 ~~~ set units back for current iteration ...
 ~~~ determine number of unknowns for this iter. ...

 Number of unknowns (for array-indexing):  nvar =  385
 Number of effective unknowns        :  nvareff =  386
 Number of elements on/below main diagonal of matrix G = At*A : kvar =   74305

 ~~~ compute RMS and DATVAR ...

 $$$$$$$$$$$$$$$$$$$$$$$$$$$$$$$$$$$$$$$$$$$$$$$$$
 Events with  | AVRES | > 1.0 SEC are suspicious !

 Event#  10 >>>  160920 1607  AVRES =  1.57 NOBS =  2
 Event#  11 >>>  160925 1911  AVRES =  1.25 NOBS =  2
 Event#  72 >>>  170418 1005  AVRES =  1.48 NOBS =  1

 ^^^^^^^^^ C H E C K   these events above ^^^^^^^^
 $$$$$$$$$$$$$$$$$$$$$$$$$$$$$$$$$$$$$$$$$$$$$$$$$

 ~~~ check solution (better? worse?) ...

 Iteration nr  1 obtained:
 DATVAR=    0.639640 mean sqrd residual=     0.276016  RMS RESIDUAL=     0.525372

 After  1 iterations we got:
 Average absolute & unweighted [and mean] residual of
   352 straight and direct rays =  0.32364 [ -0.18209]
   327 refracted           rays =  0.48761 [ -0.12873]
     0 reflected           rays =  0.00000 [  0.00000]

   679 ALL                 RAYS =  0.40261 [ -0.15639]      -15.65 %

 ~~~ iteration done; output results ...

  eq       ot     x      y      z      rms    avres   dot     dx     dy     dz
    1      9.11  38.65 111.92  22.94   0.15  -0.11    0.006  0.045  0.004 -0.156
    2      9.30  38.00 110.60  22.62   0.16  -0.13    0.001  0.051  0.018 -0.175
    3     27.27-130.11  -8.48  12.24   0.33  -0.15   -0.026 -0.113  0.111  0.144
    4     15.66-131.08  -6.86  10.86   0.41  -0.22   -0.040 -0.092  0.054 -0.140
    5     45.68 -40.30  38.75  23.86   0.07  -0.17   -0.019  0.033 -0.079  0.062
    6     49.48 -36.80  40.67  16.75   0.13  -0.28   -0.019  0.095 -0.058  0.246
    7     13.97-135.11-119.11   6.38   0.77   0.08   -0.032  0.102 -0.051 -0.025
    8     30.40-140.92 -43.56   8.60   0.47  -0.05   -0.002 -0.055  0.293  0.002
    9     39.68  10.88  56.59  12.10   0.05  -0.36   -0.023 -0.007 -0.091  0.001
   10     18.26 -87.35-308.29  16.20   1.07   1.57   -0.038 -0.287  0.019  0.004
   11      5.51 -62.62-309.65  15.61   1.29   1.25   -0.088 -0.357 -0.007  0.010
   12     51.18  35.03  94.68  15.89   0.26  -0.30   -0.023 -0.034  0.057  0.291
   13     46.89  33.41  97.83  19.02   0.23  -0.24   -0.012  0.055 -0.033  0.023
   14     55.87  33.35  97.50  14.03   0.31  -0.30   -0.031 -0.002 -0.025  0.129
   15     44.69  34.02  97.30  17.23   0.46  -0.16   -0.013 -0.008  0.001  0.029
   16     44.87  34.93  95.93  18.54   0.51  -0.11   -0.031 -0.126  0.194 -0.059
   17     22.07  -0.96  82.45  18.57   0.22  -0.26   -0.029  0.056  0.098  0.069
   18     36.48 -33.98   4.48  11.26   0.18  -0.37   -0.020  0.138  0.015  0.056
   19     33.29  41.40  64.05  10.08   0.16  -0.35   -0.007 -0.041 -0.106 -0.017
   20     45.97  37.84  85.13  16.19   0.09  -0.39   -0.030 -0.012 -0.012 -0.012
   21     34.10  36.46  82.70  14.10   0.29  -0.35    0.001 -0.066 -0.094 -0.397
   22     25.89  35.73  85.32  13.48   0.23  -0.37   -0.015 -0.088 -0.039 -0.022
   23     15.89  35.41  86.30  11.57   0.33  -0.38   -0.013 -0.061 -0.063 -0.028
   24      2.05  34.61  82.36   6.08   0.53  -0.33    0.048 -0.228  0.350  0.376
   25     48.61 -45.92  23.58  22.18   0.14  -0.07    0.009  0.054 -0.184  0.178
   26     27.58 -70.32  -3.81  10.32   0.09  -0.33   -0.016  0.124 -0.132  0.018
   27      0.19  -0.60  49.39  13.16   0.10  -0.29   -0.010  0.077 -0.154  0.063
   28     59.09  37.66  76.22  11.50   0.30  -0.19   -0.015  0.066  0.010  0.003
   29     20.17-148.84 -12.74  14.65   0.35  -0.13   -0.033 -0.020  0.095 -0.152
   30      2.90  35.94  76.66  13.26   0.37  -0.16    0.003  0.042 -0.106 -0.137
   31     20.99  36.44  77.36  14.11   0.39  -0.25   -0.012 -0.130 -0.077 -0.089
   32     50.79  36.87  77.00  15.30   0.16  -0.36   -0.012 -0.040 -0.104  0.005
   33      0.81  37.23  76.11  15.52   0.17  -0.29    0.006 -0.024 -0.103 -0.084
   34     55.40 -16.96  34.88  24.58   0.07  -0.09    0.004  0.143 -0.051  0.076
   35     39.34 -71.81  -8.60   4.51   0.80  -0.18    0.141  0.104 -0.116  1.109
   36     59.10  36.53  77.78  15.05   0.30  -0.22    0.000 -0.034 -0.105 -0.055
   37      5.59  31.33  50.13  14.80   0.09  -0.33   -0.010 -0.025 -0.084 -0.100
   38     46.50  73.10  72.90  16.78   0.20  -0.29   -0.005 -0.119 -0.074 -0.117
   39     14.20   0.64  25.83   4.32   0.51   0.05    0.095 -0.047 -0.390  0.420
   40     14.57 -41.93  13.89  16.78   0.08  -0.30   -0.026  0.024 -0.061 -0.016
   41     56.49  34.79  79.15   5.96   0.61  -0.43    0.093 -0.068  0.041  0.856
   42     34.30  -3.98  46.26  18.03   0.12  -0.20   -0.003  0.115 -0.049  0.026
   43     24.65-110.60 -39.38   5.61   0.56  -0.56    0.053  0.154  0.006  0.413
   44     49.74  30.23  50.95   8.29   0.38  -0.14    0.041 -0.103  0.400 -0.006
   45     41.20-145.13  45.47  18.45   0.31  -0.04   -0.000 -0.091  0.058  0.149
   46     34.09 -57.56  -0.89  16.16   0.12  -0.24   -0.013  0.070 -0.107  0.060
   47      1.01  10.62  80.51  21.79   0.40  -0.00    0.011  0.130 -0.051 -0.110
   48     37.20  10.58  81.59  23.55   0.11  -0.09    0.003  0.093  0.017  0.046
   49     35.70  54.65  84.54  22.47   0.18  -0.22    0.005 -0.105 -0.038 -0.133
   50     36.09-102.50 -35.63  15.19   0.26  -0.27   -0.011  0.157 -0.032 -0.110
   51     53.18-101.17 -54.70   8.97   0.49  -0.18   -0.018  0.199 -0.024 -0.335
   52     43.17-115.53  43.17  15.53   0.34  -0.17   -0.027 -0.115  0.208  0.027
   53      1.01  10.61  80.68  21.22   0.37   0.02    0.010  0.118  0.002 -0.075
   54      3.07 -83.68 322.77  15.64   0.44   0.21   -0.327 -0.009 -0.043  0.037
   55      3.25 -89.78 304.27   0.44   0.36   0.06   -0.252  0.055 -0.014  0.041
   56     44.89  35.93  67.56  14.85   0.38  -0.27   -0.007 -0.045 -0.169 -0.153
   57     47.16 -84.65 154.64  15.59   0.64   0.48   -0.041  0.062  0.100 -0.011
   58     45.59 -80.98 150.82  15.16   0.73   0.23   -0.013  0.157  0.178  0.063
   59      8.58 -82.64   0.49   3.46   0.69  -0.42    0.078 -0.185  0.153  0.759
   60      3.57-110.53-118.50   3.49   1.06  -0.14   -0.026  0.186  0.226 -0.213
   61      0.62-130.40 -54.98   0.73   0.84  -0.62    0.019 -0.355  0.033  0.621
   62     20.10  19.49 152.49  15.51   0.83  -0.04   -0.004  0.214 -0.154 -0.090
   63     18.79 -47.17  29.82  20.22   0.11  -0.19   -0.005  0.107 -0.081  0.123
   64      4.75-163.34 183.69   8.01   0.84   0.97   -0.049  0.578  0.697  0.008
   65     23.40 -47.96  20.49  15.59   0.10  -0.25    0.000  0.102 -0.149  0.093
   66     32.81-152.41  43.08  18.11   0.32  -0.10    0.008 -0.107  0.234  0.212
   67     41.89 -37.22  -5.08  19.06   0.15  -0.17   -0.010  0.092 -0.175 -0.137
   68     14.16  50.88 105.94  20.33   0.25  -0.11   -0.041  0.101  0.267 -0.069
   69     48.30-214.97-349.14  73.50   0.00   0.00    0.000  0.000  0.000  0.000
   70      5.49  33.70  96.71  19.09   0.49  -0.04   -0.010  0.002 -0.037 -0.207
   71      4.32   6.18  56.68   1.22   0.63   0.56    0.224  0.050 -0.009 -0.080
   72     56.40 132.67-297.78  96.99   2.20   1.48   -0.399 -0.028  0.036 -0.010
   73     12.90  50.58  81.92  23.09   0.23  -0.03   -0.003  0.188  0.022 -0.007
   74     36.19-102.57  70.28  22.05   0.18  -0.13   -0.012 -0.126  0.091  0.249
   75     46.70-107.98   2.73   0.43   1.07  -0.40    0.003 -0.394  0.279  0.315
   76     54.60-217.19 302.17   0.10   0.00   0.00    0.000  0.000  0.000  0.000
   77     44.08  50.95  93.78  16.84   0.14  -0.26   -0.021  0.024  0.045  0.041
   78     41.79  38.47  66.35  21.95   0.20  -0.18   -0.006  0.105 -0.154 -0.050
   79     58.69 -69.47  -4.49   0.60   0.84  -0.33    0.093  0.301 -0.031  0.500
   80     26.81 -69.97  -5.96   0.93   0.86  -0.41    0.110  0.167 -0.162  0.817
   81     27.01 -69.88  -4.71   0.78   0.76  -0.30    0.108  0.234 -0.135  0.669
   82     23.40 -69.86  -4.57   0.83   0.81  -0.27    0.101  0.252 -0.104  0.725
   83     23.29 -71.09  -6.05   7.17   0.52  -0.34    0.092  0.088  0.082  0.574
   84     21.20 -43.27   8.62  21.03   0.06  -0.13    0.001  0.114 -0.195  0.026
   85     24.56-167.44 -46.41  10.74   0.59  -0.03   -0.040  0.019  0.004 -0.164
   86     44.09 -12.25  30.10  18.13   0.09  -0.27   -0.009  0.084 -0.144  0.034
   87     28.95 -61.63   6.94   3.89   0.74  -0.17    0.155  0.030 -0.205  1.288
   88     38.11-103.75 -28.18   8.38   0.26  -0.40    0.013  0.109 -0.056 -0.023
   89     47.80-141.84  89.48  20.30   0.44   0.14    0.001 -0.042  0.104  0.104
   90     48.30-139.86  88.22  20.29   0.38   0.09   -0.004 -0.047  0.178  0.189
   91     34.06  33.60  85.18  19.50   0.36  -0.22   -0.045  0.145  0.045 -0.004

 A V E R A G E   of ADJUSTMENTS :                    -0.006  0.022  0.001  0.095
 A V E R A G E   of ABSOLUTE ADJUSTMENTS :            0.039  0.106  0.105  0.177


 Step length damping of 0.13800 was applied.


 Velocity adjustments:
     vp    dvp      hp   reflector
 Velocity model   1
   4.466 -0.084   -5.000      
   5.105  0.095   -3.320      
   6.185 -0.005    8.600      
   6.403 -0.027   18.770      
   6.820 -0.020   23.400      
   6.928  0.078   26.650      
   6.929  0.000   36.510      
   8.428  0.048   41.840      
   8.429  0.000   45.240      

 Calculation of average velocity starts at layer #           1
 z = -5.00 ... -3.32    v = 4.47    AVEL = 4.47 downto z =  -3.32
 z = -3.32 ...  8.60    v = 5.11    AVEL = 5.03 downto z =   8.60
 z =  8.60 ... 18.77    v = 6.18    AVEL = 5.52 downto z =  18.77
 z = 18.77 ... 23.40    v = 6.40    AVEL = 5.67 downto z =  23.40
 z = 23.40 ... 26.65    v = 6.82    AVEL = 5.78 downto z =  26.65
 z = 26.65 ... 36.51    v = 6.93    AVEL = 6.06 downto z =  36.51
 z = 36.51 ... 41.84    v = 6.93    AVEL = 6.16 downto z =  41.84
 z = 41.84 ... 45.24    v = 8.43    AVEL = 6.31 downto z =  45.24


 Calculation of average velocity starts at layer #           2
 z = -3.32 ...  8.60    v = 5.11    AVEL = 5.11 downto z =   8.60
 z =  8.60 ... 18.77    v = 6.18    AVEL = 5.60 downto z =  18.77
 z = 18.77 ... 23.40    v = 6.40    AVEL = 5.74 downto z =  23.40
 z = 23.40 ... 26.65    v = 6.82    AVEL = 5.86 downto z =  26.65
 z = 26.65 ... 36.51    v = 6.93    AVEL = 6.12 downto z =  36.51
 z = 36.51 ... 41.84    v = 6.93    AVEL = 6.22 downto z =  41.84
 z = 41.84 ... 45.24    v = 8.43    AVEL = 6.37 downto z =  45.24



 Adjusted station corrections:
   stn  ptcor  dpcor  
  624   0.000  0.000  628  -0.034 -0.034  630  -0.010 -0.010  627   0.017  0.017
  621   0.019  0.019  629   0.032  0.032  622   0.017  0.017  620   0.004  0.004
  623   0.037  0.037  626   0.028  0.028  625   0.019  0.019  631   0.045  0.045
  632  -0.009 -0.009

 ~~~ another iteration? ...



--------------------------------------------------------------------------------



           ITERATION no  2

 ~~~ set units for this iteration ...
 ~~~ determine number of unknowns for this iter. ...

 Number of unknowns (for array-indexing):  nvar =  385
 Number of effective unknowns        :  nvareff =  386
 Number of elements on/below main diagonal of matrix G = At*A : kvar =   74305

 Damping factors to be used in this iteration:
   Othet=   0.010   XYthet  =   0.010   Zthet=  0.010
 STAthet=   0.010   Vthet   =   1.000

 ~~~ damp G ...
 ~~~ solve G * b = RHT ...
 ~~~ fix units ...
 ~~~ apply eventually step-length damping ...
 ~~~ adjust model (hypocenters, stacorr & veloc.) ...

 doing velocity adjustments now...

 doing station-correction adjustments...

 ~~~ compute effective step-length ...

 (Applied) Step length =   4.455

 ~~~ set units for next iteration ...
 ~~~ determine number of unknowns for next iter. ...

 Number of unknowns (for array-indexing):  nvar =  385
 Number of effective unknowns        :  nvareff =  386
 Number of elements on/below main diagonal of matrix G = At*A : kvar =   74305

 ~~~ reset G and RHT ...
 ~~~ raytracing, setup G ...
 ~~~ store parts of G ...
 ~~~ set units back for current iteration ...
 ~~~ determine number of unknowns for this iter. ...

 Number of unknowns (for array-indexing):  nvar =  385
 Number of effective unknowns        :  nvareff =  386
 Number of elements on/below main diagonal of matrix G = At*A : kvar =   74305

 ~~~ compute RMS and DATVAR ...

 $$$$$$$$$$$$$$$$$$$$$$$$$$$$$$$$$$$$$$$$$$$$$$$$$
 Events with  | AVRES | > 1.0 SEC are suspicious !

 Event#  10 >>>  160920 1607  AVRES =  1.51 NOBS =  2
 Event#  11 >>>  160925 1911  AVRES =  1.26 NOBS =  2
 Event#  72 >>>  170418 1005  AVRES =  1.24 NOBS =  1

 ^^^^^^^^^ C H E C K   these events above ^^^^^^^^
 $$$$$$$$$$$$$$$$$$$$$$$$$$$$$$$$$$$$$$$$$$$$$$$$$

 ~~~ check solution (better? worse?) ...

 Iteration nr  2 obtained:
 DATVAR=    0.490500 mean sqrd residual=     0.211659  RMS RESIDUAL=     0.460064

 After  2 iterations we got:
 Average absolute & unweighted [and mean] residual of
   359 straight and direct rays =  0.21694 [ -0.11111]
   320 refracted           rays =  0.43304 [ -0.06273]
     0 reflected           rays =  0.00000 [  0.00000]

   679 ALL                 RAYS =  0.31878 [ -0.08831]      -20.82 %

 ~~~ iteration done; output results ...

  eq       ot     x      y      z      rms    avres   dot     dx     dy     dz
    1      9.12  38.70 111.94  22.80   0.13  -0.08    0.013  0.046  0.016 -0.148
    2      9.31  38.06 110.61  22.48   0.13  -0.08    0.006  0.061  0.016 -0.143
    3     27.25-130.25  -8.35  12.50   0.30  -0.08   -0.029 -0.134  0.136  0.259
    4     15.60-131.30  -6.76  10.86   0.37  -0.14   -0.063 -0.220  0.103 -0.004
    5     45.66 -40.24  38.68  24.02   0.07  -0.08   -0.022  0.062 -0.068  0.156
    6     49.46 -36.69  40.59  17.05   0.12  -0.17   -0.017  0.113 -0.083  0.304
    7     13.94-135.00-119.17   6.35   0.71   0.14   -0.030  0.108 -0.058 -0.028
    8     30.38-140.92 -43.54   8.67   0.41   0.01   -0.015 -0.000  0.024  0.072
    9     39.66  10.87  56.47  12.08   0.05  -0.23   -0.016 -0.010 -0.126 -0.022
   10     18.27 -87.76-308.27  16.20   1.02   1.51    0.003 -0.409  0.021 -0.000
   11      5.45 -63.12-309.67  15.62   1.24   1.26   -0.059 -0.503 -0.016  0.006
   12     51.15  34.99  94.75  16.37   0.24  -0.19   -0.025 -0.039  0.068  0.481
   13     46.88  33.41  97.81  18.97   0.20  -0.15   -0.007  0.003 -0.013 -0.057
   14     55.84  33.33  97.47  14.27   0.25  -0.18   -0.032 -0.022 -0.034  0.243
   15     44.69  34.06  97.26  17.28   0.42  -0.08    0.001  0.036 -0.047  0.047
   16     44.84  34.82  96.19  18.49   0.45  -0.06   -0.027 -0.108  0.261 -0.049
   17     22.03  -0.94  82.61  18.73   0.17  -0.17   -0.037  0.017  0.165  0.164
   18     36.46 -33.84   4.50  11.29   0.17  -0.24   -0.018  0.141  0.024  0.030
   19     33.30  41.34  63.91  10.06   0.14  -0.22    0.003 -0.061 -0.144 -0.024
   20     45.94  37.86  85.07  16.17   0.07  -0.28   -0.026  0.017 -0.061 -0.018
   21     34.12  36.34  82.55  13.53   0.25  -0.23    0.017 -0.111 -0.149 -0.570
   22     25.88  35.61  85.26  13.45   0.20  -0.24   -0.006 -0.124 -0.067 -0.027
   23     15.88  35.32  86.20  11.54   0.31  -0.24   -0.002 -0.094 -0.102 -0.035
   24      2.10  34.32  82.77   6.40   0.43  -0.30    0.052 -0.287  0.409  0.324
   25     48.63 -45.85  23.34  22.36   0.13  -0.00    0.021  0.069 -0.240  0.186
   26     27.57 -70.18  -3.98  10.35   0.08  -0.20   -0.013  0.149 -0.165  0.035
   27      0.18  -0.51  49.20  13.31   0.06  -0.18   -0.010  0.094 -0.187  0.147
   28     59.07  37.76  76.24  11.66   0.24  -0.10   -0.014  0.093  0.017  0.154
   29     20.12-148.94 -12.59  14.50   0.29  -0.07   -0.047 -0.093  0.143 -0.151
   30      2.91  35.99  76.54  13.24   0.31  -0.08    0.005  0.051 -0.123 -0.020
   31     20.98  36.27  77.27  14.12   0.33  -0.15   -0.012 -0.166 -0.092  0.013
   32     50.78  36.82  76.86  15.31   0.13  -0.23   -0.004 -0.055 -0.145  0.008
   33      0.83  37.19  75.96  15.37   0.14  -0.18    0.022 -0.041 -0.153 -0.143
   34     55.41 -16.78  34.82  24.69   0.06  -0.02    0.010  0.188 -0.057  0.111
   35     39.49 -71.65  -8.69   5.66   0.61  -0.23    0.144  0.158 -0.097  1.155
   36     59.10  36.49  77.66  15.12   0.24  -0.12    0.000 -0.045 -0.122  0.075
   37      5.59  31.30  50.01  14.65   0.08  -0.20   -0.000 -0.039 -0.119 -0.146
   38     46.50  72.97  72.77  16.61   0.18  -0.19    0.005 -0.130 -0.132 -0.177
   39     14.29   0.59  25.38   4.73   0.40  -0.05    0.094 -0.044 -0.455  0.407
   40     14.55 -41.90  13.81  16.71   0.08  -0.18   -0.023  0.034 -0.079 -0.073
   41     56.60  34.75  79.14   6.91   0.45  -0.40    0.103 -0.041 -0.016  0.954
   42     34.30  -3.83  46.21  18.05   0.09  -0.11    0.003  0.150 -0.053  0.021
   43     24.72-110.42 -39.40   6.07   0.48  -0.46    0.063  0.188 -0.022  0.461
   44     49.86  29.77  51.00   8.26   0.29  -0.16    0.118 -0.458  0.053 -0.031
   45     41.20-145.37  45.48  18.80   0.26  -0.00   -0.003 -0.237  0.011  0.349
   46     34.08 -57.48  -1.02  16.23   0.10  -0.14   -0.010  0.084 -0.129  0.067
   47      1.03  10.75  80.44  21.80   0.36   0.04    0.017  0.133 -0.074  0.012
   48     37.23  10.76  81.56  23.50   0.08  -0.02    0.027  0.179 -0.028 -0.048
   49     35.72  54.52  84.46  22.35   0.15  -0.15    0.012 -0.134 -0.079 -0.120
   50     36.09-102.24 -35.56  14.78   0.20  -0.18    0.003  0.256  0.068 -0.410
   51     53.17-100.93 -54.68   8.52   0.44  -0.11   -0.014  0.242  0.016 -0.445
   52     43.14-115.64  43.39  15.66   0.31  -0.09   -0.028 -0.107  0.220  0.135
   53      1.02  10.73  80.68  21.28   0.32   0.06    0.015  0.119 -0.002  0.057
   54      2.75 -83.71 322.72  15.67   0.42   0.50   -0.328 -0.025 -0.049  0.036
   55      3.00 -89.71 304.26   0.48   0.33   0.33   -0.249  0.069 -0.011  0.039
   56     44.88  35.92  67.35  14.89   0.34  -0.16   -0.013 -0.016 -0.208  0.047
   57     47.10 -84.46 154.84  15.60   0.61   0.47   -0.057  0.190  0.193  0.006
   58     45.57 -80.62 151.12  15.27   0.68   0.23   -0.018  0.357  0.300  0.105
   59      8.65 -82.97   0.69   4.05   0.60  -0.37    0.068 -0.325  0.201  0.593
   60      3.56-110.28-118.18   3.22   1.01  -0.05   -0.018  0.248  0.317 -0.263
   61      0.66-130.89 -54.96   1.55   0.70  -0.53    0.036 -0.484  0.018  0.822
   62     20.10  19.79 152.22  15.43   0.78   0.02    0.006  0.298 -0.272 -0.079
   63     18.80 -47.04  29.70  20.37   0.08  -0.11    0.001  0.126 -0.127  0.150
   64      4.72-162.57 184.62   8.01   0.81   0.94   -0.036  0.769  0.921  0.006
   65     23.41 -47.83  20.29  15.67   0.08  -0.14    0.009  0.136 -0.204  0.082
   66     32.82-152.61  43.35  18.53   0.29  -0.07    0.009 -0.207  0.266  0.414
   67     41.89 -37.10  -5.29  18.88   0.13  -0.08   -0.003  0.115 -0.206 -0.187
   68     14.10  50.99 106.38  20.34   0.23  -0.06   -0.063  0.116  0.447  0.004
   69     48.30-214.97-349.14  73.50   0.00   0.00    0.000  0.000  0.000  0.000
   70      5.49  33.69  96.66  18.86   0.43   0.01   -0.003 -0.013 -0.049 -0.236
   71      4.52   6.24  56.72   1.17   0.59   0.35    0.200  0.063  0.046 -0.052
   72     56.64 132.69-297.80  97.00   1.55   1.24    0.242  0.017 -0.022  0.006
   73     12.89  50.81  82.01  23.16   0.19  -0.00   -0.009  0.229  0.083  0.065
   74     36.17-102.80  70.41  22.57   0.17  -0.08   -0.020 -0.238  0.137  0.518
   75     46.69-108.49   3.13   0.57   0.94  -0.23   -0.013 -0.505  0.391  0.143
   76     54.60-217.19 302.17   0.10   0.00   0.00    0.000  0.000  0.000  0.000
   77     44.05  51.01  93.87  17.04   0.13  -0.17   -0.031  0.056  0.096  0.195
   78     41.79  38.64  66.12  21.98   0.18  -0.11   -0.004  0.166 -0.231  0.034
   79     58.83 -69.23  -4.62   1.52   0.69  -0.29    0.139  0.239 -0.126  0.923
   80     26.97 -69.91  -6.17   2.25   0.62  -0.30    0.156  0.060 -0.205  1.326
   81     27.15 -69.66  -4.92   1.59   0.61  -0.27    0.139  0.225 -0.210  0.814
   82     23.53 -69.65  -4.76   1.73   0.64  -0.27    0.133  0.211 -0.194  0.895
   83     23.39 -70.98  -5.99   7.79   0.39  -0.30    0.101  0.113  0.069  0.613
   84     21.21 -43.12   8.36  21.01   0.05  -0.05    0.012  0.151 -0.257 -0.016
   85     24.52-167.43 -46.38  10.53   0.53   0.03   -0.043  0.016  0.037 -0.210
   86     44.08 -12.19  29.91  18.26   0.08  -0.16   -0.014  0.061 -0.185  0.124
   87     29.10 -61.60   6.67   5.20   0.54  -0.23    0.144  0.024 -0.263  1.313
   88     38.14-103.59 -28.24   8.33   0.24  -0.32    0.031  0.164 -0.062 -0.043
   89     47.81-141.96  89.64  20.57   0.40   0.15    0.006 -0.120  0.155  0.268
   90     48.29-139.99  88.48  20.67   0.34   0.10   -0.002 -0.123  0.260  0.377
   91     34.01  33.83  85.21  19.59   0.30  -0.13   -0.047  0.227  0.026  0.093

 A V E R A G E   of ADJUSTMENTS :                     0.007  0.016 -0.008  0.137
 A V E R A G E   of ABSOLUTE ADJUSTMENTS :            0.041  0.143  0.134  0.224


 Step length damping of 0.19890 was applied.


 Velocity adjustments:
     vp    dvp      hp   reflector
 Velocity model   1
   4.338 -0.128   -5.000      
   5.236  0.131   -3.320      
   6.176 -0.009    8.600      
   6.379 -0.024   18.770      
   6.770 -0.051   23.400      
   6.930  0.001   26.650      
   7.129  0.200   36.510      
   8.244 -0.184   41.840      
   8.421 -0.008   45.240      

 Calculation of average velocity starts at layer #           1
 z = -5.00 ... -3.32    v = 4.34    AVEL = 4.34 downto z =  -3.32
 z = -3.32 ...  8.60    v = 5.24    AVEL = 5.12 downto z =   8.60
 z =  8.60 ... 18.77    v = 6.18    AVEL = 5.57 downto z =  18.77
 z = 18.77 ... 23.40    v = 6.38    AVEL = 5.71 downto z =  23.40
 z = 23.40 ... 26.65    v = 6.77    AVEL = 5.81 downto z =  26.65
 z = 26.65 ... 36.51    v = 6.93    AVEL = 6.08 downto z =  36.51
 z = 36.51 ... 41.84    v = 7.13    AVEL = 6.20 downto z =  41.84
 z = 41.84 ... 45.24    v = 8.24    AVEL = 6.34 downto z =  45.24


 Calculation of average velocity starts at layer #           2
 z = -3.32 ...  8.60    v = 5.24    AVEL = 5.24 downto z =   8.60
 z =  8.60 ... 18.77    v = 6.18    AVEL = 5.67 downto z =  18.77
 z = 18.77 ... 23.40    v = 6.38    AVEL = 5.79 downto z =  23.40
 z = 23.40 ... 26.65    v = 6.77    AVEL = 5.90 downto z =  26.65
 z = 26.65 ... 36.51    v = 6.93    AVEL = 6.15 downto z =  36.51
 z = 36.51 ... 41.84    v = 7.13    AVEL = 6.27 downto z =  41.84
 z = 41.84 ... 45.24    v = 8.24    AVEL = 6.41 downto z =  45.24



 Adjusted station corrections:
   stn  ptcor  dpcor  
  624   0.000  0.000  628  -0.078 -0.044  630  -0.022 -0.012  627   0.046  0.029
  621   0.045  0.025  629   0.070  0.039  622   0.039  0.021  620   0.003 -0.000
  623   0.083  0.045  626   0.062  0.034  625   0.041  0.022  631   0.099  0.055
  632  -0.016 -0.006

 ~~~ another iteration? ...



--------------------------------------------------------------------------------



           ITERATION no  3

 ~~~ set units for this iteration ...
 ~~~ determine number of unknowns for this iter. ...

 Number of unknowns (for array-indexing):  nvar =  385
 Number of effective unknowns        :  nvareff =  386
 Number of elements on/below main diagonal of matrix G = At*A : kvar =   74305

 Damping factors to be used in this iteration:
   Othet=   0.010   XYthet  =   0.010   Zthet=  0.010
 STAthet=   0.010   Vthet   =   1.000

 ~~~ damp G ...
 ~~~ solve G * b = RHT ...
 ~~~ fix units ...
 ~~~ apply eventually step-length damping ...
 ~~~ adjust model (hypocenters, stacorr & veloc.) ...

 doing velocity adjustments now...
 WARNING: Tried to introduce a low-velocity-layer! (Layer  9)
 Setting DVP from -0.20 to 0.0 and VP to vp(layer_above)+0.001

 doing station-correction adjustments...

 ~~~ compute effective step-length ...

 (Applied) Step length =   3.110

 ~~~ set units for next iteration ...
 ~~~ determine number of unknowns for next iter. ...

 Number of unknowns (for array-indexing):  nvar =  385
 Number of effective unknowns        :  nvareff =  386
 Number of elements on/below main diagonal of matrix G = At*A : kvar =   74305

 ~~~ reset G and RHT ...
 ~~~ raytracing, setup G ...
 ~~~ store parts of G ...
 ~~~ set units back for current iteration ...
 ~~~ determine number of unknowns for this iter. ...

 Number of unknowns (for array-indexing):  nvar =  385
 Number of effective unknowns        :  nvareff =  386
 Number of elements on/below main diagonal of matrix G = At*A : kvar =   74305

 ~~~ compute RMS and DATVAR ...

 $$$$$$$$$$$$$$$$$$$$$$$$$$$$$$$$$$$$$$$$$$$$$$$$$
 Events with  | AVRES | > 1.0 SEC are suspicious !

 Event#  10 >>>  160920 1607  AVRES =  1.56 NOBS =  2
 Event#  11 >>>  160925 1911  AVRES =  1.35 NOBS =  2
 Event#  64 >>>  170414 0540  AVRES =  1.04 NOBS = 11
 Event#  72 >>>  170418 1005  AVRES =  1.44 NOBS =  1

 ^^^^^^^^^ C H E C K   these events above ^^^^^^^^
 $$$$$$$$$$$$$$$$$$$$$$$$$$$$$$$$$$$$$$$$$$$$$$$$$

 ~~~ check solution (better? worse?) ...

 Iteration nr  3 obtained:
 DATVAR=    0.468913 mean sqrd residual=     0.202344  RMS RESIDUAL=     0.449826

 After  3 iterations we got:
 Average absolute & unweighted [and mean] residual of
   363 straight and direct rays =  0.17033 [ -0.07140]
   316 refracted           rays =  0.42872 [  0.01306]
     0 reflected           rays =  0.00000 [  0.00000]

   679 ALL                 RAYS =  0.29058 [ -0.03209]       -8.85 %

 ~~~ iteration done; output results ...

  eq       ot     x      y      z      rms    avres   dot     dx     dy     dz
    1      9.14  38.71 111.95  22.74   0.12  -0.06    0.020  0.008  0.014 -0.060
    2      9.32  38.11 110.64  22.47   0.13  -0.06    0.016  0.045  0.031 -0.011
    3     27.25-130.33  -8.25  12.70   0.31  -0.01    0.001 -0.084  0.097  0.197
    4     15.59-131.42  -6.73  10.86   0.37  -0.07   -0.009 -0.119  0.031 -0.001
    5     45.68 -40.19  38.53  23.98   0.06  -0.04    0.017  0.051 -0.153 -0.039
    6     49.47 -36.63  40.55  17.20   0.12  -0.11    0.006  0.062 -0.040  0.151
    7     13.93-134.91-119.24   6.34   0.71   0.26   -0.010  0.090 -0.066 -0.010
    8     30.39-140.91 -43.47   8.69   0.43   0.07    0.012  0.004  0.064  0.016
    9     39.67  10.86  56.39  12.04   0.05  -0.16    0.008 -0.014 -0.083 -0.037
   10     18.23 -88.10-308.25  16.21   1.00   1.56   -0.031 -0.334  0.021  0.003
   11      5.38 -63.54-309.68  15.62   1.22   1.35   -0.072 -0.416 -0.010  0.008
   12     51.14  34.99  94.82  16.76   0.23  -0.13   -0.006 -0.001  0.073  0.383
   13     46.89  33.43  97.86  19.02   0.19  -0.10    0.007  0.023  0.046  0.054
   14     55.83  33.33  97.46  14.45   0.26  -0.10   -0.004 -0.003 -0.003  0.175
   15     44.69  34.02  97.31  17.34   0.43  -0.02    0.003 -0.040  0.059  0.064
   16     44.83  34.71  96.37  18.49   0.46  -0.01   -0.008 -0.109  0.179  0.002
   17     22.03  -0.93  82.72  18.80   0.18  -0.10   -0.004  0.016  0.107  0.067
   18     36.47 -33.77   4.51  11.27   0.16  -0.16    0.007  0.075  0.012 -0.019
   19     33.32  41.31  63.83  10.03   0.13  -0.15    0.020 -0.036 -0.077 -0.025
   20     45.94  37.86  85.03  16.20   0.07  -0.21    0.000 -0.002 -0.034  0.031
   21     34.14  36.26  82.49  13.15   0.22  -0.16    0.026 -0.081 -0.060 -0.387
   22     25.89  35.53  85.24  13.42   0.19  -0.17    0.012 -0.078 -0.015 -0.033
   23     15.90  35.26  86.16  11.50   0.30  -0.17    0.016 -0.060 -0.043 -0.034
   24      2.13  34.13  83.08   6.56   0.38  -0.27    0.026 -0.192  0.306  0.160
   25     48.66 -45.81  23.21  22.46   0.11   0.03    0.030  0.040 -0.135  0.093
   26     27.58 -70.07  -4.08  10.36   0.07  -0.14    0.011  0.105 -0.099  0.006
   27      0.19  -0.47  49.10  13.43   0.05  -0.13    0.006  0.043 -0.107  0.120
   28     59.08  37.82  76.28  11.70   0.24  -0.03    0.008  0.066  0.042  0.043
   29     20.10-148.99 -12.51  14.40   0.29  -0.01   -0.015 -0.055  0.083 -0.099
   30      2.93  36.02  76.46  13.14   0.30  -0.02    0.025  0.035 -0.080 -0.104
   31     20.99  36.17  77.22  14.08   0.34  -0.06    0.012 -0.101 -0.050 -0.048
   32     50.80  36.79  76.78  15.31   0.12  -0.16    0.013 -0.025 -0.072 -0.005
   33      0.86  37.17  75.88  15.30   0.12  -0.12    0.027 -0.020 -0.075 -0.074
   34     55.44 -16.68  34.79  24.73   0.05   0.01    0.022  0.099 -0.025  0.042
   35     39.56 -71.55  -8.76   6.37   0.51  -0.22    0.078  0.099 -0.068  0.704
   36     59.12  36.46  77.58  15.08   0.24  -0.06    0.022 -0.021 -0.079 -0.036
   37      5.61  31.27  49.94  14.53   0.07  -0.13    0.019 -0.029 -0.070 -0.122
   38     46.51  72.90  72.74  16.64   0.18  -0.14    0.010 -0.073 -0.028  0.039
   39     14.34   0.55  25.07   4.94   0.34  -0.09    0.053 -0.042 -0.306  0.213
   40     14.55 -41.89  13.74  16.62   0.09  -0.12    0.003  0.007 -0.071 -0.088
   41     56.65  34.76  79.12   7.53   0.37  -0.35    0.057  0.003 -0.013  0.616
   42     34.32  -3.75  46.18  18.03   0.08  -0.06    0.018  0.078 -0.024 -0.014
   43     24.76-110.28 -39.43   6.39   0.44  -0.39    0.043  0.132 -0.029  0.311
   44     49.93  29.50  51.02   8.22   0.26  -0.06    0.075 -0.279  0.023 -0.041
   45     41.21-145.39  45.56  18.90   0.27   0.05    0.013 -0.022  0.075  0.106
   46     34.09 -57.41  -1.10  16.22   0.09  -0.08    0.014  0.065 -0.081 -0.006
   47      1.06  10.84  80.37  21.80   0.38   0.09    0.034  0.092 -0.067 -0.006
   48     37.26  10.84  81.56  23.49   0.07   0.01    0.033  0.082  0.003 -0.006
   49     35.74  54.41  84.40  22.23   0.14  -0.10    0.025 -0.105 -0.059 -0.119
   50     36.12-102.06 -35.52  14.48   0.17  -0.13    0.022  0.180  0.040 -0.299
   51     53.21-100.81 -54.74   8.57   0.45  -0.06    0.039  0.120 -0.057  0.050
   52     43.14-115.77  43.61  15.67   0.30  -0.05   -0.006 -0.128  0.220  0.012
   53      1.06  10.81  80.66  21.30   0.35   0.10    0.032  0.083 -0.013  0.021
   54      2.48 -83.72 322.68  15.70   0.40   0.76   -0.267 -0.015 -0.039  0.029
   55      2.80 -89.67 304.25   0.51   0.29   0.58   -0.199  0.041 -0.012  0.030
   56     44.90  35.87  67.24  14.75   0.35  -0.09    0.018 -0.049 -0.113 -0.143
   57     47.08 -84.47 154.98  15.64   0.58   0.58   -0.019 -0.010  0.139  0.046
   58     45.57 -80.40 151.30  15.31   0.68   0.31   -0.001  0.218  0.181  0.042
   59      8.68 -83.20   0.85   4.38   0.55  -0.25    0.039 -0.234  0.166  0.328
   60      3.56-110.11-117.99   3.05   1.00   0.06    0.008  0.169  0.192 -0.174
   61      0.69-131.25 -54.95   2.23   0.62  -0.46    0.032 -0.363  0.012  0.672
   62     20.13  19.96 152.09  15.56   0.78   0.07    0.027  0.170 -0.131  0.127
   63     18.81 -46.99  29.61  20.44   0.07  -0.06    0.017  0.051 -0.089  0.072
   64      4.68-162.01 185.32   8.02   0.76   1.04   -0.038  0.562  0.701  0.006
   65     23.43 -47.74  20.17  15.70   0.08  -0.09    0.023  0.088 -0.120  0.023
   66     32.83-152.77  43.58  18.77   0.29  -0.04    0.016 -0.157  0.228  0.240
   67     41.91 -37.03  -5.41  18.64   0.12  -0.04    0.024  0.072 -0.123 -0.236
   68     14.07  51.12 106.70  20.35   0.20  -0.01   -0.027  0.126  0.316  0.016
   69     48.30-214.97-349.14  73.50   0.00   0.00    0.000  0.000  0.000  0.000
   70      5.50  33.70  96.68  18.79   0.44   0.06    0.010  0.011  0.028 -0.067
   71      4.66   6.27  56.70   1.10   0.57   0.25    0.137  0.031 -0.016 -0.072
   72     56.20 132.66-297.76  96.98   2.08   1.44   -0.442 -0.031  0.041 -0.011
   73     12.89  50.96  82.08  23.20   0.19   0.03    0.005  0.150  0.072  0.039
   74     36.18-102.95  70.48  22.84   0.20  -0.04    0.007 -0.150  0.068  0.269
   75     46.73-108.64   3.63   0.53   0.92  -0.18    0.043 -0.158  0.508 -0.037
   76     54.60-217.19 302.17   0.10   0.00   0.00    0.000  0.000  0.000  0.000
   77     44.05  51.06  93.93  17.15   0.11  -0.10   -0.003  0.055  0.061  0.116
   78     41.80  38.74  66.01  22.02   0.18  -0.06    0.011  0.100 -0.106  0.039
   79     58.94 -69.20  -4.85   2.39   0.60  -0.27    0.107  0.032 -0.225  0.865
   80     27.06 -69.93  -6.43   3.06   0.53  -0.28    0.092 -0.018 -0.257  0.803
   81     27.24 -69.61  -5.17   2.26   0.53  -0.25    0.097  0.047 -0.252  0.662
   82     23.62 -69.62  -4.97   2.49   0.53  -0.26    0.091  0.034 -0.208  0.762
   83     23.45 -70.89  -5.95   8.15   0.28  -0.18    0.059  0.086  0.035  0.366
   84     21.24 -43.01   8.18  20.96   0.05  -0.01    0.024  0.104 -0.188 -0.046
   85     24.50-167.45 -46.32  10.36   0.53   0.11   -0.015 -0.027  0.063 -0.171
   86     44.08 -12.15  29.79  18.33   0.07  -0.11    0.005  0.040 -0.123  0.075
   87     29.17 -61.60   6.48   5.98   0.43  -0.23    0.072  0.005 -0.194  0.783
   88     38.17-103.47 -28.28   8.29   0.23  -0.27    0.027  0.122 -0.038 -0.045
   89     47.82-142.05  89.72  20.73   0.43   0.19    0.013 -0.094  0.082  0.154
   90     48.30-140.06  88.65  20.89   0.36   0.15    0.007 -0.073  0.171  0.227
   91     34.00  33.97  85.25  19.66   0.29  -0.06   -0.011  0.142  0.046  0.066

 A V E R A G E   of ADJUSTMENTS :                     0.008  0.003  0.002  0.086
 A V E R A G E   of ABSOLUTE ADJUSTMENTS :            0.035  0.088  0.100  0.146


 Step length damping of 0.15924 was applied.


 Velocity adjustments:
     vp    dvp      hp   reflector
 Velocity model   1
   4.266 -0.072   -5.000      
   5.328  0.092   -3.320      
   6.171 -0.005    8.600      
   6.380  0.001   18.770      
   6.731 -0.039   23.400      
   6.925 -0.005   26.650      
   7.199  0.070   36.510      
   8.331  0.087   41.840      
   8.332  0.000   45.240      

 Calculation of average velocity starts at layer #           1
 z = -5.00 ... -3.32    v = 4.27    AVEL = 4.27 downto z =  -3.32
 z = -3.32 ...  8.60    v = 5.33    AVEL = 5.20 downto z =   8.60
 z =  8.60 ... 18.77    v = 6.17    AVEL = 5.61 downto z =  18.77
 z = 18.77 ... 23.40    v = 6.38    AVEL = 5.74 downto z =  23.40
 z = 23.40 ... 26.65    v = 6.73    AVEL = 5.84 downto z =  26.65
 z = 26.65 ... 36.51    v = 6.92    AVEL = 6.10 downto z =  36.51
 z = 36.51 ... 41.84    v = 7.20    AVEL = 6.22 downto z =  41.84
 z = 41.84 ... 45.24    v = 8.33    AVEL = 6.37 downto z =  45.24


 Calculation of average velocity starts at layer #           2
 z = -3.32 ...  8.60    v = 5.33    AVEL = 5.33 downto z =   8.60
 z =  8.60 ... 18.77    v = 6.17    AVEL = 5.72 downto z =  18.77
 z = 18.77 ... 23.40    v = 6.38    AVEL = 5.83 downto z =  23.40
 z = 23.40 ... 26.65    v = 6.73    AVEL = 5.93 downto z =  26.65
 z = 26.65 ... 36.51    v = 6.92    AVEL = 6.18 downto z =  36.51
 z = 36.51 ... 41.84    v = 7.20    AVEL = 6.30 downto z =  41.84
 z = 41.84 ... 45.24    v = 8.33    AVEL = 6.44 downto z =  45.24



 Adjusted station corrections:
   stn  ptcor  dpcor  
  624   0.000  0.000  628  -0.099 -0.021  630  -0.030 -0.008  627   0.065  0.019
  621   0.060  0.015  629   0.099  0.028  622   0.050  0.011  620   0.004  0.001
  623   0.111  0.028  626   0.083  0.021  625   0.058  0.016  631   0.137  0.037
  632  -0.023 -0.007

 ~~~ another iteration? ...
 NITT = ITTMAX  --> stop iterations.
 ~~~ final solution reached ...

 ~~~ damp G & Chol.-Decomp.: NOT made (switch iresolcalc is NOT set !)

 Final rms values:  0.12 0.13 0.31 0.37 0.06 0.12 0.71 0.43 0.05 1.00
                    1.22 0.23 0.19 0.26 0.43 0.46 0.18 0.16 0.13 0.07
                    0.22 0.19 0.30 0.38 0.11 0.07 0.05 0.24 0.29 0.30
                    0.34 0.12 0.12 0.05 0.51 0.24 0.07 0.18 0.34 0.09
                    0.37 0.08 0.44 0.26 0.27 0.09 0.38 0.07 0.14 0.17
                    0.45 0.30 0.35 0.40 0.29 0.35 0.58 0.68 0.55 1.00
                    0.62 0.78 0.07 0.76 0.08 0.29 0.12 0.20 0.00 0.44
                    0.57 2.08 0.19 0.20 0.92 0.00 0.11 0.18 0.60 0.53
                    0.53 0.53 0.28 0.05 0.53 0.07 0.43 0.23 0.43 0.36
                    0.29



 ~~~ output final hypocenters ...

      date    origin   latitude longitude  depth  mag  no  rms      x      y      z
   1 160818 1613  9.14 73.0033N 124.8470E  22.74 1.40   6 0.122   38.71 111.95  22.74
   2 160818 1613  9.32 72.9916N 124.8653E  22.47 1.10   6 0.126   38.11 110.64  22.47
   3 160819 0959 27.25 71.9261N 129.7699E  12.70 4.00  12 0.309 -130.33  -8.25  12.70
   4 160820 1506 15.59 71.9397N 129.8026E  10.86 1.50   9 0.371 -131.42  -6.73  10.86
   5 160820 1904 45.68 72.3453N 127.1756E  23.98 1.20   6 0.064  -40.19  38.53  23.98
   6 160822 1318 49.47 72.3634N 127.0720E  17.20 0.60   8 0.119  -36.63  40.55  17.20
   7 160823 0652 13.93 70.9314N 129.8014E   6.34 2.90   6 0.706 -134.91-119.24   6.34
   8 160824 1510 30.39 71.6104N 130.0418E   8.69 1.50   9 0.428 -140.91 -43.47   8.69
   9 160906 1514 39.67 72.5053N 125.6809E  12.04 0.90   6 0.048   10.86  56.39  12.04
  10 160920 1607 18.23 69.2375N 128.3778E  16.21 2.60   2 0.999  -88.10-308.25  16.21
  11 160925 1911  5.38 69.2247N 127.7144E  15.62 2.30   2 1.217  -63.54-309.68  15.62
  12 161004 0841 51.14 72.8498N 124.9621E  16.76 0.20   6 0.233   34.99  94.82  16.76
  13 161005 1619 46.89 72.8770N 125.0076E  19.02 1.00   9 0.188   33.43  97.86  19.02
  14 161006 0156 55.83 72.8734N 125.0108E  14.45 1.00   7 0.260   33.33  97.46  14.45
  15 161009 0036 44.69 72.8721N 124.9904E  17.34 1.30   8 0.428   34.02  97.31  17.34
  16 161009 0036 44.83 72.8637N 124.9700E  18.49 1.20   7 0.458   34.71  96.37  18.49
  17 161012 0800 22.03 72.7413N 126.0274E  18.80 0.80   7 0.181   -0.93  82.72  18.80
  18 161015 1013 36.47 72.0405N 126.9798E  11.27 0.70   7 0.158  -33.77   4.51  11.27
  19 161021 0507 33.32 72.5721N 124.7842E  10.03 0.80   6 0.131   41.31  63.83  10.03
  20 161124 2250 45.94 72.7620N 124.8799E  16.20 3.10   4 0.072   37.86  85.03  16.20
  21 161125 0156 34.14 72.7393N 124.9277E  13.15 0.60   7 0.218   36.26  82.49  13.15
  22 161125 0517 25.89 72.7639N 124.9486E  13.42 1.60   6 0.192   35.53  85.24  13.42
  23 161125 0525 15.90 72.7721N 124.9564E  11.50 0.80   6 0.297   35.26  86.16  11.50
  24 161125 0556  2.13 72.7445N 124.9906E   6.56 0.20   6 0.382   34.13  83.08   6.56
  25 170117 0846 48.66 72.2080N 127.3351E  22.46 0.30   6 0.115  -45.81  23.21  22.46
  26 170122 1614 27.58 71.9635N 128.0288E  10.36 0.90   6 0.072  -70.07  -4.08  10.36
  27 170125 2244  0.19 72.4400N 126.0137E  13.43 0.80   6 0.050   -0.47  49.10  13.43
  28 170302 1359 59.08 72.6836N 124.8833E  11.70 0.50   7 0.242   37.82  76.28  11.70
  29 170302 2335 20.10 71.8879N 130.3052E  14.40 2.10   9 0.287 -148.99 -12.51  14.40
  30 170304 2135  2.93 72.6852N 124.9363E  13.14 1.30   7 0.302   36.02  76.46  13.14
  31 170307 0447 20.99 72.6920N 124.9318E  14.08 1.70  10 0.338   36.17  77.22  14.08
  32 170307 2016 50.80 72.6881N 124.9136E  15.31 1.10   6 0.119   36.79  76.78  15.31
  33 170309 1454  0.86 72.6800N 124.9026E  15.30 0.30   6 0.123   37.17  75.88  15.30
  34 170311 0430 55.44 72.3118N 126.4874E  24.73 0.30   6 0.051  -16.68  34.79  24.73
  35 170312 0416 39.56 71.9215N 128.0694E   6.37 2.10   6 0.508  -71.55  -8.76   6.37
  36 170313 0553 59.12 72.6953N 124.9231E  15.08 1.00   9 0.240   36.46  77.58  15.08
  37 170313 0809  5.61 72.4476N 125.0828E  14.53 1.20   7 0.072   31.27  49.94  14.53
  38 170315 0234 46.51 72.6519N 123.8496E  16.64 1.40   7 0.178   72.90  72.74  16.64
  39 170317 1007 14.34 72.2247N 125.9839E   4.94 0.50   7 0.336    0.55  25.07   4.94
  40 170320 0711 14.55 72.1231N 127.2181E  16.62 0.90   6 0.087  -41.89  13.74  16.62
  41 170320 0853 56.65 72.7091N 124.9731E   7.53 0.40   6 0.372   34.76  79.12   7.53
  42 170320 1900 34.32 72.4139N 126.1099E  18.03 0.60   7 0.077   -3.75  46.18  18.03
  43 170323 0519 24.76 71.6466N 129.1664E   6.39 1.20   6 0.441 -110.28 -39.43   6.39
  44 170323 1612 49.93 72.4573N 125.1345E   8.22 0.50   6 0.260   29.50  51.02   8.22
  45 170323 1906 41.21 72.4083N 130.2604E  18.90 1.00   6 0.272 -145.39  45.56  18.90
  46 170326 0836 34.09 71.9902N 127.6635E  16.22 1.50   7 0.091  -57.41  -1.10  16.22
  47 170402 0422  1.06 72.7203N 125.6796E  21.80 1.20  10 0.377   10.84  80.37  21.80
  48 170402 0636 37.26 72.7309N 125.6795E  23.49 0.70   6 0.072   10.84  81.56  23.49
  49 170404 2347 35.74 72.7564N 124.3903E  22.23 0.50   6 0.135   54.41  84.40  22.23
  50 170405 0307 36.12 71.6817N 128.9330E  14.48 1.00  10 0.165 -102.06 -35.52  14.48
  51 170405 1410 53.21 71.5094N 128.8839E   8.57 1.70  10 0.455 -100.81 -54.74   8.57
  52 170406 0838 43.14 72.3908N 129.3908E  15.67 0.90  10 0.301 -115.77  43.61  15.67
  53 170406 1728  1.06 72.7229N 125.6805E  21.30 0.90  10 0.347   10.81  80.66  21.30
  54 170407 1729  2.48 74.8918N 128.6315E  15.70 1.80   2 0.398  -83.72 322.68  15.70
  55 170407 1729  2.80 74.7267N 128.8048E   0.51 1.60   5 0.293  -89.67 304.25   0.51
  56 170408 1004 44.90 72.6026N 124.9434E  14.75 1.40  13 0.351   35.87  67.24  14.75
  57 170409 0856 47.08 73.3889N 128.5430E  15.64 2.50   6 0.583  -84.47 154.98  15.64
  58 170409 0902 45.57 73.3559N 128.4184E  15.31 1.10   7 0.682  -80.40 151.30  15.31
  59 170410 1520  8.68 72.0077N 128.4119E   4.38 1.00  10 0.555  -83.20   0.85   4.38
  60 170410 1813  3.56 70.9426N 129.1035E   3.05 2.20  13 0.999 -110.11-117.99   3.05
  61 170412 1507  0.69 71.5076N 129.7544E   2.23 0.70   6 0.623 -131.25 -54.95   2.23
  62 170413 0651 20.13 73.3630N 125.3996E  15.56 1.00  10 0.775   19.96 152.09  15.56
  63 170414 0459 18.81 72.2654N 127.3716E  20.44 0.50   7 0.067  -46.99  29.61  20.44
  64 170414 0540  4.68 73.6608N 130.9150E   8.02 1.80  11 0.757 -162.01 185.32   8.02
  65 170414 1656 23.43 72.1808N 127.3904E  15.70 0.20   6 0.076  -47.74  20.17  15.70
  66 170414 1753 32.83 72.3905N 130.4746E  18.77 0.70   6 0.286 -152.77  43.58  18.77
  67 170416 0523 41.91 71.9515N 127.0718E  18.64 1.60  13 0.117  -37.03  -5.41  18.64
  68 170416 1220 14.07 72.9562N 124.4794E  20.35 1.00  11 0.204   51.12 106.70  20.35
 WARNING: Event-# :          69 has zero observations!
  69 170416 1257 48.30 68.8710N 131.7500E  73.50 2.20   0 0.000 -214.97-349.14  73.50
  70 170416 1821  5.50 72.8665N 125.0000E  18.79 1.30  13 0.441   33.70  96.68  18.79
  71 170418 0606  4.66 72.5082N 125.8158E   1.10 0.20   6 0.574    6.27  56.70   1.10
  72 170418 1005 56.20 69.3315N 122.4111E  96.98 2.20   1 2.080  132.66-297.76  96.98
  73 170418 1500 12.89 72.7356N 124.4932E  23.20 1.30  12 0.192   50.96  82.08  23.20
  74 170420 1302 36.18 72.6316N 129.0354E  22.84 0.90  11 0.196 -102.95  70.48  22.84
  75 170420 2248 46.73 72.0326N 129.1515E   0.53 0.70  11 0.921 -108.64   3.63   0.53
 WARNING: Event-# :          76 has zero observations!
  76 170423 0850 54.60 74.7080N 132.7900E   0.10 1.90   0 0.000 -217.19 302.17   0.10
  77 170423 1455 44.05 72.8418N 124.4859E  17.15 0.60   8 0.115   51.06  93.93  17.15
  78 170423 2313 41.80 72.5916N 124.8592E  22.02 1.30  12 0.184   38.74  66.01  22.02
  79 170424 0609 58.94 71.9566N 128.0033E   2.39 1.10  12 0.602  -69.20  -4.85   2.39
  80 170424 0755 27.06 71.9424N 128.0236E   3.06 1.00  12 0.530  -69.93  -6.43   3.06
  81 170424 0755 27.24 71.9537N 128.0150E   2.26 1.00  12 0.535  -69.61  -5.17   2.26
  82 170425 0652 23.62 71.9555N 128.0154E   2.49 1.20   9 0.534  -69.62  -4.97   2.49
  83 170426 0051 23.45 71.9467N 128.0518E   8.15 0.70   6 0.275  -70.89  -5.95   8.15
  84 170426 1425 21.24 72.0733N 127.2491E  20.96 0.10   6 0.048  -43.01   8.18  20.96
  85 170426 1834 24.50 71.5849N 130.7999E  10.36 1.20   8 0.525 -167.45 -46.32  10.36
  86 170426 1840 44.08 72.2670N 126.3546E  18.33 1.30   8 0.066  -12.15  29.79  18.33
  87 170427 0912 29.17 72.0581N 127.7880E   5.98 0.90   8 0.430  -61.60   6.48   5.98
  88 170427 1041 38.17 71.7466N 128.9785E   8.29 0.70   7 0.234 -103.47 -28.28   8.29
  89 170427 2010 47.82 72.8041N 130.2079E  20.73 1.30   8 0.431 -142.05  89.72  20.73
  90 170427 2010 48.30 72.7945N 130.1478E  20.89 1.30   8 0.362 -140.06  88.65  20.89
  91 170427 2342 34.00 72.7640N 124.9948E  19.66 0.80   6 0.287   33.97  85.25  19.66

 ~~~ output final station residuals ...
 TURBO-option is set; residuals are NOT printed for each event!



   station statistics, remember nsp was set to: 1


 sta phase nobs avres  avwres    std    wsum    delay

 624    P  74 -0.1285 -0.1285  0.3217  74.0000  0.0000
 628    P  69 -0.2651 -0.2651  0.3198  69.0000 -0.0992
 630    P  53 -0.0986 -0.0986  0.3470  53.0000 -0.0303
 627    P  46 -0.0300 -0.0300  0.3479  46.0000  0.0653
 621    P  59  0.0254  0.0254  0.4243  59.0000  0.0599
 629    P  43 -0.0164 -0.0164  0.3640  43.0000  0.0985
 622    P  58 -0.0138 -0.0138  0.3670  58.0000  0.0499
 620    P  48 -0.0316 -0.0316  0.4508  48.0000  0.0042
 623    P  55  0.0168  0.0168  0.2662  55.0000  0.1107
 626    P  52 -0.0508 -0.0508  0.5425  52.0000  0.0833
 625    P  49 -0.0838 -0.0838  0.4553  49.0000  0.0577
 631    P  49  0.2970  0.2970  0.7973  49.0000  0.1366
 632    P  24  0.2255  0.2255  0.5344  24.0000 -0.0230


 ~~~ output statistics ...




 RAY-STATISTICS FOR  L A S T  ITERATION
 --------------------------------------

 NHYP : nr of hypocenters in this layer
 NREF : nr of headwaves in this layer
 %len : % of "refracted km" in this layer 
        with respect to all refracted kilometers
 NHIT : nr of rays passed thru this layer
 xy-km: average horizontal ray length [km] in layer
 z-km : average  vertical  ray length [km] in layer
 RFLX : number of reflections at bottom of this layer

 nlay   top ..... bottom     velocity   NHYP NREF %len  NHIT xy-km  z-km  RFLX

   1    -5.00... -3.32 km    4.27 km/s    0    0   0.0     0   0.0   0.0     0
   2    -3.32...  8.60 km    5.33 km/s   23    0   0.0  1483  11.4   7.1     0
   3     8.60... 18.77 km    6.17 km/s   44   92  28.7   760  29.5   6.9     0
   4    18.77... 23.40 km    6.38 km/s   19    9   1.2   529   8.8   3.8     0
   5    23.40... 26.65 km    6.73 km/s    3   37   6.1   410  11.0   2.9     0
   6    26.65... 36.51 km    6.92 km/s    0   83  18.8   274  25.2   6.9     0
   7    36.51... 41.84 km    7.20 km/s    0    0   0.0   191   9.1   5.3     0
   8    41.84... 45.24 km    8.33 km/s    0   95  45.2    96 102.7   0.0     0
   9    45.24...       km    8.33 km/s    2    0   0.0     0   0.0   0.0

 Total nr of events was   91

 Total nr of refracted rays =   316
 Total nr of reflected rays =     0
 Total nr of   other   rays =   363
                              ------
 Total nr of    all    rays =   679

 Average (absolute) error of the raytracers:
  Straight and direct rays : 3171.61 meters
  Refracted           rays :    0.01 meters
  Reflected           rays :    0.00 meters


 ALL RAYS TOGETHER:
 Average horizontal ray length =   89.9 km   (Hypocenter --> Station) 
 Average  vertical  ray length =   19.8 km   (Deepest ray-point --> Station)



 ... and some more STATISTICS 
 ---------------------------- 
  GAP of final epicenters:

  Event# -> GAP  Event# -> GAP  Event# -> GAP  Event# -> GAP  Event# -> GAP
       1 -> 296       2 -> 294       3 -> 270       4 -> 274       5 -> 307
       6 ->  96       7 -> 321       8 -> 306       9 -> 168      10 -> 346
      11 -> 347      12 -> 260      13 -> 263      14 -> 263      15 -> 262
      16 -> 264      17 -> 253      18 -> 243      19 -> 159      20 -> 302
      21 -> 231      22 -> 238      23 -> 241      24 -> 231      25 -> 130
      26 -> 102      27 -> 154      28 -> 212      29 -> 305      30 -> 211
      31 -> 215      32 -> 213      33 -> 210      34 -> 133      35 -> 241
      36 -> 216      37 -> 132      38 -> 311      39 -> 121      40 -> 209
      41 -> 221      42 -> 122      43 -> 233      44 -> 136      45 -> 309
      46 -> 126      47 -> 224      48 -> 226      49 -> 287      50 -> 194
      51 -> 289      52 -> 270      53 -> 224      54 -> 354      55 -> 347
      56 -> 180      57 -> 310      58 -> 318      59 -> 175      60 -> 310
      61 -> 301      62 -> 306      63 -> 149      64 -> 322      65 -> 129
      66 -> 293      67 ->  86      68 -> 295      69 -> 171      70 -> 261
      71 -> 173      72 ->   0      73 -> 262      74 -> 300      75 -> 241
      76 ->  59      77 -> 284      78 -> 173      79 -> 164      80 -> 170
      81 -> 166      82 -> 165      83 -> 234      84 -> 115      85 -> 315
      86 ->  94      87 -> 114      88 -> 270      89 -> 318      90 -> 317
      91 -> 295

 GAPs were between   0 and 354
      (average GAP was 228)



  MAGNITUDES of INPUT-DATA:

 Magnitude (# of events)   ***average number of obs***

 MAG<= 1.0 ( 47) *******
 MAG = 1.1 (  4) ********
 MAG = 1.2 (  7) ********
 MAG = 1.3 (  8) *********1
 MAG = 1.4 (  3) *********
 MAG = 1.5 (  3) ********
 MAG = 1.6 (  3) ********
 MAG = 1.7 (  2) *********1
 MAG = 1.8 (  2) *******
 MAG = 1.9 (  1)  
 MAG = 2.0 (  0)  
 MAG = 2.1 (  2) ********
 MAG = 2.2 (  3) *****
 MAG = 2.3 (  1) **
 MAG = 2.4 (  0)  
 MAG = 2.5 (  1) ******
 MAG = 2.6 (  1) **
 MAG = 2.7 (  0)  
 MAG = 2.8 (  0)  
 MAG = 2.9 (  1) ******
 MAG = 3.0 (  0)  
 MAG = 3.1 (  1) ****
 MAG = 3.2 (  0)  
 MAG = 3.3 (  0)  
 MAG = 3.4 (  0)  
 MAG = 3.5 (  0)  
 MAG = 3.6 (  0)  
 MAG = 3.7 (  0)  
 MAG = 3.8 (  0)  
 MAG = 3.9 (  0)  
 MAG = 4.0 (  1) *********1**
 MAG = 4.1 (  0)  
 MAG = 4.2 (  0)  
 MAG = 4.3 (  0)  
 MAG = 4.4 (  0)  
 MAG = 4.5 (  0)  
 MAG = 4.6 (  0)  
 MAG = 4.7 (  0)  
 MAG = 4.8 (  0)  
 MAG = 4.9 (  0)  
 MAG = 5.0 (  0)  
 MAG = 5.1 (  0)  
 MAG = 5.2 (  0)  
 MAG = 5.3 (  0)  
 MAG = 5.4 (  0)  
 MAG = 5.5 (  0)  
 MAG = 5.6 (  0)  
 MAG = 5.7 (  0)  
 MAG = 5.8 (  0)  
 MAG = 5.9 (  0)  
 MAG>= 6.0 (  0)  





  DEPTHs of INPUT-DATA and of LAST ITERATION:
  ===========================================

       Depth       # of events  

 DEPTH ( input ) =  -4. km :   
 DEPTH (last_IT) =  -4. km :   
 DEPTH ( input ) =  -3. km :   
 DEPTH (last_IT) =  -3. km :   
 DEPTH ( input ) =  -2. km :   
 DEPTH (last_IT) =  -2. km :   
 DEPTH ( input ) =  -1. km :   
 DEPTH (last_IT) =  -1. km :   
 DEPTH ( input ) =   0. km :  ........
 DEPTH (last_IT) =   0. km :  *
 DEPTH ( input ) =   1. km :  .
 DEPTH (last_IT) =   1. km :  ***
 DEPTH ( input ) =   2. km :   
 DEPTH (last_IT) =   2. km :  ****
 DEPTH ( input ) =   3. km :  ...
 DEPTH (last_IT) =   3. km :  **
 DEPTH ( input ) =   4. km :  ..
 DEPTH (last_IT) =   4. km :  *
 DEPTH ( input ) =   5. km :  ..
 DEPTH (last_IT) =   5. km :  *
 DEPTH ( input ) =   6. km :  ..
 DEPTH (last_IT) =   6. km :  ****
 DEPTH ( input ) =   7. km :  .
 DEPTH (last_IT) =   7. km :  *
 DEPTH ( input ) =   8. km :  ...
 DEPTH (last_IT) =   8. km :  *****
 DEPTH ( input ) =   9. km :  ..
 DEPTH (last_IT) =   9. km :  **
 DEPTH ( input ) =  10. km :  ..
 DEPTH (last_IT) =  10. km :  ***
 DEPTH ( input ) =  11. km :  ...
 DEPTH (last_IT) =  11. km :  **
 DEPTH ( input ) =  12. km :  ....
 DEPTH (last_IT) =  12. km :  ***
 DEPTH ( input ) =  13. km :  ..
 DEPTH (last_IT) =  13. km :  *****
 DEPTH ( input ) =  14. km :  ...
 DEPTH (last_IT) =  14. km :  ****
 DEPTH ( input ) =  15. km :  ........
 DEPTH (last_IT) =  15. km :  ******
 DEPTH ( input ) =  16. km :  .........1.
 DEPTH (last_IT) =  16. km :  *********
 DEPTH ( input ) =  17. km :  .....
 DEPTH (last_IT) =  17. km :  ******
 DEPTH ( input ) =  18. km :  ....
 DEPTH (last_IT) =  18. km :  ***
 DEPTH ( input ) =  19. km :  .....
 DEPTH (last_IT) =  19. km :  ******
 DEPTH ( input ) =  20. km :  .....
 DEPTH (last_IT) =  20. km :  ***
 DEPTH ( input ) =  21. km :  ..
 DEPTH (last_IT) =  21. km :  ****
 DEPTH ( input ) =  22. km :  ....
 DEPTH (last_IT) =  22. km :  *****
 DEPTH ( input ) =  23. km :  ....
 DEPTH (last_IT) =  23. km :  ****
 DEPTH ( input ) =  24. km :  ..
 DEPTH (last_IT) =  24. km :  *
 DEPTH ( input ) =  25. km :  .
 DEPTH (last_IT) =  25. km :  *
 DEPTH ( input ) =  26. km :   
 DEPTH (last_IT) =  26. km :   
 DEPTH ( input ) =  27. km :   
 DEPTH (last_IT) =  27. km :   
 DEPTH ( input ) =  28. km :   
 DEPTH (last_IT) =  28. km :   
 DEPTH ( input ) =  29. km :   
 DEPTH (last_IT) =  29. km :   
 DEPTH ( input ) =  30. km :   
 DEPTH (last_IT) =  30. km :   
 DEPTH ( input ) =  31. km :   
 DEPTH (last_IT) =  31. km :   
 DEPTH ( input ) =  32. km :   
 DEPTH (last_IT) =  32. km :   
 DEPTH ( input ) =  33. km :   
 DEPTH (last_IT) =  33. km :   
 DEPTH ( input ) =  34. km :   
 DEPTH (last_IT) =  34. km :   
 DEPTH ( input ) =  35. km :   
 DEPTH (last_IT) =  35. km :   
 DEPTH ( input ) =  36. km :   
 DEPTH (last_IT) =  36. km :   
 DEPTH ( input ) =  37. km :   
 DEPTH (last_IT) =  37. km :   
 DEPTH ( input ) =  38. km :   
 DEPTH (last_IT) =  38. km :   
 DEPTH ( input ) =  39. km :   
 DEPTH (last_IT) =  39. km :   
 DEPTH ( input ) =  40. km :   
 DEPTH (last_IT) =  40. km :   
 DEPTH ( input ) =  41. km :   
 DEPTH (last_IT) =  41. km :   
 DEPTH ( input ) =  42. km :   
 DEPTH (last_IT) =  42. km :   
 DEPTH ( input ) =  43. km :   
 DEPTH (last_IT) =  43. km :   
 DEPTH ( input ) =  44. km :   
 DEPTH (last_IT) =  44. km :   
 DEPTH ( input ) =  45. km :   
 DEPTH (last_IT) =  45. km :   
 DEPTH ( input ) =  46. km :   
 DEPTH (last_IT) =  46. km :   
 DEPTH ( input ) =  47. km :   
 DEPTH (last_IT) =  47. km :   
 DEPTH ( input ) =  48. km :   
 DEPTH (last_IT) =  48. km :   
 DEPTH ( input ) =  49. km :   
 DEPTH (last_IT) =  49. km :   
 DEPTH ( input ) =  50. km :   
 DEPTH (last_IT) =  50. km :   
 DEPTH ( input ) =  51. km :   
 DEPTH (last_IT) =  51. km :   
 DEPTH ( input ) =  52. km :   
 DEPTH (last_IT) =  52. km :   
 DEPTH ( input ) =  53. km :   
 DEPTH (last_IT) =  53. km :   
 DEPTH ( input ) =  54. km :   
 DEPTH (last_IT) =  54. km :   
 DEPTH ( input ) =  55. km :   
 DEPTH (last_IT) =  55. km :   
 DEPTH ( input ) =  56. km :   
 DEPTH (last_IT) =  56. km :   
 DEPTH ( input ) =  57. km :   
 DEPTH (last_IT) =  57. km :   
 DEPTH ( input ) =  58. km :   
 DEPTH (last_IT) =  58. km :   
 DEPTH ( input ) =  59. km :   
 DEPTH (last_IT) =  59. km :   
 DEPTH ( input ) =  60. km :   
 DEPTH (last_IT) =  60. km :   
 DEPTH ( input ) =  61. km :   
 DEPTH (last_IT) =  61. km :   
 DEPTH ( input ) =  62. km :   
 DEPTH (last_IT) =  62. km :   
 DEPTH ( input ) =  63. km :   
 DEPTH (last_IT) =  63. km :   
 DEPTH ( input ) =  64. km :   
 DEPTH (last_IT) =  64. km :   
 DEPTH ( input ) =  65. km :   
 DEPTH (last_IT) =  65. km :   
 DEPTH ( input ) =  66. km :   
 DEPTH (last_IT) =  66. km :   
 DEPTH ( input ) =  67. km :   
 DEPTH (last_IT) =  67. km :   
 DEPTH ( input ) =  68. km :   
 DEPTH (last_IT) =  68. km :   
 DEPTH ( input ) =  69. km :   
 DEPTH (last_IT) =  69. km :   
 DEPTH ( input ) =  70. km :   
 DEPTH (last_IT) =  70. km :   
 DEPTH ( input ) =  71. km :   
 DEPTH (last_IT) =  71. km :   
 DEPTH ( input ) =  72. km :   
 DEPTH (last_IT) =  72. km :   
 DEPTH ( input ) =  73. km :   
 DEPTH (last_IT) =  73. km :   
 DEPTH ( input ) =  74. km :  .
 DEPTH (last_IT) =  74. km :  *
 DEPTH ( input ) =  75. km :   
 DEPTH (last_IT) =  75. km :   
 DEPTH ( input ) =  76. km :   
 DEPTH (last_IT) =  76. km :   
 DEPTH ( input ) =  77. km :   
 DEPTH (last_IT) =  77. km :   
 DEPTH ( input ) =  78. km :   
 DEPTH (last_IT) =  78. km :   
 DEPTH ( input ) =  79. km :   
 DEPTH (last_IT) =  79. km :   
 DEPTH ( input ) =  80. km :   
 DEPTH (last_IT) =  80. km :   
 DEPTH ( input ) =  81. km :   
 DEPTH (last_IT) =  81. km :   
 DEPTH ( input ) =  82. km :   
 DEPTH (last_IT) =  82. km :   
 DEPTH ( input ) =  83. km :   
 DEPTH (last_IT) =  83. km :   
 DEPTH ( input ) =  84. km :   
 DEPTH (last_IT) =  84. km :   
 DEPTH ( input ) =  85. km :   
 DEPTH (last_IT) =  85. km :   
 DEPTH ( input ) =  86. km :   
 DEPTH (last_IT) =  86. km :   
 DEPTH ( input ) =  87. km :   
 DEPTH (last_IT) =  87. km :   
 DEPTH ( input ) =  88. km :   
 DEPTH (last_IT) =  88. km :   
 DEPTH ( input ) =  89. km :   
 DEPTH (last_IT) =  89. km :   
 DEPTH ( input ) =  90. km :   
 DEPTH (last_IT) =  90. km :   
 DEPTH ( input ) =  91. km :   
 DEPTH (last_IT) =  91. km :   
 DEPTH ( input ) =  92. km :   
 DEPTH (last_IT) =  92. km :   
 DEPTH ( input ) =  93. km :   
 DEPTH (last_IT) =  93. km :   
 DEPTH ( input ) =  94. km :   
 DEPTH (last_IT) =  94. km :   
 DEPTH ( input ) =  95. km :   
 DEPTH (last_IT) =  95. km :   
 DEPTH ( input ) =  96. km :   
 DEPTH (last_IT) =  96. km :   
 DEPTH ( input ) =  97. km :  .
 DEPTH (last_IT) =  97. km :  *
 DEPTH ( input ) =  98. km :   
 DEPTH (last_IT) =  98. km :   
 DEPTH ( input ) =  99. km :   
 DEPTH (last_IT) =  99. km :   
 DEPTH ( input ) = 100. km :   
 DEPTH (last_IT) = 100. km :   
 DEPTH ( input ) > 100. km :   
 DEPTH (last_IT) > 100. km :   


 Residuals of the stations according to the azimuth:
 (RES  = total average residual at station)
 (RES1 = average residual of rays from 1st quadrant)
 (RES2 = average residual of rays from 2nd quadrant)
 (RES3 = average residual of rays from 3rd quadrant)
 (RES4 = average residual of rays from 4th quadrant)

 Stn#  Stn     RES          RES1         RES2         RES3         RES4
   1   624    -0.13(  74)  -0.09(  33)   0.05(   5)  -0.22(  29)  -0.05(   7)
   2   628    -0.27(  69)  -0.36(  32)  -0.12(   5)  -0.29(  25)   0.15(   7)
   3   630    -0.10(  53)  -0.16(  24)   0.22(  11)  -0.38(  10)  -0.02(   8)
   4   627    -0.03(  46)  -0.10(  12)  -0.06(   1)  -0.14(  21)   0.24(  12)
   5   621     0.03(  59)  -0.03(   7)   0.00(   0)   0.04(  18)   0.03(  34)
   6   629    -0.02(  43)   0.01(  15)   0.00(   0)  -0.32(   9)   0.11(  19)
   7   622    -0.01(  58)  -0.11(  27)   0.00(   0)  -0.01(  20)   0.21(  11)
   8   620    -0.03(  48)   0.00(   0)  -0.05(   1)   0.09(  18)  -0.10(  29)
   9   623     0.02(  55)  -0.06(  30)   0.00(   0)   0.10(  17)   0.14(   8)
  10   626    -0.05(  52)  -0.09(  24)   0.00(   0)  -0.27(   6)   0.05(  22)
  11   625    -0.08(  49)   0.03(  14)   0.00(   0)  -0.29(  23)   0.17(  12)
  12   631     0.30(  49)   0.38(  18)   1.44(   1)   0.87(   4)   0.11(  26)
  13   632     0.23(  24)   0.46(  12)   0.67(   2)  -0.25(   3)  -0.10(   7)



 CPU - statistics:

 TOTAL CPU-sec          =    0.3     (CPU-minutes:  0.005)

 >>>   End of program VELEST at 25-06-02 16:13       <<< [ CPU-sec :     0.3]
