 >>> Start of program VELEST at 25-06-02 16:11       <<<                        

 ::::::::::::::::::::::::::::::::::::::                                         
  V E L E S T  - Version : January 3, 1995                                      
  (Authors: see source code)                                                    
 ::::::::::::::::::::::::::::::::::::::                                         


 Title of this VELEST run:

 vinnik_2
 --------


 Current array-dimensions of program VELEST:

 Max. number of EARTHQUAKES for simult. inversion IEQ = ***
 Max. number of SHOTS for simult. inversion    INSHOT =  50
 Max. number of (different) 1D-MODELS      ITOTMODELS =   2
 Max. number of LAYERS per one 1D-model        INLTOT = 100
 Max. number of STATIONS in stationlist           IST = 650
 Max. number of OBSERVATIONS per event MAXOBSPEREVENT = 180






    INPUT - P A R A M E T E R S :



***
***  olat       olon   icoordsystem      zshift   itrial ztrial    ised
  72.000000-126.000000      0            0.000       0     0.00      0
***
*** neqs   nshot    rotate
     91      0      0.0
***
*** isingle   iresolcalc
       0          0
***
*** dmax    itopo    zmin     veladj    zadj   lowveloclay
   300.00     0      0.01       0.20    5.00       0
***
*** nsp    swtfac   vpvs       nmod
     1      1.00    1.730        1
***
***   othet   xythet    zthet    vthet   stathet
       0.01     0.01     0.01     1.00     0.01
***
*** nsinv   nshcor   nshfix     iuseelev    iusestacorr
       1       0       0           1            1
***
*** iturbo    icnvout   istaout   ismpout
       1         1         1         0
***
*** irayout   idrvout   ialeout   idspout   irflout   irfrout   iresout
       0         0         0         0         0         0         0
***
*** delmin   ittmax   invertratio
    0.010       3          1
***
*** Modelfile:
tmp/vinnik_2/synthvel/model_624.mod
***
*** Stationfile:
./velinp/station.sta
***
*** Seismofile:
 
***
*** File with region names:
 
***
*** File with region coordinates:
 
***
*** File #1 with topo data:
 
***
*** File #2 with topo data:
 
***
*** DATA INPUT files:
***
*** File with Earthquake data:
./velinp/data.cnv
***
*** File with Shot data:
 
***
*** OUTPUT files:
***
*** Main print output file:
./velout/vinnik_2/velest624.out
***
*** File with single event locations:
velout.vel
***
*** File with final hypocenters in *.cnv format:
./velout/vinnik_2/final_loc624.cnv
***
*** File with new station corrections:
./velout/vinnik_2/stations_corr624.sta
***
*** File with summary cards (e.g. for plotting):
velout.smp
***
*** File with raypoints:
velout.ray
***
*** File with derivatives:
velout.drv
***
*** File with ALEs:
velout.ale
***
*** File with Dirichlet spreads:
velout.dspr
***
*** File with reflection points:
velout.rfl
***
*** File with refraction points:
velout.rfr
***
*** File with residuals:
velout.res
***




 Origin of cartesian coordinates:
        72.00000N   126.00000E

  X,Y-AXES rotated clockwise from North
           Rotation angle (rotate):
            rotate=    0.0 degr.

 icoordsystem =            0
 normal SHORT DISTANCE CONVERSION will be made
 x is positive towards west, y is positive towards north


 SHORT DISTANCE CONVERSION on ELLIPSOIDE of WORLD GEODETIC SYSTEM 1972 (WGS72)
 =============================================================================

 Radius at equator (REARTH)= 6378.13500  km
   1. / (ellipticity)      =    298.260

 Origin of cartesian coordinates [degrees]:
   72.0000000 N     -126.0000000 W

  Rotation angle (in degr.) clockwise from
North  rotate=    0.0

 Radius of sphere at OLAT =   6358.817 km

 Conversion of GEOGRAPHICAL LATITUDE to GEOCENTRICAL LATITUDE:
 RLATC = TAN(GEOCENTR.LAT) / TAN(GEOGRAPH.LAT)
 RLATC =   0.99333486

          Short distance conversions:
          one min lat ~  1.8597 km 
          one min lon ~  0.5751 km 







    INPUT - M O D E L :



 Model(s) read from file :
 tmp/vinnik_2/synthvel/model_624.mod                                             

 model file title: 
Model: model_624.mod                    
 Velocity structure for model   1 :

 layer    vel   depth   vdamp  reflector
   1      5.29  -5.00    1.00         P-VELOCITY MODEL                  
   2      5.44  -2.20    1.00  
 WARNING:
 Only top of the first layer can be negative !!
   3      5.90   9.77    1.00  
   4      6.17  18.00    1.00  
   5      7.04  24.48    1.00  
   6      7.23  26.65    1.00  
   7      7.75  30.23    1.00  
   8      8.79  40.92    1.00  
   9      8.91  47.76    1.00  

 Calculation of average velocity starts at layer #            1
 z = -5.00 ... -2.20    v = 5.29    AVEL = 5.29 downto z =  -2.20
 z = -2.20 ...  9.77    v = 5.44    AVEL = 5.41 downto z =   9.77
 z =  9.77 ... 18.00    v = 5.90    AVEL = 5.59 downto z =  18.00
 z = 18.00 ... 24.48    v = 6.17    AVEL = 5.71 downto z =  24.48
 z = 24.48 ... 26.65    v = 7.04    AVEL = 5.81 downto z =  26.65
 z = 26.65 ... 30.23    v = 7.23    AVEL = 5.95 downto z =  30.23
 z = 30.23 ... 40.92    v = 7.75    AVEL = 6.37 downto z =  40.92
 z = 40.92 ... 47.76    v = 8.79    AVEL = 6.68 downto z =  47.76


 Calculation of average velocity starts at layer #            2
 z = -2.20 ...  9.77    v = 5.44    AVEL = 5.44 downto z =   9.77
 z =  9.77 ... 18.00    v = 5.90    AVEL = 5.63 downto z =  18.00
 z = 18.00 ... 24.48    v = 6.17    AVEL = 5.76 downto z =  24.48
 z = 24.48 ... 26.65    v = 7.04    AVEL = 5.86 downto z =  26.65
 z = 26.65 ... 30.23    v = 7.23    AVEL = 6.01 downto z =  30.23
 z = 30.23 ... 40.92    v = 7.75    AVEL = 6.44 downto z =  40.92
 z = 40.92 ... 47.76    v = 8.79    AVEL = 6.76 downto z =  47.76






    INPUT - S T A T I O N S :



 Station-parameters read from file :
 ./velinp/station.sta                                                            


     stn latitude longitude elev   x      y      z     ptcor stcor model icc
   1 624 72.4760N126.2750E     0  -9.37  53.11  -0.00   0.00  0.00   1  13
   2 628 72.4000N127.1470E     0 -39.15  44.63  -0.00   0.00  0.00   1  12
   3 630 72.0750N128.3250E     0 -80.06   8.37  -0.00   0.00  0.00   1  11
   4 627 72.1170N126.9820E     0 -33.78  13.06  -0.00   0.00  0.00   1  10
   5 621 72.1840N124.8890E     0  38.14  20.53  -0.00   0.00  0.00   1   9
   6 629 71.9290N127.3130E     0 -45.39  -7.92  -0.00   0.00  0.00   1   8
   7 622 72.4420N125.3130E     0  23.42  49.32  -0.00   0.00  0.00   1   7
   8 620 72.6540N124.3470E     0  56.03  72.98  -0.00   0.00  0.00   1   6
   9 623 72.3260N125.7600E     0   8.21  36.38  -0.00   0.00  0.00   1   5
  10 626 71.8880N126.0360E     0  -1.25 -12.50  -0.00   0.00  0.00   1   4
  11 625 72.1740N126.1070E     0  -3.67  19.42  -0.00   0.00  0.00   1   3
  12 631 71.3990N127.2470E     0 -43.72 -67.06  -0.00   0.00  0.00   1   2
  13 632 71.5740N129.0728E     0-107.23 -47.53  -0.00   0.00  0.00   1   1

 NO Seismo-parameter-file specified
 --> NO magnitudes calculated!




   neqs=   91  nshot=    0  nltot=    9

 ~~~ input parameters read.
 ~~~ set units for first iteration ...
 ~~~ determine number of unknowns ...

 Number of unknowns (for array-indexing):  nvar =  385
 Number of effective unknowns        :  nvareff =  373
 Number of elements on/below main diagonal of matrix G = At*A : kvar =   74305

 ~~~ reset G and RHT ...
 ~~~ input data, raytracing, setup G ...






    I N P U T - D A T A  

  eq    origin-time    latitude longitude depth    x      y      z    mag ifxOBS
   1 160818 1613  9.10 73.0030N 124.8500E  23.10  38.61 111.92  23.10 1.40 0   6
   2 160818 1613  9.30 72.9910N 124.8700E  22.80  37.95 110.58  22.80 1.10 0   6
   3 160819 0959 27.30 71.9230N 129.7600E  12.10-130.00  -8.59  12.10 4.00 0  12
   4 160820 1506 15.70 71.9380N 129.7900E  11.00-130.98  -6.92  11.00 1.50 0   9
   5 160820 1904 45.70 72.3480N 127.1800E  23.80 -40.33  38.83  23.80 1.20 0   6
   6 160822 1318 49.50 72.3650N 127.0800E  16.50 -36.90  40.73  16.50 0.60 0   8
   7 160823 0652 14.00 70.9330N 129.8100E   6.40-135.21-119.06   6.40 2.90 0   6
   8 160824 1510 30.40 71.6070N 130.0400E   8.60-140.86 -43.85   8.60 1.50 0   9
   9 160906 1514 39.70 72.5080N 125.6800E  12.10  10.89  56.68  12.10 0.90 0   6
 WARNING:
 epicentral distance: 303.3 > dmax ( 300.0) ==> skipping phase !
 WARNING:
 epicentral distance: 338.2 > dmax ( 300.0) ==> skipping phase !
  10 160920 1607 18.30 69.2370N 128.3500E  16.20 -87.07-308.31  16.20 2.60 0   2
 WARNING:
 epicentral distance: 318.5 > dmax ( 300.0) ==> skipping phase !
 WARNING:
 epicentral distance: 355.0 > dmax ( 300.0) ==> skipping phase !
  11 160925 1911  5.60 69.2250N 127.6800E  15.60 -62.26-309.64  15.60 2.30 0   2
  12 161004 0841 51.20 72.8480N 124.9600E  15.60  35.07  94.62  15.60 0.20 0   6
  13 161005 1619 46.90 72.8770N 125.0100E  19.00  33.35  97.86  19.00 1.00 0   9
  14 161006 0156 55.90 72.8740N 125.0100E  13.90  33.36  97.52  13.90 1.00 0   7
  15 161009 0036 44.70 72.8720N 124.9900E  17.20  34.03  97.30  17.20 1.30 0   8
  16 161009 0036 44.90 72.8580N 124.9600E  18.60  35.06  95.74  18.60 1.20 0   7
  17 161012 0800 22.10 72.7380N 126.0300E  18.50  -1.01  82.35  18.50 0.80 0   7
  18 161015 1013 36.50 72.0400N 126.9900E  11.20 -34.12   4.46  11.20 0.70 0   7
  19 161021 0507 33.30 72.5750N 124.7800E  10.10  41.44  64.16  10.10 0.80 0   6
  20 161124 2250 46.00 72.7630N 124.8800E  16.20  37.85  85.14  16.20 3.10 0   4
  21 161125 0156 34.10 72.7420N 124.9200E  14.50  36.52  82.80  14.50 0.60 0   7
  22 161125 0517 25.90 72.7650N 124.9400E  13.50  35.82  85.36  13.50 1.60 0   6
  23 161125 0525 15.90 72.7740N 124.9500E  11.60  35.48  86.37  11.60 0.80 0   6
  24 161125 0556  2.00 72.7350N 124.9700E   5.70  34.84  82.01   5.70 0.20 0   6
  25 170117 0846 48.60 72.2130N 127.3400E  22.00 -45.97  23.77  22.00 0.30 0   6
  26 170122 1614 27.60 71.9670N 128.0400E  10.30 -70.45  -3.68  10.30 0.90 0   6
  27 170125 2244  0.20 72.4440N 126.0200E  13.10  -0.68  49.54  13.10 0.80 0   6
  28 170302 1359 59.10 72.6830N 124.8900E  11.50  37.60  76.21  11.50 0.50 0   7
  29 170302 2335 20.20 71.8850N 130.3000E  14.80-148.82 -12.83  14.80 2.10 0   9
  30 170304 2135  2.90 72.6880N 124.9400E  13.40  35.90  76.77  13.40 1.30 0   7
  31 170307 0447 21.00 72.6940N 124.9200E  14.20  36.57  77.44  14.20 1.70 0  10
  32 170307 2016 50.80 72.6910N 124.9100E  15.30  36.91  77.10  15.30 1.10 0   6
  33 170309 1454  0.80 72.6830N 124.9000E  15.60  37.26  76.21  15.60 0.30 0   6
  34 170311 0430 55.40 72.3130N 126.5000E  24.50 -17.11  34.93  24.50 0.30 0   6
  35 170312 0416 39.20 71.9240N 128.0800E   3.40 -71.91  -8.48   3.40 2.10 0   6
  36 170313 0553 59.10 72.6980N 124.9200E  15.10  36.57  77.89  15.10 1.00 0   9
  37 170313 0809  5.60 72.4500N 125.0800E  14.90  31.36  50.21  14.90 1.20 0   7
  38 170315 0234 46.50 72.6540N 123.8400E  16.90  73.22  72.98  16.90 1.40 0   7
  39 170317 1007 14.10 72.2350N 125.9800E   3.90   0.69  26.22   3.90 0.50 0   7
  40 170320 0711 14.60 72.1250N 127.2200E  16.80 -41.95  13.95  16.80 0.90 0   6
  41 170320 0853 56.40 72.7090N 124.9700E   5.10  34.86  79.11   5.10 0.40 0   6
  42 170320 1900 34.30 72.4150N 126.1200E  18.00  -4.09  46.31  18.00 0.60 0   7
  43 170323 0519 24.60 71.6470N 129.1800E   5.20-110.76 -39.39   5.20 1.20 0   6
  44 170323 1612 49.70 72.4530N 125.1100E   8.30  30.33  50.55   8.30 0.50 0   6
  45 170323 1906 41.20 72.4070N 130.2500E  18.30-145.04  45.41  18.30 1.00 0   6
  46 170326 0836 34.10 71.9930N 127.6700E  16.10 -57.63  -0.78  16.10 1.50 0   7
  47 170402 0422  1.00 72.7220N 125.6900E  21.90  10.49  80.56  21.90 1.20 0  10
  48 170402 0636 37.20 72.7310N 125.6900E  23.50  10.49  81.57  23.50 0.70 0   6
  49 170404 2347 35.70 72.7580N 124.3800E  22.60  54.76  84.58  22.60 0.50 0   6
  50 170405 0307 36.10 71.6810N 128.9500E  15.30-102.66 -35.60  15.30 1.00 0  10
  51 170405 1410 53.20 71.5100N 128.9000E   9.30-101.37 -54.68   9.30 1.70 0  10
  52 170406 0838 43.20 72.3850N 129.3800E  15.50-115.42  42.96  15.50 0.90 0  10
  53 170406 1728  1.00 72.7230N 125.6900E  21.30  10.49  80.67  21.30 0.90 0  10
 WARNING:
 epicentral distance: 325.9 > dmax ( 300.0) ==> skipping phase !
 WARNING:
 epicentral distance: 332.9 > dmax ( 300.0) ==> skipping phase !
 WARNING:
 epicentral distance: 345.3 > dmax ( 300.0) ==> skipping phase !
 WARNING:
 epicentral distance: 391.9 > dmax ( 300.0) ==> skipping phase !
  54 170407 1729  3.40 74.8930N 128.6300E  15.60 -83.67 322.81  15.60 1.80 0   2
 WARNING:
 epicentral distance: 311.3 > dmax ( 300.0) ==> skipping phase !
 WARNING:
 epicentral distance: 315.4 > dmax ( 300.0) ==> skipping phase !
 WARNING:
 epicentral distance: 328.9 > dmax ( 300.0) ==> skipping phase !
 WARNING:
 epicentral distance: 374.2 > dmax ( 300.0) ==> skipping phase !
  55 170407 1729  3.50 74.7270N 128.8100E   0.40 -89.83 304.29   0.40 1.60 0   5
  56 170408 1004 44.90 72.6070N 124.9400E  15.00  35.98  67.73  15.00 1.40 0  13
  57 170409 0856 47.20 73.3850N 128.5500E  15.60 -84.71 154.54  15.60 2.50 0   6
  58 170409 0902 45.60 73.3500N 128.4400E  15.10 -81.13 150.64  15.10 1.10 0   7
  59 170410 1520  8.50 72.0030N 128.3900E   2.70 -82.46   0.33   2.70 1.00 0  10
  60 170410 1813  3.60 70.9360N 129.1200E   3.70-110.72-118.73   3.70 2.20 0  13
  61 170412 1507  0.60 71.5070N 129.7200E   0.00-130.05 -55.01   0.00 0.70 0   6
  62 170413 0651 20.10 73.3680N 125.4200E  15.60  19.28 152.65  15.60 1.00 0  10
  63 170414 0459 18.80 72.2680N 127.3800E  20.10 -47.27  29.90  20.10 0.50 0   7
  64 170414 0540  4.80 73.6400N 130.9700E   8.00-163.92 183.00   8.00 1.80 0  11
  65 170414 1656 23.40 72.1850N 127.4000E  15.50 -48.06  20.64  15.50 0.20 0   6
  66 170414 1753 32.80 72.3840N 130.4600E  17.90-152.30  42.85  17.90 0.70 0   6
  67 170416 0523 41.90 71.9560N 127.0800E  19.20 -37.31  -4.91  19.20 1.60 0  13
  68 170416 1220 14.20 72.9470N 124.4900E  20.40  50.77 105.67  20.40 1.00 0  11
 WARNING:
 epicentral distance: 320.3 > dmax ( 300.0) ==> skipping phase !
 WARNING:
 epicentral distance: 381.0 > dmax ( 300.0) ==> skipping phase !
 WARNING:
 epicentral distance: 398.8 > dmax ( 300.0) ==> skipping phase !
 WARNING:
 epicentral distance: 405.0 > dmax ( 300.0) ==> skipping phase !
 WARNING:
 epicentral distance: 424.8 > dmax ( 300.0) ==> skipping phase !
 WARNING:
 epicentral distance: 431.2 > dmax ( 300.0) ==> skipping phase !
 WARNING:
 epicentral distance: 445.5 > dmax ( 300.0) ==> skipping phase !
 WARNING:
 epicentral distance: 451.8 > dmax ( 300.0) ==> skipping phase !
 WARNING:
 epicentral distance: 464.3 > dmax ( 300.0) ==> skipping phase !
  69 170416 1257 48.30 68.8710N 131.7500E  73.50-214.97-349.14  73.50 2.20 0   0
  70 170416 1821  5.50 72.8670N 125.0000E  19.30  33.70  96.74  19.30 1.30 0  13
  71 170418 0606  4.10 72.5080N 125.8200E   1.30   6.13  56.68   1.30 0.20 0   6
 WARNING:
 epicentral distance: 315.2 > dmax ( 300.0) ==> skipping phase !
 WARNING:
 epicentral distance: 332.1 > dmax ( 300.0) ==> skipping phase !
 WARNING:
 epicentral distance: 345.3 > dmax ( 300.0) ==> skipping phase !
 WARNING:
 epicentral distance: 352.6 > dmax ( 300.0) ==> skipping phase !
 WARNING:
 epicentral distance: 346.7 > dmax ( 300.0) ==> skipping phase !
 WARNING:
 epicentral distance: 356.6 > dmax ( 300.0) ==> skipping phase !
 WARNING:
 epicentral distance: 363.9 > dmax ( 300.0) ==> skipping phase !
 WARNING:
 epicentral distance: 372.8 > dmax ( 300.0) ==> skipping phase !
 WARNING:
 epicentral distance: 378.6 > dmax ( 300.0) ==> skipping phase !
 WARNING:
 epicentral distance: 378.6 > dmax ( 300.0) ==> skipping phase !
  72 170418 1005 56.80 69.3310N 122.4100E  97.00 132.70-297.82  97.00 2.20 0   1
  73 170418 1500 12.90 72.7340N 124.5100E  23.10  50.40  81.90  23.10 1.30 0  12
  74 170420 1302 36.20 72.6290N 129.0200E  21.80-102.44  70.19  21.80 0.90 0  11
  75 170420 2248 46.70 72.0220N 129.1200E   0.00-107.59   2.46   0.00 0.70 0  11
 WARNING:
 epicentral distance: 313.1 > dmax ( 300.0) ==> skipping phase !
 WARNING:
 epicentral distance: 324.4 > dmax ( 300.0) ==> skipping phase !
 WARNING:
 epicentral distance: 324.2 > dmax ( 300.0) ==> skipping phase !
 WARNING:
 epicentral distance: 342.4 > dmax ( 300.0) ==> skipping phase !
 WARNING:
 epicentral distance: 349.0 > dmax ( 300.0) ==> skipping phase !
 WARNING:
 epicentral distance: 380.2 > dmax ( 300.0) ==> skipping phase !
 WARNING:
 epicentral distance: 381.6 > dmax ( 300.0) ==> skipping phase !
 WARNING:
 epicentral distance: 408.0 > dmax ( 300.0) ==> skipping phase !
  76 170423 0850 54.60 74.7080N 132.7900E   0.10-217.19 302.17   0.10 1.90 0   0
  77 170423 1455 44.10 72.8400N 124.4900E  16.80  50.92  93.73  16.80 0.60 0   8
  78 170423 2313 41.80 72.5960N 124.8700E  22.00  38.36  66.50  22.00 1.30 0  12
  79 170424 0609 58.60 71.9600N 128.0200E   0.10 -69.77  -4.46   0.10 1.10 0  12
  80 170424 0755 26.70 71.9480N 128.0300E   0.00 -70.14  -5.80   0.00 1.00 0  12
  81 170424 0755 26.90 71.9590N 128.0300E   0.00 -70.12  -4.57   0.00 1.00 0  12
  82 170425 0652 23.30 71.9600N 128.0300E   0.00 -70.12  -4.46   0.00 1.20 0   9
  83 170426 0051 23.20 71.9450N 128.0600E   6.60 -71.18  -6.14   6.60 0.70 0   6
  84 170426 1425 21.20 72.0790N 127.2600E  21.00 -43.38   8.82  21.00 0.10 0   6
  85 170426 1834 24.60 71.5840N 130.8000E  10.90-167.46 -46.42  10.90 1.20 0   8
  86 170426 1840 44.10 72.2710N 126.3600E  18.10 -12.33  30.24  18.10 1.30 0   8
  87 170427 0912 28.80 72.0640N 127.7900E   2.60 -61.65   7.14   2.60 0.90 0   8
  88 170427 1041 38.10 71.7480N 128.9900E   8.40-103.86 -28.12   8.40 0.70 0   7
  89 170427 2010 47.80 72.8010N 130.2000E  20.20-141.80  89.38  20.20 1.30 0   8
  90 170427 2010 48.30 72.7890N 130.1400E  20.10-139.82  88.04  20.10 1.30 0   8
  91 170427 2342 34.10 72.7630N 125.0100E  19.50  33.46  85.14  19.50 0.80 0   6

 readings for station 624  :  74
 readings for station 628  :  69
 readings for station 630  :  53
 readings for station 627  :  46
 readings for station 621  :  59
 readings for station 629  :  43
 readings for station 622  :  58
 readings for station 620  :  48
 readings for station 623  :  55
 readings for station 626  :  52
 readings for station 625  :  49
 readings for station 631  :  49
 readings for station 632  :  24

 Total number of stations with readings:  13

 Total number of readings:     679
 Total number of P readings:       0
 Total number of S readings:       0


 ~~~ store parts of G ...
 ~~~ compute RMS and DATVAR ...

 Total number of observations is:   679


 $$$$$$$$$$$$$$$$$$$$$$$$$$$$$$$$$$$$$$$$$$$$$$$$$
 Events with  | AVRES | > 1.0 SEC are suspicious !

 Event#  10 >>>  160920 1607  AVRES =  3.03 NOBS =  2
 Event#  11 >>>  160925 1911  AVRES =  2.66 NOBS =  2
 Event#  54 >>>  170407 1729  AVRES =  1.57 NOBS =  2
 Event#  55 >>>  170407 1729  AVRES =  1.38 NOBS =  5
 Event#  57 >>>  170409 0856  AVRES =  1.61 NOBS =  6
 Event#  64 >>>  170414 0540  AVRES =  2.16 NOBS = 11
 Event#  71 >>>  170418 0606  AVRES =  1.37 NOBS =  6
 Event#  72 >>>  170418 1005  AVRES =  2.93 NOBS =  1

 ^^^^^^^^^ C H E C K   these events above ^^^^^^^^
 $$$$$$$$$$$$$$$$$$$$$$$$$$$$$$$$$$$$$$$$$$$$$$$$$

 ~~~ save initial datvar ...

 Iteration nr  0 obtained:
 DATVAR=    1.989162 mean sqrd residual=     0.896441  RMS RESIDUAL=     0.946806

 After  0 iterations we got:
 Average absolute & unweighted [and mean] residual of
   353 straight and direct rays =  0.64486 [ -0.11129]
   326 refracted           rays =  0.86216 [  0.31063]
     0 reflected           rays =  0.00000 [  0.00000]

   679 ALL                 RAYS =  0.74919 [  0.09128]        0.00 %




--------------------------------------------------------------------------------



           ITERATION no  1

 ~~~ set units for this iteration ...
 ~~~ determine number of unknowns for this iter. ...

 Number of unknowns (for array-indexing):  nvar =  385
 Number of effective unknowns        :  nvareff =  386
 Number of elements on/below main diagonal of matrix G = At*A : kvar =   74305

 Damping factors to be used in this iteration:
   Othet=   0.010   XYthet  =   0.010   Zthet=  0.010
 STAthet=   0.010   Vthet   =   1.000

 ~~~ damp G ...
 ~~~ solve G * b = RHT ...
 ~~~ fix units ...
 ~~~ apply eventually step-length damping ...
 ~~~ adjust model (hypocenters, stacorr & veloc.) ...

 doing velocity adjustments now...

 doing station-correction adjustments...

 ~~~ compute effective step-length ...

 (Applied) Step length =   4.267

 ~~~ set units for next iteration ...
 ~~~ determine number of unknowns for next iter. ...

 Number of unknowns (for array-indexing):  nvar =  385
 Number of effective unknowns        :  nvareff =  386
 Number of elements on/below main diagonal of matrix G = At*A : kvar =   74305

 ~~~ reset G and RHT ...
 ~~~ raytracing, setup G ...
 ~~~ store parts of G ...
 ~~~ set units back for current iteration ...
 ~~~ determine number of unknowns for this iter. ...

 Number of unknowns (for array-indexing):  nvar =  385
 Number of effective unknowns        :  nvareff =  386
 Number of elements on/below main diagonal of matrix G = At*A : kvar =   74305

 ~~~ compute RMS and DATVAR ...

 $$$$$$$$$$$$$$$$$$$$$$$$$$$$$$$$$$$$$$$$$$$$$$$$$
 Events with  | AVRES | > 1.0 SEC are suspicious !

 Event#  10 >>>  160920 1607  AVRES =  2.58 NOBS =  2
 Event#  11 >>>  160925 1911  AVRES =  2.27 NOBS =  2
 Event#  54 >>>  170407 1729  AVRES =  1.32 NOBS =  2
 Event#  55 >>>  170407 1729  AVRES =  1.16 NOBS =  5
 Event#  57 >>>  170409 0856  AVRES =  1.35 NOBS =  6
 Event#  64 >>>  170414 0540  AVRES =  1.83 NOBS = 11
 Event#  72 >>>  170418 1005  AVRES =  2.47 NOBS =  1

 ^^^^^^^^^ C H E C K   these events above ^^^^^^^^
 $$$$$$$$$$$$$$$$$$$$$$$$$$$$$$$$$$$$$$$$$$$$$$$$$

 ~~~ check solution (better? worse?) ...

 Iteration nr  1 obtained:
 DATVAR=    1.456823 mean sqrd residual=     0.628644  RMS RESIDUAL=     0.792871

 After  1 iterations we got:
 Average absolute & unweighted [and mean] residual of
   356 straight and direct rays =  0.49449 [ -0.14867]
   323 refracted           rays =  0.74492 [  0.27451]
     0 reflected           rays =  0.00000 [  0.00000]

   679 ALL                 RAYS =  0.61362 [  0.05264]      -18.10 %

 ~~~ iteration done; output results ...

  eq       ot     x      y      z      rms    avres   dot     dx     dy     dz
    1      9.12  38.73 111.91  22.98   0.32  -0.09    0.024  0.116 -0.013 -0.123
    2      9.32  38.06 110.58  22.66   0.32  -0.12    0.016  0.109  0.004 -0.140
    3     27.25-130.28  -8.64  12.03   0.67  -0.06   -0.055 -0.284 -0.051 -0.070
    4     15.64-131.25  -7.06  10.86   0.72   0.00   -0.059 -0.267 -0.143 -0.141
    5     45.71 -40.31  38.75  23.62   0.21  -0.25    0.014  0.028 -0.083 -0.176
    6     49.49 -36.81  40.62  16.57   0.19  -0.41   -0.006  0.085 -0.104  0.066
    7     13.97-135.11-118.78   5.97   1.38   0.52   -0.033  0.103  0.279 -0.432
    8     30.41-141.05 -43.68   8.81   0.73   0.42    0.011 -0.188  0.171  0.211
    9     39.67  10.82  56.56  12.05   0.10  -0.41   -0.033 -0.067 -0.126 -0.049
   10     18.36 -87.27-308.31  16.20   1.03   2.58    0.061 -0.207 -0.007  0.002
   11      5.61 -62.53-309.67  15.61   1.22   2.27    0.007 -0.273 -0.029  0.013
   12     51.18  35.20  94.72  15.98   0.30  -0.46   -0.018  0.137  0.100  0.378
   13     46.87  33.50  98.12  19.24   0.40  -0.21   -0.030  0.144  0.257  0.238
   14     55.87  33.54  97.53  14.22   0.71  -0.35   -0.029  0.187  0.011  0.321
   15     44.67  34.14  97.55  17.39   0.80  -0.03   -0.027  0.112  0.244  0.187
   16     44.85  35.05  96.10  18.72   0.82   0.09   -0.046 -0.009  0.366  0.120
   17     22.07  -1.07  82.44  18.69   0.58  -0.27   -0.028 -0.054  0.091  0.188
   18     36.43 -34.22   4.29  11.30   0.25  -0.50   -0.068 -0.102 -0.171  0.102
   19     33.29  41.51  63.99   9.99   0.27  -0.46   -0.014  0.069 -0.172 -0.112
   20     45.96  37.79  85.26  16.43   0.40  -0.34   -0.039 -0.067  0.121  0.234
   21     34.11  36.60  82.59  14.24   0.53  -0.43    0.011  0.078 -0.201 -0.256
   22     25.88  35.87  85.36  13.67   0.29  -0.56   -0.020  0.051 -0.001  0.166
   23     15.90  35.51  86.15  11.51   0.31  -0.59    0.002  0.030 -0.215 -0.093
   24      2.04  34.90  82.46   6.60   0.95  -0.01    0.040  0.066  0.445  0.901
   25     48.62 -45.93  23.56  22.05   0.17  -0.19    0.021  0.040 -0.202  0.051
   26     27.56 -70.36  -3.82  10.23   0.17  -0.47   -0.036  0.090 -0.133 -0.068
   27      0.18  -0.63  49.41  13.12   0.21  -0.32   -0.017  0.050 -0.134  0.016
   28     59.08  37.80  76.35  11.58   0.62  -0.27   -0.022  0.203  0.139  0.079
   29     20.18-148.76 -12.86  14.77   0.73   0.22   -0.023  0.062 -0.032 -0.035
   30      2.92  36.07  76.54  13.20   0.74  -0.12    0.019  0.177 -0.227 -0.196
   31     20.99  36.58  77.30  14.21   0.82  -0.19   -0.008  0.012 -0.137  0.009
   32     50.79  37.02  76.90  15.44   0.25  -0.52   -0.013  0.114 -0.204  0.140
   33      0.83  37.30  76.08  15.36   0.41  -0.35    0.028  0.045 -0.136 -0.238
   34     55.41 -17.01  34.87  24.51   0.08  -0.20    0.013  0.099 -0.057  0.006
   35     39.38 -71.58  -8.22   4.05   0.69   0.32    0.185  0.337  0.261  0.646
   36     59.10  36.66  77.75  15.18   0.66  -0.22    0.002  0.095 -0.135  0.085
   37      5.60  31.37  50.12  14.64   0.13  -0.46   -0.003  0.010 -0.090 -0.265
   38     46.47  73.33  72.98  16.96   0.47  -0.31   -0.035  0.111  0.001  0.059
   39     14.24   0.70  25.98   3.43   0.21   0.54    0.135  0.015 -0.247 -0.469
   40     14.58 -41.98  13.82  16.50   0.12  -0.44   -0.018 -0.028 -0.131 -0.303
   41     56.48  34.86  79.17   6.03   0.82  -0.05    0.081  0.003  0.060  0.931
   42     34.31  -4.01  46.24  17.89   0.14  -0.30    0.007  0.082 -0.071 -0.110
   43     24.65-110.73 -39.47   5.29   0.65  -0.63    0.053  0.025 -0.084  0.095
   44     49.77  30.17  50.47   8.32   0.58   0.05    0.068 -0.167 -0.081  0.020
   45     41.21-145.23  45.25  18.46   0.72   0.35    0.011 -0.188 -0.165  0.165
   46     34.09 -57.59  -0.88  15.98   0.19  -0.40   -0.012  0.045 -0.097 -0.122
   47      1.03  10.64  80.49  21.98   0.80   0.12    0.026  0.150 -0.077  0.078
   48     37.24  10.60  81.57  23.39   0.28  -0.15    0.037  0.111  0.005 -0.105
   49     35.71  54.70  84.53  22.50   0.36  -0.28    0.009 -0.057 -0.055 -0.099
   50     36.06-102.69 -35.78  15.22   0.61  -0.16   -0.038 -0.032 -0.181 -0.076
   51     53.17-100.91 -54.63   8.84   0.92  -0.04   -0.034  0.460  0.046 -0.465
   52     43.18-115.69  43.13  15.51   0.64  -0.14   -0.021 -0.278  0.165  0.012
   53      1.02  10.61  80.68  21.41   0.76   0.13    0.023  0.125  0.004  0.109
   54      3.27 -83.72 322.78  15.62   0.49   1.32   -0.128 -0.043 -0.029  0.016
   55      3.40 -89.82 304.28   0.42   0.42   1.16   -0.103  0.014 -0.010  0.015
   56     44.89  36.09  67.59  15.02   0.71  -0.25   -0.014  0.108 -0.142  0.019
   57     47.17 -84.66 154.67  15.60   0.68   1.35   -0.032  0.047  0.122  0.004
   58     45.59 -81.15 150.81  15.18   0.99   0.86   -0.007 -0.015  0.175  0.082
   59      8.60 -82.41   0.59   3.53   0.63  -0.08    0.100  0.047  0.258  0.829
   60      3.63-110.45-118.64   4.07   1.40   0.49    0.033  0.272  0.082  0.366
   61      0.60-130.60 -55.25   1.15   1.00  -0.04   -0.003 -0.550 -0.240  1.038
   62     20.11  19.38 152.65  15.70   1.13   0.29    0.012  0.100  0.004  0.096
   63     18.80 -47.27  29.71  20.14   0.17  -0.31    0.003  0.002 -0.191  0.037
   64      4.83-163.19 183.76   7.97   0.91   1.83    0.027  0.734  0.766 -0.034
   65     23.40 -47.98  20.48  15.44   0.14  -0.35    0.001  0.087 -0.159 -0.063
   66     32.80-152.65  43.05  18.27   0.55   0.19    0.004 -0.351  0.204  0.367
   67     41.90 -37.26  -5.16  18.89   0.28  -0.30   -0.003  0.046 -0.253 -0.310
   68     14.16  50.83 106.07  20.23   0.48   0.09   -0.040  0.057  0.403 -0.170
   69     48.30-214.97-349.14  73.50   0.00   0.00    0.000  0.000  0.000  0.000
   70      5.46  33.81  97.08  19.34   0.86   0.12   -0.035  0.106  0.333  0.038
   71      4.33   6.15  56.71   1.25   0.57   0.96    0.233  0.023  0.023 -0.050
   72     56.80 132.70-297.82  97.00   6.10   2.47    0.000  0.000 -0.000  0.000
   73     12.90  50.61  81.95  23.08   0.59   0.17    0.000  0.209  0.048 -0.015
   74     36.20-102.77  70.22  22.11   0.47   0.16   -0.000 -0.326  0.031  0.311
   75     46.76-108.05   2.77   0.97   0.98   0.17    0.063 -0.461  0.314  0.855
   76     54.60-217.19 302.17   0.10   0.00   0.00    0.000  0.000  0.000  0.000
   77     44.07  51.08  93.97  16.87   0.41  -0.27   -0.034  0.154  0.239  0.066
   78     41.80  38.59  66.28  22.05   0.52  -0.11   -0.001  0.222 -0.222  0.048
   79     58.77 -69.41  -4.58   1.07   0.80   0.40    0.171  0.360 -0.118  0.965
   80     26.87 -69.82  -5.95   0.96   0.73   0.43    0.172  0.319 -0.146  0.849
   81     27.08 -69.78  -4.70   0.95   0.76   0.44    0.178  0.342 -0.122  0.839
   82     23.47 -69.73  -4.59   0.52   0.65   0.54    0.166  0.386 -0.132  0.414
   83     23.24 -71.20  -6.37   7.16   0.62  -0.06    0.036 -0.016 -0.236  0.564
   84     21.21 -43.26   8.53  20.87   0.10  -0.24    0.011  0.122 -0.286 -0.126
   85     24.56-167.42 -46.19  10.73   0.99   0.42   -0.044  0.045  0.233 -0.173
   86     44.08 -12.27  30.06  18.15   0.15  -0.36   -0.016  0.058 -0.180  0.050
   87     28.96 -61.55   6.86   3.56   0.68   0.43    0.157  0.103 -0.281  0.964
   88     38.14-103.54 -28.39   8.90   0.59  -0.50    0.038  0.318 -0.272  0.496
   89     47.80-142.04  89.56  20.50   0.65   0.75   -0.000 -0.245  0.184  0.305
   90     48.32-139.96  88.13  20.26   0.61   0.65    0.016 -0.144  0.090  0.156
   91     34.07  33.63  85.25  19.68   0.75  -0.00   -0.035  0.174  0.113  0.180

 A V E R A G E   of ADJUSTMENTS :                     0.011  0.042 -0.007  0.116
 A V E R A G E   of ABSOLUTE ADJUSTMENTS :            0.040  0.139  0.147  0.227


 Step length damping of 0.15890 was applied.


 Velocity adjustments:
     vp    dvp      hp   reflector
 Velocity model   1
   5.263 -0.027   -5.000      
   5.465  0.025   -2.200      
   5.989  0.089    9.770      
   6.234  0.064   18.000      
   7.065  0.025   24.480      
   7.271  0.041   26.650      
   7.658 -0.092   30.230      
   8.590 -0.200   40.920      
   8.786 -0.124   47.760      

 Calculation of average velocity starts at layer #           1
 z = -5.00 ... -2.20    v = 5.26    AVEL = 5.26 downto z =  -2.20
 z = -2.20 ...  9.77    v = 5.47    AVEL = 5.43 downto z =   9.77
 z =  9.77 ... 18.00    v = 5.99    AVEL = 5.63 downto z =  18.00
 z = 18.00 ... 24.48    v = 6.23    AVEL = 5.76 downto z =  24.48
 z = 24.48 ... 26.65    v = 7.07    AVEL = 5.85 downto z =  26.65
 z = 26.65 ... 30.23    v = 7.27    AVEL = 6.00 downto z =  30.23
 z = 30.23 ... 40.92    v = 7.66    AVEL = 6.38 downto z =  40.92
 z = 40.92 ... 47.76    v = 8.59    AVEL = 6.67 downto z =  47.76


 Calculation of average velocity starts at layer #           2
 z = -2.20 ...  9.77    v = 5.47    AVEL = 5.47 downto z =   9.77
 z =  9.77 ... 18.00    v = 5.99    AVEL = 5.68 downto z =  18.00
 z = 18.00 ... 24.48    v = 6.23    AVEL = 5.81 downto z =  24.48
 z = 24.48 ... 26.65    v = 7.07    AVEL = 5.91 downto z =  26.65
 z = 26.65 ... 30.23    v = 7.27    AVEL = 6.06 downto z =  30.23
 z = 30.23 ... 40.92    v = 7.66    AVEL = 6.45 downto z =  40.92
 z = 40.92 ... 47.76    v = 8.59    AVEL = 6.75 downto z =  47.76



 Adjusted station corrections:
   stn  ptcor  dpcor  
  624   0.000  0.000  628  -0.029 -0.029  630  -0.007 -0.007  627   0.037  0.037
  621   0.025  0.025  629   0.056  0.056  622   0.006  0.006  620   0.002  0.002
  623   0.042  0.042  626   0.040  0.040  625   0.028  0.028  631   0.074  0.074
  632   0.034  0.034

 ~~~ another iteration? ...



--------------------------------------------------------------------------------



           ITERATION no  2

 ~~~ set units for this iteration ...
 ~~~ determine number of unknowns for this iter. ...

 Number of unknowns (for array-indexing):  nvar =  385
 Number of effective unknowns        :  nvareff =  386
 Number of elements on/below main diagonal of matrix G = At*A : kvar =   74305

 Damping factors to be used in this iteration:
   Othet=   0.010   XYthet  =   0.010   Zthet=  0.010
 STAthet=   0.010   Vthet   =   1.000

 ~~~ damp G ...
 ~~~ solve G * b = RHT ...
 ~~~ fix units ...
 ~~~ apply eventually step-length damping ...
 ~~~ adjust model (hypocenters, stacorr & veloc.) ...

 doing velocity adjustments now...

 doing station-correction adjustments...

 ~~~ compute effective step-length ...

 (Applied) Step length =   2.983

 ~~~ set units for next iteration ...
 ~~~ determine number of unknowns for next iter. ...

 Number of unknowns (for array-indexing):  nvar =  385
 Number of effective unknowns        :  nvareff =  386
 Number of elements on/below main diagonal of matrix G = At*A : kvar =   74305

 ~~~ reset G and RHT ...
 ~~~ raytracing, setup G ...
 ~~~ store parts of G ...
 ~~~ set units back for current iteration ...
 ~~~ determine number of unknowns for this iter. ...

 Number of unknowns (for array-indexing):  nvar =  385
 Number of effective unknowns        :  nvareff =  386
 Number of elements on/below main diagonal of matrix G = At*A : kvar =   74305

 ~~~ compute RMS and DATVAR ...

 $$$$$$$$$$$$$$$$$$$$$$$$$$$$$$$$$$$$$$$$$$$$$$$$$
 Events with  | AVRES | > 1.0 SEC are suspicious !

 Event#  10 >>>  160920 1607  AVRES =  2.24 NOBS =  2
 Event#  11 >>>  160925 1911  AVRES =  1.97 NOBS =  2
 Event#  54 >>>  170407 1729  AVRES =  1.14 NOBS =  2
 Event#  55 >>>  170407 1729  AVRES =  1.01 NOBS =  5
 Event#  57 >>>  170409 0856  AVRES =  1.18 NOBS =  6
 Event#  64 >>>  170414 0540  AVRES =  1.60 NOBS = 11
 Event#  72 >>>  170418 1005  AVRES =  2.13 NOBS =  1

 ^^^^^^^^^ C H E C K   these events above ^^^^^^^^
 $$$$$$$$$$$$$$$$$$$$$$$$$$$$$$$$$$$$$$$$$$$$$$$$$

 ~~~ check solution (better? worse?) ...

 Iteration nr  2 obtained:
 DATVAR=    1.089808 mean sqrd residual=     0.470271  RMS RESIDUAL=     0.685763

 After  2 iterations we got:
 Average absolute & unweighted [and mean] residual of
   358 straight and direct rays =  0.38718 [ -0.17008]
   321 refracted           rays =  0.66337 [  0.24171]
     0 reflected           rays =  0.00000 [  0.00000]

   679 ALL                 RAYS =  0.51775 [  0.02459]      -15.62 %

 ~~~ iteration done; output results ...

  eq       ot     x      y      z      rms    avres   dot     dx     dy     dz
    1      9.13  38.67 111.95  22.84   0.27  -0.08    0.011 -0.057  0.041 -0.135
    2      9.32  38.02 110.63  22.51   0.28  -0.10    0.007 -0.043  0.044 -0.148
    3     27.22-130.40  -8.58  11.82   0.57  -0.04   -0.028 -0.114  0.063 -0.211
    4     15.60-131.37  -7.12  10.65   0.64   0.01   -0.038 -0.116 -0.056 -0.206
    5     45.72 -40.28  38.66  23.50   0.19  -0.21    0.006  0.025 -0.085 -0.125
    6     49.48 -36.77  40.53  16.67   0.17  -0.35   -0.015  0.049 -0.090  0.106
    7     13.94-135.03-118.66   5.75   1.22   0.46   -0.031  0.079  0.119 -0.217
    8     30.42-141.20 -43.53   8.97   0.65   0.36    0.012 -0.148  0.154  0.155
    9     39.64  10.76  56.46  12.02   0.08  -0.34   -0.023 -0.060 -0.100 -0.031
   10     18.30 -87.57-308.29  16.21   1.04   2.24   -0.056 -0.294  0.021  0.007
   11      5.51 -62.89-309.68  15.62   1.25   1.97   -0.097 -0.358 -0.005  0.012
   12     51.16  35.26  94.80  16.31   0.26  -0.39   -0.019  0.058  0.077  0.335
   13     46.87  33.58  98.15  19.29   0.35  -0.17    0.000  0.081  0.033  0.049
   14     55.85  33.61  97.54  14.42   0.62  -0.29   -0.023  0.066  0.007  0.202
   15     44.67  34.16  97.64  17.39   0.70  -0.03   -0.006  0.013  0.093  0.004
   16     44.85  35.02  96.22  18.66   0.72   0.09   -0.009 -0.028  0.113 -0.056
   17     22.05  -1.11  82.49  18.77   0.50  -0.23   -0.020 -0.044  0.048  0.077
   18     36.38 -34.29   4.18  11.39   0.22  -0.42   -0.051 -0.066 -0.111  0.091
   19     33.28  41.52  63.88   9.94   0.23  -0.39   -0.010  0.005 -0.110 -0.050
   20     45.95  37.80  85.21  16.44   0.36  -0.29   -0.011  0.011 -0.053  0.008
   21     34.12  36.57  82.48  13.94   0.48  -0.37    0.007 -0.033 -0.110 -0.304
   22     25.87  35.84  85.36  13.63   0.26  -0.48   -0.008 -0.038 -0.004 -0.036
   23     15.91  35.46  85.99  11.26   0.29  -0.49    0.007 -0.049 -0.161 -0.252
   24      2.05  34.95  82.77   7.22   0.80  -0.08    0.014  0.043  0.308  0.622
   25     48.63 -45.91  23.42  22.12   0.16  -0.15    0.008  0.021 -0.146  0.069
   26     27.54 -70.29  -3.86  10.21   0.14  -0.39   -0.026  0.068 -0.042 -0.027
   27      0.17  -0.60  49.28  13.09   0.18  -0.27   -0.010  0.035 -0.134 -0.028
   28     59.06  37.89  76.41  11.57   0.54  -0.22   -0.014  0.090  0.063 -0.006
   29     20.16-148.72 -12.76  14.54   0.63   0.20   -0.014  0.040  0.104 -0.225
   30      2.93  36.13  76.40  13.03   0.65  -0.09    0.011  0.057 -0.139 -0.179
   31     20.98  36.52  77.22  14.19   0.72  -0.15   -0.007 -0.066 -0.082 -0.021
   32     50.79  37.02  76.78  15.40   0.21  -0.44   -0.002 -0.005 -0.118 -0.043
   33      0.84  37.29  75.99  15.23   0.36  -0.30    0.014 -0.009 -0.091 -0.130
   34     55.42 -16.93  34.81  24.52   0.07  -0.17    0.006  0.075 -0.056  0.012
   35     39.49 -71.34  -8.03   4.47   0.58   0.17    0.106  0.240  0.191  0.427
   36     59.11  36.66  77.66  15.16   0.57  -0.18    0.004 -0.000 -0.093 -0.024
   37      5.59  31.34  50.04  14.46   0.10  -0.39   -0.005 -0.026 -0.079 -0.171
   38     46.47  73.29  72.86  16.84   0.41  -0.26    0.005 -0.038 -0.115 -0.121
   39     14.32   0.69  25.81   3.17   0.18   0.38    0.083 -0.006 -0.169 -0.258
   40     14.57 -41.98  13.77  16.25   0.11  -0.37   -0.012  0.001 -0.051 -0.246
   41     56.53  34.87  79.18   6.66   0.67  -0.13    0.045  0.001  0.004  0.631
   42     34.31  -3.96  46.18  17.81   0.12  -0.25    0.003  0.052 -0.060 -0.084
   43     24.69-110.33 -39.66   5.65   0.54  -0.58    0.037  0.404 -0.189  0.351
   44     49.81  30.03  50.41   8.35   0.51   0.01    0.046 -0.139 -0.056  0.033
   45     41.21-145.31  45.18  18.52   0.61   0.30    0.003 -0.084 -0.074  0.057
   46     34.07 -57.55  -0.89  15.93   0.17  -0.33   -0.014  0.036 -0.015 -0.051
   47      1.04  10.72  80.43  22.01   0.70   0.11    0.018  0.078 -0.053  0.036
   48     37.26  10.65  81.57  23.35   0.24  -0.12    0.022  0.058 -0.003 -0.047
   49     35.71  54.63  84.49  22.46   0.33  -0.24    0.005 -0.073 -0.036 -0.040
   50     36.04-102.62 -35.89  15.16   0.55  -0.12   -0.017  0.071 -0.113 -0.065
   51     53.14-100.77 -54.50   8.49   0.83  -0.02   -0.026  0.148  0.132 -0.341
   52     43.16-115.86  43.27  15.54   0.57  -0.11   -0.020 -0.163  0.146  0.024
   53      1.04  10.66  80.73  21.40   0.66   0.12    0.014  0.047  0.049 -0.005
   54      2.99 -83.74 322.74  15.65   0.46   1.14   -0.284 -0.021 -0.041  0.035
   55      3.16 -89.81 304.25   0.45   0.36   1.01   -0.235  0.011 -0.026  0.034
   56     44.88  36.10  67.47  14.98   0.63  -0.21   -0.009  0.014 -0.121 -0.035
   57     47.14 -84.62 154.74  15.60   0.63   1.18   -0.029  0.039  0.071 -0.003
   58     45.59 -81.00 150.96  15.23   0.88   0.75   -0.002  0.152  0.149  0.050
   59      8.66 -82.32   0.75   3.73   0.53  -0.13    0.063  0.088  0.161  0.203
   60      3.68-110.23-118.38   4.29   1.29   0.42    0.047  0.212  0.268  0.223
   61      0.59-131.01 -55.34   1.99   0.88  -0.30   -0.005 -0.416 -0.095  0.844
   62     20.11  19.44 152.65  15.83   1.01   0.27    0.002  0.066  0.005  0.137
   63     18.80 -47.27  29.58  20.13   0.15  -0.25    0.001  0.001 -0.135 -0.010
   64      4.78-162.65 184.44   8.00   0.82   1.60   -0.046  0.537  0.680  0.029
   65     23.39 -47.92  20.35  15.42   0.12  -0.30   -0.008  0.057 -0.138 -0.017
   66     32.81-152.79  43.05  18.43   0.48   0.17    0.011 -0.139 -0.001  0.164
   67     41.90 -37.26  -5.29  18.63   0.25  -0.25   -0.000  0.002 -0.131 -0.258
   68     14.12  50.84 106.37  20.13   0.41   0.08   -0.035  0.011  0.302 -0.097
   69     48.30-214.97-349.14  73.50   0.00   0.00    0.000  0.000  0.000  0.000
   70      5.46  33.88  97.11  19.30   0.75   0.11   -0.000  0.076  0.034 -0.034
   71      4.46   6.16  56.73   1.23   0.56   0.69    0.131  0.010  0.026 -0.020
   72     56.49 132.68-297.79  96.99   4.53   2.13   -0.315 -0.021  0.028 -0.008
   73     12.90  50.71  81.99  23.09   0.51   0.15   -0.001  0.104  0.039  0.008
   74     36.19-102.99  70.29  22.33   0.40   0.14   -0.008 -0.224  0.074  0.222
   75     46.80-108.36   3.03   1.54   0.91   0.08    0.035 -0.308  0.262  0.575
   76     54.60-217.19 302.17   0.10   0.00   0.00    0.000  0.000  0.000  0.000
   77     44.04  51.13  94.17  16.93   0.34  -0.22   -0.030  0.054  0.201  0.065
   78     41.80  38.67  66.17  22.02   0.45  -0.09    0.003  0.078 -0.112 -0.031
   79     58.87 -69.26  -4.61   1.77   0.56   0.14    0.103  0.156 -0.031  0.709
   80     26.97 -69.66  -6.00   1.53   0.58   0.17    0.100  0.156 -0.056  0.572
   81     27.18 -69.61  -4.74   1.51   0.54   0.17    0.103  0.167 -0.042  0.558
   82     23.54 -69.46  -4.63   0.71   0.55   0.37    0.078  0.271 -0.034  0.188
   83     23.25 -71.22  -6.50   7.56   0.61  -0.28    0.017 -0.022 -0.132  0.396
   84     21.21 -43.18   8.34  20.80   0.08  -0.20    0.003  0.077 -0.187 -0.070
   85     24.54-167.44 -46.16  10.65   0.88   0.38   -0.016 -0.026  0.021 -0.076
   86     44.07 -12.25  29.94  18.15   0.12  -0.30   -0.012  0.027 -0.122 -0.001
   87     29.04 -61.52   6.70   4.21   0.74   0.10    0.079  0.034 -0.163  0.650
   88     38.18-103.20 -28.54   8.85   0.53  -0.44    0.041  0.349 -0.144 -0.047
   89     47.81-142.12  89.57  20.56   0.56   0.65    0.014 -0.074  0.012  0.050
   90     48.32-140.02  88.21  20.35   0.51   0.57    0.005 -0.059  0.084  0.092
   91     34.05  33.73  85.25  19.67   0.65   0.00   -0.014  0.093  0.003 -0.008

 A V E R A G E   of ADJUSTMENTS :                    -0.004  0.016 -0.003  0.050
 A V E R A G E   of ABSOLUTE ADJUSTMENTS :            0.033  0.090  0.096  0.151


 Step length damping of 0.13556 was applied.


 Velocity adjustments:
     vp    dvp      hp   reflector
 Velocity model   1
   5.226 -0.037   -5.000      
   5.487  0.022   -2.200      
   6.043  0.054    9.770      
   6.279  0.045   18.000      
   7.069  0.004   24.480      
   7.276  0.004   26.650      
   7.584 -0.073   30.230      
   8.454 -0.136   40.920      
   8.586 -0.200   47.760      

 Calculation of average velocity starts at layer #           1
 z = -5.00 ... -2.20    v = 5.23    AVEL = 5.23 downto z =  -2.20
 z = -2.20 ...  9.77    v = 5.49    AVEL = 5.44 downto z =   9.77
 z =  9.77 ... 18.00    v = 6.04    AVEL = 5.65 downto z =  18.00
 z = 18.00 ... 24.48    v = 6.28    AVEL = 5.79 downto z =  24.48
 z = 24.48 ... 26.65    v = 7.07    AVEL = 5.88 downto z =  26.65
 z = 26.65 ... 30.23    v = 7.28    AVEL = 6.02 downto z =  30.23
 z = 30.23 ... 40.92    v = 7.58    AVEL = 6.39 downto z =  40.92
 z = 40.92 ... 47.76    v = 8.45    AVEL = 6.65 downto z =  47.76


 Calculation of average velocity starts at layer #           2
 z = -2.20 ...  9.77    v = 5.49    AVEL = 5.49 downto z =   9.77
 z =  9.77 ... 18.00    v = 6.04    AVEL = 5.71 downto z =  18.00
 z = 18.00 ... 24.48    v = 6.28    AVEL = 5.85 downto z =  24.48
 z = 24.48 ... 26.65    v = 7.07    AVEL = 5.94 downto z =  26.65
 z = 26.65 ... 30.23    v = 7.28    AVEL = 6.09 downto z =  30.23
 z = 30.23 ... 40.92    v = 7.58    AVEL = 6.46 downto z =  40.92
 z = 40.92 ... 47.76    v = 8.45    AVEL = 6.73 downto z =  47.76



 Adjusted station corrections:
   stn  ptcor  dpcor  
  624   0.000  0.000  628  -0.052 -0.023  630  -0.006  0.001  627   0.064  0.027
  621   0.036  0.011  629   0.085  0.029  622   0.008  0.002  620  -0.005 -0.007
  623   0.071  0.029  626   0.070  0.030  625   0.047  0.019  631   0.107  0.034
  632   0.040  0.007

 ~~~ another iteration? ...



--------------------------------------------------------------------------------



           ITERATION no  3

 ~~~ set units for this iteration ...
 ~~~ determine number of unknowns for this iter. ...

 Number of unknowns (for array-indexing):  nvar =  385
 Number of effective unknowns        :  nvareff =  386
 Number of elements on/below main diagonal of matrix G = At*A : kvar =   74305

 Damping factors to be used in this iteration:
   Othet=   0.010   XYthet  =   0.010   Zthet=  0.010
 STAthet=   0.010   Vthet   =   1.000

 ~~~ damp G ...
 ~~~ solve G * b = RHT ...
 ~~~ fix units ...
 ~~~ apply eventually step-length damping ...
 ~~~ adjust model (hypocenters, stacorr & veloc.) ...

 doing velocity adjustments now...

 doing station-correction adjustments...

 ~~~ compute effective step-length ...

 (Applied) Step length =   4.309

 ~~~ set units for next iteration ...
 ~~~ determine number of unknowns for next iter. ...

 Number of unknowns (for array-indexing):  nvar =  385
 Number of effective unknowns        :  nvareff =  386
 Number of elements on/below main diagonal of matrix G = At*A : kvar =   74305

 ~~~ reset G and RHT ...
 ~~~ raytracing, setup G ...
 ~~~ store parts of G ...
 ~~~ set units back for current iteration ...
 ~~~ determine number of unknowns for this iter. ...

 Number of unknowns (for array-indexing):  nvar =  385
 Number of effective unknowns        :  nvareff =  386
 Number of elements on/below main diagonal of matrix G = At*A : kvar =   74305

 ~~~ compute RMS and DATVAR ...

 $$$$$$$$$$$$$$$$$$$$$$$$$$$$$$$$$$$$$$$$$$$$$$$$$
 Events with  | AVRES | > 1.0 SEC are suspicious !

 Event#  10 >>>  160920 1607  AVRES =  1.82 NOBS =  2
 Event#  11 >>>  160925 1911  AVRES =  1.60 NOBS =  2
 Event#  64 >>>  170414 0540  AVRES =  1.29 NOBS = 11
 Event#  72 >>>  170418 1005  AVRES =  1.69 NOBS =  1

 ^^^^^^^^^ C H E C K   these events above ^^^^^^^^
 $$$$$$$$$$$$$$$$$$$$$$$$$$$$$$$$$$$$$$$$$$$$$$$$$

 ~~~ check solution (better? worse?) ...

 Iteration nr  3 obtained:
 DATVAR=    0.737537 mean sqrd residual=     0.318260  RMS RESIDUAL=     0.564145

 After  3 iterations we got:
 Average absolute & unweighted [and mean] residual of
   362 straight and direct rays =  0.28041 [ -0.15796]
   317 refracted           rays =  0.56010 [  0.19624]
     0 reflected           rays =  0.00000 [  0.00000]

   679 ALL                 RAYS =  0.41099 [  0.00740]      -20.62 %

 ~~~ iteration done; output results ...

  eq       ot     x      y      z      rms    avres   dot     dx     dy     dz
    1      9.13  38.57 111.99  22.71   0.22  -0.05   -0.006 -0.099  0.049 -0.136
    2      9.31  38.04 110.73  22.48   0.22  -0.07   -0.008  0.022  0.100 -0.030
    3     27.16-130.67  -8.33  11.74   0.46  -0.02   -0.060 -0.270  0.251 -0.077
    4     15.53-131.56  -7.15  10.47   0.54   0.02   -0.073 -0.191 -0.030 -0.185
    5     45.71 -40.25  38.53  23.42   0.17  -0.16   -0.008  0.031 -0.136 -0.080
    6     49.45 -36.68  40.40  16.88   0.15  -0.26   -0.029  0.083 -0.130  0.209
    7     13.87-134.93-118.50   5.45   1.01   0.37   -0.065  0.104  0.166 -0.298
    8     30.41-141.45 -43.31   9.29   0.54   0.29   -0.011 -0.252  0.217  0.327
    9     39.61  10.71  56.34  11.99   0.07  -0.25   -0.033 -0.055 -0.121 -0.028
   10     18.33 -87.87-308.30  16.22   1.02   1.82    0.025 -0.305 -0.005  0.016
   11      5.48 -63.29-309.72  15.65   1.23   1.60   -0.027 -0.396 -0.039  0.028
   12     51.14  35.38  94.82  16.82   0.22  -0.29   -0.027  0.118  0.023  0.508
   13     46.85  33.67  98.21  19.42   0.28  -0.12   -0.018  0.095  0.058  0.133
   14     55.81  33.68  97.54  14.73   0.48  -0.22   -0.042  0.073 -0.000  0.307
   15     44.64  34.15  97.78  17.51   0.56  -0.01   -0.029 -0.011  0.141  0.117
   16     44.81  34.98  96.38  18.69   0.58   0.08   -0.031 -0.036  0.163  0.027
   17     22.01  -1.19  82.58  18.99   0.41  -0.16   -0.047 -0.075  0.094  0.228
   18     36.32 -34.31   4.08  11.45   0.19  -0.32   -0.059 -0.019 -0.106  0.054
   19     33.26  41.49  63.75   9.89   0.18  -0.29   -0.016 -0.029 -0.131 -0.051
   20     45.93  37.77  85.16  16.36   0.29  -0.22   -0.023 -0.031 -0.047 -0.078
   21     34.12  36.51  82.30  13.61   0.41  -0.28   -0.002 -0.058 -0.186 -0.326
   22     25.84  35.76  85.34  13.73   0.22  -0.36   -0.027 -0.071 -0.017  0.097
   23     15.89  35.41  85.99  11.19   0.28  -0.37   -0.019 -0.043 -0.001 -0.062
   24      2.05  35.03  83.18   8.11   0.64  -0.15   -0.001  0.086  0.408  0.891
   25     48.63 -45.86  23.20  22.24   0.14  -0.11    0.005  0.050 -0.222  0.119
   26     27.50 -70.19  -3.96  10.22   0.12  -0.29   -0.040  0.104 -0.103  0.015
   27      0.15  -0.53  49.08  13.13   0.14  -0.20   -0.022  0.068 -0.194  0.045
   28     59.03  38.00  76.49  11.71   0.44  -0.15   -0.032  0.113  0.076  0.137
   29     20.12-148.67 -12.63  14.30   0.51   0.17   -0.042  0.045  0.133 -0.239
   30      2.93  36.20  76.21  12.89   0.54  -0.05    0.001  0.068 -0.195 -0.138
   31     20.96  36.41  77.10  14.18   0.57  -0.11   -0.020 -0.110 -0.116 -0.005
   32     50.77  37.01  76.61  15.46   0.17  -0.33   -0.018 -0.005 -0.171  0.068
   33      0.85  37.25  75.86  15.09   0.29  -0.22    0.007 -0.040 -0.125 -0.147
   34     55.42 -16.82  34.72  24.57   0.06  -0.12    0.001  0.113 -0.090  0.049
   35     39.62 -70.99  -7.75   5.07   0.67  -0.14    0.127  0.349  0.277  0.594
   36     59.10  36.66  77.53  15.26   0.47  -0.13   -0.011 -0.001 -0.125  0.103
   37      5.58  31.30  49.93  14.27   0.08  -0.29   -0.014 -0.042 -0.110 -0.194
   38     46.46  73.24  72.59  16.64   0.34  -0.20   -0.007 -0.051 -0.269 -0.199
   39     14.41   0.69  25.58   2.92   0.16   0.20    0.094 -0.007 -0.225 -0.251
   40     14.54 -42.01  13.69  16.08   0.10  -0.28   -0.035 -0.031 -0.071 -0.171
   41     56.57  34.90  79.14   7.55   0.50  -0.19    0.043  0.031 -0.034  0.885
   42     34.31  -3.87  46.10  17.73   0.10  -0.19   -0.004  0.090 -0.075 -0.071
   43     24.73-109.77 -39.91   6.13   0.43  -0.49    0.035  0.558 -0.251  0.483
   44     49.87  29.84  50.35   8.41   0.42  -0.04    0.054 -0.186 -0.057  0.062
   45     41.22-145.22  45.39  18.54   0.46   0.25    0.004  0.092  0.210  0.017
   46     34.04 -57.50  -0.96  15.92   0.14  -0.25   -0.030  0.056 -0.066 -0.003
   47      1.05  10.81  80.43  22.12   0.55   0.10    0.003  0.092 -0.005  0.101
   48     37.28  10.75  81.58  23.31   0.19  -0.09    0.016  0.093  0.007 -0.037
   49     35.71  54.50  84.43  22.43   0.27  -0.18   -0.004 -0.127 -0.064 -0.036
   50     36.03-102.49 -35.86  14.77   0.47  -0.08   -0.017  0.129  0.035 -0.389
   51     53.10-100.44 -54.25   7.76   0.70   0.08   -0.040  0.329  0.250 -0.737
   52     43.14-115.92  43.48  15.56   0.49  -0.07   -0.023 -0.064  0.206  0.028
   53      1.04  10.75  80.78  21.55   0.52   0.11    0.001  0.085  0.055  0.146
   54      2.81 -83.79 322.70  15.67   0.44   0.91   -0.181 -0.054 -0.040  0.021
   55      3.01 -89.79 304.24   0.47   0.31   0.80   -0.152  0.024 -0.013  0.021
   56     44.85  36.11  67.29  15.06   0.52  -0.14   -0.027  0.014 -0.178  0.078
   57     47.06 -84.52 154.91  15.61   0.56   0.95   -0.074  0.099  0.170  0.009
   58     45.56 -80.64 151.24  15.31   0.72   0.60   -0.027  0.357  0.278  0.081
   59      8.73 -82.17   0.94   3.96   0.43  -0.16    0.070  0.155  0.191  0.226
   60      3.72-110.02-118.01   4.70   1.16   0.33    0.044  0.209  0.362  0.413
   61      0.57-131.51 -55.62   3.33   0.67  -0.46   -0.022 -0.492 -0.277  1.340
   62     20.12  19.69 152.61  15.94   0.87   0.22    0.003  0.243 -0.047  0.111
   63     18.81 -47.20  29.40  20.04   0.13  -0.19    0.003  0.069 -0.173 -0.083
   64      4.75-161.77 185.35   7.95   0.77   1.29   -0.031  0.880  0.909 -0.042
   65     23.38 -47.81  20.14  15.43   0.10  -0.22   -0.014  0.106 -0.205  0.009
   66     32.82-152.88  43.18  18.70   0.37   0.14    0.005 -0.096  0.132  0.270
   67     41.90 -37.18  -5.45  18.22   0.21  -0.18    0.003  0.077 -0.160 -0.416
   68     14.06  50.91 106.83  19.99   0.34   0.07   -0.066  0.068  0.456 -0.146
   69     48.30-214.97-349.14  73.50   0.00   0.00    0.000  0.000  0.000  0.000
   70      5.44  33.99  97.19  19.39   0.60   0.10   -0.023  0.111  0.081  0.086
   71      4.61   6.19  56.78   1.20   0.56   0.41    0.147  0.031  0.043 -0.032
   72     56.47 132.68-297.79  96.99   2.86   1.69   -0.014 -0.001  0.001 -0.000
   73     12.89  50.92  81.96  23.18   0.41   0.13   -0.013  0.212 -0.025  0.084
   74     36.16-103.31  70.39  22.68   0.33   0.12   -0.028 -0.324  0.102  0.345
   75     46.83-108.83   3.41   2.47   0.87  -0.00    0.029 -0.478  0.378  0.930
   76     54.60-217.19 302.17   0.10   0.00   0.00    0.000  0.000  0.000  0.000
   77     43.99  51.21  94.40  17.04   0.27  -0.16   -0.048  0.078  0.227  0.111
   78     41.79  38.79  66.00  22.09   0.37  -0.06   -0.015  0.127 -0.169  0.073
   79     58.99 -69.02  -4.59   2.54   0.51  -0.08    0.119  0.235  0.026  0.765
   80     27.09 -69.47  -6.04   2.38   0.45  -0.05    0.117  0.195 -0.039  0.845
   81     27.30 -69.36  -4.73   2.13   0.40   0.04    0.122  0.253  0.009  0.620
   82     23.64 -69.15  -4.69   1.09   0.43   0.21    0.095  0.309 -0.061  0.379
   83     23.28 -71.15  -6.40   8.15   0.46  -0.26    0.027  0.067  0.103  0.586
   84     21.21 -43.06   8.09  20.72   0.07  -0.14   -0.002  0.127 -0.256 -0.080
   85     24.50-167.38 -46.32  10.49   0.71   0.30   -0.043  0.066 -0.160 -0.157
   86     44.06 -12.22  29.77  18.08   0.09  -0.22   -0.016  0.028 -0.163 -0.072
   87     29.09 -61.54   6.30   5.43   0.60  -0.17    0.058 -0.019 -0.399  1.217
   88     38.23-102.67 -28.72   8.88   0.46  -0.36    0.048  0.522 -0.183  0.031
   89     47.81-142.26  89.74  20.81   0.43   0.52   -0.003 -0.147  0.167  0.255
   90     48.31-140.13  88.47  20.64   0.37   0.46   -0.015 -0.114  0.260  0.291
   91     34.01  33.88  85.27  19.76   0.51   0.01   -0.040  0.160  0.013  0.089

 A V E R A G E   of ADJUSTMENTS :                    -0.006  0.039  0.008  0.111
 A V E R A G E   of ABSOLUTE ADJUSTMENTS :            0.035  0.134  0.142  0.221


 Step length damping of 0.20935 was applied.


 Velocity adjustments:
     vp    dvp      hp   reflector
 Velocity model   1
   5.165 -0.061   -5.000      
   5.524  0.036   -2.200      
   6.097  0.055    9.770      
   6.327  0.048   18.000      
   7.058 -0.012   24.480      
   7.243 -0.033   26.650      
   7.485 -0.099   30.230      
   8.254 -0.200   40.920      
   8.472 -0.113   47.760      

 Calculation of average velocity starts at layer #           1
 z = -5.00 ... -2.20    v = 5.17    AVEL = 5.17 downto z =  -2.20
 z = -2.20 ...  9.77    v = 5.52    AVEL = 5.46 downto z =   9.77
 z =  9.77 ... 18.00    v = 6.10    AVEL = 5.69 downto z =  18.00
 z = 18.00 ... 24.48    v = 6.33    AVEL = 5.83 downto z =  24.48
 z = 24.48 ... 26.65    v = 7.06    AVEL = 5.91 downto z =  26.65
 z = 26.65 ... 30.23    v = 7.24    AVEL = 6.05 downto z =  30.23
 z = 30.23 ... 40.92    v = 7.49    AVEL = 6.38 downto z =  40.92
 z = 40.92 ... 47.76    v = 8.25    AVEL = 6.62 downto z =  47.76


 Calculation of average velocity starts at layer #           2
 z = -2.20 ...  9.77    v = 5.52    AVEL = 5.52 downto z =   9.77
 z =  9.77 ... 18.00    v = 6.10    AVEL = 5.76 downto z =  18.00
 z = 18.00 ... 24.48    v = 6.33    AVEL = 5.90 downto z =  24.48
 z = 24.48 ... 26.65    v = 7.06    AVEL = 5.98 downto z =  26.65
 z = 26.65 ... 30.23    v = 7.24    AVEL = 6.12 downto z =  30.23
 z = 30.23 ... 40.92    v = 7.49    AVEL = 6.46 downto z =  40.92
 z = 40.92 ... 47.76    v = 8.25    AVEL = 6.71 downto z =  47.76



 Adjusted station corrections:
   stn  ptcor  dpcor  
  624   0.000  0.000  628  -0.086 -0.034  630  -0.009 -0.003  627   0.100  0.037
  621   0.051  0.015  629   0.125  0.039  622   0.018  0.010  620  -0.010 -0.006
  623   0.104  0.033  626   0.109  0.039  625   0.073  0.026  631   0.154  0.047
  632   0.052  0.011

 ~~~ another iteration? ...
 NITT = ITTMAX  --> stop iterations.
 ~~~ final solution reached ...

 ~~~ damp G & Chol.-Decomp.: NOT made (switch iresolcalc is NOT set !)

 Final rms values:  0.22 0.22 0.46 0.54 0.17 0.15 1.01 0.54 0.07 1.02
                    1.23 0.22 0.28 0.48 0.56 0.58 0.41 0.19 0.18 0.29
                    0.41 0.22 0.28 0.64 0.14 0.12 0.14 0.44 0.51 0.54
                    0.57 0.17 0.29 0.06 0.67 0.47 0.08 0.34 0.16 0.10
                    0.50 0.10 0.43 0.42 0.46 0.14 0.55 0.19 0.27 0.47
                    0.70 0.49 0.52 0.44 0.31 0.52 0.56 0.72 0.43 1.16
                    0.67 0.87 0.13 0.77 0.10 0.37 0.21 0.34 0.00 0.60
                    0.56 2.86 0.41 0.33 0.87 0.00 0.27 0.37 0.51 0.45
                    0.40 0.43 0.46 0.07 0.71 0.09 0.60 0.46 0.43 0.37
                    0.51



 ~~~ output final hypocenters ...

      date    origin   latitude longitude  depth  mag  no  rms      x      y      z
   1 160818 1613  9.13 73.0037N 124.8512E  22.71 1.40   6 0.217   38.57 111.99  22.71
   2 160818 1613  9.31 72.9923N 124.8673E  22.48 1.10   6 0.220   38.04 110.73  22.48
   3 160819 0959 27.16 71.9254N 129.7795E  11.74 4.00  12 0.455 -130.67  -8.33  11.74
   4 160820 1506 15.53 71.9360N 129.8064E  10.47 1.50   9 0.538 -131.56  -7.15  10.47
   5 160820 1904 45.71 72.3453N 127.1775E  23.42 1.20   6 0.165  -40.25  38.53  23.42
   6 160822 1318 49.45 72.3621N 127.0736E  16.88 0.60   8 0.147  -36.68  40.40  16.88
   7 160823 0652 13.87 70.9380N 129.8025E   5.45 2.90   6 1.005 -134.93-118.50   5.45
   8 160824 1510 30.41 71.6119N 130.0574E   9.29 1.50   9 0.537 -141.45 -43.31   9.29
   9 160906 1514 39.61 72.5049N 125.6853E  11.99 0.90   6 0.071   10.71  56.34  11.99
  10 160920 1607 18.33 69.2371N 128.3718E  16.22 2.60   2 1.021  -87.87-308.30  16.22
  11 160925 1911  5.48 69.2243N 127.7077E  15.65 2.30   2 1.231  -63.29-309.72  15.65
  12 161004 0841 51.14 72.8498N 124.9507E  16.82 0.20   6 0.215   35.38  94.82  16.82
  13 161005 1619 46.85 72.8801N 125.0004E  19.42 1.00   9 0.284   33.67  98.21  19.42
  14 161006 0156 55.81 72.8742N 125.0003E  14.73 1.00   7 0.478   33.68  97.54  14.73
  15 161009 0036 44.64 72.8763N 124.9865E  17.51 1.30   8 0.556   34.15  97.78  17.51
  16 161009 0036 44.81 72.8638N 124.9620E  18.69 1.20   7 0.576   34.98  96.38  18.69
  17 161012 0800 22.01 72.7401N 126.0351E  18.99 0.80   7 0.412   -1.19  82.58  18.99
  18 161015 1013 36.32 72.0365N 126.9953E  11.45 0.70   7 0.187  -34.31   4.08  11.45
  19 161021 0507 33.26 72.5713N 124.7788E   9.89 0.80   6 0.182   41.49  63.75   9.89
  20 161124 2250 45.93 72.7632N 124.8826E  16.36 3.10   4 0.293   37.77  85.16  16.36
  21 161125 0156 34.12 72.7375N 124.9205E  13.61 0.60   7 0.414   36.51  82.30  13.61
  22 161125 0517 25.84 72.7648N 124.9417E  13.73 1.60   6 0.221   35.76  85.34  13.73
  23 161125 0525 15.89 72.7706N 124.9519E  11.19 0.80   6 0.276   35.41  85.99  11.19
  24 161125 0556  2.05 72.7454N 124.9640E   8.11 0.20   6 0.644   35.03  83.18   8.11
  25 170117 0846 48.63 72.2079N 127.3366E  22.24 0.30   6 0.135  -45.86  23.20  22.24
  26 170122 1614 27.50 71.9645N 128.0323E  10.22 0.90   6 0.120  -70.19  -3.96  10.22
  27 170125 2244  0.15 72.4399N 126.0155E  13.13 0.80   6 0.136   -0.53  49.08  13.13
  28 170302 1359 59.03 72.6855N 124.8779E  11.71 0.50   7 0.438   38.00  76.49  11.71
  29 170302 2335 20.12 71.8868N 130.2959E  14.30 2.10   9 0.506 -148.67 -12.63  14.30
  30 170304 2135  2.93 72.6830N 124.9313E  12.89 1.30   7 0.539   36.20  76.21  12.89
  31 170307 0447 20.96 72.6910N 124.9249E  14.18 1.70  10 0.567   36.41  77.10  14.18
  32 170307 2016 50.77 72.6866N 124.9071E  15.46 1.10   6 0.168   37.01  76.61  15.46
  33 170309 1454  0.85 72.6798N 124.9002E  15.09 0.30   6 0.292   37.25  75.86  15.09
  34 170311 0430 55.42 72.3112N 126.4916E  24.57 0.30   6 0.056  -16.82  34.72  24.57
  35 170312 0416 39.62 71.9305N 128.0536E   5.07 2.10   6 0.673  -70.99  -7.75   5.07
  36 170313 0553 59.10 72.6948N 124.9173E  15.26 1.00   9 0.469   36.66  77.53  15.26
  37 170313 0809  5.58 72.4475N 125.0818E  14.27 1.20   7 0.077   31.30  49.93  14.27
  38 170315 0234 46.46 72.6506N 123.8396E  16.64 1.40   7 0.339   73.24  72.59  16.64
  39 170317 1007 14.41 72.2293N 125.9799E   2.92 0.50   7 0.159    0.69  25.58   2.92
  40 170320 0711 14.54 72.1227N 127.2216E  16.08 0.90   6 0.098  -42.01  13.69  16.08
  41 170320 0853 56.57 72.7093N 124.9690E   7.55 0.40   6 0.503   34.90  79.14   7.55
  42 170320 1900 34.31 72.4132N 126.1134E  17.73 0.60   7 0.101   -3.87  46.10  17.73
  43 170323 0519 24.73 71.6423N 129.1513E   6.13 1.20   6 0.425 -109.77 -39.91   6.13
  44 170323 1612 49.87 72.4513N 125.1245E   8.41 0.50   6 0.424   29.84  50.35   8.41
  45 170323 1906 41.22 72.4067N 130.2552E  18.54 1.00   6 0.461 -145.22  45.39  18.54
  46 170326 0836 34.04 71.9914N 127.6660E  15.92 1.50   7 0.143  -57.50  -0.96  15.92
  47 170402 0422  1.05 72.7208N 125.6806E  22.12 1.20  10 0.554   10.81  80.43  22.12
  48 170402 0636 37.28 72.7311N 125.6823E  23.31 0.70   6 0.189   10.75  81.58  23.31
  49 170404 2347 35.71 72.7566N 124.3876E  22.43 0.50   6 0.273   54.50  84.43  22.43
  50 170405 0307 36.03 71.6787N 128.9450E  14.77 1.00  10 0.472 -102.49 -35.86  14.77
  51 170405 1410 53.10 71.5138N 128.8735E   7.76 1.70  10 0.696 -100.44 -54.25   7.76
  52 170406 0838 43.14 72.3896N 129.3952E  15.56 0.90  10 0.491 -115.92  43.48  15.56
  53 170406 1728  1.04 72.7240N 125.6824E  21.55 0.90  10 0.524   10.75  80.78  21.55
  54 170407 1729  2.81 74.8920N 128.6337E  15.67 1.80   2 0.440  -83.79 322.70  15.67
  55 170407 1729  3.01 74.7266N 128.8084E   0.47 1.60   5 0.315  -89.79 304.24   0.47
  56 170408 1004 44.85 72.6030N 124.9361E  15.06 1.40  13 0.519   36.11  67.29  15.06
  57 170409 0856 47.06 73.3883N 128.5447E  15.61 2.50   6 0.556  -84.52 154.91  15.61
  58 170409 0902 45.56 73.3554N 128.4255E  15.31 1.10   7 0.717  -80.64 151.24  15.31
  59 170410 1520  8.73 72.0085N 128.3820E   3.96 1.00  10 0.434  -82.17   0.94   3.96
  60 170410 1813  3.72 70.9424N 129.1010E   4.70 2.20  13 1.158 -110.02-118.01   4.70
  61 170412 1507  0.57 71.5015N 129.7611E   3.33 0.70   6 0.668 -131.51 -55.62   3.33
  62 170413 0651 20.12 73.3676N 125.4077E  15.94 1.00  10 0.867   19.69 152.61  15.94
  63 170414 0459 18.81 72.2635N 127.3777E  20.04 0.50   7 0.125  -47.20  29.40  20.04
  64 170414 0540  4.75 73.6611N 130.9077E   7.95 1.80  11 0.765 -161.77 185.35   7.95
  65 170414 1656 23.38 72.1805N 127.3925E  15.43 0.20   6 0.101  -47.81  20.14  15.43
  66 170414 1753 32.82 72.3870N 130.4775E  18.70 0.70   6 0.373 -152.88  43.18  18.70
  67 170416 0523 41.90 71.9511N 127.0763E  18.22 1.60  13 0.213  -37.18  -5.45  18.22
  68 170416 1220 14.06 72.9574N 124.4855E  19.99 1.00  11 0.336   50.91 106.83  19.99
 WARNING: Event-# :          69 has zero observations!
  69 170416 1257 48.30 68.8710N 131.7500E  73.50 2.20   0 0.000 -214.97-349.14  73.50
  70 170416 1821  5.44 72.8710N 124.9912E  19.39 1.30  13 0.602   33.99  97.19  19.39
  71 170418 0606  4.61 72.5088N 125.8181E   1.20 0.20   6 0.555    6.19  56.78   1.20
  72 170418 1005 56.47 69.3313N 122.4106E  96.99 2.20   1 2.856  132.68-297.79  96.99
  73 170418 1500 12.89 72.7346N 124.4945E  23.18 1.30  12 0.405   50.92  81.96  23.18
  74 170420 1302 36.16 72.6309N 129.0459E  22.68 0.90  11 0.326 -103.31  70.39  22.68
  75 170420 2248 46.83 72.0305N 129.1569E   2.47 0.70  11 0.866 -108.83   3.41   2.47
 WARNING: Event-# :          76 has zero observations!
  76 170423 0850 54.60 74.7080N 132.7900E   0.10 1.90   0 0.000 -217.19 302.17   0.10
  77 170423 1455 43.99 72.8460N 124.4813E  17.04 0.60   8 0.266   51.21  94.40  17.04
  78 170423 2313 41.79 72.5915N 124.8576E  22.09 1.30  12 0.369   38.79  66.00  22.09
  79 170424 0609 58.99 71.9589N 127.9982E   2.54 1.10  12 0.513  -69.02  -4.59   2.54
  80 170424 0755 27.09 71.9458N 128.0105E   2.38 1.00  12 0.453  -69.47  -6.04   2.38
  81 170424 0755 27.30 71.9576N 128.0079E   2.13 1.00  12 0.396  -69.36  -4.73   2.13
  82 170425 0652 23.64 71.9580N 128.0019E   1.09 1.20   9 0.434  -69.15  -4.69   1.09
  83 170426 0051 23.28 71.9426N 128.0590E   8.15 0.70   6 0.455  -71.15  -6.40   8.15
  84 170426 1425 21.21 72.0725N 127.2503E  20.72 0.10   6 0.067  -43.06   8.09  20.72
  85 170426 1834 24.50 71.5848N 130.7977E  10.49 1.20   8 0.714 -167.38 -46.32  10.49
  86 170426 1840 44.06 72.2668N 126.3567E  18.08 1.30   8 0.092  -12.22  29.77  18.08
  87 170427 0912 29.09 72.0564N 127.7862E   5.43 0.90   8 0.600  -61.54   6.30   5.43
  88 170427 1041 38.23 71.7426N 128.9554E   8.88 0.70   7 0.462 -102.67 -28.72   8.88
  89 170427 2010 47.81 72.8043N 130.2142E  20.81 1.30   8 0.426 -142.26  89.74  20.81
  90 170427 2010 48.31 72.7929N 130.1498E  20.64 1.30   8 0.374 -140.13  88.47  20.64
  91 170427 2342 34.01 72.7642N 124.9973E  19.76 0.80   6 0.510   33.88  85.27  19.76

 ~~~ output final station residuals ...
 TURBO-option is set; residuals are NOT printed for each event!



   station statistics, remember nsp was set to: 1


 sta phase nobs avres  avwres    std    wsum    delay

 624    P  74 -0.1379 -0.1379  0.4173  74.0000  0.0000
 628    P  69 -0.3089 -0.3089  0.4246  69.0000 -0.0865
 630    P  53  0.0065  0.0065  0.4051  53.0000 -0.0087
 627    P  46  0.0021  0.0021  0.4299  46.0000  0.1004
 621    P  59  0.0337  0.0337  0.6330  59.0000  0.0511
 629    P  43  0.0734  0.0734  0.5000  43.0000  0.1250
 622    P  58 -0.0380 -0.0380  0.5080  58.0000  0.0179
 620    P  48 -0.0340 -0.0340  0.5712  48.0000 -0.0103
 623    P  55 -0.0010 -0.0010  0.3748  55.0000  0.1042
 626    P  52  0.0246  0.0246  0.5606  52.0000  0.1091
 625    P  49  0.0115  0.0115  0.4815  49.0000  0.0731
 631    P  49  0.5245  0.5245  0.9111  49.0000  0.1542
 632    P  24  0.3043  0.3043  0.7155  24.0000  0.0520


 ~~~ output statistics ...




 RAY-STATISTICS FOR  L A S T  ITERATION
 --------------------------------------

 NHYP : nr of hypocenters in this layer
 NREF : nr of headwaves in this layer
 %len : % of "refracted km" in this layer 
        with respect to all refracted kilometers
 NHIT : nr of rays passed thru this layer
 xy-km: average horizontal ray length [km] in layer
 z-km : average  vertical  ray length [km] in layer
 RFLX : number of reflections at bottom of this layer

 nlay   top ..... bottom     velocity   NHYP NREF %len  NHIT xy-km  z-km  RFLX

   1    -5.00... -2.20 km    5.17 km/s    0    0   0.0     0   0.0   0.0     0
   2    -2.20...  9.77 km    5.52 km/s   24    0   0.0  1463  13.3   6.6     0
   3     9.77... 18.00 km    6.10 km/s   39   50  16.5   754  19.6   6.1     0
   4    18.00... 24.48 km    6.33 km/s   25    7   1.2   633   9.7   5.3     0
   5    24.48... 26.65 km    7.06 km/s    1   12   1.7   515   6.5   2.1     0
   6    26.65... 30.23 km    7.24 km/s    0   57  11.2   440  14.1   3.1     0
   7    30.23... 40.92 km    7.49 km/s    0  117  34.2   266  35.7   6.0     0
   8    40.92... 47.76 km    8.25 km/s    0   51  22.9    98  56.5   3.3     0
   9    47.76...       km    8.47 km/s    2   23  12.2     0   0.0   0.0

 Total nr of events was   91

 Total nr of refracted rays =   317
 Total nr of reflected rays =     0
 Total nr of   other   rays =   362
                              ------
 Total nr of    all    rays =   679

 Average (absolute) error of the raytracers:
  Straight and direct rays : 3338.30 meters
  Refracted           rays :    0.01 meters
  Reflected           rays :    0.00 meters


 ALL RAYS TOGETHER:
 Average horizontal ray length =   89.9 km   (Hypocenter --> Station) 
 Average  vertical  ray length =   20.9 km   (Deepest ray-point --> Station)



 ... and some more STATISTICS 
 ---------------------------- 
  GAP of final epicenters:

  Event# -> GAP  Event# -> GAP  Event# -> GAP  Event# -> GAP  Event# -> GAP
       1 -> 295       2 -> 294       3 -> 270       4 -> 275       5 -> 307
       6 ->  96       7 -> 321       8 -> 306       9 -> 168      10 -> 346
      11 -> 347      12 -> 259      13 -> 264      14 -> 262      15 -> 263
      16 -> 265      17 -> 253      18 -> 247      19 -> 158      20 -> 302
      21 -> 231      22 -> 239      23 -> 241      24 -> 232      25 -> 130
      26 -> 102      27 -> 154      28 -> 213      29 -> 305      30 -> 211
      31 -> 214      32 -> 212      33 -> 210      34 -> 133      35 -> 238
      36 -> 216      37 -> 132      38 -> 310      39 -> 119      40 -> 210
      41 -> 220      42 -> 121      43 -> 230      44 -> 134      45 -> 309
      46 -> 126      47 -> 224      48 -> 226      49 -> 288      50 -> 195
      51 -> 289      52 -> 270      53 -> 224      54 -> 354      55 -> 347
      56 -> 180      57 -> 310      58 -> 318      59 -> 167      60 -> 310
      61 -> 301      62 -> 306      63 -> 149      64 -> 322      65 -> 129
      66 -> 293      67 ->  86      68 -> 295      69 -> 171      70 -> 262
      71 -> 174      72 ->   0      73 -> 262      74 -> 300      75 -> 241
      76 ->  59      77 -> 285      78 -> 171      79 -> 163      80 -> 167
      81 -> 164      82 -> 164      83 -> 236      84 -> 116      85 -> 315
      86 ->  94      87 -> 113      88 -> 268      89 -> 318      90 -> 317
      91 -> 295

 GAPs were between   0 and 354
      (average GAP was 228)



  MAGNITUDES of INPUT-DATA:

 Magnitude (# of events)   ***average number of obs***

 MAG<= 1.0 ( 47) *******
 MAG = 1.1 (  4) ********
 MAG = 1.2 (  7) ********
 MAG = 1.3 (  8) *********1
 MAG = 1.4 (  3) *********
 MAG = 1.5 (  3) ********
 MAG = 1.6 (  3) ********
 MAG = 1.7 (  2) *********1
 MAG = 1.8 (  2) *******
 MAG = 1.9 (  1)  
 MAG = 2.0 (  0)  
 MAG = 2.1 (  2) ********
 MAG = 2.2 (  3) *****
 MAG = 2.3 (  1) **
 MAG = 2.4 (  0)  
 MAG = 2.5 (  1) ******
 MAG = 2.6 (  1) **
 MAG = 2.7 (  0)  
 MAG = 2.8 (  0)  
 MAG = 2.9 (  1) ******
 MAG = 3.0 (  0)  
 MAG = 3.1 (  1) ****
 MAG = 3.2 (  0)  
 MAG = 3.3 (  0)  
 MAG = 3.4 (  0)  
 MAG = 3.5 (  0)  
 MAG = 3.6 (  0)  
 MAG = 3.7 (  0)  
 MAG = 3.8 (  0)  
 MAG = 3.9 (  0)  
 MAG = 4.0 (  1) *********1**
 MAG = 4.1 (  0)  
 MAG = 4.2 (  0)  
 MAG = 4.3 (  0)  
 MAG = 4.4 (  0)  
 MAG = 4.5 (  0)  
 MAG = 4.6 (  0)  
 MAG = 4.7 (  0)  
 MAG = 4.8 (  0)  
 MAG = 4.9 (  0)  
 MAG = 5.0 (  0)  
 MAG = 5.1 (  0)  
 MAG = 5.2 (  0)  
 MAG = 5.3 (  0)  
 MAG = 5.4 (  0)  
 MAG = 5.5 (  0)  
 MAG = 5.6 (  0)  
 MAG = 5.7 (  0)  
 MAG = 5.8 (  0)  
 MAG = 5.9 (  0)  
 MAG>= 6.0 (  0)  





  DEPTHs of INPUT-DATA and of LAST ITERATION:
  ===========================================

       Depth       # of events  

 DEPTH ( input ) =  -4. km :   
 DEPTH (last_IT) =  -4. km :   
 DEPTH ( input ) =  -3. km :   
 DEPTH (last_IT) =  -3. km :   
 DEPTH ( input ) =  -2. km :   
 DEPTH (last_IT) =  -2. km :   
 DEPTH ( input ) =  -1. km :   
 DEPTH (last_IT) =  -1. km :   
 DEPTH ( input ) =   0. km :  ........
 DEPTH (last_IT) =   0. km :  **
 DEPTH ( input ) =   1. km :  .
 DEPTH (last_IT) =   1. km :  **
 DEPTH ( input ) =   2. km :   
 DEPTH (last_IT) =   2. km :  ***
 DEPTH ( input ) =   3. km :  ...
 DEPTH (last_IT) =   3. km :  ***
 DEPTH ( input ) =   4. km :  ..
 DEPTH (last_IT) =   4. km :  *
 DEPTH ( input ) =   5. km :  ..
 DEPTH (last_IT) =   5. km :  ****
 DEPTH ( input ) =   6. km :  ..
 DEPTH (last_IT) =   6. km :  *
 DEPTH ( input ) =   7. km :  .
 DEPTH (last_IT) =   7. km :   
 DEPTH ( input ) =   8. km :  ...
 DEPTH (last_IT) =   8. km :  ******
 DEPTH ( input ) =   9. km :  ..
 DEPTH (last_IT) =   9. km :  **
 DEPTH ( input ) =  10. km :  ..
 DEPTH (last_IT) =  10. km :  ****
 DEPTH ( input ) =  11. km :  ...
 DEPTH (last_IT) =  11. km :  **
 DEPTH ( input ) =  12. km :  ....
 DEPTH (last_IT) =  12. km :  ***
 DEPTH ( input ) =  13. km :  ..
 DEPTH (last_IT) =  13. km :  **
 DEPTH ( input ) =  14. km :  ...
 DEPTH (last_IT) =  14. km :  *****
 DEPTH ( input ) =  15. km :  ........
 DEPTH (last_IT) =  15. km :  ********
 DEPTH ( input ) =  16. km :  .........1.
 DEPTH (last_IT) =  16. km :  *********
 DEPTH ( input ) =  17. km :  .....
 DEPTH (last_IT) =  17. km :  ****
 DEPTH ( input ) =  18. km :  ....
 DEPTH (last_IT) =  18. km :  ****
 DEPTH ( input ) =  19. km :  .....
 DEPTH (last_IT) =  19. km :  ******
 DEPTH ( input ) =  20. km :  .....
 DEPTH (last_IT) =  20. km :  ***
 DEPTH ( input ) =  21. km :  ..
 DEPTH (last_IT) =  21. km :  ***
 DEPTH ( input ) =  22. km :  ....
 DEPTH (last_IT) =  22. km :  ******
 DEPTH ( input ) =  23. km :  ....
 DEPTH (last_IT) =  23. km :  *****
 DEPTH ( input ) =  24. km :  ..
 DEPTH (last_IT) =  24. km :   
 DEPTH ( input ) =  25. km :  .
 DEPTH (last_IT) =  25. km :  *
 DEPTH ( input ) =  26. km :   
 DEPTH (last_IT) =  26. km :   
 DEPTH ( input ) =  27. km :   
 DEPTH (last_IT) =  27. km :   
 DEPTH ( input ) =  28. km :   
 DEPTH (last_IT) =  28. km :   
 DEPTH ( input ) =  29. km :   
 DEPTH (last_IT) =  29. km :   
 DEPTH ( input ) =  30. km :   
 DEPTH (last_IT) =  30. km :   
 DEPTH ( input ) =  31. km :   
 DEPTH (last_IT) =  31. km :   
 DEPTH ( input ) =  32. km :   
 DEPTH (last_IT) =  32. km :   
 DEPTH ( input ) =  33. km :   
 DEPTH (last_IT) =  33. km :   
 DEPTH ( input ) =  34. km :   
 DEPTH (last_IT) =  34. km :   
 DEPTH ( input ) =  35. km :   
 DEPTH (last_IT) =  35. km :   
 DEPTH ( input ) =  36. km :   
 DEPTH (last_IT) =  36. km :   
 DEPTH ( input ) =  37. km :   
 DEPTH (last_IT) =  37. km :   
 DEPTH ( input ) =  38. km :   
 DEPTH (last_IT) =  38. km :   
 DEPTH ( input ) =  39. km :   
 DEPTH (last_IT) =  39. km :   
 DEPTH ( input ) =  40. km :   
 DEPTH (last_IT) =  40. km :   
 DEPTH ( input ) =  41. km :   
 DEPTH (last_IT) =  41. km :   
 DEPTH ( input ) =  42. km :   
 DEPTH (last_IT) =  42. km :   
 DEPTH ( input ) =  43. km :   
 DEPTH (last_IT) =  43. km :   
 DEPTH ( input ) =  44. km :   
 DEPTH (last_IT) =  44. km :   
 DEPTH ( input ) =  45. km :   
 DEPTH (last_IT) =  45. km :   
 DEPTH ( input ) =  46. km :   
 DEPTH (last_IT) =  46. km :   
 DEPTH ( input ) =  47. km :   
 DEPTH (last_IT) =  47. km :   
 DEPTH ( input ) =  48. km :   
 DEPTH (last_IT) =  48. km :   
 DEPTH ( input ) =  49. km :   
 DEPTH (last_IT) =  49. km :   
 DEPTH ( input ) =  50. km :   
 DEPTH (last_IT) =  50. km :   
 DEPTH ( input ) =  51. km :   
 DEPTH (last_IT) =  51. km :   
 DEPTH ( input ) =  52. km :   
 DEPTH (last_IT) =  52. km :   
 DEPTH ( input ) =  53. km :   
 DEPTH (last_IT) =  53. km :   
 DEPTH ( input ) =  54. km :   
 DEPTH (last_IT) =  54. km :   
 DEPTH ( input ) =  55. km :   
 DEPTH (last_IT) =  55. km :   
 DEPTH ( input ) =  56. km :   
 DEPTH (last_IT) =  56. km :   
 DEPTH ( input ) =  57. km :   
 DEPTH (last_IT) =  57. km :   
 DEPTH ( input ) =  58. km :   
 DEPTH (last_IT) =  58. km :   
 DEPTH ( input ) =  59. km :   
 DEPTH (last_IT) =  59. km :   
 DEPTH ( input ) =  60. km :   
 DEPTH (last_IT) =  60. km :   
 DEPTH ( input ) =  61. km :   
 DEPTH (last_IT) =  61. km :   
 DEPTH ( input ) =  62. km :   
 DEPTH (last_IT) =  62. km :   
 DEPTH ( input ) =  63. km :   
 DEPTH (last_IT) =  63. km :   
 DEPTH ( input ) =  64. km :   
 DEPTH (last_IT) =  64. km :   
 DEPTH ( input ) =  65. km :   
 DEPTH (last_IT) =  65. km :   
 DEPTH ( input ) =  66. km :   
 DEPTH (last_IT) =  66. km :   
 DEPTH ( input ) =  67. km :   
 DEPTH (last_IT) =  67. km :   
 DEPTH ( input ) =  68. km :   
 DEPTH (last_IT) =  68. km :   
 DEPTH ( input ) =  69. km :   
 DEPTH (last_IT) =  69. km :   
 DEPTH ( input ) =  70. km :   
 DEPTH (last_IT) =  70. km :   
 DEPTH ( input ) =  71. km :   
 DEPTH (last_IT) =  71. km :   
 DEPTH ( input ) =  72. km :   
 DEPTH (last_IT) =  72. km :   
 DEPTH ( input ) =  73. km :   
 DEPTH (last_IT) =  73. km :   
 DEPTH ( input ) =  74. km :  .
 DEPTH (last_IT) =  74. km :  *
 DEPTH ( input ) =  75. km :   
 DEPTH (last_IT) =  75. km :   
 DEPTH ( input ) =  76. km :   
 DEPTH (last_IT) =  76. km :   
 DEPTH ( input ) =  77. km :   
 DEPTH (last_IT) =  77. km :   
 DEPTH ( input ) =  78. km :   
 DEPTH (last_IT) =  78. km :   
 DEPTH ( input ) =  79. km :   
 DEPTH (last_IT) =  79. km :   
 DEPTH ( input ) =  80. km :   
 DEPTH (last_IT) =  80. km :   
 DEPTH ( input ) =  81. km :   
 DEPTH (last_IT) =  81. km :   
 DEPTH ( input ) =  82. km :   
 DEPTH (last_IT) =  82. km :   
 DEPTH ( input ) =  83. km :   
 DEPTH (last_IT) =  83. km :   
 DEPTH ( input ) =  84. km :   
 DEPTH (last_IT) =  84. km :   
 DEPTH ( input ) =  85. km :   
 DEPTH (last_IT) =  85. km :   
 DEPTH ( input ) =  86. km :   
 DEPTH (last_IT) =  86. km :   
 DEPTH ( input ) =  87. km :   
 DEPTH (last_IT) =  87. km :   
 DEPTH ( input ) =  88. km :   
 DEPTH (last_IT) =  88. km :   
 DEPTH ( input ) =  89. km :   
 DEPTH (last_IT) =  89. km :   
 DEPTH ( input ) =  90. km :   
 DEPTH (last_IT) =  90. km :   
 DEPTH ( input ) =  91. km :   
 DEPTH (last_IT) =  91. km :   
 DEPTH ( input ) =  92. km :   
 DEPTH (last_IT) =  92. km :   
 DEPTH ( input ) =  93. km :   
 DEPTH (last_IT) =  93. km :   
 DEPTH ( input ) =  94. km :   
 DEPTH (last_IT) =  94. km :   
 DEPTH ( input ) =  95. km :   
 DEPTH (last_IT) =  95. km :   
 DEPTH ( input ) =  96. km :   
 DEPTH (last_IT) =  96. km :   
 DEPTH ( input ) =  97. km :  .
 DEPTH (last_IT) =  97. km :  *
 DEPTH ( input ) =  98. km :   
 DEPTH (last_IT) =  98. km :   
 DEPTH ( input ) =  99. km :   
 DEPTH (last_IT) =  99. km :   
 DEPTH ( input ) = 100. km :   
 DEPTH (last_IT) = 100. km :   
 DEPTH ( input ) > 100. km :   
 DEPTH (last_IT) > 100. km :   


 Residuals of the stations according to the azimuth:
 (RES  = total average residual at station)
 (RES1 = average residual of rays from 1st quadrant)
 (RES2 = average residual of rays from 2nd quadrant)
 (RES3 = average residual of rays from 3rd quadrant)
 (RES4 = average residual of rays from 4th quadrant)

 Stn#  Stn     RES          RES1         RES2         RES3         RES4
   1   624    -0.14(  74)  -0.22(  33)   0.06(   5)  -0.16(  29)   0.18(   7)
   2   628    -0.31(  69)  -0.54(  32)  -0.17(   5)  -0.19(  25)   0.25(   7)
   3   630     0.01(  53)   0.11(  24)   0.20(  11)  -0.43(  10)  -0.02(   8)
   4   627     0.00(  46)  -0.13(  12)   0.00(   0)  -0.08(  22)   0.28(  12)
   5   621     0.03(  59)  -0.16(   7)   0.00(   0)   0.12(  18)   0.03(  34)
   6   629     0.07(  43)   0.25(  15)   0.00(   0)  -0.64(   8)   0.23(  20)
   7   622    -0.04(  58)  -0.22(  27)   0.00(   0)   0.05(  20)   0.25(  11)
   8   620    -0.03(  48)   0.00(   0)  -0.16(   1)   0.24(  18)  -0.20(  29)
   9   623    -0.00(  55)  -0.16(  30)   0.00(   0)   0.21(  17)   0.17(   8)
  10   626     0.02(  52)  -0.10(  24)   0.00(   0)  -0.19(   6)   0.22(  22)
  11   625     0.01(  49)  -0.05(  14)   0.00(   0)  -0.06(  23)   0.23(  12)
  12   631     0.52(  49)   0.72(  18)   1.69(   1)   0.84(   4)   0.29(  26)
  13   632     0.30(  24)   0.58(  12)   0.91(   2)  -0.15(   3)  -0.14(   7)



 CPU - statistics:

 TOTAL CPU-sec          =    0.3     (CPU-minutes:  0.004)

 >>>   End of program VELEST at 25-06-02 16:11       <<< [ CPU-sec :     0.3]
