 >>> Start of program VELEST at 25-06-02 16:09       <<<                        

 ::::::::::::::::::::::::::::::::::::::                                         
  V E L E S T  - Version : January 3, 1995                                      
  (Authors: see source code)                                                    
 ::::::::::::::::::::::::::::::::::::::                                         


 Title of this VELEST run:

 vinnik_2
 --------


 Current array-dimensions of program VELEST:

 Max. number of EARTHQUAKES for simult. inversion IEQ = ***
 Max. number of SHOTS for simult. inversion    INSHOT =  50
 Max. number of (different) 1D-MODELS      ITOTMODELS =   2
 Max. number of LAYERS per one 1D-model        INLTOT = 100
 Max. number of STATIONS in stationlist           IST = 650
 Max. number of OBSERVATIONS per event MAXOBSPEREVENT = 180






    INPUT - P A R A M E T E R S :



***
***  olat       olon   icoordsystem      zshift   itrial ztrial    ised
  72.000000-126.000000      0            0.000       0     0.00      0
***
*** neqs   nshot    rotate
     91      0      0.0
***
*** isingle   iresolcalc
       0          0
***
*** dmax    itopo    zmin     veladj    zadj   lowveloclay
   300.00     0      0.01       0.20    5.00       0
***
*** nsp    swtfac   vpvs       nmod
     1      1.00    1.730        1
***
***   othet   xythet    zthet    vthet   stathet
       0.01     0.01     0.01     1.00     0.01
***
*** nsinv   nshcor   nshfix     iuseelev    iusestacorr
       1       0       0           1            1
***
*** iturbo    icnvout   istaout   ismpout
       1         1         1         0
***
*** irayout   idrvout   ialeout   idspout   irflout   irfrout   iresout
       0         0         0         0         0         0         0
***
*** delmin   ittmax   invertratio
    0.010       3          1
***
*** Modelfile:
tmp/vinnik_2/synthvel/model_76.mod
***
*** Stationfile:
./velinp/station.sta
***
*** Seismofile:
 
***
*** File with region names:
 
***
*** File with region coordinates:
 
***
*** File #1 with topo data:
 
***
*** File #2 with topo data:
 
***
*** DATA INPUT files:
***
*** File with Earthquake data:
./velinp/data.cnv
***
*** File with Shot data:
 
***
*** OUTPUT files:
***
*** Main print output file:
./velout/vinnik_2/velest76.out
***
*** File with single event locations:
velout.vel
***
*** File with final hypocenters in *.cnv format:
./velout/vinnik_2/final_loc76.cnv
***
*** File with new station corrections:
./velout/vinnik_2/stations_corr76.sta
***
*** File with summary cards (e.g. for plotting):
velout.smp
***
*** File with raypoints:
velout.ray
***
*** File with derivatives:
velout.drv
***
*** File with ALEs:
velout.ale
***
*** File with Dirichlet spreads:
velout.dspr
***
*** File with reflection points:
velout.rfl
***
*** File with refraction points:
velout.rfr
***
*** File with residuals:
velout.res
***




 Origin of cartesian coordinates:
        72.00000N   126.00000E

  X,Y-AXES rotated clockwise from North
           Rotation angle (rotate):
            rotate=    0.0 degr.

 icoordsystem =            0
 normal SHORT DISTANCE CONVERSION will be made
 x is positive towards west, y is positive towards north


 SHORT DISTANCE CONVERSION on ELLIPSOIDE of WORLD GEODETIC SYSTEM 1972 (WGS72)
 =============================================================================

 Radius at equator (REARTH)= 6378.13500  km
   1. / (ellipticity)      =    298.260

 Origin of cartesian coordinates [degrees]:
   72.0000000 N     -126.0000000 W

  Rotation angle (in degr.) clockwise from
North  rotate=    0.0

 Radius of sphere at OLAT =   6358.817 km

 Conversion of GEOGRAPHICAL LATITUDE to GEOCENTRICAL LATITUDE:
 RLATC = TAN(GEOCENTR.LAT) / TAN(GEOGRAPH.LAT)
 RLATC =   0.99333486

          Short distance conversions:
          one min lat ~  1.8597 km 
          one min lon ~  0.5751 km 







    INPUT - M O D E L :



 Model(s) read from file :
 tmp/vinnik_2/synthvel/model_76.mod                                              

 model file title: 
Model: model_76.mod                     
 Velocity structure for model   1 :

 layer    vel   depth   vdamp  reflector
   1      4.72  -5.00    1.00         P-VELOCITY MODEL                  
   2      5.09   2.28    1.00  
   3      5.13   8.54    1.00  
   4      5.32  15.23    1.00  
   5      6.31  27.82    1.00  
   6      6.55  29.71    1.00  
   7      7.10  29.84    1.00  
   8      8.20  37.27    1.00  
   9      8.96  48.11    1.00  

 Calculation of average velocity starts at layer #            1
 z = -5.00 ...  2.28    v = 4.72    AVEL = 4.72 downto z =   2.28
 z =  2.28 ...  8.54    v = 5.09    AVEL = 4.89 downto z =   8.54
 z =  8.54 ... 15.23    v = 5.13    AVEL = 4.97 downto z =  15.23
 z = 15.23 ... 27.82    v = 5.32    AVEL = 5.10 downto z =  27.82
 z = 27.82 ... 29.71    v = 6.31    AVEL = 5.17 downto z =  29.71
 z = 29.71 ... 29.84    v = 6.55    AVEL = 5.18 downto z =  29.84
 z = 29.84 ... 37.27    v = 7.10    AVEL = 5.51 downto z =  37.27
 z = 37.27 ... 48.11    v = 8.20    AVEL = 6.06 downto z =  48.11


 Calculation of average velocity starts at layer #            2
 z =  2.28 ...  8.54    v = 5.09    AVEL = 5.09 downto z =   8.54
 z =  8.54 ... 15.23    v = 5.13    AVEL = 5.11 downto z =  15.23
 z = 15.23 ... 27.82    v = 5.32    AVEL = 5.21 downto z =  27.82
 z = 27.82 ... 29.71    v = 6.31    AVEL = 5.29 downto z =  29.71
 z = 29.71 ... 29.84    v = 6.55    AVEL = 5.30 downto z =  29.84
 z = 29.84 ... 37.27    v = 7.10    AVEL = 5.68 downto z =  37.27
 z = 37.27 ... 48.11    v = 8.20    AVEL = 6.27 downto z =  48.11






    INPUT - S T A T I O N S :



 Station-parameters read from file :
 ./velinp/station.sta                                                            


     stn latitude longitude elev   x      y      z     ptcor stcor model icc
   1 624 72.4760N126.2750E     0  -9.37  53.11  -0.00   0.00  0.00   1  13
   2 628 72.4000N127.1470E     0 -39.15  44.63  -0.00   0.00  0.00   1  12
   3 630 72.0750N128.3250E     0 -80.06   8.37  -0.00   0.00  0.00   1  11
   4 627 72.1170N126.9820E     0 -33.78  13.06  -0.00   0.00  0.00   1  10
   5 621 72.1840N124.8890E     0  38.14  20.53  -0.00   0.00  0.00   1   9
   6 629 71.9290N127.3130E     0 -45.39  -7.92  -0.00   0.00  0.00   1   8
   7 622 72.4420N125.3130E     0  23.42  49.32  -0.00   0.00  0.00   1   7
   8 620 72.6540N124.3470E     0  56.03  72.98  -0.00   0.00  0.00   1   6
   9 623 72.3260N125.7600E     0   8.21  36.38  -0.00   0.00  0.00   1   5
  10 626 71.8880N126.0360E     0  -1.25 -12.50  -0.00   0.00  0.00   1   4
  11 625 72.1740N126.1070E     0  -3.67  19.42  -0.00   0.00  0.00   1   3
  12 631 71.3990N127.2470E     0 -43.72 -67.06  -0.00   0.00  0.00   1   2
  13 632 71.5740N129.0728E     0-107.23 -47.53  -0.00   0.00  0.00   1   1

 NO Seismo-parameter-file specified
 --> NO magnitudes calculated!




   neqs=   91  nshot=    0  nltot=    9

 ~~~ input parameters read.
 ~~~ set units for first iteration ...
 ~~~ determine number of unknowns ...

 Number of unknowns (for array-indexing):  nvar =  385
 Number of effective unknowns        :  nvareff =  373
 Number of elements on/below main diagonal of matrix G = At*A : kvar =   74305

 ~~~ reset G and RHT ...
 ~~~ input data, raytracing, setup G ...






    I N P U T - D A T A  

  eq    origin-time    latitude longitude depth    x      y      z    mag ifxOBS
   1 160818 1613  9.10 73.0030N 124.8500E  23.10  38.61 111.92  23.10 1.40 0   6
   2 160818 1613  9.30 72.9910N 124.8700E  22.80  37.95 110.58  22.80 1.10 0   6
   3 160819 0959 27.30 71.9230N 129.7600E  12.10-130.00  -8.59  12.10 4.00 0  12
   4 160820 1506 15.70 71.9380N 129.7900E  11.00-130.98  -6.92  11.00 1.50 0   9
   5 160820 1904 45.70 72.3480N 127.1800E  23.80 -40.33  38.83  23.80 1.20 0   6
   6 160822 1318 49.50 72.3650N 127.0800E  16.50 -36.90  40.73  16.50 0.60 0   8
   7 160823 0652 14.00 70.9330N 129.8100E   6.40-135.21-119.06   6.40 2.90 0   6
   8 160824 1510 30.40 71.6070N 130.0400E   8.60-140.86 -43.85   8.60 1.50 0   9
   9 160906 1514 39.70 72.5080N 125.6800E  12.10  10.89  56.68  12.10 0.90 0   6
 WARNING:
 epicentral distance: 303.3 > dmax ( 300.0) ==> skipping phase !
 WARNING:
 epicentral distance: 338.2 > dmax ( 300.0) ==> skipping phase !
  10 160920 1607 18.30 69.2370N 128.3500E  16.20 -87.07-308.31  16.20 2.60 0   2
 WARNING:
 epicentral distance: 318.5 > dmax ( 300.0) ==> skipping phase !
 WARNING:
 epicentral distance: 355.0 > dmax ( 300.0) ==> skipping phase !
  11 160925 1911  5.60 69.2250N 127.6800E  15.60 -62.26-309.64  15.60 2.30 0   2
  12 161004 0841 51.20 72.8480N 124.9600E  15.60  35.07  94.62  15.60 0.20 0   6
  13 161005 1619 46.90 72.8770N 125.0100E  19.00  33.35  97.86  19.00 1.00 0   9
  14 161006 0156 55.90 72.8740N 125.0100E  13.90  33.36  97.52  13.90 1.00 0   7
  15 161009 0036 44.70 72.8720N 124.9900E  17.20  34.03  97.30  17.20 1.30 0   8
  16 161009 0036 44.90 72.8580N 124.9600E  18.60  35.06  95.74  18.60 1.20 0   7
  17 161012 0800 22.10 72.7380N 126.0300E  18.50  -1.01  82.35  18.50 0.80 0   7
  18 161015 1013 36.50 72.0400N 126.9900E  11.20 -34.12   4.46  11.20 0.70 0   7
  19 161021 0507 33.30 72.5750N 124.7800E  10.10  41.44  64.16  10.10 0.80 0   6
  20 161124 2250 46.00 72.7630N 124.8800E  16.20  37.85  85.14  16.20 3.10 0   4
  21 161125 0156 34.10 72.7420N 124.9200E  14.50  36.52  82.80  14.50 0.60 0   7
  22 161125 0517 25.90 72.7650N 124.9400E  13.50  35.82  85.36  13.50 1.60 0   6
  23 161125 0525 15.90 72.7740N 124.9500E  11.60  35.48  86.37  11.60 0.80 0   6
  24 161125 0556  2.00 72.7350N 124.9700E   5.70  34.84  82.01   5.70 0.20 0   6
  25 170117 0846 48.60 72.2130N 127.3400E  22.00 -45.97  23.77  22.00 0.30 0   6
  26 170122 1614 27.60 71.9670N 128.0400E  10.30 -70.45  -3.68  10.30 0.90 0   6
  27 170125 2244  0.20 72.4440N 126.0200E  13.10  -0.68  49.54  13.10 0.80 0   6
  28 170302 1359 59.10 72.6830N 124.8900E  11.50  37.60  76.21  11.50 0.50 0   7
  29 170302 2335 20.20 71.8850N 130.3000E  14.80-148.82 -12.83  14.80 2.10 0   9
  30 170304 2135  2.90 72.6880N 124.9400E  13.40  35.90  76.77  13.40 1.30 0   7
  31 170307 0447 21.00 72.6940N 124.9200E  14.20  36.57  77.44  14.20 1.70 0  10
  32 170307 2016 50.80 72.6910N 124.9100E  15.30  36.91  77.10  15.30 1.10 0   6
  33 170309 1454  0.80 72.6830N 124.9000E  15.60  37.26  76.21  15.60 0.30 0   6
  34 170311 0430 55.40 72.3130N 126.5000E  24.50 -17.11  34.93  24.50 0.30 0   6
  35 170312 0416 39.20 71.9240N 128.0800E   3.40 -71.91  -8.48   3.40 2.10 0   6
  36 170313 0553 59.10 72.6980N 124.9200E  15.10  36.57  77.89  15.10 1.00 0   9
  37 170313 0809  5.60 72.4500N 125.0800E  14.90  31.36  50.21  14.90 1.20 0   7
  38 170315 0234 46.50 72.6540N 123.8400E  16.90  73.22  72.98  16.90 1.40 0   7
  39 170317 1007 14.10 72.2350N 125.9800E   3.90   0.69  26.22   3.90 0.50 0   7
  40 170320 0711 14.60 72.1250N 127.2200E  16.80 -41.95  13.95  16.80 0.90 0   6
  41 170320 0853 56.40 72.7090N 124.9700E   5.10  34.86  79.11   5.10 0.40 0   6
  42 170320 1900 34.30 72.4150N 126.1200E  18.00  -4.09  46.31  18.00 0.60 0   7
  43 170323 0519 24.60 71.6470N 129.1800E   5.20-110.76 -39.39   5.20 1.20 0   6
  44 170323 1612 49.70 72.4530N 125.1100E   8.30  30.33  50.55   8.30 0.50 0   6
  45 170323 1906 41.20 72.4070N 130.2500E  18.30-145.04  45.41  18.30 1.00 0   6
  46 170326 0836 34.10 71.9930N 127.6700E  16.10 -57.63  -0.78  16.10 1.50 0   7
  47 170402 0422  1.00 72.7220N 125.6900E  21.90  10.49  80.56  21.90 1.20 0  10
  48 170402 0636 37.20 72.7310N 125.6900E  23.50  10.49  81.57  23.50 0.70 0   6
  49 170404 2347 35.70 72.7580N 124.3800E  22.60  54.76  84.58  22.60 0.50 0   6
  50 170405 0307 36.10 71.6810N 128.9500E  15.30-102.66 -35.60  15.30 1.00 0  10
  51 170405 1410 53.20 71.5100N 128.9000E   9.30-101.37 -54.68   9.30 1.70 0  10
  52 170406 0838 43.20 72.3850N 129.3800E  15.50-115.42  42.96  15.50 0.90 0  10
  53 170406 1728  1.00 72.7230N 125.6900E  21.30  10.49  80.67  21.30 0.90 0  10
 WARNING:
 epicentral distance: 325.9 > dmax ( 300.0) ==> skipping phase !
 WARNING:
 epicentral distance: 332.9 > dmax ( 300.0) ==> skipping phase !
 WARNING:
 epicentral distance: 345.3 > dmax ( 300.0) ==> skipping phase !
 WARNING:
 epicentral distance: 391.9 > dmax ( 300.0) ==> skipping phase !
  54 170407 1729  3.40 74.8930N 128.6300E  15.60 -83.67 322.81  15.60 1.80 0   2
 WARNING:
 epicentral distance: 311.3 > dmax ( 300.0) ==> skipping phase !
 WARNING:
 epicentral distance: 315.4 > dmax ( 300.0) ==> skipping phase !
 WARNING:
 epicentral distance: 328.9 > dmax ( 300.0) ==> skipping phase !
 WARNING:
 epicentral distance: 374.2 > dmax ( 300.0) ==> skipping phase !
  55 170407 1729  3.50 74.7270N 128.8100E   0.40 -89.83 304.29   0.40 1.60 0   5
  56 170408 1004 44.90 72.6070N 124.9400E  15.00  35.98  67.73  15.00 1.40 0  13
  57 170409 0856 47.20 73.3850N 128.5500E  15.60 -84.71 154.54  15.60 2.50 0   6
  58 170409 0902 45.60 73.3500N 128.4400E  15.10 -81.13 150.64  15.10 1.10 0   7
  59 170410 1520  8.50 72.0030N 128.3900E   2.70 -82.46   0.33   2.70 1.00 0  10
  60 170410 1813  3.60 70.9360N 129.1200E   3.70-110.72-118.73   3.70 2.20 0  13
  61 170412 1507  0.60 71.5070N 129.7200E   0.00-130.05 -55.01   0.00 0.70 0   6
  62 170413 0651 20.10 73.3680N 125.4200E  15.60  19.28 152.65  15.60 1.00 0  10
  63 170414 0459 18.80 72.2680N 127.3800E  20.10 -47.27  29.90  20.10 0.50 0   7
  64 170414 0540  4.80 73.6400N 130.9700E   8.00-163.92 183.00   8.00 1.80 0  11
  65 170414 1656 23.40 72.1850N 127.4000E  15.50 -48.06  20.64  15.50 0.20 0   6
  66 170414 1753 32.80 72.3840N 130.4600E  17.90-152.30  42.85  17.90 0.70 0   6
  67 170416 0523 41.90 71.9560N 127.0800E  19.20 -37.31  -4.91  19.20 1.60 0  13
  68 170416 1220 14.20 72.9470N 124.4900E  20.40  50.77 105.67  20.40 1.00 0  11
 WARNING:
 epicentral distance: 320.3 > dmax ( 300.0) ==> skipping phase !
 WARNING:
 epicentral distance: 381.0 > dmax ( 300.0) ==> skipping phase !
 WARNING:
 epicentral distance: 398.8 > dmax ( 300.0) ==> skipping phase !
 WARNING:
 epicentral distance: 405.0 > dmax ( 300.0) ==> skipping phase !
 WARNING:
 epicentral distance: 424.8 > dmax ( 300.0) ==> skipping phase !
 WARNING:
 epicentral distance: 431.2 > dmax ( 300.0) ==> skipping phase !
 WARNING:
 epicentral distance: 445.5 > dmax ( 300.0) ==> skipping phase !
 WARNING:
 epicentral distance: 451.8 > dmax ( 300.0) ==> skipping phase !
 WARNING:
 epicentral distance: 464.3 > dmax ( 300.0) ==> skipping phase !
  69 170416 1257 48.30 68.8710N 131.7500E  73.50-214.97-349.14  73.50 2.20 0   0
  70 170416 1821  5.50 72.8670N 125.0000E  19.30  33.70  96.74  19.30 1.30 0  13
  71 170418 0606  4.10 72.5080N 125.8200E   1.30   6.13  56.68   1.30 0.20 0   6
 WARNING:
 epicentral distance: 315.2 > dmax ( 300.0) ==> skipping phase !
 WARNING:
 epicentral distance: 332.1 > dmax ( 300.0) ==> skipping phase !
 WARNING:
 epicentral distance: 345.3 > dmax ( 300.0) ==> skipping phase !
 WARNING:
 epicentral distance: 352.6 > dmax ( 300.0) ==> skipping phase !
 WARNING:
 epicentral distance: 346.7 > dmax ( 300.0) ==> skipping phase !
 WARNING:
 epicentral distance: 356.6 > dmax ( 300.0) ==> skipping phase !
 WARNING:
 epicentral distance: 363.9 > dmax ( 300.0) ==> skipping phase !
 WARNING:
 epicentral distance: 372.8 > dmax ( 300.0) ==> skipping phase !
 WARNING:
 epicentral distance: 378.6 > dmax ( 300.0) ==> skipping phase !
 WARNING:
 epicentral distance: 378.6 > dmax ( 300.0) ==> skipping phase !
  72 170418 1005 56.80 69.3310N 122.4100E  97.00 132.70-297.82  97.00 2.20 0   1
  73 170418 1500 12.90 72.7340N 124.5100E  23.10  50.40  81.90  23.10 1.30 0  12
  74 170420 1302 36.20 72.6290N 129.0200E  21.80-102.44  70.19  21.80 0.90 0  11
  75 170420 2248 46.70 72.0220N 129.1200E   0.00-107.59   2.46   0.00 0.70 0  11
 WARNING:
 epicentral distance: 313.1 > dmax ( 300.0) ==> skipping phase !
 WARNING:
 epicentral distance: 324.4 > dmax ( 300.0) ==> skipping phase !
 WARNING:
 epicentral distance: 324.2 > dmax ( 300.0) ==> skipping phase !
 WARNING:
 epicentral distance: 342.4 > dmax ( 300.0) ==> skipping phase !
 WARNING:
 epicentral distance: 349.0 > dmax ( 300.0) ==> skipping phase !
 WARNING:
 epicentral distance: 380.2 > dmax ( 300.0) ==> skipping phase !
 WARNING:
 epicentral distance: 381.6 > dmax ( 300.0) ==> skipping phase !
 WARNING:
 epicentral distance: 408.0 > dmax ( 300.0) ==> skipping phase !
  76 170423 0850 54.60 74.7080N 132.7900E   0.10-217.19 302.17   0.10 1.90 0   0
  77 170423 1455 44.10 72.8400N 124.4900E  16.80  50.92  93.73  16.80 0.60 0   8
  78 170423 2313 41.80 72.5960N 124.8700E  22.00  38.36  66.50  22.00 1.30 0  12
  79 170424 0609 58.60 71.9600N 128.0200E   0.10 -69.77  -4.46   0.10 1.10 0  12
  80 170424 0755 26.70 71.9480N 128.0300E   0.00 -70.14  -5.80   0.00 1.00 0  12
  81 170424 0755 26.90 71.9590N 128.0300E   0.00 -70.12  -4.57   0.00 1.00 0  12
  82 170425 0652 23.30 71.9600N 128.0300E   0.00 -70.12  -4.46   0.00 1.20 0   9
  83 170426 0051 23.20 71.9450N 128.0600E   6.60 -71.18  -6.14   6.60 0.70 0   6
  84 170426 1425 21.20 72.0790N 127.2600E  21.00 -43.38   8.82  21.00 0.10 0   6
  85 170426 1834 24.60 71.5840N 130.8000E  10.90-167.46 -46.42  10.90 1.20 0   8
  86 170426 1840 44.10 72.2710N 126.3600E  18.10 -12.33  30.24  18.10 1.30 0   8
  87 170427 0912 28.80 72.0640N 127.7900E   2.60 -61.65   7.14   2.60 0.90 0   8
  88 170427 1041 38.10 71.7480N 128.9900E   8.40-103.86 -28.12   8.40 0.70 0   7
  89 170427 2010 47.80 72.8010N 130.2000E  20.20-141.80  89.38  20.20 1.30 0   8
  90 170427 2010 48.30 72.7890N 130.1400E  20.10-139.82  88.04  20.10 1.30 0   8
  91 170427 2342 34.10 72.7630N 125.0100E  19.50  33.46  85.14  19.50 0.80 0   6

 readings for station 624  :  74
 readings for station 628  :  69
 readings for station 630  :  53
 readings for station 627  :  46
 readings for station 621  :  59
 readings for station 629  :  43
 readings for station 622  :  58
 readings for station 620  :  48
 readings for station 623  :  55
 readings for station 626  :  52
 readings for station 625  :  49
 readings for station 631  :  49
 readings for station 632  :  24

 Total number of stations with readings:  13

 Total number of readings:     679
 Total number of P readings:       0
 Total number of S readings:       0


 ~~~ store parts of G ...
 ~~~ compute RMS and DATVAR ...

 Total number of observations is:   679


 $$$$$$$$$$$$$$$$$$$$$$$$$$$$$$$$$$$$$$$$$$$$$$$$$
 Events with  | AVRES | > 1.0 SEC are suspicious !

 Event#   1 >>>  160818 1613  AVRES = -1.87 NOBS =  6
 Event#   2 >>>  160818 1613  AVRES = -1.89 NOBS =  6
 Event#   3 >>>  160819 0959  AVRES = -2.14 NOBS = 12
 Event#   4 >>>  160820 1506  AVRES = -2.03 NOBS =  9
 Event#   5 >>>  160820 1904  AVRES = -1.77 NOBS =  6
 Event#   6 >>>  160822 1318  AVRES = -1.42 NOBS =  8
 Event#   7 >>>  160823 0652  AVRES = -1.55 NOBS =  6
 Event#   8 >>>  160824 1510  AVRES = -1.76 NOBS =  9
 Event#   9 >>>  160906 1514  AVRES = -1.15 NOBS =  6
 Event#  10 >>>  160920 1607  AVRES =  1.00 NOBS =  2
 Event#  12 >>>  161004 0841  AVRES = -1.98 NOBS =  6
 Event#  13 >>>  161005 1619  AVRES = -1.91 NOBS =  9
 Event#  14 >>>  161006 0156  AVRES = -2.01 NOBS =  7
 Event#  15 >>>  161009 0036  AVRES = -1.70 NOBS =  8
 Event#  16 >>>  161009 0036  AVRES = -1.48 NOBS =  7
 Event#  17 >>>  161012 0800  AVRES = -1.67 NOBS =  7
 Event#  18 >>>  161015 1013  AVRES = -1.73 NOBS =  7
 Event#  19 >>>  161021 0507  AVRES = -1.43 NOBS =  6
 Event#  20 >>>  161124 2250  AVRES = -2.18 NOBS =  4
 Event#  21 >>>  161125 0156  AVRES = -1.98 NOBS =  7
 Event#  22 >>>  161125 0517  AVRES = -2.04 NOBS =  6
 Event#  23 >>>  161125 0525  AVRES = -2.07 NOBS =  6
 Event#  24 >>>  161125 0556  AVRES = -1.79 NOBS =  6
 Event#  25 >>>  170117 0846  AVRES = -1.12 NOBS =  6
 Event#  26 >>>  170122 1614  AVRES = -1.51 NOBS =  6
 Event#  27 >>>  170125 2244  AVRES = -1.37 NOBS =  6
 Event#  28 >>>  170302 1359  AVRES = -1.75 NOBS =  7
 Event#  29 >>>  170302 2335  AVRES = -1.90 NOBS =  9
 Event#  30 >>>  170304 2135  AVRES = -1.57 NOBS =  7
 Event#  31 >>>  170307 0447  AVRES = -1.78 NOBS = 10
 Event#  32 >>>  170307 2016  AVRES = -1.88 NOBS =  6
 Event#  33 >>>  170309 1454  AVRES = -1.66 NOBS =  6
 Event#  34 >>>  170311 0430  AVRES = -1.20 NOBS =  6
 Event#  35 >>>  170312 0416  AVRES = -1.55 NOBS =  6
 Event#  36 >>>  170313 0553  AVRES = -1.72 NOBS =  9
 Event#  37 >>>  170313 0809  AVRES = -1.56 NOBS =  7
 Event#  38 >>>  170315 0234  AVRES = -2.05 NOBS =  7
 Event#  39 >>>  170317 1007  AVRES = -1.09 NOBS =  7
 Event#  40 >>>  170320 0711  AVRES = -1.49 NOBS =  6
 Event#  41 >>>  170320 0853  AVRES = -1.80 NOBS =  6
 Event#  42 >>>  170320 1900  AVRES = -1.12 NOBS =  7
 Event#  43 >>>  170323 0519  AVRES = -2.20 NOBS =  6
 Event#  44 >>>  170323 1612  AVRES = -1.23 NOBS =  6
 Event#  45 >>>  170323 1906  AVRES = -1.64 NOBS =  6
 Event#  46 >>>  170326 0836  AVRES = -1.48 NOBS =  7
 Event#  47 >>>  170402 0422  AVRES = -1.36 NOBS = 10
 Event#  48 >>>  170402 0636  AVRES = -1.44 NOBS =  6
 Event#  49 >>>  170404 2347  AVRES = -1.80 NOBS =  6
 Event#  50 >>>  170405 0307  AVRES = -2.03 NOBS = 10
 Event#  51 >>>  170405 1410  AVRES = -2.25 NOBS = 10
 Event#  52 >>>  170406 0838  AVRES = -2.09 NOBS = 10
 Event#  53 >>>  170406 1728  AVRES = -1.35 NOBS = 10
 Event#  55 >>>  170407 1729  AVRES = -1.01 NOBS =  5
 Event#  56 >>>  170408 1004  AVRES = -1.82 NOBS = 13
 Event#  58 >>>  170409 0902  AVRES = -1.19 NOBS =  7
 Event#  59 >>>  170410 1520  AVRES = -2.10 NOBS = 10
 Event#  60 >>>  170410 1813  AVRES = -1.81 NOBS = 13
 Event#  61 >>>  170412 1507  AVRES = -2.69 NOBS =  6
 Event#  62 >>>  170413 0651  AVRES = -1.83 NOBS = 10
 Event#  63 >>>  170414 0459  AVRES = -1.55 NOBS =  7
 Event#  65 >>>  170414 1656  AVRES = -1.28 NOBS =  6
 Event#  66 >>>  170414 1753  AVRES = -1.88 NOBS =  6
 Event#  67 >>>  170416 0523  AVRES = -1.66 NOBS = 13
 Event#  68 >>>  170416 1220  AVRES = -1.78 NOBS = 11
 Event#  70 >>>  170416 1821  AVRES = -1.64 NOBS = 13
 Event#  72 >>>  170418 1005  AVRES =  1.89 NOBS =  1
 Event#  73 >>>  170418 1500  AVRES = -1.48 NOBS = 12
 Event#  74 >>>  170420 1302  AVRES = -1.76 NOBS = 11
 Event#  75 >>>  170420 2248  AVRES = -2.20 NOBS = 11
 Event#  77 >>>  170423 1455  AVRES = -1.94 NOBS =  8
 Event#  78 >>>  170423 2313  AVRES = -1.65 NOBS = 12
 Event#  79 >>>  170424 0609  AVRES = -2.01 NOBS = 12
 Event#  80 >>>  170424 0755  AVRES = -1.99 NOBS = 12
 Event#  81 >>>  170424 0755  AVRES = -1.97 NOBS = 12
 Event#  82 >>>  170425 0652  AVRES = -1.90 NOBS =  9
 Event#  83 >>>  170426 0051  AVRES = -1.63 NOBS =  6
 Event#  84 >>>  170426 1425  AVRES = -1.13 NOBS =  6
 Event#  85 >>>  170426 1834  AVRES = -1.86 NOBS =  8
 Event#  86 >>>  170426 1840  AVRES = -1.49 NOBS =  8
 Event#  87 >>>  170427 0912  AVRES = -1.49 NOBS =  8
 Event#  88 >>>  170427 1041  AVRES = -2.45 NOBS =  7
 Event#  89 >>>  170427 2010  AVRES = -1.16 NOBS =  8
 Event#  90 >>>  170427 2010  AVRES = -1.26 NOBS =  8
 Event#  91 >>>  170427 2342  AVRES = -1.82 NOBS =  6

 ^^^^^^^^^ C H E C K   these events above ^^^^^^^^
 $$$$$$$$$$$$$$$$$$$$$$$$$$$$$$$$$$$$$$$$$$$$$$$$$

 ~~~ save initial datvar ...

 Iteration nr  0 obtained:
 DATVAR=    1.712779 mean sqrd residual=     0.771886  RMS RESIDUAL=     0.878570

 After  0 iterations we got:
 Average absolute & unweighted [and mean] residual of
   355 straight and direct rays =  1.64201 [ -1.63136]
   324 refracted           rays =  1.77124 [ -1.69227]
     0 reflected           rays =  0.00000 [  0.00000]

   679 ALL                 RAYS =  1.70367 [ -1.66042]        0.00 %




--------------------------------------------------------------------------------



           ITERATION no  1

 ~~~ set units for this iteration ...
 ~~~ determine number of unknowns for this iter. ...

 Number of unknowns (for array-indexing):  nvar =  385
 Number of effective unknowns        :  nvareff =  386
 Number of elements on/below main diagonal of matrix G = At*A : kvar =   74305

 Damping factors to be used in this iteration:
   Othet=   0.010   XYthet  =   0.010   Zthet=  0.010
 STAthet=   0.010   Vthet   =   1.000

 ~~~ damp G ...
 ~~~ solve G * b = RHT ...
 ~~~ fix units ...
 ~~~ apply eventually step-length damping ...
 ~~~ adjust model (hypocenters, stacorr & veloc.) ...

 doing velocity adjustments now...

 doing station-correction adjustments...

 ~~~ compute effective step-length ...

 (Applied) Step length =   3.162

 ~~~ set units for next iteration ...
 ~~~ determine number of unknowns for next iter. ...

 Number of unknowns (for array-indexing):  nvar =  385
 Number of effective unknowns        :  nvareff =  386
 Number of elements on/below main diagonal of matrix G = At*A : kvar =   74305

 ~~~ reset G and RHT ...
 ~~~ raytracing, setup G ...
 ~~~ store parts of G ...
 ~~~ set units back for current iteration ...
 ~~~ determine number of unknowns for this iter. ...

 Number of unknowns (for array-indexing):  nvar =  385
 Number of effective unknowns        :  nvareff =  386
 Number of elements on/below main diagonal of matrix G = At*A : kvar =   74305

 ~~~ compute RMS and DATVAR ...

 $$$$$$$$$$$$$$$$$$$$$$$$$$$$$$$$$$$$$$$$$$$$$$$$$
 Events with  | AVRES | > 1.0 SEC are suspicious !

 Event#   1 >>>  160818 1613  AVRES = -1.61 NOBS =  6
 Event#   2 >>>  160818 1613  AVRES = -1.62 NOBS =  6
 Event#   3 >>>  160819 0959  AVRES = -1.81 NOBS = 12
 Event#   4 >>>  160820 1506  AVRES = -1.72 NOBS =  9
 Event#   5 >>>  160820 1904  AVRES = -1.52 NOBS =  6
 Event#   6 >>>  160822 1318  AVRES = -1.22 NOBS =  8
 Event#   7 >>>  160823 0652  AVRES = -1.33 NOBS =  6
 Event#   8 >>>  160824 1510  AVRES = -1.50 NOBS =  9
 Event#  12 >>>  161004 0841  AVRES = -1.70 NOBS =  6
 Event#  13 >>>  161005 1619  AVRES = -1.64 NOBS =  9
 Event#  14 >>>  161006 0156  AVRES = -1.72 NOBS =  7
 Event#  15 >>>  161009 0036  AVRES = -1.46 NOBS =  8
 Event#  16 >>>  161009 0036  AVRES = -1.26 NOBS =  7
 Event#  17 >>>  161012 0800  AVRES = -1.43 NOBS =  7
 Event#  18 >>>  161015 1013  AVRES = -1.48 NOBS =  7
 Event#  19 >>>  161021 0507  AVRES = -1.23 NOBS =  6
 Event#  20 >>>  161124 2250  AVRES = -1.86 NOBS =  4
 Event#  21 >>>  161125 0156  AVRES = -1.68 NOBS =  7
 Event#  22 >>>  161125 0517  AVRES = -1.73 NOBS =  6
 Event#  23 >>>  161125 0525  AVRES = -1.76 NOBS =  6
 Event#  24 >>>  161125 0556  AVRES = -1.53 NOBS =  6
 Event#  26 >>>  170122 1614  AVRES = -1.29 NOBS =  6
 Event#  27 >>>  170125 2244  AVRES = -1.17 NOBS =  6
 Event#  28 >>>  170302 1359  AVRES = -1.48 NOBS =  7
 Event#  29 >>>  170302 2335  AVRES = -1.61 NOBS =  9
 Event#  30 >>>  170304 2135  AVRES = -1.33 NOBS =  7
 Event#  31 >>>  170307 0447  AVRES = -1.52 NOBS = 10
 Event#  32 >>>  170307 2016  AVRES = -1.61 NOBS =  6
 Event#  33 >>>  170309 1454  AVRES = -1.42 NOBS =  6
 Event#  34 >>>  170311 0430  AVRES = -1.03 NOBS =  6
 Event#  35 >>>  170312 0416  AVRES = -1.33 NOBS =  6
 Event#  36 >>>  170313 0553  AVRES = -1.46 NOBS =  9
 Event#  37 >>>  170313 0809  AVRES = -1.34 NOBS =  7
 Event#  38 >>>  170315 0234  AVRES = -1.76 NOBS =  7
 Event#  40 >>>  170320 0711  AVRES = -1.28 NOBS =  6
 Event#  41 >>>  170320 0853  AVRES = -1.54 NOBS =  6
 Event#  43 >>>  170323 0519  AVRES = -1.88 NOBS =  6
 Event#  44 >>>  170323 1612  AVRES = -1.05 NOBS =  6
 Event#  45 >>>  170323 1906  AVRES = -1.40 NOBS =  6
 Event#  46 >>>  170326 0836  AVRES = -1.27 NOBS =  7
 Event#  47 >>>  170402 0422  AVRES = -1.15 NOBS = 10
 Event#  48 >>>  170402 0636  AVRES = -1.23 NOBS =  6
 Event#  49 >>>  170404 2347  AVRES = -1.55 NOBS =  6
 Event#  50 >>>  170405 0307  AVRES = -1.72 NOBS = 10
 Event#  51 >>>  170405 1410  AVRES = -1.92 NOBS = 10
 Event#  52 >>>  170406 0838  AVRES = -1.79 NOBS = 10
 Event#  53 >>>  170406 1728  AVRES = -1.14 NOBS = 10
 Event#  56 >>>  170408 1004  AVRES = -1.56 NOBS = 13
 Event#  58 >>>  170409 0902  AVRES = -1.01 NOBS =  7
 Event#  59 >>>  170410 1520  AVRES = -1.80 NOBS = 10
 Event#  60 >>>  170410 1813  AVRES = -1.54 NOBS = 13
 Event#  61 >>>  170412 1507  AVRES = -2.30 NOBS =  6
 Event#  62 >>>  170413 0651  AVRES = -1.55 NOBS = 10
 Event#  63 >>>  170414 0459  AVRES = -1.32 NOBS =  7
 Event#  65 >>>  170414 1656  AVRES = -1.10 NOBS =  6
 Event#  66 >>>  170414 1753  AVRES = -1.58 NOBS =  6
 Event#  67 >>>  170416 0523  AVRES = -1.42 NOBS = 13
 Event#  68 >>>  170416 1220  AVRES = -1.52 NOBS = 11
 Event#  70 >>>  170416 1821  AVRES = -1.41 NOBS = 13
 Event#  72 >>>  170418 1005  AVRES =  1.60 NOBS =  1
 Event#  73 >>>  170418 1500  AVRES = -1.26 NOBS = 12
 Event#  74 >>>  170420 1302  AVRES = -1.49 NOBS = 11
 Event#  75 >>>  170420 2248  AVRES = -1.87 NOBS = 11
 Event#  77 >>>  170423 1455  AVRES = -1.66 NOBS =  8
 Event#  78 >>>  170423 2313  AVRES = -1.41 NOBS = 12
 Event#  79 >>>  170424 0609  AVRES = -1.72 NOBS = 12
 Event#  80 >>>  170424 0755  AVRES = -1.70 NOBS = 12
 Event#  81 >>>  170424 0755  AVRES = -1.68 NOBS = 12
 Event#  82 >>>  170425 0652  AVRES = -1.62 NOBS =  9
 Event#  83 >>>  170426 0051  AVRES = -1.40 NOBS =  6
 Event#  85 >>>  170426 1834  AVRES = -1.59 NOBS =  8
 Event#  86 >>>  170426 1840  AVRES = -1.27 NOBS =  8
 Event#  87 >>>  170427 0912  AVRES = -1.28 NOBS =  8
 Event#  88 >>>  170427 1041  AVRES = -2.10 NOBS =  7
 Event#  90 >>>  170427 2010  AVRES = -1.07 NOBS =  8
 Event#  91 >>>  170427 2342  AVRES = -1.56 NOBS =  6

 ^^^^^^^^^ C H E C K   these events above ^^^^^^^^
 $$$$$$$$$$$$$$$$$$$$$$$$$$$$$$$$$$$$$$$$$$$$$$$$$

 ~~~ check solution (better? worse?) ...

 Iteration nr  1 obtained:
 DATVAR=    1.358881 mean sqrd residual=     0.586380  RMS RESIDUAL=     0.765755

 After  1 iterations we got:
 Average absolute & unweighted [and mean] residual of
   345 straight and direct rays =  1.39279 [ -1.38348]
   334 refracted           rays =  1.52489 [ -1.45276]
     0 reflected           rays =  0.00000 [  0.00000]

   679 ALL                 RAYS =  1.45777 [ -1.41756]      -14.43 %

 ~~~ iteration done; output results ...

  eq       ot     x      y      z      rms    avres   dot     dx     dy     dz
    1      9.04  38.53 112.03  22.98   0.31  -1.61   -0.064 -0.082  0.108 -0.123
    2      9.23  37.89 110.72  22.71   0.31  -1.62   -0.072 -0.057  0.137 -0.088
    3     27.18-130.07  -8.47  12.24   0.59  -1.81   -0.123 -0.074  0.126  0.142
    4     15.56-131.10  -6.80  11.05   0.52  -1.72   -0.136 -0.115  0.120  0.048
    5     45.63 -40.31  38.85  23.90   0.35  -1.52   -0.065  0.024  0.020  0.100
    6     49.43 -36.78  40.67  16.83   0.49  -1.22   -0.068  0.118 -0.060  0.332
    7     13.84-134.94-119.11   6.13   1.15  -1.33   -0.160  0.279 -0.048 -0.269
    8     30.29-140.92 -43.80   8.69   0.71  -1.50   -0.108 -0.058  0.048  0.094
    9     39.61  10.92  56.62  12.21   0.34  -0.99   -0.090  0.032 -0.066  0.111
   10     18.23 -87.35-308.28  16.21   1.03   0.86   -0.067 -0.278  0.021  0.010
   11      5.48 -62.60-309.65  15.62   1.22   0.53   -0.118 -0.341 -0.003  0.018
   12     51.10  35.20  94.73  16.14   0.71  -1.70   -0.097  0.132  0.103  0.540
   13     46.84  33.51  97.81  19.19   0.47  -1.64   -0.061  0.153 -0.052  0.187
   14     55.79  33.49  97.47  14.29   0.75  -1.72   -0.109  0.130 -0.054  0.392
   15     44.63  34.13  97.30  17.38   0.76  -1.46   -0.068  0.100 -0.003  0.179
   16     44.82  35.06  95.82  18.71   0.66  -1.26   -0.081  0.004  0.082  0.107
   17     22.03  -0.92  82.39  18.46   0.56  -1.43   -0.070  0.097  0.043 -0.041
   18     36.36 -34.17   4.49  11.80   0.85  -1.48   -0.136 -0.048  0.027  0.603
   19     33.23  41.38  64.08  10.14   0.72  -1.23   -0.075 -0.069 -0.085  0.036
   20     45.90  37.92  85.09  16.41   0.32  -1.86   -0.096  0.066 -0.046  0.207
   21     34.03  36.58  82.55  14.58   0.69  -1.68   -0.069  0.055 -0.245  0.081
   22     25.79  35.78  85.37  13.89   0.74  -1.73   -0.114 -0.038  0.004  0.395
   23     15.81  35.40  86.16  11.83   0.71  -1.76   -0.087 -0.072 -0.209  0.231
   24      1.87  34.79  82.15   5.72   0.85  -1.53   -0.126 -0.045  0.140  0.015
   25     48.58 -45.90  23.59  22.18   0.40  -0.96   -0.022  0.066 -0.173  0.176
   26     27.51 -70.32  -3.84  10.50   0.59  -1.29   -0.088  0.125 -0.160  0.195
   27      0.12  -0.58  49.39  13.39   0.61  -1.17   -0.082  0.097 -0.151  0.286
   28     59.00  37.66  76.20  11.69   0.65  -1.48   -0.096  0.062 -0.007  0.190
   29     20.09-148.84 -12.81  14.85   0.67  -1.61   -0.115 -0.016  0.024  0.051
   30      2.83  35.88  76.67  13.39   0.74  -1.33   -0.070 -0.016 -0.104 -0.006
   31     20.92  36.53  77.28  14.33   0.81  -1.52   -0.076 -0.039 -0.164  0.127
   32     50.74  36.87  77.03  15.20   0.74  -1.61   -0.058 -0.041 -0.077 -0.097
   33      0.75  37.28  76.07  15.62   0.64  -1.42   -0.050  0.023 -0.140  0.023
   34     55.37 -16.92  34.88  24.57   0.38  -1.03   -0.027  0.191 -0.042  0.072
   35     39.17 -71.51  -8.32   3.47   0.83  -1.33   -0.028  0.399  0.157  0.065
   36     59.04  36.63  77.69  15.22   0.72  -1.46   -0.059  0.063 -0.194  0.119
   37      5.54  31.34  50.15  14.68   0.45  -1.34   -0.061 -0.022 -0.064 -0.217
   38     46.43  73.24  72.72  16.85   0.59  -1.76   -0.072  0.018 -0.255 -0.050
   39     14.00   0.75  26.13   4.02   0.48  -0.93   -0.104  0.062 -0.096  0.123
   40     14.53 -41.88  13.93  16.80   0.52  -1.28   -0.065  0.073 -0.013  0.001
   41     56.31  34.81  78.92   5.17   0.82  -1.54   -0.092 -0.049 -0.190  0.073
   42     34.26  -3.95  46.25  18.04   0.39  -0.96   -0.042  0.145 -0.052  0.039
   43     24.53-110.38 -39.22   5.43   0.90  -1.88   -0.071  0.375  0.169  0.227
   44     49.59  30.33  50.50   8.46   0.60  -1.05   -0.106 -0.007 -0.050  0.165
   45     41.14-144.97  45.69  18.46   0.68  -1.40   -0.063  0.072  0.276  0.159
   46     34.04 -57.57  -0.84  16.26   0.56  -1.27   -0.063  0.062 -0.055  0.164
   47      0.95  10.68  80.51  22.17   0.68  -1.15   -0.050  0.188 -0.058  0.273
   48     37.16  10.64  81.58  23.61   0.31  -1.23   -0.039  0.159  0.012  0.110
   49     35.65  54.67  84.49  22.62   0.50  -1.55   -0.053 -0.088 -0.091  0.022
   50     36.01-102.65 -35.60  15.48   0.68  -1.72   -0.086  0.010 -0.001  0.179
   51     53.05-101.41 -54.30   8.93   0.85  -1.92   -0.147 -0.040  0.378 -0.365
   52     43.11-115.62  43.24  15.71   0.59  -1.79   -0.091 -0.204  0.278  0.214
   53      0.94  10.60  80.83  21.44   0.65  -1.14   -0.060  0.116  0.156  0.137
   54      3.06 -83.69 322.77  15.65   0.48  -0.39   -0.337 -0.015 -0.044  0.051
   55      3.19 -89.76 304.27   0.46   0.41  -0.87   -0.310  0.072 -0.015  0.056
   56     44.82  35.99  67.65  15.06   0.73  -1.56   -0.081  0.011 -0.078  0.064
   57     47.08 -84.66 154.71  15.65   0.70  -0.47   -0.118  0.051  0.167  0.053
   58     45.50 -80.72 150.85  15.12   1.04  -1.01   -0.103  0.413  0.211  0.024
   59      8.42 -82.20   0.27   2.64   0.81  -1.80   -0.080  0.259 -0.069 -0.059
   60      3.48-110.76-118.45   3.77   1.35  -1.54   -0.122 -0.047  0.272  0.073
   61      0.42-130.43 -55.14   0.61   1.05  -2.30   -0.185 -0.385 -0.134  0.501
   62     20.03  19.57 152.58  15.88   1.17  -1.55   -0.072  0.296 -0.063  0.280
   63     18.73 -47.22  29.81  20.51   0.54  -1.32   -0.067  0.055 -0.092  0.410
   64      4.68-163.27 183.73   8.02   0.94  -0.13   -0.119  0.650  0.734  0.019
   65     23.35 -47.95  20.50  15.65   0.39  -1.10   -0.050  0.112 -0.140  0.152
   66     32.73-152.55  42.83  18.24   0.54  -1.58   -0.069 -0.251 -0.023  0.342
   67     41.85 -37.20  -5.03  19.23   0.51  -1.42   -0.050  0.108 -0.121  0.027
   68     14.09  50.85 106.01  20.40   0.44  -1.52   -0.115  0.076  0.342 -0.001
   69     48.30-214.97-349.14  73.50   0.00   0.00    0.000  0.000  0.000  0.000
   70      5.44  33.86  96.70  19.44   0.80  -1.41   -0.065  0.158 -0.042  0.137
   71      4.00   6.17  56.72   1.26   0.63  -0.81   -0.102  0.040  0.035 -0.041
   72     56.55 132.68-297.80  96.99   2.58   1.60   -0.247 -0.016  0.021 -0.006
   73     12.84  50.50  81.85  23.15   0.55  -1.26   -0.057  0.101 -0.048  0.045
   74     36.13-102.62  70.46  22.17   0.48  -1.49   -0.071 -0.182  0.274  0.365
   75     46.57-108.09   2.80   0.85   1.00  -1.87   -0.134 -0.500  0.342  0.740
   76     54.60-217.19 302.17   0.10   0.00   0.00    0.000  0.000  0.000  0.000
   77     44.01  51.02  93.82  16.97   0.52  -1.66   -0.091  0.099  0.088  0.172
   78     41.74  38.49  66.38  22.06   0.58  -1.41   -0.059  0.122 -0.126  0.062
   79     58.49 -69.73  -4.49   0.47   0.75  -1.72   -0.110  0.044 -0.025  0.371
   80     26.58 -70.12  -5.86   0.37   0.70  -1.70   -0.120  0.015 -0.058  0.263
   81     26.78 -70.05  -4.62   0.28   0.69  -1.68   -0.116  0.073 -0.042  0.174
   82     23.17 -70.00  -4.51   0.19   0.67  -1.62   -0.132  0.119 -0.048  0.079
   83     23.14 -70.89  -5.99   6.72   0.73  -1.40   -0.055  0.294  0.149  0.123
   84     21.17 -43.25   8.64  21.06   0.36  -0.97   -0.033  0.135 -0.171  0.064
   85     24.45-167.34 -46.60  10.72   1.02  -1.59   -0.147  0.123 -0.178 -0.180
   86     44.02 -12.22  30.10  18.49   0.56  -1.27   -0.083  0.110 -0.144  0.387
   87     28.73 -61.50   6.99   2.63   0.79  -1.28   -0.073  0.155 -0.155  0.028
   88     38.02-103.55 -28.17   8.22   0.62  -2.10   -0.084  0.310 -0.049 -0.177
   89     47.73-141.96  89.35  20.27   0.67  -0.99   -0.074 -0.161 -0.025  0.066
   90     48.22-139.94  88.08  20.17   0.63  -1.07   -0.084 -0.125  0.037  0.074
   91     34.01  33.65  85.10  19.65   0.62  -1.56   -0.087  0.189 -0.042  0.148

 A V E R A G E   of ADJUSTMENTS :                    -0.090  0.046  0.002  0.117
 A V E R A G E   of ABSOLUTE ADJUSTMENTS :            0.090  0.123  0.110  0.155


 Step length damping of 0.14353 was applied.


 Velocity adjustments:
     vp    dvp      hp   reflector
 Velocity model   1
   4.672 -0.048   -5.000      
   5.173  0.083    2.280      
   5.243  0.113    8.540      
   5.448  0.128   15.230      
   6.359  0.049   27.820      
   6.553  0.003   29.710      
   7.240  0.140   29.840      
   8.098 -0.102   37.270      
   8.760 -0.200   48.110      

 Calculation of average velocity starts at layer #           1
 z = -5.00 ...  2.28    v = 4.67    AVEL = 4.67 downto z =   2.28
 z =  2.28 ...  8.54    v = 5.17    AVEL = 4.90 downto z =   8.54
 z =  8.54 ... 15.23    v = 5.24    AVEL = 5.02 downto z =  15.23
 z = 15.23 ... 27.82    v = 5.45    AVEL = 5.18 downto z =  27.82
 z = 27.82 ... 29.71    v = 6.36    AVEL = 5.25 downto z =  29.71
 z = 29.71 ... 29.84    v = 6.55    AVEL = 5.25 downto z =  29.84
 z = 29.84 ... 37.27    v = 7.24    AVEL = 5.60 downto z =  37.27
 z = 37.27 ... 48.11    v = 8.10    AVEL = 6.11 downto z =  48.11


 Calculation of average velocity starts at layer #           2
 z =  2.28 ...  8.54    v = 5.17    AVEL = 5.17 downto z =   8.54
 z =  8.54 ... 15.23    v = 5.24    AVEL = 5.21 downto z =  15.23
 z = 15.23 ... 27.82    v = 5.45    AVEL = 5.33 downto z =  27.82
 z = 27.82 ... 29.71    v = 6.36    AVEL = 5.40 downto z =  29.71
 z = 29.71 ... 29.84    v = 6.55    AVEL = 5.40 downto z =  29.84
 z = 29.84 ... 37.27    v = 7.24    AVEL = 5.79 downto z =  37.27
 z = 37.27 ... 48.11    v = 8.10    AVEL = 6.34 downto z =  48.11



 Adjusted station corrections:
   stn  ptcor  dpcor  
  624   0.000  0.000  628  -0.045 -0.045  630  -0.015 -0.015  627   0.022  0.022
  621   0.025  0.025  629   0.020  0.020  622   0.022  0.022  620   0.018  0.018
  623   0.043  0.043  626   0.018  0.018  625   0.024  0.024  631   0.040  0.040
  632  -0.007 -0.007

 ~~~ another iteration? ...



--------------------------------------------------------------------------------



           ITERATION no  2

 ~~~ set units for this iteration ...
 ~~~ determine number of unknowns for this iter. ...

 Number of unknowns (for array-indexing):  nvar =  385
 Number of effective unknowns        :  nvareff =  386
 Number of elements on/below main diagonal of matrix G = At*A : kvar =   74305

 Damping factors to be used in this iteration:
   Othet=   0.010   XYthet  =   0.010   Zthet=  0.010
 STAthet=   0.010   Vthet   =   1.000

 ~~~ damp G ...
 ~~~ solve G * b = RHT ...
 ~~~ fix units ...
 ~~~ apply eventually step-length damping ...
 ~~~ adjust model (hypocenters, stacorr & veloc.) ...

 doing velocity adjustments now...

 doing station-correction adjustments...

 ~~~ compute effective step-length ...

 (Applied) Step length =   3.282

 ~~~ set units for next iteration ...
 ~~~ determine number of unknowns for next iter. ...

 Number of unknowns (for array-indexing):  nvar =  385
 Number of effective unknowns        :  nvareff =  386
 Number of elements on/below main diagonal of matrix G = At*A : kvar =   74305

 ~~~ reset G and RHT ...
 ~~~ raytracing, setup G ...
 ~~~ store parts of G ...
 ~~~ set units back for current iteration ...
 ~~~ determine number of unknowns for this iter. ...

 Number of unknowns (for array-indexing):  nvar =  385
 Number of effective unknowns        :  nvareff =  386
 Number of elements on/below main diagonal of matrix G = At*A : kvar =   74305

 ~~~ compute RMS and DATVAR ...

 $$$$$$$$$$$$$$$$$$$$$$$$$$$$$$$$$$$$$$$$$$$$$$$$$
 Events with  | AVRES | > 1.0 SEC are suspicious !

 Event#   1 >>>  160818 1613  AVRES = -1.34 NOBS =  6
 Event#   2 >>>  160818 1613  AVRES = -1.35 NOBS =  6
 Event#   3 >>>  160819 0959  AVRES = -1.50 NOBS = 12
 Event#   4 >>>  160820 1506  AVRES = -1.43 NOBS =  9
 Event#   5 >>>  160820 1904  AVRES = -1.25 NOBS =  6
 Event#   6 >>>  160822 1318  AVRES = -1.01 NOBS =  8
 Event#   7 >>>  160823 0652  AVRES = -1.09 NOBS =  6
 Event#   8 >>>  160824 1510  AVRES = -1.24 NOBS =  9
 Event#  12 >>>  161004 0841  AVRES = -1.41 NOBS =  6
 Event#  13 >>>  161005 1619  AVRES = -1.36 NOBS =  9
 Event#  14 >>>  161006 0156  AVRES = -1.43 NOBS =  7
 Event#  15 >>>  161009 0036  AVRES = -1.22 NOBS =  8
 Event#  16 >>>  161009 0036  AVRES = -1.05 NOBS =  7
 Event#  17 >>>  161012 0800  AVRES = -1.20 NOBS =  7
 Event#  18 >>>  161015 1013  AVRES = -1.22 NOBS =  7
 Event#  19 >>>  161021 0507  AVRES = -1.02 NOBS =  6
 Event#  20 >>>  161124 2250  AVRES = -1.55 NOBS =  4
 Event#  21 >>>  161125 0156  AVRES = -1.40 NOBS =  7
 Event#  22 >>>  161125 0517  AVRES = -1.44 NOBS =  6
 Event#  23 >>>  161125 0525  AVRES = -1.46 NOBS =  6
 Event#  24 >>>  161125 0556  AVRES = -1.27 NOBS =  6
 Event#  26 >>>  170122 1614  AVRES = -1.07 NOBS =  6
 Event#  28 >>>  170302 1359  AVRES = -1.23 NOBS =  7
 Event#  29 >>>  170302 2335  AVRES = -1.33 NOBS =  9
 Event#  30 >>>  170304 2135  AVRES = -1.11 NOBS =  7
 Event#  31 >>>  170307 0447  AVRES = -1.26 NOBS = 10
 Event#  32 >>>  170307 2016  AVRES = -1.34 NOBS =  6
 Event#  33 >>>  170309 1454  AVRES = -1.18 NOBS =  6
 Event#  35 >>>  170312 0416  AVRES = -1.11 NOBS =  6
 Event#  36 >>>  170313 0553  AVRES = -1.22 NOBS =  9
 Event#  37 >>>  170313 0809  AVRES = -1.12 NOBS =  7
 Event#  38 >>>  170315 0234  AVRES = -1.46 NOBS =  7
 Event#  40 >>>  170320 0711  AVRES = -1.07 NOBS =  6
 Event#  41 >>>  170320 0853  AVRES = -1.29 NOBS =  6
 Event#  43 >>>  170323 0519  AVRES = -1.56 NOBS =  6
 Event#  45 >>>  170323 1906  AVRES = -1.14 NOBS =  6
 Event#  46 >>>  170326 0836  AVRES = -1.06 NOBS =  7
 Event#  48 >>>  170402 0636  AVRES = -1.03 NOBS =  6
 Event#  49 >>>  170404 2347  AVRES = -1.29 NOBS =  6
 Event#  50 >>>  170405 0307  AVRES = -1.43 NOBS = 10
 Event#  51 >>>  170405 1410  AVRES = -1.58 NOBS = 10
 Event#  52 >>>  170406 0838  AVRES = -1.49 NOBS = 10
 Event#  56 >>>  170408 1004  AVRES = -1.29 NOBS = 13
 Event#  59 >>>  170410 1520  AVRES = -1.50 NOBS = 10
 Event#  60 >>>  170410 1813  AVRES = -1.28 NOBS = 13
 Event#  61 >>>  170412 1507  AVRES = -1.91 NOBS =  6
 Event#  62 >>>  170413 0651  AVRES = -1.29 NOBS = 10
 Event#  63 >>>  170414 0459  AVRES = -1.10 NOBS =  7
 Event#  66 >>>  170414 1753  AVRES = -1.31 NOBS =  6
 Event#  67 >>>  170416 0523  AVRES = -1.19 NOBS = 13
 Event#  68 >>>  170416 1220  AVRES = -1.26 NOBS = 11
 Event#  70 >>>  170416 1821  AVRES = -1.16 NOBS = 13
 Event#  72 >>>  170418 1005  AVRES =  1.32 NOBS =  1
 Event#  73 >>>  170418 1500  AVRES = -1.04 NOBS = 12
 Event#  74 >>>  170420 1302  AVRES = -1.24 NOBS = 11
 Event#  75 >>>  170420 2248  AVRES = -1.55 NOBS = 11
 Event#  77 >>>  170423 1455  AVRES = -1.38 NOBS =  8
 Event#  78 >>>  170423 2313  AVRES = -1.17 NOBS = 12
 Event#  79 >>>  170424 0609  AVRES = -1.42 NOBS = 12
 Event#  80 >>>  170424 0755  AVRES = -1.41 NOBS = 12
 Event#  81 >>>  170424 0755  AVRES = -1.40 NOBS = 12
 Event#  82 >>>  170425 0652  AVRES = -1.35 NOBS =  9
 Event#  83 >>>  170426 0051  AVRES = -1.16 NOBS =  6
 Event#  85 >>>  170426 1834  AVRES = -1.30 NOBS =  8
 Event#  86 >>>  170426 1840  AVRES = -1.06 NOBS =  8
 Event#  87 >>>  170427 0912  AVRES = -1.07 NOBS =  8
 Event#  88 >>>  170427 1041  AVRES = -1.75 NOBS =  7
 Event#  91 >>>  170427 2342  AVRES = -1.28 NOBS =  6

 ^^^^^^^^^ C H E C K   these events above ^^^^^^^^
 $$$$$$$$$$$$$$$$$$$$$$$$$$$$$$$$$$$$$$$$$$$$$$$$$

 ~~~ check solution (better? worse?) ...

 Iteration nr  2 obtained:
 DATVAR=    0.996491 mean sqrd residual=     0.430003  RMS RESIDUAL=     0.655746

 After  2 iterations we got:
 Average absolute & unweighted [and mean] residual of
   337 straight and direct rays =  1.15316 [ -1.14531]
   342 refracted           rays =  1.27715 [ -1.20793]
     0 reflected           rays =  0.00000 [  0.00000]

   679 ALL                 RAYS =  1.21561 [ -1.17685]      -16.61 %

 ~~~ iteration done; output results ...

  eq       ot     x      y      z      rms    avres   dot     dx     dy     dz
    1      8.96  38.40 112.15  22.97   0.26  -1.34   -0.075 -0.124  0.120 -0.007
    2      9.16  37.90 110.82  22.76   0.26  -1.35   -0.071  0.008  0.102  0.047
    3     27.06-130.26  -8.26  12.27   0.49  -1.50   -0.115 -0.189  0.202  0.027
    4     15.46-131.19  -6.71  11.02   0.48  -1.43   -0.108 -0.094  0.090 -0.030
    5     45.57 -40.27  38.83  24.06   0.30  -1.25   -0.069  0.036 -0.020  0.164
    6     49.37 -36.65  40.61  17.16   0.42  -1.01   -0.061  0.126 -0.059  0.327
    7     13.69-134.78-119.11   5.99   0.98  -1.09   -0.146  0.160 -0.002 -0.144
    8     30.20-140.98 -43.74   8.78   0.61  -1.24   -0.097 -0.065  0.066  0.083
    9     39.53  10.93  56.55  12.29   0.29  -0.82   -0.079  0.006 -0.072  0.082
   10     18.15 -87.65-308.26  16.22   1.00   0.71   -0.088 -0.303  0.026  0.013
   11      5.34 -62.98-309.65  15.64   1.21   0.44   -0.139 -0.380 -0.002  0.020
   12     51.00  35.32  94.87  16.82   0.60  -1.41   -0.099  0.121  0.145  0.681
   13     46.77  33.62  97.81  19.47   0.40  -1.36   -0.068  0.118  0.001  0.284
   14     55.71  33.61  97.38  14.61   0.62  -1.43   -0.085  0.126 -0.092  0.317
   15     44.56  34.20  97.33  17.63   0.64  -1.22   -0.069  0.071  0.034  0.252
   16     44.74  35.06  95.93  18.92   0.56  -1.05   -0.083  0.000  0.111  0.213
   17     21.96  -0.86  82.45  18.50   0.49  -1.20   -0.072  0.062  0.059  0.042
   18     36.23 -34.28   4.47  12.48   0.70  -1.22   -0.139 -0.114 -0.017  0.675
   19     33.16  41.30  63.99  10.14   0.60  -1.02   -0.061 -0.073 -0.089  0.002
   20     45.83  37.85  85.12  16.42   0.27  -1.55   -0.076 -0.064  0.028  0.008
   21     33.98  36.50  82.42  14.44   0.59  -1.40   -0.055 -0.073 -0.134 -0.146
   22     25.72  35.73  85.29  13.96   0.62  -1.44   -0.063 -0.050 -0.076  0.067
   23     15.77  35.28  85.91  11.67   0.59  -1.46   -0.046 -0.128 -0.250 -0.165
   24      1.75  34.71  82.31   5.74   0.74  -1.27   -0.122 -0.077  0.152  0.029
   25     48.55 -45.83  23.40  22.38   0.35  -0.80   -0.024  0.076 -0.194  0.202
   26     27.44 -70.17  -4.03  10.63   0.50  -1.07   -0.074  0.155 -0.187  0.138
   27      0.03  -0.49  49.27  13.78   0.51  -0.98   -0.087  0.090 -0.125  0.398
   28     58.95  37.67  76.16  11.53   0.54  -1.23   -0.057  0.008 -0.039 -0.160
   29     19.98-148.84 -12.92  14.81   0.57  -1.33   -0.110 -0.005 -0.111 -0.042
   30      2.78  35.78  76.65  13.18   0.64  -1.11   -0.052 -0.106 -0.016 -0.216
   31     20.85  36.37  77.25  14.33   0.68  -1.26   -0.069 -0.159 -0.024  0.003
   32     50.69  36.76  76.95  15.03   0.61  -1.34   -0.050 -0.107 -0.078 -0.170
   33      0.70  37.28  75.97  15.68   0.54  -1.18   -0.046 -0.001 -0.105  0.056
   34     55.34 -16.74  34.83  24.64   0.32  -0.86   -0.028  0.177 -0.054  0.071
   35     39.15 -71.07  -8.16   3.54   0.72  -1.11   -0.023  0.442  0.158  0.073
   36     59.00  36.56  77.59  15.16   0.61  -1.22   -0.045 -0.065 -0.099 -0.057
   37      5.48  31.29  50.08  14.48   0.37  -1.12   -0.054 -0.045 -0.067 -0.203
   38     46.34  73.30  72.68  17.03   0.50  -1.46   -0.086  0.058 -0.044  0.181
   39     13.90   0.78  26.02   4.18   0.42  -0.78   -0.100  0.034 -0.109  0.154
   40     14.47 -41.84  13.90  16.81   0.43  -1.07   -0.066  0.039 -0.037  0.010
   41     56.22  34.74  78.71   5.27   0.71  -1.29   -0.085 -0.078 -0.209  0.094
   42     34.22  -3.82  46.20  18.07   0.32  -0.80   -0.038  0.129 -0.058  0.029
   43     24.47-109.90 -39.06   5.70   0.74  -1.56   -0.062  0.483  0.155  0.277
   44     49.51  30.34  50.44   8.55   0.50  -0.88   -0.089  0.017 -0.062  0.089
   45     41.07-144.92  45.95  18.70   0.54  -1.14   -0.068  0.041  0.258  0.246
   46     33.98 -57.48  -0.95  16.40   0.47  -1.06   -0.055  0.088 -0.112  0.132
   47      0.90  10.77  80.60  22.23   0.60  -0.95   -0.049  0.092  0.096  0.053
   48     37.12  10.78  81.59  23.74   0.25  -1.03   -0.039  0.140  0.010  0.132
   49     35.59  54.56  84.42  22.69   0.42  -1.29   -0.055 -0.112 -0.074  0.070
   50     35.95-102.49 -35.59  15.50   0.58  -1.43   -0.062  0.158  0.009  0.017
   51     52.90-101.52 -53.95   8.58   0.73  -1.58   -0.151 -0.103  0.347 -0.356
   52     43.04-115.77  43.35  15.96   0.52  -1.49   -0.065 -0.147  0.117  0.248
   53      0.89  10.70  80.97  21.54   0.57  -0.95   -0.052  0.092  0.141  0.103
   54      2.70 -83.71 322.72  15.70   0.44  -0.33   -0.358 -0.020 -0.050  0.051
   55      2.87 -89.68 304.26   0.51   0.35  -0.73   -0.322  0.079 -0.016  0.058
   56     44.74  36.00  67.58  15.22   0.62  -1.29   -0.078  0.014 -0.070  0.154
   57     46.97 -84.58 155.02  15.77   0.61  -0.39   -0.115  0.079  0.311  0.121
   58     45.40 -80.18 151.14  15.15   0.89  -0.81   -0.100  0.540  0.289  0.027
   59      8.35 -81.89   0.19   2.56   0.71  -1.50   -0.073  0.304 -0.079 -0.082
   60      3.36-110.69-118.19   3.73   1.21  -1.28   -0.113  0.074  0.266 -0.041
   61      0.23-130.95 -55.37   1.25   0.94  -1.91   -0.181 -0.515 -0.228  0.636
   62     19.96  19.83 152.60  16.07   1.02  -1.29   -0.068  0.254  0.015  0.189
   63     18.70 -47.11  29.70  20.65   0.46  -1.10   -0.037  0.110 -0.117  0.144
   64      4.55-162.59 184.52   8.04   0.85  -0.10   -0.132  0.679  0.785  0.021
   65     23.31 -47.83  20.36  15.81   0.33  -0.92   -0.043  0.123 -0.141  0.159
   66     32.69-152.53  43.23  18.45   0.47  -1.31   -0.040  0.024  0.403  0.211
   67     41.80 -37.08  -5.19  19.24   0.42  -1.19   -0.050  0.119 -0.156  0.017
   68     13.99  50.98 106.25  20.35   0.37  -1.26   -0.094  0.129  0.237 -0.050
   69     48.30-214.97-349.14  73.50   0.00   0.00    0.000  0.000  0.000  0.000
   70      5.37  33.99  96.70  19.67   0.68  -1.16   -0.070  0.128 -0.000  0.229
   71      3.92   6.25  56.71   1.27   0.60  -0.67   -0.078  0.083 -0.011  0.007
   72     56.26 132.66-297.77  96.99   1.75   1.32   -0.289 -0.020  0.026 -0.007
   73     12.80  50.69  81.58  23.24   0.46  -1.04   -0.039  0.188 -0.274  0.092
   74     36.08-102.75  70.64  22.54   0.42  -1.24   -0.053 -0.129  0.184  0.372
   75     46.47-108.52   3.08   1.54   0.96  -1.55   -0.098 -0.429  0.287  0.687
   76     54.60-217.19 302.17   0.10   0.00   0.00    0.000  0.000  0.000  0.000
   77     43.95  51.14  93.75  17.12   0.43  -1.38   -0.058  0.120 -0.069  0.146
   78     41.68  38.51  66.30  22.14   0.50  -1.17   -0.058  0.026 -0.073  0.079
   79     58.39 -69.74  -4.55   0.89   0.67  -1.42   -0.100 -0.008 -0.058  0.414
   80     26.47 -70.15  -5.96   0.68   0.61  -1.41   -0.111 -0.029 -0.095  0.306
   81     26.67 -70.01  -4.70   0.49   0.60  -1.40   -0.109  0.039 -0.079  0.208
   82     23.04 -69.90  -4.60   0.30   0.57  -1.35   -0.126  0.094 -0.088  0.110
   83     23.09 -70.56  -5.84   6.86   0.61  -1.16   -0.052  0.324  0.148  0.132
   84     21.13 -43.10   8.44  21.14   0.30  -0.81   -0.035  0.151 -0.204  0.074
   85     24.31-167.24 -46.89  10.65   0.89  -1.30   -0.143  0.098 -0.297 -0.069
   86     43.96 -12.15  29.95  18.60   0.47  -1.06   -0.052  0.071 -0.144  0.111
   87     28.66 -61.33   6.79   2.66   0.70  -1.07   -0.070  0.171 -0.201  0.035
   88     37.94-103.27 -28.26   8.04   0.52  -1.75   -0.078  0.278 -0.093 -0.183
   89     47.66-142.15  89.62  20.54   0.53  -0.82   -0.065 -0.193  0.270  0.270
   90     48.14-140.07  88.39  20.41   0.49  -0.89   -0.076 -0.127  0.311  0.241
   91     33.92  33.83  85.07  19.89   0.53  -1.28   -0.090  0.185 -0.031  0.247

 A V E R A G E   of ADJUSTMENTS :                    -0.083  0.039  0.008  0.105
 A V E R A G E   of ABSOLUTE ADJUSTMENTS :            0.083  0.129  0.123  0.151


 Step length damping of 0.16778 was applied.


 Velocity adjustments:
     vp    dvp      hp   reflector
 Velocity model   1
   4.634 -0.038   -5.000      
   5.257  0.084    2.280      
   5.367  0.123    8.540      
   5.575  0.126   15.230      
   6.415  0.056   27.820      
   6.556  0.003   29.710      
   7.338  0.099   29.840      
   8.001 -0.097   37.270      
   8.560 -0.200   48.110      

 Calculation of average velocity starts at layer #           1
 z = -5.00 ...  2.28    v = 4.63    AVEL = 4.63 downto z =   2.28
 z =  2.28 ...  8.54    v = 5.26    AVEL = 4.92 downto z =   8.54
 z =  8.54 ... 15.23    v = 5.37    AVEL = 5.07 downto z =  15.23
 z = 15.23 ... 27.82    v = 5.57    AVEL = 5.26 downto z =  27.82
 z = 27.82 ... 29.71    v = 6.41    AVEL = 5.33 downto z =  29.71
 z = 29.71 ... 29.84    v = 6.56    AVEL = 5.33 downto z =  29.84
 z = 29.84 ... 37.27    v = 7.34    AVEL = 5.68 downto z =  37.27
 z = 37.27 ... 48.11    v = 8.00    AVEL = 6.16 downto z =  48.11


 Calculation of average velocity starts at layer #           2
 z =  2.28 ...  8.54    v = 5.26    AVEL = 5.26 downto z =   8.54
 z =  8.54 ... 15.23    v = 5.37    AVEL = 5.31 downto z =  15.23
 z = 15.23 ... 27.82    v = 5.57    AVEL = 5.44 downto z =  27.82
 z = 27.82 ... 29.71    v = 6.41    AVEL = 5.51 downto z =  29.71
 z = 29.71 ... 29.84    v = 6.56    AVEL = 5.51 downto z =  29.84
 z = 29.84 ... 37.27    v = 7.34    AVEL = 5.90 downto z =  37.27
 z = 37.27 ... 48.11    v = 8.00    AVEL = 6.40 downto z =  48.11



 Adjusted station corrections:
   stn  ptcor  dpcor  
  624   0.000  0.000  628  -0.088 -0.043  630  -0.035 -0.020  627   0.039  0.017
  621   0.042  0.017  629   0.050  0.030  622   0.041  0.019  620   0.028  0.010
  623   0.082  0.040  626   0.039  0.021  625   0.048  0.023  631   0.094  0.054
  632  -0.021 -0.014

 ~~~ another iteration? ...



--------------------------------------------------------------------------------



           ITERATION no  3

 ~~~ set units for this iteration ...
 ~~~ determine number of unknowns for this iter. ...

 Number of unknowns (for array-indexing):  nvar =  385
 Number of effective unknowns        :  nvareff =  386
 Number of elements on/below main diagonal of matrix G = At*A : kvar =   74305

 Damping factors to be used in this iteration:
   Othet=   0.010   XYthet  =   0.010   Zthet=  0.010
 STAthet=   0.010   Vthet   =   1.000

 ~~~ damp G ...
 ~~~ solve G * b = RHT ...
 ~~~ fix units ...
 ~~~ apply eventually step-length damping ...
 ~~~ adjust model (hypocenters, stacorr & veloc.) ...

 doing velocity adjustments now...

 doing station-correction adjustments...

 ~~~ compute effective step-length ...

 (Applied) Step length =   4.013

 ~~~ set units for next iteration ...
 ~~~ determine number of unknowns for next iter. ...

 Number of unknowns (for array-indexing):  nvar =  385
 Number of effective unknowns        :  nvareff =  386
 Number of elements on/below main diagonal of matrix G = At*A : kvar =   74305

 ~~~ reset G and RHT ...
 ~~~ raytracing, setup G ...
 ~~~ store parts of G ...
 ~~~ set units back for current iteration ...
 ~~~ determine number of unknowns for this iter. ...

 Number of unknowns (for array-indexing):  nvar =  385
 Number of effective unknowns        :  nvareff =  386
 Number of elements on/below main diagonal of matrix G = At*A : kvar =   74305

 ~~~ compute RMS and DATVAR ...

 $$$$$$$$$$$$$$$$$$$$$$$$$$$$$$$$$$$$$$$$$$$$$$$$$
 Events with  | AVRES | > 1.0 SEC are suspicious !

 Event#   1 >>>  160818 1613  AVRES = -1.05 NOBS =  6
 Event#   2 >>>  160818 1613  AVRES = -1.06 NOBS =  6
 Event#   3 >>>  160819 0959  AVRES = -1.16 NOBS = 12
 Event#   4 >>>  160820 1506  AVRES = -1.10 NOBS =  9
 Event#  12 >>>  161004 0841  AVRES = -1.11 NOBS =  6
 Event#  13 >>>  161005 1619  AVRES = -1.07 NOBS =  9
 Event#  14 >>>  161006 0156  AVRES = -1.12 NOBS =  7
 Event#  20 >>>  161124 2250  AVRES = -1.22 NOBS =  4
 Event#  21 >>>  161125 0156  AVRES = -1.09 NOBS =  7
 Event#  22 >>>  161125 0517  AVRES = -1.14 NOBS =  6
 Event#  23 >>>  161125 0525  AVRES = -1.15 NOBS =  6
 Event#  29 >>>  170302 2335  AVRES = -1.02 NOBS =  9
 Event#  32 >>>  170307 2016  AVRES = -1.06 NOBS =  6
 Event#  38 >>>  170315 0234  AVRES = -1.15 NOBS =  7
 Event#  41 >>>  170320 0853  AVRES = -1.01 NOBS =  6
 Event#  43 >>>  170323 0519  AVRES = -1.23 NOBS =  6
 Event#  50 >>>  170405 0307  AVRES = -1.12 NOBS = 10
 Event#  51 >>>  170405 1410  AVRES = -1.24 NOBS = 10
 Event#  52 >>>  170406 0838  AVRES = -1.17 NOBS = 10
 Event#  56 >>>  170408 1004  AVRES = -1.01 NOBS = 13
 Event#  59 >>>  170410 1520  AVRES = -1.17 NOBS = 10
 Event#  61 >>>  170412 1507  AVRES = -1.46 NOBS =  6
 Event#  62 >>>  170413 0651  AVRES = -1.00 NOBS = 10
 Event#  66 >>>  170414 1753  AVRES = -1.02 NOBS =  6
 Event#  72 >>>  170418 1005  AVRES =  1.02 NOBS =  1
 Event#  75 >>>  170420 2248  AVRES = -1.22 NOBS = 11
 Event#  77 >>>  170423 1455  AVRES = -1.07 NOBS =  8
 Event#  79 >>>  170424 0609  AVRES = -1.11 NOBS = 12
 Event#  80 >>>  170424 0755  AVRES = -1.10 NOBS = 12
 Event#  81 >>>  170424 0755  AVRES = -1.10 NOBS = 12
 Event#  82 >>>  170425 0652  AVRES = -1.06 NOBS =  9
 Event#  88 >>>  170427 1041  AVRES = -1.37 NOBS =  7

 ^^^^^^^^^ C H E C K   these events above ^^^^^^^^
 $$$$$$$$$$$$$$$$$$$$$$$$$$$$$$$$$$$$$$$$$$$$$$$$$

 ~~~ check solution (better? worse?) ...

 Iteration nr  3 obtained:
 DATVAR=    0.679801 mean sqrd residual=     0.293346  RMS RESIDUAL=     0.541614

 After  3 iterations we got:
 Average absolute & unweighted [and mean] residual of
   331 straight and direct rays =  0.89307 [ -0.88262]
   348 refracted           rays =  1.01680 [ -0.95321]
     0 reflected           rays =  0.00000 [  0.00000]

   679 ALL                 RAYS =  0.95649 [ -0.91880]      -21.32 %

 ~~~ iteration done; output results ...

  eq       ot     x      y      z      rms    avres   dot     dx     dy     dz
    1      8.86  38.28 112.29  23.09   0.21  -1.05   -0.097 -0.122  0.145  0.118
    2      9.06  37.95 110.95  22.96   0.21  -1.06   -0.093  0.043  0.130  0.198
    3     26.90-130.66  -7.96  12.33   0.39  -1.16   -0.162 -0.392  0.304  0.060
    4     15.32-131.34  -6.68  11.05   0.42  -1.10   -0.140 -0.149  0.027  0.030
    5     45.51 -40.14  38.56  24.07   0.25  -0.99   -0.051  0.136 -0.273  0.008
    6     49.30 -36.49  40.52  17.48   0.34  -0.80   -0.069  0.163 -0.091  0.322
    7     13.55-134.43-119.04   5.44   0.79  -0.85   -0.145  0.345  0.065 -0.552
    8     30.07-141.07 -43.64   8.66   0.54  -0.96   -0.124 -0.082  0.101 -0.119
    9     39.44  10.94  56.44  12.41   0.23  -0.65   -0.090  0.012 -0.103  0.114
   10     18.03 -88.06-308.22  16.24   0.99   0.56   -0.116 -0.415  0.035  0.016
   11      5.17 -63.50-309.65  15.66   1.20   0.35   -0.171 -0.513 -0.003  0.023
   12     50.92  35.34  94.97  17.15   0.48  -1.11   -0.082  0.022  0.098  0.326
   13     46.68  33.73  97.89  19.73   0.33  -1.07   -0.086  0.108  0.083  0.255
   14     55.61  33.67  97.33  14.82   0.50  -1.12   -0.092  0.053 -0.053  0.206
   15     44.47  34.27  97.41  18.00   0.51  -0.96   -0.091  0.067  0.074  0.369
   16     44.64  34.95  96.15  18.99   0.48  -0.82   -0.101 -0.107  0.223  0.071
   17     21.86  -0.82  82.53  18.69   0.40  -0.94   -0.095  0.036  0.079  0.186
   18     36.12 -34.21   4.50  12.82   0.57  -0.96   -0.102  0.073  0.024  0.345
   19     33.09  41.21  63.89  10.16   0.49  -0.80   -0.071 -0.093 -0.096  0.018
   20     45.73  37.82  85.12  16.54   0.23  -1.22   -0.094 -0.033  0.004  0.126
   21     33.91  36.44  82.21  14.36   0.49  -1.09   -0.069 -0.059 -0.202 -0.077
   22     25.64  35.70  85.19  14.19   0.49  -1.14   -0.082 -0.034 -0.103  0.225
   23     15.71  35.09  85.77  11.19   0.47  -1.15   -0.054 -0.182 -0.133 -0.480
   24      1.61  34.59  82.63   5.59   0.63  -1.00   -0.139 -0.125  0.326 -0.158
   25     48.52 -45.71  23.20  22.59   0.29  -0.63   -0.032  0.123 -0.199  0.214
   26     27.35 -70.01  -4.30  10.86   0.41  -0.84   -0.092  0.157 -0.266  0.227
   27     59.92  -0.41  49.12  14.32   0.38  -0.75   -0.109  0.083 -0.149  0.537
   28     58.87  37.68  76.12  11.48   0.43  -0.97   -0.078  0.009 -0.043 -0.054
   29     19.88-148.85 -12.62  14.84   0.46  -1.02   -0.093 -0.011  0.298  0.033
   30      2.71  35.64  76.63  12.99   0.54  -0.87   -0.070 -0.133 -0.022 -0.190
   31     20.77  36.21  77.23  14.42   0.56  -0.98   -0.087 -0.157 -0.020  0.092
   32     50.63  36.66  76.83  14.89   0.48  -1.06   -0.061 -0.098 -0.116 -0.142
   33      0.65  37.27  75.85  15.76   0.43  -0.93   -0.058 -0.006 -0.121  0.084
   34     55.30 -16.56  34.75  24.73   0.26  -0.68   -0.042  0.175 -0.076  0.091
   35     39.13 -70.53  -7.97   3.63   0.62  -0.87   -0.020  0.542  0.199  0.095
   36     58.94  36.53  77.46  15.22   0.49  -0.96   -0.059 -0.032 -0.131  0.057
   37      5.42  31.23  50.00  14.27   0.29  -0.88   -0.069 -0.059 -0.085 -0.213
   38     46.28  73.14  72.70  17.11   0.40  -1.15   -0.060 -0.158  0.026  0.079
   39     13.78   0.81  25.89   4.37   0.35  -0.61   -0.112  0.031 -0.125  0.189
   40     14.39 -41.78  13.85  16.80   0.34  -0.84   -0.076  0.064 -0.047 -0.013
   41     56.12  34.62  78.64   5.54   0.58  -1.01   -0.105 -0.110 -0.071  0.269
   42     34.17  -3.70  46.12  18.13   0.26  -0.63   -0.052  0.126 -0.081  0.059
   43     24.44-109.20 -39.01   5.50   0.60  -1.23   -0.030  0.701  0.055 -0.208
   44     49.41  30.35  50.34   8.67   0.40  -0.69   -0.095  0.007 -0.093  0.116
   45     40.99-145.08  46.15  18.94   0.41  -0.88   -0.075 -0.154  0.203  0.231
   46     33.91 -57.39  -1.12  16.62   0.38  -0.84   -0.076  0.093 -0.172  0.221
   47      0.85  10.92  80.61  22.31   0.51  -0.74   -0.049  0.151  0.006  0.088
   48     37.07  10.92  81.60  23.92   0.20  -0.80   -0.051  0.140  0.010  0.181
   49     35.52  54.46  84.33  22.84   0.35  -1.00   -0.071 -0.098 -0.088  0.145
   50     35.86-102.39 -35.62  15.58   0.49  -1.12   -0.098  0.094 -0.034  0.086
   51     52.76-101.42 -53.67   8.07   0.60  -1.24   -0.141  0.092  0.285 -0.507
   52     42.94-116.05  43.54  16.34   0.45  -1.17   -0.103 -0.280  0.184  0.379
   53      0.84  10.85  81.03  21.68   0.48  -0.74   -0.052  0.148  0.055  0.143
   54      2.32 -83.73 322.66  15.75   0.39  -0.26   -0.383 -0.028 -0.056  0.052
   55      2.52 -89.60 304.24   0.58   0.29  -0.57   -0.349  0.082 -0.019  0.063
   56     44.67  35.99  67.43  15.20   0.52  -1.01   -0.074 -0.018 -0.154 -0.016
   57     46.84 -84.81 155.15  15.85   0.52  -0.28   -0.126 -0.236  0.125  0.073
   58     45.32 -79.99 151.42  15.25   0.71  -0.61   -0.074  0.187  0.283  0.103
   59      8.25 -81.58   0.04   2.51   0.60  -1.17   -0.092  0.310 -0.143 -0.048
   60      3.24-110.62-117.78   3.52   1.06  -0.97   -0.125  0.067  0.403 -0.216
   61      0.03-131.61 -55.72   2.11   0.79  -1.46   -0.199 -0.666 -0.344  0.862
   62     19.87  20.00 152.59  16.26   0.85  -1.00   -0.085  0.175 -0.010  0.195
   63     18.64 -46.97  29.56  20.95   0.37  -0.87   -0.060  0.133 -0.131  0.295
   64      4.41-161.88 185.59   8.17   0.74  -0.06   -0.142  0.715  1.074  0.132
   65     23.26 -47.66  20.20  15.97   0.27  -0.72   -0.052  0.171 -0.156  0.155
   66     32.64-152.70  43.34  18.79   0.38  -1.02   -0.052 -0.175  0.113  0.335
   67     41.73 -36.96  -5.40  19.30   0.33  -0.93   -0.069  0.123 -0.209  0.056
   68     13.90  51.25 106.30  20.40   0.30  -0.99   -0.090  0.276  0.051  0.051
   69     48.30-214.97-349.14  73.50   0.00   0.00    0.000  0.000  0.000  0.000
   70      5.27  34.08  96.84  19.82   0.56  -0.91   -0.094  0.094  0.134  0.155
   71      3.84   6.33  56.69   1.27   0.57  -0.53   -0.084  0.081 -0.020  0.009
   72     55.94 132.64-297.74  96.98   1.05   1.02   -0.320 -0.022  0.029 -0.008
   73     12.77  50.65  81.41  23.15   0.37  -0.82   -0.030 -0.035 -0.171 -0.087
   74     36.00-102.90  70.84  23.12   0.35  -0.96   -0.073 -0.151  0.202  0.578
   75     46.37-109.14   3.41   2.49   0.93  -1.22   -0.101 -0.624  0.330  0.953
   76     54.60-217.19 302.17   0.10   0.00   0.00    0.000  0.000  0.000  0.000
   77     43.87  51.30  93.73  17.39   0.35  -1.07   -0.083  0.152 -0.023  0.276
   78     41.60  38.57  66.20  22.36   0.42  -0.91   -0.081  0.061 -0.100  0.217
   79     58.35 -69.48  -4.68   1.55   0.58  -1.11   -0.041  0.252 -0.129  0.669
   80     26.41 -69.95  -6.13   1.18   0.52  -1.10   -0.064  0.208 -0.170  0.498
   81     26.60 -69.79  -4.83   0.86   0.52  -1.10   -0.076  0.219 -0.139  0.368
   82     22.91 -69.82  -4.71   0.47   0.48  -1.06   -0.136  0.085 -0.114  0.168
   83     23.04 -70.19  -5.72   6.89   0.49  -0.91   -0.050  0.371  0.123  0.032
   84     21.09 -42.90   8.23  21.19   0.25  -0.64   -0.040  0.195 -0.213  0.047
   85     24.16-167.00 -47.45  10.41   0.73  -0.99   -0.153  0.243 -0.558 -0.239
   86     43.89 -12.06  29.77  18.85   0.37  -0.83   -0.076  0.093 -0.179  0.257
   87     28.58 -61.11   6.55   2.71   0.61  -0.84   -0.078  0.216 -0.238  0.051
   88     37.85-102.94 -28.38   7.91   0.43  -1.37   -0.091  0.335 -0.119 -0.126
   89     47.58-142.58  89.81  20.95   0.41  -0.63   -0.084 -0.430  0.188  0.419
   90     48.05-140.44  88.64  20.82   0.37  -0.68   -0.094 -0.367  0.251  0.406
   91     33.83  33.93  85.05  20.04   0.43  -1.00   -0.091  0.100 -0.016  0.144

 A V E R A G E   of ADJUSTMENTS :                    -0.093  0.026 -0.001  0.119
 A V E R A G E   of ABSOLUTE ADJUSTMENTS :            0.093  0.166  0.140  0.194


 Step length damping of 0.21500 was applied.


 Velocity adjustments:
     vp    dvp      hp   reflector
 Velocity model   1
   4.590 -0.044   -5.000      
   5.348  0.092    2.280      
   5.495  0.128    8.540      
   5.719  0.145   15.230      
   6.506  0.091   27.820      
   6.562  0.006   29.710      
   7.401  0.062   29.840      
   7.880 -0.121   37.270      
   8.360 -0.200   48.110      

 Calculation of average velocity starts at layer #           1
 z = -5.00 ...  2.28    v = 4.59    AVEL = 4.59 downto z =   2.28
 z =  2.28 ...  8.54    v = 5.35    AVEL = 4.94 downto z =   8.54
 z =  8.54 ... 15.23    v = 5.49    AVEL = 5.12 downto z =  15.23
 z = 15.23 ... 27.82    v = 5.72    AVEL = 5.35 downto z =  27.82
 z = 27.82 ... 29.71    v = 6.51    AVEL = 5.42 downto z =  29.71
 z = 29.71 ... 29.84    v = 6.56    AVEL = 5.42 downto z =  29.84
 z = 29.84 ... 37.27    v = 7.40    AVEL = 5.77 downto z =  37.27
 z = 37.27 ... 48.11    v = 7.88    AVEL = 6.20 downto z =  48.11


 Calculation of average velocity starts at layer #           2
 z =  2.28 ...  8.54    v = 5.35    AVEL = 5.35 downto z =   8.54
 z =  8.54 ... 15.23    v = 5.49    AVEL = 5.42 downto z =  15.23
 z = 15.23 ... 27.82    v = 5.72    AVEL = 5.57 downto z =  27.82
 z = 27.82 ... 29.71    v = 6.51    AVEL = 5.63 downto z =  29.71
 z = 29.71 ... 29.84    v = 6.56    AVEL = 5.64 downto z =  29.84
 z = 29.84 ... 37.27    v = 7.40    AVEL = 6.01 downto z =  37.27
 z = 37.27 ... 48.11    v = 7.88    AVEL = 6.45 downto z =  48.11



 Adjusted station corrections:
   stn  ptcor  dpcor  
  624   0.000  0.000  628  -0.120 -0.032  630  -0.061 -0.026  627   0.068  0.029
  621   0.065  0.023  629   0.085  0.034  622   0.062  0.022  620   0.040  0.012
  623   0.131  0.049  626   0.070  0.031  625   0.079  0.031  631   0.167  0.073
  632  -0.005  0.016

 ~~~ another iteration? ...
 NITT = ITTMAX  --> stop iterations.
 ~~~ final solution reached ...

 ~~~ damp G & Chol.-Decomp.: NOT made (switch iresolcalc is NOT set !)

 Final rms values:  0.21 0.21 0.39 0.42 0.25 0.34 0.79 0.54 0.23 0.99
                    1.20 0.48 0.33 0.50 0.51 0.48 0.40 0.57 0.49 0.23
                    0.49 0.49 0.47 0.63 0.29 0.41 0.38 0.43 0.46 0.54
                    0.56 0.48 0.43 0.26 0.62 0.49 0.29 0.40 0.35 0.34
                    0.58 0.26 0.60 0.40 0.41 0.38 0.51 0.20 0.35 0.49
                    0.60 0.45 0.48 0.39 0.29 0.52 0.52 0.71 0.60 1.06
                    0.79 0.85 0.37 0.74 0.27 0.38 0.33 0.30 0.00 0.56
                    0.57 1.05 0.37 0.35 0.93 0.00 0.35 0.42 0.58 0.52
                    0.52 0.48 0.49 0.25 0.73 0.37 0.61 0.43 0.41 0.37
                    0.43



 ~~~ output final hypocenters ...

      date    origin   latitude longitude  depth  mag  no  rms      x      y      z
   1 160818 1613  8.86 73.0063N 124.8596E  23.09 1.40   6 0.205   38.28 112.29  23.09
   2 160818 1613  9.06 72.9943N 124.8700E  22.96 1.10   6 0.210   37.95 110.95  22.96
   3 160819 0959 26.90 71.9287N 129.7795E  12.33 4.00  12 0.389 -130.66  -7.96  12.33
   4 160820 1506 15.32 71.9401N 129.8006E  11.05 1.50   9 0.417 -131.34  -6.68  11.05
   5 160820 1904 45.51 72.3456N 127.1742E  24.07 1.20   6 0.254  -40.14  38.56  24.07
   6 160822 1318 49.30 72.3631N 127.0680E  17.48 0.60   8 0.343  -36.49  40.52  17.48
   7 160823 0652 13.55 70.9331N 129.7879E   5.44 2.90   6 0.791 -134.43-119.04   5.44
   8 160824 1510 30.07 71.6089N 130.0461E   8.66 1.50   9 0.537 -141.07 -43.64   8.66
   9 160906 1514 39.44 72.5058N 125.6785E  12.41 0.90   6 0.234   10.94  56.44  12.41
  10 160920 1607 18.03 69.2377N 128.3770E  16.24 2.60   2 0.986  -88.06-308.22  16.24
  11 160925 1911  5.17 69.2249N 127.7133E  15.66 2.30   2 1.203  -63.50-309.65  15.66
  12 161004 0841 50.92 72.8511N 124.9518E  17.15 0.20   6 0.481   35.34  94.97  17.15
  13 161005 1619 46.68 72.8773N 124.9987E  19.73 1.00   9 0.331   33.73  97.89  19.73
  14 161006 0156 55.61 72.8722N 125.0009E  14.82 1.00   7 0.500   33.67  97.33  14.82
  15 161009 0036 44.47 72.8729N 124.9829E  18.00 1.30   8 0.507   34.27  97.41  18.00
  16 161009 0036 44.64 72.8617N 124.9629E  18.99 1.20   7 0.482   34.95  96.15  18.99
  17 161012 0800 21.86 72.7396N 126.0242E  18.69 0.80   7 0.404   -0.82  82.53  18.69
  18 161015 1013 36.12 72.0403N 126.9926E  12.82 0.70   7 0.566  -34.21   4.50  12.82
  19 161021 0507 33.09 72.5726N 124.7870E  10.16 0.80   6 0.487   41.21  63.89  10.16
  20 161124 2250 45.73 72.7629N 124.8809E  16.54 3.10   4 0.229   37.82  85.12  16.54
  21 161125 0156 33.91 72.7368N 124.9224E  14.36 0.60   7 0.486   36.44  82.21  14.36
  22 161125 0517 25.64 72.7634N 124.9437E  14.19 1.60   6 0.492   35.70  85.19  14.19
  23 161125 0525 15.71 72.7687N 124.9615E  11.19 0.80   6 0.471   35.09  85.77  11.19
  24 161125 0556  1.61 72.7405N 124.9772E   5.59 0.20   6 0.632   34.59  82.63   5.59
  25 170117 0846 48.52 72.2079N 127.3321E  22.59 0.30   6 0.293  -45.71  23.20  22.59
  26 170122 1614 27.35 71.9615N 128.0270E  10.86 0.90   6 0.407  -70.01  -4.30  10.86
  27 170125 2243 59.92 72.4402N 126.0121E  14.32 0.80   6 0.384   -0.41  49.12  14.32
  28 170302 1359 58.87 72.6822N 124.8877E  11.48 0.50   7 0.426   37.68  76.12  11.48
  29 170302 2335 19.88 71.8869N 130.3012E  14.84 2.10   9 0.464 -148.85 -12.62  14.84
  30 170304 2135  2.71 72.6867N 124.9476E  12.99 1.30   7 0.541   35.64  76.63  12.99
  31 170307 0447 20.77 72.6921N 124.9305E  14.42 1.70  10 0.556   36.21  77.23  14.42
  32 170307 2016 50.63 72.6886N 124.9174E  14.89 1.10   6 0.477   36.66  76.83  14.89
  33 170309 1454  0.65 72.6797N 124.8996E  15.76 0.30   6 0.427   37.27  75.85  15.76
  34 170311 0430 55.30 72.3115N 126.4841E  24.73 0.30   6 0.256  -16.56  34.75  24.73
  35 170312 0416 39.13 71.9286N 128.0402E   3.63 2.10   6 0.617  -70.53  -7.97   3.63
  36 170313 0553 58.94 72.6942N 124.9211E  15.22 1.00   9 0.494   36.53  77.46  15.22
  37 170313 0809  5.42 72.4481N 125.0837E  14.27 1.20   7 0.289   31.23  50.00  14.27
  38 170315 0234 46.28 72.6515N 123.8425E  17.11 1.40   7 0.398   73.14  72.70  17.11
  39 170317 1007 13.78 72.2320N 125.9763E   4.37 0.50   7 0.348    0.81  25.89   4.37
  40 170320 0711 14.39 72.1241N 127.2149E  16.80 0.90   6 0.339  -41.78  13.85  16.80
  41 170320 0853 56.12 72.7048N 124.9771E   5.54 0.40   6 0.583   34.62  78.64   5.54
  42 170320 1900 34.17 72.4133N 126.1083E  18.13 0.60   7 0.256   -3.70  46.12  18.13
  43 170323 0519 24.44 71.6504N 129.1355E   5.50 1.20   6 0.596 -109.20 -39.01   5.50
  44 170323 1612 49.41 72.4512N 125.1095E   8.67 0.50   6 0.395   30.35  50.34   8.67
  45 170323 1906 40.99 72.4136N 130.2520E  18.94 1.00   6 0.411 -145.08  46.15  18.94
  46 170326 0836 33.91 71.9900N 127.6628E  16.62 1.50   7 0.380  -57.39  -1.12  16.62
  47 170402 0422  0.85 72.7224N 125.6773E  22.31 1.20  10 0.507   10.92  80.61  22.31
  48 170402 0636 37.07 72.7313N 125.6770E  23.92 0.70   6 0.198   10.92  81.60  23.92
  49 170404 2347 35.52 72.7557N 124.3889E  22.84 0.50   6 0.351   54.46  84.33  22.84
  50 170405 0307 35.86 71.6808N 128.9425E  15.58 1.00  10 0.488 -102.39 -35.62  15.58
  51 170405 1410 52.76 71.5191N 128.9021E   8.07 1.70  10 0.601 -101.42 -53.67   8.07
  52 170406 0838 42.94 72.3902N 129.3990E  16.34 0.90  10 0.447 -116.05  43.54  16.34
  53 170406 1728  0.84 72.7262N 125.6794E  21.68 0.90  10 0.482   10.85  81.03  21.68
  54 170407 1729  2.32 74.8917N 128.6318E  15.75 1.80   2 0.393  -83.73 322.66  15.75
  55 170407 1729  2.52 74.7265N 128.8026E   0.58 1.60   5 0.291  -89.60 304.24   0.58
  56 170408 1004 44.67 72.6043N 124.9399E  15.20 1.40  13 0.517   35.99  67.43  15.20
  57 170409 0856 46.84 73.3904N 128.5536E  15.85 2.50   6 0.517  -84.81 155.15  15.85
  58 170409 0902 45.32 73.3570N 128.4062E  15.25 1.10   7 0.708  -79.99 151.42  15.25
  59 170410 1520  8.25 72.0004N 128.3645E   2.51 1.00  10 0.595  -81.58   0.04   2.51
  60 170410 1813  3.24 70.9444N 129.1180E   3.52 2.20  13 1.065 -110.62-117.78   3.52
  61 170412 1507  0.03 71.5007N 129.7642E   2.11 0.70   6 0.788 -131.61 -55.72   2.11
  62 170413 0651 19.87 73.3675N 125.3982E  16.26 1.00  10 0.855   20.00 152.59  16.26
  63 170414 0459 18.64 72.2649N 127.3712E  20.95 0.50   7 0.368  -46.97  29.56  20.95
  64 170414 0540  4.41 73.6632N 130.9113E   8.17 1.80  11 0.735 -161.88 185.59   8.17
  65 170414 1656 23.26 72.1811N 127.3880E  15.97 0.20   6 0.269  -47.66  20.20  15.97
  66 170414 1753 32.64 72.3884N 130.4723E  18.79 0.70   6 0.382 -152.70  43.34  18.79
  67 170416 0523 41.73 71.9516N 127.0697E  19.30 1.60  13 0.334  -36.96  -5.40  19.30
  68 170416 1220 13.90 72.9526N 124.4755E  20.40 1.00  11 0.301   51.25 106.30  20.40
 WARNING: Event-# :          69 has zero observations!
  69 170416 1257 48.30 68.8710N 131.7500E  73.50 2.20   0 0.000 -214.97-349.14  73.50
  70 170416 1821  5.27 72.8678N 124.9887E  19.82 1.30  13 0.562   34.08  96.84  19.82
  71 170418 0606  3.84 72.5080N 125.8140E   1.27 0.20   6 0.572    6.33  56.69   1.27
  72 170418 1005 55.94 69.3317N 122.4115E  96.98 2.20   1 1.045  132.64-297.74  96.98
  73 170418 1500 12.77 72.7296N 124.5027E  23.15 1.30  12 0.370   50.65  81.41  23.15
  74 170420 1302 36.00 72.6349N 129.0341E  23.12 0.90  11 0.352 -102.90  70.84  23.12
  75 170420 2248 46.37 72.0306N 129.1658E   2.49 0.70  11 0.928 -109.14   3.41   2.49
 WARNING: Event-# :          76 has zero observations!
  76 170423 0850 54.60 74.7080N 132.7900E   0.10 1.90   0 0.000 -217.19 302.17   0.10
  77 170423 1455 43.87 72.8400N 124.4790E  17.39 0.60   8 0.348   51.30  93.73  17.39
  78 170423 2313 41.60 72.5933N 124.8639E  22.36 1.30  12 0.422   38.57  66.20  22.36
  79 170424 0609 58.35 71.9581N 128.0116E   1.55 1.10  12 0.577  -69.48  -4.68   1.55
  80 170424 0755 26.41 71.9451N 128.0242E   1.18 1.00  12 0.519  -69.95  -6.13   1.18
  81 170424 0755 26.60 71.9567N 128.0203E   0.86 1.00  12 0.515  -69.79  -4.83   0.86
  82 170425 0652 22.91 71.9578N 128.0212E   0.47 1.20   9 0.483  -69.82  -4.71   0.47
  83 170426 0051 23.04 71.9488N 128.0316E   6.89 0.70   6 0.491  -70.19  -5.72   6.89
  84 170426 1425 21.09 72.0737N 127.2458E  21.19 0.10   6 0.246  -42.90   8.23  21.19
  85 170426 1834 24.16 71.5747N 130.7855E  10.41 1.20   8 0.726 -167.00 -47.45  10.41
  86 170426 1840 43.89 72.2668N 126.3520E  18.85 1.30   8 0.371  -12.06  29.77  18.85
  87 170427 0912 28.58 72.0587N 127.7740E   2.71 0.90   8 0.606  -61.11   6.55   2.71
  88 170427 1041 37.85 71.7457N 128.9633E   7.91 0.70   7 0.427 -102.94 -28.38   7.91
  89 170427 2010 47.58 72.8049N 130.2237E  20.95 1.30   8 0.414 -142.58  89.81  20.95
  90 170427 2010 48.05 72.7944N 130.1589E  20.82 1.30   8 0.373 -140.44  88.64  20.82
  91 170427 2342 33.83 72.7622N 124.9960E  20.04 0.80   6 0.432   33.93  85.05  20.04

 ~~~ output final station residuals ...
 TURBO-option is set; residuals are NOT printed for each event!



   station statistics, remember nsp was set to: 1


 sta phase nobs avres  avwres    std    wsum    delay

 624    P  74 -0.9902 -0.9902  0.3992  74.0000  0.0000
 628    P  69 -1.3155 -1.3155  0.4891  69.0000 -0.1201
 630    P  53 -0.8953 -0.8953  0.4599  53.0000 -0.0613
 627    P  46 -0.9422 -0.9422  0.4919  46.0000  0.0675
 621    P  59 -0.9706 -0.9706  0.5408  59.0000  0.0648
 629    P  43 -0.8355 -0.8355  0.5307  43.0000  0.0845
 622    P  58 -0.8274 -0.8274  0.4626  58.0000  0.0625
 620    P  48 -0.7180 -0.7180  0.5319  48.0000  0.0399
 623    P  55 -0.8504 -0.8504  0.3103  55.0000  0.1315
 626    P  52 -1.0814 -1.0814  0.5687  52.0000  0.0699
 625    P  49 -0.9300 -0.9300  0.4620  49.0000  0.0787
 631    P  49 -0.5988 -0.5988  0.8201  49.0000  0.1672
 632    P  24 -0.6443 -0.6443  0.5991  24.0000 -0.0045


 ~~~ output statistics ...




 RAY-STATISTICS FOR  L A S T  ITERATION
 --------------------------------------

 NHYP : nr of hypocenters in this layer
 NREF : nr of headwaves in this layer
 %len : % of "refracted km" in this layer 
        with respect to all refracted kilometers
 NHIT : nr of rays passed thru this layer
 xy-km: average horizontal ray length [km] in layer
 z-km : average  vertical  ray length [km] in layer
 RFLX : number of reflections at bottom of this layer

 nlay   top ..... bottom     velocity   NHYP NREF %len  NHIT xy-km  z-km  RFLX

   1    -5.00...  2.28 km    4.59 km/s    8    0   0.0   741   2.5   2.2     0
   2     2.28...  8.54 km    5.35 km/s   14   51  12.6   748  16.3   5.2     0
   3     8.54... 15.23 km    5.49 km/s   22   20   4.5   705  12.5   5.6     0
   4    15.23... 27.82 km    5.72 km/s   45   31   4.7   713  15.3   9.0     0
   5    27.82... 29.71 km    6.51 km/s    0    0   0.0   493   3.0   1.9     0
   6    29.71... 29.84 km    6.56 km/s    0    0   0.0   493   0.2   0.1     0
   7    29.84... 37.27 km    7.40 km/s    0   94  25.1   399  28.9   5.7     0
   8    37.27... 48.11 km    7.88 km/s    0  122  38.7   183  58.3   3.6     0
   9    48.11...       km    8.36 km/s    2   30  14.4     0   0.0   0.0

 Total nr of events was   91

 Total nr of refracted rays =   348
 Total nr of reflected rays =     0
 Total nr of   other   rays =   331
                              ------
 Total nr of    all    rays =   679

 Average (absolute) error of the raytracers:
  Straight and direct rays :    6.95 meters
  Refracted           rays :    0.01 meters
  Reflected           rays :    0.00 meters


 ALL RAYS TOGETHER:
 Average horizontal ray length =   89.9 km   (Hypocenter --> Station) 
 Average  vertical  ray length =   21.6 km   (Deepest ray-point --> Station)



 ... and some more STATISTICS 
 ---------------------------- 
  GAP of final epicenters:

  Event# -> GAP  Event# -> GAP  Event# -> GAP  Event# -> GAP  Event# -> GAP
       1 -> 296       2 -> 294       3 -> 271       4 -> 274       5 -> 307
       6 ->  97       7 -> 320       8 -> 306       9 -> 168      10 -> 346
      11 -> 347      12 -> 260      13 -> 264      14 -> 262      15 -> 263
      16 -> 264      17 -> 253      18 -> 245      19 -> 160      20 -> 302
      21 -> 231      22 -> 238      23 -> 239      24 -> 231      25 -> 130
      26 -> 102      27 -> 154      28 -> 211      29 -> 305      30 -> 213
      31 -> 215      32 -> 214      33 -> 210      34 -> 132      35 -> 237
      36 -> 215      37 -> 132      38 -> 311      39 -> 117      40 -> 209
      41 -> 218      42 -> 122      43 -> 224      44 -> 134      45 -> 309
      46 -> 126      47 -> 224      48 -> 226      49 -> 288      50 -> 195
      51 -> 289      52 -> 270      53 -> 226      54 -> 354      55 -> 347
      56 -> 180      57 -> 310      58 -> 316      59 -> 161      60 -> 310
      61 -> 301      62 -> 306      63 -> 149      64 -> 322      65 -> 129
      66 -> 293      67 ->  86      68 -> 295      69 -> 171      70 -> 262
      71 -> 173      72 ->   0      73 -> 259      74 -> 300      75 -> 242
      76 ->  59      77 -> 285      78 -> 173      79 -> 164      80 -> 170
      81 -> 166      82 -> 165      83 -> 230      84 -> 115      85 -> 315
      86 ->  94      87 -> 113      88 -> 268      89 -> 318      90 -> 317
      91 -> 294

 GAPs were between   0 and 354
      (average GAP was 228)



  MAGNITUDES of INPUT-DATA:

 Magnitude (# of events)   ***average number of obs***

 MAG<= 1.0 ( 47) *******
 MAG = 1.1 (  4) ********
 MAG = 1.2 (  7) ********
 MAG = 1.3 (  8) *********1
 MAG = 1.4 (  3) *********
 MAG = 1.5 (  3) ********
 MAG = 1.6 (  3) ********
 MAG = 1.7 (  2) *********1
 MAG = 1.8 (  2) *******
 MAG = 1.9 (  1)  
 MAG = 2.0 (  0)  
 MAG = 2.1 (  2) ********
 MAG = 2.2 (  3) *****
 MAG = 2.3 (  1) **
 MAG = 2.4 (  0)  
 MAG = 2.5 (  1) ******
 MAG = 2.6 (  1) **
 MAG = 2.7 (  0)  
 MAG = 2.8 (  0)  
 MAG = 2.9 (  1) ******
 MAG = 3.0 (  0)  
 MAG = 3.1 (  1) ****
 MAG = 3.2 (  0)  
 MAG = 3.3 (  0)  
 MAG = 3.4 (  0)  
 MAG = 3.5 (  0)  
 MAG = 3.6 (  0)  
 MAG = 3.7 (  0)  
 MAG = 3.8 (  0)  
 MAG = 3.9 (  0)  
 MAG = 4.0 (  1) *********1**
 MAG = 4.1 (  0)  
 MAG = 4.2 (  0)  
 MAG = 4.3 (  0)  
 MAG = 4.4 (  0)  
 MAG = 4.5 (  0)  
 MAG = 4.6 (  0)  
 MAG = 4.7 (  0)  
 MAG = 4.8 (  0)  
 MAG = 4.9 (  0)  
 MAG = 5.0 (  0)  
 MAG = 5.1 (  0)  
 MAG = 5.2 (  0)  
 MAG = 5.3 (  0)  
 MAG = 5.4 (  0)  
 MAG = 5.5 (  0)  
 MAG = 5.6 (  0)  
 MAG = 5.7 (  0)  
 MAG = 5.8 (  0)  
 MAG = 5.9 (  0)  
 MAG>= 6.0 (  0)  





  DEPTHs of INPUT-DATA and of LAST ITERATION:
  ===========================================

       Depth       # of events  

 DEPTH ( input ) =  -4. km :   
 DEPTH (last_IT) =  -4. km :   
 DEPTH ( input ) =  -3. km :   
 DEPTH (last_IT) =  -3. km :   
 DEPTH ( input ) =  -2. km :   
 DEPTH (last_IT) =  -2. km :   
 DEPTH ( input ) =  -1. km :   
 DEPTH (last_IT) =  -1. km :   
 DEPTH ( input ) =   0. km :  ........
 DEPTH (last_IT) =   0. km :  **
 DEPTH ( input ) =   1. km :  .
 DEPTH (last_IT) =   1. km :  ****
 DEPTH ( input ) =   2. km :   
 DEPTH (last_IT) =   2. km :  ***
 DEPTH ( input ) =   3. km :  ...
 DEPTH (last_IT) =   3. km :  **
 DEPTH ( input ) =   4. km :  ..
 DEPTH (last_IT) =   4. km :  ***
 DEPTH ( input ) =   5. km :  ..
 DEPTH (last_IT) =   5. km :  **
 DEPTH ( input ) =   6. km :  ..
 DEPTH (last_IT) =   6. km :  **
 DEPTH ( input ) =   7. km :  .
 DEPTH (last_IT) =   7. km :  *
 DEPTH ( input ) =   8. km :  ...
 DEPTH (last_IT) =   8. km :  ***
 DEPTH ( input ) =   9. km :  ..
 DEPTH (last_IT) =   9. km :  **
 DEPTH ( input ) =  10. km :  ..
 DEPTH (last_IT) =  10. km :  **
 DEPTH ( input ) =  11. km :  ...
 DEPTH (last_IT) =  11. km :  ****
 DEPTH ( input ) =  12. km :  ....
 DEPTH (last_IT) =  12. km :  **
 DEPTH ( input ) =  13. km :  ..
 DEPTH (last_IT) =  13. km :  **
 DEPTH ( input ) =  14. km :  ...
 DEPTH (last_IT) =  14. km :  *****
 DEPTH ( input ) =  15. km :  ........
 DEPTH (last_IT) =  15. km :  ******
 DEPTH ( input ) =  16. km :  .........1.
 DEPTH (last_IT) =  16. km :  *********
 DEPTH ( input ) =  17. km :  .....
 DEPTH (last_IT) =  17. km :  *******
 DEPTH ( input ) =  18. km :  ....
 DEPTH (last_IT) =  18. km :  **
 DEPTH ( input ) =  19. km :  .....
 DEPTH (last_IT) =  19. km :  ******
 DEPTH ( input ) =  20. km :  .....
 DEPTH (last_IT) =  20. km :  ****
 DEPTH ( input ) =  21. km :  ..
 DEPTH (last_IT) =  21. km :  ****
 DEPTH ( input ) =  22. km :  ....
 DEPTH (last_IT) =  22. km :  ***
 DEPTH ( input ) =  23. km :  ....
 DEPTH (last_IT) =  23. km :  ******
 DEPTH ( input ) =  24. km :  ..
 DEPTH (last_IT) =  24. km :  **
 DEPTH ( input ) =  25. km :  .
 DEPTH (last_IT) =  25. km :  *
 DEPTH ( input ) =  26. km :   
 DEPTH (last_IT) =  26. km :   
 DEPTH ( input ) =  27. km :   
 DEPTH (last_IT) =  27. km :   
 DEPTH ( input ) =  28. km :   
 DEPTH (last_IT) =  28. km :   
 DEPTH ( input ) =  29. km :   
 DEPTH (last_IT) =  29. km :   
 DEPTH ( input ) =  30. km :   
 DEPTH (last_IT) =  30. km :   
 DEPTH ( input ) =  31. km :   
 DEPTH (last_IT) =  31. km :   
 DEPTH ( input ) =  32. km :   
 DEPTH (last_IT) =  32. km :   
 DEPTH ( input ) =  33. km :   
 DEPTH (last_IT) =  33. km :   
 DEPTH ( input ) =  34. km :   
 DEPTH (last_IT) =  34. km :   
 DEPTH ( input ) =  35. km :   
 DEPTH (last_IT) =  35. km :   
 DEPTH ( input ) =  36. km :   
 DEPTH (last_IT) =  36. km :   
 DEPTH ( input ) =  37. km :   
 DEPTH (last_IT) =  37. km :   
 DEPTH ( input ) =  38. km :   
 DEPTH (last_IT) =  38. km :   
 DEPTH ( input ) =  39. km :   
 DEPTH (last_IT) =  39. km :   
 DEPTH ( input ) =  40. km :   
 DEPTH (last_IT) =  40. km :   
 DEPTH ( input ) =  41. km :   
 DEPTH (last_IT) =  41. km :   
 DEPTH ( input ) =  42. km :   
 DEPTH (last_IT) =  42. km :   
 DEPTH ( input ) =  43. km :   
 DEPTH (last_IT) =  43. km :   
 DEPTH ( input ) =  44. km :   
 DEPTH (last_IT) =  44. km :   
 DEPTH ( input ) =  45. km :   
 DEPTH (last_IT) =  45. km :   
 DEPTH ( input ) =  46. km :   
 DEPTH (last_IT) =  46. km :   
 DEPTH ( input ) =  47. km :   
 DEPTH (last_IT) =  47. km :   
 DEPTH ( input ) =  48. km :   
 DEPTH (last_IT) =  48. km :   
 DEPTH ( input ) =  49. km :   
 DEPTH (last_IT) =  49. km :   
 DEPTH ( input ) =  50. km :   
 DEPTH (last_IT) =  50. km :   
 DEPTH ( input ) =  51. km :   
 DEPTH (last_IT) =  51. km :   
 DEPTH ( input ) =  52. km :   
 DEPTH (last_IT) =  52. km :   
 DEPTH ( input ) =  53. km :   
 DEPTH (last_IT) =  53. km :   
 DEPTH ( input ) =  54. km :   
 DEPTH (last_IT) =  54. km :   
 DEPTH ( input ) =  55. km :   
 DEPTH (last_IT) =  55. km :   
 DEPTH ( input ) =  56. km :   
 DEPTH (last_IT) =  56. km :   
 DEPTH ( input ) =  57. km :   
 DEPTH (last_IT) =  57. km :   
 DEPTH ( input ) =  58. km :   
 DEPTH (last_IT) =  58. km :   
 DEPTH ( input ) =  59. km :   
 DEPTH (last_IT) =  59. km :   
 DEPTH ( input ) =  60. km :   
 DEPTH (last_IT) =  60. km :   
 DEPTH ( input ) =  61. km :   
 DEPTH (last_IT) =  61. km :   
 DEPTH ( input ) =  62. km :   
 DEPTH (last_IT) =  62. km :   
 DEPTH ( input ) =  63. km :   
 DEPTH (last_IT) =  63. km :   
 DEPTH ( input ) =  64. km :   
 DEPTH (last_IT) =  64. km :   
 DEPTH ( input ) =  65. km :   
 DEPTH (last_IT) =  65. km :   
 DEPTH ( input ) =  66. km :   
 DEPTH (last_IT) =  66. km :   
 DEPTH ( input ) =  67. km :   
 DEPTH (last_IT) =  67. km :   
 DEPTH ( input ) =  68. km :   
 DEPTH (last_IT) =  68. km :   
 DEPTH ( input ) =  69. km :   
 DEPTH (last_IT) =  69. km :   
 DEPTH ( input ) =  70. km :   
 DEPTH (last_IT) =  70. km :   
 DEPTH ( input ) =  71. km :   
 DEPTH (last_IT) =  71. km :   
 DEPTH ( input ) =  72. km :   
 DEPTH (last_IT) =  72. km :   
 DEPTH ( input ) =  73. km :   
 DEPTH (last_IT) =  73. km :   
 DEPTH ( input ) =  74. km :  .
 DEPTH (last_IT) =  74. km :  *
 DEPTH ( input ) =  75. km :   
 DEPTH (last_IT) =  75. km :   
 DEPTH ( input ) =  76. km :   
 DEPTH (last_IT) =  76. km :   
 DEPTH ( input ) =  77. km :   
 DEPTH (last_IT) =  77. km :   
 DEPTH ( input ) =  78. km :   
 DEPTH (last_IT) =  78. km :   
 DEPTH ( input ) =  79. km :   
 DEPTH (last_IT) =  79. km :   
 DEPTH ( input ) =  80. km :   
 DEPTH (last_IT) =  80. km :   
 DEPTH ( input ) =  81. km :   
 DEPTH (last_IT) =  81. km :   
 DEPTH ( input ) =  82. km :   
 DEPTH (last_IT) =  82. km :   
 DEPTH ( input ) =  83. km :   
 DEPTH (last_IT) =  83. km :   
 DEPTH ( input ) =  84. km :   
 DEPTH (last_IT) =  84. km :   
 DEPTH ( input ) =  85. km :   
 DEPTH (last_IT) =  85. km :   
 DEPTH ( input ) =  86. km :   
 DEPTH (last_IT) =  86. km :   
 DEPTH ( input ) =  87. km :   
 DEPTH (last_IT) =  87. km :   
 DEPTH ( input ) =  88. km :   
 DEPTH (last_IT) =  88. km :   
 DEPTH ( input ) =  89. km :   
 DEPTH (last_IT) =  89. km :   
 DEPTH ( input ) =  90. km :   
 DEPTH (last_IT) =  90. km :   
 DEPTH ( input ) =  91. km :   
 DEPTH (last_IT) =  91. km :   
 DEPTH ( input ) =  92. km :   
 DEPTH (last_IT) =  92. km :   
 DEPTH ( input ) =  93. km :   
 DEPTH (last_IT) =  93. km :   
 DEPTH ( input ) =  94. km :   
 DEPTH (last_IT) =  94. km :   
 DEPTH ( input ) =  95. km :   
 DEPTH (last_IT) =  95. km :   
 DEPTH ( input ) =  96. km :   
 DEPTH (last_IT) =  96. km :   
 DEPTH ( input ) =  97. km :  .
 DEPTH (last_IT) =  97. km :  *
 DEPTH ( input ) =  98. km :   
 DEPTH (last_IT) =  98. km :   
 DEPTH ( input ) =  99. km :   
 DEPTH (last_IT) =  99. km :   
 DEPTH ( input ) = 100. km :   
 DEPTH (last_IT) = 100. km :   
 DEPTH ( input ) > 100. km :   
 DEPTH (last_IT) > 100. km :   


 Residuals of the stations according to the azimuth:
 (RES  = total average residual at station)
 (RES1 = average residual of rays from 1st quadrant)
 (RES2 = average residual of rays from 2nd quadrant)
 (RES3 = average residual of rays from 3rd quadrant)
 (RES4 = average residual of rays from 4th quadrant)

 Stn#  Stn     RES          RES1         RES2         RES3         RES4
   1   624    -0.99(  74)  -0.97(  33)  -0.49(   5)  -1.09(  29)  -1.03(   7)
   2   628    -1.32(  69)  -1.54(  32)  -0.71(   5)  -1.26(  25)  -0.93(   7)
   3   630    -0.90(  53)  -0.94(  25)  -0.36(  11)  -1.26(  10)  -1.05(   7)
   4   627    -0.94(  46)  -1.22(  12)   0.00(   0)  -1.00(  22)  -0.55(  12)
   5   621    -0.97(  59)  -1.04(   7)   0.00(   0)  -1.07(  18)  -0.90(  34)
   6   629    -0.84(  43)  -0.71(  15)   0.00(   0)  -1.42(   9)  -0.66(  19)
   7   622    -0.83(  58)  -0.76(  27)   0.00(   0)  -1.03(  20)  -0.62(  11)
   8   620    -0.72(  48)   0.00(   0)  -0.44(   1)  -0.79(  18)  -0.68(  29)
   9   623    -0.85(  55)  -0.94(  30)   0.00(   0)  -0.76(  17)  -0.70(   8)
  10   626    -1.08(  52)  -1.25(  24)   0.00(   0)  -1.51(   6)  -0.78(  22)
  11   625    -0.93(  49)  -0.94(  14)   0.00(   0)  -1.13(  23)  -0.53(  12)
  12   631    -0.60(  49)  -0.44(  18)   1.02(   1)  -0.27(   4)  -0.82(  26)
  13   632    -0.64(  24)  -0.43(  12)  -0.32(   2)  -1.07(   3)  -0.92(   7)



 CPU - statistics:

 TOTAL CPU-sec          =    0.3     (CPU-minutes:  0.004)

 >>>   End of program VELEST at 25-06-02 16:09       <<< [ CPU-sec :     0.3]
