 >>> Start of program VELEST at 25-06-02 16:12       <<<                        

 ::::::::::::::::::::::::::::::::::::::                                         
  V E L E S T  - Version : January 3, 1995                                      
  (Authors: see source code)                                                    
 ::::::::::::::::::::::::::::::::::::::                                         


 Title of this VELEST run:

 vinnik_2
 --------


 Current array-dimensions of program VELEST:

 Max. number of EARTHQUAKES for simult. inversion IEQ = ***
 Max. number of SHOTS for simult. inversion    INSHOT =  50
 Max. number of (different) 1D-MODELS      ITOTMODELS =   2
 Max. number of LAYERS per one 1D-model        INLTOT = 100
 Max. number of STATIONS in stationlist           IST = 650
 Max. number of OBSERVATIONS per event MAXOBSPEREVENT = 180






    INPUT - P A R A M E T E R S :



***
***  olat       olon   icoordsystem      zshift   itrial ztrial    ised
  72.000000-126.000000      0            0.000       0     0.00      0
***
*** neqs   nshot    rotate
     91      0      0.0
***
*** isingle   iresolcalc
       0          0
***
*** dmax    itopo    zmin     veladj    zadj   lowveloclay
   300.00     0      0.01       0.20    5.00       0
***
*** nsp    swtfac   vpvs       nmod
     1      1.00    1.730        1
***
***   othet   xythet    zthet    vthet   stathet
       0.01     0.01     0.01     1.00     0.01
***
*** nsinv   nshcor   nshfix     iuseelev    iusestacorr
       1       0       0           1            1
***
*** iturbo    icnvout   istaout   ismpout
       1         1         1         0
***
*** irayout   idrvout   ialeout   idspout   irflout   irfrout   iresout
       0         0         0         0         0         0         0
***
*** delmin   ittmax   invertratio
    0.010       3          1
***
*** Modelfile:
tmp/vinnik_2/synthvel/model_792.mod
***
*** Stationfile:
./velinp/station.sta
***
*** Seismofile:
 
***
*** File with region names:
 
***
*** File with region coordinates:
 
***
*** File #1 with topo data:
 
***
*** File #2 with topo data:
 
***
*** DATA INPUT files:
***
*** File with Earthquake data:
./velinp/data.cnv
***
*** File with Shot data:
 
***
*** OUTPUT files:
***
*** Main print output file:
./velout/vinnik_2/velest792.out
***
*** File with single event locations:
velout.vel
***
*** File with final hypocenters in *.cnv format:
./velout/vinnik_2/final_loc792.cnv
***
*** File with new station corrections:
./velout/vinnik_2/stations_corr792.sta
***
*** File with summary cards (e.g. for plotting):
velout.smp
***
*** File with raypoints:
velout.ray
***
*** File with derivatives:
velout.drv
***
*** File with ALEs:
velout.ale
***
*** File with Dirichlet spreads:
velout.dspr
***
*** File with reflection points:
velout.rfl
***
*** File with refraction points:
velout.rfr
***
*** File with residuals:
velout.res
***




 Origin of cartesian coordinates:
        72.00000N   126.00000E

  X,Y-AXES rotated clockwise from North
           Rotation angle (rotate):
            rotate=    0.0 degr.

 icoordsystem =            0
 normal SHORT DISTANCE CONVERSION will be made
 x is positive towards west, y is positive towards north


 SHORT DISTANCE CONVERSION on ELLIPSOIDE of WORLD GEODETIC SYSTEM 1972 (WGS72)
 =============================================================================

 Radius at equator (REARTH)= 6378.13500  km
   1. / (ellipticity)      =    298.260

 Origin of cartesian coordinates [degrees]:
   72.0000000 N     -126.0000000 W

  Rotation angle (in degr.) clockwise from
North  rotate=    0.0

 Radius of sphere at OLAT =   6358.817 km

 Conversion of GEOGRAPHICAL LATITUDE to GEOCENTRICAL LATITUDE:
 RLATC = TAN(GEOCENTR.LAT) / TAN(GEOGRAPH.LAT)
 RLATC =   0.99333486

          Short distance conversions:
          one min lat ~  1.8597 km 
          one min lon ~  0.5751 km 







    INPUT - M O D E L :



 Model(s) read from file :
 tmp/vinnik_2/synthvel/model_792.mod                                             

 model file title: 
Model: model_792.mod                    
 Velocity structure for model   1 :

 layer    vel   depth   vdamp  reflector
   1      4.98  -5.00    1.00         P-VELOCITY MODEL                  
   2      5.37  -0.22    1.00  
 WARNING:
 Only top of the first layer can be negative !!
   3      6.32  10.46    1.00  
   4      6.47  16.49    1.00  
   5      6.57  22.65    1.00  
   6      7.02  23.75    1.00  
   7      7.68  36.52    1.00  
   8      8.31  36.97    1.00  
   9      8.78  48.27    1.00  

 Calculation of average velocity starts at layer #            1
 z = -5.00 ... -0.22    v = 4.98    AVEL = 4.98 downto z =  -0.22
 z = -0.22 ... 10.46    v = 5.37    AVEL = 5.25 downto z =  10.46
 z = 10.46 ... 16.49    v = 6.32    AVEL = 5.55 downto z =  16.49
 z = 16.49 ... 22.65    v = 6.47    AVEL = 5.75 downto z =  22.65
 z = 22.65 ... 23.75    v = 6.57    AVEL = 5.79 downto z =  23.75
 z = 23.75 ... 36.52    v = 7.02    AVEL = 6.17 downto z =  36.52
 z = 36.52 ... 36.97    v = 7.68    AVEL = 6.18 downto z =  36.97
 z = 36.97 ... 48.27    v = 8.31    AVEL = 6.63 downto z =  48.27


 Calculation of average velocity starts at layer #            2
 z = -0.22 ... 10.46    v = 5.37    AVEL = 5.37 downto z =  10.46
 z = 10.46 ... 16.49    v = 6.32    AVEL = 5.71 downto z =  16.49
 z = 16.49 ... 22.65    v = 6.47    AVEL = 5.92 downto z =  22.65
 z = 22.65 ... 23.75    v = 6.57    AVEL = 5.95 downto z =  23.75
 z = 23.75 ... 36.52    v = 7.02    AVEL = 6.32 downto z =  36.52
 z = 36.52 ... 36.97    v = 7.68    AVEL = 6.34 downto z =  36.97
 z = 36.97 ... 48.27    v = 8.31    AVEL = 6.80 downto z =  48.27






    INPUT - S T A T I O N S :



 Station-parameters read from file :
 ./velinp/station.sta                                                            


     stn latitude longitude elev   x      y      z     ptcor stcor model icc
   1 624 72.4760N126.2750E     0  -9.37  53.11  -0.00   0.00  0.00   1  13
   2 628 72.4000N127.1470E     0 -39.15  44.63  -0.00   0.00  0.00   1  12
   3 630 72.0750N128.3250E     0 -80.06   8.37  -0.00   0.00  0.00   1  11
   4 627 72.1170N126.9820E     0 -33.78  13.06  -0.00   0.00  0.00   1  10
   5 621 72.1840N124.8890E     0  38.14  20.53  -0.00   0.00  0.00   1   9
   6 629 71.9290N127.3130E     0 -45.39  -7.92  -0.00   0.00  0.00   1   8
   7 622 72.4420N125.3130E     0  23.42  49.32  -0.00   0.00  0.00   1   7
   8 620 72.6540N124.3470E     0  56.03  72.98  -0.00   0.00  0.00   1   6
   9 623 72.3260N125.7600E     0   8.21  36.38  -0.00   0.00  0.00   1   5
  10 626 71.8880N126.0360E     0  -1.25 -12.50  -0.00   0.00  0.00   1   4
  11 625 72.1740N126.1070E     0  -3.67  19.42  -0.00   0.00  0.00   1   3
  12 631 71.3990N127.2470E     0 -43.72 -67.06  -0.00   0.00  0.00   1   2
  13 632 71.5740N129.0728E     0-107.23 -47.53  -0.00   0.00  0.00   1   1

 NO Seismo-parameter-file specified
 --> NO magnitudes calculated!




   neqs=   91  nshot=    0  nltot=    9

 ~~~ input parameters read.
 ~~~ set units for first iteration ...
 ~~~ determine number of unknowns ...

 Number of unknowns (for array-indexing):  nvar =  385
 Number of effective unknowns        :  nvareff =  373
 Number of elements on/below main diagonal of matrix G = At*A : kvar =   74305

 ~~~ reset G and RHT ...
 ~~~ input data, raytracing, setup G ...






    I N P U T - D A T A  

  eq    origin-time    latitude longitude depth    x      y      z    mag ifxOBS
   1 160818 1613  9.10 73.0030N 124.8500E  23.10  38.61 111.92  23.10 1.40 0   6
   2 160818 1613  9.30 72.9910N 124.8700E  22.80  37.95 110.58  22.80 1.10 0   6
   3 160819 0959 27.30 71.9230N 129.7600E  12.10-130.00  -8.59  12.10 4.00 0  12
   4 160820 1506 15.70 71.9380N 129.7900E  11.00-130.98  -6.92  11.00 1.50 0   9
   5 160820 1904 45.70 72.3480N 127.1800E  23.80 -40.33  38.83  23.80 1.20 0   6
   6 160822 1318 49.50 72.3650N 127.0800E  16.50 -36.90  40.73  16.50 0.60 0   8
   7 160823 0652 14.00 70.9330N 129.8100E   6.40-135.21-119.06   6.40 2.90 0   6
   8 160824 1510 30.40 71.6070N 130.0400E   8.60-140.86 -43.85   8.60 1.50 0   9
   9 160906 1514 39.70 72.5080N 125.6800E  12.10  10.89  56.68  12.10 0.90 0   6
 WARNING:
 epicentral distance: 303.3 > dmax ( 300.0) ==> skipping phase !
 WARNING:
 epicentral distance: 338.2 > dmax ( 300.0) ==> skipping phase !
  10 160920 1607 18.30 69.2370N 128.3500E  16.20 -87.07-308.31  16.20 2.60 0   2
 WARNING:
 epicentral distance: 318.5 > dmax ( 300.0) ==> skipping phase !
 WARNING:
 epicentral distance: 355.0 > dmax ( 300.0) ==> skipping phase !
  11 160925 1911  5.60 69.2250N 127.6800E  15.60 -62.26-309.64  15.60 2.30 0   2
  12 161004 0841 51.20 72.8480N 124.9600E  15.60  35.07  94.62  15.60 0.20 0   6
  13 161005 1619 46.90 72.8770N 125.0100E  19.00  33.35  97.86  19.00 1.00 0   9
  14 161006 0156 55.90 72.8740N 125.0100E  13.90  33.36  97.52  13.90 1.00 0   7
  15 161009 0036 44.70 72.8720N 124.9900E  17.20  34.03  97.30  17.20 1.30 0   8
  16 161009 0036 44.90 72.8580N 124.9600E  18.60  35.06  95.74  18.60 1.20 0   7
  17 161012 0800 22.10 72.7380N 126.0300E  18.50  -1.01  82.35  18.50 0.80 0   7
  18 161015 1013 36.50 72.0400N 126.9900E  11.20 -34.12   4.46  11.20 0.70 0   7
  19 161021 0507 33.30 72.5750N 124.7800E  10.10  41.44  64.16  10.10 0.80 0   6
  20 161124 2250 46.00 72.7630N 124.8800E  16.20  37.85  85.14  16.20 3.10 0   4
  21 161125 0156 34.10 72.7420N 124.9200E  14.50  36.52  82.80  14.50 0.60 0   7
  22 161125 0517 25.90 72.7650N 124.9400E  13.50  35.82  85.36  13.50 1.60 0   6
  23 161125 0525 15.90 72.7740N 124.9500E  11.60  35.48  86.37  11.60 0.80 0   6
  24 161125 0556  2.00 72.7350N 124.9700E   5.70  34.84  82.01   5.70 0.20 0   6
  25 170117 0846 48.60 72.2130N 127.3400E  22.00 -45.97  23.77  22.00 0.30 0   6
  26 170122 1614 27.60 71.9670N 128.0400E  10.30 -70.45  -3.68  10.30 0.90 0   6
  27 170125 2244  0.20 72.4440N 126.0200E  13.10  -0.68  49.54  13.10 0.80 0   6
  28 170302 1359 59.10 72.6830N 124.8900E  11.50  37.60  76.21  11.50 0.50 0   7
  29 170302 2335 20.20 71.8850N 130.3000E  14.80-148.82 -12.83  14.80 2.10 0   9
  30 170304 2135  2.90 72.6880N 124.9400E  13.40  35.90  76.77  13.40 1.30 0   7
  31 170307 0447 21.00 72.6940N 124.9200E  14.20  36.57  77.44  14.20 1.70 0  10
  32 170307 2016 50.80 72.6910N 124.9100E  15.30  36.91  77.10  15.30 1.10 0   6
  33 170309 1454  0.80 72.6830N 124.9000E  15.60  37.26  76.21  15.60 0.30 0   6
  34 170311 0430 55.40 72.3130N 126.5000E  24.50 -17.11  34.93  24.50 0.30 0   6
  35 170312 0416 39.20 71.9240N 128.0800E   3.40 -71.91  -8.48   3.40 2.10 0   6
  36 170313 0553 59.10 72.6980N 124.9200E  15.10  36.57  77.89  15.10 1.00 0   9
  37 170313 0809  5.60 72.4500N 125.0800E  14.90  31.36  50.21  14.90 1.20 0   7
  38 170315 0234 46.50 72.6540N 123.8400E  16.90  73.22  72.98  16.90 1.40 0   7
  39 170317 1007 14.10 72.2350N 125.9800E   3.90   0.69  26.22   3.90 0.50 0   7
  40 170320 0711 14.60 72.1250N 127.2200E  16.80 -41.95  13.95  16.80 0.90 0   6
  41 170320 0853 56.40 72.7090N 124.9700E   5.10  34.86  79.11   5.10 0.40 0   6
  42 170320 1900 34.30 72.4150N 126.1200E  18.00  -4.09  46.31  18.00 0.60 0   7
  43 170323 0519 24.60 71.6470N 129.1800E   5.20-110.76 -39.39   5.20 1.20 0   6
  44 170323 1612 49.70 72.4530N 125.1100E   8.30  30.33  50.55   8.30 0.50 0   6
  45 170323 1906 41.20 72.4070N 130.2500E  18.30-145.04  45.41  18.30 1.00 0   6
  46 170326 0836 34.10 71.9930N 127.6700E  16.10 -57.63  -0.78  16.10 1.50 0   7
  47 170402 0422  1.00 72.7220N 125.6900E  21.90  10.49  80.56  21.90 1.20 0  10
  48 170402 0636 37.20 72.7310N 125.6900E  23.50  10.49  81.57  23.50 0.70 0   6
  49 170404 2347 35.70 72.7580N 124.3800E  22.60  54.76  84.58  22.60 0.50 0   6
  50 170405 0307 36.10 71.6810N 128.9500E  15.30-102.66 -35.60  15.30 1.00 0  10
  51 170405 1410 53.20 71.5100N 128.9000E   9.30-101.37 -54.68   9.30 1.70 0  10
  52 170406 0838 43.20 72.3850N 129.3800E  15.50-115.42  42.96  15.50 0.90 0  10
  53 170406 1728  1.00 72.7230N 125.6900E  21.30  10.49  80.67  21.30 0.90 0  10
 WARNING:
 epicentral distance: 325.9 > dmax ( 300.0) ==> skipping phase !
 WARNING:
 epicentral distance: 332.9 > dmax ( 300.0) ==> skipping phase !
 WARNING:
 epicentral distance: 345.3 > dmax ( 300.0) ==> skipping phase !
 WARNING:
 epicentral distance: 391.9 > dmax ( 300.0) ==> skipping phase !
  54 170407 1729  3.40 74.8930N 128.6300E  15.60 -83.67 322.81  15.60 1.80 0   2
 WARNING:
 epicentral distance: 311.3 > dmax ( 300.0) ==> skipping phase !
 WARNING:
 epicentral distance: 315.4 > dmax ( 300.0) ==> skipping phase !
 WARNING:
 epicentral distance: 328.9 > dmax ( 300.0) ==> skipping phase !
 WARNING:
 epicentral distance: 374.2 > dmax ( 300.0) ==> skipping phase !
  55 170407 1729  3.50 74.7270N 128.8100E   0.40 -89.83 304.29   0.40 1.60 0   5
  56 170408 1004 44.90 72.6070N 124.9400E  15.00  35.98  67.73  15.00 1.40 0  13
  57 170409 0856 47.20 73.3850N 128.5500E  15.60 -84.71 154.54  15.60 2.50 0   6
  58 170409 0902 45.60 73.3500N 128.4400E  15.10 -81.13 150.64  15.10 1.10 0   7
  59 170410 1520  8.50 72.0030N 128.3900E   2.70 -82.46   0.33   2.70 1.00 0  10
  60 170410 1813  3.60 70.9360N 129.1200E   3.70-110.72-118.73   3.70 2.20 0  13
  61 170412 1507  0.60 71.5070N 129.7200E   0.00-130.05 -55.01   0.00 0.70 0   6
  62 170413 0651 20.10 73.3680N 125.4200E  15.60  19.28 152.65  15.60 1.00 0  10
  63 170414 0459 18.80 72.2680N 127.3800E  20.10 -47.27  29.90  20.10 0.50 0   7
  64 170414 0540  4.80 73.6400N 130.9700E   8.00-163.92 183.00   8.00 1.80 0  11
  65 170414 1656 23.40 72.1850N 127.4000E  15.50 -48.06  20.64  15.50 0.20 0   6
  66 170414 1753 32.80 72.3840N 130.4600E  17.90-152.30  42.85  17.90 0.70 0   6
  67 170416 0523 41.90 71.9560N 127.0800E  19.20 -37.31  -4.91  19.20 1.60 0  13
  68 170416 1220 14.20 72.9470N 124.4900E  20.40  50.77 105.67  20.40 1.00 0  11
 WARNING:
 epicentral distance: 320.3 > dmax ( 300.0) ==> skipping phase !
 WARNING:
 epicentral distance: 381.0 > dmax ( 300.0) ==> skipping phase !
 WARNING:
 epicentral distance: 398.8 > dmax ( 300.0) ==> skipping phase !
 WARNING:
 epicentral distance: 405.0 > dmax ( 300.0) ==> skipping phase !
 WARNING:
 epicentral distance: 424.8 > dmax ( 300.0) ==> skipping phase !
 WARNING:
 epicentral distance: 431.2 > dmax ( 300.0) ==> skipping phase !
 WARNING:
 epicentral distance: 445.5 > dmax ( 300.0) ==> skipping phase !
 WARNING:
 epicentral distance: 451.8 > dmax ( 300.0) ==> skipping phase !
 WARNING:
 epicentral distance: 464.3 > dmax ( 300.0) ==> skipping phase !
  69 170416 1257 48.30 68.8710N 131.7500E  73.50-214.97-349.14  73.50 2.20 0   0
  70 170416 1821  5.50 72.8670N 125.0000E  19.30  33.70  96.74  19.30 1.30 0  13
  71 170418 0606  4.10 72.5080N 125.8200E   1.30   6.13  56.68   1.30 0.20 0   6
 WARNING:
 epicentral distance: 315.2 > dmax ( 300.0) ==> skipping phase !
 WARNING:
 epicentral distance: 332.1 > dmax ( 300.0) ==> skipping phase !
 WARNING:
 epicentral distance: 345.3 > dmax ( 300.0) ==> skipping phase !
 WARNING:
 epicentral distance: 352.6 > dmax ( 300.0) ==> skipping phase !
 WARNING:
 epicentral distance: 346.7 > dmax ( 300.0) ==> skipping phase !
 WARNING:
 epicentral distance: 356.6 > dmax ( 300.0) ==> skipping phase !
 WARNING:
 epicentral distance: 363.9 > dmax ( 300.0) ==> skipping phase !
 WARNING:
 epicentral distance: 372.8 > dmax ( 300.0) ==> skipping phase !
 WARNING:
 epicentral distance: 378.6 > dmax ( 300.0) ==> skipping phase !
 WARNING:
 epicentral distance: 378.6 > dmax ( 300.0) ==> skipping phase !
  72 170418 1005 56.80 69.3310N 122.4100E  97.00 132.70-297.82  97.00 2.20 0   1
  73 170418 1500 12.90 72.7340N 124.5100E  23.10  50.40  81.90  23.10 1.30 0  12
  74 170420 1302 36.20 72.6290N 129.0200E  21.80-102.44  70.19  21.80 0.90 0  11
  75 170420 2248 46.70 72.0220N 129.1200E   0.00-107.59   2.46   0.00 0.70 0  11
 WARNING:
 epicentral distance: 313.1 > dmax ( 300.0) ==> skipping phase !
 WARNING:
 epicentral distance: 324.4 > dmax ( 300.0) ==> skipping phase !
 WARNING:
 epicentral distance: 324.2 > dmax ( 300.0) ==> skipping phase !
 WARNING:
 epicentral distance: 342.4 > dmax ( 300.0) ==> skipping phase !
 WARNING:
 epicentral distance: 349.0 > dmax ( 300.0) ==> skipping phase !
 WARNING:
 epicentral distance: 380.2 > dmax ( 300.0) ==> skipping phase !
 WARNING:
 epicentral distance: 381.6 > dmax ( 300.0) ==> skipping phase !
 WARNING:
 epicentral distance: 408.0 > dmax ( 300.0) ==> skipping phase !
  76 170423 0850 54.60 74.7080N 132.7900E   0.10-217.19 302.17   0.10 1.90 0   0
  77 170423 1455 44.10 72.8400N 124.4900E  16.80  50.92  93.73  16.80 0.60 0   8
  78 170423 2313 41.80 72.5960N 124.8700E  22.00  38.36  66.50  22.00 1.30 0  12
  79 170424 0609 58.60 71.9600N 128.0200E   0.10 -69.77  -4.46   0.10 1.10 0  12
  80 170424 0755 26.70 71.9480N 128.0300E   0.00 -70.14  -5.80   0.00 1.00 0  12
  81 170424 0755 26.90 71.9590N 128.0300E   0.00 -70.12  -4.57   0.00 1.00 0  12
  82 170425 0652 23.30 71.9600N 128.0300E   0.00 -70.12  -4.46   0.00 1.20 0   9
  83 170426 0051 23.20 71.9450N 128.0600E   6.60 -71.18  -6.14   6.60 0.70 0   6
  84 170426 1425 21.20 72.0790N 127.2600E  21.00 -43.38   8.82  21.00 0.10 0   6
  85 170426 1834 24.60 71.5840N 130.8000E  10.90-167.46 -46.42  10.90 1.20 0   8
  86 170426 1840 44.10 72.2710N 126.3600E  18.10 -12.33  30.24  18.10 1.30 0   8
  87 170427 0912 28.80 72.0640N 127.7900E   2.60 -61.65   7.14   2.60 0.90 0   8
  88 170427 1041 38.10 71.7480N 128.9900E   8.40-103.86 -28.12   8.40 0.70 0   7
  89 170427 2010 47.80 72.8010N 130.2000E  20.20-141.80  89.38  20.20 1.30 0   8
  90 170427 2010 48.30 72.7890N 130.1400E  20.10-139.82  88.04  20.10 1.30 0   8
  91 170427 2342 34.10 72.7630N 125.0100E  19.50  33.46  85.14  19.50 0.80 0   6

 readings for station 624  :  74
 readings for station 628  :  69
 readings for station 630  :  53
 readings for station 627  :  46
 readings for station 621  :  59
 readings for station 629  :  43
 readings for station 622  :  58
 readings for station 620  :  48
 readings for station 623  :  55
 readings for station 626  :  52
 readings for station 625  :  49
 readings for station 631  :  49
 readings for station 632  :  24

 Total number of stations with readings:  13

 Total number of readings:     679
 Total number of P readings:       0
 Total number of S readings:       0


 ~~~ store parts of G ...
 ~~~ compute RMS and DATVAR ...

 Total number of observations is:   679


 $$$$$$$$$$$$$$$$$$$$$$$$$$$$$$$$$$$$$$$$$$$$$$$$$
 Events with  | AVRES | > 1.0 SEC are suspicious !

 Event#  10 >>>  160920 1607  AVRES =  2.51 NOBS =  2
 Event#  11 >>>  160925 1911  AVRES =  2.15 NOBS =  2
 Event#  54 >>>  170407 1729  AVRES =  1.01 NOBS =  2
 Event#  57 >>>  170409 0856  AVRES =  1.27 NOBS =  6
 Event#  64 >>>  170414 0540  AVRES =  1.77 NOBS = 11
 Event#  72 >>>  170418 1005  AVRES =  2.46 NOBS =  1

 ^^^^^^^^^ C H E C K   these events above ^^^^^^^^
 $$$$$$$$$$$$$$$$$$$$$$$$$$$$$$$$$$$$$$$$$$$$$$$$$

 ~~~ save initial datvar ...

 Iteration nr  0 obtained:
 DATVAR=    1.120433 mean sqrd residual=     0.504937  RMS RESIDUAL=     0.710589

 After  0 iterations we got:
 Average absolute & unweighted [and mean] residual of
   337 straight and direct rays =  0.34270 [ -0.30588]
   342 refracted           rays =  0.65288 [  0.29063]
     0 reflected           rays =  0.00000 [  0.00000]

   679 ALL                 RAYS =  0.49893 [ -0.00543]        0.00 %




--------------------------------------------------------------------------------



           ITERATION no  1

 ~~~ set units for this iteration ...
 ~~~ determine number of unknowns for this iter. ...

 Number of unknowns (for array-indexing):  nvar =  385
 Number of effective unknowns        :  nvareff =  386
 Number of elements on/below main diagonal of matrix G = At*A : kvar =   74305

 Damping factors to be used in this iteration:
   Othet=   0.010   XYthet  =   0.010   Zthet=  0.010
 STAthet=   0.010   Vthet   =   1.000

 ~~~ damp G ...
 ~~~ solve G * b = RHT ...
 ~~~ fix units ...
 ~~~ apply eventually step-length damping ...
 ~~~ adjust model (hypocenters, stacorr & veloc.) ...

 doing velocity adjustments now...

 doing station-correction adjustments...

 ~~~ compute effective step-length ...

 (Applied) Step length =   3.200

 ~~~ set units for next iteration ...
 ~~~ determine number of unknowns for next iter. ...

 Number of unknowns (for array-indexing):  nvar =  385
 Number of effective unknowns        :  nvareff =  386
 Number of elements on/below main diagonal of matrix G = At*A : kvar =   74305

 ~~~ reset G and RHT ...
 ~~~ raytracing, setup G ...
 ~~~ store parts of G ...
 ~~~ set units back for current iteration ...
 ~~~ determine number of unknowns for this iter. ...

 Number of unknowns (for array-indexing):  nvar =  385
 Number of effective unknowns        :  nvareff =  386
 Number of elements on/below main diagonal of matrix G = At*A : kvar =   74305

 ~~~ compute RMS and DATVAR ...

 $$$$$$$$$$$$$$$$$$$$$$$$$$$$$$$$$$$$$$$$$$$$$$$$$
 Events with  | AVRES | > 1.0 SEC are suspicious !

 Event#  10 >>>  160920 1607  AVRES =  2.11 NOBS =  2
 Event#  11 >>>  160925 1911  AVRES =  1.81 NOBS =  2
 Event#  57 >>>  170409 0856  AVRES =  1.07 NOBS =  6
 Event#  64 >>>  170414 0540  AVRES =  1.49 NOBS = 11
 Event#  72 >>>  170418 1005  AVRES =  2.05 NOBS =  1

 ^^^^^^^^^ C H E C K   these events above ^^^^^^^^
 $$$$$$$$$$$$$$$$$$$$$$$$$$$$$$$$$$$$$$$$$$$$$$$$$

 ~~~ check solution (better? worse?) ...

 Iteration nr  1 obtained:
 DATVAR=    0.880257 mean sqrd residual=     0.379846  RMS RESIDUAL=     0.616316

 After  1 iterations we got:
 Average absolute & unweighted [and mean] residual of
   340 straight and direct rays =  0.30493 [ -0.26996]
   339 refracted           rays =  0.55571 [  0.25888]
     0 reflected           rays =  0.00000 [  0.00000]

   679 ALL                 RAYS =  0.43013 [ -0.00593]      -13.79 %

 ~~~ iteration done; output results ...

  eq       ot     x      y      z      rms    avres   dot     dx     dy     dz
    1      9.07  38.66 112.05  23.25   0.20   0.08   -0.028  0.047  0.136  0.152
    2      9.27  38.00 110.73  22.93   0.21   0.06   -0.033  0.053  0.148  0.132
    3     27.26-130.15  -8.51  12.32   0.49   0.13   -0.042 -0.147  0.087  0.219
    4     15.63-131.14  -6.90  10.94   0.60   0.12   -0.069 -0.160  0.019 -0.057
    5     45.68 -40.32  38.68  23.82   0.13  -0.06   -0.018  0.012 -0.153  0.017
    6     49.48 -36.77  40.65  16.72   0.10  -0.24   -0.018  0.132 -0.080  0.218
    7     13.92-134.95-118.97   6.07   1.01   0.48   -0.077  0.259  0.091 -0.335
    8     30.36-140.95 -43.76   8.69   0.64   0.33   -0.037 -0.092  0.090  0.094
    9     39.66  10.86  56.56  12.16   0.06  -0.36   -0.036 -0.027 -0.120  0.061
   10     18.23 -87.39-308.28  16.21   1.05   2.11   -0.071 -0.321  0.024  0.008
   11      5.47 -62.65-309.65  15.61   1.26   1.81   -0.128 -0.393 -0.004  0.014
   12     51.17  35.06  94.66  16.03   0.18  -0.19   -0.028 -0.007  0.035  0.427
   13     46.86  33.46  97.97  19.37   0.25  -0.03   -0.039  0.103  0.115  0.371
   14     55.86  33.34  97.52  14.04   0.50  -0.14   -0.043 -0.014 -0.001  0.136
   15     44.66  34.06  97.45  17.41   0.54   0.09   -0.036  0.026  0.147  0.207
   16     44.84  34.92  96.01  18.76   0.61   0.18   -0.057 -0.134  0.271  0.164
   17     22.06  -1.01  82.42  18.66   0.40  -0.06   -0.041  0.006  0.073  0.163
   18     36.47 -33.96   4.46  11.25   0.14  -0.33   -0.034  0.166 -0.008  0.053
   19     33.29  41.39  64.05  10.18   0.13  -0.35   -0.013 -0.055 -0.113  0.078
   20     45.94  37.77  85.21  16.33   0.21  -0.17   -0.056 -0.078  0.069  0.132
   21     34.07  36.41  82.78  14.29   0.39  -0.21   -0.030 -0.115 -0.013 -0.205
   22     25.87  35.70  85.34  13.50   0.24  -0.30   -0.027 -0.122 -0.018 -0.001
   23     15.87  35.39  86.32  11.59   0.36  -0.31   -0.027 -0.090 -0.047 -0.008
   24      1.95  34.88  82.30   6.14   0.43  -0.52   -0.047  0.045  0.288  0.437
   25     48.61 -45.85  23.61  22.18   0.12  -0.03    0.012  0.117 -0.155  0.177
   26     27.58 -70.35  -3.83  10.48   0.11  -0.33   -0.022  0.100 -0.147  0.184
   27      0.18  -0.64  49.33  13.20   0.18  -0.23   -0.021  0.045 -0.214  0.104
   28     59.07  37.65  76.23  11.52   0.52  -0.05   -0.027  0.053  0.022  0.017
   29     20.15-148.85 -12.76  14.80   0.51   0.28   -0.046 -0.029  0.069 -0.005
   30      2.90  35.92  76.64  13.21   0.57   0.02   -0.004  0.024 -0.128 -0.185
   31     20.98  36.40  77.35  14.10   0.59  -0.05   -0.020 -0.169 -0.093 -0.103
   32     50.78  36.84  77.04  15.32   0.17  -0.28   -0.023 -0.071 -0.067  0.018
   33      0.80  37.23  76.10  15.55   0.22  -0.18   -0.000 -0.028 -0.107 -0.051
   34     55.40 -16.98  34.85  24.55   0.06  -0.04    0.003  0.129 -0.072  0.049
   35     39.22 -71.65  -8.53   4.07   0.45  -0.48    0.023  0.267 -0.051  0.670
   36     59.09  36.54  77.78  15.12   0.46  -0.05   -0.008 -0.030 -0.105  0.017
   37      5.58  31.31  50.11  14.81   0.10  -0.29   -0.021 -0.051 -0.101 -0.088
   38     46.46  73.18  73.01  17.09   0.31  -0.07   -0.036 -0.036  0.036  0.190
   39     14.09   0.73  26.10   3.79   0.29  -0.46   -0.012  0.042 -0.119 -0.111
   40     14.57 -41.90  13.91  16.76   0.13  -0.23   -0.030  0.055 -0.037 -0.043
   41     56.38  34.83  79.06   5.50   0.23  -0.58   -0.015 -0.027 -0.055  0.397
   42     34.29  -4.00  46.23  18.02   0.11  -0.15   -0.008  0.092 -0.078  0.024
   43     24.57-110.58 -39.42   5.59   0.44  -0.58   -0.025  0.175 -0.030  0.393
   44     49.68  30.28  50.46   8.42   0.17  -0.48   -0.021 -0.059 -0.089  0.125
   45     41.17-145.16  45.58  18.55   0.48   0.35   -0.026 -0.121  0.165  0.248
   46     34.08 -57.53  -0.89  16.28   0.10  -0.19   -0.024  0.101 -0.108  0.179
   47      1.01  10.62  80.49  21.89   0.59   0.21    0.010  0.131 -0.069 -0.007
   48     37.21  10.60  81.59  23.48   0.14   0.00    0.013  0.114  0.021 -0.015
   49     35.68  54.66  84.56  22.62   0.24  -0.09   -0.017 -0.101 -0.021  0.016
   50     36.07-102.53 -35.66  15.23   0.41   0.00   -0.033  0.129 -0.069 -0.073
   51     53.15-101.03 -54.76   9.02   0.69   0.09   -0.050  0.342 -0.088 -0.276
   52     43.14-115.65  43.35  15.66   0.46   0.10   -0.059 -0.231  0.385  0.161
   53      1.01  10.60  80.67  21.33   0.56   0.23    0.009  0.117 -0.006  0.032
   54      3.04 -83.70 322.76  15.64   0.46   0.84   -0.363 -0.023 -0.051  0.040
   55      3.20 -89.79 304.26   0.44   0.39   0.75   -0.296  0.043 -0.023  0.044
   56     44.88  35.94  67.54  14.92   0.55  -0.07   -0.021 -0.037 -0.191 -0.082
   57     47.15 -84.64 154.64  15.60   0.58   1.07   -0.052  0.067  0.096 -0.003
   58     45.57 -81.11 150.79  15.19   0.80   0.73   -0.034  0.026  0.154  0.087
   59      8.51 -82.25   0.38   2.71   0.61  -0.44    0.007  0.210  0.044  0.007
   60      3.52-110.64-118.40   3.30   1.21   0.32   -0.078  0.077  0.328 -0.397
   61      0.54-130.29 -54.97   0.46   0.54  -0.58   -0.060 -0.242  0.038  0.349
   62     20.08  19.45 152.61  15.75   0.89   0.34   -0.021  0.174 -0.041  0.146
   63     18.79 -47.16  29.80  20.28   0.13  -0.11   -0.008  0.112 -0.106  0.177
   64      4.73-163.17 184.01   8.10   0.83   1.49   -0.071  0.748  1.015  0.100
   65     23.40 -47.90  20.49  15.61   0.09  -0.22   -0.005  0.167 -0.149  0.106
   66     32.78-152.51  43.10  18.31   0.38   0.26   -0.019 -0.209  0.253  0.411
   67     41.89 -37.19  -5.11  19.02   0.19  -0.07   -0.006  0.115 -0.200 -0.181
   68     14.15  50.96 105.88  20.53   0.34   0.17   -0.049  0.185  0.210  0.135
   69     48.30-214.97-349.14  73.50   0.00   0.00    0.000  0.000  0.000  0.000
   70      5.46  33.73  96.88  19.34   0.62   0.21   -0.035  0.034  0.133  0.041
   71      4.14   6.16  56.62   1.23   0.58  -0.23    0.045  0.036 -0.065 -0.066
   72     56.51 132.68-297.79  96.99   4.21   2.05   -0.294 -0.020  0.026 -0.007
   73     12.89  50.50  81.83  23.14   0.40   0.23   -0.007  0.101 -0.076  0.036
   74     36.17-102.57  70.38  22.36   0.31   0.19   -0.026 -0.134  0.190  0.559
   75     46.65-107.92   3.01   0.12   0.97  -0.31   -0.048 -0.336  0.550  0.014
   76     54.60-217.19 302.17   0.10   0.00   0.00    0.000  0.000  0.000  0.000
   77     44.07  50.94  93.81  16.91   0.26  -0.04   -0.031  0.018  0.084  0.106
   78     41.78  38.43  66.39  22.08   0.35   0.01   -0.020  0.062 -0.119  0.081
   79     58.66 -69.59  -4.36   0.55   0.44  -0.49    0.062  0.177  0.099  0.447
   80     26.76 -70.00  -5.76   0.48   0.39  -0.46    0.057  0.137  0.047  0.369
   81     26.96 -69.94  -4.48   0.36   0.41  -0.45    0.060  0.179  0.097  0.249
   82     23.34 -69.94  -4.42   0.51   0.38  -0.56    0.043  0.182  0.038  0.398
   83     23.20 -71.01  -6.09   6.94   0.25  -0.50   -0.003  0.171  0.045  0.336
   84     21.21 -43.20   8.63  21.01   0.04  -0.08    0.006  0.179 -0.188  0.009
   85     24.54-167.44 -46.41  10.83   0.71   0.44   -0.062  0.028  0.010 -0.065
   86     44.08 -12.24  30.07  18.22   0.09  -0.18   -0.023  0.095 -0.166  0.117
   87     28.81 -61.59   6.95   3.33   0.32  -0.46    0.011  0.068 -0.189  0.733
   88     38.04-103.72 -28.21   8.39   0.40  -0.36   -0.057  0.140 -0.088 -0.008
   89     47.78-141.94  89.63  20.64   0.52   0.59   -0.015 -0.144  0.251  0.441
   90     48.28-139.90  88.35  20.53   0.47   0.52   -0.025 -0.085  0.311  0.427
   91     34.04  33.61  85.27  19.65   0.50   0.07   -0.060  0.148  0.129  0.152

 A V E R A G E   of ADJUSTMENTS :                    -0.033  0.029  0.024  0.108
 A V E R A G E   of ABSOLUTE ADJUSTMENTS :            0.041  0.115  0.117  0.160


 Step length damping of 0.15975 was applied.


 Velocity adjustments:
     vp    dvp      hp   reflector
 Velocity model   1
   4.925 -0.055   -5.000      
   5.448  0.078   -0.220      
   6.299 -0.021   10.460      
   6.446 -0.024   16.490      
   6.553 -0.017   22.650      
   6.981 -0.039   23.750      
   7.710  0.030   36.520      
   8.193 -0.117   36.970      
   8.580 -0.200   48.270      

 Calculation of average velocity starts at layer #           1
 z = -5.00 ... -0.22    v = 4.93    AVEL = 4.93 downto z =  -0.22
 z = -0.22 ... 10.46    v = 5.45    AVEL = 5.29 downto z =  10.46
 z = 10.46 ... 16.49    v = 6.30    AVEL = 5.57 downto z =  16.49
 z = 16.49 ... 22.65    v = 6.45    AVEL = 5.77 downto z =  22.65
 z = 22.65 ... 23.75    v = 6.55    AVEL = 5.80 downto z =  23.75
 z = 23.75 ... 36.52    v = 6.98    AVEL = 6.16 downto z =  36.52
 z = 36.52 ... 36.97    v = 7.71    AVEL = 6.18 downto z =  36.97
 z = 36.97 ... 48.27    v = 8.19    AVEL = 6.60 downto z =  48.27


 Calculation of average velocity starts at layer #           2
 z = -0.22 ... 10.46    v = 5.45    AVEL = 5.45 downto z =  10.46
 z = 10.46 ... 16.49    v = 6.30    AVEL = 5.76 downto z =  16.49
 z = 16.49 ... 22.65    v = 6.45    AVEL = 5.94 downto z =  22.65
 z = 22.65 ... 23.75    v = 6.55    AVEL = 5.97 downto z =  23.75
 z = 23.75 ... 36.52    v = 6.98    AVEL = 6.32 downto z =  36.52
 z = 36.52 ... 36.97    v = 7.71    AVEL = 6.34 downto z =  36.97
 z = 36.97 ... 48.27    v = 8.19    AVEL = 6.77 downto z =  48.27



 Adjusted station corrections:
   stn  ptcor  dpcor  
  624   0.000  0.000  628  -0.032 -0.032  630  -0.024 -0.024  627   0.020  0.020
  621   0.021  0.021  629   0.024  0.024  622   0.012  0.012  620   0.000  0.000
  623   0.039  0.039  626   0.033  0.033  625   0.032  0.032  631   0.056  0.056
  632   0.004  0.004

 ~~~ another iteration? ...



--------------------------------------------------------------------------------



           ITERATION no  2

 ~~~ set units for this iteration ...
 ~~~ determine number of unknowns for this iter. ...

 Number of unknowns (for array-indexing):  nvar =  385
 Number of effective unknowns        :  nvareff =  386
 Number of elements on/below main diagonal of matrix G = At*A : kvar =   74305

 Damping factors to be used in this iteration:
   Othet=   0.010   XYthet  =   0.010   Zthet=  0.010
 STAthet=   0.010   Vthet   =   1.000

 ~~~ damp G ...
 ~~~ solve G * b = RHT ...
 ~~~ fix units ...
 ~~~ apply eventually step-length damping ...
 ~~~ adjust model (hypocenters, stacorr & veloc.) ...

 doing velocity adjustments now...

 doing station-correction adjustments...

 ~~~ compute effective step-length ...

 (Applied) Step length =   3.630

 ~~~ set units for next iteration ...
 ~~~ determine number of unknowns for next iter. ...

 Number of unknowns (for array-indexing):  nvar =  385
 Number of effective unknowns        :  nvareff =  386
 Number of elements on/below main diagonal of matrix G = At*A : kvar =   74305

 ~~~ reset G and RHT ...
 ~~~ raytracing, setup G ...
 ~~~ store parts of G ...
 ~~~ set units back for current iteration ...
 ~~~ determine number of unknowns for this iter. ...

 Number of unknowns (for array-indexing):  nvar =  385
 Number of effective unknowns        :  nvareff =  386
 Number of elements on/below main diagonal of matrix G = At*A : kvar =   74305

 ~~~ compute RMS and DATVAR ...

 $$$$$$$$$$$$$$$$$$$$$$$$$$$$$$$$$$$$$$$$$$$$$$$$$
 Events with  | AVRES | > 1.0 SEC are suspicious !

 Event#  10 >>>  160920 1607  AVRES =  1.70 NOBS =  2
 Event#  11 >>>  160925 1911  AVRES =  1.46 NOBS =  2
 Event#  64 >>>  170414 0540  AVRES =  1.20 NOBS = 11
 Event#  72 >>>  170418 1005  AVRES =  1.64 NOBS =  1

 ^^^^^^^^^ C H E C K   these events above ^^^^^^^^
 $$$$$$$$$$$$$$$$$$$$$$$$$$$$$$$$$$$$$$$$$$$$$$$$$

 ~~~ check solution (better? worse?) ...

 Iteration nr  2 obtained:
 DATVAR=    0.633473 mean sqrd residual=     0.273354  RMS RESIDUAL=     0.522833

 After  2 iterations we got:
 Average absolute & unweighted [and mean] residual of
   345 straight and direct rays =  0.25884 [ -0.22478]
   334 refracted           rays =  0.46788 [  0.21949]
     0 reflected           rays =  0.00000 [  0.00000]

   679 ALL                 RAYS =  0.36167 [ -0.00625]      -15.92 %

 ~~~ iteration done; output results ...

  eq       ot     x      y      z      rms    avres   dot     dx     dy     dz
    1      9.04  38.71 112.21  23.46   0.18   0.07   -0.032  0.051  0.157  0.206
    2      9.23  38.06 110.90  23.11   0.18   0.05   -0.038  0.056  0.171  0.182
    3     27.21-130.30  -8.40  12.59   0.42   0.11   -0.044 -0.154  0.109  0.275
    4     15.56-131.31  -6.89  10.84   0.51   0.10   -0.067 -0.167  0.008 -0.101
    5     45.66 -40.30  38.49  23.83   0.12  -0.05   -0.019  0.018 -0.184  0.012
    6     49.46 -36.62  40.54  16.93   0.10  -0.19   -0.020  0.150 -0.113  0.216
    7     13.85-134.68-118.81   5.60   0.87   0.39   -0.069  0.272  0.163 -0.462
    8     30.32-141.07 -43.65   8.82   0.55   0.27   -0.044 -0.121  0.109  0.122
    9     39.63  10.84  56.41  12.20   0.06  -0.29   -0.035 -0.028 -0.149  0.039
   10     18.15 -87.78-308.25  16.22   1.04   1.70   -0.075 -0.392  0.029  0.008
   11      5.34 -63.14-309.65  15.63   1.25   1.46   -0.133 -0.482 -0.006  0.014
   12     51.14  35.06  94.70  16.45   0.17  -0.15   -0.028  0.001  0.042  0.422
   13     46.82  33.55  98.10  19.69   0.22  -0.02   -0.039  0.097  0.126  0.320
   14     55.82  33.32  97.50  14.24   0.40  -0.11   -0.042 -0.020 -0.022  0.203
   15     44.62  34.09  97.61  17.68   0.47   0.08   -0.040  0.027  0.158  0.272
   16     44.79  34.84  96.31  18.91   0.53   0.14   -0.057 -0.086  0.304  0.148
   17     22.01  -1.03  82.48  18.86   0.33  -0.05   -0.044 -0.020  0.061  0.196
   18     36.43 -33.80   4.44  11.25   0.13  -0.26   -0.037  0.152 -0.018  0.001
   19     33.27  41.32  63.91  10.24   0.12  -0.28   -0.014 -0.067 -0.143  0.058
   20     45.89  37.71  85.28  16.49   0.16  -0.13   -0.058 -0.063  0.077  0.159
   21     34.07  36.32  82.61  13.80   0.35  -0.17    0.001 -0.086 -0.175 -0.495
   22     25.85  35.57  85.30  13.51   0.21  -0.24   -0.024 -0.128 -0.044  0.008
   23     15.85  35.29  86.24  11.58   0.34  -0.25   -0.022 -0.098 -0.075 -0.008
   24      1.90  34.92  82.59   6.60   0.41  -0.43   -0.053  0.037  0.290  0.461
   25     48.62 -45.72  23.42  22.34   0.11  -0.02    0.011  0.133 -0.190  0.163
   26     27.54 -70.17  -4.02  10.57   0.10  -0.27   -0.035  0.178 -0.190  0.084
   27      0.16  -0.57  49.10  13.30   0.13  -0.18   -0.023  0.064 -0.225  0.099
   28     59.05  37.71  76.24  11.57   0.43  -0.04   -0.026  0.059  0.009  0.050
   29     20.10-148.88 -12.67  14.84   0.42   0.22   -0.050 -0.033  0.090  0.042
   30      2.90  35.95  76.47  13.04   0.48   0.01   -0.001  0.028 -0.171 -0.180
   31     20.96  36.23  77.21  14.02   0.49  -0.04   -0.018 -0.171 -0.133 -0.077
   32     50.76  36.77  76.93  15.34   0.14  -0.22   -0.020 -0.072 -0.104  0.020
   33      0.80  37.20  75.97  15.49   0.20  -0.15    0.002 -0.033 -0.130 -0.056
   34     55.41 -16.83  34.77  24.59   0.05  -0.04    0.003  0.143 -0.085  0.039
   35     39.24 -71.33  -8.57   4.75   0.40  -0.39    0.017  0.315 -0.040  0.677
   36     59.09  36.50  77.64  15.16   0.39  -0.04   -0.007 -0.032 -0.138  0.042
   37      5.56  31.25  49.99  14.69   0.09  -0.23   -0.018 -0.057 -0.124 -0.119
   38     46.42  73.15  73.06  17.34   0.27  -0.05   -0.041 -0.030  0.045  0.248
   39     14.07   0.77  25.97   3.68   0.24  -0.38   -0.020  0.046 -0.134 -0.108
   40     14.54 -41.84  13.86  16.66   0.13  -0.19   -0.032  0.054 -0.056 -0.098
   41     56.37  34.80  78.95   5.91   0.20  -0.47   -0.017 -0.032 -0.104  0.414
   42     34.28  -3.89  46.14  18.03   0.10  -0.12   -0.008  0.107 -0.089  0.008
   43     24.58-110.14 -39.49   5.88   0.40  -0.47    0.001  0.446 -0.067  0.286
   44     49.65  30.21  50.35   8.53   0.13  -0.39   -0.025 -0.066 -0.108  0.109
   45     41.14-145.31  45.76  18.85   0.38   0.29   -0.032 -0.147  0.179  0.307
   46     34.05 -57.42  -1.00  16.42   0.09  -0.15   -0.025  0.110 -0.108  0.136
   47      1.02  10.76  80.39  21.91   0.50   0.17    0.012  0.138 -0.104  0.022
   48     37.23  10.72  81.58  23.47   0.12   0.00    0.015  0.120 -0.007 -0.018
   49     35.67  54.53  84.52  22.64   0.21  -0.07   -0.016 -0.123 -0.040  0.021
   50     36.03-102.38 -35.72  15.16   0.34   0.00   -0.034  0.149 -0.059 -0.062
   51     53.10-100.66 -54.85   8.74   0.61   0.07   -0.048  0.371 -0.085 -0.286
   52     43.08-115.89  43.78  15.85   0.40   0.09   -0.066 -0.243  0.434  0.184
   53      1.02  10.73  80.63  21.40   0.47   0.18    0.010  0.124 -0.035  0.064
   54      2.66 -83.72 322.71  15.68   0.42   0.68   -0.378 -0.027 -0.055  0.041
   55      2.90 -89.75 304.24   0.49   0.32   0.60   -0.309  0.046 -0.025  0.044
   56     44.86  35.90  67.30  14.82   0.46  -0.06   -0.019 -0.039 -0.240 -0.098
   57     47.08 -84.55 154.75  15.59   0.52   0.87   -0.064  0.087  0.115 -0.007
   58     45.53 -80.95 151.03  15.28   0.69   0.59   -0.031  0.157  0.236  0.088
   59      8.51 -81.98   0.41   2.66   0.56  -0.35    0.006  0.264  0.028 -0.046
   60      3.46-110.39-117.79   2.54   1.05   0.27   -0.062  0.253  0.607 -0.763
   61      0.48-130.55 -54.93   0.84   0.50  -0.47   -0.064 -0.261  0.041  0.380
   62     20.06  19.63 152.58  15.98   0.78   0.28   -0.022  0.182 -0.022  0.231
   63     18.78 -47.02  29.66  20.43   0.10  -0.09   -0.008  0.136 -0.137  0.149
   64      4.67-162.49 185.01   8.19   0.72   1.20   -0.062  0.679  0.998  0.089
   65     23.39 -47.71  20.31  15.68   0.09  -0.18   -0.005  0.185 -0.183  0.075
   66     32.76-152.73  43.40  18.80   0.33   0.21   -0.023 -0.222  0.299  0.492
   67     41.89 -37.06  -5.31  18.76   0.18  -0.05   -0.004  0.131 -0.199 -0.261
   68     14.10  51.08 106.15  20.61   0.29   0.14   -0.052  0.117  0.269  0.077
   69     48.30-214.97-349.14  73.50   0.00   0.00    0.000  0.000  0.000  0.000
   70      5.43  33.75  97.01  19.34   0.52   0.17   -0.034  0.021  0.134  0.001
   71      4.19   6.21  56.52   1.15   0.56  -0.20    0.045  0.044 -0.098 -0.080
   72     56.19 132.66-297.76  96.99   2.69   1.64   -0.316 -0.022  0.029 -0.008
   73     12.88  50.61  81.74  23.21   0.32   0.19   -0.010  0.110 -0.089  0.071
   74     36.15-102.72  70.46  22.84   0.25   0.16   -0.022 -0.143  0.083  0.477
   75     46.64-108.50   3.67   0.58   0.94  -0.29   -0.010 -0.579  0.663  0.454
   76     54.60-217.19 302.17   0.10   0.00   0.00    0.000  0.000  0.000  0.000
   77     44.03  50.97  93.91  17.05   0.21  -0.03   -0.034  0.027  0.094  0.145
   78     41.76  38.49  66.24  22.19   0.29   0.01   -0.023  0.064 -0.145  0.107
   79     58.71 -69.37  -4.28   0.87   0.40  -0.42    0.046  0.221  0.085  0.326
   80     26.80 -69.83  -5.71   0.77   0.35  -0.39    0.047  0.173  0.046  0.293
   81     27.02 -69.73  -4.36   0.57   0.37  -0.39    0.059  0.210  0.114  0.214
   82     23.38 -69.71  -4.38   0.84   0.33  -0.48    0.032  0.220  0.040  0.328
   83     23.19 -70.79  -6.04   7.24   0.21  -0.41   -0.007  0.219  0.053  0.303
   84     21.21 -43.00   8.40  20.97   0.04  -0.07    0.005  0.202 -0.226 -0.034
   85     24.48-167.45 -46.38  10.68   0.60   0.35   -0.057 -0.011  0.024 -0.155
   86     44.05 -12.15  29.88  18.30   0.07  -0.14   -0.023  0.089 -0.196  0.088
   87     28.81 -61.50   6.74   4.08   0.28  -0.38    0.002  0.085 -0.212  0.746
   88     38.02-103.44 -28.36   8.55   0.37  -0.28   -0.025  0.281 -0.156  0.157
   89     47.76-142.13  89.92  21.20   0.46   0.47   -0.022 -0.188  0.289  0.559
   90     48.25-140.03  88.72  21.05   0.40   0.42   -0.028 -0.131  0.366  0.525
   91     33.97  33.78  85.42  19.86   0.42   0.05   -0.066  0.174  0.151  0.213

 A V E R A G E   of ADJUSTMENTS :                    -0.034  0.036  0.021  0.104
 A V E R A G E   of ABSOLUTE ADJUSTMENTS :            0.040  0.136  0.140  0.182


 Step length damping of 0.19342 was applied.


 Velocity adjustments:
     vp    dvp      hp   reflector
 Velocity model   1
   4.918 -0.007   -5.000      
   5.528  0.079   -0.220      
   6.278 -0.021   10.460      
   6.423 -0.023   16.490      
   6.533 -0.020   22.650      
   6.942 -0.039   23.750      
   7.749  0.039   36.520      
   8.069 -0.124   36.970      
   8.380 -0.200   48.270      

 Calculation of average velocity starts at layer #           1
 z = -5.00 ... -0.22    v = 4.92    AVEL = 4.92 downto z =  -0.22
 z = -0.22 ... 10.46    v = 5.53    AVEL = 5.34 downto z =  10.46
 z = 10.46 ... 16.49    v = 6.28    AVEL = 5.60 downto z =  16.49
 z = 16.49 ... 22.65    v = 6.42    AVEL = 5.79 downto z =  22.65
 z = 22.65 ... 23.75    v = 6.53    AVEL = 5.81 downto z =  23.75
 z = 23.75 ... 36.52    v = 6.94    AVEL = 6.16 downto z =  36.52
 z = 36.52 ... 36.97    v = 7.75    AVEL = 6.18 downto z =  36.97
 z = 36.97 ... 48.27    v = 8.07    AVEL = 6.58 downto z =  48.27


 Calculation of average velocity starts at layer #           2
 z = -0.22 ... 10.46    v = 5.53    AVEL = 5.53 downto z =  10.46
 z = 10.46 ... 16.49    v = 6.28    AVEL = 5.80 downto z =  16.49
 z = 16.49 ... 22.65    v = 6.42    AVEL = 5.97 downto z =  22.65
 z = 22.65 ... 23.75    v = 6.53    AVEL = 5.99 downto z =  23.75
 z = 23.75 ... 36.52    v = 6.94    AVEL = 6.32 downto z =  36.52
 z = 36.52 ... 36.97    v = 7.75    AVEL = 6.34 downto z =  36.97
 z = 36.97 ... 48.27    v = 8.07    AVEL = 6.74 downto z =  48.27



 Adjusted station corrections:
   stn  ptcor  dpcor  
  624   0.000  0.000  628  -0.065 -0.033  630  -0.047 -0.023  627   0.053  0.033
  621   0.044  0.023  629   0.056  0.032  622   0.028  0.016  620  -0.002 -0.002
  623   0.083  0.045  626   0.071  0.038  625   0.067  0.035  631   0.112  0.057
  632   0.006  0.002

 ~~~ another iteration? ...



--------------------------------------------------------------------------------



           ITERATION no  3

 ~~~ set units for this iteration ...
 ~~~ determine number of unknowns for this iter. ...

 Number of unknowns (for array-indexing):  nvar =  385
 Number of effective unknowns        :  nvareff =  386
 Number of elements on/below main diagonal of matrix G = At*A : kvar =   74305

 Damping factors to be used in this iteration:
   Othet=   0.010   XYthet  =   0.010   Zthet=  0.010
 STAthet=   0.010   Vthet   =   1.000

 ~~~ damp G ...
 ~~~ solve G * b = RHT ...
 ~~~ fix units ...
 ~~~ apply eventually step-length damping ...
 ~~~ adjust model (hypocenters, stacorr & veloc.) ...

 doing velocity adjustments now...

 doing station-correction adjustments...

 ~~~ compute effective step-length ...

 (Applied) Step length =   4.457

 ~~~ set units for next iteration ...
 ~~~ determine number of unknowns for next iter. ...

 Number of unknowns (for array-indexing):  nvar =  385
 Number of effective unknowns        :  nvareff =  386
 Number of elements on/below main diagonal of matrix G = At*A : kvar =   74305

 ~~~ reset G and RHT ...
 ~~~ raytracing, setup G ...
 ~~~ store parts of G ...
 ~~~ set units back for current iteration ...
 ~~~ determine number of unknowns for this iter. ...

 Number of unknowns (for array-indexing):  nvar =  385
 Number of effective unknowns        :  nvareff =  386
 Number of elements on/below main diagonal of matrix G = At*A : kvar =   74305

 ~~~ compute RMS and DATVAR ...

 $$$$$$$$$$$$$$$$$$$$$$$$$$$$$$$$$$$$$$$$$$$$$$$$$
 Events with  | AVRES | > 1.0 SEC are suspicious !

 Event#  10 >>>  160920 1607  AVRES =  1.22 NOBS =  2
 Event#  11 >>>  160925 1911  AVRES =  1.05 NOBS =  2
 Event#  72 >>>  170418 1005  AVRES =  1.14 NOBS =  1

 ^^^^^^^^^ C H E C K   these events above ^^^^^^^^
 $$$$$$$$$$$$$$$$$$$$$$$$$$$$$$$$$$$$$$$$$$$$$$$$$

 ~~~ check solution (better? worse?) ...

 Iteration nr  3 obtained:
 DATVAR=    0.396166 mean sqrd residual=     0.170952  RMS RESIDUAL=     0.413464

 After  3 iterations we got:
 Average absolute & unweighted [and mean] residual of
   367 straight and direct rays =  0.19797 [ -0.15890]
   312 refracted           rays =  0.37735 [  0.17930]
     0 reflected           rays =  0.00000 [  0.00000]

   679 ALL                 RAYS =  0.28040 [ -0.00350]      -22.47 %

 ~~~ iteration done; output results ...

  eq       ot     x      y      z      rms    avres   dot     dx     dy     dz
    1      8.99  38.82 112.45  23.73   0.17   0.06   -0.052  0.107  0.235  0.271
    2      9.21  38.02 110.92  22.93   0.15   0.04   -0.024 -0.042  0.021 -0.189
    3     27.16-130.54  -8.26  13.00   0.34   0.08   -0.053 -0.241  0.136  0.406
    4     15.48-131.59  -6.84  10.85   0.41   0.07   -0.089 -0.280  0.047  0.011
    5     45.64 -40.27  38.27  23.85   0.10  -0.04   -0.026  0.029 -0.223  0.026
    6     49.44 -36.43  40.41  17.21   0.10  -0.14   -0.023  0.188 -0.126  0.277
    7     13.76-134.38-118.66   5.09   0.68   0.28   -0.091  0.305  0.147 -0.510
    8     30.26-141.25 -43.45   8.94   0.44   0.19   -0.057 -0.178  0.201  0.119
    9     39.59  10.81  56.25  12.23   0.06  -0.20   -0.042 -0.026 -0.166  0.030
   10     18.10 -88.37-308.22  16.22   1.04   1.22   -0.053 -0.585  0.037  0.006
   11      5.21 -63.86-309.67  15.64   1.28   1.05   -0.124 -0.719 -0.017  0.013
   12     51.11  35.16  94.74  17.01   0.16  -0.11   -0.036  0.100  0.043  0.565
   13     46.76  33.73  98.32  20.15   0.19  -0.02   -0.061  0.173  0.215  0.462
   14     55.76  33.37  97.49  14.64   0.27  -0.08   -0.056  0.044 -0.016  0.398
   15     44.56  34.16  97.88  18.13   0.38   0.05   -0.066  0.075  0.278  0.449
   16     44.70  34.76  96.79  19.18   0.43   0.10   -0.090 -0.077  0.477  0.263
   17     21.95  -1.05  82.60  19.21   0.23  -0.04   -0.064 -0.017  0.116  0.346
   18     36.39 -33.59   4.42  11.24   0.12  -0.18   -0.037  0.212 -0.017 -0.014
   19     33.26  41.26  63.73  10.26   0.10  -0.20   -0.018 -0.065 -0.173  0.021
   20     45.85  37.71  85.21  16.37   0.13  -0.09   -0.038 -0.004 -0.072 -0.119
   21     34.07  36.23  82.40  13.16   0.30  -0.12    0.002 -0.090 -0.209 -0.644
   22     25.82  35.45  85.25  13.51   0.18  -0.17   -0.029 -0.120 -0.046  0.008
   23     15.83  35.20  86.17  11.56   0.31  -0.18   -0.025 -0.084 -0.078 -0.022
   24      1.82  34.99  83.00   7.16   0.38  -0.31   -0.077  0.075  0.410  0.561
   25     48.63 -45.55  23.20  22.58   0.11  -0.02    0.010  0.167 -0.225  0.241
   26     27.51 -69.97  -4.24  10.69   0.08  -0.19   -0.037  0.200 -0.224  0.121
   27      0.13  -0.49  48.84  13.46   0.08  -0.13   -0.029  0.087 -0.267  0.159
   28     59.01  37.84  76.30  11.74   0.31  -0.02   -0.038  0.130  0.058  0.170
   29     20.04-148.98 -12.55  15.02   0.30   0.17   -0.067 -0.092  0.122  0.182
   30      2.89  36.04  76.25  12.90   0.39   0.01   -0.004  0.093 -0.222 -0.137
   31     20.94  36.09  77.06  14.05   0.36  -0.02   -0.028 -0.143 -0.156  0.027
   32     50.73  36.72  76.81  15.38   0.12  -0.16   -0.027 -0.046 -0.129  0.036
   33      0.80  37.18  75.84  15.44   0.17  -0.10   -0.002 -0.016 -0.130 -0.050
   34     55.41 -16.65  34.66  24.64   0.04  -0.03    0.001  0.181 -0.106  0.047
   35     39.26 -70.94  -8.60   5.61   0.35  -0.29    0.021  0.392 -0.031  0.863
   36     59.07  36.52  77.49  15.30   0.30  -0.03   -0.015  0.016 -0.149  0.142
   37      5.54  31.20  49.85  14.50   0.08  -0.16   -0.019 -0.048 -0.133 -0.198
   38     46.36  73.14  73.15  17.67   0.23  -0.03   -0.060 -0.014  0.097  0.333
   39     14.04   0.84  25.81   3.53   0.18  -0.28   -0.026  0.064 -0.160 -0.149
   40     14.51 -41.75  13.78  16.53   0.13  -0.13   -0.032  0.093 -0.073 -0.127
   41     56.34  34.80  78.81   6.41   0.17  -0.34   -0.024 -0.007 -0.144  0.494
   42     34.28  -3.76  46.03  18.03   0.08  -0.09   -0.008  0.137 -0.108 -0.007
   43     24.59-109.51 -39.58   6.17   0.35  -0.34    0.011  0.628 -0.097  0.286
   44     49.62  30.15  50.23   8.64   0.10  -0.28   -0.034 -0.060 -0.120  0.109
   45     41.11-145.51  45.80  19.20   0.25   0.21   -0.031 -0.200  0.037  0.343
   46     34.02 -57.29  -1.14  16.59   0.08  -0.11   -0.027  0.130 -0.141  0.178
   47      1.03  10.95  80.29  22.03   0.38   0.12    0.005  0.191 -0.105  0.114
   48     37.24  10.90  81.59  23.46   0.09   0.00    0.010  0.178  0.008 -0.008
   49     35.64  54.39  84.47  22.65   0.18  -0.05   -0.025 -0.147 -0.051  0.011
   50     35.99-102.23 -35.81  15.19   0.25   0.00   -0.045  0.143 -0.088  0.028
   51     53.05-100.26 -54.98   8.52   0.50   0.06   -0.051  0.406 -0.130 -0.221
   52     43.01-116.08  44.18  15.75   0.32   0.06   -0.065 -0.186  0.397 -0.095
   53      1.02  10.90  80.62  21.57   0.35   0.13    0.001  0.173 -0.012  0.172
   54      2.25 -83.77 322.64  15.72   0.38   0.47   -0.410 -0.050 -0.068  0.043
   55      2.56 -89.67 304.22   0.53   0.23   0.44   -0.331  0.076 -0.020  0.045
   56     44.83  35.90  67.03  14.79   0.36  -0.04   -0.029  0.003 -0.274 -0.027
   57     47.00 -84.33 155.03  15.60   0.46   0.62   -0.089  0.220  0.277  0.009
   58     45.49 -80.47 151.37  15.32   0.54   0.42   -0.040  0.485  0.345  0.044
   59      8.53 -81.58   0.40   2.24   0.49  -0.25    0.019  0.404 -0.007 -0.423
   60      3.49-109.67-117.41   2.41   0.89   0.20    0.034  0.719  0.381 -0.135
   61      0.40-130.88 -54.88   1.29   0.46  -0.31   -0.080 -0.327  0.047  0.453
   62     20.03  19.98 152.55  16.25   0.66   0.20   -0.027  0.346 -0.034  0.268
   63     18.77 -46.85  29.51  20.66   0.07  -0.06   -0.013  0.170 -0.156  0.232
   64      4.59-161.43 186.15   8.11   0.62   0.86   -0.077  1.068  1.144 -0.080
   65     23.39 -47.49  20.09  15.78   0.08  -0.13   -0.002  0.225 -0.224  0.096
   66     32.72-153.06  43.83  19.53   0.28   0.15   -0.039 -0.325  0.431  0.731
   67     41.88 -36.89  -5.56  18.48   0.15  -0.04   -0.006  0.175 -0.248 -0.278
   68     14.01  51.28 106.58  20.74   0.24   0.10   -0.085  0.198  0.429  0.129
   69     48.30-214.97-349.14  73.50   0.00   0.00    0.000  0.000  0.000  0.000
   70      5.37  33.82  97.24  19.38   0.41   0.12   -0.056  0.067  0.226  0.038
   71      4.24   6.28  56.42   1.05   0.55  -0.16    0.048  0.071 -0.103 -0.108
   72     55.90 132.64-297.74  96.98   1.31   1.14   -0.292 -0.021  0.027 -0.008
   73     12.86  50.81  81.65  23.33   0.23   0.14   -0.026  0.201 -0.084  0.125
   74     36.10-102.87  70.67  23.27   0.20   0.12   -0.050 -0.154  0.209  0.436
   75     46.63-108.88   3.92   0.93   0.91  -0.22   -0.011 -0.378  0.254  0.355
   76     54.60-217.19 302.17   0.10   0.00   0.00    0.000  0.000  0.000  0.000
   77     43.98  51.05  94.06  17.25   0.15  -0.02   -0.053  0.085  0.153  0.197
   78     41.72  38.62  66.08  22.37   0.23   0.02   -0.038  0.128 -0.161  0.181
   79     58.75 -69.09  -4.21   1.15   0.35  -0.30    0.040  0.281  0.073  0.277
   80     26.84 -69.61  -5.69   0.99   0.30  -0.28    0.040  0.223  0.020  0.215
   81     27.07 -69.45  -4.27   0.62   0.34  -0.27    0.049  0.279  0.097  0.049
   82     23.40 -69.44  -4.36   1.08   0.26  -0.34    0.024  0.278  0.022  0.242
   83     23.19 -70.52  -5.96   7.60   0.17  -0.29   -0.004  0.275  0.083  0.359
   84     21.22 -42.75   8.12  20.95   0.04  -0.05    0.006  0.255 -0.282 -0.028
   85     24.40-167.53 -46.37  10.61   0.47   0.26   -0.081 -0.084  0.010 -0.071
   86     44.03 -12.03  29.64  18.45   0.05  -0.10   -0.029  0.120 -0.241  0.142
   87     28.81 -61.41   6.48   5.03   0.22  -0.28   -0.003  0.092 -0.261  0.947
   88     38.00-103.07 -28.56   8.51   0.32  -0.20   -0.020  0.371 -0.201 -0.036
   89     47.72-142.40  90.33  21.94   0.38   0.33   -0.038 -0.267  0.412  0.744
   90     48.20-140.26  89.25  21.87   0.30   0.30   -0.049 -0.226  0.537  0.818
   91     33.88  34.04  85.65  20.23   0.32   0.05   -0.093  0.256  0.236  0.366

 A V E R A G E   of ADJUSTMENTS :                    -0.040  0.071  0.022  0.133
 A V E R A G E   of ABSOLUTE ADJUSTMENTS :            0.047  0.188  0.165  0.214


 Step length damping of 0.29194 was applied.


 Velocity adjustments:
     vp    dvp      hp   reflector
 Velocity model   1
   4.911 -0.007   -5.000      
   5.627  0.099   -0.220      
   6.255 -0.023   10.460      
   6.388 -0.035   16.490      
   6.475 -0.058   22.650      
   6.895 -0.047   23.750      
   7.822  0.073   36.520      
   7.905 -0.164   36.970      
   8.180 -0.200   48.270      

 Calculation of average velocity starts at layer #           1
 z = -5.00 ... -0.22    v = 4.91    AVEL = 4.91 downto z =  -0.22
 z = -0.22 ... 10.46    v = 5.63    AVEL = 5.41 downto z =  10.46
 z = 10.46 ... 16.49    v = 6.26    AVEL = 5.64 downto z =  16.49
 z = 16.49 ... 22.65    v = 6.39    AVEL = 5.81 downto z =  22.65
 z = 22.65 ... 23.75    v = 6.47    AVEL = 5.84 downto z =  23.75
 z = 23.75 ... 36.52    v = 6.90    AVEL = 6.16 downto z =  36.52
 z = 36.52 ... 36.97    v = 7.82    AVEL = 6.18 downto z =  36.97
 z = 36.97 ... 48.27    v = 7.90    AVEL = 6.55 downto z =  48.27


 Calculation of average velocity starts at layer #           2
 z = -0.22 ... 10.46    v = 5.63    AVEL = 5.63 downto z =  10.46
 z = 10.46 ... 16.49    v = 6.26    AVEL = 5.85 downto z =  16.49
 z = 16.49 ... 22.65    v = 6.39    AVEL = 6.00 downto z =  22.65
 z = 22.65 ... 23.75    v = 6.47    AVEL = 6.02 downto z =  23.75
 z = 23.75 ... 36.52    v = 6.90    AVEL = 6.32 downto z =  36.52
 z = 36.52 ... 36.97    v = 7.82    AVEL = 6.34 downto z =  36.97
 z = 36.97 ... 48.27    v = 7.90    AVEL = 6.71 downto z =  48.27



 Adjusted station corrections:
   stn  ptcor  dpcor  
  624   0.000  0.000  628  -0.103 -0.039  630  -0.075 -0.028  627   0.089  0.035
  621   0.072  0.028  629   0.091  0.034  622   0.050  0.022  620   0.007  0.008
  623   0.140  0.056  626   0.118  0.047  625   0.109  0.042  631   0.183  0.070
  632   0.007  0.001

 ~~~ another iteration? ...
 NITT = ITTMAX  --> stop iterations.
 ~~~ final solution reached ...

 ~~~ damp G & Chol.-Decomp.: NOT made (switch iresolcalc is NOT set !)

 Final rms values:  0.17 0.15 0.34 0.41 0.10 0.10 0.68 0.44 0.06 1.04
                    1.28 0.16 0.19 0.27 0.38 0.43 0.23 0.12 0.10 0.13
                    0.30 0.18 0.31 0.38 0.11 0.08 0.08 0.31 0.30 0.39
                    0.36 0.12 0.17 0.04 0.35 0.30 0.08 0.23 0.18 0.13
                    0.17 0.08 0.35 0.10 0.25 0.08 0.38 0.09 0.18 0.25
                    0.50 0.32 0.35 0.38 0.23 0.36 0.46 0.54 0.49 0.89
                    0.46 0.66 0.07 0.62 0.08 0.28 0.15 0.24 0.00 0.41
                    0.55 1.31 0.23 0.20 0.91 0.00 0.15 0.23 0.35 0.30
                    0.34 0.26 0.17 0.04 0.47 0.05 0.22 0.32 0.38 0.30
                    0.32



 ~~~ output final hypocenters ...

      date    origin   latitude longitude  depth  mag  no  rms      x      y      z
   1 160818 1613  8.99 73.0077N 124.8437E  23.73 1.40   6 0.166   38.82 112.45  23.73
   2 160818 1613  9.21 72.9940N 124.8679E  22.93 1.10   6 0.155   38.02 110.92  22.93
   3 160819 0959 27.16 71.9260N 129.7760E  13.00 4.00  12 0.343 -130.54  -8.26  13.00
   4 160820 1506 15.48 71.9387N 129.8076E  10.85 1.50   9 0.414 -131.59  -6.84  10.85
   5 160820 1904 45.64 72.3430N 127.1781E  23.85 1.20   6 0.103  -40.27  38.27  23.85
   6 160822 1318 49.44 72.3622N 127.0662E  17.21 0.60   8 0.097  -36.43  40.41  17.21
   7 160823 0652 13.76 70.9366N 129.7868E   5.09 2.90   6 0.678 -134.38-118.66   5.09
   8 160824 1510 30.26 71.6106N 130.0516E   8.94 1.50   9 0.438 -141.25 -43.45   8.94
   9 160906 1514 39.59 72.5041N 125.6824E  12.23 0.90   6 0.059   10.81  56.25  12.23
  10 160920 1607 18.10 69.2378N 128.3851E  16.22 2.60   2 1.041  -88.37-308.22  16.22
  11 160925 1911  5.21 69.2248N 127.7230E  15.64 2.30   2 1.276  -63.86-309.67  15.64
  12 161004 0841 51.11 72.8491N 124.9572E  17.01 0.20   6 0.163   35.16  94.74  17.01
  13 161005 1619 46.76 72.8811N 124.9988E  20.15 1.00   9 0.189   33.73  98.32  20.15
  14 161006 0156 55.76 72.8737N 125.0097E  14.64 1.00   7 0.275   33.37  97.49  14.64
  15 161009 0036 44.56 72.8772N 124.9861E  18.13 1.30   8 0.382   34.16  97.88  18.13
  16 161009 0036 44.70 72.8674N 124.9685E  19.18 1.20   7 0.433   34.76  96.79  19.18
  17 161012 0800 21.95 72.7402N 126.0309E  19.21 0.80   7 0.234   -1.05  82.60  19.21
  18 161015 1013 36.39 72.0396N 126.9746E  11.24 0.70   7 0.119  -33.59   4.42  11.24
  19 161021 0507 33.26 72.5712N 124.7856E  10.26 0.80   6 0.104   41.26  63.73  10.26
  20 161124 2250 45.85 72.7637N 124.8842E  16.37 3.10   4 0.126   37.71  85.21  16.37
  21 161125 0156 34.07 72.7384N 124.9287E  13.16 0.60   7 0.297   36.23  82.40  13.16
  22 161125 0517 25.82 72.7640N 124.9510E  13.51 1.60   6 0.184   35.45  85.25  13.51
  23 161125 0525 15.83 72.7722N 124.9581E  11.56 0.80   6 0.314   35.20  86.17  11.56
  24 161125 0556  1.82 72.7439N 124.9651E   7.16 0.20   6 0.381   34.99  83.00   7.16
  25 170117 0846 48.63 72.2079N 127.3277E  22.58 0.30   6 0.105  -45.55  23.20  22.58
  26 170122 1614 27.51 71.9620N 128.0259E  10.69 0.90   6 0.081  -69.97  -4.24  10.69
  27 170125 2244  0.13 72.4377N 126.0143E  13.46 0.80   6 0.081   -0.49  48.84  13.46
  28 170302 1359 59.01 72.6838N 124.8828E  11.74 0.50   7 0.315   37.84  76.30  11.74
  29 170302 2335 20.04 71.8875N 130.3047E  15.02 2.10   9 0.303 -148.98 -12.55  15.02
  30 170304 2135  2.89 72.6833N 124.9359E  12.90 1.30   7 0.390   36.04  76.25  12.90
  31 170307 0447 20.94 72.6906N 124.9343E  14.05 1.70  10 0.359   36.09  77.06  14.05
  32 170307 2016 50.73 72.6883N 124.9156E  15.38 1.10   6 0.116   36.72  76.81  15.38
  33 170309 1454  0.80 72.6797N 124.9024E  15.44 0.30   6 0.169   37.18  75.84  15.44
  34 170311 0430 55.41 72.3106N 126.4867E  24.64 0.30   6 0.040  -16.65  34.66  24.64
  35 170312 0416 39.26 71.9229N 128.0518E   5.61 2.10   6 0.349  -70.94  -8.60   5.61
  36 170313 0553 59.07 72.6945N 124.9215E  15.30 1.00   9 0.297   36.52  77.49  15.30
  37 170313 0809  5.54 72.4468N 125.0847E  14.50 1.20   7 0.082   31.20  49.85  14.50
  38 170315 0234 46.36 72.6556N 123.8423E  17.67 1.40   7 0.231   73.14  73.15  17.67
  39 170317 1007 14.04 72.2313N 125.9756E   3.53 0.50   7 0.182    0.84  25.81   3.53
  40 170320 0711 14.51 72.1235N 127.2141E  16.53 0.90   6 0.128  -41.75  13.78  16.53
  41 170320 0853 56.34 72.7063N 124.9720E   6.41 0.40   6 0.168   34.80  78.81   6.41
  42 170320 1900 34.28 72.4125N 126.1101E  18.03 0.60   7 0.079   -3.76  46.03  18.03
  43 170323 0519 24.59 71.6453N 129.1440E   6.17 1.20   6 0.352 -109.51 -39.58   6.17
  44 170323 1612 49.62 72.4502N 125.1155E   8.64 0.50   6 0.098   30.15  50.23   8.64
  45 170323 1906 41.11 72.4104N 130.2641E  19.20 1.00   6 0.251 -145.51  45.80  19.20
  46 170326 0836 34.02 71.9898N 127.6600E  16.59 1.50   7 0.085  -57.29  -1.14  16.59
  47 170402 0422  1.03 72.7195N 125.6764E  22.03 1.20  10 0.381   10.95  80.29  22.03
  48 170402 0636 37.24 72.7312N 125.6778E  23.46 0.70   6 0.087   10.90  81.59  23.46
  49 170404 2347 35.64 72.7570N 124.3910E  22.65 0.50   6 0.179   54.39  84.47  22.65
  50 170405 0307 35.99 71.6791N 128.9377E  15.19 1.00  10 0.254 -102.23 -35.81  15.19
  51 170405 1410 53.05 71.5073N 128.8678E   8.52 1.70  10 0.504 -100.26 -54.98   8.52
  52 170406 0838 43.01 72.3959N 129.4003E  15.75 0.90  10 0.320 -116.08  44.18  15.75
  53 170406 1728  1.02 72.7225N 125.6778E  21.57 0.90  10 0.354   10.90  80.62  21.57
  54 170407 1729  2.25 74.8914N 128.6330E  15.72 1.80   2 0.375  -83.77 322.64  15.72
  55 170407 1729  2.56 74.7264N 128.8048E   0.53 1.60   5 0.230  -89.67 304.22   0.53
  56 170408 1004 44.83 72.6007N 124.9424E  14.79 1.40  13 0.364   35.90  67.03  14.79
  57 170409 0856 47.00 73.3894N 128.5391E  15.60 2.50   6 0.460  -84.33 155.03  15.60
  58 170409 0902 45.49 73.3566N 128.4204E  15.32 1.10   7 0.537  -80.47 151.37  15.32
  59 170410 1520  8.53 72.0036N 128.3646E   2.24 1.00  10 0.486  -81.58   0.40   2.24
  60 170410 1813  3.49 70.9478N 129.0914E   2.41 2.20  13 0.886 -109.67-117.41   2.41
  61 170412 1507  0.40 71.5081N 129.7439E   1.29 0.70   6 0.463 -130.88 -54.88   1.29
  62 170413 0651 20.03 73.3671N 125.3989E  16.25 1.00  10 0.656   19.98 152.55  16.25
  63 170414 0459 18.77 72.2644N 127.3677E  20.66 0.50   7 0.072  -46.85  29.51  20.66
  64 170414 0540  4.59 73.6683N 130.8983E   8.11 1.80  11 0.618 -161.43 186.15   8.11
  65 170414 1656 23.39 72.1800N 127.3830E  15.78 0.20   6 0.080  -47.49  20.09  15.78
  66 170414 1753 32.72 72.3928N 130.4832E  19.53 0.70   6 0.277 -153.06  43.83  19.53
  67 170416 0523 41.88 71.9502N 127.0677E  18.48 1.60  13 0.150  -36.89  -5.56  18.48
  68 170416 1220 14.01 72.9551N 124.4748E  20.74 1.00  11 0.238   51.28 106.58  20.74
 WARNING: Event-# :          69 has zero observations!
  69 170416 1257 48.30 68.8710N 131.7500E  73.50 2.20   0 0.000 -214.97-349.14  73.50
  70 170416 1821  5.37 72.8714N 124.9963E  19.38 1.30  13 0.408   33.82  97.24  19.38
  71 170418 0606  4.24 72.5056N 125.8156E   1.05 0.20   6 0.552    6.28  56.42   1.05
  72 170418 1005 55.90 69.3317N 122.4116E  96.98 2.20   1 1.310  132.64-297.74  96.98
  73 170418 1500 12.86 72.7318N 124.4979E  23.33 1.30  12 0.235   50.81  81.65  23.33
  74 170420 1302 36.10 72.6333N 129.0331E  23.27 0.90  11 0.197 -102.87  70.67  23.27
  75 170420 2248 46.63 72.0352N 129.1586E   0.93 0.70  11 0.913 -108.88   3.92   0.93
 WARNING: Event-# :          76 has zero observations!
  76 170423 0850 54.60 74.7080N 132.7900E   0.10 1.90   0 0.000 -217.19 302.17   0.10
  77 170423 1455 43.98 72.8430N 124.4860E  17.25 0.60   8 0.146   51.05  94.06  17.25
  78 170423 2313 41.72 72.5922N 124.8626E  22.37 1.30  12 0.234   38.62  66.08  22.37
  79 170424 0609 58.75 71.9623N 128.0005E   1.15 1.10  12 0.352  -69.09  -4.21   1.15
  80 170424 0755 26.84 71.9490N 128.0146E   0.99 1.00  12 0.297  -69.61  -5.69   0.99
  81 170424 0755 27.07 71.9618N 128.0108E   0.62 1.00  12 0.336  -69.45  -4.27   0.62
  82 170425 0652 23.40 71.9609N 128.0103E   1.08 1.20   9 0.255  -69.44  -4.36   1.08
  83 170426 0051 23.19 71.9466N 128.0408E   7.60 0.70   6 0.171  -70.52  -5.96   7.60
  84 170426 1425 21.22 72.0728N 127.2413E  20.95 0.10   6 0.039  -42.75   8.12  20.95
  85 170426 1834 24.40 71.5844N 130.8020E  10.61 1.20   8 0.472 -167.53 -46.37  10.61
  86 170426 1840 44.03 72.2656N 126.3511E  18.45 1.30   8 0.047  -12.03  29.64  18.45
  87 170427 0912 28.81 72.0581N 127.7826E   5.03 0.90   8 0.219  -61.41   6.48   5.03
  88 170427 1041 38.00 71.7440N 128.9669E   8.51 0.70   7 0.320 -103.07 -28.56   8.51
  89 170427 2010 47.72 72.8095N 130.2187E  21.94 1.30   8 0.378 -142.40  90.33  21.94
  90 170427 2010 48.20 72.7999N 130.1543E  21.87 1.30   8 0.303 -140.26  89.25  21.87
  91 170427 2342 33.88 72.7676N 124.9928E  20.23 0.80   6 0.324   34.04  85.65  20.23

 ~~~ output final station residuals ...
 TURBO-option is set; residuals are NOT printed for each event!



   station statistics, remember nsp was set to: 1


 sta phase nobs avres  avwres    std    wsum    delay

 624    P  74 -0.0831 -0.0831  0.2642  74.0000  0.0000
 628    P  69 -0.2176 -0.2176  0.3201  69.0000 -0.1032
 630    P  53 -0.0449 -0.0449  0.2822  53.0000 -0.0753
 627    P  46 -0.0447 -0.0447  0.3512  46.0000  0.0886
 621    P  59  0.0828  0.0828  0.4222  59.0000  0.0723
 629    P  43 -0.0151 -0.0151  0.3717  43.0000  0.0906
 622    P  58 -0.0195 -0.0195  0.3395  58.0000  0.0501
 620    P  48 -0.0504 -0.0504  0.4304  48.0000  0.0068
 623    P  55  0.0257  0.0257  0.2829  55.0000  0.1398
 626    P  52  0.0509  0.0509  0.4794  52.0000  0.1179
 625    P  49 -0.0262 -0.0262  0.3857  49.0000  0.1086
 631    P  49  0.3431  0.3431  0.6780  49.0000  0.1829
 632    P  24  0.1228  0.1228  0.5437  24.0000  0.0071


 ~~~ output statistics ...




 RAY-STATISTICS FOR  L A S T  ITERATION
 --------------------------------------

 NHYP : nr of hypocenters in this layer
 NREF : nr of headwaves in this layer
 %len : % of "refracted km" in this layer 
        with respect to all refracted kilometers
 NHIT : nr of rays passed thru this layer
 xy-km: average horizontal ray length [km] in layer
 z-km : average  vertical  ray length [km] in layer
 RFLX : number of reflections at bottom of this layer

 nlay   top ..... bottom     velocity   NHYP NREF %len  NHIT xy-km  z-km  RFLX

   1    -5.00... -0.22 km    4.91 km/s    0    0   0.0     0   0.0   0.0     0
   2    -0.22... 10.46 km    5.63 km/s   25    0   0.0  1466  10.3   5.0     0
   3    10.46... 16.49 km    6.26 km/s   30   59  16.4   735  19.4   4.5     0
   4    16.49... 22.65 km    6.39 km/s   27   21   4.0   614  12.6   4.7     0
   5    22.65... 23.75 km    6.47 km/s    5    0   0.0   486   2.2   1.0     0
   6    23.75... 36.52 km    6.90 km/s    2  124  33.4   353  34.6   7.9     0
   7    36.52... 36.97 km    7.82 km/s    0    0   0.0   217   3.0   0.4     0
   8    36.97... 48.27 km    7.90 km/s    0  100  42.1   117  83.5   1.6     0
   9    48.27...       km    8.18 km/s    2    8   4.1     0   0.0   0.0

 Total nr of events was   91

 Total nr of refracted rays =   312
 Total nr of reflected rays =     0
 Total nr of   other   rays =   367
                              ------
 Total nr of    all    rays =   679

 Average (absolute) error of the raytracers:
  Straight and direct rays :  785.28 meters
  Refracted           rays :    0.01 meters
  Reflected           rays :    0.00 meters


 ALL RAYS TOGETHER:
 Average horizontal ray length =   89.9 km   (Hypocenter --> Station) 
 Average  vertical  ray length =   19.4 km   (Deepest ray-point --> Station)



 ... and some more STATISTICS 
 ---------------------------- 
  GAP of final epicenters:

  Event# -> GAP  Event# -> GAP  Event# -> GAP  Event# -> GAP  Event# -> GAP
       1 -> 296       2 -> 294       3 -> 270       4 -> 274       5 -> 307
       6 ->  96       7 -> 320       8 -> 306       9 -> 167      10 -> 346
      11 -> 347      12 -> 259      13 -> 264      14 -> 263      15 -> 263
      16 -> 265      17 -> 253      18 -> 242      19 -> 158      20 -> 302
      21 -> 231      22 -> 238      23 -> 241      24 -> 232      25 -> 129
      26 -> 102      27 -> 152      28 -> 212      29 -> 305      30 -> 211
      31 -> 214      32 -> 213      33 -> 210      34 -> 133      35 -> 239
      36 -> 216      37 -> 132      38 -> 311      39 -> 118      40 -> 209
      41 -> 219      42 -> 121      43 -> 227      44 -> 133      45 -> 309
      46 -> 125      47 -> 224      48 -> 226      49 -> 287      50 -> 194
      51 -> 289      52 -> 271      53 -> 224      54 -> 354      55 -> 347
      56 -> 179      57 -> 310      58 -> 318      59 -> 161      60 -> 309
      61 -> 301      62 -> 306      63 -> 148      64 -> 322      65 -> 127
      66 -> 293      67 ->  86      68 -> 295      69 -> 171      70 -> 262
      71 -> 172      72 ->   0      73 -> 260      74 -> 300      75 -> 241
      76 ->  59      77 -> 284      78 -> 173      79 -> 161      80 -> 167
      81 -> 163      82 -> 164      83 -> 233      84 -> 117      85 -> 315
      86 ->  94      87 -> 114      88 -> 269      89 -> 318      90 -> 317
      91 -> 295

 GAPs were between   0 and 354
      (average GAP was 227)



  MAGNITUDES of INPUT-DATA:

 Magnitude (# of events)   ***average number of obs***

 MAG<= 1.0 ( 47) *******
 MAG = 1.1 (  4) ********
 MAG = 1.2 (  7) ********
 MAG = 1.3 (  8) *********1
 MAG = 1.4 (  3) *********
 MAG = 1.5 (  3) ********
 MAG = 1.6 (  3) ********
 MAG = 1.7 (  2) *********1
 MAG = 1.8 (  2) *******
 MAG = 1.9 (  1)  
 MAG = 2.0 (  0)  
 MAG = 2.1 (  2) ********
 MAG = 2.2 (  3) *****
 MAG = 2.3 (  1) **
 MAG = 2.4 (  0)  
 MAG = 2.5 (  1) ******
 MAG = 2.6 (  1) **
 MAG = 2.7 (  0)  
 MAG = 2.8 (  0)  
 MAG = 2.9 (  1) ******
 MAG = 3.0 (  0)  
 MAG = 3.1 (  1) ****
 MAG = 3.2 (  0)  
 MAG = 3.3 (  0)  
 MAG = 3.4 (  0)  
 MAG = 3.5 (  0)  
 MAG = 3.6 (  0)  
 MAG = 3.7 (  0)  
 MAG = 3.8 (  0)  
 MAG = 3.9 (  0)  
 MAG = 4.0 (  1) *********1**
 MAG = 4.1 (  0)  
 MAG = 4.2 (  0)  
 MAG = 4.3 (  0)  
 MAG = 4.4 (  0)  
 MAG = 4.5 (  0)  
 MAG = 4.6 (  0)  
 MAG = 4.7 (  0)  
 MAG = 4.8 (  0)  
 MAG = 4.9 (  0)  
 MAG = 5.0 (  0)  
 MAG = 5.1 (  0)  
 MAG = 5.2 (  0)  
 MAG = 5.3 (  0)  
 MAG = 5.4 (  0)  
 MAG = 5.5 (  0)  
 MAG = 5.6 (  0)  
 MAG = 5.7 (  0)  
 MAG = 5.8 (  0)  
 MAG = 5.9 (  0)  
 MAG>= 6.0 (  0)  





  DEPTHs of INPUT-DATA and of LAST ITERATION:
  ===========================================

       Depth       # of events  

 DEPTH ( input ) =  -4. km :   
 DEPTH (last_IT) =  -4. km :   
 DEPTH ( input ) =  -3. km :   
 DEPTH (last_IT) =  -3. km :   
 DEPTH ( input ) =  -2. km :   
 DEPTH (last_IT) =  -2. km :   
 DEPTH ( input ) =  -1. km :   
 DEPTH (last_IT) =  -1. km :   
 DEPTH ( input ) =   0. km :  ........
 DEPTH (last_IT) =   0. km :  *
 DEPTH ( input ) =   1. km :  .
 DEPTH (last_IT) =   1. km :  ********
 DEPTH ( input ) =   2. km :   
 DEPTH (last_IT) =   2. km :  **
 DEPTH ( input ) =   3. km :  ...
 DEPTH (last_IT) =   3. km :   
 DEPTH ( input ) =   4. km :  ..
 DEPTH (last_IT) =   4. km :  *
 DEPTH ( input ) =   5. km :  ..
 DEPTH (last_IT) =   5. km :  **
 DEPTH ( input ) =   6. km :  ..
 DEPTH (last_IT) =   6. km :  ***
 DEPTH ( input ) =   7. km :  .
 DEPTH (last_IT) =   7. km :  *
 DEPTH ( input ) =   8. km :  ...
 DEPTH (last_IT) =   8. km :  **
 DEPTH ( input ) =   9. km :  ..
 DEPTH (last_IT) =   9. km :  ****
 DEPTH ( input ) =  10. km :  ..
 DEPTH (last_IT) =  10. km :  *
 DEPTH ( input ) =  11. km :  ...
 DEPTH (last_IT) =  11. km :  ****
 DEPTH ( input ) =  12. km :  ....
 DEPTH (last_IT) =  12. km :  ***
 DEPTH ( input ) =  13. km :  ..
 DEPTH (last_IT) =  13. km :  ****
 DEPTH ( input ) =  14. km :  ...
 DEPTH (last_IT) =  14. km :  ***
 DEPTH ( input ) =  15. km :  ........
 DEPTH (last_IT) =  15. km :  ********
 DEPTH ( input ) =  16. km :  .........1.
 DEPTH (last_IT) =  16. km :  ********
 DEPTH ( input ) =  17. km :  .....
 DEPTH (last_IT) =  17. km :  *****
 DEPTH ( input ) =  18. km :  ....
 DEPTH (last_IT) =  18. km :  *****
 DEPTH ( input ) =  19. km :  .....
 DEPTH (last_IT) =  19. km :  ****
 DEPTH ( input ) =  20. km :  .....
 DEPTH (last_IT) =  20. km :  ***
 DEPTH ( input ) =  21. km :  ..
 DEPTH (last_IT) =  21. km :  ***
 DEPTH ( input ) =  22. km :  ....
 DEPTH (last_IT) =  22. km :  *****
 DEPTH ( input ) =  23. km :  ....
 DEPTH (last_IT) =  23. km :  ******
 DEPTH ( input ) =  24. km :  ..
 DEPTH (last_IT) =  24. km :  **
 DEPTH ( input ) =  25. km :  .
 DEPTH (last_IT) =  25. km :  *
 DEPTH ( input ) =  26. km :   
 DEPTH (last_IT) =  26. km :   
 DEPTH ( input ) =  27. km :   
 DEPTH (last_IT) =  27. km :   
 DEPTH ( input ) =  28. km :   
 DEPTH (last_IT) =  28. km :   
 DEPTH ( input ) =  29. km :   
 DEPTH (last_IT) =  29. km :   
 DEPTH ( input ) =  30. km :   
 DEPTH (last_IT) =  30. km :   
 DEPTH ( input ) =  31. km :   
 DEPTH (last_IT) =  31. km :   
 DEPTH ( input ) =  32. km :   
 DEPTH (last_IT) =  32. km :   
 DEPTH ( input ) =  33. km :   
 DEPTH (last_IT) =  33. km :   
 DEPTH ( input ) =  34. km :   
 DEPTH (last_IT) =  34. km :   
 DEPTH ( input ) =  35. km :   
 DEPTH (last_IT) =  35. km :   
 DEPTH ( input ) =  36. km :   
 DEPTH (last_IT) =  36. km :   
 DEPTH ( input ) =  37. km :   
 DEPTH (last_IT) =  37. km :   
 DEPTH ( input ) =  38. km :   
 DEPTH (last_IT) =  38. km :   
 DEPTH ( input ) =  39. km :   
 DEPTH (last_IT) =  39. km :   
 DEPTH ( input ) =  40. km :   
 DEPTH (last_IT) =  40. km :   
 DEPTH ( input ) =  41. km :   
 DEPTH (last_IT) =  41. km :   
 DEPTH ( input ) =  42. km :   
 DEPTH (last_IT) =  42. km :   
 DEPTH ( input ) =  43. km :   
 DEPTH (last_IT) =  43. km :   
 DEPTH ( input ) =  44. km :   
 DEPTH (last_IT) =  44. km :   
 DEPTH ( input ) =  45. km :   
 DEPTH (last_IT) =  45. km :   
 DEPTH ( input ) =  46. km :   
 DEPTH (last_IT) =  46. km :   
 DEPTH ( input ) =  47. km :   
 DEPTH (last_IT) =  47. km :   
 DEPTH ( input ) =  48. km :   
 DEPTH (last_IT) =  48. km :   
 DEPTH ( input ) =  49. km :   
 DEPTH (last_IT) =  49. km :   
 DEPTH ( input ) =  50. km :   
 DEPTH (last_IT) =  50. km :   
 DEPTH ( input ) =  51. km :   
 DEPTH (last_IT) =  51. km :   
 DEPTH ( input ) =  52. km :   
 DEPTH (last_IT) =  52. km :   
 DEPTH ( input ) =  53. km :   
 DEPTH (last_IT) =  53. km :   
 DEPTH ( input ) =  54. km :   
 DEPTH (last_IT) =  54. km :   
 DEPTH ( input ) =  55. km :   
 DEPTH (last_IT) =  55. km :   
 DEPTH ( input ) =  56. km :   
 DEPTH (last_IT) =  56. km :   
 DEPTH ( input ) =  57. km :   
 DEPTH (last_IT) =  57. km :   
 DEPTH ( input ) =  58. km :   
 DEPTH (last_IT) =  58. km :   
 DEPTH ( input ) =  59. km :   
 DEPTH (last_IT) =  59. km :   
 DEPTH ( input ) =  60. km :   
 DEPTH (last_IT) =  60. km :   
 DEPTH ( input ) =  61. km :   
 DEPTH (last_IT) =  61. km :   
 DEPTH ( input ) =  62. km :   
 DEPTH (last_IT) =  62. km :   
 DEPTH ( input ) =  63. km :   
 DEPTH (last_IT) =  63. km :   
 DEPTH ( input ) =  64. km :   
 DEPTH (last_IT) =  64. km :   
 DEPTH ( input ) =  65. km :   
 DEPTH (last_IT) =  65. km :   
 DEPTH ( input ) =  66. km :   
 DEPTH (last_IT) =  66. km :   
 DEPTH ( input ) =  67. km :   
 DEPTH (last_IT) =  67. km :   
 DEPTH ( input ) =  68. km :   
 DEPTH (last_IT) =  68. km :   
 DEPTH ( input ) =  69. km :   
 DEPTH (last_IT) =  69. km :   
 DEPTH ( input ) =  70. km :   
 DEPTH (last_IT) =  70. km :   
 DEPTH ( input ) =  71. km :   
 DEPTH (last_IT) =  71. km :   
 DEPTH ( input ) =  72. km :   
 DEPTH (last_IT) =  72. km :   
 DEPTH ( input ) =  73. km :   
 DEPTH (last_IT) =  73. km :   
 DEPTH ( input ) =  74. km :  .
 DEPTH (last_IT) =  74. km :  *
 DEPTH ( input ) =  75. km :   
 DEPTH (last_IT) =  75. km :   
 DEPTH ( input ) =  76. km :   
 DEPTH (last_IT) =  76. km :   
 DEPTH ( input ) =  77. km :   
 DEPTH (last_IT) =  77. km :   
 DEPTH ( input ) =  78. km :   
 DEPTH (last_IT) =  78. km :   
 DEPTH ( input ) =  79. km :   
 DEPTH (last_IT) =  79. km :   
 DEPTH ( input ) =  80. km :   
 DEPTH (last_IT) =  80. km :   
 DEPTH ( input ) =  81. km :   
 DEPTH (last_IT) =  81. km :   
 DEPTH ( input ) =  82. km :   
 DEPTH (last_IT) =  82. km :   
 DEPTH ( input ) =  83. km :   
 DEPTH (last_IT) =  83. km :   
 DEPTH ( input ) =  84. km :   
 DEPTH (last_IT) =  84. km :   
 DEPTH ( input ) =  85. km :   
 DEPTH (last_IT) =  85. km :   
 DEPTH ( input ) =  86. km :   
 DEPTH (last_IT) =  86. km :   
 DEPTH ( input ) =  87. km :   
 DEPTH (last_IT) =  87. km :   
 DEPTH ( input ) =  88. km :   
 DEPTH (last_IT) =  88. km :   
 DEPTH ( input ) =  89. km :   
 DEPTH (last_IT) =  89. km :   
 DEPTH ( input ) =  90. km :   
 DEPTH (last_IT) =  90. km :   
 DEPTH ( input ) =  91. km :   
 DEPTH (last_IT) =  91. km :   
 DEPTH ( input ) =  92. km :   
 DEPTH (last_IT) =  92. km :   
 DEPTH ( input ) =  93. km :   
 DEPTH (last_IT) =  93. km :   
 DEPTH ( input ) =  94. km :   
 DEPTH (last_IT) =  94. km :   
 DEPTH ( input ) =  95. km :   
 DEPTH (last_IT) =  95. km :   
 DEPTH ( input ) =  96. km :   
 DEPTH (last_IT) =  96. km :   
 DEPTH ( input ) =  97. km :  .
 DEPTH (last_IT) =  97. km :  *
 DEPTH ( input ) =  98. km :   
 DEPTH (last_IT) =  98. km :   
 DEPTH ( input ) =  99. km :   
 DEPTH (last_IT) =  99. km :   
 DEPTH ( input ) = 100. km :   
 DEPTH (last_IT) = 100. km :   
 DEPTH ( input ) > 100. km :   
 DEPTH (last_IT) > 100. km :   


 Residuals of the stations according to the azimuth:
 (RES  = total average residual at station)
 (RES1 = average residual of rays from 1st quadrant)
 (RES2 = average residual of rays from 2nd quadrant)
 (RES3 = average residual of rays from 3rd quadrant)
 (RES4 = average residual of rays from 4th quadrant)

 Stn#  Stn     RES          RES1         RES2         RES3         RES4
   1   624    -0.08(  74)  -0.08(  33)  -0.12(   5)  -0.10(  29)   0.01(   7)
   2   628    -0.22(  69)  -0.31(  32)  -0.22(   5)  -0.24(  25)   0.28(   7)
   3   630    -0.04(  53)   0.04(  24)  -0.04(  11)  -0.38(  10)   0.11(   8)
   4   627    -0.04(  46)   0.00(  12)  -0.11(   1)  -0.23(  21)   0.24(  12)
   5   621     0.08(  59)   0.02(   7)   0.00(   0)   0.19(  18)   0.04(  34)
   6   629    -0.02(  43)   0.17(  15)   0.00(   0)  -0.29(   9)  -0.03(  19)
   7   622    -0.02(  58)  -0.14(  27)   0.00(   0)   0.07(  20)   0.12(  11)
   8   620    -0.05(  48)  -0.12(   1)   0.00(   0)   0.13(  18)  -0.16(  29)
   9   623     0.03(  55)  -0.07(  30)   0.00(   0)   0.19(  17)   0.04(   8)
  10   626     0.05(  52)   0.02(  24)   0.00(   0)  -0.09(   6)   0.13(  22)
  11   625    -0.03(  49)   0.01(  14)   0.00(   0)  -0.15(  23)   0.18(  12)
  12   631     0.34(  49)   0.49(  18)   1.14(   1)   0.74(   4)   0.15(  26)
  13   632     0.12(  24)   0.41(  12)   0.32(   2)  -0.36(   3)  -0.22(   7)



 CPU - statistics:

 TOTAL CPU-sec          =    0.2     (CPU-minutes:  0.004)

 >>>   End of program VELEST at 25-06-02 16:12       <<< [ CPU-sec :     0.2]
