 >>> Start of program VELEST at 25-06-02 16:12       <<<                        

 ::::::::::::::::::::::::::::::::::::::                                         
  V E L E S T  - Version : January 3, 1995                                      
  (Authors: see source code)                                                    
 ::::::::::::::::::::::::::::::::::::::                                         


 Title of this VELEST run:

 vinnik_2
 --------


 Current array-dimensions of program VELEST:

 Max. number of EARTHQUAKES for simult. inversion IEQ = ***
 Max. number of SHOTS for simult. inversion    INSHOT =  50
 Max. number of (different) 1D-MODELS      ITOTMODELS =   2
 Max. number of LAYERS per one 1D-model        INLTOT = 100
 Max. number of STATIONS in stationlist           IST = 650
 Max. number of OBSERVATIONS per event MAXOBSPEREVENT = 180






    INPUT - P A R A M E T E R S :



***
***  olat       olon   icoordsystem      zshift   itrial ztrial    ised
  72.000000-126.000000      0            0.000       0     0.00      0
***
*** neqs   nshot    rotate
     91      0      0.0
***
*** isingle   iresolcalc
       0          0
***
*** dmax    itopo    zmin     veladj    zadj   lowveloclay
   300.00     0      0.01       0.20    5.00       0
***
*** nsp    swtfac   vpvs       nmod
     1      1.00    1.730        1
***
***   othet   xythet    zthet    vthet   stathet
       0.01     0.01     0.01     1.00     0.01
***
*** nsinv   nshcor   nshfix     iuseelev    iusestacorr
       1       0       0           1            1
***
*** iturbo    icnvout   istaout   ismpout
       1         1         1         0
***
*** irayout   idrvout   ialeout   idspout   irflout   irfrout   iresout
       0         0         0         0         0         0         0
***
*** delmin   ittmax   invertratio
    0.010       3          1
***
*** Modelfile:
tmp/vinnik_2/synthvel/model_732.mod
***
*** Stationfile:
./velinp/station.sta
***
*** Seismofile:
 
***
*** File with region names:
 
***
*** File with region coordinates:
 
***
*** File #1 with topo data:
 
***
*** File #2 with topo data:
 
***
*** DATA INPUT files:
***
*** File with Earthquake data:
./velinp/data.cnv
***
*** File with Shot data:
 
***
*** OUTPUT files:
***
*** Main print output file:
./velout/vinnik_2/velest732.out
***
*** File with single event locations:
velout.vel
***
*** File with final hypocenters in *.cnv format:
./velout/vinnik_2/final_loc732.cnv
***
*** File with new station corrections:
./velout/vinnik_2/stations_corr732.sta
***
*** File with summary cards (e.g. for plotting):
velout.smp
***
*** File with raypoints:
velout.ray
***
*** File with derivatives:
velout.drv
***
*** File with ALEs:
velout.ale
***
*** File with Dirichlet spreads:
velout.dspr
***
*** File with reflection points:
velout.rfl
***
*** File with refraction points:
velout.rfr
***
*** File with residuals:
velout.res
***




 Origin of cartesian coordinates:
        72.00000N   126.00000E

  X,Y-AXES rotated clockwise from North
           Rotation angle (rotate):
            rotate=    0.0 degr.

 icoordsystem =            0
 normal SHORT DISTANCE CONVERSION will be made
 x is positive towards west, y is positive towards north


 SHORT DISTANCE CONVERSION on ELLIPSOIDE of WORLD GEODETIC SYSTEM 1972 (WGS72)
 =============================================================================

 Radius at equator (REARTH)= 6378.13500  km
   1. / (ellipticity)      =    298.260

 Origin of cartesian coordinates [degrees]:
   72.0000000 N     -126.0000000 W

  Rotation angle (in degr.) clockwise from
North  rotate=    0.0

 Radius of sphere at OLAT =   6358.817 km

 Conversion of GEOGRAPHICAL LATITUDE to GEOCENTRICAL LATITUDE:
 RLATC = TAN(GEOCENTR.LAT) / TAN(GEOGRAPH.LAT)
 RLATC =   0.99333486

          Short distance conversions:
          one min lat ~  1.8597 km 
          one min lon ~  0.5751 km 







    INPUT - M O D E L :



 Model(s) read from file :
 tmp/vinnik_2/synthvel/model_732.mod                                             

 model file title: 
Model: model_732.mod                    
 Velocity structure for model   1 :

 layer    vel   depth   vdamp  reflector
   1      4.45  -5.00    1.00         P-VELOCITY MODEL                  
   2      4.73   3.01    1.00  
   3      5.45  14.96    1.00  
   4      6.10  15.87    1.00  
   5      6.17  22.47    1.00  
   6      6.74  27.29    1.00  
   7      6.98  33.18    1.00  
   8      7.74  39.77    1.00  
   9      8.12  45.29    1.00  

 Calculation of average velocity starts at layer #            1
 z = -5.00 ...  3.01    v = 4.45    AVEL = 4.45 downto z =   3.01
 z =  3.01 ... 14.96    v = 4.73    AVEL = 4.62 downto z =  14.96
 z = 14.96 ... 15.87    v = 5.45    AVEL = 4.65 downto z =  15.87
 z = 15.87 ... 22.47    v = 6.10    AVEL = 5.00 downto z =  22.47
 z = 22.47 ... 27.29    v = 6.17    AVEL = 5.18 downto z =  27.29
 z = 27.29 ... 33.18    v = 6.74    AVEL = 5.42 downto z =  33.18
 z = 33.18 ... 39.77    v = 6.98    AVEL = 5.65 downto z =  39.77
 z = 39.77 ... 45.29    v = 7.74    AVEL = 5.88 downto z =  45.29


 Calculation of average velocity starts at layer #            2
 z =  3.01 ... 14.96    v = 4.73    AVEL = 4.73 downto z =  14.96
 z = 14.96 ... 15.87    v = 5.45    AVEL = 4.78 downto z =  15.87
 z = 15.87 ... 22.47    v = 6.10    AVEL = 5.23 downto z =  22.47
 z = 22.47 ... 27.29    v = 6.17    AVEL = 5.42 downto z =  27.29
 z = 27.29 ... 33.18    v = 6.74    AVEL = 5.67 downto z =  33.18
 z = 33.18 ... 39.77    v = 6.98    AVEL = 5.91 downto z =  39.77
 z = 39.77 ... 45.29    v = 7.74    AVEL = 6.15 downto z =  45.29






    INPUT - S T A T I O N S :



 Station-parameters read from file :
 ./velinp/station.sta                                                            


     stn latitude longitude elev   x      y      z     ptcor stcor model icc
   1 624 72.4760N126.2750E     0  -9.37  53.11  -0.00   0.00  0.00   1  13
   2 628 72.4000N127.1470E     0 -39.15  44.63  -0.00   0.00  0.00   1  12
   3 630 72.0750N128.3250E     0 -80.06   8.37  -0.00   0.00  0.00   1  11
   4 627 72.1170N126.9820E     0 -33.78  13.06  -0.00   0.00  0.00   1  10
   5 621 72.1840N124.8890E     0  38.14  20.53  -0.00   0.00  0.00   1   9
   6 629 71.9290N127.3130E     0 -45.39  -7.92  -0.00   0.00  0.00   1   8
   7 622 72.4420N125.3130E     0  23.42  49.32  -0.00   0.00  0.00   1   7
   8 620 72.6540N124.3470E     0  56.03  72.98  -0.00   0.00  0.00   1   6
   9 623 72.3260N125.7600E     0   8.21  36.38  -0.00   0.00  0.00   1   5
  10 626 71.8880N126.0360E     0  -1.25 -12.50  -0.00   0.00  0.00   1   4
  11 625 72.1740N126.1070E     0  -3.67  19.42  -0.00   0.00  0.00   1   3
  12 631 71.3990N127.2470E     0 -43.72 -67.06  -0.00   0.00  0.00   1   2
  13 632 71.5740N129.0728E     0-107.23 -47.53  -0.00   0.00  0.00   1   1

 NO Seismo-parameter-file specified
 --> NO magnitudes calculated!




   neqs=   91  nshot=    0  nltot=    9

 ~~~ input parameters read.
 ~~~ set units for first iteration ...
 ~~~ determine number of unknowns ...

 Number of unknowns (for array-indexing):  nvar =  385
 Number of effective unknowns        :  nvareff =  373
 Number of elements on/below main diagonal of matrix G = At*A : kvar =   74305

 ~~~ reset G and RHT ...
 ~~~ input data, raytracing, setup G ...






    I N P U T - D A T A  

  eq    origin-time    latitude longitude depth    x      y      z    mag ifxOBS
   1 160818 1613  9.10 73.0030N 124.8500E  23.10  38.61 111.92  23.10 1.40 0   6
   2 160818 1613  9.30 72.9910N 124.8700E  22.80  37.95 110.58  22.80 1.10 0   6
   3 160819 0959 27.30 71.9230N 129.7600E  12.10-130.00  -8.59  12.10 4.00 0  12
   4 160820 1506 15.70 71.9380N 129.7900E  11.00-130.98  -6.92  11.00 1.50 0   9
   5 160820 1904 45.70 72.3480N 127.1800E  23.80 -40.33  38.83  23.80 1.20 0   6
   6 160822 1318 49.50 72.3650N 127.0800E  16.50 -36.90  40.73  16.50 0.60 0   8
   7 160823 0652 14.00 70.9330N 129.8100E   6.40-135.21-119.06   6.40 2.90 0   6
   8 160824 1510 30.40 71.6070N 130.0400E   8.60-140.86 -43.85   8.60 1.50 0   9
   9 160906 1514 39.70 72.5080N 125.6800E  12.10  10.89  56.68  12.10 0.90 0   6
 WARNING:
 epicentral distance: 303.3 > dmax ( 300.0) ==> skipping phase !
 WARNING:
 epicentral distance: 338.2 > dmax ( 300.0) ==> skipping phase !
  10 160920 1607 18.30 69.2370N 128.3500E  16.20 -87.07-308.31  16.20 2.60 0   2
 WARNING:
 epicentral distance: 318.5 > dmax ( 300.0) ==> skipping phase !
 WARNING:
 epicentral distance: 355.0 > dmax ( 300.0) ==> skipping phase !
  11 160925 1911  5.60 69.2250N 127.6800E  15.60 -62.26-309.64  15.60 2.30 0   2
  12 161004 0841 51.20 72.8480N 124.9600E  15.60  35.07  94.62  15.60 0.20 0   6
  13 161005 1619 46.90 72.8770N 125.0100E  19.00  33.35  97.86  19.00 1.00 0   9
  14 161006 0156 55.90 72.8740N 125.0100E  13.90  33.36  97.52  13.90 1.00 0   7
  15 161009 0036 44.70 72.8720N 124.9900E  17.20  34.03  97.30  17.20 1.30 0   8
  16 161009 0036 44.90 72.8580N 124.9600E  18.60  35.06  95.74  18.60 1.20 0   7
  17 161012 0800 22.10 72.7380N 126.0300E  18.50  -1.01  82.35  18.50 0.80 0   7
  18 161015 1013 36.50 72.0400N 126.9900E  11.20 -34.12   4.46  11.20 0.70 0   7
  19 161021 0507 33.30 72.5750N 124.7800E  10.10  41.44  64.16  10.10 0.80 0   6
  20 161124 2250 46.00 72.7630N 124.8800E  16.20  37.85  85.14  16.20 3.10 0   4
  21 161125 0156 34.10 72.7420N 124.9200E  14.50  36.52  82.80  14.50 0.60 0   7
  22 161125 0517 25.90 72.7650N 124.9400E  13.50  35.82  85.36  13.50 1.60 0   6
  23 161125 0525 15.90 72.7740N 124.9500E  11.60  35.48  86.37  11.60 0.80 0   6
  24 161125 0556  2.00 72.7350N 124.9700E   5.70  34.84  82.01   5.70 0.20 0   6
  25 170117 0846 48.60 72.2130N 127.3400E  22.00 -45.97  23.77  22.00 0.30 0   6
  26 170122 1614 27.60 71.9670N 128.0400E  10.30 -70.45  -3.68  10.30 0.90 0   6
  27 170125 2244  0.20 72.4440N 126.0200E  13.10  -0.68  49.54  13.10 0.80 0   6
  28 170302 1359 59.10 72.6830N 124.8900E  11.50  37.60  76.21  11.50 0.50 0   7
  29 170302 2335 20.20 71.8850N 130.3000E  14.80-148.82 -12.83  14.80 2.10 0   9
  30 170304 2135  2.90 72.6880N 124.9400E  13.40  35.90  76.77  13.40 1.30 0   7
  31 170307 0447 21.00 72.6940N 124.9200E  14.20  36.57  77.44  14.20 1.70 0  10
  32 170307 2016 50.80 72.6910N 124.9100E  15.30  36.91  77.10  15.30 1.10 0   6
  33 170309 1454  0.80 72.6830N 124.9000E  15.60  37.26  76.21  15.60 0.30 0   6
  34 170311 0430 55.40 72.3130N 126.5000E  24.50 -17.11  34.93  24.50 0.30 0   6
  35 170312 0416 39.20 71.9240N 128.0800E   3.40 -71.91  -8.48   3.40 2.10 0   6
  36 170313 0553 59.10 72.6980N 124.9200E  15.10  36.57  77.89  15.10 1.00 0   9
  37 170313 0809  5.60 72.4500N 125.0800E  14.90  31.36  50.21  14.90 1.20 0   7
  38 170315 0234 46.50 72.6540N 123.8400E  16.90  73.22  72.98  16.90 1.40 0   7
  39 170317 1007 14.10 72.2350N 125.9800E   3.90   0.69  26.22   3.90 0.50 0   7
  40 170320 0711 14.60 72.1250N 127.2200E  16.80 -41.95  13.95  16.80 0.90 0   6
  41 170320 0853 56.40 72.7090N 124.9700E   5.10  34.86  79.11   5.10 0.40 0   6
  42 170320 1900 34.30 72.4150N 126.1200E  18.00  -4.09  46.31  18.00 0.60 0   7
  43 170323 0519 24.60 71.6470N 129.1800E   5.20-110.76 -39.39   5.20 1.20 0   6
  44 170323 1612 49.70 72.4530N 125.1100E   8.30  30.33  50.55   8.30 0.50 0   6
  45 170323 1906 41.20 72.4070N 130.2500E  18.30-145.04  45.41  18.30 1.00 0   6
  46 170326 0836 34.10 71.9930N 127.6700E  16.10 -57.63  -0.78  16.10 1.50 0   7
  47 170402 0422  1.00 72.7220N 125.6900E  21.90  10.49  80.56  21.90 1.20 0  10
  48 170402 0636 37.20 72.7310N 125.6900E  23.50  10.49  81.57  23.50 0.70 0   6
  49 170404 2347 35.70 72.7580N 124.3800E  22.60  54.76  84.58  22.60 0.50 0   6
  50 170405 0307 36.10 71.6810N 128.9500E  15.30-102.66 -35.60  15.30 1.00 0  10
  51 170405 1410 53.20 71.5100N 128.9000E   9.30-101.37 -54.68   9.30 1.70 0  10
  52 170406 0838 43.20 72.3850N 129.3800E  15.50-115.42  42.96  15.50 0.90 0  10
  53 170406 1728  1.00 72.7230N 125.6900E  21.30  10.49  80.67  21.30 0.90 0  10
 WARNING:
 epicentral distance: 325.9 > dmax ( 300.0) ==> skipping phase !
 WARNING:
 epicentral distance: 332.9 > dmax ( 300.0) ==> skipping phase !
 WARNING:
 epicentral distance: 345.3 > dmax ( 300.0) ==> skipping phase !
 WARNING:
 epicentral distance: 391.9 > dmax ( 300.0) ==> skipping phase !
  54 170407 1729  3.40 74.8930N 128.6300E  15.60 -83.67 322.81  15.60 1.80 0   2
 WARNING:
 epicentral distance: 311.3 > dmax ( 300.0) ==> skipping phase !
 WARNING:
 epicentral distance: 315.4 > dmax ( 300.0) ==> skipping phase !
 WARNING:
 epicentral distance: 328.9 > dmax ( 300.0) ==> skipping phase !
 WARNING:
 epicentral distance: 374.2 > dmax ( 300.0) ==> skipping phase !
  55 170407 1729  3.50 74.7270N 128.8100E   0.40 -89.83 304.29   0.40 1.60 0   5
  56 170408 1004 44.90 72.6070N 124.9400E  15.00  35.98  67.73  15.00 1.40 0  13
  57 170409 0856 47.20 73.3850N 128.5500E  15.60 -84.71 154.54  15.60 2.50 0   6
  58 170409 0902 45.60 73.3500N 128.4400E  15.10 -81.13 150.64  15.10 1.10 0   7
  59 170410 1520  8.50 72.0030N 128.3900E   2.70 -82.46   0.33   2.70 1.00 0  10
  60 170410 1813  3.60 70.9360N 129.1200E   3.70-110.72-118.73   3.70 2.20 0  13
  61 170412 1507  0.60 71.5070N 129.7200E   0.00-130.05 -55.01   0.00 0.70 0   6
  62 170413 0651 20.10 73.3680N 125.4200E  15.60  19.28 152.65  15.60 1.00 0  10
  63 170414 0459 18.80 72.2680N 127.3800E  20.10 -47.27  29.90  20.10 0.50 0   7
  64 170414 0540  4.80 73.6400N 130.9700E   8.00-163.92 183.00   8.00 1.80 0  11
  65 170414 1656 23.40 72.1850N 127.4000E  15.50 -48.06  20.64  15.50 0.20 0   6
  66 170414 1753 32.80 72.3840N 130.4600E  17.90-152.30  42.85  17.90 0.70 0   6
  67 170416 0523 41.90 71.9560N 127.0800E  19.20 -37.31  -4.91  19.20 1.60 0  13
  68 170416 1220 14.20 72.9470N 124.4900E  20.40  50.77 105.67  20.40 1.00 0  11
 WARNING:
 epicentral distance: 320.3 > dmax ( 300.0) ==> skipping phase !
 WARNING:
 epicentral distance: 381.0 > dmax ( 300.0) ==> skipping phase !
 WARNING:
 epicentral distance: 398.8 > dmax ( 300.0) ==> skipping phase !
 WARNING:
 epicentral distance: 405.0 > dmax ( 300.0) ==> skipping phase !
 WARNING:
 epicentral distance: 424.8 > dmax ( 300.0) ==> skipping phase !
 WARNING:
 epicentral distance: 431.2 > dmax ( 300.0) ==> skipping phase !
 WARNING:
 epicentral distance: 445.5 > dmax ( 300.0) ==> skipping phase !
 WARNING:
 epicentral distance: 451.8 > dmax ( 300.0) ==> skipping phase !
 WARNING:
 epicentral distance: 464.3 > dmax ( 300.0) ==> skipping phase !
  69 170416 1257 48.30 68.8710N 131.7500E  73.50-214.97-349.14  73.50 2.20 0   0
  70 170416 1821  5.50 72.8670N 125.0000E  19.30  33.70  96.74  19.30 1.30 0  13
  71 170418 0606  4.10 72.5080N 125.8200E   1.30   6.13  56.68   1.30 0.20 0   6
 WARNING:
 epicentral distance: 315.2 > dmax ( 300.0) ==> skipping phase !
 WARNING:
 epicentral distance: 332.1 > dmax ( 300.0) ==> skipping phase !
 WARNING:
 epicentral distance: 345.3 > dmax ( 300.0) ==> skipping phase !
 WARNING:
 epicentral distance: 352.6 > dmax ( 300.0) ==> skipping phase !
 WARNING:
 epicentral distance: 346.7 > dmax ( 300.0) ==> skipping phase !
 WARNING:
 epicentral distance: 356.6 > dmax ( 300.0) ==> skipping phase !
 WARNING:
 epicentral distance: 363.9 > dmax ( 300.0) ==> skipping phase !
 WARNING:
 epicentral distance: 372.8 > dmax ( 300.0) ==> skipping phase !
 WARNING:
 epicentral distance: 378.6 > dmax ( 300.0) ==> skipping phase !
 WARNING:
 epicentral distance: 378.6 > dmax ( 300.0) ==> skipping phase !
  72 170418 1005 56.80 69.3310N 122.4100E  97.00 132.70-297.82  97.00 2.20 0   1
  73 170418 1500 12.90 72.7340N 124.5100E  23.10  50.40  81.90  23.10 1.30 0  12
  74 170420 1302 36.20 72.6290N 129.0200E  21.80-102.44  70.19  21.80 0.90 0  11
  75 170420 2248 46.70 72.0220N 129.1200E   0.00-107.59   2.46   0.00 0.70 0  11
 WARNING:
 epicentral distance: 313.1 > dmax ( 300.0) ==> skipping phase !
 WARNING:
 epicentral distance: 324.4 > dmax ( 300.0) ==> skipping phase !
 WARNING:
 epicentral distance: 324.2 > dmax ( 300.0) ==> skipping phase !
 WARNING:
 epicentral distance: 342.4 > dmax ( 300.0) ==> skipping phase !
 WARNING:
 epicentral distance: 349.0 > dmax ( 300.0) ==> skipping phase !
 WARNING:
 epicentral distance: 380.2 > dmax ( 300.0) ==> skipping phase !
 WARNING:
 epicentral distance: 381.6 > dmax ( 300.0) ==> skipping phase !
 WARNING:
 epicentral distance: 408.0 > dmax ( 300.0) ==> skipping phase !
  76 170423 0850 54.60 74.7080N 132.7900E   0.10-217.19 302.17   0.10 1.90 0   0
  77 170423 1455 44.10 72.8400N 124.4900E  16.80  50.92  93.73  16.80 0.60 0   8
  78 170423 2313 41.80 72.5960N 124.8700E  22.00  38.36  66.50  22.00 1.30 0  12
  79 170424 0609 58.60 71.9600N 128.0200E   0.10 -69.77  -4.46   0.10 1.10 0  12
  80 170424 0755 26.70 71.9480N 128.0300E   0.00 -70.14  -5.80   0.00 1.00 0  12
  81 170424 0755 26.90 71.9590N 128.0300E   0.00 -70.12  -4.57   0.00 1.00 0  12
  82 170425 0652 23.30 71.9600N 128.0300E   0.00 -70.12  -4.46   0.00 1.20 0   9
  83 170426 0051 23.20 71.9450N 128.0600E   6.60 -71.18  -6.14   6.60 0.70 0   6
  84 170426 1425 21.20 72.0790N 127.2600E  21.00 -43.38   8.82  21.00 0.10 0   6
  85 170426 1834 24.60 71.5840N 130.8000E  10.90-167.46 -46.42  10.90 1.20 0   8
  86 170426 1840 44.10 72.2710N 126.3600E  18.10 -12.33  30.24  18.10 1.30 0   8
  87 170427 0912 28.80 72.0640N 127.7900E   2.60 -61.65   7.14   2.60 0.90 0   8
  88 170427 1041 38.10 71.7480N 128.9900E   8.40-103.86 -28.12   8.40 0.70 0   7
  89 170427 2010 47.80 72.8010N 130.2000E  20.20-141.80  89.38  20.20 1.30 0   8
  90 170427 2010 48.30 72.7890N 130.1400E  20.10-139.82  88.04  20.10 1.30 0   8
  91 170427 2342 34.10 72.7630N 125.0100E  19.50  33.46  85.14  19.50 0.80 0   6

 readings for station 624  :  74
 readings for station 628  :  69
 readings for station 630  :  53
 readings for station 627  :  46
 readings for station 621  :  59
 readings for station 629  :  43
 readings for station 622  :  58
 readings for station 620  :  48
 readings for station 623  :  55
 readings for station 626  :  52
 readings for station 625  :  49
 readings for station 631  :  49
 readings for station 632  :  24

 Total number of stations with readings:  13

 Total number of readings:     679
 Total number of P readings:       0
 Total number of S readings:       0


 ~~~ store parts of G ...
 ~~~ compute RMS and DATVAR ...

 Total number of observations is:   679


 $$$$$$$$$$$$$$$$$$$$$$$$$$$$$$$$$$$$$$$$$$$$$$$$$
 Events with  | AVRES | > 1.0 SEC are suspicious !

 Event#   1 >>>  160818 1613  AVRES = -1.60 NOBS =  6
 Event#   2 >>>  160818 1613  AVRES = -1.60 NOBS =  6
 Event#   3 >>>  160819 0959  AVRES = -2.15 NOBS = 12
 Event#   4 >>>  160820 1506  AVRES = -2.30 NOBS =  9
 Event#   5 >>>  160820 1904  AVRES = -1.52 NOBS =  6
 Event#   6 >>>  160822 1318  AVRES = -1.47 NOBS =  8
 Event#   7 >>>  160823 0652  AVRES = -2.30 NOBS =  6
 Event#   8 >>>  160824 1510  AVRES = -2.19 NOBS =  9
 Event#   9 >>>  160906 1514  AVRES = -1.67 NOBS =  6
 Event#  12 >>>  161004 0841  AVRES = -1.74 NOBS =  6
 Event#  13 >>>  161005 1619  AVRES = -1.71 NOBS =  9
 Event#  14 >>>  161006 0156  AVRES = -1.98 NOBS =  7
 Event#  15 >>>  161009 0036  AVRES = -1.67 NOBS =  8
 Event#  16 >>>  161009 0036  AVRES = -1.56 NOBS =  7
 Event#  17 >>>  161012 0800  AVRES = -1.56 NOBS =  7
 Event#  18 >>>  161015 1013  AVRES = -2.04 NOBS =  7
 Event#  19 >>>  161021 0507  AVRES = -1.92 NOBS =  6
 Event#  20 >>>  161124 2250  AVRES = -1.95 NOBS =  4
 Event#  21 >>>  161125 0156  AVRES = -1.89 NOBS =  7
 Event#  22 >>>  161125 0517  AVRES = -1.99 NOBS =  6
 Event#  23 >>>  161125 0525  AVRES = -2.17 NOBS =  6
 Event#  24 >>>  161125 0556  AVRES = -2.31 NOBS =  6
 Event#  25 >>>  170117 0846  AVRES = -1.07 NOBS =  6
 Event#  26 >>>  170122 1614  AVRES = -1.95 NOBS =  6
 Event#  27 >>>  170125 2244  AVRES = -1.67 NOBS =  6
 Event#  28 >>>  170302 1359  AVRES = -2.00 NOBS =  7
 Event#  29 >>>  170302 2335  AVRES = -1.87 NOBS =  9
 Event#  30 >>>  170304 2135  AVRES = -1.74 NOBS =  7
 Event#  31 >>>  170307 0447  AVRES = -1.86 NOBS = 10
 Event#  32 >>>  170307 2016  AVRES = -1.72 NOBS =  6
 Event#  33 >>>  170309 1454  AVRES = -1.66 NOBS =  6
 Event#  34 >>>  170311 0430  AVRES = -1.08 NOBS =  6
 Event#  35 >>>  170312 0416  AVRES = -2.29 NOBS =  6
 Event#  36 >>>  170313 0553  AVRES = -1.68 NOBS =  9
 Event#  37 >>>  170313 0809  AVRES = -1.72 NOBS =  7
 Event#  38 >>>  170315 0234  AVRES = -1.72 NOBS =  7
 Event#  39 >>>  170317 1007  AVRES = -1.60 NOBS =  7
 Event#  40 >>>  170320 0711  AVRES = -1.45 NOBS =  6
 Event#  41 >>>  170320 0853  AVRES = -2.35 NOBS =  6
 Event#  42 >>>  170320 1900  AVRES = -1.22 NOBS =  7
 Event#  43 >>>  170323 0519  AVRES = -2.70 NOBS =  6
 Event#  44 >>>  170323 1612  AVRES = -1.71 NOBS =  6
 Event#  45 >>>  170323 1906  AVRES = -1.70 NOBS =  6
 Event#  46 >>>  170326 0836  AVRES = -1.45 NOBS =  7
 Event#  47 >>>  170402 0422  AVRES = -1.36 NOBS = 10
 Event#  48 >>>  170402 0636  AVRES = -1.32 NOBS =  6
 Event#  49 >>>  170404 2347  AVRES = -1.52 NOBS =  6
 Event#  50 >>>  170405 0307  AVRES = -1.82 NOBS = 10
 Event#  51 >>>  170405 1410  AVRES = -2.48 NOBS = 10
 Event#  52 >>>  170406 0838  AVRES = -1.77 NOBS = 10
 Event#  53 >>>  170406 1728  AVRES = -1.34 NOBS = 10
 Event#  54 >>>  170407 1729  AVRES = -2.31 NOBS =  2
 Event#  55 >>>  170407 1729  AVRES = -2.93 NOBS =  5
 Event#  56 >>>  170408 1004  AVRES = -1.77 NOBS = 13
 Event#  57 >>>  170409 0856  AVRES = -1.28 NOBS =  6
 Event#  58 >>>  170409 0902  AVRES = -1.53 NOBS =  7
 Event#  59 >>>  170410 1520  AVRES = -2.59 NOBS = 10
 Event#  60 >>>  170410 1813  AVRES = -2.58 NOBS = 13
 Event#  61 >>>  170412 1507  AVRES = -3.24 NOBS =  6
 Event#  62 >>>  170413 0651  AVRES = -1.75 NOBS = 10
 Event#  63 >>>  170414 0459  AVRES = -1.39 NOBS =  7
 Event#  64 >>>  170414 0540  AVRES = -1.42 NOBS = 11
 Event#  65 >>>  170414 1656  AVRES = -1.48 NOBS =  6
 Event#  66 >>>  170414 1753  AVRES = -1.75 NOBS =  6
 Event#  67 >>>  170416 0523  AVRES = -1.43 NOBS = 13
 Event#  68 >>>  170416 1220  AVRES = -1.66 NOBS = 11
 Event#  70 >>>  170416 1821  AVRES = -1.58 NOBS = 13
 Event#  71 >>>  170418 0606  AVRES = -1.48 NOBS =  6
 Event#  73 >>>  170418 1500  AVRES = -1.46 NOBS = 12
 Event#  74 >>>  170420 1302  AVRES = -1.74 NOBS = 11
 Event#  75 >>>  170420 2248  AVRES = -2.91 NOBS = 11
 Event#  77 >>>  170423 1455  AVRES = -1.70 NOBS =  8
 Event#  78 >>>  170423 2313  AVRES = -1.55 NOBS = 12
 Event#  79 >>>  170424 0609  AVRES = -2.76 NOBS = 12
 Event#  80 >>>  170424 0755  AVRES = -2.73 NOBS = 12
 Event#  81 >>>  170424 0755  AVRES = -2.71 NOBS = 12
 Event#  82 >>>  170425 0652  AVRES = -2.67 NOBS =  9
 Event#  83 >>>  170426 0051  AVRES = -2.20 NOBS =  6
 Event#  84 >>>  170426 1425  AVRES = -1.13 NOBS =  6
 Event#  85 >>>  170426 1834  AVRES = -2.16 NOBS =  8
 Event#  86 >>>  170426 1840  AVRES = -1.43 NOBS =  8
 Event#  87 >>>  170427 0912  AVRES = -2.21 NOBS =  8
 Event#  88 >>>  170427 1041  AVRES = -2.70 NOBS =  7
 Event#  89 >>>  170427 2010  AVRES = -1.56 NOBS =  8
 Event#  90 >>>  170427 2010  AVRES = -1.63 NOBS =  8
 Event#  91 >>>  170427 2342  AVRES = -1.79 NOBS =  6

 ^^^^^^^^^ C H E C K   these events above ^^^^^^^^
 $$$$$$$$$$$$$$$$$$$$$$$$$$$$$$$$$$$$$$$$$$$$$$$$$

 ~~~ save initial datvar ...

 Iteration nr  0 obtained:
 DATVAR=    1.194574 mean sqrd residual=     0.538350  RMS RESIDUAL=     0.733723

 After  0 iterations we got:
 Average absolute & unweighted [and mean] residual of
   262 straight and direct rays =  1.47238 [ -1.47238]
   417 refracted           rays =  2.12618 [ -2.12215]
     0 reflected           rays =  0.00000 [  0.00000]

   679 ALL                 RAYS =  1.87391 [ -1.87143]        0.00 %




--------------------------------------------------------------------------------



           ITERATION no  1

 ~~~ set units for this iteration ...
 ~~~ determine number of unknowns for this iter. ...

 Number of unknowns (for array-indexing):  nvar =  385
 Number of effective unknowns        :  nvareff =  386
 Number of elements on/below main diagonal of matrix G = At*A : kvar =   74305

 Damping factors to be used in this iteration:
   Othet=   0.010   XYthet  =   0.010   Zthet=  0.010
 STAthet=   0.010   Vthet   =   1.000

 ~~~ damp G ...
 ~~~ solve G * b = RHT ...
 ~~~ fix units ...
 ~~~ apply eventually step-length damping ...
 ~~~ adjust model (hypocenters, stacorr & veloc.) ...

 doing velocity adjustments now...

 doing station-correction adjustments...

 ~~~ compute effective step-length ...

 (Applied) Step length =   4.659

 ~~~ set units for next iteration ...
 ~~~ determine number of unknowns for next iter. ...

 Number of unknowns (for array-indexing):  nvar =  385
 Number of effective unknowns        :  nvareff =  386
 Number of elements on/below main diagonal of matrix G = At*A : kvar =   74305

 ~~~ reset G and RHT ...
 ~~~ raytracing, setup G ...
 ~~~ store parts of G ...
 ~~~ set units back for current iteration ...
 ~~~ determine number of unknowns for this iter. ...

 Number of unknowns (for array-indexing):  nvar =  385
 Number of effective unknowns        :  nvareff =  386
 Number of elements on/below main diagonal of matrix G = At*A : kvar =   74305

 ~~~ compute RMS and DATVAR ...

 $$$$$$$$$$$$$$$$$$$$$$$$$$$$$$$$$$$$$$$$$$$$$$$$$
 Events with  | AVRES | > 1.0 SEC are suspicious !

 Event#   1 >>>  160818 1613  AVRES = -1.28 NOBS =  6
 Event#   2 >>>  160818 1613  AVRES = -1.28 NOBS =  6
 Event#   3 >>>  160819 0959  AVRES = -1.72 NOBS = 12
 Event#   4 >>>  160820 1506  AVRES = -1.82 NOBS =  9
 Event#   5 >>>  160820 1904  AVRES = -1.22 NOBS =  6
 Event#   6 >>>  160822 1318  AVRES = -1.18 NOBS =  8
 Event#   7 >>>  160823 0652  AVRES = -1.83 NOBS =  6
 Event#   8 >>>  160824 1510  AVRES = -1.74 NOBS =  9
 Event#   9 >>>  160906 1514  AVRES = -1.34 NOBS =  6
 Event#  12 >>>  161004 0841  AVRES = -1.39 NOBS =  6
 Event#  13 >>>  161005 1619  AVRES = -1.37 NOBS =  9
 Event#  14 >>>  161006 0156  AVRES = -1.59 NOBS =  7
 Event#  15 >>>  161009 0036  AVRES = -1.34 NOBS =  8
 Event#  16 >>>  161009 0036  AVRES = -1.25 NOBS =  7
 Event#  17 >>>  161012 0800  AVRES = -1.24 NOBS =  7
 Event#  18 >>>  161015 1013  AVRES = -1.64 NOBS =  7
 Event#  19 >>>  161021 0507  AVRES = -1.54 NOBS =  6
 Event#  20 >>>  161124 2250  AVRES = -1.56 NOBS =  4
 Event#  21 >>>  161125 0156  AVRES = -1.52 NOBS =  7
 Event#  22 >>>  161125 0517  AVRES = -1.60 NOBS =  6
 Event#  23 >>>  161125 0525  AVRES = -1.74 NOBS =  6
 Event#  24 >>>  161125 0556  AVRES = -1.85 NOBS =  6
 Event#  26 >>>  170122 1614  AVRES = -1.57 NOBS =  6
 Event#  27 >>>  170125 2244  AVRES = -1.35 NOBS =  6
 Event#  28 >>>  170302 1359  AVRES = -1.59 NOBS =  7
 Event#  29 >>>  170302 2335  AVRES = -1.49 NOBS =  9
 Event#  30 >>>  170304 2135  AVRES = -1.39 NOBS =  7
 Event#  31 >>>  170307 0447  AVRES = -1.48 NOBS = 10
 Event#  32 >>>  170307 2016  AVRES = -1.38 NOBS =  6
 Event#  33 >>>  170309 1454  AVRES = -1.34 NOBS =  6
 Event#  35 >>>  170312 0416  AVRES = -1.84 NOBS =  6
 Event#  36 >>>  170313 0553  AVRES = -1.34 NOBS =  9
 Event#  37 >>>  170313 0809  AVRES = -1.38 NOBS =  7
 Event#  38 >>>  170315 0234  AVRES = -1.38 NOBS =  7
 Event#  39 >>>  170317 1007  AVRES = -1.28 NOBS =  7
 Event#  40 >>>  170320 0711  AVRES = -1.17 NOBS =  6
 Event#  41 >>>  170320 0853  AVRES = -1.89 NOBS =  6
 Event#  43 >>>  170323 0519  AVRES = -2.17 NOBS =  6
 Event#  44 >>>  170323 1612  AVRES = -1.37 NOBS =  6
 Event#  45 >>>  170323 1906  AVRES = -1.36 NOBS =  6
 Event#  46 >>>  170326 0836  AVRES = -1.17 NOBS =  7
 Event#  47 >>>  170402 0422  AVRES = -1.09 NOBS = 10
 Event#  48 >>>  170402 0636  AVRES = -1.06 NOBS =  6
 Event#  49 >>>  170404 2347  AVRES = -1.22 NOBS =  6
 Event#  50 >>>  170405 0307  AVRES = -1.46 NOBS = 10
 Event#  51 >>>  170405 1410  AVRES = -1.97 NOBS = 10
 Event#  52 >>>  170406 0838  AVRES = -1.41 NOBS = 10
 Event#  53 >>>  170406 1728  AVRES = -1.07 NOBS = 10
 Event#  54 >>>  170407 1729  AVRES = -1.84 NOBS =  2
 Event#  55 >>>  170407 1729  AVRES = -2.34 NOBS =  5
 Event#  56 >>>  170408 1004  AVRES = -1.41 NOBS = 13
 Event#  58 >>>  170409 0902  AVRES = -1.21 NOBS =  7
 Event#  59 >>>  170410 1520  AVRES = -2.07 NOBS = 10
 Event#  60 >>>  170410 1813  AVRES = -2.05 NOBS = 13
 Event#  61 >>>  170412 1507  AVRES = -2.57 NOBS =  6
 Event#  62 >>>  170413 0651  AVRES = -1.40 NOBS = 10
 Event#  63 >>>  170414 0459  AVRES = -1.12 NOBS =  7
 Event#  64 >>>  170414 0540  AVRES = -1.12 NOBS = 11
 Event#  65 >>>  170414 1656  AVRES = -1.19 NOBS =  6
 Event#  66 >>>  170414 1753  AVRES = -1.39 NOBS =  6
 Event#  67 >>>  170416 0523  AVRES = -1.15 NOBS = 13
 Event#  68 >>>  170416 1220  AVRES = -1.32 NOBS = 11
 Event#  70 >>>  170416 1821  AVRES = -1.26 NOBS = 13
 Event#  71 >>>  170418 0606  AVRES = -1.20 NOBS =  6
 Event#  73 >>>  170418 1500  AVRES = -1.16 NOBS = 12
 Event#  74 >>>  170420 1302  AVRES = -1.38 NOBS = 11
 Event#  75 >>>  170420 2248  AVRES = -2.24 NOBS = 11
 Event#  77 >>>  170423 1455  AVRES = -1.35 NOBS =  8
 Event#  78 >>>  170423 2313  AVRES = -1.24 NOBS = 12
 Event#  79 >>>  170424 0609  AVRES = -2.21 NOBS = 12
 Event#  80 >>>  170424 0755  AVRES = -2.19 NOBS = 12
 Event#  81 >>>  170424 0755  AVRES = -2.17 NOBS = 12
 Event#  82 >>>  170425 0652  AVRES = -2.14 NOBS =  9
 Event#  83 >>>  170426 0051  AVRES = -1.77 NOBS =  6
 Event#  85 >>>  170426 1834  AVRES = -1.72 NOBS =  8
 Event#  86 >>>  170426 1840  AVRES = -1.15 NOBS =  8
 Event#  87 >>>  170427 0912  AVRES = -1.79 NOBS =  8
 Event#  88 >>>  170427 1041  AVRES = -2.17 NOBS =  7
 Event#  89 >>>  170427 2010  AVRES = -1.24 NOBS =  8
 Event#  90 >>>  170427 2010  AVRES = -1.29 NOBS =  8
 Event#  91 >>>  170427 2342  AVRES = -1.43 NOBS =  6

 ^^^^^^^^^ C H E C K   these events above ^^^^^^^^
 $$$$$$$$$$$$$$$$$$$$$$$$$$$$$$$$$$$$$$$$$$$$$$$$$

 ~~~ check solution (better? worse?) ...

 Iteration nr  1 obtained:
 DATVAR=    0.854786 mean sqrd residual=     0.368854  RMS RESIDUAL=     0.607334

 After  1 iterations we got:
 Average absolute & unweighted [and mean] residual of
   274 straight and direct rays =  1.20433 [ -1.20433]
   405 refracted           rays =  1.69937 [ -1.69152]
     0 reflected           rays =  0.00000 [  0.00000]

   679 ALL                 RAYS =  1.49960 [ -1.49492]      -19.97 %

 ~~~ iteration done; output results ...

  eq       ot     x      y      z      rms    avres   dot     dx     dy     dz
    1      9.00  38.60 112.00  23.29   0.15  -1.28   -0.102 -0.009  0.080  0.187
    2      9.19  37.98 110.68  22.99   0.16  -1.28   -0.108  0.029  0.104  0.195
    3     27.14-130.27  -8.32  12.38   0.32  -1.72   -0.159 -0.265  0.270  0.281
    4     15.53-130.92  -6.55  11.01   0.41  -1.82   -0.165  0.060  0.372  0.013
    5     45.60 -40.29  38.68  24.01   0.22  -1.22   -0.097  0.046 -0.148  0.212
    6     49.40 -36.72  40.57  16.91   0.29  -1.18   -0.097  0.182 -0.162  0.407
    7     13.76-135.03-118.93   6.21   0.72  -1.83   -0.236  0.188  0.127 -0.188
    8     30.25-141.12 -43.65   8.99   0.46  -1.74   -0.151 -0.262  0.202  0.391
    9     39.56  10.93  56.61  12.46   0.46  -1.34   -0.138  0.035 -0.073  0.361
   10     18.13 -87.51-308.26  16.22   1.14  -0.38   -0.171 -0.439  0.043  0.018
   11      5.36 -62.81-309.64  15.63   1.38  -0.69   -0.242 -0.546  0.004  0.033
   12     51.09  34.98  94.58  15.61   0.36  -1.39   -0.107 -0.088 -0.045  0.009
   13     46.79  33.34  97.93  19.22   0.27  -1.37   -0.112 -0.017  0.070  0.218
   14     55.77  33.40  97.51  14.21   0.24  -1.59   -0.132  0.039 -0.011  0.314
   15     44.58  34.01  97.44  17.50   0.38  -1.34   -0.123 -0.020  0.142  0.303
   16     44.77  34.96  95.94  18.84   0.44  -1.25   -0.129 -0.099  0.202  0.244
   17     21.95  -1.06  82.54  18.84   0.23  -1.24   -0.151 -0.049  0.195  0.343
   18     36.37 -34.02   4.58  11.60   0.58  -1.64   -0.135  0.104  0.119  0.397
   19     33.19  41.38  64.15  10.58   0.59  -1.54   -0.110 -0.069 -0.007  0.477
   20     45.87  37.74  85.16  16.20   0.17  -1.56   -0.133 -0.116  0.025  0.000
   21     34.00  36.38  82.57  14.47   0.29  -1.52   -0.100 -0.146 -0.223 -0.031
   22     25.77  35.55  85.38  13.53   0.34  -1.60   -0.125 -0.274  0.015  0.031
   23     15.77  35.22  86.36  11.75   0.46  -1.74   -0.134 -0.259 -0.010  0.152
   24      1.83  34.90  82.40   6.47   0.74  -1.85   -0.173  0.063  0.382  0.767
   25     48.55 -45.82  23.54  22.30   0.28  -0.87   -0.046  0.153 -0.222  0.305
   26     27.47 -70.30  -3.82  10.82   0.59  -1.57   -0.125  0.153 -0.135  0.517
   27      0.10  -0.61  49.32  13.43   0.46  -1.35   -0.103  0.069 -0.220  0.331
   28     58.97  37.51  76.15  11.68   0.42  -1.59   -0.132 -0.086 -0.057  0.175
   29     20.07-148.96 -12.45  15.01   0.26  -1.49   -0.127 -0.137  0.383  0.206
   30      2.82  36.08  76.58  13.80   0.42  -1.39   -0.083  0.186 -0.188  0.399
   31     20.89  36.45  77.34  14.48   0.38  -1.48   -0.109 -0.121 -0.097  0.276
   32     50.70  36.77  76.98  15.41   0.26  -1.38   -0.101 -0.141 -0.124  0.109
   33      0.72  37.17  76.08  15.69   0.30  -1.34   -0.078 -0.091 -0.136  0.089
   34     55.35 -16.96  34.80  24.61   0.22  -0.87   -0.048  0.147 -0.131  0.113
   35     39.18 -71.47  -8.17   3.92   1.02  -1.84   -0.021  0.445  0.312  0.517
   36     59.01  36.48  77.74  15.30   0.31  -1.34   -0.087 -0.085 -0.150  0.201
   37      5.47  31.33  50.16  14.94   0.12  -1.38   -0.127 -0.028 -0.057  0.035
   38     46.40  73.15  72.79  17.07   0.27  -1.38   -0.104 -0.066 -0.181  0.173
   39     13.98   0.72  26.14   3.85   0.65  -1.28   -0.119  0.034 -0.077 -0.047
   40     14.49 -41.86  13.97  16.87   0.25  -1.17   -0.110  0.096  0.021  0.071
   41     56.27  34.83  79.11   5.83   0.75  -1.89   -0.134 -0.034 -0.001  0.735
   42     34.22  -4.01  46.18  18.22   0.27  -0.98   -0.079  0.085 -0.128  0.224
   43     24.53-110.15 -39.35   5.90   0.93  -2.17   -0.073  0.606  0.043  0.697
   44     49.57  30.25  50.51   8.80   0.67  -1.37   -0.131 -0.084 -0.041  0.502
   45     41.10-144.92  45.82  18.49   0.26  -1.36   -0.101  0.116  0.402  0.186
   46     34.00 -57.46  -0.85  16.43   0.28  -1.17   -0.095  0.174 -0.066  0.330
   47      0.92  10.61  80.54  22.20   0.37  -1.09   -0.078  0.124 -0.020  0.301
   48     37.13  10.59  81.66  23.69   0.25  -1.06   -0.067  0.100  0.092  0.189
   49     35.62  54.55  84.51  22.73   0.27  -1.22   -0.081 -0.209 -0.071  0.129
   50     36.02-102.24 -35.48  15.16   0.27  -1.46   -0.080  0.420  0.117 -0.139
   51     53.00-100.94 -54.75   8.97   0.51  -1.97   -0.205  0.433 -0.076 -0.331
   52     43.08-115.41  43.35  15.61   0.34  -1.41   -0.118  0.002  0.394  0.107
   53      0.92  10.60  80.73  21.64   0.35  -1.07   -0.081  0.108  0.059  0.342
   54      2.80 -83.69 322.73  15.68   0.37  -1.84   -0.596 -0.015 -0.082  0.081
   55      2.96 -89.79 304.23   0.50   0.25  -2.34   -0.537  0.047 -0.055  0.101
   56     44.80  35.96  67.57  15.32   0.37  -1.41   -0.104 -0.013 -0.158  0.324
   57     47.00 -84.49 154.72  15.63   0.50  -0.99   -0.202  0.214  0.177  0.027
   58     45.46 -80.81 151.10  15.47   0.61  -1.21   -0.135  0.324  0.466  0.367
   59      8.42 -82.08   0.44   2.90   0.78  -2.07   -0.077  0.379  0.108  0.195
   60      3.48-110.34-118.61   4.07   0.97  -2.05   -0.119  0.378  0.120  0.374
   61      0.31-130.36 -54.91   0.41   0.90  -2.57   -0.290 -0.307  0.104  0.298
   62     19.98  19.51 152.64  15.76   0.69  -1.40   -0.119  0.235 -0.006  0.160
   63     18.72 -47.11  29.75  20.46   0.28  -1.12   -0.079  0.162 -0.158  0.363
   64      4.57-163.02 184.03   8.04   0.71  -1.12   -0.228  0.902  1.030  0.039
   65     23.33 -47.87  20.45  15.81   0.23  -1.19   -0.075  0.198 -0.193  0.306
   66     32.70-152.46  43.10  18.49   0.31  -1.39   -0.099 -0.156  0.256  0.589
   67     41.82 -37.14  -5.04  19.18   0.24  -1.15   -0.080  0.165 -0.132 -0.017
   68     14.05  50.84 106.04  20.63   0.24  -1.32   -0.149  0.062  0.369  0.230
   69     48.30-214.97-349.14  73.50   0.00   0.00    0.000  0.000  0.000  0.000
   70      5.39  33.70  96.79  19.42   0.38  -1.26   -0.113 -0.003  0.051  0.118
   71      3.94   6.21  56.55   0.55   0.75  -1.20   -0.160  0.088 -0.132 -0.755
   72     56.22 132.66-297.76  96.98   0.61  -0.78   -0.584 -0.043  0.056 -0.015
   73     12.80  50.46  81.91  23.41   0.23  -1.16   -0.098  0.060  0.005  0.314
   74     36.09-102.54  70.36  22.53   0.24  -1.38   -0.113 -0.099  0.173  0.726
 ***** depth constrained for event    75
   75     46.37-107.94   3.17   0.11   0.95  -2.24   -0.327 -0.351  0.710 -0.100
   76     54.60-217.19 302.17   0.10   0.00   0.00    0.000  0.000  0.000  0.000
   77     43.97  50.89  93.90  17.24   0.23  -1.35   -0.129 -0.032  0.174  0.436
   78     41.70  38.39  66.32  22.28   0.30  -1.24   -0.098  0.022 -0.189  0.282
   79     58.45 -69.41  -4.31   0.24   0.79  -2.21   -0.145  0.363  0.149  0.135
   80     26.55 -69.85  -5.70   0.24   0.76  -2.19   -0.149  0.289  0.099  0.132
   81     26.75 -69.73  -4.42   0.05   0.73  -2.17   -0.149  0.393  0.156 -0.057
   82     23.13 -69.74  -4.38   0.24   0.81  -2.14   -0.165  0.379  0.084  0.132
   83     23.08 -70.99  -6.19   7.29   0.79  -1.77   -0.117  0.192 -0.057  0.687
   84     21.14 -43.17   8.65  21.11   0.23  -0.91   -0.059  0.211 -0.169  0.111
   85     24.41-167.35 -46.33  10.81   0.52  -1.72   -0.186  0.110  0.093 -0.088
   86     44.01 -12.29  30.02  18.26   0.28  -1.15   -0.090  0.041 -0.221  0.164
   87     28.76 -61.57   6.81   3.61   0.87  -1.79   -0.036  0.081 -0.329  1.008
   88     37.98-103.35 -28.29   8.62   0.31  -2.17   -0.125  0.509 -0.174  0.218
   89     47.68-141.98  89.64  20.66   0.38  -1.24   -0.122 -0.181  0.260  0.464
   90     48.17-139.94  88.38  20.58   0.32  -1.29   -0.135 -0.127  0.342  0.481
   91     33.95  33.63  85.21  19.77   0.28  -1.43   -0.147  0.174  0.072  0.271

 A V E R A G E   of ADJUSTMENTS :                    -0.135  0.056  0.047  0.220
 A V E R A G E   of ABSOLUTE ADJUSTMENTS :            0.135  0.168  0.155  0.258


 Step length damping of 0.19985 was applied.


 Velocity adjustments:
     vp    dvp      hp   reflector
 Velocity model   1
   4.466  0.016   -5.000      
   4.930  0.200    3.010      
   5.554  0.104   14.960      
   6.147  0.047   15.870      
   6.248  0.078   22.470      
   6.761  0.021   27.290      
   7.076  0.096   33.180      
   7.741  0.001   39.770      
   7.967 -0.153   45.290      

 Calculation of average velocity starts at layer #           1
 z = -5.00 ...  3.01    v = 4.47    AVEL = 4.47 downto z =   3.01
 z =  3.01 ... 14.96    v = 4.93    AVEL = 4.74 downto z =  14.96
 z = 14.96 ... 15.87    v = 5.55    AVEL = 4.78 downto z =  15.87
 z = 15.87 ... 22.47    v = 6.15    AVEL = 5.11 downto z =  22.47
 z = 22.47 ... 27.29    v = 6.25    AVEL = 5.28 downto z =  27.29
 z = 27.29 ... 33.18    v = 6.76    AVEL = 5.51 downto z =  33.18
 z = 33.18 ... 39.77    v = 7.08    AVEL = 5.74 downto z =  39.77
 z = 39.77 ... 45.29    v = 7.74    AVEL = 5.96 downto z =  45.29


 Calculation of average velocity starts at layer #           2
 z =  3.01 ... 14.96    v = 4.93    AVEL = 4.93 downto z =  14.96
 z = 14.96 ... 15.87    v = 5.55    AVEL = 4.97 downto z =  15.87
 z = 15.87 ... 22.47    v = 6.15    AVEL = 5.37 downto z =  22.47
 z = 22.47 ... 27.29    v = 6.25    AVEL = 5.55 downto z =  27.29
 z = 27.29 ... 33.18    v = 6.76    AVEL = 5.78 downto z =  33.18
 z = 33.18 ... 39.77    v = 7.08    AVEL = 6.01 downto z =  39.77
 z = 39.77 ... 45.29    v = 7.74    AVEL = 6.24 downto z =  45.29



 Adjusted station corrections:
   stn  ptcor  dpcor  
  624   0.000  0.000  628  -0.040 -0.040  630  -0.025 -0.025  627   0.040  0.040
  621   0.012  0.012  629   0.032  0.032  622   0.018  0.018  620   0.008  0.008
  623   0.048  0.048  626   0.041  0.041  625   0.041  0.041  631   0.040  0.040
  632  -0.034 -0.034

 ~~~ another iteration? ...



--------------------------------------------------------------------------------



           ITERATION no  2

 ~~~ set units for this iteration ...
 ~~~ determine number of unknowns for this iter. ...

 Number of unknowns (for array-indexing):  nvar =  385
 Number of effective unknowns        :  nvareff =  386
 Number of elements on/below main diagonal of matrix G = At*A : kvar =   74305

 Damping factors to be used in this iteration:
   Othet=   0.010   XYthet  =   0.010   Zthet=  0.010
 STAthet=   0.010   Vthet   =   1.000

 ~~~ damp G ...
 ~~~ solve G * b = RHT ...
 ~~~ fix units ...
 ~~~ apply eventually step-length damping ...
 ~~~ adjust model (hypocenters, stacorr & veloc.) ...

 doing velocity adjustments now...

 doing station-correction adjustments...

 ~~~ compute effective step-length ...

 (Applied) Step length =   5.260

 ~~~ set units for next iteration ...
 ~~~ determine number of unknowns for next iter. ...

 Number of unknowns (for array-indexing):  nvar =  385
 Number of effective unknowns        :  nvareff =  386
 Number of elements on/below main diagonal of matrix G = At*A : kvar =   74305

 ~~~ reset G and RHT ...
 ~~~ raytracing, setup G ...
 ~~~ store parts of G ...
 ~~~ set units back for current iteration ...
 ~~~ determine number of unknowns for this iter. ...

 Number of unknowns (for array-indexing):  nvar =  385
 Number of effective unknowns        :  nvareff =  386
 Number of elements on/below main diagonal of matrix G = At*A : kvar =   74305

 ~~~ compute RMS and DATVAR ...

 $$$$$$$$$$$$$$$$$$$$$$$$$$$$$$$$$$$$$$$$$$$$$$$$$
 Events with  | AVRES | > 1.0 SEC are suspicious !

 Event#   3 >>>  160819 0959  AVRES = -1.26 NOBS = 12
 Event#   4 >>>  160820 1506  AVRES = -1.32 NOBS =  9
 Event#   7 >>>  160823 0652  AVRES = -1.31 NOBS =  6
 Event#   8 >>>  160824 1510  AVRES = -1.25 NOBS =  9
 Event#  12 >>>  161004 0841  AVRES = -1.04 NOBS =  6
 Event#  13 >>>  161005 1619  AVRES = -1.00 NOBS =  9
 Event#  14 >>>  161006 0156  AVRES = -1.18 NOBS =  7
 Event#  18 >>>  161015 1013  AVRES = -1.22 NOBS =  7
 Event#  19 >>>  161021 0507  AVRES = -1.15 NOBS =  6
 Event#  20 >>>  161124 2250  AVRES = -1.13 NOBS =  4
 Event#  21 >>>  161125 0156  AVRES = -1.11 NOBS =  7
 Event#  22 >>>  161125 0517  AVRES = -1.19 NOBS =  6
 Event#  23 >>>  161125 0525  AVRES = -1.30 NOBS =  6
 Event#  24 >>>  161125 0556  AVRES = -1.38 NOBS =  6
 Event#  26 >>>  170122 1614  AVRES = -1.17 NOBS =  6
 Event#  27 >>>  170125 2243  AVRES = -1.00 NOBS =  6
 Event#  28 >>>  170302 1359  AVRES = -1.18 NOBS =  7
 Event#  29 >>>  170302 2335  AVRES = -1.08 NOBS =  9
 Event#  30 >>>  170304 2135  AVRES = -1.03 NOBS =  7
 Event#  31 >>>  170307 0447  AVRES = -1.09 NOBS = 10
 Event#  32 >>>  170307 2016  AVRES = -1.03 NOBS =  6
 Event#  35 >>>  170312 0416  AVRES = -1.38 NOBS =  6
 Event#  37 >>>  170313 0809  AVRES = -1.03 NOBS =  7
 Event#  38 >>>  170315 0234  AVRES = -1.01 NOBS =  7
 Event#  41 >>>  170320 0853  AVRES = -1.41 NOBS =  6
 Event#  43 >>>  170323 0519  AVRES = -1.60 NOBS =  6
 Event#  44 >>>  170323 1612  AVRES = -1.02 NOBS =  6
 Event#  50 >>>  170405 0307  AVRES = -1.07 NOBS = 10
 Event#  51 >>>  170405 1410  AVRES = -1.44 NOBS = 10
 Event#  52 >>>  170406 0838  AVRES = -1.03 NOBS = 10
 Event#  54 >>>  170407 1729  AVRES = -1.35 NOBS =  2
 Event#  55 >>>  170407 1729  AVRES = -1.71 NOBS =  5
 Event#  56 >>>  170408 1004  AVRES = -1.04 NOBS = 13
 Event#  59 >>>  170410 1520  AVRES = -1.55 NOBS = 10
 Event#  60 >>>  170410 1813  AVRES = -1.48 NOBS = 13
 Event#  61 >>>  170412 1507  AVRES = -1.88 NOBS =  6
 Event#  62 >>>  170413 0651  AVRES = -1.02 NOBS = 10
 Event#  66 >>>  170414 1753  AVRES = -1.02 NOBS =  6
 Event#  74 >>>  170420 1302  AVRES = -1.01 NOBS = 11
 Event#  75 >>>  170420 2248  AVRES = -1.66 NOBS = 11
 Event#  77 >>>  170423 1455  AVRES = -1.00 NOBS =  8
 Event#  79 >>>  170424 0609  AVRES = -1.63 NOBS = 12
 Event#  80 >>>  170424 0755  AVRES = -1.60 NOBS = 12
 Event#  81 >>>  170424 0755  AVRES = -1.59 NOBS = 12
 Event#  82 >>>  170425 0652  AVRES = -1.58 NOBS =  9
 Event#  83 >>>  170426 0051  AVRES = -1.32 NOBS =  6
 Event#  85 >>>  170426 1834  AVRES = -1.23 NOBS =  8
 Event#  87 >>>  170427 0912  AVRES = -1.34 NOBS =  8
 Event#  88 >>>  170427 1041  AVRES = -1.60 NOBS =  7
 Event#  91 >>>  170427 2342  AVRES = -1.04 NOBS =  6

 ^^^^^^^^^ C H E C K   these events above ^^^^^^^^
 $$$$$$$$$$$$$$$$$$$$$$$$$$$$$$$$$$$$$$$$$$$$$$$$$

 ~~~ check solution (better? worse?) ...

 Iteration nr  2 obtained:
 DATVAR=    0.539987 mean sqrd residual=     0.233013  RMS RESIDUAL=     0.482715

 After  2 iterations we got:
 Average absolute & unweighted [and mean] residual of
   289 straight and direct rays =  0.92681 [ -0.92681]
   390 refracted           rays =  1.23742 [ -1.22363]
     0 reflected           rays =  0.00000 [  0.00000]

   679 ALL                 RAYS =  1.10522 [ -1.09730]      -26.30 %

 ~~~ iteration done; output results ...

  eq       ot     x      y      z      rms    avres   dot     dx     dy     dz
    1      8.88  38.54 112.16  23.68   0.12  -0.93   -0.121 -0.061  0.157  0.392
    2      9.06  37.97 110.87  23.39   0.12  -0.93   -0.127 -0.012  0.185  0.392
    3     26.96-130.48  -7.87  12.54   0.31  -1.26   -0.180 -0.213  0.455  0.162
    4     15.36-130.74  -6.09  10.80   0.37  -1.32   -0.176  0.185  0.453 -0.212
    5     45.50 -40.24  38.50  24.20   0.17  -0.91   -0.105  0.052 -0.182  0.183
    6     49.29 -36.53  40.42  17.36   0.24  -0.88   -0.110  0.189 -0.142  0.453
    7     13.49-134.80-118.89   6.07   0.59  -1.31   -0.274  0.222  0.038 -0.146
    8     30.10-141.31 -43.53   9.49   0.40  -1.25   -0.151 -0.186  0.116  0.502
    9     39.41  10.87  56.54  12.90   0.35  -1.00   -0.153 -0.053 -0.072  0.437
   10     17.88 -88.06-308.20  16.24   1.09  -0.26   -0.246 -0.549  0.059  0.025
   11      5.04 -63.50-309.63  15.67   1.34  -0.49   -0.319 -0.694  0.009  0.041
   12     50.98  34.83  94.54  15.62   0.31  -1.04   -0.110 -0.149 -0.042  0.008
   13     46.65  33.28  98.12  19.62   0.21  -1.00   -0.136 -0.054  0.191  0.405
   14     55.63  33.34  97.43  14.43   0.19  -1.18   -0.136 -0.051 -0.086  0.220
   15     44.43  33.94  97.71  18.05   0.31  -0.97   -0.147 -0.068  0.262  0.546
   16     44.61  34.80  96.31  19.34   0.37  -0.89   -0.163 -0.162  0.367  0.497
   17     21.81  -1.10  82.69  19.01   0.20  -0.92   -0.143 -0.033  0.150  0.171
   18     36.22 -33.85   4.71  12.04   0.44  -1.22   -0.144  0.172  0.128  0.443
   19     33.07  41.23  64.12  11.13   0.45  -1.15   -0.124 -0.147 -0.030  0.556
   20     45.71  37.55  85.29  16.37   0.09  -1.13   -0.156 -0.184  0.127  0.167
   21     33.89  36.18  82.32  14.39   0.27  -1.11   -0.107 -0.199 -0.250 -0.083
   22     25.64  35.18  85.37  13.49   0.26  -1.19   -0.134 -0.373 -0.011 -0.038
   23     15.62  34.86  86.32  11.88   0.39  -1.30   -0.144 -0.354 -0.038  0.127
   24      1.63  34.85  82.87   7.37   0.61  -1.38   -0.197 -0.046  0.472  0.906
   25     48.49 -45.66  23.32  22.66   0.23  -0.64   -0.060  0.158 -0.228  0.360
   26     27.33 -70.09  -4.01  11.42   0.45  -1.17   -0.144  0.206 -0.194  0.603
   27     59.97  -0.57  49.07  13.80   0.34  -1.00   -0.123  0.046 -0.257  0.373
   28     58.83  37.48  76.27  12.00   0.36  -1.18   -0.136 -0.031  0.116  0.328
   29     19.93-149.09 -12.16  15.36   0.22  -1.08   -0.142 -0.127  0.286  0.354
   30      2.73  36.17  76.39  14.12   0.38  -1.03   -0.091  0.090 -0.194  0.324
   31     20.77  36.19  77.28  14.67   0.31  -1.09   -0.120 -0.263 -0.060  0.194
   32     50.59  36.59  76.86  15.53   0.20  -1.03   -0.108 -0.175 -0.116  0.119
   33      0.64  37.04  75.93  15.78   0.22  -0.98   -0.083 -0.124 -0.147  0.090
   34     55.29 -16.82  34.67  24.72   0.17  -0.65   -0.058  0.141 -0.123  0.108
   35     39.15 -70.83  -7.78   4.54   0.82  -1.38   -0.024  0.636  0.383  0.627
   36     58.92  36.31  77.54  15.34   0.25  -0.99   -0.090 -0.175 -0.191  0.035
   37      5.34  31.19  50.17  14.93   0.09  -1.03   -0.130 -0.142  0.011 -0.003
   38     46.27  73.07  72.72  17.54   0.23  -1.01   -0.122 -0.082 -0.071  0.462
   39     13.85   0.71  26.03   3.94   0.50  -0.96   -0.134 -0.014 -0.115  0.087
   40     14.37 -41.80  13.98  16.97   0.20  -0.87   -0.125  0.058  0.014  0.095
   41     56.12  34.68  79.11   6.71   0.59  -1.41   -0.148 -0.145 -0.000  0.879
   42     34.13  -3.93  46.06  18.45   0.20  -0.73   -0.091  0.076 -0.121  0.223
   43     24.45-109.30 -39.29   6.70   0.72  -1.60   -0.077  0.849  0.057  0.801
   44     49.42  30.11  50.46   9.43   0.51  -1.02   -0.145 -0.136 -0.044  0.627
   45     40.97-144.99  46.17  19.08   0.18  -0.97   -0.132 -0.065  0.357  0.594
   46     33.90 -57.26  -0.96  16.79   0.22  -0.87   -0.107  0.198 -0.112  0.356
   47      0.84  10.69  80.53  22.45   0.34  -0.79   -0.083  0.077 -0.017  0.253
   48     37.06  10.66  81.73  23.88   0.19  -0.79   -0.071  0.070  0.072  0.194
   49     35.54  54.27  84.44  22.89   0.21  -0.91   -0.082 -0.274 -0.072  0.162
   50     35.92-101.88 -35.44  15.23   0.22  -1.07   -0.097  0.355  0.033  0.067
   51     52.88-100.55 -54.34   9.00   0.47  -1.44   -0.115  0.388  0.415  0.030
   52     42.95-115.38  43.70  15.55   0.29  -1.03   -0.127  0.036  0.346 -0.058
   53      0.85  10.70  80.74  21.80   0.32  -0.79   -0.072  0.100  0.007  0.154
   54      2.10 -83.71 322.63  15.77   0.33  -1.35   -0.699 -0.023 -0.100  0.090
   55      2.33 -89.73 304.17   0.62   0.18  -1.71   -0.630  0.058 -0.066  0.117
   56     44.68  35.88  67.42  15.56   0.33  -1.04   -0.115 -0.081 -0.152  0.231
   57     46.78 -84.42 154.99  15.71   0.41  -0.68   -0.220  0.076  0.268  0.079
   58     45.33 -80.75 151.45  15.79   0.47  -0.87   -0.139  0.062  0.346  0.319
   59      8.35 -81.72   0.63   3.31   0.65  -1.55   -0.077  0.357  0.184  0.412
   60      3.32-109.75-118.51   4.34   0.84  -1.48   -0.162  0.591  0.098  0.266
   61      0.04-130.58 -55.35   0.92   0.77  -1.88   -0.268 -0.220 -0.448  0.509
   62     19.85  19.60 152.69  16.00   0.58  -1.02   -0.129  0.085  0.052  0.244
   63     18.62 -46.95  29.58  20.91   0.22  -0.83   -0.096  0.156 -0.167  0.450
   64      4.28-162.04 185.32   8.15   0.61  -0.80   -0.289  0.975  1.295  0.108
   65     23.24 -47.64  20.22  16.14   0.19  -0.90   -0.082  0.230 -0.232  0.334
   66     32.58-152.62  43.59  19.06   0.27  -1.02   -0.119 -0.161  0.486  0.570
   67     41.73 -36.97  -5.21  19.11   0.19  -0.85   -0.088  0.175 -0.169 -0.070
   68     13.90  50.87 106.39  20.91   0.21  -0.97   -0.151  0.030  0.356  0.277
   69     48.30-214.97-349.14  73.50   0.00   0.00    0.000  0.000  0.000  0.000
   70      5.25  33.67  96.99  19.75   0.31  -0.92   -0.141 -0.026  0.195  0.333
 ***** depth constrained for event    71
   71      3.76   6.28  56.44   0.11   0.66  -0.88   -0.181  0.066 -0.109 -0.535
   72     55.47 132.60-297.69  96.96   0.35  -0.60   -0.744 -0.055  0.072 -0.021
   73     12.70  50.59  81.83  23.86   0.21  -0.85   -0.103  0.136 -0.082  0.449
   74     36.00-102.57  70.36  23.23   0.23  -1.01   -0.089 -0.028 -0.002  0.706
   75     46.21-108.06   3.41   0.29   0.91  -1.66   -0.166 -0.118  0.242  0.183
   76     54.60-217.19 302.17   0.10   0.00   0.00    0.000  0.000  0.000  0.000
   77     43.86  50.81  93.97  17.48   0.17  -1.00   -0.113 -0.084  0.064  0.247
   78     41.60  38.34  66.15  22.54   0.25  -0.91   -0.098 -0.052 -0.165  0.254
   79     58.29 -69.02  -4.31   0.26   0.62  -1.63   -0.161  0.393 -0.000  0.028
   80     26.39 -69.56  -5.67   0.49   0.58  -1.60   -0.157  0.288  0.038  0.246
 ***** depth constrained for event    81
   81     26.59 -69.34  -4.45   0.11   0.56  -1.59   -0.166  0.389 -0.034 -0.043
   82     22.95 -69.32  -4.45   0.16   0.61  -1.58   -0.185  0.415 -0.076 -0.087
   83     22.96 -70.69  -6.15   8.12   0.61  -1.32   -0.120  0.300  0.047  0.829
   84     21.07 -42.93   8.44  21.26   0.18  -0.68   -0.073  0.237 -0.205  0.152
   85     24.21-167.39 -45.99  10.78   0.42  -1.23   -0.205 -0.035  0.331 -0.027
   86     43.91 -12.25  29.78  18.44   0.21  -0.86   -0.103  0.044 -0.237  0.176
   87     28.66 -61.40   6.65   4.45   0.69  -1.34   -0.108  0.177 -0.162  0.844
   88     37.81-103.07 -28.52   8.95   0.32  -1.60   -0.166  0.278 -0.224  0.330
   89     47.52-142.32  89.93  21.33   0.29  -0.86   -0.156 -0.340  0.290  0.665
   90     48.00-140.23  88.78  21.26   0.23  -0.90   -0.165 -0.283  0.396  0.681
   91     33.79  33.73  85.38  20.05   0.21  -1.04   -0.162  0.096  0.171  0.284

 A V E R A G E   of ADJUSTMENTS :                    -0.150  0.034  0.051  0.266
 A V E R A G E   of ABSOLUTE ADJUSTMENTS :            0.150  0.184  0.173  0.295


 Step length damping of 0.25934 was applied.


 Velocity adjustments:
     vp    dvp      hp   reflector
 Velocity model   1
   4.488  0.022   -5.000      
   5.130  0.200    3.010      
   5.687  0.133   14.960      
   6.199  0.052   15.870      
   6.325  0.077   22.470      
   6.784  0.023   27.290      
   7.228  0.152   33.180      
   7.636 -0.105   39.770      
   7.782 -0.184   45.290      

 Calculation of average velocity starts at layer #           1
 z = -5.00 ...  3.01    v = 4.49    AVEL = 4.49 downto z =   3.01
 z =  3.01 ... 14.96    v = 5.13    AVEL = 4.87 downto z =  14.96
 z = 14.96 ... 15.87    v = 5.69    AVEL = 4.91 downto z =  15.87
 z = 15.87 ... 22.47    v = 6.20    AVEL = 5.22 downto z =  22.47
 z = 22.47 ... 27.29    v = 6.33    AVEL = 5.38 downto z =  27.29
 z = 27.29 ... 33.18    v = 6.78    AVEL = 5.60 downto z =  33.18
 z = 33.18 ... 39.77    v = 7.23    AVEL = 5.84 downto z =  39.77
 z = 39.77 ... 45.29    v = 7.64    AVEL = 6.04 downto z =  45.29


 Calculation of average velocity starts at layer #           2
 z =  3.01 ... 14.96    v = 5.13    AVEL = 5.13 downto z =  14.96
 z = 14.96 ... 15.87    v = 5.69    AVEL = 5.17 downto z =  15.87
 z = 15.87 ... 22.47    v = 6.20    AVEL = 5.52 downto z =  22.47
 z = 22.47 ... 27.29    v = 6.33    AVEL = 5.68 downto z =  27.29
 z = 27.29 ... 33.18    v = 6.78    AVEL = 5.89 downto z =  33.18
 z = 33.18 ... 39.77    v = 7.23    AVEL = 6.13 downto z =  39.77
 z = 39.77 ... 45.29    v = 7.64    AVEL = 6.33 downto z =  45.29



 Adjusted station corrections:
   stn  ptcor  dpcor  
  624   0.000  0.000  628  -0.082 -0.042  630  -0.058 -0.033  627   0.070  0.030
  621   0.015  0.003  629   0.065  0.033  622   0.029  0.012  620  -0.004 -0.011
  623   0.091  0.043  626   0.075  0.034  625   0.079  0.038  631   0.095  0.055
  632  -0.079 -0.046

 ~~~ another iteration? ...



--------------------------------------------------------------------------------



           ITERATION no  3

 ~~~ set units for this iteration ...
 ~~~ determine number of unknowns for this iter. ...

 Number of unknowns (for array-indexing):  nvar =  385
 Number of effective unknowns        :  nvareff =  386
 Number of elements on/below main diagonal of matrix G = At*A : kvar =   74305

 Damping factors to be used in this iteration:
   Othet=   0.010   XYthet  =   0.010   Zthet=  0.010
 STAthet=   0.010   Vthet   =   1.000

 ~~~ damp G ...
 ~~~ solve G * b = RHT ...
 ~~~ fix units ...
 ~~~ apply eventually step-length damping ...
 ~~~ adjust model (hypocenters, stacorr & veloc.) ...

 doing velocity adjustments now...

 doing station-correction adjustments...

 ~~~ compute effective step-length ...

 (Applied) Step length =   5.983

 ~~~ set units for next iteration ...
 ~~~ determine number of unknowns for next iter. ...

 Number of unknowns (for array-indexing):  nvar =  385
 Number of effective unknowns        :  nvareff =  386
 Number of elements on/below main diagonal of matrix G = At*A : kvar =   74305

 ~~~ reset G and RHT ...
 ~~~ raytracing, setup G ...
 ~~~ store parts of G ...
 ~~~ set units back for current iteration ...
 ~~~ determine number of unknowns for this iter. ...

 Number of unknowns (for array-indexing):  nvar =  385
 Number of effective unknowns        :  nvareff =  386
 Number of elements on/below main diagonal of matrix G = At*A : kvar =   74305

 ~~~ compute RMS and DATVAR ...

 $$$$$$$$$$$$$$$$$$$$$$$$$$$$$$$$$$$$$$$$$$$$$$$$$
 Events with  | AVRES | > 1.0 SEC are suspicious !

 Event#  43 >>>  170323 0519  AVRES = -1.05 NOBS =  6
 Event#  55 >>>  170407 1729  AVRES = -1.06 NOBS =  5
 Event#  59 >>>  170410 1520  AVRES = -1.01 NOBS = 10
 Event#  61 >>>  170412 1506  AVRES = -1.22 NOBS =  6
 Event#  75 >>>  170420 2248  AVRES = -1.07 NOBS = 11
 Event#  79 >>>  170424 0609  AVRES = -1.06 NOBS = 12
 Event#  80 >>>  170424 0755  AVRES = -1.04 NOBS = 12
 Event#  81 >>>  170424 0755  AVRES = -1.03 NOBS = 12
 Event#  82 >>>  170425 0652  AVRES = -1.03 NOBS =  9
 Event#  88 >>>  170427 1041  AVRES = -1.04 NOBS =  7

 ^^^^^^^^^ C H E C K   these events above ^^^^^^^^
 $$$$$$$$$$$$$$$$$$$$$$$$$$$$$$$$$$$$$$$$$$$$$$$$$

 ~~~ check solution (better? worse?) ...

 Iteration nr  3 obtained:
 DATVAR=    0.315755 mean sqrd residual=     0.136254  RMS RESIDUAL=     0.369126

 After  3 iterations we got:
 Average absolute & unweighted [and mean] residual of
   300 straight and direct rays =  0.61174 [ -0.61174]
   379 refracted           rays =  0.80841 [ -0.78307]
     0 reflected           rays =  0.00000 [  0.00000]

   679 ALL                 RAYS =  0.72152 [ -0.70737]      -34.72 %

 ~~~ iteration done; output results ...

  eq       ot     x      y      z      rms    avres   dot     dx     dy     dz
    1      8.77  38.44 112.20  23.90   0.12  -0.61   -0.110 -0.098  0.049  0.216
    2      8.95  37.93 110.95  23.61   0.12  -0.61   -0.117 -0.039  0.086  0.223
    3     26.76-130.69  -7.44  12.56   0.31  -0.81   -0.198 -0.216  0.431  0.012
    4     15.12-130.97  -5.79  10.54   0.33  -0.82   -0.234 -0.230  0.306 -0.262
    5     45.39 -40.14  38.39  24.34   0.13  -0.59   -0.103  0.099 -0.114  0.150
    6     49.17 -36.36  40.32  17.92   0.19  -0.58   -0.123  0.168 -0.106  0.555
    7     13.24-134.52-118.77   5.71   0.43  -0.79   -0.255  0.281  0.129 -0.360
    8     29.91-141.58 -43.29   9.84   0.31  -0.78   -0.184 -0.270  0.247  0.352
    9     39.24  10.83  56.39  13.36   0.24  -0.65   -0.165 -0.038 -0.149  0.457
   10     17.59 -88.86-308.12  16.27   1.07  -0.11   -0.296 -0.807  0.082  0.029
   11      4.67 -64.51-309.63  15.72   1.34  -0.26   -0.369 -1.007  0.005  0.044
   12     50.88  34.69  94.45  15.62   0.26  -0.67   -0.101 -0.137 -0.085  0.007
   13     46.53  33.26  98.19  19.98   0.17  -0.66   -0.121 -0.024  0.071  0.357
   14     55.49  33.47  97.33  14.82   0.11  -0.77   -0.141  0.127 -0.097  0.388
   15     44.30  33.88  97.81  18.42   0.24  -0.63   -0.125 -0.067  0.106  0.373
   16     44.46  34.55  96.61  19.52   0.29  -0.58   -0.149 -0.243  0.301  0.177
   17     21.65  -1.17  82.83  19.43   0.16  -0.59   -0.155 -0.079  0.136  0.421
   18     36.07 -33.65   4.81  12.50   0.30  -0.80   -0.155  0.198  0.096  0.462
   19     32.93  41.04  64.00  11.65   0.30  -0.75   -0.136 -0.192 -0.123  0.517
   20     45.58  37.39  85.35  16.34   0.06  -0.73   -0.136 -0.157  0.057 -0.032
   21     33.78  35.89  82.18  14.09   0.24  -0.72   -0.116 -0.291 -0.141 -0.302
   22     25.51  34.76  85.27  13.30   0.19  -0.78   -0.132 -0.420 -0.095 -0.194
   23     15.48  34.47  86.19  11.90   0.33  -0.84   -0.143 -0.394 -0.128  0.016
   24      1.41  34.73  83.38   8.27   0.48  -0.91   -0.219 -0.121  0.509  0.893
   25     48.43 -45.57  23.05  23.08   0.18  -0.42   -0.067  0.093 -0.264  0.418
   26     27.17 -69.90  -4.26  11.99   0.31  -0.77   -0.162  0.193 -0.244  0.569
   27     59.85  -0.48  48.83  14.04   0.23  -0.66   -0.121  0.087 -0.240  0.231
   28     58.69  37.44  76.30  12.33   0.30  -0.76   -0.145 -0.042  0.033  0.326
   29     19.80-149.21 -11.62  15.66   0.16  -0.69   -0.128 -0.120  0.543  0.296
   30      2.63  36.28  76.06  14.46   0.34  -0.66   -0.097  0.107 -0.324  0.335
   31     20.65  35.93  77.11  14.83   0.24  -0.70   -0.120 -0.251 -0.175  0.160
   32     50.48  36.45  76.70  15.64   0.13  -0.67   -0.108 -0.148 -0.159  0.109
   33      0.55  36.93  75.73  15.87   0.15  -0.64   -0.086 -0.108 -0.202  0.093
   34     55.22 -16.61  34.59  24.89   0.12  -0.42   -0.070  0.204 -0.079  0.165
   35     39.11 -70.07  -7.32   5.17   0.61  -0.91   -0.040  0.764  0.464  0.626
   36     58.83  36.19  77.29  15.45   0.20  -0.64   -0.093 -0.115 -0.253  0.118
   37      5.21  31.05  50.17  14.84   0.07  -0.66   -0.136 -0.143  0.002 -0.089
   38     46.18  72.84  72.70  17.84   0.21  -0.66   -0.095 -0.229 -0.021  0.305
   39     13.69   0.70  25.90   4.19   0.36  -0.62   -0.155 -0.004 -0.127  0.247
   40     14.23 -41.80  13.97  17.05   0.16  -0.57   -0.136  0.001 -0.008  0.081
   41     55.96  34.47  79.03   7.59   0.42  -0.93   -0.161 -0.211 -0.079  0.873
   42     34.03  -3.80  45.98  18.64   0.14  -0.48   -0.098  0.137 -0.082  0.190
   43     24.39-108.40 -38.78   6.53   0.50  -1.05   -0.063  0.900  0.512 -0.173
   44     49.26  29.97  50.37  10.08   0.35  -0.67   -0.164 -0.146 -0.091  0.653
   45     40.87-144.92  46.49  19.57   0.11  -0.63   -0.095  0.069  0.312  0.488
   46     33.78 -57.12  -1.04  17.08   0.16  -0.57   -0.116  0.138 -0.082  0.293
   47      0.76  10.82  80.41  22.83   0.28  -0.51   -0.079  0.126 -0.115  0.378
   48     36.98  10.74  81.74  24.20   0.13  -0.51   -0.079  0.088  0.010  0.314
   49     35.45  53.95  84.32  23.09   0.15  -0.59   -0.086 -0.319 -0.118  0.196
   50     35.82-101.52 -35.38  15.05   0.16  -0.69   -0.101  0.357  0.063 -0.173
   51     52.77-100.03 -53.75   8.68   0.44  -0.93   -0.109  0.522  0.585 -0.322
   52     42.82-115.54  44.03  15.65   0.28  -0.67   -0.130 -0.165  0.333  0.101
   53      0.76  10.78  80.74  22.26   0.26  -0.51   -0.091  0.087 -0.003  0.467
   54      1.35 -83.75 322.52  15.86   0.29  -0.85   -0.756 -0.035 -0.114  0.091
   55      1.65 -89.63 304.10   0.74   0.09  -1.06   -0.682  0.096 -0.064  0.124
   56     44.56  35.78  67.30  15.65   0.28  -0.68   -0.120 -0.108 -0.126  0.094
   57     46.56 -84.39 155.17  15.72   0.35  -0.38   -0.222  0.031  0.185  0.016
   58     45.17 -80.54 152.07  16.41   0.37  -0.56   -0.158  0.212  0.624  0.627
   59      8.21 -81.09   0.54   2.93   0.52  -1.01   -0.139  0.628 -0.089 -0.377
   60      3.17-109.16-118.06   4.28   0.71  -0.92   -0.153  0.592  0.448 -0.063
   61     59.84-131.31 -55.30   1.77   0.63  -1.22   -0.207 -0.733  0.056  0.849
   62     19.73  19.88 152.68  16.67   0.49  -0.65   -0.120  0.279 -0.007  0.665
   63     18.52 -46.83  29.39  21.37   0.15  -0.54   -0.105  0.126 -0.190  0.460
   64      3.97-160.69 187.07   8.26   0.52  -0.46   -0.318  1.358  1.752  0.116
   65     23.13 -47.47  20.01  16.48   0.15  -0.59   -0.117  0.168 -0.204  0.339
   66     32.46-152.79  43.98  19.78   0.23  -0.65   -0.118 -0.177  0.386  0.719
   67     41.64 -36.82  -5.38  19.00   0.14  -0.56   -0.090  0.151 -0.168 -0.110
   68     13.70  50.95 107.03  21.39   0.20  -0.61   -0.196  0.080  0.636  0.479
   69     48.30-214.97-349.14  73.50   0.00   0.00    0.000  0.000  0.000  0.000
   70      5.12  33.66  97.06  19.95   0.24  -0.59   -0.122 -0.007  0.075  0.197
 ***** depth constrained for event    71
   71      3.54   6.37  56.33   0.11   0.60  -0.53   -0.214  0.087 -0.111 -0.100
   72     54.67 132.54-297.61  96.94   0.16  -0.40   -0.806 -0.061  0.080 -0.024
   73     12.59  50.67  81.83  24.29   0.18  -0.54   -0.113  0.078 -0.000  0.430
   74     35.86-102.78  70.61  24.40   0.23  -0.64   -0.137 -0.217  0.255  1.169
   75     45.99-108.29   3.72   0.33   0.89  -1.07   -0.219 -0.233  0.314  0.041
   76     54.60-217.19 302.17   0.10   0.00   0.00    0.000  0.000  0.000  0.000
   77     43.72  50.83  94.13  18.02   0.12  -0.64   -0.141  0.016  0.160  0.534
   78     41.51  38.36  65.85  22.74   0.21  -0.59   -0.098  0.022 -0.302  0.207
   79     58.16 -69.08  -4.36   1.08   0.48  -1.06   -0.134 -0.061 -0.048  0.817
   80     26.24 -69.63  -5.79   1.01   0.43  -1.04   -0.154 -0.064 -0.123  0.521
   81     26.44 -69.35  -4.55   0.66   0.42  -1.03   -0.145 -0.013 -0.093  0.555
   82     22.78 -69.21  -4.52   0.48   0.42  -1.03   -0.174  0.110 -0.069  0.323
   83     22.83 -70.31  -6.02   8.92   0.42  -0.87   -0.129  0.377  0.129  0.805
   84     20.99 -42.73   8.17  21.41   0.13  -0.44   -0.081  0.207 -0.269  0.143
   85     24.04-167.37 -45.65  10.65   0.32  -0.79   -0.170  0.013  0.344 -0.134
   86     43.80 -12.20  29.58  18.64   0.15  -0.56   -0.108  0.049 -0.201  0.202
   87     28.52 -61.21   6.46   5.43   0.50  -0.88   -0.138  0.189 -0.190  0.975
   88     37.63-102.73 -28.75   8.98   0.31  -1.04   -0.181  0.344 -0.227  0.033
   89     47.38-142.51  90.18  21.80   0.24  -0.55   -0.140 -0.197  0.253  0.467
   90     47.85-140.35  89.15  21.75   0.17  -0.57   -0.151 -0.122  0.376  0.487
   91     33.64  33.89  85.36  20.39   0.16  -0.67   -0.151  0.166 -0.024  0.336

 A V E R A G E   of ADJUSTMENTS :                    -0.157  0.014  0.057  0.261
 A V E R A G E   of ABSOLUTE ADJUSTMENTS :            0.157  0.209  0.196  0.321


 Step length damping of 0.35137 was applied.


 Velocity adjustments:
     vp    dvp      hp   reflector
 Velocity model   1
   4.493  0.005   -5.000      
   5.330  0.200    3.010      
   5.865  0.178   14.960      
   6.261  0.062   15.870      
   6.389  0.064   22.470      
   6.804  0.020   27.290      
   7.256  0.028   33.180      
   7.521 -0.115   39.770      
   7.594 -0.188   45.290      

 Calculation of average velocity starts at layer #           1
 z = -5.00 ...  3.01    v = 4.49    AVEL = 4.49 downto z =   3.01
 z =  3.01 ... 14.96    v = 5.33    AVEL = 4.99 downto z =  14.96
 z = 14.96 ... 15.87    v = 5.87    AVEL = 5.03 downto z =  15.87
 z = 15.87 ... 22.47    v = 6.26    AVEL = 5.33 downto z =  22.47
 z = 22.47 ... 27.29    v = 6.39    AVEL = 5.49 downto z =  27.29
 z = 27.29 ... 33.18    v = 6.80    AVEL = 5.69 downto z =  33.18
 z = 33.18 ... 39.77    v = 7.26    AVEL = 5.92 downto z =  39.77
 z = 39.77 ... 45.29    v = 7.52    AVEL = 6.10 downto z =  45.29


 Calculation of average velocity starts at layer #           2
 z =  3.01 ... 14.96    v = 5.33    AVEL = 5.33 downto z =  14.96
 z = 14.96 ... 15.87    v = 5.87    AVEL = 5.37 downto z =  15.87
 z = 15.87 ... 22.47    v = 6.26    AVEL = 5.67 downto z =  22.47
 z = 22.47 ... 27.29    v = 6.39    AVEL = 5.81 downto z =  27.29
 z = 27.29 ... 33.18    v = 6.80    AVEL = 6.01 downto z =  33.18
 z = 33.18 ... 39.77    v = 7.26    AVEL = 6.23 downto z =  39.77
 z = 39.77 ... 45.29    v = 7.52    AVEL = 6.40 downto z =  45.29



 Adjusted station corrections:
   stn  ptcor  dpcor  
  624   0.000  0.000  628  -0.131 -0.049  630  -0.084 -0.025  627   0.099  0.029
  621   0.026  0.011  629   0.105  0.040  622   0.045  0.016  620  -0.021 -0.017
  623   0.146  0.055  626   0.106  0.031  625   0.100  0.021  631   0.139  0.043
  632  -0.104 -0.024

 ~~~ another iteration? ...
 NITT = ITTMAX  --> stop iterations.
 ~~~ final solution reached ...

 ~~~ damp G & Chol.-Decomp.: NOT made (switch iresolcalc is NOT set !)

 Final rms values:  0.12 0.12 0.31 0.33 0.13 0.19 0.43 0.31 0.24 1.07
                    1.34 0.26 0.17 0.11 0.24 0.29 0.16 0.30 0.30 0.06
                    0.24 0.19 0.33 0.48 0.18 0.31 0.23 0.30 0.16 0.34
                    0.24 0.13 0.15 0.12 0.61 0.20 0.07 0.21 0.36 0.16
                    0.42 0.14 0.50 0.35 0.11 0.16 0.28 0.13 0.15 0.16
                    0.44 0.28 0.26 0.29 0.09 0.28 0.35 0.37 0.52 0.71
                    0.63 0.49 0.15 0.52 0.15 0.23 0.14 0.20 0.00 0.24
                    0.60 0.16 0.18 0.23 0.89 0.00 0.12 0.21 0.48 0.43
                    0.42 0.42 0.42 0.13 0.32 0.15 0.50 0.31 0.24 0.17
                    0.16



 ~~~ output final hypocenters ...

      date    origin   latitude longitude  depth  mag  no  rms      x      y      z
   1 160818 1613  8.77 73.0056N 124.8549E  23.90 1.40   6 0.115   38.44 112.20  23.90
   2 160818 1613  8.95 72.9944N 124.8706E  23.61 1.10   6 0.117   37.93 110.95  23.61
   3 160819 0959 26.76 71.9334N 129.7811E  12.56 4.00  12 0.308 -130.69  -7.44  12.56
   4 160820 1506 15.12 71.9481N 129.7906E  10.54 1.50   9 0.326 -130.97  -5.79  10.54
   5 160820 1904 45.39 72.3440N 127.1741E  24.34 1.20   6 0.125  -40.14  38.39  24.34
   6 160822 1318 49.17 72.3613N 127.0641E  17.92 0.60   8 0.190  -36.36  40.32  17.92
   7 160823 0652 13.24 70.9356N 129.7908E   5.71 2.90   6 0.426 -134.52-118.77   5.71
   8 160824 1510 29.91 71.6121N 130.0611E   9.84 1.50   9 0.312 -141.58 -43.29   9.84
   9 160906 1514 39.24 72.5054N 125.6817E  13.36 0.90   6 0.242   10.83  56.39  13.36
  10 160920 1607 17.59 69.2386N 128.3986E  16.27 2.60   2 1.070  -88.86-308.12  16.27
  11 160925 1911  4.67 69.2252N 127.7406E  15.72 2.30   2 1.340  -64.51-309.63  15.72
  12 161004 0841 50.88 72.8465N 124.9711E  15.62 0.20   6 0.257   34.69  94.45  15.62
  13 161005 1619 46.53 72.8800N 125.0127E  19.98 1.00   9 0.169   33.26  98.19  19.98
  14 161006 0156 55.49 72.8723N 125.0066E  14.82 1.00   7 0.113   33.47  97.33  14.82
  15 161009 0036 44.30 72.8766N 124.9945E  18.42 1.30   8 0.243   33.88  97.81  18.42
  16 161009 0036 44.46 72.8658N 124.9747E  19.52 1.20   7 0.292   34.55  96.61  19.52
  17 161012 0800 21.65 72.7423N 126.0348E  19.43 0.80   7 0.162   -1.17  82.83  19.43
  18 161015 1013 36.07 72.0431N 126.9763E  12.50 0.70   7 0.299  -33.65   4.81  12.50
  19 161021 0507 32.93 72.5736N 124.7921E  11.65 0.80   6 0.302   41.04  64.00  11.65
  20 161124 2250 45.58 72.7649N 124.8935E  16.34 3.10   4 0.062   37.39  85.35  16.34
  21 161125 0156 33.78 72.7365N 124.9390E  14.09 0.60   7 0.237   35.89  82.18  14.09
  22 161125 0517 25.51 72.7642N 124.9716E  13.30 1.60   6 0.186   34.76  85.27  13.30
  23 161125 0525 15.48 72.7724N 124.9798E  11.90 0.80   6 0.331   34.47  86.19  11.90
  24 161125 0556  1.41 72.7472N 124.9727E   8.27 0.20   6 0.484   34.73  83.38   8.27
  25 170117 0846 48.43 72.2066N 127.3280E  23.08 0.30   6 0.178  -45.57  23.05  23.08
  26 170122 1614 27.17 71.9619N 128.0237E  11.99 0.90   6 0.313  -69.90  -4.26  11.99
  27 170125 2243 59.85 72.4376N 126.0140E  14.04 0.80   6 0.234   -0.48  48.83  14.04
  28 170302 1359 58.69 72.6838N 124.8947E  12.33 0.50   7 0.302   37.44  76.30  12.33
  29 170302 2335 19.80 71.8959N 130.3124E  15.66 2.10   9 0.160 -149.21 -11.62  15.66
  30 170304 2135  2.63 72.6817N 124.9289E  14.46 1.30   7 0.343   36.28  76.06  14.46
  31 170307 0447 20.65 72.6910N 124.9388E  14.83 1.70  10 0.240   35.93  77.11  14.83
  32 170307 2016 50.48 72.6874N 124.9238E  15.64 1.10   6 0.135   36.45  76.70  15.64
  33 170309 1454  0.55 72.6787N 124.9097E  15.87 0.30   6 0.155   36.93  75.73  15.87
  34 170311 0430 55.22 72.3100N 126.4856E  24.89 0.30   6 0.120  -16.61  34.59  24.89
  35 170312 0416 39.11 71.9344N 128.0272E   5.17 2.10   6 0.607  -70.07  -7.32   5.17
  36 170313 0553 58.83 72.6927N 124.9312E  15.45 1.00   9 0.195   36.19  77.29  15.45
  37 170313 0809  5.21 72.4496N 125.0892E  14.84 1.20   7 0.072   31.05  50.17  14.84
  38 170315 0234 46.18 72.6515N 123.8513E  17.84 1.40   7 0.214   72.84  72.70  17.84
  39 170317 1007 13.69 72.2321N 125.9795E   4.19 0.50   7 0.362    0.70  25.90   4.19
  40 170320 0711 14.23 72.1252N 127.2155E  17.05 0.90   6 0.163  -41.80  13.97  17.05
  41 170320 0853 55.96 72.7083N 124.9816E   7.59 0.40   6 0.420   34.47  79.03   7.59
  42 170320 1900 34.03 72.4120N 126.1113E  18.64 0.60   7 0.142   -3.80  45.98  18.64
  43 170323 0519 24.39 71.6525N 129.1128E   6.53 1.20   6 0.500 -108.40 -38.78   6.53
  44 170323 1612 49.26 72.4514N 125.1208E  10.08 0.50   6 0.354   29.97  50.37  10.08
  45 170323 1906 40.87 72.4166N 130.2476E  19.57 1.00   6 0.112 -144.92  46.49  19.57
  46 170326 0836 33.78 71.9907N 127.6551E  17.08 1.50   7 0.160  -57.12  -1.04  17.08
  47 170402 0422  0.76 72.7206N 125.6803E  22.83 1.20  10 0.283   10.82  80.41  22.83
  48 170402 0636 36.98 72.7326N 125.6824E  24.20 0.70   6 0.129   10.74  81.74  24.20
  49 170404 2347 35.45 72.7557N 124.4039E  23.09 0.50   6 0.152   53.95  84.32  23.09
  50 170405 0307 35.82 71.6829N 128.9176E  15.05 1.00  10 0.163 -101.52 -35.38  15.05
  51 170405 1410 52.77 71.5183N 128.8622E   8.68 1.70  10 0.437 -100.03 -53.75   8.68
  52 170406 0838 42.82 72.3946N 129.3846E  15.65 0.90  10 0.279 -115.54  44.03  15.65
  53 170406 1728  0.76 72.7236N 125.6813E  22.26 0.90  10 0.260   10.78  80.74  22.26
  54 170407 1729  1.35 74.8904N 128.6321E  15.86 1.80   2 0.285  -83.75 322.52  15.86
  55 170407 1729  1.65 74.7253N 128.8036E   0.74 1.60   5 0.091  -89.63 304.10   0.74
  56 170408 1004 44.56 72.6031N 124.9461E  15.65 1.40  13 0.285   35.78  67.30  15.65
  57 170409 0856 46.56 73.3906N 128.5407E  15.72 2.50   6 0.353  -84.39 155.17  15.72
  58 170409 0902 45.17 73.3629N 128.4229E  16.41 1.10   7 0.367  -80.54 152.07  16.41
  59 170410 1520  8.21 72.0048N 128.3506E   2.93 1.00  10 0.520  -81.09   0.54   2.93
  60 170410 1813  3.17 70.9420N 129.0765E   4.28 2.20  13 0.709 -109.16-118.06   4.28
  61 170412 1506 59.84 71.5044N 129.7558E   1.77 0.70   6 0.625 -131.31 -55.30   1.77
  62 170413 0651 19.73 73.3683N 125.4019E  16.67 1.00  10 0.485   19.88 152.68  16.67
  63 170414 0459 18.52 72.2634N 127.3668E  21.37 0.50   7 0.151  -46.83  29.39  21.37
  64 170414 0540  3.97 73.6765N 130.8770E   8.26 1.80  11 0.517 -160.69 187.07   8.26
  65 170414 1656 23.13 72.1794N 127.3824E  16.48 0.20   6 0.148  -47.47  20.01  16.48
  66 170414 1753 32.46 72.3941N 130.4757E  19.78 0.70   6 0.231 -152.79  43.98  19.78
  67 170416 0523 41.64 71.9518N 127.0657E  19.00 1.60  13 0.142  -36.82  -5.38  19.00
  68 170416 1220 13.70 72.9592N 124.4844E  21.39 1.00  11 0.198   50.95 107.03  21.39
 WARNING: Event-# :          69 has zero observations!
  69 170416 1257 48.30 68.8710N 131.7500E  73.50 2.20   0 0.000 -214.97-349.14  73.50
  70 170416 1821  5.12 72.8699N 125.0010E  19.95 1.30  13 0.241   33.66  97.06  19.95
  71 170418 0606  3.54 72.5048N 125.8130E   0.11 0.20   6 0.597    6.37  56.33   0.11
  72 170418 1005 54.67 69.3329N 122.4141E  96.94 2.20   1 0.162  132.54-297.61  96.94
  73 170418 1500 12.59 72.7333N 124.5019E  24.29 1.30  12 0.184   50.67  81.83  24.29
  74 170420 1302 35.86 72.6328N 129.0304E  24.40 0.90  11 0.228 -102.78  70.61  24.40
  75 170420 2248 45.99 72.0333N 129.1413E   0.33 0.70  11 0.887 -108.29   3.72   0.33
 WARNING: Event-# :          76 has zero observations!
  76 170423 0850 54.60 74.7080N 132.7900E   0.10 1.90   0 0.000 -217.19 302.17   0.10
  77 170423 1455 43.72 72.8436N 124.4928E  18.02 0.60   8 0.116   50.83  94.13  18.02
  78 170423 2313 41.51 72.5901N 124.8704E  22.74 1.30  12 0.209   38.36  65.85  22.74
  79 170424 0609 58.16 71.9609N 127.9999E   1.08 1.10  12 0.476  -69.08  -4.36   1.08
  80 170424 0755 26.24 71.9481N 128.0151E   1.01 1.00  12 0.432  -69.63  -5.79   1.01
  81 170424 0755 26.44 71.9593N 128.0078E   0.66 1.00  12 0.419  -69.35  -4.55   0.66
  82 170425 0652 22.78 71.9595N 128.0038E   0.48 1.20   9 0.424  -69.21  -4.52   0.48
  83 170426 0051 22.83 71.9461N 128.0349E   8.92 0.70   6 0.425  -70.31  -6.02   8.92
  84 170426 1425 20.99 72.0732N 127.2408E  21.41 0.10   6 0.133  -42.73   8.17  21.41
  85 170426 1834 24.04 71.5909N 130.7983E  10.65 1.20   8 0.322 -167.37 -45.65  10.65
  86 170426 1840 43.80 72.2651N 126.3560E  18.64 1.30   8 0.147  -12.20  29.58  18.64
  87 170427 0912 28.52 72.0579N 127.7767E   5.43 0.90   8 0.502  -61.21   6.46   5.43
  88 170427 1041 37.63 71.7424N 128.9570E   8.98 0.70   7 0.314 -102.73 -28.75   8.98
  89 170427 2010 47.38 72.8082N 130.2221E  21.80 1.30   8 0.239 -142.51  90.18  21.80
  90 170427 2010 47.85 72.7990N 130.1569E  21.75 1.30   8 0.171 -140.35  89.15  21.75
  91 170427 2342 33.64 72.7650N 124.9970E  20.39 0.80   6 0.165   33.89  85.36  20.39

 ~~~ output final station residuals ...
 TURBO-option is set; residuals are NOT printed for each event!



   station statistics, remember nsp was set to: 1


 sta phase nobs avres  avwres    std    wsum    delay

 624    P  74 -0.7681 -0.7681  0.3495  74.0000  0.0000
 628    P  69 -0.8991 -0.8991  0.3565  69.0000 -0.1310
 630    P  53 -0.6845 -0.6845  0.3425  53.0000 -0.0837
 627    P  46 -0.7018 -0.7018  0.3275  46.0000  0.0991
 621    P  59 -0.7030 -0.7030  0.3371  59.0000  0.0257
 629    P  43 -0.6541 -0.6541  0.4208  43.0000  0.1046
 622    P  58 -0.6619 -0.6619  0.2995  58.0000  0.0450
 620    P  48 -0.6118 -0.6118  0.3722  48.0000 -0.0207
 623    P  55 -0.6499 -0.6499  0.1955  55.0000  0.1455
 626    P  52 -0.7514 -0.7514  0.4119  52.0000  0.1061
 625    P  49 -0.7285 -0.7285  0.3905  49.0000  0.0996
 631    P  49 -0.6070 -0.6070  0.5000  49.0000  0.1386
 632    P  24 -0.6355 -0.6355  0.4121  24.0000 -0.1037


 ~~~ output statistics ...




 RAY-STATISTICS FOR  L A S T  ITERATION
 --------------------------------------

 NHYP : nr of hypocenters in this layer
 NREF : nr of headwaves in this layer
 %len : % of "refracted km" in this layer 
        with respect to all refracted kilometers
 NHIT : nr of rays passed thru this layer
 xy-km: average horizontal ray length [km] in layer
 z-km : average  vertical  ray length [km] in layer
 RFLX : number of reflections at bottom of this layer

 nlay   top ..... bottom     velocity   NHYP NREF %len  NHIT xy-km  z-km  RFLX

   1    -5.00...  3.01 km    4.49 km/s   10    0   0.0   757   3.1   2.9     0
   2     3.01... 14.96 km    5.33 km/s   30   50  10.8   838  18.4   9.5     0
   3    14.96... 15.87 km    5.87 km/s   10    0   0.0   765   1.8   0.9     0
   4    15.87... 22.47 km    6.26 km/s   28  139  34.2   690  25.2   4.1     0
   5    22.47... 27.29 km    6.39 km/s   11    2   0.3   438   9.3   4.2     0
   6    27.29... 33.18 km    6.80 km/s    0   30   6.0   347  17.4   5.4     0
   7    33.18... 39.77 km    7.26 km/s    0  101  27.1   216  41.7   3.5     0
   8    39.77... 45.29 km    7.52 km/s    0   54  20.3    61  81.1   0.6     0
   9    45.29...       km    7.59 km/s    2    3   1.2     0   0.0   0.0

 Total nr of events was   91

 Total nr of refracted rays =   379
 Total nr of reflected rays =     0
 Total nr of   other   rays =   300
                              ------
 Total nr of    all    rays =   679

 Average (absolute) error of the raytracers:
  Straight and direct rays :    8.49 meters
  Refracted           rays :    0.01 meters
  Reflected           rays :    0.00 meters


 ALL RAYS TOGETHER:
 Average horizontal ray length =   89.8 km   (Hypocenter --> Station) 
 Average  vertical  ray length =   20.5 km   (Deepest ray-point --> Station)



 ... and some more STATISTICS 
 ---------------------------- 
  GAP of final epicenters:

  Event# -> GAP  Event# -> GAP  Event# -> GAP  Event# -> GAP  Event# -> GAP
       1 -> 296       2 -> 294       3 -> 271       4 -> 274       5 -> 307
       6 ->  96       7 -> 320       8 -> 306       9 -> 168      10 -> 346
      11 -> 347      12 -> 259      13 -> 263      14 -> 262      15 -> 264
      16 -> 264      17 -> 253      18 -> 242      19 -> 161      20 -> 302
      21 -> 230      22 -> 238      23 -> 240      24 -> 233      25 -> 129
      26 -> 102      27 -> 152      28 -> 212      29 -> 305      30 -> 210
      31 -> 214      32 -> 212      33 -> 210      34 -> 134      35 -> 234
      36 -> 215      37 -> 132      38 -> 311      39 -> 117      40 -> 209
      41 -> 220      42 -> 119      43 -> 219      44 -> 135      45 -> 309
      46 -> 125      47 -> 224      48 -> 226      49 -> 285      50 -> 191
      51 -> 288      52 -> 271      53 -> 224      54 -> 354      55 -> 347
      56 -> 180      57 -> 310      58 -> 318      59 -> 158      60 -> 309
      61 -> 301      62 -> 306      63 -> 148      64 -> 322      65 -> 127
      66 -> 293      67 ->  86      68 -> 295      69 -> 171      70 -> 262
      71 -> 172      72 ->   0      73 -> 260      74 -> 300      75 -> 241
      76 ->  59      77 -> 284      78 -> 172      79 -> 163      80 -> 167
      81 -> 164      82 -> 163      83 -> 232      84 -> 117      85 -> 315
      86 ->  94      87 -> 114      88 -> 269      89 -> 318      90 -> 317
      91 -> 295

 GAPs were between   0 and 354
      (average GAP was 227)



  MAGNITUDES of INPUT-DATA:

 Magnitude (# of events)   ***average number of obs***

 MAG<= 1.0 ( 47) *******
 MAG = 1.1 (  4) ********
 MAG = 1.2 (  7) ********
 MAG = 1.3 (  8) *********1
 MAG = 1.4 (  3) *********
 MAG = 1.5 (  3) ********
 MAG = 1.6 (  3) ********
 MAG = 1.7 (  2) *********1
 MAG = 1.8 (  2) *******
 MAG = 1.9 (  1)  
 MAG = 2.0 (  0)  
 MAG = 2.1 (  2) ********
 MAG = 2.2 (  3) *****
 MAG = 2.3 (  1) **
 MAG = 2.4 (  0)  
 MAG = 2.5 (  1) ******
 MAG = 2.6 (  1) **
 MAG = 2.7 (  0)  
 MAG = 2.8 (  0)  
 MAG = 2.9 (  1) ******
 MAG = 3.0 (  0)  
 MAG = 3.1 (  1) ****
 MAG = 3.2 (  0)  
 MAG = 3.3 (  0)  
 MAG = 3.4 (  0)  
 MAG = 3.5 (  0)  
 MAG = 3.6 (  0)  
 MAG = 3.7 (  0)  
 MAG = 3.8 (  0)  
 MAG = 3.9 (  0)  
 MAG = 4.0 (  1) *********1**
 MAG = 4.1 (  0)  
 MAG = 4.2 (  0)  
 MAG = 4.3 (  0)  
 MAG = 4.4 (  0)  
 MAG = 4.5 (  0)  
 MAG = 4.6 (  0)  
 MAG = 4.7 (  0)  
 MAG = 4.8 (  0)  
 MAG = 4.9 (  0)  
 MAG = 5.0 (  0)  
 MAG = 5.1 (  0)  
 MAG = 5.2 (  0)  
 MAG = 5.3 (  0)  
 MAG = 5.4 (  0)  
 MAG = 5.5 (  0)  
 MAG = 5.6 (  0)  
 MAG = 5.7 (  0)  
 MAG = 5.8 (  0)  
 MAG = 5.9 (  0)  
 MAG>= 6.0 (  0)  





  DEPTHs of INPUT-DATA and of LAST ITERATION:
  ===========================================

       Depth       # of events  

 DEPTH ( input ) =  -4. km :   
 DEPTH (last_IT) =  -4. km :   
 DEPTH ( input ) =  -3. km :   
 DEPTH (last_IT) =  -3. km :   
 DEPTH ( input ) =  -2. km :   
 DEPTH (last_IT) =  -2. km :   
 DEPTH ( input ) =  -1. km :   
 DEPTH (last_IT) =  -1. km :   
 DEPTH ( input ) =   0. km :  ........
 DEPTH (last_IT) =   0. km :  ****
 DEPTH ( input ) =   1. km :  .
 DEPTH (last_IT) =   1. km :  ****
 DEPTH ( input ) =   2. km :   
 DEPTH (last_IT) =   2. km :  *
 DEPTH ( input ) =   3. km :  ...
 DEPTH (last_IT) =   3. km :  *
 DEPTH ( input ) =   4. km :  ..
 DEPTH (last_IT) =   4. km :  **
 DEPTH ( input ) =   5. km :  ..
 DEPTH (last_IT) =   5. km :  **
 DEPTH ( input ) =   6. km :  ..
 DEPTH (last_IT) =   6. km :  *
 DEPTH ( input ) =   7. km :  .
 DEPTH (last_IT) =   7. km :  *
 DEPTH ( input ) =   8. km :  ...
 DEPTH (last_IT) =   8. km :  ***
 DEPTH ( input ) =   9. km :  ..
 DEPTH (last_IT) =   9. km :  ***
 DEPTH ( input ) =  10. km :  ..
 DEPTH (last_IT) =  10. km :  **
 DEPTH ( input ) =  11. km :  ...
 DEPTH (last_IT) =  11. km :  **
 DEPTH ( input ) =  12. km :  ....
 DEPTH (last_IT) =  12. km :  ****
 DEPTH ( input ) =  13. km :  ..
 DEPTH (last_IT) =  13. km :  ****
 DEPTH ( input ) =  14. km :  ...
 DEPTH (last_IT) =  14. km :  ***
 DEPTH ( input ) =  15. km :  ........
 DEPTH (last_IT) =  15. km :  *****
 DEPTH ( input ) =  16. km :  .........1.
 DEPTH (last_IT) =  16. km :  *********1***
 DEPTH ( input ) =  17. km :  .....
 DEPTH (last_IT) =  17. km :  ***
 DEPTH ( input ) =  18. km :  ....
 DEPTH (last_IT) =  18. km :  ****
 DEPTH ( input ) =  19. km :  .....
 DEPTH (last_IT) =  19. km :  ****
 DEPTH ( input ) =  20. km :  .....
 DEPTH (last_IT) =  20. km :  ******
 DEPTH ( input ) =  21. km :  ..
 DEPTH (last_IT) =  21. km :  ***
 DEPTH ( input ) =  22. km :  ....
 DEPTH (last_IT) =  22. km :  ***
 DEPTH ( input ) =  23. km :  ....
 DEPTH (last_IT) =  23. km :  ****
 DEPTH ( input ) =  24. km :  ..
 DEPTH (last_IT) =  24. km :  ******
 DEPTH ( input ) =  25. km :  .
 DEPTH (last_IT) =  25. km :  *
 DEPTH ( input ) =  26. km :   
 DEPTH (last_IT) =  26. km :   
 DEPTH ( input ) =  27. km :   
 DEPTH (last_IT) =  27. km :   
 DEPTH ( input ) =  28. km :   
 DEPTH (last_IT) =  28. km :   
 DEPTH ( input ) =  29. km :   
 DEPTH (last_IT) =  29. km :   
 DEPTH ( input ) =  30. km :   
 DEPTH (last_IT) =  30. km :   
 DEPTH ( input ) =  31. km :   
 DEPTH (last_IT) =  31. km :   
 DEPTH ( input ) =  32. km :   
 DEPTH (last_IT) =  32. km :   
 DEPTH ( input ) =  33. km :   
 DEPTH (last_IT) =  33. km :   
 DEPTH ( input ) =  34. km :   
 DEPTH (last_IT) =  34. km :   
 DEPTH ( input ) =  35. km :   
 DEPTH (last_IT) =  35. km :   
 DEPTH ( input ) =  36. km :   
 DEPTH (last_IT) =  36. km :   
 DEPTH ( input ) =  37. km :   
 DEPTH (last_IT) =  37. km :   
 DEPTH ( input ) =  38. km :   
 DEPTH (last_IT) =  38. km :   
 DEPTH ( input ) =  39. km :   
 DEPTH (last_IT) =  39. km :   
 DEPTH ( input ) =  40. km :   
 DEPTH (last_IT) =  40. km :   
 DEPTH ( input ) =  41. km :   
 DEPTH (last_IT) =  41. km :   
 DEPTH ( input ) =  42. km :   
 DEPTH (last_IT) =  42. km :   
 DEPTH ( input ) =  43. km :   
 DEPTH (last_IT) =  43. km :   
 DEPTH ( input ) =  44. km :   
 DEPTH (last_IT) =  44. km :   
 DEPTH ( input ) =  45. km :   
 DEPTH (last_IT) =  45. km :   
 DEPTH ( input ) =  46. km :   
 DEPTH (last_IT) =  46. km :   
 DEPTH ( input ) =  47. km :   
 DEPTH (last_IT) =  47. km :   
 DEPTH ( input ) =  48. km :   
 DEPTH (last_IT) =  48. km :   
 DEPTH ( input ) =  49. km :   
 DEPTH (last_IT) =  49. km :   
 DEPTH ( input ) =  50. km :   
 DEPTH (last_IT) =  50. km :   
 DEPTH ( input ) =  51. km :   
 DEPTH (last_IT) =  51. km :   
 DEPTH ( input ) =  52. km :   
 DEPTH (last_IT) =  52. km :   
 DEPTH ( input ) =  53. km :   
 DEPTH (last_IT) =  53. km :   
 DEPTH ( input ) =  54. km :   
 DEPTH (last_IT) =  54. km :   
 DEPTH ( input ) =  55. km :   
 DEPTH (last_IT) =  55. km :   
 DEPTH ( input ) =  56. km :   
 DEPTH (last_IT) =  56. km :   
 DEPTH ( input ) =  57. km :   
 DEPTH (last_IT) =  57. km :   
 DEPTH ( input ) =  58. km :   
 DEPTH (last_IT) =  58. km :   
 DEPTH ( input ) =  59. km :   
 DEPTH (last_IT) =  59. km :   
 DEPTH ( input ) =  60. km :   
 DEPTH (last_IT) =  60. km :   
 DEPTH ( input ) =  61. km :   
 DEPTH (last_IT) =  61. km :   
 DEPTH ( input ) =  62. km :   
 DEPTH (last_IT) =  62. km :   
 DEPTH ( input ) =  63. km :   
 DEPTH (last_IT) =  63. km :   
 DEPTH ( input ) =  64. km :   
 DEPTH (last_IT) =  64. km :   
 DEPTH ( input ) =  65. km :   
 DEPTH (last_IT) =  65. km :   
 DEPTH ( input ) =  66. km :   
 DEPTH (last_IT) =  66. km :   
 DEPTH ( input ) =  67. km :   
 DEPTH (last_IT) =  67. km :   
 DEPTH ( input ) =  68. km :   
 DEPTH (last_IT) =  68. km :   
 DEPTH ( input ) =  69. km :   
 DEPTH (last_IT) =  69. km :   
 DEPTH ( input ) =  70. km :   
 DEPTH (last_IT) =  70. km :   
 DEPTH ( input ) =  71. km :   
 DEPTH (last_IT) =  71. km :   
 DEPTH ( input ) =  72. km :   
 DEPTH (last_IT) =  72. km :   
 DEPTH ( input ) =  73. km :   
 DEPTH (last_IT) =  73. km :   
 DEPTH ( input ) =  74. km :  .
 DEPTH (last_IT) =  74. km :  *
 DEPTH ( input ) =  75. km :   
 DEPTH (last_IT) =  75. km :   
 DEPTH ( input ) =  76. km :   
 DEPTH (last_IT) =  76. km :   
 DEPTH ( input ) =  77. km :   
 DEPTH (last_IT) =  77. km :   
 DEPTH ( input ) =  78. km :   
 DEPTH (last_IT) =  78. km :   
 DEPTH ( input ) =  79. km :   
 DEPTH (last_IT) =  79. km :   
 DEPTH ( input ) =  80. km :   
 DEPTH (last_IT) =  80. km :   
 DEPTH ( input ) =  81. km :   
 DEPTH (last_IT) =  81. km :   
 DEPTH ( input ) =  82. km :   
 DEPTH (last_IT) =  82. km :   
 DEPTH ( input ) =  83. km :   
 DEPTH (last_IT) =  83. km :   
 DEPTH ( input ) =  84. km :   
 DEPTH (last_IT) =  84. km :   
 DEPTH ( input ) =  85. km :   
 DEPTH (last_IT) =  85. km :   
 DEPTH ( input ) =  86. km :   
 DEPTH (last_IT) =  86. km :   
 DEPTH ( input ) =  87. km :   
 DEPTH (last_IT) =  87. km :   
 DEPTH ( input ) =  88. km :   
 DEPTH (last_IT) =  88. km :   
 DEPTH ( input ) =  89. km :   
 DEPTH (last_IT) =  89. km :   
 DEPTH ( input ) =  90. km :   
 DEPTH (last_IT) =  90. km :   
 DEPTH ( input ) =  91. km :   
 DEPTH (last_IT) =  91. km :   
 DEPTH ( input ) =  92. km :   
 DEPTH (last_IT) =  92. km :   
 DEPTH ( input ) =  93. km :   
 DEPTH (last_IT) =  93. km :   
 DEPTH ( input ) =  94. km :   
 DEPTH (last_IT) =  94. km :   
 DEPTH ( input ) =  95. km :   
 DEPTH (last_IT) =  95. km :   
 DEPTH ( input ) =  96. km :   
 DEPTH (last_IT) =  96. km :   
 DEPTH ( input ) =  97. km :  .
 DEPTH (last_IT) =  97. km :  *
 DEPTH ( input ) =  98. km :   
 DEPTH (last_IT) =  98. km :   
 DEPTH ( input ) =  99. km :   
 DEPTH (last_IT) =  99. km :   
 DEPTH ( input ) = 100. km :   
 DEPTH (last_IT) = 100. km :   
 DEPTH ( input ) > 100. km :   
 DEPTH (last_IT) > 100. km :   


 Residuals of the stations according to the azimuth:
 (RES  = total average residual at station)
 (RES1 = average residual of rays from 1st quadrant)
 (RES2 = average residual of rays from 2nd quadrant)
 (RES3 = average residual of rays from 3rd quadrant)
 (RES4 = average residual of rays from 4th quadrant)

 Stn#  Stn     RES          RES1         RES2         RES3         RES4
   1   624    -0.77(  74)  -0.63(  33)  -0.46(   5)  -0.93(  29)  -0.97(   7)
   2   628    -0.90(  69)  -0.96(  32)  -0.58(   5)  -0.97(  25)  -0.59(   7)
   3   630    -0.68(  53)  -0.72(  24)  -0.34(  11)  -1.01(  10)  -0.63(   8)
   4   627    -0.70(  46)  -0.71(  12)  -0.24(   1)  -0.86(  21)  -0.45(  12)
   5   621    -0.70(  59)  -0.57(   7)   0.00(   0)  -0.82(  18)  -0.67(  34)
   6   629    -0.65(  43)  -0.53(  15)   0.00(   0)  -1.24(   7)  -0.55(  21)
   7   622    -0.66(  58)  -0.60(  27)   0.00(   0)  -0.80(  20)  -0.57(  11)
   8   620    -0.61(  48)   0.00(   0)  -0.37(   1)  -0.71(  18)  -0.56(  29)
   9   623    -0.65(  55)  -0.64(  30)   0.00(   0)  -0.66(  17)  -0.68(   8)
  10   626    -0.75(  52)  -0.77(  24)   0.00(   0)  -1.13(   5)  -0.65(  23)
  11   625    -0.73(  49)  -0.59(  14)   0.00(   0)  -0.96(  23)  -0.44(  12)
  12   631    -0.61(  49)  -0.45(  18)  -0.40(   1)  -0.35(   4)  -0.76(  26)
  13   632    -0.64(  24)  -0.45(  12)  -1.04(   2)  -0.94(   3)  -0.72(   7)



 CPU - statistics:

 TOTAL CPU-sec          =    0.3     (CPU-minutes:  0.005)

 >>>   End of program VELEST at 25-06-02 16:12       <<< [ CPU-sec :     0.3]
