 >>> Start of program VELEST at 25-06-02 16:12       <<<                        

 ::::::::::::::::::::::::::::::::::::::                                         
  V E L E S T  - Version : January 3, 1995                                      
  (Authors: see source code)                                                    
 ::::::::::::::::::::::::::::::::::::::                                         


 Title of this VELEST run:

 vinnik_2
 --------


 Current array-dimensions of program VELEST:

 Max. number of EARTHQUAKES for simult. inversion IEQ = ***
 Max. number of SHOTS for simult. inversion    INSHOT =  50
 Max. number of (different) 1D-MODELS      ITOTMODELS =   2
 Max. number of LAYERS per one 1D-model        INLTOT = 100
 Max. number of STATIONS in stationlist           IST = 650
 Max. number of OBSERVATIONS per event MAXOBSPEREVENT = 180






    INPUT - P A R A M E T E R S :



***
***  olat       olon   icoordsystem      zshift   itrial ztrial    ised
  72.000000-126.000000      0            0.000       0     0.00      0
***
*** neqs   nshot    rotate
     91      0      0.0
***
*** isingle   iresolcalc
       0          0
***
*** dmax    itopo    zmin     veladj    zadj   lowveloclay
   300.00     0      0.01       0.20    5.00       0
***
*** nsp    swtfac   vpvs       nmod
     1      1.00    1.730        1
***
***   othet   xythet    zthet    vthet   stathet
       0.01     0.01     0.01     1.00     0.01
***
*** nsinv   nshcor   nshfix     iuseelev    iusestacorr
       1       0       0           1            1
***
*** iturbo    icnvout   istaout   ismpout
       1         1         1         0
***
*** irayout   idrvout   ialeout   idspout   irflout   irfrout   iresout
       0         0         0         0         0         0         0
***
*** delmin   ittmax   invertratio
    0.010       3          1
***
*** Modelfile:
tmp/vinnik_2/synthvel/model_716.mod
***
*** Stationfile:
./velinp/station.sta
***
*** Seismofile:
 
***
*** File with region names:
 
***
*** File with region coordinates:
 
***
*** File #1 with topo data:
 
***
*** File #2 with topo data:
 
***
*** DATA INPUT files:
***
*** File with Earthquake data:
./velinp/data.cnv
***
*** File with Shot data:
 
***
*** OUTPUT files:
***
*** Main print output file:
./velout/vinnik_2/velest716.out
***
*** File with single event locations:
velout.vel
***
*** File with final hypocenters in *.cnv format:
./velout/vinnik_2/final_loc716.cnv
***
*** File with new station corrections:
./velout/vinnik_2/stations_corr716.sta
***
*** File with summary cards (e.g. for plotting):
velout.smp
***
*** File with raypoints:
velout.ray
***
*** File with derivatives:
velout.drv
***
*** File with ALEs:
velout.ale
***
*** File with Dirichlet spreads:
velout.dspr
***
*** File with reflection points:
velout.rfl
***
*** File with refraction points:
velout.rfr
***
*** File with residuals:
velout.res
***




 Origin of cartesian coordinates:
        72.00000N   126.00000E

  X,Y-AXES rotated clockwise from North
           Rotation angle (rotate):
            rotate=    0.0 degr.

 icoordsystem =            0
 normal SHORT DISTANCE CONVERSION will be made
 x is positive towards west, y is positive towards north


 SHORT DISTANCE CONVERSION on ELLIPSOIDE of WORLD GEODETIC SYSTEM 1972 (WGS72)
 =============================================================================

 Radius at equator (REARTH)= 6378.13500  km
   1. / (ellipticity)      =    298.260

 Origin of cartesian coordinates [degrees]:
   72.0000000 N     -126.0000000 W

  Rotation angle (in degr.) clockwise from
North  rotate=    0.0

 Radius of sphere at OLAT =   6358.817 km

 Conversion of GEOGRAPHICAL LATITUDE to GEOCENTRICAL LATITUDE:
 RLATC = TAN(GEOCENTR.LAT) / TAN(GEOGRAPH.LAT)
 RLATC =   0.99333486

          Short distance conversions:
          one min lat ~  1.8597 km 
          one min lon ~  0.5751 km 







    INPUT - M O D E L :



 Model(s) read from file :
 tmp/vinnik_2/synthvel/model_716.mod                                             

 model file title: 
Model: model_716.mod                    
 Velocity structure for model   1 :

 layer    vel   depth   vdamp  reflector
   1      5.34  -5.00    1.00         P-VELOCITY MODEL                  
   2      5.39  -0.11    1.00  
 WARNING:
 Only top of the first layer can be negative !!
   3      5.79  12.70    1.00  
   4      6.64  16.02    1.00  
   5      6.90  27.52    1.00  
   6      6.94  28.08    1.00  
   7      8.33  28.91    1.00  
   8      8.38  36.95    1.00  
   9      8.79  45.52    1.00  

 Calculation of average velocity starts at layer #            1
 z = -5.00 ... -0.11    v = 5.34    AVEL = 5.34 downto z =  -0.11
 z = -0.11 ... 12.70    v = 5.39    AVEL = 5.38 downto z =  12.70
 z = 12.70 ... 16.02    v = 5.79    AVEL = 5.44 downto z =  16.02
 z = 16.02 ... 27.52    v = 6.64    AVEL = 5.87 downto z =  27.52
 z = 27.52 ... 28.08    v = 6.90    AVEL = 5.88 downto z =  28.08
 z = 28.08 ... 28.91    v = 6.94    AVEL = 5.91 downto z =  28.91
 z = 28.91 ... 36.95    v = 8.33    AVEL = 6.37 downto z =  36.95
 z = 36.95 ... 45.52    v = 8.38    AVEL = 6.71 downto z =  45.52


 Calculation of average velocity starts at layer #            2
 z = -0.11 ... 12.70    v = 5.39    AVEL = 5.39 downto z =  12.70
 z = 12.70 ... 16.02    v = 5.79    AVEL = 5.47 downto z =  16.02
 z = 16.02 ... 27.52    v = 6.64    AVEL = 5.96 downto z =  27.52
 z = 27.52 ... 28.08    v = 6.90    AVEL = 5.98 downto z =  28.08
 z = 28.08 ... 28.91    v = 6.94    AVEL = 6.00 downto z =  28.91
 z = 28.91 ... 36.95    v = 8.33    AVEL = 6.51 downto z =  36.95
 z = 36.95 ... 45.52    v = 8.38    AVEL = 6.86 downto z =  45.52






    INPUT - S T A T I O N S :



 Station-parameters read from file :
 ./velinp/station.sta                                                            


     stn latitude longitude elev   x      y      z     ptcor stcor model icc
   1 624 72.4760N126.2750E     0  -9.37  53.11  -0.00   0.00  0.00   1  13
   2 628 72.4000N127.1470E     0 -39.15  44.63  -0.00   0.00  0.00   1  12
   3 630 72.0750N128.3250E     0 -80.06   8.37  -0.00   0.00  0.00   1  11
   4 627 72.1170N126.9820E     0 -33.78  13.06  -0.00   0.00  0.00   1  10
   5 621 72.1840N124.8890E     0  38.14  20.53  -0.00   0.00  0.00   1   9
   6 629 71.9290N127.3130E     0 -45.39  -7.92  -0.00   0.00  0.00   1   8
   7 622 72.4420N125.3130E     0  23.42  49.32  -0.00   0.00  0.00   1   7
   8 620 72.6540N124.3470E     0  56.03  72.98  -0.00   0.00  0.00   1   6
   9 623 72.3260N125.7600E     0   8.21  36.38  -0.00   0.00  0.00   1   5
  10 626 71.8880N126.0360E     0  -1.25 -12.50  -0.00   0.00  0.00   1   4
  11 625 72.1740N126.1070E     0  -3.67  19.42  -0.00   0.00  0.00   1   3
  12 631 71.3990N127.2470E     0 -43.72 -67.06  -0.00   0.00  0.00   1   2
  13 632 71.5740N129.0728E     0-107.23 -47.53  -0.00   0.00  0.00   1   1

 NO Seismo-parameter-file specified
 --> NO magnitudes calculated!




   neqs=   91  nshot=    0  nltot=    9

 ~~~ input parameters read.
 ~~~ set units for first iteration ...
 ~~~ determine number of unknowns ...

 Number of unknowns (for array-indexing):  nvar =  385
 Number of effective unknowns        :  nvareff =  373
 Number of elements on/below main diagonal of matrix G = At*A : kvar =   74305

 ~~~ reset G and RHT ...
 ~~~ input data, raytracing, setup G ...






    I N P U T - D A T A  

  eq    origin-time    latitude longitude depth    x      y      z    mag ifxOBS
   1 160818 1613  9.10 73.0030N 124.8500E  23.10  38.61 111.92  23.10 1.40 0   6
   2 160818 1613  9.30 72.9910N 124.8700E  22.80  37.95 110.58  22.80 1.10 0   6
   3 160819 0959 27.30 71.9230N 129.7600E  12.10-130.00  -8.59  12.10 4.00 0  12
   4 160820 1506 15.70 71.9380N 129.7900E  11.00-130.98  -6.92  11.00 1.50 0   9
   5 160820 1904 45.70 72.3480N 127.1800E  23.80 -40.33  38.83  23.80 1.20 0   6
   6 160822 1318 49.50 72.3650N 127.0800E  16.50 -36.90  40.73  16.50 0.60 0   8
   7 160823 0652 14.00 70.9330N 129.8100E   6.40-135.21-119.06   6.40 2.90 0   6
   8 160824 1510 30.40 71.6070N 130.0400E   8.60-140.86 -43.85   8.60 1.50 0   9
   9 160906 1514 39.70 72.5080N 125.6800E  12.10  10.89  56.68  12.10 0.90 0   6
 WARNING:
 epicentral distance: 303.3 > dmax ( 300.0) ==> skipping phase !
 WARNING:
 epicentral distance: 338.2 > dmax ( 300.0) ==> skipping phase !
  10 160920 1607 18.30 69.2370N 128.3500E  16.20 -87.07-308.31  16.20 2.60 0   2
 WARNING:
 epicentral distance: 318.5 > dmax ( 300.0) ==> skipping phase !
 WARNING:
 epicentral distance: 355.0 > dmax ( 300.0) ==> skipping phase !
  11 160925 1911  5.60 69.2250N 127.6800E  15.60 -62.26-309.64  15.60 2.30 0   2
  12 161004 0841 51.20 72.8480N 124.9600E  15.60  35.07  94.62  15.60 0.20 0   6
  13 161005 1619 46.90 72.8770N 125.0100E  19.00  33.35  97.86  19.00 1.00 0   9
  14 161006 0156 55.90 72.8740N 125.0100E  13.90  33.36  97.52  13.90 1.00 0   7
  15 161009 0036 44.70 72.8720N 124.9900E  17.20  34.03  97.30  17.20 1.30 0   8
  16 161009 0036 44.90 72.8580N 124.9600E  18.60  35.06  95.74  18.60 1.20 0   7
  17 161012 0800 22.10 72.7380N 126.0300E  18.50  -1.01  82.35  18.50 0.80 0   7
  18 161015 1013 36.50 72.0400N 126.9900E  11.20 -34.12   4.46  11.20 0.70 0   7
  19 161021 0507 33.30 72.5750N 124.7800E  10.10  41.44  64.16  10.10 0.80 0   6
  20 161124 2250 46.00 72.7630N 124.8800E  16.20  37.85  85.14  16.20 3.10 0   4
  21 161125 0156 34.10 72.7420N 124.9200E  14.50  36.52  82.80  14.50 0.60 0   7
  22 161125 0517 25.90 72.7650N 124.9400E  13.50  35.82  85.36  13.50 1.60 0   6
  23 161125 0525 15.90 72.7740N 124.9500E  11.60  35.48  86.37  11.60 0.80 0   6
  24 161125 0556  2.00 72.7350N 124.9700E   5.70  34.84  82.01   5.70 0.20 0   6
  25 170117 0846 48.60 72.2130N 127.3400E  22.00 -45.97  23.77  22.00 0.30 0   6
  26 170122 1614 27.60 71.9670N 128.0400E  10.30 -70.45  -3.68  10.30 0.90 0   6
  27 170125 2244  0.20 72.4440N 126.0200E  13.10  -0.68  49.54  13.10 0.80 0   6
  28 170302 1359 59.10 72.6830N 124.8900E  11.50  37.60  76.21  11.50 0.50 0   7
  29 170302 2335 20.20 71.8850N 130.3000E  14.80-148.82 -12.83  14.80 2.10 0   9
  30 170304 2135  2.90 72.6880N 124.9400E  13.40  35.90  76.77  13.40 1.30 0   7
  31 170307 0447 21.00 72.6940N 124.9200E  14.20  36.57  77.44  14.20 1.70 0  10
  32 170307 2016 50.80 72.6910N 124.9100E  15.30  36.91  77.10  15.30 1.10 0   6
  33 170309 1454  0.80 72.6830N 124.9000E  15.60  37.26  76.21  15.60 0.30 0   6
  34 170311 0430 55.40 72.3130N 126.5000E  24.50 -17.11  34.93  24.50 0.30 0   6
  35 170312 0416 39.20 71.9240N 128.0800E   3.40 -71.91  -8.48   3.40 2.10 0   6
  36 170313 0553 59.10 72.6980N 124.9200E  15.10  36.57  77.89  15.10 1.00 0   9
  37 170313 0809  5.60 72.4500N 125.0800E  14.90  31.36  50.21  14.90 1.20 0   7
  38 170315 0234 46.50 72.6540N 123.8400E  16.90  73.22  72.98  16.90 1.40 0   7
  39 170317 1007 14.10 72.2350N 125.9800E   3.90   0.69  26.22   3.90 0.50 0   7
  40 170320 0711 14.60 72.1250N 127.2200E  16.80 -41.95  13.95  16.80 0.90 0   6
  41 170320 0853 56.40 72.7090N 124.9700E   5.10  34.86  79.11   5.10 0.40 0   6
  42 170320 1900 34.30 72.4150N 126.1200E  18.00  -4.09  46.31  18.00 0.60 0   7
  43 170323 0519 24.60 71.6470N 129.1800E   5.20-110.76 -39.39   5.20 1.20 0   6
  44 170323 1612 49.70 72.4530N 125.1100E   8.30  30.33  50.55   8.30 0.50 0   6
  45 170323 1906 41.20 72.4070N 130.2500E  18.30-145.04  45.41  18.30 1.00 0   6
  46 170326 0836 34.10 71.9930N 127.6700E  16.10 -57.63  -0.78  16.10 1.50 0   7
  47 170402 0422  1.00 72.7220N 125.6900E  21.90  10.49  80.56  21.90 1.20 0  10
  48 170402 0636 37.20 72.7310N 125.6900E  23.50  10.49  81.57  23.50 0.70 0   6
  49 170404 2347 35.70 72.7580N 124.3800E  22.60  54.76  84.58  22.60 0.50 0   6
  50 170405 0307 36.10 71.6810N 128.9500E  15.30-102.66 -35.60  15.30 1.00 0  10
  51 170405 1410 53.20 71.5100N 128.9000E   9.30-101.37 -54.68   9.30 1.70 0  10
  52 170406 0838 43.20 72.3850N 129.3800E  15.50-115.42  42.96  15.50 0.90 0  10
  53 170406 1728  1.00 72.7230N 125.6900E  21.30  10.49  80.67  21.30 0.90 0  10
 WARNING:
 epicentral distance: 325.9 > dmax ( 300.0) ==> skipping phase !
 WARNING:
 epicentral distance: 332.9 > dmax ( 300.0) ==> skipping phase !
 WARNING:
 epicentral distance: 345.3 > dmax ( 300.0) ==> skipping phase !
 WARNING:
 epicentral distance: 391.9 > dmax ( 300.0) ==> skipping phase !
  54 170407 1729  3.40 74.8930N 128.6300E  15.60 -83.67 322.81  15.60 1.80 0   2
 WARNING:
 epicentral distance: 311.3 > dmax ( 300.0) ==> skipping phase !
 WARNING:
 epicentral distance: 315.4 > dmax ( 300.0) ==> skipping phase !
 WARNING:
 epicentral distance: 328.9 > dmax ( 300.0) ==> skipping phase !
 WARNING:
 epicentral distance: 374.2 > dmax ( 300.0) ==> skipping phase !
  55 170407 1729  3.50 74.7270N 128.8100E   0.40 -89.83 304.29   0.40 1.60 0   5
  56 170408 1004 44.90 72.6070N 124.9400E  15.00  35.98  67.73  15.00 1.40 0  13
  57 170409 0856 47.20 73.3850N 128.5500E  15.60 -84.71 154.54  15.60 2.50 0   6
  58 170409 0902 45.60 73.3500N 128.4400E  15.10 -81.13 150.64  15.10 1.10 0   7
  59 170410 1520  8.50 72.0030N 128.3900E   2.70 -82.46   0.33   2.70 1.00 0  10
  60 170410 1813  3.60 70.9360N 129.1200E   3.70-110.72-118.73   3.70 2.20 0  13
  61 170412 1507  0.60 71.5070N 129.7200E   0.00-130.05 -55.01   0.00 0.70 0   6
  62 170413 0651 20.10 73.3680N 125.4200E  15.60  19.28 152.65  15.60 1.00 0  10
  63 170414 0459 18.80 72.2680N 127.3800E  20.10 -47.27  29.90  20.10 0.50 0   7
  64 170414 0540  4.80 73.6400N 130.9700E   8.00-163.92 183.00   8.00 1.80 0  11
  65 170414 1656 23.40 72.1850N 127.4000E  15.50 -48.06  20.64  15.50 0.20 0   6
  66 170414 1753 32.80 72.3840N 130.4600E  17.90-152.30  42.85  17.90 0.70 0   6
  67 170416 0523 41.90 71.9560N 127.0800E  19.20 -37.31  -4.91  19.20 1.60 0  13
  68 170416 1220 14.20 72.9470N 124.4900E  20.40  50.77 105.67  20.40 1.00 0  11
 WARNING:
 epicentral distance: 320.3 > dmax ( 300.0) ==> skipping phase !
 WARNING:
 epicentral distance: 381.0 > dmax ( 300.0) ==> skipping phase !
 WARNING:
 epicentral distance: 398.8 > dmax ( 300.0) ==> skipping phase !
 WARNING:
 epicentral distance: 405.0 > dmax ( 300.0) ==> skipping phase !
 WARNING:
 epicentral distance: 424.8 > dmax ( 300.0) ==> skipping phase !
 WARNING:
 epicentral distance: 431.2 > dmax ( 300.0) ==> skipping phase !
 WARNING:
 epicentral distance: 445.5 > dmax ( 300.0) ==> skipping phase !
 WARNING:
 epicentral distance: 451.8 > dmax ( 300.0) ==> skipping phase !
 WARNING:
 epicentral distance: 464.3 > dmax ( 300.0) ==> skipping phase !
  69 170416 1257 48.30 68.8710N 131.7500E  73.50-214.97-349.14  73.50 2.20 0   0
  70 170416 1821  5.50 72.8670N 125.0000E  19.30  33.70  96.74  19.30 1.30 0  13
  71 170418 0606  4.10 72.5080N 125.8200E   1.30   6.13  56.68   1.30 0.20 0   6
 WARNING:
 epicentral distance: 315.2 > dmax ( 300.0) ==> skipping phase !
 WARNING:
 epicentral distance: 332.1 > dmax ( 300.0) ==> skipping phase !
 WARNING:
 epicentral distance: 345.3 > dmax ( 300.0) ==> skipping phase !
 WARNING:
 epicentral distance: 352.6 > dmax ( 300.0) ==> skipping phase !
 WARNING:
 epicentral distance: 346.7 > dmax ( 300.0) ==> skipping phase !
 WARNING:
 epicentral distance: 356.6 > dmax ( 300.0) ==> skipping phase !
 WARNING:
 epicentral distance: 363.9 > dmax ( 300.0) ==> skipping phase !
 WARNING:
 epicentral distance: 372.8 > dmax ( 300.0) ==> skipping phase !
 WARNING:
 epicentral distance: 378.6 > dmax ( 300.0) ==> skipping phase !
 WARNING:
 epicentral distance: 378.6 > dmax ( 300.0) ==> skipping phase !
  72 170418 1005 56.80 69.3310N 122.4100E  97.00 132.70-297.82  97.00 2.20 0   1
  73 170418 1500 12.90 72.7340N 124.5100E  23.10  50.40  81.90  23.10 1.30 0  12
  74 170420 1302 36.20 72.6290N 129.0200E  21.80-102.44  70.19  21.80 0.90 0  11
  75 170420 2248 46.70 72.0220N 129.1200E   0.00-107.59   2.46   0.00 0.70 0  11
 WARNING:
 epicentral distance: 313.1 > dmax ( 300.0) ==> skipping phase !
 WARNING:
 epicentral distance: 324.4 > dmax ( 300.0) ==> skipping phase !
 WARNING:
 epicentral distance: 324.2 > dmax ( 300.0) ==> skipping phase !
 WARNING:
 epicentral distance: 342.4 > dmax ( 300.0) ==> skipping phase !
 WARNING:
 epicentral distance: 349.0 > dmax ( 300.0) ==> skipping phase !
 WARNING:
 epicentral distance: 380.2 > dmax ( 300.0) ==> skipping phase !
 WARNING:
 epicentral distance: 381.6 > dmax ( 300.0) ==> skipping phase !
 WARNING:
 epicentral distance: 408.0 > dmax ( 300.0) ==> skipping phase !
  76 170423 0850 54.60 74.7080N 132.7900E   0.10-217.19 302.17   0.10 1.90 0   0
  77 170423 1455 44.10 72.8400N 124.4900E  16.80  50.92  93.73  16.80 0.60 0   8
  78 170423 2313 41.80 72.5960N 124.8700E  22.00  38.36  66.50  22.00 1.30 0  12
  79 170424 0609 58.60 71.9600N 128.0200E   0.10 -69.77  -4.46   0.10 1.10 0  12
  80 170424 0755 26.70 71.9480N 128.0300E   0.00 -70.14  -5.80   0.00 1.00 0  12
  81 170424 0755 26.90 71.9590N 128.0300E   0.00 -70.12  -4.57   0.00 1.00 0  12
  82 170425 0652 23.30 71.9600N 128.0300E   0.00 -70.12  -4.46   0.00 1.20 0   9
  83 170426 0051 23.20 71.9450N 128.0600E   6.60 -71.18  -6.14   6.60 0.70 0   6
  84 170426 1425 21.20 72.0790N 127.2600E  21.00 -43.38   8.82  21.00 0.10 0   6
  85 170426 1834 24.60 71.5840N 130.8000E  10.90-167.46 -46.42  10.90 1.20 0   8
  86 170426 1840 44.10 72.2710N 126.3600E  18.10 -12.33  30.24  18.10 1.30 0   8
  87 170427 0912 28.80 72.0640N 127.7900E   2.60 -61.65   7.14   2.60 0.90 0   8
  88 170427 1041 38.10 71.7480N 128.9900E   8.40-103.86 -28.12   8.40 0.70 0   7
  89 170427 2010 47.80 72.8010N 130.2000E  20.20-141.80  89.38  20.20 1.30 0   8
  90 170427 2010 48.30 72.7890N 130.1400E  20.10-139.82  88.04  20.10 1.30 0   8
  91 170427 2342 34.10 72.7630N 125.0100E  19.50  33.46  85.14  19.50 0.80 0   6

 readings for station 624  :  74
 readings for station 628  :  69
 readings for station 630  :  53
 readings for station 627  :  46
 readings for station 621  :  59
 readings for station 629  :  43
 readings for station 622  :  58
 readings for station 620  :  48
 readings for station 623  :  55
 readings for station 626  :  52
 readings for station 625  :  49
 readings for station 631  :  49
 readings for station 632  :  24

 Total number of stations with readings:  13

 Total number of readings:     679
 Total number of P readings:       0
 Total number of S readings:       0


 ~~~ store parts of G ...
 ~~~ compute RMS and DATVAR ...

 Total number of observations is:   679


 $$$$$$$$$$$$$$$$$$$$$$$$$$$$$$$$$$$$$$$$$$$$$$$$$
 Events with  | AVRES | > 1.0 SEC are suspicious !

 Event#   8 >>>  160824 1510  AVRES =  1.02 NOBS =  9
 Event#  10 >>>  160920 1607  AVRES =  3.38 NOBS =  2
 Event#  11 >>>  160925 1911  AVRES =  3.02 NOBS =  2
 Event#  29 >>>  170302 2335  AVRES =  1.02 NOBS =  9
 Event#  45 >>>  170323 1906  AVRES =  1.12 NOBS =  6
 Event#  54 >>>  170407 1729  AVRES =  1.88 NOBS =  2
 Event#  55 >>>  170407 1729  AVRES =  1.63 NOBS =  5
 Event#  57 >>>  170409 0856  AVRES =  2.32 NOBS =  6
 Event#  58 >>>  170409 0902  AVRES =  1.78 NOBS =  7
 Event#  60 >>>  170410 1813  AVRES =  1.00 NOBS = 13
 Event#  62 >>>  170413 0651  AVRES =  1.11 NOBS = 10
 Event#  64 >>>  170414 0540  AVRES =  2.60 NOBS = 11
 Event#  72 >>>  170418 1005  AVRES =  2.77 NOBS =  1
 Event#  85 >>>  170426 1834  AVRES =  1.20 NOBS =  8
 Event#  89 >>>  170427 2010  AVRES =  1.61 NOBS =  8
 Event#  90 >>>  170427 2010  AVRES =  1.51 NOBS =  8

 ^^^^^^^^^ C H E C K   these events above ^^^^^^^^
 $$$$$$$$$$$$$$$$$$$$$$$$$$$$$$$$$$$$$$$$$$$$$$$$$

 ~~~ save initial datvar ...

 Iteration nr  0 obtained:
 DATVAR=    2.750457 mean sqrd residual=     1.239528  RMS RESIDUAL=     1.113341

 After  0 iterations we got:
 Average absolute & unweighted [and mean] residual of
   320 straight and direct rays =  0.48669 [ -0.46028]
   359 refracted           rays =  1.17257 [  0.75447]
     0 reflected           rays =  0.00000 [  0.00000]

   679 ALL                 RAYS =  0.84933 [  0.18198]        0.00 %




--------------------------------------------------------------------------------



           ITERATION no  1

 ~~~ set units for this iteration ...
 ~~~ determine number of unknowns for this iter. ...

 Number of unknowns (for array-indexing):  nvar =  385
 Number of effective unknowns        :  nvareff =  386
 Number of elements on/below main diagonal of matrix G = At*A : kvar =   74305

 Damping factors to be used in this iteration:
   Othet=   0.010   XYthet  =   0.010   Zthet=  0.010
 STAthet=   0.010   Vthet   =   1.000

 ~~~ damp G ...
 ~~~ solve G * b = RHT ...
 ~~~ fix units ...
 ~~~ apply eventually step-length damping ...
 ~~~ adjust model (hypocenters, stacorr & veloc.) ...

 doing velocity adjustments now...

 doing station-correction adjustments...

 ~~~ compute effective step-length ...

 (Applied) Step length =   2.959

 ~~~ set units for next iteration ...
 ~~~ determine number of unknowns for next iter. ...

 Number of unknowns (for array-indexing):  nvar =  385
 Number of effective unknowns        :  nvareff =  386
 Number of elements on/below main diagonal of matrix G = At*A : kvar =   74305

 ~~~ reset G and RHT ...
 ~~~ raytracing, setup G ...
 ~~~ store parts of G ...
 ~~~ set units back for current iteration ...
 ~~~ determine number of unknowns for this iter. ...

 Number of unknowns (for array-indexing):  nvar =  385
 Number of effective unknowns        :  nvareff =  386
 Number of elements on/below main diagonal of matrix G = At*A : kvar =   74305

 ~~~ compute RMS and DATVAR ...

 $$$$$$$$$$$$$$$$$$$$$$$$$$$$$$$$$$$$$$$$$$$$$$$$$
 Events with  | AVRES | > 1.0 SEC are suspicious !

 Event#  10 >>>  160920 1607  AVRES =  2.94 NOBS =  2
 Event#  11 >>>  160925 1911  AVRES =  2.62 NOBS =  2
 Event#  54 >>>  170407 1729  AVRES =  1.62 NOBS =  2
 Event#  55 >>>  170407 1729  AVRES =  1.41 NOBS =  5
 Event#  57 >>>  170409 0856  AVRES =  2.02 NOBS =  6
 Event#  58 >>>  170409 0902  AVRES =  1.55 NOBS =  7
 Event#  64 >>>  170414 0540  AVRES =  2.26 NOBS = 11
 Event#  72 >>>  170418 1005  AVRES =  2.39 NOBS =  1
 Event#  85 >>>  170426 1834  AVRES =  1.04 NOBS =  8
 Event#  89 >>>  170427 2010  AVRES =  1.40 NOBS =  8
 Event#  90 >>>  170427 2010  AVRES =  1.32 NOBS =  8

 ^^^^^^^^^ C H E C K   these events above ^^^^^^^^
 $$$$$$$$$$$$$$$$$$$$$$$$$$$$$$$$$$$$$$$$$$$$$$$$$

 ~~~ check solution (better? worse?) ...

 Iteration nr  1 obtained:
 DATVAR=    2.245170 mean sqrd residual=     0.968829  RMS RESIDUAL=     0.984291

 After  1 iterations we got:
 Average absolute & unweighted [and mean] residual of
   321 straight and direct rays =  0.42980 [ -0.40419]
   358 refracted           rays =  1.03383 [  0.65051]
     0 reflected           rays =  0.00000 [  0.00000]

   679 ALL                 RAYS =  0.74827 [  0.15190]      -11.90 %

 ~~~ iteration done; output results ...

  eq       ot     x      y      z      rms    avres   dot     dx     dy     dz
    1      9.04  38.53 112.01  23.28   0.56   0.24   -0.056 -0.080  0.091  0.181
    2      9.24  37.90 110.69  23.00   0.56   0.20   -0.061 -0.056  0.115  0.203
    3     27.21-130.13  -8.48  12.15   0.97   0.39   -0.087 -0.128  0.109  0.051
    4     15.61-131.06  -6.80  10.86   1.09   0.46   -0.093 -0.074  0.118 -0.141
    5     45.65 -40.32  38.75  24.03   0.37  -0.05   -0.047  0.016 -0.082  0.235
    6     49.47 -36.80  40.68  16.77   0.12  -0.39   -0.035  0.096 -0.043  0.268
    7     13.87-134.79-119.45   6.29   1.64   0.88   -0.132  0.422 -0.391 -0.107
    8     30.34-140.93 -43.80   8.71   0.97   0.89   -0.062 -0.069  0.052  0.111
    9     39.65  10.91  56.63  12.16   0.19  -0.59   -0.055  0.018 -0.051  0.058
   10     18.19 -87.34-308.28  16.21   1.06   2.94   -0.114 -0.273  0.027  0.011
   11      5.44 -62.60-309.64  15.62   1.27   2.62   -0.160 -0.335  0.002  0.021
   12     51.16  35.20  94.70  15.91   0.26  -0.24   -0.041  0.132  0.082  0.310
   13     46.84  33.39  97.99  19.30   0.64   0.17   -0.057  0.037  0.126  0.299
   14     55.84  33.44  97.56  14.17   0.93  -0.16   -0.064  0.088  0.033  0.265
   15     44.65  34.06  97.37  17.46   0.96   0.37   -0.048  0.024  0.071  0.260
   16     44.84  34.97  95.92  18.71   1.03   0.50   -0.062 -0.085  0.179  0.113
   17     22.05  -0.97  82.43  18.59   0.80  -0.04   -0.054  0.040  0.084  0.085
   18     36.41 -34.21   4.47  11.64   0.26  -0.59   -0.090 -0.086  0.010  0.435
   19     33.26  41.40  64.11  10.28   0.27  -0.59   -0.044 -0.047 -0.048  0.177
   20     45.93  37.85  85.13  16.36   0.70   0.09   -0.066  0.001 -0.004  0.163
   21     34.06  36.52  82.65  14.52   0.79  -0.23   -0.043  0.001 -0.150  0.023
   22     25.85  35.77  85.29  13.61   0.33  -0.50   -0.052 -0.056 -0.069  0.112
   23     15.85  35.37  86.17  11.71   0.49  -0.61   -0.047 -0.105 -0.194  0.112
   24      1.92  34.84  82.27   6.10   0.57  -0.68   -0.077  0.002  0.254  0.404
   25     48.60 -45.93  23.60  22.13   0.13  -0.13    0.002  0.041 -0.171  0.135
   26     27.54 -70.37  -3.85  10.53   0.28  -0.65   -0.058  0.082 -0.172  0.230
   27      0.15  -0.60  49.45  13.33   0.51  -0.33   -0.048  0.079 -0.097  0.232
   28     59.06  37.64  76.14  11.48   0.98  -0.24   -0.043  0.040 -0.072 -0.020
   29     20.13-148.75 -12.85  14.76   0.89   0.88   -0.072  0.067 -0.022 -0.045
   30      2.87  35.94  76.67  13.44   1.10   0.08   -0.032  0.038 -0.101  0.036
   31     20.95  36.45  77.41  14.24   1.09   0.08   -0.048 -0.117 -0.028  0.044
   32     50.76  37.00  76.89  15.51   0.24  -0.42   -0.040  0.091 -0.213  0.209
   33      0.77  37.28  76.13  15.69   0.63  -0.17   -0.026  0.025 -0.085  0.086
   34     55.39 -16.94  34.90  24.57   0.07  -0.16   -0.006  0.163 -0.022  0.065
   35     39.22 -71.58  -8.36   3.50   0.56  -0.64    0.023  0.329  0.115  0.103
   36     59.06  36.57  77.85  15.26   0.91   0.03   -0.040  0.003 -0.036  0.160
   37      5.56  31.27  50.18  14.82   0.14  -0.52   -0.042 -0.090 -0.029 -0.080
   38     46.45  73.23  72.82  17.01   0.69   0.10   -0.055  0.007 -0.157  0.107
   39     14.06   0.72  26.12   3.95   0.30  -0.48   -0.038  0.035 -0.102  0.048
   40     14.55 -41.94  13.94  16.82   0.17  -0.37   -0.048  0.014 -0.012  0.018
   41     56.35  34.83  79.07   5.53   0.39  -0.75   -0.047 -0.029 -0.046  0.429
   42     34.28  -3.97  46.28  18.05   0.14  -0.30   -0.021  0.122 -0.027  0.047
   43     24.54-110.60 -39.23   5.50   0.46  -0.83   -0.059  0.156  0.161  0.299
   44     49.64  30.29  50.51   8.54   0.38  -0.59   -0.057 -0.046 -0.040  0.240
   45     41.16-145.02  45.55  18.45   0.84   0.97   -0.042  0.016  0.136  0.152
   46     34.07 -57.58  -0.89  16.21   0.12  -0.33   -0.034  0.055 -0.109  0.111
   47      0.98  10.63  80.57  22.10   1.00   0.43   -0.023  0.138  0.005  0.202
   48     37.18  10.60  81.60  23.63   0.47   0.04   -0.017  0.116  0.027  0.130
   49     35.67  54.66  84.53  22.61   0.53  -0.07   -0.030 -0.100 -0.053  0.011
   50     36.04-102.67 -35.60  15.43   0.87   0.35   -0.060 -0.019 -0.007  0.127
   51     53.13-101.19 -54.45   9.28   1.21   0.41   -0.074  0.186  0.221 -0.018
   52     43.15-115.63  43.27  15.74   0.84   0.44   -0.054 -0.211  0.309  0.243
   53      0.98  10.61  80.73  21.53   0.98   0.44   -0.024  0.126  0.053  0.229
   54      3.03 -83.68 322.76  15.65   0.46   1.62   -0.368 -0.008 -0.047  0.048
   55      3.18 -89.78 304.27   0.45   0.39   1.41   -0.316  0.056 -0.021  0.046
   56     44.85  36.00  67.67  15.14   0.97   0.04   -0.047  0.027 -0.066  0.135
   57     47.12 -84.77 154.62  15.61   0.57   2.02   -0.077 -0.066  0.076  0.010
   58     45.54 -80.94 150.76  15.11   0.94   1.55   -0.056  0.195  0.127  0.007
   59      8.47 -82.22   0.30   3.01   0.78  -0.47   -0.034  0.240 -0.033  0.310
   60      3.52-110.82-118.60   3.82   1.49   0.86   -0.081 -0.099  0.126  0.123
   61      0.49-130.38 -55.14   0.71   0.69  -0.39   -0.112 -0.333 -0.125  0.605
   62     20.04  19.41 152.66  15.73   1.10   0.97   -0.059  0.137  0.012  0.125
   63     18.77 -47.23  29.80  20.45   0.27  -0.16   -0.033  0.046 -0.103  0.347
   64      4.69-163.30 183.68   7.99   0.80   2.26   -0.110  0.616  0.685 -0.013
   65     23.38 -47.97  20.53  15.63   0.11  -0.43   -0.020  0.091 -0.115  0.131
   66     32.76-152.48  42.92  18.16   0.68   0.83   -0.044 -0.183  0.075  0.259
   67     41.87 -37.24  -5.04  19.19   0.41  -0.11   -0.027  0.073 -0.133 -0.013
   68     14.14  50.91 105.74  20.58   0.73   0.56   -0.058  0.137  0.074  0.180
   69     48.30-214.97-349.14  73.50   0.00   0.00    0.000  0.000  0.000  0.000
   70      5.44  33.77  96.90  19.55   1.02   0.55   -0.062  0.069  0.156  0.255
   71      4.11   6.19  56.70   1.26   0.58  -0.24    0.008  0.064  0.013 -0.036
   72     56.44 132.67-297.79  96.99   5.73   2.39   -0.356 -0.024  0.031 -0.009
   73     12.87  50.46  81.85  23.21   0.82   0.55   -0.034  0.066 -0.055  0.113
   74     36.16-102.57  70.31  22.33   0.65   0.70   -0.040 -0.132  0.129  0.530
   75     46.62-107.90   2.72   0.38   1.01  -0.24   -0.079 -0.316  0.262  0.265
   76     54.60-217.19 302.17   0.10   0.00   0.00    0.000  0.000  0.000  0.000
   77     44.04  50.96  93.83  17.01   0.64   0.12   -0.055  0.032  0.104  0.206
   78     41.75  38.44  66.47  22.26   0.75   0.19   -0.050  0.076 -0.037  0.260
   79     58.58 -69.60  -4.52   0.63   0.47  -0.51   -0.017  0.167 -0.060  0.531
   80     26.68 -70.00  -5.88   0.54   0.45  -0.47   -0.017  0.139 -0.082  0.434
   81     26.89 -69.97  -4.64   0.56   0.49  -0.47   -0.013  0.152 -0.064  0.450
   82     23.28 -69.92  -4.53   0.32   0.37  -0.63   -0.023  0.200 -0.068  0.209
   83     23.17 -71.02  -6.11   6.91   0.39  -0.71   -0.032  0.159  0.024  0.310
   84     21.19 -43.27   8.64  21.02   0.05  -0.20   -0.011  0.111 -0.173  0.024
   85     24.50-167.49 -46.46  10.91   1.04   1.04   -0.098 -0.031 -0.038  0.014
   86     44.06 -12.25  30.07  18.43   0.24  -0.26   -0.044  0.085 -0.171  0.332
   87     28.78 -61.57   6.97   3.18   0.42  -0.55   -0.017  0.088 -0.168  0.580
   88     38.02-103.74 -28.29   8.60   0.84  -0.54   -0.080  0.119 -0.167  0.200
   89     47.75-141.84  89.37  20.20   0.62   1.40   -0.051 -0.044 -0.008  0.005
   90     48.24-139.82  88.09  20.11   0.61   1.32   -0.057 -0.001  0.048  0.005
   91     34.03  33.49  85.22  19.67   0.98   0.46   -0.069  0.031  0.084  0.173

 A V E R A G E   of ADJUSTMENTS :                    -0.059  0.030  0.000  0.158
 A V E R A G E   of ABSOLUTE ADJUSTMENTS :            0.060  0.101  0.096  0.168


 Step length damping of 0.12819 was applied.


 Velocity adjustments:
     vp    dvp      hp   reflector
 Velocity model   1
   5.280 -0.060   -5.000      
   5.429  0.039   -0.110      
   5.860  0.070   12.700      
   6.609 -0.031   16.020      
   6.949  0.049   27.520      
   7.012  0.072   28.080      
   8.149 -0.181   28.910      
   8.220 -0.160   36.950      
   8.590 -0.200   45.520      

 Calculation of average velocity starts at layer #           1
 z = -5.00 ... -0.11    v = 5.28    AVEL = 5.28 downto z =  -0.11
 z = -0.11 ... 12.70    v = 5.43    AVEL = 5.39 downto z =  12.70
 z = 12.70 ... 16.02    v = 5.86    AVEL = 5.46 downto z =  16.02
 z = 16.02 ... 27.52    v = 6.61    AVEL = 5.87 downto z =  27.52
 z = 27.52 ... 28.08    v = 6.95    AVEL = 5.89 downto z =  28.08
 z = 28.08 ... 28.91    v = 7.01    AVEL = 5.91 downto z =  28.91
 z = 28.91 ... 36.95    v = 8.15    AVEL = 6.34 downto z =  36.95
 z = 36.95 ... 45.52    v = 8.22    AVEL = 6.66 downto z =  45.52


 Calculation of average velocity starts at layer #           2
 z = -0.11 ... 12.70    v = 5.43    AVEL = 5.43 downto z =  12.70
 z = 12.70 ... 16.02    v = 5.86    AVEL = 5.52 downto z =  16.02
 z = 16.02 ... 27.52    v = 6.61    AVEL = 5.97 downto z =  27.52
 z = 27.52 ... 28.08    v = 6.95    AVEL = 5.99 downto z =  28.08
 z = 28.08 ... 28.91    v = 7.01    AVEL = 6.02 downto z =  28.91
 z = 28.91 ... 36.95    v = 8.15    AVEL = 6.48 downto z =  36.95
 z = 36.95 ... 45.52    v = 8.22    AVEL = 6.81 downto z =  45.52



 Adjusted station corrections:
   stn  ptcor  dpcor  
  624   0.000  0.000  628  -0.037 -0.037  630  -0.012 -0.012  627   0.017  0.017
  621   0.016  0.016  629   0.026  0.026  622   0.015  0.015  620   0.009  0.009
  623   0.034  0.034  626   0.012  0.012  625   0.015  0.015  631   0.040  0.040
  632   0.002  0.002

 ~~~ another iteration? ...



--------------------------------------------------------------------------------



           ITERATION no  2

 ~~~ set units for this iteration ...
 ~~~ determine number of unknowns for this iter. ...

 Number of unknowns (for array-indexing):  nvar =  385
 Number of effective unknowns        :  nvareff =  386
 Number of elements on/below main diagonal of matrix G = At*A : kvar =   74305

 Damping factors to be used in this iteration:
   Othet=   0.010   XYthet  =   0.010   Zthet=  0.010
 STAthet=   0.010   Vthet   =   1.000

 ~~~ damp G ...
 ~~~ solve G * b = RHT ...
 ~~~ fix units ...
 ~~~ apply eventually step-length damping ...
 ~~~ adjust model (hypocenters, stacorr & veloc.) ...

 doing velocity adjustments now...

 doing station-correction adjustments...

 ~~~ compute effective step-length ...

 (Applied) Step length =   3.559

 ~~~ set units for next iteration ...
 ~~~ determine number of unknowns for next iter. ...

 Number of unknowns (for array-indexing):  nvar =  385
 Number of effective unknowns        :  nvareff =  386
 Number of elements on/below main diagonal of matrix G = At*A : kvar =   74305

 ~~~ reset G and RHT ...
 ~~~ raytracing, setup G ...
 ~~~ store parts of G ...
 ~~~ set units back for current iteration ...
 ~~~ determine number of unknowns for this iter. ...

 Number of unknowns (for array-indexing):  nvar =  385
 Number of effective unknowns        :  nvareff =  386
 Number of elements on/below main diagonal of matrix G = At*A : kvar =   74305

 ~~~ compute RMS and DATVAR ...

 $$$$$$$$$$$$$$$$$$$$$$$$$$$$$$$$$$$$$$$$$$$$$$$$$
 Events with  | AVRES | > 1.0 SEC are suspicious !

 Event#  10 >>>  160920 1607  AVRES =  2.44 NOBS =  2
 Event#  11 >>>  160925 1911  AVRES =  2.22 NOBS =  2
 Event#  54 >>>  170407 1729  AVRES =  1.34 NOBS =  2
 Event#  55 >>>  170407 1729  AVRES =  1.17 NOBS =  5
 Event#  57 >>>  170409 0856  AVRES =  1.68 NOBS =  6
 Event#  58 >>>  170409 0902  AVRES =  1.29 NOBS =  7
 Event#  64 >>>  170414 0540  AVRES =  1.88 NOBS = 11
 Event#  72 >>>  170418 1005  AVRES =  1.98 NOBS =  1
 Event#  89 >>>  170427 2010  AVRES =  1.17 NOBS =  8
 Event#  90 >>>  170427 2010  AVRES =  1.10 NOBS =  8

 ^^^^^^^^^ C H E C K   these events above ^^^^^^^^
 $$$$$$$$$$$$$$$$$$$$$$$$$$$$$$$$$$$$$$$$$$$$$$$$$

 ~~~ check solution (better? worse?) ...

 Iteration nr  2 obtained:
 DATVAR=    1.618092 mean sqrd residual=     0.698234  RMS RESIDUAL=     0.835604

 After  2 iterations we got:
 Average absolute & unweighted [and mean] residual of
   334 straight and direct rays =  0.36235 [ -0.33510]
   345 refracted           rays =  0.89005 [  0.56971]
     0 reflected           rays =  0.00000 [  0.00000]

   679 ALL                 RAYS =  0.63047 [  0.12464]      -15.74 %

 ~~~ iteration done; output results ...

  eq       ot     x      y      z      rms    avres   dot     dx     dy     dz
    1      8.98  38.45 112.11  23.50   0.47   0.20   -0.068 -0.078  0.101  0.217
    2      9.16  37.85 110.83  23.25   0.47   0.17   -0.074 -0.048  0.132  0.244
    3     27.10-130.29  -8.38  12.19   0.82   0.34   -0.109 -0.163  0.107  0.041
    4     15.49-131.14  -6.67  10.65   0.93   0.38   -0.116 -0.082  0.130 -0.212
    5     45.59 -40.29  38.63  24.31   0.31  -0.04   -0.058  0.030 -0.116  0.273
    6     49.42 -36.69  40.62  17.09   0.12  -0.33   -0.045  0.109 -0.067  0.325
    7     13.75-134.47-119.52   6.04   1.39   0.73   -0.121  0.323 -0.074 -0.257
    8     30.26-141.00 -43.76   8.83   0.82   0.74   -0.078 -0.070  0.037  0.117
    9     39.57  10.94  56.56  12.27   0.17  -0.50   -0.073  0.034 -0.072  0.109
   10     18.14 -87.69-308.26  16.22   1.05   2.44   -0.048 -0.346  0.023  0.005
   11      5.30 -62.91-309.71  15.70   1.27   2.22   -0.140 -0.312 -0.064  0.083
   12     51.12  35.21  94.75  16.28   0.19  -0.22   -0.035  0.009  0.043  0.372
   13     46.77  33.45  98.13  19.66   0.54   0.14   -0.071  0.061  0.142  0.363
   14     55.76  33.56  97.59  14.51   0.77  -0.13   -0.078  0.118  0.037  0.346
   15     44.59  34.09  97.46  17.79   0.80   0.31   -0.062  0.033  0.086  0.331
   16     44.76  34.87  96.14  18.86   0.87   0.41   -0.078 -0.098  0.220  0.145
   17     21.98  -0.93  82.53  18.72   0.66  -0.03   -0.068  0.040  0.099  0.137
   18     36.30 -34.28   4.48  12.12   0.19  -0.48   -0.109 -0.069  0.009  0.481
   19     33.20  41.35  64.03  10.47   0.23  -0.50   -0.057 -0.052 -0.082  0.194
   20     45.86  37.87  85.12  16.57   0.58   0.07   -0.079  0.016 -0.016  0.210
   21     34.01  36.53  82.45  14.55   0.69  -0.19   -0.051  0.011 -0.194  0.025
   22     25.79  35.71  85.19  13.75   0.27  -0.41   -0.061 -0.053 -0.099  0.138
   23     15.80  35.26  85.91  11.82   0.44  -0.50   -0.055 -0.114 -0.258  0.113
   24      1.82  34.83  82.55   6.56   0.52  -0.58   -0.099 -0.008  0.285  0.456
   25     48.60 -45.87  23.39  22.31   0.12  -0.11   -0.005  0.055 -0.205  0.170
   26     27.47 -70.28  -4.07  10.79   0.24  -0.54   -0.076  0.088 -0.217  0.256
   27      0.09  -0.51  49.32  13.61   0.41  -0.27   -0.059  0.094 -0.131  0.282
   28     59.00  37.59  76.08  11.29   0.82  -0.20   -0.052 -0.045 -0.064 -0.190
   29     20.04-148.67 -12.89  14.70   0.75   0.74   -0.085  0.086 -0.035 -0.059
   30      2.83  35.99  76.54  13.48   0.94   0.07   -0.041  0.055 -0.132  0.044
   31     20.89  36.33  77.36  14.31   0.92   0.06   -0.058 -0.122 -0.048  0.063
   32     50.71  36.92  76.84  15.46   0.21  -0.35   -0.046 -0.086 -0.053 -0.054
   33      0.74  37.32  76.01  15.79   0.53  -0.14   -0.034  0.039 -0.112  0.109
   34     55.38 -16.75  34.86  24.65   0.06  -0.13   -0.014  0.194 -0.042  0.085
   35     39.24 -71.16  -8.20   3.65   0.51  -0.55    0.015  0.426  0.162  0.151
   36     59.02  36.56  77.72  15.31   0.77   0.02   -0.037 -0.004 -0.128  0.054
   37      5.51  31.18  50.13  14.71   0.12  -0.43   -0.053 -0.091 -0.050 -0.112
   38     46.38  73.24  72.80  17.18   0.59   0.08   -0.061  0.015 -0.017  0.172
   39     14.00   0.76  25.99   4.06   0.26  -0.41   -0.058  0.041 -0.131  0.112
   40     14.50 -41.91  13.91  16.83   0.16  -0.31   -0.057  0.034 -0.027  0.014
   41     56.28  34.75  79.03   5.98   0.34  -0.64   -0.070 -0.079 -0.032  0.450
   42     34.25  -3.83  46.23  18.11   0.12  -0.25   -0.028  0.145 -0.050  0.058
   43     24.47-110.33 -39.03   5.79   0.42  -0.68   -0.069  0.276  0.197  0.295
   44     49.57  30.25  50.45   8.82   0.33  -0.50   -0.073 -0.040 -0.057  0.280
   45     41.10-145.01  45.69  18.64   0.68   0.81   -0.053  0.014  0.145  0.186
   46     34.02 -57.52  -1.02  16.37   0.11  -0.27   -0.046  0.060 -0.130  0.156
   47      0.94  10.79  80.56  22.37   0.85   0.36   -0.032  0.167 -0.008  0.267
   48     37.16  10.74  81.62  23.80   0.38   0.03   -0.024  0.141  0.025  0.167
   49     35.63  54.55  84.45  22.63   0.45  -0.06   -0.037 -0.107 -0.078  0.021
   50     35.97-102.68 -35.63  15.58   0.75   0.29   -0.074 -0.006 -0.030  0.149
   51     53.04-100.93 -54.23   9.21   1.07   0.35   -0.089  0.261  0.222 -0.068
   52     43.08-115.89  43.62  16.05   0.72   0.36   -0.071 -0.265  0.352  0.304
   53      0.94  10.77  80.78  21.83   0.83   0.37   -0.033  0.153  0.050  0.299
   54      2.72 -83.70 322.72  15.69   0.42   1.34   -0.316 -0.020 -0.045  0.039
   55      2.92 -89.71 304.25   0.48   0.33   1.17   -0.268  0.068 -0.013  0.038
   56     44.79  36.05  67.57  15.31   0.82   0.03   -0.059  0.044 -0.094  0.172
   57     47.02 -84.87 154.72  15.62   0.50   1.68   -0.100 -0.093  0.100  0.012
   58     45.47 -80.71 150.92  15.12   0.80   1.29   -0.071  0.232  0.157  0.008
   59      8.41 -81.94   0.26   3.38   0.70  -0.40   -0.055  0.273 -0.037  0.370
   60      3.40-110.96-118.49   3.87   1.33   0.72   -0.117 -0.141  0.114  0.047
   61      0.36-130.77 -55.28   1.51   0.63  -0.33   -0.125 -0.386 -0.145  0.791
   62     19.97  19.58 152.67  15.89   0.95   0.80   -0.072  0.169  0.008  0.163
   63     18.72 -47.17  29.67  20.85   0.21  -0.14   -0.044  0.058 -0.129  0.405
   64      4.58-162.32 184.58   7.86   0.74   1.88   -0.111  0.986  0.901 -0.127
   65     23.35 -47.86  20.38  15.78   0.10  -0.36   -0.029  0.111 -0.152  0.153
   66     32.70-152.70  43.00  18.48   0.57   0.69   -0.057 -0.222  0.082  0.317
   67     41.84 -37.14  -5.21  19.17   0.34  -0.09   -0.037  0.090 -0.168 -0.018
   68     14.07  51.08 105.88  20.74   0.61   0.47   -0.073  0.165  0.132  0.164
   69     48.30-214.97-349.14  73.50   0.00   0.00    0.000  0.000  0.000  0.000
   70      5.36  33.87  97.08  19.88   0.86   0.46   -0.077  0.099  0.179  0.326
   71      4.10   6.27  56.71   1.23   0.57  -0.21   -0.006  0.078  0.015 -0.037
   72     56.16 132.65-297.76  96.98   3.92   1.98   -0.285 -0.020  0.026 -0.008
   73     12.82  50.56  81.76  23.36   0.69   0.46   -0.043  0.098 -0.089  0.145
   74     36.11-102.74  70.45  22.98   0.56   0.58   -0.052 -0.169  0.135  0.645
   75     46.53-108.29   3.04   0.76   0.96  -0.21   -0.090 -0.391  0.319  0.381
   76     54.60-217.19 302.17   0.10   0.00   0.00    0.000  0.000  0.000  0.000
   77     43.97  51.02  93.95  17.26   0.53   0.10   -0.070  0.060  0.117  0.253
   78     41.69  38.55  66.40  22.57   0.64   0.16   -0.063  0.108 -0.067  0.306
   79     58.56 -69.46  -4.60   1.35   0.43  -0.44   -0.019  0.147 -0.076  0.721
   80     26.66 -69.87  -5.99   1.13   0.40  -0.41   -0.022  0.126 -0.106  0.582
   81     26.87 -69.83  -4.73   1.16   0.44  -0.40   -0.018  0.137 -0.089  0.597
   82     23.25 -69.72  -4.63   0.63   0.33  -0.54   -0.029  0.195 -0.095  0.314
   83     23.13 -70.80  -6.05   7.24   0.34  -0.60   -0.041  0.225  0.066  0.327
   84     21.17 -43.14   8.43  21.05   0.05  -0.16   -0.017  0.132 -0.208  0.027
   85     24.40-167.40 -46.66  10.84   0.89   0.87   -0.104  0.095 -0.201 -0.071
   86     44.00 -12.14  29.86  18.81   0.18  -0.21   -0.057  0.101 -0.205  0.380
   87     28.74 -61.46   6.77   3.86   0.38  -0.47   -0.038  0.107 -0.207  0.679
   88     37.92-103.57 -28.48   8.79   0.74  -0.45   -0.098  0.170 -0.195  0.192
   89     47.68-141.90  89.36  20.21   0.51   1.17   -0.065 -0.064 -0.015  0.006
   90     48.17-139.83  88.14  20.11   0.49   1.10   -0.071 -0.011  0.053  0.006
   91     33.97  33.64  85.18  19.86   0.81   0.39   -0.066  0.149 -0.044  0.189

 A V E R A G E   of ADJUSTMENTS :                    -0.067  0.038 -0.002  0.180
 A V E R A G E   of ABSOLUTE ADJUSTMENTS :            0.068  0.123  0.112  0.207


 Step length damping of 0.16617 was applied.


 Velocity adjustments:
     vp    dvp      hp   reflector
 Velocity model   1
   5.234 -0.046   -5.000      
   5.469  0.040   -0.110      
   5.942  0.082   12.700      
   6.571 -0.037   16.020      
   7.004  0.056   27.520      
   7.095  0.083   28.080      
   7.949 -0.200   28.910      
   8.090 -0.131   36.950      
   8.411 -0.179   45.520      

 Calculation of average velocity starts at layer #           1
 z = -5.00 ... -0.11    v = 5.23    AVEL = 5.23 downto z =  -0.11
 z = -0.11 ... 12.70    v = 5.47    AVEL = 5.40 downto z =  12.70
 z = 12.70 ... 16.02    v = 5.94    AVEL = 5.49 downto z =  16.02
 z = 16.02 ... 27.52    v = 6.57    AVEL = 5.87 downto z =  27.52
 z = 27.52 ... 28.08    v = 7.00    AVEL = 5.89 downto z =  28.08
 z = 28.08 ... 28.91    v = 7.10    AVEL = 5.92 downto z =  28.91
 z = 28.91 ... 36.95    v = 7.95    AVEL = 6.31 downto z =  36.95
 z = 36.95 ... 45.52    v = 8.09    AVEL = 6.61 downto z =  45.52


 Calculation of average velocity starts at layer #           2
 z = -0.11 ... 12.70    v = 5.47    AVEL = 5.47 downto z =  12.70
 z = 12.70 ... 16.02    v = 5.94    AVEL = 5.57 downto z =  16.02
 z = 16.02 ... 27.52    v = 6.57    AVEL = 5.98 downto z =  27.52
 z = 27.52 ... 28.08    v = 7.00    AVEL = 6.01 downto z =  28.08
 z = 28.08 ... 28.91    v = 7.10    AVEL = 6.04 downto z =  28.91
 z = 28.91 ... 36.95    v = 7.95    AVEL = 6.45 downto z =  36.95
 z = 36.95 ... 45.52    v = 8.09    AVEL = 6.76 downto z =  45.52



 Adjusted station corrections:
   stn  ptcor  dpcor  
  624   0.000  0.000  628  -0.078 -0.040  630  -0.023 -0.011  627   0.040  0.023
  621   0.039  0.023  629   0.056  0.031  622   0.034  0.019  620   0.021  0.012
  623   0.077  0.043  626   0.033  0.021  625   0.036  0.021  631   0.091  0.051
  632   0.010  0.007

 ~~~ another iteration? ...



--------------------------------------------------------------------------------



           ITERATION no  3

 ~~~ set units for this iteration ...
 ~~~ determine number of unknowns for this iter. ...

 Number of unknowns (for array-indexing):  nvar =  385
 Number of effective unknowns        :  nvareff =  386
 Number of elements on/below main diagonal of matrix G = At*A : kvar =   74305

 Damping factors to be used in this iteration:
   Othet=   0.010   XYthet  =   0.010   Zthet=  0.010
 STAthet=   0.010   Vthet   =   1.000

 ~~~ damp G ...
 ~~~ solve G * b = RHT ...
 ~~~ fix units ...
 ~~~ apply eventually step-length damping ...
 ~~~ adjust model (hypocenters, stacorr & veloc.) ...

 doing velocity adjustments now...

 doing station-correction adjustments...

 ~~~ compute effective step-length ...

 (Applied) Step length =   3.151

 ~~~ set units for next iteration ...
 ~~~ determine number of unknowns for next iter. ...

 Number of unknowns (for array-indexing):  nvar =  385
 Number of effective unknowns        :  nvareff =  386
 Number of elements on/below main diagonal of matrix G = At*A : kvar =   74305

 ~~~ reset G and RHT ...
 ~~~ raytracing, setup G ...
 ~~~ store parts of G ...
 ~~~ set units back for current iteration ...
 ~~~ determine number of unknowns for this iter. ...

 Number of unknowns (for array-indexing):  nvar =  385
 Number of effective unknowns        :  nvareff =  386
 Number of elements on/below main diagonal of matrix G = At*A : kvar =   74305

 ~~~ compute RMS and DATVAR ...

 $$$$$$$$$$$$$$$$$$$$$$$$$$$$$$$$$$$$$$$$$$$$$$$$$
 Events with  | AVRES | > 1.0 SEC are suspicious !

 Event#  10 >>>  160920 1607  AVRES =  2.04 NOBS =  2
 Event#  11 >>>  160925 1911  AVRES =  1.85 NOBS =  2
 Event#  54 >>>  170407 1729  AVRES =  1.12 NOBS =  2
 Event#  57 >>>  170409 0856  AVRES =  1.40 NOBS =  6
 Event#  58 >>>  170409 0902  AVRES =  1.08 NOBS =  7
 Event#  64 >>>  170414 0540  AVRES =  1.57 NOBS = 11
 Event#  72 >>>  170418 1005  AVRES =  1.65 NOBS =  1

 ^^^^^^^^^ C H E C K   these events above ^^^^^^^^
 $$$$$$$$$$$$$$$$$$$$$$$$$$$$$$$$$$$$$$$$$$$$$$$$$

 ~~~ check solution (better? worse?) ...

 Iteration nr  3 obtained:
 DATVAR=    1.184249 mean sqrd residual=     0.511024  RMS RESIDUAL=     0.714859

 After  3 iterations we got:
 Average absolute & unweighted [and mean] residual of
   339 straight and direct rays =  0.30677 [ -0.27494]
   340 refracted           rays =  0.76308 [  0.48101]
     0 reflected           rays =  0.00000 [  0.00000]

   679 ALL                 RAYS =  0.53526 [  0.10359]      -15.10 %

 ~~~ iteration done; output results ...

  eq       ot     x      y      z      rms    avres   dot     dx     dy     dz
    1      8.92  38.35 112.20  23.67   0.40   0.17   -0.054 -0.099  0.085  0.170
    2      9.12  37.88 110.89  23.47   0.40   0.14   -0.049  0.038  0.065  0.226
    3     27.03-130.45  -8.23  12.21   0.69   0.28   -0.071 -0.161  0.145  0.018
    4     15.40-131.21  -6.54  10.49   0.79   0.32   -0.089 -0.072  0.133 -0.156
    5     45.55 -40.24  38.52  24.48   0.26  -0.04   -0.043  0.045 -0.111  0.175
    6     49.38 -36.59  40.56  17.39   0.12  -0.27   -0.038  0.099 -0.060  0.296
    7     13.65-134.15-119.64   5.84   1.19   0.61   -0.094  0.316 -0.112 -0.199
    8     30.20-141.07 -43.75   8.97   0.71   0.61   -0.059 -0.071  0.010  0.144
    9     39.52  10.95  56.49  12.34   0.15  -0.41   -0.053  0.008 -0.069  0.077
   10     18.03 -88.01-308.23  16.23   1.03   2.04   -0.105 -0.328  0.030  0.010
   11      5.16 -63.31-309.71  15.72   1.26   1.85   -0.140 -0.405 -0.001  0.017
   12     51.07  35.18  94.78  16.84   0.14  -0.18   -0.051 -0.033  0.036  0.555
   13     46.72  33.48  98.24  19.96   0.46   0.12   -0.056  0.032  0.110  0.299
   14     55.70  33.62  97.61  14.83   0.64  -0.11   -0.060  0.057  0.021  0.324
   15     44.54  34.09  97.53  18.06   0.67   0.26   -0.048 -0.004  0.069  0.265
   16     44.70  34.76  96.33  18.98   0.74   0.35   -0.063 -0.111  0.190  0.118
   17     21.92  -0.92  82.61  18.85   0.55  -0.02   -0.054  0.019  0.077  0.126
   18     36.22 -34.32   4.42  12.41   0.15  -0.40   -0.078 -0.043 -0.065  0.296
   19     33.16  41.28  63.98  10.66   0.19  -0.42   -0.042 -0.066 -0.052  0.191
   20     45.79  37.87  85.10  16.78   0.49   0.06   -0.061  0.003 -0.020  0.204
   21     33.97  36.42  82.38  14.35   0.60  -0.15   -0.037 -0.118 -0.067 -0.201
   22     25.74  35.56  85.16  13.63   0.23  -0.35   -0.042 -0.157 -0.033 -0.125
   23     15.75  35.09  85.86  11.77   0.41  -0.41   -0.046 -0.164 -0.057 -0.054
   24      1.74  34.82  82.79   7.01   0.49  -0.49   -0.080 -0.008  0.236  0.454
   25     48.59 -45.81  23.21  22.49   0.11  -0.09   -0.007  0.067 -0.177  0.187
   26     27.41 -70.19  -4.24  11.03   0.21  -0.46   -0.057  0.089 -0.166  0.248
   27      0.05  -0.43  49.18  13.86   0.33  -0.23   -0.046  0.082 -0.133  0.249
   28     58.97  37.54  76.03  11.17   0.70  -0.17   -0.039 -0.051 -0.045 -0.122
   29     19.98-148.65 -12.85  14.66   0.64   0.62   -0.061  0.015  0.036 -0.037
   30      2.80  36.01  76.47  13.51   0.81   0.06   -0.029  0.023 -0.069  0.027
   31     20.85  36.20  77.31  14.36   0.78   0.05   -0.042 -0.135 -0.052  0.048
   32     50.68  36.84  76.76  15.45   0.19  -0.29   -0.034 -0.078 -0.073 -0.007
   33      0.72  37.32  75.93  15.89   0.45  -0.12   -0.024 -0.000 -0.084  0.096
   34     55.37 -16.60  34.80  24.71   0.06  -0.11   -0.012  0.149 -0.058  0.064
   35     39.25 -70.80  -8.07   3.80   0.46  -0.47    0.016  0.361  0.132  0.145
   36     59.00  36.52  77.62  15.36   0.65   0.02   -0.027 -0.039 -0.102  0.045
   37      5.47  31.14  50.03  14.67   0.11  -0.36   -0.034 -0.036 -0.101 -0.034
   38     46.34  73.23  72.75  17.34   0.50   0.07   -0.048 -0.006 -0.050  0.165
   39     13.96   0.79  25.88   4.14   0.23  -0.35   -0.044  0.024 -0.105  0.077
   40     14.45 -41.88  13.89  16.86   0.16  -0.25   -0.045  0.030 -0.020  0.029
   41     56.23  34.69  78.98   6.42   0.30  -0.54   -0.052 -0.063 -0.059  0.444
   42     34.23  -3.72  46.16  18.14   0.11  -0.21   -0.021  0.107 -0.065  0.039
   43     24.47-109.85 -38.87   5.73   0.37  -0.57   -0.004  0.479  0.158 -0.064
   44     49.52  30.19  50.41   9.06   0.28  -0.42   -0.054 -0.060 -0.041  0.242
   45     41.06-144.99  45.82  18.79   0.56   0.68   -0.042  0.016  0.120  0.152
   46     33.98 -57.45  -1.14  16.52   0.10  -0.23   -0.037  0.071 -0.119  0.155
   47      0.92  10.92  80.53  22.59   0.73   0.30   -0.023  0.132 -0.034  0.217
   48     37.14  10.85  81.62  23.92   0.31   0.03   -0.018  0.105  0.002  0.126
   49     35.60  54.42  84.39  22.67   0.38  -0.05   -0.028 -0.130 -0.061  0.039
   50     35.91-102.65 -35.66  15.72   0.64   0.26   -0.055  0.028 -0.024  0.145
   51     52.97-100.76 -53.81   8.93   0.95   0.29   -0.069  0.163  0.423 -0.283
   52     43.01-116.08  43.87  16.34   0.63   0.30   -0.069 -0.191  0.246  0.288
   53      0.92  10.89  80.80  22.08   0.70   0.31   -0.024  0.120  0.018  0.247
   54      2.40 -83.72 322.67  15.73   0.39   1.12   -0.321 -0.022 -0.047  0.038
   55      2.63 -89.64 304.24   0.52   0.29   0.97   -0.282  0.073 -0.014  0.039
   56     44.75  36.05  67.47  15.46   0.71   0.02   -0.044  0.007 -0.097  0.150
   57     46.94 -84.94 154.81  15.63   0.45   1.40   -0.084 -0.075  0.095  0.009
   58     45.41 -80.50 151.06  15.12   0.69   1.08   -0.058  0.205  0.140  0.007
   59      8.38 -81.64   0.18   3.42   0.62  -0.33   -0.027  0.304 -0.081  0.036
   60      3.33-111.01-118.32   3.93   1.18   0.60   -0.074 -0.053  0.169  0.065
   61      0.27-131.11 -55.41   2.25   0.58  -0.28   -0.098 -0.342 -0.133  0.747
   62     19.91  19.67 152.65  16.03   0.83   0.69   -0.061  0.086 -0.013  0.147
   63     18.69 -47.10  29.56  21.20   0.17  -0.11   -0.037  0.073 -0.108  0.347
   64      4.47-161.66 185.45   7.92   0.68   1.57   -0.110  0.655  0.866  0.063
   65     23.33 -47.74  20.24  15.95   0.09  -0.30   -0.021  0.120 -0.135  0.161
   66     32.65-152.88  43.10  18.75   0.49   0.58   -0.047 -0.173  0.098  0.270
   67     41.81 -37.05  -5.36  19.14   0.29  -0.07   -0.029  0.093 -0.146 -0.033
   68     14.01  51.17 106.00  20.86   0.51   0.39   -0.060  0.098  0.120  0.118
   69     48.30-214.97-349.14  73.50   0.00   0.00    0.000  0.000  0.000  0.000
   70      5.30  33.89  97.25  20.05   0.73   0.39   -0.062  0.026  0.168  0.172
   71      4.10   6.33  56.70   1.19   0.56  -0.19   -0.001  0.058 -0.013 -0.039
   72     55.94 132.64-297.74  96.98   2.72   1.65   -0.219 -0.015  0.020 -0.006
   73     12.79  50.62  81.66  23.48   0.58   0.38   -0.031  0.059 -0.098  0.118
   74     36.06-102.89  70.56  23.52   0.48   0.48   -0.044 -0.145  0.108  0.545
   75     46.47-108.61   3.32   1.12   0.93  -0.18   -0.065 -0.318  0.288  0.364
   76     54.60-217.19 302.17   0.10   0.00   0.00    0.000  0.000  0.000  0.000
   77     43.92  51.05  94.05  17.49   0.45   0.09   -0.056  0.028  0.098  0.229
   78     41.64  38.62  66.33  22.81   0.56   0.13   -0.048  0.071 -0.073  0.246
   79     58.55 -69.34  -4.66   1.98   0.39  -0.37   -0.013  0.116 -0.063  0.626
   80     26.65 -69.77  -6.08   1.64   0.36  -0.35   -0.014  0.101 -0.090  0.512
   81     26.86 -69.72  -4.80   1.67   0.40  -0.34   -0.011  0.110 -0.075  0.519
   82     23.23 -69.57  -4.70   0.93   0.31  -0.46   -0.018  0.154 -0.078  0.294
   83     23.10 -70.61  -6.00   7.55   0.29  -0.51   -0.031  0.187  0.050  0.310
   84     21.16 -43.01   8.25  21.10   0.05  -0.14   -0.016  0.128 -0.184  0.049
   85     24.31-167.31 -46.82  10.76   0.77   0.73   -0.084  0.086 -0.161 -0.084
   86     43.95 -12.07  29.69  19.11   0.14  -0.18   -0.045  0.074 -0.169  0.302
   87     28.71 -61.38   6.59   4.47   0.35  -0.40   -0.030  0.084 -0.174  0.607
   88     37.85-103.38 -28.67   8.80   0.65  -0.38   -0.068  0.196 -0.190  0.007
   89     47.63-141.96  89.35  20.21   0.42   0.98   -0.052 -0.061 -0.008  0.004
   90     48.12-139.84  88.20  20.12   0.40   0.92   -0.057 -0.013  0.054  0.005
   91     33.91  33.74  85.15  20.01   0.67   0.32   -0.053  0.102 -0.030  0.152

 A V E R A G E   of ADJUSTMENTS :                    -0.054  0.023  0.002  0.146
 A V E R A G E   of ABSOLUTE ADJUSTMENTS :            0.054  0.108  0.100  0.177


 Step length damping of 0.16248 was applied.


 Velocity adjustments:
     vp    dvp      hp   reflector
 Velocity model   1
   5.204 -0.031   -5.000      
   5.506  0.037   -0.110      
   6.008  0.066   12.700      
   6.533 -0.038   16.020      
   7.047  0.043   27.520      
   7.160  0.065   28.080      
   7.792 -0.157   28.910      
   7.890 -0.200   36.950      
   8.287 -0.124   45.520      

 Calculation of average velocity starts at layer #           1
 z = -5.00 ... -0.11    v = 5.20    AVEL = 5.20 downto z =  -0.11
 z = -0.11 ... 12.70    v = 5.51    AVEL = 5.42 downto z =  12.70
 z = 12.70 ... 16.02    v = 6.01    AVEL = 5.51 downto z =  16.02
 z = 16.02 ... 27.52    v = 6.53    AVEL = 5.87 downto z =  27.52
 z = 27.52 ... 28.08    v = 7.05    AVEL = 5.89 downto z =  28.08
 z = 28.08 ... 28.91    v = 7.16    AVEL = 5.93 downto z =  28.91
 z = 28.91 ... 36.95    v = 7.79    AVEL = 6.28 downto z =  36.95
 z = 36.95 ... 45.52    v = 7.89    AVEL = 6.56 downto z =  45.52


 Calculation of average velocity starts at layer #           2
 z = -0.11 ... 12.70    v = 5.51    AVEL = 5.51 downto z =  12.70
 z = 12.70 ... 16.02    v = 6.01    AVEL = 5.61 downto z =  16.02
 z = 16.02 ... 27.52    v = 6.53    AVEL = 5.99 downto z =  27.52
 z = 27.52 ... 28.08    v = 7.05    AVEL = 6.01 downto z =  28.08
 z = 28.08 ... 28.91    v = 7.16    AVEL = 6.05 downto z =  28.91
 z = 28.91 ... 36.95    v = 7.79    AVEL = 6.43 downto z =  36.95
 z = 36.95 ... 45.52    v = 7.89    AVEL = 6.70 downto z =  45.52



 Adjusted station corrections:
   stn  ptcor  dpcor  
  624   0.000  0.000  628  -0.111 -0.033  630  -0.035 -0.012  627   0.055  0.015
  621   0.050  0.011  629   0.081  0.024  622   0.048  0.014  620   0.024  0.003
  623   0.111  0.034  626   0.056  0.022  625   0.055  0.020  631   0.131  0.040
  632   0.008 -0.002

 ~~~ another iteration? ...
 NITT = ITTMAX  --> stop iterations.
 ~~~ final solution reached ...

 ~~~ damp G & Chol.-Decomp.: NOT made (switch iresolcalc is NOT set !)

 Final rms values:  0.40 0.40 0.69 0.79 0.26 0.12 1.19 0.71 0.15 1.03
                    1.26 0.14 0.46 0.64 0.67 0.74 0.55 0.15 0.19 0.49
                    0.60 0.23 0.41 0.49 0.11 0.21 0.33 0.70 0.64 0.81
                    0.78 0.19 0.45 0.06 0.46 0.65 0.11 0.50 0.23 0.16
                    0.30 0.11 0.37 0.28 0.56 0.10 0.73 0.31 0.38 0.64
                    0.95 0.63 0.70 0.39 0.29 0.71 0.45 0.69 0.62 1.18
                    0.58 0.83 0.17 0.68 0.09 0.49 0.29 0.51 0.00 0.73
                    0.56 2.72 0.58 0.48 0.93 0.00 0.45 0.56 0.39 0.36
                    0.40 0.31 0.29 0.05 0.77 0.14 0.35 0.65 0.42 0.40
                    0.67



 ~~~ output final hypocenters ...

      date    origin   latitude longitude  depth  mag  no  rms      x      y      z
   1 160818 1613  8.92 73.0055N 124.8576E  23.67 1.40   6 0.397   38.35 112.20  23.67
   2 160818 1613  9.12 72.9938N 124.8719E  23.47 1.10   6 0.399   37.88 110.89  23.47
   3 160819 0959 27.03 71.9262N 129.7734E  12.21 4.00  12 0.689 -130.45  -8.23  12.21
   4 160820 1506 15.40 71.9414N 129.7969E  10.49 1.50   9 0.794 -131.21  -6.54  10.49
   5 160820 1904 45.55 72.3452N 127.1773E  24.48 1.20   6 0.262  -40.24  38.52  24.48
   6 160822 1318 49.38 72.3635N 127.0711E  17.39 0.60   8 0.118  -36.59  40.56  17.39
   7 160823 0652 13.65 70.9278N 129.7796E   5.84 2.90   6 1.187 -134.15-119.64   5.84
   8 160824 1510 30.20 71.6079N 130.0461E   8.97 1.50   9 0.711 -141.07 -43.75   8.97
   9 160906 1514 39.52 72.5063N 125.6783E  12.34 0.90   6 0.145   10.95  56.49  12.34
  10 160920 1607 18.03 69.2377N 128.3756E  16.23 2.60   2 1.033  -88.01-308.23  16.23
  11 160925 1911  5.16 69.2244N 127.7083E  15.72 2.30   2 1.257  -63.31-309.71  15.72
  12 161004 0841 51.07 72.8494N 124.9567E  16.84 0.20   6 0.141   35.18  94.78  16.84
  13 161005 1619 46.72 72.8804N 125.0061E  19.96 1.00   9 0.457   33.48  98.24  19.96
  14 161006 0156 55.70 72.8748N 125.0022E  14.83 1.00   7 0.640   33.62  97.61  14.83
  15 161009 0036 44.54 72.8740N 124.9884E  18.06 1.30   8 0.666   34.09  97.53  18.06
  16 161009 0036 44.70 72.8633N 124.9686E  18.98 1.20   7 0.735   34.76  96.33  18.98
  17 161012 0800 21.92 72.7403N 126.0271E  18.85 0.80   7 0.552   -0.92  82.61  18.85
  18 161015 1013 36.22 72.0396N 126.9957E  12.41 0.70   7 0.149  -34.32   4.42  12.41
  19 161021 0507 33.16 72.5734N 124.7849E  10.66 0.80   6 0.193   41.28  63.98  10.66
  20 161124 2250 45.79 72.7626N 124.8794E  16.78 3.10   4 0.491   37.87  85.10  16.78
  21 161125 0156 33.97 72.7383N 124.9232E  14.35 0.60   7 0.603   36.42  82.38  14.35
  22 161125 0517 25.74 72.7632N 124.9480E  13.63 1.60   6 0.233   35.56  85.16  13.63
  23 161125 0525 15.75 72.7694N 124.9615E  11.77 0.80   6 0.409   35.09  85.86  11.77
  24 161125 0556  1.74 72.7420N 124.9702E   7.01 0.20   6 0.487   34.82  82.79   7.01
  25 170117 0846 48.59 72.2080N 127.3351E  22.49 0.30   6 0.114  -45.81  23.21  22.49
  26 170122 1614 27.41 71.9620N 128.0322E  11.03 0.90   6 0.213  -70.19  -4.24  11.03
  27 170125 2244  0.05 72.4408N 126.0125E  13.86 0.80   6 0.326   -0.43  49.18  13.86
  28 170302 1359 58.97 72.6814N 124.8917E  11.17 0.50   7 0.695   37.54  76.03  11.17
  29 170302 2335 19.98 71.8848N 130.2951E  14.66 2.10   9 0.635 -148.65 -12.85  14.66
  30 170304 2135  2.80 72.6853N 124.9367E  13.51 1.30   7 0.813   36.01  76.47  13.51
  31 170307 0447 20.85 72.6929N 124.9311E  14.36 1.70  10 0.778   36.20  77.31  14.36
  32 170307 2016 50.68 72.6880N 124.9123E  15.45 1.10   6 0.187   36.84  76.76  15.45
  33 170309 1454  0.72 72.6805N 124.8982E  15.89 0.30   6 0.445   37.32  75.93  15.89
  34 170311 0430 55.37 72.3119N 126.4852E  24.71 0.30   6 0.057  -16.60  34.80  24.71
  35 170312 0416 39.25 71.9277N 128.0479E   3.80 2.10   6 0.460  -70.80  -8.07   3.80
  36 170313 0553 59.00 72.6956N 124.9213E  15.36 1.00   9 0.648   36.52  77.62  15.36
  37 170313 0809  5.47 72.4484N 125.0864E  14.67 1.20   7 0.114   31.14  50.03  14.67
  38 170315 0234 46.34 72.6520N 123.8396E  17.34 1.40   7 0.502   73.23  72.75  17.34
  39 170317 1007 13.96 72.2320N 125.9771E   4.14 0.50   7 0.235    0.79  25.88   4.14
  40 170320 0711 14.45 72.1245N 127.2177E  16.86 0.90   6 0.158  -41.88  13.89  16.86
  41 170320 0853 56.23 72.7078N 124.9751E   6.42 0.40   6 0.295   34.69  78.98   6.42
  42 170320 1900 34.23 72.4137N 126.1090E  18.14 0.60   7 0.107   -3.72  46.16  18.14
  43 170323 0519 24.47 71.6516N 129.1543E   5.73 1.20   6 0.373 -109.85 -38.87   5.73
  44 170323 1612 49.52 72.4518N 125.1143E   9.06 0.50   6 0.282   30.19  50.41   9.06
  45 170323 1906 41.06 72.4106N 130.2491E  18.79 1.00   6 0.560 -144.99  45.82  18.79
  46 170326 0836 33.98 71.9898N 127.6645E  16.52 1.50   7 0.099  -57.45  -1.14  16.52
  47 170402 0422  0.92 72.7217N 125.6771E  22.59 1.20  10 0.727   10.92  80.53  22.59
  48 170402 0636 37.14 72.7315N 125.6793E  23.92 0.70   6 0.314   10.85  81.62  23.92
  49 170404 2347 35.60 72.7563N 124.3900E  22.67 0.50   6 0.379   54.42  84.39  22.67
  50 170405 0307 35.91 71.6805N 128.9499E  15.72 1.00  10 0.644 -102.65 -35.66  15.72
  51 170405 1410 52.97 71.5178N 128.8831E   8.93 1.70  10 0.945 -100.76 -53.81   8.93
  52 170406 0838 43.01 72.3931N 129.4003E  16.34 0.90  10 0.629 -116.08  43.87  16.34
  53 170406 1728  0.92 72.7241N 125.6782E  22.08 0.90  10 0.705   10.89  80.80  22.08
  54 170407 1729  2.40 74.8917N 128.6315E  15.73 1.80   2 0.393  -83.72 322.67  15.73
  55 170407 1729  2.63 74.7266N 128.8038E   0.52 1.60   5 0.285  -89.64 304.24   0.52
  56 170408 1004 44.75 72.6047N 124.9378E  15.46 1.40  13 0.707   36.05  67.47  15.46
  57 170409 0856 46.94 73.3874N 128.5572E  15.63 2.50   6 0.451  -84.94 154.81  15.63
  58 170409 0902 45.41 73.3538N 128.4212E  15.12 1.10   7 0.685  -80.50 151.06  15.12
  59 170410 1520  8.38 72.0017N 128.3663E   3.42 1.00  10 0.616  -81.64   0.18   3.42
  60 170410 1813  3.33 70.9397N 129.1286E   3.93 2.20  13 1.183 -111.01-118.32   3.93
  61 170412 1507  0.27 71.5034N 129.7500E   2.25 0.70   6 0.584 -131.11 -55.41   2.25
  62 170413 0651 19.91 73.3681N 125.4082E  16.03 1.00  10 0.828   19.67 152.65  16.03
  63 170414 0459 18.69 72.2650N 127.3747E  21.20 0.50   7 0.170  -47.10  29.56  21.20
  64 170414 0540  4.47 73.6620N 130.9046E   7.92 1.80  11 0.682 -161.66 185.45   7.92
  65 170414 1656 23.33 72.1814N 127.3905E  15.95 0.20   6 0.090  -47.74  20.24  15.95
  66 170414 1753 32.65 72.3863N 130.4772E  18.75 0.70   6 0.486 -152.88  43.10  18.75
  67 170416 0523 41.81 71.9520N 127.0725E  19.14 1.60  13 0.291  -37.05  -5.36  19.14
  68 170416 1220 14.01 72.9499N 124.4780E  20.86 1.00  11 0.513   51.17 106.00  20.86
 WARNING: Event-# :          69 has zero observations!
  69 170416 1257 48.30 68.8710N 131.7500E  73.50 2.20   0 0.000 -214.97-349.14  73.50
  70 170416 1821  5.30 72.8715N 124.9941E  20.05 1.30  13 0.729   33.89  97.25  20.05
  71 170418 0606  4.10 72.5081N 125.8141E   1.19 0.20   6 0.561    6.33  56.70   1.19
  72 170418 1005 55.94 69.3317N 122.4115E  96.98 2.20   1 2.724  132.64-297.74  96.98
  73 170418 1500 12.79 72.7318N 124.5035E  23.48 1.30  12 0.581   50.62  81.66  23.48
  74 170420 1302 36.06 72.6323N 129.0334E  23.52 0.90  11 0.479 -102.89  70.56  23.52
  75 170420 2248 46.47 72.0298N 129.1504E   1.12 0.70  11 0.932 -108.61   3.32   1.12
 WARNING: Event-# :          76 has zero observations!
  76 170423 0850 54.60 74.7080N 132.7900E   0.10 1.90   0 0.000 -217.19 302.17   0.10
  77 170423 1455 43.92 72.8429N 124.4863E  17.49 0.60   8 0.450   51.05  94.05  17.49
  78 170423 2313 41.64 72.5944N 124.8625E  22.81 1.30  12 0.560   38.62  66.33  22.81
  79 170424 0609 58.55 71.9582N 128.0074E   1.98 1.10  12 0.393  -69.34  -4.66   1.98
  80 170424 0755 26.65 71.9455N 128.0193E   1.64 1.00  12 0.356  -69.77  -6.08   1.64
  81 170424 0755 26.86 71.9569N 128.0183E   1.67 1.00  12 0.398  -69.72  -4.80   1.67
  82 170425 0652 23.23 71.9578N 128.0140E   0.93 1.20   9 0.306  -69.57  -4.70   0.93
  83 170426 0051 23.10 71.9463N 128.0435E   7.55 0.70   6 0.291  -70.61  -6.00   7.55
  84 170426 1425 21.16 72.0739N 127.2490E  21.10 0.10   6 0.055  -43.01   8.25  21.10
  85 170426 1834 24.31 71.5804N 130.7952E  10.76 1.20   8 0.774 -167.31 -46.82  10.76
  86 170426 1840 43.95 72.2661N 126.3524E  19.11 1.30   8 0.140  -12.07  29.69  19.11
  87 170427 0912 28.71 72.0591N 127.7817E   4.47 0.90   8 0.347  -61.38   6.59   4.47
  88 170427 1041 37.85 71.7430N 128.9757E   8.80 0.70   7 0.653 -103.38 -28.67   8.80
  89 170427 2010 47.63 72.8007N 130.2049E  20.21 1.30   8 0.421 -141.96  89.35  20.21
  90 170427 2010 48.12 72.7904N 130.1409E  20.12 1.30   8 0.397 -139.84  88.20  20.12
  91 170427 2342 33.91 72.7631N 125.0017E  20.01 0.80   6 0.669   33.74  85.15  20.01

 ~~~ output final station residuals ...
 TURBO-option is set; residuals are NOT printed for each event!



   station statistics, remember nsp was set to: 1


 sta phase nobs avres  avwres    std    wsum    delay

 624    P  74 -0.0856 -0.0856  0.5365  74.0000  0.0000
 628    P  69 -0.2278 -0.2278  0.5253  69.0000 -0.1111
 630    P  53  0.1457  0.1457  0.5808  53.0000 -0.0353
 627    P  46  0.0570  0.0570  0.5992  46.0000  0.0549
 621    P  59  0.2199  0.2199  0.7963  59.0000  0.0501
 629    P  43  0.1586  0.1586  0.6933  43.0000  0.0808
 622    P  58  0.0000  0.0000  0.6151  58.0000  0.0480
 620    P  48 -0.0142 -0.0142  0.6520  48.0000  0.0244
 623    P  55  0.0473  0.0473  0.5169  55.0000  0.1113
 626    P  52  0.2578  0.2578  0.7056  52.0000  0.0556
 625    P  49  0.0788  0.0788  0.6957  49.0000  0.0554
 631    P  49  0.7202  0.7202  1.0753  49.0000  0.1313
 632    P  24  0.3242  0.3242  0.9907  24.0000  0.0076


 ~~~ output statistics ...




 RAY-STATISTICS FOR  L A S T  ITERATION
 --------------------------------------

 NHYP : nr of hypocenters in this layer
 NREF : nr of headwaves in this layer
 %len : % of "refracted km" in this layer 
        with respect to all refracted kilometers
 NHIT : nr of rays passed thru this layer
 xy-km: average horizontal ray length [km] in layer
 z-km : average  vertical  ray length [km] in layer
 RFLX : number of reflections at bottom of this layer

 nlay   top ..... bottom     velocity   NHYP NREF %len  NHIT xy-km  z-km  RFLX

   1    -5.00... -0.11 km    5.20 km/s    0    0   0.0     0   0.0   0.0     0
   2    -0.11... 12.70 km    5.51 km/s   33    0   0.0  1484  10.9   5.7     0
   3    12.70... 16.02 km    6.01 km/s   18    5   0.4   766   5.2   3.0     0
   4    16.02... 27.52 km    6.53 km/s   38   97  17.0   752  22.4   7.6     0
   5    27.52... 28.08 km    7.05 km/s    0    0   0.0   477   1.2   0.6     0
   6    28.08... 28.91 km    7.16 km/s    0    0   0.0   477   1.9   0.8     0
   7    28.91... 36.95 km    7.79 km/s    0  222  75.5   255  78.9   1.0     0
   8    36.95... 45.52 km    7.89 km/s    0    0   0.0    33  26.5   8.6     0
   9    45.52...       km    8.29 km/s    2   16   7.0     0   0.0   0.0

 Total nr of events was   91

 Total nr of refracted rays =   340
 Total nr of reflected rays =     0
 Total nr of   other   rays =   339
                              ------
 Total nr of    all    rays =   679

 Average (absolute) error of the raytracers:
  Straight and direct rays :  322.45 meters
  Refracted           rays :    0.01 meters
  Reflected           rays :    0.00 meters


 ALL RAYS TOGETHER:
 Average horizontal ray length =   89.9 km   (Hypocenter --> Station) 
 Average  vertical  ray length =   19.9 km   (Deepest ray-point --> Station)



 ... and some more STATISTICS 
 ---------------------------- 
  GAP of final epicenters:

  Event# -> GAP  Event# -> GAP  Event# -> GAP  Event# -> GAP  Event# -> GAP
       1 -> 296       2 -> 294       3 -> 270       4 -> 274       5 -> 307
       6 ->  97       7 -> 321       8 -> 306       9 -> 168      10 -> 346
      11 -> 347      12 -> 260      13 -> 264      14 -> 263      15 -> 263
      16 -> 264      17 -> 253      18 -> 246      19 -> 160      20 -> 302
      21 -> 231      22 -> 238      23 -> 240      24 -> 231      25 -> 130
      26 -> 102      27 -> 155      28 -> 211      29 -> 305      30 -> 211
      31 -> 215      32 -> 213      33 -> 210      34 -> 132      35 -> 238
      36 -> 216      37 -> 132      38 -> 311      39 -> 117      40 -> 209
      41 -> 219      42 -> 122      43 -> 229      44 -> 134      45 -> 308
      46 -> 126      47 -> 224      48 -> 226      49 -> 287      50 -> 196
      51 -> 289      52 -> 271      53 -> 224      54 -> 354      55 -> 347
      56 -> 180      57 -> 310      58 -> 318      59 -> 161      60 -> 311
      61 -> 301      62 -> 306      63 -> 149      64 -> 322      65 -> 129
      66 -> 293      67 ->  86      68 -> 295      69 -> 171      70 -> 262
      71 -> 173      72 ->   0      73 -> 260      74 -> 300      75 -> 241
      76 ->  59      77 -> 284      78 -> 174      79 -> 164      80 -> 169
      81 -> 165      82 -> 165      83 -> 233      84 -> 115      85 -> 315
      86 ->  94      87 -> 114      88 -> 270      89 -> 318      90 -> 317
      91 -> 295

 GAPs were between   0 and 354
      (average GAP was 228)



  MAGNITUDES of INPUT-DATA:

 Magnitude (# of events)   ***average number of obs***

 MAG<= 1.0 ( 47) *******
 MAG = 1.1 (  4) ********
 MAG = 1.2 (  7) ********
 MAG = 1.3 (  8) *********1
 MAG = 1.4 (  3) *********
 MAG = 1.5 (  3) ********
 MAG = 1.6 (  3) ********
 MAG = 1.7 (  2) *********1
 MAG = 1.8 (  2) *******
 MAG = 1.9 (  1)  
 MAG = 2.0 (  0)  
 MAG = 2.1 (  2) ********
 MAG = 2.2 (  3) *****
 MAG = 2.3 (  1) **
 MAG = 2.4 (  0)  
 MAG = 2.5 (  1) ******
 MAG = 2.6 (  1) **
 MAG = 2.7 (  0)  
 MAG = 2.8 (  0)  
 MAG = 2.9 (  1) ******
 MAG = 3.0 (  0)  
 MAG = 3.1 (  1) ****
 MAG = 3.2 (  0)  
 MAG = 3.3 (  0)  
 MAG = 3.4 (  0)  
 MAG = 3.5 (  0)  
 MAG = 3.6 (  0)  
 MAG = 3.7 (  0)  
 MAG = 3.8 (  0)  
 MAG = 3.9 (  0)  
 MAG = 4.0 (  1) *********1**
 MAG = 4.1 (  0)  
 MAG = 4.2 (  0)  
 MAG = 4.3 (  0)  
 MAG = 4.4 (  0)  
 MAG = 4.5 (  0)  
 MAG = 4.6 (  0)  
 MAG = 4.7 (  0)  
 MAG = 4.8 (  0)  
 MAG = 4.9 (  0)  
 MAG = 5.0 (  0)  
 MAG = 5.1 (  0)  
 MAG = 5.2 (  0)  
 MAG = 5.3 (  0)  
 MAG = 5.4 (  0)  
 MAG = 5.5 (  0)  
 MAG = 5.6 (  0)  
 MAG = 5.7 (  0)  
 MAG = 5.8 (  0)  
 MAG = 5.9 (  0)  
 MAG>= 6.0 (  0)  





  DEPTHs of INPUT-DATA and of LAST ITERATION:
  ===========================================

       Depth       # of events  

 DEPTH ( input ) =  -4. km :   
 DEPTH (last_IT) =  -4. km :   
 DEPTH ( input ) =  -3. km :   
 DEPTH (last_IT) =  -3. km :   
 DEPTH ( input ) =  -2. km :   
 DEPTH (last_IT) =  -2. km :   
 DEPTH ( input ) =  -1. km :   
 DEPTH (last_IT) =  -1. km :   
 DEPTH ( input ) =   0. km :  ........
 DEPTH (last_IT) =   0. km :  *
 DEPTH ( input ) =   1. km :  .
 DEPTH (last_IT) =   1. km :  ****
 DEPTH ( input ) =   2. km :   
 DEPTH (last_IT) =   2. km :  ****
 DEPTH ( input ) =   3. km :  ...
 DEPTH (last_IT) =   3. km :  *
 DEPTH ( input ) =   4. km :  ..
 DEPTH (last_IT) =   4. km :  ****
 DEPTH ( input ) =   5. km :  ..
 DEPTH (last_IT) =   5. km :   
 DEPTH ( input ) =   6. km :  ..
 DEPTH (last_IT) =   6. km :  ***
 DEPTH ( input ) =   7. km :  .
 DEPTH (last_IT) =   7. km :  *
 DEPTH ( input ) =   8. km :  ...
 DEPTH (last_IT) =   8. km :  **
 DEPTH ( input ) =   9. km :  ..
 DEPTH (last_IT) =   9. km :  ****
 DEPTH ( input ) =  10. km :  ..
 DEPTH (last_IT) =  10. km :  *
 DEPTH ( input ) =  11. km :  ...
 DEPTH (last_IT) =  11. km :  ****
 DEPTH ( input ) =  12. km :  ....
 DEPTH (last_IT) =  12. km :  ****
 DEPTH ( input ) =  13. km :  ..
 DEPTH (last_IT) =  13. km :   
 DEPTH ( input ) =  14. km :  ...
 DEPTH (last_IT) =  14. km :  *****
 DEPTH ( input ) =  15. km :  ........
 DEPTH (last_IT) =  15. km :  *******
 DEPTH ( input ) =  16. km :  .........1.
 DEPTH (last_IT) =  16. km :  *********
 DEPTH ( input ) =  17. km :  .....
 DEPTH (last_IT) =  17. km :  *******
 DEPTH ( input ) =  18. km :  ....
 DEPTH (last_IT) =  18. km :  **
 DEPTH ( input ) =  19. km :  .....
 DEPTH (last_IT) =  19. km :  ******
 DEPTH ( input ) =  20. km :  .....
 DEPTH (last_IT) =  20. km :  *****
 DEPTH ( input ) =  21. km :  ..
 DEPTH (last_IT) =  21. km :  ***
 DEPTH ( input ) =  22. km :  ....
 DEPTH (last_IT) =  22. km :  **
 DEPTH ( input ) =  23. km :  ....
 DEPTH (last_IT) =  23. km :  *****
 DEPTH ( input ) =  24. km :  ..
 DEPTH (last_IT) =  24. km :  ****
 DEPTH ( input ) =  25. km :  .
 DEPTH (last_IT) =  25. km :  *
 DEPTH ( input ) =  26. km :   
 DEPTH (last_IT) =  26. km :   
 DEPTH ( input ) =  27. km :   
 DEPTH (last_IT) =  27. km :   
 DEPTH ( input ) =  28. km :   
 DEPTH (last_IT) =  28. km :   
 DEPTH ( input ) =  29. km :   
 DEPTH (last_IT) =  29. km :   
 DEPTH ( input ) =  30. km :   
 DEPTH (last_IT) =  30. km :   
 DEPTH ( input ) =  31. km :   
 DEPTH (last_IT) =  31. km :   
 DEPTH ( input ) =  32. km :   
 DEPTH (last_IT) =  32. km :   
 DEPTH ( input ) =  33. km :   
 DEPTH (last_IT) =  33. km :   
 DEPTH ( input ) =  34. km :   
 DEPTH (last_IT) =  34. km :   
 DEPTH ( input ) =  35. km :   
 DEPTH (last_IT) =  35. km :   
 DEPTH ( input ) =  36. km :   
 DEPTH (last_IT) =  36. km :   
 DEPTH ( input ) =  37. km :   
 DEPTH (last_IT) =  37. km :   
 DEPTH ( input ) =  38. km :   
 DEPTH (last_IT) =  38. km :   
 DEPTH ( input ) =  39. km :   
 DEPTH (last_IT) =  39. km :   
 DEPTH ( input ) =  40. km :   
 DEPTH (last_IT) =  40. km :   
 DEPTH ( input ) =  41. km :   
 DEPTH (last_IT) =  41. km :   
 DEPTH ( input ) =  42. km :   
 DEPTH (last_IT) =  42. km :   
 DEPTH ( input ) =  43. km :   
 DEPTH (last_IT) =  43. km :   
 DEPTH ( input ) =  44. km :   
 DEPTH (last_IT) =  44. km :   
 DEPTH ( input ) =  45. km :   
 DEPTH (last_IT) =  45. km :   
 DEPTH ( input ) =  46. km :   
 DEPTH (last_IT) =  46. km :   
 DEPTH ( input ) =  47. km :   
 DEPTH (last_IT) =  47. km :   
 DEPTH ( input ) =  48. km :   
 DEPTH (last_IT) =  48. km :   
 DEPTH ( input ) =  49. km :   
 DEPTH (last_IT) =  49. km :   
 DEPTH ( input ) =  50. km :   
 DEPTH (last_IT) =  50. km :   
 DEPTH ( input ) =  51. km :   
 DEPTH (last_IT) =  51. km :   
 DEPTH ( input ) =  52. km :   
 DEPTH (last_IT) =  52. km :   
 DEPTH ( input ) =  53. km :   
 DEPTH (last_IT) =  53. km :   
 DEPTH ( input ) =  54. km :   
 DEPTH (last_IT) =  54. km :   
 DEPTH ( input ) =  55. km :   
 DEPTH (last_IT) =  55. km :   
 DEPTH ( input ) =  56. km :   
 DEPTH (last_IT) =  56. km :   
 DEPTH ( input ) =  57. km :   
 DEPTH (last_IT) =  57. km :   
 DEPTH ( input ) =  58. km :   
 DEPTH (last_IT) =  58. km :   
 DEPTH ( input ) =  59. km :   
 DEPTH (last_IT) =  59. km :   
 DEPTH ( input ) =  60. km :   
 DEPTH (last_IT) =  60. km :   
 DEPTH ( input ) =  61. km :   
 DEPTH (last_IT) =  61. km :   
 DEPTH ( input ) =  62. km :   
 DEPTH (last_IT) =  62. km :   
 DEPTH ( input ) =  63. km :   
 DEPTH (last_IT) =  63. km :   
 DEPTH ( input ) =  64. km :   
 DEPTH (last_IT) =  64. km :   
 DEPTH ( input ) =  65. km :   
 DEPTH (last_IT) =  65. km :   
 DEPTH ( input ) =  66. km :   
 DEPTH (last_IT) =  66. km :   
 DEPTH ( input ) =  67. km :   
 DEPTH (last_IT) =  67. km :   
 DEPTH ( input ) =  68. km :   
 DEPTH (last_IT) =  68. km :   
 DEPTH ( input ) =  69. km :   
 DEPTH (last_IT) =  69. km :   
 DEPTH ( input ) =  70. km :   
 DEPTH (last_IT) =  70. km :   
 DEPTH ( input ) =  71. km :   
 DEPTH (last_IT) =  71. km :   
 DEPTH ( input ) =  72. km :   
 DEPTH (last_IT) =  72. km :   
 DEPTH ( input ) =  73. km :   
 DEPTH (last_IT) =  73. km :   
 DEPTH ( input ) =  74. km :  .
 DEPTH (last_IT) =  74. km :  *
 DEPTH ( input ) =  75. km :   
 DEPTH (last_IT) =  75. km :   
 DEPTH ( input ) =  76. km :   
 DEPTH (last_IT) =  76. km :   
 DEPTH ( input ) =  77. km :   
 DEPTH (last_IT) =  77. km :   
 DEPTH ( input ) =  78. km :   
 DEPTH (last_IT) =  78. km :   
 DEPTH ( input ) =  79. km :   
 DEPTH (last_IT) =  79. km :   
 DEPTH ( input ) =  80. km :   
 DEPTH (last_IT) =  80. km :   
 DEPTH ( input ) =  81. km :   
 DEPTH (last_IT) =  81. km :   
 DEPTH ( input ) =  82. km :   
 DEPTH (last_IT) =  82. km :   
 DEPTH ( input ) =  83. km :   
 DEPTH (last_IT) =  83. km :   
 DEPTH ( input ) =  84. km :   
 DEPTH (last_IT) =  84. km :   
 DEPTH ( input ) =  85. km :   
 DEPTH (last_IT) =  85. km :   
 DEPTH ( input ) =  86. km :   
 DEPTH (last_IT) =  86. km :   
 DEPTH ( input ) =  87. km :   
 DEPTH (last_IT) =  87. km :   
 DEPTH ( input ) =  88. km :   
 DEPTH (last_IT) =  88. km :   
 DEPTH ( input ) =  89. km :   
 DEPTH (last_IT) =  89. km :   
 DEPTH ( input ) =  90. km :   
 DEPTH (last_IT) =  90. km :   
 DEPTH ( input ) =  91. km :   
 DEPTH (last_IT) =  91. km :   
 DEPTH ( input ) =  92. km :   
 DEPTH (last_IT) =  92. km :   
 DEPTH ( input ) =  93. km :   
 DEPTH (last_IT) =  93. km :   
 DEPTH ( input ) =  94. km :   
 DEPTH (last_IT) =  94. km :   
 DEPTH ( input ) =  95. km :   
 DEPTH (last_IT) =  95. km :   
 DEPTH ( input ) =  96. km :   
 DEPTH (last_IT) =  96. km :   
 DEPTH ( input ) =  97. km :  .
 DEPTH (last_IT) =  97. km :  *
 DEPTH ( input ) =  98. km :   
 DEPTH (last_IT) =  98. km :   
 DEPTH ( input ) =  99. km :   
 DEPTH (last_IT) =  99. km :   
 DEPTH ( input ) = 100. km :   
 DEPTH (last_IT) = 100. km :   
 DEPTH ( input ) > 100. km :   
 DEPTH (last_IT) > 100. km :   


 Residuals of the stations according to the azimuth:
 (RES  = total average residual at station)
 (RES1 = average residual of rays from 1st quadrant)
 (RES2 = average residual of rays from 2nd quadrant)
 (RES3 = average residual of rays from 3rd quadrant)
 (RES4 = average residual of rays from 4th quadrant)

 Stn#  Stn     RES          RES1         RES2         RES3         RES4
   1   624    -0.09(  74)  -0.24(  33)  -0.24(   5)  -0.03(  29)   0.55(   7)
   2   628    -0.23(  69)  -0.41(  32)  -0.31(   5)  -0.20(  25)   0.60(   7)
   3   630     0.15(  53)   0.51(  24)  -0.09(  11)  -0.58(  10)   0.27(   8)
   4   627     0.06(  46)   0.21(  12)   0.00(   0)  -0.26(  22)   0.48(  12)
   5   621     0.22(  59)  -0.04(   7)   0.00(   0)   0.47(  18)   0.14(  34)
   6   629     0.16(  43)   0.52(  15)   0.00(   0)  -0.43(   9)   0.15(  19)
   7   622     0.00(  58)  -0.29(  27)   0.00(   0)   0.22(  20)   0.31(  11)
   8   620    -0.01(  48)   0.00(   0)  -0.24(   1)   0.38(  18)  -0.25(  29)
   9   623     0.05(  55)  -0.17(  30)   0.00(   0)   0.37(  17)   0.20(   8)
  10   626     0.26(  52)   0.23(  24)   0.00(   0)   0.24(   6)   0.30(  22)
  11   625     0.08(  49)  -0.02(  14)   0.00(   0)  -0.04(  23)   0.42(  12)
  12   631     0.72(  49)   1.20(  18)   1.65(   1)   0.96(   4)   0.31(  26)
  13   632     0.32(  24)   0.78(  12)   1.14(   2)  -0.64(   3)  -0.28(   7)



 CPU - statistics:

 TOTAL CPU-sec          =    0.2     (CPU-minutes:  0.004)

 >>>   End of program VELEST at 25-06-02 16:12       <<< [ CPU-sec :     0.2]
