 >>> Start of program VELEST at 25-06-02 16:12       <<<                        

 ::::::::::::::::::::::::::::::::::::::                                         
  V E L E S T  - Version : January 3, 1995                                      
  (Authors: see source code)                                                    
 ::::::::::::::::::::::::::::::::::::::                                         


 Title of this VELEST run:

 vinnik_2
 --------


 Current array-dimensions of program VELEST:

 Max. number of EARTHQUAKES for simult. inversion IEQ = ***
 Max. number of SHOTS for simult. inversion    INSHOT =  50
 Max. number of (different) 1D-MODELS      ITOTMODELS =   2
 Max. number of LAYERS per one 1D-model        INLTOT = 100
 Max. number of STATIONS in stationlist           IST = 650
 Max. number of OBSERVATIONS per event MAXOBSPEREVENT = 180






    INPUT - P A R A M E T E R S :



***
***  olat       olon   icoordsystem      zshift   itrial ztrial    ised
  72.000000-126.000000      0            0.000       0     0.00      0
***
*** neqs   nshot    rotate
     91      0      0.0
***
*** isingle   iresolcalc
       0          0
***
*** dmax    itopo    zmin     veladj    zadj   lowveloclay
   300.00     0      0.01       0.20    5.00       0
***
*** nsp    swtfac   vpvs       nmod
     1      1.00    1.730        1
***
***   othet   xythet    zthet    vthet   stathet
       0.01     0.01     0.01     1.00     0.01
***
*** nsinv   nshcor   nshfix     iuseelev    iusestacorr
       1       0       0           1            1
***
*** iturbo    icnvout   istaout   ismpout
       1         1         1         0
***
*** irayout   idrvout   ialeout   idspout   irflout   irfrout   iresout
       0         0         0         0         0         0         0
***
*** delmin   ittmax   invertratio
    0.010       3          1
***
*** Modelfile:
tmp/vinnik_2/synthvel/model_712.mod
***
*** Stationfile:
./velinp/station.sta
***
*** Seismofile:
 
***
*** File with region names:
 
***
*** File with region coordinates:
 
***
*** File #1 with topo data:
 
***
*** File #2 with topo data:
 
***
*** DATA INPUT files:
***
*** File with Earthquake data:
./velinp/data.cnv
***
*** File with Shot data:
 
***
*** OUTPUT files:
***
*** Main print output file:
./velout/vinnik_2/velest712.out
***
*** File with single event locations:
velout.vel
***
*** File with final hypocenters in *.cnv format:
./velout/vinnik_2/final_loc712.cnv
***
*** File with new station corrections:
./velout/vinnik_2/stations_corr712.sta
***
*** File with summary cards (e.g. for plotting):
velout.smp
***
*** File with raypoints:
velout.ray
***
*** File with derivatives:
velout.drv
***
*** File with ALEs:
velout.ale
***
*** File with Dirichlet spreads:
velout.dspr
***
*** File with reflection points:
velout.rfl
***
*** File with refraction points:
velout.rfr
***
*** File with residuals:
velout.res
***




 Origin of cartesian coordinates:
        72.00000N   126.00000E

  X,Y-AXES rotated clockwise from North
           Rotation angle (rotate):
            rotate=    0.0 degr.

 icoordsystem =            0
 normal SHORT DISTANCE CONVERSION will be made
 x is positive towards west, y is positive towards north


 SHORT DISTANCE CONVERSION on ELLIPSOIDE of WORLD GEODETIC SYSTEM 1972 (WGS72)
 =============================================================================

 Radius at equator (REARTH)= 6378.13500  km
   1. / (ellipticity)      =    298.260

 Origin of cartesian coordinates [degrees]:
   72.0000000 N     -126.0000000 W

  Rotation angle (in degr.) clockwise from
North  rotate=    0.0

 Radius of sphere at OLAT =   6358.817 km

 Conversion of GEOGRAPHICAL LATITUDE to GEOCENTRICAL LATITUDE:
 RLATC = TAN(GEOCENTR.LAT) / TAN(GEOGRAPH.LAT)
 RLATC =   0.99333486

          Short distance conversions:
          one min lat ~  1.8597 km 
          one min lon ~  0.5751 km 







    INPUT - M O D E L :



 Model(s) read from file :
 tmp/vinnik_2/synthvel/model_712.mod                                             

 model file title: 
Model: model_712.mod                    
 Velocity structure for model   1 :

 layer    vel   depth   vdamp  reflector
   1      5.53  -5.00    1.00         P-VELOCITY MODEL                  
   2      5.56   0.96    1.00  
   3      6.09   5.91    1.00  
   4      6.62  16.18    1.00  
   5      6.73  29.50    1.00  
   6      6.86  31.53    1.00  
   7      7.12  35.24    1.00  
   8      7.92  40.28    1.00  
   9      7.92  40.81    1.00  

 Calculation of average velocity starts at layer #            1
 z = -5.00 ...  0.96    v = 5.53    AVEL = 5.53 downto z =   0.96
 z =  0.96 ...  5.91    v = 5.56    AVEL = 5.54 downto z =   5.91
 z =  5.91 ... 16.18    v = 6.09    AVEL = 5.81 downto z =  16.18
 z = 16.18 ... 29.50    v = 6.62    AVEL = 6.12 downto z =  29.50
 z = 29.50 ... 31.53    v = 6.73    AVEL = 6.16 downto z =  31.53
 z = 31.53 ... 35.24    v = 6.86    AVEL = 6.22 downto z =  35.24
 z = 35.24 ... 40.28    v = 7.12    AVEL = 6.32 downto z =  40.28
 z = 40.28 ... 40.81    v = 7.92    AVEL = 6.34 downto z =  40.81


 Calculation of average velocity starts at layer #            2
 z =  0.96 ...  5.91    v = 5.56    AVEL = 5.56 downto z =   5.91
 z =  5.91 ... 16.18    v = 6.09    AVEL = 5.92 downto z =  16.18
 z = 16.18 ... 29.50    v = 6.62    AVEL = 6.25 downto z =  29.50
 z = 29.50 ... 31.53    v = 6.73    AVEL = 6.28 downto z =  31.53
 z = 31.53 ... 35.24    v = 6.86    AVEL = 6.34 downto z =  35.24
 z = 35.24 ... 40.28    v = 7.12    AVEL = 6.44 downto z =  40.28
 z = 40.28 ... 40.81    v = 7.92    AVEL = 6.46 downto z =  40.81






    INPUT - S T A T I O N S :



 Station-parameters read from file :
 ./velinp/station.sta                                                            


     stn latitude longitude elev   x      y      z     ptcor stcor model icc
   1 624 72.4760N126.2750E     0  -9.37  53.11  -0.00   0.00  0.00   1  13
   2 628 72.4000N127.1470E     0 -39.15  44.63  -0.00   0.00  0.00   1  12
   3 630 72.0750N128.3250E     0 -80.06   8.37  -0.00   0.00  0.00   1  11
   4 627 72.1170N126.9820E     0 -33.78  13.06  -0.00   0.00  0.00   1  10
   5 621 72.1840N124.8890E     0  38.14  20.53  -0.00   0.00  0.00   1   9
   6 629 71.9290N127.3130E     0 -45.39  -7.92  -0.00   0.00  0.00   1   8
   7 622 72.4420N125.3130E     0  23.42  49.32  -0.00   0.00  0.00   1   7
   8 620 72.6540N124.3470E     0  56.03  72.98  -0.00   0.00  0.00   1   6
   9 623 72.3260N125.7600E     0   8.21  36.38  -0.00   0.00  0.00   1   5
  10 626 71.8880N126.0360E     0  -1.25 -12.50  -0.00   0.00  0.00   1   4
  11 625 72.1740N126.1070E     0  -3.67  19.42  -0.00   0.00  0.00   1   3
  12 631 71.3990N127.2470E     0 -43.72 -67.06  -0.00   0.00  0.00   1   2
  13 632 71.5740N129.0728E     0-107.23 -47.53  -0.00   0.00  0.00   1   1

 NO Seismo-parameter-file specified
 --> NO magnitudes calculated!




   neqs=   91  nshot=    0  nltot=    9

 ~~~ input parameters read.
 ~~~ set units for first iteration ...
 ~~~ determine number of unknowns ...

 Number of unknowns (for array-indexing):  nvar =  385
 Number of effective unknowns        :  nvareff =  373
 Number of elements on/below main diagonal of matrix G = At*A : kvar =   74305

 ~~~ reset G and RHT ...
 ~~~ input data, raytracing, setup G ...






    I N P U T - D A T A  

  eq    origin-time    latitude longitude depth    x      y      z    mag ifxOBS
   1 160818 1613  9.10 73.0030N 124.8500E  23.10  38.61 111.92  23.10 1.40 0   6
   2 160818 1613  9.30 72.9910N 124.8700E  22.80  37.95 110.58  22.80 1.10 0   6
   3 160819 0959 27.30 71.9230N 129.7600E  12.10-130.00  -8.59  12.10 4.00 0  12
   4 160820 1506 15.70 71.9380N 129.7900E  11.00-130.98  -6.92  11.00 1.50 0   9
   5 160820 1904 45.70 72.3480N 127.1800E  23.80 -40.33  38.83  23.80 1.20 0   6
   6 160822 1318 49.50 72.3650N 127.0800E  16.50 -36.90  40.73  16.50 0.60 0   8
   7 160823 0652 14.00 70.9330N 129.8100E   6.40-135.21-119.06   6.40 2.90 0   6
   8 160824 1510 30.40 71.6070N 130.0400E   8.60-140.86 -43.85   8.60 1.50 0   9
   9 160906 1514 39.70 72.5080N 125.6800E  12.10  10.89  56.68  12.10 0.90 0   6
 WARNING:
 epicentral distance: 303.3 > dmax ( 300.0) ==> skipping phase !
 WARNING:
 epicentral distance: 338.2 > dmax ( 300.0) ==> skipping phase !
  10 160920 1607 18.30 69.2370N 128.3500E  16.20 -87.07-308.31  16.20 2.60 0   2
 WARNING:
 epicentral distance: 318.5 > dmax ( 300.0) ==> skipping phase !
 WARNING:
 epicentral distance: 355.0 > dmax ( 300.0) ==> skipping phase !
  11 160925 1911  5.60 69.2250N 127.6800E  15.60 -62.26-309.64  15.60 2.30 0   2
  12 161004 0841 51.20 72.8480N 124.9600E  15.60  35.07  94.62  15.60 0.20 0   6
  13 161005 1619 46.90 72.8770N 125.0100E  19.00  33.35  97.86  19.00 1.00 0   9
  14 161006 0156 55.90 72.8740N 125.0100E  13.90  33.36  97.52  13.90 1.00 0   7
  15 161009 0036 44.70 72.8720N 124.9900E  17.20  34.03  97.30  17.20 1.30 0   8
  16 161009 0036 44.90 72.8580N 124.9600E  18.60  35.06  95.74  18.60 1.20 0   7
  17 161012 0800 22.10 72.7380N 126.0300E  18.50  -1.01  82.35  18.50 0.80 0   7
  18 161015 1013 36.50 72.0400N 126.9900E  11.20 -34.12   4.46  11.20 0.70 0   7
  19 161021 0507 33.30 72.5750N 124.7800E  10.10  41.44  64.16  10.10 0.80 0   6
  20 161124 2250 46.00 72.7630N 124.8800E  16.20  37.85  85.14  16.20 3.10 0   4
  21 161125 0156 34.10 72.7420N 124.9200E  14.50  36.52  82.80  14.50 0.60 0   7
  22 161125 0517 25.90 72.7650N 124.9400E  13.50  35.82  85.36  13.50 1.60 0   6
  23 161125 0525 15.90 72.7740N 124.9500E  11.60  35.48  86.37  11.60 0.80 0   6
  24 161125 0556  2.00 72.7350N 124.9700E   5.70  34.84  82.01   5.70 0.20 0   6
  25 170117 0846 48.60 72.2130N 127.3400E  22.00 -45.97  23.77  22.00 0.30 0   6
  26 170122 1614 27.60 71.9670N 128.0400E  10.30 -70.45  -3.68  10.30 0.90 0   6
  27 170125 2244  0.20 72.4440N 126.0200E  13.10  -0.68  49.54  13.10 0.80 0   6
  28 170302 1359 59.10 72.6830N 124.8900E  11.50  37.60  76.21  11.50 0.50 0   7
  29 170302 2335 20.20 71.8850N 130.3000E  14.80-148.82 -12.83  14.80 2.10 0   9
  30 170304 2135  2.90 72.6880N 124.9400E  13.40  35.90  76.77  13.40 1.30 0   7
  31 170307 0447 21.00 72.6940N 124.9200E  14.20  36.57  77.44  14.20 1.70 0  10
  32 170307 2016 50.80 72.6910N 124.9100E  15.30  36.91  77.10  15.30 1.10 0   6
  33 170309 1454  0.80 72.6830N 124.9000E  15.60  37.26  76.21  15.60 0.30 0   6
  34 170311 0430 55.40 72.3130N 126.5000E  24.50 -17.11  34.93  24.50 0.30 0   6
  35 170312 0416 39.20 71.9240N 128.0800E   3.40 -71.91  -8.48   3.40 2.10 0   6
  36 170313 0553 59.10 72.6980N 124.9200E  15.10  36.57  77.89  15.10 1.00 0   9
  37 170313 0809  5.60 72.4500N 125.0800E  14.90  31.36  50.21  14.90 1.20 0   7
  38 170315 0234 46.50 72.6540N 123.8400E  16.90  73.22  72.98  16.90 1.40 0   7
  39 170317 1007 14.10 72.2350N 125.9800E   3.90   0.69  26.22   3.90 0.50 0   7
  40 170320 0711 14.60 72.1250N 127.2200E  16.80 -41.95  13.95  16.80 0.90 0   6
  41 170320 0853 56.40 72.7090N 124.9700E   5.10  34.86  79.11   5.10 0.40 0   6
  42 170320 1900 34.30 72.4150N 126.1200E  18.00  -4.09  46.31  18.00 0.60 0   7
  43 170323 0519 24.60 71.6470N 129.1800E   5.20-110.76 -39.39   5.20 1.20 0   6
  44 170323 1612 49.70 72.4530N 125.1100E   8.30  30.33  50.55   8.30 0.50 0   6
  45 170323 1906 41.20 72.4070N 130.2500E  18.30-145.04  45.41  18.30 1.00 0   6
  46 170326 0836 34.10 71.9930N 127.6700E  16.10 -57.63  -0.78  16.10 1.50 0   7
  47 170402 0422  1.00 72.7220N 125.6900E  21.90  10.49  80.56  21.90 1.20 0  10
  48 170402 0636 37.20 72.7310N 125.6900E  23.50  10.49  81.57  23.50 0.70 0   6
  49 170404 2347 35.70 72.7580N 124.3800E  22.60  54.76  84.58  22.60 0.50 0   6
  50 170405 0307 36.10 71.6810N 128.9500E  15.30-102.66 -35.60  15.30 1.00 0  10
  51 170405 1410 53.20 71.5100N 128.9000E   9.30-101.37 -54.68   9.30 1.70 0  10
  52 170406 0838 43.20 72.3850N 129.3800E  15.50-115.42  42.96  15.50 0.90 0  10
  53 170406 1728  1.00 72.7230N 125.6900E  21.30  10.49  80.67  21.30 0.90 0  10
 WARNING:
 epicentral distance: 325.9 > dmax ( 300.0) ==> skipping phase !
 WARNING:
 epicentral distance: 332.9 > dmax ( 300.0) ==> skipping phase !
 WARNING:
 epicentral distance: 345.3 > dmax ( 300.0) ==> skipping phase !
 WARNING:
 epicentral distance: 391.9 > dmax ( 300.0) ==> skipping phase !
  54 170407 1729  3.40 74.8930N 128.6300E  15.60 -83.67 322.81  15.60 1.80 0   2
 WARNING:
 epicentral distance: 311.3 > dmax ( 300.0) ==> skipping phase !
 WARNING:
 epicentral distance: 315.4 > dmax ( 300.0) ==> skipping phase !
 WARNING:
 epicentral distance: 328.9 > dmax ( 300.0) ==> skipping phase !
 WARNING:
 epicentral distance: 374.2 > dmax ( 300.0) ==> skipping phase !
  55 170407 1729  3.50 74.7270N 128.8100E   0.40 -89.83 304.29   0.40 1.60 0   5
  56 170408 1004 44.90 72.6070N 124.9400E  15.00  35.98  67.73  15.00 1.40 0  13
  57 170409 0856 47.20 73.3850N 128.5500E  15.60 -84.71 154.54  15.60 2.50 0   6
  58 170409 0902 45.60 73.3500N 128.4400E  15.10 -81.13 150.64  15.10 1.10 0   7
  59 170410 1520  8.50 72.0030N 128.3900E   2.70 -82.46   0.33   2.70 1.00 0  10
  60 170410 1813  3.60 70.9360N 129.1200E   3.70-110.72-118.73   3.70 2.20 0  13
  61 170412 1507  0.60 71.5070N 129.7200E   0.00-130.05 -55.01   0.00 0.70 0   6
  62 170413 0651 20.10 73.3680N 125.4200E  15.60  19.28 152.65  15.60 1.00 0  10
  63 170414 0459 18.80 72.2680N 127.3800E  20.10 -47.27  29.90  20.10 0.50 0   7
  64 170414 0540  4.80 73.6400N 130.9700E   8.00-163.92 183.00   8.00 1.80 0  11
  65 170414 1656 23.40 72.1850N 127.4000E  15.50 -48.06  20.64  15.50 0.20 0   6
  66 170414 1753 32.80 72.3840N 130.4600E  17.90-152.30  42.85  17.90 0.70 0   6
  67 170416 0523 41.90 71.9560N 127.0800E  19.20 -37.31  -4.91  19.20 1.60 0  13
  68 170416 1220 14.20 72.9470N 124.4900E  20.40  50.77 105.67  20.40 1.00 0  11
 WARNING:
 epicentral distance: 320.3 > dmax ( 300.0) ==> skipping phase !
 WARNING:
 epicentral distance: 381.0 > dmax ( 300.0) ==> skipping phase !
 WARNING:
 epicentral distance: 398.8 > dmax ( 300.0) ==> skipping phase !
 WARNING:
 epicentral distance: 405.0 > dmax ( 300.0) ==> skipping phase !
 WARNING:
 epicentral distance: 424.8 > dmax ( 300.0) ==> skipping phase !
 WARNING:
 epicentral distance: 431.2 > dmax ( 300.0) ==> skipping phase !
 WARNING:
 epicentral distance: 445.5 > dmax ( 300.0) ==> skipping phase !
 WARNING:
 epicentral distance: 451.8 > dmax ( 300.0) ==> skipping phase !
 WARNING:
 epicentral distance: 464.3 > dmax ( 300.0) ==> skipping phase !
  69 170416 1257 48.30 68.8710N 131.7500E  73.50-214.97-349.14  73.50 2.20 0   0
  70 170416 1821  5.50 72.8670N 125.0000E  19.30  33.70  96.74  19.30 1.30 0  13
  71 170418 0606  4.10 72.5080N 125.8200E   1.30   6.13  56.68   1.30 0.20 0   6
 WARNING:
 epicentral distance: 315.2 > dmax ( 300.0) ==> skipping phase !
 WARNING:
 epicentral distance: 332.1 > dmax ( 300.0) ==> skipping phase !
 WARNING:
 epicentral distance: 345.3 > dmax ( 300.0) ==> skipping phase !
 WARNING:
 epicentral distance: 352.6 > dmax ( 300.0) ==> skipping phase !
 WARNING:
 epicentral distance: 346.7 > dmax ( 300.0) ==> skipping phase !
 WARNING:
 epicentral distance: 356.6 > dmax ( 300.0) ==> skipping phase !
 WARNING:
 epicentral distance: 363.9 > dmax ( 300.0) ==> skipping phase !
 WARNING:
 epicentral distance: 372.8 > dmax ( 300.0) ==> skipping phase !
 WARNING:
 epicentral distance: 378.6 > dmax ( 300.0) ==> skipping phase !
 WARNING:
 epicentral distance: 378.6 > dmax ( 300.0) ==> skipping phase !
  72 170418 1005 56.80 69.3310N 122.4100E  97.00 132.70-297.82  97.00 2.20 0   1
  73 170418 1500 12.90 72.7340N 124.5100E  23.10  50.40  81.90  23.10 1.30 0  12
  74 170420 1302 36.20 72.6290N 129.0200E  21.80-102.44  70.19  21.80 0.90 0  11
  75 170420 2248 46.70 72.0220N 129.1200E   0.00-107.59   2.46   0.00 0.70 0  11
 WARNING:
 epicentral distance: 313.1 > dmax ( 300.0) ==> skipping phase !
 WARNING:
 epicentral distance: 324.4 > dmax ( 300.0) ==> skipping phase !
 WARNING:
 epicentral distance: 324.2 > dmax ( 300.0) ==> skipping phase !
 WARNING:
 epicentral distance: 342.4 > dmax ( 300.0) ==> skipping phase !
 WARNING:
 epicentral distance: 349.0 > dmax ( 300.0) ==> skipping phase !
 WARNING:
 epicentral distance: 380.2 > dmax ( 300.0) ==> skipping phase !
 WARNING:
 epicentral distance: 381.6 > dmax ( 300.0) ==> skipping phase !
 WARNING:
 epicentral distance: 408.0 > dmax ( 300.0) ==> skipping phase !
  76 170423 0850 54.60 74.7080N 132.7900E   0.10-217.19 302.17   0.10 1.90 0   0
  77 170423 1455 44.10 72.8400N 124.4900E  16.80  50.92  93.73  16.80 0.60 0   8
  78 170423 2313 41.80 72.5960N 124.8700E  22.00  38.36  66.50  22.00 1.30 0  12
  79 170424 0609 58.60 71.9600N 128.0200E   0.10 -69.77  -4.46   0.10 1.10 0  12
  80 170424 0755 26.70 71.9480N 128.0300E   0.00 -70.14  -5.80   0.00 1.00 0  12
  81 170424 0755 26.90 71.9590N 128.0300E   0.00 -70.12  -4.57   0.00 1.00 0  12
  82 170425 0652 23.30 71.9600N 128.0300E   0.00 -70.12  -4.46   0.00 1.20 0   9
  83 170426 0051 23.20 71.9450N 128.0600E   6.60 -71.18  -6.14   6.60 0.70 0   6
  84 170426 1425 21.20 72.0790N 127.2600E  21.00 -43.38   8.82  21.00 0.10 0   6
  85 170426 1834 24.60 71.5840N 130.8000E  10.90-167.46 -46.42  10.90 1.20 0   8
  86 170426 1840 44.10 72.2710N 126.3600E  18.10 -12.33  30.24  18.10 1.30 0   8
  87 170427 0912 28.80 72.0640N 127.7900E   2.60 -61.65   7.14   2.60 0.90 0   8
  88 170427 1041 38.10 71.7480N 128.9900E   8.40-103.86 -28.12   8.40 0.70 0   7
  89 170427 2010 47.80 72.8010N 130.2000E  20.20-141.80  89.38  20.20 1.30 0   8
  90 170427 2010 48.30 72.7890N 130.1400E  20.10-139.82  88.04  20.10 1.30 0   8
  91 170427 2342 34.10 72.7630N 125.0100E  19.50  33.46  85.14  19.50 0.80 0   6

 readings for station 624  :  74
 readings for station 628  :  69
 readings for station 630  :  53
 readings for station 627  :  46
 readings for station 621  :  59
 readings for station 629  :  43
 readings for station 622  :  58
 readings for station 620  :  48
 readings for station 623  :  55
 readings for station 626  :  52
 readings for station 625  :  49
 readings for station 631  :  49
 readings for station 632  :  24

 Total number of stations with readings:  13

 Total number of readings:     679
 Total number of P readings:       0
 Total number of S readings:       0


 ~~~ store parts of G ...
 ~~~ compute RMS and DATVAR ...

 Total number of observations is:   679


 $$$$$$$$$$$$$$$$$$$$$$$$$$$$$$$$$$$$$$$$$$$$$$$$$
 Events with  | AVRES | > 1.0 SEC are suspicious !

 Event#  54 >>>  170407 1729  AVRES = -1.19 NOBS =  2

 ^^^^^^^^^ C H E C K   these events above ^^^^^^^^
 $$$$$$$$$$$$$$$$$$$$$$$$$$$$$$$$$$$$$$$$$$$$$$$$$

 ~~~ save initial datvar ...

 Iteration nr  0 obtained:
 DATVAR=    0.338773 mean sqrd residual=     0.152672  RMS RESIDUAL=     0.390733

 After  0 iterations we got:
 Average absolute & unweighted [and mean] residual of
   380 straight and direct rays =  0.19801 [  0.00087]
   299 refracted           rays =  0.39420 [  0.05383]
     0 reflected           rays =  0.00000 [  0.00000]

   679 ALL                 RAYS =  0.28440 [  0.02419]        0.00 %




--------------------------------------------------------------------------------



           ITERATION no  1

 ~~~ set units for this iteration ...
 ~~~ determine number of unknowns for this iter. ...

 Number of unknowns (for array-indexing):  nvar =  385
 Number of effective unknowns        :  nvareff =  386
 Number of elements on/below main diagonal of matrix G = At*A : kvar =   74305

 Damping factors to be used in this iteration:
   Othet=   0.010   XYthet  =   0.010   Zthet=  0.010
 STAthet=   0.010   Vthet   =   1.000

 ~~~ damp G ...
 ~~~ solve G * b = RHT ...
 ~~~ fix units ...
 ~~~ apply eventually step-length damping ...
 ~~~ adjust model (hypocenters, stacorr & veloc.) ...

 doing velocity adjustments now...

 doing station-correction adjustments...

 ~~~ compute effective step-length ...

 (Applied) Step length =   6.953

 ~~~ set units for next iteration ...
 ~~~ determine number of unknowns for next iter. ...

 Number of unknowns (for array-indexing):  nvar =  385
 Number of effective unknowns        :  nvareff =  386
 Number of elements on/below main diagonal of matrix G = At*A : kvar =   74305

 ~~~ reset G and RHT ...
 ~~~ raytracing, setup G ...
 ~~~ store parts of G ...
 ~~~ set units back for current iteration ...
 ~~~ determine number of unknowns for this iter. ...

 Number of unknowns (for array-indexing):  nvar =  385
 Number of effective unknowns        :  nvareff =  386
 Number of elements on/below main diagonal of matrix G = At*A : kvar =   74305

 ~~~ compute RMS and DATVAR ...

 $$$$$$$$$$$$$$$$$$$$$$$$$$$$$$$$$$$$$$$$$$$$$$$$$
 Events with  | AVRES | > 1.0 SEC are suspicious !

 ZERO events of this kind found! (lucky guy!!!)

 ~~~ check solution (better? worse?) ...

 Iteration nr  1 obtained:
 DATVAR=    0.269356 mean sqrd residual=     0.116232  RMS RESIDUAL=     0.340928

 After  1 iterations we got:
 Average absolute & unweighted [and mean] residual of
   376 straight and direct rays =  0.15336 [ -0.00176]
   303 refracted           rays =  0.32528 [  0.12111]
     0 reflected           rays =  0.00000 [  0.00000]

   679 ALL                 RAYS =  0.23008 [  0.05307]      -19.10 %

 ~~~ iteration done; output results ...

  eq       ot     x      y      z      rms    avres   dot     dx     dy     dz
    1      9.05  38.49 111.88  23.24   0.21   0.10   -0.047 -0.116 -0.038  0.143
    2      9.25  37.92 110.60  22.89   0.21   0.10   -0.052 -0.036  0.018  0.095
    3     27.15-130.46  -7.92  11.98   0.32   0.11   -0.153 -0.464  0.668 -0.124
    4     15.55-131.09  -6.49  10.13   0.37   0.08   -0.149 -0.101  0.425 -0.866
    5     45.64 -40.26  38.72  23.91   0.05   0.03   -0.062  0.073 -0.113  0.110
    6     49.43 -36.60  40.59  17.02   0.10  -0.05   -0.070  0.301 -0.135  0.524
    7     13.76-134.68-119.34   6.02   0.45   0.18   -0.242  0.533 -0.280 -0.377
    8     30.30-140.96 -43.55   8.85   0.27   0.16   -0.100 -0.100  0.303  0.251
    9     39.59  10.85  56.50  12.21   0.05  -0.12   -0.112 -0.036 -0.182  0.113
   10     18.15 -87.89-308.25  16.21   1.08   0.93   -0.150 -0.825  0.060  0.012
   11      5.31 -63.29-309.66  15.63   1.32   0.70   -0.288 -1.028 -0.012  0.030
   12     51.14  35.07  94.57  15.80   0.12   0.02   -0.056  0.003 -0.057  0.199
   13     46.82  33.35  98.12  19.02   0.23   0.07   -0.079 -0.008  0.265  0.022
   14     55.77  33.43  97.34  14.28   0.15  -0.05   -0.129  0.072 -0.182  0.381
   15     44.61  34.00  97.60  17.37   0.30   0.11   -0.090 -0.033  0.297  0.168
   16     44.76  34.63  96.36  18.54   0.36   0.12   -0.136 -0.426  0.622 -0.063
   17     21.99  -1.07  82.51  18.74   0.09   0.02   -0.115 -0.060  0.160  0.237
   18     36.39 -33.78   4.67  11.62   0.13  -0.10   -0.108  0.346  0.209  0.415
   19     33.23  41.04  64.11  10.26   0.17  -0.10   -0.071 -0.400 -0.051  0.155
   20     45.91  37.71  85.26  16.20   0.18   0.01   -0.087 -0.147  0.123 -0.001
   21     34.04  36.44  82.52  13.85   0.35  -0.03   -0.060 -0.085 -0.279 -0.647
   22     25.80  35.46  85.37  13.38   0.21  -0.09   -0.101 -0.362  0.007 -0.125
   23     15.81  34.94  86.26  11.07   0.35  -0.11   -0.095 -0.533 -0.105 -0.529
   24      1.83  34.68  82.51   5.71   0.42  -0.09   -0.171 -0.161  0.500  0.013
   25     48.63 -45.79  23.42  22.33   0.10   0.10    0.028  0.178 -0.351  0.332
   26     27.51 -70.04  -4.08  10.66   0.06  -0.09   -0.092  0.413 -0.399  0.361
   27      0.15  -0.52  49.03  13.03   0.17  -0.04   -0.049  0.166 -0.517 -0.071
   28     59.01  37.43  76.30  11.12   0.26   0.01   -0.094 -0.162  0.086 -0.380
   29     20.16-148.83 -12.19  15.14   0.28   0.18   -0.042 -0.011  0.639  0.338
   30      2.86  36.20  76.38  13.66   0.41   0.05   -0.040  0.303 -0.389  0.260
   31     20.93  36.15  77.17  13.98   0.25  -0.02   -0.072 -0.423 -0.273 -0.222
   32     50.73  36.49  77.06  14.83   0.17  -0.06   -0.074 -0.424 -0.045 -0.468
   33      0.77  37.35  75.91  15.69   0.18  -0.02   -0.029  0.096 -0.299  0.087
   34     55.40 -16.78  34.85  24.56   0.05   0.07    0.005  0.322 -0.076  0.060
   35     39.24 -71.30  -8.40   4.83   0.25  -0.12    0.041  0.612  0.079  1.433
   36     59.06  36.56  77.51  15.09   0.23   0.02   -0.039 -0.002 -0.377 -0.011
   37      5.52  31.13  50.06  14.49   0.08  -0.09   -0.076 -0.228 -0.156 -0.409
   38     46.45  72.93  73.22  16.97   0.27   0.08   -0.047 -0.291  0.247  0.067
   39     13.98   0.75  25.93   4.39   0.13  -0.22   -0.117  0.066 -0.296  0.487
   40     14.50 -41.97  13.99  16.64   0.18  -0.04   -0.097 -0.018  0.038 -0.156
   41     56.32  34.59  78.69   5.33   0.10  -0.17   -0.077 -0.273 -0.419  0.227
   42     34.26  -3.85  46.23  17.99   0.10  -0.00   -0.037  0.240 -0.079 -0.013
   43     24.56-110.23 -39.12   6.06   0.25  -0.15   -0.041  0.528  0.271  0.862
   44     49.60  30.16  50.42   8.50   0.10  -0.15   -0.100 -0.174 -0.124  0.201
   45     41.13-145.29  45.66  19.12   0.16   0.20   -0.073 -0.252  0.243  0.823
   46     34.05 -57.38  -0.80  16.20   0.09  -0.01   -0.049  0.255 -0.017  0.103
   47      0.99  10.64  80.51  21.97   0.25   0.16   -0.013  0.154 -0.051  0.071
   48     37.19  10.65  81.64  23.70   0.09   0.09   -0.010  0.161  0.068  0.197
   49     35.65  54.52  84.57  22.66   0.12   0.04   -0.053 -0.236 -0.013  0.055
   50     36.05-102.43 -35.89  15.47   0.23   0.09   -0.048  0.221 -0.290  0.174
   51     53.05-100.95 -54.43   7.96   0.40   0.08   -0.148  0.425  0.243 -1.344
   52     43.16-115.47  43.64  15.50   0.32   0.19   -0.042 -0.055  0.682  0.003
   53      0.98  10.62  80.78  21.46   0.21   0.18   -0.018  0.133  0.110  0.164
   54      2.44 -83.71 322.67  15.70   0.35  -0.15   -0.957 -0.040 -0.141  0.100
   55      2.73 -89.71 304.22   0.50   0.22  -0.04   -0.767  0.126 -0.065  0.099
   56     44.84  35.82  67.34  14.56   0.30   0.01   -0.062 -0.154 -0.396 -0.443
   57     47.02 -84.51 155.07  15.93   0.46   0.37   -0.182  0.201  0.523  0.327
   58     45.52 -80.63 151.30  15.51   0.44   0.34   -0.079  0.508  0.657  0.408
   59      8.46 -82.11   0.44   3.12   0.54  -0.09   -0.036  0.346  0.102  0.421
   60      3.45-110.12-117.82   2.55   0.69   0.18   -0.148  0.593  0.909 -1.148
   61      0.44-130.53 -54.85   0.60   0.48  -0.10   -0.163 -0.481  0.163  0.489
   62     20.08  19.68 152.06  14.78   0.53   0.25   -0.025  0.400 -0.587 -0.820
   63     18.78 -47.09  29.70  20.31   0.11   0.05   -0.015  0.183 -0.207  0.206
   64      4.55-162.24 184.98   8.03   0.67   0.60   -0.250  1.681  1.978  0.026
   65     23.35 -47.74  20.34  15.71   0.07  -0.06   -0.051  0.321 -0.305  0.214
   66     32.81-152.01  43.63  17.95   0.34   0.20    0.013  0.292  0.784  0.053
   67     41.90 -37.05  -5.18  18.75   0.17   0.09    0.001  0.257 -0.273 -0.449
   68     14.03  51.10 106.43  21.48   0.29   0.13   -0.169  0.323  0.758  1.081
   69     48.30-214.97-349.14  73.50   0.00   0.00    0.000  0.000  0.000  0.000
   70      5.41  33.75  97.11  19.15   0.30   0.17   -0.092  0.051  0.369 -0.146
   71      4.08   6.39  56.85   1.21   0.56  -0.07   -0.019  0.267  0.170 -0.090
   72     56.57 132.68-297.79  96.99   0.12  -0.34   -0.228 -0.017  0.022 -0.007
   73     12.78  50.78  82.06  23.87   0.14   0.12   -0.116  0.387  0.157  0.775
   74     36.08-102.42  70.50  22.40   0.20   0.10   -0.122  0.025  0.311  0.601
   75     46.57-108.17   3.51   0.07   0.93   0.03   -0.131 -0.584  1.054 -0.038
   76     54.60-217.19 302.17   0.10   0.00   0.00    0.000  0.000  0.000  0.000
   77     44.05  50.90  93.88  16.58   0.17   0.07   -0.055 -0.020  0.153 -0.224
   78     41.70  38.61  66.36  22.65   0.12   0.04   -0.100  0.244 -0.147  0.654
   79     58.55 -69.44  -4.60   0.40   0.40  -0.06   -0.053  0.335 -0.139  0.301
   80     26.64 -69.98  -6.06   0.58   0.33  -0.04   -0.055  0.164 -0.262  0.467
   81     26.84 -69.81  -4.78   0.03   0.40  -0.04   -0.064  0.311 -0.209 -0.075
   82     23.21 -69.76  -4.61   0.31   0.30  -0.13   -0.089  0.360 -0.148  0.201
   83     23.19 -70.47  -5.82   6.72   0.09  -0.11   -0.012  0.715  0.319  0.118
   84     21.21 -43.04   8.42  20.99   0.04   0.06    0.006  0.345 -0.399 -0.011
   85     24.45-167.77 -45.97  11.12   0.36   0.17   -0.148 -0.309  0.445  0.225
   86     44.06 -12.19  30.01  18.02   0.09   0.00   -0.042  0.143 -0.234 -0.076
   87     28.79 -61.44   6.79   3.81   0.14  -0.12   -0.012  0.218 -0.349  1.206
   88     37.97-103.54 -28.14   7.86   0.29  -0.08   -0.134  0.323 -0.019 -0.544
   89     47.70-141.67  89.87  20.80   0.32   0.23   -0.097  0.123  0.495  0.604
   90     48.19-139.63  88.70  20.89   0.25   0.20   -0.109  0.186  0.662  0.791
   91     33.97  33.70  85.29  20.35   0.26   0.04   -0.131  0.237  0.150  0.851

 A V E R A G E   of ADJUSTMENTS :                    -0.098  0.068  0.078  0.105
 A V E R A G E   of ABSOLUTE ADJUSTMENTS :            0.100  0.268  0.286  0.322


 Step length damping of 0.37729 was applied.


 Velocity adjustments:
     vp    dvp      hp   reflector
 Velocity model   1
   5.502 -0.028   -5.000      
   5.704  0.144    0.960      
   6.002 -0.088    5.910      
   6.570 -0.050   16.180      
   6.800  0.070   29.500      
   6.989  0.129   31.530      
   7.306  0.186   35.240      
   7.720 -0.200   40.280      
   7.929  0.009   40.810      

 Calculation of average velocity starts at layer #           1
 z = -5.00 ...  0.96    v = 5.50    AVEL = 5.50 downto z =   0.96
 z =  0.96 ...  5.91    v = 5.70    AVEL = 5.59 downto z =   5.91
 z =  5.91 ... 16.18    v = 6.00    AVEL = 5.79 downto z =  16.18
 z = 16.18 ... 29.50    v = 6.57    AVEL = 6.09 downto z =  29.50
 z = 29.50 ... 31.53    v = 6.80    AVEL = 6.13 downto z =  31.53
 z = 31.53 ... 35.24    v = 6.99    AVEL = 6.21 downto z =  35.24
 z = 35.24 ... 40.28    v = 7.31    AVEL = 6.33 downto z =  40.28
 z = 40.28 ... 40.81    v = 7.72    AVEL = 6.35 downto z =  40.81


 Calculation of average velocity starts at layer #           2
 z =  0.96 ...  5.91    v = 5.70    AVEL = 5.70 downto z =   5.91
 z =  5.91 ... 16.18    v = 6.00    AVEL = 5.90 downto z =  16.18
 z = 16.18 ... 29.50    v = 6.57    AVEL = 6.22 downto z =  29.50
 z = 29.50 ... 31.53    v = 6.80    AVEL = 6.25 downto z =  31.53
 z = 31.53 ... 35.24    v = 6.99    AVEL = 6.33 downto z =  35.24
 z = 35.24 ... 40.28    v = 7.31    AVEL = 6.46 downto z =  40.28
 z = 40.28 ... 40.81    v = 7.72    AVEL = 6.48 downto z =  40.81



 Adjusted station corrections:
   stn  ptcor  dpcor  
  624   0.000  0.000  628  -0.087 -0.087  630  -0.054 -0.054  627   0.046  0.046
  621   0.022  0.022  629   0.039  0.039  622   0.028  0.028  620  -0.001 -0.001
  623   0.097  0.097  626   0.053  0.053  625   0.045  0.045  631   0.084  0.084
  632  -0.070 -0.070

 ~~~ another iteration? ...



--------------------------------------------------------------------------------



           ITERATION no  2

 ~~~ set units for this iteration ...
 ~~~ determine number of unknowns for this iter. ...

 Number of unknowns (for array-indexing):  nvar =  385
 Number of effective unknowns        :  nvareff =  386
 Number of elements on/below main diagonal of matrix G = At*A : kvar =   74305

 Damping factors to be used in this iteration:
   Othet=   0.010   XYthet  =   0.010   Zthet=  0.010
 STAthet=   0.010   Vthet   =   1.000

 ~~~ damp G ...
 ~~~ solve G * b = RHT ...
 ~~~ fix units ...
 ~~~ apply eventually step-length damping ...
 ~~~ adjust model (hypocenters, stacorr & veloc.) ...

 doing velocity adjustments now...
 WARNING: Tried to introduce a low-velocity-layer! (Layer  9)
 Setting DVP from -0.20 to 0.0 and VP to vp(layer_above)+0.001

 doing station-correction adjustments...

 ~~~ compute effective step-length ...

 (Applied) Step length =   5.135

 ~~~ set units for next iteration ...
 ~~~ determine number of unknowns for next iter. ...

 Number of unknowns (for array-indexing):  nvar =  385
 Number of effective unknowns        :  nvareff =  386
 Number of elements on/below main diagonal of matrix G = At*A : kvar =   74305

 ~~~ reset G and RHT ...
 ~~~ raytracing, setup G ...
 ~~~ store parts of G ...
 ~~~ set units back for current iteration ...
 ~~~ determine number of unknowns for this iter. ...

 Number of unknowns (for array-indexing):  nvar =  385
 Number of effective unknowns        :  nvareff =  386
 Number of elements on/below main diagonal of matrix G = At*A : kvar =   74305

 ~~~ compute RMS and DATVAR ...

 $$$$$$$$$$$$$$$$$$$$$$$$$$$$$$$$$$$$$$$$$$$$$$$$$
 Events with  | AVRES | > 1.0 SEC are suspicious !

 ZERO events of this kind found! (lucky guy!!!)

 ~~~ check solution (better? worse?) ...

 Iteration nr  2 obtained:
 DATVAR=    0.205609 mean sqrd residual=     0.088724  RMS RESIDUAL=     0.297865

 After  2 iterations we got:
 Average absolute & unweighted [and mean] residual of
   384 straight and direct rays =  0.12897 [ -0.00268]
   295 refracted           rays =  0.28261 [  0.11588]
     0 reflected           rays =  0.00000 [  0.00000]

   679 ALL                 RAYS =  0.19572 [  0.04883]      -14.93 %

 ~~~ iteration done; output results ...

  eq       ot     x      y      z      rms    avres   dot     dx     dy     dz
    1      9.05  38.41 111.85  23.38   0.22   0.06   -0.005 -0.084 -0.031  0.133
    2      9.24  37.89 110.62  22.99   0.21   0.07   -0.010 -0.029  0.018  0.094
    3     27.07-130.79  -7.55  11.82   0.30   0.09   -0.082 -0.321  0.373 -0.154
    4     15.47-131.19  -6.21   9.52   0.31   0.05   -0.076 -0.106  0.280 -0.619
    5     45.62 -40.23  38.58  23.95   0.04   0.02   -0.018  0.034 -0.135  0.037
    6     49.40 -36.44  40.52  17.31   0.10  -0.04   -0.028  0.160 -0.077  0.283
    7     13.65-134.29-119.54   5.73   0.37   0.16   -0.111  0.387 -0.203 -0.292
    8     30.27-140.98 -43.42   8.96   0.25   0.12   -0.031 -0.022  0.128  0.113
    9     39.55  10.80  56.35  12.24   0.06  -0.08   -0.037 -0.058 -0.153  0.023
   10     18.07 -88.63-308.20  16.22   1.04   0.69   -0.085 -0.735  0.050  0.007
   11      5.15 -64.21-309.68  15.65   1.29   0.54   -0.163 -0.917 -0.019  0.018
   12     51.13  35.02  94.56  15.85   0.10   0.01   -0.010 -0.053 -0.010  0.053
   13     46.79  33.33  98.33  19.06   0.21   0.05   -0.033 -0.011  0.209  0.036
   14     55.73  33.53  97.20  14.61   0.10  -0.02   -0.040  0.102 -0.140  0.326
   15     44.57  33.98  97.83  17.53   0.27   0.08   -0.041 -0.024  0.237  0.162
   16     44.69  34.35  96.85  18.48   0.32   0.09   -0.074 -0.280  0.491 -0.057
   17     21.93  -1.14  82.65  19.12   0.08   0.02   -0.056 -0.064  0.138  0.387
   18     36.35 -33.62   4.76  11.78   0.13  -0.07   -0.039  0.160  0.091  0.167
   19     33.21  40.84  64.08  10.36   0.16  -0.06   -0.014 -0.208 -0.029  0.105
   20     45.88  37.63  85.35  16.20   0.16   0.01   -0.033 -0.071  0.084 -0.001
   21     34.03  36.27  82.42  13.31   0.32  -0.02   -0.006 -0.167 -0.092 -0.540
   22     25.76  35.24  85.40  13.33   0.18  -0.05   -0.036 -0.224  0.034 -0.047
   23     15.78  34.59  86.21  10.75   0.31  -0.06   -0.026 -0.351 -0.050 -0.324
   24      1.77  34.48  82.87   5.72   0.39  -0.05   -0.056 -0.199  0.351  0.012
   25     48.65 -45.69  23.20  22.54   0.09   0.07    0.020  0.107 -0.214  0.212
   26     27.47 -69.81  -4.32  10.88   0.05  -0.06   -0.036  0.224 -0.239  0.223
   27      0.14  -0.44  48.72  12.95   0.13  -0.03   -0.008  0.073 -0.307 -0.075
   28     58.97  37.34  76.38  10.95   0.19   0.02   -0.033 -0.094  0.078 -0.168
   29     20.16-148.84 -11.80  15.39   0.25   0.13    0.003 -0.008  0.395  0.257
   30      2.86  36.45  76.08  13.90   0.40   0.03    0.001  0.251 -0.305  0.245
   31     20.91  35.91  76.97  13.89   0.22  -0.01   -0.016 -0.236 -0.192 -0.091
   32     50.71  36.29  76.98  14.57   0.13  -0.04   -0.011 -0.197 -0.076 -0.264
   33      0.78  37.43  75.69  15.76   0.17  -0.01    0.005  0.075 -0.219  0.075
   34     55.42 -16.61  34.81  24.58   0.05   0.04    0.012  0.176 -0.040  0.016
   35     39.29 -70.89  -8.28   5.80   0.23  -0.08    0.049  0.410  0.118  0.962
   36     59.06  36.59  77.24  15.12   0.21   0.02    0.003  0.026 -0.270  0.035
   37      5.50  30.98  49.93  14.24   0.07  -0.06   -0.020 -0.152 -0.131 -0.248
   38     46.45  72.70  73.40  17.03   0.26   0.05   -0.002 -0.232  0.177  0.060
   39     13.95   0.64  25.75   4.52   0.11  -0.13   -0.029 -0.107 -0.173  0.136
   40     14.46 -42.01  13.97  16.50   0.18  -0.03   -0.045 -0.042 -0.017 -0.143
   41     56.32  34.43  78.42   5.44   0.14  -0.10   -0.002 -0.160 -0.276  0.114
   42     34.26  -3.73  46.17  17.94   0.08  -0.00   -0.007  0.120 -0.054 -0.043
   43     24.57-109.60 -38.89   6.08   0.23  -0.09    0.010  0.629  0.224  0.021
   44     49.58  30.04  50.30   8.56   0.09  -0.09   -0.024 -0.118 -0.120  0.060
   45     41.09-145.52  45.78  19.72   0.15   0.16   -0.034 -0.228  0.118  0.593
   46     34.03 -57.23  -0.87  16.28   0.08  -0.00   -0.021  0.147 -0.068  0.072
   47      1.00  10.72  80.45  21.99   0.23   0.12    0.014  0.073 -0.062  0.019
   48     37.20  10.72  81.66  23.84   0.07   0.06    0.011  0.078  0.020  0.148
   49     35.64  54.37  84.55  22.68   0.10   0.02   -0.008 -0.151 -0.020  0.024
   50     36.03-102.34 -36.16  15.55   0.20   0.06   -0.020  0.098 -0.274  0.080
   51     53.00-100.60 -54.17   6.95   0.35   0.06   -0.053  0.344  0.267 -1.009
   52     43.13-115.63  44.06  15.50   0.28   0.13   -0.025 -0.154  0.417  0.002
   53      0.99  10.68  80.84  21.55   0.19   0.13    0.009  0.060  0.052  0.081
   54      1.92 -83.76 322.58  15.76   0.32  -0.03   -0.527 -0.050 -0.086  0.057
   55      2.33 -89.63 304.19   0.55   0.15   0.05   -0.408  0.081 -0.031  0.053
   56     44.83  35.73  67.07  14.33   0.27   0.01   -0.012 -0.090 -0.266 -0.230
   57     46.92 -84.43 155.35  15.96   0.39   0.30   -0.097  0.078  0.282  0.036
   58     45.49 -80.32 151.78  15.80   0.37   0.25   -0.031  0.310  0.489  0.295
   59      8.47 -82.02   0.52   3.02   0.47  -0.04    0.002  0.090  0.088 -0.097
   60      3.45-109.61-117.10   1.73   0.60   0.16   -0.006  0.516  0.715 -0.823
   61      0.39-131.05 -54.79   1.17   0.47  -0.06   -0.048 -0.521  0.058  0.574
   62     20.09  19.89 151.58  14.13   0.46   0.17    0.013  0.212 -0.482 -0.655
   63     18.79 -46.99  29.55  20.38   0.08   0.04    0.004  0.095 -0.147  0.072
   64      4.42-161.04 186.45   8.04   0.57   0.46   -0.132  1.198  1.478  0.014
   65     23.34 -47.54  20.15  15.80   0.07  -0.04   -0.014  0.199 -0.183  0.082
   66     32.79-152.18  44.28  18.89   0.31   0.14   -0.018 -0.174  0.650  0.939
   67     41.92 -36.93  -5.39  18.36   0.16   0.06    0.014  0.125 -0.204 -0.389
   68     13.93  51.43 107.01  22.09   0.27   0.10   -0.099  0.330  0.582  0.614
   69     48.30-214.97-349.14  73.50   0.00   0.00    0.000  0.000  0.000  0.000
   70      5.36  33.77  97.41  19.07   0.25   0.12   -0.045  0.023  0.293 -0.080
   71      4.17   6.38  56.59   1.17   0.57  -0.05    0.092 -0.015 -0.269 -0.044
   72     55.69 132.62-297.71  96.97   0.03  -0.19   -0.882 -0.066  0.086 -0.026
   73     12.73  51.07  82.15  24.34   0.14   0.10   -0.056  0.288  0.091  0.468
   74     36.03-102.36  70.83  23.15   0.22   0.08   -0.043  0.053  0.336  0.753
   75     46.55-108.80   4.29   0.26   0.91   0.05   -0.023 -0.628  0.784  0.192
   76     54.60-217.19 302.17   0.10   0.00   0.00    0.000  0.000  0.000  0.000
   77     44.03  50.89  94.00  16.40   0.14   0.05   -0.015 -0.010  0.120 -0.175
   78     41.66  38.77  66.26  23.06   0.11   0.03   -0.044  0.166 -0.101  0.405
   79     58.60 -69.28  -4.82   0.75   0.36   0.01    0.054  0.159 -0.220  0.350
   80     26.69 -69.87  -6.36   0.84   0.28   0.02    0.046  0.105 -0.298  0.260
 ***** depth constrained for event    81
   81     26.86 -69.69  -5.04   0.11   0.35   0.04    0.022  0.119 -0.259 -0.025
   82     23.23 -69.61  -4.85   0.35   0.26  -0.04    0.018  0.147 -0.239  0.041
   83     23.21 -70.07  -5.61   6.83   0.07  -0.07    0.025  0.393  0.212  0.114
   84     21.22 -42.81   8.12  20.95   0.04   0.04    0.010  0.228 -0.301 -0.037
   85     24.39-168.02 -45.73  11.31   0.30   0.13   -0.067 -0.251  0.242  0.183
   86     44.05 -12.10  29.85  17.93   0.07   0.00   -0.012  0.084 -0.158 -0.097
   87     28.81 -61.32   6.48   4.67   0.12  -0.08    0.019  0.117 -0.310  0.865
   88     37.93-103.24 -28.18   7.51   0.27  -0.04   -0.034  0.301 -0.037 -0.350
   89     47.67-141.65  90.16  21.18   0.32   0.18   -0.032  0.027  0.289  0.375
   90     48.15-139.58  89.12  21.49   0.25   0.16   -0.040  0.052  0.420  0.599
   91     33.90  33.88  85.44  20.97   0.23   0.04   -0.069  0.182  0.147  0.618

 A V E R A G E   of ADJUSTMENTS :                    -0.042  0.020  0.045  0.069
 A V E R A G E   of ABSOLUTE ADJUSTMENTS :            0.052  0.187  0.212  0.225


 Step length damping of 0.33808 was applied.


 Velocity adjustments:
     vp    dvp      hp   reflector
 Velocity model   1
   5.510  0.008   -5.000      
   5.819  0.115    0.960      
   5.956 -0.045    5.910      
   6.547 -0.024   16.180      
   6.848  0.048   29.500      
   7.080  0.090   31.530      
   7.443  0.137   35.240      
   7.742  0.022   40.280      
   7.743  0.000   40.810      

 Calculation of average velocity starts at layer #           1
 z = -5.00 ...  0.96    v = 5.51    AVEL = 5.51 downto z =   0.96
 z =  0.96 ...  5.91    v = 5.82    AVEL = 5.65 downto z =   5.91
 z =  5.91 ... 16.18    v = 5.96    AVEL = 5.80 downto z =  16.18
 z = 16.18 ... 29.50    v = 6.55    AVEL = 6.09 downto z =  29.50
 z = 29.50 ... 31.53    v = 6.85    AVEL = 6.13 downto z =  31.53
 z = 31.53 ... 35.24    v = 7.08    AVEL = 6.22 downto z =  35.24
 z = 35.24 ... 40.28    v = 7.44    AVEL = 6.35 downto z =  40.28
 z = 40.28 ... 40.81    v = 7.74    AVEL = 6.37 downto z =  40.81


 Calculation of average velocity starts at layer #           2
 z =  0.96 ...  5.91    v = 5.82    AVEL = 5.82 downto z =   5.91
 z =  5.91 ... 16.18    v = 5.96    AVEL = 5.91 downto z =  16.18
 z = 16.18 ... 29.50    v = 6.55    AVEL = 6.21 downto z =  29.50
 z = 29.50 ... 31.53    v = 6.85    AVEL = 6.25 downto z =  31.53
 z = 31.53 ... 35.24    v = 7.08    AVEL = 6.34 downto z =  35.24
 z = 35.24 ... 40.28    v = 7.44    AVEL = 6.48 downto z =  40.28
 z = 40.28 ... 40.81    v = 7.74    AVEL = 6.50 downto z =  40.81



 Adjusted station corrections:
   stn  ptcor  dpcor  
  624   0.000  0.000  628  -0.129 -0.042  630  -0.083 -0.029  627   0.075  0.029
  621   0.039  0.017  629   0.073  0.035  622   0.038  0.010  620  -0.011 -0.010
  623   0.150  0.053  626   0.085  0.033  625   0.075  0.030  631   0.146  0.062
  632  -0.092 -0.022

 ~~~ another iteration? ...



--------------------------------------------------------------------------------



           ITERATION no  3

 ~~~ set units for this iteration ...
 ~~~ determine number of unknowns for this iter. ...

 Number of unknowns (for array-indexing):  nvar =  385
 Number of effective unknowns        :  nvareff =  386
 Number of elements on/below main diagonal of matrix G = At*A : kvar =   74305

 Damping factors to be used in this iteration:
   Othet=   0.010   XYthet  =   0.010   Zthet=  0.010
 STAthet=   0.010   Vthet   =   1.000

 ~~~ damp G ...
 ~~~ solve G * b = RHT ...
 ~~~ fix units ...
 ~~~ apply eventually step-length damping ...
 ~~~ adjust model (hypocenters, stacorr & veloc.) ...

 doing velocity adjustments now...

 doing station-correction adjustments...

 ~~~ compute effective step-length ...

 (Applied) Step length =   6.698

 ~~~ set units for next iteration ...
 ~~~ determine number of unknowns for next iter. ...

 Number of unknowns (for array-indexing):  nvar =  385
 Number of effective unknowns        :  nvareff =  386
 Number of elements on/below main diagonal of matrix G = At*A : kvar =   74305

 ~~~ reset G and RHT ...
 ~~~ raytracing, setup G ...
 ~~~ store parts of G ...
 ~~~ set units back for current iteration ...
 ~~~ determine number of unknowns for this iter. ...

 Number of unknowns (for array-indexing):  nvar =  385
 Number of effective unknowns        :  nvareff =  386
 Number of elements on/below main diagonal of matrix G = At*A : kvar =   74305

 ~~~ compute RMS and DATVAR ...

 $$$$$$$$$$$$$$$$$$$$$$$$$$$$$$$$$$$$$$$$$$$$$$$$$
 Events with  | AVRES | > 1.0 SEC are suspicious !

 ZERO events of this kind found! (lucky guy!!!)

 ~~~ check solution (better? worse?) ...

 Iteration nr  3 obtained:
 DATVAR=    0.177715 mean sqrd residual=     0.076687  RMS RESIDUAL=     0.276924

 After  3 iterations we got:
 Average absolute & unweighted [and mean] residual of
   391 straight and direct rays =  0.11861 [  0.00011]
   288 refracted           rays =  0.25721 [  0.10218]
     0 reflected           rays =  0.00000 [  0.00000]

   679 ALL                 RAYS =  0.17740 [  0.04341]       -9.36 %

 ~~~ iteration done; output results ...

  eq       ot     x      y      z      rms    avres   dot     dx     dy     dz
    1      9.00  38.29 111.77  23.59   0.20   0.05   -0.050 -0.116 -0.074  0.216
    2      9.18  37.84 110.61  23.15   0.21   0.04   -0.058 -0.051 -0.003  0.162
    3     26.91-131.22  -7.13  11.60   0.27   0.07   -0.152 -0.437  0.425 -0.223
    4     15.33-131.38  -5.86   8.75   0.25   0.03   -0.148 -0.184  0.350 -0.764
    5     45.56 -40.15  38.41  24.06   0.04   0.01   -0.061  0.081 -0.174  0.112
    6     49.34 -36.20  40.41  17.78   0.11  -0.02   -0.066  0.236 -0.102  0.468
    7     13.48-133.80-119.77   5.41   0.34   0.20   -0.163  0.494 -0.226 -0.320
    8     30.19-140.99 -43.30   9.11   0.25   0.09   -0.080 -0.006  0.127  0.146
    9     39.46  10.76  56.16  12.34   0.07  -0.04   -0.087 -0.036 -0.187  0.103
   10     18.01 -89.42-308.14  16.22   0.97   0.58   -0.054 -0.793  0.051  0.005
   11      5.02 -65.27-309.70  15.66   1.22   0.50   -0.125 -1.062 -0.026  0.014
   12     51.09  34.99  94.48  15.94   0.09   0.01   -0.047 -0.023 -0.075  0.092
   13     46.70  33.32  98.57  19.13   0.19   0.02   -0.084 -0.011  0.236  0.076
   14     55.66  33.73  96.91  15.02   0.08   0.01   -0.069  0.202 -0.289  0.409
   15     44.47  33.95  98.13  17.84   0.26   0.06   -0.098 -0.022  0.291  0.309
   16     44.54  33.99  97.52  18.44   0.28   0.06   -0.146 -0.357  0.670 -0.038
   17     21.86  -1.03  82.77  19.12   0.05   0.01   -0.072  0.106  0.126 -0.007
   18     36.28 -33.30   4.88  12.02   0.12  -0.03   -0.072  0.317  0.119  0.238
   19     33.15  40.64  63.99  10.48   0.15  -0.03   -0.062 -0.199 -0.086  0.124
   20     45.80  37.55  85.44  16.20   0.13   0.00   -0.080 -0.080  0.095 -0.001
   21     33.99  36.04  82.26  12.65   0.29  -0.01   -0.039 -0.225 -0.168 -0.662
   22     25.69  35.00  85.37  13.22   0.15  -0.03   -0.072 -0.241 -0.028 -0.111
   23     15.77  34.19  85.82   9.69   0.25  -0.03   -0.013 -0.401 -0.391 -1.053
   24      1.63  34.41  83.31   5.70   0.35  -0.03   -0.139 -0.062  0.441 -0.022
   25     48.63 -45.52  22.91  22.90   0.08   0.03   -0.017  0.164 -0.289  0.360
   26     27.38 -69.55  -4.61  11.24   0.05  -0.03   -0.088  0.261 -0.287  0.359
   27      0.10  -0.32  48.31  12.87   0.09  -0.01   -0.044  0.124 -0.414 -0.089
   28     58.92  37.26  76.27  10.60   0.13   0.01   -0.057 -0.084 -0.105 -0.355
   29     20.13-148.92 -11.49  15.96   0.22   0.08   -0.026 -0.076  0.304  0.569
   30      2.83  36.79  75.56  14.21   0.39   0.03   -0.031  0.343 -0.516  0.306
   31     20.86  35.68  76.66  13.81   0.20   0.02   -0.051 -0.228 -0.315 -0.073
   32     50.67  36.06  76.82  14.23   0.10  -0.02   -0.042 -0.226 -0.167 -0.341
   33      0.75  37.51  75.39  15.84   0.15  -0.01   -0.028  0.079 -0.303  0.077
   34     55.40 -16.34  34.72  24.60   0.05   0.02   -0.016  0.268 -0.087  0.022
   35     39.26 -70.35  -8.14   6.78   0.22  -0.06   -0.028  0.537  0.143  0.989
   36     59.04  36.56  76.92  15.00   0.19   0.01   -0.024 -0.032 -0.318 -0.127
   37      5.45  30.82  49.77  13.91   0.06  -0.03   -0.058 -0.157 -0.154 -0.333
   38     46.41  72.37  73.55  17.18   0.24   0.03   -0.040 -0.329  0.146  0.157
   39     13.83   0.74  25.60   4.78   0.11  -0.07   -0.128  0.097 -0.151  0.253
   40     14.38 -42.01  13.95  16.46   0.18  -0.01   -0.083  0.005 -0.020 -0.043
   41     56.25  34.51  78.07   6.12   0.15  -0.05   -0.069  0.084 -0.346  0.683
   42     34.22  -3.56  46.06  17.91   0.07  -0.00   -0.038  0.177 -0.118 -0.036
   43     24.53-108.93 -38.83   6.55   0.22  -0.04   -0.041  0.673  0.059  0.471
   44     49.49  29.97  50.16   8.70   0.08  -0.05   -0.083 -0.074 -0.144  0.136
   45     41.05-145.47  46.43  20.47   0.14   0.10   -0.042  0.045  0.657  0.755
   46     33.97 -57.06  -0.98  16.47   0.07  -0.00   -0.061  0.168 -0.114  0.191
   47      0.97  10.83  80.34  22.15   0.22   0.09   -0.029  0.114 -0.107  0.162
   48     37.17  10.85  81.64  24.08   0.07   0.03   -0.032  0.126 -0.011  0.238
   49     35.60  54.14  84.47  22.75   0.07   0.01   -0.043 -0.229 -0.076  0.067
   50     35.97-102.16 -36.44  15.67   0.17   0.03   -0.059  0.172 -0.281  0.115
   51     52.91-100.08 -53.77   5.69   0.31   0.05   -0.088  0.521  0.392 -1.255
   52     43.04-115.90  44.59  15.51   0.24   0.06   -0.097 -0.279  0.527  0.007
   53      0.95  10.78  80.87  21.78   0.19   0.09   -0.038  0.099  0.031  0.235
   54      1.59 -83.87 322.50  15.79   0.29   0.14   -0.328 -0.111 -0.082  0.035
   55      1.97 -89.62 304.13   0.60   0.12   0.24   -0.360  0.009 -0.057  0.045
   56     44.77  35.66  66.73  14.13   0.25   0.02   -0.052 -0.074 -0.344 -0.199
   57     46.74 -84.36 155.74  15.99   0.37   0.30   -0.176  0.075  0.390  0.027
   58     45.41 -79.85 152.62  16.37   0.35   0.19   -0.083  0.469  0.839  0.567
   59      8.42 -81.26   0.22   1.85   0.42  -0.02   -0.047  0.764 -0.299 -1.178
   60      3.45-108.86-116.18   1.21   0.59   0.15    0.004  0.747  0.925 -0.514
   61      0.21-131.64 -54.97   2.17   0.43  -0.02   -0.183 -0.593 -0.179  0.994
   62     20.05  20.23 151.28  13.86   0.43   0.11   -0.036  0.342 -0.301 -0.261
   63     18.76 -46.84  29.35  20.61   0.05   0.02   -0.033  0.158 -0.202  0.234
   64      4.24-159.02 188.76   8.06   0.51   0.45   -0.179  2.017  2.306  0.019
   65     23.29 -47.30  19.92  15.94   0.07  -0.02   -0.047  0.244 -0.231  0.140
   66     32.70-152.49  45.07  20.17   0.27   0.10   -0.094 -0.310  0.786  1.282
   67     41.88 -36.74  -5.63  18.05   0.15   0.03   -0.031  0.182 -0.241 -0.309
   68     13.77  51.82 107.74  22.52   0.24   0.06   -0.163  0.396  0.733  0.430
   69     48.30-214.97-349.14  73.50   0.00   0.00    0.000  0.000  0.000  0.000
   70      5.26  33.80  97.75  19.09   0.23   0.09   -0.103  0.031  0.346  0.020
   71      4.11   6.41  56.53   1.14   0.56  -0.02   -0.062  0.035 -0.057 -0.024
   72     55.37 132.59-297.68  96.96   0.01  -0.10   -0.318 -0.024  0.032 -0.010
   73     12.70  51.26  81.84  24.31   0.14   0.06   -0.025  0.192 -0.315 -0.028
   74     35.99-102.07  71.18  23.35   0.25   0.05   -0.045  0.296  0.349  0.199
   75     46.40-109.74   4.84   1.12   0.89   0.01   -0.145 -0.940  0.551  0.854
   76     54.60-217.19 302.17   0.10   0.00   0.00    0.000  0.000  0.000  0.000
   77     43.97  50.85  94.11  16.20   0.13   0.02   -0.057 -0.043  0.108 -0.199
   78     41.57  38.97  66.10  23.59   0.13   0.04   -0.091  0.197 -0.160  0.537
   79     58.58 -68.88  -4.82   1.06   0.35  -0.00   -0.020  0.397  0.001  0.305
   80     26.65 -69.53  -6.42   0.85   0.27   0.01   -0.042  0.341 -0.060  0.016
   81     26.82 -69.36  -5.07   0.02   0.33   0.02   -0.034  0.328 -0.028 -0.091
   82     23.17 -69.21  -4.87   0.31   0.23  -0.02   -0.058  0.397 -0.020 -0.042
   83     23.19 -69.64  -5.43   7.00   0.06  -0.03   -0.027  0.432  0.177  0.171
   84     21.19 -42.50   7.74  21.02   0.05   0.02   -0.029  0.310 -0.375  0.065
   85     24.27-168.38 -45.48  11.63   0.28   0.13   -0.119 -0.357  0.255  0.319
   86     44.00 -11.98  29.62  17.86   0.05  -0.00   -0.047  0.121 -0.229 -0.063
   87     28.72 -61.12   6.27   5.58   0.12  -0.04   -0.083  0.203 -0.208  0.909
   88     37.87-102.78 -28.23   7.09   0.25  -0.02   -0.061  0.463 -0.058 -0.412
   89     47.59-141.72  90.43  21.47   0.34   0.14   -0.082 -0.071  0.272  0.287
   90     48.06-139.60  89.55  22.05   0.26   0.14   -0.090 -0.020  0.431  0.561
   91     33.77  34.11  85.61  21.82   0.19   0.05   -0.126  0.236  0.172  0.854

 A V E R A G E   of ADJUSTMENTS :                    -0.077  0.069  0.047  0.091
 A V E R A G E   of ABSOLUTE ADJUSTMENTS :            0.077  0.258  0.258  0.293


 Step length damping of 0.50367 was applied.


 Velocity adjustments:
     vp    dvp      hp   reflector
 Velocity model   1
   5.539  0.029   -5.000      
   5.780 -0.039    0.960      
   5.924 -0.032    5.910      
   6.515 -0.031   16.180      
   6.883  0.035   29.500      
   7.124  0.044   31.530      
   7.440 -0.003   35.240      
   7.542 -0.200   40.280      
   7.709 -0.034   40.810      

 Calculation of average velocity starts at layer #           1
 z = -5.00 ...  0.96    v = 5.54    AVEL = 5.54 downto z =   0.96
 z =  0.96 ...  5.91    v = 5.78    AVEL = 5.65 downto z =   5.91
 z =  5.91 ... 16.18    v = 5.92    AVEL = 5.78 downto z =  16.18
 z = 16.18 ... 29.50    v = 6.52    AVEL = 6.07 downto z =  29.50
 z = 29.50 ... 31.53    v = 6.88    AVEL = 6.11 downto z =  31.53
 z = 31.53 ... 35.24    v = 7.12    AVEL = 6.20 downto z =  35.24
 z = 35.24 ... 40.28    v = 7.44    AVEL = 6.34 downto z =  40.28
 z = 40.28 ... 40.81    v = 7.54    AVEL = 6.36 downto z =  40.81


 Calculation of average velocity starts at layer #           2
 z =  0.96 ...  5.91    v = 5.78    AVEL = 5.78 downto z =   5.91
 z =  5.91 ... 16.18    v = 5.92    AVEL = 5.88 downto z =  16.18
 z = 16.18 ... 29.50    v = 6.52    AVEL = 6.18 downto z =  29.50
 z = 29.50 ... 31.53    v = 6.88    AVEL = 6.22 downto z =  31.53
 z = 31.53 ... 35.24    v = 7.12    AVEL = 6.32 downto z =  35.24
 z = 35.24 ... 40.28    v = 7.44    AVEL = 6.46 downto z =  40.28
 z = 40.28 ... 40.81    v = 7.54    AVEL = 6.48 downto z =  40.81



 Adjusted station corrections:
   stn  ptcor  dpcor  
  624   0.000  0.000  628  -0.184 -0.055  630  -0.119 -0.036  627   0.098  0.023
  621   0.058  0.019  629   0.111  0.038  622   0.058  0.020  620  -0.014 -0.003
  623   0.212  0.062  626   0.120  0.034  625   0.116  0.041  631   0.208  0.062
  632  -0.106 -0.013

 ~~~ another iteration? ...
 NITT = ITTMAX  --> stop iterations.
 ~~~ final solution reached ...

 ~~~ damp G & Chol.-Decomp.: NOT made (switch iresolcalc is NOT set !)

 Final rms values:  0.20 0.21 0.27 0.25 0.04 0.11 0.34 0.25 0.07 0.97
                    1.22 0.09 0.19 0.08 0.26 0.28 0.05 0.12 0.15 0.13
                    0.29 0.15 0.25 0.35 0.08 0.05 0.09 0.13 0.22 0.39
                    0.20 0.10 0.15 0.05 0.22 0.19 0.06 0.24 0.11 0.18
                    0.15 0.07 0.22 0.08 0.14 0.07 0.22 0.07 0.07 0.17
                    0.31 0.24 0.19 0.29 0.12 0.25 0.37 0.35 0.42 0.59
                    0.43 0.43 0.05 0.51 0.07 0.27 0.15 0.24 0.00 0.23
                    0.56 0.01 0.14 0.25 0.89 0.00 0.13 0.13 0.35 0.27
                    0.33 0.23 0.06 0.05 0.28 0.05 0.12 0.25 0.34 0.26
                    0.19



 ~~~ output final hypocenters ...

      date    origin   latitude longitude  depth  mag  no  rms      x      y      z
   1 160818 1613  9.00 73.0017N 124.8595E  23.59 1.40   6 0.201   38.29 111.77  23.59
   2 160818 1613  9.18 72.9913N 124.8734E  23.15 1.10   6 0.215   37.84 110.61  23.15
   3 160819 0959 26.91 71.9361N 129.7967E  11.60 4.00  12 0.272 -131.22  -7.13  11.60
   4 160820 1506 15.33 71.9475N 129.8023E   8.75 1.50   9 0.252 -131.38  -5.86   8.75
   5 160820 1904 45.56 72.3442N 127.1744E  24.06 1.20   6 0.037  -40.15  38.41  24.06
   6 160822 1318 49.34 72.3622N 127.0595E  17.78 0.60   8 0.106  -36.20  40.41  17.78
   7 160823 0652 13.48 70.9266N 129.7695E   5.41 2.90   6 0.342 -133.80-119.77   5.41
   8 160824 1510 30.19 71.6120N 130.0442E   9.11 1.50   9 0.253 -140.99 -43.30   9.11
   9 160906 1514 39.46 72.5033N 125.6838E  12.34 0.90   6 0.071   10.76  56.16  12.34
  10 160920 1607 18.01 69.2384N 128.4136E  16.22 2.60   2 0.970  -89.42-308.14  16.22
  11 160925 1911  5.02 69.2245N 127.7611E  15.66 2.30   2 1.222  -65.27-309.70  15.66
  12 161004 0841 51.09 72.8467N 124.9622E  15.94 0.20   6 0.090   34.99  94.48  15.94
  13 161005 1619 46.70 72.8834N 125.0107E  19.13 1.00   9 0.193   33.32  98.57  19.13
  14 161006 0156 55.66 72.8685N 124.9990E  15.02 1.00   7 0.077   33.73  96.91  15.02
  15 161009 0036 44.47 72.8794N 124.9921E  17.84 1.30   8 0.260   33.95  98.13  17.84
  16 161009 0036 44.54 72.8740N 124.9911E  18.44 1.20   7 0.279   33.99  97.52  18.44
  17 161012 0800 21.86 72.7418N 126.0305E  19.12 0.80   7 0.051   -1.03  82.77  19.12
  18 161015 1013 36.28 72.0437N 126.9662E  12.02 0.70   7 0.121  -33.30   4.88  12.02
  19 161021 0507 33.15 72.5735N 124.8038E  10.48 0.80   6 0.147   40.64  63.99  10.48
  20 161124 2250 45.80 72.7657N 124.8887E  16.20 3.10   4 0.127   37.55  85.44  16.20
  21 161125 0156 33.99 72.7372N 124.9342E  12.65 0.60   7 0.285   36.04  82.26  12.65
  22 161125 0517 25.69 72.7651N 124.9645E  13.22 1.60   6 0.149   35.00  85.37  13.22
  23 161125 0525 15.77 72.7691N 124.9882E   9.69 0.80   6 0.250   34.19  85.82   9.69
  24 161125 0556  1.63 72.7466N 124.9822E   5.70 0.20   6 0.351   34.41  83.31   5.70
  25 170117 0846 48.63 72.2053N 127.3266E  22.90 0.30   6 0.081  -45.52  22.91  22.90
  26 170122 1614 27.38 71.9587N 128.0135E  11.24 0.90   6 0.049  -69.55  -4.61  11.24
  27 170125 2244  0.10 72.4329N 126.0093E  12.87 0.80   6 0.090   -0.32  48.31  12.87
  28 170302 1359 58.92 72.6835N 124.9000E  10.60 0.50   7 0.133   37.26  76.27  10.60
  29 170302 2335 20.13 71.8970N 130.3041E  15.96 2.10   9 0.217 -148.92 -11.49  15.96
  30 170304 2135  2.83 72.6772N 124.9138E  14.21 1.30   7 0.387   36.79  75.56  14.21
  31 170307 0447 20.86 72.6870N 124.9464E  13.81 1.70  10 0.203   35.68  76.66  13.81
  32 170307 2016 50.67 72.6884N 124.9351E  14.23 1.10   6 0.101   36.06  76.82  14.23
  33 170309 1454  0.75 72.6757N 124.8928E  15.84 0.30   6 0.152   37.51  75.39  15.84
  34 170311 0430 55.40 72.3112N 126.4776E  24.60 0.30   6 0.050  -16.34  34.72  24.60
  35 170312 0416 39.26 71.9270N 128.0351E   6.78 2.10   6 0.224  -70.35  -8.14   6.78
  36 170313 0553 59.04 72.6894N 124.9205E  15.00 1.00   9 0.186   36.56  76.92  15.00
  37 170313 0809  5.45 72.4461N 125.0958E  13.91 1.20   7 0.060   30.82  49.77  13.91
  38 170315 0234 46.41 72.6591N 123.8649E  17.18 1.40   7 0.243   72.37  73.55  17.18
  39 170317 1007 13.83 72.2294N 125.9784E   4.78 0.50   7 0.107    0.74  25.60   4.78
  40 170320 0711 14.38 72.1250N 127.2216E  16.46 0.90   6 0.181  -42.01  13.95  16.46
  41 170320 0853 56.25 72.6997N 124.9806E   6.12 0.40   6 0.152   34.51  78.07   6.12
  42 170320 1900 34.22 72.4128N 126.1042E  17.91 0.60   7 0.070   -3.56  46.06  17.91
  43 170323 0519 24.53 71.6520N 129.1279E   6.55 1.20   6 0.221 -108.93 -38.83   6.55
  44 170323 1612 49.49 72.4495N 125.1208E   8.70 0.50   6 0.078   29.97  50.16   8.70
  45 170323 1906 41.05 72.4161N 130.2638E  20.47 1.00   6 0.137 -145.47  46.43  20.47
  46 170326 0836 33.97 71.9912N 127.6534E  16.47 1.50   7 0.069  -57.06  -0.98  16.47
  47 170402 0422  0.97 72.7200N 125.6799E  22.15 1.20  10 0.222   10.83  80.34  22.15
  48 170402 0636 37.17 72.7317N 125.6792E  24.08 0.70   6 0.074   10.85  81.64  24.08
  49 170404 2347 35.60 72.7570N 124.3983E  22.75 0.50   6 0.074   54.14  84.47  22.75
  50 170405 0307 35.97 71.6734N 128.9353E  15.67 1.00  10 0.168 -102.16 -36.44  15.67
  51 170405 1410 52.91 71.5181N 128.8637E   5.69 1.70  10 0.306 -100.08 -53.77   5.69
  52 170406 0838 43.04 72.3996N 129.3956E  15.51 0.90  10 0.240 -115.90  44.59  15.51
  53 170406 1728  0.95 72.7247N 125.6814E  21.78 0.90  10 0.188   10.78  80.87  21.78
  54 170407 1729  1.59 74.8902N 128.6361E  15.79 1.80   2 0.295  -83.87 322.50  15.79
  55 170407 1729  1.97 74.7256N 128.8031E   0.60 1.60   5 0.121  -89.62 304.13   0.60
  56 170408 1004 44.77 72.5980N 124.9496E  14.13 1.40  13 0.250   35.66  66.73  14.13
  57 170409 0856 46.74 73.3957N 128.5401E  15.99 2.50   6 0.370  -84.36 155.74  15.99
  58 170409 0902 45.41 73.3678N 128.4025E  16.37 1.10   7 0.347  -79.85 152.62  16.37
  59 170410 1520  8.42 72.0020N 128.3552E   1.85 1.00  10 0.420  -81.26   0.22   1.85
  60 170410 1813  3.45 70.9588N 129.0695E   1.21 2.20  13 0.586 -108.86-116.18   1.21
  61 170412 1507  0.21 71.5074N 129.7657E   2.17 0.70   6 0.434 -131.64 -54.97   2.17
  62 170413 0651 20.05 73.3557N 125.3915E  13.86 1.00  10 0.434   20.23 151.28  13.86
  63 170414 0459 18.76 72.2630N 127.3671E  20.61 0.50   7 0.048  -46.84  29.35  20.61
  64 170414 0540  4.24 73.6916N 130.8286E   8.06 1.80  11 0.507 -159.02 188.76   8.06
  65 170414 1656 23.29 72.1786N 127.3775E  15.94 0.20   6 0.071  -47.30  19.92  15.94
  66 170414 1753 32.70 72.4039N 130.4680E  20.17 0.70   6 0.266 -152.49  45.07  20.17
  67 170416 0523 41.88 71.9496N 127.0635E  18.05 1.60  13 0.147  -36.74  -5.63  18.05
  68 170416 1220 13.77 72.9656N 124.4580E  22.52 1.00  11 0.239   51.82 107.74  22.52
 WARNING: Event-# :          69 has zero observations!
  69 170416 1257 48.30 68.8710N 131.7500E  73.50 2.20   0 0.000 -214.97-349.14  73.50
  70 170416 1821  5.26 72.8760N 124.9967E  19.09 1.30  13 0.230   33.80  97.75  19.09
  71 170418 0606  4.11 72.5066N 125.8116E   1.14 0.20   6 0.561    6.41  56.53   1.14
  72 170418 1005 55.37 69.3323N 122.4128E  96.96 2.20   1 0.009  132.59-297.68  96.96
  73 170418 1500 12.70 72.7334N 124.4844E  24.31 1.30  12 0.142   51.26  81.84  24.31
  74 170420 1302 35.99 72.6379N 129.0097E  23.35 0.90  11 0.248 -102.07  71.18  23.35
  75 170420 2248 46.40 72.0434N 129.1842E   1.12 0.70  11 0.893 -109.74   4.84   1.12
 WARNING: Event-# :          76 has zero observations!
  76 170423 0850 54.60 74.7080N 132.7900E   0.10 1.90   0 0.000 -217.19 302.17   0.10
  77 170423 1455 43.97 72.8434N 124.4920E  16.20 0.60   8 0.126   50.85  94.11  16.20
  78 170423 2313 41.57 72.5924N 124.8522E  23.59 1.30  12 0.131   38.97  66.10  23.59
  79 170424 0609 58.58 71.9568N 127.9940E   1.06 1.10  12 0.345  -68.88  -4.82   1.06
  80 170424 0755 26.65 71.9424N 128.0121E   0.85 1.00  12 0.267  -69.53  -6.42   0.85
  81 170424 0755 26.82 71.9546N 128.0078E   0.02 1.00  12 0.327  -69.36  -5.07   0.02
  82 170425 0652 23.17 71.9564N 128.0036E   0.31 1.20   9 0.231  -69.21  -4.87   0.31
  83 170426 0051 23.19 71.9513N 128.0157E   7.00 0.70   6 0.056  -69.64  -5.43   7.00
  84 170426 1425 21.19 72.0694N 127.2340E  21.02 0.10   6 0.047  -42.50   7.74  21.02
  85 170426 1834 24.27 71.5924N 130.8274E  11.63 1.20   8 0.280 -168.38 -45.48  11.63
  86 170426 1840 44.00 72.2654N 126.3498E  17.86 1.30   8 0.051  -11.98  29.62  17.86
  87 170427 0912 28.72 72.0562N 127.7740E   5.58 0.90   8 0.116  -61.12   6.27   5.58
  88 170427 1041 37.87 71.7470N 128.9586E   7.09 0.70   7 0.252 -102.78 -28.23   7.09
  89 170427 2010 47.59 72.8105N 130.1987E  21.47 1.30   8 0.336 -141.72  90.43  21.47
  90 170427 2010 48.06 72.8026N 130.1351E  22.05 1.30   8 0.257 -139.60  89.55  22.05
  91 170427 2342 33.77 72.7672N 124.9905E  21.82 0.80   6 0.189   34.11  85.61  21.82

 ~~~ output final station residuals ...
 TURBO-option is set; residuals are NOT printed for each event!



   station statistics, remember nsp was set to: 1


 sta phase nobs avres  avwres    std    wsum    delay

 624    P  74  0.0138  0.0138  0.1910  74.0000  0.0000
 628    P  69 -0.0332 -0.0332  0.2666  69.0000 -0.1836
 630    P  53  0.0008  0.0008  0.2654  53.0000 -0.1188
 627    P  46  0.0244  0.0244  0.2324  46.0000  0.0979
 621    P  59  0.0799  0.0799  0.2218  59.0000  0.0581
 629    P  43  0.0246  0.0246  0.2598  43.0000  0.1114
 622    P  58  0.0332  0.0332  0.2024  58.0000  0.0578
 620    P  48  0.0237  0.0237  0.3053  48.0000 -0.0143
 623    P  55  0.0588  0.0588  0.2795  55.0000  0.2116
 626    P  52  0.0730  0.0730  0.3976  52.0000  0.1197
 625    P  49  0.0378  0.0378  0.2724  49.0000  0.1157
 631    P  49  0.1867  0.1867  0.3707  49.0000  0.2083
 632    P  24  0.1129  0.1129  0.2764  24.0000 -0.1057


 ~~~ output statistics ...




 RAY-STATISTICS FOR  L A S T  ITERATION
 --------------------------------------

 NHYP : nr of hypocenters in this layer
 NREF : nr of headwaves in this layer
 %len : % of "refracted km" in this layer 
        with respect to all refracted kilometers
 NHIT : nr of rays passed thru this layer
 xy-km: average horizontal ray length [km] in layer
 z-km : average  vertical  ray length [km] in layer
 RFLX : number of reflections at bottom of this layer

 nlay   top ..... bottom     velocity   NHYP NREF %len  NHIT xy-km  z-km  RFLX

   1    -5.00...  0.96 km    5.54 km/s    5    0   0.0   717   1.7   0.9     0
   2     0.96...  5.91 km    5.78 km/s   11   26   7.0   748  12.9   4.4     0
   3     5.91... 16.18 km    5.92 km/s   37   31   8.3   801  18.8   7.8     0
   4    16.18... 29.50 km    6.52 km/s   36  131  47.8   563  39.6   6.1     0
   5    29.50... 31.53 km    6.88 km/s    0    0   0.0   201   4.4   2.0     0
   6    31.53... 35.24 km    7.12 km/s    0    0   0.0   201  10.3   3.7     0
   7    35.24... 40.28 km    7.44 km/s    0   40  11.4   161  27.7   3.8     0
   8    40.28... 40.81 km    7.54 km/s    0    0   0.0   121   2.5   0.5     0
   9    40.81...       km    7.71 km/s    2   60  25.5     0   0.0   0.0

 Total nr of events was   91

 Total nr of refracted rays =   288
 Total nr of reflected rays =     0
 Total nr of   other   rays =   391
                              ------
 Total nr of    all    rays =   679

 Average (absolute) error of the raytracers:
  Straight and direct rays :    6.81 meters
  Refracted           rays :    0.01 meters
  Reflected           rays :    0.00 meters


 ALL RAYS TOGETHER:
 Average horizontal ray length =   89.8 km   (Hypocenter --> Station) 
 Average  vertical  ray length =   18.3 km   (Deepest ray-point --> Station)



 ... and some more STATISTICS 
 ---------------------------- 
  GAP of final epicenters:

  Event# -> GAP  Event# -> GAP  Event# -> GAP  Event# -> GAP  Event# -> GAP
       1 -> 295       2 -> 294       3 -> 271       4 -> 275       5 -> 307
       6 ->  98       7 -> 321       8 -> 306       9 -> 167      10 -> 347
      11 -> 346      12 -> 258      13 -> 264      14 -> 262      15 -> 264
      16 -> 266      17 -> 253      18 -> 239      19 -> 161      20 -> 302
      21 -> 230      22 -> 238      23 -> 239      24 -> 232      25 -> 128
      26 -> 102      27 -> 149      28 -> 211      29 -> 305      30 -> 209
      31 -> 213      32 -> 213      33 -> 208      34 -> 132      35 -> 237
      36 -> 214      37 -> 132      38 -> 312      39 -> 119      40 -> 210
      41 -> 217      42 -> 122      43 -> 223      44 -> 133      45 -> 309
      46 -> 125      47 -> 224      48 -> 226      49 -> 286      50 -> 192
      51 -> 288      52 -> 271      53 -> 224      54 -> 354      55 -> 347
      56 -> 178      57 -> 310      58 -> 317      59 -> 159      60 -> 309
      61 -> 302      62 -> 305      63 -> 148      64 -> 322      65 -> 127
      66 -> 293      67 ->  87      68 -> 297      69 -> 173      70 -> 264
      71 -> 173      72 ->   0      73 -> 263      74 -> 299      75 -> 243
      76 ->  60      77 -> 284      78 -> 173      79 -> 163      80 -> 169
      81 -> 165      82 -> 164      83 -> 228      84 -> 118      85 -> 316
      86 ->  94      87 -> 112      88 -> 268      89 -> 317      90 -> 317
      91 -> 295

 GAPs were between   0 and 354
      (average GAP was 227)



  MAGNITUDES of INPUT-DATA:

 Magnitude (# of events)   ***average number of obs***

 MAG<= 1.0 ( 47) *******
 MAG = 1.1 (  4) ********
 MAG = 1.2 (  7) ********
 MAG = 1.3 (  8) *********1
 MAG = 1.4 (  3) *********
 MAG = 1.5 (  3) ********
 MAG = 1.6 (  3) ********
 MAG = 1.7 (  2) *********1
 MAG = 1.8 (  2) *******
 MAG = 1.9 (  1)  
 MAG = 2.0 (  0)  
 MAG = 2.1 (  2) ********
 MAG = 2.2 (  3) *****
 MAG = 2.3 (  1) **
 MAG = 2.4 (  0)  
 MAG = 2.5 (  1) ******
 MAG = 2.6 (  1) **
 MAG = 2.7 (  0)  
 MAG = 2.8 (  0)  
 MAG = 2.9 (  1) ******
 MAG = 3.0 (  0)  
 MAG = 3.1 (  1) ****
 MAG = 3.2 (  0)  
 MAG = 3.3 (  0)  
 MAG = 3.4 (  0)  
 MAG = 3.5 (  0)  
 MAG = 3.6 (  0)  
 MAG = 3.7 (  0)  
 MAG = 3.8 (  0)  
 MAG = 3.9 (  0)  
 MAG = 4.0 (  1) *********1**
 MAG = 4.1 (  0)  
 MAG = 4.2 (  0)  
 MAG = 4.3 (  0)  
 MAG = 4.4 (  0)  
 MAG = 4.5 (  0)  
 MAG = 4.6 (  0)  
 MAG = 4.7 (  0)  
 MAG = 4.8 (  0)  
 MAG = 4.9 (  0)  
 MAG = 5.0 (  0)  
 MAG = 5.1 (  0)  
 MAG = 5.2 (  0)  
 MAG = 5.3 (  0)  
 MAG = 5.4 (  0)  
 MAG = 5.5 (  0)  
 MAG = 5.6 (  0)  
 MAG = 5.7 (  0)  
 MAG = 5.8 (  0)  
 MAG = 5.9 (  0)  
 MAG>= 6.0 (  0)  





  DEPTHs of INPUT-DATA and of LAST ITERATION:
  ===========================================

       Depth       # of events  

 DEPTH ( input ) =  -4. km :   
 DEPTH (last_IT) =  -4. km :   
 DEPTH ( input ) =  -3. km :   
 DEPTH (last_IT) =  -3. km :   
 DEPTH ( input ) =  -2. km :   
 DEPTH (last_IT) =  -2. km :   
 DEPTH ( input ) =  -1. km :   
 DEPTH (last_IT) =  -1. km :   
 DEPTH ( input ) =   0. km :  ........
 DEPTH (last_IT) =   0. km :  ***
 DEPTH ( input ) =   1. km :  .
 DEPTH (last_IT) =   1. km :  ******
 DEPTH ( input ) =   2. km :   
 DEPTH (last_IT) =   2. km :  **
 DEPTH ( input ) =   3. km :  ...
 DEPTH (last_IT) =   3. km :   
 DEPTH ( input ) =   4. km :  ..
 DEPTH (last_IT) =   4. km :   
 DEPTH ( input ) =   5. km :  ..
 DEPTH (last_IT) =   5. km :  **
 DEPTH ( input ) =   6. km :  ..
 DEPTH (last_IT) =   6. km :  ****
 DEPTH ( input ) =   7. km :  .
 DEPTH (last_IT) =   7. km :  ****
 DEPTH ( input ) =   8. km :  ...
 DEPTH (last_IT) =   8. km :  *
 DEPTH ( input ) =   9. km :  ..
 DEPTH (last_IT) =   9. km :  ***
 DEPTH ( input ) =  10. km :  ..
 DEPTH (last_IT) =  10. km :  **
 DEPTH ( input ) =  11. km :  ...
 DEPTH (last_IT) =  11. km :  **
 DEPTH ( input ) =  12. km :  ....
 DEPTH (last_IT) =  12. km :  ****
 DEPTH ( input ) =  13. km :  ..
 DEPTH (last_IT) =  13. km :  ***
 DEPTH ( input ) =  14. km :  ...
 DEPTH (last_IT) =  14. km :  ******
 DEPTH ( input ) =  15. km :  ........
 DEPTH (last_IT) =  15. km :  **
 DEPTH ( input ) =  16. km :  .........1.
 DEPTH (last_IT) =  16. km :  *********1*****
 DEPTH ( input ) =  17. km :  .....
 DEPTH (last_IT) =  17. km :  *
 DEPTH ( input ) =  18. km :  ....
 DEPTH (last_IT) =  18. km :  ******
 DEPTH ( input ) =  19. km :  .....
 DEPTH (last_IT) =  19. km :  ***
 DEPTH ( input ) =  20. km :  .....
 DEPTH (last_IT) =  20. km :  **
 DEPTH ( input ) =  21. km :  ..
 DEPTH (last_IT) =  21. km :  ***
 DEPTH ( input ) =  22. km :  ....
 DEPTH (last_IT) =  22. km :  ****
 DEPTH ( input ) =  23. km :  ....
 DEPTH (last_IT) =  23. km :  *****
 DEPTH ( input ) =  24. km :  ..
 DEPTH (last_IT) =  24. km :  *****
 DEPTH ( input ) =  25. km :  .
 DEPTH (last_IT) =  25. km :  *
 DEPTH ( input ) =  26. km :   
 DEPTH (last_IT) =  26. km :   
 DEPTH ( input ) =  27. km :   
 DEPTH (last_IT) =  27. km :   
 DEPTH ( input ) =  28. km :   
 DEPTH (last_IT) =  28. km :   
 DEPTH ( input ) =  29. km :   
 DEPTH (last_IT) =  29. km :   
 DEPTH ( input ) =  30. km :   
 DEPTH (last_IT) =  30. km :   
 DEPTH ( input ) =  31. km :   
 DEPTH (last_IT) =  31. km :   
 DEPTH ( input ) =  32. km :   
 DEPTH (last_IT) =  32. km :   
 DEPTH ( input ) =  33. km :   
 DEPTH (last_IT) =  33. km :   
 DEPTH ( input ) =  34. km :   
 DEPTH (last_IT) =  34. km :   
 DEPTH ( input ) =  35. km :   
 DEPTH (last_IT) =  35. km :   
 DEPTH ( input ) =  36. km :   
 DEPTH (last_IT) =  36. km :   
 DEPTH ( input ) =  37. km :   
 DEPTH (last_IT) =  37. km :   
 DEPTH ( input ) =  38. km :   
 DEPTH (last_IT) =  38. km :   
 DEPTH ( input ) =  39. km :   
 DEPTH (last_IT) =  39. km :   
 DEPTH ( input ) =  40. km :   
 DEPTH (last_IT) =  40. km :   
 DEPTH ( input ) =  41. km :   
 DEPTH (last_IT) =  41. km :   
 DEPTH ( input ) =  42. km :   
 DEPTH (last_IT) =  42. km :   
 DEPTH ( input ) =  43. km :   
 DEPTH (last_IT) =  43. km :   
 DEPTH ( input ) =  44. km :   
 DEPTH (last_IT) =  44. km :   
 DEPTH ( input ) =  45. km :   
 DEPTH (last_IT) =  45. km :   
 DEPTH ( input ) =  46. km :   
 DEPTH (last_IT) =  46. km :   
 DEPTH ( input ) =  47. km :   
 DEPTH (last_IT) =  47. km :   
 DEPTH ( input ) =  48. km :   
 DEPTH (last_IT) =  48. km :   
 DEPTH ( input ) =  49. km :   
 DEPTH (last_IT) =  49. km :   
 DEPTH ( input ) =  50. km :   
 DEPTH (last_IT) =  50. km :   
 DEPTH ( input ) =  51. km :   
 DEPTH (last_IT) =  51. km :   
 DEPTH ( input ) =  52. km :   
 DEPTH (last_IT) =  52. km :   
 DEPTH ( input ) =  53. km :   
 DEPTH (last_IT) =  53. km :   
 DEPTH ( input ) =  54. km :   
 DEPTH (last_IT) =  54. km :   
 DEPTH ( input ) =  55. km :   
 DEPTH (last_IT) =  55. km :   
 DEPTH ( input ) =  56. km :   
 DEPTH (last_IT) =  56. km :   
 DEPTH ( input ) =  57. km :   
 DEPTH (last_IT) =  57. km :   
 DEPTH ( input ) =  58. km :   
 DEPTH (last_IT) =  58. km :   
 DEPTH ( input ) =  59. km :   
 DEPTH (last_IT) =  59. km :   
 DEPTH ( input ) =  60. km :   
 DEPTH (last_IT) =  60. km :   
 DEPTH ( input ) =  61. km :   
 DEPTH (last_IT) =  61. km :   
 DEPTH ( input ) =  62. km :   
 DEPTH (last_IT) =  62. km :   
 DEPTH ( input ) =  63. km :   
 DEPTH (last_IT) =  63. km :   
 DEPTH ( input ) =  64. km :   
 DEPTH (last_IT) =  64. km :   
 DEPTH ( input ) =  65. km :   
 DEPTH (last_IT) =  65. km :   
 DEPTH ( input ) =  66. km :   
 DEPTH (last_IT) =  66. km :   
 DEPTH ( input ) =  67. km :   
 DEPTH (last_IT) =  67. km :   
 DEPTH ( input ) =  68. km :   
 DEPTH (last_IT) =  68. km :   
 DEPTH ( input ) =  69. km :   
 DEPTH (last_IT) =  69. km :   
 DEPTH ( input ) =  70. km :   
 DEPTH (last_IT) =  70. km :   
 DEPTH ( input ) =  71. km :   
 DEPTH (last_IT) =  71. km :   
 DEPTH ( input ) =  72. km :   
 DEPTH (last_IT) =  72. km :   
 DEPTH ( input ) =  73. km :   
 DEPTH (last_IT) =  73. km :   
 DEPTH ( input ) =  74. km :  .
 DEPTH (last_IT) =  74. km :  *
 DEPTH ( input ) =  75. km :   
 DEPTH (last_IT) =  75. km :   
 DEPTH ( input ) =  76. km :   
 DEPTH (last_IT) =  76. km :   
 DEPTH ( input ) =  77. km :   
 DEPTH (last_IT) =  77. km :   
 DEPTH ( input ) =  78. km :   
 DEPTH (last_IT) =  78. km :   
 DEPTH ( input ) =  79. km :   
 DEPTH (last_IT) =  79. km :   
 DEPTH ( input ) =  80. km :   
 DEPTH (last_IT) =  80. km :   
 DEPTH ( input ) =  81. km :   
 DEPTH (last_IT) =  81. km :   
 DEPTH ( input ) =  82. km :   
 DEPTH (last_IT) =  82. km :   
 DEPTH ( input ) =  83. km :   
 DEPTH (last_IT) =  83. km :   
 DEPTH ( input ) =  84. km :   
 DEPTH (last_IT) =  84. km :   
 DEPTH ( input ) =  85. km :   
 DEPTH (last_IT) =  85. km :   
 DEPTH ( input ) =  86. km :   
 DEPTH (last_IT) =  86. km :   
 DEPTH ( input ) =  87. km :   
 DEPTH (last_IT) =  87. km :   
 DEPTH ( input ) =  88. km :   
 DEPTH (last_IT) =  88. km :   
 DEPTH ( input ) =  89. km :   
 DEPTH (last_IT) =  89. km :   
 DEPTH ( input ) =  90. km :   
 DEPTH (last_IT) =  90. km :   
 DEPTH ( input ) =  91. km :   
 DEPTH (last_IT) =  91. km :   
 DEPTH ( input ) =  92. km :   
 DEPTH (last_IT) =  92. km :   
 DEPTH ( input ) =  93. km :   
 DEPTH (last_IT) =  93. km :   
 DEPTH ( input ) =  94. km :   
 DEPTH (last_IT) =  94. km :   
 DEPTH ( input ) =  95. km :   
 DEPTH (last_IT) =  95. km :   
 DEPTH ( input ) =  96. km :   
 DEPTH (last_IT) =  96. km :   
 DEPTH ( input ) =  97. km :  .
 DEPTH (last_IT) =  97. km :  *
 DEPTH ( input ) =  98. km :   
 DEPTH (last_IT) =  98. km :   
 DEPTH ( input ) =  99. km :   
 DEPTH (last_IT) =  99. km :   
 DEPTH ( input ) = 100. km :   
 DEPTH (last_IT) = 100. km :   
 DEPTH ( input ) > 100. km :   
 DEPTH (last_IT) > 100. km :   


 Residuals of the stations according to the azimuth:
 (RES  = total average residual at station)
 (RES1 = average residual of rays from 1st quadrant)
 (RES2 = average residual of rays from 2nd quadrant)
 (RES3 = average residual of rays from 3rd quadrant)
 (RES4 = average residual of rays from 4th quadrant)

 Stn#  Stn     RES          RES1         RES2         RES3         RES4
   1   624     0.01(  74)   0.05(  33)   0.05(   5)  -0.01(  29)  -0.09(   7)
   2   628    -0.03(  69)  -0.11(  32)  -0.06(   5)  -0.04(  24)   0.33(   8)
   3   630     0.00(  53)  -0.00(  25)   0.03(  11)  -0.13(  10)   0.15(   7)
   4   627     0.02(  46)   0.05(  12)  -0.01(   1)  -0.08(  21)   0.18(  12)
   5   621     0.08(  59)   0.13(   7)   0.00(   0)   0.13(  18)   0.04(  34)
   6   629     0.02(  43)   0.13(  15)   0.00(   0)  -0.13(   8)   0.01(  20)
   7   622     0.03(  58)  -0.01(  27)   0.00(   0)   0.07(  20)   0.08(  11)
   8   620     0.02(  48)  -0.00(   1)   0.00(   0)   0.14(  18)  -0.05(  29)
   9   623     0.06(  55)   0.00(  30)   0.00(   0)   0.21(  17)  -0.06(   8)
  10   626     0.07(  52)   0.01(  24)   0.00(   0)  -0.03(   5)   0.16(  23)
  11   625     0.04(  49)   0.08(  15)   0.00(   0)  -0.04(  23)   0.14(  11)
  12   631     0.19(  49)   0.16(  18)  -0.10(   1)   0.62(   4)   0.15(  26)
  13   632     0.11(  24)   0.27(  12)  -0.24(   2)   0.06(   3)  -0.03(   7)



 CPU - statistics:

 TOTAL CPU-sec          =    0.2     (CPU-minutes:  0.004)

 >>>   End of program VELEST at 25-06-02 16:12       <<< [ CPU-sec :     0.2]
