 >>> Start of program VELEST at 25-06-02 16:10       <<<                        

 ::::::::::::::::::::::::::::::::::::::                                         
  V E L E S T  - Version : January 3, 1995                                      
  (Authors: see source code)                                                    
 ::::::::::::::::::::::::::::::::::::::                                         


 Title of this VELEST run:

 vinnik_2
 --------


 Current array-dimensions of program VELEST:

 Max. number of EARTHQUAKES for simult. inversion IEQ = ***
 Max. number of SHOTS for simult. inversion    INSHOT =  50
 Max. number of (different) 1D-MODELS      ITOTMODELS =   2
 Max. number of LAYERS per one 1D-model        INLTOT = 100
 Max. number of STATIONS in stationlist           IST = 650
 Max. number of OBSERVATIONS per event MAXOBSPEREVENT = 180






    INPUT - P A R A M E T E R S :



***
***  olat       olon   icoordsystem      zshift   itrial ztrial    ised
  72.000000-126.000000      0            0.000       0     0.00      0
***
*** neqs   nshot    rotate
     91      0      0.0
***
*** isingle   iresolcalc
       0          0
***
*** dmax    itopo    zmin     veladj    zadj   lowveloclay
   300.00     0      0.01       0.20    5.00       0
***
*** nsp    swtfac   vpvs       nmod
     1      1.00    1.730        1
***
***   othet   xythet    zthet    vthet   stathet
       0.01     0.01     0.01     1.00     0.01
***
*** nsinv   nshcor   nshfix     iuseelev    iusestacorr
       1       0       0           1            1
***
*** iturbo    icnvout   istaout   ismpout
       1         1         1         0
***
*** irayout   idrvout   ialeout   idspout   irflout   irfrout   iresout
       0         0         0         0         0         0         0
***
*** delmin   ittmax   invertratio
    0.010       3          1
***
*** Modelfile:
tmp/vinnik_2/synthvel/model_332.mod
***
*** Stationfile:
./velinp/station.sta
***
*** Seismofile:
 
***
*** File with region names:
 
***
*** File with region coordinates:
 
***
*** File #1 with topo data:
 
***
*** File #2 with topo data:
 
***
*** DATA INPUT files:
***
*** File with Earthquake data:
./velinp/data.cnv
***
*** File with Shot data:
 
***
*** OUTPUT files:
***
*** Main print output file:
./velout/vinnik_2/velest332.out
***
*** File with single event locations:
velout.vel
***
*** File with final hypocenters in *.cnv format:
./velout/vinnik_2/final_loc332.cnv
***
*** File with new station corrections:
./velout/vinnik_2/stations_corr332.sta
***
*** File with summary cards (e.g. for plotting):
velout.smp
***
*** File with raypoints:
velout.ray
***
*** File with derivatives:
velout.drv
***
*** File with ALEs:
velout.ale
***
*** File with Dirichlet spreads:
velout.dspr
***
*** File with reflection points:
velout.rfl
***
*** File with refraction points:
velout.rfr
***
*** File with residuals:
velout.res
***




 Origin of cartesian coordinates:
        72.00000N   126.00000E

  X,Y-AXES rotated clockwise from North
           Rotation angle (rotate):
            rotate=    0.0 degr.

 icoordsystem =            0
 normal SHORT DISTANCE CONVERSION will be made
 x is positive towards west, y is positive towards north


 SHORT DISTANCE CONVERSION on ELLIPSOIDE of WORLD GEODETIC SYSTEM 1972 (WGS72)
 =============================================================================

 Radius at equator (REARTH)= 6378.13500  km
   1. / (ellipticity)      =    298.260

 Origin of cartesian coordinates [degrees]:
   72.0000000 N     -126.0000000 W

  Rotation angle (in degr.) clockwise from
North  rotate=    0.0

 Radius of sphere at OLAT =   6358.817 km

 Conversion of GEOGRAPHICAL LATITUDE to GEOCENTRICAL LATITUDE:
 RLATC = TAN(GEOCENTR.LAT) / TAN(GEOGRAPH.LAT)
 RLATC =   0.99333486

          Short distance conversions:
          one min lat ~  1.8597 km 
          one min lon ~  0.5751 km 







    INPUT - M O D E L :



 Model(s) read from file :
 tmp/vinnik_2/synthvel/model_332.mod                                             

 model file title: 
Model: model_332.mod                    
 Velocity structure for model   1 :

 layer    vel   depth   vdamp  reflector
   1      4.27  -5.00    1.00         P-VELOCITY MODEL                  
   2      6.13  -0.47    1.00  
 WARNING:
 Only top of the first layer can be negative !!
   3      6.25  12.31    1.00  
   4      6.45  18.52    1.00  
   5      6.50  23.68    1.00  
   6      6.85  26.42    1.00  
   7      7.78  35.53    1.00  
   8      8.33  36.28    1.00  
   9      9.05  42.15    1.00  

 Calculation of average velocity starts at layer #            1
 z = -5.00 ... -0.47    v = 4.27    AVEL = 4.27 downto z =  -0.47
 z = -0.47 ... 12.31    v = 6.13    AVEL = 5.64 downto z =  12.31
 z = 12.31 ... 18.52    v = 6.25    AVEL = 5.80 downto z =  18.52
 z = 18.52 ... 23.68    v = 6.45    AVEL = 5.92 downto z =  23.68
 z = 23.68 ... 26.42    v = 6.50    AVEL = 5.97 downto z =  26.42
 z = 26.42 ... 35.53    v = 6.85    AVEL = 6.17 downto z =  35.53
 z = 35.53 ... 36.28    v = 7.78    AVEL = 6.20 downto z =  36.28
 z = 36.28 ... 42.15    v = 8.33    AVEL = 6.46 downto z =  42.15


 Calculation of average velocity starts at layer #            2
 z = -0.47 ... 12.31    v = 6.13    AVEL = 6.13 downto z =  12.31
 z = 12.31 ... 18.52    v = 6.25    AVEL = 6.17 downto z =  18.52
 z = 18.52 ... 23.68    v = 6.45    AVEL = 6.23 downto z =  23.68
 z = 23.68 ... 26.42    v = 6.50    AVEL = 6.26 downto z =  26.42
 z = 26.42 ... 35.53    v = 6.85    AVEL = 6.41 downto z =  35.53
 z = 35.53 ... 36.28    v = 7.78    AVEL = 6.43 downto z =  36.28
 z = 36.28 ... 42.15    v = 8.33    AVEL = 6.70 downto z =  42.15






    INPUT - S T A T I O N S :



 Station-parameters read from file :
 ./velinp/station.sta                                                            


     stn latitude longitude elev   x      y      z     ptcor stcor model icc
   1 624 72.4760N126.2750E     0  -9.37  53.11  -0.00   0.00  0.00   1  13
   2 628 72.4000N127.1470E     0 -39.15  44.63  -0.00   0.00  0.00   1  12
   3 630 72.0750N128.3250E     0 -80.06   8.37  -0.00   0.00  0.00   1  11
   4 627 72.1170N126.9820E     0 -33.78  13.06  -0.00   0.00  0.00   1  10
   5 621 72.1840N124.8890E     0  38.14  20.53  -0.00   0.00  0.00   1   9
   6 629 71.9290N127.3130E     0 -45.39  -7.92  -0.00   0.00  0.00   1   8
   7 622 72.4420N125.3130E     0  23.42  49.32  -0.00   0.00  0.00   1   7
   8 620 72.6540N124.3470E     0  56.03  72.98  -0.00   0.00  0.00   1   6
   9 623 72.3260N125.7600E     0   8.21  36.38  -0.00   0.00  0.00   1   5
  10 626 71.8880N126.0360E     0  -1.25 -12.50  -0.00   0.00  0.00   1   4
  11 625 72.1740N126.1070E     0  -3.67  19.42  -0.00   0.00  0.00   1   3
  12 631 71.3990N127.2470E     0 -43.72 -67.06  -0.00   0.00  0.00   1   2
  13 632 71.5740N129.0728E     0-107.23 -47.53  -0.00   0.00  0.00   1   1

 NO Seismo-parameter-file specified
 --> NO magnitudes calculated!




   neqs=   91  nshot=    0  nltot=    9

 ~~~ input parameters read.
 ~~~ set units for first iteration ...
 ~~~ determine number of unknowns ...

 Number of unknowns (for array-indexing):  nvar =  385
 Number of effective unknowns        :  nvareff =  373
 Number of elements on/below main diagonal of matrix G = At*A : kvar =   74305

 ~~~ reset G and RHT ...
 ~~~ input data, raytracing, setup G ...






    I N P U T - D A T A  

  eq    origin-time    latitude longitude depth    x      y      z    mag ifxOBS
   1 160818 1613  9.10 73.0030N 124.8500E  23.10  38.61 111.92  23.10 1.40 0   6
   2 160818 1613  9.30 72.9910N 124.8700E  22.80  37.95 110.58  22.80 1.10 0   6
   3 160819 0959 27.30 71.9230N 129.7600E  12.10-130.00  -8.59  12.10 4.00 0  12
   4 160820 1506 15.70 71.9380N 129.7900E  11.00-130.98  -6.92  11.00 1.50 0   9
   5 160820 1904 45.70 72.3480N 127.1800E  23.80 -40.33  38.83  23.80 1.20 0   6
   6 160822 1318 49.50 72.3650N 127.0800E  16.50 -36.90  40.73  16.50 0.60 0   8
   7 160823 0652 14.00 70.9330N 129.8100E   6.40-135.21-119.06   6.40 2.90 0   6
   8 160824 1510 30.40 71.6070N 130.0400E   8.60-140.86 -43.85   8.60 1.50 0   9
   9 160906 1514 39.70 72.5080N 125.6800E  12.10  10.89  56.68  12.10 0.90 0   6
 WARNING:
 epicentral distance: 303.3 > dmax ( 300.0) ==> skipping phase !
 WARNING:
 epicentral distance: 338.2 > dmax ( 300.0) ==> skipping phase !
  10 160920 1607 18.30 69.2370N 128.3500E  16.20 -87.07-308.31  16.20 2.60 0   2
 WARNING:
 epicentral distance: 318.5 > dmax ( 300.0) ==> skipping phase !
 WARNING:
 epicentral distance: 355.0 > dmax ( 300.0) ==> skipping phase !
  11 160925 1911  5.60 69.2250N 127.6800E  15.60 -62.26-309.64  15.60 2.30 0   2
  12 161004 0841 51.20 72.8480N 124.9600E  15.60  35.07  94.62  15.60 0.20 0   6
  13 161005 1619 46.90 72.8770N 125.0100E  19.00  33.35  97.86  19.00 1.00 0   9
  14 161006 0156 55.90 72.8740N 125.0100E  13.90  33.36  97.52  13.90 1.00 0   7
  15 161009 0036 44.70 72.8720N 124.9900E  17.20  34.03  97.30  17.20 1.30 0   8
  16 161009 0036 44.90 72.8580N 124.9600E  18.60  35.06  95.74  18.60 1.20 0   7
  17 161012 0800 22.10 72.7380N 126.0300E  18.50  -1.01  82.35  18.50 0.80 0   7
  18 161015 1013 36.50 72.0400N 126.9900E  11.20 -34.12   4.46  11.20 0.70 0   7
  19 161021 0507 33.30 72.5750N 124.7800E  10.10  41.44  64.16  10.10 0.80 0   6
  20 161124 2250 46.00 72.7630N 124.8800E  16.20  37.85  85.14  16.20 3.10 0   4
  21 161125 0156 34.10 72.7420N 124.9200E  14.50  36.52  82.80  14.50 0.60 0   7
  22 161125 0517 25.90 72.7650N 124.9400E  13.50  35.82  85.36  13.50 1.60 0   6
  23 161125 0525 15.90 72.7740N 124.9500E  11.60  35.48  86.37  11.60 0.80 0   6
  24 161125 0556  2.00 72.7350N 124.9700E   5.70  34.84  82.01   5.70 0.20 0   6
  25 170117 0846 48.60 72.2130N 127.3400E  22.00 -45.97  23.77  22.00 0.30 0   6
  26 170122 1614 27.60 71.9670N 128.0400E  10.30 -70.45  -3.68  10.30 0.90 0   6
  27 170125 2244  0.20 72.4440N 126.0200E  13.10  -0.68  49.54  13.10 0.80 0   6
  28 170302 1359 59.10 72.6830N 124.8900E  11.50  37.60  76.21  11.50 0.50 0   7
  29 170302 2335 20.20 71.8850N 130.3000E  14.80-148.82 -12.83  14.80 2.10 0   9
  30 170304 2135  2.90 72.6880N 124.9400E  13.40  35.90  76.77  13.40 1.30 0   7
  31 170307 0447 21.00 72.6940N 124.9200E  14.20  36.57  77.44  14.20 1.70 0  10
  32 170307 2016 50.80 72.6910N 124.9100E  15.30  36.91  77.10  15.30 1.10 0   6
  33 170309 1454  0.80 72.6830N 124.9000E  15.60  37.26  76.21  15.60 0.30 0   6
  34 170311 0430 55.40 72.3130N 126.5000E  24.50 -17.11  34.93  24.50 0.30 0   6
  35 170312 0416 39.20 71.9240N 128.0800E   3.40 -71.91  -8.48   3.40 2.10 0   6
  36 170313 0553 59.10 72.6980N 124.9200E  15.10  36.57  77.89  15.10 1.00 0   9
  37 170313 0809  5.60 72.4500N 125.0800E  14.90  31.36  50.21  14.90 1.20 0   7
  38 170315 0234 46.50 72.6540N 123.8400E  16.90  73.22  72.98  16.90 1.40 0   7
  39 170317 1007 14.10 72.2350N 125.9800E   3.90   0.69  26.22   3.90 0.50 0   7
  40 170320 0711 14.60 72.1250N 127.2200E  16.80 -41.95  13.95  16.80 0.90 0   6
  41 170320 0853 56.40 72.7090N 124.9700E   5.10  34.86  79.11   5.10 0.40 0   6
  42 170320 1900 34.30 72.4150N 126.1200E  18.00  -4.09  46.31  18.00 0.60 0   7
  43 170323 0519 24.60 71.6470N 129.1800E   5.20-110.76 -39.39   5.20 1.20 0   6
  44 170323 1612 49.70 72.4530N 125.1100E   8.30  30.33  50.55   8.30 0.50 0   6
  45 170323 1906 41.20 72.4070N 130.2500E  18.30-145.04  45.41  18.30 1.00 0   6
  46 170326 0836 34.10 71.9930N 127.6700E  16.10 -57.63  -0.78  16.10 1.50 0   7
  47 170402 0422  1.00 72.7220N 125.6900E  21.90  10.49  80.56  21.90 1.20 0  10
  48 170402 0636 37.20 72.7310N 125.6900E  23.50  10.49  81.57  23.50 0.70 0   6
  49 170404 2347 35.70 72.7580N 124.3800E  22.60  54.76  84.58  22.60 0.50 0   6
  50 170405 0307 36.10 71.6810N 128.9500E  15.30-102.66 -35.60  15.30 1.00 0  10
  51 170405 1410 53.20 71.5100N 128.9000E   9.30-101.37 -54.68   9.30 1.70 0  10
  52 170406 0838 43.20 72.3850N 129.3800E  15.50-115.42  42.96  15.50 0.90 0  10
  53 170406 1728  1.00 72.7230N 125.6900E  21.30  10.49  80.67  21.30 0.90 0  10
 WARNING:
 epicentral distance: 325.9 > dmax ( 300.0) ==> skipping phase !
 WARNING:
 epicentral distance: 332.9 > dmax ( 300.0) ==> skipping phase !
 WARNING:
 epicentral distance: 345.3 > dmax ( 300.0) ==> skipping phase !
 WARNING:
 epicentral distance: 391.9 > dmax ( 300.0) ==> skipping phase !
  54 170407 1729  3.40 74.8930N 128.6300E  15.60 -83.67 322.81  15.60 1.80 0   2
 WARNING:
 epicentral distance: 311.3 > dmax ( 300.0) ==> skipping phase !
 WARNING:
 epicentral distance: 315.4 > dmax ( 300.0) ==> skipping phase !
 WARNING:
 epicentral distance: 328.9 > dmax ( 300.0) ==> skipping phase !
 WARNING:
 epicentral distance: 374.2 > dmax ( 300.0) ==> skipping phase !
  55 170407 1729  3.50 74.7270N 128.8100E   0.40 -89.83 304.29   0.40 1.60 0   5
  56 170408 1004 44.90 72.6070N 124.9400E  15.00  35.98  67.73  15.00 1.40 0  13
  57 170409 0856 47.20 73.3850N 128.5500E  15.60 -84.71 154.54  15.60 2.50 0   6
  58 170409 0902 45.60 73.3500N 128.4400E  15.10 -81.13 150.64  15.10 1.10 0   7
  59 170410 1520  8.50 72.0030N 128.3900E   2.70 -82.46   0.33   2.70 1.00 0  10
  60 170410 1813  3.60 70.9360N 129.1200E   3.70-110.72-118.73   3.70 2.20 0  13
  61 170412 1507  0.60 71.5070N 129.7200E   0.00-130.05 -55.01   0.00 0.70 0   6
  62 170413 0651 20.10 73.3680N 125.4200E  15.60  19.28 152.65  15.60 1.00 0  10
  63 170414 0459 18.80 72.2680N 127.3800E  20.10 -47.27  29.90  20.10 0.50 0   7
  64 170414 0540  4.80 73.6400N 130.9700E   8.00-163.92 183.00   8.00 1.80 0  11
  65 170414 1656 23.40 72.1850N 127.4000E  15.50 -48.06  20.64  15.50 0.20 0   6
  66 170414 1753 32.80 72.3840N 130.4600E  17.90-152.30  42.85  17.90 0.70 0   6
  67 170416 0523 41.90 71.9560N 127.0800E  19.20 -37.31  -4.91  19.20 1.60 0  13
  68 170416 1220 14.20 72.9470N 124.4900E  20.40  50.77 105.67  20.40 1.00 0  11
 WARNING:
 epicentral distance: 320.3 > dmax ( 300.0) ==> skipping phase !
 WARNING:
 epicentral distance: 381.0 > dmax ( 300.0) ==> skipping phase !
 WARNING:
 epicentral distance: 398.8 > dmax ( 300.0) ==> skipping phase !
 WARNING:
 epicentral distance: 405.0 > dmax ( 300.0) ==> skipping phase !
 WARNING:
 epicentral distance: 424.8 > dmax ( 300.0) ==> skipping phase !
 WARNING:
 epicentral distance: 431.2 > dmax ( 300.0) ==> skipping phase !
 WARNING:
 epicentral distance: 445.5 > dmax ( 300.0) ==> skipping phase !
 WARNING:
 epicentral distance: 451.8 > dmax ( 300.0) ==> skipping phase !
 WARNING:
 epicentral distance: 464.3 > dmax ( 300.0) ==> skipping phase !
  69 170416 1257 48.30 68.8710N 131.7500E  73.50-214.97-349.14  73.50 2.20 0   0
  70 170416 1821  5.50 72.8670N 125.0000E  19.30  33.70  96.74  19.30 1.30 0  13
  71 170418 0606  4.10 72.5080N 125.8200E   1.30   6.13  56.68   1.30 0.20 0   6
 WARNING:
 epicentral distance: 315.2 > dmax ( 300.0) ==> skipping phase !
 WARNING:
 epicentral distance: 332.1 > dmax ( 300.0) ==> skipping phase !
 WARNING:
 epicentral distance: 345.3 > dmax ( 300.0) ==> skipping phase !
 WARNING:
 epicentral distance: 352.6 > dmax ( 300.0) ==> skipping phase !
 WARNING:
 epicentral distance: 346.7 > dmax ( 300.0) ==> skipping phase !
 WARNING:
 epicentral distance: 356.6 > dmax ( 300.0) ==> skipping phase !
 WARNING:
 epicentral distance: 363.9 > dmax ( 300.0) ==> skipping phase !
 WARNING:
 epicentral distance: 372.8 > dmax ( 300.0) ==> skipping phase !
 WARNING:
 epicentral distance: 378.6 > dmax ( 300.0) ==> skipping phase !
 WARNING:
 epicentral distance: 378.6 > dmax ( 300.0) ==> skipping phase !
  72 170418 1005 56.80 69.3310N 122.4100E  97.00 132.70-297.82  97.00 2.20 0   1
  73 170418 1500 12.90 72.7340N 124.5100E  23.10  50.40  81.90  23.10 1.30 0  12
  74 170420 1302 36.20 72.6290N 129.0200E  21.80-102.44  70.19  21.80 0.90 0  11
  75 170420 2248 46.70 72.0220N 129.1200E   0.00-107.59   2.46   0.00 0.70 0  11
 WARNING:
 epicentral distance: 313.1 > dmax ( 300.0) ==> skipping phase !
 WARNING:
 epicentral distance: 324.4 > dmax ( 300.0) ==> skipping phase !
 WARNING:
 epicentral distance: 324.2 > dmax ( 300.0) ==> skipping phase !
 WARNING:
 epicentral distance: 342.4 > dmax ( 300.0) ==> skipping phase !
 WARNING:
 epicentral distance: 349.0 > dmax ( 300.0) ==> skipping phase !
 WARNING:
 epicentral distance: 380.2 > dmax ( 300.0) ==> skipping phase !
 WARNING:
 epicentral distance: 381.6 > dmax ( 300.0) ==> skipping phase !
 WARNING:
 epicentral distance: 408.0 > dmax ( 300.0) ==> skipping phase !
  76 170423 0850 54.60 74.7080N 132.7900E   0.10-217.19 302.17   0.10 1.90 0   0
  77 170423 1455 44.10 72.8400N 124.4900E  16.80  50.92  93.73  16.80 0.60 0   8
  78 170423 2313 41.80 72.5960N 124.8700E  22.00  38.36  66.50  22.00 1.30 0  12
  79 170424 0609 58.60 71.9600N 128.0200E   0.10 -69.77  -4.46   0.10 1.10 0  12
  80 170424 0755 26.70 71.9480N 128.0300E   0.00 -70.14  -5.80   0.00 1.00 0  12
  81 170424 0755 26.90 71.9590N 128.0300E   0.00 -70.12  -4.57   0.00 1.00 0  12
  82 170425 0652 23.30 71.9600N 128.0300E   0.00 -70.12  -4.46   0.00 1.20 0   9
  83 170426 0051 23.20 71.9450N 128.0600E   6.60 -71.18  -6.14   6.60 0.70 0   6
  84 170426 1425 21.20 72.0790N 127.2600E  21.00 -43.38   8.82  21.00 0.10 0   6
  85 170426 1834 24.60 71.5840N 130.8000E  10.90-167.46 -46.42  10.90 1.20 0   8
  86 170426 1840 44.10 72.2710N 126.3600E  18.10 -12.33  30.24  18.10 1.30 0   8
  87 170427 0912 28.80 72.0640N 127.7900E   2.60 -61.65   7.14   2.60 0.90 0   8
  88 170427 1041 38.10 71.7480N 128.9900E   8.40-103.86 -28.12   8.40 0.70 0   7
  89 170427 2010 47.80 72.8010N 130.2000E  20.20-141.80  89.38  20.20 1.30 0   8
  90 170427 2010 48.30 72.7890N 130.1400E  20.10-139.82  88.04  20.10 1.30 0   8
  91 170427 2342 34.10 72.7630N 125.0100E  19.50  33.46  85.14  19.50 0.80 0   6

 readings for station 624  :  74
 readings for station 628  :  69
 readings for station 630  :  53
 readings for station 627  :  46
 readings for station 621  :  59
 readings for station 629  :  43
 readings for station 622  :  58
 readings for station 620  :  48
 readings for station 623  :  55
 readings for station 626  :  52
 readings for station 625  :  49
 readings for station 631  :  49
 readings for station 632  :  24

 Total number of stations with readings:  13

 Total number of readings:     679
 Total number of P readings:       0
 Total number of S readings:       0


 ~~~ store parts of G ...
 ~~~ compute RMS and DATVAR ...

 Total number of observations is:   679


 $$$$$$$$$$$$$$$$$$$$$$$$$$$$$$$$$$$$$$$$$$$$$$$$$
 Events with  | AVRES | > 1.0 SEC are suspicious !

 Event#   7 >>>  160823 0652  AVRES =  1.60 NOBS =  6
 Event#   8 >>>  160824 1510  AVRES =  1.03 NOBS =  9
 Event#  10 >>>  160920 1607  AVRES =  3.71 NOBS =  2
 Event#  11 >>>  160925 1911  AVRES =  3.36 NOBS =  2
 Event#  54 >>>  170407 1729  AVRES =  2.32 NOBS =  2
 Event#  55 >>>  170407 1729  AVRES =  2.41 NOBS =  5
 Event#  57 >>>  170409 0856  AVRES =  2.09 NOBS =  6
 Event#  58 >>>  170409 0902  AVRES =  1.44 NOBS =  7
 Event#  60 >>>  170410 1813  AVRES =  1.43 NOBS = 13
 Event#  64 >>>  170414 0540  AVRES =  2.87 NOBS = 11
 Event#  72 >>>  170418 1005  AVRES =  3.68 NOBS =  1
 Event#  75 >>>  170420 2248  AVRES =  1.05 NOBS = 11
 Event#  85 >>>  170426 1834  AVRES =  1.08 NOBS =  8
 Event#  89 >>>  170427 2010  AVRES =  1.19 NOBS =  8
 Event#  90 >>>  170427 2010  AVRES =  1.09 NOBS =  8

 ^^^^^^^^^ C H E C K   these events above ^^^^^^^^
 $$$$$$$$$$$$$$$$$$$$$$$$$$$$$$$$$$$$$$$$$$$$$$$$$

 ~~~ save initial datvar ...

 Iteration nr  0 obtained:
 DATVAR=    1.397850 mean sqrd residual=     0.629959  RMS RESIDUAL=     0.793700

 After  0 iterations we got:
 Average absolute & unweighted [and mean] residual of
   502 straight and direct rays =  0.36702 [  0.34905]
   177 refracted           rays =  1.45660 [  1.45296]
     0 reflected           rays =  0.00000 [  0.00000]

   679 ALL                 RAYS =  0.65105 [  0.63681]        0.00 %




--------------------------------------------------------------------------------



           ITERATION no  1

 ~~~ set units for this iteration ...
 ~~~ determine number of unknowns for this iter. ...

 Number of unknowns (for array-indexing):  nvar =  385
 Number of effective unknowns        :  nvareff =  386
 Number of elements on/below main diagonal of matrix G = At*A : kvar =   74305

 Damping factors to be used in this iteration:
   Othet=   0.010   XYthet  =   0.010   Zthet=  0.010
 STAthet=   0.010   Vthet   =   1.000

 ~~~ damp G ...
 ~~~ solve G * b = RHT ...
 ~~~ fix units ...
 ~~~ apply eventually step-length damping ...
 ~~~ adjust model (hypocenters, stacorr & veloc.) ...

 doing velocity adjustments now...

 doing station-correction adjustments...

 ~~~ compute effective step-length ...

 (Applied) Step length =   1.675

 ~~~ set units for next iteration ...
 ~~~ determine number of unknowns for next iter. ...

 Number of unknowns (for array-indexing):  nvar =  385
 Number of effective unknowns        :  nvareff =  386
 Number of elements on/below main diagonal of matrix G = At*A : kvar =   74305

 ~~~ reset G and RHT ...
 ~~~ raytracing, setup G ...
 ~~~ store parts of G ...
 ~~~ set units back for current iteration ...
 ~~~ determine number of unknowns for this iter. ...

 Number of unknowns (for array-indexing):  nvar =  385
 Number of effective unknowns        :  nvareff =  386
 Number of elements on/below main diagonal of matrix G = At*A : kvar =   74305

 ~~~ compute RMS and DATVAR ...

 $$$$$$$$$$$$$$$$$$$$$$$$$$$$$$$$$$$$$$$$$$$$$$$$$
 Events with  | AVRES | > 1.0 SEC are suspicious !

 Event#   7 >>>  160823 0652  AVRES =  1.45 NOBS =  6
 Event#  10 >>>  160920 1607  AVRES =  3.34 NOBS =  2
 Event#  11 >>>  160925 1911  AVRES =  3.02 NOBS =  2
 Event#  54 >>>  170407 1729  AVRES =  2.09 NOBS =  2
 Event#  55 >>>  170407 1729  AVRES =  2.17 NOBS =  5
 Event#  57 >>>  170409 0856  AVRES =  1.89 NOBS =  6
 Event#  58 >>>  170409 0902  AVRES =  1.30 NOBS =  7
 Event#  60 >>>  170410 1813  AVRES =  1.29 NOBS = 13
 Event#  64 >>>  170414 0540  AVRES =  2.59 NOBS = 11
 Event#  72 >>>  170418 1005  AVRES =  3.30 NOBS =  1
 Event#  89 >>>  170427 2010  AVRES =  1.07 NOBS =  8

 ^^^^^^^^^ C H E C K   these events above ^^^^^^^^
 $$$$$$$$$$$$$$$$$$$$$$$$$$$$$$$$$$$$$$$$$$$$$$$$$

 ~~~ check solution (better? worse?) ...

 Iteration nr  1 obtained:
 DATVAR=    1.220746 mean sqrd residual=     0.526773  RMS RESIDUAL=     0.725791

 After  1 iterations we got:
 Average absolute & unweighted [and mean] residual of
   495 straight and direct rays =  0.33741 [  0.31929]
   184 refracted           rays =  1.28077 [  1.27486]
     0 reflected           rays =  0.00000 [  0.00000]

   679 ALL                 RAYS =  0.59305 [  0.57824]       -8.91 %

 ~~~ iteration done; output results ...

  eq       ot     x      y      z      rms    avres   dot     dx     dy     dz
    1      9.09  38.64 111.97  23.27   0.18   0.36   -0.010  0.026  0.052  0.168
    2      9.29  38.00 110.65  22.97   0.19   0.36   -0.012  0.045  0.067  0.168
    3     27.28-130.12  -8.55  12.27   0.57   0.60   -0.022 -0.117  0.046  0.168
    4     15.67-131.03  -6.82  10.92   0.62   0.56   -0.029 -0.049  0.098 -0.078
    5     45.71 -40.29  38.71  23.68   0.07   0.17    0.008  0.039 -0.119 -0.116
    6     49.50 -36.80  40.68  16.62   0.10   0.16   -0.002  0.099 -0.045  0.121
    7     13.98-135.08-119.10   6.25   1.07   1.45   -0.022  0.133 -0.044 -0.151
    8     30.38-140.90 -43.83   8.69   0.74   0.93   -0.017 -0.043  0.023  0.087
    9     39.70  10.87  56.60  12.06   0.10   0.14   -0.003 -0.017 -0.083 -0.042
   10     18.28 -87.26-308.29  16.20   1.02   3.34   -0.018 -0.195  0.012  0.002
   11      5.55 -62.50-309.65  15.61   1.21   3.02   -0.055 -0.243 -0.005  0.006
   12     51.20  35.05  94.56  15.74   0.25   0.23    0.001 -0.019 -0.059  0.139
   13     46.89  33.44  97.90  19.18   0.24   0.34   -0.008  0.086  0.037  0.179
   14     55.89  33.38  97.50  14.03   0.61   0.37   -0.015  0.024 -0.021  0.134
   15     44.69  34.05  97.32  17.33   0.72   0.56   -0.007  0.019  0.016  0.130
   16     44.88  35.01  95.85  18.68   0.75   0.62   -0.018 -0.050  0.113  0.076
   17     22.09  -0.98  82.37  18.60   0.48   0.35   -0.012  0.032  0.025  0.099
   18     36.49 -34.04   4.48  11.25   0.17   0.21   -0.007  0.083  0.014  0.049
   19     33.31  41.41  64.10  10.08   0.17   0.26    0.010 -0.030 -0.065 -0.019
   20     45.98  37.83  85.14  16.24   0.17   0.23   -0.019 -0.019  0.001  0.043
   21     34.10  36.47  82.76  14.33   0.35   0.20    0.000 -0.054 -0.030 -0.170
   22     25.90  35.77  85.33  13.47   0.24   0.16   -0.002 -0.053 -0.030 -0.028
   23     15.90  35.42  86.30  11.58   0.33   0.23    0.004 -0.056 -0.066 -0.020
   24      2.00  34.86  82.13   5.68   0.49   0.39   -0.002  0.021  0.115 -0.022
   25     48.62 -45.90  23.66  22.10   0.10   0.30    0.020  0.067 -0.110  0.096
   26     27.60 -70.38  -3.82  10.34   0.11   0.27    0.000  0.071 -0.134  0.043
   27      0.20  -0.63  49.41  13.14   0.09   0.16   -0.004  0.055 -0.134  0.039
   28     59.10  37.66  76.21  11.54   0.53   0.51   -0.003  0.059 -0.003  0.044
   29     20.18-148.85 -12.83  14.87   0.67   0.69   -0.015 -0.031 -0.001  0.074
   30      2.90  35.89  76.72  13.36   0.57   0.47    0.002 -0.003 -0.047 -0.043
   31     20.99  36.49  77.41  14.22   0.71   0.44   -0.007 -0.082 -0.028  0.018
   32     50.80  36.90  77.02  15.28   0.17   0.14    0.000 -0.014 -0.081 -0.017
   33      0.80  37.26  76.15  15.65   0.17   0.22    0.003  0.006 -0.065  0.050
   34     55.41 -17.00  34.89  24.52   0.07   0.23    0.011  0.109 -0.035  0.022
   35     39.24 -71.73  -8.49   3.44   0.20   0.49    0.041  0.182 -0.012  0.041
   36     59.10  36.56  77.83  15.14   0.51   0.40    0.002 -0.010 -0.059  0.037
   37      5.60  31.35  50.13  14.78   0.12   0.16    0.003 -0.014 -0.083 -0.117
   38     46.49  73.19  73.00  16.96   0.30   0.29   -0.011 -0.026  0.022  0.056
   39     14.10   0.74  26.15   3.82   0.15   0.22    0.001  0.059 -0.074 -0.083
   40     14.59 -41.92  13.91  16.75   0.15   0.15   -0.007  0.030 -0.037 -0.049
   41     56.42  34.87  78.99   5.13   0.11   0.33    0.017  0.010 -0.125  0.026
   42     34.31  -4.00  46.27  17.98   0.12   0.19    0.005  0.090 -0.035 -0.022
   43     24.61-110.64 -39.44   5.26   0.30   0.36    0.013  0.115 -0.054  0.055
   44     49.71  30.32  50.46   8.22   0.11   0.17    0.005 -0.011 -0.092 -0.084
   45     41.20-145.15  45.47  18.47   0.69   0.78   -0.002 -0.108  0.053  0.172
   46     34.10 -57.58  -0.89  16.16   0.11   0.22   -0.003  0.053 -0.105  0.064
   47      1.03  10.63  80.41  21.81   0.76   0.59    0.034  0.137 -0.157 -0.094
   48     37.21  10.57  81.55  23.59   0.11   0.32    0.013  0.079 -0.016  0.093
   49     35.73  54.61  84.49  22.34   0.13   0.18    0.032 -0.148 -0.090 -0.257
   50     36.08-102.63 -35.64  15.32   0.43   0.39   -0.020  0.026 -0.046  0.021
   51     53.18-101.31 -54.67   9.25   0.73   0.66   -0.022  0.066  0.007 -0.051
   52     43.18-115.56  43.11  15.64   0.47   0.48   -0.021 -0.140  0.147  0.145
   53      1.03  10.62  80.56  21.24   0.73   0.62    0.032  0.131 -0.112 -0.063
   54      3.19 -83.68 322.78  15.62   0.50   2.09   -0.214 -0.009 -0.028  0.025
   55      3.34 -89.79 304.28   0.42   0.44   2.17   -0.158  0.040 -0.007  0.019
   56     44.89  36.00  67.64  15.05   0.65   0.37   -0.009  0.022 -0.086  0.049
   57     47.18 -84.67 154.63  15.60   0.75   1.89   -0.021  0.039  0.082  0.002
   58     45.60 -80.99 150.77  15.16   1.13   1.30   -0.003  0.146  0.135  0.057
   59      8.52 -82.44   0.34   2.69   0.60   0.56    0.024  0.018  0.003 -0.009
   60      3.60-110.55-118.64   3.47   1.29   1.29   -0.004  0.164  0.084 -0.229
   61      0.60-130.07 -54.97   0.11   0.55   0.69   -0.000 -0.023  0.037  0.002
   62     20.09  19.47 152.61  15.71   1.19   0.77   -0.006  0.190 -0.034  0.111
   63     18.81 -47.21  29.82  20.21   0.11   0.22    0.005  0.065 -0.087  0.106
   64      4.78-163.51 183.48   8.00   0.96   2.59   -0.021  0.407  0.485  0.002
   65     23.41 -47.96  20.54  15.54   0.09   0.20    0.010  0.100 -0.106  0.040
   66     32.80-152.43  42.98  18.16   0.47   0.60    0.003 -0.133  0.133  0.257
   67     41.90 -37.22  -5.05  19.15   0.16   0.29    0.003  0.092 -0.143 -0.047
   68     14.18  50.91 105.82  20.52   0.42   0.53   -0.020  0.135  0.146  0.120
   69     48.30-214.97-349.14  73.50   0.00   0.00    0.000  0.000  0.000  0.000
   70      5.50  33.77  96.77  19.34   0.82   0.65   -0.005  0.069  0.025  0.037
   71      4.14   6.17  56.62   1.25   0.60   0.47    0.037  0.040 -0.064 -0.049
   72     56.54 132.68-297.79  96.99  10.89   3.30   -0.263 -0.017  0.023 -0.006
   73     12.91  50.46  81.89  23.06   0.57   0.53    0.006  0.064 -0.013 -0.042
   74     36.20-102.47  70.21  21.97   0.44   0.48    0.002 -0.032  0.022  0.175
   75     46.70-107.80   2.69   0.09   1.04   0.97    0.002 -0.215  0.231 -0.022
   76     54.60-217.19 302.17   0.10   0.00   0.00    0.000  0.000  0.000  0.000
   77     44.10  50.95  93.74  16.83   0.31   0.34   -0.005  0.025  0.010  0.032
   78     41.80  38.41  66.38  21.99   0.43   0.32    0.001  0.045 -0.126 -0.013
   79     58.63 -69.70  -4.54   0.10   0.49   0.75    0.025  0.076 -0.072  0.000
   80     26.72 -70.11  -5.91   0.11   0.42   0.78    0.025  0.033 -0.109  0.001
   81     26.93 -70.08  -4.67   0.11   0.51   0.79    0.027  0.040 -0.097 -0.002
   82     23.32 -70.06  -4.55   0.11   0.43   0.62    0.018  0.055 -0.092 -0.000
   83     23.22 -71.09  -6.17   6.61   0.13   0.30    0.018  0.095 -0.029  0.013
   84     21.22 -43.27   8.68  20.98   0.05   0.24    0.016  0.108 -0.139 -0.015
   85     24.57-167.42 -46.42  10.73   0.92   0.98   -0.031  0.044 -0.000 -0.171
   86     44.09 -12.25  30.14  18.16   0.08   0.17   -0.005  0.077 -0.100  0.064
   87     28.83 -61.60   7.00   2.65   0.14   0.51    0.028  0.055 -0.145  0.045
   88     38.10-103.76 -28.21   8.46   0.27   0.37   -0.004  0.102 -0.092  0.064
   89     47.81-141.89  89.48  20.50   0.80   1.07    0.010 -0.090  0.102  0.301
   90     48.30-139.88  88.18  20.40   0.75   0.99    0.005 -0.063  0.136  0.297
   91     34.08  33.55  85.12  19.60   0.59   0.48   -0.017  0.093 -0.020  0.102

 A V E R A G E   of ADJUSTMENTS :                    -0.007  0.025 -0.015  0.027
 A V E R A G E   of ABSOLUTE ADJUSTMENTS :            0.019  0.072  0.070  0.074


 Step length damping of 0.10018 was applied.


 Velocity adjustments:
     vp    dvp      hp   reflector
 Velocity model   1
   4.276  0.006   -5.000      
   6.113 -0.017   -0.470      
   6.249 -0.001   12.310      
   6.449 -0.001   18.520      
   6.505  0.005   23.680      
   6.896  0.046   26.420      
   7.786  0.006   35.530      
   8.372  0.042   36.280      
   8.850 -0.200   42.150      

 Calculation of average velocity starts at layer #           1
 z = -5.00 ... -0.47    v = 4.28    AVEL = 4.28 downto z =  -0.47
 z = -0.47 ... 12.31    v = 6.11    AVEL = 5.63 downto z =  12.31
 z = 12.31 ... 18.52    v = 6.25    AVEL = 5.80 downto z =  18.52
 z = 18.52 ... 23.68    v = 6.45    AVEL = 5.91 downto z =  23.68
 z = 23.68 ... 26.42    v = 6.51    AVEL = 5.96 downto z =  26.42
 z = 26.42 ... 35.53    v = 6.90    AVEL = 6.17 downto z =  35.53
 z = 35.53 ... 36.28    v = 7.79    AVEL = 6.20 downto z =  36.28
 z = 36.28 ... 42.15    v = 8.37    AVEL = 6.47 downto z =  42.15


 Calculation of average velocity starts at layer #           2
 z = -0.47 ... 12.31    v = 6.11    AVEL = 6.11 downto z =  12.31
 z = 12.31 ... 18.52    v = 6.25    AVEL = 6.16 downto z =  18.52
 z = 18.52 ... 23.68    v = 6.45    AVEL = 6.22 downto z =  23.68
 z = 23.68 ... 26.42    v = 6.51    AVEL = 6.25 downto z =  26.42
 z = 26.42 ... 35.53    v = 6.90    AVEL = 6.41 downto z =  35.53
 z = 35.53 ... 36.28    v = 7.79    AVEL = 6.44 downto z =  36.28
 z = 36.28 ... 42.15    v = 8.37    AVEL = 6.71 downto z =  42.15



 Adjusted station corrections:
   stn  ptcor  dpcor  
  624   0.000  0.000  628  -0.026 -0.026  630  -0.016 -0.016  627   0.010  0.010
  621   0.017  0.017  629   0.014  0.014  622   0.011  0.011  620  -0.001 -0.001
  623   0.030  0.030  626   0.023  0.023  625   0.016  0.016  631   0.043  0.043
  632   0.003  0.003

 ~~~ another iteration? ...



--------------------------------------------------------------------------------



           ITERATION no  2

 ~~~ set units for this iteration ...
 ~~~ determine number of unknowns for this iter. ...

 Number of unknowns (for array-indexing):  nvar =  385
 Number of effective unknowns        :  nvareff =  386
 Number of elements on/below main diagonal of matrix G = At*A : kvar =   74305

 Damping factors to be used in this iteration:
   Othet=   0.010   XYthet  =   0.010   Zthet=  0.010
 STAthet=   0.010   Vthet   =   1.000

 ~~~ damp G ...
 ~~~ solve G * b = RHT ...
 ~~~ fix units ...
 ~~~ apply eventually step-length damping ...
 ~~~ adjust model (hypocenters, stacorr & veloc.) ...

 doing velocity adjustments now...

 doing station-correction adjustments...

 ~~~ compute effective step-length ...

 (Applied) Step length =   2.304

 ~~~ set units for next iteration ...
 ~~~ determine number of unknowns for next iter. ...

 Number of unknowns (for array-indexing):  nvar =  385
 Number of effective unknowns        :  nvareff =  386
 Number of elements on/below main diagonal of matrix G = At*A : kvar =   74305

 ~~~ reset G and RHT ...
 ~~~ raytracing, setup G ...
 ~~~ store parts of G ...
 ~~~ set units back for current iteration ...
 ~~~ determine number of unknowns for this iter. ...

 Number of unknowns (for array-indexing):  nvar =  385
 Number of effective unknowns        :  nvareff =  386
 Number of elements on/below main diagonal of matrix G = At*A : kvar =   74305

 ~~~ compute RMS and DATVAR ...

 $$$$$$$$$$$$$$$$$$$$$$$$$$$$$$$$$$$$$$$$$$$$$$$$$
 Events with  | AVRES | > 1.0 SEC are suspicious !

 Event#   7 >>>  160823 0652  AVRES =  1.25 NOBS =  6
 Event#  10 >>>  160920 1607  AVRES =  2.88 NOBS =  2
 Event#  11 >>>  160925 1911  AVRES =  2.61 NOBS =  2
 Event#  54 >>>  170407 1729  AVRES =  1.80 NOBS =  2
 Event#  55 >>>  170407 1729  AVRES =  1.87 NOBS =  5
 Event#  57 >>>  170409 0856  AVRES =  1.63 NOBS =  6
 Event#  58 >>>  170409 0902  AVRES =  1.13 NOBS =  7
 Event#  60 >>>  170410 1813  AVRES =  1.12 NOBS = 13
 Event#  64 >>>  170414 0540  AVRES =  2.23 NOBS = 11
 Event#  72 >>>  170418 1005  AVRES =  2.83 NOBS =  1

 ^^^^^^^^^ C H E C K   these events above ^^^^^^^^
 $$$$$$$$$$$$$$$$$$$$$$$$$$$$$$$$$$$$$$$$$$$$$$$$$

 ~~~ check solution (better? worse?) ...

 Iteration nr  2 obtained:
 DATVAR=    0.953228 mean sqrd residual=     0.411334  RMS RESIDUAL=     0.641353

 After  2 iterations we got:
 Average absolute & unweighted [and mean] residual of
   495 straight and direct rays =  0.29673 [  0.27648]
   184 refracted           rays =  1.11267 [  1.10566]
     0 reflected           rays =  0.00000 [  0.00000]

   679 ALL                 RAYS =  0.51784 [  0.50117]      -12.68 %

 ~~~ iteration done; output results ...

  eq       ot     x      y      z      rms    avres   dot     dx     dy     dz
    1      9.06  38.69 112.06  23.59   0.17   0.32   -0.026  0.053  0.094  0.325
    2      9.28  38.05 110.69  23.02   0.17   0.31   -0.004  0.050  0.044  0.051
    3     27.25-130.23  -8.53  12.44   0.52   0.52   -0.029 -0.111  0.018  0.174
    4     15.64-131.04  -6.80  10.96   0.55   0.50   -0.033 -0.006  0.018  0.040
    5     45.72 -40.24  38.57  23.56   0.06   0.14    0.008  0.059 -0.145 -0.127
    6     49.50 -36.66  40.62  16.78   0.09   0.14   -0.003  0.143 -0.064  0.162
    7     13.95-134.89-119.15   5.98   0.94   1.25   -0.032  0.190 -0.043 -0.271
    8     30.35-140.98 -43.74   8.74   0.66   0.81   -0.030 -0.072  0.088  0.055
    9     39.69  10.86  56.50  12.02   0.09   0.12   -0.009 -0.011 -0.098 -0.042
   10     18.28 -87.53-308.28  16.20   1.01   2.88    0.002 -0.264  0.013 -0.000
   11      5.50 -62.83-309.66  15.61   1.21   2.61   -0.043 -0.327 -0.010  0.005
   12     51.20  35.04  94.48  15.92   0.24   0.20   -0.001 -0.011 -0.084  0.183
   13     46.88  33.55  97.96  19.34   0.21   0.29   -0.012  0.108  0.063  0.165
   14     55.86  33.43  97.47  14.22   0.52   0.32   -0.022  0.048 -0.035  0.189
   15     44.68  34.08  97.37  17.45   0.63   0.49   -0.013  0.033  0.050  0.116
   16     44.86  34.96  96.02  18.74   0.67   0.54   -0.026 -0.051  0.166  0.063
   17     22.07  -0.96  82.41  18.79   0.41   0.30   -0.022  0.021  0.035  0.187
   18     36.48 -33.92   4.50  11.34   0.17   0.18   -0.014  0.123  0.026  0.092
   19     33.32  41.38  64.01  10.06   0.16   0.22    0.007 -0.039 -0.081 -0.020
   20     45.95  37.81  85.16  16.35   0.17   0.21   -0.033 -0.026  0.020  0.110
   21     34.12  36.39  82.65  13.89   0.32   0.18    0.017 -0.079 -0.119 -0.435
   22     25.89  35.71  85.28  13.43   0.22   0.14   -0.005 -0.060 -0.050 -0.046
   23     15.90  35.35  86.19  11.56   0.30   0.20   -0.000 -0.074 -0.105 -0.016
   24      1.99  34.88  82.27   5.66   0.46   0.34   -0.009  0.024  0.137 -0.021
   25     48.64 -45.80  23.50  22.23   0.10   0.26    0.024  0.102 -0.154  0.129
   26     27.60 -70.28  -4.01  10.42   0.09   0.23   -0.005  0.100 -0.197  0.077
   27      0.19  -0.55  49.23  13.19   0.06   0.14   -0.007  0.077 -0.176  0.048
   28     59.09  37.73  76.19  11.64   0.46   0.44   -0.011  0.078 -0.017  0.097
   29     20.16-148.93 -12.90  15.04   0.58   0.60   -0.026 -0.072 -0.066  0.162
   30      2.91  35.94  76.56  13.24   0.50   0.40    0.011  0.047 -0.161 -0.115
   31     20.99  36.41  77.29  14.19   0.62   0.38   -0.003 -0.074 -0.118 -0.033
   32     50.80  36.89  76.91  15.26   0.15   0.12   -0.002 -0.011 -0.111 -0.025
   33      0.82  37.26  76.02  15.51   0.16   0.19    0.019 -0.004 -0.128 -0.135
   34     55.42 -16.85  34.84  24.56   0.06   0.20    0.012  0.145 -0.051  0.036
   35     39.29 -71.47  -8.50   3.51   0.20   0.42    0.050  0.265 -0.010  0.066
   36     59.11  36.57  77.67  15.10   0.44   0.34    0.010  0.011 -0.153 -0.033
   37      5.60  31.34  50.02  14.63   0.11   0.14    0.001 -0.009 -0.107 -0.153
   38     46.46  73.18  73.06  17.10   0.28   0.25   -0.026 -0.008  0.067  0.141
   39     14.10   0.82  26.05   3.73   0.14   0.19   -0.003  0.075 -0.099 -0.087
   40     14.58 -41.88  13.86  16.70   0.14   0.13   -0.011  0.039 -0.050 -0.054
   41     56.43  34.89  78.81   5.17   0.10   0.28    0.016  0.013 -0.176  0.043
   42     34.31  -3.88  46.22  17.96   0.10   0.16    0.005  0.120 -0.051 -0.021
   43     24.63-110.46 -39.52   5.34   0.29   0.31    0.013  0.180 -0.074  0.085
   44     49.71  30.31  50.35   8.12   0.10   0.15    0.002 -0.008 -0.110 -0.098
   45     41.19-145.35  45.59  18.84   0.59   0.68   -0.007 -0.202  0.119  0.368
   46     34.09 -57.50  -1.04  16.26   0.10   0.19   -0.007  0.077 -0.153  0.097
   47      1.05  10.74  80.30  21.86   0.67   0.51    0.019  0.118 -0.106  0.053
   48     37.24  10.69  81.52  23.58   0.10   0.27    0.026  0.125 -0.032 -0.016
   49     35.72  54.57  84.43  22.39   0.12   0.15   -0.008 -0.038 -0.058  0.047
   50     36.06-102.54 -35.74  15.29   0.37   0.33   -0.020  0.088 -0.101 -0.028
   51     53.16-101.13 -54.66   9.07   0.66   0.57   -0.022  0.176  0.006 -0.176
   52     43.14-115.76  43.39  15.83   0.43   0.43   -0.038 -0.207  0.286  0.182
   53      1.05  10.73  80.51  21.33   0.64   0.53    0.017  0.112 -0.048  0.092
   54      2.96 -83.70 322.75  15.65   0.46   1.80   -0.223 -0.018 -0.033  0.025
   55      3.18 -89.74 304.28   0.44   0.39   1.87   -0.163  0.059 -0.002  0.019
   56     44.88  36.05  67.48  15.07   0.58   0.32   -0.009  0.052 -0.166  0.018
   57     47.15 -84.57 154.75  15.61   0.68   1.63   -0.031  0.102  0.127  0.003
   58     45.60 -80.83 150.96  15.36   1.00   1.13    0.000  0.153  0.186  0.206
   59      8.55 -82.39   0.32   2.72   0.57   0.48    0.023  0.053 -0.020  0.028
   60      3.59-110.32-118.50   3.10   1.17   1.12   -0.009  0.229  0.144 -0.369
   61      0.61-130.08 -54.96   0.11   0.52   0.60    0.013 -0.009  0.013  0.001
   62     20.10  19.68 152.53  15.83   1.07   0.66    0.005  0.210 -0.085  0.123
   63     18.81 -47.10  29.69  20.35   0.09   0.19    0.006  0.104 -0.124  0.148
   64      4.77-162.97 184.13   8.00   0.88   2.23   -0.013  0.546  0.645  0.002
   65     23.42 -47.82  20.40  15.60   0.09   0.17    0.012  0.146 -0.140  0.065
   66     32.80-152.59  43.20  18.38   0.40   0.52   -0.006 -0.162  0.224  0.224
   67     41.91 -37.09  -5.25  19.01   0.15   0.25    0.006  0.126 -0.199 -0.147
   68     14.15  51.06 106.03  20.60   0.37   0.46   -0.027  0.149  0.212  0.077
   69     48.30-214.97-349.14  73.50   0.00   0.00    0.000  0.000  0.000  0.000
   70      5.49  33.86  96.81  19.34   0.72   0.56   -0.008  0.092  0.038  0.008
   71      4.18   6.22  56.55   1.19   0.60   0.40    0.042  0.057 -0.070 -0.064
   72     56.30 132.67-297.77  96.99   8.02   2.83   -0.239 -0.016  0.021 -0.006
   73     12.90  50.54  81.89  23.10   0.50   0.47   -0.004  0.079 -0.000  0.037
   74     36.20-102.51  70.28  22.27   0.40   0.42   -0.004 -0.042  0.073  0.298
   75     46.71-108.12   2.98   0.17   1.01   0.84    0.004 -0.322  0.291  0.085
   76     54.60-217.19 302.17   0.10   0.00   0.00    0.000  0.000  0.000  0.000
   77     44.08  51.02  93.74  16.91   0.27   0.29   -0.011  0.074  0.002  0.074
   78     41.79  38.50  66.23  22.05   0.38   0.29   -0.008  0.087 -0.146  0.063
   79     58.67 -69.62  -4.65   0.10   0.47   0.65    0.041  0.078 -0.112 -0.001
   80     26.76 -70.07  -6.07   0.11   0.40   0.68    0.038  0.033 -0.154  0.001
   81     26.97 -70.04  -4.81   0.10   0.48   0.69    0.041  0.039 -0.141 -0.004
   82     23.35 -70.00  -4.68   0.11   0.40   0.54    0.029  0.063 -0.129 -0.002
   83     23.24 -70.93  -6.19   6.64   0.11   0.26    0.021  0.154 -0.027  0.029
   84     21.24 -43.12   8.49  20.96   0.04   0.21    0.019  0.155 -0.185 -0.020
   85     24.52-167.36 -46.43  10.49   0.81   0.86   -0.050  0.060 -0.013 -0.241
   86     44.09 -12.15  30.01  18.25   0.07   0.14   -0.008  0.107 -0.132  0.088
   87     28.86 -61.50   6.80   2.72   0.12   0.44    0.032  0.095 -0.194  0.076
   88     38.08-103.60 -28.34   8.62   0.26   0.33   -0.013  0.155 -0.133  0.155
   89     47.82-142.02  89.66  20.94   0.70   0.94    0.006 -0.133  0.177  0.436
   90     48.30-139.98  88.40  20.84   0.64   0.87   -0.001 -0.103  0.228  0.440
   91     34.06  33.69  85.13  19.73   0.50   0.42   -0.027  0.143  0.011  0.130

 A V E R A G E   of ADJUSTMENTS :                    -0.009  0.040 -0.021  0.041
 A V E R A G E   of ABSOLUTE ADJUSTMENTS :            0.022  0.096  0.101  0.102


 Step length damping of 0.13737 was applied.


 Velocity adjustments:
     vp    dvp      hp   reflector
 Velocity model   1
   4.288  0.012   -5.000      
   6.088 -0.025   -0.470      
   6.251  0.002   12.310      
   6.448 -0.001   18.520      
   6.516  0.011   23.680      
   6.943  0.046   26.420      
   7.788  0.002   35.530      
   8.282 -0.090   36.280      
   8.650 -0.200   42.150      

 Calculation of average velocity starts at layer #           1
 z = -5.00 ... -0.47    v = 4.29    AVEL = 4.29 downto z =  -0.47
 z = -0.47 ... 12.31    v = 6.09    AVEL = 5.62 downto z =  12.31
 z = 12.31 ... 18.52    v = 6.25    AVEL = 5.78 downto z =  18.52
 z = 18.52 ... 23.68    v = 6.45    AVEL = 5.90 downto z =  23.68
 z = 23.68 ... 26.42    v = 6.52    AVEL = 5.96 downto z =  26.42
 z = 26.42 ... 35.53    v = 6.94    AVEL = 6.18 downto z =  35.53
 z = 35.53 ... 36.28    v = 7.79    AVEL = 6.21 downto z =  36.28
 z = 36.28 ... 42.15    v = 8.28    AVEL = 6.47 downto z =  42.15


 Calculation of average velocity starts at layer #           2
 z = -0.47 ... 12.31    v = 6.09    AVEL = 6.09 downto z =  12.31
 z = 12.31 ... 18.52    v = 6.25    AVEL = 6.14 downto z =  18.52
 z = 18.52 ... 23.68    v = 6.45    AVEL = 6.21 downto z =  23.68
 z = 23.68 ... 26.42    v = 6.52    AVEL = 6.24 downto z =  26.42
 z = 26.42 ... 35.53    v = 6.94    AVEL = 6.42 downto z =  35.53
 z = 35.53 ... 36.28    v = 7.79    AVEL = 6.44 downto z =  36.28
 z = 36.28 ... 42.15    v = 8.28    AVEL = 6.70 downto z =  42.15



 Adjusted station corrections:
   stn  ptcor  dpcor  
  624   0.000  0.000  628  -0.060 -0.035  630  -0.042 -0.026  627   0.022  0.012
  621   0.039  0.022  629   0.032  0.018  622   0.025  0.014  620  -0.000  0.001
  623   0.065  0.036  626   0.053  0.030  625   0.034  0.018  631   0.098  0.055
  632   0.010  0.007

 ~~~ another iteration? ...



--------------------------------------------------------------------------------



           ITERATION no  3

 ~~~ set units for this iteration ...
 ~~~ determine number of unknowns for this iter. ...

 Number of unknowns (for array-indexing):  nvar =  385
 Number of effective unknowns        :  nvareff =  386
 Number of elements on/below main diagonal of matrix G = At*A : kvar =   74305

 Damping factors to be used in this iteration:
   Othet=   0.010   XYthet  =   0.010   Zthet=  0.010
 STAthet=   0.010   Vthet   =   1.000

 ~~~ damp G ...
 ~~~ solve G * b = RHT ...
 ~~~ fix units ...
 ~~~ apply eventually step-length damping ...
 ~~~ adjust model (hypocenters, stacorr & veloc.) ...

 doing velocity adjustments now...

 doing station-correction adjustments...

 ~~~ compute effective step-length ...

 (Applied) Step length =   2.232

 ~~~ set units for next iteration ...
 ~~~ determine number of unknowns for next iter. ...

 Number of unknowns (for array-indexing):  nvar =  385
 Number of effective unknowns        :  nvareff =  386
 Number of elements on/below main diagonal of matrix G = At*A : kvar =   74305

 ~~~ reset G and RHT ...
 ~~~ raytracing, setup G ...
 ~~~ store parts of G ...
 ~~~ set units back for current iteration ...
 ~~~ determine number of unknowns for this iter. ...

 Number of unknowns (for array-indexing):  nvar =  385
 Number of effective unknowns        :  nvareff =  386
 Number of elements on/below main diagonal of matrix G = At*A : kvar =   74305

 ~~~ compute RMS and DATVAR ...

 $$$$$$$$$$$$$$$$$$$$$$$$$$$$$$$$$$$$$$$$$$$$$$$$$
 Events with  | AVRES | > 1.0 SEC are suspicious !

 Event#   7 >>>  160823 0652  AVRES =  1.06 NOBS =  6
 Event#  10 >>>  160920 1607  AVRES =  2.43 NOBS =  2
 Event#  11 >>>  160925 1911  AVRES =  2.20 NOBS =  2
 Event#  54 >>>  170407 1729  AVRES =  1.52 NOBS =  2
 Event#  55 >>>  170407 1729  AVRES =  1.58 NOBS =  5
 Event#  57 >>>  170409 0856  AVRES =  1.39 NOBS =  6
 Event#  64 >>>  170414 0540  AVRES =  1.89 NOBS = 11
 Event#  72 >>>  170418 1005  AVRES =  2.37 NOBS =  1

 ^^^^^^^^^ C H E C K   these events above ^^^^^^^^
 $$$$$$$$$$$$$$$$$$$$$$$$$$$$$$$$$$$$$$$$$$$$$$$$$

 ~~~ check solution (better? worse?) ...

 Iteration nr  3 obtained:
 DATVAR=    0.731146 mean sqrd residual=     0.315502  RMS RESIDUAL=     0.561696

 After  3 iterations we got:
 Average absolute & unweighted [and mean] residual of
   488 straight and direct rays =  0.25800 [  0.23479]
   191 refracted           rays =  0.92842 [  0.91804]
     0 reflected           rays =  0.00000 [  0.00000]

   679 ALL                 RAYS =  0.44659 [  0.42698]      -13.76 %

 ~~~ iteration done; output results ...

  eq       ot     x      y      z      rms    avres   dot     dx     dy     dz
    1      9.07  38.69 112.11  23.67   0.15   0.27    0.001 -0.000  0.043  0.074
    2      9.28  38.07 110.76  23.13   0.15   0.26   -0.005  0.025  0.071  0.107
    3     27.23-130.34  -8.47  12.62   0.46   0.44   -0.018 -0.107  0.054  0.183
    4     15.60-131.15  -6.70  10.90   0.50   0.43   -0.034 -0.111  0.102 -0.063
    5     45.72 -40.19  38.48  23.53   0.05   0.12   -0.001  0.042 -0.082 -0.022
    6     49.49 -36.54  40.56  16.97   0.09   0.12   -0.008  0.115 -0.061  0.189
    7     13.91-134.73-119.22   5.82   0.82   1.06   -0.034  0.166 -0.071 -0.157
    8     30.33-141.08 -43.62   8.80   0.59   0.70   -0.026 -0.104  0.126  0.060
    9     39.69  10.83  56.40  11.95   0.09   0.10   -0.003 -0.034 -0.104 -0.063
   10     18.27 -87.84-308.26  16.20   1.00   2.43   -0.012 -0.316  0.018  0.001
   11      5.45 -63.22-309.67  15.62   1.22   2.20   -0.057 -0.390 -0.011  0.006
   12     51.19  35.02  94.48  16.25   0.22   0.16   -0.010 -0.020 -0.000  0.332
   13     46.89  33.63  97.92  19.39   0.19   0.25    0.007  0.078 -0.037  0.050
   14     55.84  33.44  97.43  14.44   0.43   0.27   -0.020  0.010 -0.037  0.220
   15     44.68  34.08  97.34  17.50   0.54   0.41    0.002 -0.001 -0.031  0.052
   16     44.85  34.93  96.06  18.76   0.57   0.46   -0.004 -0.025  0.040  0.023
   17     22.04  -0.97  82.44  18.97   0.36   0.26   -0.021 -0.006  0.031  0.183
   18     36.47 -33.81   4.54  11.42   0.16   0.15   -0.011  0.109  0.033  0.074
   19     33.33  41.31  63.94  10.04   0.15   0.19    0.013 -0.068 -0.070 -0.021
   20     45.94  37.77  85.09  16.23   0.15   0.18   -0.008 -0.035 -0.071 -0.123
   21     34.13  36.27  82.55  13.51   0.28   0.15    0.012 -0.116 -0.095 -0.382
   22     25.89  35.61  85.23  13.38   0.20   0.12   -0.001 -0.098 -0.047 -0.050
   23     15.91  35.24  86.10  11.54   0.28   0.17    0.006 -0.103 -0.099 -0.025
   24      1.98  34.88  82.42   5.63   0.43   0.29   -0.006 -0.001  0.155 -0.024
   25     48.66 -45.73  23.35  22.36   0.09   0.22    0.021  0.073 -0.155  0.133
   26     27.59 -70.18  -4.16  10.47   0.07   0.20   -0.002  0.098 -0.148  0.054
   27      0.18  -0.48  49.06  13.23   0.05   0.12   -0.005  0.066 -0.176  0.040
   28     59.08  37.79  76.19  11.76   0.40   0.38   -0.008  0.055  0.001  0.121
   29     20.14-148.95 -12.87  14.96   0.49   0.52   -0.018 -0.027  0.028 -0.074
   30      2.92  35.96  76.42  13.18   0.44   0.35    0.010  0.015 -0.139 -0.062
   31     20.99  36.31  77.19  14.20   0.53   0.33   -0.004 -0.109 -0.098  0.012
   32     50.80  36.85  76.79  15.24   0.13   0.10    0.001 -0.039 -0.120 -0.013
   33      0.84  37.23  75.91  15.46   0.14   0.16    0.015 -0.034 -0.105 -0.059
   34     55.44 -16.72  34.80  24.57   0.05   0.17    0.014  0.133 -0.043  0.016
   35     39.34 -71.22  -8.49   3.57   0.20   0.36    0.049  0.245  0.013  0.066
   36     59.12  36.54  77.55  15.12   0.38   0.29    0.008 -0.030 -0.125  0.013
   37      5.61  31.29  49.92  14.47   0.10   0.12    0.005 -0.044 -0.101 -0.164
   38     46.47  73.05  73.02  17.01   0.26   0.21    0.010 -0.136 -0.048 -0.082
   39     14.10   0.87  25.96   3.63   0.13   0.16    0.000  0.054 -0.091 -0.103
   40     14.57 -41.85  13.82  16.63   0.13   0.11   -0.012  0.029 -0.042 -0.069
   41     56.45  34.88  78.63   5.22   0.10   0.24    0.022 -0.007 -0.181  0.050
   42     34.32  -3.78  46.17  17.92   0.09   0.13    0.006  0.103 -0.052 -0.035
   43     24.64-110.29 -39.55   5.42   0.27   0.26    0.017  0.174 -0.029  0.084
   44     49.71  30.28  50.24   8.01   0.09   0.13    0.008 -0.037 -0.104 -0.104
   45     41.19-145.49  45.53  19.14   0.50   0.58    0.002 -0.145 -0.057  0.299
   46     34.08 -57.43  -1.15  16.34   0.09   0.16   -0.007  0.067 -0.112  0.075
   47      1.07  10.82  80.23  21.96   0.59   0.44    0.015  0.073 -0.075  0.101
   48     37.26  10.78  81.48  23.66   0.07   0.23    0.021  0.094 -0.041  0.082
   49     35.73  54.47  84.38  22.38   0.11   0.13    0.005 -0.097 -0.049 -0.013
   50     36.04-102.46 -35.79  15.29   0.34   0.30   -0.021  0.082 -0.042  0.001
   51     53.14-100.98 -54.61   8.96   0.59   0.50   -0.019  0.156  0.052 -0.111
   52     43.12-115.91  43.59  15.92   0.41   0.36   -0.026 -0.142  0.194  0.091
   53      1.06  10.80  80.50  21.47   0.57   0.45    0.012  0.067 -0.014  0.140
   54      2.71 -83.72 322.71  15.68   0.42   1.52   -0.249 -0.022 -0.038  0.027
   55      2.99 -89.67 304.27   0.46   0.33   1.58   -0.185  0.061 -0.005  0.022
   56     44.87  36.06  67.33  15.13   0.52   0.27   -0.010  0.009 -0.144  0.065
   57     47.11 -84.47 154.89  15.61   0.60   1.39   -0.041  0.100  0.138  0.005
   58     45.60 -80.53 151.18  15.55   0.86   0.96    0.003  0.308  0.219  0.186
   59      8.57 -82.34   0.33   2.72   0.54   0.41    0.027  0.045  0.009 -0.004
   60      3.58-110.11-118.34   2.82   1.05   0.95   -0.007  0.211  0.158 -0.287
   61      0.62-130.12 -54.88   0.11   0.49   0.52    0.005 -0.042  0.084  0.002
   62     20.11  19.96 152.37  15.92   0.95   0.56    0.015  0.281 -0.152  0.090
   63     18.82 -47.03  29.58  20.47   0.07   0.16    0.006  0.077 -0.109  0.117
   64      4.73-162.39 184.82   8.01   0.79   1.89   -0.032  0.579  0.693  0.004
   65     23.43 -47.70  20.25  15.67   0.08   0.14    0.008  0.121 -0.142  0.067
   66     32.81-152.68  43.32  18.56   0.34   0.45    0.013 -0.082  0.116  0.177
   67     41.91 -36.98  -5.41  18.85   0.13   0.21    0.006  0.106 -0.159 -0.152
   68     14.12  51.21 106.31  20.77   0.33   0.39   -0.037  0.152  0.284  0.177
   69     48.30-214.97-349.14  73.50   0.00   0.00    0.000  0.000  0.000  0.000
   70      5.49  33.94  96.77  19.31   0.62   0.47    0.006  0.078 -0.037 -0.030
   71      4.22   6.26  56.47   1.11   0.60   0.34    0.045  0.041 -0.085 -0.072
   72     56.03 132.65-297.75  96.98   5.62   2.37   -0.266 -0.018  0.024 -0.007
   73     12.91  50.61  81.82  23.12   0.43   0.40    0.005  0.073 -0.065  0.029
   74     36.19-102.60  70.38  22.62   0.37   0.36   -0.013 -0.090  0.098  0.346
   75     46.71-108.46   3.32   0.26   1.00   0.72    0.000 -0.335  0.343  0.085
   76     54.60-217.19 302.17   0.10   0.00   0.00    0.000  0.000  0.000  0.000
   77     44.07  51.08  93.80  17.03   0.24   0.25   -0.016  0.057  0.053  0.121
   78     41.80  38.57  66.02  22.00   0.34   0.24    0.008  0.070 -0.207 -0.049
   79     58.70 -69.53  -4.72   0.10   0.45   0.56    0.036  0.083 -0.073 -0.001
   80     26.80 -70.04  -6.18   0.11   0.37   0.59    0.034  0.032 -0.117  0.000
   81     27.00 -70.00  -4.91   0.10   0.46   0.59    0.036  0.044 -0.100 -0.004
   82     23.37 -69.94  -4.78   0.11   0.37   0.47    0.025  0.062 -0.093 -0.002
   83     23.26 -70.80  -6.22   6.66   0.09   0.22    0.018  0.129 -0.031  0.019
   84     21.25 -42.98   8.30  20.95   0.04   0.17    0.015  0.136 -0.193 -0.013
   85     24.47-167.36 -46.38  10.24   0.70   0.74   -0.047  0.003  0.048 -0.247
   86     44.08 -12.08  29.89  18.30   0.06   0.12   -0.006  0.070 -0.120  0.044
   87     28.89 -61.44   6.63   2.79   0.10   0.37    0.032  0.070 -0.170  0.070
   88     38.10-103.39 -28.41   8.43   0.23   0.28    0.012  0.215 -0.062 -0.186
   89     47.83-142.21  89.74  21.35   0.59   0.80    0.018 -0.190  0.079  0.408
   90     48.31-140.08  88.56  21.22   0.53   0.74    0.009 -0.097  0.157  0.380
   91     34.04  33.84  85.06  19.80   0.41   0.36   -0.015  0.145 -0.072  0.069

 A V E R A G E   of ADJUSTMENTS :                    -0.007  0.024 -0.018  0.028
 A V E R A G E   of ABSOLUTE ADJUSTMENTS :            0.022  0.096  0.095  0.091


 Step length damping of 0.15788 was applied.


 Velocity adjustments:
     vp    dvp      hp   reflector
 Velocity model   1
   4.299  0.010   -5.000      
   6.064 -0.024   -0.470      
   6.245 -0.007   12.310      
   6.454  0.006   18.520      
   6.512 -0.004   23.680      
   6.941 -0.002   26.420      
   7.788  0.001   35.530      
   8.217 -0.065   36.280      
   8.450 -0.200   42.150      

 Calculation of average velocity starts at layer #           1
 z = -5.00 ... -0.47    v = 4.30    AVEL = 4.30 downto z =  -0.47
 z = -0.47 ... 12.31    v = 6.06    AVEL = 5.60 downto z =  12.31
 z = 12.31 ... 18.52    v = 6.24    AVEL = 5.77 downto z =  18.52
 z = 18.52 ... 23.68    v = 6.45    AVEL = 5.89 downto z =  23.68
 z = 23.68 ... 26.42    v = 6.51    AVEL = 5.95 downto z =  26.42
 z = 26.42 ... 35.53    v = 6.94    AVEL = 6.17 downto z =  35.53
 z = 35.53 ... 36.28    v = 7.79    AVEL = 6.20 downto z =  36.28
 z = 36.28 ... 42.15    v = 8.22    AVEL = 6.45 downto z =  42.15


 Calculation of average velocity starts at layer #           2
 z = -0.47 ... 12.31    v = 6.06    AVEL = 6.06 downto z =  12.31
 z = 12.31 ... 18.52    v = 6.24    AVEL = 6.12 downto z =  18.52
 z = 18.52 ... 23.68    v = 6.45    AVEL = 6.19 downto z =  23.68
 z = 23.68 ... 26.42    v = 6.51    AVEL = 6.23 downto z =  26.42
 z = 26.42 ... 35.53    v = 6.94    AVEL = 6.41 downto z =  35.53
 z = 35.53 ... 36.28    v = 7.79    AVEL = 6.44 downto z =  36.28
 z = 36.28 ... 42.15    v = 8.22    AVEL = 6.68 downto z =  42.15



 Adjusted station corrections:
   stn  ptcor  dpcor  
  624   0.000  0.000  628  -0.095 -0.034  630  -0.059 -0.018  627   0.034  0.013
  621   0.053  0.013  629   0.051  0.019  622   0.035  0.010  620  -0.008 -0.008
  623   0.098  0.033  626   0.079  0.026  625   0.051  0.017  631   0.142  0.043
  632   0.008 -0.002

 ~~~ another iteration? ...
 NITT = ITTMAX  --> stop iterations.
 ~~~ final solution reached ...

 ~~~ damp G & Chol.-Decomp.: NOT made (switch iresolcalc is NOT set !)

 Final rms values:  0.15 0.15 0.46 0.50 0.05 0.09 0.82 0.59 0.09 1.00
                    1.22 0.22 0.19 0.43 0.54 0.57 0.36 0.16 0.15 0.15
                    0.28 0.20 0.28 0.43 0.09 0.07 0.05 0.40 0.49 0.44
                    0.53 0.13 0.14 0.05 0.20 0.38 0.10 0.26 0.13 0.13
                    0.10 0.09 0.27 0.09 0.50 0.09 0.59 0.07 0.11 0.34
                    0.59 0.41 0.57 0.42 0.33 0.52 0.60 0.86 0.54 1.05
                    0.49 0.95 0.07 0.79 0.08 0.34 0.13 0.33 0.00 0.62
                    0.60 5.62 0.43 0.37 1.00 0.00 0.24 0.34 0.45 0.37
                    0.46 0.37 0.09 0.04 0.70 0.06 0.10 0.23 0.59 0.53
                    0.41



 ~~~ output final hypocenters ...

      date    origin   latitude longitude  depth  mag  no  rms      x      y      z
   1 160818 1613  9.07 73.0047N 124.8476E  23.67 1.40   6 0.149   38.69 112.11  23.67
   2 160818 1613  9.28 72.9926N 124.8664E  23.13 1.10   6 0.147   38.07 110.76  23.13
   3 160819 0959 27.23 71.9241N 129.7698E  12.62 4.00  12 0.461 -130.34  -8.47  12.62
   4 160820 1506 15.60 71.9399N 129.7950E  10.90 1.50   9 0.501 -131.15  -6.70  10.90
   5 160820 1904 45.72 72.3449N 127.1758E  23.53 1.20   6 0.054  -40.19  38.48  23.53
   6 160822 1318 49.49 72.3635N 127.0695E  16.97 0.60   8 0.093  -36.54  40.56  16.97
   7 160823 0652 13.91 70.9316N 129.7961E   5.82 2.90   6 0.816 -134.73-119.22   5.82
   8 160824 1510 30.33 71.6091N 130.0465E   8.80 1.50   9 0.588 -141.08 -43.62   8.80
   9 160906 1514 39.69 72.5054N 125.6819E  11.95 0.90   6 0.087   10.83  56.40  11.95
  10 160920 1607 18.27 69.2374N 128.3710E  16.20 2.60   2 1.004  -87.84-308.26  16.20
  11 160925 1911  5.45 69.2248N 127.7059E  15.62 2.30   2 1.216  -63.22-309.67  15.62
  12 161004 0841 51.19 72.8467N 124.9616E  16.25 0.20   6 0.224   35.02  94.48  16.25
  13 161005 1619 46.89 72.8776N 125.0019E  19.39 1.00   9 0.187   33.63  97.92  19.39
  14 161006 0156 55.84 72.8732N 125.0076E  14.44 1.00   7 0.435   33.44  97.43  14.44
  15 161009 0036 44.68 72.8723N 124.9885E  17.50 1.30   8 0.542   34.08  97.34  17.50
  16 161009 0036 44.85 72.8609N 124.9637E  18.76 1.20   7 0.574   34.93  96.06  18.76
  17 161012 0800 22.04 72.7388N 126.0286E  18.97 0.80   7 0.364   -0.97  82.44  18.97
  18 161015 1013 36.47 72.0406N 126.9809E  11.42 0.70   7 0.163  -33.81   4.54  11.42
  19 161021 0507 33.33 72.5731N 124.7841E  10.04 0.80   6 0.148   41.31  63.94  10.04
  20 161124 2250 45.94 72.7626N 124.8824E  16.23 3.10   4 0.148   37.77  85.09  16.23
  21 161125 0156 34.13 72.7398N 124.9274E  13.51 0.60   7 0.282   36.27  82.55  13.51
  22 161125 0517 25.89 72.7639N 124.9463E  13.38 1.60   6 0.203   35.61  85.23  13.38
  23 161125 0525 15.91 72.7716N 124.9570E  11.54 0.80   6 0.283   35.24  86.10  11.54
  24 161125 0556  1.98 72.7386N 124.9686E   5.63 0.20   6 0.435   34.88  82.42   5.63
  25 170117 0846 48.66 72.2092N 127.3328E  22.36 0.30   6 0.094  -45.73  23.35  22.36
  26 170122 1614 27.59 71.9627N 128.0320E  10.47 0.90   6 0.071  -70.18  -4.16  10.47
  27 170125 2244  0.18 72.4397N 126.0142E  13.23 0.80   6 0.046   -0.48  49.06  13.23
  28 170302 1359 59.08 72.6828N 124.8843E  11.76 0.50   7 0.405   37.79  76.19  11.76
  29 170302 2335 20.14 71.8847N 130.3037E  14.96 2.10   9 0.491 -148.95 -12.87  14.96
  30 170304 2135  2.92 72.6849N 124.9383E  13.18 1.30   7 0.442   35.96  76.42  13.18
  31 170307 0447 20.99 72.6918N 124.9279E  14.20 1.70  10 0.532   36.31  77.19  14.20
  32 170307 2016 50.80 72.6882N 124.9120E  15.24 1.10   6 0.128   36.85  76.79  15.24
  33 170309 1454  0.84 72.6803N 124.9010E  15.46 0.30   6 0.137   37.23  75.91  15.46
  34 170311 0430 55.44 72.3118N 126.4887E  24.57 0.30   6 0.050  -16.72  34.80  24.57
  35 170312 0416 39.34 71.9239N 128.0600E   3.57 2.10   6 0.199  -71.22  -8.49   3.57
  36 170313 0553 59.12 72.6950N 124.9209E  15.12 1.00   9 0.382   36.54  77.55  15.12
  37 170313 0809  5.61 72.4474N 125.0820E  14.47 1.20   7 0.103   31.29  49.92  14.47
  38 170315 0234 46.47 72.6544N 123.8450E  17.01 1.40   7 0.259   73.05  73.02  17.01
  39 170317 1007 14.10 72.2326N 125.9745E   3.63 0.50   7 0.127    0.87  25.96   3.63
  40 170320 0711 14.57 72.1238N 127.2171E  16.63 0.90   6 0.132  -41.85  13.82  16.63
  41 170320 0853 56.45 72.7047N 124.9696E   5.22 0.40   6 0.098   34.88  78.63   5.22
  42 170320 1900 34.32 72.4138N 126.1108E  17.92 0.60   7 0.087   -3.78  46.17  17.92
  43 170323 0519 24.64 71.6456N 129.1664E   5.42 1.20   6 0.274 -110.29 -39.55   5.42
  44 170323 1612 49.71 72.4503N 125.1117E   8.01 0.50   6 0.093   30.28  50.24   8.01
  45 170323 1906 41.19 72.4080N 130.2635E  19.14 1.00   6 0.498 -145.49  45.53  19.14
  46 170326 0836 34.08 71.9897N 127.6642E  16.34 1.50   7 0.093  -57.43  -1.15  16.34
  47 170402 0422  1.07 72.7190N 125.6803E  21.96 1.20  10 0.593   10.82  80.23  21.96
  48 170402 0636 37.26 72.7302N 125.6812E  23.66 0.70   6 0.075   10.78  81.48  23.66
  49 170404 2347 35.73 72.7562N 124.3885E  22.38 0.50   6 0.107   54.47  84.38  22.38
  50 170405 0307 36.04 71.6793N 128.9442E  15.29 1.00  10 0.339 -102.46 -35.79  15.29
  51 170405 1410 53.14 71.5106N 128.8887E   8.96 1.70  10 0.594 -100.98 -54.61   8.96
  52 170406 0838 43.12 72.3906N 129.3948E  15.92 0.90  10 0.406 -115.91  43.59  15.92
  53 170406 1728  1.06 72.7214N 125.6808E  21.47 0.90  10 0.566   10.80  80.50  21.47
  54 170407 1729  2.71 74.8921N 128.6315E  15.68 1.80   2 0.425  -83.72 322.71  15.68
  55 170407 1729  2.99 74.7269N 128.8050E   0.46 1.60   5 0.330  -89.67 304.27   0.46
  56 170408 1004 44.87 72.6034N 124.9376E  15.13 1.40  13 0.519   36.06  67.33  15.13
  57 170409 0856 47.11 73.3881N 128.5430E  15.61 2.50   6 0.603  -84.47 154.89  15.61
  58 170409 0902 45.60 73.3548N 128.4221E  15.55 1.10   7 0.862  -80.53 151.18  15.55
  59 170410 1520  8.57 72.0029N 128.3866E   2.72 1.00  10 0.536  -82.34   0.33   2.72
  60 170410 1813  3.58 70.9394N 129.1032E   2.82 2.20  13 1.051 -110.11-118.34   2.82
  61 170412 1507  0.62 71.5082N 129.7222E   0.11 0.70   6 0.492 -130.12 -54.88   0.11
  62 170413 0651 20.11 73.3656N 125.3995E  15.92 1.00  10 0.948   19.96 152.37  15.92
  63 170414 0459 18.82 72.2651N 127.3727E  20.47 0.50   7 0.072  -47.03  29.58  20.47
  64 170414 0540  4.73 73.6563N 130.9258E   8.01 1.80  11 0.793 -162.39 184.82   8.01
  65 170414 1656 23.43 72.1815N 127.3892E  15.67 0.20   6 0.078  -47.70  20.25  15.67
  66 170414 1753 32.81 72.3882N 130.4715E  18.56 0.70   6 0.340 -152.68  43.32  18.56
  67 170416 0523 41.91 71.9515N 127.0705E  18.85 1.60  13 0.133  -36.98  -5.41  18.85
  68 170416 1220 14.12 72.9528N 124.4768E  20.77 1.00  11 0.334   51.21 106.31  20.77
 WARNING: Event-# :          69 has zero observations!
  69 170416 1257 48.30 68.8710N 131.7500E  73.50 2.20   0 0.000 -214.97-349.14  73.50
  70 170416 1821  5.49 72.8672N 124.9929E  19.31 1.30  13 0.617   33.94  96.77  19.31
  71 170418 0606  4.22 72.5060N 125.8159E   1.11 0.20   6 0.596    6.26  56.47   1.11
  72 170418 1005 56.03 69.3316N 122.4113E  96.98 2.20   1 5.620  132.65-297.75  96.98
  73 170418 1500 12.91 72.7333N 124.5036E  23.12 1.30  12 0.427   50.61  81.82  23.12
  74 170420 1302 36.19 72.6307N 129.0250E  22.62 0.90  11 0.371 -102.60  70.38  22.62
  75 170420 2248 46.71 72.0298N 129.1459E   0.26 0.70  11 0.998 -108.46   3.32   0.26
 WARNING: Event-# :          76 has zero observations!
  76 170423 0850 54.60 74.7080N 132.7900E   0.10 1.90   0 0.000 -217.19 302.17   0.10
  77 170423 1455 44.07 72.8406N 124.4853E  17.03 0.60   8 0.236   51.08  93.80  17.03
  78 170423 2313 41.80 72.5917N 124.8642E  22.00 1.30  12 0.335   38.57  66.02  22.00
  79 170424 0609 58.70 71.9577N 128.0130E   0.10 1.10  12 0.453  -69.53  -4.72   0.10
  80 170424 0755 26.80 71.9446N 128.0270E   0.11 1.00  12 0.375  -70.04  -6.18   0.11
  81 170424 0755 27.00 71.9560N 128.0263E   0.10 1.00  12 0.457  -70.00  -4.91   0.10
  82 170425 0652 23.37 71.9572N 128.0247E   0.11 1.20   9 0.373  -69.94  -4.78   0.11
  83 170426 0051 23.26 71.9442N 128.0490E   6.66 0.70   6 0.095  -70.80  -6.22   6.66
  84 170426 1425 21.25 72.0744N 127.2483E  20.95 0.10   6 0.045  -42.98   8.30  20.95
  85 170426 1834 24.47 71.5843N 130.7970E  10.24 1.20   8 0.700 -167.36 -46.38  10.24
  86 170426 1840 44.08 72.2679N 126.3526E  18.30 1.30   8 0.063  -12.08  29.89  18.30
  87 170427 0912 28.89 72.0594N 127.7834E   2.79 0.90   8 0.100  -61.44   6.63   2.79
  88 170427 1041 38.10 71.7454N 128.9762E   8.43 0.70   7 0.234 -103.39 -28.41   8.43
  89 170427 2010 47.83 72.8042N 130.2126E  21.35 1.30   8 0.591 -142.21  89.74  21.35
  90 170427 2010 48.31 72.7937N 130.1483E  21.22 1.30   8 0.535 -140.08  88.56  21.22
  91 170427 2342 34.04 72.7623N 124.9987E  19.80 0.80   6 0.412   33.84  85.06  19.80

 ~~~ output final station residuals ...
 TURBO-option is set; residuals are NOT printed for each event!



   station statistics, remember nsp was set to: 1


 sta phase nobs avres  avwres    std    wsum    delay

 624    P  74  0.3184  0.3184  0.3605  74.0000  0.0000
 628    P  69  0.1357  0.1357  0.3394  69.0000 -0.0947
 630    P  53  0.2719  0.2719  0.2938  53.0000 -0.0591
 627    P  46  0.3381  0.3381  0.4215  46.0000  0.0344
 621    P  59  0.5725  0.5725  0.5859  59.0000  0.0527
 629    P  43  0.3577  0.3577  0.3389  43.0000  0.0510
 622    P  58  0.4076  0.4076  0.5492  58.0000  0.0354
 620    P  48  0.3100  0.3100  0.6157  48.0000 -0.0075
 623    P  55  0.4569  0.4569  0.5209  55.0000  0.0982
 626    P  52  0.4655  0.4655  0.6385  52.0000  0.0791
 625    P  49  0.4241  0.4241  0.4267  49.0000  0.0514
 631    P  49  1.0605  1.0605  0.8600  49.0000  0.1416
 632    P  24  0.7194  0.7194  0.7417  24.0000  0.0085


 ~~~ output statistics ...




 RAY-STATISTICS FOR  L A S T  ITERATION
 --------------------------------------

 NHYP : nr of hypocenters in this layer
 NREF : nr of headwaves in this layer
 %len : % of "refracted km" in this layer 
        with respect to all refracted kilometers
 NHIT : nr of rays passed thru this layer
 xy-km: average horizontal ray length [km] in layer
 z-km : average  vertical  ray length [km] in layer
 RFLX : number of reflections at bottom of this layer

 nlay   top ..... bottom     velocity   NHYP NREF %len  NHIT xy-km  z-km  RFLX

   1    -5.00... -0.47 km    4.30 km/s    0    0   0.0     0   0.0   0.0     0
   2    -0.47... 12.31 km    6.06 km/s   32    0   0.0  1415  32.0   5.5     0
   3    12.31... 18.52 km    6.24 km/s   32    8   3.8   612  13.8   5.0     0
   4    18.52... 23.68 km    6.45 km/s   24   15   4.9   494  10.3   4.0     0
   5    23.68... 26.42 km    6.51 km/s    1    0   0.0   343   3.6   2.7     0
   6    26.42... 35.53 km    6.94 km/s    0    7   2.2   330  14.5   8.9     0
   7    35.53... 36.28 km    7.79 km/s    0    0   0.0   323   2.1   0.8     0
   8    36.28... 42.15 km    8.22 km/s    0   99  48.8   224  44.0   3.3     0
   9    42.15...       km    8.45 km/s    2   62  40.3     0   0.0   0.0

 Total nr of events was   91

 Total nr of refracted rays =   191
 Total nr of reflected rays =     0
 Total nr of   other   rays =   488
                              ------
 Total nr of    all    rays =   679

 Average (absolute) error of the raytracers:
  Straight and direct rays : ******* meters
  Refracted           rays :    0.01 meters
  Reflected           rays :    0.00 meters


 ALL RAYS TOGETHER:
 Average horizontal ray length =   89.9 km   (Hypocenter --> Station) 
 Average  vertical  ray length =   19.4 km   (Deepest ray-point --> Station)



 ... and some more STATISTICS 
 ---------------------------- 
  GAP of final epicenters:

  Event# -> GAP  Event# -> GAP  Event# -> GAP  Event# -> GAP  Event# -> GAP
       1 -> 296       2 -> 294       3 -> 270       4 -> 274       5 -> 307
       6 ->  97       7 -> 320       8 -> 306       9 -> 168      10 -> 346
      11 -> 347      12 -> 258      13 -> 264      14 -> 263      15 -> 262
      16 -> 264      17 -> 253      18 -> 243      19 -> 160      20 -> 302
      21 -> 231      22 -> 238      23 -> 241      24 -> 231      25 -> 130
      26 -> 102      27 -> 154      28 -> 212      29 -> 305      30 -> 211
      31 -> 215      32 -> 213      33 -> 210      34 -> 133      35 -> 240
      36 -> 216      37 -> 132      38 -> 311      39 -> 117      40 -> 209
      41 -> 218      42 -> 121      43 -> 233      44 -> 133      45 -> 309
      46 -> 126      47 -> 224      48 -> 226      49 -> 288      50 -> 195
      51 -> 289      52 -> 270      53 -> 224      54 -> 354      55 -> 347
      56 -> 180      57 -> 310      58 -> 318      59 -> 167      60 -> 310
      61 -> 300      62 -> 306      63 -> 149      64 -> 323      65 -> 129
      66 -> 293      67 ->  86      68 -> 295      69 -> 171      70 -> 262
      71 -> 173      72 ->   0      73 -> 260      74 -> 299      75 -> 241
      76 ->  59      77 -> 284      78 -> 173      79 -> 165      80 -> 170
      81 -> 166      82 -> 166      83 -> 235      84 -> 115      85 -> 315
      86 ->  94      87 -> 114      88 -> 270      89 -> 318      90 -> 317
      91 -> 294

 GAPs were between   0 and 354
      (average GAP was 228)



  MAGNITUDES of INPUT-DATA:

 Magnitude (# of events)   ***average number of obs***

 MAG<= 1.0 ( 47) *******
 MAG = 1.1 (  4) ********
 MAG = 1.2 (  7) ********
 MAG = 1.3 (  8) *********1
 MAG = 1.4 (  3) *********
 MAG = 1.5 (  3) ********
 MAG = 1.6 (  3) ********
 MAG = 1.7 (  2) *********1
 MAG = 1.8 (  2) *******
 MAG = 1.9 (  1)  
 MAG = 2.0 (  0)  
 MAG = 2.1 (  2) ********
 MAG = 2.2 (  3) *****
 MAG = 2.3 (  1) **
 MAG = 2.4 (  0)  
 MAG = 2.5 (  1) ******
 MAG = 2.6 (  1) **
 MAG = 2.7 (  0)  
 MAG = 2.8 (  0)  
 MAG = 2.9 (  1) ******
 MAG = 3.0 (  0)  
 MAG = 3.1 (  1) ****
 MAG = 3.2 (  0)  
 MAG = 3.3 (  0)  
 MAG = 3.4 (  0)  
 MAG = 3.5 (  0)  
 MAG = 3.6 (  0)  
 MAG = 3.7 (  0)  
 MAG = 3.8 (  0)  
 MAG = 3.9 (  0)  
 MAG = 4.0 (  1) *********1**
 MAG = 4.1 (  0)  
 MAG = 4.2 (  0)  
 MAG = 4.3 (  0)  
 MAG = 4.4 (  0)  
 MAG = 4.5 (  0)  
 MAG = 4.6 (  0)  
 MAG = 4.7 (  0)  
 MAG = 4.8 (  0)  
 MAG = 4.9 (  0)  
 MAG = 5.0 (  0)  
 MAG = 5.1 (  0)  
 MAG = 5.2 (  0)  
 MAG = 5.3 (  0)  
 MAG = 5.4 (  0)  
 MAG = 5.5 (  0)  
 MAG = 5.6 (  0)  
 MAG = 5.7 (  0)  
 MAG = 5.8 (  0)  
 MAG = 5.9 (  0)  
 MAG>= 6.0 (  0)  





  DEPTHs of INPUT-DATA and of LAST ITERATION:
  ===========================================

       Depth       # of events  

 DEPTH ( input ) =  -4. km :   
 DEPTH (last_IT) =  -4. km :   
 DEPTH ( input ) =  -3. km :   
 DEPTH (last_IT) =  -3. km :   
 DEPTH ( input ) =  -2. km :   
 DEPTH (last_IT) =  -2. km :   
 DEPTH ( input ) =  -1. km :   
 DEPTH (last_IT) =  -1. km :   
 DEPTH ( input ) =   0. km :  ........
 DEPTH (last_IT) =   0. km :  ********
 DEPTH ( input ) =   1. km :  .
 DEPTH (last_IT) =   1. km :  *
 DEPTH ( input ) =   2. km :   
 DEPTH (last_IT) =   2. km :   
 DEPTH ( input ) =   3. km :  ...
 DEPTH (last_IT) =   3. km :  ***
 DEPTH ( input ) =   4. km :  ..
 DEPTH (last_IT) =   4. km :  **
 DEPTH ( input ) =   5. km :  ..
 DEPTH (last_IT) =   5. km :  **
 DEPTH ( input ) =   6. km :  ..
 DEPTH (last_IT) =   6. km :  **
 DEPTH ( input ) =   7. km :  .
 DEPTH (last_IT) =   7. km :  *
 DEPTH ( input ) =   8. km :  ...
 DEPTH (last_IT) =   8. km :  ***
 DEPTH ( input ) =   9. km :  ..
 DEPTH (last_IT) =   9. km :  **
 DEPTH ( input ) =  10. km :  ..
 DEPTH (last_IT) =  10. km :  ***
 DEPTH ( input ) =  11. km :  ...
 DEPTH (last_IT) =  11. km :  **
 DEPTH ( input ) =  12. km :  ....
 DEPTH (last_IT) =  12. km :  ***
 DEPTH ( input ) =  13. km :  ..
 DEPTH (last_IT) =  13. km :  ****
 DEPTH ( input ) =  14. km :  ...
 DEPTH (last_IT) =  14. km :  ****
 DEPTH ( input ) =  15. km :  ........
 DEPTH (last_IT) =  15. km :  ******
 DEPTH ( input ) =  16. km :  .........1.
 DEPTH (last_IT) =  16. km :  *********1*
 DEPTH ( input ) =  17. km :  .....
 DEPTH (last_IT) =  17. km :  *****
 DEPTH ( input ) =  18. km :  ....
 DEPTH (last_IT) =  18. km :  **
 DEPTH ( input ) =  19. km :  .....
 DEPTH (last_IT) =  19. km :  *******
 DEPTH ( input ) =  20. km :  .....
 DEPTH (last_IT) =  20. km :  **
 DEPTH ( input ) =  21. km :  ..
 DEPTH (last_IT) =  21. km :  *****
 DEPTH ( input ) =  22. km :  ....
 DEPTH (last_IT) =  22. km :  ****
 DEPTH ( input ) =  23. km :  ....
 DEPTH (last_IT) =  23. km :  ***
 DEPTH ( input ) =  24. km :  ..
 DEPTH (last_IT) =  24. km :  ***
 DEPTH ( input ) =  25. km :  .
 DEPTH (last_IT) =  25. km :  *
 DEPTH ( input ) =  26. km :   
 DEPTH (last_IT) =  26. km :   
 DEPTH ( input ) =  27. km :   
 DEPTH (last_IT) =  27. km :   
 DEPTH ( input ) =  28. km :   
 DEPTH (last_IT) =  28. km :   
 DEPTH ( input ) =  29. km :   
 DEPTH (last_IT) =  29. km :   
 DEPTH ( input ) =  30. km :   
 DEPTH (last_IT) =  30. km :   
 DEPTH ( input ) =  31. km :   
 DEPTH (last_IT) =  31. km :   
 DEPTH ( input ) =  32. km :   
 DEPTH (last_IT) =  32. km :   
 DEPTH ( input ) =  33. km :   
 DEPTH (last_IT) =  33. km :   
 DEPTH ( input ) =  34. km :   
 DEPTH (last_IT) =  34. km :   
 DEPTH ( input ) =  35. km :   
 DEPTH (last_IT) =  35. km :   
 DEPTH ( input ) =  36. km :   
 DEPTH (last_IT) =  36. km :   
 DEPTH ( input ) =  37. km :   
 DEPTH (last_IT) =  37. km :   
 DEPTH ( input ) =  38. km :   
 DEPTH (last_IT) =  38. km :   
 DEPTH ( input ) =  39. km :   
 DEPTH (last_IT) =  39. km :   
 DEPTH ( input ) =  40. km :   
 DEPTH (last_IT) =  40. km :   
 DEPTH ( input ) =  41. km :   
 DEPTH (last_IT) =  41. km :   
 DEPTH ( input ) =  42. km :   
 DEPTH (last_IT) =  42. km :   
 DEPTH ( input ) =  43. km :   
 DEPTH (last_IT) =  43. km :   
 DEPTH ( input ) =  44. km :   
 DEPTH (last_IT) =  44. km :   
 DEPTH ( input ) =  45. km :   
 DEPTH (last_IT) =  45. km :   
 DEPTH ( input ) =  46. km :   
 DEPTH (last_IT) =  46. km :   
 DEPTH ( input ) =  47. km :   
 DEPTH (last_IT) =  47. km :   
 DEPTH ( input ) =  48. km :   
 DEPTH (last_IT) =  48. km :   
 DEPTH ( input ) =  49. km :   
 DEPTH (last_IT) =  49. km :   
 DEPTH ( input ) =  50. km :   
 DEPTH (last_IT) =  50. km :   
 DEPTH ( input ) =  51. km :   
 DEPTH (last_IT) =  51. km :   
 DEPTH ( input ) =  52. km :   
 DEPTH (last_IT) =  52. km :   
 DEPTH ( input ) =  53. km :   
 DEPTH (last_IT) =  53. km :   
 DEPTH ( input ) =  54. km :   
 DEPTH (last_IT) =  54. km :   
 DEPTH ( input ) =  55. km :   
 DEPTH (last_IT) =  55. km :   
 DEPTH ( input ) =  56. km :   
 DEPTH (last_IT) =  56. km :   
 DEPTH ( input ) =  57. km :   
 DEPTH (last_IT) =  57. km :   
 DEPTH ( input ) =  58. km :   
 DEPTH (last_IT) =  58. km :   
 DEPTH ( input ) =  59. km :   
 DEPTH (last_IT) =  59. km :   
 DEPTH ( input ) =  60. km :   
 DEPTH (last_IT) =  60. km :   
 DEPTH ( input ) =  61. km :   
 DEPTH (last_IT) =  61. km :   
 DEPTH ( input ) =  62. km :   
 DEPTH (last_IT) =  62. km :   
 DEPTH ( input ) =  63. km :   
 DEPTH (last_IT) =  63. km :   
 DEPTH ( input ) =  64. km :   
 DEPTH (last_IT) =  64. km :   
 DEPTH ( input ) =  65. km :   
 DEPTH (last_IT) =  65. km :   
 DEPTH ( input ) =  66. km :   
 DEPTH (last_IT) =  66. km :   
 DEPTH ( input ) =  67. km :   
 DEPTH (last_IT) =  67. km :   
 DEPTH ( input ) =  68. km :   
 DEPTH (last_IT) =  68. km :   
 DEPTH ( input ) =  69. km :   
 DEPTH (last_IT) =  69. km :   
 DEPTH ( input ) =  70. km :   
 DEPTH (last_IT) =  70. km :   
 DEPTH ( input ) =  71. km :   
 DEPTH (last_IT) =  71. km :   
 DEPTH ( input ) =  72. km :   
 DEPTH (last_IT) =  72. km :   
 DEPTH ( input ) =  73. km :   
 DEPTH (last_IT) =  73. km :   
 DEPTH ( input ) =  74. km :  .
 DEPTH (last_IT) =  74. km :  *
 DEPTH ( input ) =  75. km :   
 DEPTH (last_IT) =  75. km :   
 DEPTH ( input ) =  76. km :   
 DEPTH (last_IT) =  76. km :   
 DEPTH ( input ) =  77. km :   
 DEPTH (last_IT) =  77. km :   
 DEPTH ( input ) =  78. km :   
 DEPTH (last_IT) =  78. km :   
 DEPTH ( input ) =  79. km :   
 DEPTH (last_IT) =  79. km :   
 DEPTH ( input ) =  80. km :   
 DEPTH (last_IT) =  80. km :   
 DEPTH ( input ) =  81. km :   
 DEPTH (last_IT) =  81. km :   
 DEPTH ( input ) =  82. km :   
 DEPTH (last_IT) =  82. km :   
 DEPTH ( input ) =  83. km :   
 DEPTH (last_IT) =  83. km :   
 DEPTH ( input ) =  84. km :   
 DEPTH (last_IT) =  84. km :   
 DEPTH ( input ) =  85. km :   
 DEPTH (last_IT) =  85. km :   
 DEPTH ( input ) =  86. km :   
 DEPTH (last_IT) =  86. km :   
 DEPTH ( input ) =  87. km :   
 DEPTH (last_IT) =  87. km :   
 DEPTH ( input ) =  88. km :   
 DEPTH (last_IT) =  88. km :   
 DEPTH ( input ) =  89. km :   
 DEPTH (last_IT) =  89. km :   
 DEPTH ( input ) =  90. km :   
 DEPTH (last_IT) =  90. km :   
 DEPTH ( input ) =  91. km :   
 DEPTH (last_IT) =  91. km :   
 DEPTH ( input ) =  92. km :   
 DEPTH (last_IT) =  92. km :   
 DEPTH ( input ) =  93. km :   
 DEPTH (last_IT) =  93. km :   
 DEPTH ( input ) =  94. km :   
 DEPTH (last_IT) =  94. km :   
 DEPTH ( input ) =  95. km :   
 DEPTH (last_IT) =  95. km :   
 DEPTH ( input ) =  96. km :   
 DEPTH (last_IT) =  96. km :   
 DEPTH ( input ) =  97. km :  .
 DEPTH (last_IT) =  97. km :  *
 DEPTH ( input ) =  98. km :   
 DEPTH (last_IT) =  98. km :   
 DEPTH ( input ) =  99. km :   
 DEPTH (last_IT) =  99. km :   
 DEPTH ( input ) = 100. km :   
 DEPTH (last_IT) = 100. km :   
 DEPTH ( input ) > 100. km :   
 DEPTH (last_IT) > 100. km :   


 Residuals of the stations according to the azimuth:
 (RES  = total average residual at station)
 (RES1 = average residual of rays from 1st quadrant)
 (RES2 = average residual of rays from 2nd quadrant)
 (RES3 = average residual of rays from 3rd quadrant)
 (RES4 = average residual of rays from 4th quadrant)

 Stn#  Stn     RES          RES1         RES2         RES3         RES4
   1   624     0.32(  74)   0.20(  33)   0.17(   5)   0.42(  29)   0.55(   7)
   2   628     0.14(  69)  -0.02(  32)   0.05(   5)   0.23(  25)   0.58(   7)
   3   630     0.27(  53)   0.33(  24)   0.23(  11)   0.07(  10)   0.40(   8)
   4   627     0.34(  46)   0.26(  12)   0.00(   0)   0.23(  22)   0.62(  12)
   5   621     0.57(  59)   0.27(   7)   0.00(   0)   0.93(  18)   0.45(  34)
   6   629     0.36(  43)   0.46(  15)   0.00(   0)   0.17(   9)   0.37(  19)
   7   622     0.41(  58)   0.13(  27)   0.00(   0)   0.68(  20)   0.59(  11)
   8   620     0.31(  48)   0.06(   1)   0.00(   0)   0.66(  18)   0.10(  29)
   9   623     0.46(  55)   0.25(  30)   0.00(   0)   0.80(  17)   0.49(   8)
  10   626     0.47(  52)   0.31(  24)   0.00(   0)   0.36(   6)   0.67(  22)
  11   625     0.42(  49)   0.31(  14)   0.00(   0)   0.42(  23)   0.57(  12)
  12   631     1.06(  49)   1.12(  18)   2.37(   1)   1.70(   4)   0.87(  26)
  13   632     0.72(  24)   1.04(  12)   1.53(   2)   0.20(   3)   0.16(   7)



 CPU - statistics:

 TOTAL CPU-sec          =    0.2     (CPU-minutes:  0.004)

 >>>   End of program VELEST at 25-06-02 16:10       <<< [ CPU-sec :     0.2]
