 >>> Start of program VELEST at 25-06-02 16:09       <<<                        

 ::::::::::::::::::::::::::::::::::::::                                         
  V E L E S T  - Version : January 3, 1995                                      
  (Authors: see source code)                                                    
 ::::::::::::::::::::::::::::::::::::::                                         


 Title of this VELEST run:

 vinnik_2
 --------


 Current array-dimensions of program VELEST:

 Max. number of EARTHQUAKES for simult. inversion IEQ = ***
 Max. number of SHOTS for simult. inversion    INSHOT =  50
 Max. number of (different) 1D-MODELS      ITOTMODELS =   2
 Max. number of LAYERS per one 1D-model        INLTOT = 100
 Max. number of STATIONS in stationlist           IST = 650
 Max. number of OBSERVATIONS per event MAXOBSPEREVENT = 180






    INPUT - P A R A M E T E R S :



***
***  olat       olon   icoordsystem      zshift   itrial ztrial    ised
  72.000000-126.000000      0            0.000       0     0.00      0
***
*** neqs   nshot    rotate
     91      0      0.0
***
*** isingle   iresolcalc
       0          0
***
*** dmax    itopo    zmin     veladj    zadj   lowveloclay
   300.00     0      0.01       0.20    5.00       0
***
*** nsp    swtfac   vpvs       nmod
     1      1.00    1.730        1
***
***   othet   xythet    zthet    vthet   stathet
       0.01     0.01     0.01     1.00     0.01
***
*** nsinv   nshcor   nshfix     iuseelev    iusestacorr
       1       0       0           1            1
***
*** iturbo    icnvout   istaout   ismpout
       1         1         1         0
***
*** irayout   idrvout   ialeout   idspout   irflout   irfrout   iresout
       0         0         0         0         0         0         0
***
*** delmin   ittmax   invertratio
    0.010       3          1
***
*** Modelfile:
tmp/vinnik_2/synthvel/model_116.mod
***
*** Stationfile:
./velinp/station.sta
***
*** Seismofile:
 
***
*** File with region names:
 
***
*** File with region coordinates:
 
***
*** File #1 with topo data:
 
***
*** File #2 with topo data:
 
***
*** DATA INPUT files:
***
*** File with Earthquake data:
./velinp/data.cnv
***
*** File with Shot data:
 
***
*** OUTPUT files:
***
*** Main print output file:
./velout/vinnik_2/velest116.out
***
*** File with single event locations:
velout.vel
***
*** File with final hypocenters in *.cnv format:
./velout/vinnik_2/final_loc116.cnv
***
*** File with new station corrections:
./velout/vinnik_2/stations_corr116.sta
***
*** File with summary cards (e.g. for plotting):
velout.smp
***
*** File with raypoints:
velout.ray
***
*** File with derivatives:
velout.drv
***
*** File with ALEs:
velout.ale
***
*** File with Dirichlet spreads:
velout.dspr
***
*** File with reflection points:
velout.rfl
***
*** File with refraction points:
velout.rfr
***
*** File with residuals:
velout.res
***




 Origin of cartesian coordinates:
        72.00000N   126.00000E

  X,Y-AXES rotated clockwise from North
           Rotation angle (rotate):
            rotate=    0.0 degr.

 icoordsystem =            0
 normal SHORT DISTANCE CONVERSION will be made
 x is positive towards west, y is positive towards north


 SHORT DISTANCE CONVERSION on ELLIPSOIDE of WORLD GEODETIC SYSTEM 1972 (WGS72)
 =============================================================================

 Radius at equator (REARTH)= 6378.13500  km
   1. / (ellipticity)      =    298.260

 Origin of cartesian coordinates [degrees]:
   72.0000000 N     -126.0000000 W

  Rotation angle (in degr.) clockwise from
North  rotate=    0.0

 Radius of sphere at OLAT =   6358.817 km

 Conversion of GEOGRAPHICAL LATITUDE to GEOCENTRICAL LATITUDE:
 RLATC = TAN(GEOCENTR.LAT) / TAN(GEOGRAPH.LAT)
 RLATC =   0.99333486

          Short distance conversions:
          one min lat ~  1.8597 km 
          one min lon ~  0.5751 km 







    INPUT - M O D E L :



 Model(s) read from file :
 tmp/vinnik_2/synthvel/model_116.mod                                             

 model file title: 
Model: model_116.mod                    
 Velocity structure for model   1 :

 layer    vel   depth   vdamp  reflector
   1      4.61  -5.00    1.00         P-VELOCITY MODEL                  
   2      4.74   0.53    1.00  
   3      5.20   8.25    1.00  
   4      5.85  20.38    1.00  
   5      5.96  29.22    1.00  
   6      8.09  30.44    1.00  
   7      8.91  35.01    1.00  
   8      9.08  40.00    1.00  
   9      9.60  44.91    1.00  

 Calculation of average velocity starts at layer #            1
 z = -5.00 ...  0.53    v = 4.61    AVEL = 4.61 downto z =   0.53
 z =  0.53 ...  8.25    v = 4.74    AVEL = 4.69 downto z =   8.25
 z =  8.25 ... 20.38    v = 5.20    AVEL = 4.93 downto z =  20.38
 z = 20.38 ... 29.22    v = 5.85    AVEL = 5.17 downto z =  29.22
 z = 29.22 ... 30.44    v = 5.96    AVEL = 5.20 downto z =  30.44
 z = 30.44 ... 35.01    v = 8.09    AVEL = 5.53 downto z =  35.01
 z = 35.01 ... 40.00    v = 8.91    AVEL = 5.90 downto z =  40.00
 z = 40.00 ... 44.91    v = 9.08    AVEL = 6.21 downto z =  44.91


 Calculation of average velocity starts at layer #            2
 z =  0.53 ...  8.25    v = 4.74    AVEL = 4.74 downto z =   8.25
 z =  8.25 ... 20.38    v = 5.20    AVEL = 5.02 downto z =  20.38
 z = 20.38 ... 29.22    v = 5.85    AVEL = 5.28 downto z =  29.22
 z = 29.22 ... 30.44    v = 5.96    AVEL = 5.30 downto z =  30.44
 z = 30.44 ... 35.01    v = 8.09    AVEL = 5.67 downto z =  35.01
 z = 35.01 ... 40.00    v = 8.91    AVEL = 6.08 downto z =  40.00
 z = 40.00 ... 44.91    v = 9.08    AVEL = 6.41 downto z =  44.91






    INPUT - S T A T I O N S :



 Station-parameters read from file :
 ./velinp/station.sta                                                            


     stn latitude longitude elev   x      y      z     ptcor stcor model icc
   1 624 72.4760N126.2750E     0  -9.37  53.11  -0.00   0.00  0.00   1  13
   2 628 72.4000N127.1470E     0 -39.15  44.63  -0.00   0.00  0.00   1  12
   3 630 72.0750N128.3250E     0 -80.06   8.37  -0.00   0.00  0.00   1  11
   4 627 72.1170N126.9820E     0 -33.78  13.06  -0.00   0.00  0.00   1  10
   5 621 72.1840N124.8890E     0  38.14  20.53  -0.00   0.00  0.00   1   9
   6 629 71.9290N127.3130E     0 -45.39  -7.92  -0.00   0.00  0.00   1   8
   7 622 72.4420N125.3130E     0  23.42  49.32  -0.00   0.00  0.00   1   7
   8 620 72.6540N124.3470E     0  56.03  72.98  -0.00   0.00  0.00   1   6
   9 623 72.3260N125.7600E     0   8.21  36.38  -0.00   0.00  0.00   1   5
  10 626 71.8880N126.0360E     0  -1.25 -12.50  -0.00   0.00  0.00   1   4
  11 625 72.1740N126.1070E     0  -3.67  19.42  -0.00   0.00  0.00   1   3
  12 631 71.3990N127.2470E     0 -43.72 -67.06  -0.00   0.00  0.00   1   2
  13 632 71.5740N129.0728E     0-107.23 -47.53  -0.00   0.00  0.00   1   1

 NO Seismo-parameter-file specified
 --> NO magnitudes calculated!




   neqs=   91  nshot=    0  nltot=    9

 ~~~ input parameters read.
 ~~~ set units for first iteration ...
 ~~~ determine number of unknowns ...

 Number of unknowns (for array-indexing):  nvar =  385
 Number of effective unknowns        :  nvareff =  373
 Number of elements on/below main diagonal of matrix G = At*A : kvar =   74305

 ~~~ reset G and RHT ...
 ~~~ input data, raytracing, setup G ...






    I N P U T - D A T A  

  eq    origin-time    latitude longitude depth    x      y      z    mag ifxOBS
   1 160818 1613  9.10 73.0030N 124.8500E  23.10  38.61 111.92  23.10 1.40 0   6
   2 160818 1613  9.30 72.9910N 124.8700E  22.80  37.95 110.58  22.80 1.10 0   6
   3 160819 0959 27.30 71.9230N 129.7600E  12.10-130.00  -8.59  12.10 4.00 0  12
   4 160820 1506 15.70 71.9380N 129.7900E  11.00-130.98  -6.92  11.00 1.50 0   9
   5 160820 1904 45.70 72.3480N 127.1800E  23.80 -40.33  38.83  23.80 1.20 0   6
   6 160822 1318 49.50 72.3650N 127.0800E  16.50 -36.90  40.73  16.50 0.60 0   8
   7 160823 0652 14.00 70.9330N 129.8100E   6.40-135.21-119.06   6.40 2.90 0   6
   8 160824 1510 30.40 71.6070N 130.0400E   8.60-140.86 -43.85   8.60 1.50 0   9
   9 160906 1514 39.70 72.5080N 125.6800E  12.10  10.89  56.68  12.10 0.90 0   6
 WARNING:
 epicentral distance: 303.3 > dmax ( 300.0) ==> skipping phase !
 WARNING:
 epicentral distance: 338.2 > dmax ( 300.0) ==> skipping phase !
  10 160920 1607 18.30 69.2370N 128.3500E  16.20 -87.07-308.31  16.20 2.60 0   2
 WARNING:
 epicentral distance: 318.5 > dmax ( 300.0) ==> skipping phase !
 WARNING:
 epicentral distance: 355.0 > dmax ( 300.0) ==> skipping phase !
  11 160925 1911  5.60 69.2250N 127.6800E  15.60 -62.26-309.64  15.60 2.30 0   2
  12 161004 0841 51.20 72.8480N 124.9600E  15.60  35.07  94.62  15.60 0.20 0   6
  13 161005 1619 46.90 72.8770N 125.0100E  19.00  33.35  97.86  19.00 1.00 0   9
  14 161006 0156 55.90 72.8740N 125.0100E  13.90  33.36  97.52  13.90 1.00 0   7
  15 161009 0036 44.70 72.8720N 124.9900E  17.20  34.03  97.30  17.20 1.30 0   8
  16 161009 0036 44.90 72.8580N 124.9600E  18.60  35.06  95.74  18.60 1.20 0   7
  17 161012 0800 22.10 72.7380N 126.0300E  18.50  -1.01  82.35  18.50 0.80 0   7
  18 161015 1013 36.50 72.0400N 126.9900E  11.20 -34.12   4.46  11.20 0.70 0   7
  19 161021 0507 33.30 72.5750N 124.7800E  10.10  41.44  64.16  10.10 0.80 0   6
  20 161124 2250 46.00 72.7630N 124.8800E  16.20  37.85  85.14  16.20 3.10 0   4
  21 161125 0156 34.10 72.7420N 124.9200E  14.50  36.52  82.80  14.50 0.60 0   7
  22 161125 0517 25.90 72.7650N 124.9400E  13.50  35.82  85.36  13.50 1.60 0   6
  23 161125 0525 15.90 72.7740N 124.9500E  11.60  35.48  86.37  11.60 0.80 0   6
  24 161125 0556  2.00 72.7350N 124.9700E   5.70  34.84  82.01   5.70 0.20 0   6
  25 170117 0846 48.60 72.2130N 127.3400E  22.00 -45.97  23.77  22.00 0.30 0   6
  26 170122 1614 27.60 71.9670N 128.0400E  10.30 -70.45  -3.68  10.30 0.90 0   6
  27 170125 2244  0.20 72.4440N 126.0200E  13.10  -0.68  49.54  13.10 0.80 0   6
  28 170302 1359 59.10 72.6830N 124.8900E  11.50  37.60  76.21  11.50 0.50 0   7
  29 170302 2335 20.20 71.8850N 130.3000E  14.80-148.82 -12.83  14.80 2.10 0   9
  30 170304 2135  2.90 72.6880N 124.9400E  13.40  35.90  76.77  13.40 1.30 0   7
  31 170307 0447 21.00 72.6940N 124.9200E  14.20  36.57  77.44  14.20 1.70 0  10
  32 170307 2016 50.80 72.6910N 124.9100E  15.30  36.91  77.10  15.30 1.10 0   6
  33 170309 1454  0.80 72.6830N 124.9000E  15.60  37.26  76.21  15.60 0.30 0   6
  34 170311 0430 55.40 72.3130N 126.5000E  24.50 -17.11  34.93  24.50 0.30 0   6
  35 170312 0416 39.20 71.9240N 128.0800E   3.40 -71.91  -8.48   3.40 2.10 0   6
  36 170313 0553 59.10 72.6980N 124.9200E  15.10  36.57  77.89  15.10 1.00 0   9
  37 170313 0809  5.60 72.4500N 125.0800E  14.90  31.36  50.21  14.90 1.20 0   7
  38 170315 0234 46.50 72.6540N 123.8400E  16.90  73.22  72.98  16.90 1.40 0   7
  39 170317 1007 14.10 72.2350N 125.9800E   3.90   0.69  26.22   3.90 0.50 0   7
  40 170320 0711 14.60 72.1250N 127.2200E  16.80 -41.95  13.95  16.80 0.90 0   6
  41 170320 0853 56.40 72.7090N 124.9700E   5.10  34.86  79.11   5.10 0.40 0   6
  42 170320 1900 34.30 72.4150N 126.1200E  18.00  -4.09  46.31  18.00 0.60 0   7
  43 170323 0519 24.60 71.6470N 129.1800E   5.20-110.76 -39.39   5.20 1.20 0   6
  44 170323 1612 49.70 72.4530N 125.1100E   8.30  30.33  50.55   8.30 0.50 0   6
  45 170323 1906 41.20 72.4070N 130.2500E  18.30-145.04  45.41  18.30 1.00 0   6
  46 170326 0836 34.10 71.9930N 127.6700E  16.10 -57.63  -0.78  16.10 1.50 0   7
  47 170402 0422  1.00 72.7220N 125.6900E  21.90  10.49  80.56  21.90 1.20 0  10
  48 170402 0636 37.20 72.7310N 125.6900E  23.50  10.49  81.57  23.50 0.70 0   6
  49 170404 2347 35.70 72.7580N 124.3800E  22.60  54.76  84.58  22.60 0.50 0   6
  50 170405 0307 36.10 71.6810N 128.9500E  15.30-102.66 -35.60  15.30 1.00 0  10
  51 170405 1410 53.20 71.5100N 128.9000E   9.30-101.37 -54.68   9.30 1.70 0  10
  52 170406 0838 43.20 72.3850N 129.3800E  15.50-115.42  42.96  15.50 0.90 0  10
  53 170406 1728  1.00 72.7230N 125.6900E  21.30  10.49  80.67  21.30 0.90 0  10
 WARNING:
 epicentral distance: 325.9 > dmax ( 300.0) ==> skipping phase !
 WARNING:
 epicentral distance: 332.9 > dmax ( 300.0) ==> skipping phase !
 WARNING:
 epicentral distance: 345.3 > dmax ( 300.0) ==> skipping phase !
 WARNING:
 epicentral distance: 391.9 > dmax ( 300.0) ==> skipping phase !
  54 170407 1729  3.40 74.8930N 128.6300E  15.60 -83.67 322.81  15.60 1.80 0   2
 WARNING:
 epicentral distance: 311.3 > dmax ( 300.0) ==> skipping phase !
 WARNING:
 epicentral distance: 315.4 > dmax ( 300.0) ==> skipping phase !
 WARNING:
 epicentral distance: 328.9 > dmax ( 300.0) ==> skipping phase !
 WARNING:
 epicentral distance: 374.2 > dmax ( 300.0) ==> skipping phase !
  55 170407 1729  3.50 74.7270N 128.8100E   0.40 -89.83 304.29   0.40 1.60 0   5
  56 170408 1004 44.90 72.6070N 124.9400E  15.00  35.98  67.73  15.00 1.40 0  13
  57 170409 0856 47.20 73.3850N 128.5500E  15.60 -84.71 154.54  15.60 2.50 0   6
  58 170409 0902 45.60 73.3500N 128.4400E  15.10 -81.13 150.64  15.10 1.10 0   7
  59 170410 1520  8.50 72.0030N 128.3900E   2.70 -82.46   0.33   2.70 1.00 0  10
  60 170410 1813  3.60 70.9360N 129.1200E   3.70-110.72-118.73   3.70 2.20 0  13
  61 170412 1507  0.60 71.5070N 129.7200E   0.00-130.05 -55.01   0.00 0.70 0   6
  62 170413 0651 20.10 73.3680N 125.4200E  15.60  19.28 152.65  15.60 1.00 0  10
  63 170414 0459 18.80 72.2680N 127.3800E  20.10 -47.27  29.90  20.10 0.50 0   7
  64 170414 0540  4.80 73.6400N 130.9700E   8.00-163.92 183.00   8.00 1.80 0  11
  65 170414 1656 23.40 72.1850N 127.4000E  15.50 -48.06  20.64  15.50 0.20 0   6
  66 170414 1753 32.80 72.3840N 130.4600E  17.90-152.30  42.85  17.90 0.70 0   6
  67 170416 0523 41.90 71.9560N 127.0800E  19.20 -37.31  -4.91  19.20 1.60 0  13
  68 170416 1220 14.20 72.9470N 124.4900E  20.40  50.77 105.67  20.40 1.00 0  11
 WARNING:
 epicentral distance: 320.3 > dmax ( 300.0) ==> skipping phase !
 WARNING:
 epicentral distance: 381.0 > dmax ( 300.0) ==> skipping phase !
 WARNING:
 epicentral distance: 398.8 > dmax ( 300.0) ==> skipping phase !
 WARNING:
 epicentral distance: 405.0 > dmax ( 300.0) ==> skipping phase !
 WARNING:
 epicentral distance: 424.8 > dmax ( 300.0) ==> skipping phase !
 WARNING:
 epicentral distance: 431.2 > dmax ( 300.0) ==> skipping phase !
 WARNING:
 epicentral distance: 445.5 > dmax ( 300.0) ==> skipping phase !
 WARNING:
 epicentral distance: 451.8 > dmax ( 300.0) ==> skipping phase !
 WARNING:
 epicentral distance: 464.3 > dmax ( 300.0) ==> skipping phase !
  69 170416 1257 48.30 68.8710N 131.7500E  73.50-214.97-349.14  73.50 2.20 0   0
  70 170416 1821  5.50 72.8670N 125.0000E  19.30  33.70  96.74  19.30 1.30 0  13
  71 170418 0606  4.10 72.5080N 125.8200E   1.30   6.13  56.68   1.30 0.20 0   6
 WARNING:
 epicentral distance: 315.2 > dmax ( 300.0) ==> skipping phase !
 WARNING:
 epicentral distance: 332.1 > dmax ( 300.0) ==> skipping phase !
 WARNING:
 epicentral distance: 345.3 > dmax ( 300.0) ==> skipping phase !
 WARNING:
 epicentral distance: 352.6 > dmax ( 300.0) ==> skipping phase !
 WARNING:
 epicentral distance: 346.7 > dmax ( 300.0) ==> skipping phase !
 WARNING:
 epicentral distance: 356.6 > dmax ( 300.0) ==> skipping phase !
 WARNING:
 epicentral distance: 363.9 > dmax ( 300.0) ==> skipping phase !
 WARNING:
 epicentral distance: 372.8 > dmax ( 300.0) ==> skipping phase !
 WARNING:
 epicentral distance: 378.6 > dmax ( 300.0) ==> skipping phase !
 WARNING:
 epicentral distance: 378.6 > dmax ( 300.0) ==> skipping phase !
  72 170418 1005 56.80 69.3310N 122.4100E  97.00 132.70-297.82  97.00 2.20 0   1
  73 170418 1500 12.90 72.7340N 124.5100E  23.10  50.40  81.90  23.10 1.30 0  12
  74 170420 1302 36.20 72.6290N 129.0200E  21.80-102.44  70.19  21.80 0.90 0  11
  75 170420 2248 46.70 72.0220N 129.1200E   0.00-107.59   2.46   0.00 0.70 0  11
 WARNING:
 epicentral distance: 313.1 > dmax ( 300.0) ==> skipping phase !
 WARNING:
 epicentral distance: 324.4 > dmax ( 300.0) ==> skipping phase !
 WARNING:
 epicentral distance: 324.2 > dmax ( 300.0) ==> skipping phase !
 WARNING:
 epicentral distance: 342.4 > dmax ( 300.0) ==> skipping phase !
 WARNING:
 epicentral distance: 349.0 > dmax ( 300.0) ==> skipping phase !
 WARNING:
 epicentral distance: 380.2 > dmax ( 300.0) ==> skipping phase !
 WARNING:
 epicentral distance: 381.6 > dmax ( 300.0) ==> skipping phase !
 WARNING:
 epicentral distance: 408.0 > dmax ( 300.0) ==> skipping phase !
  76 170423 0850 54.60 74.7080N 132.7900E   0.10-217.19 302.17   0.10 1.90 0   0
  77 170423 1455 44.10 72.8400N 124.4900E  16.80  50.92  93.73  16.80 0.60 0   8
  78 170423 2313 41.80 72.5960N 124.8700E  22.00  38.36  66.50  22.00 1.30 0  12
  79 170424 0609 58.60 71.9600N 128.0200E   0.10 -69.77  -4.46   0.10 1.10 0  12
  80 170424 0755 26.70 71.9480N 128.0300E   0.00 -70.14  -5.80   0.00 1.00 0  12
  81 170424 0755 26.90 71.9590N 128.0300E   0.00 -70.12  -4.57   0.00 1.00 0  12
  82 170425 0652 23.30 71.9600N 128.0300E   0.00 -70.12  -4.46   0.00 1.20 0   9
  83 170426 0051 23.20 71.9450N 128.0600E   6.60 -71.18  -6.14   6.60 0.70 0   6
  84 170426 1425 21.20 72.0790N 127.2600E  21.00 -43.38   8.82  21.00 0.10 0   6
  85 170426 1834 24.60 71.5840N 130.8000E  10.90-167.46 -46.42  10.90 1.20 0   8
  86 170426 1840 44.10 72.2710N 126.3600E  18.10 -12.33  30.24  18.10 1.30 0   8
  87 170427 0912 28.80 72.0640N 127.7900E   2.60 -61.65   7.14   2.60 0.90 0   8
  88 170427 1041 38.10 71.7480N 128.9900E   8.40-103.86 -28.12   8.40 0.70 0   7
  89 170427 2010 47.80 72.8010N 130.2000E  20.20-141.80  89.38  20.20 1.30 0   8
  90 170427 2010 48.30 72.7890N 130.1400E  20.10-139.82  88.04  20.10 1.30 0   8
  91 170427 2342 34.10 72.7630N 125.0100E  19.50  33.46  85.14  19.50 0.80 0   6

 readings for station 624  :  74
 readings for station 628  :  69
 readings for station 630  :  53
 readings for station 627  :  46
 readings for station 621  :  59
 readings for station 629  :  43
 readings for station 622  :  58
 readings for station 620  :  48
 readings for station 623  :  55
 readings for station 626  :  52
 readings for station 625  :  49
 readings for station 631  :  49
 readings for station 632  :  24

 Total number of stations with readings:  13

 Total number of readings:     679
 Total number of P readings:       0
 Total number of S readings:       0


 ~~~ store parts of G ...
 ~~~ compute RMS and DATVAR ...

 Total number of observations is:   679


 $$$$$$$$$$$$$$$$$$$$$$$$$$$$$$$$$$$$$$$$$$$$$$$$$
 Events with  | AVRES | > 1.0 SEC are suspicious !

 Event#   1 >>>  160818 1613  AVRES = -1.17 NOBS =  6
 Event#   2 >>>  160818 1613  AVRES = -1.22 NOBS =  6
 Event#   3 >>>  160819 0959  AVRES = -1.07 NOBS = 12
 Event#   5 >>>  160820 1904  AVRES = -1.40 NOBS =  6
 Event#   6 >>>  160822 1318  AVRES = -1.58 NOBS =  8
 Event#   9 >>>  160906 1514  AVRES = -1.32 NOBS =  6
 Event#  10 >>>  160920 1607  AVRES =  3.59 NOBS =  2
 Event#  11 >>>  160925 1911  AVRES =  3.21 NOBS =  2
 Event#  12 >>>  161004 0841  AVRES = -1.78 NOBS =  6
 Event#  13 >>>  161005 1619  AVRES = -1.35 NOBS =  9
 Event#  14 >>>  161006 0156  AVRES = -1.59 NOBS =  7
 Event#  15 >>>  161009 0036  AVRES = -1.01 NOBS =  8
 Event#  17 >>>  161012 0800  AVRES = -1.51 NOBS =  7
 Event#  18 >>>  161015 1013  AVRES = -1.70 NOBS =  7
 Event#  19 >>>  161021 0507  AVRES = -1.63 NOBS =  6
 Event#  20 >>>  161124 2250  AVRES = -1.58 NOBS =  4
 Event#  21 >>>  161125 0156  AVRES = -1.67 NOBS =  7
 Event#  22 >>>  161125 0517  AVRES = -1.96 NOBS =  6
 Event#  23 >>>  161125 0525  AVRES = -2.02 NOBS =  6
 Event#  24 >>>  161125 0556  AVRES = -2.15 NOBS =  6
 Event#  25 >>>  170117 0846  AVRES = -1.18 NOBS =  6
 Event#  26 >>>  170122 1614  AVRES = -1.70 NOBS =  6
 Event#  27 >>>  170125 2244  AVRES = -1.26 NOBS =  6
 Event#  28 >>>  170302 1359  AVRES = -1.53 NOBS =  7
 Event#  30 >>>  170304 2135  AVRES = -1.19 NOBS =  7
 Event#  31 >>>  170307 0447  AVRES = -1.23 NOBS = 10
 Event#  32 >>>  170307 2016  AVRES = -1.80 NOBS =  6
 Event#  33 >>>  170309 1454  AVRES = -1.50 NOBS =  6
 Event#  34 >>>  170311 0430  AVRES = -1.18 NOBS =  6
 Event#  35 >>>  170312 0416  AVRES = -2.02 NOBS =  6
 Event#  36 >>>  170313 0553  AVRES = -1.32 NOBS =  9
 Event#  37 >>>  170313 0809  AVRES = -1.71 NOBS =  7
 Event#  38 >>>  170315 0234  AVRES = -1.49 NOBS =  7
 Event#  39 >>>  170317 1007  AVRES = -1.43 NOBS =  7
 Event#  40 >>>  170320 0711  AVRES = -1.61 NOBS =  6
 Event#  41 >>>  170320 0853  AVRES = -2.24 NOBS =  6
 Event#  42 >>>  170320 1900  AVRES = -1.27 NOBS =  7
 Event#  43 >>>  170323 0519  AVRES = -2.43 NOBS =  6
 Event#  44 >>>  170323 1612  AVRES = -1.47 NOBS =  6
 Event#  46 >>>  170326 0836  AVRES = -1.64 NOBS =  7
 Event#  48 >>>  170402 0636  AVRES = -1.20 NOBS =  6
 Event#  49 >>>  170404 2347  AVRES = -1.48 NOBS =  6
 Event#  50 >>>  170405 0307  AVRES = -1.18 NOBS = 10
 Event#  51 >>>  170405 1410  AVRES = -1.01 NOBS = 10
 Event#  52 >>>  170406 0838  AVRES = -1.26 NOBS = 10
 Event#  54 >>>  170407 1729  AVRES =  2.38 NOBS =  2
 Event#  55 >>>  170407 1729  AVRES =  1.60 NOBS =  5
 Event#  56 >>>  170408 1004  AVRES = -1.33 NOBS = 13
 Event#  57 >>>  170409 0856  AVRES =  1.52 NOBS =  6
 Event#  59 >>>  170410 1520  AVRES = -2.12 NOBS = 10
 Event#  61 >>>  170412 1507  AVRES = -2.26 NOBS =  6
 Event#  63 >>>  170414 0459  AVRES = -1.44 NOBS =  7
 Event#  64 >>>  170414 0540  AVRES =  2.23 NOBS = 11
 Event#  65 >>>  170414 1656  AVRES = -1.43 NOBS =  6
 Event#  67 >>>  170416 0523  AVRES = -1.54 NOBS = 13
 Event#  71 >>>  170418 0606  AVRES = -1.19 NOBS =  6
 Event#  72 >>>  170418 1005  AVRES =  4.29 NOBS =  1
 Event#  75 >>>  170420 2248  AVRES = -2.12 NOBS = 11
 Event#  77 >>>  170423 1455  AVRES = -1.51 NOBS =  8
 Event#  78 >>>  170423 2313  AVRES = -1.04 NOBS = 12
 Event#  79 >>>  170424 0609  AVRES = -2.30 NOBS = 12
 Event#  80 >>>  170424 0755  AVRES = -2.26 NOBS = 12
 Event#  81 >>>  170424 0755  AVRES = -2.25 NOBS = 12
 Event#  82 >>>  170425 0652  AVRES = -2.32 NOBS =  9
 Event#  83 >>>  170426 0051  AVRES = -1.96 NOBS =  6
 Event#  84 >>>  170426 1425  AVRES = -1.23 NOBS =  6
 Event#  86 >>>  170426 1840  AVRES = -1.46 NOBS =  8
 Event#  87 >>>  170427 0912  AVRES = -1.98 NOBS =  8
 Event#  88 >>>  170427 1041  AVRES = -2.15 NOBS =  7

 ^^^^^^^^^ C H E C K   these events above ^^^^^^^^
 $$$$$$$$$$$$$$$$$$$$$$$$$$$$$$$$$$$$$$$$$$$$$$$$$

 ~~~ save initial datvar ...

 Iteration nr  0 obtained:
 DATVAR=    4.509636 mean sqrd residual=     2.032325  RMS RESIDUAL=     1.425596

 After  0 iterations we got:
 Average absolute & unweighted [and mean] residual of
   280 straight and direct rays =  1.59264 [ -1.56197]
   399 refracted           rays =  1.59597 [ -0.82139]
     0 reflected           rays =  0.00000 [  0.00000]

   679 ALL                 RAYS =  1.59460 [ -1.12679]        0.00 %




--------------------------------------------------------------------------------



           ITERATION no  1

 ~~~ set units for this iteration ...
 ~~~ determine number of unknowns for this iter. ...

 Number of unknowns (for array-indexing):  nvar =  385
 Number of effective unknowns        :  nvareff =  386
 Number of elements on/below main diagonal of matrix G = At*A : kvar =   74305

 Damping factors to be used in this iteration:
   Othet=   0.010   XYthet  =   0.010   Zthet=  0.010
 STAthet=   0.010   Vthet   =   1.000

 ~~~ damp G ...
 ~~~ solve G * b = RHT ...
 ~~~ fix units ...
 ~~~ apply eventually step-length damping ...
 ~~~ adjust model (hypocenters, stacorr & veloc.) ...

 doing velocity adjustments now...

 doing station-correction adjustments...

 ~~~ compute effective step-length ...

 (Applied) Step length =   1.438

 ~~~ set units for next iteration ...
 ~~~ determine number of unknowns for next iter. ...

 Number of unknowns (for array-indexing):  nvar =  385
 Number of effective unknowns        :  nvareff =  386
 Number of elements on/below main diagonal of matrix G = At*A : kvar =   74305

 ~~~ reset G and RHT ...
 ~~~ raytracing, setup G ...
 ~~~ store parts of G ...
 ~~~ set units back for current iteration ...
 ~~~ determine number of unknowns for this iter. ...

 Number of unknowns (for array-indexing):  nvar =  385
 Number of effective unknowns        :  nvareff =  386
 Number of elements on/below main diagonal of matrix G = At*A : kvar =   74305

 ~~~ compute RMS and DATVAR ...

 $$$$$$$$$$$$$$$$$$$$$$$$$$$$$$$$$$$$$$$$$$$$$$$$$
 Events with  | AVRES | > 1.0 SEC are suspicious !

 Event#   1 >>>  160818 1613  AVRES = -1.09 NOBS =  6
 Event#   2 >>>  160818 1613  AVRES = -1.13 NOBS =  6
 Event#   5 >>>  160820 1904  AVRES = -1.31 NOBS =  6
 Event#   6 >>>  160822 1318  AVRES = -1.48 NOBS =  8
 Event#   9 >>>  160906 1514  AVRES = -1.23 NOBS =  6
 Event#  10 >>>  160920 1607  AVRES =  3.37 NOBS =  2
 Event#  11 >>>  160925 1911  AVRES =  3.01 NOBS =  2
 Event#  12 >>>  161004 0841  AVRES = -1.67 NOBS =  6
 Event#  13 >>>  161005 1619  AVRES = -1.25 NOBS =  9
 Event#  14 >>>  161006 0156  AVRES = -1.48 NOBS =  7
 Event#  17 >>>  161012 0800  AVRES = -1.42 NOBS =  7
 Event#  18 >>>  161015 1013  AVRES = -1.59 NOBS =  7
 Event#  19 >>>  161021 0507  AVRES = -1.53 NOBS =  6
 Event#  20 >>>  161124 2250  AVRES = -1.48 NOBS =  4
 Event#  21 >>>  161125 0156  AVRES = -1.56 NOBS =  7
 Event#  22 >>>  161125 0517  AVRES = -1.83 NOBS =  6
 Event#  23 >>>  161125 0525  AVRES = -1.90 NOBS =  6
 Event#  24 >>>  161125 0556  AVRES = -2.01 NOBS =  6
 Event#  25 >>>  170117 0846  AVRES = -1.10 NOBS =  6
 Event#  26 >>>  170122 1614  AVRES = -1.59 NOBS =  6
 Event#  27 >>>  170125 2244  AVRES = -1.18 NOBS =  6
 Event#  28 >>>  170302 1359  AVRES = -1.43 NOBS =  7
 Event#  30 >>>  170304 2135  AVRES = -1.12 NOBS =  7
 Event#  31 >>>  170307 0447  AVRES = -1.15 NOBS = 10
 Event#  32 >>>  170307 2016  AVRES = -1.67 NOBS =  6
 Event#  33 >>>  170309 1454  AVRES = -1.39 NOBS =  6
 Event#  34 >>>  170311 0430  AVRES = -1.11 NOBS =  6
 Event#  35 >>>  170312 0416  AVRES = -1.90 NOBS =  6
 Event#  36 >>>  170313 0553  AVRES = -1.23 NOBS =  9
 Event#  37 >>>  170313 0809  AVRES = -1.61 NOBS =  7
 Event#  38 >>>  170315 0234  AVRES = -1.39 NOBS =  7
 Event#  39 >>>  170317 1007  AVRES = -1.34 NOBS =  7
 Event#  40 >>>  170320 0711  AVRES = -1.50 NOBS =  6
 Event#  41 >>>  170320 0853  AVRES = -2.10 NOBS =  6
 Event#  42 >>>  170320 1900  AVRES = -1.19 NOBS =  7
 Event#  43 >>>  170323 0519  AVRES = -2.28 NOBS =  6
 Event#  44 >>>  170323 1612  AVRES = -1.38 NOBS =  6
 Event#  46 >>>  170326 0836  AVRES = -1.54 NOBS =  7
 Event#  48 >>>  170402 0636  AVRES = -1.12 NOBS =  6
 Event#  49 >>>  170404 2347  AVRES = -1.39 NOBS =  6
 Event#  50 >>>  170405 0307  AVRES = -1.10 NOBS = 10
 Event#  52 >>>  170406 0838  AVRES = -1.17 NOBS = 10
 Event#  54 >>>  170407 1729  AVRES =  2.23 NOBS =  2
 Event#  55 >>>  170407 1729  AVRES =  1.50 NOBS =  5
 Event#  56 >>>  170408 1004  AVRES = -1.25 NOBS = 13
 Event#  57 >>>  170409 0856  AVRES =  1.43 NOBS =  6
 Event#  59 >>>  170410 1520  AVRES = -1.99 NOBS = 10
 Event#  61 >>>  170412 1507  AVRES = -2.12 NOBS =  6
 Event#  63 >>>  170414 0459  AVRES = -1.35 NOBS =  7
 Event#  64 >>>  170414 0540  AVRES =  2.09 NOBS = 11
 Event#  65 >>>  170414 1656  AVRES = -1.34 NOBS =  6
 Event#  67 >>>  170416 0523  AVRES = -1.43 NOBS = 13
 Event#  71 >>>  170418 0606  AVRES = -1.12 NOBS =  6
 Event#  72 >>>  170418 1005  AVRES =  4.01 NOBS =  1
 Event#  75 >>>  170420 2248  AVRES = -1.99 NOBS = 11
 Event#  77 >>>  170423 1455  AVRES = -1.41 NOBS =  8
 Event#  79 >>>  170424 0609  AVRES = -2.15 NOBS = 12
 Event#  80 >>>  170424 0755  AVRES = -2.12 NOBS = 12
 Event#  81 >>>  170424 0755  AVRES = -2.11 NOBS = 12
 Event#  82 >>>  170425 0652  AVRES = -2.18 NOBS =  9
 Event#  83 >>>  170426 0051  AVRES = -1.84 NOBS =  6
 Event#  84 >>>  170426 1425  AVRES = -1.16 NOBS =  6
 Event#  86 >>>  170426 1840  AVRES = -1.37 NOBS =  8
 Event#  87 >>>  170427 0912  AVRES = -1.85 NOBS =  8
 Event#  88 >>>  170427 1041  AVRES = -2.01 NOBS =  7

 ^^^^^^^^^ C H E C K   these events above ^^^^^^^^
 $$$$$$$$$$$$$$$$$$$$$$$$$$$$$$$$$$$$$$$$$$$$$$$$$

 ~~~ check solution (better? worse?) ...

 Iteration nr  1 obtained:
 DATVAR=    4.172377 mean sqrd residual=     1.800451  RMS RESIDUAL=     1.341809

 After  1 iterations we got:
 Average absolute & unweighted [and mean] residual of
   277 straight and direct rays =  1.48322 [ -1.45424]
   402 refracted           rays =  1.50281 [ -0.77555]
     0 reflected           rays =  0.00000 [  0.00000]

   679 ALL                 RAYS =  1.49482 [ -1.05242]       -6.26 %

 ~~~ iteration done; output results ...

  eq       ot     x      y      z      rms    avres   dot     dx     dy     dz
    1      9.08  38.63 111.99  23.14   0.70  -1.09   -0.015  0.019  0.071  0.041
    2      9.28  37.98 110.66  22.84   0.68  -1.13   -0.018  0.032  0.083  0.044
    3     27.26-129.97  -8.52  12.07   1.18  -1.00   -0.037  0.027  0.073 -0.031
    4     15.66-130.94  -6.85  10.92   1.11  -0.85   -0.040  0.040  0.065 -0.082
    5     45.69 -40.35  38.77  23.78   0.42  -1.31   -0.011 -0.012 -0.064 -0.017
    6     49.47 -36.87  40.70  16.69   0.57  -1.48   -0.032  0.033 -0.027  0.189
    7     13.94-135.01-119.18   6.35   2.26  -0.09   -0.062  0.208 -0.118 -0.050
    8     30.36-140.92 -44.01   8.71   1.25  -0.32   -0.035 -0.057 -0.160  0.112
    9     39.67  10.89  56.66  12.14   0.40  -1.23   -0.026 -0.003 -0.023  0.038
   10     18.25 -87.19-308.29  16.21   0.96   3.37   -0.048 -0.124  0.011  0.008
   11      5.53 -62.42-309.64  15.61   1.12   3.01   -0.071 -0.154  0.000  0.012
   12     51.17  35.05  94.68  15.73   0.50  -1.67   -0.034 -0.020  0.062  0.132
   13     46.87  33.46  97.90  19.04   0.83  -1.25   -0.026  0.103  0.041  0.044
   14     55.86  33.34  97.56  14.00   1.24  -1.48   -0.042 -0.020  0.040  0.102
   15     44.67  33.98  97.38  17.20   1.44  -0.94   -0.033 -0.052  0.081 -0.003
   16     44.86  35.01  95.87  18.57   1.42  -0.74   -0.036 -0.043  0.133 -0.031
   17     22.08  -0.95  82.40  18.45   1.09  -1.42   -0.024  0.067  0.056 -0.055
   18     36.46 -34.13   4.48  11.39   0.64  -1.59   -0.037 -0.004  0.017  0.188
   19     33.28  41.40  64.14  10.12   0.78  -1.53   -0.017 -0.042 -0.017  0.016
   20     45.97  37.85  85.11  16.18   0.87  -1.48   -0.031 -0.005 -0.027 -0.018
   21     34.07  36.50  82.81  14.53   0.94  -1.56   -0.032 -0.025  0.011  0.029
   22     25.86  35.78  85.43  13.66   0.68  -1.83   -0.042 -0.040  0.070  0.155
   23     15.88  35.42  86.29  11.63   0.74  -1.90   -0.021 -0.055 -0.074  0.027
   24      1.96  34.86  82.06   5.85   0.87  -2.01   -0.038  0.022  0.048  0.149
   25     48.60 -45.98  23.69  22.06   0.40  -1.10   -0.001 -0.013 -0.079  0.056
   26     27.57 -70.40  -3.76  10.34   0.65  -1.59   -0.026  0.046 -0.076  0.038
   27      0.18  -0.65  49.47  13.17   0.54  -1.18   -0.018  0.031 -0.076  0.074
   28     59.07  37.61  76.19  11.57   1.13  -1.43   -0.027  0.014 -0.019  0.071
   29     20.16-148.75 -12.83  14.70   1.27  -0.47   -0.039  0.074 -0.002 -0.098
   30      2.88  35.86  76.75  13.33   1.32  -1.12   -0.016 -0.038 -0.023 -0.071
   31     20.97  36.50  77.43  14.23   1.44  -1.15   -0.027 -0.071 -0.008  0.034
   32     50.76  36.88  77.12  15.42   0.63  -1.67   -0.035 -0.027  0.012  0.123
   33      0.78  37.24  76.20  15.66   0.87  -1.39   -0.022 -0.015 -0.008  0.058
   34     55.41 -17.04  34.92  24.47   0.35  -1.11    0.007  0.066 -0.005 -0.033
   35     39.19 -71.81  -8.46   3.58   1.08  -1.90   -0.007  0.107  0.018  0.176
   36     59.07  36.55  77.89  15.18   1.14  -1.23   -0.025 -0.019  0.003  0.077
   37      5.58  31.34  50.19  14.87   0.51  -1.61   -0.021 -0.023 -0.026 -0.028
   38     46.48  73.10  73.00  16.95   0.95  -1.39   -0.016 -0.119  0.029  0.050
   39     14.07   0.70  26.17   4.03   0.72  -1.34   -0.030  0.010 -0.053  0.131
   40     14.57 -41.91  13.91  16.89   0.54  -1.50   -0.035  0.039 -0.037  0.087
   41     56.38  34.87  79.05   5.27   0.93  -2.10   -0.021  0.008 -0.060  0.169
   42     34.29  -4.04  46.26  18.02   0.46  -1.19   -0.014  0.050 -0.042  0.018
   43     24.57-110.70 -39.34   5.37   0.96  -2.28   -0.028  0.055  0.051  0.165
   44     49.68  30.33  50.53   8.35   0.66  -1.38   -0.025 -0.008 -0.019  0.049
   45     41.19-145.08  45.41  18.34   1.35  -0.28   -0.009 -0.041 -0.002  0.042
   46     34.07 -57.62  -0.85  16.18   0.65  -1.54   -0.028  0.016 -0.067  0.078
   47      1.00  10.55  80.56  21.93   1.32  -0.68   -0.002  0.065  0.001  0.030
   48     37.21  10.57  81.54  23.51   0.55  -1.12    0.006  0.084 -0.026  0.015
   49     35.71  54.75  84.52  22.50   0.71  -1.39    0.006 -0.012 -0.059 -0.095
   50     36.07-102.55 -35.58  15.28   1.09  -1.10   -0.026  0.104  0.019 -0.017
   51     53.16-101.27 -54.55   9.18   1.43  -0.94   -0.043  0.100  0.126 -0.116
   52     43.16-115.48  42.97  15.50   1.12  -1.17   -0.036 -0.067  0.015 -0.002
   53      1.00  10.55  80.69  21.33   1.29  -0.68   -0.002  0.064  0.019  0.033
   54      3.22 -83.68 322.79  15.63   0.57   2.23   -0.181 -0.004 -0.021  0.029
   55      3.34 -89.81 304.28   0.43   0.54   1.50   -0.157  0.027 -0.009  0.030
   56     44.87  35.96  67.66  15.05   1.24  -1.25   -0.026 -0.016 -0.075  0.048
   57     47.16 -84.72 154.57  15.61   0.90   1.43   -0.036 -0.015  0.030  0.006
   58     45.58 -81.04 150.70  15.11   1.46   0.57   -0.021  0.089  0.066  0.011
   59      8.48 -82.37   0.32   2.81   1.00  -1.99   -0.023  0.084 -0.012  0.111
   60      3.55-110.73-118.62   3.68   2.05  -0.31   -0.046 -0.009  0.101 -0.020
   61      0.55-130.20 -55.06   0.29   0.95  -2.12   -0.054 -0.154 -0.049  0.175
   62     20.07  19.51 152.63  15.59   1.67  -0.34   -0.032  0.230 -0.013 -0.006
   63     18.79 -47.33  29.82  20.12   0.47  -1.35   -0.009 -0.063 -0.089  0.015
   64      4.75-163.67 183.30   8.01   1.13   2.09   -0.054  0.251  0.304  0.010
   65     23.38 -48.03  20.57  15.59   0.45  -1.34   -0.019  0.038 -0.072  0.094
   66     32.79-152.32  42.80  17.91   1.02  -0.54   -0.011 -0.025 -0.049  0.008
   67     41.88 -37.30  -4.98  19.20   0.59  -1.43   -0.022  0.010 -0.072 -0.004
   68     14.17  50.84 105.74  20.36   0.94  -0.68   -0.027  0.061  0.069 -0.042
   69     48.30-214.97-349.14  73.50   0.00   0.00    0.000  0.000  0.000  0.000
   70      5.46  33.66  96.90  19.21   1.46  -0.69   -0.038 -0.036  0.161 -0.087
   71      4.09   6.15  56.68   1.28   0.77  -1.12   -0.005  0.028 -0.009 -0.016
   72     56.57 132.68-297.80  96.99  16.11   4.01   -0.228 -0.014  0.018 -0.005
   73     12.89  50.49  81.90  23.11   1.11  -0.58   -0.007  0.089 -0.006  0.007
   74     36.20-102.58  70.22  22.02   0.93  -0.55    0.001 -0.137  0.031  0.217
   75     46.66-107.63   2.56   0.20   1.10  -1.99   -0.036 -0.039  0.108  0.088
   76     54.60-217.19 302.17   0.10   0.00   0.00    0.000  0.000  0.000  0.000
   77     44.07  50.86  93.79  16.77   0.93  -1.41   -0.028 -0.064  0.064 -0.032
   78     41.78  38.42  66.48  22.03   0.91  -0.97   -0.015  0.052 -0.022  0.031
   79     58.60 -69.74  -4.50   0.46   0.88  -2.15   -0.004  0.030 -0.038  0.357
   80     26.69 -70.12  -5.85   0.42   0.87  -2.12   -0.008  0.021 -0.046  0.305
   81     26.89 -70.09  -4.61   0.41   0.87  -2.11   -0.007  0.024 -0.040  0.304
   82     23.29 -70.07  -4.51   0.40   0.90  -2.18   -0.013  0.043 -0.043  0.287
   83     23.18 -71.12  -6.15   6.67   0.83  -1.84   -0.020  0.061 -0.009  0.072
   84     21.19 -43.35   8.71  21.02   0.37  -1.16   -0.011  0.028 -0.110  0.016
   85     24.56-167.47 -46.37  10.89   1.51  -0.15   -0.044 -0.005  0.045 -0.012
   86     44.08 -12.29  30.17  18.15   0.51  -1.37   -0.021  0.042 -0.072  0.053
   87     28.78 -61.63   7.06   2.83   1.03  -1.85   -0.016  0.024 -0.078  0.227
   88     38.06-103.84 -28.10   8.48   0.93  -2.01   -0.044  0.022  0.022  0.080
   89     47.79-141.86  89.37  20.22   1.04   0.50   -0.005 -0.063 -0.013  0.017
   90     48.29-139.87  88.06  20.12   1.02   0.38   -0.008 -0.049  0.016  0.022
   91     34.08  33.46  85.17  19.52   1.38  -0.85   -0.020  0.001  0.028  0.016

 A V E R A G E   of ADJUSTMENTS :                    -0.029  0.010  0.001  0.050
 A V E R A G E   of ABSOLUTE ADJUSTMENTS :            0.030  0.050  0.048  0.071


 Step length damping of 0.06273 was applied.


 Velocity adjustments:
     vp    dvp      hp   reflector
 Velocity model   1
   4.604 -0.006   -5.000      
   4.793  0.053    0.530      
   5.240  0.040    8.250      
   5.918  0.068   20.380      
   5.995  0.035   29.220      
   8.203  0.113   30.440      
   8.784 -0.126   35.010      
   9.042 -0.038   40.000      
   9.400 -0.200   44.910      

 Calculation of average velocity starts at layer #           1
 z = -5.00 ...  0.53    v = 4.60    AVEL = 4.60 downto z =   0.53
 z =  0.53 ...  8.25    v = 4.79    AVEL = 4.71 downto z =   8.25
 z =  8.25 ... 20.38    v = 5.24    AVEL = 4.97 downto z =  20.38
 z = 20.38 ... 29.22    v = 5.92    AVEL = 5.21 downto z =  29.22
 z = 29.22 ... 30.44    v = 5.99    AVEL = 5.24 downto z =  30.44
 z = 30.44 ... 35.01    v = 8.20    AVEL = 5.58 downto z =  35.01
 z = 35.01 ... 40.00    v = 8.78    AVEL = 5.93 downto z =  40.00
 z = 40.00 ... 44.91    v = 9.04    AVEL = 6.24 downto z =  44.91


 Calculation of average velocity starts at layer #           2
 z =  0.53 ...  8.25    v = 4.79    AVEL = 4.79 downto z =   8.25
 z =  8.25 ... 20.38    v = 5.24    AVEL = 5.07 downto z =  20.38
 z = 20.38 ... 29.22    v = 5.92    AVEL = 5.33 downto z =  29.22
 z = 29.22 ... 30.44    v = 5.99    AVEL = 5.36 downto z =  30.44
 z = 30.44 ... 35.01    v = 8.20    AVEL = 5.73 downto z =  35.01
 z = 35.01 ... 40.00    v = 8.78    AVEL = 6.12 downto z =  40.00
 z = 40.00 ... 44.91    v = 9.04    AVEL = 6.44 downto z =  44.91



 Adjusted station corrections:
   stn  ptcor  dpcor  
  624   0.000  0.000  628  -0.022 -0.022  630  -0.001 -0.001  627   0.005  0.005
  621   0.004  0.004  629   0.016  0.016  622   0.003  0.003  620   0.003  0.003
  623   0.018  0.018  626   0.008  0.008  625   0.008  0.008  631   0.020  0.020
  632  -0.002 -0.002

 ~~~ another iteration? ...



--------------------------------------------------------------------------------



           ITERATION no  2

 ~~~ set units for this iteration ...
 ~~~ determine number of unknowns for this iter. ...

 Number of unknowns (for array-indexing):  nvar =  385
 Number of effective unknowns        :  nvareff =  386
 Number of elements on/below main diagonal of matrix G = At*A : kvar =   74305

 Damping factors to be used in this iteration:
   Othet=   0.010   XYthet  =   0.010   Zthet=  0.010
 STAthet=   0.010   Vthet   =   1.000

 ~~~ damp G ...
 ~~~ solve G * b = RHT ...
 ~~~ fix units ...
 ~~~ apply eventually step-length damping ...
 ~~~ adjust model (hypocenters, stacorr & veloc.) ...

 doing velocity adjustments now...

 doing station-correction adjustments...

 ~~~ compute effective step-length ...

 (Applied) Step length =   1.739

 ~~~ set units for next iteration ...
 ~~~ determine number of unknowns for next iter. ...

 Number of unknowns (for array-indexing):  nvar =  385
 Number of effective unknowns        :  nvareff =  386
 Number of elements on/below main diagonal of matrix G = At*A : kvar =   74305

 ~~~ reset G and RHT ...
 ~~~ raytracing, setup G ...
 ~~~ store parts of G ...
 ~~~ set units back for current iteration ...
 ~~~ determine number of unknowns for this iter. ...

 Number of unknowns (for array-indexing):  nvar =  385
 Number of effective unknowns        :  nvareff =  386
 Number of elements on/below main diagonal of matrix G = At*A : kvar =   74305

 ~~~ compute RMS and DATVAR ...

 $$$$$$$$$$$$$$$$$$$$$$$$$$$$$$$$$$$$$$$$$$$$$$$$$
 Events with  | AVRES | > 1.0 SEC are suspicious !

 Event#   2 >>>  160818 1613  AVRES = -1.04 NOBS =  6
 Event#   5 >>>  160820 1904  AVRES = -1.21 NOBS =  6
 Event#   6 >>>  160822 1318  AVRES = -1.36 NOBS =  8
 Event#   9 >>>  160906 1514  AVRES = -1.14 NOBS =  6
 Event#  10 >>>  160920 1607  AVRES =  3.09 NOBS =  2
 Event#  11 >>>  160925 1911  AVRES =  2.77 NOBS =  2
 Event#  12 >>>  161004 0841  AVRES = -1.53 NOBS =  6
 Event#  13 >>>  161005 1619  AVRES = -1.14 NOBS =  9
 Event#  14 >>>  161006 0156  AVRES = -1.35 NOBS =  7
 Event#  17 >>>  161012 0800  AVRES = -1.30 NOBS =  7
 Event#  18 >>>  161015 1013  AVRES = -1.47 NOBS =  7
 Event#  19 >>>  161021 0507  AVRES = -1.41 NOBS =  6
 Event#  20 >>>  161124 2250  AVRES = -1.35 NOBS =  4
 Event#  21 >>>  161125 0156  AVRES = -1.43 NOBS =  7
 Event#  22 >>>  161125 0517  AVRES = -1.68 NOBS =  6
 Event#  23 >>>  161125 0525  AVRES = -1.74 NOBS =  6
 Event#  24 >>>  161125 0556  AVRES = -1.85 NOBS =  6
 Event#  25 >>>  170117 0846  AVRES = -1.02 NOBS =  6
 Event#  26 >>>  170122 1614  AVRES = -1.47 NOBS =  6
 Event#  27 >>>  170125 2244  AVRES = -1.09 NOBS =  6
 Event#  28 >>>  170302 1359  AVRES = -1.31 NOBS =  7
 Event#  30 >>>  170304 2135  AVRES = -1.02 NOBS =  7
 Event#  31 >>>  170307 0447  AVRES = -1.06 NOBS = 10
 Event#  32 >>>  170307 2016  AVRES = -1.54 NOBS =  6
 Event#  33 >>>  170309 1454  AVRES = -1.28 NOBS =  6
 Event#  34 >>>  170311 0430  AVRES = -1.02 NOBS =  6
 Event#  35 >>>  170312 0416  AVRES = -1.75 NOBS =  6
 Event#  36 >>>  170313 0553  AVRES = -1.13 NOBS =  9
 Event#  37 >>>  170313 0809  AVRES = -1.48 NOBS =  7
 Event#  38 >>>  170315 0234  AVRES = -1.28 NOBS =  7
 Event#  39 >>>  170317 1007  AVRES = -1.24 NOBS =  7
 Event#  40 >>>  170320 0711  AVRES = -1.38 NOBS =  6
 Event#  41 >>>  170320 0853  AVRES = -1.93 NOBS =  6
 Event#  42 >>>  170320 1900  AVRES = -1.09 NOBS =  7
 Event#  43 >>>  170323 0519  AVRES = -2.10 NOBS =  6
 Event#  44 >>>  170323 1612  AVRES = -1.27 NOBS =  6
 Event#  46 >>>  170326 0836  AVRES = -1.42 NOBS =  7
 Event#  48 >>>  170402 0636  AVRES = -1.03 NOBS =  6
 Event#  49 >>>  170404 2347  AVRES = -1.28 NOBS =  6
 Event#  50 >>>  170405 0307  AVRES = -1.01 NOBS = 10
 Event#  52 >>>  170406 0838  AVRES = -1.07 NOBS = 10
 Event#  54 >>>  170407 1729  AVRES =  2.05 NOBS =  2
 Event#  55 >>>  170407 1729  AVRES =  1.37 NOBS =  5
 Event#  56 >>>  170408 1004  AVRES = -1.14 NOBS = 13
 Event#  57 >>>  170409 0856  AVRES =  1.32 NOBS =  6
 Event#  59 >>>  170410 1520  AVRES = -1.83 NOBS = 10
 Event#  61 >>>  170412 1507  AVRES = -1.94 NOBS =  6
 Event#  63 >>>  170414 0459  AVRES = -1.24 NOBS =  7
 Event#  64 >>>  170414 0540  AVRES =  1.92 NOBS = 11
 Event#  65 >>>  170414 1656  AVRES = -1.23 NOBS =  6
 Event#  67 >>>  170416 0523  AVRES = -1.32 NOBS = 13
 Event#  71 >>>  170418 0606  AVRES = -1.03 NOBS =  6
 Event#  72 >>>  170418 1005  AVRES =  3.68 NOBS =  1
 Event#  75 >>>  170420 2248  AVRES = -1.82 NOBS = 11
 Event#  77 >>>  170423 1455  AVRES = -1.29 NOBS =  8
 Event#  79 >>>  170424 0609  AVRES = -1.99 NOBS = 12
 Event#  80 >>>  170424 0755  AVRES = -1.96 NOBS = 12
 Event#  81 >>>  170424 0755  AVRES = -1.95 NOBS = 12
 Event#  82 >>>  170425 0652  AVRES = -2.01 NOBS =  9
 Event#  83 >>>  170426 0051  AVRES = -1.69 NOBS =  6
 Event#  84 >>>  170426 1425  AVRES = -1.06 NOBS =  6
 Event#  86 >>>  170426 1840  AVRES = -1.26 NOBS =  8
 Event#  87 >>>  170427 0912  AVRES = -1.71 NOBS =  8
 Event#  88 >>>  170427 1041  AVRES = -1.84 NOBS =  7

 ^^^^^^^^^ C H E C K   these events above ^^^^^^^^
 $$$$$$$$$$$$$$$$$$$$$$$$$$$$$$$$$$$$$$$$$$$$$$$$$

 ~~~ check solution (better? worse?) ...

 Iteration nr  2 obtained:
 DATVAR=    3.572175 mean sqrd residual=     1.541454  RMS RESIDUAL=     1.241553

 After  2 iterations we got:
 Average absolute & unweighted [and mean] residual of
   304 straight and direct rays =  1.40034 [ -1.37613]
   375 refracted           rays =  1.35715 [ -0.63218]
     0 reflected           rays =  0.00000 [  0.00000]

   679 ALL                 RAYS =  1.37648 [ -0.96526]       -7.92 %

 ~~~ iteration done; output results ...

  eq       ot     x      y      z      rms    avres   dot     dx     dy     dz
    1      9.09  38.81 111.99  23.10   0.64  -1.00    0.004  0.183 -0.003 -0.046
    2      9.28  38.17 110.68  22.81   0.63  -1.04   -0.001  0.189  0.016 -0.034
    3     27.22-129.95  -8.42  12.03   1.09  -0.91   -0.042  0.025  0.100 -0.044
    4     15.61-130.90  -6.77  10.81   1.03  -0.77   -0.046  0.047  0.087 -0.105
    5     45.68 -40.33  38.81  23.72   0.39  -1.21   -0.005  0.017  0.047 -0.063
    6     49.43 -36.83  40.67  16.90   0.53  -1.36   -0.036  0.034 -0.029  0.211
    7     13.87-134.75-119.32   6.28   2.11  -0.08   -0.068  0.256 -0.144 -0.073
    8     30.32-141.00 -44.21   8.83   1.15  -0.28   -0.041 -0.085 -0.196  0.121
    9     39.64  10.89  56.64  12.19   0.37  -1.14   -0.031  0.000 -0.019  0.050
   10     18.22 -87.35-308.28  16.21   0.96   3.09   -0.032 -0.158  0.011  0.005
   11      5.47 -62.61-309.65  15.62   1.13   2.77   -0.059 -0.194 -0.003  0.009
   12     51.12  35.04  94.79  15.89   0.45  -1.53   -0.045 -0.007  0.105  0.163
   13     46.84  33.49  97.99  18.98   0.76  -1.14   -0.032  0.030  0.088 -0.064
   14     55.81  33.33  97.64  14.13   1.14  -1.35   -0.053 -0.004  0.073  0.129
   15     44.64  33.99  97.42  17.21   1.33  -0.86   -0.030  0.009  0.035  0.017
   16     44.84  35.05  95.93  18.55   1.31  -0.68   -0.027  0.037  0.054 -0.017
   17     22.03  -0.93  82.53  18.45   1.02  -1.30   -0.043  0.022  0.122  0.000
   18     36.42 -34.15   4.49  11.62   0.59  -1.47   -0.045 -0.027  0.014  0.234
   19     33.26  41.37  64.13  10.13   0.72  -1.41   -0.022 -0.035 -0.014  0.015
   20     45.93  37.84  85.09  16.17   0.81  -1.35   -0.035 -0.009 -0.024 -0.010
   21     34.05  36.50  82.75  14.49   0.89  -1.43   -0.023  0.008 -0.061 -0.036
   22     25.83  35.78  85.43  13.76   0.62  -1.68   -0.032 -0.003 -0.005  0.102
   23     15.85  35.37  86.21  11.65   0.69  -1.74   -0.026 -0.050 -0.077  0.019
   24      1.91  34.90  82.13   6.03   0.81  -1.85   -0.047  0.043  0.068  0.180
   25     48.60 -46.00  23.60  22.11   0.37  -1.02    0.000 -0.019 -0.090  0.056
   26     27.55 -70.35  -3.84  10.37   0.60  -1.47   -0.028  0.055 -0.078  0.035
   27      0.16  -0.62  49.38  13.23   0.50  -1.09   -0.018  0.032 -0.090  0.060
   28     59.04  37.65  76.18  11.66   1.05  -1.31   -0.033  0.036 -0.009  0.093
   29     20.12-148.66 -12.80  14.55   1.17  -0.43   -0.039  0.086  0.036 -0.148
   30      2.87  35.84  76.72  13.23   1.23  -1.02   -0.019 -0.024 -0.029 -0.098
   31     20.94  36.46  77.40  14.30   1.34  -1.06   -0.031 -0.042 -0.027  0.061
   32     50.74  36.90  77.03  15.49   0.58  -1.54   -0.026  0.020 -0.090  0.067
   33      0.77  37.24  76.16  15.62   0.82  -1.28   -0.013 -0.002 -0.044 -0.042
   34     55.41 -16.97  34.92  24.43   0.32  -1.02    0.008  0.075 -0.000 -0.037
   35     39.19 -71.68  -8.44   3.77   1.00  -1.75   -0.006  0.128  0.023  0.193
   36     59.05  36.57  77.83  15.24   1.06  -1.13   -0.021  0.019 -0.058  0.058
   37      5.56  31.32  50.17  14.83   0.47  -1.48   -0.024 -0.017 -0.020 -0.046
   38     46.47  73.01  72.89  16.92   0.89  -1.28   -0.014 -0.086 -0.113 -0.034
   39     14.03   0.71  26.10   4.18   0.66  -1.24   -0.035  0.011 -0.066  0.151
   40     14.54 -41.86  13.89  16.83   0.50  -1.38   -0.023  0.055 -0.019 -0.058
   41     56.35  34.89  79.00   5.47   0.86  -1.93   -0.027  0.021 -0.055  0.198
   42     34.27  -3.99  46.22  18.04   0.43  -1.09   -0.015  0.057 -0.045  0.019
   43     24.54-110.66 -39.27   5.56   0.89  -2.10   -0.034  0.043  0.068  0.198
   44     49.64  30.33  50.51   8.41   0.61  -1.27   -0.031  0.002 -0.018  0.058
   45     41.19-145.04  45.48  18.35   1.24  -0.26   -0.001  0.043  0.071  0.009
   46     34.04 -57.60  -0.91  16.25   0.60  -1.42   -0.030  0.017 -0.066  0.072
   47      1.00  10.64  80.58  21.97   1.22  -0.62   -0.003  0.089  0.013  0.040
   48     37.21  10.68  81.53  23.51   0.51  -1.03    0.006  0.109 -0.015 -0.001
   49     35.70  54.70  84.57  22.42   0.66  -1.28   -0.009 -0.048  0.050 -0.086
   50     36.05-102.42 -35.54  15.18   1.03  -1.01   -0.021  0.130  0.034 -0.100
   51     53.11-101.17 -54.38   9.01   1.34  -0.86   -0.046  0.107  0.173 -0.177
   52     43.11-115.68  43.08  15.37   1.05  -1.07   -0.057 -0.198  0.106 -0.123
   53      0.99  10.64  80.73  21.38   1.19  -0.62   -0.004  0.086  0.037  0.045
   54      3.04 -83.69 322.77  15.66   0.54   2.05   -0.183 -0.009 -0.023  0.029
   55      3.19 -89.78 304.27   0.46   0.49   1.37   -0.158  0.030 -0.009  0.030
   56     44.84  35.92  67.62  15.05   1.15  -1.14   -0.030 -0.037 -0.037  0.003
   57     47.12 -84.69 154.63  15.61   0.84   1.32   -0.041  0.033  0.057  0.006
   58     45.56 -80.93 150.79  15.12   1.34   0.53   -0.024  0.109  0.087  0.014
   59      8.45 -82.26   0.31   2.89   0.94  -1.83   -0.023  0.115 -0.015  0.077
   60      3.50-110.76-118.50   3.66   1.91  -0.28   -0.050 -0.036  0.121 -0.017
   61      0.49-130.40 -55.10   0.48   0.90  -1.94   -0.057 -0.197 -0.041  0.196
   62     20.05  19.63 152.58  15.59   1.55  -0.31   -0.017  0.124 -0.055 -0.007
   63     18.78 -47.39  29.74  20.14   0.43  -1.24   -0.013 -0.059 -0.077  0.027
   64      4.70-163.35 183.69   8.02   1.06   1.92   -0.050  0.323  0.388  0.009
   65     23.36 -47.99  20.49  15.69   0.42  -1.23   -0.020  0.040 -0.082  0.094
   66     32.78-152.40  42.80  17.94   0.93  -0.49   -0.008 -0.076  0.004  0.027
   67     41.87 -37.26  -5.04  19.06   0.55  -1.32   -0.011  0.041 -0.061 -0.135
   68     14.14  50.92 105.84  20.20   0.85  -0.62   -0.035  0.086  0.104 -0.160
   69     48.30-214.97-349.14  73.50   0.00   0.00    0.000  0.000  0.000  0.000
   70      5.43  33.73  96.99  19.17   1.35  -0.63   -0.032  0.068  0.086 -0.047
   71      4.09   6.19  56.68   1.27   0.74  -1.03   -0.006  0.035  0.001 -0.018
   72     56.37 132.67-297.78  96.99  13.54   3.68   -0.201 -0.013  0.017 -0.005
   73     12.88  50.56  81.97  23.10   1.02  -0.53   -0.017  0.072  0.073 -0.004
   74     36.20-102.77  70.21  22.27   0.87  -0.49    0.002 -0.197 -0.005  0.250
   75     46.62-107.71   2.72   0.31   1.05  -1.82   -0.041 -0.083  0.154  0.108
   76     54.60-217.19 302.17   0.10   0.00   0.00    0.000  0.000  0.000  0.000
   77     44.03  50.83  93.91  16.72   0.86  -1.29   -0.040 -0.029  0.112 -0.052
   78     41.77  38.54  66.37  22.03   0.84  -0.88   -0.012  0.128 -0.109  0.001
   79     58.61 -69.70  -4.53   0.93   0.82  -1.99    0.010  0.038 -0.033  0.475
   80     26.70 -70.09  -5.89   0.82   0.81  -1.96    0.004  0.027 -0.043  0.404
   81     26.90 -70.06  -4.65   0.82   0.81  -1.95    0.005  0.031 -0.035  0.405
   82     23.28 -70.02  -4.55   0.78   0.83  -2.01   -0.003  0.055 -0.040  0.380
   83     23.16 -71.05  -6.16   6.75   0.76  -1.69   -0.023  0.070 -0.011  0.078
   84     21.18 -43.32   8.58  21.02   0.34  -1.06   -0.011  0.030 -0.129  0.007
   85     24.51-167.49 -46.25  10.87   1.41  -0.13   -0.050 -0.022  0.125 -0.022
   86     44.06 -12.24  30.08  18.21   0.47  -1.26   -0.024  0.044 -0.084  0.054
   87     28.77 -61.60   6.98   3.08   0.96  -1.71   -0.018  0.027 -0.086  0.252
   88     38.01-103.84 -28.04   8.54   0.87  -1.84   -0.050  0.004  0.057  0.055
   89     47.79-141.94  89.37  20.25   0.94   0.48   -0.006 -0.077  0.004  0.029
   90     48.28-139.93  88.08  20.16   0.92   0.36   -0.007 -0.065  0.026  0.034
   91     34.07  33.52  85.08  19.49   1.26  -0.78   -0.010  0.056 -0.082 -0.029

 A V E R A G E   of ADJUSTMENTS :                    -0.029  0.020  0.003  0.041
 A V E R A G E   of ABSOLUTE ADJUSTMENTS :            0.030  0.062  0.059  0.084


 Step length damping of 0.08042 was applied.


 Velocity adjustments:
     vp    dvp      hp   reflector
 Velocity model   1
   4.602 -0.003   -5.000      
   4.860  0.066    0.530      
   5.291  0.051    8.250      
   6.000  0.082   20.380      
   6.024  0.030   29.220      
   8.267  0.064   30.440      
   8.657 -0.127   35.010      
   8.909 -0.133   40.000      
   9.200 -0.200   44.910      

 Calculation of average velocity starts at layer #           1
 z = -5.00 ...  0.53    v = 4.60    AVEL = 4.60 downto z =   0.53
 z =  0.53 ...  8.25    v = 4.86    AVEL = 4.75 downto z =   8.25
 z =  8.25 ... 20.38    v = 5.29    AVEL = 5.01 downto z =  20.38
 z = 20.38 ... 29.22    v = 6.00    AVEL = 5.27 downto z =  29.22
 z = 29.22 ... 30.44    v = 6.02    AVEL = 5.29 downto z =  30.44
 z = 30.44 ... 35.01    v = 8.27    AVEL = 5.63 downto z =  35.01
 z = 35.01 ... 40.00    v = 8.66    AVEL = 5.97 downto z =  40.00
 z = 40.00 ... 44.91    v = 8.91    AVEL = 6.26 downto z =  44.91


 Calculation of average velocity starts at layer #           2
 z =  0.53 ...  8.25    v = 4.86    AVEL = 4.86 downto z =   8.25
 z =  8.25 ... 20.38    v = 5.29    AVEL = 5.12 downto z =  20.38
 z = 20.38 ... 29.22    v = 6.00    AVEL = 5.39 downto z =  29.22
 z = 29.22 ... 30.44    v = 6.02    AVEL = 5.42 downto z =  30.44
 z = 30.44 ... 35.01    v = 8.27    AVEL = 5.80 downto z =  35.01
 z = 35.01 ... 40.00    v = 8.66    AVEL = 6.16 downto z =  40.00
 z = 40.00 ... 44.91    v = 8.91    AVEL = 6.46 downto z =  44.91



 Adjusted station corrections:
   stn  ptcor  dpcor  
  624   0.000  0.000  628  -0.046 -0.023  630  -0.001 -0.000  627   0.013  0.008
  621   0.010  0.007  629   0.035  0.020  622   0.007  0.004  620   0.013  0.010
  623   0.040  0.022  626   0.017  0.009  625   0.017  0.009  631   0.042  0.021
  632  -0.006 -0.003

 ~~~ another iteration? ...



--------------------------------------------------------------------------------



           ITERATION no  3

 ~~~ set units for this iteration ...
 ~~~ determine number of unknowns for this iter. ...

 Number of unknowns (for array-indexing):  nvar =  385
 Number of effective unknowns        :  nvareff =  386
 Number of elements on/below main diagonal of matrix G = At*A : kvar =   74305

 Damping factors to be used in this iteration:
   Othet=   0.010   XYthet  =   0.010   Zthet=  0.010
 STAthet=   0.010   Vthet   =   1.000

 ~~~ damp G ...
 ~~~ solve G * b = RHT ...
 ~~~ fix units ...
 ~~~ apply eventually step-length damping ...
 ~~~ adjust model (hypocenters, stacorr & veloc.) ...

 doing velocity adjustments now...
 WARNING: Tried to introduce a low-velocity-layer! (Layer  5)
 Setting DVP from  0.02 to 0.0 and VP to vp(layer_above)+0.001

 doing station-correction adjustments...

 ~~~ compute effective step-length ...

 (Applied) Step length =   1.724

 ~~~ set units for next iteration ...
 ~~~ determine number of unknowns for next iter. ...

 Number of unknowns (for array-indexing):  nvar =  385
 Number of effective unknowns        :  nvareff =  386
 Number of elements on/below main diagonal of matrix G = At*A : kvar =   74305

 ~~~ reset G and RHT ...
 ~~~ raytracing, setup G ...
 ~~~ store parts of G ...
 ~~~ set units back for current iteration ...
 ~~~ determine number of unknowns for this iter. ...

 Number of unknowns (for array-indexing):  nvar =  385
 Number of effective unknowns        :  nvareff =  386
 Number of elements on/below main diagonal of matrix G = At*A : kvar =   74305

 ~~~ compute RMS and DATVAR ...

 $$$$$$$$$$$$$$$$$$$$$$$$$$$$$$$$$$$$$$$$$$$$$$$$$
 Events with  | AVRES | > 1.0 SEC are suspicious !

 Event#   5 >>>  160820 1904  AVRES = -1.08 NOBS =  6
 Event#   6 >>>  160822 1318  AVRES = -1.23 NOBS =  8
 Event#   9 >>>  160906 1514  AVRES = -1.03 NOBS =  6
 Event#  10 >>>  160920 1607  AVRES =  2.80 NOBS =  2
 Event#  11 >>>  160925 1911  AVRES =  2.51 NOBS =  2
 Event#  12 >>>  161004 0841  AVRES = -1.38 NOBS =  6
 Event#  13 >>>  161005 1619  AVRES = -1.02 NOBS =  9
 Event#  14 >>>  161006 0156  AVRES = -1.22 NOBS =  7
 Event#  17 >>>  161012 0800  AVRES = -1.18 NOBS =  7
 Event#  18 >>>  161015 1013  AVRES = -1.32 NOBS =  7
 Event#  19 >>>  161021 0507  AVRES = -1.28 NOBS =  6
 Event#  20 >>>  161124 2250  AVRES = -1.21 NOBS =  4
 Event#  21 >>>  161125 0156  AVRES = -1.29 NOBS =  7
 Event#  22 >>>  161125 0517  AVRES = -1.51 NOBS =  6
 Event#  23 >>>  161125 0525  AVRES = -1.57 NOBS =  6
 Event#  24 >>>  161125 0556  AVRES = -1.67 NOBS =  6
 Event#  26 >>>  170122 1614  AVRES = -1.33 NOBS =  6
 Event#  28 >>>  170302 1359  AVRES = -1.18 NOBS =  7
 Event#  32 >>>  170307 2016  AVRES = -1.39 NOBS =  6
 Event#  33 >>>  170309 1454  AVRES = -1.16 NOBS =  6
 Event#  35 >>>  170312 0416  AVRES = -1.58 NOBS =  6
 Event#  36 >>>  170313 0553  AVRES = -1.02 NOBS =  9
 Event#  37 >>>  170313 0809  AVRES = -1.34 NOBS =  7
 Event#  38 >>>  170315 0234  AVRES = -1.15 NOBS =  7
 Event#  39 >>>  170317 1007  AVRES = -1.12 NOBS =  7
 Event#  40 >>>  170320 0711  AVRES = -1.25 NOBS =  6
 Event#  41 >>>  170320 0853  AVRES = -1.75 NOBS =  6
 Event#  43 >>>  170323 0519  AVRES = -1.89 NOBS =  6
 Event#  44 >>>  170323 1612  AVRES = -1.15 NOBS =  6
 Event#  46 >>>  170326 0836  AVRES = -1.28 NOBS =  7
 Event#  49 >>>  170404 2347  AVRES = -1.15 NOBS =  6
 Event#  54 >>>  170407 1729  AVRES =  1.85 NOBS =  2
 Event#  55 >>>  170407 1729  AVRES =  1.25 NOBS =  5
 Event#  56 >>>  170408 1004  AVRES = -1.03 NOBS = 13
 Event#  57 >>>  170409 0856  AVRES =  1.21 NOBS =  6
 Event#  59 >>>  170410 1520  AVRES = -1.64 NOBS = 10
 Event#  61 >>>  170412 1507  AVRES = -1.76 NOBS =  6
 Event#  63 >>>  170414 0459  AVRES = -1.12 NOBS =  7
 Event#  64 >>>  170414 0540  AVRES =  1.75 NOBS = 11
 Event#  65 >>>  170414 1656  AVRES = -1.12 NOBS =  6
 Event#  67 >>>  170416 0523  AVRES = -1.19 NOBS = 13
 Event#  72 >>>  170418 1005  AVRES =  3.32 NOBS =  1
 Event#  75 >>>  170420 2248  AVRES = -1.65 NOBS = 11
 Event#  77 >>>  170423 1455  AVRES = -1.16 NOBS =  8
 Event#  79 >>>  170424 0609  AVRES = -1.81 NOBS = 12
 Event#  80 >>>  170424 0755  AVRES = -1.77 NOBS = 12
 Event#  81 >>>  170424 0755  AVRES = -1.76 NOBS = 12
 Event#  82 >>>  170425 0652  AVRES = -1.82 NOBS =  9
 Event#  83 >>>  170426 0051  AVRES = -1.54 NOBS =  6
 Event#  86 >>>  170426 1840  AVRES = -1.13 NOBS =  8
 Event#  87 >>>  170427 0912  AVRES = -1.55 NOBS =  8
 Event#  88 >>>  170427 1041  AVRES = -1.65 NOBS =  7

 ^^^^^^^^^ C H E C K   these events above ^^^^^^^^
 $$$$$$$$$$$$$$$$$$$$$$$$$$$$$$$$$$$$$$$$$$$$$$$$$

 ~~~ check solution (better? worse?) ...

 Iteration nr  3 obtained:
 DATVAR=    2.975980 mean sqrd residual=     1.284186  RMS RESIDUAL=     1.133219

 After  3 iterations we got:
 Average absolute & unweighted [and mean] residual of
   308 straight and direct rays =  1.27524 [ -1.25368]
   371 refracted           rays =  1.22131 [ -0.54606]
     0 reflected           rays =  0.00000 [  0.00000]

   679 ALL                 RAYS =  1.24577 [ -0.86705]       -9.50 %

 ~~~ iteration done; output results ...

  eq       ot     x      y      z      rms    avres   dot     dx     dy     dz
    1      9.09  38.78 112.04  22.95   0.59  -0.90   -0.003 -0.029  0.053 -0.147
    2      9.27  38.16 110.75  22.68   0.58  -0.94   -0.009 -0.012  0.074 -0.129
    3     27.18-129.93  -8.34  11.98   0.99  -0.81   -0.038  0.022  0.078 -0.044
    4     15.58-130.83  -6.70  10.67   0.95  -0.69   -0.037  0.067  0.070 -0.145
    5     45.67 -40.31  38.80  23.71   0.37  -1.08   -0.012  0.020 -0.010 -0.006
    6     49.40 -36.78  40.61  17.11   0.49  -1.23   -0.035  0.057 -0.060  0.215
    7     13.81-134.58-119.38   6.21   1.93  -0.06   -0.056  0.166 -0.060 -0.067
    8     30.30-141.05 -44.27   8.92   1.06  -0.25   -0.028 -0.042 -0.062  0.083
    9     39.62  10.88  56.60  12.23   0.33  -1.03   -0.028 -0.005 -0.047  0.038
   10     18.19 -87.52-308.27  16.22   0.96   2.80   -0.030 -0.172  0.012  0.005
   11      5.41 -62.83-309.65  15.63   1.14   2.51   -0.060 -0.215 -0.003  0.009
   12     51.10  35.06  94.76  16.04   0.40  -1.38   -0.021  0.020 -0.028  0.143
   13     46.83  33.59  97.93  18.98   0.70  -1.02   -0.013  0.105 -0.056 -0.002
   14     55.77  33.35  97.61  14.28   1.03  -1.22   -0.036  0.017 -0.031  0.146
   15     44.63  33.99  97.36  17.18   1.20  -0.77   -0.010  0.004 -0.057 -0.037
   16     44.80  35.01  96.03  18.51   1.20  -0.61   -0.033 -0.039  0.101 -0.037
   17     21.99  -0.92  82.64  18.46   0.94  -1.18   -0.043  0.009  0.110  0.015
   18     36.37 -34.19   4.49  11.85   0.54  -1.32   -0.051 -0.035 -0.004  0.231
   19     33.24  41.32  64.10  10.14   0.66  -1.28   -0.017 -0.050 -0.028  0.009
   20     45.90  37.86  85.03  16.16   0.76  -1.21   -0.031  0.018 -0.059 -0.016
   21     34.02  36.50  82.69  14.51   0.84  -1.29   -0.026 -0.007 -0.055  0.016
   22     25.79  35.75  85.45  13.95   0.57  -1.51   -0.039 -0.024  0.025  0.191
   23     15.83  35.31  86.11  11.71   0.64  -1.57   -0.023 -0.063 -0.103  0.067
   24      1.87  34.87  82.21   6.04   0.75  -1.67   -0.042 -0.037  0.082  0.016
   25     48.60 -45.99  23.49  22.18   0.34  -0.92   -0.000  0.016 -0.107  0.068
   26     27.52 -70.27  -3.92  10.43   0.55  -1.33   -0.028  0.080 -0.087  0.059
   27      0.14  -0.57  49.26  13.33   0.46  -0.98   -0.021  0.046 -0.113  0.091
   28     59.02  37.65  76.14  11.58   0.96  -1.18   -0.018 -0.000 -0.040 -0.080
   29     20.08-148.55 -12.84  14.41   1.07  -0.36   -0.040  0.109 -0.041 -0.148
   30      2.85  35.77  76.69  13.05   1.13  -0.92   -0.011 -0.068 -0.032 -0.184
   31     20.91  36.34  77.45  14.28   1.23  -0.95   -0.030 -0.119  0.043 -0.016
   32     50.71  36.82  77.07  15.46   0.53  -1.39   -0.028 -0.081  0.045 -0.025
   33      0.75  37.23  76.12  15.62   0.76  -1.16   -0.015 -0.015 -0.042  0.008
   34     55.42 -16.88  34.89  24.39   0.29  -0.92    0.006  0.082 -0.031 -0.041
   35     39.19 -71.53  -8.42   4.01   0.92  -1.58   -0.002  0.147  0.018  0.239
   36     59.04  36.53  77.81  15.21   0.98  -1.02   -0.017 -0.036 -0.016 -0.023
   37      5.53  31.29  50.12  14.79   0.42  -1.34   -0.022 -0.028 -0.048 -0.041
   38     46.47  72.83  72.81  16.88   0.83  -1.15   -0.000 -0.180 -0.084 -0.040
   39     14.00   0.72  26.01   4.30   0.60  -1.12   -0.033  0.014 -0.088  0.122
   40     14.51 -41.78  13.84  16.84   0.46  -1.25   -0.030  0.082 -0.050  0.006
   41     56.33  34.91  78.91   5.70   0.79  -1.75   -0.019  0.019 -0.092  0.237
   42     34.26  -3.92  46.15  18.06   0.39  -0.99   -0.015  0.064 -0.066  0.019
   43     24.51-110.60 -39.22   5.81   0.81  -1.89   -0.031  0.062  0.052  0.249
   44     49.62  30.32  50.48   8.44   0.56  -1.15   -0.027 -0.010 -0.032  0.034
   45     41.18-145.04  45.51  18.38   1.11  -0.21   -0.006 -0.000  0.025  0.027
   46     34.01 -57.55  -0.99  16.35   0.55  -1.28   -0.032  0.045 -0.073  0.102
   47      0.99  10.70  80.64  21.85   1.11  -0.56   -0.004  0.057  0.066 -0.115
   48     37.22  10.79  81.49  23.50   0.46  -0.93    0.009  0.110 -0.038 -0.009
   49     35.68  54.61  84.66  22.38   0.61  -1.15   -0.016 -0.089  0.085 -0.039
   50     36.03-102.27 -35.53  15.13   0.95  -0.89   -0.023  0.153  0.010 -0.051
   51     53.07-101.02 -54.23   8.81   1.23  -0.76   -0.045  0.150  0.152 -0.198
   52     43.08-115.67  43.19  15.32   0.97  -0.95   -0.026  0.011  0.107 -0.056
   53      0.99  10.69  80.82  21.27   1.09  -0.56   -0.006  0.055  0.094 -0.111
   54      2.85 -83.70 322.74  15.69   0.51   1.85   -0.190 -0.010 -0.025  0.029
   55      3.02 -89.74 304.26   0.49   0.44   1.25   -0.161  0.033 -0.009  0.030
   56     44.82  35.89  67.52  15.03   1.06  -1.03   -0.023 -0.039 -0.095 -0.025
   57     47.08 -84.68 154.69  15.62   0.77   1.21   -0.040  0.008  0.063  0.010
   58     45.54 -80.72 150.92  15.14   1.21   0.49   -0.019  0.219  0.131  0.012
   59      8.44 -82.13   0.31   3.02   0.87  -1.64   -0.015  0.129  0.003  0.133
   60      3.46-110.78-118.35   3.61   1.77  -0.25   -0.045 -0.014  0.159 -0.050
   61      0.43-130.66 -55.20   0.76   0.84  -1.76   -0.058 -0.257 -0.098  0.282
   62     20.03  19.82 152.51  15.56   1.42  -0.25   -0.025  0.191 -0.065 -0.031
   63     18.77 -47.44  29.62  20.17   0.40  -1.12   -0.011 -0.046 -0.119  0.033
   64      4.64-163.00 184.11   8.03   0.99   1.75   -0.052  0.350  0.421  0.009
   65     23.34 -47.92  20.38  15.78   0.38  -1.12   -0.019  0.070 -0.111  0.089
   66     32.78-152.45  42.76  17.93   0.85  -0.42   -0.005 -0.051 -0.043 -0.003
   67     41.85 -37.20  -5.14  18.97   0.51  -1.19   -0.019  0.059 -0.096 -0.095
   68     14.10  50.80 106.00  19.98   0.78  -0.54   -0.037 -0.125  0.153 -0.223
   69     48.30-214.97-349.14  73.50   0.00   0.00    0.000  0.000  0.000  0.000
   70      5.42  33.87  96.95  19.16   1.22  -0.56   -0.014  0.136 -0.043 -0.009
   71      4.09   6.23  56.64   1.24   0.70  -0.93    0.004  0.038 -0.039 -0.025
   72     56.16 132.66-297.76  96.99  11.02   3.32   -0.208 -0.013  0.017 -0.005
   73     12.87  50.61  82.01  23.08   0.93  -0.46   -0.011  0.049  0.043 -0.027
   74     36.20-102.93  70.30  22.50   0.79  -0.43   -0.001 -0.157  0.091  0.229
   75     46.59-107.79   2.88   0.34   1.01  -1.65   -0.032 -0.077  0.165  0.030
   76     54.60-217.19 302.17   0.10   0.00   0.00    0.000  0.000  0.000  0.000
   77     44.01  50.78  93.94  16.66   0.78  -1.16   -0.026 -0.049  0.030 -0.055
   78     41.77  38.58  66.31  21.90   0.77  -0.80   -0.004  0.031 -0.068 -0.129
   79     58.60 -69.65  -4.55   1.12   0.75  -1.81   -0.009  0.054 -0.019  0.190
   80     26.68 -70.06  -5.95   1.08   0.74  -1.77   -0.012  0.033 -0.058  0.261
   81     26.89 -70.03  -4.70   1.07   0.74  -1.76   -0.011  0.036 -0.048  0.251
   82     23.27 -69.97  -4.60   1.15   0.75  -1.82   -0.018  0.049 -0.059  0.369
   83     23.14 -70.97  -6.17   6.86   0.69  -1.54   -0.020  0.081 -0.017  0.115
   84     21.17 -43.26   8.44  21.02   0.31  -0.96   -0.011  0.063 -0.140 -0.004
   85     24.47-167.47 -46.32  10.86   1.29  -0.10   -0.040  0.016 -0.075 -0.005
   86     44.03 -12.19  29.98  18.28   0.43  -1.13   -0.026  0.052 -0.109  0.070
   87     28.75 -61.57   6.86   3.37   0.88  -1.55   -0.013  0.033 -0.114  0.294
   88     37.97-103.75 -28.03   8.51   0.82  -1.65   -0.039  0.091  0.013 -0.030
   89     47.79-142.05  89.32  20.27   0.83   0.45   -0.001 -0.116 -0.046  0.024
   90     48.28-140.02  88.08  20.19   0.80   0.35   -0.006 -0.093 -0.005  0.030
   91     34.05  33.57  85.02  19.47   1.15  -0.70   -0.017  0.057 -0.061 -0.014

 A V E R A G E   of ADJUSTMENTS :                    -0.027  0.014 -0.008  0.026
 A V E R A G E   of ABSOLUTE ADJUSTMENTS :            0.028  0.067  0.065  0.082


 Step length damping of 0.09452 was applied.


 Velocity adjustments:
     vp    dvp      hp   reflector
 Velocity model   1
   4.602  0.001   -5.000      
   4.939  0.080    0.530      
   5.347  0.056    8.250      
   6.084  0.084   20.380      
   6.085  0.000   29.220      
   8.300  0.033   30.440      
   8.522 -0.135   35.010      
   8.756 -0.153   40.000      
   9.000 -0.200   44.910      

 Calculation of average velocity starts at layer #           1
 z = -5.00 ...  0.53    v = 4.60    AVEL = 4.60 downto z =   0.53
 z =  0.53 ...  8.25    v = 4.94    AVEL = 4.80 downto z =   8.25
 z =  8.25 ... 20.38    v = 5.35    AVEL = 5.06 downto z =  20.38
 z = 20.38 ... 29.22    v = 6.08    AVEL = 5.32 downto z =  29.22
 z = 29.22 ... 30.44    v = 6.09    AVEL = 5.35 downto z =  30.44
 z = 30.44 ... 35.01    v = 8.30    AVEL = 5.69 downto z =  35.01
 z = 35.01 ... 40.00    v = 8.52    AVEL = 6.00 downto z =  40.00
 z = 40.00 ... 44.91    v = 8.76    AVEL = 6.27 downto z =  44.91


 Calculation of average velocity starts at layer #           2
 z =  0.53 ...  8.25    v = 4.94    AVEL = 4.94 downto z =   8.25
 z =  8.25 ... 20.38    v = 5.35    AVEL = 5.19 downto z =  20.38
 z = 20.38 ... 29.22    v = 6.08    AVEL = 5.46 downto z =  29.22
 z = 29.22 ... 30.44    v = 6.09    AVEL = 5.49 downto z =  30.44
 z = 30.44 ... 35.01    v = 8.30    AVEL = 5.86 downto z =  35.01
 z = 35.01 ... 40.00    v = 8.52    AVEL = 6.20 downto z =  40.00
 z = 40.00 ... 44.91    v = 8.76    AVEL = 6.48 downto z =  44.91



 Adjusted station corrections:
   stn  ptcor  dpcor  
  624   0.000  0.000  628  -0.070 -0.024  630  -0.004 -0.003  627   0.030  0.016
  621   0.019  0.008  629   0.055  0.020  622   0.016  0.009  620   0.018  0.005
  623   0.065  0.025  626   0.035  0.018  625   0.035  0.017  631   0.074  0.032
  632  -0.012 -0.006

 ~~~ another iteration? ...
 NITT = ITTMAX  --> stop iterations.
 ~~~ final solution reached ...

 ~~~ damp G & Chol.-Decomp.: NOT made (switch iresolcalc is NOT set !)

 Final rms values:  0.59 0.58 0.99 0.95 0.37 0.49 1.93 1.06 0.33 0.96
                    1.14 0.40 0.70 1.03 1.20 1.20 0.94 0.54 0.66 0.76
                    0.84 0.57 0.64 0.75 0.34 0.55 0.46 0.96 1.07 1.13
                    1.23 0.53 0.76 0.29 0.92 0.98 0.42 0.83 0.60 0.46
                    0.79 0.39 0.81 0.56 1.11 0.55 1.11 0.46 0.61 0.95
                    1.23 0.97 1.09 0.51 0.44 1.06 0.77 1.21 0.87 1.77
                    0.84 1.42 0.40 0.99 0.38 0.85 0.51 0.78 0.00 1.22
                    0.7011.02 0.93 0.79 1.01 0.00 0.78 0.77 0.75 0.74
                    0.74 0.75 0.69 0.31 1.29 0.43 0.88 0.82 0.83 0.80
                    1.15



 ~~~ output final hypocenters ...

      date    origin   latitude longitude  depth  mag  no  rms      x      y      z
   1 160818 1613  9.09 73.0041N 124.8448E  22.95 1.40   6 0.586   38.78 112.04  22.95
   2 160818 1613  9.27 72.9925N 124.8637E  22.68 1.10   6 0.576   38.16 110.75  22.68
   3 160819 0959 27.18 71.9253N 129.7581E  11.98 4.00  12 0.987 -129.93  -8.34  11.98
   4 160820 1506 15.58 71.9400N 129.7857E  10.67 1.50   9 0.951 -130.83  -6.70  10.67
   5 160820 1904 45.67 72.3478N 127.1793E  23.71 1.20   6 0.368  -40.31  38.80  23.71
   6 160822 1318 49.40 72.3640N 127.0763E  17.11 0.60   8 0.487  -36.78  40.61  17.11
   7 160823 0652 13.81 70.9301N 129.7920E   6.21 2.90   6 1.930 -134.58-119.38   6.21
   8 160824 1510 30.30 71.6032N 130.0449E   8.92 1.50   9 1.056 -141.05 -44.27   8.92
   9 160906 1514 39.62 72.5072N 125.6802E  12.23 0.90   6 0.335   10.88  56.60  12.23
  10 160920 1607 18.19 69.2373N 128.3623E  16.22 2.60   2 0.961  -87.52-308.27  16.22
  11 160925 1911  5.41 69.2250N 127.6952E  15.63 2.30   2 1.143  -62.83-309.65  15.63
  12 161004 0841 51.10 72.8492N 124.9602E  16.04 0.20   6 0.403   35.06  94.76  16.04
  13 161005 1619 46.83 72.8777N 125.0029E  18.98 1.00   9 0.701   33.59  97.93  18.98
  14 161006 0156 55.77 72.8747N 125.0102E  14.28 1.00   7 1.032   33.35  97.61  14.28
  15 161009 0036 44.63 72.8725N 124.9911E  17.18 1.30   8 1.205   33.99  97.36  17.18
  16 161009 0036 44.80 72.8606N 124.9613E  18.51 1.20   7 1.195   35.01  96.03  18.51
  17 161012 0800 21.99 72.7406N 126.0271E  18.46 0.80   7 0.936   -0.92  82.64  18.46
  18 161015 1013 36.37 72.0402N 126.9919E  11.85 0.70   7 0.537  -34.19   4.49  11.85
  19 161021 0507 33.24 72.5745N 124.7838E  10.14 0.80   6 0.659   41.32  64.10  10.14
  20 161124 2250 45.90 72.7620N 124.8799E  16.16 3.10   4 0.756   37.86  85.03  16.16
  21 161125 0156 34.02 72.7411N 124.9207E  14.51 0.60   7 0.841   36.50  82.69  14.51
  22 161125 0517 25.79 72.7658N 124.9420E  13.95 1.60   6 0.569   35.75  85.45  13.95
  23 161125 0525 15.83 72.7717N 124.9551E  11.71 0.80   6 0.638   35.31  86.11  11.71
  24 161125 0556  1.87 72.7368N 124.9691E   6.04 0.20   6 0.753   34.87  82.21   6.04
  25 170117 0846 48.60 72.2105N 127.3404E  22.18 0.30   6 0.337  -45.99  23.49  22.18
  26 170122 1614 27.52 71.9648N 128.0346E  10.43 0.90   6 0.551  -70.27  -3.92  10.43
  27 170125 2244  0.14 72.4415N 126.0168E  13.33 0.80   6 0.456   -0.57  49.26  13.33
  28 170302 1359 59.02 72.6824N 124.8885E  11.58 0.50   7 0.960   37.65  76.14  11.58
  29 170302 2335 20.08 71.8849N 130.2922E  14.41 2.10   9 1.067 -148.55 -12.84  14.41
  30 170304 2135  2.85 72.6873N 124.9439E  13.05 1.30   7 1.127   35.77  76.69  13.05
  31 170307 0447 20.91 72.6941N 124.9268E  14.28 1.70  10 1.231   36.34  77.45  14.28
  32 170307 2016 50.71 72.6907N 124.9126E  15.46 1.10   6 0.532   36.82  77.07  15.46
  33 170309 1454  0.75 72.6822N 124.9010E  15.62 0.30   6 0.763   37.23  76.12  15.62
  34 170311 0430 55.42 72.3127N 126.4935E  24.39 0.30   6 0.286  -16.88  34.89  24.39
  35 170312 0416 39.19 71.9245N 128.0690E   4.01 2.10   6 0.918  -71.53  -8.42   4.01
  36 170313 0553 59.04 72.6974N 124.9211E  15.21 1.00   9 0.984   36.53  77.81  15.21
  37 170313 0809  5.53 72.4492N 125.0820E  14.79 1.20   7 0.421   31.29  50.12  14.79
  38 170315 0234 46.47 72.6525N 123.8515E  16.88 1.40   7 0.825   72.83  72.81  16.88
  39 170317 1007 14.00 72.2331N 125.9790E   4.30 0.50   7 0.596    0.72  26.01   4.30
  40 170320 0711 14.51 72.1240N 127.2148E  16.84 0.90   6 0.457  -41.78  13.84  16.84
  41 170320 0853 56.33 72.7071N 124.9686E   5.70 0.40   6 0.788   34.91  78.91   5.70
  42 170320 1900 34.26 72.4136N 126.1150E  18.06 0.60   7 0.389   -3.92  46.15  18.06
  43 170323 0519 24.51 71.6485N 129.1755E   5.81 1.20   6 0.809 -110.60 -39.22   5.81
  44 170323 1612 49.62 72.4524N 125.1105E   8.44 0.50   6 0.556   30.32  50.48   8.44
  45 170323 1906 41.18 72.4078N 130.2500E  18.38 1.00   6 1.110 -145.04  45.51  18.38
  46 170326 0836 34.01 71.9912N 127.6676E  16.35 1.50   7 0.548  -57.55  -0.99  16.35
  47 170402 0422  0.99 72.7227N 125.6838E  21.85 1.20  10 1.113   10.70  80.64  21.85
  48 170402 0636 37.22 72.7303N 125.6811E  23.50 0.70   6 0.463   10.79  81.49  23.50
  49 170404 2347 35.68 72.7587N 124.3844E  22.38 0.50   6 0.611   54.61  84.66  22.38
  50 170405 0307 36.03 71.6816N 128.9389E  15.13 1.00  10 0.955 -102.27 -35.53  15.13
  51 170405 1410 53.07 71.5140N 128.8901E   8.81 1.70  10 1.230 -101.02 -54.23   8.81
  52 170406 0838 43.08 72.3870N 129.3876E  15.32 0.90  10 0.968 -115.67  43.19  15.32
  53 170406 1728  0.99 72.7243N 125.6839E  21.27 0.90  10 1.085   10.69  80.82  21.27
  54 170407 1729  2.85 74.8924N 128.6307E  15.69 1.80   2 0.511  -83.70 322.74  15.69
  55 170407 1729  3.02 74.7268N 128.8072E   0.49 1.60   5 0.444  -89.74 304.26   0.49
  56 170408 1004 44.82 72.6051N 124.9428E  15.03 1.40  13 1.057   35.89  67.52  15.03
  57 170409 0856 47.08 73.3863N 128.5493E  15.62 2.50   6 0.771  -84.68 154.69  15.62
  58 170409 0902 45.54 73.3525N 128.4276E  15.14 1.10   7 1.211  -80.72 150.92  15.14
  59 170410 1520  8.44 72.0028N 128.3805E   3.02 1.00  10 0.871  -82.13   0.31   3.02
  60 170410 1813  3.46 70.9394N 129.1219E   3.61 2.20  13 1.773 -110.78-118.35   3.61
  61 170412 1507  0.43 71.5053N 129.7372E   0.76 0.70   6 0.840 -130.66 -55.20   0.76
  62 170413 0651 20.03 73.3668N 125.4036E  15.56 1.00  10 1.417   19.82 152.51  15.56
  63 170414 0459 18.77 72.2654N 127.3848E  20.17 0.50   7 0.396  -47.44  29.62  20.17
  64 170414 0540  4.64 73.6500N 130.9434E   8.03 1.80  11 0.991 -163.00 184.11   8.03
  65 170414 1656 23.34 72.1826N 127.3956E  15.78 0.20   6 0.382  -47.92  20.38  15.78
  66 170414 1753 32.78 72.3832N 130.4644E  17.93 0.70   6 0.849 -152.45  42.76  17.93
  67 170416 0523 41.85 71.9539N 127.0768E  18.97 1.60  13 0.508  -37.20  -5.14  18.97
  68 170416 1220 14.10 72.9499N 124.4892E  19.98 1.00  11 0.780   50.80 106.00  19.98
 WARNING: Event-# :          69 has zero observations!
  69 170416 1257 48.30 68.8710N 131.7500E  73.50 2.20   0 0.000 -214.97-349.14  73.50
  70 170416 1821  5.42 72.8688N 124.9950E  19.16 1.30  13 1.225   33.87  96.95  19.16
  71 170418 0606  4.09 72.5076N 125.8170E   1.24 0.20   6 0.697    6.23  56.64   1.24
  72 170418 1005 56.16 69.3315N 122.4110E  96.99 2.20   111.025  132.66-297.76  96.99
  73 170418 1500 12.87 72.7350N 124.5037E  23.08 1.30  12 0.927   50.61  82.01  23.08
  74 170420 1302 36.20 72.6300N 129.0346E  22.50 0.90  11 0.788 -102.93  70.30  22.50
  75 170420 2248 46.59 72.0258N 129.1261E   0.34 0.70  11 1.005 -107.79   2.88   0.34
 WARNING: Event-# :          76 has zero observations!
  76 170423 0850 54.60 74.7080N 132.7900E   0.10 1.90   0 0.000 -217.19 302.17   0.10
  77 170423 1455 44.01 72.8418N 124.4941E  16.66 0.60   8 0.782   50.78  93.94  16.66
  78 170423 2313 41.77 72.5942N 124.8639E  21.90 1.30  12 0.769   38.58  66.31  21.90
  79 170424 0609 58.60 71.9592N 128.0164E   1.12 1.10  12 0.754  -69.65  -4.55   1.12
  80 170424 0755 26.68 71.9467N 128.0276E   1.08 1.00  12 0.743  -70.06  -5.95   1.08
  81 170424 0755 26.89 71.9579N 128.0273E   1.07 1.00  12 0.739  -70.03  -4.70   1.07
  82 170425 0652 23.27 71.9587N 128.0257E   1.15 1.20   9 0.752  -69.97  -4.60   1.15
  83 170426 0051 23.14 71.9447N 128.0538E   6.86 0.70   6 0.691  -70.97  -6.17   6.86
  84 170426 1425 21.17 72.0756N 127.2564E  21.02 0.10   6 0.312  -43.26   8.44  21.02
  85 170426 1834 24.47 71.5849N 130.8004E  10.86 1.20   8 1.293 -167.47 -46.32  10.86
  86 170426 1840 44.03 72.2686N 126.3559E  18.28 1.30   8 0.426  -12.19  29.98  18.28
  87 170427 0912 28.75 72.0615N 127.7875E   3.37 0.90   8 0.877  -61.57   6.86   3.37
  88 170427 1041 37.97 71.7488N 128.9867E   8.51 0.70   7 0.821 -103.75 -28.03   8.51
  89 170427 2010 47.79 72.8005N 130.2075E  20.27 1.30   8 0.827 -142.05  89.32  20.27
  90 170427 2010 48.28 72.7893N 130.1461E  20.19 1.30   8 0.801 -140.02  88.08  20.19
  91 170427 2342 34.05 72.7620N 125.0066E  19.47 0.80   6 1.145   33.57  85.02  19.47

 ~~~ output final station residuals ...
 TURBO-option is set; residuals are NOT printed for each event!



   station statistics, remember nsp was set to: 1


 sta phase nobs avres  avwres    std    wsum    delay

 624    P  74 -1.1271 -1.1271  0.9110  74.0000  0.0000
 628    P  69 -1.5265 -1.5265  0.8658  69.0000 -0.0696
 630    P  53 -0.7505 -0.7505  0.8163  53.0000 -0.0043
 627    P  46 -0.9171 -0.9171  0.9337  46.0000  0.0297
 621    P  59 -0.8290 -0.8290  1.3157  59.0000  0.0185
 629    P  43 -0.7399 -0.7399  0.9178  43.0000  0.0552
 622    P  58 -0.8686 -0.8686  1.0297  58.0000  0.0157
 620    P  48 -0.7343 -0.7343  0.8870  48.0000  0.0177
 623    P  55 -0.9963 -0.9963  0.8032  55.0000  0.0655
 626    P  52 -0.8847 -0.8847  1.0931  52.0000  0.0349
 625    P  49 -0.9252 -0.9252  1.0011  49.0000  0.0346
 631    P  49  0.0240  0.0240  1.8500  49.0000  0.0735
 632    P  24 -0.2800 -0.2800  1.6071  24.0000 -0.0120


 ~~~ output statistics ...




 RAY-STATISTICS FOR  L A S T  ITERATION
 --------------------------------------

 NHYP : nr of hypocenters in this layer
 NREF : nr of headwaves in this layer
 %len : % of "refracted km" in this layer 
        with respect to all refracted kilometers
 NHIT : nr of rays passed thru this layer
 xy-km: average horizontal ray length [km] in layer
 z-km : average  vertical  ray length [km] in layer
 RFLX : number of reflections at bottom of this layer

 nlay   top ..... bottom     velocity   NHYP NREF %len  NHIT xy-km  z-km  RFLX

   1    -5.00...  0.53 km    4.60 km/s    3    0   0.0   695   0.6   0.5     0
   2     0.53...  8.25 km    4.94 km/s   17    4   1.0   772  11.6   6.8     0
   3     8.25... 20.38 km    5.35 km/s   56   38   8.2   900  14.6   8.5     0
   4    20.38... 29.22 km    6.08 km/s   13   22   3.1   697  10.1   7.9     0
   5    29.22... 30.44 km    6.09 km/s    0    0   0.0   615   1.2   1.2     0
   6    30.44... 35.01 km    8.30 km/s    0  122  31.5   493  26.0   3.4     0
   7    35.01... 40.00 km    8.52 km/s    0   97  25.6   274  31.4   3.2     0
   8    40.00... 44.91 km    8.76 km/s    0   30   7.9   147  28.2   3.9     0
   9    44.91...       km    9.00 km/s    2   58  22.7     0   0.0   0.0

 Total nr of events was   91

 Total nr of refracted rays =   371
 Total nr of reflected rays =     0
 Total nr of   other   rays =   308
                              ------
 Total nr of    all    rays =   679

 Average (absolute) error of the raytracers:
  Straight and direct rays :    6.48 meters
  Refracted           rays :    0.01 meters
  Reflected           rays :    0.00 meters


 ALL RAYS TOGETHER:
 Average horizontal ray length =   89.9 km   (Hypocenter --> Station) 
 Average  vertical  ray length =   23.6 km   (Deepest ray-point --> Station)



 ... and some more STATISTICS 
 ---------------------------- 
  GAP of final epicenters:

  Event# -> GAP  Event# -> GAP  Event# -> GAP  Event# -> GAP  Event# -> GAP
       1 -> 296       2 -> 294       3 -> 270       4 -> 274       5 -> 308
       6 ->  96       7 -> 320       8 -> 305       9 -> 169      10 -> 346
      11 -> 347      12 -> 260      13 -> 264      14 -> 263      15 -> 262
      16 -> 264      17 -> 253      18 -> 245      19 -> 160      20 -> 302
      21 -> 232      22 -> 239      23 -> 241      24 -> 229      25 -> 130
      26 -> 103      27 -> 155      28 -> 211      29 -> 305      30 -> 213
      31 -> 215      32 -> 215      33 -> 211      34 -> 133      35 -> 241
      36 -> 216      37 -> 132      38 -> 310      39 -> 116      40 -> 209
      41 -> 219      42 -> 121      43 -> 235      44 -> 134      45 -> 308
      46 -> 126      47 -> 224      48 -> 226      49 -> 289      50 -> 195
      51 -> 290      52 -> 270      53 -> 224      54 -> 354      55 -> 347
      56 -> 180      57 -> 310      58 -> 318      59 -> 166      60 -> 310
      61 -> 301      62 -> 306      63 -> 151      64 -> 322      65 -> 129
      66 -> 292      67 ->  86      68 -> 294      69 -> 170      70 -> 262
      71 -> 173      72 ->   0      73 -> 261      74 -> 300      75 -> 239
      76 ->  58      77 -> 283      78 -> 174      79 -> 165      80 -> 170
      81 -> 166      82 -> 166      83 -> 235      84 -> 114      85 -> 315
      86 ->  94      87 -> 115      88 -> 270      89 -> 318      90 -> 316
      91 -> 294

 GAPs were between   0 and 354
      (average GAP was 228)



  MAGNITUDES of INPUT-DATA:

 Magnitude (# of events)   ***average number of obs***

 MAG<= 1.0 ( 47) *******
 MAG = 1.1 (  4) ********
 MAG = 1.2 (  7) ********
 MAG = 1.3 (  8) *********1
 MAG = 1.4 (  3) *********
 MAG = 1.5 (  3) ********
 MAG = 1.6 (  3) ********
 MAG = 1.7 (  2) *********1
 MAG = 1.8 (  2) *******
 MAG = 1.9 (  1)  
 MAG = 2.0 (  0)  
 MAG = 2.1 (  2) ********
 MAG = 2.2 (  3) *****
 MAG = 2.3 (  1) **
 MAG = 2.4 (  0)  
 MAG = 2.5 (  1) ******
 MAG = 2.6 (  1) **
 MAG = 2.7 (  0)  
 MAG = 2.8 (  0)  
 MAG = 2.9 (  1) ******
 MAG = 3.0 (  0)  
 MAG = 3.1 (  1) ****
 MAG = 3.2 (  0)  
 MAG = 3.3 (  0)  
 MAG = 3.4 (  0)  
 MAG = 3.5 (  0)  
 MAG = 3.6 (  0)  
 MAG = 3.7 (  0)  
 MAG = 3.8 (  0)  
 MAG = 3.9 (  0)  
 MAG = 4.0 (  1) *********1**
 MAG = 4.1 (  0)  
 MAG = 4.2 (  0)  
 MAG = 4.3 (  0)  
 MAG = 4.4 (  0)  
 MAG = 4.5 (  0)  
 MAG = 4.6 (  0)  
 MAG = 4.7 (  0)  
 MAG = 4.8 (  0)  
 MAG = 4.9 (  0)  
 MAG = 5.0 (  0)  
 MAG = 5.1 (  0)  
 MAG = 5.2 (  0)  
 MAG = 5.3 (  0)  
 MAG = 5.4 (  0)  
 MAG = 5.5 (  0)  
 MAG = 5.6 (  0)  
 MAG = 5.7 (  0)  
 MAG = 5.8 (  0)  
 MAG = 5.9 (  0)  
 MAG>= 6.0 (  0)  





  DEPTHs of INPUT-DATA and of LAST ITERATION:
  ===========================================

       Depth       # of events  

 DEPTH ( input ) =  -4. km :   
 DEPTH (last_IT) =  -4. km :   
 DEPTH ( input ) =  -3. km :   
 DEPTH (last_IT) =  -3. km :   
 DEPTH ( input ) =  -2. km :   
 DEPTH (last_IT) =  -2. km :   
 DEPTH ( input ) =  -1. km :   
 DEPTH (last_IT) =  -1. km :   
 DEPTH ( input ) =   0. km :  ........
 DEPTH (last_IT) =   0. km :  ***
 DEPTH ( input ) =   1. km :  .
 DEPTH (last_IT) =   1. km :  ******
 DEPTH ( input ) =   2. km :   
 DEPTH (last_IT) =   2. km :   
 DEPTH ( input ) =   3. km :  ...
 DEPTH (last_IT) =   3. km :  **
 DEPTH ( input ) =   4. km :  ..
 DEPTH (last_IT) =   4. km :  ***
 DEPTH ( input ) =   5. km :  ..
 DEPTH (last_IT) =   5. km :   
 DEPTH ( input ) =   6. km :  ..
 DEPTH (last_IT) =   6. km :  ****
 DEPTH ( input ) =   7. km :  .
 DEPTH (last_IT) =   7. km :  *
 DEPTH ( input ) =   8. km :  ...
 DEPTH (last_IT) =   8. km :  **
 DEPTH ( input ) =   9. km :  ..
 DEPTH (last_IT) =   9. km :  ***
 DEPTH ( input ) =  10. km :  ..
 DEPTH (last_IT) =  10. km :  **
 DEPTH ( input ) =  11. km :  ...
 DEPTH (last_IT) =  11. km :  **
 DEPTH ( input ) =  12. km :  ....
 DEPTH (last_IT) =  12. km :  *****
 DEPTH ( input ) =  13. km :  ..
 DEPTH (last_IT) =  13. km :  **
 DEPTH ( input ) =  14. km :  ...
 DEPTH (last_IT) =  14. km :  ****
 DEPTH ( input ) =  15. km :  ........
 DEPTH (last_IT) =  15. km :  ********
 DEPTH ( input ) =  16. km :  .........1.
 DEPTH (last_IT) =  16. km :  *********1
 DEPTH ( input ) =  17. km :  .....
 DEPTH (last_IT) =  17. km :  *****
 DEPTH ( input ) =  18. km :  ....
 DEPTH (last_IT) =  18. km :  *****
 DEPTH ( input ) =  19. km :  .....
 DEPTH (last_IT) =  19. km :  *****
 DEPTH ( input ) =  20. km :  .....
 DEPTH (last_IT) =  20. km :  ****
 DEPTH ( input ) =  21. km :  ..
 DEPTH (last_IT) =  21. km :  **
 DEPTH ( input ) =  22. km :  ....
 DEPTH (last_IT) =  22. km :  *****
 DEPTH ( input ) =  23. km :  ....
 DEPTH (last_IT) =  23. km :  ***
 DEPTH ( input ) =  24. km :  ..
 DEPTH (last_IT) =  24. km :  ***
 DEPTH ( input ) =  25. km :  .
 DEPTH (last_IT) =  25. km :   
 DEPTH ( input ) =  26. km :   
 DEPTH (last_IT) =  26. km :   
 DEPTH ( input ) =  27. km :   
 DEPTH (last_IT) =  27. km :   
 DEPTH ( input ) =  28. km :   
 DEPTH (last_IT) =  28. km :   
 DEPTH ( input ) =  29. km :   
 DEPTH (last_IT) =  29. km :   
 DEPTH ( input ) =  30. km :   
 DEPTH (last_IT) =  30. km :   
 DEPTH ( input ) =  31. km :   
 DEPTH (last_IT) =  31. km :   
 DEPTH ( input ) =  32. km :   
 DEPTH (last_IT) =  32. km :   
 DEPTH ( input ) =  33. km :   
 DEPTH (last_IT) =  33. km :   
 DEPTH ( input ) =  34. km :   
 DEPTH (last_IT) =  34. km :   
 DEPTH ( input ) =  35. km :   
 DEPTH (last_IT) =  35. km :   
 DEPTH ( input ) =  36. km :   
 DEPTH (last_IT) =  36. km :   
 DEPTH ( input ) =  37. km :   
 DEPTH (last_IT) =  37. km :   
 DEPTH ( input ) =  38. km :   
 DEPTH (last_IT) =  38. km :   
 DEPTH ( input ) =  39. km :   
 DEPTH (last_IT) =  39. km :   
 DEPTH ( input ) =  40. km :   
 DEPTH (last_IT) =  40. km :   
 DEPTH ( input ) =  41. km :   
 DEPTH (last_IT) =  41. km :   
 DEPTH ( input ) =  42. km :   
 DEPTH (last_IT) =  42. km :   
 DEPTH ( input ) =  43. km :   
 DEPTH (last_IT) =  43. km :   
 DEPTH ( input ) =  44. km :   
 DEPTH (last_IT) =  44. km :   
 DEPTH ( input ) =  45. km :   
 DEPTH (last_IT) =  45. km :   
 DEPTH ( input ) =  46. km :   
 DEPTH (last_IT) =  46. km :   
 DEPTH ( input ) =  47. km :   
 DEPTH (last_IT) =  47. km :   
 DEPTH ( input ) =  48. km :   
 DEPTH (last_IT) =  48. km :   
 DEPTH ( input ) =  49. km :   
 DEPTH (last_IT) =  49. km :   
 DEPTH ( input ) =  50. km :   
 DEPTH (last_IT) =  50. km :   
 DEPTH ( input ) =  51. km :   
 DEPTH (last_IT) =  51. km :   
 DEPTH ( input ) =  52. km :   
 DEPTH (last_IT) =  52. km :   
 DEPTH ( input ) =  53. km :   
 DEPTH (last_IT) =  53. km :   
 DEPTH ( input ) =  54. km :   
 DEPTH (last_IT) =  54. km :   
 DEPTH ( input ) =  55. km :   
 DEPTH (last_IT) =  55. km :   
 DEPTH ( input ) =  56. km :   
 DEPTH (last_IT) =  56. km :   
 DEPTH ( input ) =  57. km :   
 DEPTH (last_IT) =  57. km :   
 DEPTH ( input ) =  58. km :   
 DEPTH (last_IT) =  58. km :   
 DEPTH ( input ) =  59. km :   
 DEPTH (last_IT) =  59. km :   
 DEPTH ( input ) =  60. km :   
 DEPTH (last_IT) =  60. km :   
 DEPTH ( input ) =  61. km :   
 DEPTH (last_IT) =  61. km :   
 DEPTH ( input ) =  62. km :   
 DEPTH (last_IT) =  62. km :   
 DEPTH ( input ) =  63. km :   
 DEPTH (last_IT) =  63. km :   
 DEPTH ( input ) =  64. km :   
 DEPTH (last_IT) =  64. km :   
 DEPTH ( input ) =  65. km :   
 DEPTH (last_IT) =  65. km :   
 DEPTH ( input ) =  66. km :   
 DEPTH (last_IT) =  66. km :   
 DEPTH ( input ) =  67. km :   
 DEPTH (last_IT) =  67. km :   
 DEPTH ( input ) =  68. km :   
 DEPTH (last_IT) =  68. km :   
 DEPTH ( input ) =  69. km :   
 DEPTH (last_IT) =  69. km :   
 DEPTH ( input ) =  70. km :   
 DEPTH (last_IT) =  70. km :   
 DEPTH ( input ) =  71. km :   
 DEPTH (last_IT) =  71. km :   
 DEPTH ( input ) =  72. km :   
 DEPTH (last_IT) =  72. km :   
 DEPTH ( input ) =  73. km :   
 DEPTH (last_IT) =  73. km :   
 DEPTH ( input ) =  74. km :  .
 DEPTH (last_IT) =  74. km :  *
 DEPTH ( input ) =  75. km :   
 DEPTH (last_IT) =  75. km :   
 DEPTH ( input ) =  76. km :   
 DEPTH (last_IT) =  76. km :   
 DEPTH ( input ) =  77. km :   
 DEPTH (last_IT) =  77. km :   
 DEPTH ( input ) =  78. km :   
 DEPTH (last_IT) =  78. km :   
 DEPTH ( input ) =  79. km :   
 DEPTH (last_IT) =  79. km :   
 DEPTH ( input ) =  80. km :   
 DEPTH (last_IT) =  80. km :   
 DEPTH ( input ) =  81. km :   
 DEPTH (last_IT) =  81. km :   
 DEPTH ( input ) =  82. km :   
 DEPTH (last_IT) =  82. km :   
 DEPTH ( input ) =  83. km :   
 DEPTH (last_IT) =  83. km :   
 DEPTH ( input ) =  84. km :   
 DEPTH (last_IT) =  84. km :   
 DEPTH ( input ) =  85. km :   
 DEPTH (last_IT) =  85. km :   
 DEPTH ( input ) =  86. km :   
 DEPTH (last_IT) =  86. km :   
 DEPTH ( input ) =  87. km :   
 DEPTH (last_IT) =  87. km :   
 DEPTH ( input ) =  88. km :   
 DEPTH (last_IT) =  88. km :   
 DEPTH ( input ) =  89. km :   
 DEPTH (last_IT) =  89. km :   
 DEPTH ( input ) =  90. km :   
 DEPTH (last_IT) =  90. km :   
 DEPTH ( input ) =  91. km :   
 DEPTH (last_IT) =  91. km :   
 DEPTH ( input ) =  92. km :   
 DEPTH (last_IT) =  92. km :   
 DEPTH ( input ) =  93. km :   
 DEPTH (last_IT) =  93. km :   
 DEPTH ( input ) =  94. km :   
 DEPTH (last_IT) =  94. km :   
 DEPTH ( input ) =  95. km :   
 DEPTH (last_IT) =  95. km :   
 DEPTH ( input ) =  96. km :   
 DEPTH (last_IT) =  96. km :   
 DEPTH ( input ) =  97. km :  .
 DEPTH (last_IT) =  97. km :  *
 DEPTH ( input ) =  98. km :   
 DEPTH (last_IT) =  98. km :   
 DEPTH ( input ) =  99. km :   
 DEPTH (last_IT) =  99. km :   
 DEPTH ( input ) = 100. km :   
 DEPTH (last_IT) = 100. km :   
 DEPTH ( input ) > 100. km :   
 DEPTH (last_IT) > 100. km :   


 Residuals of the stations according to the azimuth:
 (RES  = total average residual at station)
 (RES1 = average residual of rays from 1st quadrant)
 (RES2 = average residual of rays from 2nd quadrant)
 (RES3 = average residual of rays from 3rd quadrant)
 (RES4 = average residual of rays from 4th quadrant)

 Stn#  Stn     RES          RES1         RES2         RES3         RES4
   1   624    -1.13(  74)  -1.39(  33)  -0.85(   5)  -1.17(  29)   0.12(   7)
   2   628    -1.53(  69)  -1.92(  32)  -1.13(   5)  -1.45(  25)  -0.29(   7)
   3   630    -0.75(  53)  -0.37(  25)  -0.60(  10)  -1.76(  10)  -0.88(   8)
   4   627    -0.92(  46)  -0.94(  12)   0.00(   0)  -1.34(  22)  -0.11(  12)
   5   621    -0.83(  59)  -1.18(   8)   0.00(   0)  -0.65(  18)  -0.84(  33)
   6   629    -0.74(  43)  -0.28(  15)   0.00(   0)  -1.71(   9)  -0.64(  19)
   7   622    -0.87(  58)  -1.17(  27)   0.00(   0)  -0.87(  20)  -0.14(  11)
   8   620    -0.73(  48)   0.00(   0)  -0.71(   1)  -0.38(  18)  -0.95(  29)
   9   623    -1.00(  55)  -1.30(  30)   0.00(   0)  -0.76(  17)  -0.34(   8)
  10   626    -0.88(  52)  -0.97(  24)   0.00(   0)  -0.98(   6)  -0.77(  22)
  11   625    -0.93(  49)  -1.08(  14)   0.00(   0)  -1.20(  23)  -0.22(  12)
  12   631     0.02(  49)   0.75(  18)   3.32(   1)   0.44(   4)  -0.67(  26)
  13   632    -0.28(  24)   0.29(  12)   1.91(   2)  -1.84(   3)  -1.22(   7)



 CPU - statistics:

 TOTAL CPU-sec          =    0.2     (CPU-minutes:  0.003)

 >>>   End of program VELEST at 25-06-02 16:09       <<< [ CPU-sec :     0.2]
