 >>> Start of program VELEST at 25-06-02 16:12       <<<                        

 ::::::::::::::::::::::::::::::::::::::                                         
  V E L E S T  - Version : January 3, 1995                                      
  (Authors: see source code)                                                    
 ::::::::::::::::::::::::::::::::::::::                                         


 Title of this VELEST run:

 vinnik_2
 --------


 Current array-dimensions of program VELEST:

 Max. number of EARTHQUAKES for simult. inversion IEQ = ***
 Max. number of SHOTS for simult. inversion    INSHOT =  50
 Max. number of (different) 1D-MODELS      ITOTMODELS =   2
 Max. number of LAYERS per one 1D-model        INLTOT = 100
 Max. number of STATIONS in stationlist           IST = 650
 Max. number of OBSERVATIONS per event MAXOBSPEREVENT = 180






    INPUT - P A R A M E T E R S :



***
***  olat       olon   icoordsystem      zshift   itrial ztrial    ised
  72.000000-126.000000      0            0.000       0     0.00      0
***
*** neqs   nshot    rotate
     91      0      0.0
***
*** isingle   iresolcalc
       0          0
***
*** dmax    itopo    zmin     veladj    zadj   lowveloclay
   300.00     0      0.01       0.20    5.00       0
***
*** nsp    swtfac   vpvs       nmod
     1      1.00    1.730        1
***
***   othet   xythet    zthet    vthet   stathet
       0.01     0.01     0.01     1.00     0.01
***
*** nsinv   nshcor   nshfix     iuseelev    iusestacorr
       1       0       0           1            1
***
*** iturbo    icnvout   istaout   ismpout
       1         1         1         0
***
*** irayout   idrvout   ialeout   idspout   irflout   irfrout   iresout
       0         0         0         0         0         0         0
***
*** delmin   ittmax   invertratio
    0.010       3          1
***
*** Modelfile:
tmp/vinnik_2/synthvel/model_911.mod
***
*** Stationfile:
./velinp/station.sta
***
*** Seismofile:
 
***
*** File with region names:
 
***
*** File with region coordinates:
 
***
*** File #1 with topo data:
 
***
*** File #2 with topo data:
 
***
*** DATA INPUT files:
***
*** File with Earthquake data:
./velinp/data.cnv
***
*** File with Shot data:
 
***
*** OUTPUT files:
***
*** Main print output file:
./velout/vinnik_2/velest911.out
***
*** File with single event locations:
velout.vel
***
*** File with final hypocenters in *.cnv format:
./velout/vinnik_2/final_loc911.cnv
***
*** File with new station corrections:
./velout/vinnik_2/stations_corr911.sta
***
*** File with summary cards (e.g. for plotting):
velout.smp
***
*** File with raypoints:
velout.ray
***
*** File with derivatives:
velout.drv
***
*** File with ALEs:
velout.ale
***
*** File with Dirichlet spreads:
velout.dspr
***
*** File with reflection points:
velout.rfl
***
*** File with refraction points:
velout.rfr
***
*** File with residuals:
velout.res
***




 Origin of cartesian coordinates:
        72.00000N   126.00000E

  X,Y-AXES rotated clockwise from North
           Rotation angle (rotate):
            rotate=    0.0 degr.

 icoordsystem =            0
 normal SHORT DISTANCE CONVERSION will be made
 x is positive towards west, y is positive towards north


 SHORT DISTANCE CONVERSION on ELLIPSOIDE of WORLD GEODETIC SYSTEM 1972 (WGS72)
 =============================================================================

 Radius at equator (REARTH)= 6378.13500  km
   1. / (ellipticity)      =    298.260

 Origin of cartesian coordinates [degrees]:
   72.0000000 N     -126.0000000 W

  Rotation angle (in degr.) clockwise from
North  rotate=    0.0

 Radius of sphere at OLAT =   6358.817 km

 Conversion of GEOGRAPHICAL LATITUDE to GEOCENTRICAL LATITUDE:
 RLATC = TAN(GEOCENTR.LAT) / TAN(GEOGRAPH.LAT)
 RLATC =   0.99333486

          Short distance conversions:
          one min lat ~  1.8597 km 
          one min lon ~  0.5751 km 







    INPUT - M O D E L :



 Model(s) read from file :
 tmp/vinnik_2/synthvel/model_911.mod                                             

 model file title: 
Model: model_911.mod                    
 Velocity structure for model   1 :

 layer    vel   depth   vdamp  reflector
   1      5.10  -5.00    1.00         P-VELOCITY MODEL                  
   2      6.25   4.03    1.00  
   3      6.32   9.02    1.00  
   4      6.75  14.75    1.00  
   5      6.97  23.95    1.00  
   6      7.14  26.10    1.00  
   7      7.33  33.26    1.00  
   8      8.44  39.79    1.00  
   9      8.97  41.36    1.00  

 Calculation of average velocity starts at layer #            1
 z = -5.00 ...  4.03    v = 5.10    AVEL = 5.10 downto z =   4.03
 z =  4.03 ...  9.02    v = 6.25    AVEL = 5.51 downto z =   9.02
 z =  9.02 ... 14.75    v = 6.32    AVEL = 5.74 downto z =  14.75
 z = 14.75 ... 23.95    v = 6.75    AVEL = 6.06 downto z =  23.95
 z = 23.95 ... 26.10    v = 6.97    AVEL = 6.13 downto z =  26.10
 z = 26.10 ... 33.26    v = 7.14    AVEL = 6.32 downto z =  33.26
 z = 33.26 ... 39.79    v = 7.33    AVEL = 6.46 downto z =  39.79
 z = 39.79 ... 41.36    v = 8.44    AVEL = 6.53 downto z =  41.36


 Calculation of average velocity starts at layer #            2
 z =  4.03 ...  9.02    v = 6.25    AVEL = 6.25 downto z =   9.02
 z =  9.02 ... 14.75    v = 6.32    AVEL = 6.29 downto z =  14.75
 z = 14.75 ... 23.95    v = 6.75    AVEL = 6.50 downto z =  23.95
 z = 23.95 ... 26.10    v = 6.97    AVEL = 6.55 downto z =  26.10
 z = 26.10 ... 33.26    v = 7.14    AVEL = 6.69 downto z =  33.26
 z = 33.26 ... 39.79    v = 7.33    AVEL = 6.81 downto z =  39.79
 z = 39.79 ... 41.36    v = 8.44    AVEL = 6.88 downto z =  41.36






    INPUT - S T A T I O N S :



 Station-parameters read from file :
 ./velinp/station.sta                                                            


     stn latitude longitude elev   x      y      z     ptcor stcor model icc
   1 624 72.4760N126.2750E     0  -9.37  53.11  -0.00   0.00  0.00   1  13
   2 628 72.4000N127.1470E     0 -39.15  44.63  -0.00   0.00  0.00   1  12
   3 630 72.0750N128.3250E     0 -80.06   8.37  -0.00   0.00  0.00   1  11
   4 627 72.1170N126.9820E     0 -33.78  13.06  -0.00   0.00  0.00   1  10
   5 621 72.1840N124.8890E     0  38.14  20.53  -0.00   0.00  0.00   1   9
   6 629 71.9290N127.3130E     0 -45.39  -7.92  -0.00   0.00  0.00   1   8
   7 622 72.4420N125.3130E     0  23.42  49.32  -0.00   0.00  0.00   1   7
   8 620 72.6540N124.3470E     0  56.03  72.98  -0.00   0.00  0.00   1   6
   9 623 72.3260N125.7600E     0   8.21  36.38  -0.00   0.00  0.00   1   5
  10 626 71.8880N126.0360E     0  -1.25 -12.50  -0.00   0.00  0.00   1   4
  11 625 72.1740N126.1070E     0  -3.67  19.42  -0.00   0.00  0.00   1   3
  12 631 71.3990N127.2470E     0 -43.72 -67.06  -0.00   0.00  0.00   1   2
  13 632 71.5740N129.0728E     0-107.23 -47.53  -0.00   0.00  0.00   1   1

 NO Seismo-parameter-file specified
 --> NO magnitudes calculated!




   neqs=   91  nshot=    0  nltot=    9

 ~~~ input parameters read.
 ~~~ set units for first iteration ...
 ~~~ determine number of unknowns ...

 Number of unknowns (for array-indexing):  nvar =  385
 Number of effective unknowns        :  nvareff =  373
 Number of elements on/below main diagonal of matrix G = At*A : kvar =   74305

 ~~~ reset G and RHT ...
 ~~~ input data, raytracing, setup G ...






    I N P U T - D A T A  

  eq    origin-time    latitude longitude depth    x      y      z    mag ifxOBS
   1 160818 1613  9.10 73.0030N 124.8500E  23.10  38.61 111.92  23.10 1.40 0   6
   2 160818 1613  9.30 72.9910N 124.8700E  22.80  37.95 110.58  22.80 1.10 0   6
   3 160819 0959 27.30 71.9230N 129.7600E  12.10-130.00  -8.59  12.10 4.00 0  12
   4 160820 1506 15.70 71.9380N 129.7900E  11.00-130.98  -6.92  11.00 1.50 0   9
   5 160820 1904 45.70 72.3480N 127.1800E  23.80 -40.33  38.83  23.80 1.20 0   6
   6 160822 1318 49.50 72.3650N 127.0800E  16.50 -36.90  40.73  16.50 0.60 0   8
   7 160823 0652 14.00 70.9330N 129.8100E   6.40-135.21-119.06   6.40 2.90 0   6
   8 160824 1510 30.40 71.6070N 130.0400E   8.60-140.86 -43.85   8.60 1.50 0   9
   9 160906 1514 39.70 72.5080N 125.6800E  12.10  10.89  56.68  12.10 0.90 0   6
 WARNING:
 epicentral distance: 303.3 > dmax ( 300.0) ==> skipping phase !
 WARNING:
 epicentral distance: 338.2 > dmax ( 300.0) ==> skipping phase !
  10 160920 1607 18.30 69.2370N 128.3500E  16.20 -87.07-308.31  16.20 2.60 0   2
 WARNING:
 epicentral distance: 318.5 > dmax ( 300.0) ==> skipping phase !
 WARNING:
 epicentral distance: 355.0 > dmax ( 300.0) ==> skipping phase !
  11 160925 1911  5.60 69.2250N 127.6800E  15.60 -62.26-309.64  15.60 2.30 0   2
  12 161004 0841 51.20 72.8480N 124.9600E  15.60  35.07  94.62  15.60 0.20 0   6
  13 161005 1619 46.90 72.8770N 125.0100E  19.00  33.35  97.86  19.00 1.00 0   9
  14 161006 0156 55.90 72.8740N 125.0100E  13.90  33.36  97.52  13.90 1.00 0   7
  15 161009 0036 44.70 72.8720N 124.9900E  17.20  34.03  97.30  17.20 1.30 0   8
  16 161009 0036 44.90 72.8580N 124.9600E  18.60  35.06  95.74  18.60 1.20 0   7
  17 161012 0800 22.10 72.7380N 126.0300E  18.50  -1.01  82.35  18.50 0.80 0   7
  18 161015 1013 36.50 72.0400N 126.9900E  11.20 -34.12   4.46  11.20 0.70 0   7
  19 161021 0507 33.30 72.5750N 124.7800E  10.10  41.44  64.16  10.10 0.80 0   6
  20 161124 2250 46.00 72.7630N 124.8800E  16.20  37.85  85.14  16.20 3.10 0   4
  21 161125 0156 34.10 72.7420N 124.9200E  14.50  36.52  82.80  14.50 0.60 0   7
  22 161125 0517 25.90 72.7650N 124.9400E  13.50  35.82  85.36  13.50 1.60 0   6
  23 161125 0525 15.90 72.7740N 124.9500E  11.60  35.48  86.37  11.60 0.80 0   6
  24 161125 0556  2.00 72.7350N 124.9700E   5.70  34.84  82.01   5.70 0.20 0   6
  25 170117 0846 48.60 72.2130N 127.3400E  22.00 -45.97  23.77  22.00 0.30 0   6
  26 170122 1614 27.60 71.9670N 128.0400E  10.30 -70.45  -3.68  10.30 0.90 0   6
  27 170125 2244  0.20 72.4440N 126.0200E  13.10  -0.68  49.54  13.10 0.80 0   6
  28 170302 1359 59.10 72.6830N 124.8900E  11.50  37.60  76.21  11.50 0.50 0   7
  29 170302 2335 20.20 71.8850N 130.3000E  14.80-148.82 -12.83  14.80 2.10 0   9
  30 170304 2135  2.90 72.6880N 124.9400E  13.40  35.90  76.77  13.40 1.30 0   7
  31 170307 0447 21.00 72.6940N 124.9200E  14.20  36.57  77.44  14.20 1.70 0  10
  32 170307 2016 50.80 72.6910N 124.9100E  15.30  36.91  77.10  15.30 1.10 0   6
  33 170309 1454  0.80 72.6830N 124.9000E  15.60  37.26  76.21  15.60 0.30 0   6
  34 170311 0430 55.40 72.3130N 126.5000E  24.50 -17.11  34.93  24.50 0.30 0   6
  35 170312 0416 39.20 71.9240N 128.0800E   3.40 -71.91  -8.48   3.40 2.10 0   6
  36 170313 0553 59.10 72.6980N 124.9200E  15.10  36.57  77.89  15.10 1.00 0   9
  37 170313 0809  5.60 72.4500N 125.0800E  14.90  31.36  50.21  14.90 1.20 0   7
  38 170315 0234 46.50 72.6540N 123.8400E  16.90  73.22  72.98  16.90 1.40 0   7
  39 170317 1007 14.10 72.2350N 125.9800E   3.90   0.69  26.22   3.90 0.50 0   7
  40 170320 0711 14.60 72.1250N 127.2200E  16.80 -41.95  13.95  16.80 0.90 0   6
  41 170320 0853 56.40 72.7090N 124.9700E   5.10  34.86  79.11   5.10 0.40 0   6
  42 170320 1900 34.30 72.4150N 126.1200E  18.00  -4.09  46.31  18.00 0.60 0   7
  43 170323 0519 24.60 71.6470N 129.1800E   5.20-110.76 -39.39   5.20 1.20 0   6
  44 170323 1612 49.70 72.4530N 125.1100E   8.30  30.33  50.55   8.30 0.50 0   6
  45 170323 1906 41.20 72.4070N 130.2500E  18.30-145.04  45.41  18.30 1.00 0   6
  46 170326 0836 34.10 71.9930N 127.6700E  16.10 -57.63  -0.78  16.10 1.50 0   7
  47 170402 0422  1.00 72.7220N 125.6900E  21.90  10.49  80.56  21.90 1.20 0  10
  48 170402 0636 37.20 72.7310N 125.6900E  23.50  10.49  81.57  23.50 0.70 0   6
  49 170404 2347 35.70 72.7580N 124.3800E  22.60  54.76  84.58  22.60 0.50 0   6
  50 170405 0307 36.10 71.6810N 128.9500E  15.30-102.66 -35.60  15.30 1.00 0  10
  51 170405 1410 53.20 71.5100N 128.9000E   9.30-101.37 -54.68   9.30 1.70 0  10
  52 170406 0838 43.20 72.3850N 129.3800E  15.50-115.42  42.96  15.50 0.90 0  10
  53 170406 1728  1.00 72.7230N 125.6900E  21.30  10.49  80.67  21.30 0.90 0  10
 WARNING:
 epicentral distance: 325.9 > dmax ( 300.0) ==> skipping phase !
 WARNING:
 epicentral distance: 332.9 > dmax ( 300.0) ==> skipping phase !
 WARNING:
 epicentral distance: 345.3 > dmax ( 300.0) ==> skipping phase !
 WARNING:
 epicentral distance: 391.9 > dmax ( 300.0) ==> skipping phase !
  54 170407 1729  3.40 74.8930N 128.6300E  15.60 -83.67 322.81  15.60 1.80 0   2
 WARNING:
 epicentral distance: 311.3 > dmax ( 300.0) ==> skipping phase !
 WARNING:
 epicentral distance: 315.4 > dmax ( 300.0) ==> skipping phase !
 WARNING:
 epicentral distance: 328.9 > dmax ( 300.0) ==> skipping phase !
 WARNING:
 epicentral distance: 374.2 > dmax ( 300.0) ==> skipping phase !
  55 170407 1729  3.50 74.7270N 128.8100E   0.40 -89.83 304.29   0.40 1.60 0   5
  56 170408 1004 44.90 72.6070N 124.9400E  15.00  35.98  67.73  15.00 1.40 0  13
  57 170409 0856 47.20 73.3850N 128.5500E  15.60 -84.71 154.54  15.60 2.50 0   6
  58 170409 0902 45.60 73.3500N 128.4400E  15.10 -81.13 150.64  15.10 1.10 0   7
  59 170410 1520  8.50 72.0030N 128.3900E   2.70 -82.46   0.33   2.70 1.00 0  10
  60 170410 1813  3.60 70.9360N 129.1200E   3.70-110.72-118.73   3.70 2.20 0  13
  61 170412 1507  0.60 71.5070N 129.7200E   0.00-130.05 -55.01   0.00 0.70 0   6
  62 170413 0651 20.10 73.3680N 125.4200E  15.60  19.28 152.65  15.60 1.00 0  10
  63 170414 0459 18.80 72.2680N 127.3800E  20.10 -47.27  29.90  20.10 0.50 0   7
  64 170414 0540  4.80 73.6400N 130.9700E   8.00-163.92 183.00   8.00 1.80 0  11
  65 170414 1656 23.40 72.1850N 127.4000E  15.50 -48.06  20.64  15.50 0.20 0   6
  66 170414 1753 32.80 72.3840N 130.4600E  17.90-152.30  42.85  17.90 0.70 0   6
  67 170416 0523 41.90 71.9560N 127.0800E  19.20 -37.31  -4.91  19.20 1.60 0  13
  68 170416 1220 14.20 72.9470N 124.4900E  20.40  50.77 105.67  20.40 1.00 0  11
 WARNING:
 epicentral distance: 320.3 > dmax ( 300.0) ==> skipping phase !
 WARNING:
 epicentral distance: 381.0 > dmax ( 300.0) ==> skipping phase !
 WARNING:
 epicentral distance: 398.8 > dmax ( 300.0) ==> skipping phase !
 WARNING:
 epicentral distance: 405.0 > dmax ( 300.0) ==> skipping phase !
 WARNING:
 epicentral distance: 424.8 > dmax ( 300.0) ==> skipping phase !
 WARNING:
 epicentral distance: 431.2 > dmax ( 300.0) ==> skipping phase !
 WARNING:
 epicentral distance: 445.5 > dmax ( 300.0) ==> skipping phase !
 WARNING:
 epicentral distance: 451.8 > dmax ( 300.0) ==> skipping phase !
 WARNING:
 epicentral distance: 464.3 > dmax ( 300.0) ==> skipping phase !
  69 170416 1257 48.30 68.8710N 131.7500E  73.50-214.97-349.14  73.50 2.20 0   0
  70 170416 1821  5.50 72.8670N 125.0000E  19.30  33.70  96.74  19.30 1.30 0  13
  71 170418 0606  4.10 72.5080N 125.8200E   1.30   6.13  56.68   1.30 0.20 0   6
 WARNING:
 epicentral distance: 315.2 > dmax ( 300.0) ==> skipping phase !
 WARNING:
 epicentral distance: 332.1 > dmax ( 300.0) ==> skipping phase !
 WARNING:
 epicentral distance: 345.3 > dmax ( 300.0) ==> skipping phase !
 WARNING:
 epicentral distance: 352.6 > dmax ( 300.0) ==> skipping phase !
 WARNING:
 epicentral distance: 346.7 > dmax ( 300.0) ==> skipping phase !
 WARNING:
 epicentral distance: 356.6 > dmax ( 300.0) ==> skipping phase !
 WARNING:
 epicentral distance: 363.9 > dmax ( 300.0) ==> skipping phase !
 WARNING:
 epicentral distance: 372.8 > dmax ( 300.0) ==> skipping phase !
 WARNING:
 epicentral distance: 378.6 > dmax ( 300.0) ==> skipping phase !
 WARNING:
 epicentral distance: 378.6 > dmax ( 300.0) ==> skipping phase !
  72 170418 1005 56.80 69.3310N 122.4100E  97.00 132.70-297.82  97.00 2.20 0   1
  73 170418 1500 12.90 72.7340N 124.5100E  23.10  50.40  81.90  23.10 1.30 0  12
  74 170420 1302 36.20 72.6290N 129.0200E  21.80-102.44  70.19  21.80 0.90 0  11
  75 170420 2248 46.70 72.0220N 129.1200E   0.00-107.59   2.46   0.00 0.70 0  11
 WARNING:
 epicentral distance: 313.1 > dmax ( 300.0) ==> skipping phase !
 WARNING:
 epicentral distance: 324.4 > dmax ( 300.0) ==> skipping phase !
 WARNING:
 epicentral distance: 324.2 > dmax ( 300.0) ==> skipping phase !
 WARNING:
 epicentral distance: 342.4 > dmax ( 300.0) ==> skipping phase !
 WARNING:
 epicentral distance: 349.0 > dmax ( 300.0) ==> skipping phase !
 WARNING:
 epicentral distance: 380.2 > dmax ( 300.0) ==> skipping phase !
 WARNING:
 epicentral distance: 381.6 > dmax ( 300.0) ==> skipping phase !
 WARNING:
 epicentral distance: 408.0 > dmax ( 300.0) ==> skipping phase !
  76 170423 0850 54.60 74.7080N 132.7900E   0.10-217.19 302.17   0.10 1.90 0   0
  77 170423 1455 44.10 72.8400N 124.4900E  16.80  50.92  93.73  16.80 0.60 0   8
  78 170423 2313 41.80 72.5960N 124.8700E  22.00  38.36  66.50  22.00 1.30 0  12
  79 170424 0609 58.60 71.9600N 128.0200E   0.10 -69.77  -4.46   0.10 1.10 0  12
  80 170424 0755 26.70 71.9480N 128.0300E   0.00 -70.14  -5.80   0.00 1.00 0  12
  81 170424 0755 26.90 71.9590N 128.0300E   0.00 -70.12  -4.57   0.00 1.00 0  12
  82 170425 0652 23.30 71.9600N 128.0300E   0.00 -70.12  -4.46   0.00 1.20 0   9
  83 170426 0051 23.20 71.9450N 128.0600E   6.60 -71.18  -6.14   6.60 0.70 0   6
  84 170426 1425 21.20 72.0790N 127.2600E  21.00 -43.38   8.82  21.00 0.10 0   6
  85 170426 1834 24.60 71.5840N 130.8000E  10.90-167.46 -46.42  10.90 1.20 0   8
  86 170426 1840 44.10 72.2710N 126.3600E  18.10 -12.33  30.24  18.10 1.30 0   8
  87 170427 0912 28.80 72.0640N 127.7900E   2.60 -61.65   7.14   2.60 0.90 0   8
  88 170427 1041 38.10 71.7480N 128.9900E   8.40-103.86 -28.12   8.40 0.70 0   7
  89 170427 2010 47.80 72.8010N 130.2000E  20.20-141.80  89.38  20.20 1.30 0   8
  90 170427 2010 48.30 72.7890N 130.1400E  20.10-139.82  88.04  20.10 1.30 0   8
  91 170427 2342 34.10 72.7630N 125.0100E  19.50  33.46  85.14  19.50 0.80 0   6

 readings for station 624  :  74
 readings for station 628  :  69
 readings for station 630  :  53
 readings for station 627  :  46
 readings for station 621  :  59
 readings for station 629  :  43
 readings for station 622  :  58
 readings for station 620  :  48
 readings for station 623  :  55
 readings for station 626  :  52
 readings for station 625  :  49
 readings for station 631  :  49
 readings for station 632  :  24

 Total number of stations with readings:  13

 Total number of readings:     679
 Total number of P readings:       0
 Total number of S readings:       0


 ~~~ store parts of G ...
 ~~~ compute RMS and DATVAR ...

 Total number of observations is:   679


 $$$$$$$$$$$$$$$$$$$$$$$$$$$$$$$$$$$$$$$$$$$$$$$$$
 Events with  | AVRES | > 1.0 SEC are suspicious !

 Event#   7 >>>  160823 0652  AVRES =  1.60 NOBS =  6
 Event#   8 >>>  160824 1510  AVRES =  1.17 NOBS =  9
 Event#  10 >>>  160920 1607  AVRES =  3.71 NOBS =  2
 Event#  11 >>>  160925 1911  AVRES =  3.36 NOBS =  2
 Event#  29 >>>  170302 2335  AVRES =  1.08 NOBS =  9
 Event#  45 >>>  170323 1906  AVRES =  1.06 NOBS =  6
 Event#  54 >>>  170407 1729  AVRES =  2.30 NOBS =  2
 Event#  55 >>>  170407 1729  AVRES =  2.32 NOBS =  5
 Event#  57 >>>  170409 0856  AVRES =  2.16 NOBS =  6
 Event#  58 >>>  170409 0902  AVRES =  1.68 NOBS =  7
 Event#  60 >>>  170410 1813  AVRES =  1.49 NOBS = 13
 Event#  62 >>>  170413 0651  AVRES =  1.18 NOBS = 10
 Event#  64 >>>  170414 0540  AVRES =  2.96 NOBS = 11
 Event#  72 >>>  170418 1005  AVRES =  3.43 NOBS =  1
 Event#  85 >>>  170426 1834  AVRES =  1.31 NOBS =  8
 Event#  89 >>>  170427 2010  AVRES =  1.31 NOBS =  8
 Event#  90 >>>  170427 2010  AVRES =  1.22 NOBS =  8

 ^^^^^^^^^ C H E C K   these events above ^^^^^^^^
 $$$$$$$$$$$$$$$$$$$$$$$$$$$$$$$$$$$$$$$$$$$$$$$$$

 ~~~ save initial datvar ...

 Iteration nr  0 obtained:
 DATVAR=    1.657249 mean sqrd residual=     0.746860  RMS RESIDUAL=     0.864211

 After  0 iterations we got:
 Average absolute & unweighted [and mean] residual of
   381 straight and direct rays =  0.33777 [  0.24662]
   298 refracted           rays =  1.11527 [  1.01254]
     0 reflected           rays =  0.00000 [  0.00000]

   679 ALL                 RAYS =  0.67900 [  0.58277]        0.00 %




--------------------------------------------------------------------------------



           ITERATION no  1

 ~~~ set units for this iteration ...
 ~~~ determine number of unknowns for this iter. ...

 Number of unknowns (for array-indexing):  nvar =  385
 Number of effective unknowns        :  nvareff =  386
 Number of elements on/below main diagonal of matrix G = At*A : kvar =   74305

 Damping factors to be used in this iteration:
   Othet=   0.010   XYthet  =   0.010   Zthet=  0.010
 STAthet=   0.010   Vthet   =   1.000

 ~~~ damp G ...
 ~~~ solve G * b = RHT ...
 ~~~ fix units ...
 ~~~ apply eventually step-length damping ...
 ~~~ adjust model (hypocenters, stacorr & veloc.) ...

 doing velocity adjustments now...

 doing station-correction adjustments...

 ~~~ compute effective step-length ...

 (Applied) Step length =   2.008

 ~~~ set units for next iteration ...
 ~~~ determine number of unknowns for next iter. ...

 Number of unknowns (for array-indexing):  nvar =  385
 Number of effective unknowns        :  nvareff =  386
 Number of elements on/below main diagonal of matrix G = At*A : kvar =   74305

 ~~~ reset G and RHT ...
 ~~~ raytracing, setup G ...
 ~~~ store parts of G ...
 ~~~ set units back for current iteration ...
 ~~~ determine number of unknowns for this iter. ...

 Number of unknowns (for array-indexing):  nvar =  385
 Number of effective unknowns        :  nvareff =  386
 Number of elements on/below main diagonal of matrix G = At*A : kvar =   74305

 ~~~ compute RMS and DATVAR ...

 $$$$$$$$$$$$$$$$$$$$$$$$$$$$$$$$$$$$$$$$$$$$$$$$$
 Events with  | AVRES | > 1.0 SEC are suspicious !

 Event#   7 >>>  160823 0652  AVRES =  1.43 NOBS =  6
 Event#   8 >>>  160824 1510  AVRES =  1.05 NOBS =  9
 Event#  10 >>>  160920 1607  AVRES =  3.31 NOBS =  2
 Event#  11 >>>  160925 1911  AVRES =  3.00 NOBS =  2
 Event#  54 >>>  170407 1729  AVRES =  2.05 NOBS =  2
 Event#  55 >>>  170407 1729  AVRES =  2.07 NOBS =  5
 Event#  57 >>>  170409 0856  AVRES =  1.94 NOBS =  6
 Event#  58 >>>  170409 0902  AVRES =  1.50 NOBS =  7
 Event#  60 >>>  170410 1813  AVRES =  1.33 NOBS = 13
 Event#  62 >>>  170413 0651  AVRES =  1.05 NOBS = 10
 Event#  64 >>>  170414 0540  AVRES =  2.64 NOBS = 11
 Event#  72 >>>  170418 1005  AVRES =  3.06 NOBS =  1
 Event#  85 >>>  170426 1834  AVRES =  1.17 NOBS =  8
 Event#  89 >>>  170427 2010  AVRES =  1.17 NOBS =  8
 Event#  90 >>>  170427 2010  AVRES =  1.09 NOBS =  8

 ^^^^^^^^^ C H E C K   these events above ^^^^^^^^
 $$$$$$$$$$$$$$$$$$$$$$$$$$$$$$$$$$$$$$$$$$$$$$$$$

 ~~~ check solution (better? worse?) ...

 Iteration nr  1 obtained:
 DATVAR=    1.418337 mean sqrd residual=     0.612036  RMS RESIDUAL=     0.782327

 After  1 iterations we got:
 Average absolute & unweighted [and mean] residual of
   375 straight and direct rays =  0.29954 [  0.21830]
   304 refracted           rays =  0.99665 [  0.89580]
     0 reflected           rays =  0.00000 [  0.00000]

   679 ALL                 RAYS =  0.61165 [  0.52163]       -9.92 %

 ~~~ iteration done; output results ...

  eq       ot     x      y      z      rms    avres   dot     dx     dy     dz
    1      9.06  38.60 111.99  23.21   0.22   0.47   -0.044 -0.008  0.074  0.113
    2      9.25  37.99 110.64  22.98   0.23   0.46   -0.046  0.040  0.059  0.175
    3     27.25-130.11  -8.44  12.14   0.62   0.76   -0.046 -0.108  0.155  0.043
    4     15.64-131.10  -6.82  10.92   0.71   0.72   -0.059 -0.110  0.100 -0.075
    5     45.67 -40.29  38.76  23.81   0.14   0.28   -0.027  0.044 -0.069  0.011
    6     49.48 -36.78  40.69  16.69   0.11   0.09   -0.022  0.120 -0.039  0.188
    7     13.94-135.04-119.06   6.18   1.22   1.43   -0.064  0.173 -0.004 -0.221
    8     30.36-140.92 -43.83   8.66   0.76   1.05   -0.044 -0.055  0.021  0.061
    9     39.66  10.89  56.63  12.10   0.08  -0.09   -0.038 -0.005 -0.050 -0.001
   10     18.25 -87.27-308.29  16.20   1.03   3.31   -0.045 -0.207  0.015  0.004
   11      5.52 -62.52-309.65  15.61   1.22   3.00   -0.084 -0.258 -0.003  0.008
   12     51.18  35.04  94.58  15.63   0.19   0.30   -0.024 -0.025 -0.039  0.033
   13     46.86  33.42  97.93  19.17   0.27   0.44   -0.041  0.067  0.073  0.166
   14     55.86  33.41  97.50  14.01   0.65   0.39   -0.042  0.058 -0.021  0.111
   15     44.66  34.06  97.36  17.41   0.71   0.64   -0.040  0.029  0.061  0.214
   16     44.85  35.05  95.90  18.72   0.75   0.66   -0.049 -0.003  0.162  0.116
   17     22.06  -0.98  82.41  18.62   0.48   0.38   -0.044  0.033  0.066  0.120
   18     36.46 -34.04   4.48  11.36   0.16   0.04   -0.040  0.082  0.012  0.156
   19     33.27  41.41  64.11  10.13   0.14  -0.00   -0.032 -0.033 -0.054  0.032
   20     45.95  37.81  85.18  16.28   0.28   0.35   -0.049 -0.043  0.039  0.077
   21     34.07  36.52  82.76  14.41   0.52   0.25   -0.032  0.000 -0.030 -0.088
   22     25.87  35.73  85.34  13.40   0.34   0.13   -0.034 -0.094 -0.020 -0.101
   23     15.87  35.40  86.33  11.44   0.48   0.09   -0.031 -0.080 -0.032 -0.158
   24      1.94  34.83  82.15   5.56   0.51   0.06   -0.065 -0.012  0.133 -0.142
   25     48.60 -45.89  23.64  22.13   0.10   0.28    0.001  0.083 -0.125  0.131
   26     27.57 -70.34  -3.80  10.35   0.12   0.01   -0.026  0.106 -0.120  0.051
   27      0.17  -0.61  49.43  13.20   0.36   0.11   -0.029  0.073 -0.118  0.102
   28     59.07  37.64  76.24  11.45   0.66   0.38   -0.035  0.041  0.024 -0.051
   29     20.16-148.87 -12.78  15.00   0.58   0.96   -0.040 -0.045  0.049  0.196
   30      2.88  36.01  76.69  13.50   0.72   0.47   -0.023  0.117 -0.080  0.101
   31     20.97  36.50  77.38  14.22   0.76   0.47   -0.032 -0.065 -0.057  0.021
   32     50.77  36.89  77.04  15.29   0.30   0.14   -0.028 -0.019 -0.062 -0.011
   33      0.78  37.26  76.16  15.63   0.29   0.23   -0.021  0.004 -0.054  0.031
   34     55.39 -16.98  34.89  24.55   0.09   0.22   -0.009  0.130 -0.037  0.049
   35     39.19 -71.64  -8.44   3.40   0.22   0.05   -0.014  0.276  0.040  0.002
   36     59.07  36.57  77.84  15.17   0.57   0.43   -0.026  0.008 -0.047  0.071
   37      5.57  31.35  50.17  14.83   0.20   0.06   -0.029 -0.014 -0.043 -0.074
   38     46.46  73.21  72.99  17.02   0.41   0.44   -0.043 -0.009  0.019  0.124
   39     14.05   0.73  26.15   3.98   0.13  -0.19   -0.050  0.047 -0.074  0.076
   40     14.57 -41.91  13.94  16.80   0.25   0.11   -0.030  0.041 -0.010  0.004
   41     56.35  34.84  78.99   5.11   0.14  -0.02   -0.047 -0.020 -0.126  0.012
   42     34.29  -3.99  46.27  18.01   0.16   0.12   -0.015  0.103 -0.036  0.008
   43     24.58-110.46 -39.29   5.11   0.35   0.08   -0.017  0.297  0.097 -0.095
   44     49.65  30.35  50.49   8.31   0.06  -0.13   -0.048  0.020 -0.054  0.008
   45     41.17-145.08  45.53  18.54   0.59   0.95   -0.032 -0.047  0.111  0.243
   46     34.08 -57.56  -0.87  16.21   0.17   0.17   -0.021  0.076 -0.092  0.112
   47      0.99  10.61  80.48  21.86   0.73   0.66   -0.007  0.118 -0.083 -0.036
   48     37.19  10.61  81.58  23.46   0.16   0.35   -0.006  0.125  0.009 -0.044
   49     35.68  54.65  84.56  22.53   0.27   0.29   -0.022 -0.105 -0.021 -0.072
   50     36.06-102.58 -35.62  15.40   0.47   0.58   -0.035  0.071 -0.025  0.095
   51     53.15-101.26 -54.70   9.13   0.80   0.78   -0.050  0.116 -0.029 -0.172
   52     43.16-115.43  43.18  15.37   0.49   0.72   -0.039 -0.013  0.222 -0.126
   53      0.99  10.60  80.64  21.30   0.70   0.68   -0.008  0.109 -0.035 -0.001
   54      3.13 -83.68 322.78  15.63   0.48   2.05   -0.268 -0.007 -0.034  0.026
   55      3.29 -89.78 304.28   0.43   0.43   2.07   -0.214  0.051 -0.010  0.035
   56     44.87  35.98  67.62  14.94   0.70   0.44   -0.030  0.005 -0.113 -0.057
   57     47.15 -84.63 154.64  15.61   0.73   1.94   -0.053  0.082  0.093  0.005
   58     45.56 -81.02 150.74  15.09   0.97   1.50   -0.037  0.111  0.106 -0.007
   59      8.48 -82.38   0.34   2.89   0.74   0.20   -0.022  0.072  0.003  0.195
   60      3.54-110.51-118.42   3.37   1.33   1.33   -0.056  0.204  0.303 -0.328
   61      0.53-130.14 -55.03   0.20   0.64   0.14   -0.074 -0.095 -0.019  0.086
   62     20.06  19.42 152.57  15.50   1.05   1.05   -0.036  0.147 -0.079 -0.100
   63     18.78 -47.17  29.81  20.28   0.22   0.26   -0.018  0.098 -0.093  0.185
   64      4.75-163.44 183.56   8.01   0.94   2.64   -0.055  0.484  0.564  0.006
   65     23.39 -47.94  20.54  15.59   0.12   0.08   -0.009  0.124 -0.101  0.094
   66     32.77-152.39  43.05  18.22   0.39   0.85   -0.033 -0.093  0.201  0.316
   67     41.88 -37.19  -5.03  19.20   0.26   0.34   -0.019  0.118 -0.120  0.003
   68     14.15  50.85 105.84  20.46   0.40   0.66   -0.050  0.074  0.175  0.055
   69     48.30-214.97-349.14  73.50   0.00   0.00    0.000  0.000  0.000  0.000
   70      5.46  33.75  96.78  19.29   0.77   0.76   -0.035  0.052  0.039 -0.014
   71      4.05   6.19  56.66   1.13   0.60  -0.22   -0.054  0.061 -0.022 -0.174
   72     56.51 132.68-297.79  96.99   9.34   3.06   -0.294 -0.019  0.025 -0.007
   73     12.88  50.44  81.86  23.09   0.52   0.65   -0.022  0.042 -0.042 -0.006
   74     36.17-102.43  70.25  21.99   0.35   0.64   -0.032  0.013  0.066  0.191
   75     46.63-107.82   2.69   0.17   1.10   0.37   -0.074 -0.236  0.231  0.062
   76     54.60-217.19 302.17   0.10   0.00   0.00    0.000  0.000  0.000  0.000
   77     44.07  50.95  93.75  16.86   0.34   0.48   -0.034  0.029  0.017  0.057
   78     41.77  38.40  66.40  21.99   0.42   0.40   -0.027  0.031 -0.103 -0.009
   79     58.56 -69.65  -4.53   0.29   0.54   0.04   -0.036  0.121 -0.069  0.191
   80     26.67 -70.08  -5.91   0.37   0.49   0.08   -0.034  0.056 -0.109  0.262
   81     26.86 -70.01  -4.67   0.24   0.58   0.09   -0.038  0.112 -0.090  0.134
   82     23.25 -69.98  -4.54   0.29   0.47  -0.13   -0.045  0.133 -0.077  0.178
   83     23.18 -70.97  -6.07   6.65   0.15  -0.02   -0.021  0.210  0.065  0.048
   84     21.20 -43.25   8.69  21.03   0.07   0.21   -0.004  0.127 -0.122  0.027
   85     24.55-167.49 -46.36  10.87   0.84   1.17   -0.050 -0.025  0.060 -0.025
   86     44.08 -12.26  30.11  18.17   0.21   0.17   -0.023  0.075 -0.126  0.065
   87     28.76 -61.55   7.01   2.60   0.19  -0.02   -0.043  0.105 -0.131  0.005
   88     38.06-103.74 -28.15   8.24   0.47   0.23   -0.040  0.118 -0.033 -0.159
   89     47.77-141.84  89.50  20.51   0.72   1.17   -0.028 -0.047  0.125  0.307
   90     48.27-139.87  88.23  20.42   0.66   1.09   -0.034 -0.051  0.187  0.319
   91     34.05  33.55  85.16  19.70   0.58   0.58   -0.050  0.090  0.019  0.204

 A V E R A G E   of ADJUSTMENTS :                    -0.042  0.040  0.007  0.041
 A V E R A G E   of ABSOLUTE ADJUSTMENTS :            0.042  0.082  0.077  0.093


 Step length damping of 0.10623 was applied.


 Velocity adjustments:
     vp    dvp      hp   reflector
 Velocity model   1
   5.108  0.008   -5.000      
   6.207 -0.043    4.030      
   6.312 -0.008    9.020      
   6.694 -0.056   14.750      
   6.935 -0.035   23.950      
   7.122 -0.018   26.100      
   7.422  0.092   33.260      
   8.468  0.028   39.790      
   8.770 -0.200   41.360      

 Calculation of average velocity starts at layer #           1
 z = -5.00 ...  4.03    v = 5.11    AVEL = 5.11 downto z =   4.03
 z =  4.03 ...  9.02    v = 6.21    AVEL = 5.50 downto z =   9.02
 z =  9.02 ... 14.75    v = 6.31    AVEL = 5.74 downto z =  14.75
 z = 14.75 ... 23.95    v = 6.69    AVEL = 6.04 downto z =  23.95
 z = 23.95 ... 26.10    v = 6.94    AVEL = 6.10 downto z =  26.10
 z = 26.10 ... 33.26    v = 7.12    AVEL = 6.29 downto z =  33.26
 z = 33.26 ... 39.79    v = 7.42    AVEL = 6.46 downto z =  39.79
 z = 39.79 ... 41.36    v = 8.47    AVEL = 6.53 downto z =  41.36


 Calculation of average velocity starts at layer #           2
 z =  4.03 ...  9.02    v = 6.21    AVEL = 6.21 downto z =   9.02
 z =  9.02 ... 14.75    v = 6.31    AVEL = 6.26 downto z =  14.75
 z = 14.75 ... 23.95    v = 6.69    AVEL = 6.46 downto z =  23.95
 z = 23.95 ... 26.10    v = 6.94    AVEL = 6.51 downto z =  26.10
 z = 26.10 ... 33.26    v = 7.12    AVEL = 6.66 downto z =  33.26
 z = 33.26 ... 39.79    v = 7.42    AVEL = 6.80 downto z =  39.79
 z = 39.79 ... 41.36    v = 8.47    AVEL = 6.87 downto z =  41.36



 Adjusted station corrections:
   stn  ptcor  dpcor  
  624   0.000  0.000  628  -0.031 -0.031  630  -0.023 -0.023  627   0.008  0.008
  621   0.012  0.012  629   0.010  0.010  622   0.013  0.013  620   0.008  0.008
  623   0.029  0.029  626   0.017  0.017  625   0.014  0.014  631   0.032  0.032
  632  -0.012 -0.012

 ~~~ another iteration? ...



--------------------------------------------------------------------------------



           ITERATION no  2

 ~~~ set units for this iteration ...
 ~~~ determine number of unknowns for this iter. ...

 Number of unknowns (for array-indexing):  nvar =  385
 Number of effective unknowns        :  nvareff =  386
 Number of elements on/below main diagonal of matrix G = At*A : kvar =   74305

 Damping factors to be used in this iteration:
   Othet=   0.010   XYthet  =   0.010   Zthet=  0.010
 STAthet=   0.010   Vthet   =   1.000

 ~~~ damp G ...
 ~~~ solve G * b = RHT ...
 ~~~ fix units ...
 ~~~ apply eventually step-length damping ...
 ~~~ adjust model (hypocenters, stacorr & veloc.) ...

 doing velocity adjustments now...

 doing station-correction adjustments...

 ~~~ compute effective step-length ...

 (Applied) Step length =   2.004

 ~~~ set units for next iteration ...
 ~~~ determine number of unknowns for next iter. ...

 Number of unknowns (for array-indexing):  nvar =  385
 Number of effective unknowns        :  nvareff =  386
 Number of elements on/below main diagonal of matrix G = At*A : kvar =   74305

 ~~~ reset G and RHT ...
 ~~~ raytracing, setup G ...
 ~~~ store parts of G ...
 ~~~ set units back for current iteration ...
 ~~~ determine number of unknowns for this iter. ...

 Number of unknowns (for array-indexing):  nvar =  385
 Number of effective unknowns        :  nvareff =  386
 Number of elements on/below main diagonal of matrix G = At*A : kvar =   74305

 ~~~ compute RMS and DATVAR ...

 $$$$$$$$$$$$$$$$$$$$$$$$$$$$$$$$$$$$$$$$$$$$$$$$$
 Events with  | AVRES | > 1.0 SEC are suspicious !

 Event#   7 >>>  160823 0652  AVRES =  1.28 NOBS =  6
 Event#  10 >>>  160920 1607  AVRES =  2.94 NOBS =  2
 Event#  11 >>>  160925 1911  AVRES =  2.67 NOBS =  2
 Event#  54 >>>  170407 1729  AVRES =  1.82 NOBS =  2
 Event#  55 >>>  170407 1729  AVRES =  1.84 NOBS =  5
 Event#  57 >>>  170409 0856  AVRES =  1.73 NOBS =  6
 Event#  58 >>>  170409 0902  AVRES =  1.33 NOBS =  7
 Event#  60 >>>  170410 1813  AVRES =  1.19 NOBS = 13
 Event#  64 >>>  170414 0540  AVRES =  2.35 NOBS = 11
 Event#  72 >>>  170418 1005  AVRES =  2.69 NOBS =  1
 Event#  85 >>>  170426 1834  AVRES =  1.04 NOBS =  8
 Event#  89 >>>  170427 2010  AVRES =  1.05 NOBS =  8

 ^^^^^^^^^ C H E C K   these events above ^^^^^^^^
 $$$$$$$$$$$$$$$$$$$$$$$$$$$$$$$$$$$$$$$$$$$$$$$$$

 ~~~ check solution (better? worse?) ...

 Iteration nr  2 obtained:
 DATVAR=    1.155745 mean sqrd residual=     0.498724  RMS RESIDUAL=     0.706204

 After  2 iterations we got:
 Average absolute & unweighted [and mean] residual of
   365 straight and direct rays =  0.26266 [  0.18887]
   314 refracted           rays =  0.88084 [  0.78458]
     0 reflected           rays =  0.00000 [  0.00000]

   679 ALL                 RAYS =  0.54854 [  0.46435]      -10.32 %

 ~~~ iteration done; output results ...

  eq       ot     x      y      z      rms    avres   dot     dx     dy     dz
    1      9.02  38.59 112.05  23.31   0.20   0.42   -0.040 -0.007  0.063  0.099
    2      9.21  38.01 110.71  23.08   0.21   0.41   -0.041  0.018  0.076  0.102
    3     27.21-130.22  -8.27  12.20   0.56   0.68   -0.044 -0.115  0.168  0.059
    4     15.59-131.21  -6.71  10.85   0.65   0.64   -0.055 -0.112  0.112 -0.078
    5     45.65 -40.24  38.70  23.84   0.13   0.24   -0.027  0.045 -0.065  0.031
    6     49.46 -36.66  40.65  16.88   0.11   0.08   -0.021  0.118 -0.036  0.187
    7     13.87-134.87-119.08   5.98   1.10   1.28   -0.063  0.167 -0.015 -0.198
    8     30.32-140.97 -43.80   8.73   0.69   0.94   -0.040 -0.058  0.030  0.069
    9     39.63  10.88  56.58  12.10   0.08  -0.08   -0.035 -0.010 -0.050 -0.002
   10     18.20 -87.51-308.27  16.21   1.02   2.94   -0.055 -0.232  0.018  0.005
   11      5.42 -62.81-309.65  15.62   1.23   2.67   -0.093 -0.290 -0.003  0.009
   12     51.15  35.02  94.54  15.67   0.17   0.27   -0.021 -0.026 -0.039  0.038
   13     46.82  33.48  98.00  19.33   0.24   0.39   -0.038  0.063  0.065  0.169
   14     55.82  33.47  97.48  14.13   0.57   0.35   -0.039  0.057 -0.024  0.115
   15     44.62  34.09  97.42  17.63   0.64   0.57   -0.038  0.031  0.058  0.218
   16     44.80  35.04  96.06  18.83   0.69   0.59   -0.047 -0.015  0.162  0.110
   17     22.01  -0.95  82.48  18.72   0.43   0.33   -0.041  0.032  0.064  0.104
   18     36.42 -33.96   4.49  11.51   0.15   0.03   -0.036  0.079  0.013  0.151
   19     33.24  41.38  64.06  10.17   0.13  -0.00   -0.029 -0.035 -0.048  0.034
   20     45.91  37.76  85.21  16.33   0.25   0.32   -0.044 -0.047  0.033  0.057
   21     34.04  36.52  82.74  14.32   0.48   0.22   -0.029 -0.003 -0.029 -0.096
   22     25.84  35.68  85.31  13.36   0.31   0.12   -0.028 -0.046 -0.029 -0.036
   23     15.84  35.31  86.30  11.28   0.45   0.08   -0.028 -0.083 -0.029 -0.167
   24      1.87  34.80  82.29   5.41   0.49   0.06   -0.063 -0.021  0.143 -0.147
   25     48.60 -45.81  23.52  22.26   0.09   0.24    0.002  0.081 -0.125  0.134
   26     27.55 -70.23  -3.91  10.39   0.11   0.01   -0.022  0.112 -0.107  0.041
   27      0.14  -0.54  49.31  13.29   0.31   0.10   -0.026  0.070 -0.117  0.090
   28     59.03  37.67  76.26  11.39   0.59   0.34   -0.032  0.034  0.027 -0.062
   29     20.13-148.91 -12.72  15.19   0.52   0.86   -0.035 -0.039  0.060  0.190
   30      2.86  36.13  76.61  13.60   0.66   0.42   -0.020  0.112 -0.083  0.094
   31     20.94  36.43  77.33  14.23   0.69   0.42   -0.029 -0.071 -0.056  0.011
   32     50.75  36.87  76.98  15.27   0.27   0.13   -0.025 -0.021 -0.061 -0.016
   33      0.76  37.26  76.10  15.66   0.26   0.20   -0.019  0.003 -0.053  0.031
   34     55.38 -16.85  34.86  24.60   0.08   0.20   -0.008  0.128 -0.033  0.047
   35     39.18 -71.35  -8.38   3.40   0.21   0.05   -0.010  0.284  0.055  0.001
   36     59.05  36.58  77.79  15.23   0.51   0.38   -0.022  0.005 -0.048  0.057
   37      5.55  31.33  50.13  14.74   0.19   0.06   -0.026 -0.018 -0.041 -0.083
   38     46.42  73.19  73.02  17.14   0.38   0.39   -0.039 -0.017  0.022  0.116
   39     14.00   0.78  26.10   3.98   0.12  -0.16   -0.053  0.043 -0.052  0.006
   40     14.54 -41.88  13.93  16.81   0.23   0.10   -0.029  0.034 -0.012  0.002
   41     56.31  34.82  78.86   5.13   0.12  -0.01   -0.043 -0.026 -0.128  0.014
   42     34.27  -3.89  46.24  18.01   0.14   0.11   -0.013  0.097 -0.034  0.001
   43     24.57-110.14 -39.19   5.00   0.33   0.07   -0.010  0.325  0.105 -0.107
   44     49.61  30.37  50.44   8.31   0.05  -0.11   -0.044  0.020 -0.054 -0.001
   45     41.14-145.12  45.64  18.78   0.53   0.85   -0.028 -0.034  0.116  0.235
   46     34.06 -57.48  -0.96  16.31   0.15   0.15   -0.018  0.079 -0.082  0.098
   47      0.99  10.71  80.40  21.83   0.66   0.58   -0.005  0.104 -0.076 -0.038
   48     37.19  10.72  81.59  23.44   0.14   0.31   -0.006  0.112  0.009 -0.018
   49     35.66  54.55  84.53  22.47   0.24   0.25   -0.020 -0.106 -0.025 -0.053
   50     36.03-102.50 -35.64  15.47   0.42   0.51   -0.030  0.080 -0.015  0.073
   51     53.11-101.14 -54.71   8.96   0.73   0.70   -0.043  0.117 -0.008 -0.169
   52     43.13-115.44  43.41  15.22   0.44   0.64   -0.036 -0.010  0.228 -0.150
   53      0.99  10.69  80.61  21.29   0.63   0.61   -0.007  0.096 -0.027 -0.004
   54      2.85 -83.69 322.74  15.65   0.45   1.82   -0.281 -0.008 -0.036  0.027
   55      3.06 -89.73 304.27   0.47   0.37   1.84   -0.222  0.055 -0.010  0.035
   56     44.84  35.98  67.51  14.87   0.63   0.39   -0.026 -0.002 -0.111 -0.074
   57     47.09 -84.56 154.73  15.61   0.67   1.73   -0.054  0.068  0.096  0.005
   58     45.53 -80.91 150.86  15.10   0.88   1.33   -0.036  0.108  0.115  0.006
   59      8.46 -82.31   0.35   3.10   0.70   0.18   -0.018  0.078  0.009  0.201
   60      3.49-110.30-118.13   3.05   1.22   1.19   -0.052  0.211  0.290 -0.324
   61      0.46-130.26 -55.05   0.31   0.60   0.12   -0.068 -0.116 -0.019  0.115
   62     20.03  19.57 152.49  15.41   0.96   0.94   -0.033  0.143 -0.078 -0.091
   63     18.77 -47.08  29.72  20.47   0.19   0.23   -0.016  0.095 -0.090  0.180
   64      4.68-162.93 184.16   8.01   0.87   2.35   -0.062  0.510  0.601  0.007
   65     23.38 -47.82  20.44  15.69   0.10   0.07   -0.008  0.120 -0.097  0.095
   66     32.74-152.48  43.26  18.53   0.36   0.75   -0.030 -0.087  0.207  0.313
   67     41.87 -37.08  -5.15  19.14   0.24   0.30   -0.012  0.109 -0.117 -0.064
   68     14.10  50.92 106.02  20.52   0.37   0.59   -0.049  0.072  0.175  0.067
   69     48.30-214.97-349.14  73.50   0.00   0.00    0.000  0.000  0.000  0.000
   70      5.43  33.80  96.82  19.28   0.70   0.67   -0.033  0.045  0.037 -0.004
   71      4.00   6.24  56.65   0.96   0.58  -0.19   -0.048  0.054 -0.016 -0.169
   72     56.18 132.66-297.76  96.98   7.24   2.69   -0.324 -0.022  0.029 -0.008
   73     12.86  50.49  81.79  23.09   0.46   0.58   -0.017  0.047 -0.072 -0.004
   74     36.14-102.39  70.32  22.17   0.33   0.57   -0.028  0.042  0.074  0.178
   75     46.56-108.05   2.92   0.23   1.06   0.33   -0.070 -0.230  0.237  0.055
   76     54.60-217.19 302.17   0.10   0.00   0.00    0.000  0.000  0.000  0.000
   77     44.04  50.98  93.77  16.91   0.31   0.42   -0.031  0.026  0.018  0.049
   78     41.75  38.42  66.29  21.97   0.38   0.36   -0.023  0.023 -0.109 -0.020
   79     58.54 -69.53  -4.59   0.50   0.51   0.04   -0.029  0.124 -0.060  0.207
   80     26.63 -69.96  -6.01   0.48   0.46   0.07   -0.038  0.124 -0.102  0.105
   81     26.83 -69.89  -4.75   0.39   0.54   0.08   -0.031  0.116 -0.080  0.148
   82     23.22 -69.85  -4.61   0.48   0.44  -0.12   -0.038  0.135 -0.067  0.195
   83     23.16 -70.78  -6.05   6.64   0.13  -0.02   -0.018  0.191  0.023 -0.008
   84     21.19 -43.13   8.57  21.06   0.06   0.18   -0.004  0.129 -0.128  0.030
   85     24.50-167.52 -46.29  10.86   0.76   1.04   -0.048 -0.031  0.064 -0.016
   86     44.06 -12.19  29.99  18.22   0.18   0.15   -0.021  0.071 -0.119  0.058
   87     28.72 -61.44   6.89   2.61   0.15  -0.02   -0.040  0.108 -0.125  0.004
   88     38.02-103.65 -28.17   8.13   0.42   0.21   -0.035  0.095 -0.018 -0.110
   89     47.75-141.90  89.63  20.81   0.64   1.05   -0.025 -0.058  0.131  0.305
   90     48.24-139.91  88.41  20.74   0.59   0.98   -0.031 -0.045  0.183  0.319
   91     34.00  33.67  85.22  19.83   0.52   0.52   -0.049  0.123  0.065  0.124

 A V E R A G E   of ADJUSTMENTS :                    -0.040  0.039  0.010  0.036
 A V E R A G E   of ABSOLUTE ADJUSTMENTS :            0.040  0.084  0.077  0.087


 Step length damping of 0.11559 was applied.


 Velocity adjustments:
     vp    dvp      hp   reflector
 Velocity model   1
   5.124  0.015   -5.000      
   6.164 -0.043    4.030      
   6.302 -0.011    9.020      
   6.641 -0.053   14.750      
   6.891 -0.044   23.950      
   7.100 -0.022   26.100      
   7.505  0.083   33.260      
   8.500  0.031   39.790      
   8.570 -0.200   41.360      

 Calculation of average velocity starts at layer #           1
 z = -5.00 ...  4.03    v = 5.12    AVEL = 5.12 downto z =   4.03
 z =  4.03 ...  9.02    v = 6.16    AVEL = 5.49 downto z =   9.02
 z =  9.02 ... 14.75    v = 6.30    AVEL = 5.73 downto z =  14.75
 z = 14.75 ... 23.95    v = 6.64    AVEL = 6.02 downto z =  23.95
 z = 23.95 ... 26.10    v = 6.89    AVEL = 6.08 downto z =  26.10
 z = 26.10 ... 33.26    v = 7.10    AVEL = 6.27 downto z =  33.26
 z = 33.26 ... 39.79    v = 7.51    AVEL = 6.45 downto z =  39.79
 z = 39.79 ... 41.36    v = 8.50    AVEL = 6.52 downto z =  41.36


 Calculation of average velocity starts at layer #           2
 z =  4.03 ...  9.02    v = 6.16    AVEL = 6.16 downto z =   9.02
 z =  9.02 ... 14.75    v = 6.30    AVEL = 6.24 downto z =  14.75
 z = 14.75 ... 23.95    v = 6.64    AVEL = 6.42 downto z =  23.95
 z = 23.95 ... 26.10    v = 6.89    AVEL = 6.47 downto z =  26.10
 z = 26.10 ... 33.26    v = 7.10    AVEL = 6.62 downto z =  33.26
 z = 33.26 ... 39.79    v = 7.51    AVEL = 6.78 downto z =  39.79
 z = 39.79 ... 41.36    v = 8.50    AVEL = 6.86 downto z =  41.36



 Adjusted station corrections:
   stn  ptcor  dpcor  
  624   0.000  0.000  628  -0.061 -0.031  630  -0.046 -0.023  627   0.014  0.007
  621   0.023  0.011  629   0.022  0.011  622   0.024  0.011  620   0.015  0.006
  623   0.056  0.027  626   0.032  0.015  625   0.027  0.013  631   0.061  0.028
  632  -0.027 -0.015

 ~~~ another iteration? ...



--------------------------------------------------------------------------------



           ITERATION no  3

 ~~~ set units for this iteration ...
 ~~~ determine number of unknowns for this iter. ...

 Number of unknowns (for array-indexing):  nvar =  385
 Number of effective unknowns        :  nvareff =  386
 Number of elements on/below main diagonal of matrix G = At*A : kvar =   74305

 Damping factors to be used in this iteration:
   Othet=   0.010   XYthet  =   0.010   Zthet=  0.010
 STAthet=   0.010   Vthet   =   1.000

 ~~~ damp G ...
 ~~~ solve G * b = RHT ...
 ~~~ fix units ...
 ~~~ apply eventually step-length damping ...
 ~~~ adjust model (hypocenters, stacorr & veloc.) ...

 doing velocity adjustments now...
 WARNING: Tried to introduce a low-velocity-layer! (Layer  9)
 Setting DVP from -0.20 to 0.0 and VP to vp(layer_above)+0.001

 doing station-correction adjustments...

 ~~~ compute effective step-length ...

 (Applied) Step length =   1.965

 ~~~ set units for next iteration ...
 ~~~ determine number of unknowns for next iter. ...

 Number of unknowns (for array-indexing):  nvar =  385
 Number of effective unknowns        :  nvareff =  386
 Number of elements on/below main diagonal of matrix G = At*A : kvar =   74305

 ~~~ reset G and RHT ...
 ~~~ raytracing, setup G ...
 ~~~ store parts of G ...
 ~~~ set units back for current iteration ...
 ~~~ determine number of unknowns for this iter. ...

 Number of unknowns (for array-indexing):  nvar =  385
 Number of effective unknowns        :  nvareff =  386
 Number of elements on/below main diagonal of matrix G = At*A : kvar =   74305

 ~~~ compute RMS and DATVAR ...

 $$$$$$$$$$$$$$$$$$$$$$$$$$$$$$$$$$$$$$$$$$$$$$$$$
 Events with  | AVRES | > 1.0 SEC are suspicious !

 Event#   7 >>>  160823 0652  AVRES =  1.25 NOBS =  6
 Event#  10 >>>  160920 1607  AVRES =  2.90 NOBS =  2
 Event#  11 >>>  160925 1911  AVRES =  2.66 NOBS =  2
 Event#  54 >>>  170407 1729  AVRES =  1.98 NOBS =  2
 Event#  55 >>>  170407 1729  AVRES =  1.95 NOBS =  5
 Event#  57 >>>  170409 0856  AVRES =  1.69 NOBS =  6
 Event#  58 >>>  170409 0902  AVRES =  1.28 NOBS =  7
 Event#  60 >>>  170410 1813  AVRES =  1.14 NOBS = 13
 Event#  64 >>>  170414 0540  AVRES =  2.31 NOBS = 11
 Event#  72 >>>  170418 1005  AVRES =  2.86 NOBS =  1
 Event#  89 >>>  170427 2010  AVRES =  1.02 NOBS =  8

 ^^^^^^^^^ C H E C K   these events above ^^^^^^^^
 $$$$$$$$$$$$$$$$$$$$$$$$$$$$$$$$$$$$$$$$$$$$$$$$$

 ~~~ check solution (better? worse?) ...

 Iteration nr  3 obtained:
 DATVAR=    1.115413 mean sqrd residual=     0.481320  RMS RESIDUAL=     0.693772

 After  3 iterations we got:
 Average absolute & unweighted [and mean] residual of
   364 straight and direct rays =  0.23138 [  0.16396]
   315 refracted           rays =  0.85168 [  0.75786]
     0 reflected           rays =  0.00000 [  0.00000]

   679 ALL                 RAYS =  0.51915 [  0.43948]       -5.36 %

 ~~~ iteration done; output results ...

  eq       ot     x      y      z      rms    avres   dot     dx     dy     dz
    1      8.98  38.56 112.11  23.36   0.19   0.38   -0.033 -0.032  0.054  0.042
    2      9.18  38.01 110.78  23.14   0.20   0.37   -0.036 -0.002  0.069  0.062
    3     27.16-130.33  -8.11  12.20   0.54   0.63   -0.050 -0.109  0.154 -0.004
    4     15.53-131.30  -6.60  10.70   0.62   0.59   -0.058 -0.089  0.107 -0.151
    5     45.62 -40.20  38.64  23.87   0.11   0.21   -0.026  0.042 -0.057  0.024
    6     49.43 -36.56  40.62  17.07   0.10   0.07   -0.026  0.103 -0.037  0.193
    7     13.81-134.66-119.16   5.85   1.08   1.25   -0.062  0.217 -0.082 -0.129
    8     30.28-141.01 -43.78   8.81   0.69   0.89   -0.039 -0.033  0.025  0.085
    9     39.59  10.87  56.53  12.13   0.07  -0.07   -0.039 -0.008 -0.055  0.036
   10     18.12 -87.76-308.25  16.22   1.00   2.90   -0.075 -0.254  0.022  0.007
   11      5.31 -63.13-309.65  15.63   1.21   2.66   -0.110 -0.320 -0.002  0.010
   12     51.13  34.98  94.51  15.71   0.15   0.24   -0.022 -0.032 -0.038  0.041
   13     46.79  33.53  98.04  19.50   0.23   0.36   -0.035  0.047  0.042  0.162
   14     55.78  33.52  97.43  14.22   0.56   0.33   -0.039  0.044 -0.051  0.090
   15     44.59  34.14  97.49  17.81   0.64   0.54   -0.036  0.049  0.067  0.181
   16     44.76  35.00  96.20  18.92   0.67   0.56   -0.045 -0.037  0.141  0.098
   17     21.98  -0.92  82.52  18.79   0.42   0.31   -0.038  0.025  0.045  0.071
   18     36.39 -33.85   4.53  11.66   0.13   0.03   -0.036  0.115  0.046  0.153
   19     33.21  41.29  64.02  10.18   0.12  -0.00   -0.026 -0.083 -0.043  0.010
   20     45.87  37.71  85.23  16.34   0.24   0.30   -0.040 -0.051  0.022  0.010
   21     34.01  36.50  82.69  14.21   0.45   0.19   -0.028 -0.018 -0.045 -0.107
   22     25.81  35.59  85.28  13.31   0.28   0.10   -0.031 -0.088 -0.031 -0.057
   23     15.81  35.19  86.25  11.12   0.42   0.07   -0.031 -0.120 -0.058 -0.156
   24      1.82  34.79  82.41   5.36   0.46   0.05   -0.051 -0.015  0.119 -0.051
   25     48.60 -45.74  23.40  22.41   0.09   0.21   -0.004  0.068 -0.117  0.142
   26     27.52 -70.12  -4.05  10.49   0.09   0.01   -0.032  0.112 -0.138  0.096
   27      0.12  -0.49  49.19  13.38   0.27   0.08   -0.029  0.053 -0.119  0.090
   28     59.00  37.65  76.25  11.29   0.56   0.32   -0.032 -0.020 -0.009 -0.093
   29     20.10-148.93 -12.65  15.34   0.52   0.81   -0.030 -0.024  0.070  0.153
   30      2.84  36.20  76.50  13.65   0.63   0.39   -0.019  0.076 -0.107  0.059
   31     20.91  36.34  77.26  14.22   0.68   0.40   -0.028 -0.089 -0.067 -0.010
   32     50.72  36.83  76.92  15.25   0.24   0.11   -0.025 -0.039 -0.064 -0.020
   33      0.74  37.26  76.04  15.70   0.23   0.18   -0.018 -0.005 -0.067  0.033
   34     55.37 -16.74  34.82  24.64   0.07   0.17   -0.009  0.112 -0.033  0.042
   35     39.17 -71.11  -8.34   3.40   0.20   0.04   -0.003  0.239  0.049  0.000
   36     59.03  36.57  77.72  15.25   0.49   0.35   -0.020 -0.006 -0.068  0.027
   37      5.52  31.27  50.09  14.62   0.17   0.05   -0.028 -0.063 -0.041 -0.124
   38     46.39  73.15  73.03  17.23   0.36   0.35   -0.031 -0.047  0.012  0.086
   39     13.95   0.81  26.05   3.99   0.11  -0.14   -0.043  0.036 -0.047  0.005
   40     14.51 -41.85  13.92  16.81   0.21   0.08   -0.032  0.024 -0.004  0.006
   41     56.28  34.80  78.74   5.26   0.11  -0.01   -0.031 -0.021 -0.117  0.133
   42     34.26  -3.81  46.20  18.02   0.13   0.09   -0.016  0.080 -0.039  0.008
   43     24.56-109.86 -39.07   4.88   0.31   0.06   -0.008  0.278  0.119 -0.120
   44     49.57  30.35  50.39   8.37   0.05  -0.10   -0.037 -0.028 -0.049  0.067
   45     41.12-145.14  45.74  18.98   0.52   0.81   -0.024 -0.019  0.098  0.200
   46     34.04 -57.40  -1.03  16.41   0.13   0.14   -0.023  0.071 -0.069  0.099
   47      0.98  10.78  80.34  21.79   0.66   0.54   -0.007  0.068 -0.066 -0.034
   48     37.18  10.80  81.59  23.47   0.12   0.27   -0.010  0.077  0.003  0.033
   49     35.64  54.43  84.50  22.47   0.22   0.22   -0.020 -0.113 -0.034 -0.008
   50     36.01-102.40 -35.67  15.47   0.40   0.47   -0.025  0.102 -0.035  0.007
   51     53.06-100.95 -54.70   8.72   0.72   0.65   -0.047  0.189  0.009 -0.236
   52     43.09-115.45  43.61  15.03   0.43   0.57   -0.033 -0.014  0.198 -0.196
   53      0.98  10.75  80.59  21.29   0.63   0.56   -0.009  0.061 -0.019 -0.004
   54      2.56 -83.69 322.70  15.68   0.44   1.98   -0.293 -0.007 -0.038  0.028
   55      2.83 -89.68 304.25   0.51   0.35   1.95   -0.235  0.053 -0.013  0.037
   56     44.82  35.97  67.39  14.77   0.62   0.37   -0.024 -0.012 -0.117 -0.100
   57     47.04 -84.54 154.82  15.62   0.65   1.69   -0.055  0.017  0.085  0.005
   58     45.50 -80.76 151.03  15.25   0.87   1.28   -0.028  0.153  0.175  0.153
   59      8.45 -82.23   0.36   3.28   0.65   0.15   -0.012  0.081  0.015  0.185
   60      3.45-110.10-117.86   2.77   1.21   1.14   -0.044  0.206  0.276 -0.276
   61      0.40-130.38 -55.03   0.46   0.56   0.10   -0.060 -0.124  0.014  0.153
   62     20.00  19.69 152.42  15.35   0.95   0.87   -0.028  0.125 -0.068 -0.058
   63     18.75 -47.01  29.64  20.63   0.16   0.20   -0.020  0.074 -0.085  0.169
   64      4.60-162.43 184.76   8.02   0.83   2.31   -0.078  0.496  0.598  0.009
   65     23.37 -47.72  20.36  15.80   0.09   0.06   -0.017  0.100 -0.089  0.109
   66     32.71-152.56  43.44  18.81   0.36   0.70   -0.026 -0.082  0.181  0.281
   67     41.85 -36.99  -5.25  19.08   0.22   0.27   -0.015  0.094 -0.107 -0.062
   68     14.05  50.98 106.18  20.61   0.37   0.54   -0.047  0.060  0.158  0.085
   69     48.30-214.97-349.14  73.50   0.00   0.00    0.000  0.000  0.000  0.000
   70      5.40  33.83  96.85  19.30   0.69   0.63   -0.032  0.031  0.030  0.018
   71      3.96   6.28  56.62   0.76   0.57  -0.17   -0.037  0.037 -0.030 -0.195
   72     55.80 132.63-297.73  96.97   8.17   2.86   -0.381 -0.026  0.034 -0.010
   73     12.85  50.51  81.69  23.10   0.46   0.54   -0.014  0.019 -0.095  0.007
   74     36.11-102.32  70.40  22.32   0.35   0.53   -0.026  0.071  0.079  0.147
   75     46.49-108.26   3.16   0.22   1.05   0.30   -0.064 -0.203  0.239 -0.004
   76     54.60-217.19 302.17   0.10   0.00   0.00    0.000  0.000  0.000  0.000
   77     44.01  50.99  93.78  16.94   0.30   0.39   -0.028  0.008  0.011  0.033
   78     41.73  38.42  66.17  21.94   0.37   0.33   -0.019  0.003 -0.124 -0.033
   79     58.51 -69.43  -4.64   0.66   0.48   0.03   -0.022  0.102 -0.051  0.167
   80     26.61 -69.92  -6.10   0.73   0.42   0.06   -0.020  0.037 -0.087  0.249
   81     26.81 -69.80  -4.82   0.50   0.51   0.07   -0.024  0.093 -0.070  0.112
   82     23.18 -69.74  -4.67   0.63   0.41  -0.10   -0.031  0.111 -0.061  0.143
   83     23.15 -70.61  -6.00   6.71   0.11  -0.01   -0.014  0.172  0.053  0.071
   84     21.18 -43.01   8.44  21.10   0.06   0.16   -0.009  0.113 -0.120  0.043
   85     24.45-167.54 -46.24  10.82   0.76   1.00   -0.050 -0.017  0.058 -0.038
   86     44.03 -12.13  29.89  18.28   0.15   0.13   -0.024  0.057 -0.104  0.057
   87     28.69 -61.37   6.77   2.61   0.13  -0.02   -0.030  0.076 -0.116  0.003
   88     37.98-103.52 -28.23   8.07   0.39   0.18   -0.043  0.126 -0.061 -0.059
   89     47.73-142.04  89.71  21.15   0.63   1.02   -0.020 -0.139  0.075  0.336
   90     48.21-140.01  88.54  21.04   0.58   0.95   -0.029 -0.101  0.128  0.298
   91     33.95  33.78  85.27  19.93   0.51   0.50   -0.046  0.107  0.042  0.098

 A V E R A G E   of ADJUSTMENTS :                    -0.040  0.027  0.005  0.035
 A V E R A G E   of ABSOLUTE ADJUSTMENTS :            0.040  0.081  0.077  0.087


 Step length damping of 0.12165 was applied.


 Velocity adjustments:
     vp    dvp      hp   reflector
 Velocity model   1
   5.143  0.020   -5.000      
   6.131 -0.034    4.030      
   6.261 -0.041    9.020      
   6.600 -0.042   14.750      
   6.855 -0.036   23.950      
   7.066 -0.034   26.100      
   7.533  0.028   33.260      
   8.520  0.020   39.790      
   8.521  0.000   41.360      

 Calculation of average velocity starts at layer #           1
 z = -5.00 ...  4.03    v = 5.14    AVEL = 5.14 downto z =   4.03
 z =  4.03 ...  9.02    v = 6.13    AVEL = 5.49 downto z =   9.02
 z =  9.02 ... 14.75    v = 6.26    AVEL = 5.72 downto z =  14.75
 z = 14.75 ... 23.95    v = 6.60    AVEL = 6.00 downto z =  23.95
 z = 23.95 ... 26.10    v = 6.85    AVEL = 6.06 downto z =  26.10
 z = 26.10 ... 33.26    v = 7.07    AVEL = 6.25 downto z =  33.26
 z = 33.26 ... 39.79    v = 7.53    AVEL = 6.43 downto z =  39.79
 z = 39.79 ... 41.36    v = 8.52    AVEL = 6.50 downto z =  41.36


 Calculation of average velocity starts at layer #           2
 z =  4.03 ...  9.02    v = 6.13    AVEL = 6.13 downto z =   9.02
 z =  9.02 ... 14.75    v = 6.26    AVEL = 6.20 downto z =  14.75
 z = 14.75 ... 23.95    v = 6.60    AVEL = 6.38 downto z =  23.95
 z = 23.95 ... 26.10    v = 6.85    AVEL = 6.43 downto z =  26.10
 z = 26.10 ... 33.26    v = 7.07    AVEL = 6.59 downto z =  33.26
 z = 33.26 ... 39.79    v = 7.53    AVEL = 6.76 downto z =  39.79
 z = 39.79 ... 41.36    v = 8.52    AVEL = 6.83 downto z =  41.36



 Adjusted station corrections:
   stn  ptcor  dpcor  
  624   0.000  0.000  628  -0.088 -0.027  630  -0.064 -0.019  627   0.020  0.006
  621   0.031  0.008  629   0.032  0.011  622   0.032  0.008  620   0.015  0.000
  623   0.082  0.025  626   0.047  0.015  625   0.039  0.012  631   0.088  0.027
  632  -0.041 -0.014

 ~~~ another iteration? ...
 NITT = ITTMAX  --> stop iterations.
 ~~~ final solution reached ...

 ~~~ damp G & Chol.-Decomp.: NOT made (switch iresolcalc is NOT set !)

 Final rms values:  0.19 0.20 0.54 0.62 0.11 0.10 1.08 0.69 0.07 1.00
                    1.21 0.15 0.23 0.56 0.64 0.67 0.42 0.13 0.12 0.24
                    0.45 0.28 0.42 0.46 0.09 0.09 0.27 0.56 0.52 0.63
                    0.68 0.24 0.23 0.07 0.20 0.49 0.17 0.36 0.11 0.21
                    0.11 0.13 0.31 0.05 0.52 0.13 0.66 0.12 0.22 0.40
                    0.72 0.43 0.63 0.44 0.35 0.62 0.65 0.87 0.65 1.21
                    0.56 0.95 0.16 0.83 0.09 0.36 0.22 0.37 0.00 0.69
                    0.57 8.17 0.46 0.35 1.05 0.00 0.30 0.37 0.48 0.42
                    0.51 0.41 0.11 0.06 0.76 0.15 0.13 0.39 0.63 0.58
                    0.51



 ~~~ output final hypocenters ...

      date    origin   latitude longitude  depth  mag  no  rms      x      y      z
   1 160818 1613  8.98 73.0047N 124.8513E  23.36 1.40   6 0.192   38.56 112.11  23.36
   2 160818 1613  9.18 72.9928N 124.8683E  23.14 1.10   6 0.200   38.01 110.78  23.14
   3 160819 0959 27.16 71.9273N 129.7700E  12.20 4.00  12 0.543 -130.33  -8.11  12.20
   4 160820 1506 15.53 71.9409N 129.7993E  10.70 1.50   9 0.619 -131.30  -6.60  10.70
   5 160820 1904 45.62 72.3463N 127.1761E  23.87 1.20   6 0.114  -40.20  38.64  23.87
   6 160822 1318 49.43 72.3640N 127.0700E  17.07 0.60   8 0.101  -36.56  40.62  17.07
   7 160823 0652 13.81 70.9321N 129.7942E   5.85 2.90   6 1.080 -134.66-119.16   5.85
   8 160824 1510 30.28 71.6077N 130.0443E   8.81 1.50   9 0.687 -141.01 -43.78   8.81
   9 160906 1514 39.59 72.5066N 125.6807E  12.13 0.90   6 0.074   10.87  56.53  12.13
  10 160920 1607 18.12 69.2375N 128.3688E  16.22 2.60   2 0.997  -87.76-308.25  16.22
  11 160925 1911  5.31 69.2249N 127.7034E  15.63 2.30   2 1.205  -63.13-309.65  15.63
  12 161004 0841 51.13 72.8470N 124.9625E  15.71 0.20   6 0.147   34.98  94.51  15.71
  13 161005 1619 46.79 72.8786N 125.0047E  19.50 1.00   9 0.229   33.53  98.04  19.50
  14 161006 0156 55.78 72.8731N 125.0053E  14.22 1.00   7 0.558   33.52  97.43  14.22
  15 161009 0036 44.59 72.8737N 124.9867E  17.81 1.30   8 0.637   34.14  97.49  17.81
  16 161009 0036 44.76 72.8622N 124.9615E  18.92 1.20   7 0.670   35.00  96.20  18.92
  17 161012 0800 21.98 72.7396N 126.0273E  18.79 0.80   7 0.422   -0.92  82.52  18.79
  18 161015 1013 36.39 72.0406N 126.9820E  11.66 0.70   7 0.134  -33.85   4.53  11.66
  19 161021 0507 33.21 72.5737N 124.7845E  10.18 0.80   6 0.124   41.29  64.02  10.18
  20 161124 2250 45.87 72.7638N 124.8841E  16.34 3.10   4 0.240   37.71  85.23  16.34
  21 161125 0156 34.01 72.7411N 124.9206E  14.21 0.60   7 0.445   36.50  82.69  14.21
  22 161125 0517 25.81 72.7643N 124.9468E  13.31 1.60   6 0.281   35.59  85.28  13.31
  23 161125 0525 15.81 72.7729N 124.9584E  11.12 0.80   6 0.420   35.19  86.25  11.12
  24 161125 0556  1.82 72.7385N 124.9713E   5.36 0.20   6 0.463   34.79  82.41   5.36
  25 170117 0846 48.60 72.2097N 127.3331E  22.41 0.30   6 0.088  -45.74  23.40  22.41
  26 170122 1614 27.52 71.9637N 128.0303E  10.49 0.90   6 0.091  -70.12  -4.05  10.49
  27 170125 2244  0.12 72.4408N 126.0142E  13.38 0.80   6 0.275   -0.49  49.19  13.38
  28 170302 1359 59.00 72.6834N 124.8884E  11.29 0.50   7 0.562   37.65  76.25  11.29
  29 170302 2335 20.10 71.8866N 130.3033E  15.34 2.10   9 0.523 -148.93 -12.65  15.34
  30 170304 2135  2.84 72.6856N 124.9311E  13.65 1.30   7 0.633   36.20  76.50  13.65
  31 170307 0447 20.91 72.6924N 124.9267E  14.22 1.70  10 0.675   36.34  77.26  14.22
  32 170307 2016 50.72 72.6893N 124.9124E  15.25 1.10   6 0.245   36.83  76.92  15.25
  33 170309 1454  0.74 72.6814N 124.9000E  15.70 0.30   6 0.229   37.26  76.04  15.70
  34 170311 0430 55.37 72.3121N 126.4892E  24.64 0.30   6 0.070  -16.74  34.82  24.64
  35 170312 0416 39.17 71.9253N 128.0570E   3.40 2.10   6 0.204  -71.11  -8.34   3.40
  36 170313 0553 59.03 72.6965N 124.9198E  15.25 1.00   9 0.493   36.57  77.72  15.25
  37 170313 0809  5.52 72.4489N 125.0828E  14.62 1.20   7 0.171   31.27  50.09  14.62
  38 170315 0234 46.39 72.6545N 123.8421E  17.23 1.40   7 0.364   73.15  73.03  17.23
  39 170317 1007 13.95 72.2334N 125.9763E   3.99 0.50   7 0.112    0.81  26.05   3.99
  40 170320 0711 14.51 72.1248N 127.2171E  16.81 0.90   6 0.215  -41.85  13.92  16.81
  41 170320 0853 56.28 72.7057N 124.9721E   5.26 0.40   6 0.112   34.80  78.74   5.26
  42 170320 1900 34.26 72.4140N 126.1118E  18.02 0.60   7 0.126   -3.81  46.20  18.02
  43 170323 0519 24.56 71.6499N 129.1544E   4.88 1.20   6 0.308 -109.86 -39.07   4.88
  44 170323 1612 49.57 72.4516N 125.1097E   8.37 0.50   6 0.045   30.35  50.39   8.37
  45 170323 1906 41.12 72.4099N 130.2533E  18.98 1.00   6 0.525 -145.14  45.74  18.98
  46 170326 0836 34.04 71.9908N 127.6633E  16.41 1.50   7 0.131  -57.40  -1.03  16.41
  47 170402 0422  0.98 72.7200N 125.6814E  21.79 1.20  10 0.656   10.78  80.34  21.79
  48 170402 0636 37.18 72.7312N 125.6807E  23.47 0.70   6 0.120   10.80  81.59  23.47
  49 170404 2347 35.64 72.7573N 124.3896E  22.47 0.50   6 0.218   54.43  84.50  22.47
  50 170405 0307 36.01 71.6803N 128.9427E  15.47 1.00  10 0.403 -102.40 -35.67  15.47
  51 170405 1410 53.06 71.5098N 128.8879E   8.72 1.70  10 0.721 -100.95 -54.70   8.72
  52 170406 0838 43.09 72.3908N 129.3816E  15.03 0.90  10 0.426 -115.45  43.61  15.03
  53 170406 1728  0.98 72.7223N 125.6822E  21.29 0.90  10 0.628   10.75  80.59  21.29
  54 170407 1729  2.56 74.8920N 128.6306E  15.68 1.80   2 0.437  -83.69 322.70  15.68
  55 170407 1729  2.83 74.7267N 128.8050E   0.51 1.60   5 0.352  -89.68 304.25   0.51
  56 170408 1004 44.82 72.6040N 124.9404E  14.77 1.40  13 0.619   35.97  67.39  14.77
  57 170409 0856 47.04 73.3875N 128.5452E  15.62 2.50   6 0.647  -84.54 154.82  15.62
  58 170409 0902 45.50 73.3535N 128.4291E  15.25 1.10   7 0.867  -80.76 151.03  15.25
  59 170410 1520  8.45 72.0033N 128.3833E   3.28 1.00  10 0.655  -82.23   0.36   3.28
  60 170410 1813  3.45 70.9438N 129.1031E   2.77 2.20  13 1.211 -110.10-117.86   2.77
  61 170412 1507  0.40 71.5068N 129.7296E   0.46 0.70   6 0.558 -130.38 -55.03   0.46
  62 170413 0651 20.00 73.3660N 125.4075E  15.35 1.00  10 0.950   19.69 152.42  15.35
  63 170414 0459 18.75 72.2656N 127.3721E  20.63 0.50   7 0.159  -47.01  29.64  20.63
  64 170414 0540  4.60 73.6558N 130.9270E   8.02 1.80  11 0.833 -162.43 184.76   8.02
  65 170414 1656 23.37 72.1824N 127.3899E  15.80 0.20   6 0.091  -47.72  20.36  15.80
  66 170414 1753 32.71 72.3893N 130.4683E  18.81 0.70   6 0.360 -152.56  43.44  18.81
  67 170416 0523 41.85 71.9529N 127.0706E  19.08 1.60  13 0.216  -36.99  -5.25  19.08
  68 170416 1220 14.05 72.9516N 124.4837E  20.61 1.00  11 0.368   50.98 106.18  20.61
 WARNING: Event-# :          69 has zero observations!
  69 170416 1257 48.30 68.8710N 131.7500E  73.50 2.20   0 0.000 -214.97-349.14  73.50
  70 170416 1821  5.40 72.8679N 124.9962E  19.30 1.30  13 0.692   33.83  96.85  19.30
  71 170418 0606  3.96 72.5074N 125.8155E   0.76 0.20   6 0.569    6.28  56.62   0.76
  72 170418 1005 55.80 69.3318N 122.4118E  96.97 2.20   1 8.167  132.63-297.73  96.97
  73 170418 1500 12.85 72.7321N 124.5069E  23.10 1.30  12 0.458   50.51  81.69  23.10
  74 170420 1302 36.11 72.6310N 129.0165E  22.32 0.90  11 0.347 -102.32  70.40  22.32
  75 170420 2248 46.49 72.0283N 129.1399E   0.22 0.70  11 1.048 -108.26   3.16   0.22
 WARNING: Event-# :          76 has zero observations!
  76 170423 0850 54.60 74.7080N 132.7900E   0.10 1.90   0 0.000 -217.19 302.17   0.10
  77 170423 1455 44.01 72.8404N 124.4881E  16.94 0.60   8 0.298   50.99  93.78  16.94
  78 170423 2313 41.73 72.5930N 124.8684E  21.94 1.30  12 0.374   38.42  66.17  21.94
  79 170424 0609 58.51 71.9584N 128.0099E   0.66 1.10  12 0.481  -69.43  -4.64   0.66
  80 170424 0755 26.61 71.9453N 128.0236E   0.73 1.00  12 0.424  -69.92  -6.10   0.73
  81 170424 0755 26.81 71.9568N 128.0206E   0.50 1.00  12 0.513  -69.80  -4.82   0.50
  82 170425 0652 23.18 71.9582N 128.0189E   0.63 1.20   9 0.408  -69.74  -4.67   0.63
  83 170426 0051 23.15 71.9463N 128.0435E   6.71 0.70   6 0.114  -70.61  -6.00   6.71
  84 170426 1425 21.18 72.0757N 127.2492E  21.10 0.10   6 0.057  -43.01   8.44  21.10
  85 170426 1834 24.45 71.5856N 130.8023E  10.82 1.20   8 0.756 -167.54 -46.24  10.82
  86 170426 1840 44.03 72.2679N 126.3540E  18.28 1.30   8 0.151  -12.13  29.89  18.28
  87 170427 0912 28.69 72.0607N 127.7814E   2.61 0.90   8 0.129  -61.37   6.77   2.61
  88 170427 1041 37.98 71.7470N 128.9802E   8.07 0.70   7 0.390 -103.52 -28.23   8.07
  89 170427 2010 47.73 72.8040N 130.2076E  21.15 1.30   8 0.632 -142.04  89.71  21.15
  90 170427 2010 48.21 72.7935N 130.1463E  21.04 1.30   8 0.581 -140.01  88.54  21.04
  91 170427 2342 33.95 72.7641N 125.0005E  19.93 0.80   6 0.506   33.78  85.27  19.93

 ~~~ output final station residuals ...
 TURBO-option is set; residuals are NOT printed for each event!



   station statistics, remember nsp was set to: 1


 sta phase nobs avres  avwres    std    wsum    delay

 624    P  74  0.3090  0.3090  0.4764  74.0000  0.0000
 628    P  69  0.1545  0.1545  0.4612  69.0000 -0.0885
 630    P  53  0.2690  0.2690  0.4394  53.0000 -0.0642
 627    P  46  0.3329  0.3329  0.6061  46.0000  0.0200
 621    P  59  0.6269  0.6269  0.7167  59.0000  0.0307
 629    P  43  0.3098  0.3098  0.5256  43.0000  0.0325
 622    P  58  0.3796  0.3796  0.6822  58.0000  0.0317
 620    P  48  0.2811  0.2811  0.7358  48.0000  0.0147
 623    P  55  0.4450  0.4450  0.5602  55.0000  0.0815
 626    P  52  0.5774  0.5774  0.6703  52.0000  0.0466
 625    P  49  0.4127  0.4127  0.5865  49.0000  0.0386
 631    P  49  1.1627  1.1627  1.0615  49.0000  0.0880
 632    P  24  0.7419  0.7419  1.0090  24.0000 -0.0408


 ~~~ output statistics ...




 RAY-STATISTICS FOR  L A S T  ITERATION
 --------------------------------------

 NHYP : nr of hypocenters in this layer
 NREF : nr of headwaves in this layer
 %len : % of "refracted km" in this layer 
        with respect to all refracted kilometers
 NHIT : nr of rays passed thru this layer
 xy-km: average horizontal ray length [km] in layer
 z-km : average  vertical  ray length [km] in layer
 RFLX : number of reflections at bottom of this layer

 nlay   top ..... bottom     velocity   NHYP NREF %len  NHIT xy-km  z-km  RFLX

   1    -5.00...  4.03 km    5.14 km/s   14    0   0.0   783   4.7   3.8     0
   2     4.03...  9.02 km    6.13 km/s   10   70  16.6   745  15.0   4.2     0
   3     9.02... 14.75 km    6.26 km/s   16   15   3.0   692  12.6   5.1     0
   4    14.75... 23.95 km    6.60 km/s   48   74  21.0   652  26.0   5.3     0
   5    23.95... 26.10 km    6.85 km/s    1    3   0.3   316   3.9   2.1     0
   6    26.10... 33.26 km    7.07 km/s    0   23   4.4   284  13.2   6.6     0
   7    33.26... 39.79 km    7.53 km/s    0    0   0.0   261  12.4   6.5     0
   8    39.79... 41.36 km    8.52 km/s    0  130  54.7   131  92.2   0.0     0
   9    41.36...       km    8.52 km/s    2    0   0.0     0   0.0   0.0

 Total nr of events was   91

 Total nr of refracted rays =   315
 Total nr of reflected rays =     0
 Total nr of   other   rays =   364
                              ------
 Total nr of    all    rays =   679

 Average (absolute) error of the raytracers:
  Straight and direct rays :    7.84 meters
  Refracted           rays :    0.01 meters
  Reflected           rays :    0.00 meters


 ALL RAYS TOGETHER:
 Average horizontal ray length =   89.9 km   (Hypocenter --> Station) 
 Average  vertical  ray length =   19.6 km   (Deepest ray-point --> Station)



 ... and some more STATISTICS 
 ---------------------------- 
  GAP of final epicenters:

  Event# -> GAP  Event# -> GAP  Event# -> GAP  Event# -> GAP  Event# -> GAP
       1 -> 295       2 -> 294       3 -> 270       4 -> 274       5 -> 307
       6 ->  97       7 -> 320       8 -> 306       9 -> 168      10 -> 346
      11 -> 347      12 -> 258      13 -> 264      14 -> 263      15 -> 263
      16 -> 264      17 -> 253      18 -> 243      19 -> 160      20 -> 302
      21 -> 232      22 -> 239      23 -> 241      24 -> 230      25 -> 130
      26 -> 102      27 -> 155      28 -> 212      29 -> 305      30 -> 212
      31 -> 215      32 -> 214      33 -> 211      34 -> 133      35 -> 239
      36 -> 216      37 -> 132      38 -> 312      39 -> 117      40 -> 209
      41 -> 219      42 -> 121      43 -> 230      44 -> 134      45 -> 308
      46 -> 126      47 -> 224      48 -> 226      49 -> 288      50 -> 195
      51 -> 289      52 -> 270      53 -> 224      54 -> 354      55 -> 347
      56 -> 180      57 -> 310      58 -> 318      59 -> 167      60 -> 310
      61 -> 301      62 -> 306      63 -> 149      64 -> 323      65 -> 129
      66 -> 293      67 ->  86      68 -> 295      69 -> 171      70 -> 262
      71 -> 173      72 ->   0      73 -> 259      74 -> 299      75 -> 241
      76 ->  59      77 -> 284      78 -> 173      79 -> 164      80 -> 169
      81 -> 166      82 -> 165      83 -> 233      84 -> 115      85 -> 315
      86 ->  94      87 -> 115      88 -> 270      89 -> 318      90 -> 317
      91 -> 295

 GAPs were between   0 and 354
      (average GAP was 228)



  MAGNITUDES of INPUT-DATA:

 Magnitude (# of events)   ***average number of obs***

 MAG<= 1.0 ( 47) *******
 MAG = 1.1 (  4) ********
 MAG = 1.2 (  7) ********
 MAG = 1.3 (  8) *********1
 MAG = 1.4 (  3) *********
 MAG = 1.5 (  3) ********
 MAG = 1.6 (  3) ********
 MAG = 1.7 (  2) *********1
 MAG = 1.8 (  2) *******
 MAG = 1.9 (  1)  
 MAG = 2.0 (  0)  
 MAG = 2.1 (  2) ********
 MAG = 2.2 (  3) *****
 MAG = 2.3 (  1) **
 MAG = 2.4 (  0)  
 MAG = 2.5 (  1) ******
 MAG = 2.6 (  1) **
 MAG = 2.7 (  0)  
 MAG = 2.8 (  0)  
 MAG = 2.9 (  1) ******
 MAG = 3.0 (  0)  
 MAG = 3.1 (  1) ****
 MAG = 3.2 (  0)  
 MAG = 3.3 (  0)  
 MAG = 3.4 (  0)  
 MAG = 3.5 (  0)  
 MAG = 3.6 (  0)  
 MAG = 3.7 (  0)  
 MAG = 3.8 (  0)  
 MAG = 3.9 (  0)  
 MAG = 4.0 (  1) *********1**
 MAG = 4.1 (  0)  
 MAG = 4.2 (  0)  
 MAG = 4.3 (  0)  
 MAG = 4.4 (  0)  
 MAG = 4.5 (  0)  
 MAG = 4.6 (  0)  
 MAG = 4.7 (  0)  
 MAG = 4.8 (  0)  
 MAG = 4.9 (  0)  
 MAG = 5.0 (  0)  
 MAG = 5.1 (  0)  
 MAG = 5.2 (  0)  
 MAG = 5.3 (  0)  
 MAG = 5.4 (  0)  
 MAG = 5.5 (  0)  
 MAG = 5.6 (  0)  
 MAG = 5.7 (  0)  
 MAG = 5.8 (  0)  
 MAG = 5.9 (  0)  
 MAG>= 6.0 (  0)  





  DEPTHs of INPUT-DATA and of LAST ITERATION:
  ===========================================

       Depth       # of events  

 DEPTH ( input ) =  -4. km :   
 DEPTH (last_IT) =  -4. km :   
 DEPTH ( input ) =  -3. km :   
 DEPTH (last_IT) =  -3. km :   
 DEPTH ( input ) =  -2. km :   
 DEPTH (last_IT) =  -2. km :   
 DEPTH ( input ) =  -1. km :   
 DEPTH (last_IT) =  -1. km :   
 DEPTH ( input ) =   0. km :  ........
 DEPTH (last_IT) =   0. km :  ***
 DEPTH ( input ) =   1. km :  .
 DEPTH (last_IT) =   1. km :  ******
 DEPTH ( input ) =   2. km :   
 DEPTH (last_IT) =   2. km :   
 DEPTH ( input ) =   3. km :  ...
 DEPTH (last_IT) =   3. km :  ****
 DEPTH ( input ) =   4. km :  ..
 DEPTH (last_IT) =   4. km :  *
 DEPTH ( input ) =   5. km :  ..
 DEPTH (last_IT) =   5. km :  ***
 DEPTH ( input ) =   6. km :  ..
 DEPTH (last_IT) =   6. km :  *
 DEPTH ( input ) =   7. km :  .
 DEPTH (last_IT) =   7. km :  *
 DEPTH ( input ) =   8. km :  ...
 DEPTH (last_IT) =   8. km :  ***
 DEPTH ( input ) =   9. km :  ..
 DEPTH (last_IT) =   9. km :  **
 DEPTH ( input ) =  10. km :  ..
 DEPTH (last_IT) =  10. km :  **
 DEPTH ( input ) =  11. km :  ...
 DEPTH (last_IT) =  11. km :  ****
 DEPTH ( input ) =  12. km :  ....
 DEPTH (last_IT) =  12. km :  ***
 DEPTH ( input ) =  13. km :  ..
 DEPTH (last_IT) =  13. km :  **
 DEPTH ( input ) =  14. km :  ...
 DEPTH (last_IT) =  14. km :  ****
 DEPTH ( input ) =  15. km :  ........
 DEPTH (last_IT) =  15. km :  *********
 DEPTH ( input ) =  16. km :  .........1.
 DEPTH (last_IT) =  16. km :  *********
 DEPTH ( input ) =  17. km :  .....
 DEPTH (last_IT) =  17. km :  ****
 DEPTH ( input ) =  18. km :  ....
 DEPTH (last_IT) =  18. km :  ***
 DEPTH ( input ) =  19. km :  .....
 DEPTH (last_IT) =  19. km :  *******
 DEPTH ( input ) =  20. km :  .....
 DEPTH (last_IT) =  20. km :  *
 DEPTH ( input ) =  21. km :  ..
 DEPTH (last_IT) =  21. km :  ******
 DEPTH ( input ) =  22. km :  ....
 DEPTH (last_IT) =  22. km :  *****
 DEPTH ( input ) =  23. km :  ....
 DEPTH (last_IT) =  23. km :  ****
 DEPTH ( input ) =  24. km :  ..
 DEPTH (last_IT) =  24. km :  *
 DEPTH ( input ) =  25. km :  .
 DEPTH (last_IT) =  25. km :  *
 DEPTH ( input ) =  26. km :   
 DEPTH (last_IT) =  26. km :   
 DEPTH ( input ) =  27. km :   
 DEPTH (last_IT) =  27. km :   
 DEPTH ( input ) =  28. km :   
 DEPTH (last_IT) =  28. km :   
 DEPTH ( input ) =  29. km :   
 DEPTH (last_IT) =  29. km :   
 DEPTH ( input ) =  30. km :   
 DEPTH (last_IT) =  30. km :   
 DEPTH ( input ) =  31. km :   
 DEPTH (last_IT) =  31. km :   
 DEPTH ( input ) =  32. km :   
 DEPTH (last_IT) =  32. km :   
 DEPTH ( input ) =  33. km :   
 DEPTH (last_IT) =  33. km :   
 DEPTH ( input ) =  34. km :   
 DEPTH (last_IT) =  34. km :   
 DEPTH ( input ) =  35. km :   
 DEPTH (last_IT) =  35. km :   
 DEPTH ( input ) =  36. km :   
 DEPTH (last_IT) =  36. km :   
 DEPTH ( input ) =  37. km :   
 DEPTH (last_IT) =  37. km :   
 DEPTH ( input ) =  38. km :   
 DEPTH (last_IT) =  38. km :   
 DEPTH ( input ) =  39. km :   
 DEPTH (last_IT) =  39. km :   
 DEPTH ( input ) =  40. km :   
 DEPTH (last_IT) =  40. km :   
 DEPTH ( input ) =  41. km :   
 DEPTH (last_IT) =  41. km :   
 DEPTH ( input ) =  42. km :   
 DEPTH (last_IT) =  42. km :   
 DEPTH ( input ) =  43. km :   
 DEPTH (last_IT) =  43. km :   
 DEPTH ( input ) =  44. km :   
 DEPTH (last_IT) =  44. km :   
 DEPTH ( input ) =  45. km :   
 DEPTH (last_IT) =  45. km :   
 DEPTH ( input ) =  46. km :   
 DEPTH (last_IT) =  46. km :   
 DEPTH ( input ) =  47. km :   
 DEPTH (last_IT) =  47. km :   
 DEPTH ( input ) =  48. km :   
 DEPTH (last_IT) =  48. km :   
 DEPTH ( input ) =  49. km :   
 DEPTH (last_IT) =  49. km :   
 DEPTH ( input ) =  50. km :   
 DEPTH (last_IT) =  50. km :   
 DEPTH ( input ) =  51. km :   
 DEPTH (last_IT) =  51. km :   
 DEPTH ( input ) =  52. km :   
 DEPTH (last_IT) =  52. km :   
 DEPTH ( input ) =  53. km :   
 DEPTH (last_IT) =  53. km :   
 DEPTH ( input ) =  54. km :   
 DEPTH (last_IT) =  54. km :   
 DEPTH ( input ) =  55. km :   
 DEPTH (last_IT) =  55. km :   
 DEPTH ( input ) =  56. km :   
 DEPTH (last_IT) =  56. km :   
 DEPTH ( input ) =  57. km :   
 DEPTH (last_IT) =  57. km :   
 DEPTH ( input ) =  58. km :   
 DEPTH (last_IT) =  58. km :   
 DEPTH ( input ) =  59. km :   
 DEPTH (last_IT) =  59. km :   
 DEPTH ( input ) =  60. km :   
 DEPTH (last_IT) =  60. km :   
 DEPTH ( input ) =  61. km :   
 DEPTH (last_IT) =  61. km :   
 DEPTH ( input ) =  62. km :   
 DEPTH (last_IT) =  62. km :   
 DEPTH ( input ) =  63. km :   
 DEPTH (last_IT) =  63. km :   
 DEPTH ( input ) =  64. km :   
 DEPTH (last_IT) =  64. km :   
 DEPTH ( input ) =  65. km :   
 DEPTH (last_IT) =  65. km :   
 DEPTH ( input ) =  66. km :   
 DEPTH (last_IT) =  66. km :   
 DEPTH ( input ) =  67. km :   
 DEPTH (last_IT) =  67. km :   
 DEPTH ( input ) =  68. km :   
 DEPTH (last_IT) =  68. km :   
 DEPTH ( input ) =  69. km :   
 DEPTH (last_IT) =  69. km :   
 DEPTH ( input ) =  70. km :   
 DEPTH (last_IT) =  70. km :   
 DEPTH ( input ) =  71. km :   
 DEPTH (last_IT) =  71. km :   
 DEPTH ( input ) =  72. km :   
 DEPTH (last_IT) =  72. km :   
 DEPTH ( input ) =  73. km :   
 DEPTH (last_IT) =  73. km :   
 DEPTH ( input ) =  74. km :  .
 DEPTH (last_IT) =  74. km :  *
 DEPTH ( input ) =  75. km :   
 DEPTH (last_IT) =  75. km :   
 DEPTH ( input ) =  76. km :   
 DEPTH (last_IT) =  76. km :   
 DEPTH ( input ) =  77. km :   
 DEPTH (last_IT) =  77. km :   
 DEPTH ( input ) =  78. km :   
 DEPTH (last_IT) =  78. km :   
 DEPTH ( input ) =  79. km :   
 DEPTH (last_IT) =  79. km :   
 DEPTH ( input ) =  80. km :   
 DEPTH (last_IT) =  80. km :   
 DEPTH ( input ) =  81. km :   
 DEPTH (last_IT) =  81. km :   
 DEPTH ( input ) =  82. km :   
 DEPTH (last_IT) =  82. km :   
 DEPTH ( input ) =  83. km :   
 DEPTH (last_IT) =  83. km :   
 DEPTH ( input ) =  84. km :   
 DEPTH (last_IT) =  84. km :   
 DEPTH ( input ) =  85. km :   
 DEPTH (last_IT) =  85. km :   
 DEPTH ( input ) =  86. km :   
 DEPTH (last_IT) =  86. km :   
 DEPTH ( input ) =  87. km :   
 DEPTH (last_IT) =  87. km :   
 DEPTH ( input ) =  88. km :   
 DEPTH (last_IT) =  88. km :   
 DEPTH ( input ) =  89. km :   
 DEPTH (last_IT) =  89. km :   
 DEPTH ( input ) =  90. km :   
 DEPTH (last_IT) =  90. km :   
 DEPTH ( input ) =  91. km :   
 DEPTH (last_IT) =  91. km :   
 DEPTH ( input ) =  92. km :   
 DEPTH (last_IT) =  92. km :   
 DEPTH ( input ) =  93. km :   
 DEPTH (last_IT) =  93. km :   
 DEPTH ( input ) =  94. km :   
 DEPTH (last_IT) =  94. km :   
 DEPTH ( input ) =  95. km :   
 DEPTH (last_IT) =  95. km :   
 DEPTH ( input ) =  96. km :   
 DEPTH (last_IT) =  96. km :   
 DEPTH ( input ) =  97. km :  .
 DEPTH (last_IT) =  97. km :  *
 DEPTH ( input ) =  98. km :   
 DEPTH (last_IT) =  98. km :   
 DEPTH ( input ) =  99. km :   
 DEPTH (last_IT) =  99. km :   
 DEPTH ( input ) = 100. km :   
 DEPTH (last_IT) = 100. km :   
 DEPTH ( input ) > 100. km :   
 DEPTH (last_IT) > 100. km :   


 Residuals of the stations according to the azimuth:
 (RES  = total average residual at station)
 (RES1 = average residual of rays from 1st quadrant)
 (RES2 = average residual of rays from 2nd quadrant)
 (RES3 = average residual of rays from 3rd quadrant)
 (RES4 = average residual of rays from 4th quadrant)

 Stn#  Stn     RES          RES1         RES2         RES3         RES4
   1   624     0.31(  74)   0.17(  33)  -0.01(   5)   0.39(  29)   0.85(   7)
   2   628     0.15(  69)   0.03(  32)  -0.04(   5)   0.15(  25)   0.89(   7)
   3   630     0.27(  53)   0.49(  25)  -0.08(  10)  -0.17(  10)   0.57(   8)
   4   627     0.33(  46)   0.45(  12)   0.00(   0)   0.04(  22)   0.75(  12)
   5   621     0.63(  59)   0.34(   7)   0.00(   0)   0.95(  18)   0.52(  34)
   6   629     0.31(  43)   0.55(  15)   0.00(   0)   0.13(   9)   0.20(  19)
   7   622     0.38(  58)   0.05(  27)   0.00(   0)   0.65(  20)   0.69(  11)
   8   620     0.28(  48)  -0.04(   1)   0.00(   0)   0.69(  18)   0.04(  29)
   9   623     0.44(  55)   0.25(  30)   0.00(   0)   0.74(  17)   0.56(   8)
  10   626     0.58(  52)   0.50(  24)   0.00(   0)   0.54(   6)   0.68(  22)
  11   625     0.41(  49)   0.29(  14)   0.00(   0)   0.36(  23)   0.66(  12)
  12   631     1.16(  49)   1.39(  18)   2.86(   1)   1.82(   4)   0.84(  26)
  13   632     0.74(  24)   1.18(  12)   2.00(   2)  -0.20(   3)   0.04(   7)



 CPU - statistics:

 TOTAL CPU-sec          =    0.2     (CPU-minutes:  0.004)

 >>>   End of program VELEST at 25-06-02 16:12       <<< [ CPU-sec :     0.2]
