 >>> Start of program VELEST at 25-06-02 16:10       <<<                        

 ::::::::::::::::::::::::::::::::::::::                                         
  V E L E S T  - Version : January 3, 1995                                      
  (Authors: see source code)                                                    
 ::::::::::::::::::::::::::::::::::::::                                         


 Title of this VELEST run:

 vinnik_2
 --------


 Current array-dimensions of program VELEST:

 Max. number of EARTHQUAKES for simult. inversion IEQ = ***
 Max. number of SHOTS for simult. inversion    INSHOT =  50
 Max. number of (different) 1D-MODELS      ITOTMODELS =   2
 Max. number of LAYERS per one 1D-model        INLTOT = 100
 Max. number of STATIONS in stationlist           IST = 650
 Max. number of OBSERVATIONS per event MAXOBSPEREVENT = 180






    INPUT - P A R A M E T E R S :



***
***  olat       olon   icoordsystem      zshift   itrial ztrial    ised
  72.000000-126.000000      0            0.000       0     0.00      0
***
*** neqs   nshot    rotate
     91      0      0.0
***
*** isingle   iresolcalc
       0          0
***
*** dmax    itopo    zmin     veladj    zadj   lowveloclay
   300.00     0      0.01       0.20    5.00       0
***
*** nsp    swtfac   vpvs       nmod
     1      1.00    1.730        1
***
***   othet   xythet    zthet    vthet   stathet
       0.01     0.01     0.01     1.00     0.01
***
*** nsinv   nshcor   nshfix     iuseelev    iusestacorr
       1       0       0           1            1
***
*** iturbo    icnvout   istaout   ismpout
       1         1         1         0
***
*** irayout   idrvout   ialeout   idspout   irflout   irfrout   iresout
       0         0         0         0         0         0         0
***
*** delmin   ittmax   invertratio
    0.010       3          1
***
*** Modelfile:
tmp/vinnik_2/synthvel/model_255.mod
***
*** Stationfile:
./velinp/station.sta
***
*** Seismofile:
 
***
*** File with region names:
 
***
*** File with region coordinates:
 
***
*** File #1 with topo data:
 
***
*** File #2 with topo data:
 
***
*** DATA INPUT files:
***
*** File with Earthquake data:
./velinp/data.cnv
***
*** File with Shot data:
 
***
*** OUTPUT files:
***
*** Main print output file:
./velout/vinnik_2/velest255.out
***
*** File with single event locations:
velout.vel
***
*** File with final hypocenters in *.cnv format:
./velout/vinnik_2/final_loc255.cnv
***
*** File with new station corrections:
./velout/vinnik_2/stations_corr255.sta
***
*** File with summary cards (e.g. for plotting):
velout.smp
***
*** File with raypoints:
velout.ray
***
*** File with derivatives:
velout.drv
***
*** File with ALEs:
velout.ale
***
*** File with Dirichlet spreads:
velout.dspr
***
*** File with reflection points:
velout.rfl
***
*** File with refraction points:
velout.rfr
***
*** File with residuals:
velout.res
***




 Origin of cartesian coordinates:
        72.00000N   126.00000E

  X,Y-AXES rotated clockwise from North
           Rotation angle (rotate):
            rotate=    0.0 degr.

 icoordsystem =            0
 normal SHORT DISTANCE CONVERSION will be made
 x is positive towards west, y is positive towards north


 SHORT DISTANCE CONVERSION on ELLIPSOIDE of WORLD GEODETIC SYSTEM 1972 (WGS72)
 =============================================================================

 Radius at equator (REARTH)= 6378.13500  km
   1. / (ellipticity)      =    298.260

 Origin of cartesian coordinates [degrees]:
   72.0000000 N     -126.0000000 W

  Rotation angle (in degr.) clockwise from
North  rotate=    0.0

 Radius of sphere at OLAT =   6358.817 km

 Conversion of GEOGRAPHICAL LATITUDE to GEOCENTRICAL LATITUDE:
 RLATC = TAN(GEOCENTR.LAT) / TAN(GEOGRAPH.LAT)
 RLATC =   0.99333486

          Short distance conversions:
          one min lat ~  1.8597 km 
          one min lon ~  0.5751 km 







    INPUT - M O D E L :



 Model(s) read from file :
 tmp/vinnik_2/synthvel/model_255.mod                                             

 model file title: 
Model: model_255.mod                    
 Velocity structure for model   1 :

 layer    vel   depth   vdamp  reflector
   1      5.45  -5.00    1.00         P-VELOCITY MODEL                  
   2      6.06   3.62    1.00  
   3      6.54  11.15    1.00  
   4      7.01  18.93    1.00  
   5      7.08  28.07    1.00  
   6      7.09  31.70    1.00  
   7      7.25  34.14    1.00  
   8      7.38  38.11    1.00  
   9      8.46  47.54    1.00  

 Calculation of average velocity starts at layer #            1
 z = -5.00 ...  3.62    v = 5.45    AVEL = 5.45 downto z =   3.62
 z =  3.62 ... 11.15    v = 6.06    AVEL = 5.73 downto z =  11.15
 z = 11.15 ... 18.93    v = 6.54    AVEL = 6.00 downto z =  18.93
 z = 18.93 ... 28.07    v = 7.01    AVEL = 6.28 downto z =  28.07
 z = 28.07 ... 31.70    v = 7.08    AVEL = 6.36 downto z =  31.70
 z = 31.70 ... 34.14    v = 7.09    AVEL = 6.40 downto z =  34.14
 z = 34.14 ... 38.11    v = 7.25    AVEL = 6.48 downto z =  38.11
 z = 38.11 ... 47.54    v = 7.38    AVEL = 6.64 downto z =  47.54


 Calculation of average velocity starts at layer #            2
 z =  3.62 ... 11.15    v = 6.06    AVEL = 6.06 downto z =  11.15
 z = 11.15 ... 18.93    v = 6.54    AVEL = 6.30 downto z =  18.93
 z = 18.93 ... 28.07    v = 7.01    AVEL = 6.57 downto z =  28.07
 z = 28.07 ... 31.70    v = 7.08    AVEL = 6.63 downto z =  31.70
 z = 31.70 ... 34.14    v = 7.09    AVEL = 6.67 downto z =  34.14
 z = 34.14 ... 38.11    v = 7.25    AVEL = 6.74 downto z =  38.11
 z = 38.11 ... 47.54    v = 7.38    AVEL = 6.88 downto z =  47.54






    INPUT - S T A T I O N S :



 Station-parameters read from file :
 ./velinp/station.sta                                                            


     stn latitude longitude elev   x      y      z     ptcor stcor model icc
   1 624 72.4760N126.2750E     0  -9.37  53.11  -0.00   0.00  0.00   1  13
   2 628 72.4000N127.1470E     0 -39.15  44.63  -0.00   0.00  0.00   1  12
   3 630 72.0750N128.3250E     0 -80.06   8.37  -0.00   0.00  0.00   1  11
   4 627 72.1170N126.9820E     0 -33.78  13.06  -0.00   0.00  0.00   1  10
   5 621 72.1840N124.8890E     0  38.14  20.53  -0.00   0.00  0.00   1   9
   6 629 71.9290N127.3130E     0 -45.39  -7.92  -0.00   0.00  0.00   1   8
   7 622 72.4420N125.3130E     0  23.42  49.32  -0.00   0.00  0.00   1   7
   8 620 72.6540N124.3470E     0  56.03  72.98  -0.00   0.00  0.00   1   6
   9 623 72.3260N125.7600E     0   8.21  36.38  -0.00   0.00  0.00   1   5
  10 626 71.8880N126.0360E     0  -1.25 -12.50  -0.00   0.00  0.00   1   4
  11 625 72.1740N126.1070E     0  -3.67  19.42  -0.00   0.00  0.00   1   3
  12 631 71.3990N127.2470E     0 -43.72 -67.06  -0.00   0.00  0.00   1   2
  13 632 71.5740N129.0728E     0-107.23 -47.53  -0.00   0.00  0.00   1   1

 NO Seismo-parameter-file specified
 --> NO magnitudes calculated!




   neqs=   91  nshot=    0  nltot=    9

 ~~~ input parameters read.
 ~~~ set units for first iteration ...
 ~~~ determine number of unknowns ...

 Number of unknowns (for array-indexing):  nvar =  385
 Number of effective unknowns        :  nvareff =  373
 Number of elements on/below main diagonal of matrix G = At*A : kvar =   74305

 ~~~ reset G and RHT ...
 ~~~ input data, raytracing, setup G ...






    I N P U T - D A T A  

  eq    origin-time    latitude longitude depth    x      y      z    mag ifxOBS
   1 160818 1613  9.10 73.0030N 124.8500E  23.10  38.61 111.92  23.10 1.40 0   6
   2 160818 1613  9.30 72.9910N 124.8700E  22.80  37.95 110.58  22.80 1.10 0   6
   3 160819 0959 27.30 71.9230N 129.7600E  12.10-130.00  -8.59  12.10 4.00 0  12
   4 160820 1506 15.70 71.9380N 129.7900E  11.00-130.98  -6.92  11.00 1.50 0   9
   5 160820 1904 45.70 72.3480N 127.1800E  23.80 -40.33  38.83  23.80 1.20 0   6
   6 160822 1318 49.50 72.3650N 127.0800E  16.50 -36.90  40.73  16.50 0.60 0   8
   7 160823 0652 14.00 70.9330N 129.8100E   6.40-135.21-119.06   6.40 2.90 0   6
   8 160824 1510 30.40 71.6070N 130.0400E   8.60-140.86 -43.85   8.60 1.50 0   9
   9 160906 1514 39.70 72.5080N 125.6800E  12.10  10.89  56.68  12.10 0.90 0   6
 WARNING:
 epicentral distance: 303.3 > dmax ( 300.0) ==> skipping phase !
 WARNING:
 epicentral distance: 338.2 > dmax ( 300.0) ==> skipping phase !
  10 160920 1607 18.30 69.2370N 128.3500E  16.20 -87.07-308.31  16.20 2.60 0   2
 WARNING:
 epicentral distance: 318.5 > dmax ( 300.0) ==> skipping phase !
 WARNING:
 epicentral distance: 355.0 > dmax ( 300.0) ==> skipping phase !
  11 160925 1911  5.60 69.2250N 127.6800E  15.60 -62.26-309.64  15.60 2.30 0   2
  12 161004 0841 51.20 72.8480N 124.9600E  15.60  35.07  94.62  15.60 0.20 0   6
  13 161005 1619 46.90 72.8770N 125.0100E  19.00  33.35  97.86  19.00 1.00 0   9
  14 161006 0156 55.90 72.8740N 125.0100E  13.90  33.36  97.52  13.90 1.00 0   7
  15 161009 0036 44.70 72.8720N 124.9900E  17.20  34.03  97.30  17.20 1.30 0   8
  16 161009 0036 44.90 72.8580N 124.9600E  18.60  35.06  95.74  18.60 1.20 0   7
  17 161012 0800 22.10 72.7380N 126.0300E  18.50  -1.01  82.35  18.50 0.80 0   7
  18 161015 1013 36.50 72.0400N 126.9900E  11.20 -34.12   4.46  11.20 0.70 0   7
  19 161021 0507 33.30 72.5750N 124.7800E  10.10  41.44  64.16  10.10 0.80 0   6
  20 161124 2250 46.00 72.7630N 124.8800E  16.20  37.85  85.14  16.20 3.10 0   4
  21 161125 0156 34.10 72.7420N 124.9200E  14.50  36.52  82.80  14.50 0.60 0   7
  22 161125 0517 25.90 72.7650N 124.9400E  13.50  35.82  85.36  13.50 1.60 0   6
  23 161125 0525 15.90 72.7740N 124.9500E  11.60  35.48  86.37  11.60 0.80 0   6
  24 161125 0556  2.00 72.7350N 124.9700E   5.70  34.84  82.01   5.70 0.20 0   6
  25 170117 0846 48.60 72.2130N 127.3400E  22.00 -45.97  23.77  22.00 0.30 0   6
  26 170122 1614 27.60 71.9670N 128.0400E  10.30 -70.45  -3.68  10.30 0.90 0   6
  27 170125 2244  0.20 72.4440N 126.0200E  13.10  -0.68  49.54  13.10 0.80 0   6
  28 170302 1359 59.10 72.6830N 124.8900E  11.50  37.60  76.21  11.50 0.50 0   7
  29 170302 2335 20.20 71.8850N 130.3000E  14.80-148.82 -12.83  14.80 2.10 0   9
  30 170304 2135  2.90 72.6880N 124.9400E  13.40  35.90  76.77  13.40 1.30 0   7
  31 170307 0447 21.00 72.6940N 124.9200E  14.20  36.57  77.44  14.20 1.70 0  10
  32 170307 2016 50.80 72.6910N 124.9100E  15.30  36.91  77.10  15.30 1.10 0   6
  33 170309 1454  0.80 72.6830N 124.9000E  15.60  37.26  76.21  15.60 0.30 0   6
  34 170311 0430 55.40 72.3130N 126.5000E  24.50 -17.11  34.93  24.50 0.30 0   6
  35 170312 0416 39.20 71.9240N 128.0800E   3.40 -71.91  -8.48   3.40 2.10 0   6
  36 170313 0553 59.10 72.6980N 124.9200E  15.10  36.57  77.89  15.10 1.00 0   9
  37 170313 0809  5.60 72.4500N 125.0800E  14.90  31.36  50.21  14.90 1.20 0   7
  38 170315 0234 46.50 72.6540N 123.8400E  16.90  73.22  72.98  16.90 1.40 0   7
  39 170317 1007 14.10 72.2350N 125.9800E   3.90   0.69  26.22   3.90 0.50 0   7
  40 170320 0711 14.60 72.1250N 127.2200E  16.80 -41.95  13.95  16.80 0.90 0   6
  41 170320 0853 56.40 72.7090N 124.9700E   5.10  34.86  79.11   5.10 0.40 0   6
  42 170320 1900 34.30 72.4150N 126.1200E  18.00  -4.09  46.31  18.00 0.60 0   7
  43 170323 0519 24.60 71.6470N 129.1800E   5.20-110.76 -39.39   5.20 1.20 0   6
  44 170323 1612 49.70 72.4530N 125.1100E   8.30  30.33  50.55   8.30 0.50 0   6
  45 170323 1906 41.20 72.4070N 130.2500E  18.30-145.04  45.41  18.30 1.00 0   6
  46 170326 0836 34.10 71.9930N 127.6700E  16.10 -57.63  -0.78  16.10 1.50 0   7
  47 170402 0422  1.00 72.7220N 125.6900E  21.90  10.49  80.56  21.90 1.20 0  10
  48 170402 0636 37.20 72.7310N 125.6900E  23.50  10.49  81.57  23.50 0.70 0   6
  49 170404 2347 35.70 72.7580N 124.3800E  22.60  54.76  84.58  22.60 0.50 0   6
  50 170405 0307 36.10 71.6810N 128.9500E  15.30-102.66 -35.60  15.30 1.00 0  10
  51 170405 1410 53.20 71.5100N 128.9000E   9.30-101.37 -54.68   9.30 1.70 0  10
  52 170406 0838 43.20 72.3850N 129.3800E  15.50-115.42  42.96  15.50 0.90 0  10
  53 170406 1728  1.00 72.7230N 125.6900E  21.30  10.49  80.67  21.30 0.90 0  10
 WARNING:
 epicentral distance: 325.9 > dmax ( 300.0) ==> skipping phase !
 WARNING:
 epicentral distance: 332.9 > dmax ( 300.0) ==> skipping phase !
 WARNING:
 epicentral distance: 345.3 > dmax ( 300.0) ==> skipping phase !
 WARNING:
 epicentral distance: 391.9 > dmax ( 300.0) ==> skipping phase !
  54 170407 1729  3.40 74.8930N 128.6300E  15.60 -83.67 322.81  15.60 1.80 0   2
 WARNING:
 epicentral distance: 311.3 > dmax ( 300.0) ==> skipping phase !
 WARNING:
 epicentral distance: 315.4 > dmax ( 300.0) ==> skipping phase !
 WARNING:
 epicentral distance: 328.9 > dmax ( 300.0) ==> skipping phase !
 WARNING:
 epicentral distance: 374.2 > dmax ( 300.0) ==> skipping phase !
  55 170407 1729  3.50 74.7270N 128.8100E   0.40 -89.83 304.29   0.40 1.60 0   5
  56 170408 1004 44.90 72.6070N 124.9400E  15.00  35.98  67.73  15.00 1.40 0  13
  57 170409 0856 47.20 73.3850N 128.5500E  15.60 -84.71 154.54  15.60 2.50 0   6
  58 170409 0902 45.60 73.3500N 128.4400E  15.10 -81.13 150.64  15.10 1.10 0   7
  59 170410 1520  8.50 72.0030N 128.3900E   2.70 -82.46   0.33   2.70 1.00 0  10
  60 170410 1813  3.60 70.9360N 129.1200E   3.70-110.72-118.73   3.70 2.20 0  13
  61 170412 1507  0.60 71.5070N 129.7200E   0.00-130.05 -55.01   0.00 0.70 0   6
  62 170413 0651 20.10 73.3680N 125.4200E  15.60  19.28 152.65  15.60 1.00 0  10
  63 170414 0459 18.80 72.2680N 127.3800E  20.10 -47.27  29.90  20.10 0.50 0   7
  64 170414 0540  4.80 73.6400N 130.9700E   8.00-163.92 183.00   8.00 1.80 0  11
  65 170414 1656 23.40 72.1850N 127.4000E  15.50 -48.06  20.64  15.50 0.20 0   6
  66 170414 1753 32.80 72.3840N 130.4600E  17.90-152.30  42.85  17.90 0.70 0   6
  67 170416 0523 41.90 71.9560N 127.0800E  19.20 -37.31  -4.91  19.20 1.60 0  13
  68 170416 1220 14.20 72.9470N 124.4900E  20.40  50.77 105.67  20.40 1.00 0  11
 WARNING:
 epicentral distance: 320.3 > dmax ( 300.0) ==> skipping phase !
 WARNING:
 epicentral distance: 381.0 > dmax ( 300.0) ==> skipping phase !
 WARNING:
 epicentral distance: 398.8 > dmax ( 300.0) ==> skipping phase !
 WARNING:
 epicentral distance: 405.0 > dmax ( 300.0) ==> skipping phase !
 WARNING:
 epicentral distance: 424.8 > dmax ( 300.0) ==> skipping phase !
 WARNING:
 epicentral distance: 431.2 > dmax ( 300.0) ==> skipping phase !
 WARNING:
 epicentral distance: 445.5 > dmax ( 300.0) ==> skipping phase !
 WARNING:
 epicentral distance: 451.8 > dmax ( 300.0) ==> skipping phase !
 WARNING:
 epicentral distance: 464.3 > dmax ( 300.0) ==> skipping phase !
  69 170416 1257 48.30 68.8710N 131.7500E  73.50-214.97-349.14  73.50 2.20 0   0
  70 170416 1821  5.50 72.8670N 125.0000E  19.30  33.70  96.74  19.30 1.30 0  13
  71 170418 0606  4.10 72.5080N 125.8200E   1.30   6.13  56.68   1.30 0.20 0   6
 WARNING:
 epicentral distance: 315.2 > dmax ( 300.0) ==> skipping phase !
 WARNING:
 epicentral distance: 332.1 > dmax ( 300.0) ==> skipping phase !
 WARNING:
 epicentral distance: 345.3 > dmax ( 300.0) ==> skipping phase !
 WARNING:
 epicentral distance: 352.6 > dmax ( 300.0) ==> skipping phase !
 WARNING:
 epicentral distance: 346.7 > dmax ( 300.0) ==> skipping phase !
 WARNING:
 epicentral distance: 356.6 > dmax ( 300.0) ==> skipping phase !
 WARNING:
 epicentral distance: 363.9 > dmax ( 300.0) ==> skipping phase !
 WARNING:
 epicentral distance: 372.8 > dmax ( 300.0) ==> skipping phase !
 WARNING:
 epicentral distance: 378.6 > dmax ( 300.0) ==> skipping phase !
 WARNING:
 epicentral distance: 378.6 > dmax ( 300.0) ==> skipping phase !
  72 170418 1005 56.80 69.3310N 122.4100E  97.00 132.70-297.82  97.00 2.20 0   1
  73 170418 1500 12.90 72.7340N 124.5100E  23.10  50.40  81.90  23.10 1.30 0  12
  74 170420 1302 36.20 72.6290N 129.0200E  21.80-102.44  70.19  21.80 0.90 0  11
  75 170420 2248 46.70 72.0220N 129.1200E   0.00-107.59   2.46   0.00 0.70 0  11
 WARNING:
 epicentral distance: 313.1 > dmax ( 300.0) ==> skipping phase !
 WARNING:
 epicentral distance: 324.4 > dmax ( 300.0) ==> skipping phase !
 WARNING:
 epicentral distance: 324.2 > dmax ( 300.0) ==> skipping phase !
 WARNING:
 epicentral distance: 342.4 > dmax ( 300.0) ==> skipping phase !
 WARNING:
 epicentral distance: 349.0 > dmax ( 300.0) ==> skipping phase !
 WARNING:
 epicentral distance: 380.2 > dmax ( 300.0) ==> skipping phase !
 WARNING:
 epicentral distance: 381.6 > dmax ( 300.0) ==> skipping phase !
 WARNING:
 epicentral distance: 408.0 > dmax ( 300.0) ==> skipping phase !
  76 170423 0850 54.60 74.7080N 132.7900E   0.10-217.19 302.17   0.10 1.90 0   0
  77 170423 1455 44.10 72.8400N 124.4900E  16.80  50.92  93.73  16.80 0.60 0   8
  78 170423 2313 41.80 72.5960N 124.8700E  22.00  38.36  66.50  22.00 1.30 0  12
  79 170424 0609 58.60 71.9600N 128.0200E   0.10 -69.77  -4.46   0.10 1.10 0  12
  80 170424 0755 26.70 71.9480N 128.0300E   0.00 -70.14  -5.80   0.00 1.00 0  12
  81 170424 0755 26.90 71.9590N 128.0300E   0.00 -70.12  -4.57   0.00 1.00 0  12
  82 170425 0652 23.30 71.9600N 128.0300E   0.00 -70.12  -4.46   0.00 1.20 0   9
  83 170426 0051 23.20 71.9450N 128.0600E   6.60 -71.18  -6.14   6.60 0.70 0   6
  84 170426 1425 21.20 72.0790N 127.2600E  21.00 -43.38   8.82  21.00 0.10 0   6
  85 170426 1834 24.60 71.5840N 130.8000E  10.90-167.46 -46.42  10.90 1.20 0   8
  86 170426 1840 44.10 72.2710N 126.3600E  18.10 -12.33  30.24  18.10 1.30 0   8
  87 170427 0912 28.80 72.0640N 127.7900E   2.60 -61.65   7.14   2.60 0.90 0   8
  88 170427 1041 38.10 71.7480N 128.9900E   8.40-103.86 -28.12   8.40 0.70 0   7
  89 170427 2010 47.80 72.8010N 130.2000E  20.20-141.80  89.38  20.20 1.30 0   8
  90 170427 2010 48.30 72.7890N 130.1400E  20.10-139.82  88.04  20.10 1.30 0   8
  91 170427 2342 34.10 72.7630N 125.0100E  19.50  33.46  85.14  19.50 0.80 0   6

 readings for station 624  :  74
 readings for station 628  :  69
 readings for station 630  :  53
 readings for station 627  :  46
 readings for station 621  :  59
 readings for station 629  :  43
 readings for station 622  :  58
 readings for station 620  :  48
 readings for station 623  :  55
 readings for station 626  :  52
 readings for station 625  :  49
 readings for station 631  :  49
 readings for station 632  :  24

 Total number of stations with readings:  13

 Total number of readings:     679
 Total number of P readings:       0
 Total number of S readings:       0


 ~~~ store parts of G ...
 ~~~ compute RMS and DATVAR ...

 Total number of observations is:   679


 $$$$$$$$$$$$$$$$$$$$$$$$$$$$$$$$$$$$$$$$$$$$$$$$$
 Events with  | AVRES | > 1.0 SEC are suspicious !

 Event#  10 >>>  160920 1607  AVRES =  1.68 NOBS =  2
 Event#  11 >>>  160925 1911  AVRES =  1.32 NOBS =  2
 Event#  57 >>>  170409 0856  AVRES =  1.10 NOBS =  6
 Event#  58 >>>  170409 0902  AVRES =  1.18 NOBS =  7
 Event#  62 >>>  170413 0651  AVRES =  1.02 NOBS = 10
 Event#  64 >>>  170414 0540  AVRES =  1.29 NOBS = 11
 Event#  66 >>>  170414 1753  AVRES =  1.02 NOBS =  6
 Event#  72 >>>  170418 1005  AVRES =  1.46 NOBS =  1
 Event#  89 >>>  170427 2010  AVRES =  1.03 NOBS =  8

 ^^^^^^^^^ C H E C K   these events above ^^^^^^^^
 $$$$$$$$$$$$$$$$$$$$$$$$$$$$$$$$$$$$$$$$$$$$$$$$$

 ~~~ save initial datvar ...

 Iteration nr  0 obtained:
 DATVAR=    0.731544 mean sqrd residual=     0.329680  RMS RESIDUAL=     0.574177

 After  0 iterations we got:
 Average absolute & unweighted [and mean] residual of
   371 straight and direct rays =  0.38440 [  0.31416]
   308 refracted           rays =  0.77492 [  0.67400]
     0 reflected           rays =  0.00000 [  0.00000]

   679 ALL                 RAYS =  0.56155 [  0.47739]        0.00 %




--------------------------------------------------------------------------------



           ITERATION no  1

 ~~~ set units for this iteration ...
 ~~~ determine number of unknowns for this iter. ...

 Number of unknowns (for array-indexing):  nvar =  385
 Number of effective unknowns        :  nvareff =  386
 Number of elements on/below main diagonal of matrix G = At*A : kvar =   74305

 Damping factors to be used in this iteration:
   Othet=   0.010   XYthet  =   0.010   Zthet=  0.010
 STAthet=   0.010   Vthet   =   1.000

 ~~~ damp G ...
 ~~~ solve G * b = RHT ...
 ~~~ fix units ...
 ~~~ apply eventually step-length damping ...
 ~~~ adjust model (hypocenters, stacorr & veloc.) ...

 doing velocity adjustments now...

 doing station-correction adjustments...

 ~~~ compute effective step-length ...

 (Applied) Step length =   4.012

 ~~~ set units for next iteration ...
 ~~~ determine number of unknowns for next iter. ...

 Number of unknowns (for array-indexing):  nvar =  385
 Number of effective unknowns        :  nvareff =  386
 Number of elements on/below main diagonal of matrix G = At*A : kvar =   74305

 ~~~ reset G and RHT ...
 ~~~ raytracing, setup G ...
 ~~~ store parts of G ...
 ~~~ set units back for current iteration ...
 ~~~ determine number of unknowns for this iter. ...

 Number of unknowns (for array-indexing):  nvar =  385
 Number of effective unknowns        :  nvareff =  386
 Number of elements on/below main diagonal of matrix G = At*A : kvar =   74305

 ~~~ compute RMS and DATVAR ...

 $$$$$$$$$$$$$$$$$$$$$$$$$$$$$$$$$$$$$$$$$$$$$$$$$
 Events with  | AVRES | > 1.0 SEC are suspicious !

 Event#  10 >>>  160920 1607  AVRES =  1.27 NOBS =  2
 Event#  11 >>>  160925 1911  AVRES =  1.00 NOBS =  2
 Event#  72 >>>  170418 1005  AVRES =  1.10 NOBS =  1

 ^^^^^^^^^ C H E C K   these events above ^^^^^^^^
 $$$$$$$$$$$$$$$$$$$$$$$$$$$$$$$$$$$$$$$$$$$$$$$$$

 ~~~ check solution (better? worse?) ...

 Iteration nr  1 obtained:
 DATVAR=    0.510485 mean sqrd residual=     0.220283  RMS RESIDUAL=     0.469343

 After  1 iterations we got:
 Average absolute & unweighted [and mean] residual of
   365 straight and direct rays =  0.28862 [  0.22899]
   314 refracted           rays =  0.61609 [  0.52007]
     0 reflected           rays =  0.00000 [  0.00000]

   679 ALL                 RAYS =  0.44006 [  0.36360]      -21.63 %

 ~~~ iteration done; output results ...

  eq       ot     x      y      z      rms    avres   dot     dx     dy     dz
    1      9.10  38.55 111.94  23.11   0.22   0.50    0.004 -0.060  0.027  0.007
    2      9.30  37.94 110.64  22.78   0.24   0.50    0.000 -0.011  0.060 -0.021
    3     27.26-130.02  -8.02  11.71   0.50   0.58   -0.037 -0.019  0.576 -0.392
    4     15.65-131.08  -6.76  10.77   0.62   0.63   -0.050 -0.099  0.154 -0.225
    5     45.69 -40.34  38.69  23.73   0.16   0.33   -0.013 -0.008 -0.142 -0.065
    6     49.46 -36.72  40.63  16.87   0.09   0.08   -0.040  0.181 -0.099  0.365
    7     13.88-135.03-119.29   6.51   0.48   0.55   -0.124  0.186 -0.230  0.105
    8     30.38-140.99 -43.70   8.83   0.41   0.75   -0.017 -0.130  0.152  0.230
    9     39.65  10.81  56.53  12.12   0.09  -0.06   -0.051 -0.084 -0.153  0.025
   10     18.20 -87.51-308.27  16.21   1.06   1.27   -0.104 -0.439  0.034  0.010
   11      5.41 -62.81-309.65  15.62   1.28   1.00   -0.190 -0.551 -0.004  0.018
   12     51.17  34.99  94.68  15.94   0.17   0.27   -0.029 -0.081  0.053  0.341
   13     46.89  33.45  97.96  18.97   0.32   0.47   -0.014  0.092  0.104 -0.027
   14     55.84  33.32  97.47  14.09   0.31   0.25   -0.056 -0.039 -0.057  0.188
   15     44.66  34.07  97.51  17.51   0.34   0.43   -0.044  0.037  0.206  0.307
   16     44.85  34.91  96.01  18.60   0.42   0.50   -0.047 -0.147  0.267 -0.001
   17     22.06  -0.94  82.46  18.52   0.34   0.30   -0.042  0.079  0.116  0.020
   18     36.45 -33.93   4.50  11.36   0.16   0.07   -0.053  0.188  0.032  0.162
   19     33.27  41.26  64.05  10.20   0.09  -0.01   -0.029 -0.182 -0.115  0.098
   20     45.96  37.77  85.16  15.99   0.34   0.36   -0.044 -0.081  0.019 -0.206
   21     34.07  36.43  82.77  14.15   0.53   0.24   -0.026 -0.088 -0.022 -0.351
   22     25.86  35.57  85.42  13.40   0.31   0.14   -0.041 -0.253  0.060 -0.097
   23     15.87  35.22  86.23  11.16   0.43   0.12   -0.028 -0.256 -0.134 -0.440
   24      1.91  34.80  82.42   6.16   0.49   0.02   -0.090 -0.041  0.411  0.463
   25     48.63 -45.87  23.55  22.22   0.09   0.28    0.027  0.097 -0.215  0.218
   26     27.57 -70.15  -3.75  10.45   0.13   0.03   -0.028  0.296 -0.070  0.148
   27      0.19  -0.59  49.27  12.96   0.35   0.14   -0.011  0.095 -0.273 -0.138
   28     59.07  37.58  76.32  11.20   0.52   0.33   -0.031 -0.016  0.107 -0.298
   29     20.19-148.63 -12.40  14.38   0.38   0.72   -0.012  0.191  0.434 -0.417
   30      2.91  35.83  76.62  12.74   0.60   0.40    0.014 -0.068 -0.154 -0.665
   31     20.97  36.25  77.40  13.92   0.43   0.30   -0.025 -0.320 -0.044 -0.283
   32     50.77  36.73  77.07  15.25   0.26   0.13   -0.033 -0.180 -0.036 -0.050
   33      0.80  37.20  76.11  15.53   0.34   0.23    0.001 -0.055 -0.104 -0.068
   34     55.42 -16.93  34.87  24.47   0.09   0.25    0.022  0.173 -0.054 -0.035
   35     39.24 -71.37  -8.25   3.42   0.21   0.02    0.038  0.547  0.230  0.023
   36     59.09  36.48  77.83  15.03   0.45   0.35   -0.009 -0.086 -0.057 -0.067
   37      5.57  31.21  50.11  14.76   0.14   0.07   -0.026 -0.148 -0.107 -0.145
   38     46.49  72.97  73.09  16.90   0.43   0.42   -0.009 -0.252  0.112 -0.004
   39     14.04   0.71  26.11   3.89   0.11  -0.14   -0.061  0.028 -0.115 -0.008
   40     14.57 -41.86  13.95  16.55   0.22   0.10   -0.035  0.091 -0.001 -0.246
   41     56.35  34.73  78.99   5.44   0.10  -0.06   -0.047 -0.132 -0.124  0.342
   42     34.29  -3.98  46.18  17.96   0.12   0.11   -0.011  0.117 -0.123 -0.037
   43     24.62-110.21 -38.93   5.04   0.33  -0.00    0.023  0.549  0.457 -0.157
   44     49.65  30.20  50.45   8.49   0.06  -0.12   -0.049 -0.133 -0.096  0.186
   45     41.22-144.91  45.68  18.30   0.29   0.75    0.016  0.132  0.268 -0.001
   46     34.08 -57.43  -0.81  16.19   0.12   0.14   -0.018  0.205 -0.032  0.090
   47      1.01  10.60  80.57  21.98   0.30   0.49    0.013  0.108  0.006  0.077
   48     37.23  10.61  81.57  23.54   0.15   0.38    0.027  0.125 -0.001  0.036
   49     35.69  54.61  84.63  22.58   0.29   0.34   -0.008 -0.152  0.049 -0.019
   50     36.11-102.32 -35.56  15.10   0.45   0.51    0.012  0.332  0.030 -0.197
   51     53.14-101.05 -54.75   8.86   0.59   0.59   -0.064  0.325 -0.077 -0.444
   52     43.19-115.36  43.41  15.17   0.45   0.64   -0.012  0.056  0.453 -0.335
   53      1.01  10.58  80.78  21.38   0.31   0.52    0.012  0.093  0.107  0.077
   54      2.80 -83.71 322.72  15.66   0.42   0.02   -0.600 -0.037 -0.087  0.058
   55      3.00 -89.76 304.25   0.47   0.31   0.19   -0.496  0.073 -0.041  0.070
   56     44.89  35.83  67.52  14.57   0.44   0.32   -0.015 -0.144 -0.215 -0.428
   57     47.08 -84.79 154.64  15.47   0.46   0.83   -0.122 -0.077  0.100 -0.132
   58     45.57 -80.80 150.94  15.20   0.31   0.89   -0.034  0.335  0.299  0.100
   59      8.51 -82.00   0.39   2.67   0.70   0.17    0.013  0.457  0.059 -0.035
   60      3.58-110.19-118.38   3.43   0.67   0.70   -0.017  0.529  0.347 -0.270
   61      0.56-130.50 -54.86   0.70   0.57   0.16   -0.044 -0.450  0.149  0.589
   62     20.09  19.55 152.42  15.27   0.45   0.78   -0.009  0.277 -0.230 -0.329
   63     18.81 -47.20  29.81  20.13   0.27   0.28    0.009  0.074 -0.094  0.032
   64      4.63-162.88 184.48   8.31   0.70   0.98   -0.169  1.036  1.486  0.309
   65     23.39 -47.86  20.44  15.66   0.09   0.09   -0.012  0.207 -0.207  0.158
   66     32.86-152.06  43.36  17.90   0.32   0.78    0.057  0.241  0.513 -0.003
   67     41.92 -37.16  -5.02  18.84   0.34   0.35    0.022  0.147 -0.105 -0.362
   68     14.17  50.71 106.06  20.15   0.39   0.62   -0.028 -0.064  0.393 -0.247
   69     48.30-214.97-349.14  73.50   0.00   0.00    0.000  0.000  0.000  0.000
   70      5.46  33.81  97.00  19.36   0.33   0.57   -0.038  0.110  0.252  0.060
   71      4.08   6.15  56.63   0.81   0.56  -0.07   -0.018  0.026 -0.057 -0.495
   72     56.39 132.67-297.78  96.99   1.20   1.10   -0.406 -0.028  0.037 -0.010
   73     12.89  50.51  81.76  23.24   0.30   0.52   -0.005  0.111 -0.143  0.141
   74     36.18-102.44  70.37  21.96   0.17   0.62   -0.022  0.005  0.188  0.160
 ***** depth constrained for event    75
   75     46.66-107.84   2.93   0.11   1.01   0.34   -0.043 -0.251  0.473 -0.100
   76     54.60-217.19 302.17   0.10   0.00   0.00    0.000  0.000  0.000  0.000
   77     44.08  50.86  93.78  16.71   0.29   0.40   -0.020 -0.063  0.054 -0.090
   78     41.79  38.48  66.31  22.03   0.29   0.39   -0.010  0.114 -0.195  0.033
   79     58.62 -69.54  -4.46   0.31   0.47   0.07    0.016  0.231  0.002  0.213
   80     26.72 -70.01  -5.88   0.41   0.43   0.11    0.016  0.127 -0.079  0.304
   81     26.91 -69.91  -4.61   0.16   0.51   0.11    0.011  0.214 -0.037  0.047
   82     23.29 -69.87  -4.47   0.26   0.38  -0.07   -0.007  0.249 -0.004  0.154
   83     23.17 -70.88  -6.11   6.93   0.13  -0.05   -0.025  0.301  0.026  0.328
   84     21.21 -43.17   8.52  21.00   0.07   0.21    0.010  0.215 -0.293  0.001
   85     24.54-167.60 -46.09  10.93   0.36   0.74   -0.061 -0.135  0.329  0.028
   86     44.09 -12.27  30.11  17.97   0.23   0.17   -0.012  0.063 -0.132 -0.135
   87     28.79 -61.50   6.97   2.74   0.10  -0.01   -0.007  0.157 -0.176  0.137
   88     38.04-103.65 -28.15   8.30   0.51   0.20   -0.058  0.213 -0.033 -0.099
   89     47.77-141.81  89.55  20.24   0.23   0.78   -0.033 -0.017  0.175  0.037
   90     48.26-139.75  88.32  20.13   0.21   0.75   -0.036  0.063  0.280  0.034
   91     34.07  33.59  85.06  19.50   0.39   0.49   -0.028  0.136 -0.082  0.000

 A V E R A G E   of ADJUSTMENTS :                    -0.040  0.051  0.053 -0.018
 A V E R A G E   of ABSOLUTE ADJUSTMENTS :            0.048  0.169  0.160  0.162


 Step length damping of 0.23672 was applied.


 Velocity adjustments:
     vp    dvp      hp   reflector
 Velocity model   1
   5.521  0.071   -5.000      
   6.031 -0.029    3.620      
   6.442 -0.098   11.150      
   6.915 -0.095   18.930      
   7.063 -0.017   28.070      
   7.078 -0.012   31.700      
   7.231 -0.019   34.140      
   7.333 -0.047   38.110      
   8.260 -0.200   47.540      

 Calculation of average velocity starts at layer #           1
 z = -5.00 ...  3.62    v = 5.52    AVEL = 5.52 downto z =   3.62
 z =  3.62 ... 11.15    v = 6.03    AVEL = 5.76 downto z =  11.15
 z = 11.15 ... 18.93    v = 6.44    AVEL = 5.98 downto z =  18.93
 z = 18.93 ... 28.07    v = 6.91    AVEL = 6.24 downto z =  28.07
 z = 28.07 ... 31.70    v = 7.06    AVEL = 6.32 downto z =  31.70
 z = 31.70 ... 34.14    v = 7.08    AVEL = 6.37 downto z =  34.14
 z = 34.14 ... 38.11    v = 7.23    AVEL = 6.45 downto z =  38.11
 z = 38.11 ... 47.54    v = 7.33    AVEL = 6.61 downto z =  47.54


 Calculation of average velocity starts at layer #           2
 z =  3.62 ... 11.15    v = 6.03    AVEL = 6.03 downto z =  11.15
 z = 11.15 ... 18.93    v = 6.44    AVEL = 6.24 downto z =  18.93
 z = 18.93 ... 28.07    v = 6.91    AVEL = 6.49 downto z =  28.07
 z = 28.07 ... 31.70    v = 7.06    AVEL = 6.57 downto z =  31.70
 z = 31.70 ... 34.14    v = 7.08    AVEL = 6.61 downto z =  34.14
 z = 34.14 ... 38.11    v = 7.23    AVEL = 6.68 downto z =  38.11
 z = 38.11 ... 47.54    v = 7.33    AVEL = 6.82 downto z =  47.54



 Adjusted station corrections:
   stn  ptcor  dpcor  
  624   0.000  0.000  628  -0.053 -0.053  630  -0.030 -0.030  627   0.022  0.022
  621   0.005  0.005  629   0.032  0.032  622   0.010  0.010  620  -0.011 -0.011
  623   0.060  0.060  626   0.035  0.035  625   0.035  0.035  631   0.032  0.032
  632  -0.080 -0.080

 ~~~ another iteration? ...



--------------------------------------------------------------------------------



           ITERATION no  2

 ~~~ set units for this iteration ...
 ~~~ determine number of unknowns for this iter. ...

 Number of unknowns (for array-indexing):  nvar =  385
 Number of effective unknowns        :  nvareff =  386
 Number of elements on/below main diagonal of matrix G = At*A : kvar =   74305

 Damping factors to be used in this iteration:
   Othet=   0.010   XYthet  =   0.010   Zthet=  0.010
 STAthet=   0.010   Vthet   =   1.000

 ~~~ damp G ...
 ~~~ solve G * b = RHT ...
 ~~~ fix units ...
 ~~~ apply eventually step-length damping ...
 ~~~ adjust model (hypocenters, stacorr & veloc.) ...

 doing velocity adjustments now...
 WARNING: Tried to introduce a low-velocity-layer! (Layer  6)
 Setting DVP from -0.01 to 0.0 and VP to vp(layer_above)+0.001

 doing station-correction adjustments...

 ~~~ compute effective step-length ...

 (Applied) Step length =   4.467

 ~~~ set units for next iteration ...
 ~~~ determine number of unknowns for next iter. ...

 Number of unknowns (for array-indexing):  nvar =  385
 Number of effective unknowns        :  nvareff =  386
 Number of elements on/below main diagonal of matrix G = At*A : kvar =   74305

 ~~~ reset G and RHT ...
 ~~~ raytracing, setup G ...
 ~~~ store parts of G ...
 ~~~ set units back for current iteration ...
 ~~~ determine number of unknowns for this iter. ...

 Number of unknowns (for array-indexing):  nvar =  385
 Number of effective unknowns        :  nvareff =  386
 Number of elements on/below main diagonal of matrix G = At*A : kvar =   74305

 ~~~ compute RMS and DATVAR ...

 $$$$$$$$$$$$$$$$$$$$$$$$$$$$$$$$$$$$$$$$$$$$$$$$$
 Events with  | AVRES | > 1.0 SEC are suspicious !

 ZERO events of this kind found! (lucky guy!!!)

 ~~~ check solution (better? worse?) ...

 Iteration nr  2 obtained:
 DATVAR=    0.342816 mean sqrd residual=     0.147931  RMS RESIDUAL=     0.384618

 After  2 iterations we got:
 Average absolute & unweighted [and mean] residual of
   346 straight and direct rays =  0.19664 [  0.14178]
   333 refracted           rays =  0.48796 [  0.39448]
     0 reflected           rays =  0.00000 [  0.00000]

   679 ALL                 RAYS =  0.33951 [  0.26571]      -22.85 %

 ~~~ iteration done; output results ...

  eq       ot     x      y      z      rms    avres   dot     dx     dy     dz
    1      9.11  38.47 111.98  23.12   0.20   0.36    0.005 -0.082  0.037  0.008
    2      9.30  37.91 110.72  22.75   0.21   0.35   -0.000 -0.031  0.077 -0.025
    3     27.22-130.05  -7.44  11.30   0.42   0.43   -0.041 -0.033  0.576 -0.412
    4     15.60-131.20  -6.57  10.49   0.50   0.45   -0.054 -0.116  0.196 -0.285
    5     45.68 -40.36  38.54  23.64   0.13   0.23   -0.010 -0.014 -0.150 -0.091
    6     49.42 -36.55  40.54  17.25   0.09   0.06   -0.041  0.172 -0.086  0.386
    7     13.75-134.79-119.57   6.62   0.37   0.43   -0.122  0.236 -0.282  0.118
    8     30.36-141.14 -43.57   9.11   0.32   0.54   -0.020 -0.148  0.131  0.280
    9     39.61  10.71  56.38  12.14   0.08  -0.04   -0.043 -0.092 -0.148  0.013
   10     18.08 -88.05-308.23  16.22   1.00   0.92   -0.113 -0.540  0.042  0.011
   11      5.22 -63.50-309.66  15.64   1.24   0.72   -0.193 -0.682 -0.007  0.019
   12     51.14  34.90  94.73  16.31   0.11   0.19   -0.027 -0.081  0.058  0.369
   13     46.87  33.52  98.08  18.94   0.26   0.33   -0.014  0.076  0.121 -0.028
   14     55.80  33.27  97.39  14.33   0.22   0.19   -0.048 -0.046 -0.075  0.237
   15     44.61  34.12  97.73  17.82   0.30   0.33   -0.042  0.046  0.223  0.313
   16     44.80  34.75  96.31  18.60   0.36   0.37   -0.049 -0.162  0.302  0.001
   17     22.02  -0.89  82.58  18.54   0.25   0.21   -0.040  0.049  0.116  0.020
   18     36.40 -33.75   4.56  11.52   0.12   0.05   -0.043  0.183  0.061  0.162
   19     33.26  41.01  64.04  10.22   0.09  -0.00   -0.016 -0.253 -0.003  0.019
   20     45.92  37.67  85.18  15.76   0.26   0.25   -0.040 -0.098  0.023 -0.238
   21     34.08  36.24  82.62  13.39   0.44   0.17    0.004 -0.191 -0.157 -0.762
   22     25.82  35.30  85.49  13.29   0.25   0.10   -0.036 -0.273  0.067 -0.108
   23     15.85  34.94  86.07  10.66   0.36   0.07   -0.019 -0.283 -0.162 -0.501
   24      1.82  34.73  82.88   6.69   0.44   0.01   -0.091 -0.064  0.454  0.530
   25     48.65 -45.78  23.34  22.45   0.07   0.20    0.025  0.097 -0.210  0.231
   26     27.55 -69.87  -3.86  10.58   0.09   0.02   -0.022  0.284 -0.109  0.135
   27      0.18  -0.51  48.99  12.82   0.26   0.10   -0.006  0.080 -0.282 -0.142
   28     59.04  37.53  76.41  10.91   0.40   0.23   -0.026 -0.050  0.094 -0.293
   29     20.18-148.41 -11.97  13.93   0.30   0.52   -0.009  0.223  0.426 -0.456
   30      2.93  35.72  76.45  12.05   0.49   0.29    0.019 -0.107 -0.165 -0.687
   31     20.96  35.92  77.35  13.64   0.35   0.22   -0.019 -0.333 -0.048 -0.276
   32     50.74  36.54  77.04  15.20   0.20   0.09   -0.027 -0.194 -0.027 -0.052
   33      0.81  37.13  76.00  15.46   0.28   0.16    0.005 -0.073 -0.104 -0.070
   34     55.45 -16.77  34.83  24.41   0.07   0.17    0.024  0.168 -0.043 -0.056
   35     39.28 -70.85  -8.14   3.42   0.21   0.02    0.042  0.513  0.111 -0.003
   36     59.09  36.38  77.76  14.99   0.36   0.24   -0.005 -0.096 -0.064 -0.044
   37      5.56  31.05  50.00  14.58   0.12   0.05   -0.018 -0.161 -0.101 -0.172
   38     46.49  72.66  73.21  16.92   0.36   0.30    0.002 -0.310  0.121  0.022
   39     13.99   0.72  25.99   3.90   0.10  -0.10   -0.052  0.011 -0.115  0.011
   40     14.54 -41.76  13.95  16.29   0.18   0.07   -0.028  0.102  0.001 -0.259
   41     56.31  34.59  78.85   5.85   0.09  -0.04   -0.039 -0.144 -0.135  0.408
   42     34.28  -3.87  46.06  17.91   0.09   0.08   -0.006  0.104 -0.122 -0.053
   43     24.66-109.54 -38.50   4.84   0.28  -0.00    0.038  0.673  0.432 -0.200
   44     49.61  30.06  50.36   8.69   0.07  -0.08   -0.042 -0.145 -0.090  0.201
   45     41.23-144.77  45.95  18.30   0.22   0.55    0.015  0.134  0.271 -0.001
   46     34.07 -57.22  -0.87  16.29   0.09   0.10   -0.016  0.202 -0.053  0.100
   47      1.03  10.69  80.56  22.07   0.29   0.38    0.014  0.094 -0.007  0.088
   48     37.26  10.72  81.55  23.57   0.10   0.27    0.028  0.113 -0.014  0.038
   49     35.69  54.42  84.69  22.56   0.22   0.24   -0.003 -0.182  0.059 -0.025
   50     36.13-101.95 -35.52  14.87   0.36   0.36    0.017  0.377  0.040 -0.236
   51     53.07-100.66 -54.74   8.12   0.52   0.44   -0.064  0.393  0.014 -0.734
   52     43.17-115.34  43.88  14.82   0.37   0.45   -0.022  0.017  0.468 -0.348
   53      1.02  10.66  80.88  21.46   0.27   0.39    0.012  0.079  0.100  0.088
   54      2.21 -83.76 322.63  15.72   0.38   0.02   -0.586 -0.051 -0.092  0.057
   55      2.52 -89.68 304.21   0.53   0.24   0.15   -0.480  0.083 -0.038  0.065
   56     44.88  35.67  67.30  14.17   0.36   0.23   -0.009 -0.159 -0.218 -0.402
   57     46.95 -84.89 154.79  15.34   0.35   0.65   -0.125 -0.106  0.141 -0.126
   58     45.53 -80.45 151.29  15.35   0.25   0.65   -0.039  0.350  0.355  0.147
   59      8.53 -81.51   0.37   2.47   0.60   0.12    0.016  0.493 -0.025 -0.194
   60      3.57-109.81-117.88   3.09   0.57   0.52   -0.016  0.377  0.503 -0.342
   61      0.51-131.01 -54.75   1.44   0.49   0.11   -0.046 -0.516  0.112  0.739
   62     20.08  19.82 152.17  14.93   0.37   0.55   -0.007  0.264 -0.246 -0.343
   63     18.82 -47.12  29.71  20.16   0.21   0.19    0.011  0.074 -0.103  0.027
   64      4.45-161.77 186.12   8.65   0.62   0.74   -0.176  1.115  1.633  0.344
   65     23.38 -47.65  20.24  15.83   0.07   0.06   -0.011  0.206 -0.196  0.175
   66     32.91-151.81  43.91  17.89   0.30   0.55    0.054  0.247  0.547 -0.003
   67     41.93 -37.06  -5.09  18.47   0.28   0.25    0.010  0.097 -0.079 -0.368
   68     14.14  50.64 106.52  19.86   0.34   0.44   -0.035 -0.069  0.458 -0.293
   69     48.30-214.97-349.14  73.50   0.00   0.00    0.000  0.000  0.000  0.000
   70      5.42  33.91  97.27  19.41   0.28   0.43   -0.040  0.097  0.276  0.053
   71      4.08   6.16  56.59   0.25   0.54  -0.05   -0.005  0.012 -0.038 -0.553
   72     55.95 132.64-297.74  96.98   0.59   0.77   -0.448 -0.032  0.042 -0.012
   73     12.89  50.54  81.90  23.29   0.24   0.38   -0.004  0.034  0.143  0.054
   74     36.15-102.46  70.57  22.17   0.17   0.45   -0.025 -0.022  0.198  0.214
   75     46.62-108.23   3.59   0.03   0.95   0.24   -0.037 -0.392  0.660 -0.080
   76     54.60-217.19 302.17   0.10   0.00   0.00    0.000  0.000  0.000  0.000
   77     44.06  50.78  93.85  16.62   0.22   0.28   -0.017 -0.085  0.065 -0.085
   78     41.78  38.58  66.11  22.08   0.24   0.28   -0.007  0.104 -0.201  0.045
   79     58.64 -69.31  -4.47   0.61   0.43   0.05    0.026  0.226 -0.006  0.296
   80     26.74 -69.88  -5.97   0.81   0.37   0.07    0.026  0.127 -0.085  0.400
   81     26.93 -69.69  -4.65   0.26   0.45   0.08    0.022  0.211 -0.042  0.102
   82     23.30 -69.62  -4.48   0.49   0.33  -0.05    0.005  0.244 -0.013  0.226
   83     23.16 -70.57  -6.05   7.30   0.09  -0.04   -0.018  0.312  0.060  0.375
   84     21.22 -42.94   8.22  21.01   0.06   0.15    0.009  0.225 -0.299  0.013
   85     24.48-167.74 -45.75  10.94   0.31   0.55   -0.062 -0.141  0.341  0.011
   86     44.08 -12.21  29.97  17.84   0.17   0.12   -0.010  0.056 -0.136 -0.129
   87     28.80 -61.32   6.78   3.01   0.08  -0.01    0.009  0.179 -0.185  0.274
   88     37.99-103.39 -28.20   8.18   0.44   0.15   -0.050  0.259 -0.046 -0.119
   89     47.73-141.86  89.75  20.28   0.23   0.61   -0.036 -0.043  0.193  0.048
   90     48.22-139.71  88.62  20.18   0.20   0.58   -0.039  0.044  0.305  0.045
   91     34.05  33.73  84.96  19.50   0.32   0.36   -0.025  0.132 -0.094  0.000

 A V E R A G E   of ADJUSTMENTS :                    -0.038  0.037  0.063 -0.023
 A V E R A G E   of ABSOLUTE ADJUSTMENTS :            0.047  0.182  0.171  0.188


 Step length damping of 0.28959 was applied.


 Velocity adjustments:
     vp    dvp      hp   reflector
 Velocity model   1
   5.609  0.088   -5.000      
   5.995 -0.035    3.620      
   6.347 -0.095   11.150      
   6.828 -0.087   18.930      
   7.119  0.057   28.070      
   7.120  0.000   31.700      
   7.210 -0.021   34.140      
   7.282 -0.051   38.110      
   8.060 -0.200   47.540      

 Calculation of average velocity starts at layer #           1
 z = -5.00 ...  3.62    v = 5.61    AVEL = 5.61 downto z =   3.62
 z =  3.62 ... 11.15    v = 6.00    AVEL = 5.79 downto z =  11.15
 z = 11.15 ... 18.93    v = 6.35    AVEL = 5.97 downto z =  18.93
 z = 18.93 ... 28.07    v = 6.83    AVEL = 6.21 downto z =  28.07
 z = 28.07 ... 31.70    v = 7.12    AVEL = 6.30 downto z =  31.70
 z = 31.70 ... 34.14    v = 7.12    AVEL = 6.35 downto z =  34.14
 z = 34.14 ... 38.11    v = 7.21    AVEL = 6.43 downto z =  38.11
 z = 38.11 ... 47.54    v = 7.28    AVEL = 6.58 downto z =  47.54


 Calculation of average velocity starts at layer #           2
 z =  3.62 ... 11.15    v = 6.00    AVEL = 6.00 downto z =  11.15
 z = 11.15 ... 18.93    v = 6.35    AVEL = 6.17 downto z =  18.93
 z = 18.93 ... 28.07    v = 6.83    AVEL = 6.42 downto z =  28.07
 z = 28.07 ... 31.70    v = 7.12    AVEL = 6.51 downto z =  31.70
 z = 31.70 ... 34.14    v = 7.12    AVEL = 6.56 downto z =  34.14
 z = 34.14 ... 38.11    v = 7.21    AVEL = 6.63 downto z =  38.11
 z = 38.11 ... 47.54    v = 7.28    AVEL = 6.77 downto z =  47.54



 Adjusted station corrections:
   stn  ptcor  dpcor  
  624   0.000  0.000  628  -0.105 -0.052  630  -0.061 -0.032  627   0.041  0.019
  621   0.006  0.001  629   0.061  0.029  622   0.016  0.006  620  -0.027 -0.016
  623   0.112  0.053  626   0.063  0.028  625   0.065  0.031  631   0.065  0.033
  632  -0.159 -0.079

 ~~~ another iteration? ...



--------------------------------------------------------------------------------



           ITERATION no  3

 ~~~ set units for this iteration ...
 ~~~ determine number of unknowns for this iter. ...

 Number of unknowns (for array-indexing):  nvar =  385
 Number of effective unknowns        :  nvareff =  386
 Number of elements on/below main diagonal of matrix G = At*A : kvar =   74305

 Damping factors to be used in this iteration:
   Othet=   0.010   XYthet  =   0.010   Zthet=  0.010
 STAthet=   0.010   Vthet   =   1.000

 ~~~ damp G ...
 ~~~ solve G * b = RHT ...
 ~~~ fix units ...
 ~~~ apply eventually step-length damping ...
 ~~~ adjust model (hypocenters, stacorr & veloc.) ...

 doing velocity adjustments now...

 doing station-correction adjustments...

 ~~~ compute effective step-length ...

 (Applied) Step length =   6.940

 ~~~ set units for next iteration ...
 ~~~ determine number of unknowns for next iter. ...

 Number of unknowns (for array-indexing):  nvar =  385
 Number of effective unknowns        :  nvareff =  386
 Number of elements on/below main diagonal of matrix G = At*A : kvar =   74305

 ~~~ reset G and RHT ...
 ~~~ raytracing, setup G ...
 ~~~ store parts of G ...
 ~~~ set units back for current iteration ...
 ~~~ determine number of unknowns for this iter. ...

 Number of unknowns (for array-indexing):  nvar =  385
 Number of effective unknowns        :  nvareff =  386
 Number of elements on/below main diagonal of matrix G = At*A : kvar =   74305

 ~~~ compute RMS and DATVAR ...

 $$$$$$$$$$$$$$$$$$$$$$$$$$$$$$$$$$$$$$$$$$$$$$$$$
 Events with  | AVRES | > 1.0 SEC are suspicious !

 ZERO events of this kind found! (lucky guy!!!)

 ~~~ check solution (better? worse?) ...

 Iteration nr  3 obtained:
 DATVAR=    0.189195 mean sqrd residual=     0.081641  RMS RESIDUAL=     0.285728

 After  3 iterations we got:
 Average absolute & unweighted [and mean] residual of
   358 straight and direct rays =  0.12787 [  0.06661]
   321 refracted           rays =  0.31392 [  0.21194]
     0 reflected           rays =  0.00000 [  0.00000]

   679 ALL                 RAYS =  0.21583 [  0.13532]      -36.43 %

 ~~~ iteration done; output results ...

  eq       ot     x      y      z      rms    avres   dot     dx     dy     dz
    1      9.06  38.46 112.10  23.60   0.16   0.18   -0.047 -0.005  0.122  0.480
    2      9.26  37.85 110.78  22.79   0.18   0.18   -0.043 -0.061  0.060  0.032
    3     27.12-130.36  -6.94  11.23   0.34   0.22   -0.107 -0.311  0.500 -0.062
    4     15.45-131.55  -6.35  10.21   0.36   0.23   -0.147 -0.354  0.221 -0.279
    5     45.63 -40.31  38.37  23.67   0.07   0.11   -0.045  0.048 -0.170  0.029
    6     49.36 -36.28  40.46  17.83   0.10   0.03   -0.063  0.263 -0.078  0.580
    7     13.59-134.36-120.04   6.51   0.25   0.23   -0.162  0.432 -0.467 -0.111
    8     30.29-141.27 -43.25   9.17   0.23   0.27   -0.077 -0.133  0.318  0.063
    9     39.54  10.65  56.18  12.15   0.07  -0.02   -0.068 -0.066 -0.201  0.014
   10     17.90 -89.06-308.15  16.24   0.95   0.45   -0.185 -1.009  0.078  0.018
   11      4.93 -64.75-309.67  15.66   1.20   0.35   -0.284 -1.254 -0.018  0.028
   12     51.08  34.89  94.79  17.02   0.07   0.09   -0.062 -0.018  0.060  0.707
   13     46.81  33.54  98.27  18.93   0.19   0.16   -0.061  0.014  0.187 -0.010
   14     55.71  33.24  97.36  14.65   0.11   0.09   -0.081 -0.030 -0.034  0.323
   15     44.55  34.12  97.89  18.08   0.24   0.16   -0.065  0.005  0.155  0.258
   16     44.69  34.45  96.90  18.57   0.27   0.18   -0.113 -0.294  0.592 -0.032
   17     21.94  -0.88  82.68  18.83   0.14   0.11   -0.082  0.003  0.102  0.290
   18     36.34 -33.51   4.67  11.88   0.09   0.02   -0.066  0.245  0.117  0.357
   19     33.22  40.75  63.92  10.16   0.08   0.00   -0.037 -0.264 -0.120 -0.061
   20     45.83  37.54  85.21  15.56   0.15   0.12   -0.082 -0.136  0.032 -0.196
   21     34.07  36.00  82.31  12.42   0.31   0.09   -0.008 -0.244 -0.304 -0.969
   22     25.77  35.01  85.48  13.20   0.18   0.05   -0.056 -0.284 -0.005 -0.094
   23     15.81  34.54  85.92  10.32   0.29   0.04   -0.046 -0.394 -0.149 -0.343
   24      1.67  34.64  83.54   7.38   0.38   0.01   -0.152 -0.088  0.661  0.688
   25     48.67 -45.60  23.06  22.84   0.07   0.10    0.018  0.174 -0.279  0.391
   26     27.50 -69.59  -4.11  10.86   0.04   0.01   -0.051  0.275 -0.248  0.275
   27      0.16  -0.38  48.61  12.78   0.14   0.05   -0.028  0.126 -0.379 -0.044
   28     58.98  37.56  76.48  10.92   0.25   0.11   -0.060  0.024  0.065  0.008
   29     20.13-148.15 -11.46  13.53   0.21   0.26   -0.048  0.257  0.507 -0.397
   30      2.94  35.65  76.13  11.35   0.36   0.14    0.002 -0.078 -0.324 -0.696
   31     20.92  35.57  77.15  13.42   0.23   0.12   -0.037 -0.350 -0.198 -0.216
   32     50.69  36.33  76.97  15.20   0.13   0.05   -0.053 -0.211 -0.072  0.003
   33      0.79  37.05  75.83  15.48   0.20   0.08   -0.018 -0.078 -0.170  0.014
   34     55.46 -16.46  34.78  24.41   0.06   0.09    0.012  0.304 -0.050 -0.001
   35     39.35 -69.97  -7.80   3.42   0.22   0.02    0.069  0.879  0.339 -0.004
   36     59.05  36.34  77.57  15.21   0.26   0.13   -0.033 -0.039 -0.190  0.222
   37      5.53  30.91  49.86  14.22   0.10   0.03   -0.031 -0.138 -0.144 -0.358
   38     46.47  72.18  73.32  17.07   0.28   0.15   -0.019 -0.474  0.111  0.149
   39     13.90   0.78  25.81   4.02   0.10  -0.04   -0.083  0.058 -0.177  0.116
   40     14.50 -41.52  13.91  16.08   0.14   0.04   -0.040  0.241 -0.033 -0.212
   41     56.25  34.46  78.62   6.64   0.11  -0.02   -0.064 -0.130 -0.238  0.794
   42     34.26  -3.66  45.97  17.89   0.06   0.04   -0.021  0.209 -0.096 -0.016
   43     24.69-108.46 -38.13   4.35   0.23   0.02    0.032  1.077  0.368 -0.490
   44     49.53  29.94  50.21   8.94   0.07  -0.04   -0.078 -0.119 -0.151  0.254
   45     41.20-144.84  46.20  18.52   0.19   0.27   -0.032 -0.073  0.251  0.223
   46     34.02 -57.05  -1.05  16.58   0.06   0.05   -0.043  0.171 -0.178  0.289
   47      1.04  10.89  80.53  21.66   0.20   0.19    0.016  0.201 -0.030 -0.405
   48     37.26  10.87  81.55  23.71   0.04   0.13    0.002  0.144  0.001  0.139
   49     35.66  54.17  84.68  22.59   0.14   0.12   -0.032 -0.256 -0.011  0.038
   50     36.09-101.61 -35.48  14.68   0.23   0.18   -0.041  0.340  0.045 -0.188
   51     53.03-100.15 -54.07   7.25   0.39   0.23   -0.043  0.502  0.667 -0.876
   52     43.05-115.64  44.60  14.71   0.26   0.22   -0.113 -0.296  0.717 -0.110
   53      1.03  10.83  81.00  21.15   0.18   0.19    0.005  0.175  0.122 -0.312
   54      1.50 -83.86 322.51  15.78   0.34  -0.00   -0.718 -0.099 -0.127  0.070
   55      1.92 -89.51 304.18   0.61   0.17   0.06   -0.603  0.170 -0.032  0.077
   56     44.85  35.53  66.88  13.75   0.25   0.12   -0.027 -0.147 -0.416 -0.425
   57     46.80 -84.96 155.11  15.45   0.31   0.35   -0.153 -0.072  0.322  0.109
   58     45.44 -80.24 151.78  15.67   0.24   0.34   -0.085  0.212  0.489  0.322
   59      8.52 -81.20   0.33   2.69   0.49   0.06   -0.010  0.307 -0.035  0.222
   60      3.52-109.33-116.78   2.16   0.45   0.27   -0.043  0.478  1.098 -0.925
   61      0.38-131.73 -54.72   2.58   0.44   0.04   -0.133 -0.715  0.026  1.146
   62     20.02  20.21 151.69  14.30   0.29   0.29   -0.059  0.389 -0.483 -0.630
   63     18.81 -46.94  29.55  20.38   0.12   0.10   -0.007  0.187 -0.159  0.224
   64      4.24-160.00 189.04   9.43   0.52   0.38   -0.212  1.765  2.928  0.773
   65     23.36 -47.36  19.99  16.11   0.06   0.03   -0.018  0.293 -0.247  0.276
   66     32.89-151.63  44.58  17.89   0.29   0.28   -0.019  0.178  0.669  0.001
   67     41.92 -36.76  -5.40  18.07   0.20   0.12   -0.012  0.300 -0.305 -0.399
   68     14.02  50.85 107.14  20.42   0.28   0.22   -0.119  0.204  0.621  0.560
   69     48.30-214.97-349.14  73.50   0.00   0.00    0.000  0.000  0.000  0.000
   70      5.35  33.99  97.63  19.10   0.19   0.21   -0.075  0.086  0.361 -0.316
 ***** depth constrained for event    71
   71      4.06   6.22  56.61   0.11   0.55   0.03   -0.020  0.056  0.017 -0.243
   72     55.45 132.60-297.69  96.96   0.13   0.36   -0.495 -0.036  0.048 -0.013
   73     12.87  50.76  81.66  23.39   0.20   0.19   -0.016  0.214 -0.246  0.093
   74     36.09-102.31  71.06  22.66   0.20   0.23   -0.063  0.152  0.490  0.488
   75     46.50-109.13   4.48   0.32   0.91   0.13   -0.121 -0.903  0.892  0.286
   76     54.60-217.19 302.17   0.10   0.00   0.00    0.000  0.000  0.000  0.000
   77     44.00  50.65  93.96  16.64   0.13   0.15   -0.059 -0.128  0.110  0.017
   78     41.74  38.70  65.94  22.27   0.17   0.14   -0.043  0.119 -0.165  0.196
   79     58.67 -68.98  -4.51   1.39   0.37   0.03    0.026  0.332 -0.040  0.780
   80     26.76 -69.68  -6.11   1.74   0.31   0.03    0.022  0.208 -0.140  0.924
   81     26.96 -69.37  -4.74   0.71   0.37   0.05    0.022  0.320 -0.083  0.449
   82     23.30 -69.26  -4.54   1.07   0.27  -0.02   -0.002  0.364 -0.056  0.581
   83     23.16 -70.04  -5.78   7.63   0.06  -0.01   -0.001  0.524  0.271  0.326
   84     21.22 -42.60   7.85  21.10   0.05   0.07    0.001  0.346 -0.377  0.081
   85     24.38-167.83 -45.39  10.78   0.24   0.28   -0.101 -0.090  0.357 -0.162
   86     44.04 -12.06  29.76  17.85   0.09   0.06   -0.035  0.151 -0.216  0.014
   87     28.80 -61.04   6.51   3.58   0.10  -0.00   -0.001  0.276 -0.271  0.567
   88     37.92-102.96 -28.34   7.84   0.33   0.08   -0.067  0.435 -0.141 -0.339
   89     47.68-141.83  90.19  20.83   0.28   0.31   -0.047  0.032  0.440  0.550
   90     48.17-139.59  89.24  21.03   0.24   0.29   -0.055  0.120  0.619  0.846
   91     33.97  33.92  85.02  19.95   0.25   0.18   -0.080  0.198  0.058  0.445

 A V E R A G E   of ADJUSTMENTS :                    -0.070  0.057  0.090  0.080
 A V E R A G E   of ABSOLUTE ADJUSTMENTS :            0.075  0.263  0.267  0.298


 Step length damping of 0.50213 was applied.


 Velocity adjustments:
     vp    dvp      hp   reflector
 Velocity model   1
   5.720  0.112   -5.000      
   5.921 -0.075    3.620      
   6.239 -0.108   11.150      
   6.691 -0.137   18.930      
   7.057 -0.062   28.070      
   7.097 -0.024   31.700      
   7.171 -0.039   34.140      
   7.187 -0.095   38.110      
   7.860 -0.200   47.540      

 Calculation of average velocity starts at layer #           1
 z = -5.00 ...  3.62    v = 5.72    AVEL = 5.72 downto z =   3.62
 z =  3.62 ... 11.15    v = 5.92    AVEL = 5.81 downto z =  11.15
 z = 11.15 ... 18.93    v = 6.24    AVEL = 5.95 downto z =  18.93
 z = 18.93 ... 28.07    v = 6.69    AVEL = 6.16 downto z =  28.07
 z = 28.07 ... 31.70    v = 7.06    AVEL = 6.25 downto z =  31.70
 z = 31.70 ... 34.14    v = 7.10    AVEL = 6.30 downto z =  34.14
 z = 34.14 ... 38.11    v = 7.17    AVEL = 6.38 downto z =  38.11
 z = 38.11 ... 47.54    v = 7.19    AVEL = 6.52 downto z =  47.54


 Calculation of average velocity starts at layer #           2
 z =  3.62 ... 11.15    v = 5.92    AVEL = 5.92 downto z =  11.15
 z = 11.15 ... 18.93    v = 6.24    AVEL = 6.08 downto z =  18.93
 z = 18.93 ... 28.07    v = 6.69    AVEL = 6.31 downto z =  28.07
 z = 28.07 ... 31.70    v = 7.06    AVEL = 6.41 downto z =  31.70
 z = 31.70 ... 34.14    v = 7.10    AVEL = 6.46 downto z =  34.14
 z = 34.14 ... 38.11    v = 7.17    AVEL = 6.54 downto z =  38.11
 z = 38.11 ... 47.54    v = 7.19    AVEL = 6.68 downto z =  47.54



 Adjusted station corrections:
   stn  ptcor  dpcor  
  624   0.000  0.000  628  -0.175 -0.070  630  -0.114 -0.053  627   0.060  0.019
  621   0.028  0.022  629   0.084  0.024  622   0.034  0.019  620  -0.036 -0.008
  623   0.181  0.069  626   0.095  0.032  625   0.099  0.034  631   0.121  0.056
  632  -0.191 -0.031

 ~~~ another iteration? ...
 NITT = ITTMAX  --> stop iterations.
 ~~~ final solution reached ...

 ~~~ damp G & Chol.-Decomp.: NOT made (switch iresolcalc is NOT set !)

 Final rms values:  0.16 0.18 0.34 0.36 0.07 0.10 0.25 0.23 0.07 0.95
                    1.20 0.07 0.19 0.11 0.24 0.27 0.14 0.09 0.08 0.15
                    0.31 0.18 0.29 0.38 0.07 0.04 0.14 0.25 0.21 0.36
                    0.23 0.13 0.20 0.06 0.22 0.26 0.10 0.28 0.10 0.14
                    0.11 0.06 0.23 0.07 0.19 0.06 0.20 0.04 0.14 0.23
                    0.39 0.26 0.18 0.34 0.17 0.25 0.31 0.24 0.49 0.45
                    0.44 0.29 0.12 0.52 0.06 0.29 0.20 0.28 0.00 0.19
                    0.55 0.13 0.20 0.20 0.91 0.00 0.13 0.17 0.37 0.31
                    0.37 0.27 0.06 0.05 0.24 0.09 0.10 0.33 0.28 0.24
                    0.25



 ~~~ output final hypocenters ...

      date    origin   latitude longitude  depth  mag  no  rms      x      y      z
   1 160818 1613  9.06 73.0047N 124.8543E  23.60 1.40   6 0.164   38.46 112.10  23.60
   2 160818 1613  9.26 72.9928N 124.8730E  22.79 1.10   6 0.176   37.85 110.78  22.79
   3 160819 0959 27.12 71.9378N 129.7720E  11.23 4.00  12 0.336 -130.36  -6.94  11.23
   4 160820 1506 15.45 71.9431N 129.8070E  10.21 1.50   9 0.361 -131.55  -6.35  10.21
   5 160820 1904 45.63 72.3439N 127.1791E  23.67 1.20   6 0.074  -40.31  38.37  23.67
   6 160822 1318 49.36 72.3626N 127.0619E  17.83 0.60   8 0.097  -36.28  40.46  17.83
   7 160823 0652 13.59 70.9242N 129.7850E   6.51 2.90   6 0.246 -134.36-120.04   6.51
   8 160824 1510 30.29 71.6124N 130.0524E   9.17 1.50   9 0.234 -141.27 -43.25   9.17
   9 160906 1514 39.54 72.5035N 125.6871E  12.15 0.90   6 0.074   10.65  56.18  12.15
  10 160920 1607 17.90 69.2384N 128.4038E  16.24 2.60   2 0.951  -89.06-308.15  16.24
  11 160925 1911  4.93 69.2247N 127.7471E  15.66 2.30   2 1.196  -64.75-309.67  15.66
  12 161004 0841 51.08 72.8495N 124.9653E  17.02 0.20   6 0.070   34.89  94.79  17.02
  13 161005 1619 46.81 72.8807N 125.0045E  18.93 1.00   9 0.190   33.54  98.27  18.93
  14 161006 0156 55.71 72.8725N 125.0135E  14.65 1.00   7 0.113   33.24  97.36  14.65
  15 161009 0036 44.55 72.8772N 124.9873E  18.08 1.30   8 0.238   34.12  97.89  18.08
  16 161009 0036 44.69 72.8684N 124.9776E  18.57 1.20   7 0.274   34.45  96.90  18.57
  17 161012 0800 21.94 72.7410N 126.0261E  18.83 0.80   7 0.142   -0.88  82.68  18.83
  18 161015 1013 36.34 72.0419N 126.9722E  11.88 0.70   7 0.094  -33.51   4.67  11.88
  19 161021 0507 33.22 72.5729N 124.8007E  10.16 0.80   6 0.084   40.75  63.92  10.16
  20 161124 2250 45.83 72.7637N 124.8893E  15.56 3.10   4 0.149   37.54  85.21  15.56
  21 161125 0156 34.07 72.7377N 124.9356E  12.42 0.60   7 0.313   36.00  82.31  12.42
  22 161125 0517 25.77 72.7661N 124.9639E  13.20 1.60   6 0.178   35.01  85.48  13.20
  23 161125 0525 15.81 72.7700N 124.9777E  10.32 0.80   6 0.288   34.54  85.92  10.32
  24 161125 0556  1.67 72.7487N 124.9753E   7.38 0.20   6 0.377   34.64  83.54   7.38
  25 170117 0846 48.67 72.2067N 127.3290E  22.84 0.30   6 0.070  -45.60  23.06  22.84
  26 170122 1614 27.50 71.9632N 128.0150E  10.86 0.90   6 0.045  -69.59  -4.11  10.86
  27 170125 2244  0.16 72.4356N 126.0112E  12.78 0.80   6 0.135   -0.38  48.61  12.78
  28 170302 1359 58.98 72.6854N 124.8911E  10.92 0.50   7 0.250   37.56  76.48  10.92
  29 170302 2335 20.13 71.8973N 130.2820E  13.53 2.10   9 0.211 -148.15 -11.46  13.53
  30 170304 2135  2.94 72.6822N 124.9476E  11.35 1.30   7 0.364   35.65  76.13  11.35
  31 170307 0447 20.92 72.6914N 124.9497E  13.42 1.70  10 0.227   35.57  77.15  13.42
  32 170307 2016 50.69 72.6898N 124.9273E  15.20 1.10   6 0.130   36.33  76.97  15.20
  33 170309 1454  0.79 72.6796N 124.9062E  15.48 0.30   6 0.202   37.05  75.83  15.48
  34 170311 0430 55.46 72.3117N 126.4811E  24.41 0.30   6 0.057  -16.46  34.78  24.41
  35 170312 0416 39.35 71.9301N 128.0242E   3.42 2.10   6 0.217  -69.97  -7.80   3.42
  36 170313 0553 59.05 72.6952N 124.9266E  15.21 1.00   9 0.257   36.34  77.57  15.21
  37 170313 0809  5.53 72.4468N 125.0932E  14.22 1.20   7 0.099   30.91  49.86  14.22
  38 170315 0234 46.47 72.6571N 123.8704E  17.07 1.40   7 0.281   72.18  73.32  17.07
  39 170317 1007 13.90 72.2313N 125.9772E   4.02 0.50   7 0.097    0.78  25.81   4.02
  40 170320 0711 14.50 72.1247N 127.2074E  16.08 0.90   6 0.141  -41.52  13.91  16.08
  41 170320 0853 56.25 72.7045N 124.9821E   6.64 0.40   6 0.112   34.46  78.62   6.64
  42 170320 1900 34.26 72.4119N 126.1074E  17.89 0.60   7 0.064   -3.66  45.97  17.89
  43 170323 0519 24.69 71.6583N 129.1149E   4.35 1.20   6 0.232 -108.46 -38.13   4.35
  44 170323 1612 49.53 72.4500N 125.1217E   8.94 0.50   6 0.065   29.94  50.21   8.94
  45 170323 1906 41.20 72.4141N 130.2452E  18.52 1.00   6 0.188 -144.84  46.20  18.52
  46 170326 0836 34.02 71.9906N 127.6531E  16.58 1.50   7 0.064  -57.05  -1.05  16.58
  47 170402 0422  1.04 72.7217N 125.6781E  21.66 1.20  10 0.202   10.89  80.53  21.66
  48 170402 0636 37.26 72.7309N 125.6787E  23.71 0.70   6 0.043   10.87  81.55  23.71
  49 170404 2347 35.66 72.7589N 124.3974E  22.59 0.50   6 0.139   54.17  84.68  22.59
  50 170405 0307 36.09 71.6820N 128.9199E  14.68 1.00  10 0.228 -101.61 -35.48  14.68
  51 170405 1410 53.03 71.5154N 128.8655E   7.25 1.70  10 0.390 -100.15 -54.07   7.25
  52 170406 0838 43.05 72.3997N 129.3879E  14.71 0.90  10 0.261 -115.64  44.60  14.71
  53 170406 1728  1.03 72.7260N 125.6798E  21.15 0.90  10 0.176   10.83  81.00  21.15
  54 170407 1729  1.50 74.8903N 128.6357E  15.78 1.80   2 0.336  -83.86 322.51  15.78
  55 170407 1729  1.92 74.7260N 128.7997E   0.61 1.60   5 0.171  -89.51 304.18   0.61
  56 170408 1004 44.85 72.5994N 124.9535E  13.75 1.40  13 0.255   35.53  66.88  13.75
  57 170409 0856 46.80 73.3900N 128.5580E  15.45 2.50   6 0.311  -84.96 155.11  15.45
  58 170409 0902 45.44 73.3602N 128.4137E  15.67 1.10   7 0.235  -80.24 151.78  15.67
  59 170410 1520  8.52 72.0030N 128.3536E   2.69 1.00  10 0.494  -81.20   0.33   2.69
  60 170410 1813  3.52 70.9535N 129.0824E   2.16 2.20  13 0.451 -109.33-116.78   2.16
  61 170412 1507  0.38 71.5096N 129.7683E   2.58 0.70   6 0.437 -131.73 -54.72   2.58
  62 170413 0651 20.02 73.3594N 125.3921E  14.30 1.00  10 0.289   20.21 151.69  14.30
  63 170414 0459 18.81 72.2648N 127.3701E  20.38 0.50   7 0.123  -46.94  29.55  20.38
  64 170414 0540  4.24 73.6942N 130.8587E   9.43 1.80  11 0.520 -160.00 189.04   9.43
  65 170414 1656 23.36 72.1792N 127.3792E  16.11 0.20   6 0.060  -47.36  19.99  16.11
  66 170414 1753 32.89 72.3995N 130.4424E  17.89 0.70   6 0.289 -151.63  44.58  17.89
  67 170416 0523 41.92 71.9516N 127.0641E  18.07 1.60  13 0.202  -36.76  -5.40  18.07
  68 170416 1220 14.02 72.9602N 124.4873E  20.42 1.00  11 0.283   50.85 107.14  20.42
 WARNING: Event-# :          69 has zero observations!
  69 170416 1257 48.30 68.8710N 131.7500E  73.50 2.20   0 0.000 -214.97-349.14  73.50
  70 170416 1821  5.35 72.8750N 124.9911E  19.10 1.30  13 0.188   33.99  97.63  19.10
  71 170418 0606  4.06 72.5073N 125.8172E   0.11 0.20   6 0.555    6.22  56.61   0.11
  72 170418 1005 55.45 69.3321N 122.4125E  96.96 2.20   1 0.129  132.60-297.69  96.96
  73 170418 1500 12.87 72.7318N 124.4995E  23.39 1.30  12 0.200   50.76  81.66  23.39
  74 170420 1302 36.09 72.6369N 129.0167E  22.66 0.90  11 0.197 -102.31  71.06  22.66
  75 170420 2248 46.50 72.0402N 129.1664E   0.32 0.70  11 0.915 -109.13   4.48   0.32
 WARNING: Event-# :          76 has zero observations!
  76 170423 0850 54.60 74.7080N 132.7900E   0.10 1.90   0 0.000 -217.19 302.17   0.10
  77 170423 1455 44.00 72.8421N 124.4981E  16.64 0.60   8 0.131   50.65  93.96  16.64
  78 170423 2313 41.74 72.5910N 124.8603E  22.27 1.30  12 0.170   38.70  65.94  22.27
  79 170424 0609 58.67 71.9596N 127.9971E   1.39 1.10  12 0.374  -68.98  -4.51   1.39
  80 170424 0755 26.76 71.9453N 128.0165E   1.74 1.00  12 0.307  -69.68  -6.11   1.74
  81 170424 0755 26.96 71.9576N 128.0084E   0.71 1.00  12 0.375  -69.37  -4.74   0.71
  82 170425 0652 23.30 71.9594N 128.0051E   1.07 1.20   9 0.271  -69.26  -4.54   1.07
  83 170426 0051 23.16 71.9482N 128.0273E   7.63 0.70   6 0.058  -70.04  -5.78   7.63
  84 170426 1425 21.22 72.0703N 127.2369E  21.10 0.10   6 0.046  -42.60   7.85  21.10
  85 170426 1834 24.38 71.5932N 130.8117E  10.78 1.20   8 0.235 -167.83 -45.39  10.78
  86 170426 1840 44.04 72.2667N 126.3521E  17.85 1.30   8 0.095  -12.06  29.76  17.85
  87 170427 0912 28.80 72.0583N 127.7719E   3.58 0.90   8 0.102  -61.04   6.51   3.58
  88 170427 1041 37.92 71.7460N 128.9637E   7.84 0.70   7 0.331 -102.96 -28.34   7.84
  89 170427 2010 47.68 72.8082N 130.2017E  20.83 1.30   8 0.284 -141.83  90.19  20.83
  90 170427 2010 48.17 72.7998N 130.1345E  21.03 1.30   8 0.242 -139.59  89.24  21.03
  91 170427 2342 33.97 72.7620N 124.9962E  19.95 0.80   6 0.252   33.92  85.02  19.95

 ~~~ output final station residuals ...
 TURBO-option is set; residuals are NOT printed for each event!



   station statistics, remember nsp was set to: 1


 sta phase nobs avres  avwres    std    wsum    delay

 624    P  74  0.0891  0.0891  0.1812  74.0000  0.0000
 628    P  69  0.0519  0.0519  0.2976  69.0000 -0.1748
 630    P  53  0.1085  0.1085  0.2719  53.0000 -0.1143
 627    P  46  0.1271  0.1271  0.2801  46.0000  0.0602
 621    P  59  0.1801  0.1801  0.2260  59.0000  0.0284
 629    P  43  0.1407  0.1407  0.3173  43.0000  0.0845
 622    P  58  0.1016  0.1016  0.1966  58.0000  0.0343
 620    P  48  0.0778  0.0778  0.3111  48.0000 -0.0355
 623    P  55  0.1515  0.1515  0.2888  55.0000  0.1810
 626    P  52  0.2120  0.2120  0.3892  52.0000  0.0946
 625    P  49  0.1450  0.1450  0.2941  49.0000  0.0994
 631    P  49  0.2902  0.2902  0.3092  49.0000  0.1210
 632    P  24  0.1303  0.1303  0.3095  24.0000 -0.1907


 ~~~ output statistics ...




 RAY-STATISTICS FOR  L A S T  ITERATION
 --------------------------------------

 NHYP : nr of hypocenters in this layer
 NREF : nr of headwaves in this layer
 %len : % of "refracted km" in this layer 
        with respect to all refracted kilometers
 NHIT : nr of rays passed thru this layer
 xy-km: average horizontal ray length [km] in layer
 z-km : average  vertical  ray length [km] in layer
 RFLX : number of reflections at bottom of this layer

 nlay   top ..... bottom     velocity   NHYP NREF %len  NHIT xy-km  z-km  RFLX

   1    -5.00...  3.62 km    5.72 km/s   13    0   0.0   766   7.4   3.3     0
   2     3.62... 11.15 km    5.92 km/s   17   57  13.9   758  17.5   6.2     0
   3    11.15... 18.93 km    6.24 km/s   39   34   7.7   748  18.0   5.8     0
   4    18.93... 28.07 km    6.69 km/s   20  131  39.3   464  38.5   4.5     0
   5    28.07... 31.70 km    7.06 km/s    0   76  28.6   123  55.0   1.4     0
   6    31.70... 34.14 km    7.10 km/s    0    0   0.0    47   8.6   2.4     0
   7    34.14... 38.11 km    7.17 km/s    0    7   2.1    40  18.5   3.3     0
   8    38.11... 47.54 km    7.19 km/s    0    0   0.0    33  21.2   9.4     0
   9    47.54...       km    7.86 km/s    2   16   8.6     0   0.0   0.0

 Total nr of events was   91

 Total nr of refracted rays =   321
 Total nr of reflected rays =     0
 Total nr of   other   rays =   358
                              ------
 Total nr of    all    rays =   679

 Average (absolute) error of the raytracers:
  Straight and direct rays :    7.10 meters
  Refracted           rays :    0.01 meters
  Reflected           rays :    0.00 meters


 ALL RAYS TOGETHER:
 Average horizontal ray length =   89.8 km   (Hypocenter --> Station) 
 Average  vertical  ray length =   17.5 km   (Deepest ray-point --> Station)



 ... and some more STATISTICS 
 ---------------------------- 
  GAP of final epicenters:

  Event# -> GAP  Event# -> GAP  Event# -> GAP  Event# -> GAP  Event# -> GAP
       1 -> 295       2 -> 294       3 -> 270       4 -> 275       5 -> 307
       6 ->  98       7 -> 321       8 -> 306       9 -> 167      10 -> 347
      11 -> 347      12 -> 259      13 -> 264      14 -> 262      15 -> 264
      16 -> 264      17 -> 253      18 -> 241      19 -> 161      20 -> 302
      21 -> 230      22 -> 238      23 -> 240      24 -> 233      25 -> 129
      26 -> 103      27 -> 151      28 -> 212      29 -> 304      30 -> 210
      31 -> 214      32 -> 214      33 -> 210      34 -> 132      35 -> 236
      36 -> 216      37 -> 132      38 -> 312      39 -> 117      40 -> 208
      41 -> 218      42 -> 120      43 -> 219      44 -> 133      45 -> 309
      46 -> 125      47 -> 224      48 -> 226      49 -> 286      50 -> 191
      51 -> 289      52 -> 271      53 -> 226      54 -> 354      55 -> 347
      56 -> 179      57 -> 310      58 -> 318      59 -> 159      60 -> 309
      61 -> 302      62 -> 305      63 -> 149      64 -> 322      65 -> 127
      66 -> 292      67 ->  86      68 -> 295      69 -> 171      70 -> 263
      71 -> 173      72 ->   0      73 -> 260      74 -> 299      75 -> 243
      76 ->  60      77 -> 283      78 -> 171      79 -> 162      80 -> 169
      81 -> 164      82 -> 164      83 -> 231      84 -> 118      85 -> 316
      86 ->  94      87 -> 113      88 -> 268      89 -> 317      90 -> 317
      91 -> 294

 GAPs were between   0 and 354
      (average GAP was 227)



  MAGNITUDES of INPUT-DATA:

 Magnitude (# of events)   ***average number of obs***

 MAG<= 1.0 ( 47) *******
 MAG = 1.1 (  4) ********
 MAG = 1.2 (  7) ********
 MAG = 1.3 (  8) *********1
 MAG = 1.4 (  3) *********
 MAG = 1.5 (  3) ********
 MAG = 1.6 (  3) ********
 MAG = 1.7 (  2) *********1
 MAG = 1.8 (  2) *******
 MAG = 1.9 (  1)  
 MAG = 2.0 (  0)  
 MAG = 2.1 (  2) ********
 MAG = 2.2 (  3) *****
 MAG = 2.3 (  1) **
 MAG = 2.4 (  0)  
 MAG = 2.5 (  1) ******
 MAG = 2.6 (  1) **
 MAG = 2.7 (  0)  
 MAG = 2.8 (  0)  
 MAG = 2.9 (  1) ******
 MAG = 3.0 (  0)  
 MAG = 3.1 (  1) ****
 MAG = 3.2 (  0)  
 MAG = 3.3 (  0)  
 MAG = 3.4 (  0)  
 MAG = 3.5 (  0)  
 MAG = 3.6 (  0)  
 MAG = 3.7 (  0)  
 MAG = 3.8 (  0)  
 MAG = 3.9 (  0)  
 MAG = 4.0 (  1) *********1**
 MAG = 4.1 (  0)  
 MAG = 4.2 (  0)  
 MAG = 4.3 (  0)  
 MAG = 4.4 (  0)  
 MAG = 4.5 (  0)  
 MAG = 4.6 (  0)  
 MAG = 4.7 (  0)  
 MAG = 4.8 (  0)  
 MAG = 4.9 (  0)  
 MAG = 5.0 (  0)  
 MAG = 5.1 (  0)  
 MAG = 5.2 (  0)  
 MAG = 5.3 (  0)  
 MAG = 5.4 (  0)  
 MAG = 5.5 (  0)  
 MAG = 5.6 (  0)  
 MAG = 5.7 (  0)  
 MAG = 5.8 (  0)  
 MAG = 5.9 (  0)  
 MAG>= 6.0 (  0)  





  DEPTHs of INPUT-DATA and of LAST ITERATION:
  ===========================================

       Depth       # of events  

 DEPTH ( input ) =  -4. km :   
 DEPTH (last_IT) =  -4. km :   
 DEPTH ( input ) =  -3. km :   
 DEPTH (last_IT) =  -3. km :   
 DEPTH ( input ) =  -2. km :   
 DEPTH (last_IT) =  -2. km :   
 DEPTH ( input ) =  -1. km :   
 DEPTH (last_IT) =  -1. km :   
 DEPTH ( input ) =   0. km :  ........
 DEPTH (last_IT) =   0. km :  ***
 DEPTH ( input ) =   1. km :  .
 DEPTH (last_IT) =   1. km :  ****
 DEPTH ( input ) =   2. km :   
 DEPTH (last_IT) =   2. km :  **
 DEPTH ( input ) =   3. km :  ...
 DEPTH (last_IT) =   3. km :  ***
 DEPTH ( input ) =   4. km :  ..
 DEPTH (last_IT) =   4. km :  ***
 DEPTH ( input ) =   5. km :  ..
 DEPTH (last_IT) =   5. km :   
 DEPTH ( input ) =   6. km :  ..
 DEPTH (last_IT) =   6. km :   
 DEPTH ( input ) =   7. km :  .
 DEPTH (last_IT) =   7. km :  ****
 DEPTH ( input ) =   8. km :  ...
 DEPTH (last_IT) =   8. km :  **
 DEPTH ( input ) =   9. km :  ..
 DEPTH (last_IT) =   9. km :  ***
 DEPTH ( input ) =  10. km :  ..
 DEPTH (last_IT) =  10. km :  ***
 DEPTH ( input ) =  11. km :  ...
 DEPTH (last_IT) =  11. km :  *****
 DEPTH ( input ) =  12. km :  ....
 DEPTH (last_IT) =  12. km :  ***
 DEPTH ( input ) =  13. km :  ..
 DEPTH (last_IT) =  13. km :  ***
 DEPTH ( input ) =  14. km :  ...
 DEPTH (last_IT) =  14. km :  ****
 DEPTH ( input ) =  15. km :  ........
 DEPTH (last_IT) =  15. km :  *******
 DEPTH ( input ) =  16. km :  .........1.
 DEPTH (last_IT) =  16. km :  *******
 DEPTH ( input ) =  17. km :  .....
 DEPTH (last_IT) =  17. km :  ****
 DEPTH ( input ) =  18. km :  ....
 DEPTH (last_IT) =  18. km :  ******
 DEPTH ( input ) =  19. km :  .....
 DEPTH (last_IT) =  19. km :  *****
 DEPTH ( input ) =  20. km :  .....
 DEPTH (last_IT) =  20. km :  ***
 DEPTH ( input ) =  21. km :  ..
 DEPTH (last_IT) =  21. km :  ****
 DEPTH ( input ) =  22. km :  ....
 DEPTH (last_IT) =  22. km :  **
 DEPTH ( input ) =  23. km :  ....
 DEPTH (last_IT) =  23. km :  *****
 DEPTH ( input ) =  24. km :  ..
 DEPTH (last_IT) =  24. km :  ****
 DEPTH ( input ) =  25. km :  .
 DEPTH (last_IT) =  25. km :   
 DEPTH ( input ) =  26. km :   
 DEPTH (last_IT) =  26. km :   
 DEPTH ( input ) =  27. km :   
 DEPTH (last_IT) =  27. km :   
 DEPTH ( input ) =  28. km :   
 DEPTH (last_IT) =  28. km :   
 DEPTH ( input ) =  29. km :   
 DEPTH (last_IT) =  29. km :   
 DEPTH ( input ) =  30. km :   
 DEPTH (last_IT) =  30. km :   
 DEPTH ( input ) =  31. km :   
 DEPTH (last_IT) =  31. km :   
 DEPTH ( input ) =  32. km :   
 DEPTH (last_IT) =  32. km :   
 DEPTH ( input ) =  33. km :   
 DEPTH (last_IT) =  33. km :   
 DEPTH ( input ) =  34. km :   
 DEPTH (last_IT) =  34. km :   
 DEPTH ( input ) =  35. km :   
 DEPTH (last_IT) =  35. km :   
 DEPTH ( input ) =  36. km :   
 DEPTH (last_IT) =  36. km :   
 DEPTH ( input ) =  37. km :   
 DEPTH (last_IT) =  37. km :   
 DEPTH ( input ) =  38. km :   
 DEPTH (last_IT) =  38. km :   
 DEPTH ( input ) =  39. km :   
 DEPTH (last_IT) =  39. km :   
 DEPTH ( input ) =  40. km :   
 DEPTH (last_IT) =  40. km :   
 DEPTH ( input ) =  41. km :   
 DEPTH (last_IT) =  41. km :   
 DEPTH ( input ) =  42. km :   
 DEPTH (last_IT) =  42. km :   
 DEPTH ( input ) =  43. km :   
 DEPTH (last_IT) =  43. km :   
 DEPTH ( input ) =  44. km :   
 DEPTH (last_IT) =  44. km :   
 DEPTH ( input ) =  45. km :   
 DEPTH (last_IT) =  45. km :   
 DEPTH ( input ) =  46. km :   
 DEPTH (last_IT) =  46. km :   
 DEPTH ( input ) =  47. km :   
 DEPTH (last_IT) =  47. km :   
 DEPTH ( input ) =  48. km :   
 DEPTH (last_IT) =  48. km :   
 DEPTH ( input ) =  49. km :   
 DEPTH (last_IT) =  49. km :   
 DEPTH ( input ) =  50. km :   
 DEPTH (last_IT) =  50. km :   
 DEPTH ( input ) =  51. km :   
 DEPTH (last_IT) =  51. km :   
 DEPTH ( input ) =  52. km :   
 DEPTH (last_IT) =  52. km :   
 DEPTH ( input ) =  53. km :   
 DEPTH (last_IT) =  53. km :   
 DEPTH ( input ) =  54. km :   
 DEPTH (last_IT) =  54. km :   
 DEPTH ( input ) =  55. km :   
 DEPTH (last_IT) =  55. km :   
 DEPTH ( input ) =  56. km :   
 DEPTH (last_IT) =  56. km :   
 DEPTH ( input ) =  57. km :   
 DEPTH (last_IT) =  57. km :   
 DEPTH ( input ) =  58. km :   
 DEPTH (last_IT) =  58. km :   
 DEPTH ( input ) =  59. km :   
 DEPTH (last_IT) =  59. km :   
 DEPTH ( input ) =  60. km :   
 DEPTH (last_IT) =  60. km :   
 DEPTH ( input ) =  61. km :   
 DEPTH (last_IT) =  61. km :   
 DEPTH ( input ) =  62. km :   
 DEPTH (last_IT) =  62. km :   
 DEPTH ( input ) =  63. km :   
 DEPTH (last_IT) =  63. km :   
 DEPTH ( input ) =  64. km :   
 DEPTH (last_IT) =  64. km :   
 DEPTH ( input ) =  65. km :   
 DEPTH (last_IT) =  65. km :   
 DEPTH ( input ) =  66. km :   
 DEPTH (last_IT) =  66. km :   
 DEPTH ( input ) =  67. km :   
 DEPTH (last_IT) =  67. km :   
 DEPTH ( input ) =  68. km :   
 DEPTH (last_IT) =  68. km :   
 DEPTH ( input ) =  69. km :   
 DEPTH (last_IT) =  69. km :   
 DEPTH ( input ) =  70. km :   
 DEPTH (last_IT) =  70. km :   
 DEPTH ( input ) =  71. km :   
 DEPTH (last_IT) =  71. km :   
 DEPTH ( input ) =  72. km :   
 DEPTH (last_IT) =  72. km :   
 DEPTH ( input ) =  73. km :   
 DEPTH (last_IT) =  73. km :   
 DEPTH ( input ) =  74. km :  .
 DEPTH (last_IT) =  74. km :  *
 DEPTH ( input ) =  75. km :   
 DEPTH (last_IT) =  75. km :   
 DEPTH ( input ) =  76. km :   
 DEPTH (last_IT) =  76. km :   
 DEPTH ( input ) =  77. km :   
 DEPTH (last_IT) =  77. km :   
 DEPTH ( input ) =  78. km :   
 DEPTH (last_IT) =  78. km :   
 DEPTH ( input ) =  79. km :   
 DEPTH (last_IT) =  79. km :   
 DEPTH ( input ) =  80. km :   
 DEPTH (last_IT) =  80. km :   
 DEPTH ( input ) =  81. km :   
 DEPTH (last_IT) =  81. km :   
 DEPTH ( input ) =  82. km :   
 DEPTH (last_IT) =  82. km :   
 DEPTH ( input ) =  83. km :   
 DEPTH (last_IT) =  83. km :   
 DEPTH ( input ) =  84. km :   
 DEPTH (last_IT) =  84. km :   
 DEPTH ( input ) =  85. km :   
 DEPTH (last_IT) =  85. km :   
 DEPTH ( input ) =  86. km :   
 DEPTH (last_IT) =  86. km :   
 DEPTH ( input ) =  87. km :   
 DEPTH (last_IT) =  87. km :   
 DEPTH ( input ) =  88. km :   
 DEPTH (last_IT) =  88. km :   
 DEPTH ( input ) =  89. km :   
 DEPTH (last_IT) =  89. km :   
 DEPTH ( input ) =  90. km :   
 DEPTH (last_IT) =  90. km :   
 DEPTH ( input ) =  91. km :   
 DEPTH (last_IT) =  91. km :   
 DEPTH ( input ) =  92. km :   
 DEPTH (last_IT) =  92. km :   
 DEPTH ( input ) =  93. km :   
 DEPTH (last_IT) =  93. km :   
 DEPTH ( input ) =  94. km :   
 DEPTH (last_IT) =  94. km :   
 DEPTH ( input ) =  95. km :   
 DEPTH (last_IT) =  95. km :   
 DEPTH ( input ) =  96. km :   
 DEPTH (last_IT) =  96. km :   
 DEPTH ( input ) =  97. km :  .
 DEPTH (last_IT) =  97. km :  *
 DEPTH ( input ) =  98. km :   
 DEPTH (last_IT) =  98. km :   
 DEPTH ( input ) =  99. km :   
 DEPTH (last_IT) =  99. km :   
 DEPTH ( input ) = 100. km :   
 DEPTH (last_IT) = 100. km :   
 DEPTH ( input ) > 100. km :   
 DEPTH (last_IT) > 100. km :   


 Residuals of the stations according to the azimuth:
 (RES  = total average residual at station)
 (RES1 = average residual of rays from 1st quadrant)
 (RES2 = average residual of rays from 2nd quadrant)
 (RES3 = average residual of rays from 3rd quadrant)
 (RES4 = average residual of rays from 4th quadrant)

 Stn#  Stn     RES          RES1         RES2         RES3         RES4
   1   624     0.09(  74)   0.11(  33)   0.05(   5)   0.10(  29)  -0.01(   7)
   2   628     0.05(  69)  -0.02(  32)  -0.02(   5)   0.04(  25)   0.50(   7)
   3   630     0.11(  53)   0.17(  24)   0.03(  11)  -0.11(  10)   0.29(   8)
   4   627     0.13(  46)   0.21(  12)  -0.01(   1)  -0.01(  21)   0.29(  12)
   5   621     0.18(  59)   0.22(   7)   0.00(   0)   0.29(  18)   0.12(  34)
   6   629     0.14(  43)   0.31(  15)   0.00(   0)  -0.10(   7)   0.10(  21)
   7   622     0.10(  58)   0.03(  27)   0.00(   0)   0.19(  20)   0.10(  11)
   8   620     0.08(  48)   0.06(   1)   0.00(   0)   0.25(  18)  -0.03(  29)
   9   623     0.15(  55)   0.07(  30)   0.00(   0)   0.37(  17)  -0.02(   8)
  10   626     0.21(  52)   0.20(  24)   0.00(   0)   0.13(   5)   0.25(  23)
  11   625     0.15(  49)   0.18(  15)   0.00(   0)   0.08(  23)   0.23(  11)
  12   631     0.29(  49)   0.32(  18)   0.36(   1)   0.58(   4)   0.22(  26)
  13   632     0.13(  24)   0.30(  12)  -0.36(   2)   0.02(   3)   0.02(   7)



 CPU - statistics:

 TOTAL CPU-sec          =    0.2     (CPU-minutes:  0.004)

 >>>   End of program VELEST at 25-06-02 16:10       <<< [ CPU-sec :     0.2]
