 >>> Start of program VELEST at 25-06-02 16:10       <<<                        

 ::::::::::::::::::::::::::::::::::::::                                         
  V E L E S T  - Version : January 3, 1995                                      
  (Authors: see source code)                                                    
 ::::::::::::::::::::::::::::::::::::::                                         


 Title of this VELEST run:

 vinnik_2
 --------


 Current array-dimensions of program VELEST:

 Max. number of EARTHQUAKES for simult. inversion IEQ = ***
 Max. number of SHOTS for simult. inversion    INSHOT =  50
 Max. number of (different) 1D-MODELS      ITOTMODELS =   2
 Max. number of LAYERS per one 1D-model        INLTOT = 100
 Max. number of STATIONS in stationlist           IST = 650
 Max. number of OBSERVATIONS per event MAXOBSPEREVENT = 180






    INPUT - P A R A M E T E R S :



***
***  olat       olon   icoordsystem      zshift   itrial ztrial    ised
  72.000000-126.000000      0            0.000       0     0.00      0
***
*** neqs   nshot    rotate
     91      0      0.0
***
*** isingle   iresolcalc
       0          0
***
*** dmax    itopo    zmin     veladj    zadj   lowveloclay
   300.00     0      0.01       0.20    5.00       0
***
*** nsp    swtfac   vpvs       nmod
     1      1.00    1.730        1
***
***   othet   xythet    zthet    vthet   stathet
       0.01     0.01     0.01     1.00     0.01
***
*** nsinv   nshcor   nshfix     iuseelev    iusestacorr
       1       0       0           1            1
***
*** iturbo    icnvout   istaout   ismpout
       1         1         1         0
***
*** irayout   idrvout   ialeout   idspout   irflout   irfrout   iresout
       0         0         0         0         0         0         0
***
*** delmin   ittmax   invertratio
    0.010       3          1
***
*** Modelfile:
tmp/vinnik_2/synthvel/model_419.mod
***
*** Stationfile:
./velinp/station.sta
***
*** Seismofile:
 
***
*** File with region names:
 
***
*** File with region coordinates:
 
***
*** File #1 with topo data:
 
***
*** File #2 with topo data:
 
***
*** DATA INPUT files:
***
*** File with Earthquake data:
./velinp/data.cnv
***
*** File with Shot data:
 
***
*** OUTPUT files:
***
*** Main print output file:
./velout/vinnik_2/velest419.out
***
*** File with single event locations:
velout.vel
***
*** File with final hypocenters in *.cnv format:
./velout/vinnik_2/final_loc419.cnv
***
*** File with new station corrections:
./velout/vinnik_2/stations_corr419.sta
***
*** File with summary cards (e.g. for plotting):
velout.smp
***
*** File with raypoints:
velout.ray
***
*** File with derivatives:
velout.drv
***
*** File with ALEs:
velout.ale
***
*** File with Dirichlet spreads:
velout.dspr
***
*** File with reflection points:
velout.rfl
***
*** File with refraction points:
velout.rfr
***
*** File with residuals:
velout.res
***




 Origin of cartesian coordinates:
        72.00000N   126.00000E

  X,Y-AXES rotated clockwise from North
           Rotation angle (rotate):
            rotate=    0.0 degr.

 icoordsystem =            0
 normal SHORT DISTANCE CONVERSION will be made
 x is positive towards west, y is positive towards north


 SHORT DISTANCE CONVERSION on ELLIPSOIDE of WORLD GEODETIC SYSTEM 1972 (WGS72)
 =============================================================================

 Radius at equator (REARTH)= 6378.13500  km
   1. / (ellipticity)      =    298.260

 Origin of cartesian coordinates [degrees]:
   72.0000000 N     -126.0000000 W

  Rotation angle (in degr.) clockwise from
North  rotate=    0.0

 Radius of sphere at OLAT =   6358.817 km

 Conversion of GEOGRAPHICAL LATITUDE to GEOCENTRICAL LATITUDE:
 RLATC = TAN(GEOCENTR.LAT) / TAN(GEOGRAPH.LAT)
 RLATC =   0.99333486

          Short distance conversions:
          one min lat ~  1.8597 km 
          one min lon ~  0.5751 km 







    INPUT - M O D E L :



 Model(s) read from file :
 tmp/vinnik_2/synthvel/model_419.mod                                             

 model file title: 
Model: model_419.mod                    
 Velocity structure for model   1 :

 layer    vel   depth   vdamp  reflector
   1      5.12  -5.00    1.00         P-VELOCITY MODEL                  
   2      5.46   4.08    1.00  
   3      5.48   7.94    1.00  
   4      6.10  15.56    1.00  
   5      6.34  20.93    1.00  
   6      6.89  27.43    1.00  
   7      6.99  37.12    1.00  
   8      8.34  42.70    1.00  
   9      9.57  44.69    1.00  

 Calculation of average velocity starts at layer #            1
 z = -5.00 ...  4.08    v = 5.12    AVEL = 5.12 downto z =   4.08
 z =  4.08 ...  7.94    v = 5.46    AVEL = 5.22 downto z =   7.94
 z =  7.94 ... 15.56    v = 5.48    AVEL = 5.32 downto z =  15.56
 z = 15.56 ... 20.93    v = 6.10    AVEL = 5.48 downto z =  20.93
 z = 20.93 ... 27.43    v = 6.34    AVEL = 5.65 downto z =  27.43
 z = 27.43 ... 37.12    v = 6.89    AVEL = 5.94 downto z =  37.12
 z = 37.12 ... 42.70    v = 6.99    AVEL = 6.06 downto z =  42.70
 z = 42.70 ... 44.69    v = 8.34    AVEL = 6.15 downto z =  44.69


 Calculation of average velocity starts at layer #            2
 z =  4.08 ...  7.94    v = 5.46    AVEL = 5.46 downto z =   7.94
 z =  7.94 ... 15.56    v = 5.48    AVEL = 5.47 downto z =  15.56
 z = 15.56 ... 20.93    v = 6.10    AVEL = 5.67 downto z =  20.93
 z = 20.93 ... 27.43    v = 6.34    AVEL = 5.86 downto z =  27.43
 z = 27.43 ... 37.12    v = 6.89    AVEL = 6.16 downto z =  37.12
 z = 37.12 ... 42.70    v = 6.99    AVEL = 6.28 downto z =  42.70
 z = 42.70 ... 44.69    v = 8.34    AVEL = 6.38 downto z =  44.69






    INPUT - S T A T I O N S :



 Station-parameters read from file :
 ./velinp/station.sta                                                            


     stn latitude longitude elev   x      y      z     ptcor stcor model icc
   1 624 72.4760N126.2750E     0  -9.37  53.11  -0.00   0.00  0.00   1  13
   2 628 72.4000N127.1470E     0 -39.15  44.63  -0.00   0.00  0.00   1  12
   3 630 72.0750N128.3250E     0 -80.06   8.37  -0.00   0.00  0.00   1  11
   4 627 72.1170N126.9820E     0 -33.78  13.06  -0.00   0.00  0.00   1  10
   5 621 72.1840N124.8890E     0  38.14  20.53  -0.00   0.00  0.00   1   9
   6 629 71.9290N127.3130E     0 -45.39  -7.92  -0.00   0.00  0.00   1   8
   7 622 72.4420N125.3130E     0  23.42  49.32  -0.00   0.00  0.00   1   7
   8 620 72.6540N124.3470E     0  56.03  72.98  -0.00   0.00  0.00   1   6
   9 623 72.3260N125.7600E     0   8.21  36.38  -0.00   0.00  0.00   1   5
  10 626 71.8880N126.0360E     0  -1.25 -12.50  -0.00   0.00  0.00   1   4
  11 625 72.1740N126.1070E     0  -3.67  19.42  -0.00   0.00  0.00   1   3
  12 631 71.3990N127.2470E     0 -43.72 -67.06  -0.00   0.00  0.00   1   2
  13 632 71.5740N129.0728E     0-107.23 -47.53  -0.00   0.00  0.00   1   1

 NO Seismo-parameter-file specified
 --> NO magnitudes calculated!




   neqs=   91  nshot=    0  nltot=    9

 ~~~ input parameters read.
 ~~~ set units for first iteration ...
 ~~~ determine number of unknowns ...

 Number of unknowns (for array-indexing):  nvar =  385
 Number of effective unknowns        :  nvareff =  373
 Number of elements on/below main diagonal of matrix G = At*A : kvar =   74305

 ~~~ reset G and RHT ...
 ~~~ input data, raytracing, setup G ...






    I N P U T - D A T A  

  eq    origin-time    latitude longitude depth    x      y      z    mag ifxOBS
   1 160818 1613  9.10 73.0030N 124.8500E  23.10  38.61 111.92  23.10 1.40 0   6
   2 160818 1613  9.30 72.9910N 124.8700E  22.80  37.95 110.58  22.80 1.10 0   6
   3 160819 0959 27.30 71.9230N 129.7600E  12.10-130.00  -8.59  12.10 4.00 0  12
   4 160820 1506 15.70 71.9380N 129.7900E  11.00-130.98  -6.92  11.00 1.50 0   9
   5 160820 1904 45.70 72.3480N 127.1800E  23.80 -40.33  38.83  23.80 1.20 0   6
   6 160822 1318 49.50 72.3650N 127.0800E  16.50 -36.90  40.73  16.50 0.60 0   8
   7 160823 0652 14.00 70.9330N 129.8100E   6.40-135.21-119.06   6.40 2.90 0   6
   8 160824 1510 30.40 71.6070N 130.0400E   8.60-140.86 -43.85   8.60 1.50 0   9
   9 160906 1514 39.70 72.5080N 125.6800E  12.10  10.89  56.68  12.10 0.90 0   6
 WARNING:
 epicentral distance: 303.3 > dmax ( 300.0) ==> skipping phase !
 WARNING:
 epicentral distance: 338.2 > dmax ( 300.0) ==> skipping phase !
  10 160920 1607 18.30 69.2370N 128.3500E  16.20 -87.07-308.31  16.20 2.60 0   2
 WARNING:
 epicentral distance: 318.5 > dmax ( 300.0) ==> skipping phase !
 WARNING:
 epicentral distance: 355.0 > dmax ( 300.0) ==> skipping phase !
  11 160925 1911  5.60 69.2250N 127.6800E  15.60 -62.26-309.64  15.60 2.30 0   2
  12 161004 0841 51.20 72.8480N 124.9600E  15.60  35.07  94.62  15.60 0.20 0   6
  13 161005 1619 46.90 72.8770N 125.0100E  19.00  33.35  97.86  19.00 1.00 0   9
  14 161006 0156 55.90 72.8740N 125.0100E  13.90  33.36  97.52  13.90 1.00 0   7
  15 161009 0036 44.70 72.8720N 124.9900E  17.20  34.03  97.30  17.20 1.30 0   8
  16 161009 0036 44.90 72.8580N 124.9600E  18.60  35.06  95.74  18.60 1.20 0   7
  17 161012 0800 22.10 72.7380N 126.0300E  18.50  -1.01  82.35  18.50 0.80 0   7
  18 161015 1013 36.50 72.0400N 126.9900E  11.20 -34.12   4.46  11.20 0.70 0   7
  19 161021 0507 33.30 72.5750N 124.7800E  10.10  41.44  64.16  10.10 0.80 0   6
  20 161124 2250 46.00 72.7630N 124.8800E  16.20  37.85  85.14  16.20 3.10 0   4
  21 161125 0156 34.10 72.7420N 124.9200E  14.50  36.52  82.80  14.50 0.60 0   7
  22 161125 0517 25.90 72.7650N 124.9400E  13.50  35.82  85.36  13.50 1.60 0   6
  23 161125 0525 15.90 72.7740N 124.9500E  11.60  35.48  86.37  11.60 0.80 0   6
  24 161125 0556  2.00 72.7350N 124.9700E   5.70  34.84  82.01   5.70 0.20 0   6
  25 170117 0846 48.60 72.2130N 127.3400E  22.00 -45.97  23.77  22.00 0.30 0   6
  26 170122 1614 27.60 71.9670N 128.0400E  10.30 -70.45  -3.68  10.30 0.90 0   6
  27 170125 2244  0.20 72.4440N 126.0200E  13.10  -0.68  49.54  13.10 0.80 0   6
  28 170302 1359 59.10 72.6830N 124.8900E  11.50  37.60  76.21  11.50 0.50 0   7
  29 170302 2335 20.20 71.8850N 130.3000E  14.80-148.82 -12.83  14.80 2.10 0   9
  30 170304 2135  2.90 72.6880N 124.9400E  13.40  35.90  76.77  13.40 1.30 0   7
  31 170307 0447 21.00 72.6940N 124.9200E  14.20  36.57  77.44  14.20 1.70 0  10
  32 170307 2016 50.80 72.6910N 124.9100E  15.30  36.91  77.10  15.30 1.10 0   6
  33 170309 1454  0.80 72.6830N 124.9000E  15.60  37.26  76.21  15.60 0.30 0   6
  34 170311 0430 55.40 72.3130N 126.5000E  24.50 -17.11  34.93  24.50 0.30 0   6
  35 170312 0416 39.20 71.9240N 128.0800E   3.40 -71.91  -8.48   3.40 2.10 0   6
  36 170313 0553 59.10 72.6980N 124.9200E  15.10  36.57  77.89  15.10 1.00 0   9
  37 170313 0809  5.60 72.4500N 125.0800E  14.90  31.36  50.21  14.90 1.20 0   7
  38 170315 0234 46.50 72.6540N 123.8400E  16.90  73.22  72.98  16.90 1.40 0   7
  39 170317 1007 14.10 72.2350N 125.9800E   3.90   0.69  26.22   3.90 0.50 0   7
  40 170320 0711 14.60 72.1250N 127.2200E  16.80 -41.95  13.95  16.80 0.90 0   6
  41 170320 0853 56.40 72.7090N 124.9700E   5.10  34.86  79.11   5.10 0.40 0   6
  42 170320 1900 34.30 72.4150N 126.1200E  18.00  -4.09  46.31  18.00 0.60 0   7
  43 170323 0519 24.60 71.6470N 129.1800E   5.20-110.76 -39.39   5.20 1.20 0   6
  44 170323 1612 49.70 72.4530N 125.1100E   8.30  30.33  50.55   8.30 0.50 0   6
  45 170323 1906 41.20 72.4070N 130.2500E  18.30-145.04  45.41  18.30 1.00 0   6
  46 170326 0836 34.10 71.9930N 127.6700E  16.10 -57.63  -0.78  16.10 1.50 0   7
  47 170402 0422  1.00 72.7220N 125.6900E  21.90  10.49  80.56  21.90 1.20 0  10
  48 170402 0636 37.20 72.7310N 125.6900E  23.50  10.49  81.57  23.50 0.70 0   6
  49 170404 2347 35.70 72.7580N 124.3800E  22.60  54.76  84.58  22.60 0.50 0   6
  50 170405 0307 36.10 71.6810N 128.9500E  15.30-102.66 -35.60  15.30 1.00 0  10
  51 170405 1410 53.20 71.5100N 128.9000E   9.30-101.37 -54.68   9.30 1.70 0  10
  52 170406 0838 43.20 72.3850N 129.3800E  15.50-115.42  42.96  15.50 0.90 0  10
  53 170406 1728  1.00 72.7230N 125.6900E  21.30  10.49  80.67  21.30 0.90 0  10
 WARNING:
 epicentral distance: 325.9 > dmax ( 300.0) ==> skipping phase !
 WARNING:
 epicentral distance: 332.9 > dmax ( 300.0) ==> skipping phase !
 WARNING:
 epicentral distance: 345.3 > dmax ( 300.0) ==> skipping phase !
 WARNING:
 epicentral distance: 391.9 > dmax ( 300.0) ==> skipping phase !
  54 170407 1729  3.40 74.8930N 128.6300E  15.60 -83.67 322.81  15.60 1.80 0   2
 WARNING:
 epicentral distance: 311.3 > dmax ( 300.0) ==> skipping phase !
 WARNING:
 epicentral distance: 315.4 > dmax ( 300.0) ==> skipping phase !
 WARNING:
 epicentral distance: 328.9 > dmax ( 300.0) ==> skipping phase !
 WARNING:
 epicentral distance: 374.2 > dmax ( 300.0) ==> skipping phase !
  55 170407 1729  3.50 74.7270N 128.8100E   0.40 -89.83 304.29   0.40 1.60 0   5
  56 170408 1004 44.90 72.6070N 124.9400E  15.00  35.98  67.73  15.00 1.40 0  13
  57 170409 0856 47.20 73.3850N 128.5500E  15.60 -84.71 154.54  15.60 2.50 0   6
  58 170409 0902 45.60 73.3500N 128.4400E  15.10 -81.13 150.64  15.10 1.10 0   7
  59 170410 1520  8.50 72.0030N 128.3900E   2.70 -82.46   0.33   2.70 1.00 0  10
  60 170410 1813  3.60 70.9360N 129.1200E   3.70-110.72-118.73   3.70 2.20 0  13
  61 170412 1507  0.60 71.5070N 129.7200E   0.00-130.05 -55.01   0.00 0.70 0   6
  62 170413 0651 20.10 73.3680N 125.4200E  15.60  19.28 152.65  15.60 1.00 0  10
  63 170414 0459 18.80 72.2680N 127.3800E  20.10 -47.27  29.90  20.10 0.50 0   7
  64 170414 0540  4.80 73.6400N 130.9700E   8.00-163.92 183.00   8.00 1.80 0  11
  65 170414 1656 23.40 72.1850N 127.4000E  15.50 -48.06  20.64  15.50 0.20 0   6
  66 170414 1753 32.80 72.3840N 130.4600E  17.90-152.30  42.85  17.90 0.70 0   6
  67 170416 0523 41.90 71.9560N 127.0800E  19.20 -37.31  -4.91  19.20 1.60 0  13
  68 170416 1220 14.20 72.9470N 124.4900E  20.40  50.77 105.67  20.40 1.00 0  11
 WARNING:
 epicentral distance: 320.3 > dmax ( 300.0) ==> skipping phase !
 WARNING:
 epicentral distance: 381.0 > dmax ( 300.0) ==> skipping phase !
 WARNING:
 epicentral distance: 398.8 > dmax ( 300.0) ==> skipping phase !
 WARNING:
 epicentral distance: 405.0 > dmax ( 300.0) ==> skipping phase !
 WARNING:
 epicentral distance: 424.8 > dmax ( 300.0) ==> skipping phase !
 WARNING:
 epicentral distance: 431.2 > dmax ( 300.0) ==> skipping phase !
 WARNING:
 epicentral distance: 445.5 > dmax ( 300.0) ==> skipping phase !
 WARNING:
 epicentral distance: 451.8 > dmax ( 300.0) ==> skipping phase !
 WARNING:
 epicentral distance: 464.3 > dmax ( 300.0) ==> skipping phase !
  69 170416 1257 48.30 68.8710N 131.7500E  73.50-214.97-349.14  73.50 2.20 0   0
  70 170416 1821  5.50 72.8670N 125.0000E  19.30  33.70  96.74  19.30 1.30 0  13
  71 170418 0606  4.10 72.5080N 125.8200E   1.30   6.13  56.68   1.30 0.20 0   6
 WARNING:
 epicentral distance: 315.2 > dmax ( 300.0) ==> skipping phase !
 WARNING:
 epicentral distance: 332.1 > dmax ( 300.0) ==> skipping phase !
 WARNING:
 epicentral distance: 345.3 > dmax ( 300.0) ==> skipping phase !
 WARNING:
 epicentral distance: 352.6 > dmax ( 300.0) ==> skipping phase !
 WARNING:
 epicentral distance: 346.7 > dmax ( 300.0) ==> skipping phase !
 WARNING:
 epicentral distance: 356.6 > dmax ( 300.0) ==> skipping phase !
 WARNING:
 epicentral distance: 363.9 > dmax ( 300.0) ==> skipping phase !
 WARNING:
 epicentral distance: 372.8 > dmax ( 300.0) ==> skipping phase !
 WARNING:
 epicentral distance: 378.6 > dmax ( 300.0) ==> skipping phase !
 WARNING:
 epicentral distance: 378.6 > dmax ( 300.0) ==> skipping phase !
  72 170418 1005 56.80 69.3310N 122.4100E  97.00 132.70-297.82  97.00 2.20 0   1
  73 170418 1500 12.90 72.7340N 124.5100E  23.10  50.40  81.90  23.10 1.30 0  12
  74 170420 1302 36.20 72.6290N 129.0200E  21.80-102.44  70.19  21.80 0.90 0  11
  75 170420 2248 46.70 72.0220N 129.1200E   0.00-107.59   2.46   0.00 0.70 0  11
 WARNING:
 epicentral distance: 313.1 > dmax ( 300.0) ==> skipping phase !
 WARNING:
 epicentral distance: 324.4 > dmax ( 300.0) ==> skipping phase !
 WARNING:
 epicentral distance: 324.2 > dmax ( 300.0) ==> skipping phase !
 WARNING:
 epicentral distance: 342.4 > dmax ( 300.0) ==> skipping phase !
 WARNING:
 epicentral distance: 349.0 > dmax ( 300.0) ==> skipping phase !
 WARNING:
 epicentral distance: 380.2 > dmax ( 300.0) ==> skipping phase !
 WARNING:
 epicentral distance: 381.6 > dmax ( 300.0) ==> skipping phase !
 WARNING:
 epicentral distance: 408.0 > dmax ( 300.0) ==> skipping phase !
  76 170423 0850 54.60 74.7080N 132.7900E   0.10-217.19 302.17   0.10 1.90 0   0
  77 170423 1455 44.10 72.8400N 124.4900E  16.80  50.92  93.73  16.80 0.60 0   8
  78 170423 2313 41.80 72.5960N 124.8700E  22.00  38.36  66.50  22.00 1.30 0  12
  79 170424 0609 58.60 71.9600N 128.0200E   0.10 -69.77  -4.46   0.10 1.10 0  12
  80 170424 0755 26.70 71.9480N 128.0300E   0.00 -70.14  -5.80   0.00 1.00 0  12
  81 170424 0755 26.90 71.9590N 128.0300E   0.00 -70.12  -4.57   0.00 1.00 0  12
  82 170425 0652 23.30 71.9600N 128.0300E   0.00 -70.12  -4.46   0.00 1.20 0   9
  83 170426 0051 23.20 71.9450N 128.0600E   6.60 -71.18  -6.14   6.60 0.70 0   6
  84 170426 1425 21.20 72.0790N 127.2600E  21.00 -43.38   8.82  21.00 0.10 0   6
  85 170426 1834 24.60 71.5840N 130.8000E  10.90-167.46 -46.42  10.90 1.20 0   8
  86 170426 1840 44.10 72.2710N 126.3600E  18.10 -12.33  30.24  18.10 1.30 0   8
  87 170427 0912 28.80 72.0640N 127.7900E   2.60 -61.65   7.14   2.60 0.90 0   8
  88 170427 1041 38.10 71.7480N 128.9900E   8.40-103.86 -28.12   8.40 0.70 0   7
  89 170427 2010 47.80 72.8010N 130.2000E  20.20-141.80  89.38  20.20 1.30 0   8
  90 170427 2010 48.30 72.7890N 130.1400E  20.10-139.82  88.04  20.10 1.30 0   8
  91 170427 2342 34.10 72.7630N 125.0100E  19.50  33.46  85.14  19.50 0.80 0   6

 readings for station 624  :  74
 readings for station 628  :  69
 readings for station 630  :  53
 readings for station 627  :  46
 readings for station 621  :  59
 readings for station 629  :  43
 readings for station 622  :  58
 readings for station 620  :  48
 readings for station 623  :  55
 readings for station 626  :  52
 readings for station 625  :  49
 readings for station 631  :  49
 readings for station 632  :  24

 Total number of stations with readings:  13

 Total number of readings:     679
 Total number of P readings:       0
 Total number of S readings:       0


 ~~~ store parts of G ...
 ~~~ compute RMS and DATVAR ...

 Total number of observations is:   679


 $$$$$$$$$$$$$$$$$$$$$$$$$$$$$$$$$$$$$$$$$$$$$$$$$
 Events with  | AVRES | > 1.0 SEC are suspicious !

 Event#  10 >>>  160920 1607  AVRES =  3.27 NOBS =  2
 Event#  11 >>>  160925 1911  AVRES =  2.92 NOBS =  2
 Event#  18 >>>  161015 1013  AVRES = -1.03 NOBS =  7
 Event#  22 >>>  161125 0517  AVRES = -1.09 NOBS =  6
 Event#  23 >>>  161125 0525  AVRES = -1.15 NOBS =  6
 Event#  24 >>>  161125 0556  AVRES = -1.08 NOBS =  6
 Event#  41 >>>  170320 0853  AVRES = -1.13 NOBS =  6
 Event#  43 >>>  170323 0519  AVRES = -1.32 NOBS =  6
 Event#  54 >>>  170407 1729  AVRES =  2.08 NOBS =  2
 Event#  55 >>>  170407 1729  AVRES =  1.59 NOBS =  5
 Event#  57 >>>  170409 0856  AVRES =  1.24 NOBS =  6
 Event#  59 >>>  170410 1520  AVRES = -1.19 NOBS = 10
 Event#  61 >>>  170412 1507  AVRES = -1.60 NOBS =  6
 Event#  64 >>>  170414 0540  AVRES =  2.04 NOBS = 11
 Event#  72 >>>  170418 1005  AVRES =  4.27 NOBS =  1
 Event#  75 >>>  170420 2248  AVRES = -1.16 NOBS = 11
 Event#  79 >>>  170424 0609  AVRES = -1.21 NOBS = 12
 Event#  80 >>>  170424 0755  AVRES = -1.17 NOBS = 12
 Event#  81 >>>  170424 0755  AVRES = -1.16 NOBS = 12
 Event#  82 >>>  170425 0652  AVRES = -1.20 NOBS =  9
 Event#  83 >>>  170426 0051  AVRES = -1.02 NOBS =  6
 Event#  88 >>>  170427 1041  AVRES = -1.32 NOBS =  7

 ^^^^^^^^^ C H E C K   these events above ^^^^^^^^
 $$$$$$$$$$$$$$$$$$$$$$$$$$$$$$$$$$$$$$$$$$$$$$$$$

 ~~~ save initial datvar ...

 Iteration nr  0 obtained:
 DATVAR=    2.074597 mean sqrd residual=     0.934943  RMS RESIDUAL=     0.966925

 After  0 iterations we got:
 Average absolute & unweighted [and mean] residual of
   302 straight and direct rays =  0.76913 [ -0.74087]
   377 refracted           rays =  1.12447 [ -0.45161]
     0 reflected           rays =  0.00000 [  0.00000]

   679 ALL                 RAYS =  0.96643 [ -0.58027]        0.00 %




--------------------------------------------------------------------------------



           ITERATION no  1

 ~~~ set units for this iteration ...
 ~~~ determine number of unknowns for this iter. ...

 Number of unknowns (for array-indexing):  nvar =  385
 Number of effective unknowns        :  nvareff =  386
 Number of elements on/below main diagonal of matrix G = At*A : kvar =   74305

 Damping factors to be used in this iteration:
   Othet=   0.010   XYthet  =   0.010   Zthet=  0.010
 STAthet=   0.010   Vthet   =   1.000

 ~~~ damp G ...
 ~~~ solve G * b = RHT ...
 ~~~ fix units ...
 ~~~ apply eventually step-length damping ...
 ~~~ adjust model (hypocenters, stacorr & veloc.) ...

 doing velocity adjustments now...

 doing station-correction adjustments...

 ~~~ compute effective step-length ...

 (Applied) Step length =   2.050

 ~~~ set units for next iteration ...
 ~~~ determine number of unknowns for next iter. ...

 Number of unknowns (for array-indexing):  nvar =  385
 Number of effective unknowns        :  nvareff =  386
 Number of elements on/below main diagonal of matrix G = At*A : kvar =   74305

 ~~~ reset G and RHT ...
 ~~~ raytracing, setup G ...
 ~~~ store parts of G ...
 ~~~ set units back for current iteration ...
 ~~~ determine number of unknowns for this iter. ...

 Number of unknowns (for array-indexing):  nvar =  385
 Number of effective unknowns        :  nvareff =  386
 Number of elements on/below main diagonal of matrix G = At*A : kvar =   74305

 ~~~ compute RMS and DATVAR ...

 $$$$$$$$$$$$$$$$$$$$$$$$$$$$$$$$$$$$$$$$$$$$$$$$$
 Events with  | AVRES | > 1.0 SEC are suspicious !

 Event#  10 >>>  160920 1607  AVRES =  3.00 NOBS =  2
 Event#  11 >>>  160925 1911  AVRES =  2.68 NOBS =  2
 Event#  22 >>>  161125 0517  AVRES = -1.00 NOBS =  6
 Event#  23 >>>  161125 0525  AVRES = -1.06 NOBS =  6
 Event#  41 >>>  170320 0853  AVRES = -1.04 NOBS =  6
 Event#  43 >>>  170323 0519  AVRES = -1.21 NOBS =  6
 Event#  54 >>>  170407 1729  AVRES =  1.90 NOBS =  2
 Event#  55 >>>  170407 1729  AVRES =  1.46 NOBS =  5
 Event#  57 >>>  170409 0856  AVRES =  1.14 NOBS =  6
 Event#  59 >>>  170410 1520  AVRES = -1.10 NOBS = 10
 Event#  61 >>>  170412 1507  AVRES = -1.47 NOBS =  6
 Event#  64 >>>  170414 0540  AVRES =  1.87 NOBS = 11
 Event#  72 >>>  170418 1005  AVRES =  3.91 NOBS =  1
 Event#  75 >>>  170420 2248  AVRES = -1.07 NOBS = 11
 Event#  79 >>>  170424 0609  AVRES = -1.11 NOBS = 12
 Event#  80 >>>  170424 0755  AVRES = -1.08 NOBS = 12
 Event#  81 >>>  170424 0755  AVRES = -1.07 NOBS = 12
 Event#  82 >>>  170425 0652  AVRES = -1.10 NOBS =  9
 Event#  88 >>>  170427 1041  AVRES = -1.21 NOBS =  7

 ^^^^^^^^^ C H E C K   these events above ^^^^^^^^
 $$$$$$$$$$$$$$$$$$$$$$$$$$$$$$$$$$$$$$$$$$$$$$$$$

 ~~~ check solution (better? worse?) ...

 Iteration nr  1 obtained:
 DATVAR=    1.863140 mean sqrd residual=     0.803976  RMS RESIDUAL=     0.896647

 After  1 iterations we got:
 Average absolute & unweighted [and mean] residual of
   305 straight and direct rays =  0.70578 [ -0.68014]
   374 refracted           rays =  1.04184 [ -0.41296]
     0 reflected           rays =  0.00000 [  0.00000]

   679 ALL                 RAYS =  0.89089 [ -0.53297]       -7.82 %

 ~~~ iteration done; output results ...

  eq       ot     x      y      z      rms    avres   dot     dx     dy     dz
    1      9.06  38.67 112.00  23.22   0.13  -0.60   -0.043  0.063  0.079  0.119
    2      9.26  38.03 110.67  22.92   0.12  -0.61   -0.045  0.080  0.088  0.125
    3     27.23-130.22  -8.55  12.18   0.74  -0.69   -0.070 -0.222  0.043  0.084
    4     15.61-131.24  -6.86  11.02   0.74  -0.72   -0.086 -0.259  0.057  0.015
    5     45.67 -40.29  38.79  23.87   0.16  -0.67   -0.027  0.041 -0.043  0.072
    6     49.48 -36.80  40.71  16.68   0.24  -0.68   -0.025  0.097 -0.023  0.183
    7     13.93-134.95-119.00   6.08   1.61   0.20   -0.066  0.262  0.059 -0.322
    8     30.34-140.89 -43.83   8.64   0.96  -0.28   -0.062 -0.029  0.025  0.039
    9     39.66  10.92  56.66  12.12   0.21  -0.68   -0.038  0.029 -0.028  0.024
   10     18.28 -87.22-308.30  16.20   0.96   3.00   -0.016 -0.148  0.009  0.002
   11      5.55 -62.44-309.65  15.61   1.12   2.68   -0.045 -0.181 -0.004  0.006
   12     51.16  35.05  94.64  15.78   0.37  -0.85   -0.037 -0.017  0.018  0.182
   13     46.86  33.46  97.89  19.14   0.26  -0.69   -0.041  0.102  0.035  0.142
   14     55.85  33.40  97.52  13.99   0.78  -0.80   -0.047  0.039 -0.005  0.085
   15     44.66  34.06  97.32  17.32   0.86  -0.42   -0.041  0.025  0.015  0.116
   16     44.85  35.03  95.82  18.66   0.83  -0.31   -0.051 -0.028  0.086  0.064
   17     22.05  -0.95  82.42  18.63   0.53  -0.59   -0.049  0.062  0.070  0.130
   18     36.45 -34.10   4.47  11.47   0.50  -0.94   -0.050  0.021  0.002  0.270
   19     33.26  41.44  64.13  10.19   0.48  -0.80   -0.039 -0.005 -0.034  0.090
   20     45.95  37.86  85.16  16.25   0.22  -0.88   -0.052  0.003  0.021  0.054
   21     34.06  36.48  82.75  14.45   0.40  -0.89   -0.040 -0.045 -0.046 -0.054
   22     25.86  35.81  85.32  13.56   0.34  -1.00   -0.038 -0.008 -0.037  0.055
   23     15.86  35.43  86.32  11.55   0.42  -1.06   -0.037 -0.048 -0.043 -0.046
   24      1.93  34.82  82.11   5.63   0.62  -0.99   -0.066 -0.015  0.095 -0.070
   25     48.60 -45.90  23.68  22.13   0.21  -0.38   -0.002  0.067 -0.089  0.130
   26     27.56 -70.39  -3.84  10.40   0.38  -0.85   -0.036  0.057 -0.161  0.101
   27      0.16  -0.62  49.47  13.25   0.34  -0.74   -0.035  0.066 -0.073  0.153
   28     59.06  37.64  76.22  11.53   0.64  -0.71   -0.041  0.048  0.010  0.033
   29     20.15-148.86 -12.87  14.85   0.86  -0.43   -0.045 -0.036 -0.042  0.054
   30      2.86  35.92  76.75  13.48   0.69  -0.57   -0.036  0.026 -0.018  0.076
   31     20.96  36.52  77.45  14.26   0.87  -0.61   -0.043 -0.054  0.006  0.059
   32     50.77  36.90  77.05  15.31   0.27  -0.86   -0.035 -0.012 -0.054  0.008
   33      0.77  37.27  76.18  15.68   0.29  -0.73   -0.032  0.013 -0.032  0.084
   34     55.39 -17.00  34.90  24.55   0.15  -0.40   -0.010  0.107 -0.028  0.054
   35     39.19 -71.70  -8.43   3.50   0.56  -0.89   -0.012  0.216  0.051  0.103
   36     59.07  36.58  77.86  15.17   0.60  -0.62   -0.034  0.014 -0.029  0.069
   37      5.57  31.36  50.17  14.90   0.17  -0.80   -0.034  0.005 -0.047 -0.003
   38     46.46  73.18  73.00  16.98   0.33  -0.76   -0.043 -0.037  0.026  0.078
   39     14.05   0.73  26.17   3.96   0.33  -0.69   -0.051  0.047 -0.055  0.063
   40     14.57 -41.89  13.93  16.87   0.18  -0.69   -0.032  0.065 -0.020  0.068
   41     56.35  34.85  79.00   5.12   0.53  -1.04   -0.048 -0.015 -0.111  0.020
   42     34.28  -4.00  46.27  18.05   0.20  -0.51   -0.021  0.094 -0.033  0.053
   43     24.57-110.48 -39.36   5.19   0.55  -1.21   -0.026  0.276  0.026 -0.012
   44     49.65  30.36  50.52   8.34   0.42  -0.74   -0.049  0.024 -0.030  0.035
   45     41.16-145.16  45.47  18.47   0.87  -0.26   -0.036 -0.127  0.056  0.174
   46     34.07 -57.59  -0.94  16.28   0.24  -0.66   -0.030  0.039 -0.155  0.179
   47      0.98  10.61  80.54  21.92   0.83  -0.26   -0.016  0.121 -0.027  0.019
   48     37.18  10.59  81.60  23.66   0.19  -0.50   -0.024  0.105  0.033  0.157
   49     35.68  54.71  84.54  22.54   0.19  -0.68   -0.022 -0.047 -0.042 -0.061
   50     36.05-102.67 -35.64  15.42   0.51  -0.70   -0.052 -0.017 -0.048  0.118
   51     53.13-101.33 -54.64   9.18   1.04  -0.75   -0.072  0.042  0.037 -0.116
   52     43.15-115.67  43.13  15.76   0.55  -0.67   -0.054 -0.254  0.166  0.258
   53      0.98  10.61  80.68  21.34   0.80  -0.25   -0.017  0.117  0.007  0.038
   54      3.24 -83.68 322.79  15.62   0.56   1.90   -0.157 -0.006 -0.019  0.020
   55      3.37 -89.79 304.29   0.42   0.53   1.46   -0.132  0.049 -0.000  0.022
   56     44.86  36.02  67.68  15.09   0.76  -0.67   -0.041  0.044 -0.047  0.089
   57     47.16 -84.65 154.62  15.61   0.89   1.14   -0.043  0.061  0.075  0.005
   58     45.57 -81.05 150.75  15.14   1.39   0.35   -0.033  0.088  0.113  0.035
   59      8.46 -82.40   0.29   2.93   0.58  -1.10   -0.039  0.059 -0.039  0.231
   60      3.53-110.63-118.54   3.47   1.75  -0.10   -0.071  0.090  0.181 -0.226
   61      0.51-130.15 -55.12   0.34   0.78  -1.47   -0.087 -0.102 -0.108  0.231
   62     20.06  19.57 152.61  15.71   1.43  -0.31   -0.040  0.295 -0.032  0.113
   63     18.78 -47.19  29.84  20.28   0.19  -0.61   -0.020  0.079 -0.068  0.184
   64      4.77-163.55 183.42   8.00   1.12   1.87   -0.028  0.366  0.422  0.004
   65     23.39 -47.95  20.58  15.60   0.19  -0.66   -0.008  0.114 -0.062  0.098
   66     32.76-152.50  42.92  18.10   0.58  -0.49   -0.036 -0.198  0.072  0.197
   67     41.87 -37.23  -5.05  19.24   0.19  -0.63   -0.028  0.074 -0.136  0.039
   68     14.15  50.97 105.80  20.47   0.43  -0.48   -0.055  0.194  0.132  0.071
   69     48.30-214.97-349.14  73.50   0.00   0.00    0.000  0.000  0.000  0.000
   70      5.46  33.78  96.78  19.32   0.96  -0.33   -0.039  0.083  0.032  0.023
   71      4.05   6.19  56.71   1.21   0.59  -0.57   -0.046  0.062  0.027 -0.088
   72     56.66 132.69-297.81  97.00  15.29   3.91   -0.140 -0.009  0.011 -0.003
   73     12.87  50.49  81.87  23.11   0.60  -0.33   -0.026  0.092 -0.032  0.013
   74     36.17-102.50  70.35  22.12   0.50  -0.52   -0.034 -0.059  0.165  0.321
   75     46.62-107.88   2.59   0.45   1.01  -1.07   -0.077 -0.295  0.137  0.336
   76     54.60-217.19 302.17   0.10   0.00   0.00    0.000  0.000  0.000  0.000
   77     44.07  50.95  93.72  16.80   0.37  -0.70   -0.035  0.020 -0.013  0.004
   78     41.77  38.44  66.44  22.03   0.46  -0.55   -0.031  0.077 -0.064  0.030
   79     58.57 -69.66  -4.53   0.54   0.54  -1.11   -0.035  0.107 -0.071  0.436
   80     26.66 -70.05  -5.89   0.52   0.48  -1.08   -0.037  0.089 -0.090  0.411
   81     26.86 -70.00  -4.65   0.43   0.50  -1.07   -0.037  0.114 -0.077  0.320
   82     23.25 -69.96  -4.55   0.28   0.49  -1.10   -0.046  0.153 -0.083  0.172
   83     23.18 -70.98  -6.05   6.67   0.47  -0.93   -0.017  0.197  0.090  0.074
   84     21.19 -43.28   8.72  21.05   0.16  -0.45   -0.009  0.102 -0.099  0.051
   85     24.54-167.38 -46.40  10.79   1.27  -0.23   -0.057  0.082  0.014 -0.112
   86     44.07 -12.25  30.14  18.25   0.23  -0.66   -0.030  0.076 -0.097  0.148
   87     28.77 -61.57   7.00   2.90   0.50  -0.89   -0.034  0.086 -0.143  0.303
   88     38.05-103.77 -28.22   8.43   0.47  -1.21   -0.052  0.096 -0.099  0.029
   89     47.78-141.95  89.54  20.48   0.97   0.15   -0.024 -0.156  0.162  0.276
   90     48.27-139.95  88.22  20.40   0.91   0.04   -0.026 -0.134  0.179  0.299
   91     34.05  33.58  85.12  19.61   0.69  -0.54   -0.050  0.117 -0.015  0.113

 A V E R A G E   of ADJUSTMENTS :                    -0.042  0.032  0.002  0.084
 A V E R A G E   of ABSOLUTE ADJUSTMENTS :            0.042  0.088  0.063  0.108


 Step length damping of 0.08115 was applied.


 Velocity adjustments:
     vp    dvp      hp   reflector
 Velocity model   1
   5.129  0.009   -5.000      
   5.482  0.022    4.080      
   5.532  0.052    7.940      
   6.107  0.007   15.560      
   6.356  0.016   20.930      
   6.901  0.011   27.430      
   7.190  0.200   37.120      
   8.410  0.070   42.700      
   9.387 -0.183   44.690      

 Calculation of average velocity starts at layer #           1
 z = -5.00 ...  4.08    v = 5.13    AVEL = 5.13 downto z =   4.08
 z =  4.08 ...  7.94    v = 5.48    AVEL = 5.23 downto z =   7.94
 z =  7.94 ... 15.56    v = 5.53    AVEL = 5.34 downto z =  15.56
 z = 15.56 ... 20.93    v = 6.11    AVEL = 5.50 downto z =  20.93
 z = 20.93 ... 27.43    v = 6.36    AVEL = 5.67 downto z =  27.43
 z = 27.43 ... 37.12    v = 6.90    AVEL = 5.96 downto z =  37.12
 z = 37.12 ... 42.70    v = 7.19    AVEL = 6.10 downto z =  42.70
 z = 42.70 ... 44.69    v = 8.41    AVEL = 6.19 downto z =  44.69


 Calculation of average velocity starts at layer #           2
 z =  4.08 ...  7.94    v = 5.48    AVEL = 5.48 downto z =   7.94
 z =  7.94 ... 15.56    v = 5.53    AVEL = 5.52 downto z =  15.56
 z = 15.56 ... 20.93    v = 6.11    AVEL = 5.70 downto z =  20.93
 z = 20.93 ... 27.43    v = 6.36    AVEL = 5.89 downto z =  27.43
 z = 27.43 ... 37.12    v = 6.90    AVEL = 6.18 downto z =  37.12
 z = 37.12 ... 42.70    v = 7.19    AVEL = 6.33 downto z =  42.70
 z = 42.70 ... 44.69    v = 8.41    AVEL = 6.43 downto z =  44.69



 Adjusted station corrections:
   stn  ptcor  dpcor  
  624   0.000  0.000  628  -0.023 -0.023  630  -0.019 -0.019  627   0.004  0.004
  621   0.018  0.018  629   0.012  0.012  622   0.017  0.017  620   0.017  0.017
  623   0.025  0.025  626   0.015  0.015  625   0.013  0.013  631   0.040  0.040
  632   0.013  0.013

 ~~~ another iteration? ...



--------------------------------------------------------------------------------



           ITERATION no  2

 ~~~ set units for this iteration ...
 ~~~ determine number of unknowns for this iter. ...

 Number of unknowns (for array-indexing):  nvar =  385
 Number of effective unknowns        :  nvareff =  386
 Number of elements on/below main diagonal of matrix G = At*A : kvar =   74305

 Damping factors to be used in this iteration:
   Othet=   0.010   XYthet  =   0.010   Zthet=  0.010
 STAthet=   0.010   Vthet   =   1.000

 ~~~ damp G ...
 ~~~ solve G * b = RHT ...
 ~~~ fix units ...
 ~~~ apply eventually step-length damping ...
 ~~~ adjust model (hypocenters, stacorr & veloc.) ...

 doing velocity adjustments now...

 doing station-correction adjustments...

 ~~~ compute effective step-length ...

 (Applied) Step length =   2.001

 ~~~ set units for next iteration ...
 ~~~ determine number of unknowns for next iter. ...

 Number of unknowns (for array-indexing):  nvar =  385
 Number of effective unknowns        :  nvareff =  386
 Number of elements on/below main diagonal of matrix G = At*A : kvar =   74305

 ~~~ reset G and RHT ...
 ~~~ raytracing, setup G ...
 ~~~ store parts of G ...
 ~~~ set units back for current iteration ...
 ~~~ determine number of unknowns for this iter. ...

 Number of unknowns (for array-indexing):  nvar =  385
 Number of effective unknowns        :  nvareff =  386
 Number of elements on/below main diagonal of matrix G = At*A : kvar =   74305

 ~~~ compute RMS and DATVAR ...

 $$$$$$$$$$$$$$$$$$$$$$$$$$$$$$$$$$$$$$$$$$$$$$$$$
 Events with  | AVRES | > 1.0 SEC are suspicious !

 Event#  10 >>>  160920 1607  AVRES =  2.74 NOBS =  2
 Event#  11 >>>  160925 1911  AVRES =  2.45 NOBS =  2
 Event#  43 >>>  170323 0519  AVRES = -1.11 NOBS =  6
 Event#  54 >>>  170407 1729  AVRES =  1.74 NOBS =  2
 Event#  55 >>>  170407 1729  AVRES =  1.33 NOBS =  5
 Event#  57 >>>  170409 0856  AVRES =  1.05 NOBS =  6
 Event#  59 >>>  170410 1520  AVRES = -1.00 NOBS = 10
 Event#  61 >>>  170412 1507  AVRES = -1.35 NOBS =  6
 Event#  64 >>>  170414 0540  AVRES =  1.71 NOBS = 11
 Event#  72 >>>  170418 1005  AVRES =  3.56 NOBS =  1
 Event#  79 >>>  170424 0609  AVRES = -1.01 NOBS = 12
 Event#  82 >>>  170425 0652  AVRES = -1.01 NOBS =  9
 Event#  88 >>>  170427 1041  AVRES = -1.10 NOBS =  7

 ^^^^^^^^^ C H E C K   these events above ^^^^^^^^
 $$$$$$$$$$$$$$$$$$$$$$$$$$$$$$$$$$$$$$$$$$$$$$$$$

 ~~~ check solution (better? worse?) ...

 Iteration nr  2 obtained:
 DATVAR=    1.589950 mean sqrd residual=     0.686090  RMS RESIDUAL=     0.828306

 After  2 iterations we got:
 Average absolute & unweighted [and mean] residual of
   299 straight and direct rays =  0.63377 [ -0.60993]
   380 refracted           rays =  0.96072 [ -0.38867]
     0 reflected           rays =  0.00000 [  0.00000]

   679 ALL                 RAYS =  0.81674 [ -0.48610]       -8.32 %

 ~~~ iteration done; output results ...

  eq       ot     x      y      z      rms    avres   dot     dx     dy     dz
    1      9.02  38.72 112.07  23.34   0.12  -0.54   -0.041  0.052  0.075  0.122
    2      9.21  38.10 110.75  23.05   0.11  -0.55   -0.043  0.070  0.085  0.127
    3     27.16-130.44  -8.49  12.28   0.68  -0.63   -0.067 -0.215  0.055  0.096
    4     15.53-131.49  -6.80  11.04   0.69  -0.66   -0.081 -0.244  0.065  0.026
    5     45.65 -40.25  38.75  23.95   0.16  -0.61   -0.026  0.041 -0.041  0.073
    6     49.45 -36.71  40.68  16.87   0.23  -0.63   -0.025  0.093 -0.024  0.184
    7     13.87-134.71-118.96   5.78   1.49   0.19   -0.065  0.245  0.046 -0.296
    8     30.28-140.93 -43.79   8.69   0.90  -0.24   -0.059 -0.041  0.033  0.055
    9     39.63  10.94  56.62  12.15   0.19  -0.62   -0.036  0.023 -0.032  0.024
   10     18.26 -87.38-308.29  16.21   0.96   2.74   -0.025 -0.162  0.011  0.003
   11      5.50 -62.64-309.65  15.61   1.13   2.45   -0.054 -0.199 -0.003  0.007
   12     51.13  35.05  94.66  15.99   0.35  -0.78   -0.037 -0.002  0.021  0.209
   13     46.82  33.55  97.93  19.29   0.23  -0.63   -0.039  0.093  0.035  0.151
   14     55.81  33.43  97.51  14.08   0.71  -0.73   -0.045  0.038 -0.010  0.094
   15     44.62  34.08  97.34  17.45   0.80  -0.39   -0.039  0.027  0.018  0.131
   16     44.80  35.00  95.92  18.74   0.77  -0.29   -0.049 -0.032  0.093  0.071
   17     22.01  -0.90  82.48  18.76   0.48  -0.54   -0.046  0.053  0.062  0.126
   18     36.40 -34.09   4.46  11.74   0.46  -0.86   -0.049  0.014 -0.001  0.269
   19     33.23  41.43  64.09  10.28   0.45  -0.73   -0.035 -0.011 -0.033  0.094
   20     45.90  37.85  85.18  16.31   0.20  -0.81   -0.049 -0.003  0.020  0.057
   21     34.02  36.42  82.70  14.38   0.38  -0.81   -0.037 -0.051 -0.048 -0.063
   22     25.83  35.80  85.28  13.60   0.32  -0.91   -0.035 -0.018 -0.041  0.046
   23     15.83  35.37  86.28  11.50   0.40  -0.97   -0.034 -0.057 -0.046 -0.054
   24      1.87  34.80  82.21   5.57   0.59  -0.91   -0.063 -0.026  0.099 -0.063
   25     48.60 -45.84  23.58  22.26   0.20  -0.35   -0.003  0.065 -0.094  0.130
   26     27.53 -70.33  -3.99  10.49   0.35  -0.78   -0.031  0.060 -0.146  0.089
   27      0.13  -0.55  49.40  13.41   0.31  -0.68   -0.034  0.063 -0.074  0.157
   28     59.02  37.68  76.23  11.57   0.58  -0.65   -0.038  0.040  0.008  0.033
   29     20.11-148.89 -12.91  14.91   0.78  -0.39   -0.045 -0.036 -0.034  0.056
   30      2.83  35.95  76.73  13.55   0.64  -0.52   -0.033  0.022 -0.026  0.073
   31     20.92  36.47  77.43  14.33   0.80  -0.55   -0.038 -0.044 -0.013  0.070
   32     50.73  36.88  76.99  15.31   0.25  -0.78   -0.031 -0.018 -0.058  0.002
   33      0.74  37.28  76.14  15.77   0.27  -0.67   -0.030  0.012 -0.039  0.085
   34     55.38 -16.89  34.87  24.61   0.14  -0.37   -0.010  0.106 -0.028  0.055
   35     39.18 -71.48  -8.37   3.61   0.53  -0.81   -0.008  0.221  0.059  0.108
   36     59.03  36.59  77.82  15.24   0.55  -0.57   -0.031  0.010 -0.034  0.067
   37      5.53  31.36  50.12  14.88   0.15  -0.74   -0.032 -0.001 -0.049 -0.013
   38     46.42  73.16  73.00  17.03   0.31  -0.69   -0.041 -0.019 -0.001  0.047
   39     14.00   0.77  26.11   4.03   0.31  -0.63   -0.047  0.042 -0.057  0.068
   40     14.54 -41.83  13.91  16.93   0.17  -0.63   -0.031  0.055 -0.021  0.059
   41     56.31  34.82  78.88   5.14   0.49  -0.95   -0.044 -0.025 -0.117  0.023
   42     34.26  -3.91  46.24  18.10   0.18  -0.47   -0.020  0.090 -0.032  0.047
   43     24.55-110.19 -39.32   5.17   0.51  -1.11   -0.021  0.293  0.039 -0.020
   44     49.61  30.39  50.48   8.35   0.38  -0.67   -0.043  0.031 -0.039  0.013
   45     41.13-145.28  45.54  18.63   0.79  -0.23   -0.036 -0.112  0.065  0.158
   46     34.04 -57.55  -1.07  16.44   0.23  -0.60   -0.029  0.042 -0.136  0.160
   47      0.97  10.72  80.50  21.94   0.77  -0.24   -0.015  0.108 -0.034  0.022
   48     37.17  10.70  81.61  23.64   0.18  -0.46   -0.009  0.114  0.007 -0.014
   49     35.66  54.66  84.50  22.50   0.17  -0.62   -0.022 -0.052 -0.043 -0.041
   50     36.00-102.68 -35.69  15.53   0.47  -0.64   -0.048 -0.011 -0.043  0.116
   51     53.06-101.31 -54.61   9.09   0.96  -0.68   -0.068  0.020  0.030 -0.091
   52     43.09-115.87  43.26  15.95   0.51  -0.61   -0.059 -0.201  0.132  0.194
   53      0.97  10.71  80.68  21.38   0.74  -0.22   -0.016  0.103  0.001  0.042
   54      3.07 -83.69 322.77  15.64   0.52   1.74   -0.169 -0.007 -0.021  0.021
   55      3.23 -89.74 304.29   0.45   0.49   1.33   -0.142  0.050 -0.001  0.023
   56     44.82  36.06  67.63  15.18   0.71  -0.61   -0.039  0.037 -0.051  0.086
   57     47.11 -84.59 154.69  15.61   0.84   1.05   -0.045  0.055  0.076  0.006
   58     45.53 -80.95 150.87  15.17   1.29   0.32   -0.035  0.097  0.116  0.035
   59      8.43 -82.33   0.27   3.16   0.55  -1.00   -0.035  0.065 -0.029  0.227
   60      3.46-110.52-118.39   3.27   1.64  -0.09   -0.069  0.105  0.150 -0.207
   61      0.44-130.24 -55.20   0.57   0.74  -1.35   -0.078 -0.085 -0.081  0.233
   62     20.02  19.85 152.61  15.84   1.34  -0.28   -0.040  0.276  0.000  0.128
   63     18.76 -47.14  29.78  20.46   0.18  -0.56   -0.019  0.057 -0.058  0.175
   64      4.74-163.18 183.86   8.01   1.05   1.71   -0.036  0.377  0.437  0.005
   65     23.38 -47.84  20.50  15.72   0.18  -0.60   -0.013  0.109 -0.081  0.125
   66     32.73-152.68  43.01  18.30   0.53  -0.45   -0.035 -0.187  0.088  0.207
   67     41.85 -37.16  -5.17  19.27   0.18  -0.58   -0.026  0.074 -0.128  0.030
   68     14.09  51.15 105.94  20.55   0.40  -0.43   -0.054  0.177  0.143  0.074
   69     48.30-214.97-349.14  73.50   0.00   0.00    0.000  0.000  0.000  0.000
   70      5.42  33.86  96.80  19.36   0.89  -0.30   -0.037  0.076  0.029  0.040
   71      4.01   6.24  56.74   1.12   0.58  -0.52   -0.041  0.056  0.027 -0.092
   72     56.50 132.68-297.79  96.99  12.70   3.56   -0.162 -0.010  0.013 -0.004
   73     12.85  50.57  81.83  23.14   0.54  -0.30   -0.025  0.081 -0.038  0.026
   74     36.14-102.56  70.47  22.48   0.47  -0.47   -0.027 -0.058  0.116  0.358
   75     46.55-108.17   2.74   0.79   0.99  -0.97   -0.071 -0.286  0.150  0.349
   76     54.60-217.19 302.17   0.10   0.00   0.00    0.000  0.000  0.000  0.000
   77     44.03  50.97  93.71  16.83   0.34  -0.64   -0.033  0.021 -0.010  0.024
   78     41.74  38.51  66.37  22.06   0.42  -0.50   -0.029  0.066 -0.071  0.033
   79     58.54 -69.56  -4.60   0.96   0.51  -1.01   -0.030  0.102 -0.063  0.426
   80     26.63 -69.98  -5.97   0.91   0.45  -0.98   -0.032  0.073 -0.082  0.386
   81     26.83 -69.89  -4.72   0.74   0.47  -0.97   -0.032  0.111 -0.070  0.313
   82     23.21 -69.82  -4.62   0.47   0.46  -1.01   -0.041  0.147 -0.076  0.185
   83     23.17 -70.81  -6.00   6.70   0.43  -0.85   -0.017  0.175  0.044  0.027
   84     21.18 -43.18   8.61  21.10   0.15  -0.41   -0.009  0.100 -0.103  0.050
   85     24.49-167.30 -46.40  10.68   1.18  -0.20   -0.057  0.083  0.004 -0.110
   86     44.04 -12.18  30.05  18.39   0.21  -0.60   -0.029  0.071 -0.095  0.139
   87     28.74 -61.50   6.86   3.18   0.48  -0.81   -0.030  0.067 -0.143  0.273
   88     38.00-103.69 -28.29   8.49   0.43  -1.10   -0.043  0.079 -0.066  0.063
   89     47.75-142.11  89.70  20.75   0.89   0.14   -0.025 -0.155  0.158  0.273
   90     48.25-140.08  88.40  20.70   0.84   0.04   -0.028 -0.132  0.180  0.300
   91     34.00  33.73  85.18  19.69   0.63  -0.49   -0.053  0.157  0.060  0.078

 A V E R A G E   of ADJUSTMENTS :                    -0.040  0.030  0.002  0.082
 A V E R A G E   of ABSOLUTE ADJUSTMENTS :            0.040  0.084  0.061  0.106


 Step length damping of 0.08633 was applied.


 Velocity adjustments:
     vp    dvp      hp   reflector
 Velocity model   1
   5.143  0.014   -5.000      
   5.504  0.021    4.080      
   5.579  0.047    7.940      
   6.116  0.009   15.560      
   6.370  0.014   20.930      
   6.910  0.009   27.430      
   7.390  0.200   37.120      
   8.485  0.075   42.700      
   9.203 -0.184   44.690      

 Calculation of average velocity starts at layer #           1
 z = -5.00 ...  4.08    v = 5.14    AVEL = 5.14 downto z =   4.08
 z =  4.08 ...  7.94    v = 5.50    AVEL = 5.25 downto z =   7.94
 z =  7.94 ... 15.56    v = 5.58    AVEL = 5.37 downto z =  15.56
 z = 15.56 ... 20.93    v = 6.12    AVEL = 5.53 downto z =  20.93
 z = 20.93 ... 27.43    v = 6.37    AVEL = 5.70 downto z =  27.43
 z = 27.43 ... 37.12    v = 6.91    AVEL = 5.97 downto z =  37.12
 z = 37.12 ... 42.70    v = 7.39    AVEL = 6.14 downto z =  42.70
 z = 42.70 ... 44.69    v = 8.49    AVEL = 6.23 downto z =  44.69


 Calculation of average velocity starts at layer #           2
 z =  4.08 ...  7.94    v = 5.50    AVEL = 5.50 downto z =   7.94
 z =  7.94 ... 15.56    v = 5.58    AVEL = 5.55 downto z =  15.56
 z = 15.56 ... 20.93    v = 6.12    AVEL = 5.73 downto z =  20.93
 z = 20.93 ... 27.43    v = 6.37    AVEL = 5.91 downto z =  27.43
 z = 27.43 ... 37.12    v = 6.91    AVEL = 6.20 downto z =  37.12
 z = 37.12 ... 42.70    v = 7.39    AVEL = 6.37 downto z =  42.70
 z = 42.70 ... 44.69    v = 8.49    AVEL = 6.48 downto z =  44.69



 Adjusted station corrections:
   stn  ptcor  dpcor  
  624   0.000  0.000  628  -0.045 -0.023  630  -0.038 -0.018  627   0.008  0.004
  621   0.034  0.016  629   0.024  0.012  622   0.032  0.015  620   0.031  0.014
  623   0.049  0.024  626   0.030  0.015  625   0.025  0.012  631   0.076  0.036
  632   0.022  0.009

 ~~~ another iteration? ...



--------------------------------------------------------------------------------



           ITERATION no  3

 ~~~ set units for this iteration ...
 ~~~ determine number of unknowns for this iter. ...

 Number of unknowns (for array-indexing):  nvar =  385
 Number of effective unknowns        :  nvareff =  386
 Number of elements on/below main diagonal of matrix G = At*A : kvar =   74305

 Damping factors to be used in this iteration:
   Othet=   0.010   XYthet  =   0.010   Zthet=  0.010
 STAthet=   0.010   Vthet   =   1.000

 ~~~ damp G ...
 ~~~ solve G * b = RHT ...
 ~~~ fix units ...
 ~~~ apply eventually step-length damping ...
 ~~~ adjust model (hypocenters, stacorr & veloc.) ...

 doing velocity adjustments now...

 doing station-correction adjustments...

 ~~~ compute effective step-length ...

 (Applied) Step length =   2.190

 ~~~ set units for next iteration ...
 ~~~ determine number of unknowns for next iter. ...

 Number of unknowns (for array-indexing):  nvar =  385
 Number of effective unknowns        :  nvareff =  386
 Number of elements on/below main diagonal of matrix G = At*A : kvar =   74305

 ~~~ reset G and RHT ...
 ~~~ raytracing, setup G ...
 ~~~ store parts of G ...
 ~~~ set units back for current iteration ...
 ~~~ determine number of unknowns for this iter. ...

 Number of unknowns (for array-indexing):  nvar =  385
 Number of effective unknowns        :  nvareff =  386
 Number of elements on/below main diagonal of matrix G = At*A : kvar =   74305

 ~~~ compute RMS and DATVAR ...

 $$$$$$$$$$$$$$$$$$$$$$$$$$$$$$$$$$$$$$$$$$$$$$$$$
 Events with  | AVRES | > 1.0 SEC are suspicious !

 Event#  10 >>>  160920 1607  AVRES =  2.48 NOBS =  2
 Event#  11 >>>  160925 1911  AVRES =  2.21 NOBS =  2
 Event#  54 >>>  170407 1729  AVRES =  1.56 NOBS =  2
 Event#  55 >>>  170407 1729  AVRES =  1.20 NOBS =  5
 Event#  61 >>>  170412 1507  AVRES = -1.21 NOBS =  6
 Event#  64 >>>  170414 0540  AVRES =  1.55 NOBS = 11
 Event#  72 >>>  170418 1005  AVRES =  3.20 NOBS =  1

 ^^^^^^^^^ C H E C K   these events above ^^^^^^^^
 $$$$$$$$$$$$$$$$$$$$$$$$$$$$$$$$$$$$$$$$$$$$$$$$$

 ~~~ check solution (better? worse?) ...

 Iteration nr  3 obtained:
 DATVAR=    1.331061 mean sqrd residual=     0.574375  RMS RESIDUAL=     0.757875

 After  3 iterations we got:
 Average absolute & unweighted [and mean] residual of
   302 straight and direct rays =  0.56728 [ -0.54608]
   377 refracted           rays =  0.87675 [ -0.34814]
     0 reflected           rays =  0.00000 [  0.00000]

   679 ALL                 RAYS =  0.73911 [ -0.43618]       -9.51 %

 ~~~ iteration done; output results ...

  eq       ot     x      y      z      rms    avres   dot     dx     dy     dz
    1      8.97  38.77 112.15  23.46   0.10  -0.49   -0.051  0.044  0.075  0.117
    2      9.16  38.16 110.84  23.17   0.10  -0.50   -0.053  0.064  0.086  0.122
    3     27.08-130.66  -8.41  12.38   0.62  -0.57   -0.079 -0.225  0.080  0.104
    4     15.44-131.73  -6.71  11.06   0.64  -0.59   -0.093 -0.240  0.084  0.023
    5     45.61 -40.20  38.70  24.03   0.15  -0.55   -0.035  0.048 -0.048  0.088
    6     49.42 -36.61  40.65  17.07   0.22  -0.56   -0.034  0.101 -0.033  0.208
    7     13.79-134.46-118.92   5.49   1.36   0.17   -0.080  0.245  0.039 -0.292
    8     30.22-140.96 -43.89   8.80   0.83  -0.21   -0.060 -0.031 -0.092  0.110
    9     39.58  10.97  56.59  12.21   0.18  -0.56   -0.048  0.025 -0.030  0.058
   10     18.21 -87.57-308.27  16.21   0.96   2.48   -0.047 -0.190  0.015  0.006
   11      5.42 -62.88-309.65  15.62   1.14   2.21   -0.077 -0.234 -0.002  0.009
   12     51.08  35.06  94.69  16.23   0.33  -0.70   -0.049  0.009  0.031  0.237
   13     46.77  33.64  97.96  19.45   0.21  -0.56   -0.049  0.091  0.032  0.157
   14     55.75  33.47  97.49  14.18   0.64  -0.66   -0.056  0.037 -0.017  0.100
   15     44.57  34.12  97.36  17.58   0.73  -0.34   -0.048  0.039  0.021  0.135
   16     44.74  34.97  96.02  18.81   0.71  -0.25   -0.058 -0.031  0.099  0.074
   17     21.95  -0.85  82.55  18.88   0.44  -0.48   -0.056  0.051  0.068  0.126
   18     36.34 -34.07   4.47  12.04   0.43  -0.78   -0.060  0.019  0.006  0.301
   19     33.18  41.41  64.06  10.39   0.41  -0.66   -0.045 -0.018 -0.037  0.111
   20     45.84  37.84  85.19  16.36   0.18  -0.72   -0.058 -0.008  0.010  0.051
   21     33.98  36.36  82.64  14.30   0.35  -0.73   -0.045 -0.062 -0.060 -0.082
   22     25.78  35.76  85.24  13.64   0.29  -0.82   -0.045 -0.034 -0.044  0.037
   23     15.79  35.30  86.22  11.43   0.37  -0.87   -0.044 -0.072 -0.057 -0.073
   24      1.79  34.76  82.33   5.50   0.55  -0.81   -0.078 -0.040  0.123 -0.069
   25     48.59 -45.77  23.48  22.40   0.19  -0.31   -0.010  0.073 -0.103  0.145
   26     27.49 -70.25  -4.14  10.61   0.33  -0.70   -0.042  0.078 -0.149  0.116
   27      0.09  -0.49  49.31  13.58   0.28  -0.61   -0.043  0.061 -0.088  0.168
   28     58.97  37.71  76.23  11.58   0.52  -0.58   -0.048  0.028 -0.003  0.018
   29     20.06-148.93 -12.93  14.97   0.71  -0.35   -0.055 -0.035 -0.019  0.064
   30      2.79  35.96  76.69  13.61   0.59  -0.47   -0.041  0.015 -0.038  0.065
   31     20.87  36.41  77.41  14.39   0.73  -0.50   -0.048 -0.065 -0.017  0.058
   32     50.69  36.86  76.93  15.31   0.22  -0.70   -0.040 -0.025 -0.060 -0.000
   33      0.70  37.29  76.09  15.85   0.25  -0.60   -0.037  0.007 -0.051  0.077
   34     55.36 -16.78  34.84  24.68   0.13  -0.33   -0.018  0.114 -0.032  0.070
   35     39.16 -71.24  -8.28   3.73   0.50  -0.73   -0.020  0.236  0.088  0.120
   36     59.00  36.59  77.78  15.30   0.50  -0.51   -0.039  0.001 -0.046  0.063
   37      5.49  31.36  50.08  14.83   0.14  -0.66   -0.040 -0.004 -0.039 -0.052
   38     46.37  73.13  72.99  17.08   0.29  -0.62   -0.049 -0.030 -0.015  0.050
   39     13.94   0.82  26.05   4.12   0.29  -0.57   -0.059  0.041 -0.059  0.086
   40     14.50 -41.77  13.89  16.99   0.16  -0.57   -0.040  0.062 -0.017  0.064
   41     56.25  34.78  78.86   5.20   0.45  -0.85   -0.061 -0.046 -0.026  0.063
   42     34.23  -3.82  46.21  18.16   0.17  -0.42   -0.028  0.091 -0.037  0.062
   43     24.53-109.86 -39.27   5.10   0.47  -1.00   -0.025  0.328  0.058 -0.070
   44     49.55  30.42  50.44   8.39   0.34  -0.60   -0.053  0.032 -0.040  0.046
   45     41.08-145.39  45.62  18.82   0.71  -0.21   -0.045 -0.113  0.081  0.191
   46     34.00 -57.50  -1.19  16.61   0.21  -0.54   -0.038  0.052 -0.122  0.176
   47      0.95  10.83  80.46  21.96   0.70  -0.22   -0.023  0.110 -0.039  0.023
   48     37.15  10.82  81.62  23.64   0.16  -0.42   -0.019  0.114  0.016 -0.008
   49     35.63  54.59  84.45  22.47   0.16  -0.56   -0.030 -0.069 -0.049 -0.031
   50     35.95-102.63 -35.76  15.64   0.43  -0.58   -0.047  0.052 -0.073  0.101
   51     52.98-101.28 -54.55   8.98   0.88  -0.61   -0.078  0.031  0.061 -0.110
   52     43.02-116.06  43.41  16.15   0.48  -0.55   -0.068 -0.188  0.157  0.194
   53      0.94  10.81  80.68  21.43   0.67  -0.20   -0.025  0.106 -0.001  0.045
   54      2.87 -83.69 322.75  15.67   0.49   1.56   -0.207 -0.007 -0.026  0.025
   55      3.05 -89.68 304.28   0.47   0.45   1.20   -0.180  0.053 -0.005  0.029
   56     44.77  36.09  67.57  15.26   0.65  -0.55   -0.047  0.030 -0.061  0.084
   57     47.05 -84.54 154.78  15.62   0.78   0.95   -0.060  0.055  0.084  0.007
   58     45.49 -80.84 151.03  15.26   1.18   0.29   -0.044  0.113  0.163  0.090
   59      8.38 -82.24   0.24   3.41   0.52  -0.90   -0.045  0.090 -0.027  0.250
   60      3.38-110.40-118.23   3.05   1.53  -0.08   -0.084  0.120  0.162 -0.216
   61      0.34-130.34 -55.27   0.82   0.69  -1.21   -0.099 -0.104 -0.076  0.245
   62     19.97  20.13 152.61  15.98   1.24  -0.25   -0.050  0.279 -0.004  0.138
   63     18.73 -47.07  29.71  20.65   0.17  -0.50   -0.028  0.063 -0.066  0.191
   64      4.68-162.75 184.35   8.02   0.98   1.55   -0.059  0.425  0.494  0.008
   65     23.36 -47.73  20.42  15.86   0.17  -0.54   -0.023  0.114 -0.084  0.136
   66     32.68-152.88  43.11  18.53   0.49  -0.40   -0.045 -0.191  0.105  0.229
   67     41.81 -37.08  -5.30  19.31   0.17  -0.52   -0.035  0.083 -0.124  0.041
   68     14.03  51.32 106.10  20.62   0.37  -0.39   -0.065  0.170  0.154  0.070
   69     48.30-214.97-349.14  73.50   0.00   0.00    0.000  0.000  0.000  0.000
   70      5.38  33.93  96.83  19.41   0.81  -0.27   -0.046  0.073  0.027  0.048
   71      3.95   6.30  56.77   1.04   0.58  -0.47   -0.059  0.059  0.030 -0.079
   72     56.28 132.67-297.77  96.99  10.25   3.20   -0.213 -0.014  0.018 -0.005
   73     12.82  50.64  81.78  23.17   0.49  -0.27   -0.032  0.068 -0.054  0.030
   74     36.10-102.60  70.58  22.84   0.44  -0.42   -0.036 -0.044  0.112  0.363
   75     46.47-108.43   2.86   1.19   0.98  -0.87   -0.081 -0.260  0.119  0.396
   76     54.60-217.19 302.17   0.10   0.00   0.00    0.000  0.000  0.000  0.000
   77     43.99  50.98  93.70  16.86   0.31  -0.58   -0.043  0.015 -0.006  0.031
   78     41.70  38.56  66.28  22.09   0.38  -0.45   -0.037  0.054 -0.085  0.029
   79     58.49 -69.48  -4.67   1.44   0.48  -0.91   -0.045  0.084 -0.073  0.482
   80     26.58 -69.91  -6.07   1.38   0.42  -0.88   -0.046  0.063 -0.093  0.472
   81     26.78 -69.79  -4.80   1.13   0.44  -0.87   -0.046  0.100 -0.078  0.384
   82     23.15 -69.63  -4.69   0.60   0.43  -0.91   -0.060  0.185 -0.065  0.137
   83     23.14 -70.63  -5.93   6.74   0.39  -0.77   -0.022  0.180  0.076  0.038
   84     21.16 -43.07   8.51  21.16   0.14  -0.37   -0.017  0.110 -0.103  0.062
   85     24.42-167.22 -46.40  10.57   1.08  -0.18   -0.069  0.079  0.006 -0.108
   86     44.00 -12.11  29.95  18.54   0.19  -0.54   -0.039  0.073 -0.099  0.154
   87     28.69 -61.43   6.70   3.46   0.45  -0.72   -0.046  0.073 -0.151  0.285
   88     37.95-103.58 -28.34   8.55   0.39  -0.99   -0.051  0.108 -0.059  0.059
   89     47.71-142.27  89.87  21.05   0.81   0.13   -0.037 -0.164  0.175  0.301
   90     48.21-140.22  88.59  21.02   0.76   0.04   -0.039 -0.138  0.193  0.320
   91     33.93  33.89  85.25  19.77   0.56  -0.44   -0.064  0.160  0.062  0.078

 A V E R A G E   of ADJUSTMENTS :                    -0.052  0.031  0.004  0.091
 A V E R A G E   of ABSOLUTE ADJUSTMENTS :            0.052  0.090  0.067  0.117


 Step length damping of 0.09868 was applied.


 Velocity adjustments:
     vp    dvp      hp   reflector
 Velocity model   1
   5.135 -0.008   -5.000      
   5.524  0.020    4.080      
   5.624  0.044    7.940      
   6.126  0.010   15.560      
   6.381  0.011   20.930      
   6.919  0.009   27.430      
   7.590  0.200   37.120      
   8.568  0.083   42.700      
   9.003 -0.200   44.690      

 Calculation of average velocity starts at layer #           1
 z = -5.00 ...  4.08    v = 5.14    AVEL = 5.14 downto z =   4.08
 z =  4.08 ...  7.94    v = 5.52    AVEL = 5.25 downto z =   7.94
 z =  7.94 ... 15.56    v = 5.62    AVEL = 5.39 downto z =  15.56
 z = 15.56 ... 20.93    v = 6.13    AVEL = 5.54 downto z =  20.93
 z = 20.93 ... 27.43    v = 6.38    AVEL = 5.71 downto z =  27.43
 z = 27.43 ... 37.12    v = 6.92    AVEL = 5.99 downto z =  37.12
 z = 37.12 ... 42.70    v = 7.59    AVEL = 6.18 downto z =  42.70
 z = 42.70 ... 44.69    v = 8.57    AVEL = 6.27 downto z =  44.69


 Calculation of average velocity starts at layer #           2
 z =  4.08 ...  7.94    v = 5.52    AVEL = 5.52 downto z =   7.94
 z =  7.94 ... 15.56    v = 5.62    AVEL = 5.59 downto z =  15.56
 z = 15.56 ... 20.93    v = 6.13    AVEL = 5.76 downto z =  20.93
 z = 20.93 ... 27.43    v = 6.38    AVEL = 5.93 downto z =  27.43
 z = 27.43 ... 37.12    v = 6.92    AVEL = 6.22 downto z =  37.12
 z = 37.12 ... 42.70    v = 7.59    AVEL = 6.42 downto z =  42.70
 z = 42.70 ... 44.69    v = 8.57    AVEL = 6.53 downto z =  44.69



 Adjusted station corrections:
   stn  ptcor  dpcor  
  624   0.000  0.000  628  -0.070 -0.025  630  -0.058 -0.020  627   0.014  0.006
  621   0.049  0.015  629   0.034  0.011  622   0.046  0.014  620   0.044  0.013
  623   0.072  0.023  626   0.044  0.014  625   0.036  0.012  631   0.109  0.033
  632   0.026  0.004

 ~~~ another iteration? ...
 NITT = ITTMAX  --> stop iterations.
 ~~~ final solution reached ...

 ~~~ damp G & Chol.-Decomp.: NOT made (switch iresolcalc is NOT set !)

 Final rms values:  0.10 0.10 0.62 0.64 0.15 0.22 1.36 0.83 0.18 0.96
                    1.14 0.33 0.21 0.64 0.73 0.71 0.44 0.43 0.41 0.18
                    0.35 0.29 0.37 0.55 0.19 0.33 0.28 0.52 0.71 0.59
                    0.73 0.22 0.25 0.13 0.50 0.50 0.14 0.29 0.29 0.16
                    0.45 0.17 0.47 0.34 0.71 0.21 0.70 0.16 0.16 0.43
                    0.88 0.48 0.67 0.49 0.45 0.65 0.78 1.18 0.52 1.53
                    0.69 1.24 0.17 0.98 0.17 0.49 0.17 0.37 0.00 0.81
                    0.5810.25 0.49 0.44 0.98 0.00 0.31 0.38 0.48 0.42
                    0.44 0.43 0.39 0.14 1.08 0.19 0.45 0.39 0.81 0.76
                    0.56



 ~~~ output final hypocenters ...

      date    origin   latitude longitude  depth  mag  no  rms      x      y      z
   1 160818 1613  8.97 73.0051N 124.8452E  23.46 1.40   6 0.104   38.77 112.15  23.46
   2 160818 1613  9.16 72.9933N 124.8636E  23.17 1.10   6 0.099   38.16 110.84  23.17
   3 160819 0959 27.08 71.9246N 129.7793E  12.38 4.00  12 0.619 -130.66  -8.41  12.38
   4 160820 1506 15.44 71.9398N 129.8117E  11.06 1.50   9 0.640 -131.73  -6.71  11.06
   5 160820 1904 45.61 72.3468N 127.1761E  24.03 1.20   6 0.149  -40.20  38.70  24.03
   6 160822 1318 49.42 72.3643N 127.0715E  17.07 0.60   8 0.218  -36.61  40.65  17.07
   7 160823 0652 13.79 70.9343N 129.7889E   5.49 2.90   6 1.364 -134.46-118.92   5.49
   8 160824 1510 30.22 71.6067N 130.0428E   8.80 1.50   9 0.829 -140.96 -43.89   8.80
   9 160906 1514 39.58 72.5072N 125.6778E  12.21 0.90   6 0.177   10.97  56.59  12.21
  10 160920 1607 18.21 69.2373N 128.3635E  16.21 2.60   2 0.961  -87.57-308.27  16.21
  11 160925 1911  5.42 69.2249N 127.6966E  15.62 2.30   2 1.143  -62.88-309.65  15.62
  12 161004 0841 51.08 72.8486N 124.9603E  16.23 0.20   6 0.330   35.06  94.69  16.23
  13 161005 1619 46.77 72.8779N 125.0015E  19.45 1.00   9 0.214   33.64  97.96  19.45
  14 161006 0156 55.75 72.8737N 125.0066E  14.18 1.00   7 0.638   33.47  97.49  14.18
  15 161009 0036 44.57 72.8725N 124.9873E  17.58 1.30   8 0.732   34.12  97.36  17.58
  16 161009 0036 44.74 72.8605N 124.9626E  18.81 1.20   7 0.715   34.97  96.02  18.81
  17 161012 0800 21.95 72.7398N 126.0251E  18.88 0.80   7 0.442   -0.85  82.55  18.88
  18 161015 1013 36.34 72.0401N 126.9884E  12.04 0.70   7 0.426  -34.07   4.47  12.04
  19 161021 0507 33.18 72.5741N 124.7810E  10.39 0.80   6 0.408   41.41  64.06  10.39
  20 161124 2250 45.84 72.7635N 124.8802E  16.36 3.10   4 0.179   37.84  85.19  16.36
  21 161125 0156 33.98 72.7406N 124.9247E  14.30 0.60   7 0.351   36.36  82.64  14.30
  22 161125 0517 25.78 72.7639N 124.9418E  13.64 1.60   6 0.291   35.76  85.24  13.64
  23 161125 0525 15.79 72.7727N 124.9553E  11.43 0.80   6 0.371   35.30  86.22  11.43
  24 161125 0556  1.79 72.7378N 124.9723E   5.50 0.20   6 0.552   34.76  82.33   5.50
  25 170117 0846 48.59 72.2104N 127.3339E  22.40 0.30   6 0.191  -45.77  23.48  22.40
  26 170122 1614 27.49 71.9629N 128.0341E  10.61 0.90   6 0.326  -70.25  -4.14  10.61
  27 170125 2244  0.09 72.4419N 126.0144E  13.58 0.80   6 0.282   -0.49  49.31  13.58
  28 170302 1359 58.97 72.6831N 124.8866E  11.58 0.50   7 0.524   37.71  76.23  11.58
  29 170302 2335 20.06 71.8841N 130.3030E  14.97 2.10   9 0.707 -148.93 -12.93  14.97
  30 170304 2135  2.79 72.6873N 124.9382E  13.61 1.30   7 0.591   35.96  76.69  13.61
  31 170307 0447 20.87 72.6938N 124.9248E  14.39 1.70  10 0.732   36.41  77.41  14.39
  32 170307 2016 50.69 72.6895N 124.9117E  15.31 1.10   6 0.223   36.86  76.93  15.31
  33 170309 1454  0.70 72.6819N 124.8991E  15.85 0.30   6 0.246   37.29  76.09  15.85
  34 170311 0430 55.36 72.3122N 126.4904E  24.68 0.30   6 0.129  -16.78  34.84  24.68
  35 170312 0416 39.16 71.9258N 128.0607E   3.73 2.10   6 0.503  -71.24  -8.28   3.73
  36 170313 0553 59.00 72.6970N 124.9193E  15.30 1.00   9 0.501   36.59  77.78  15.30
  37 170313 0809  5.49 72.4488N 125.0800E  14.83 1.20   7 0.137   31.36  50.08  14.83
  38 170315 0234 46.37 72.6541N 123.8425E  17.08 1.40   7 0.289   73.13  72.99  17.08
  39 170317 1007 13.94 72.2335N 125.9762E   4.12 0.50   7 0.289    0.82  26.05   4.12
  40 170320 0711 14.50 72.1245N 127.2147E  16.99 0.90   6 0.155  -41.77  13.89  16.99
  41 170320 0853 56.25 72.7067N 124.9726E   5.20 0.40   6 0.448   34.78  78.86   5.20
  42 170320 1900 34.23 72.4141N 126.1120E  18.16 0.60   7 0.168   -3.82  46.21  18.16
  43 170323 0519 24.53 71.6481N 129.1543E   5.10 1.20   6 0.474 -109.86 -39.27   5.10
  44 170323 1612 49.55 72.4520N 125.1075E   8.39 0.50   6 0.341   30.42  50.44   8.39
  45 170323 1906 41.08 72.4088N 130.2606E  18.82 1.00   6 0.711 -145.39  45.62  18.82
  46 170326 0836 34.00 71.9893N 127.6660E  16.61 1.50   7 0.213  -57.50  -1.19  16.61
  47 170402 0422  0.95 72.7211N 125.6800E  21.96 1.20  10 0.702   10.83  80.46  21.96
  48 170402 0636 37.15 72.7315N 125.6802E  23.64 0.70   6 0.159   10.82  81.62  23.64
  49 170404 2347 35.63 72.7568N 124.3850E  22.47 0.50   6 0.163   54.59  84.45  22.47
  50 170405 0307 35.95 71.6795N 128.9492E  15.64 1.00  10 0.429 -102.63 -35.76  15.64
  51 170405 1410 52.98 71.5111N 128.8974E   8.98 1.70  10 0.880 -101.28 -54.55   8.98
  52 170406 0838 43.02 72.3891N 129.3992E  16.15 0.90  10 0.484 -116.06  43.41  16.15
  53 170406 1728  0.94 72.7231N 125.6804E  21.43 0.90  10 0.674   10.81  80.68  21.43
  54 170407 1729  2.87 74.8924N 128.6306E  15.67 1.80   2 0.490  -83.69 322.75  15.67
  55 170407 1729  3.05 74.7269N 128.8052E   0.47 1.60   5 0.448  -89.68 304.28   0.47
  56 170408 1004 44.77 72.6056N 124.9368E  15.26 1.40  13 0.653   36.09  67.57  15.26
  57 170409 0856 47.05 73.3871N 128.5450E  15.62 2.50   6 0.776  -84.54 154.78  15.62
  58 170409 0902 45.49 73.3535N 128.4313E  15.26 1.10   7 1.177  -80.84 151.03  15.26
  59 170410 1520  8.38 72.0021N 128.3837E   3.41 1.00  10 0.524  -82.24   0.24   3.41
  60 170410 1813  3.38 70.9404N 129.1115E   3.05 2.20  13 1.534 -110.40-118.23   3.05
  61 170412 1507  0.34 71.5046N 129.7281E   0.82 0.70   6 0.694 -130.34 -55.27   0.82
  62 170413 0651 19.97 73.3677N 125.3944E  15.98 1.00  10 1.241   20.13 152.61  15.98
  63 170414 0459 18.73 72.2663N 127.3741E  20.65 0.50   7 0.168  -47.07  29.71  20.65
  64 170414 0540  4.68 73.6521N 130.9363E   8.02 1.80  11 0.977 -162.75 184.35   8.02
  65 170414 1656 23.36 72.1830N 127.3901E  15.86 0.20   6 0.174  -47.73  20.42  15.86
  66 170414 1753 32.68 72.3864N 130.4772E  18.53 0.70   6 0.487 -152.88  43.11  18.53
  67 170416 0523 41.81 71.9525N 127.0732E  19.31 1.60  13 0.170  -37.08  -5.30  19.31
  68 170416 1220 14.03 72.9508N 124.4737E  20.62 1.00  11 0.365   51.32 106.10  20.62
 WARNING: Event-# :          69 has zero observations!
  69 170416 1257 48.30 68.8710N 131.7500E  73.50 2.20   0 0.000 -214.97-349.14  73.50
  70 170416 1821  5.38 72.8678N 124.9931E  19.41 1.30  13 0.812   33.93  96.83  19.41
  71 170418 0606  3.95 72.5088N 125.8148E   1.04 0.20   6 0.576    6.30  56.77   1.04
  72 170418 1005 56.28 69.3314N 122.4109E  96.99 2.20   110.251  132.67-297.77  96.99
  73 170418 1500 12.82 72.7329N 124.5029E  23.17 1.30  12 0.487   50.64  81.78  23.17
  74 170420 1302 36.10 72.6325N 129.0250E  22.84 0.90  11 0.436 -102.60  70.58  22.84
  75 170420 2248 46.47 72.0256N 129.1447E   1.19 0.70  11 0.979 -108.43   2.86   1.19
 WARNING: Event-# :          76 has zero observations!
  76 170423 0850 54.60 74.7080N 132.7900E   0.10 1.90   0 0.000 -217.19 302.17   0.10
  77 170423 1455 43.99 72.8397N 124.4883E  16.86 0.60   8 0.310   50.98  93.70  16.86
  78 170423 2313 41.70 72.5940N 124.8643E  22.09 1.30  12 0.378   38.56  66.28  22.09
  79 170424 0609 58.49 71.9581N 128.0114E   1.44 1.10  12 0.484  -69.48  -4.67   1.44
  80 170424 0755 26.58 71.9456N 128.0234E   1.38 1.00  12 0.417  -69.91  -6.07   1.38
  81 170424 0755 26.78 71.9570N 128.0205E   1.13 1.00  12 0.444  -69.79  -4.80   1.13
  82 170425 0652 23.15 71.9580N 128.0158E   0.60 1.20   9 0.432  -69.63  -4.69   0.60
  83 170426 0051 23.14 71.9469N 128.0441E   6.74 0.70   6 0.394  -70.63  -5.93   6.74
  84 170426 1425 21.16 72.0763N 127.2508E  21.16 0.10   6 0.136  -43.07   8.51  21.16
  85 170426 1834 24.42 71.5842N 130.7930E  10.57 1.20   8 1.081 -167.22 -46.40  10.57
  86 170426 1840 44.00 72.2684N 126.3536E  18.54 1.30   8 0.193  -12.11  29.95  18.54
  87 170427 0912 28.69 72.0601N 127.7832E   3.46 0.90   8 0.449  -61.43   6.70   3.46
  88 170427 1041 37.95 71.7460N 128.9817E   8.55 0.70   7 0.393 -103.58 -28.34   8.55
  89 170427 2010 47.71 72.8054N 130.2146E  21.05 1.30   8 0.810 -142.27  89.87  21.05
  90 170427 2010 48.21 72.7940N 130.1525E  21.02 1.30   8 0.758 -140.22  88.59  21.02
  91 170427 2342 33.93 72.7640N 124.9971E  19.77 0.80   6 0.564   33.89  85.25  19.77

 ~~~ output final station residuals ...
 TURBO-option is set; residuals are NOT printed for each event!



   station statistics, remember nsp was set to: 1


 sta phase nobs avres  avwres    std    wsum    delay

 624    P  74 -0.5673 -0.5673  0.5422  74.0000  0.0000
 628    P  69 -0.8982 -0.8982  0.5200  69.0000 -0.0701
 630    P  53 -0.5256 -0.5256  0.4285  53.0000 -0.0579
 627    P  46 -0.5219 -0.5219  0.5900  46.0000  0.0137
 621    P  59 -0.3322 -0.3322  0.8473  59.0000  0.0488
 629    P  43 -0.4817 -0.4817  0.5175  43.0000  0.0343
 622    P  58 -0.3745 -0.3745  0.7082  58.0000  0.0457
 620    P  48 -0.3748 -0.3748  0.7219  48.0000  0.0442
 623    P  55 -0.3837 -0.3837  0.4792  55.0000  0.0718
 626    P  52 -0.5366 -0.5366  0.7502  52.0000  0.0442
 625    P  49 -0.4883 -0.4883  0.5921  49.0000  0.0365
 631    P  49  0.2428  0.2428  1.3489  49.0000  0.1086
 632    P  24  0.0296  0.0296  1.0877  24.0000  0.0259


 ~~~ output statistics ...




 RAY-STATISTICS FOR  L A S T  ITERATION
 --------------------------------------

 NHYP : nr of hypocenters in this layer
 NREF : nr of headwaves in this layer
 %len : % of "refracted km" in this layer 
        with respect to all refracted kilometers
 NHIT : nr of rays passed thru this layer
 xy-km: average horizontal ray length [km] in layer
 z-km : average  vertical  ray length [km] in layer
 RFLX : number of reflections at bottom of this layer

 nlay   top ..... bottom     velocity   NHYP NREF %len  NHIT xy-km  z-km  RFLX

   1    -5.00...  4.08 km    5.14 km/s   13    0   0.0   774   5.7   3.8     0
   2     4.08...  7.94 km    5.52 km/s    6   56  11.4   718  10.6   3.4     0
   3     7.94... 15.56 km    5.62 km/s   26   15   2.9   752  11.6   6.4     0
   4    15.56... 20.93 km    6.13 km/s   29   62  12.1   693  13.7   4.0     0
   5    20.93... 27.43 km    6.38 km/s   15   34   5.6   529  11.3   5.3     0
   6    27.43... 37.12 km    6.92 km/s    0   50  10.5   371  16.7   8.4     0
   7    37.12... 42.70 km    7.59 km/s    0    0   0.0   321   8.7   5.6     0
   8    42.70... 44.69 km    8.57 km/s    0    0   0.0   321   6.2   2.0     0
   9    44.69...       km    9.00 km/s    2  160  57.5     0   0.0   0.0

 Total nr of events was   91

 Total nr of refracted rays =   377
 Total nr of reflected rays =     0
 Total nr of   other   rays =   302
                              ------
 Total nr of    all    rays =   679

 Average (absolute) error of the raytracers:
  Straight and direct rays :    8.20 meters
  Refracted           rays :    0.01 meters
  Reflected           rays :    0.00 meters


 ALL RAYS TOGETHER:
 Average horizontal ray length =   89.9 km   (Hypocenter --> Station) 
 Average  vertical  ray length =   22.7 km   (Deepest ray-point --> Station)



 ... and some more STATISTICS 
 ---------------------------- 
  GAP of final epicenters:

  Event# -> GAP  Event# -> GAP  Event# -> GAP  Event# -> GAP  Event# -> GAP
       1 -> 296       2 -> 294       3 -> 270       4 -> 274       5 -> 307
       6 ->  97       7 -> 320       8 -> 305       9 -> 169      10 -> 346
      11 -> 347      12 -> 259      13 -> 264      14 -> 263      15 -> 263
      16 -> 264      17 -> 253      18 -> 244      19 -> 160      20 -> 302
      21 -> 232      22 -> 239      23 -> 241      24 -> 230      25 -> 130
      26 -> 102      27 -> 155      28 -> 212      29 -> 305      30 -> 213
      31 -> 215      32 -> 214      33 -> 211      34 -> 133      35 -> 240
      36 -> 216      37 -> 132      38 -> 312      39 -> 117      40 -> 209
      41 -> 219      42 -> 121      43 -> 230      44 -> 134      45 -> 309
      46 -> 126      47 -> 224      48 -> 226      49 -> 288      50 -> 196
      51 -> 290      52 -> 270      53 -> 224      54 -> 354      55 -> 347
      56 -> 180      57 -> 310      58 -> 318      59 -> 167      60 -> 310
      61 -> 301      62 -> 306      63 -> 149      64 -> 322      65 -> 129
      66 -> 293      67 ->  86      68 -> 295      69 -> 171      70 -> 262
      71 -> 174      72 ->   0      73 -> 260      74 -> 299      75 -> 240
      76 ->  58      77 -> 284      78 -> 174      79 -> 164      80 -> 169
      81 -> 166      82 -> 165      83 -> 233      84 -> 115      85 -> 315
      86 ->  94      87 -> 114      88 -> 270      89 -> 318      90 -> 317
      91 -> 295

 GAPs were between   0 and 354
      (average GAP was 228)



  MAGNITUDES of INPUT-DATA:

 Magnitude (# of events)   ***average number of obs***

 MAG<= 1.0 ( 47) *******
 MAG = 1.1 (  4) ********
 MAG = 1.2 (  7) ********
 MAG = 1.3 (  8) *********1
 MAG = 1.4 (  3) *********
 MAG = 1.5 (  3) ********
 MAG = 1.6 (  3) ********
 MAG = 1.7 (  2) *********1
 MAG = 1.8 (  2) *******
 MAG = 1.9 (  1)  
 MAG = 2.0 (  0)  
 MAG = 2.1 (  2) ********
 MAG = 2.2 (  3) *****
 MAG = 2.3 (  1) **
 MAG = 2.4 (  0)  
 MAG = 2.5 (  1) ******
 MAG = 2.6 (  1) **
 MAG = 2.7 (  0)  
 MAG = 2.8 (  0)  
 MAG = 2.9 (  1) ******
 MAG = 3.0 (  0)  
 MAG = 3.1 (  1) ****
 MAG = 3.2 (  0)  
 MAG = 3.3 (  0)  
 MAG = 3.4 (  0)  
 MAG = 3.5 (  0)  
 MAG = 3.6 (  0)  
 MAG = 3.7 (  0)  
 MAG = 3.8 (  0)  
 MAG = 3.9 (  0)  
 MAG = 4.0 (  1) *********1**
 MAG = 4.1 (  0)  
 MAG = 4.2 (  0)  
 MAG = 4.3 (  0)  
 MAG = 4.4 (  0)  
 MAG = 4.5 (  0)  
 MAG = 4.6 (  0)  
 MAG = 4.7 (  0)  
 MAG = 4.8 (  0)  
 MAG = 4.9 (  0)  
 MAG = 5.0 (  0)  
 MAG = 5.1 (  0)  
 MAG = 5.2 (  0)  
 MAG = 5.3 (  0)  
 MAG = 5.4 (  0)  
 MAG = 5.5 (  0)  
 MAG = 5.6 (  0)  
 MAG = 5.7 (  0)  
 MAG = 5.8 (  0)  
 MAG = 5.9 (  0)  
 MAG>= 6.0 (  0)  





  DEPTHs of INPUT-DATA and of LAST ITERATION:
  ===========================================

       Depth       # of events  

 DEPTH ( input ) =  -4. km :   
 DEPTH (last_IT) =  -4. km :   
 DEPTH ( input ) =  -3. km :   
 DEPTH (last_IT) =  -3. km :   
 DEPTH ( input ) =  -2. km :   
 DEPTH (last_IT) =  -2. km :   
 DEPTH ( input ) =  -1. km :   
 DEPTH (last_IT) =  -1. km :   
 DEPTH ( input ) =   0. km :  ........
 DEPTH (last_IT) =   0. km :  **
 DEPTH ( input ) =   1. km :  .
 DEPTH (last_IT) =   1. km :  *******
 DEPTH ( input ) =   2. km :   
 DEPTH (last_IT) =   2. km :   
 DEPTH ( input ) =   3. km :  ...
 DEPTH (last_IT) =   3. km :  ***
 DEPTH ( input ) =   4. km :  ..
 DEPTH (last_IT) =   4. km :  **
 DEPTH ( input ) =   5. km :  ..
 DEPTH (last_IT) =   5. km :  ****
 DEPTH ( input ) =   6. km :  ..
 DEPTH (last_IT) =   6. km :   
 DEPTH ( input ) =   7. km :  .
 DEPTH (last_IT) =   7. km :  *
 DEPTH ( input ) =   8. km :  ...
 DEPTH (last_IT) =   8. km :  **
 DEPTH ( input ) =   9. km :  ..
 DEPTH (last_IT) =   9. km :  ***
 DEPTH ( input ) =  10. km :  ..
 DEPTH (last_IT) =  10. km :  *
 DEPTH ( input ) =  11. km :  ...
 DEPTH (last_IT) =  11. km :  ****
 DEPTH ( input ) =  12. km :  ....
 DEPTH (last_IT) =  12. km :  ****
 DEPTH ( input ) =  13. km :  ..
 DEPTH (last_IT) =  13. km :   
 DEPTH ( input ) =  14. km :  ...
 DEPTH (last_IT) =  14. km :  ******
 DEPTH ( input ) =  15. km :  ........
 DEPTH (last_IT) =  15. km :  ******
 DEPTH ( input ) =  16. km :  .........1.
 DEPTH (last_IT) =  16. km :  *********1*
 DEPTH ( input ) =  17. km :  .....
 DEPTH (last_IT) =  17. km :  *****
 DEPTH ( input ) =  18. km :  ....
 DEPTH (last_IT) =  18. km :  **
 DEPTH ( input ) =  19. km :  .....
 DEPTH (last_IT) =  19. km :  ********
 DEPTH ( input ) =  20. km :  .....
 DEPTH (last_IT) =  20. km :  *
 DEPTH ( input ) =  21. km :  ..
 DEPTH (last_IT) =  21. km :  ******
 DEPTH ( input ) =  22. km :  ....
 DEPTH (last_IT) =  22. km :  ****
 DEPTH ( input ) =  23. km :  ....
 DEPTH (last_IT) =  23. km :  ****
 DEPTH ( input ) =  24. km :  ..
 DEPTH (last_IT) =  24. km :  **
 DEPTH ( input ) =  25. km :  .
 DEPTH (last_IT) =  25. km :  *
 DEPTH ( input ) =  26. km :   
 DEPTH (last_IT) =  26. km :   
 DEPTH ( input ) =  27. km :   
 DEPTH (last_IT) =  27. km :   
 DEPTH ( input ) =  28. km :   
 DEPTH (last_IT) =  28. km :   
 DEPTH ( input ) =  29. km :   
 DEPTH (last_IT) =  29. km :   
 DEPTH ( input ) =  30. km :   
 DEPTH (last_IT) =  30. km :   
 DEPTH ( input ) =  31. km :   
 DEPTH (last_IT) =  31. km :   
 DEPTH ( input ) =  32. km :   
 DEPTH (last_IT) =  32. km :   
 DEPTH ( input ) =  33. km :   
 DEPTH (last_IT) =  33. km :   
 DEPTH ( input ) =  34. km :   
 DEPTH (last_IT) =  34. km :   
 DEPTH ( input ) =  35. km :   
 DEPTH (last_IT) =  35. km :   
 DEPTH ( input ) =  36. km :   
 DEPTH (last_IT) =  36. km :   
 DEPTH ( input ) =  37. km :   
 DEPTH (last_IT) =  37. km :   
 DEPTH ( input ) =  38. km :   
 DEPTH (last_IT) =  38. km :   
 DEPTH ( input ) =  39. km :   
 DEPTH (last_IT) =  39. km :   
 DEPTH ( input ) =  40. km :   
 DEPTH (last_IT) =  40. km :   
 DEPTH ( input ) =  41. km :   
 DEPTH (last_IT) =  41. km :   
 DEPTH ( input ) =  42. km :   
 DEPTH (last_IT) =  42. km :   
 DEPTH ( input ) =  43. km :   
 DEPTH (last_IT) =  43. km :   
 DEPTH ( input ) =  44. km :   
 DEPTH (last_IT) =  44. km :   
 DEPTH ( input ) =  45. km :   
 DEPTH (last_IT) =  45. km :   
 DEPTH ( input ) =  46. km :   
 DEPTH (last_IT) =  46. km :   
 DEPTH ( input ) =  47. km :   
 DEPTH (last_IT) =  47. km :   
 DEPTH ( input ) =  48. km :   
 DEPTH (last_IT) =  48. km :   
 DEPTH ( input ) =  49. km :   
 DEPTH (last_IT) =  49. km :   
 DEPTH ( input ) =  50. km :   
 DEPTH (last_IT) =  50. km :   
 DEPTH ( input ) =  51. km :   
 DEPTH (last_IT) =  51. km :   
 DEPTH ( input ) =  52. km :   
 DEPTH (last_IT) =  52. km :   
 DEPTH ( input ) =  53. km :   
 DEPTH (last_IT) =  53. km :   
 DEPTH ( input ) =  54. km :   
 DEPTH (last_IT) =  54. km :   
 DEPTH ( input ) =  55. km :   
 DEPTH (last_IT) =  55. km :   
 DEPTH ( input ) =  56. km :   
 DEPTH (last_IT) =  56. km :   
 DEPTH ( input ) =  57. km :   
 DEPTH (last_IT) =  57. km :   
 DEPTH ( input ) =  58. km :   
 DEPTH (last_IT) =  58. km :   
 DEPTH ( input ) =  59. km :   
 DEPTH (last_IT) =  59. km :   
 DEPTH ( input ) =  60. km :   
 DEPTH (last_IT) =  60. km :   
 DEPTH ( input ) =  61. km :   
 DEPTH (last_IT) =  61. km :   
 DEPTH ( input ) =  62. km :   
 DEPTH (last_IT) =  62. km :   
 DEPTH ( input ) =  63. km :   
 DEPTH (last_IT) =  63. km :   
 DEPTH ( input ) =  64. km :   
 DEPTH (last_IT) =  64. km :   
 DEPTH ( input ) =  65. km :   
 DEPTH (last_IT) =  65. km :   
 DEPTH ( input ) =  66. km :   
 DEPTH (last_IT) =  66. km :   
 DEPTH ( input ) =  67. km :   
 DEPTH (last_IT) =  67. km :   
 DEPTH ( input ) =  68. km :   
 DEPTH (last_IT) =  68. km :   
 DEPTH ( input ) =  69. km :   
 DEPTH (last_IT) =  69. km :   
 DEPTH ( input ) =  70. km :   
 DEPTH (last_IT) =  70. km :   
 DEPTH ( input ) =  71. km :   
 DEPTH (last_IT) =  71. km :   
 DEPTH ( input ) =  72. km :   
 DEPTH (last_IT) =  72. km :   
 DEPTH ( input ) =  73. km :   
 DEPTH (last_IT) =  73. km :   
 DEPTH ( input ) =  74. km :  .
 DEPTH (last_IT) =  74. km :  *
 DEPTH ( input ) =  75. km :   
 DEPTH (last_IT) =  75. km :   
 DEPTH ( input ) =  76. km :   
 DEPTH (last_IT) =  76. km :   
 DEPTH ( input ) =  77. km :   
 DEPTH (last_IT) =  77. km :   
 DEPTH ( input ) =  78. km :   
 DEPTH (last_IT) =  78. km :   
 DEPTH ( input ) =  79. km :   
 DEPTH (last_IT) =  79. km :   
 DEPTH ( input ) =  80. km :   
 DEPTH (last_IT) =  80. km :   
 DEPTH ( input ) =  81. km :   
 DEPTH (last_IT) =  81. km :   
 DEPTH ( input ) =  82. km :   
 DEPTH (last_IT) =  82. km :   
 DEPTH ( input ) =  83. km :   
 DEPTH (last_IT) =  83. km :   
 DEPTH ( input ) =  84. km :   
 DEPTH (last_IT) =  84. km :   
 DEPTH ( input ) =  85. km :   
 DEPTH (last_IT) =  85. km :   
 DEPTH ( input ) =  86. km :   
 DEPTH (last_IT) =  86. km :   
 DEPTH ( input ) =  87. km :   
 DEPTH (last_IT) =  87. km :   
 DEPTH ( input ) =  88. km :   
 DEPTH (last_IT) =  88. km :   
 DEPTH ( input ) =  89. km :   
 DEPTH (last_IT) =  89. km :   
 DEPTH ( input ) =  90. km :   
 DEPTH (last_IT) =  90. km :   
 DEPTH ( input ) =  91. km :   
 DEPTH (last_IT) =  91. km :   
 DEPTH ( input ) =  92. km :   
 DEPTH (last_IT) =  92. km :   
 DEPTH ( input ) =  93. km :   
 DEPTH (last_IT) =  93. km :   
 DEPTH ( input ) =  94. km :   
 DEPTH (last_IT) =  94. km :   
 DEPTH ( input ) =  95. km :   
 DEPTH (last_IT) =  95. km :   
 DEPTH ( input ) =  96. km :   
 DEPTH (last_IT) =  96. km :   
 DEPTH ( input ) =  97. km :  .
 DEPTH (last_IT) =  97. km :  *
 DEPTH ( input ) =  98. km :   
 DEPTH (last_IT) =  98. km :   
 DEPTH ( input ) =  99. km :   
 DEPTH (last_IT) =  99. km :   
 DEPTH ( input ) = 100. km :   
 DEPTH (last_IT) = 100. km :   
 DEPTH ( input ) > 100. km :   
 DEPTH (last_IT) > 100. km :   


 Residuals of the stations according to the azimuth:
 (RES  = total average residual at station)
 (RES1 = average residual of rays from 1st quadrant)
 (RES2 = average residual of rays from 2nd quadrant)
 (RES3 = average residual of rays from 3rd quadrant)
 (RES4 = average residual of rays from 4th quadrant)

 Stn#  Stn     RES          RES1         RES2         RES3         RES4
   1   624    -0.57(  74)  -0.62(  33)  -0.42(   5)  -0.65(  29)  -0.09(   7)
   2   628    -0.90(  69)  -1.07(  32)  -0.56(   5)  -0.93(  25)  -0.24(   7)
   3   630    -0.53(  53)  -0.45(  25)  -0.25(  10)  -1.06(  10)  -0.43(   8)
   4   627    -0.52(  46)  -0.65(  12)   0.00(   0)  -0.76(  22)   0.03(  12)
   5   621    -0.33(  59)  -0.52(   8)   0.00(   0)  -0.28(  18)  -0.32(  33)
   6   629    -0.48(  43)  -0.31(  15)   0.00(   0)  -1.04(   9)  -0.35(  19)
   7   622    -0.37(  58)  -0.55(  27)   0.00(   0)  -0.39(  20)   0.08(  11)
   8   620    -0.37(  48)  -0.37(   1)   0.00(   0)  -0.24(  18)  -0.46(  29)
   9   623    -0.38(  55)  -0.54(  30)   0.00(   0)  -0.26(  17)  -0.05(   8)
  10   626    -0.54(  52)  -0.70(  24)   0.00(   0)  -0.91(   6)  -0.26(  22)
  11   625    -0.49(  49)  -0.54(  14)   0.00(   0)  -0.70(  23)  -0.01(  12)
  12   631     0.24(  49)   0.54(  18)   3.20(   1)   0.85(   4)  -0.17(  26)
  13   632     0.03(  24)   0.44(  12)   1.60(   2)  -0.99(   3)  -0.68(   7)



 CPU - statistics:

 TOTAL CPU-sec          =    0.4     (CPU-minutes:  0.007)

 >>>   End of program VELEST at 25-06-02 16:10       <<< [ CPU-sec :     0.4]
