 >>> Start of program VELEST at 25-06-02 16:10       <<<                        

 ::::::::::::::::::::::::::::::::::::::                                         
  V E L E S T  - Version : January 3, 1995                                      
  (Authors: see source code)                                                    
 ::::::::::::::::::::::::::::::::::::::                                         


 Title of this VELEST run:

 vinnik_2
 --------


 Current array-dimensions of program VELEST:

 Max. number of EARTHQUAKES for simult. inversion IEQ = ***
 Max. number of SHOTS for simult. inversion    INSHOT =  50
 Max. number of (different) 1D-MODELS      ITOTMODELS =   2
 Max. number of LAYERS per one 1D-model        INLTOT = 100
 Max. number of STATIONS in stationlist           IST = 650
 Max. number of OBSERVATIONS per event MAXOBSPEREVENT = 180






    INPUT - P A R A M E T E R S :



***
***  olat       olon   icoordsystem      zshift   itrial ztrial    ised
  72.000000-126.000000      0            0.000       0     0.00      0
***
*** neqs   nshot    rotate
     91      0      0.0
***
*** isingle   iresolcalc
       0          0
***
*** dmax    itopo    zmin     veladj    zadj   lowveloclay
   300.00     0      0.01       0.20    5.00       0
***
*** nsp    swtfac   vpvs       nmod
     1      1.00    1.730        1
***
***   othet   xythet    zthet    vthet   stathet
       0.01     0.01     0.01     1.00     0.01
***
*** nsinv   nshcor   nshfix     iuseelev    iusestacorr
       1       0       0           1            1
***
*** iturbo    icnvout   istaout   ismpout
       1         1         1         0
***
*** irayout   idrvout   ialeout   idspout   irflout   irfrout   iresout
       0         0         0         0         0         0         0
***
*** delmin   ittmax   invertratio
    0.010       3          1
***
*** Modelfile:
tmp/vinnik_2/synthvel/model_270.mod
***
*** Stationfile:
./velinp/station.sta
***
*** Seismofile:
 
***
*** File with region names:
 
***
*** File with region coordinates:
 
***
*** File #1 with topo data:
 
***
*** File #2 with topo data:
 
***
*** DATA INPUT files:
***
*** File with Earthquake data:
./velinp/data.cnv
***
*** File with Shot data:
 
***
*** OUTPUT files:
***
*** Main print output file:
./velout/vinnik_2/velest270.out
***
*** File with single event locations:
velout.vel
***
*** File with final hypocenters in *.cnv format:
./velout/vinnik_2/final_loc270.cnv
***
*** File with new station corrections:
./velout/vinnik_2/stations_corr270.sta
***
*** File with summary cards (e.g. for plotting):
velout.smp
***
*** File with raypoints:
velout.ray
***
*** File with derivatives:
velout.drv
***
*** File with ALEs:
velout.ale
***
*** File with Dirichlet spreads:
velout.dspr
***
*** File with reflection points:
velout.rfl
***
*** File with refraction points:
velout.rfr
***
*** File with residuals:
velout.res
***




 Origin of cartesian coordinates:
        72.00000N   126.00000E

  X,Y-AXES rotated clockwise from North
           Rotation angle (rotate):
            rotate=    0.0 degr.

 icoordsystem =            0
 normal SHORT DISTANCE CONVERSION will be made
 x is positive towards west, y is positive towards north


 SHORT DISTANCE CONVERSION on ELLIPSOIDE of WORLD GEODETIC SYSTEM 1972 (WGS72)
 =============================================================================

 Radius at equator (REARTH)= 6378.13500  km
   1. / (ellipticity)      =    298.260

 Origin of cartesian coordinates [degrees]:
   72.0000000 N     -126.0000000 W

  Rotation angle (in degr.) clockwise from
North  rotate=    0.0

 Radius of sphere at OLAT =   6358.817 km

 Conversion of GEOGRAPHICAL LATITUDE to GEOCENTRICAL LATITUDE:
 RLATC = TAN(GEOCENTR.LAT) / TAN(GEOGRAPH.LAT)
 RLATC =   0.99333486

          Short distance conversions:
          one min lat ~  1.8597 km 
          one min lon ~  0.5751 km 







    INPUT - M O D E L :



 Model(s) read from file :
 tmp/vinnik_2/synthvel/model_270.mod                                             

 model file title: 
Model: model_270.mod                    
 Velocity structure for model   1 :

 layer    vel   depth   vdamp  reflector
   1      4.63  -5.00    1.00         P-VELOCITY MODEL                  
   2      4.99  -1.51    1.00  
 WARNING:
 Only top of the first layer can be negative !!
   3      5.28   8.34    1.00  
   4      6.25  12.94    1.00  
   5      7.25  24.36    1.00  
   6      7.45  28.50    1.00  
   7      7.73  30.78    1.00  
   8      8.85  36.57    1.00  
   9      9.06  47.62    1.00  

 Calculation of average velocity starts at layer #            1
 z = -5.00 ... -1.51    v = 4.63    AVEL = 4.63 downto z =  -1.51
 z = -1.51 ...  8.34    v = 4.99    AVEL = 4.90 downto z =   8.34
 z =  8.34 ... 12.94    v = 5.28    AVEL = 4.99 downto z =  12.94
 z = 12.94 ... 24.36    v = 6.25    AVEL = 5.48 downto z =  24.36
 z = 24.36 ... 28.50    v = 7.25    AVEL = 5.70 downto z =  28.50
 z = 28.50 ... 30.78    v = 7.45    AVEL = 5.81 downto z =  30.78
 z = 30.78 ... 36.57    v = 7.73    AVEL = 6.08 downto z =  36.57
 z = 36.57 ... 47.62    v = 8.85    AVEL = 6.66 downto z =  47.62


 Calculation of average velocity starts at layer #            2
 z = -1.51 ...  8.34    v = 4.99    AVEL = 4.99 downto z =   8.34
 z =  8.34 ... 12.94    v = 5.28    AVEL = 5.08 downto z =  12.94
 z = 12.94 ... 24.36    v = 6.25    AVEL = 5.60 downto z =  24.36
 z = 24.36 ... 28.50    v = 7.25    AVEL = 5.83 downto z =  28.50
 z = 28.50 ... 30.78    v = 7.45    AVEL = 5.94 downto z =  30.78
 z = 30.78 ... 36.57    v = 7.73    AVEL = 6.21 downto z =  36.57
 z = 36.57 ... 47.62    v = 8.85    AVEL = 6.81 downto z =  47.62






    INPUT - S T A T I O N S :



 Station-parameters read from file :
 ./velinp/station.sta                                                            


     stn latitude longitude elev   x      y      z     ptcor stcor model icc
   1 624 72.4760N126.2750E     0  -9.37  53.11  -0.00   0.00  0.00   1  13
   2 628 72.4000N127.1470E     0 -39.15  44.63  -0.00   0.00  0.00   1  12
   3 630 72.0750N128.3250E     0 -80.06   8.37  -0.00   0.00  0.00   1  11
   4 627 72.1170N126.9820E     0 -33.78  13.06  -0.00   0.00  0.00   1  10
   5 621 72.1840N124.8890E     0  38.14  20.53  -0.00   0.00  0.00   1   9
   6 629 71.9290N127.3130E     0 -45.39  -7.92  -0.00   0.00  0.00   1   8
   7 622 72.4420N125.3130E     0  23.42  49.32  -0.00   0.00  0.00   1   7
   8 620 72.6540N124.3470E     0  56.03  72.98  -0.00   0.00  0.00   1   6
   9 623 72.3260N125.7600E     0   8.21  36.38  -0.00   0.00  0.00   1   5
  10 626 71.8880N126.0360E     0  -1.25 -12.50  -0.00   0.00  0.00   1   4
  11 625 72.1740N126.1070E     0  -3.67  19.42  -0.00   0.00  0.00   1   3
  12 631 71.3990N127.2470E     0 -43.72 -67.06  -0.00   0.00  0.00   1   2
  13 632 71.5740N129.0728E     0-107.23 -47.53  -0.00   0.00  0.00   1   1

 NO Seismo-parameter-file specified
 --> NO magnitudes calculated!




   neqs=   91  nshot=    0  nltot=    9

 ~~~ input parameters read.
 ~~~ set units for first iteration ...
 ~~~ determine number of unknowns ...

 Number of unknowns (for array-indexing):  nvar =  385
 Number of effective unknowns        :  nvareff =  373
 Number of elements on/below main diagonal of matrix G = At*A : kvar =   74305

 ~~~ reset G and RHT ...
 ~~~ input data, raytracing, setup G ...






    I N P U T - D A T A  

  eq    origin-time    latitude longitude depth    x      y      z    mag ifxOBS
   1 160818 1613  9.10 73.0030N 124.8500E  23.10  38.61 111.92  23.10 1.40 0   6
   2 160818 1613  9.30 72.9910N 124.8700E  22.80  37.95 110.58  22.80 1.10 0   6
   3 160819 0959 27.30 71.9230N 129.7600E  12.10-130.00  -8.59  12.10 4.00 0  12
   4 160820 1506 15.70 71.9380N 129.7900E  11.00-130.98  -6.92  11.00 1.50 0   9
   5 160820 1904 45.70 72.3480N 127.1800E  23.80 -40.33  38.83  23.80 1.20 0   6
   6 160822 1318 49.50 72.3650N 127.0800E  16.50 -36.90  40.73  16.50 0.60 0   8
   7 160823 0652 14.00 70.9330N 129.8100E   6.40-135.21-119.06   6.40 2.90 0   6
   8 160824 1510 30.40 71.6070N 130.0400E   8.60-140.86 -43.85   8.60 1.50 0   9
   9 160906 1514 39.70 72.5080N 125.6800E  12.10  10.89  56.68  12.10 0.90 0   6
 WARNING:
 epicentral distance: 303.3 > dmax ( 300.0) ==> skipping phase !
 WARNING:
 epicentral distance: 338.2 > dmax ( 300.0) ==> skipping phase !
  10 160920 1607 18.30 69.2370N 128.3500E  16.20 -87.07-308.31  16.20 2.60 0   2
 WARNING:
 epicentral distance: 318.5 > dmax ( 300.0) ==> skipping phase !
 WARNING:
 epicentral distance: 355.0 > dmax ( 300.0) ==> skipping phase !
  11 160925 1911  5.60 69.2250N 127.6800E  15.60 -62.26-309.64  15.60 2.30 0   2
  12 161004 0841 51.20 72.8480N 124.9600E  15.60  35.07  94.62  15.60 0.20 0   6
  13 161005 1619 46.90 72.8770N 125.0100E  19.00  33.35  97.86  19.00 1.00 0   9
  14 161006 0156 55.90 72.8740N 125.0100E  13.90  33.36  97.52  13.90 1.00 0   7
  15 161009 0036 44.70 72.8720N 124.9900E  17.20  34.03  97.30  17.20 1.30 0   8
  16 161009 0036 44.90 72.8580N 124.9600E  18.60  35.06  95.74  18.60 1.20 0   7
  17 161012 0800 22.10 72.7380N 126.0300E  18.50  -1.01  82.35  18.50 0.80 0   7
  18 161015 1013 36.50 72.0400N 126.9900E  11.20 -34.12   4.46  11.20 0.70 0   7
  19 161021 0507 33.30 72.5750N 124.7800E  10.10  41.44  64.16  10.10 0.80 0   6
  20 161124 2250 46.00 72.7630N 124.8800E  16.20  37.85  85.14  16.20 3.10 0   4
  21 161125 0156 34.10 72.7420N 124.9200E  14.50  36.52  82.80  14.50 0.60 0   7
  22 161125 0517 25.90 72.7650N 124.9400E  13.50  35.82  85.36  13.50 1.60 0   6
  23 161125 0525 15.90 72.7740N 124.9500E  11.60  35.48  86.37  11.60 0.80 0   6
  24 161125 0556  2.00 72.7350N 124.9700E   5.70  34.84  82.01   5.70 0.20 0   6
  25 170117 0846 48.60 72.2130N 127.3400E  22.00 -45.97  23.77  22.00 0.30 0   6
  26 170122 1614 27.60 71.9670N 128.0400E  10.30 -70.45  -3.68  10.30 0.90 0   6
  27 170125 2244  0.20 72.4440N 126.0200E  13.10  -0.68  49.54  13.10 0.80 0   6
  28 170302 1359 59.10 72.6830N 124.8900E  11.50  37.60  76.21  11.50 0.50 0   7
  29 170302 2335 20.20 71.8850N 130.3000E  14.80-148.82 -12.83  14.80 2.10 0   9
  30 170304 2135  2.90 72.6880N 124.9400E  13.40  35.90  76.77  13.40 1.30 0   7
  31 170307 0447 21.00 72.6940N 124.9200E  14.20  36.57  77.44  14.20 1.70 0  10
  32 170307 2016 50.80 72.6910N 124.9100E  15.30  36.91  77.10  15.30 1.10 0   6
  33 170309 1454  0.80 72.6830N 124.9000E  15.60  37.26  76.21  15.60 0.30 0   6
  34 170311 0430 55.40 72.3130N 126.5000E  24.50 -17.11  34.93  24.50 0.30 0   6
  35 170312 0416 39.20 71.9240N 128.0800E   3.40 -71.91  -8.48   3.40 2.10 0   6
  36 170313 0553 59.10 72.6980N 124.9200E  15.10  36.57  77.89  15.10 1.00 0   9
  37 170313 0809  5.60 72.4500N 125.0800E  14.90  31.36  50.21  14.90 1.20 0   7
  38 170315 0234 46.50 72.6540N 123.8400E  16.90  73.22  72.98  16.90 1.40 0   7
  39 170317 1007 14.10 72.2350N 125.9800E   3.90   0.69  26.22   3.90 0.50 0   7
  40 170320 0711 14.60 72.1250N 127.2200E  16.80 -41.95  13.95  16.80 0.90 0   6
  41 170320 0853 56.40 72.7090N 124.9700E   5.10  34.86  79.11   5.10 0.40 0   6
  42 170320 1900 34.30 72.4150N 126.1200E  18.00  -4.09  46.31  18.00 0.60 0   7
  43 170323 0519 24.60 71.6470N 129.1800E   5.20-110.76 -39.39   5.20 1.20 0   6
  44 170323 1612 49.70 72.4530N 125.1100E   8.30  30.33  50.55   8.30 0.50 0   6
  45 170323 1906 41.20 72.4070N 130.2500E  18.30-145.04  45.41  18.30 1.00 0   6
  46 170326 0836 34.10 71.9930N 127.6700E  16.10 -57.63  -0.78  16.10 1.50 0   7
  47 170402 0422  1.00 72.7220N 125.6900E  21.90  10.49  80.56  21.90 1.20 0  10
  48 170402 0636 37.20 72.7310N 125.6900E  23.50  10.49  81.57  23.50 0.70 0   6
  49 170404 2347 35.70 72.7580N 124.3800E  22.60  54.76  84.58  22.60 0.50 0   6
  50 170405 0307 36.10 71.6810N 128.9500E  15.30-102.66 -35.60  15.30 1.00 0  10
  51 170405 1410 53.20 71.5100N 128.9000E   9.30-101.37 -54.68   9.30 1.70 0  10
  52 170406 0838 43.20 72.3850N 129.3800E  15.50-115.42  42.96  15.50 0.90 0  10
  53 170406 1728  1.00 72.7230N 125.6900E  21.30  10.49  80.67  21.30 0.90 0  10
 WARNING:
 epicentral distance: 325.9 > dmax ( 300.0) ==> skipping phase !
 WARNING:
 epicentral distance: 332.9 > dmax ( 300.0) ==> skipping phase !
 WARNING:
 epicentral distance: 345.3 > dmax ( 300.0) ==> skipping phase !
 WARNING:
 epicentral distance: 391.9 > dmax ( 300.0) ==> skipping phase !
  54 170407 1729  3.40 74.8930N 128.6300E  15.60 -83.67 322.81  15.60 1.80 0   2
 WARNING:
 epicentral distance: 311.3 > dmax ( 300.0) ==> skipping phase !
 WARNING:
 epicentral distance: 315.4 > dmax ( 300.0) ==> skipping phase !
 WARNING:
 epicentral distance: 328.9 > dmax ( 300.0) ==> skipping phase !
 WARNING:
 epicentral distance: 374.2 > dmax ( 300.0) ==> skipping phase !
  55 170407 1729  3.50 74.7270N 128.8100E   0.40 -89.83 304.29   0.40 1.60 0   5
  56 170408 1004 44.90 72.6070N 124.9400E  15.00  35.98  67.73  15.00 1.40 0  13
  57 170409 0856 47.20 73.3850N 128.5500E  15.60 -84.71 154.54  15.60 2.50 0   6
  58 170409 0902 45.60 73.3500N 128.4400E  15.10 -81.13 150.64  15.10 1.10 0   7
  59 170410 1520  8.50 72.0030N 128.3900E   2.70 -82.46   0.33   2.70 1.00 0  10
  60 170410 1813  3.60 70.9360N 129.1200E   3.70-110.72-118.73   3.70 2.20 0  13
  61 170412 1507  0.60 71.5070N 129.7200E   0.00-130.05 -55.01   0.00 0.70 0   6
  62 170413 0651 20.10 73.3680N 125.4200E  15.60  19.28 152.65  15.60 1.00 0  10
  63 170414 0459 18.80 72.2680N 127.3800E  20.10 -47.27  29.90  20.10 0.50 0   7
  64 170414 0540  4.80 73.6400N 130.9700E   8.00-163.92 183.00   8.00 1.80 0  11
  65 170414 1656 23.40 72.1850N 127.4000E  15.50 -48.06  20.64  15.50 0.20 0   6
  66 170414 1753 32.80 72.3840N 130.4600E  17.90-152.30  42.85  17.90 0.70 0   6
  67 170416 0523 41.90 71.9560N 127.0800E  19.20 -37.31  -4.91  19.20 1.60 0  13
  68 170416 1220 14.20 72.9470N 124.4900E  20.40  50.77 105.67  20.40 1.00 0  11
 WARNING:
 epicentral distance: 320.3 > dmax ( 300.0) ==> skipping phase !
 WARNING:
 epicentral distance: 381.0 > dmax ( 300.0) ==> skipping phase !
 WARNING:
 epicentral distance: 398.8 > dmax ( 300.0) ==> skipping phase !
 WARNING:
 epicentral distance: 405.0 > dmax ( 300.0) ==> skipping phase !
 WARNING:
 epicentral distance: 424.8 > dmax ( 300.0) ==> skipping phase !
 WARNING:
 epicentral distance: 431.2 > dmax ( 300.0) ==> skipping phase !
 WARNING:
 epicentral distance: 445.5 > dmax ( 300.0) ==> skipping phase !
 WARNING:
 epicentral distance: 451.8 > dmax ( 300.0) ==> skipping phase !
 WARNING:
 epicentral distance: 464.3 > dmax ( 300.0) ==> skipping phase !
  69 170416 1257 48.30 68.8710N 131.7500E  73.50-214.97-349.14  73.50 2.20 0   0
  70 170416 1821  5.50 72.8670N 125.0000E  19.30  33.70  96.74  19.30 1.30 0  13
  71 170418 0606  4.10 72.5080N 125.8200E   1.30   6.13  56.68   1.30 0.20 0   6
 WARNING:
 epicentral distance: 315.2 > dmax ( 300.0) ==> skipping phase !
 WARNING:
 epicentral distance: 332.1 > dmax ( 300.0) ==> skipping phase !
 WARNING:
 epicentral distance: 345.3 > dmax ( 300.0) ==> skipping phase !
 WARNING:
 epicentral distance: 352.6 > dmax ( 300.0) ==> skipping phase !
 WARNING:
 epicentral distance: 346.7 > dmax ( 300.0) ==> skipping phase !
 WARNING:
 epicentral distance: 356.6 > dmax ( 300.0) ==> skipping phase !
 WARNING:
 epicentral distance: 363.9 > dmax ( 300.0) ==> skipping phase !
 WARNING:
 epicentral distance: 372.8 > dmax ( 300.0) ==> skipping phase !
 WARNING:
 epicentral distance: 378.6 > dmax ( 300.0) ==> skipping phase !
 WARNING:
 epicentral distance: 378.6 > dmax ( 300.0) ==> skipping phase !
  72 170418 1005 56.80 69.3310N 122.4100E  97.00 132.70-297.82  97.00 2.20 0   1
  73 170418 1500 12.90 72.7340N 124.5100E  23.10  50.40  81.90  23.10 1.30 0  12
  74 170420 1302 36.20 72.6290N 129.0200E  21.80-102.44  70.19  21.80 0.90 0  11
  75 170420 2248 46.70 72.0220N 129.1200E   0.00-107.59   2.46   0.00 0.70 0  11
 WARNING:
 epicentral distance: 313.1 > dmax ( 300.0) ==> skipping phase !
 WARNING:
 epicentral distance: 324.4 > dmax ( 300.0) ==> skipping phase !
 WARNING:
 epicentral distance: 324.2 > dmax ( 300.0) ==> skipping phase !
 WARNING:
 epicentral distance: 342.4 > dmax ( 300.0) ==> skipping phase !
 WARNING:
 epicentral distance: 349.0 > dmax ( 300.0) ==> skipping phase !
 WARNING:
 epicentral distance: 380.2 > dmax ( 300.0) ==> skipping phase !
 WARNING:
 epicentral distance: 381.6 > dmax ( 300.0) ==> skipping phase !
 WARNING:
 epicentral distance: 408.0 > dmax ( 300.0) ==> skipping phase !
  76 170423 0850 54.60 74.7080N 132.7900E   0.10-217.19 302.17   0.10 1.90 0   0
  77 170423 1455 44.10 72.8400N 124.4900E  16.80  50.92  93.73  16.80 0.60 0   8
  78 170423 2313 41.80 72.5960N 124.8700E  22.00  38.36  66.50  22.00 1.30 0  12
  79 170424 0609 58.60 71.9600N 128.0200E   0.10 -69.77  -4.46   0.10 1.10 0  12
  80 170424 0755 26.70 71.9480N 128.0300E   0.00 -70.14  -5.80   0.00 1.00 0  12
  81 170424 0755 26.90 71.9590N 128.0300E   0.00 -70.12  -4.57   0.00 1.00 0  12
  82 170425 0652 23.30 71.9600N 128.0300E   0.00 -70.12  -4.46   0.00 1.20 0   9
  83 170426 0051 23.20 71.9450N 128.0600E   6.60 -71.18  -6.14   6.60 0.70 0   6
  84 170426 1425 21.20 72.0790N 127.2600E  21.00 -43.38   8.82  21.00 0.10 0   6
  85 170426 1834 24.60 71.5840N 130.8000E  10.90-167.46 -46.42  10.90 1.20 0   8
  86 170426 1840 44.10 72.2710N 126.3600E  18.10 -12.33  30.24  18.10 1.30 0   8
  87 170427 0912 28.80 72.0640N 127.7900E   2.60 -61.65   7.14   2.60 0.90 0   8
  88 170427 1041 38.10 71.7480N 128.9900E   8.40-103.86 -28.12   8.40 0.70 0   7
  89 170427 2010 47.80 72.8010N 130.2000E  20.20-141.80  89.38  20.20 1.30 0   8
  90 170427 2010 48.30 72.7890N 130.1400E  20.10-139.82  88.04  20.10 1.30 0   8
  91 170427 2342 34.10 72.7630N 125.0100E  19.50  33.46  85.14  19.50 0.80 0   6

 readings for station 624  :  74
 readings for station 628  :  69
 readings for station 630  :  53
 readings for station 627  :  46
 readings for station 621  :  59
 readings for station 629  :  43
 readings for station 622  :  58
 readings for station 620  :  48
 readings for station 623  :  55
 readings for station 626  :  52
 readings for station 625  :  49
 readings for station 631  :  49
 readings for station 632  :  24

 Total number of stations with readings:  13

 Total number of readings:     679
 Total number of P readings:       0
 Total number of S readings:       0


 ~~~ store parts of G ...
 ~~~ compute RMS and DATVAR ...

 Total number of observations is:   679


 $$$$$$$$$$$$$$$$$$$$$$$$$$$$$$$$$$$$$$$$$$$$$$$$$
 Events with  | AVRES | > 1.0 SEC are suspicious !

 Event#  10 >>>  160920 1607  AVRES =  3.62 NOBS =  2
 Event#  11 >>>  160925 1911  AVRES =  3.26 NOBS =  2
 Event#  19 >>>  161021 0507  AVRES = -1.02 NOBS =  6
 Event#  43 >>>  170323 0519  AVRES = -1.23 NOBS =  6
 Event#  54 >>>  170407 1729  AVRES =  2.19 NOBS =  2
 Event#  55 >>>  170407 1729  AVRES =  1.76 NOBS =  5
 Event#  57 >>>  170409 0856  AVRES =  2.16 NOBS =  6
 Event#  58 >>>  170409 0902  AVRES =  1.44 NOBS =  7
 Event#  64 >>>  170414 0540  AVRES =  2.68 NOBS = 11
 Event#  72 >>>  170418 1005  AVRES =  3.40 NOBS =  1
 Event#  88 >>>  170427 1041  AVRES = -1.02 NOBS =  7
 Event#  89 >>>  170427 2010  AVRES =  1.24 NOBS =  8
 Event#  90 >>>  170427 2010  AVRES =  1.13 NOBS =  8

 ^^^^^^^^^ C H E C K   these events above ^^^^^^^^
 $$$$$$$$$$$$$$$$$$$$$$$$$$$$$$$$$$$$$$$$$$$$$$$$$

 ~~~ save initial datvar ...

 Iteration nr  0 obtained:
 DATVAR=    2.981287 mean sqrd residual=     1.343555  RMS RESIDUAL=     1.159118

 After  0 iterations we got:
 Average absolute & unweighted [and mean] residual of
   323 straight and direct rays =  0.72359 [ -0.65864]
   356 refracted           rays =  1.12927 [  0.38374]
     0 reflected           rays =  0.00000 [  0.00000]

   679 ALL                 RAYS =  0.93629 [ -0.11212]        0.00 %




--------------------------------------------------------------------------------



           ITERATION no  1

 ~~~ set units for this iteration ...
 ~~~ determine number of unknowns for this iter. ...

 Number of unknowns (for array-indexing):  nvar =  385
 Number of effective unknowns        :  nvareff =  386
 Number of elements on/below main diagonal of matrix G = At*A : kvar =   74305

 Damping factors to be used in this iteration:
   Othet=   0.010   XYthet  =   0.010   Zthet=  0.010
 STAthet=   0.010   Vthet   =   1.000

 ~~~ damp G ...
 ~~~ solve G * b = RHT ...
 ~~~ fix units ...
 ~~~ apply eventually step-length damping ...
 ~~~ adjust model (hypocenters, stacorr & veloc.) ...

 doing velocity adjustments now...

 doing station-correction adjustments...

 ~~~ compute effective step-length ...

 (Applied) Step length =   1.936

 ~~~ set units for next iteration ...
 ~~~ determine number of unknowns for next iter. ...

 Number of unknowns (for array-indexing):  nvar =  385
 Number of effective unknowns        :  nvareff =  386
 Number of elements on/below main diagonal of matrix G = At*A : kvar =   74305

 ~~~ reset G and RHT ...
 ~~~ raytracing, setup G ...
 ~~~ store parts of G ...
 ~~~ set units back for current iteration ...
 ~~~ determine number of unknowns for this iter. ...

 Number of unknowns (for array-indexing):  nvar =  385
 Number of effective unknowns        :  nvareff =  386
 Number of elements on/below main diagonal of matrix G = At*A : kvar =   74305

 ~~~ compute RMS and DATVAR ...

 $$$$$$$$$$$$$$$$$$$$$$$$$$$$$$$$$$$$$$$$$$$$$$$$$
 Events with  | AVRES | > 1.0 SEC are suspicious !

 Event#  10 >>>  160920 1607  AVRES =  3.30 NOBS =  2
 Event#  11 >>>  160925 1911  AVRES =  2.98 NOBS =  2
 Event#  43 >>>  170323 0519  AVRES = -1.19 NOBS =  6
 Event#  54 >>>  170407 1729  AVRES =  1.99 NOBS =  2
 Event#  55 >>>  170407 1729  AVRES =  1.61 NOBS =  5
 Event#  57 >>>  170409 0856  AVRES =  1.97 NOBS =  6
 Event#  58 >>>  170409 0902  AVRES =  1.31 NOBS =  7
 Event#  64 >>>  170414 0540  AVRES =  2.44 NOBS = 11
 Event#  72 >>>  170418 1005  AVRES =  3.09 NOBS =  1
 Event#  89 >>>  170427 2010  AVRES =  1.14 NOBS =  8
 Event#  90 >>>  170427 2010  AVRES =  1.04 NOBS =  8

 ^^^^^^^^^ C H E C K   these events above ^^^^^^^^
 $$$$$$$$$$$$$$$$$$$$$$$$$$$$$$$$$$$$$$$$$$$$$$$$$

 ~~~ check solution (better? worse?) ...

 Iteration nr  1 obtained:
 DATVAR=    2.644080 mean sqrd residual=     1.140965  RMS RESIDUAL=     1.068160

 After  1 iterations we got:
 Average absolute & unweighted [and mean] residual of
   325 straight and direct rays =  0.66815 [ -0.61637]
   354 refracted           rays =  1.03983 [  0.35707]
     0 reflected           rays =  0.00000 [  0.00000]

   679 ALL                 RAYS =  0.86192 [ -0.10886]       -7.94 %

 ~~~ iteration done; output results ...

  eq       ot     x      y      z      rms    avres   dot     dx     dy     dz
    1      9.10  38.62 111.97  23.06   0.52  -0.07   -0.002  0.010  0.056 -0.041
    2      9.30  37.96 110.64  22.75   0.51  -0.11   -0.005  0.007  0.057 -0.053
    3     27.28-130.10  -8.52  12.16   0.99   0.08   -0.022 -0.099  0.068  0.059
    4     15.67-131.04  -6.94  10.96   1.10   0.13   -0.034 -0.055 -0.026 -0.038
    5     45.70 -40.32  38.78  23.77   0.27  -0.36   -0.004  0.018 -0.053 -0.032
    6     49.49 -36.84  40.67  16.63   0.17  -0.62   -0.010  0.061 -0.056  0.130
    7     13.96-135.10-119.00   6.27   1.84   0.74   -0.040  0.118  0.062 -0.132
    8     30.38-140.89 -43.79   8.57   1.11   0.59   -0.020 -0.030  0.063 -0.028
    9     39.69  10.87  56.60  12.11   0.16  -0.78   -0.015 -0.017 -0.080  0.012
   10     18.24 -87.26-308.29  16.21   1.03   3.30   -0.063 -0.195  0.017  0.007
   11      5.50 -62.51-309.65  15.61   1.23   2.98   -0.096 -0.244 -0.001  0.011
   12     51.18  35.07  94.69  15.91   0.26  -0.58   -0.017  0.005  0.065  0.312
   13     46.89  33.40  97.84  19.12   0.62  -0.20   -0.006  0.051 -0.017  0.122
   14     55.88  33.38  97.51  14.02   0.99  -0.40   -0.019  0.021 -0.017  0.119
   15     44.69  34.02  97.34  17.28   1.08   0.07   -0.013 -0.017  0.038  0.083
   16     44.88  35.01  95.82  18.65   1.12   0.21   -0.017 -0.048  0.078  0.045
   17     22.08  -1.01  82.37  18.52   0.85  -0.35   -0.018 -0.000  0.026  0.022
   18     36.46 -34.17   4.41  11.29   0.25  -0.86   -0.037 -0.051 -0.051  0.085
   19     33.29  41.43  64.07  10.11   0.30  -0.92   -0.009 -0.018 -0.094  0.013
   20     45.98  37.86  85.13  16.29   0.68  -0.33   -0.025  0.010 -0.008  0.087
   21     34.10  36.47  82.71  14.32   0.72  -0.52   -0.004 -0.051 -0.089 -0.180
   22     25.89  35.76  85.33  13.52   0.26  -0.75   -0.010 -0.057 -0.033  0.019
   23     15.90  35.43  86.25  11.62   0.39  -0.89    0.001 -0.049 -0.116  0.021
   24      2.00  34.84  82.18   6.01   0.67  -0.83   -0.001  0.005  0.167  0.311
   25     48.61 -45.93  23.65  22.08   0.19  -0.37    0.008  0.043 -0.119  0.082
   26     27.58 -70.39  -3.79  10.31   0.27  -0.89   -0.017  0.057 -0.104  0.014
   27      0.18  -0.66  49.44  13.22   0.39  -0.53   -0.015  0.018 -0.106  0.125
   28     59.09  37.63  76.22  11.49   0.96  -0.44   -0.007  0.036  0.009 -0.006
   29     20.17-148.79 -12.84  14.71   1.00   0.51   -0.028  0.034 -0.004 -0.095
   30      2.90  35.88  76.70  13.24   1.05  -0.13   -0.002 -0.014 -0.074 -0.161
   31     20.99  36.47  77.40  14.20   1.14  -0.15   -0.012 -0.102 -0.044 -0.001
   32     50.79  36.88  77.02  15.31   0.20  -0.70   -0.006 -0.030 -0.088  0.013
   33      0.80  37.23  76.14  15.58   0.59  -0.44    0.003 -0.024 -0.068 -0.017
   34     55.40 -17.03  34.88  24.54   0.07  -0.35    0.004  0.080 -0.042  0.036
   35     39.26 -71.69  -8.38   3.65   0.86  -0.76    0.062  0.225  0.101  0.254
   36     59.10  36.52  77.82  15.10   0.91  -0.25   -0.001 -0.042 -0.069  0.003
   37      5.59  31.33  50.16  14.85   0.10  -0.70   -0.010 -0.025 -0.057 -0.051
   38     46.49  73.17  72.91  16.91   0.68  -0.31   -0.012 -0.044 -0.066  0.013
   39     14.12   0.69  26.12   3.83   0.44  -0.40    0.025  0.007 -0.101 -0.066
   40     14.58 -41.95  13.91  16.75   0.12  -0.62   -0.019  0.001 -0.035 -0.046
   41     56.42  34.82  79.10   5.41   0.62  -0.88    0.018 -0.037 -0.015  0.314
   42     34.30  -4.04  46.27  18.01   0.16  -0.49   -0.001  0.059 -0.042  0.006
   43     24.61-110.62 -39.32   5.30   0.67  -1.19    0.011  0.140  0.065  0.096
   44     49.71  30.27  50.51   8.36   0.36  -0.97    0.011 -0.065 -0.040  0.061
   45     41.19-145.03  45.47  18.35   1.01   0.61   -0.006  0.011  0.055  0.049
   46     34.09 -57.58  -0.85  16.14   0.16  -0.58   -0.012  0.051 -0.068  0.042
   47      1.01  10.55  80.57  21.91   1.10   0.15    0.006  0.065  0.004  0.010
   48     37.21  10.55  81.56  23.48   0.42  -0.25    0.012  0.066 -0.007 -0.022
   49     35.70  54.68  84.52  22.59   0.46  -0.35    0.000 -0.075 -0.056 -0.012
   50     36.09-102.55 -35.59  15.20   0.88  -0.04   -0.013  0.103  0.001 -0.104
   51     53.15-101.18 -54.53   9.01   1.29   0.07   -0.047  0.198  0.141 -0.290
   52     43.18-115.53  43.07  15.60   0.88   0.01   -0.020 -0.116  0.111  0.102
   53      1.01  10.56  80.70  21.32   1.07   0.16    0.006  0.068  0.026  0.020
   54      3.21 -83.69 322.79  15.62   0.51   1.99   -0.188 -0.013 -0.026  0.022
   55      3.32 -89.77 304.27   0.42   0.45   1.61   -0.180  0.063 -0.018  0.019
   56     44.89  35.96  67.65  15.03   0.99  -0.25   -0.012 -0.016 -0.083  0.030
   57     47.17 -84.75 154.59  15.60   0.70   1.97   -0.031 -0.045  0.044  0.004
   58     45.59 -81.02 150.71  15.10   1.20   1.31   -0.015  0.118  0.077  0.002
   59      8.53 -82.31   0.36   2.91   0.80  -0.76    0.026  0.143  0.024  0.207
   60      3.59-110.73-118.70   3.88   1.73   0.59   -0.013 -0.011  0.021  0.184
   61      0.56-130.34 -55.16   0.61   0.81  -0.85   -0.037 -0.293 -0.148  0.498
   62     20.09  19.44 152.74  15.76   1.34   0.58   -0.014  0.160  0.098  0.162
   63     18.80 -47.21  29.84  20.16   0.21  -0.46   -0.001  0.061 -0.066  0.056
   64      4.76-163.44 183.51   8.00   0.92   2.44   -0.040  0.476  0.511 -0.003
   65     23.40 -47.99  20.54  15.55   0.13  -0.60   -0.002  0.073 -0.100  0.047
   66     32.80-152.27  42.99  17.93   0.79   0.40    0.001  0.033  0.144  0.026
   67     41.89 -37.25  -5.03  19.11   0.37  -0.42   -0.007  0.059 -0.119 -0.087
   68     14.18  50.74 105.79  20.32   0.74   0.21   -0.020 -0.032  0.125 -0.076
   69     48.30-214.97-349.14  73.50   0.00   0.00    0.000  0.000  0.000  0.000
   70      5.49  33.76  96.75  19.37   1.14   0.23   -0.008  0.062  0.005  0.072
   71      4.17   6.15  56.68   1.27   0.66  -0.07    0.066  0.022 -0.006 -0.028
   72     56.64 132.69-297.80  97.00   9.57   3.09   -0.161 -0.011  0.014 -0.004
   73     12.90  50.45  81.85  23.10   0.87   0.27    0.002  0.057 -0.051  0.002
   74     36.20-102.53  70.26  21.92   0.71   0.32   -0.004 -0.093  0.072  0.118
   75     46.70-107.83   2.64   0.37   1.01  -0.63   -0.004 -0.244  0.180  0.258
   76     54.60-217.19 302.17   0.10   0.00   0.00    0.000  0.000  0.000  0.000
   77     44.09  50.96  93.72  16.86   0.64  -0.26   -0.007  0.036 -0.010  0.062
   78     41.80  38.39  66.40  21.98   0.76  -0.12   -0.001  0.026 -0.103 -0.018
   79     58.65 -69.66  -4.52   0.51   0.67  -0.79    0.046  0.112 -0.057  0.410
   80     26.74 -70.04  -5.88   0.45   0.66  -0.76    0.045  0.095 -0.072  0.340
   81     26.95 -70.01  -4.64   0.46   0.65  -0.75    0.048  0.105 -0.061  0.348
   82     23.34 -69.98  -4.52   0.28   0.68  -0.84    0.041  0.139 -0.058  0.175
   83     23.21 -71.12  -6.17   6.83   0.60  -0.83    0.011  0.060 -0.038  0.228
   84     21.20 -43.30   8.68  20.98   0.12  -0.42    0.003  0.084 -0.133 -0.016
   85     24.56-167.39 -46.48  10.83   1.24   0.77   -0.037  0.071 -0.063 -0.065
   86     44.09 -12.30  30.14  18.12   0.18  -0.53   -0.008  0.030 -0.097  0.022
   87     28.84 -61.60   7.02   3.00   0.74  -0.65    0.039  0.057 -0.125  0.398
   88     38.09-103.66 -28.21   8.36   0.83  -0.92   -0.013  0.198 -0.087 -0.044
   89     47.79-141.84  89.36  20.20   0.83   1.14   -0.007 -0.042 -0.018  0.001
   90     48.30-139.85  88.17  20.22   0.81   1.04   -0.003 -0.037  0.135  0.122
   91     34.08  33.52  85.11  19.52   1.05   0.12   -0.018  0.062 -0.026  0.022

 A V E R A G E   of ADJUSTMENTS :                    -0.012  0.018 -0.008  0.053
 A V E R A G E   of ABSOLUTE ADJUSTMENTS :            0.022  0.069  0.067  0.091


 Step length damping of 0.09069 was applied.


 Velocity adjustments:
     vp    dvp      hp   reflector
 Velocity model   1
   4.583 -0.047   -5.000      
   5.044  0.054   -1.510      
   5.371  0.091    8.340      
   6.257  0.007   12.940      
   7.233 -0.017   24.360      
   7.491  0.041   28.500      
   7.837  0.107   30.780      
   8.650 -0.200   36.570      
   8.912 -0.148   47.620      

 Calculation of average velocity starts at layer #           1
 z = -5.00 ... -1.51    v = 4.58    AVEL = 4.58 downto z =  -1.51
 z = -1.51 ...  8.34    v = 5.04    AVEL = 4.92 downto z =   8.34
 z =  8.34 ... 12.94    v = 5.37    AVEL = 5.04 downto z =  12.94
 z = 12.94 ... 24.36    v = 6.26    AVEL = 5.51 downto z =  24.36
 z = 24.36 ... 28.50    v = 7.23    AVEL = 5.72 downto z =  28.50
 z = 28.50 ... 30.78    v = 7.49    AVEL = 5.84 downto z =  30.78
 z = 30.78 ... 36.57    v = 7.84    AVEL = 6.12 downto z =  36.57
 z = 36.57 ... 47.62    v = 8.65    AVEL = 6.65 downto z =  47.62


 Calculation of average velocity starts at layer #           2
 z = -1.51 ...  8.34    v = 5.04    AVEL = 5.04 downto z =   8.34
 z =  8.34 ... 12.94    v = 5.37    AVEL = 5.15 downto z =  12.94
 z = 12.94 ... 24.36    v = 6.26    AVEL = 5.64 downto z =  24.36
 z = 24.36 ... 28.50    v = 7.23    AVEL = 5.86 downto z =  28.50
 z = 28.50 ... 30.78    v = 7.49    AVEL = 5.97 downto z =  30.78
 z = 30.78 ... 36.57    v = 7.84    AVEL = 6.26 downto z =  36.57
 z = 36.57 ... 47.62    v = 8.65    AVEL = 6.79 downto z =  47.62



 Adjusted station corrections:
   stn  ptcor  dpcor  
  624   0.000  0.000  628  -0.021 -0.021  630  -0.007 -0.007  627   0.018  0.018
  621   0.011  0.011  629   0.023  0.023  622   0.007  0.007  620  -0.002 -0.002
  623   0.025  0.025  626   0.019  0.019  625   0.016  0.016  631   0.035  0.035
  632   0.000  0.000

 ~~~ another iteration? ...



--------------------------------------------------------------------------------



           ITERATION no  2

 ~~~ set units for this iteration ...
 ~~~ determine number of unknowns for this iter. ...

 Number of unknowns (for array-indexing):  nvar =  385
 Number of effective unknowns        :  nvareff =  386
 Number of elements on/below main diagonal of matrix G = At*A : kvar =   74305

 Damping factors to be used in this iteration:
   Othet=   0.010   XYthet  =   0.010   Zthet=  0.010
 STAthet=   0.010   Vthet   =   1.000

 ~~~ damp G ...
 ~~~ solve G * b = RHT ...
 ~~~ fix units ...
 ~~~ apply eventually step-length damping ...
 ~~~ adjust model (hypocenters, stacorr & veloc.) ...

 doing velocity adjustments now...

 doing station-correction adjustments...

 ~~~ compute effective step-length ...

 (Applied) Step length =   2.653

 ~~~ set units for next iteration ...
 ~~~ determine number of unknowns for next iter. ...

 Number of unknowns (for array-indexing):  nvar =  385
 Number of effective unknowns        :  nvareff =  386
 Number of elements on/below main diagonal of matrix G = At*A : kvar =   74305

 ~~~ reset G and RHT ...
 ~~~ raytracing, setup G ...
 ~~~ store parts of G ...
 ~~~ set units back for current iteration ...
 ~~~ determine number of unknowns for this iter. ...

 Number of unknowns (for array-indexing):  nvar =  385
 Number of effective unknowns        :  nvareff =  386
 Number of elements on/below main diagonal of matrix G = At*A : kvar =   74305

 ~~~ compute RMS and DATVAR ...

 $$$$$$$$$$$$$$$$$$$$$$$$$$$$$$$$$$$$$$$$$$$$$$$$$
 Events with  | AVRES | > 1.0 SEC are suspicious !

 Event#  10 >>>  160920 1607  AVRES =  2.93 NOBS =  2
 Event#  11 >>>  160925 1911  AVRES =  2.64 NOBS =  2
 Event#  43 >>>  170323 0519  AVRES = -1.07 NOBS =  6
 Event#  54 >>>  170407 1729  AVRES =  1.75 NOBS =  2
 Event#  55 >>>  170407 1729  AVRES =  1.44 NOBS =  5
 Event#  57 >>>  170409 0856  AVRES =  1.73 NOBS =  6
 Event#  58 >>>  170409 0902  AVRES =  1.17 NOBS =  7
 Event#  64 >>>  170414 0540  AVRES =  2.16 NOBS = 11
 Event#  72 >>>  170418 1005  AVRES =  2.73 NOBS =  1
 Event#  89 >>>  170427 2010  AVRES =  1.01 NOBS =  8

 ^^^^^^^^^ C H E C K   these events above ^^^^^^^^
 $$$$$$$$$$$$$$$$$$$$$$$$$$$$$$$$$$$$$$$$$$$$$$$$$

 ~~~ check solution (better? worse?) ...

 Iteration nr  2 obtained:
 DATVAR=    2.113949 mean sqrd residual=     0.912205  RMS RESIDUAL=     0.955094

 After  2 iterations we got:
 Average absolute & unweighted [and mean] residual of
   328 straight and direct rays =  0.59144 [ -0.55061]
   351 refracted           rays =  0.92916 [  0.32672]
     0 reflected           rays =  0.00000 [  0.00000]

   679 ALL                 RAYS =  0.76602 [ -0.09709]      -11.13 %

 ~~~ iteration done; output results ...

  eq       ot     x      y      z      rms    avres   dot     dx     dy     dz
    1      9.09  38.61 112.00  22.96   0.45  -0.06   -0.013 -0.007  0.031 -0.095
    2      9.27  37.98 110.70  22.68   0.45  -0.10   -0.020  0.027  0.067 -0.063
    3     27.24-130.27  -8.45  12.30   0.87   0.07   -0.040 -0.175  0.078  0.139
    4     15.61-131.16  -6.98  10.98   0.99   0.12   -0.055 -0.121 -0.034  0.016
    5     45.70 -40.24  38.61  23.68   0.26  -0.31    0.002  0.080 -0.172 -0.088
    6     49.47 -36.75  40.61  16.81   0.16  -0.53   -0.016  0.087 -0.059  0.177
    7     13.91-134.92-118.86   6.02   1.65   0.65   -0.054  0.172  0.137 -0.248
    8     30.34-140.94 -43.70   8.54   0.99   0.53   -0.038 -0.051  0.094 -0.030
    9     39.66  10.88  56.53  12.15   0.14  -0.68   -0.025  0.003 -0.070  0.034
   10     18.22 -87.41-308.30  16.23   1.01   2.93   -0.016 -0.150 -0.008  0.020
   11      5.45 -62.71-309.67  15.64   1.20   2.64   -0.053 -0.205 -0.028  0.031
   12     51.14  35.10  94.80  16.38   0.24  -0.49   -0.040  0.026  0.113  0.467
   13     46.88  33.52  97.84  19.23   0.55  -0.17   -0.017  0.113 -0.005  0.103
   14     55.85  33.42  97.49  14.13   0.86  -0.34   -0.032  0.047 -0.019  0.112
   15     44.66  34.01  97.40  17.40   0.95   0.07   -0.028 -0.002  0.058  0.115
   16     44.85  34.96  95.94  18.70   0.99   0.19   -0.035 -0.046  0.119  0.051
   17     22.05  -0.99  82.44  18.58   0.75  -0.30   -0.034  0.024  0.065  0.055
   18     36.43 -34.15   4.39  11.34   0.22  -0.75   -0.032  0.028 -0.021  0.050
   19     33.27  41.41  63.96  10.13   0.27  -0.80   -0.020 -0.012 -0.106  0.018
   20     45.94  37.82  85.17  16.25   0.59  -0.28   -0.031 -0.045  0.035 -0.033
   21     34.08  36.42  82.61  14.13   0.65  -0.45   -0.017 -0.047 -0.100 -0.194
   22     25.87  35.71  85.29  13.53   0.24  -0.65   -0.022 -0.055 -0.037  0.014
   23     15.89  35.38  86.10  11.65   0.36  -0.79   -0.009 -0.049 -0.150  0.024
   24      1.98  34.87  82.40   6.39   0.60  -0.77   -0.017  0.027  0.219  0.382
   25     48.62 -45.86  23.51  22.19   0.17  -0.31    0.008  0.066 -0.136  0.107
   26     27.56 -70.34  -3.93  10.39   0.24  -0.78   -0.024  0.053 -0.139  0.080
   27      0.16  -0.64  49.32  13.47   0.33  -0.46   -0.026  0.022 -0.113  0.242
   28     59.07  37.69  76.24  11.49   0.85  -0.39   -0.019  0.062  0.021 -0.000
   29     20.12-148.80 -12.87  14.64   0.88   0.47   -0.050 -0.007 -0.032 -0.067
   30      2.88  35.87  76.64  13.07   0.93  -0.11   -0.014 -0.013 -0.059 -0.172
   31     20.96  36.35  77.37  14.16   1.01  -0.12   -0.024 -0.113 -0.022 -0.039
   32     50.78  36.87  76.92  15.34   0.18  -0.60   -0.018 -0.015 -0.098  0.032
   33      0.79  37.22  76.07  15.60   0.52  -0.38   -0.009 -0.009 -0.069  0.015
   34     55.40 -16.92  34.84  24.60   0.06  -0.29   -0.001  0.110 -0.044  0.066
   35     39.33 -71.39  -8.23   3.99   0.78  -0.72    0.071  0.300  0.153  0.333
   36     59.08  36.49  77.76  15.14   0.81  -0.21   -0.014 -0.032 -0.061  0.037
   37      5.57  31.32  50.11  14.79   0.09  -0.61   -0.020 -0.010 -0.050 -0.063
   38     46.46  73.20  72.77  16.92   0.60  -0.25   -0.031  0.029 -0.136  0.009
   39     14.15   0.71  26.01   3.79   0.41  -0.40    0.021  0.021 -0.116 -0.045
   40     14.56 -41.92  13.88  16.71   0.11  -0.53   -0.023  0.037 -0.033 -0.040
   41     56.42  34.80  79.08   5.80   0.54  -0.82    0.007 -0.024 -0.016  0.382
   42     34.29  -3.95  46.23  18.03   0.14  -0.42   -0.007  0.088 -0.039  0.028
   43     24.62-110.30 -39.42   5.57   0.61  -1.07    0.013  0.323 -0.094  0.278
   44     49.68  30.27  50.43   8.37   0.32  -0.84   -0.033  0.005 -0.079  0.013
   45     41.18-145.10  45.41  18.45   0.87   0.55   -0.010 -0.078 -0.059  0.099
   46     34.07 -57.53  -0.96  16.25   0.15  -0.50   -0.020  0.047 -0.108  0.110
   47      1.00  10.65  80.63  21.95   0.98   0.14   -0.009  0.093  0.067  0.036
   48     37.21  10.66  81.58  23.50   0.36  -0.21   -0.000  0.107  0.021  0.020
   49     35.69  54.62  84.45  22.59   0.42  -0.30   -0.014 -0.061 -0.071  0.001
   50     36.06-102.49 -35.60  15.14   0.78  -0.03   -0.031  0.063 -0.007 -0.056
   51     53.11-100.83 -54.44   8.71   1.16   0.07   -0.046  0.347  0.090 -0.300
   52     43.15-115.72  43.12  15.76   0.78   0.02   -0.032 -0.188  0.051  0.157
   53      1.00  10.65  80.79  21.37   0.95   0.14   -0.009  0.094  0.094  0.051
   54      3.04 -83.71 322.76  15.64   0.48   1.75   -0.171 -0.021 -0.027  0.020
   55      3.16 -89.78 304.21   0.42   0.41   1.44   -0.163 -0.012 -0.063  0.002
   56     44.87  35.95  67.56  15.00   0.88  -0.21   -0.021 -0.009 -0.083 -0.034
   57     47.13 -84.78 154.67  15.61   0.64   1.73   -0.042 -0.031  0.080  0.005
   58     45.56 -80.81 150.83  15.10   1.06   1.17   -0.029  0.201  0.120  0.003
   59      8.55 -82.17   0.39   3.11   0.73  -0.70    0.020  0.147  0.030  0.207
   60      3.56-110.80-118.63   4.09   1.60   0.52   -0.026 -0.077  0.080  0.209
   61      0.51-130.70 -55.34   1.33   0.76  -0.78   -0.055 -0.361 -0.187  0.724
   62     20.05  19.66 152.84  15.91   1.21   0.52   -0.033  0.218  0.095  0.149
   63     18.79 -47.11  29.78  20.25   0.19  -0.40   -0.006  0.101 -0.058  0.094
   64      4.72-162.76 184.21   7.98   0.87   2.16   -0.036  0.687  0.698 -0.018
   65     23.39 -47.89  20.43  15.61   0.12  -0.51   -0.004  0.104 -0.116  0.065
   66     32.80-152.26  43.24  18.10   0.69   0.36   -0.006  0.011  0.251  0.171
   67     41.87 -37.18  -5.17  19.13   0.33  -0.36   -0.019  0.069 -0.143  0.014
   68     14.13  50.74 106.03  20.20   0.65   0.20   -0.046 -0.007  0.237 -0.122
   69     48.30-214.97-349.14  73.50   0.00   0.00    0.000  0.000  0.000  0.000
   70      5.47  33.90  96.75  19.45   1.01   0.21   -0.020  0.139  0.003  0.080
   71      4.23   6.19  56.70   1.24   0.63  -0.13    0.064  0.045  0.020 -0.031
   72     56.55 132.68-297.80  96.99   7.43   2.73   -0.088 -0.006  0.008 -0.002
   73     12.90  50.61  81.67  23.11   0.76   0.25   -0.001  0.156 -0.180  0.007
   74     36.18-102.65  70.44  22.15   0.62   0.29   -0.016 -0.115  0.178  0.234
   75     46.67-108.21   2.88   0.74   0.98  -0.58   -0.027 -0.381  0.246  0.376
   76     54.60-217.19 302.17   0.10   0.00   0.00    0.000  0.000  0.000  0.000
   77     44.08  51.05  93.67  16.96   0.56  -0.22   -0.018  0.087 -0.046  0.099
   78     41.78  38.45  66.30  21.99   0.67  -0.10   -0.015  0.055 -0.103  0.010
   79     58.69 -69.54  -4.58   1.15   0.59  -0.75    0.048  0.118 -0.064  0.638
   80     26.79 -69.94  -5.96   0.99   0.59  -0.72    0.046  0.106 -0.085  0.536
   81     27.00 -69.90  -4.71   1.00   0.58  -0.71    0.049  0.116 -0.071  0.545
   82     23.38 -69.80  -4.59   0.54   0.61  -0.79    0.040  0.179 -0.069  0.251
   83     23.22 -71.02  -6.19   7.14   0.58  -0.81    0.012  0.097 -0.014  0.310
   84     21.20 -43.18   8.54  20.97   0.11  -0.36    0.002  0.115 -0.143 -0.010
   85     24.51-167.34 -46.72  10.82   1.11   0.69   -0.052  0.051 -0.234 -0.019
   86     44.08 -12.25  30.03  18.15   0.15  -0.46   -0.012  0.049 -0.110  0.025
   87     28.87 -61.52   6.87   3.54   0.66  -0.63    0.036  0.076 -0.149  0.540
   88     38.07-103.47 -28.32   8.39   0.74  -0.81   -0.022  0.198 -0.112  0.033
   89     47.78-141.84  89.56  20.33   0.72   1.01   -0.009 -0.004  0.201  0.128
   90     48.28-139.81  88.40  20.32   0.69   0.92   -0.016  0.047  0.226  0.100
   91     34.05  33.60  85.09  19.58   0.92   0.12   -0.033  0.083 -0.024  0.053

 A V E R A G E   of ADJUSTMENTS :                    -0.019  0.035 -0.005  0.085
 A V E R A G E   of ABSOLUTE ADJUSTMENTS :            0.028  0.091  0.093  0.124


 Step length damping of 0.12000 was applied.


 Velocity adjustments:
     vp    dvp      hp   reflector
 Velocity model   1
   4.527 -0.057   -5.000      
   5.110  0.066   -1.510      
   5.476  0.105    8.340      
   6.259  0.002   12.940      
   7.203 -0.030   24.360      
   7.445 -0.045   28.500      
   7.850  0.013   30.780      
   8.450 -0.200   36.570      
   8.782 -0.131   47.620      

 Calculation of average velocity starts at layer #           1
 z = -5.00 ... -1.51    v = 4.53    AVEL = 4.53 downto z =  -1.51
 z = -1.51 ...  8.34    v = 5.11    AVEL = 4.96 downto z =   8.34
 z =  8.34 ... 12.94    v = 5.48    AVEL = 5.09 downto z =  12.94
 z = 12.94 ... 24.36    v = 6.26    AVEL = 5.54 downto z =  24.36
 z = 24.36 ... 28.50    v = 7.20    AVEL = 5.75 downto z =  28.50
 z = 28.50 ... 30.78    v = 7.45    AVEL = 5.86 downto z =  30.78
 z = 30.78 ... 36.57    v = 7.85    AVEL = 6.14 downto z =  36.57
 z = 36.57 ... 47.62    v = 8.45    AVEL = 6.62 downto z =  47.62


 Calculation of average velocity starts at layer #           2
 z = -1.51 ...  8.34    v = 5.11    AVEL = 5.11 downto z =   8.34
 z =  8.34 ... 12.94    v = 5.48    AVEL = 5.23 downto z =  12.94
 z = 12.94 ... 24.36    v = 6.26    AVEL = 5.68 downto z =  24.36
 z = 24.36 ... 28.50    v = 7.20    AVEL = 5.89 downto z =  28.50
 z = 28.50 ... 30.78    v = 7.45    AVEL = 6.00 downto z =  30.78
 z = 30.78 ... 36.57    v = 7.85    AVEL = 6.28 downto z =  36.57
 z = 36.57 ... 47.62    v = 8.45    AVEL = 6.77 downto z =  47.62



 Adjusted station corrections:
   stn  ptcor  dpcor  
  624   0.000  0.000  628  -0.046 -0.025  630  -0.020 -0.013  627   0.038  0.021
  621   0.028  0.017  629   0.045  0.022  622   0.021  0.014  620   0.006  0.009
  623   0.054  0.029  626   0.038  0.019  625   0.034  0.018  631   0.077  0.042
  632   0.011  0.011

 ~~~ another iteration? ...



--------------------------------------------------------------------------------



           ITERATION no  3

 ~~~ set units for this iteration ...
 ~~~ determine number of unknowns for this iter. ...

 Number of unknowns (for array-indexing):  nvar =  385
 Number of effective unknowns        :  nvareff =  386
 Number of elements on/below main diagonal of matrix G = At*A : kvar =   74305

 Damping factors to be used in this iteration:
   Othet=   0.010   XYthet  =   0.010   Zthet=  0.010
 STAthet=   0.010   Vthet   =   1.000

 ~~~ damp G ...
 ~~~ solve G * b = RHT ...
 ~~~ fix units ...
 ~~~ apply eventually step-length damping ...
 ~~~ adjust model (hypocenters, stacorr & veloc.) ...

 doing velocity adjustments now...

 doing station-correction adjustments...

 ~~~ compute effective step-length ...

 (Applied) Step length =   2.932

 ~~~ set units for next iteration ...
 ~~~ determine number of unknowns for next iter. ...

 Number of unknowns (for array-indexing):  nvar =  385
 Number of effective unknowns        :  nvareff =  386
 Number of elements on/below main diagonal of matrix G = At*A : kvar =   74305

 ~~~ reset G and RHT ...
 ~~~ raytracing, setup G ...
 ~~~ store parts of G ...
 ~~~ set units back for current iteration ...
 ~~~ determine number of unknowns for this iter. ...

 Number of unknowns (for array-indexing):  nvar =  385
 Number of effective unknowns        :  nvareff =  386
 Number of elements on/below main diagonal of matrix G = At*A : kvar =   74305

 ~~~ compute RMS and DATVAR ...

 $$$$$$$$$$$$$$$$$$$$$$$$$$$$$$$$$$$$$$$$$$$$$$$$$
 Events with  | AVRES | > 1.0 SEC are suspicious !

 Event#  10 >>>  160920 1607  AVRES =  2.48 NOBS =  2
 Event#  11 >>>  160925 1911  AVRES =  2.23 NOBS =  2
 Event#  54 >>>  170407 1729  AVRES =  1.47 NOBS =  2
 Event#  55 >>>  170407 1729  AVRES =  1.22 NOBS =  5
 Event#  57 >>>  170409 0856  AVRES =  1.48 NOBS =  6
 Event#  64 >>>  170414 0540  AVRES =  1.83 NOBS = 11
 Event#  72 >>>  170418 1005  AVRES =  2.31 NOBS =  1

 ^^^^^^^^^ C H E C K   these events above ^^^^^^^^
 $$$$$$$$$$$$$$$$$$$$$$$$$$$$$$$$$$$$$$$$$$$$$$$$$

 ~~~ check solution (better? worse?) ...

 Iteration nr  3 obtained:
 DATVAR=    1.597127 mean sqrd residual=     0.689187  RMS RESIDUAL=     0.830173

 After  3 iterations we got:
 Average absolute & unweighted [and mean] residual of
   319 straight and direct rays =  0.48656 [ -0.45269]
   360 refracted           rays =  0.81425 [  0.24288]
     0 reflected           rays =  0.00000 [  0.00000]

   679 ALL                 RAYS =  0.66030 [ -0.08391]      -13.80 %

 ~~~ iteration done; output results ...

  eq       ot     x      y      z      rms    avres   dot     dx     dy     dz
    1      9.08  38.68 112.04  22.91   0.37  -0.05   -0.011  0.069  0.032 -0.059
    2      9.26  38.05 110.74  22.61   0.37  -0.07   -0.016  0.069  0.039 -0.069
    3     27.19-130.46  -8.32  12.43   0.75   0.08   -0.045 -0.185  0.131  0.128
    4     15.55-131.30  -7.01  11.01   0.87   0.12   -0.057 -0.143 -0.028  0.032
    5     45.70 -40.18  38.48  23.60   0.24  -0.26   -0.001  0.059 -0.127 -0.080
    6     49.46 -36.64  40.54  16.99   0.15  -0.44   -0.015  0.111 -0.070  0.187
    7     13.85-134.68-118.70   5.67   1.44   0.56   -0.052  0.243  0.160 -0.349
    8     30.30-141.00 -43.62   8.52   0.86   0.46   -0.037 -0.062  0.080 -0.024
    9     39.63  10.88  56.45  12.18   0.13  -0.57   -0.026 -0.001 -0.085  0.035
   10     18.19 -87.70-308.28  16.23   1.00   2.48   -0.034 -0.293  0.019  0.004
   11      5.37 -63.07-309.68  15.65   1.20   2.23   -0.078 -0.360 -0.007  0.009
   12     51.11  35.10  94.90  16.65   0.20  -0.41   -0.028  0.007  0.102  0.275
   13     46.86  33.63  97.82  19.35   0.46  -0.14   -0.015  0.113 -0.019  0.129
   14     55.81  33.46  97.48  14.32   0.73  -0.28   -0.036  0.033 -0.004  0.185
   15     44.64  34.02  97.44  17.50   0.81   0.07   -0.024  0.007  0.044  0.101
   16     44.81  34.91  96.07  18.73   0.85   0.17   -0.035 -0.055  0.135  0.036
   17     22.01  -0.96  82.51  18.64   0.64  -0.24   -0.034  0.027  0.069  0.065
   18     36.39 -34.16   4.39  11.47   0.19  -0.63   -0.037 -0.012 -0.003  0.139
   19     33.26  41.32  64.00  10.09   0.23  -0.67   -0.011 -0.099  0.034 -0.042
   20     45.91  37.80  85.16  16.29   0.50  -0.23   -0.034 -0.019 -0.005  0.035
   21     34.07  36.36  82.49  13.87   0.57  -0.37   -0.013 -0.063 -0.115 -0.257
   22     25.84  35.65  85.25  13.69   0.22  -0.54   -0.025 -0.064 -0.038  0.159
   23     15.89  35.31  85.92  11.65   0.35  -0.66   -0.007 -0.072 -0.176  0.001
   24      1.96  34.90  82.64   6.83   0.53  -0.69   -0.026  0.029  0.244  0.434
   25     48.62 -45.77  23.36  22.33   0.16  -0.25    0.009  0.094 -0.147  0.140
   26     27.54 -70.26  -4.09  10.50   0.21  -0.66   -0.023  0.075 -0.163  0.107
   27      0.15  -0.58  49.16  13.44   0.27  -0.38   -0.010  0.060 -0.163 -0.031
   28     59.05  37.75  76.25  11.48   0.73  -0.33   -0.020  0.058  0.010 -0.010
   29     20.10-148.76 -12.65  14.54   0.75   0.41   -0.027  0.032  0.217 -0.096
   30      2.87  35.85  76.56  12.84   0.80  -0.08   -0.011 -0.024 -0.073 -0.227
   31     20.94  36.22  77.34  14.07   0.86  -0.09   -0.021 -0.134 -0.033 -0.091
   32     50.76  36.84  76.81  15.36   0.15  -0.50   -0.016 -0.023 -0.107  0.017
   33      0.79  37.21  76.00  15.59   0.44  -0.31   -0.006 -0.014 -0.078 -0.004
   34     55.40 -16.81  34.79  24.65   0.06  -0.24    0.001  0.110 -0.052  0.051
   35     39.41 -71.03  -8.06   4.34   0.78  -0.74    0.073  0.358  0.168  0.358
   36     59.07  36.45  77.69  15.15   0.70  -0.16   -0.011 -0.038 -0.070  0.009
   37      5.55  31.30  50.04  14.71   0.08  -0.50   -0.018 -0.019 -0.067 -0.077
   38     46.45  73.08  72.68  16.81   0.51  -0.21   -0.005 -0.128 -0.096 -0.108
   39     14.16   0.74  25.88   3.76   0.36  -0.38    0.017  0.022 -0.124 -0.034
   40     14.54 -41.87  13.84  16.67   0.11  -0.44   -0.022  0.047 -0.035 -0.046
   41     56.43  34.77  79.04   6.23   0.45  -0.73    0.003 -0.026 -0.040  0.431
   42     34.29  -3.86  46.17  18.06   0.12  -0.34   -0.006  0.091 -0.056  0.026
   43     24.64-109.90 -39.53   5.88   0.54  -0.92    0.016  0.397 -0.108  0.303
   44     49.64  30.27  50.34   8.40   0.28  -0.70   -0.033 -0.004 -0.088  0.023
   45     41.18-145.16  45.51  18.49   0.73   0.47   -0.007 -0.053  0.102  0.045
   46     34.05 -57.46  -1.09  16.39   0.13  -0.41   -0.019  0.075 -0.131  0.136
   47      0.99  10.76  80.65  21.97   0.85   0.13   -0.003  0.116  0.019  0.025
   48     37.22  10.78  81.59  23.51   0.32  -0.16    0.004  0.121  0.012  0.008
   49     35.69  54.48  84.40  22.45   0.38  -0.25    0.003 -0.146 -0.057 -0.134
   50     36.02-102.41 -35.62  15.13   0.68  -0.01   -0.033  0.077 -0.019 -0.009
   51     53.05-100.59 -54.33   8.28   1.02   0.07   -0.054  0.235  0.117 -0.431
   52     43.11-115.89  43.27  15.96   0.68   0.03   -0.034 -0.173  0.143  0.197
   53      0.99  10.76  80.86  21.44   0.82   0.14   -0.005  0.111  0.065  0.067
   54      2.78 -83.73 322.72  15.67   0.45   1.47   -0.264 -0.021 -0.039  0.030
   55      2.95 -89.74 304.20   0.45   0.36   1.22   -0.209  0.045 -0.012  0.033
   56     44.85  35.94  67.45  14.97   0.76  -0.16   -0.020 -0.011 -0.110 -0.029
   57     47.09 -84.78 154.78  15.61   0.57   1.48   -0.037  0.002  0.110  0.004
   58     45.55 -80.74 150.99  15.16   0.91   1.00   -0.005  0.073  0.159  0.059
   59      8.57 -81.98   0.41   3.38   0.67  -0.61    0.019  0.188  0.025  0.266
   60      3.55-110.55-118.48   4.12   1.46   0.42   -0.008  0.250  0.148  0.027
   61      0.44-131.10 -55.58   2.19   0.70  -0.69   -0.063 -0.398 -0.232  0.858
   62     20.02  19.87 152.90  16.02   1.06   0.45   -0.031  0.210  0.057  0.108
   63     18.79 -47.00  29.68  20.40   0.17  -0.33   -0.007  0.108 -0.095  0.152
   64      4.69-162.16 184.95   8.00   0.78   1.83   -0.036  0.598  0.747  0.021
   65     23.39 -47.75  20.29  15.70   0.11  -0.42   -0.002  0.135 -0.133  0.085
   66     32.80-152.34  43.33  18.29   0.58   0.32    0.003 -0.082  0.082  0.187
   67     41.86 -37.07  -5.34  19.10   0.30  -0.29   -0.015  0.105 -0.167 -0.031
   68     14.10  50.80 106.16  20.07   0.55   0.17   -0.030  0.064  0.127 -0.134
   69     48.30-214.97-349.14  73.50   0.00   0.00    0.000  0.000  0.000  0.000
   70      5.45  34.00  96.80  19.44   0.87   0.18   -0.020  0.097  0.049 -0.009
   71      4.29   6.24  56.71   1.20   0.61  -0.16    0.062  0.047  0.017 -0.037
   72     56.31 132.67-297.77  96.99   5.34   2.31   -0.237 -0.016  0.021 -0.006
   73     12.91  50.69  81.55  23.00   0.65   0.22    0.009  0.079 -0.124 -0.107
   74     36.16-102.84  70.68  22.46   0.52   0.25   -0.017 -0.194  0.244  0.310
   75     46.64-108.62   3.15   1.19   0.95  -0.51   -0.027 -0.412  0.273  0.443
   76     54.60-217.19 302.17   0.10   0.00   0.00    0.000  0.000  0.000  0.000
   77     44.06  51.03  93.74  16.90   0.47  -0.18   -0.019 -0.018  0.066 -0.063
   78     41.78  38.50  66.16  21.90   0.58  -0.08   -0.004  0.059 -0.139 -0.095
   79     58.74 -69.42  -4.66   1.85   0.54  -0.69    0.046  0.119 -0.080  0.699
   80     26.84 -69.83  -6.06   1.57   0.52  -0.67    0.045  0.108 -0.105  0.588
   81     27.05 -69.78  -4.80   1.60   0.52  -0.66    0.048  0.118 -0.089  0.594
   82     23.42 -69.61  -4.68   0.83   0.53  -0.73    0.042  0.188 -0.085  0.293
   83     23.24 -70.88  -6.12   7.51   0.48  -0.71    0.016  0.141  0.066  0.372
   84     21.21 -43.04   8.38  20.97   0.09  -0.29    0.005  0.143 -0.158 -0.009
   85     24.48-167.32 -46.67  10.78   0.96   0.60   -0.032  0.019  0.043 -0.035
   86     44.06 -12.18  29.90  18.28   0.12  -0.38   -0.019  0.072 -0.131  0.128
   87     28.91 -61.44   6.70   4.14   0.60  -0.60    0.031  0.086 -0.173  0.603
   88     38.04-103.25 -28.45   8.48   0.65  -0.68   -0.022  0.216 -0.132  0.087
   89     47.78-141.98  89.67  20.50   0.60   0.86   -0.000 -0.133  0.109  0.173
   90     48.27-139.89  88.55  20.48   0.57   0.79   -0.008 -0.081  0.152  0.157
   91     34.02  33.71  85.05  19.62   0.78   0.11   -0.032  0.104 -0.038  0.048

 A V E R A G E   of ADJUSTMENTS :                    -0.020  0.029  0.000  0.082
 A V E R A G E   of ABSOLUTE ADJUSTMENTS :            0.030  0.108  0.097  0.142


 Step length damping of 0.15062 was applied.


 Velocity adjustments:
     vp    dvp      hp   reflector
 Velocity model   1
   4.464 -0.062   -5.000      
   5.185  0.076   -1.510      
   5.591  0.114    8.340      
   6.260  0.001   12.940      
   7.184 -0.019   24.360      
   7.423 -0.023   28.500      
   7.792 -0.058   30.780      
   8.250 -0.200   36.570      
   8.594 -0.188   47.620      

 Calculation of average velocity starts at layer #           1
 z = -5.00 ... -1.51    v = 4.46    AVEL = 4.46 downto z =  -1.51
 z = -1.51 ...  8.34    v = 5.19    AVEL = 5.00 downto z =   8.34
 z =  8.34 ... 12.94    v = 5.59    AVEL = 5.15 downto z =  12.94
 z = 12.94 ... 24.36    v = 6.26    AVEL = 5.58 downto z =  24.36
 z = 24.36 ... 28.50    v = 7.18    AVEL = 5.78 downto z =  28.50
 z = 28.50 ... 30.78    v = 7.42    AVEL = 5.88 downto z =  30.78
 z = 30.78 ... 36.57    v = 7.79    AVEL = 6.15 downto z =  36.57
 z = 36.57 ... 47.62    v = 8.25    AVEL = 6.59 downto z =  47.62


 Calculation of average velocity starts at layer #           2
 z = -1.51 ...  8.34    v = 5.19    AVEL = 5.19 downto z =   8.34
 z =  8.34 ... 12.94    v = 5.59    AVEL = 5.31 downto z =  12.94
 z = 12.94 ... 24.36    v = 6.26    AVEL = 5.73 downto z =  24.36
 z = 24.36 ... 28.50    v = 7.18    AVEL = 5.93 downto z =  28.50
 z = 28.50 ... 30.78    v = 7.42    AVEL = 6.04 downto z =  30.78
 z = 30.78 ... 36.57    v = 7.79    AVEL = 6.30 downto z =  36.57
 z = 36.57 ... 47.62    v = 8.25    AVEL = 6.74 downto z =  47.62



 Adjusted station corrections:
   stn  ptcor  dpcor  
  624   0.000  0.000  628  -0.073 -0.027  630  -0.039 -0.019  627   0.058  0.020
  621   0.046  0.018  629   0.067  0.021  622   0.034  0.014  620   0.014  0.008
  623   0.088  0.034  626   0.065  0.027  625   0.054  0.020  631   0.126  0.049
  632   0.017  0.006

 ~~~ another iteration? ...
 NITT = ITTMAX  --> stop iterations.
 ~~~ final solution reached ...

 ~~~ damp G & Chol.-Decomp.: NOT made (switch iresolcalc is NOT set !)

 Final rms values:  0.37 0.37 0.75 0.87 0.24 0.15 1.44 0.86 0.13 1.00
                    1.20 0.20 0.46 0.73 0.81 0.85 0.64 0.19 0.23 0.50
                    0.57 0.22 0.35 0.53 0.16 0.21 0.27 0.73 0.75 0.80
                    0.86 0.15 0.44 0.06 0.78 0.70 0.08 0.51 0.36 0.11
                    0.45 0.12 0.54 0.28 0.73 0.13 0.85 0.32 0.38 0.68
                    1.02 0.68 0.82 0.45 0.36 0.76 0.57 0.91 0.67 1.46
                    0.70 1.06 0.17 0.78 0.11 0.58 0.30 0.55 0.00 0.87
                    0.61 5.34 0.65 0.52 0.95 0.00 0.47 0.58 0.54 0.52
                    0.52 0.53 0.48 0.09 0.96 0.12 0.60 0.65 0.60 0.57
                    0.78



 ~~~ output final hypocenters ...

      date    origin   latitude longitude  depth  mag  no  rms      x      y      z
   1 160818 1613  9.08 73.0041N 124.8478E  22.91 1.40   6 0.367   38.68 112.04  22.91
   2 160818 1613  9.26 72.9925N 124.8669E  22.61 1.10   6 0.367   38.05 110.74  22.61
   3 160819 0959 27.19 71.9255N 129.7735E  12.43 4.00  12 0.748 -130.46  -8.32  12.43
   4 160820 1506 15.55 71.9372N 129.7992E  11.01 1.50   9 0.869 -131.30  -7.01  11.01
   5 160820 1904 45.70 72.3448N 127.1753E  23.60 1.20   6 0.235  -40.18  38.48  23.60
   6 160822 1318 49.46 72.3633N 127.0724E  16.99 0.60   8 0.152  -36.64  40.54  16.99
   7 160823 0652 13.85 70.9362N 129.7953E   5.67 2.90   6 1.437 -134.68-118.70   5.67
   8 160824 1510 30.30 71.6091N 130.0443E   8.52 1.50   9 0.863 -141.00 -43.62   8.52
   9 160906 1514 39.63 72.5059N 125.6805E  12.18 0.90   6 0.132   10.88  56.45  12.18
  10 160920 1607 18.19 69.2373N 128.3672E  16.23 2.60   2 1.000  -87.70-308.28  16.23
  11 160925 1911  5.37 69.2247N 127.7018E  15.65 2.30   2 1.204  -63.07-309.68  15.65
  12 161004 0841 51.11 72.8505N 124.9588E  16.65 0.20   6 0.204   35.10  94.90  16.65
  13 161005 1619 46.86 72.8766N 125.0018E  19.35 1.00   9 0.465   33.63  97.82  19.35
  14 161006 0156 55.81 72.8736N 125.0070E  14.32 1.00   7 0.728   33.46  97.48  14.32
  15 161009 0036 44.64 72.8733N 124.9903E  17.50 1.30   8 0.809   34.02  97.44  17.50
  16 161009 0036 44.81 72.8610N 124.9643E  18.73 1.20   7 0.851   34.91  96.07  18.73
  17 161012 0800 22.01 72.7394N 126.0285E  18.64 0.80   7 0.637   -0.96  82.51  18.64
  18 161015 1013 36.39 72.0393N 126.9910E  11.47 0.70   7 0.195  -34.16   4.39  11.47
  19 161021 0507 33.26 72.5735N 124.7838E  10.09 0.80   6 0.231   41.32  64.00  10.09
  20 161124 2250 45.91 72.7632N 124.8816E  16.29 3.10   4 0.499   37.80  85.16  16.29
  21 161125 0156 34.07 72.7393N 124.9248E  13.87 0.60   7 0.565   36.36  82.49  13.87
  22 161125 0517 25.84 72.7640N 124.9452E  13.69 1.60   6 0.216   35.65  85.25  13.69
  23 161125 0525 15.89 72.7700N 124.9551E  11.65 0.80   6 0.351   35.31  85.92  11.65
  24 161125 0556  1.96 72.7406N 124.9680E   6.83 0.20   6 0.527   34.90  82.64   6.83
  25 170117 0846 48.62 72.2094N 127.3339E  22.33 0.30   6 0.160  -45.77  23.36  22.33
  26 170122 1614 27.54 71.9634N 128.0344E  10.50 0.90   6 0.214  -70.26  -4.09  10.50
  27 170125 2244  0.15 72.4406N 126.0171E  13.44 0.80   6 0.275   -0.58  49.16  13.44
  28 170302 1359 59.05 72.6834N 124.8854E  11.48 0.50   7 0.732   37.75  76.25  11.48
  29 170302 2335 20.10 71.8866N 130.2985E  14.54 2.10   9 0.746 -148.76 -12.65  14.54
  30 170304 2135  2.87 72.6862N 124.9416E  12.84 1.30   7 0.799   35.85  76.56  12.84
  31 170307 0447 20.94 72.6931N 124.9303E  14.07 1.70  10 0.856   36.22  77.34  14.07
  32 170307 2016 50.76 72.6884N 124.9121E  15.36 1.10   6 0.150   36.84  76.81  15.36
  33 170309 1454  0.79 72.6811N 124.9015E  15.59 0.30   6 0.441   37.21  76.00  15.59
  34 170311 0430 55.40 72.3118N 126.4912E  24.65 0.30   6 0.058  -16.81  34.79  24.65
  35 170312 0416 39.41 71.9278N 128.0547E   4.34 2.10   6 0.781  -71.03  -8.06   4.34
  36 170313 0553 59.07 72.6962N 124.9234E  15.15 1.00   9 0.695   36.45  77.69  15.15
  37 170313 0809  5.55 72.4484N 125.0816E  14.71 1.20   7 0.075   31.30  50.04  14.71
  38 170315 0234 46.45 72.6513N 123.8444E  16.81 1.40   7 0.510   73.08  72.68  16.81
  39 170317 1007 14.16 72.2319N 125.9785E   3.76 0.50   7 0.362    0.74  25.88   3.76
  40 170320 0711 14.54 72.1241N 127.2175E  16.67 0.90   6 0.109  -41.87  13.84  16.67
  41 170320 0853 56.43 72.7084N 124.9726E   6.23 0.40   6 0.451   34.77  79.04   6.23
  42 170320 1900 34.29 72.4138N 126.1130E  18.06 0.60   7 0.124   -3.86  46.17  18.06
  43 170323 0519 24.64 71.6458N 129.1552E   5.88 1.20   6 0.541 -109.90 -39.53   5.88
  44 170323 1612 49.64 72.4511N 125.1119E   8.40 0.50   6 0.277   30.27  50.34   8.40
  45 170323 1906 41.18 72.4079N 130.2536E  18.49 1.00   6 0.725 -145.16  45.51  18.49
  46 170326 0836 34.05 71.9902N 127.6649E  16.39 1.50   7 0.134  -57.46  -1.09  16.39
  47 170402 0422  0.99 72.7228N 125.6819E  21.97 1.20  10 0.850   10.76  80.65  21.97
  48 170402 0636 37.22 72.7312N 125.6813E  23.51 0.70   6 0.322   10.78  81.59  23.51
  49 170404 2347 35.69 72.7564N 124.3884E  22.45 0.50   6 0.382   54.48  84.40  22.45
  50 170405 0307 36.02 71.6808N 128.9430E  15.13 1.00  10 0.677 -102.41 -35.62  15.13
  51 170405 1410 53.05 71.5131N 128.8779E   8.28 1.70  10 1.015 -100.59 -54.33   8.28
  52 170406 0838 43.11 72.3877N 129.3942E  15.96 0.90  10 0.682 -115.89  43.27  15.96
  53 170406 1728  0.99 72.7247N 125.6819E  21.44 0.90  10 0.823   10.76  80.86  21.44
  54 170407 1729  2.78 74.8922N 128.6317E  15.67 1.80   2 0.445  -83.73 322.72  15.67
  55 170407 1729  2.95 74.7262N 128.8069E   0.45 1.60   5 0.357  -89.74 304.20   0.45
  56 170408 1004 44.85 72.6045N 124.9412E  14.97 1.40  13 0.759   35.94  67.45  14.97
  57 170409 0856 47.09 73.3871N 128.5524E  15.61 2.50   6 0.570  -84.78 154.78  15.61
  58 170409 0902 45.55 73.3532N 128.4284E  15.16 1.10   7 0.907  -80.74 150.99  15.16
  59 170410 1520  8.57 72.0037N 128.3762E   3.38 1.00  10 0.666  -81.98   0.41   3.38
  60 170410 1813  3.55 70.9382N 129.1156E   4.12 2.20  13 1.464 -110.55-118.48   4.12
  61 170412 1507  0.44 71.5019N 129.7496E   2.19 0.70   6 0.700 -131.10 -55.58   2.19
  62 170413 0651 20.02 73.3702N 125.4022E  16.02 1.00  10 1.055   19.87 152.90  16.02
  63 170414 0459 18.79 72.2660N 127.3721E  20.40 0.50   7 0.167  -47.00  29.68  20.40
  64 170414 0540  4.69 73.6575N 130.9191E   8.00 1.80  11 0.782 -162.16 184.95   8.00
  65 170414 1656 23.39 72.1819N 127.3908E  15.70 0.20   6 0.112  -47.75  20.29  15.70
  66 170414 1753 32.80 72.3883N 130.4617E  18.29 0.70   6 0.582 -152.34  43.33  18.29
  67 170416 0523 41.86 71.9521N 127.0731E  19.10 1.60  13 0.303  -37.07  -5.34  19.10
  68 170416 1220 14.10 72.9514N 124.4890E  20.07 1.00  11 0.545   50.80 106.16  20.07
 WARNING: Event-# :          69 has zero observations!
  69 170416 1257 48.30 68.8710N 131.7500E  73.50 2.20   0 0.000 -214.97-349.14  73.50
  70 170416 1821  5.45 72.8675N 124.9911E  19.44 1.30  13 0.867   34.00  96.80  19.44
  71 170418 0606  4.29 72.5083N 125.8167E   1.20 0.20   6 0.607    6.24  56.71   1.20
  72 170418 1005 56.31 69.3314N 122.4108E  96.99 2.20   1 5.341  132.67-297.77  96.99
  73 170418 1500 12.91 72.7308N 124.5015E  23.00 1.30  12 0.646   50.69  81.55  23.00
  74 170420 1302 36.16 72.6334N 129.0322E  22.46 0.90  11 0.523 -102.84  70.68  22.46
  75 170420 2248 46.64 72.0283N 129.1506E   1.19 0.70  11 0.953 -108.62   3.15   1.19
 WARNING: Event-# :          76 has zero observations!
  76 170423 0850 54.60 74.7080N 132.7900E   0.10 1.90   0 0.000 -217.19 302.17   0.10
  77 170423 1455 44.06 72.8401N 124.4869E  16.90 0.60   8 0.474   51.03  93.74  16.90
  78 170423 2313 41.78 72.5929N 124.8660E  21.90 1.30  12 0.576   38.50  66.16  21.90
  79 170424 0609 58.74 71.9582N 128.0098E   1.85 1.10  12 0.543  -69.42  -4.66   1.85
  80 170424 0755 26.84 71.9456N 128.0209E   1.57 1.00  12 0.525  -69.83  -6.06   1.57
  81 170424 0755 27.05 71.9570N 128.0201E   1.60 1.00  12 0.519  -69.78  -4.80   1.60
  82 170425 0652 23.42 71.9581N 128.0152E   0.83 1.20   9 0.532  -69.61  -4.68   0.83
  83 170426 0051 23.24 71.9451N 128.0514E   7.51 0.70   6 0.484  -70.88  -6.12   7.51
  84 170426 1425 21.21 72.0751N 127.2499E  20.97 0.10   6 0.093  -43.04   8.38  20.97
  85 170426 1834 24.48 71.5817N 130.7957E  10.78 1.20   8 0.963 -167.32 -46.67  10.78
  86 170426 1840 44.06 72.2680N 126.3556E  18.28 1.30   8 0.123  -12.18  29.90  18.28
  87 170427 0912 28.91 72.0600N 127.7834E   4.14 0.90   8 0.602  -61.44   6.70   4.14
  88 170427 1041 38.04 71.7450N 128.9722E   8.48 0.70   7 0.653 -103.25 -28.45   8.48
  89 170427 2010 47.78 72.8036N 130.2056E  20.50 1.30   8 0.598 -141.98  89.67  20.50
  90 170427 2010 48.27 72.7936N 130.1426E  20.48 1.30   8 0.567 -139.89  88.55  20.48
  91 170427 2342 34.02 72.7622N 125.0027E  19.62 0.80   6 0.784   33.71  85.05  19.62

 ~~~ output final station residuals ...
 TURBO-option is set; residuals are NOT printed for each event!



   station statistics, remember nsp was set to: 1


 sta phase nobs avres  avwres    std    wsum    delay

 624    P  74 -0.2897 -0.2897  0.6441  74.0000  0.0000
 628    P  69 -0.5042 -0.5042  0.5754  69.0000 -0.0727
 630    P  53 -0.0193 -0.0193  0.6186  53.0000 -0.0387
 627    P  46 -0.1437 -0.1437  0.6506  46.0000  0.0583
 621    P  59  0.0325  0.0325  0.9521  59.0000  0.0456
 629    P  43 -0.0107 -0.0107  0.7188  43.0000  0.0667
 622    P  58 -0.1463 -0.1463  0.7396  58.0000  0.0342
 620    P  48 -0.1590 -0.1590  0.7390  48.0000  0.0141
 623    P  55 -0.1466 -0.1466  0.5806  55.0000  0.0880
 626    P  52 -0.0114 -0.0114  0.8101  52.0000  0.0654
 625    P  49 -0.1248 -0.1248  0.7794  49.0000  0.0545
 631    P  49  0.6192  0.6192  1.3350  49.0000  0.1263
 632    P  24  0.2490  0.2490  1.2163  24.0000  0.0167


 ~~~ output statistics ...




 RAY-STATISTICS FOR  L A S T  ITERATION
 --------------------------------------

 NHYP : nr of hypocenters in this layer
 NREF : nr of headwaves in this layer
 %len : % of "refracted km" in this layer 
        with respect to all refracted kilometers
 NHIT : nr of rays passed thru this layer
 xy-km: average horizontal ray length [km] in layer
 z-km : average  vertical  ray length [km] in layer
 RFLX : number of reflections at bottom of this layer

 nlay   top ..... bottom     velocity   NHYP NREF %len  NHIT xy-km  z-km  RFLX

   1    -5.00... -1.51 km    4.46 km/s    0    0   0.0     0   0.0   0.0     0
   2    -1.51...  8.34 km    5.19 km/s   21    0   0.0  1452   9.5   5.3     0
   3     8.34... 12.94 km    5.59 km/s   13    0   0.0   771   6.2   4.3     0
   4    12.94... 24.36 km    6.26 km/s   54   86  20.1   855  20.1   7.3     0
   5    24.36... 28.50 km    7.18 km/s    1   43   8.0   512  10.7   3.7     0
   6    28.50... 30.78 km    7.42 km/s    0    0   0.0   463   5.5   2.3     0
   7    30.78... 36.57 km    7.79 km/s    0   81  17.1   382  22.2   4.6     0
   8    36.57... 47.62 km    8.25 km/s    0  135  47.1   166  66.6   2.1     0
   9    47.62...       km    8.59 km/s    2   15   7.8     0   0.0   0.0

 Total nr of events was   91

 Total nr of refracted rays =   360
 Total nr of reflected rays =     0
 Total nr of   other   rays =   319
                              ------
 Total nr of    all    rays =   679

 Average (absolute) error of the raytracers:
  Straight and direct rays : 3598.71 meters
  Refracted           rays :    0.01 meters
  Reflected           rays :    0.00 meters


 ALL RAYS TOGETHER:
 Average horizontal ray length =   89.9 km   (Hypocenter --> Station) 
 Average  vertical  ray length =   21.8 km   (Deepest ray-point --> Station)



 ... and some more STATISTICS 
 ---------------------------- 
  GAP of final epicenters:

  Event# -> GAP  Event# -> GAP  Event# -> GAP  Event# -> GAP  Event# -> GAP
       1 -> 296       2 -> 294       3 -> 270       4 -> 274       5 -> 307
       6 ->  96       7 -> 321       8 -> 306       9 -> 168      10 -> 346
      11 -> 347      12 -> 260      13 -> 263      14 -> 263      15 -> 263
      16 -> 264      17 -> 253      18 -> 245      19 -> 160      20 -> 302
      21 -> 231      22 -> 239      23 -> 240      24 -> 231      25 -> 130
      26 -> 102      27 -> 154      28 -> 212      29 -> 305      30 -> 213
      31 -> 215      32 -> 213      33 -> 211      34 -> 133      35 -> 239
      36 -> 216      37 -> 132      38 -> 310      39 -> 117      40 -> 209
      41 -> 219      42 -> 121      43 -> 230      44 -> 133      45 -> 309
      46 -> 126      47 -> 224      48 -> 226      49 -> 288      50 -> 195
      51 -> 289      52 -> 270      53 -> 224      54 -> 354      55 -> 347
      56 -> 180      57 -> 310      58 -> 318      59 -> 165      60 -> 310
      61 -> 301      62 -> 306      63 -> 149      64 -> 322      65 -> 129
      66 -> 293      67 ->  86      68 -> 295      69 -> 171      70 -> 262
      71 -> 173      72 ->   0      73 -> 260      74 -> 300      75 -> 241
      76 ->  59      77 -> 284      78 -> 173      79 -> 164      80 -> 169
      81 -> 166      82 -> 165      83 -> 234      84 -> 115      85 -> 315
      86 ->  94      87 -> 114      88 -> 270      89 -> 318      90 -> 317
      91 -> 295

 GAPs were between   0 and 354
      (average GAP was 228)



  MAGNITUDES of INPUT-DATA:

 Magnitude (# of events)   ***average number of obs***

 MAG<= 1.0 ( 47) *******
 MAG = 1.1 (  4) ********
 MAG = 1.2 (  7) ********
 MAG = 1.3 (  8) *********1
 MAG = 1.4 (  3) *********
 MAG = 1.5 (  3) ********
 MAG = 1.6 (  3) ********
 MAG = 1.7 (  2) *********1
 MAG = 1.8 (  2) *******
 MAG = 1.9 (  1)  
 MAG = 2.0 (  0)  
 MAG = 2.1 (  2) ********
 MAG = 2.2 (  3) *****
 MAG = 2.3 (  1) **
 MAG = 2.4 (  0)  
 MAG = 2.5 (  1) ******
 MAG = 2.6 (  1) **
 MAG = 2.7 (  0)  
 MAG = 2.8 (  0)  
 MAG = 2.9 (  1) ******
 MAG = 3.0 (  0)  
 MAG = 3.1 (  1) ****
 MAG = 3.2 (  0)  
 MAG = 3.3 (  0)  
 MAG = 3.4 (  0)  
 MAG = 3.5 (  0)  
 MAG = 3.6 (  0)  
 MAG = 3.7 (  0)  
 MAG = 3.8 (  0)  
 MAG = 3.9 (  0)  
 MAG = 4.0 (  1) *********1**
 MAG = 4.1 (  0)  
 MAG = 4.2 (  0)  
 MAG = 4.3 (  0)  
 MAG = 4.4 (  0)  
 MAG = 4.5 (  0)  
 MAG = 4.6 (  0)  
 MAG = 4.7 (  0)  
 MAG = 4.8 (  0)  
 MAG = 4.9 (  0)  
 MAG = 5.0 (  0)  
 MAG = 5.1 (  0)  
 MAG = 5.2 (  0)  
 MAG = 5.3 (  0)  
 MAG = 5.4 (  0)  
 MAG = 5.5 (  0)  
 MAG = 5.6 (  0)  
 MAG = 5.7 (  0)  
 MAG = 5.8 (  0)  
 MAG = 5.9 (  0)  
 MAG>= 6.0 (  0)  





  DEPTHs of INPUT-DATA and of LAST ITERATION:
  ===========================================

       Depth       # of events  

 DEPTH ( input ) =  -4. km :   
 DEPTH (last_IT) =  -4. km :   
 DEPTH ( input ) =  -3. km :   
 DEPTH (last_IT) =  -3. km :   
 DEPTH ( input ) =  -2. km :   
 DEPTH (last_IT) =  -2. km :   
 DEPTH ( input ) =  -1. km :   
 DEPTH (last_IT) =  -1. km :   
 DEPTH ( input ) =   0. km :  ........
 DEPTH (last_IT) =   0. km :  **
 DEPTH ( input ) =   1. km :  .
 DEPTH (last_IT) =   1. km :  ***
 DEPTH ( input ) =   2. km :   
 DEPTH (last_IT) =   2. km :  ****
 DEPTH ( input ) =   3. km :  ...
 DEPTH (last_IT) =   3. km :  *
 DEPTH ( input ) =   4. km :  ..
 DEPTH (last_IT) =   4. km :  ****
 DEPTH ( input ) =   5. km :  ..
 DEPTH (last_IT) =   5. km :   
 DEPTH ( input ) =   6. km :  ..
 DEPTH (last_IT) =   6. km :  ***
 DEPTH ( input ) =   7. km :  .
 DEPTH (last_IT) =   7. km :  *
 DEPTH ( input ) =   8. km :  ...
 DEPTH (last_IT) =   8. km :  *****
 DEPTH ( input ) =   9. km :  ..
 DEPTH (last_IT) =   9. km :  *
 DEPTH ( input ) =  10. km :  ..
 DEPTH (last_IT) =  10. km :  *
 DEPTH ( input ) =  11. km :  ...
 DEPTH (last_IT) =  11. km :  *****
 DEPTH ( input ) =  12. km :  ....
 DEPTH (last_IT) =  12. km :  ***
 DEPTH ( input ) =  13. km :  ..
 DEPTH (last_IT) =  13. km :  **
 DEPTH ( input ) =  14. km :  ...
 DEPTH (last_IT) =  14. km :  ****
 DEPTH ( input ) =  15. km :  ........
 DEPTH (last_IT) =  15. km :  *******
 DEPTH ( input ) =  16. km :  .........1.
 DEPTH (last_IT) =  16. km :  *********1
 DEPTH ( input ) =  17. km :  .....
 DEPTH (last_IT) =  17. km :  ******
 DEPTH ( input ) =  18. km :  ....
 DEPTH (last_IT) =  18. km :  ****
 DEPTH ( input ) =  19. km :  .....
 DEPTH (last_IT) =  19. km :  *****
 DEPTH ( input ) =  20. km :  .....
 DEPTH (last_IT) =  20. km :  ****
 DEPTH ( input ) =  21. km :  ..
 DEPTH (last_IT) =  21. km :  ***
 DEPTH ( input ) =  22. km :  ....
 DEPTH (last_IT) =  22. km :  *****
 DEPTH ( input ) =  23. km :  ....
 DEPTH (last_IT) =  23. km :  ***
 DEPTH ( input ) =  24. km :  ..
 DEPTH (last_IT) =  24. km :  **
 DEPTH ( input ) =  25. km :  .
 DEPTH (last_IT) =  25. km :  *
 DEPTH ( input ) =  26. km :   
 DEPTH (last_IT) =  26. km :   
 DEPTH ( input ) =  27. km :   
 DEPTH (last_IT) =  27. km :   
 DEPTH ( input ) =  28. km :   
 DEPTH (last_IT) =  28. km :   
 DEPTH ( input ) =  29. km :   
 DEPTH (last_IT) =  29. km :   
 DEPTH ( input ) =  30. km :   
 DEPTH (last_IT) =  30. km :   
 DEPTH ( input ) =  31. km :   
 DEPTH (last_IT) =  31. km :   
 DEPTH ( input ) =  32. km :   
 DEPTH (last_IT) =  32. km :   
 DEPTH ( input ) =  33. km :   
 DEPTH (last_IT) =  33. km :   
 DEPTH ( input ) =  34. km :   
 DEPTH (last_IT) =  34. km :   
 DEPTH ( input ) =  35. km :   
 DEPTH (last_IT) =  35. km :   
 DEPTH ( input ) =  36. km :   
 DEPTH (last_IT) =  36. km :   
 DEPTH ( input ) =  37. km :   
 DEPTH (last_IT) =  37. km :   
 DEPTH ( input ) =  38. km :   
 DEPTH (last_IT) =  38. km :   
 DEPTH ( input ) =  39. km :   
 DEPTH (last_IT) =  39. km :   
 DEPTH ( input ) =  40. km :   
 DEPTH (last_IT) =  40. km :   
 DEPTH ( input ) =  41. km :   
 DEPTH (last_IT) =  41. km :   
 DEPTH ( input ) =  42. km :   
 DEPTH (last_IT) =  42. km :   
 DEPTH ( input ) =  43. km :   
 DEPTH (last_IT) =  43. km :   
 DEPTH ( input ) =  44. km :   
 DEPTH (last_IT) =  44. km :   
 DEPTH ( input ) =  45. km :   
 DEPTH (last_IT) =  45. km :   
 DEPTH ( input ) =  46. km :   
 DEPTH (last_IT) =  46. km :   
 DEPTH ( input ) =  47. km :   
 DEPTH (last_IT) =  47. km :   
 DEPTH ( input ) =  48. km :   
 DEPTH (last_IT) =  48. km :   
 DEPTH ( input ) =  49. km :   
 DEPTH (last_IT) =  49. km :   
 DEPTH ( input ) =  50. km :   
 DEPTH (last_IT) =  50. km :   
 DEPTH ( input ) =  51. km :   
 DEPTH (last_IT) =  51. km :   
 DEPTH ( input ) =  52. km :   
 DEPTH (last_IT) =  52. km :   
 DEPTH ( input ) =  53. km :   
 DEPTH (last_IT) =  53. km :   
 DEPTH ( input ) =  54. km :   
 DEPTH (last_IT) =  54. km :   
 DEPTH ( input ) =  55. km :   
 DEPTH (last_IT) =  55. km :   
 DEPTH ( input ) =  56. km :   
 DEPTH (last_IT) =  56. km :   
 DEPTH ( input ) =  57. km :   
 DEPTH (last_IT) =  57. km :   
 DEPTH ( input ) =  58. km :   
 DEPTH (last_IT) =  58. km :   
 DEPTH ( input ) =  59. km :   
 DEPTH (last_IT) =  59. km :   
 DEPTH ( input ) =  60. km :   
 DEPTH (last_IT) =  60. km :   
 DEPTH ( input ) =  61. km :   
 DEPTH (last_IT) =  61. km :   
 DEPTH ( input ) =  62. km :   
 DEPTH (last_IT) =  62. km :   
 DEPTH ( input ) =  63. km :   
 DEPTH (last_IT) =  63. km :   
 DEPTH ( input ) =  64. km :   
 DEPTH (last_IT) =  64. km :   
 DEPTH ( input ) =  65. km :   
 DEPTH (last_IT) =  65. km :   
 DEPTH ( input ) =  66. km :   
 DEPTH (last_IT) =  66. km :   
 DEPTH ( input ) =  67. km :   
 DEPTH (last_IT) =  67. km :   
 DEPTH ( input ) =  68. km :   
 DEPTH (last_IT) =  68. km :   
 DEPTH ( input ) =  69. km :   
 DEPTH (last_IT) =  69. km :   
 DEPTH ( input ) =  70. km :   
 DEPTH (last_IT) =  70. km :   
 DEPTH ( input ) =  71. km :   
 DEPTH (last_IT) =  71. km :   
 DEPTH ( input ) =  72. km :   
 DEPTH (last_IT) =  72. km :   
 DEPTH ( input ) =  73. km :   
 DEPTH (last_IT) =  73. km :   
 DEPTH ( input ) =  74. km :  .
 DEPTH (last_IT) =  74. km :  *
 DEPTH ( input ) =  75. km :   
 DEPTH (last_IT) =  75. km :   
 DEPTH ( input ) =  76. km :   
 DEPTH (last_IT) =  76. km :   
 DEPTH ( input ) =  77. km :   
 DEPTH (last_IT) =  77. km :   
 DEPTH ( input ) =  78. km :   
 DEPTH (last_IT) =  78. km :   
 DEPTH ( input ) =  79. km :   
 DEPTH (last_IT) =  79. km :   
 DEPTH ( input ) =  80. km :   
 DEPTH (last_IT) =  80. km :   
 DEPTH ( input ) =  81. km :   
 DEPTH (last_IT) =  81. km :   
 DEPTH ( input ) =  82. km :   
 DEPTH (last_IT) =  82. km :   
 DEPTH ( input ) =  83. km :   
 DEPTH (last_IT) =  83. km :   
 DEPTH ( input ) =  84. km :   
 DEPTH (last_IT) =  84. km :   
 DEPTH ( input ) =  85. km :   
 DEPTH (last_IT) =  85. km :   
 DEPTH ( input ) =  86. km :   
 DEPTH (last_IT) =  86. km :   
 DEPTH ( input ) =  87. km :   
 DEPTH (last_IT) =  87. km :   
 DEPTH ( input ) =  88. km :   
 DEPTH (last_IT) =  88. km :   
 DEPTH ( input ) =  89. km :   
 DEPTH (last_IT) =  89. km :   
 DEPTH ( input ) =  90. km :   
 DEPTH (last_IT) =  90. km :   
 DEPTH ( input ) =  91. km :   
 DEPTH (last_IT) =  91. km :   
 DEPTH ( input ) =  92. km :   
 DEPTH (last_IT) =  92. km :   
 DEPTH ( input ) =  93. km :   
 DEPTH (last_IT) =  93. km :   
 DEPTH ( input ) =  94. km :   
 DEPTH (last_IT) =  94. km :   
 DEPTH ( input ) =  95. km :   
 DEPTH (last_IT) =  95. km :   
 DEPTH ( input ) =  96. km :   
 DEPTH (last_IT) =  96. km :   
 DEPTH ( input ) =  97. km :  .
 DEPTH (last_IT) =  97. km :  *
 DEPTH ( input ) =  98. km :   
 DEPTH (last_IT) =  98. km :   
 DEPTH ( input ) =  99. km :   
 DEPTH (last_IT) =  99. km :   
 DEPTH ( input ) = 100. km :   
 DEPTH (last_IT) = 100. km :   
 DEPTH ( input ) > 100. km :   
 DEPTH (last_IT) > 100. km :   


 Residuals of the stations according to the azimuth:
 (RES  = total average residual at station)
 (RES1 = average residual of rays from 1st quadrant)
 (RES2 = average residual of rays from 2nd quadrant)
 (RES3 = average residual of rays from 3rd quadrant)
 (RES4 = average residual of rays from 4th quadrant)

 Stn#  Stn     RES          RES1         RES2         RES3         RES4
   1   624    -0.29(  74)  -0.43(  33)  -0.37(   5)  -0.30(  29)   0.49(   7)
   2   628    -0.50(  69)  -0.71(  32)  -0.47(   5)  -0.50(  25)   0.40(   7)
   3   630    -0.02(  53)   0.29(  25)  -0.01(  10)  -0.84(  10)   0.04(   8)
   4   627    -0.14(  46)  -0.09(  12)   0.00(   0)  -0.45(  22)   0.36(  12)
   5   621     0.03(  59)  -0.30(   7)   0.00(   0)   0.25(  18)  -0.01(  34)
   6   629    -0.01(  43)   0.32(  15)   0.00(   0)  -0.69(   9)   0.05(  19)
   7   622    -0.15(  58)  -0.45(  27)   0.00(   0)   0.02(  20)   0.29(  11)
   8   620    -0.16(  48)   0.00(   0)  -0.32(   1)   0.21(  18)  -0.39(  29)
   9   623    -0.15(  55)  -0.38(  30)   0.00(   0)   0.10(  17)   0.18(   8)
  10   626    -0.01(  52)  -0.06(  24)   0.00(   0)  -0.09(   6)   0.07(  22)
  11   625    -0.12(  49)  -0.20(  14)   0.00(   0)  -0.30(  23)   0.31(  12)
  12   631     0.62(  49)   1.17(  18)   2.31(   1)   0.95(   4)   0.12(  26)
  13   632     0.25(  24)   0.77(  12)   1.58(   2)  -0.97(   3)  -0.51(   7)



 CPU - statistics:

 TOTAL CPU-sec          =    0.3     (CPU-minutes:  0.004)

 >>>   End of program VELEST at 25-06-02 16:10       <<< [ CPU-sec :     0.3]
