 >>> Start of program VELEST at 25-06-02 16:10       <<<                        

 ::::::::::::::::::::::::::::::::::::::                                         
  V E L E S T  - Version : January 3, 1995                                      
  (Authors: see source code)                                                    
 ::::::::::::::::::::::::::::::::::::::                                         


 Title of this VELEST run:

 vinnik_2
 --------


 Current array-dimensions of program VELEST:

 Max. number of EARTHQUAKES for simult. inversion IEQ = ***
 Max. number of SHOTS for simult. inversion    INSHOT =  50
 Max. number of (different) 1D-MODELS      ITOTMODELS =   2
 Max. number of LAYERS per one 1D-model        INLTOT = 100
 Max. number of STATIONS in stationlist           IST = 650
 Max. number of OBSERVATIONS per event MAXOBSPEREVENT = 180






    INPUT - P A R A M E T E R S :



***
***  olat       olon   icoordsystem      zshift   itrial ztrial    ised
  72.000000-126.000000      0            0.000       0     0.00      0
***
*** neqs   nshot    rotate
     91      0      0.0
***
*** isingle   iresolcalc
       0          0
***
*** dmax    itopo    zmin     veladj    zadj   lowveloclay
   300.00     0      0.01       0.20    5.00       0
***
*** nsp    swtfac   vpvs       nmod
     1      1.00    1.730        1
***
***   othet   xythet    zthet    vthet   stathet
       0.01     0.01     0.01     1.00     0.01
***
*** nsinv   nshcor   nshfix     iuseelev    iusestacorr
       1       0       0           1            1
***
*** iturbo    icnvout   istaout   ismpout
       1         1         1         0
***
*** irayout   idrvout   ialeout   idspout   irflout   irfrout   iresout
       0         0         0         0         0         0         0
***
*** delmin   ittmax   invertratio
    0.010       3          1
***
*** Modelfile:
tmp/vinnik_2/synthvel/model_398.mod
***
*** Stationfile:
./velinp/station.sta
***
*** Seismofile:
 
***
*** File with region names:
 
***
*** File with region coordinates:
 
***
*** File #1 with topo data:
 
***
*** File #2 with topo data:
 
***
*** DATA INPUT files:
***
*** File with Earthquake data:
./velinp/data.cnv
***
*** File with Shot data:
 
***
*** OUTPUT files:
***
*** Main print output file:
./velout/vinnik_2/velest398.out
***
*** File with single event locations:
velout.vel
***
*** File with final hypocenters in *.cnv format:
./velout/vinnik_2/final_loc398.cnv
***
*** File with new station corrections:
./velout/vinnik_2/stations_corr398.sta
***
*** File with summary cards (e.g. for plotting):
velout.smp
***
*** File with raypoints:
velout.ray
***
*** File with derivatives:
velout.drv
***
*** File with ALEs:
velout.ale
***
*** File with Dirichlet spreads:
velout.dspr
***
*** File with reflection points:
velout.rfl
***
*** File with refraction points:
velout.rfr
***
*** File with residuals:
velout.res
***




 Origin of cartesian coordinates:
        72.00000N   126.00000E

  X,Y-AXES rotated clockwise from North
           Rotation angle (rotate):
            rotate=    0.0 degr.

 icoordsystem =            0
 normal SHORT DISTANCE CONVERSION will be made
 x is positive towards west, y is positive towards north


 SHORT DISTANCE CONVERSION on ELLIPSOIDE of WORLD GEODETIC SYSTEM 1972 (WGS72)
 =============================================================================

 Radius at equator (REARTH)= 6378.13500  km
   1. / (ellipticity)      =    298.260

 Origin of cartesian coordinates [degrees]:
   72.0000000 N     -126.0000000 W

  Rotation angle (in degr.) clockwise from
North  rotate=    0.0

 Radius of sphere at OLAT =   6358.817 km

 Conversion of GEOGRAPHICAL LATITUDE to GEOCENTRICAL LATITUDE:
 RLATC = TAN(GEOCENTR.LAT) / TAN(GEOGRAPH.LAT)
 RLATC =   0.99333486

          Short distance conversions:
          one min lat ~  1.8597 km 
          one min lon ~  0.5751 km 







    INPUT - M O D E L :



 Model(s) read from file :
 tmp/vinnik_2/synthvel/model_398.mod                                             

 model file title: 
Model: model_398.mod                    
 Velocity structure for model   1 :

 layer    vel   depth   vdamp  reflector
   1      4.31  -5.00    1.00         P-VELOCITY MODEL                  
   2      5.64   2.40    1.00  
   3      6.57  15.41    1.00  
   4      6.73  21.14    1.00  
   5      7.05  21.25    1.00  
   6      7.09  30.59    1.00  
   7      7.62  31.22    1.00  
   8      9.00  37.40    1.00  
   9      9.25  45.40    1.00  

 Calculation of average velocity starts at layer #            1
 z = -5.00 ...  2.40    v = 4.31    AVEL = 4.31 downto z =   2.40
 z =  2.40 ... 15.41    v = 5.64    AVEL = 5.16 downto z =  15.41
 z = 15.41 ... 21.14    v = 6.57    AVEL = 5.47 downto z =  21.14
 z = 21.14 ... 21.25    v = 6.73    AVEL = 5.47 downto z =  21.25
 z = 21.25 ... 30.59    v = 7.05    AVEL = 5.89 downto z =  30.59
 z = 30.59 ... 31.22    v = 7.09    AVEL = 5.91 downto z =  31.22
 z = 31.22 ... 37.40    v = 7.62    AVEL = 6.16 downto z =  37.40
 z = 37.40 ... 45.40    v = 9.00    AVEL = 6.61 downto z =  45.40


 Calculation of average velocity starts at layer #            2
 z =  2.40 ... 15.41    v = 5.64    AVEL = 5.64 downto z =  15.41
 z = 15.41 ... 21.14    v = 6.57    AVEL = 5.92 downto z =  21.14
 z = 21.14 ... 21.25    v = 6.73    AVEL = 5.93 downto z =  21.25
 z = 21.25 ... 30.59    v = 7.05    AVEL = 6.30 downto z =  30.59
 z = 30.59 ... 31.22    v = 7.09    AVEL = 6.32 downto z =  31.22
 z = 31.22 ... 37.40    v = 7.62    AVEL = 6.55 downto z =  37.40
 z = 37.40 ... 45.40    v = 9.00    AVEL = 7.00 downto z =  45.40






    INPUT - S T A T I O N S :



 Station-parameters read from file :
 ./velinp/station.sta                                                            


     stn latitude longitude elev   x      y      z     ptcor stcor model icc
   1 624 72.4760N126.2750E     0  -9.37  53.11  -0.00   0.00  0.00   1  13
   2 628 72.4000N127.1470E     0 -39.15  44.63  -0.00   0.00  0.00   1  12
   3 630 72.0750N128.3250E     0 -80.06   8.37  -0.00   0.00  0.00   1  11
   4 627 72.1170N126.9820E     0 -33.78  13.06  -0.00   0.00  0.00   1  10
   5 621 72.1840N124.8890E     0  38.14  20.53  -0.00   0.00  0.00   1   9
   6 629 71.9290N127.3130E     0 -45.39  -7.92  -0.00   0.00  0.00   1   8
   7 622 72.4420N125.3130E     0  23.42  49.32  -0.00   0.00  0.00   1   7
   8 620 72.6540N124.3470E     0  56.03  72.98  -0.00   0.00  0.00   1   6
   9 623 72.3260N125.7600E     0   8.21  36.38  -0.00   0.00  0.00   1   5
  10 626 71.8880N126.0360E     0  -1.25 -12.50  -0.00   0.00  0.00   1   4
  11 625 72.1740N126.1070E     0  -3.67  19.42  -0.00   0.00  0.00   1   3
  12 631 71.3990N127.2470E     0 -43.72 -67.06  -0.00   0.00  0.00   1   2
  13 632 71.5740N129.0728E     0-107.23 -47.53  -0.00   0.00  0.00   1   1

 NO Seismo-parameter-file specified
 --> NO magnitudes calculated!




   neqs=   91  nshot=    0  nltot=    9

 ~~~ input parameters read.
 ~~~ set units for first iteration ...
 ~~~ determine number of unknowns ...

 Number of unknowns (for array-indexing):  nvar =  385
 Number of effective unknowns        :  nvareff =  373
 Number of elements on/below main diagonal of matrix G = At*A : kvar =   74305

 ~~~ reset G and RHT ...
 ~~~ input data, raytracing, setup G ...






    I N P U T - D A T A  

  eq    origin-time    latitude longitude depth    x      y      z    mag ifxOBS
   1 160818 1613  9.10 73.0030N 124.8500E  23.10  38.61 111.92  23.10 1.40 0   6
   2 160818 1613  9.30 72.9910N 124.8700E  22.80  37.95 110.58  22.80 1.10 0   6
   3 160819 0959 27.30 71.9230N 129.7600E  12.10-130.00  -8.59  12.10 4.00 0  12
   4 160820 1506 15.70 71.9380N 129.7900E  11.00-130.98  -6.92  11.00 1.50 0   9
   5 160820 1904 45.70 72.3480N 127.1800E  23.80 -40.33  38.83  23.80 1.20 0   6
   6 160822 1318 49.50 72.3650N 127.0800E  16.50 -36.90  40.73  16.50 0.60 0   8
   7 160823 0652 14.00 70.9330N 129.8100E   6.40-135.21-119.06   6.40 2.90 0   6
   8 160824 1510 30.40 71.6070N 130.0400E   8.60-140.86 -43.85   8.60 1.50 0   9
   9 160906 1514 39.70 72.5080N 125.6800E  12.10  10.89  56.68  12.10 0.90 0   6
 WARNING:
 epicentral distance: 303.3 > dmax ( 300.0) ==> skipping phase !
 WARNING:
 epicentral distance: 338.2 > dmax ( 300.0) ==> skipping phase !
  10 160920 1607 18.30 69.2370N 128.3500E  16.20 -87.07-308.31  16.20 2.60 0   2
 WARNING:
 epicentral distance: 318.5 > dmax ( 300.0) ==> skipping phase !
 WARNING:
 epicentral distance: 355.0 > dmax ( 300.0) ==> skipping phase !
  11 160925 1911  5.60 69.2250N 127.6800E  15.60 -62.26-309.64  15.60 2.30 0   2
  12 161004 0841 51.20 72.8480N 124.9600E  15.60  35.07  94.62  15.60 0.20 0   6
  13 161005 1619 46.90 72.8770N 125.0100E  19.00  33.35  97.86  19.00 1.00 0   9
  14 161006 0156 55.90 72.8740N 125.0100E  13.90  33.36  97.52  13.90 1.00 0   7
  15 161009 0036 44.70 72.8720N 124.9900E  17.20  34.03  97.30  17.20 1.30 0   8
  16 161009 0036 44.90 72.8580N 124.9600E  18.60  35.06  95.74  18.60 1.20 0   7
  17 161012 0800 22.10 72.7380N 126.0300E  18.50  -1.01  82.35  18.50 0.80 0   7
  18 161015 1013 36.50 72.0400N 126.9900E  11.20 -34.12   4.46  11.20 0.70 0   7
  19 161021 0507 33.30 72.5750N 124.7800E  10.10  41.44  64.16  10.10 0.80 0   6
  20 161124 2250 46.00 72.7630N 124.8800E  16.20  37.85  85.14  16.20 3.10 0   4
  21 161125 0156 34.10 72.7420N 124.9200E  14.50  36.52  82.80  14.50 0.60 0   7
  22 161125 0517 25.90 72.7650N 124.9400E  13.50  35.82  85.36  13.50 1.60 0   6
  23 161125 0525 15.90 72.7740N 124.9500E  11.60  35.48  86.37  11.60 0.80 0   6
  24 161125 0556  2.00 72.7350N 124.9700E   5.70  34.84  82.01   5.70 0.20 0   6
  25 170117 0846 48.60 72.2130N 127.3400E  22.00 -45.97  23.77  22.00 0.30 0   6
  26 170122 1614 27.60 71.9670N 128.0400E  10.30 -70.45  -3.68  10.30 0.90 0   6
  27 170125 2244  0.20 72.4440N 126.0200E  13.10  -0.68  49.54  13.10 0.80 0   6
  28 170302 1359 59.10 72.6830N 124.8900E  11.50  37.60  76.21  11.50 0.50 0   7
  29 170302 2335 20.20 71.8850N 130.3000E  14.80-148.82 -12.83  14.80 2.10 0   9
  30 170304 2135  2.90 72.6880N 124.9400E  13.40  35.90  76.77  13.40 1.30 0   7
  31 170307 0447 21.00 72.6940N 124.9200E  14.20  36.57  77.44  14.20 1.70 0  10
  32 170307 2016 50.80 72.6910N 124.9100E  15.30  36.91  77.10  15.30 1.10 0   6
  33 170309 1454  0.80 72.6830N 124.9000E  15.60  37.26  76.21  15.60 0.30 0   6
  34 170311 0430 55.40 72.3130N 126.5000E  24.50 -17.11  34.93  24.50 0.30 0   6
  35 170312 0416 39.20 71.9240N 128.0800E   3.40 -71.91  -8.48   3.40 2.10 0   6
  36 170313 0553 59.10 72.6980N 124.9200E  15.10  36.57  77.89  15.10 1.00 0   9
  37 170313 0809  5.60 72.4500N 125.0800E  14.90  31.36  50.21  14.90 1.20 0   7
  38 170315 0234 46.50 72.6540N 123.8400E  16.90  73.22  72.98  16.90 1.40 0   7
  39 170317 1007 14.10 72.2350N 125.9800E   3.90   0.69  26.22   3.90 0.50 0   7
  40 170320 0711 14.60 72.1250N 127.2200E  16.80 -41.95  13.95  16.80 0.90 0   6
  41 170320 0853 56.40 72.7090N 124.9700E   5.10  34.86  79.11   5.10 0.40 0   6
  42 170320 1900 34.30 72.4150N 126.1200E  18.00  -4.09  46.31  18.00 0.60 0   7
  43 170323 0519 24.60 71.6470N 129.1800E   5.20-110.76 -39.39   5.20 1.20 0   6
  44 170323 1612 49.70 72.4530N 125.1100E   8.30  30.33  50.55   8.30 0.50 0   6
  45 170323 1906 41.20 72.4070N 130.2500E  18.30-145.04  45.41  18.30 1.00 0   6
  46 170326 0836 34.10 71.9930N 127.6700E  16.10 -57.63  -0.78  16.10 1.50 0   7
  47 170402 0422  1.00 72.7220N 125.6900E  21.90  10.49  80.56  21.90 1.20 0  10
  48 170402 0636 37.20 72.7310N 125.6900E  23.50  10.49  81.57  23.50 0.70 0   6
  49 170404 2347 35.70 72.7580N 124.3800E  22.60  54.76  84.58  22.60 0.50 0   6
  50 170405 0307 36.10 71.6810N 128.9500E  15.30-102.66 -35.60  15.30 1.00 0  10
  51 170405 1410 53.20 71.5100N 128.9000E   9.30-101.37 -54.68   9.30 1.70 0  10
  52 170406 0838 43.20 72.3850N 129.3800E  15.50-115.42  42.96  15.50 0.90 0  10
  53 170406 1728  1.00 72.7230N 125.6900E  21.30  10.49  80.67  21.30 0.90 0  10
 WARNING:
 epicentral distance: 325.9 > dmax ( 300.0) ==> skipping phase !
 WARNING:
 epicentral distance: 332.9 > dmax ( 300.0) ==> skipping phase !
 WARNING:
 epicentral distance: 345.3 > dmax ( 300.0) ==> skipping phase !
 WARNING:
 epicentral distance: 391.9 > dmax ( 300.0) ==> skipping phase !
  54 170407 1729  3.40 74.8930N 128.6300E  15.60 -83.67 322.81  15.60 1.80 0   2
 WARNING:
 epicentral distance: 311.3 > dmax ( 300.0) ==> skipping phase !
 WARNING:
 epicentral distance: 315.4 > dmax ( 300.0) ==> skipping phase !
 WARNING:
 epicentral distance: 328.9 > dmax ( 300.0) ==> skipping phase !
 WARNING:
 epicentral distance: 374.2 > dmax ( 300.0) ==> skipping phase !
  55 170407 1729  3.50 74.7270N 128.8100E   0.40 -89.83 304.29   0.40 1.60 0   5
  56 170408 1004 44.90 72.6070N 124.9400E  15.00  35.98  67.73  15.00 1.40 0  13
  57 170409 0856 47.20 73.3850N 128.5500E  15.60 -84.71 154.54  15.60 2.50 0   6
  58 170409 0902 45.60 73.3500N 128.4400E  15.10 -81.13 150.64  15.10 1.10 0   7
  59 170410 1520  8.50 72.0030N 128.3900E   2.70 -82.46   0.33   2.70 1.00 0  10
  60 170410 1813  3.60 70.9360N 129.1200E   3.70-110.72-118.73   3.70 2.20 0  13
  61 170412 1507  0.60 71.5070N 129.7200E   0.00-130.05 -55.01   0.00 0.70 0   6
  62 170413 0651 20.10 73.3680N 125.4200E  15.60  19.28 152.65  15.60 1.00 0  10
  63 170414 0459 18.80 72.2680N 127.3800E  20.10 -47.27  29.90  20.10 0.50 0   7
  64 170414 0540  4.80 73.6400N 130.9700E   8.00-163.92 183.00   8.00 1.80 0  11
  65 170414 1656 23.40 72.1850N 127.4000E  15.50 -48.06  20.64  15.50 0.20 0   6
  66 170414 1753 32.80 72.3840N 130.4600E  17.90-152.30  42.85  17.90 0.70 0   6
  67 170416 0523 41.90 71.9560N 127.0800E  19.20 -37.31  -4.91  19.20 1.60 0  13
  68 170416 1220 14.20 72.9470N 124.4900E  20.40  50.77 105.67  20.40 1.00 0  11
 WARNING:
 epicentral distance: 320.3 > dmax ( 300.0) ==> skipping phase !
 WARNING:
 epicentral distance: 381.0 > dmax ( 300.0) ==> skipping phase !
 WARNING:
 epicentral distance: 398.8 > dmax ( 300.0) ==> skipping phase !
 WARNING:
 epicentral distance: 405.0 > dmax ( 300.0) ==> skipping phase !
 WARNING:
 epicentral distance: 424.8 > dmax ( 300.0) ==> skipping phase !
 WARNING:
 epicentral distance: 431.2 > dmax ( 300.0) ==> skipping phase !
 WARNING:
 epicentral distance: 445.5 > dmax ( 300.0) ==> skipping phase !
 WARNING:
 epicentral distance: 451.8 > dmax ( 300.0) ==> skipping phase !
 WARNING:
 epicentral distance: 464.3 > dmax ( 300.0) ==> skipping phase !
  69 170416 1257 48.30 68.8710N 131.7500E  73.50-214.97-349.14  73.50 2.20 0   0
  70 170416 1821  5.50 72.8670N 125.0000E  19.30  33.70  96.74  19.30 1.30 0  13
  71 170418 0606  4.10 72.5080N 125.8200E   1.30   6.13  56.68   1.30 0.20 0   6
 WARNING:
 epicentral distance: 315.2 > dmax ( 300.0) ==> skipping phase !
 WARNING:
 epicentral distance: 332.1 > dmax ( 300.0) ==> skipping phase !
 WARNING:
 epicentral distance: 345.3 > dmax ( 300.0) ==> skipping phase !
 WARNING:
 epicentral distance: 352.6 > dmax ( 300.0) ==> skipping phase !
 WARNING:
 epicentral distance: 346.7 > dmax ( 300.0) ==> skipping phase !
 WARNING:
 epicentral distance: 356.6 > dmax ( 300.0) ==> skipping phase !
 WARNING:
 epicentral distance: 363.9 > dmax ( 300.0) ==> skipping phase !
 WARNING:
 epicentral distance: 372.8 > dmax ( 300.0) ==> skipping phase !
 WARNING:
 epicentral distance: 378.6 > dmax ( 300.0) ==> skipping phase !
 WARNING:
 epicentral distance: 378.6 > dmax ( 300.0) ==> skipping phase !
  72 170418 1005 56.80 69.3310N 122.4100E  97.00 132.70-297.82  97.00 2.20 0   1
  73 170418 1500 12.90 72.7340N 124.5100E  23.10  50.40  81.90  23.10 1.30 0  12
  74 170420 1302 36.20 72.6290N 129.0200E  21.80-102.44  70.19  21.80 0.90 0  11
  75 170420 2248 46.70 72.0220N 129.1200E   0.00-107.59   2.46   0.00 0.70 0  11
 WARNING:
 epicentral distance: 313.1 > dmax ( 300.0) ==> skipping phase !
 WARNING:
 epicentral distance: 324.4 > dmax ( 300.0) ==> skipping phase !
 WARNING:
 epicentral distance: 324.2 > dmax ( 300.0) ==> skipping phase !
 WARNING:
 epicentral distance: 342.4 > dmax ( 300.0) ==> skipping phase !
 WARNING:
 epicentral distance: 349.0 > dmax ( 300.0) ==> skipping phase !
 WARNING:
 epicentral distance: 380.2 > dmax ( 300.0) ==> skipping phase !
 WARNING:
 epicentral distance: 381.6 > dmax ( 300.0) ==> skipping phase !
 WARNING:
 epicentral distance: 408.0 > dmax ( 300.0) ==> skipping phase !
  76 170423 0850 54.60 74.7080N 132.7900E   0.10-217.19 302.17   0.10 1.90 0   0
  77 170423 1455 44.10 72.8400N 124.4900E  16.80  50.92  93.73  16.80 0.60 0   8
  78 170423 2313 41.80 72.5960N 124.8700E  22.00  38.36  66.50  22.00 1.30 0  12
  79 170424 0609 58.60 71.9600N 128.0200E   0.10 -69.77  -4.46   0.10 1.10 0  12
  80 170424 0755 26.70 71.9480N 128.0300E   0.00 -70.14  -5.80   0.00 1.00 0  12
  81 170424 0755 26.90 71.9590N 128.0300E   0.00 -70.12  -4.57   0.00 1.00 0  12
  82 170425 0652 23.30 71.9600N 128.0300E   0.00 -70.12  -4.46   0.00 1.20 0   9
  83 170426 0051 23.20 71.9450N 128.0600E   6.60 -71.18  -6.14   6.60 0.70 0   6
  84 170426 1425 21.20 72.0790N 127.2600E  21.00 -43.38   8.82  21.00 0.10 0   6
  85 170426 1834 24.60 71.5840N 130.8000E  10.90-167.46 -46.42  10.90 1.20 0   8
  86 170426 1840 44.10 72.2710N 126.3600E  18.10 -12.33  30.24  18.10 1.30 0   8
  87 170427 0912 28.80 72.0640N 127.7900E   2.60 -61.65   7.14   2.60 0.90 0   8
  88 170427 1041 38.10 71.7480N 128.9900E   8.40-103.86 -28.12   8.40 0.70 0   7
  89 170427 2010 47.80 72.8010N 130.2000E  20.20-141.80  89.38  20.20 1.30 0   8
  90 170427 2010 48.30 72.7890N 130.1400E  20.10-139.82  88.04  20.10 1.30 0   8
  91 170427 2342 34.10 72.7630N 125.0100E  19.50  33.46  85.14  19.50 0.80 0   6

 readings for station 624  :  74
 readings for station 628  :  69
 readings for station 630  :  53
 readings for station 627  :  46
 readings for station 621  :  59
 readings for station 629  :  43
 readings for station 622  :  58
 readings for station 620  :  48
 readings for station 623  :  55
 readings for station 626  :  52
 readings for station 625  :  49
 readings for station 631  :  49
 readings for station 632  :  24

 Total number of stations with readings:  13

 Total number of readings:     679
 Total number of P readings:       0
 Total number of S readings:       0


 ~~~ store parts of G ...
 ~~~ compute RMS and DATVAR ...

 Total number of observations is:   679


 $$$$$$$$$$$$$$$$$$$$$$$$$$$$$$$$$$$$$$$$$$$$$$$$$
 Events with  | AVRES | > 1.0 SEC are suspicious !

 Event#   7 >>>  160823 0652  AVRES =  1.26 NOBS =  6
 Event#  10 >>>  160920 1607  AVRES =  4.19 NOBS =  2
 Event#  11 >>>  160925 1911  AVRES =  3.84 NOBS =  2
 Event#  54 >>>  170407 1729  AVRES =  2.89 NOBS =  2
 Event#  55 >>>  170407 1729  AVRES =  2.50 NOBS =  5
 Event#  57 >>>  170409 0856  AVRES =  2.48 NOBS =  6
 Event#  58 >>>  170409 0902  AVRES =  1.71 NOBS =  7
 Event#  60 >>>  170410 1813  AVRES =  1.11 NOBS = 13
 Event#  64 >>>  170414 0540  AVRES =  3.15 NOBS = 11
 Event#  72 >>>  170418 1005  AVRES =  4.10 NOBS =  1
 Event#  82 >>>  170425 0652  AVRES = -1.02 NOBS =  9
 Event#  85 >>>  170426 1834  AVRES =  1.11 NOBS =  8
 Event#  89 >>>  170427 2010  AVRES =  1.46 NOBS =  8
 Event#  90 >>>  170427 2010  AVRES =  1.35 NOBS =  8

 ^^^^^^^^^ C H E C K   these events above ^^^^^^^^
 $$$$$$$$$$$$$$$$$$$$$$$$$$$$$$$$$$$$$$$$$$$$$$$$$

 ~~~ save initial datvar ...

 Iteration nr  0 obtained:
 DATVAR=    3.142179 mean sqrd residual=     1.416063  RMS RESIDUAL=     1.189984

 After  0 iterations we got:
 Average absolute & unweighted [and mean] residual of
   274 straight and direct rays =  0.50176 [ -0.45130]
   405 refracted           rays =  1.09646 [  0.51876]
     0 reflected           rays =  0.00000 [  0.00000]

   679 ALL                 RAYS =  0.85648 [  0.12730]        0.00 %




--------------------------------------------------------------------------------



           ITERATION no  1

 ~~~ set units for this iteration ...
 ~~~ determine number of unknowns for this iter. ...

 Number of unknowns (for array-indexing):  nvar =  385
 Number of effective unknowns        :  nvareff =  386
 Number of elements on/below main diagonal of matrix G = At*A : kvar =   74305

 Damping factors to be used in this iteration:
   Othet=   0.010   XYthet  =   0.010   Zthet=  0.010
 STAthet=   0.010   Vthet   =   1.000

 ~~~ damp G ...
 ~~~ solve G * b = RHT ...
 ~~~ fix units ...
 ~~~ apply eventually step-length damping ...
 ~~~ adjust model (hypocenters, stacorr & veloc.) ...

 doing velocity adjustments now...

 doing station-correction adjustments...

 ~~~ compute effective step-length ...

 (Applied) Step length =   1.764

 ~~~ set units for next iteration ...
 ~~~ determine number of unknowns for next iter. ...

 Number of unknowns (for array-indexing):  nvar =  385
 Number of effective unknowns        :  nvareff =  386
 Number of elements on/below main diagonal of matrix G = At*A : kvar =   74305

 ~~~ reset G and RHT ...
 ~~~ raytracing, setup G ...
 ~~~ store parts of G ...
 ~~~ set units back for current iteration ...
 ~~~ determine number of unknowns for this iter. ...

 Number of unknowns (for array-indexing):  nvar =  385
 Number of effective unknowns        :  nvareff =  386
 Number of elements on/below main diagonal of matrix G = At*A : kvar =   74305

 ~~~ compute RMS and DATVAR ...

 $$$$$$$$$$$$$$$$$$$$$$$$$$$$$$$$$$$$$$$$$$$$$$$$$
 Events with  | AVRES | > 1.0 SEC are suspicious !

 Event#   7 >>>  160823 0652  AVRES =  1.15 NOBS =  6
 Event#  10 >>>  160920 1607  AVRES =  3.82 NOBS =  2
 Event#  11 >>>  160925 1911  AVRES =  3.50 NOBS =  2
 Event#  54 >>>  170407 1729  AVRES =  2.62 NOBS =  2
 Event#  55 >>>  170407 1729  AVRES =  2.28 NOBS =  5
 Event#  57 >>>  170409 0856  AVRES =  2.26 NOBS =  6
 Event#  58 >>>  170409 0902  AVRES =  1.56 NOBS =  7
 Event#  60 >>>  170410 1813  AVRES =  1.02 NOBS = 13
 Event#  64 >>>  170414 0540  AVRES =  2.87 NOBS = 11
 Event#  72 >>>  170418 1005  AVRES =  3.72 NOBS =  1
 Event#  85 >>>  170426 1834  AVRES =  1.01 NOBS =  8
 Event#  89 >>>  170427 2010  AVRES =  1.33 NOBS =  8
 Event#  90 >>>  170427 2010  AVRES =  1.23 NOBS =  8

 ^^^^^^^^^ C H E C K   these events above ^^^^^^^^
 $$$$$$$$$$$$$$$$$$$$$$$$$$$$$$$$$$$$$$$$$$$$$$$$$

 ~~~ check solution (better? worse?) ...

 Iteration nr  1 obtained:
 DATVAR=    2.759845 mean sqrd residual=     1.190920  RMS RESIDUAL=     1.091293

 After  1 iterations we got:
 Average absolute & unweighted [and mean] residual of
   280 straight and direct rays =  0.45222 [ -0.40577]
   399 refracted           rays =  1.01633 [  0.48381]
     0 reflected           rays =  0.00000 [  0.00000]

   679 ALL                 RAYS =  0.78370 [  0.11697]       -8.50 %

 ~~~ iteration done; output results ...

  eq       ot     x      y      z      rms    avres   dot     dx     dy     dz
    1      9.07  38.63 111.96  23.21   0.43   0.20   -0.030  0.016  0.038  0.110
    2      9.27  37.98 110.63  22.91   0.43   0.18   -0.032  0.031  0.048  0.107
    3     27.23-130.09  -8.51  11.98   0.98   0.32   -0.071 -0.086  0.087 -0.117
    4     15.63-130.99  -6.88  10.85   1.07   0.35   -0.073 -0.009  0.039 -0.148
    5     45.66 -40.33  38.79  23.90   0.16  -0.11   -0.037  0.000 -0.038  0.097
    6     49.47 -36.82  40.69  16.61   0.11  -0.44   -0.030  0.075 -0.034  0.113
    7     13.93-134.92-119.11   6.19   1.82   1.15   -0.074  0.291 -0.048 -0.213
    8     30.35-140.86 -43.93   8.61   1.08   0.87   -0.053  0.003 -0.079  0.012
    9     39.65  10.89  56.63  12.16   0.15  -0.61   -0.053  0.001 -0.059  0.063
   10     18.24 -87.24-308.29  16.21   1.00   3.82   -0.060 -0.172  0.015  0.006
   11      5.51 -62.48-309.64  15.61   1.18   3.50   -0.092 -0.214 -0.000  0.010
   12     51.17  35.09  94.66  15.76   0.19  -0.30   -0.034  0.027  0.038  0.164
   13     46.86  33.41  97.90  19.09   0.54   0.09   -0.035  0.056  0.037  0.090
   14     55.85  33.39  97.52  13.93   1.00  -0.18   -0.051  0.035 -0.001  0.027
   15     44.66  34.09  97.36  17.37   1.05   0.36   -0.037  0.058  0.054  0.175
   16     44.86  35.03  95.82  18.66   1.08   0.46   -0.042 -0.028  0.076  0.055
   17     22.06  -1.00  82.36  18.60   0.81  -0.06   -0.037  0.018  0.008  0.095
   18     36.45 -34.04   4.47  11.32   0.22  -0.62   -0.050  0.077  0.011  0.123
   19     33.26  41.41  64.09  10.15   0.25  -0.62   -0.040 -0.037 -0.068  0.054
   20     45.96  37.81  85.16  16.22   0.63  -0.04   -0.038 -0.042  0.022  0.021
   21     34.06  36.42  82.76  14.35   0.73  -0.29   -0.043 -0.099 -0.038 -0.152
   22     25.86  35.74  85.29  13.39   0.32  -0.55   -0.037 -0.085 -0.073 -0.109
   23     15.87  35.41  86.23  11.54   0.49  -0.65   -0.035 -0.065 -0.133 -0.064
   24      1.94  34.81  82.10   5.74   0.55  -0.71   -0.063 -0.028  0.087  0.037
   25     48.59 -45.92  23.67  22.12   0.11  -0.13   -0.010  0.048 -0.092  0.120
   26     27.55 -70.40  -3.83  10.42   0.24  -0.67   -0.054  0.053 -0.143  0.122
   27      0.15  -0.66  49.47  13.26   0.38  -0.40   -0.050  0.025 -0.069  0.161
   28     59.06  37.59  76.12  11.39   0.97  -0.23   -0.037 -0.009 -0.087 -0.114
   29     20.16-148.84 -12.74  14.80   0.97   0.75   -0.036 -0.013  0.090  0.003
   30      2.87  35.94  76.65  13.40   1.07   0.02   -0.026  0.043 -0.119  0.000
   31     20.96  36.50  77.37  14.17   1.15   0.06   -0.037 -0.074 -0.067 -0.026
   32     50.77  36.95  76.98  15.31   0.27  -0.45   -0.029  0.039 -0.121  0.013
   33      0.77  37.24  76.17  15.59   0.55  -0.23   -0.029 -0.015 -0.042 -0.012
   34     55.38 -17.02  34.89  24.54   0.07  -0.12   -0.015  0.090 -0.032  0.036
   35     39.18 -71.71  -8.44   3.42   0.40  -0.64   -0.016  0.206  0.037  0.020
   36     59.07  36.56  77.79  15.06   0.90  -0.01   -0.026 -0.004 -0.098 -0.036
   37      5.56  31.30  50.18  14.76   0.14  -0.55   -0.041 -0.055 -0.028 -0.136
   38     46.47  73.17  73.01  16.89   0.63  -0.00   -0.032 -0.049  0.033 -0.013
   39     14.05   0.71  26.16   3.92   0.23  -0.60   -0.054  0.024 -0.060  0.021
   40     14.56 -41.90  13.89  16.78   0.17  -0.41   -0.039  0.050 -0.062 -0.017
   41     56.35  34.82  79.08   5.25   0.29  -0.78   -0.049 -0.038 -0.033  0.150
   42     34.27  -4.03  46.29  18.00   0.14  -0.34   -0.025  0.064 -0.021  0.002
   43     24.56-110.52 -39.28   5.11   0.38  -0.81   -0.035  0.235  0.107 -0.087
   44     49.65  30.31  50.50   8.37   0.32  -0.64   -0.051 -0.022 -0.050  0.074
   45     41.18-145.09  45.45  18.40   0.95   0.86   -0.024 -0.056  0.034  0.105
   46     34.07 -57.60  -0.82  16.12   0.12  -0.37   -0.031  0.033 -0.034  0.021
   47      0.98  10.55  80.57  21.90   1.04   0.42   -0.021  0.062  0.012  0.003
   48     37.18  10.55  81.58  23.58   0.31   0.02   -0.017  0.060  0.016  0.079
   49     35.67  54.71  84.54  22.65   0.36  -0.07   -0.030 -0.047 -0.037  0.052
   50     36.06-102.59 -35.60  15.23   0.81   0.25   -0.042  0.061 -0.003 -0.072
   51     53.15-101.16 -54.54   9.09   1.26   0.34   -0.052  0.218  0.136 -0.211
   52     43.16-115.52  43.00  15.58   0.78   0.34   -0.036 -0.106  0.041  0.084
   53      0.98  10.55  80.73  21.32   1.02   0.43   -0.023  0.058  0.057  0.018
   54      3.17 -83.68 322.78  15.62   0.52   2.62   -0.230 -0.007 -0.029  0.025
   55      3.30 -89.80 304.27   0.44   0.48   2.28   -0.204  0.031 -0.014  0.042
   56     44.86  36.01  67.61  15.00   1.00  -0.01   -0.036  0.036 -0.119 -0.003
   57     47.15 -84.80 154.59  15.62   0.76   2.26   -0.045 -0.096  0.045  0.016
   58     45.57 -81.05 150.81  15.20   1.26   1.56   -0.027  0.084  0.176  0.103
   59      8.46 -82.29   0.29   2.51   0.72  -0.51   -0.044  0.164 -0.044 -0.194
   60      3.55-110.64-118.55   3.55   1.76   1.02   -0.053  0.081  0.179 -0.146
   61      0.50-130.35 -55.14   0.43   0.67  -0.72   -0.097 -0.306 -0.131  0.321
   62     20.06  19.43 152.69  15.69   1.35   0.88   -0.036  0.152  0.046  0.091
   63     18.78 -47.23  29.84  20.22   0.24  -0.19   -0.024  0.037 -0.063  0.118
   64      4.74-163.54 183.46   8.02   1.00   2.87   -0.063  0.377  0.462  0.021
   65     23.37 -48.02  20.58  15.55   0.11  -0.45   -0.028  0.047 -0.064  0.046
   66     32.78-152.33  42.94  17.95   0.69   0.67   -0.022 -0.026  0.093  0.046
   67     41.87 -37.24  -5.05  19.19   0.36  -0.13   -0.033  0.069 -0.136 -0.007
   68     14.16  50.86 105.80  20.41   0.67   0.49   -0.043  0.090  0.126  0.011
   69     48.30-214.97-349.14  73.50   0.00   0.00    0.000  0.000  0.000  0.000
   70      5.46  33.78  96.79  19.38   1.10   0.52   -0.037  0.077  0.049  0.076
   71      4.06   6.16  56.66   1.31   0.57  -0.55   -0.042  0.029 -0.029  0.006
   72     56.54 132.68-297.80  96.99  13.87   3.72   -0.260 -0.017  0.022 -0.006
   73     12.88  50.46  81.83  23.15   0.80   0.48   -0.024  0.061 -0.068  0.054
   74     36.17-102.48  70.27  22.00   0.61   0.56   -0.034 -0.036  0.089  0.198
   75     46.63-107.79   2.61   0.25   1.09  -0.46   -0.074 -0.206  0.155  0.138
   76     54.60-217.19 302.17   0.10   0.00   0.00    0.000  0.000  0.000  0.000
   77     44.07  51.04  93.75  16.91   0.60   0.01   -0.034  0.113  0.021  0.115
   78     41.77  38.40  66.41  22.02   0.69   0.14   -0.029  0.031 -0.093  0.024
   79     58.57 -69.72  -4.53   0.37   0.43  -0.79   -0.031  0.050 -0.064  0.271
   80     26.66 -70.11  -5.89   0.29   0.41  -0.75   -0.045  0.032 -0.085  0.182
   81     26.86 -70.08  -4.65   0.30   0.47  -0.74   -0.042  0.040 -0.072  0.186
   82     23.23 -70.05  -4.54   0.18   0.29  -0.93   -0.066  0.067 -0.077  0.066
   83     23.17 -71.04  -6.10   6.68   0.30  -0.73   -0.034  0.137  0.035  0.076
   84     21.18 -43.30   8.70  21.05   0.06  -0.23   -0.019  0.082 -0.119  0.048
   85     24.53-167.36 -46.57  10.82   1.22   1.01   -0.067  0.103 -0.155 -0.082
   86     44.07 -12.30  30.16  18.17   0.20  -0.31   -0.033  0.032 -0.078  0.065
   87     28.76 -61.60   7.02   2.77   0.29  -0.60   -0.036  0.059 -0.121  0.166
   88     38.04-103.74 -28.16   8.38   0.78  -0.57   -0.058  0.124 -0.042 -0.022
   89     47.78-141.87  89.49  20.37   0.87   1.33   -0.022 -0.070  0.107  0.174
   90     48.28-139.90  88.17  20.32   0.83   1.23   -0.023 -0.086  0.130  0.217
   91     34.06  33.55  85.11  19.56   0.95   0.40   -0.042  0.094 -0.032  0.065

 A V E R A G E   of ADJUSTMENTS :                    -0.046  0.024 -0.006  0.038
 A V E R A G E   of ABSOLUTE ADJUSTMENTS :            0.046  0.072  0.069  0.081


 Step length damping of 0.08871 was applied.


 Velocity adjustments:
     vp    dvp      hp   reflector
 Velocity model   1
   4.302 -0.008   -5.000      
   5.658  0.018    2.400      
   6.578  0.008   15.410      
   6.730 -0.000   21.140      
   7.010 -0.040   21.250      
   7.101  0.011   30.590      
   7.726  0.106   31.220      
   8.820 -0.180   37.400      
   9.050 -0.200   45.400      

 Calculation of average velocity starts at layer #           1
 z = -5.00 ...  2.40    v = 4.30    AVEL = 4.30 downto z =   2.40
 z =  2.40 ... 15.41    v = 5.66    AVEL = 5.17 downto z =  15.41
 z = 15.41 ... 21.14    v = 6.58    AVEL = 5.48 downto z =  21.14
 z = 21.14 ... 21.25    v = 6.73    AVEL = 5.48 downto z =  21.25
 z = 21.25 ... 30.59    v = 7.01    AVEL = 5.88 downto z =  30.59
 z = 30.59 ... 31.22    v = 7.10    AVEL = 5.90 downto z =  31.22
 z = 31.22 ... 37.40    v = 7.73    AVEL = 6.17 downto z =  37.40
 z = 37.40 ... 45.40    v = 8.82    AVEL = 6.59 downto z =  45.40


 Calculation of average velocity starts at layer #           2
 z =  2.40 ... 15.41    v = 5.66    AVEL = 5.66 downto z =  15.41
 z = 15.41 ... 21.14    v = 6.58    AVEL = 5.94 downto z =  21.14
 z = 21.14 ... 21.25    v = 6.73    AVEL = 5.94 downto z =  21.25
 z = 21.25 ... 30.59    v = 7.01    AVEL = 6.30 downto z =  30.59
 z = 30.59 ... 31.22    v = 7.10    AVEL = 6.31 downto z =  31.22
 z = 31.22 ... 37.40    v = 7.73    AVEL = 6.56 downto z =  37.40
 z = 37.40 ... 45.40    v = 8.82    AVEL = 6.98 downto z =  45.40



 Adjusted station corrections:
   stn  ptcor  dpcor  
  624   0.000  0.000  628  -0.020 -0.020  630  -0.009 -0.009  627   0.009  0.009
  621   0.013  0.013  629   0.016  0.016  622   0.008  0.008  620   0.002  0.002
  623   0.025  0.025  626   0.016  0.016  625   0.015  0.015  631   0.038  0.038
  632   0.005  0.005

 ~~~ another iteration? ...



--------------------------------------------------------------------------------



           ITERATION no  2

 ~~~ set units for this iteration ...
 ~~~ determine number of unknowns for this iter. ...

 Number of unknowns (for array-indexing):  nvar =  385
 Number of effective unknowns        :  nvareff =  386
 Number of elements on/below main diagonal of matrix G = At*A : kvar =   74305

 Damping factors to be used in this iteration:
   Othet=   0.010   XYthet  =   0.010   Zthet=  0.010
 STAthet=   0.010   Vthet   =   1.000

 ~~~ damp G ...
 ~~~ solve G * b = RHT ...
 ~~~ fix units ...
 ~~~ apply eventually step-length damping ...
 ~~~ adjust model (hypocenters, stacorr & veloc.) ...

 doing velocity adjustments now...

 doing station-correction adjustments...

 ~~~ compute effective step-length ...

 (Applied) Step length =   1.914

 ~~~ set units for next iteration ...
 ~~~ determine number of unknowns for next iter. ...

 Number of unknowns (for array-indexing):  nvar =  385
 Number of effective unknowns        :  nvareff =  386
 Number of elements on/below main diagonal of matrix G = At*A : kvar =   74305

 ~~~ reset G and RHT ...
 ~~~ raytracing, setup G ...
 ~~~ store parts of G ...
 ~~~ set units back for current iteration ...
 ~~~ determine number of unknowns for this iter. ...

 Number of unknowns (for array-indexing):  nvar =  385
 Number of effective unknowns        :  nvareff =  386
 Number of elements on/below main diagonal of matrix G = At*A : kvar =   74305

 ~~~ compute RMS and DATVAR ...

 $$$$$$$$$$$$$$$$$$$$$$$$$$$$$$$$$$$$$$$$$$$$$$$$$
 Events with  | AVRES | > 1.0 SEC are suspicious !

 Event#   7 >>>  160823 0652  AVRES =  1.04 NOBS =  6
 Event#  10 >>>  160920 1607  AVRES =  3.42 NOBS =  2
 Event#  11 >>>  160925 1911  AVRES =  3.14 NOBS =  2
 Event#  54 >>>  170407 1729  AVRES =  2.35 NOBS =  2
 Event#  55 >>>  170407 1729  AVRES =  2.04 NOBS =  5
 Event#  57 >>>  170409 0856  AVRES =  2.03 NOBS =  6
 Event#  58 >>>  170409 0902  AVRES =  1.41 NOBS =  7
 Event#  64 >>>  170414 0540  AVRES =  2.57 NOBS = 11
 Event#  72 >>>  170418 1005  AVRES =  3.33 NOBS =  1
 Event#  89 >>>  170427 2010  AVRES =  1.20 NOBS =  8
 Event#  90 >>>  170427 2010  AVRES =  1.11 NOBS =  8

 ^^^^^^^^^ C H E C K   these events above ^^^^^^^^
 $$$$$$$$$$$$$$$$$$$$$$$$$$$$$$$$$$$$$$$$$$$$$$$$$

 ~~~ check solution (better? worse?) ...

 Iteration nr  2 obtained:
 DATVAR=    2.267679 mean sqrd residual=     0.978542  RMS RESIDUAL=     0.989213

 After  2 iterations we got:
 Average absolute & unweighted [and mean] residual of
   280 straight and direct rays =  0.39786 [ -0.35391]
   399 refracted           rays =  0.92766 [  0.43008]
     0 reflected           rays =  0.00000 [  0.00000]

   679 ALL                 RAYS =  0.70918 [  0.10678]       -9.51 %

 ~~~ iteration done; output results ...

  eq       ot     x      y      z      rms    avres   dot     dx     dy     dz
    1      9.04  38.64 112.01  23.34   0.39   0.18   -0.034  0.019  0.050  0.131
    2      9.23  38.02 110.69  23.03   0.39   0.16   -0.036  0.036  0.061  0.125
    3     27.15-130.16  -8.40  11.87   0.89   0.29   -0.076 -0.070  0.104 -0.111
    4     15.55-131.00  -6.83  10.70   0.98   0.32   -0.079 -0.011  0.051 -0.152
    5     45.63 -40.32  38.72  23.91   0.16  -0.09   -0.033  0.017 -0.068  0.015
    6     49.43 -36.75  40.65  16.76   0.11  -0.39   -0.038  0.077 -0.045  0.151
    7     13.84-134.61-119.17   5.96   1.66   1.04   -0.083  0.309 -0.067 -0.224
    8     30.29-140.87 -44.00   8.65   0.99   0.79   -0.061 -0.011 -0.069  0.036
    9     39.59  10.89  56.57  12.23   0.14  -0.55   -0.056 -0.003 -0.060  0.066
   10     18.17 -87.44-308.27  16.21   1.00   3.42   -0.069 -0.204  0.018  0.007
   11      5.41 -62.73-309.65  15.62   1.19   3.14   -0.102 -0.252 -0.000  0.011
   12     51.12  35.09  94.69  15.92   0.17  -0.27   -0.041 -0.002  0.033  0.158
   13     46.83  33.49  97.93  19.24   0.49   0.08   -0.039  0.083  0.038  0.150
   14     55.79  33.41  97.51  13.99   0.90  -0.15   -0.057  0.021 -0.012  0.059
   15     44.62  34.13  97.39  17.52   0.95   0.32   -0.042  0.037  0.036  0.146
   16     44.81  35.01  95.92  18.75   0.98   0.42   -0.048 -0.018  0.102  0.091
   17     22.02  -0.98  82.38  18.69   0.73  -0.06   -0.046  0.021  0.025  0.096
   18     36.39 -33.98   4.49  11.48   0.20  -0.56   -0.057  0.068  0.014  0.160
   19     33.21  41.35  64.04  10.28   0.23  -0.56   -0.046 -0.053 -0.051  0.126
   20     45.91  37.76  85.18  16.22   0.57  -0.03   -0.048 -0.050  0.024 -0.004
   21     34.02  36.34  82.66  14.20   0.67  -0.26   -0.039 -0.082 -0.099 -0.151
   22     25.82  35.62  85.24  13.30   0.29  -0.49   -0.046 -0.121 -0.049 -0.089
   23     15.82  35.32  86.12  11.51   0.46  -0.58   -0.043 -0.088 -0.115 -0.023
   24      1.87  34.76  82.22   5.68   0.53  -0.63   -0.065 -0.047  0.117 -0.058
   25     48.57 -45.88  23.58  22.24   0.11  -0.12   -0.015  0.045 -0.098  0.123
   26     27.48 -70.33  -3.97  10.60   0.22  -0.60   -0.061  0.062 -0.149  0.176
   27      0.10  -0.63  49.39  13.44   0.34  -0.36   -0.054  0.027 -0.085  0.179
   28     59.02  37.56  76.07  11.30   0.88  -0.21   -0.044 -0.030 -0.057 -0.085
   29     20.12-148.84 -12.61  14.80   0.88   0.68   -0.043 -0.004  0.130 -0.002
   30      2.84  35.96  76.54  13.42   0.98   0.02   -0.032  0.016 -0.115  0.020
   31     20.92  36.39  77.31  14.17   1.04   0.06   -0.044 -0.106 -0.059 -0.004
   32     50.73  36.95  76.89  15.33   0.25  -0.40   -0.037 -0.004 -0.096  0.019
   33      0.74  37.24  76.08  15.57   0.50  -0.20   -0.028 -0.001 -0.091 -0.018
   34     55.37 -16.93  34.86  24.57   0.06  -0.11   -0.018  0.084 -0.034  0.032
   35     39.17 -71.48  -8.39   3.44   0.38  -0.57   -0.016  0.229  0.051  0.024
   36     59.04  36.53  77.69  15.04   0.81  -0.01   -0.032 -0.031 -0.095 -0.020
   37      5.51  31.24  50.15  14.67   0.13  -0.49   -0.046 -0.069 -0.030 -0.095
   38     46.43  73.09  73.02  16.87   0.57   0.00   -0.035 -0.078  0.014 -0.015
   39     13.99   0.73  26.10   3.95   0.22  -0.54   -0.057  0.016 -0.059  0.028
   40     14.52 -41.85  13.85  16.76   0.16  -0.37   -0.045  0.051 -0.041 -0.021
   41     56.30  34.78  79.03   5.50   0.27  -0.70   -0.053 -0.044 -0.045  0.246
   42     34.24  -3.97  46.25  18.03   0.13  -0.30   -0.031  0.060 -0.034  0.031
   43     24.53-110.26 -39.16   5.06   0.36  -0.73   -0.039  0.260  0.118 -0.049
   44     49.60  30.28  50.45   8.46   0.29  -0.58   -0.053 -0.034 -0.045  0.087
   45     41.15-145.16  45.49  18.54   0.85   0.78   -0.030 -0.068  0.045  0.139
   46     34.03 -57.56  -0.88  16.19   0.11  -0.33   -0.041  0.038 -0.061  0.074
   47      0.95  10.61  80.59  21.93   0.94   0.38   -0.026  0.056  0.018  0.023
   48     37.16  10.61  81.59  23.65   0.28   0.02   -0.019  0.062  0.010  0.075
   49     35.64  54.65  84.51  22.70   0.33  -0.06   -0.031 -0.062 -0.037  0.044
   50     36.01-102.52 -35.65  15.18   0.74   0.23   -0.044  0.078 -0.048 -0.050
   51     53.09-100.92 -54.37   8.87   1.16   0.31   -0.056  0.236  0.170 -0.218
   52     43.12-115.62  43.06  15.62   0.72   0.31   -0.046 -0.100  0.060  0.038
   53      0.95  10.60  80.80  21.36   0.93   0.39   -0.027  0.052  0.063  0.045
   54      2.92 -83.69 322.75  15.65   0.49   2.35   -0.248 -0.009 -0.032  0.026
   55      3.08 -89.77 304.26   0.49   0.43   2.04   -0.220  0.031 -0.016  0.045
   56     44.82  36.03  67.50  15.02   0.91  -0.00   -0.042  0.012 -0.108  0.019
   57     47.10 -84.84 154.64  15.62   0.69   2.03   -0.054 -0.040  0.049  0.001
   58     45.54 -80.96 151.01  15.33   1.14   1.41   -0.036  0.095  0.200  0.123
   59      8.41 -82.11   0.24   2.30   0.67  -0.46   -0.048  0.186 -0.045 -0.203
   60      3.49-110.57-118.37   3.42   1.62   0.92   -0.060  0.067  0.179 -0.132
   61      0.41-130.52 -55.22   0.66   0.62  -0.64   -0.090 -0.163 -0.076  0.233
   62     20.02  19.59 152.75  15.80   1.23   0.80   -0.042  0.157  0.054  0.112
   63     18.75 -47.20  29.77  20.32   0.22  -0.17   -0.029  0.036 -0.069  0.107
   64      4.66-163.13 183.97   8.05   0.93   2.57   -0.074  0.412  0.516  0.027
   65     23.34 -47.96  20.50  15.62   0.11  -0.40   -0.035  0.063 -0.078  0.074
   66     32.75-152.36  43.05  18.01   0.62   0.60   -0.027 -0.030  0.107  0.066
   67     41.83 -37.18  -5.15  19.12   0.33  -0.12   -0.033  0.061 -0.101 -0.069
   68     14.10  50.97 105.97  20.44   0.61   0.44   -0.052  0.106  0.171  0.027
   69     48.30-214.97-349.14  73.50   0.00   0.00    0.000  0.000  0.000  0.000
   70      5.42  33.85  96.84  19.45   0.99   0.47   -0.042  0.077  0.050  0.069
   71      4.01   6.18  56.63   1.31   0.57  -0.49   -0.044  0.027 -0.028  0.007
   72     56.27 132.66-297.77  96.99  11.10   3.33   -0.273 -0.018  0.023 -0.007
   73     12.85  50.53  81.77  23.23   0.72   0.43   -0.028  0.068 -0.062  0.076
   74     36.13-102.52  70.36  22.22   0.56   0.51   -0.038 -0.048  0.088  0.220
   75     46.55-108.11   2.82   0.47   1.06  -0.41   -0.077 -0.321  0.214  0.226
   76     54.60-217.19 302.17   0.10   0.00   0.00    0.000  0.000  0.000  0.000
   77     44.03  51.11  93.76  17.01   0.54   0.02   -0.039  0.071  0.007  0.099
   78     41.74  38.42  66.32  22.05   0.62   0.13   -0.032  0.029 -0.095  0.026
   79     58.54 -69.67  -4.59   0.64   0.41  -0.71   -0.033  0.055 -0.067  0.271
   80     26.61 -70.07  -5.97   0.50   0.38  -0.67   -0.043  0.042 -0.081  0.210
   81     26.81 -70.03  -4.72   0.47   0.44  -0.66   -0.045  0.045 -0.076  0.175
   82     23.17 -69.97  -4.61   0.25   0.28  -0.84   -0.068  0.078 -0.073  0.073
   83     23.13 -70.90  -6.05   6.82   0.27  -0.66   -0.038  0.150  0.051  0.143
   84     21.16 -43.22   8.58  21.09   0.05  -0.20   -0.024  0.085 -0.118  0.045
   85     24.46-167.26 -46.70  10.73   1.12   0.92   -0.076  0.096 -0.127 -0.087
   86     44.03 -12.27  30.08  18.23   0.18  -0.28   -0.039  0.027 -0.084  0.067
   87     28.72 -61.53   6.90   3.01   0.28  -0.54   -0.039  0.069 -0.123  0.247
   88     37.99-103.57 -28.22   8.36   0.72  -0.51   -0.057  0.171 -0.058 -0.016
   89     47.75-141.96  89.61  20.59   0.78   1.20   -0.029 -0.092  0.120  0.219
   90     48.25-140.02  88.32  20.59   0.74   1.11   -0.030 -0.113  0.151  0.278
   91     34.01  33.64  85.07  19.62   0.86   0.36   -0.049  0.085 -0.032  0.055

 A V E R A G E   of ADJUSTMENTS :                    -0.051  0.022 -0.001  0.048
 A V E R A G E   of ABSOLUTE ADJUSTMENTS :            0.051  0.076  0.075  0.090


 Step length damping of 0.10175 was applied.


 Velocity adjustments:
     vp    dvp      hp   reflector
 Velocity model   1
   4.297 -0.006   -5.000      
   5.675  0.017    2.400      
   6.572 -0.005   15.410      
   6.730  0.001   21.140      
   6.972 -0.038   21.250      
   7.111  0.010   30.590      
   7.836  0.109   31.220      
   8.621 -0.199   37.400      
   8.850 -0.200   45.400      

 Calculation of average velocity starts at layer #           1
 z = -5.00 ...  2.40    v = 4.30    AVEL = 4.30 downto z =   2.40
 z =  2.40 ... 15.41    v = 5.68    AVEL = 5.18 downto z =  15.41
 z = 15.41 ... 21.14    v = 6.57    AVEL = 5.48 downto z =  21.14
 z = 21.14 ... 21.25    v = 6.73    AVEL = 5.49 downto z =  21.25
 z = 21.25 ... 30.59    v = 6.97    AVEL = 5.88 downto z =  30.59
 z = 30.59 ... 31.22    v = 7.11    AVEL = 5.90 downto z =  31.22
 z = 31.22 ... 37.40    v = 7.84    AVEL = 6.18 downto z =  37.40
 z = 37.40 ... 45.40    v = 8.62    AVEL = 6.57 downto z =  45.40


 Calculation of average velocity starts at layer #           2
 z =  2.40 ... 15.41    v = 5.68    AVEL = 5.68 downto z =  15.41
 z = 15.41 ... 21.14    v = 6.57    AVEL = 5.95 downto z =  21.14
 z = 21.14 ... 21.25    v = 6.73    AVEL = 5.95 downto z =  21.25
 z = 21.25 ... 30.59    v = 6.97    AVEL = 6.29 downto z =  30.59
 z = 30.59 ... 31.22    v = 7.11    AVEL = 6.31 downto z =  31.22
 z = 31.22 ... 37.40    v = 7.84    AVEL = 6.58 downto z =  37.40
 z = 37.40 ... 45.40    v = 8.62    AVEL = 6.96 downto z =  45.40



 Adjusted station corrections:
   stn  ptcor  dpcor  
  624   0.000  0.000  628  -0.039 -0.019  630  -0.019 -0.010  627   0.021  0.012
  621   0.023  0.010  629   0.033  0.017  622   0.016  0.008  620   0.002  0.000
  623   0.050  0.025  626   0.032  0.016  625   0.031  0.015  631   0.076  0.038
  632   0.011  0.006

 ~~~ another iteration? ...



--------------------------------------------------------------------------------



           ITERATION no  3

 ~~~ set units for this iteration ...
 ~~~ determine number of unknowns for this iter. ...

 Number of unknowns (for array-indexing):  nvar =  385
 Number of effective unknowns        :  nvareff =  386
 Number of elements on/below main diagonal of matrix G = At*A : kvar =   74305

 Damping factors to be used in this iteration:
   Othet=   0.010   XYthet  =   0.010   Zthet=  0.010
 STAthet=   0.010   Vthet   =   1.000

 ~~~ damp G ...
 ~~~ solve G * b = RHT ...
 ~~~ fix units ...
 ~~~ apply eventually step-length damping ...
 ~~~ adjust model (hypocenters, stacorr & veloc.) ...

 doing velocity adjustments now...

 doing station-correction adjustments...

 ~~~ compute effective step-length ...

 (Applied) Step length =   2.149

 ~~~ set units for next iteration ...
 ~~~ determine number of unknowns for next iter. ...

 Number of unknowns (for array-indexing):  nvar =  385
 Number of effective unknowns        :  nvareff =  386
 Number of elements on/below main diagonal of matrix G = At*A : kvar =   74305

 ~~~ reset G and RHT ...
 ~~~ raytracing, setup G ...
 ~~~ store parts of G ...
 ~~~ set units back for current iteration ...
 ~~~ determine number of unknowns for this iter. ...

 Number of unknowns (for array-indexing):  nvar =  385
 Number of effective unknowns        :  nvareff =  386
 Number of elements on/below main diagonal of matrix G = At*A : kvar =   74305

 ~~~ compute RMS and DATVAR ...

 $$$$$$$$$$$$$$$$$$$$$$$$$$$$$$$$$$$$$$$$$$$$$$$$$
 Events with  | AVRES | > 1.0 SEC are suspicious !

 Event#  10 >>>  160920 1607  AVRES =  3.02 NOBS =  2
 Event#  11 >>>  160925 1911  AVRES =  2.77 NOBS =  2
 Event#  54 >>>  170407 1729  AVRES =  2.07 NOBS =  2
 Event#  55 >>>  170407 1729  AVRES =  1.80 NOBS =  5
 Event#  57 >>>  170409 0856  AVRES =  1.80 NOBS =  6
 Event#  58 >>>  170409 0902  AVRES =  1.25 NOBS =  7
 Event#  64 >>>  170414 0540  AVRES =  2.27 NOBS = 11
 Event#  72 >>>  170418 1005  AVRES =  2.92 NOBS =  1
 Event#  89 >>>  170427 2010  AVRES =  1.07 NOBS =  8

 ^^^^^^^^^ C H E C K   these events above ^^^^^^^^
 $$$$$$$$$$$$$$$$$$$$$$$$$$$$$$$$$$$$$$$$$$$$$$$$$

 ~~~ check solution (better? worse?) ...

 Iteration nr  3 obtained:
 DATVAR=    1.812137 mean sqrd residual=     0.781968  RMS RESIDUAL=     0.884289

 After  3 iterations we got:
 Average absolute & unweighted [and mean] residual of
   283 straight and direct rays =  0.35124 [ -0.31175]
   396 refracted           rays =  0.83676 [  0.39270]
     0 reflected           rays =  0.00000 [  0.00000]

   679 ALL                 RAYS =  0.63440 [  0.09909]      -10.55 %

 ~~~ iteration done; output results ...

  eq       ot     x      y      z      rms    avres   dot     dx     dy     dz
    1      8.99  38.67 112.06  23.49   0.34   0.16   -0.042  0.030  0.054  0.149
    2      9.19  38.07 110.76  23.17   0.35   0.15   -0.044  0.049  0.067  0.142
    3     27.07-130.22  -8.30  11.77   0.79   0.27   -0.081 -0.061  0.105 -0.102
    4     15.46-131.02  -6.77  10.55   0.88   0.31   -0.085 -0.012  0.055 -0.154
    5     45.62 -40.23  38.55  23.61   0.16  -0.08   -0.012  0.091 -0.178 -0.304
    6     49.39 -36.66  40.59  16.95   0.11  -0.35   -0.043  0.090 -0.054  0.188
    7     13.75-134.25-119.27   5.70   1.49   0.93   -0.090  0.360 -0.091 -0.259
    8     30.22-140.90 -44.00   8.67   0.90   0.70   -0.065 -0.029  0.002  0.024
    9     39.53  10.90  56.51  12.31   0.13  -0.48   -0.061  0.006 -0.057  0.085
   10     18.10 -87.68-308.25  16.22   1.00   3.02   -0.073 -0.237  0.020  0.007
   11      5.30 -63.02-309.65  15.63   1.20   2.77   -0.107 -0.294 -0.001  0.011
   12     51.08  35.09  94.72  16.11   0.15  -0.24   -0.047  0.003  0.024  0.192
   13     46.78  33.59  97.97  19.40   0.44   0.08   -0.045  0.096  0.032  0.160
   14     55.74  33.49  97.44  14.08   0.79  -0.14   -0.054  0.074 -0.067  0.093
   15     44.57  34.18  97.42  17.68   0.84   0.29   -0.047  0.049  0.028  0.158
   16     44.75  35.00  96.02  18.84   0.88   0.37   -0.055 -0.012  0.105  0.096
   17     21.96  -0.94  82.42  18.81   0.65  -0.05   -0.054  0.036  0.038  0.115
   18     36.33 -33.91   4.49  11.69   0.18  -0.49   -0.065  0.070  0.005  0.208
   19     33.16  41.30  63.99  10.43   0.21  -0.49   -0.052 -0.050 -0.053  0.149
   20     45.86  37.72  85.19  16.20   0.51  -0.03   -0.054 -0.043  0.005 -0.013
   21     33.98  36.26  82.53  14.04   0.62  -0.23   -0.043 -0.077 -0.124 -0.152
   22     25.76  35.49  85.18  13.23   0.26  -0.43   -0.052 -0.121 -0.061 -0.077
   23     15.77  35.24  85.99  11.51   0.43  -0.51   -0.048 -0.085 -0.130 -0.001
   24      1.80  34.72  82.34   5.66   0.50  -0.56   -0.072 -0.042  0.124 -0.020
   25     48.56 -45.82  23.46  22.40   0.10  -0.10   -0.018  0.054 -0.118  0.152
   26     27.42 -70.26  -4.14  10.81   0.20  -0.53   -0.066  0.070 -0.166  0.209
   27      0.04  -0.59  49.29  13.65   0.32  -0.31   -0.058  0.036 -0.096  0.207
   28     58.97  37.53  76.00  11.22   0.79  -0.18   -0.049 -0.025 -0.068 -0.078
   29     20.07-148.83 -12.50  14.78   0.78   0.61   -0.050  0.012  0.116 -0.016
   30      2.81  35.98  76.41  13.45   0.89   0.02   -0.036  0.026 -0.126  0.027
   31     20.87  36.28  77.25  14.16   0.93   0.05   -0.048 -0.111 -0.064 -0.005
   32     50.69  36.95  76.78  15.36   0.22  -0.35   -0.042  0.001 -0.108  0.028
   33      0.71  37.24  75.97  15.54   0.45  -0.18   -0.032  0.000 -0.105 -0.032
   34     55.34 -16.83  34.81  24.62   0.06  -0.10   -0.022  0.099 -0.045  0.052
   35     39.15 -71.22  -8.34   3.47   0.36  -0.51   -0.017  0.258  0.054  0.030
   36     59.01  36.50  77.58  15.03   0.73  -0.01   -0.036 -0.027 -0.109 -0.016
   37      5.46  31.18  50.12  14.58   0.12  -0.44   -0.052 -0.061 -0.037 -0.088
   38     46.39  73.00  73.02  16.86   0.52   0.00   -0.040 -0.087 -0.004 -0.016
   39     13.93   0.75  26.04   3.99   0.20  -0.47   -0.060  0.023 -0.067  0.045
   40     14.46 -41.86  13.83  16.78   0.16  -0.32   -0.052 -0.005 -0.017  0.014
   41     56.24  34.74  78.98   5.81   0.25  -0.62   -0.059 -0.036 -0.056  0.315
   42     34.21  -3.90  46.21  18.08   0.12  -0.27   -0.035  0.073 -0.046  0.048
   43     24.49-109.96 -39.04   5.02   0.33  -0.64   -0.040  0.307  0.126 -0.042
   44     49.54  30.25  50.41   8.56   0.27  -0.51   -0.058 -0.027 -0.046  0.100
   45     41.11-145.23  45.54  18.70   0.74   0.69   -0.036 -0.070  0.046  0.153
   46     33.98 -57.51  -0.96  16.30   0.10  -0.30   -0.046  0.049 -0.086  0.103
   47      0.92  10.68  80.60  21.96   0.85   0.34   -0.029  0.075  0.007  0.031
   48     37.14  10.69  81.61  23.73   0.26   0.02   -0.024  0.080  0.013  0.079
   49     35.60  54.59  84.46  22.75   0.32  -0.04   -0.036 -0.062 -0.045  0.050
   50     35.97-102.40 -35.70  15.12   0.67   0.21   -0.047  0.118 -0.055 -0.054
   51     53.01-100.74 -54.19   8.49   1.05   0.28   -0.077  0.185  0.182 -0.384
   52     43.07-115.78  43.16  15.79   0.66   0.28   -0.050 -0.153  0.102  0.170
   53      0.92  10.67  80.85  21.42   0.83   0.35   -0.032  0.071  0.055  0.057
   54      2.66 -83.70 322.72  15.68   0.46   2.07   -0.258 -0.012 -0.035  0.026
   55      2.85 -89.73 304.24   0.53   0.38   1.80   -0.228  0.041 -0.015  0.046
   56     44.77  36.05  67.42  15.05   0.83   0.00   -0.047  0.028 -0.083  0.030
   57     47.04 -84.88 154.70  15.62   0.62   1.80   -0.063 -0.039  0.061  0.000
   58     45.50 -80.88 151.17  15.41   1.00   1.25   -0.039  0.073  0.158  0.086
   59      8.36 -81.98   0.20   2.29   0.62  -0.41   -0.051  0.131 -0.050 -0.013
   60      3.42-110.48-118.16   3.27   1.48   0.81   -0.064  0.086  0.205 -0.148
   61      0.32-130.69 -55.26   0.86   0.59  -0.56   -0.095 -0.170 -0.043  0.195
   62     19.97  19.78 152.78  15.90   1.10   0.72   -0.049  0.197  0.039  0.101
   63     18.71 -47.15  29.69  20.47   0.19  -0.15   -0.033  0.045 -0.084  0.143
   64      4.58-162.66 184.57   8.08   0.84   2.27   -0.082  0.470  0.592  0.031
   65     23.30 -47.88  20.40  15.73   0.10  -0.36   -0.038  0.080 -0.097  0.107
   66     32.72-152.39  43.16  18.08   0.55   0.55   -0.034 -0.037  0.112  0.070
   67     41.80 -37.10  -5.28  19.07   0.31  -0.10   -0.038  0.076 -0.137 -0.054
   68     14.04  51.09 106.15  20.46   0.54   0.39   -0.061  0.122  0.180  0.026
   69     48.30-214.97-349.14  73.50   0.00   0.00    0.000  0.000  0.000  0.000
   70      5.37  33.96  96.89  19.54   0.89   0.42   -0.048  0.108  0.043  0.092
   71      3.97   6.22  56.61   1.32   0.56  -0.44   -0.047  0.038 -0.020  0.007
   72     55.99 132.65-297.75  96.98   8.55   2.92   -0.276 -0.018  0.024 -0.007
   73     12.82  50.50  81.81  23.18   0.64   0.39   -0.027 -0.022  0.033 -0.049
   74     36.08-102.58  70.45  22.46   0.50   0.47   -0.044 -0.052  0.092  0.243
   75     46.47-108.42   3.03   0.72   1.02  -0.35   -0.076 -0.310  0.203  0.248
   76     54.60-217.19 302.17   0.10   0.00   0.00    0.000  0.000  0.000  0.000
   77     43.98  51.13  93.78  17.01   0.49   0.02   -0.042  0.026  0.021 -0.003
   78     41.70  38.47  66.20  22.07   0.56   0.12   -0.036  0.042 -0.114  0.024
   79     58.50 -69.60  -4.67   0.92   0.39  -0.62   -0.034  0.069 -0.071  0.278
   80     26.56 -70.02  -6.07   0.68   0.35  -0.59   -0.050  0.045 -0.097  0.177
   81     26.76 -69.97  -4.80   0.64   0.42  -0.58   -0.049  0.058 -0.081  0.165
   82     23.09 -69.89  -4.69   0.27   0.27  -0.74   -0.077  0.085 -0.080  0.019
   83     23.09 -70.73  -6.00   7.00   0.25  -0.58   -0.040  0.166  0.055  0.185
   84     21.13 -43.12   8.44  21.15   0.05  -0.18   -0.028  0.094 -0.135  0.062
   85     24.39-167.18 -46.63  10.61   1.01   0.83   -0.069  0.085  0.069 -0.119
   86     43.99 -12.22  29.98  18.32   0.15  -0.25   -0.042  0.055 -0.100  0.086
   87     28.68 -61.45   6.76   3.34   0.27  -0.47   -0.043  0.080 -0.139  0.322
   88     37.92-103.37 -28.28   8.36   0.66  -0.45   -0.060  0.195 -0.065 -0.002
   89     47.72-142.13  89.73  20.92   0.67   1.07   -0.031 -0.167  0.125  0.330
   90     48.21-140.14  88.48  20.90   0.63   0.99   -0.037 -0.123  0.162  0.309
   91     33.95  33.74  85.03  19.67   0.76   0.33   -0.055  0.101 -0.044  0.054

 A V E R A G E   of ADJUSTMENTS :                    -0.055  0.026 -0.003  0.054
 A V E R A G E   of ABSOLUTE ADJUSTMENTS :            0.055  0.085  0.080  0.102


 Step length damping of 0.11831 was applied.


 Velocity adjustments:
     vp    dvp      hp   reflector
 Velocity model   1
   4.295 -0.001   -5.000      
   5.692  0.017    2.400      
   6.562 -0.011   15.410      
   6.731  0.000   21.140      
   6.929 -0.042   21.250      
   7.118  0.007   30.590      
   7.906  0.070   31.220      
   8.421 -0.200   37.400      
   8.655 -0.195   45.400      

 Calculation of average velocity starts at layer #           1
 z = -5.00 ...  2.40    v = 4.30    AVEL = 4.30 downto z =   2.40
 z =  2.40 ... 15.41    v = 5.69    AVEL = 5.19 downto z =  15.41
 z = 15.41 ... 21.14    v = 6.56    AVEL = 5.49 downto z =  21.14
 z = 21.14 ... 21.25    v = 6.73    AVEL = 5.49 downto z =  21.25
 z = 21.25 ... 30.59    v = 6.93    AVEL = 5.87 downto z =  30.59
 z = 30.59 ... 31.22    v = 7.12    AVEL = 5.89 downto z =  31.22
 z = 31.22 ... 37.40    v = 7.91    AVEL = 6.18 downto z =  37.40
 z = 37.40 ... 45.40    v = 8.42    AVEL = 6.54 downto z =  45.40


 Calculation of average velocity starts at layer #           2
 z =  2.40 ... 15.41    v = 5.69    AVEL = 5.69 downto z =  15.41
 z = 15.41 ... 21.14    v = 6.56    AVEL = 5.96 downto z =  21.14
 z = 21.14 ... 21.25    v = 6.73    AVEL = 5.96 downto z =  21.25
 z = 21.25 ... 30.59    v = 6.93    AVEL = 6.28 downto z =  30.59
 z = 30.59 ... 31.22    v = 7.12    AVEL = 6.30 downto z =  31.22
 z = 31.22 ... 37.40    v = 7.91    AVEL = 6.58 downto z =  37.40
 z = 37.40 ... 45.40    v = 8.42    AVEL = 6.93 downto z =  45.40



 Adjusted station corrections:
   stn  ptcor  dpcor  
  624   0.000  0.000  628  -0.062 -0.023  630  -0.031 -0.012  627   0.032  0.011
  621   0.035  0.012  629   0.052  0.019  622   0.025  0.009  620   0.006  0.004
  623   0.077  0.027  626   0.053  0.021  625   0.046  0.015  631   0.116  0.040
  632   0.016  0.005

 ~~~ another iteration? ...
 NITT = ITTMAX  --> stop iterations.
 ~~~ final solution reached ...

 ~~~ damp G & Chol.-Decomp.: NOT made (switch iresolcalc is NOT set !)

 Final rms values:  0.34 0.35 0.79 0.88 0.16 0.11 1.49 0.90 0.13 1.00
                    1.20 0.15 0.44 0.79 0.84 0.88 0.65 0.18 0.21 0.51
                    0.62 0.26 0.43 0.50 0.10 0.20 0.32 0.79 0.78 0.89
                    0.93 0.22 0.45 0.06 0.36 0.73 0.12 0.52 0.20 0.16
                    0.25 0.12 0.33 0.27 0.74 0.10 0.85 0.26 0.32 0.67
                    1.05 0.66 0.83 0.46 0.38 0.83 0.62 1.00 0.62 1.48
                    0.59 1.10 0.19 0.84 0.10 0.55 0.31 0.54 0.00 0.89
                    0.56 8.55 0.64 0.50 1.02 0.00 0.49 0.56 0.39 0.35
                    0.42 0.27 0.25 0.05 1.01 0.15 0.27 0.66 0.67 0.63
                    0.76



 ~~~ output final hypocenters ...

      date    origin   latitude longitude  depth  mag  no  rms      x      y      z
   1 160818 1613  8.99 73.0043N 124.8480E  23.49 1.40   6 0.343   38.67 112.06  23.49
   2 160818 1613  9.19 72.9926N 124.8665E  23.17 1.10   6 0.346   38.07 110.76  23.17
   3 160819 0959 27.07 71.9256N 129.7666E  11.77 4.00  12 0.789 -130.22  -8.30  11.77
   4 160820 1506 15.46 71.9393N 129.7910E  10.55 1.50   9 0.883 -131.02  -6.77  10.55
   5 160820 1904 45.62 72.3455N 127.1768E  23.61 1.20   6 0.157  -40.23  38.55  23.61
   6 160822 1318 49.39 72.3638N 127.0729E  16.95 0.60   8 0.110  -36.66  40.59  16.95
   7 160823 0652 13.75 70.9312N 129.7828E   5.70 2.90   6 1.485 -134.25-119.27   5.70
   8 160824 1510 30.22 71.6057N 130.0409E   8.67 1.50   9 0.896 -140.90 -44.00   8.67
   9 160906 1514 39.53 72.5064N 125.6799E  12.31 0.90   6 0.130   10.90  56.51  12.31
  10 160920 1607 18.10 69.2375N 128.3666E  16.22 2.60   2 0.998  -87.68-308.25  16.22
  11 160925 1911  5.30 69.2250N 127.7005E  15.63 2.30   2 1.199  -63.02-309.65  15.63
  12 161004 0841 51.08 72.8489N 124.9591E  16.11 0.20   6 0.151   35.09  94.72  16.11
  13 161005 1619 46.78 72.8780N 125.0030E  19.40 1.00   9 0.438   33.59  97.97  19.40
  14 161006 0156 55.74 72.8733N 125.0062E  14.08 1.00   7 0.793   33.49  97.44  14.08
  15 161009 0036 44.57 72.8731N 124.9857E  17.68 1.30   8 0.842   34.18  97.42  17.68
  16 161009 0036 44.75 72.8605N 124.9616E  18.84 1.20   7 0.882   35.00  96.02  18.84
  17 161012 0800 21.96 72.7386N 126.0278E  18.81 0.80   7 0.649   -0.94  82.42  18.81
  18 161015 1013 36.33 72.0403N 126.9838E  11.69 0.70   7 0.184  -33.91   4.49  11.69
  19 161021 0507 33.16 72.5735N 124.7842E  10.43 0.80   6 0.210   41.30  63.99  10.43
  20 161124 2250 45.86 72.7635N 124.8840E  16.20 3.10   4 0.511   37.72  85.19  16.20
  21 161125 0156 33.98 72.7397N 124.9277E  14.04 0.60   7 0.618   36.26  82.53  14.04
  22 161125 0517 25.76 72.7634N 124.9497E  13.23 1.60   6 0.260   35.49  85.18  13.23
  23 161125 0525 15.77 72.7706N 124.9571E  11.51 0.80   6 0.433   35.24  85.99  11.51
  24 161125 0556  1.80 72.7379N 124.9734E   5.66 0.20   6 0.501   34.72  82.34   5.66
  25 170117 0846 48.56 72.2102N 127.3356E  22.40 0.30   6 0.104  -45.82  23.46  22.40
  26 170122 1614 27.42 71.9629N 128.0344E  10.81 0.90   6 0.198  -70.26  -4.14  10.81
  27 170125 2244  0.04 72.4418N 126.0174E  13.65 0.80   6 0.325   -0.59  49.29  13.65
  28 170302 1359 58.97 72.6811N 124.8919E  11.22 0.50   7 0.786   37.53  76.00  11.22
  29 170302 2335 20.07 71.8880N 130.3005E  14.78 2.10   9 0.777 -148.83 -12.50  14.78
  30 170304 2135  2.81 72.6848N 124.9376E  13.45 1.30   7 0.891   35.98  76.41  13.45
  31 170307 0447 20.87 72.6923N 124.9286E  14.16 1.70  10 0.935   36.28  77.25  14.16
  32 170307 2016 50.69 72.6881N 124.9090E  15.36 1.10   6 0.225   36.95  76.78  15.36
  33 170309 1454  0.71 72.6809N 124.9005E  15.54 0.30   6 0.447   37.24  75.97  15.54
  34 170311 0430 55.34 72.3120N 126.4920E  24.62 0.30   6 0.057  -16.83  34.81  24.62
  35 170312 0416 39.15 71.9253N 128.0600E   3.47 2.10   6 0.362  -71.22  -8.34   3.47
  36 170313 0553 59.01 72.6953N 124.9219E  15.03 1.00   9 0.727   36.50  77.58  15.03
  37 170313 0809  5.46 72.4491N 125.0854E  14.58 1.20   7 0.124   31.18  50.12  14.58
  38 170315 0234 46.39 72.6544N 123.8463E  16.86 1.40   7 0.517   73.00  73.02  16.86
  39 170317 1007 13.93 72.2333N 125.9782E   3.99 0.50   7 0.199    0.75  26.04   3.99
  40 170320 0711 14.46 72.1239N 127.2172E  16.78 0.90   6 0.165  -41.86  13.83  16.78
  41 170320 0853 56.24 72.7078N 124.9735E   5.81 0.40   6 0.247   34.74  78.98   5.81
  42 170320 1900 34.21 72.4141N 126.1142E  18.08 0.60   7 0.122   -3.90  46.21  18.08
  43 170323 0519 24.49 71.6501N 129.1572E   5.02 1.20   6 0.328 -109.96 -39.04   5.02
  44 170323 1612 49.54 72.4517N 125.1124E   8.56 0.50   6 0.267   30.25  50.41   8.56
  45 170323 1906 41.11 72.4081N 130.2558E  18.70 1.00   6 0.741 -145.23  45.54  18.70
  46 170326 0836 33.98 71.9914N 127.6665E  16.30 1.50   7 0.104  -57.51  -0.96  16.30
  47 170402 0422  0.92 72.7223N 125.6843E  21.96 1.20  10 0.845   10.68  80.60  21.96
  48 170402 0636 37.14 72.7313N 125.6840E  23.73 0.70   6 0.258   10.69  81.61  23.73
  49 170404 2347 35.60 72.7569N 124.3851E  22.75 0.50   6 0.324   54.59  84.46  22.75
  50 170405 0307 35.97 71.6800N 128.9425E  15.12 1.00  10 0.666 -102.40 -35.70  15.12
  51 170405 1410 53.01 71.5144N 128.8821E   8.49 1.70  10 1.046 -100.74 -54.19   8.49
  52 170406 0838 43.07 72.3868N 129.3907E  15.79 0.90  10 0.656 -115.78  43.16  15.79
  53 170406 1728  0.92 72.7246N 125.6847E  21.42 0.90  10 0.827   10.67  80.85  21.42
  54 170407 1729  2.66 74.8921N 128.6308E  15.68 1.80   2 0.460  -83.70 322.72  15.68
  55 170407 1729  2.85 74.7266N 128.8068E   0.53 1.60   5 0.382  -89.73 304.24   0.53
  56 170408 1004 44.77 72.6042N 124.9378E  15.05 1.40  13 0.827   36.05  67.42  15.05
  57 170409 0856 47.04 73.3864N 128.5553E  15.62 2.50   6 0.625  -84.88 154.70  15.62
  58 170409 0902 45.50 73.3548N 128.4328E  15.41 1.10   7 0.997  -80.88 151.17  15.41
  59 170410 1520  8.36 72.0017N 128.3760E   2.29 1.00  10 0.624  -81.98   0.20   2.29
  60 170410 1813  3.42 70.9410N 129.1138E   3.27 2.20  13 1.479 -110.48-118.16   3.27
  61 170412 1507  0.32 71.5048N 129.7381E   0.86 0.70   6 0.585 -130.69 -55.26   0.86
  62 170413 0651 19.97 73.3692N 125.4047E  15.90 1.00  10 1.105   19.78 152.78  15.90
  63 170414 0459 18.71 72.2661N 127.3765E  20.47 0.50   7 0.194  -47.15  29.69  20.47
  64 170414 0540  4.58 73.6541N 130.9338E   8.08 1.80  11 0.844 -162.66 184.57   8.08
  65 170414 1656 23.30 72.1829N 127.3944E  15.73 0.20   6 0.101  -47.88  20.40  15.73
  66 170414 1753 32.72 72.3868N 130.4631E  18.08 0.70   6 0.552 -152.39  43.16  18.08
  67 170416 0523 41.80 71.9526N 127.0740E  19.07 1.60  13 0.306  -37.10  -5.28  19.07
  68 170416 1220 14.04 72.9513N 124.4804E  20.46 1.00  11 0.543   51.09 106.15  20.46
 WARNING: Event-# :          69 has zero observations!
  69 170416 1257 48.30 68.8710N 131.7500E  73.50 2.20   0 0.000 -214.97-349.14  73.50
  70 170416 1821  5.37 72.8683N 124.9922E  19.54 1.30  13 0.886   33.96  96.89  19.54
  71 170418 0606  3.97 72.5073N 125.8172E   1.32 0.20   6 0.564    6.22  56.61   1.32
  72 170418 1005 55.99 69.3316N 122.4114E  96.98 2.20   1 8.552  132.65-297.75  96.98
  73 170418 1500 12.82 72.7331N 124.5069E  23.18 1.30  12 0.638   50.50  81.81  23.18
  74 170420 1302 36.08 72.6314N 129.0242E  22.46 0.90  11 0.500 -102.58  70.45  22.46
  75 170420 2248 46.47 72.0271N 129.1447E   0.72 0.70  11 1.022 -108.42   3.03   0.72
 WARNING: Event-# :          76 has zero observations!
  76 170423 0850 54.60 74.7080N 132.7900E   0.10 1.90   0 0.000 -217.19 302.17   0.10
  77 170423 1455 43.98 72.8404N 124.4838E  17.01 0.60   8 0.485   51.13  93.78  17.01
  78 170423 2313 41.70 72.5933N 124.8671E  22.07 1.30  12 0.560   38.47  66.20  22.07
  79 170424 0609 58.50 71.9582N 128.0149E   0.92 1.10  12 0.394  -69.60  -4.67   0.92
  80 170424 0755 26.56 71.9456N 128.0264E   0.68 1.00  12 0.351  -70.02  -6.07   0.68
  81 170424 0755 26.76 71.9569N 128.0257E   0.64 1.00  12 0.418  -69.97  -4.80   0.64
  82 170425 0652 23.09 71.9579N 128.0232E   0.27 1.20   9 0.272  -69.89  -4.69   0.27
  83 170426 0051 23.09 71.9463N 128.0470E   7.00 0.70   6 0.247  -70.73  -6.00   7.00
  84 170426 1425 21.13 72.0757N 127.2523E  21.15 0.10   6 0.049  -43.12   8.44  21.15
  85 170426 1834 24.39 71.5821N 130.7916E  10.61 1.20   8 1.011 -167.18 -46.63  10.61
  86 170426 1840 43.99 72.2687N 126.3566E  18.32 1.30   8 0.152  -12.22  29.98  18.32
  87 170427 0912 28.68 72.0606N 127.7838E   3.34 0.90   8 0.269  -61.45   6.76   3.34
  88 170427 1041 37.92 71.7465N 128.9758E   8.36 0.70   7 0.660 -103.37 -28.28   8.36
  89 170427 2010 47.72 72.8042N 130.2101E  20.92 1.30   8 0.669 -142.13  89.73  20.92
  90 170427 2010 48.21 72.7930N 130.1500E  20.90 1.30   8 0.633 -140.14  88.48  20.90
  91 170427 2342 33.95 72.7620N 125.0018E  19.67 0.80   6 0.759   33.74  85.03  19.67

 ~~~ output final station residuals ...
 TURBO-option is set; residuals are NOT printed for each event!



   station statistics, remember nsp was set to: 1


 sta phase nobs avres  avwres    std    wsum    delay

 624    P  74 -0.0946 -0.0946  0.6645  74.0000  0.0000
 628    P  69 -0.3140 -0.3140  0.6080  69.0000 -0.0618
 630    P  53  0.0524  0.0524  0.6483  53.0000 -0.0306
 627    P  46  0.0029  0.0029  0.7370  46.0000  0.0321
 621    P  59  0.2854  0.2854  0.9853  59.0000  0.0351
 629    P  43  0.0658  0.0658  0.7521  43.0000  0.0519
 622    P  58  0.0255  0.0255  0.8329  58.0000  0.0252
 620    P  48 -0.0298 -0.0298  0.8334  48.0000  0.0059
 623    P  55  0.0519  0.0519  0.6520  55.0000  0.0772
 626    P  52  0.2258  0.2258  0.8268  52.0000  0.0528
 625    P  49  0.0546  0.0546  0.7987  49.0000  0.0459
 631    P  49  0.9109  0.9109  1.3894  49.0000  0.1164
 632    P  24  0.4759  0.4759  1.3001  24.0000  0.0163


 ~~~ output statistics ...




 RAY-STATISTICS FOR  L A S T  ITERATION
 --------------------------------------

 NHYP : nr of hypocenters in this layer
 NREF : nr of headwaves in this layer
 %len : % of "refracted km" in this layer 
        with respect to all refracted kilometers
 NHIT : nr of rays passed thru this layer
 xy-km: average horizontal ray length [km] in layer
 z-km : average  vertical  ray length [km] in layer
 RFLX : number of reflections at bottom of this layer

 nlay   top ..... bottom     velocity   NHYP NREF %len  NHIT xy-km  z-km  RFLX

   1    -5.00...  2.40 km    4.30 km/s   10    0   0.0   762   1.9   2.3     0
   2     2.40... 15.41 km    5.69 km/s   35   57  12.6   868  19.4   9.7     0
   3    15.41... 21.14 km    6.56 km/s   31   68  13.0   759  14.4   4.3     0
   4    21.14... 21.25 km    6.73 km/s    1    0   0.0   595   0.2   0.1     0
   5    21.25... 30.59 km    6.93 km/s   12   74  14.2   541  19.2   7.0     0
   6    30.59... 31.22 km    7.12 km/s    0    0   0.0   395   1.0   0.6     0
   7    31.22... 37.40 km    7.91 km/s    0   40   9.4   355  20.8   5.5     0
   8    37.40... 45.40 km    8.42 km/s    0  136  41.4   179  62.0   1.9     0
   9    45.40...       km    8.66 km/s    2   21   9.4     0   0.0   0.0

 Total nr of events was   91

 Total nr of refracted rays =   396
 Total nr of reflected rays =     0
 Total nr of   other   rays =   283
                              ------
 Total nr of    all    rays =   679

 Average (absolute) error of the raytracers:
  Straight and direct rays :    7.81 meters
  Refracted           rays :    0.01 meters
  Reflected           rays :    0.00 meters


 ALL RAYS TOGETHER:
 Average horizontal ray length =   89.9 km   (Hypocenter --> Station) 
 Average  vertical  ray length =   21.5 km   (Deepest ray-point --> Station)



 ... and some more STATISTICS 
 ---------------------------- 
  GAP of final epicenters:

  Event# -> GAP  Event# -> GAP  Event# -> GAP  Event# -> GAP  Event# -> GAP
       1 -> 296       2 -> 294       3 -> 270       4 -> 274       5 -> 307
       6 ->  96       7 -> 320       8 -> 305       9 -> 168      10 -> 346
      11 -> 347      12 -> 260      13 -> 264      14 -> 263      15 -> 263
      16 -> 264      17 -> 253      18 -> 243      19 -> 160      20 -> 302
      21 -> 231      22 -> 238      23 -> 241      24 -> 230      25 -> 130
      26 -> 102      27 -> 155      28 -> 211      29 -> 305      30 -> 211
      31 -> 215      32 -> 213      33 -> 211      34 -> 133      35 -> 240
      36 -> 216      37 -> 132      38 -> 311      39 -> 116      40 -> 209
      41 -> 219      42 -> 121      43 -> 230      44 -> 134      45 -> 309
      46 -> 126      47 -> 224      48 -> 226      49 -> 288      50 -> 195
      51 -> 289      52 -> 270      53 -> 225      54 -> 354      55 -> 347
      56 -> 180      57 -> 310      58 -> 318      59 -> 165      60 -> 310
      61 -> 301      62 -> 306      63 -> 150      64 -> 323      65 -> 129
      66 -> 293      67 ->  86      68 -> 295      69 -> 171      70 -> 262
      71 -> 173      72 ->   0      73 -> 259      74 -> 299      75 -> 241
      76 ->  59      77 -> 284      78 -> 173      79 -> 165      80 -> 170
      81 -> 166      82 -> 166      83 -> 233      84 -> 114      85 -> 315
      86 ->  93      87 -> 115      88 -> 269      89 -> 318      90 -> 317
      91 -> 294

 GAPs were between   0 and 354
      (average GAP was 228)



  MAGNITUDES of INPUT-DATA:

 Magnitude (# of events)   ***average number of obs***

 MAG<= 1.0 ( 47) *******
 MAG = 1.1 (  4) ********
 MAG = 1.2 (  7) ********
 MAG = 1.3 (  8) *********1
 MAG = 1.4 (  3) *********
 MAG = 1.5 (  3) ********
 MAG = 1.6 (  3) ********
 MAG = 1.7 (  2) *********1
 MAG = 1.8 (  2) *******
 MAG = 1.9 (  1)  
 MAG = 2.0 (  0)  
 MAG = 2.1 (  2) ********
 MAG = 2.2 (  3) *****
 MAG = 2.3 (  1) **
 MAG = 2.4 (  0)  
 MAG = 2.5 (  1) ******
 MAG = 2.6 (  1) **
 MAG = 2.7 (  0)  
 MAG = 2.8 (  0)  
 MAG = 2.9 (  1) ******
 MAG = 3.0 (  0)  
 MAG = 3.1 (  1) ****
 MAG = 3.2 (  0)  
 MAG = 3.3 (  0)  
 MAG = 3.4 (  0)  
 MAG = 3.5 (  0)  
 MAG = 3.6 (  0)  
 MAG = 3.7 (  0)  
 MAG = 3.8 (  0)  
 MAG = 3.9 (  0)  
 MAG = 4.0 (  1) *********1**
 MAG = 4.1 (  0)  
 MAG = 4.2 (  0)  
 MAG = 4.3 (  0)  
 MAG = 4.4 (  0)  
 MAG = 4.5 (  0)  
 MAG = 4.6 (  0)  
 MAG = 4.7 (  0)  
 MAG = 4.8 (  0)  
 MAG = 4.9 (  0)  
 MAG = 5.0 (  0)  
 MAG = 5.1 (  0)  
 MAG = 5.2 (  0)  
 MAG = 5.3 (  0)  
 MAG = 5.4 (  0)  
 MAG = 5.5 (  0)  
 MAG = 5.6 (  0)  
 MAG = 5.7 (  0)  
 MAG = 5.8 (  0)  
 MAG = 5.9 (  0)  
 MAG>= 6.0 (  0)  





  DEPTHs of INPUT-DATA and of LAST ITERATION:
  ===========================================

       Depth       # of events  

 DEPTH ( input ) =  -4. km :   
 DEPTH (last_IT) =  -4. km :   
 DEPTH ( input ) =  -3. km :   
 DEPTH (last_IT) =  -3. km :   
 DEPTH ( input ) =  -2. km :   
 DEPTH (last_IT) =  -2. km :   
 DEPTH ( input ) =  -1. km :   
 DEPTH (last_IT) =  -1. km :   
 DEPTH ( input ) =   0. km :  ........
 DEPTH (last_IT) =   0. km :  **
 DEPTH ( input ) =   1. km :  .
 DEPTH (last_IT) =   1. km :  *******
 DEPTH ( input ) =   2. km :   
 DEPTH (last_IT) =   2. km :  *
 DEPTH ( input ) =   3. km :  ...
 DEPTH (last_IT) =   3. km :  ***
 DEPTH ( input ) =   4. km :  ..
 DEPTH (last_IT) =   4. km :  *
 DEPTH ( input ) =   5. km :  ..
 DEPTH (last_IT) =   5. km :  *
 DEPTH ( input ) =   6. km :  ..
 DEPTH (last_IT) =   6. km :  ***
 DEPTH ( input ) =   7. km :  .
 DEPTH (last_IT) =   7. km :  *
 DEPTH ( input ) =   8. km :  ...
 DEPTH (last_IT) =   8. km :  ***
 DEPTH ( input ) =   9. km :  ..
 DEPTH (last_IT) =   9. km :  **
 DEPTH ( input ) =  10. km :  ..
 DEPTH (last_IT) =  10. km :  *
 DEPTH ( input ) =  11. km :  ...
 DEPTH (last_IT) =  11. km :  ****
 DEPTH ( input ) =  12. km :  ....
 DEPTH (last_IT) =  12. km :  ****
 DEPTH ( input ) =  13. km :  ..
 DEPTH (last_IT) =  13. km :  **
 DEPTH ( input ) =  14. km :  ...
 DEPTH (last_IT) =  14. km :  ****
 DEPTH ( input ) =  15. km :  ........
 DEPTH (last_IT) =  15. km :  *******
 DEPTH ( input ) =  16. km :  .........1.
 DEPTH (last_IT) =  16. km :  *********1*
 DEPTH ( input ) =  17. km :  .....
 DEPTH (last_IT) =  17. km :  ****
 DEPTH ( input ) =  18. km :  ....
 DEPTH (last_IT) =  18. km :  ****
 DEPTH ( input ) =  19. km :  .....
 DEPTH (last_IT) =  19. km :  *****
 DEPTH ( input ) =  20. km :  .....
 DEPTH (last_IT) =  20. km :  ****
 DEPTH ( input ) =  21. km :  ..
 DEPTH (last_IT) =  21. km :  ****
 DEPTH ( input ) =  22. km :  ....
 DEPTH (last_IT) =  22. km :  ****
 DEPTH ( input ) =  23. km :  ....
 DEPTH (last_IT) =  23. km :  ****
 DEPTH ( input ) =  24. km :  ..
 DEPTH (last_IT) =  24. km :  **
 DEPTH ( input ) =  25. km :  .
 DEPTH (last_IT) =  25. km :  *
 DEPTH ( input ) =  26. km :   
 DEPTH (last_IT) =  26. km :   
 DEPTH ( input ) =  27. km :   
 DEPTH (last_IT) =  27. km :   
 DEPTH ( input ) =  28. km :   
 DEPTH (last_IT) =  28. km :   
 DEPTH ( input ) =  29. km :   
 DEPTH (last_IT) =  29. km :   
 DEPTH ( input ) =  30. km :   
 DEPTH (last_IT) =  30. km :   
 DEPTH ( input ) =  31. km :   
 DEPTH (last_IT) =  31. km :   
 DEPTH ( input ) =  32. km :   
 DEPTH (last_IT) =  32. km :   
 DEPTH ( input ) =  33. km :   
 DEPTH (last_IT) =  33. km :   
 DEPTH ( input ) =  34. km :   
 DEPTH (last_IT) =  34. km :   
 DEPTH ( input ) =  35. km :   
 DEPTH (last_IT) =  35. km :   
 DEPTH ( input ) =  36. km :   
 DEPTH (last_IT) =  36. km :   
 DEPTH ( input ) =  37. km :   
 DEPTH (last_IT) =  37. km :   
 DEPTH ( input ) =  38. km :   
 DEPTH (last_IT) =  38. km :   
 DEPTH ( input ) =  39. km :   
 DEPTH (last_IT) =  39. km :   
 DEPTH ( input ) =  40. km :   
 DEPTH (last_IT) =  40. km :   
 DEPTH ( input ) =  41. km :   
 DEPTH (last_IT) =  41. km :   
 DEPTH ( input ) =  42. km :   
 DEPTH (last_IT) =  42. km :   
 DEPTH ( input ) =  43. km :   
 DEPTH (last_IT) =  43. km :   
 DEPTH ( input ) =  44. km :   
 DEPTH (last_IT) =  44. km :   
 DEPTH ( input ) =  45. km :   
 DEPTH (last_IT) =  45. km :   
 DEPTH ( input ) =  46. km :   
 DEPTH (last_IT) =  46. km :   
 DEPTH ( input ) =  47. km :   
 DEPTH (last_IT) =  47. km :   
 DEPTH ( input ) =  48. km :   
 DEPTH (last_IT) =  48. km :   
 DEPTH ( input ) =  49. km :   
 DEPTH (last_IT) =  49. km :   
 DEPTH ( input ) =  50. km :   
 DEPTH (last_IT) =  50. km :   
 DEPTH ( input ) =  51. km :   
 DEPTH (last_IT) =  51. km :   
 DEPTH ( input ) =  52. km :   
 DEPTH (last_IT) =  52. km :   
 DEPTH ( input ) =  53. km :   
 DEPTH (last_IT) =  53. km :   
 DEPTH ( input ) =  54. km :   
 DEPTH (last_IT) =  54. km :   
 DEPTH ( input ) =  55. km :   
 DEPTH (last_IT) =  55. km :   
 DEPTH ( input ) =  56. km :   
 DEPTH (last_IT) =  56. km :   
 DEPTH ( input ) =  57. km :   
 DEPTH (last_IT) =  57. km :   
 DEPTH ( input ) =  58. km :   
 DEPTH (last_IT) =  58. km :   
 DEPTH ( input ) =  59. km :   
 DEPTH (last_IT) =  59. km :   
 DEPTH ( input ) =  60. km :   
 DEPTH (last_IT) =  60. km :   
 DEPTH ( input ) =  61. km :   
 DEPTH (last_IT) =  61. km :   
 DEPTH ( input ) =  62. km :   
 DEPTH (last_IT) =  62. km :   
 DEPTH ( input ) =  63. km :   
 DEPTH (last_IT) =  63. km :   
 DEPTH ( input ) =  64. km :   
 DEPTH (last_IT) =  64. km :   
 DEPTH ( input ) =  65. km :   
 DEPTH (last_IT) =  65. km :   
 DEPTH ( input ) =  66. km :   
 DEPTH (last_IT) =  66. km :   
 DEPTH ( input ) =  67. km :   
 DEPTH (last_IT) =  67. km :   
 DEPTH ( input ) =  68. km :   
 DEPTH (last_IT) =  68. km :   
 DEPTH ( input ) =  69. km :   
 DEPTH (last_IT) =  69. km :   
 DEPTH ( input ) =  70. km :   
 DEPTH (last_IT) =  70. km :   
 DEPTH ( input ) =  71. km :   
 DEPTH (last_IT) =  71. km :   
 DEPTH ( input ) =  72. km :   
 DEPTH (last_IT) =  72. km :   
 DEPTH ( input ) =  73. km :   
 DEPTH (last_IT) =  73. km :   
 DEPTH ( input ) =  74. km :  .
 DEPTH (last_IT) =  74. km :  *
 DEPTH ( input ) =  75. km :   
 DEPTH (last_IT) =  75. km :   
 DEPTH ( input ) =  76. km :   
 DEPTH (last_IT) =  76. km :   
 DEPTH ( input ) =  77. km :   
 DEPTH (last_IT) =  77. km :   
 DEPTH ( input ) =  78. km :   
 DEPTH (last_IT) =  78. km :   
 DEPTH ( input ) =  79. km :   
 DEPTH (last_IT) =  79. km :   
 DEPTH ( input ) =  80. km :   
 DEPTH (last_IT) =  80. km :   
 DEPTH ( input ) =  81. km :   
 DEPTH (last_IT) =  81. km :   
 DEPTH ( input ) =  82. km :   
 DEPTH (last_IT) =  82. km :   
 DEPTH ( input ) =  83. km :   
 DEPTH (last_IT) =  83. km :   
 DEPTH ( input ) =  84. km :   
 DEPTH (last_IT) =  84. km :   
 DEPTH ( input ) =  85. km :   
 DEPTH (last_IT) =  85. km :   
 DEPTH ( input ) =  86. km :   
 DEPTH (last_IT) =  86. km :   
 DEPTH ( input ) =  87. km :   
 DEPTH (last_IT) =  87. km :   
 DEPTH ( input ) =  88. km :   
 DEPTH (last_IT) =  88. km :   
 DEPTH ( input ) =  89. km :   
 DEPTH (last_IT) =  89. km :   
 DEPTH ( input ) =  90. km :   
 DEPTH (last_IT) =  90. km :   
 DEPTH ( input ) =  91. km :   
 DEPTH (last_IT) =  91. km :   
 DEPTH ( input ) =  92. km :   
 DEPTH (last_IT) =  92. km :   
 DEPTH ( input ) =  93. km :   
 DEPTH (last_IT) =  93. km :   
 DEPTH ( input ) =  94. km :   
 DEPTH (last_IT) =  94. km :   
 DEPTH ( input ) =  95. km :   
 DEPTH (last_IT) =  95. km :   
 DEPTH ( input ) =  96. km :   
 DEPTH (last_IT) =  96. km :   
 DEPTH ( input ) =  97. km :  .
 DEPTH (last_IT) =  97. km :  *
 DEPTH ( input ) =  98. km :   
 DEPTH (last_IT) =  98. km :   
 DEPTH ( input ) =  99. km :   
 DEPTH (last_IT) =  99. km :   
 DEPTH ( input ) = 100. km :   
 DEPTH (last_IT) = 100. km :   
 DEPTH ( input ) > 100. km :   
 DEPTH (last_IT) > 100. km :   


 Residuals of the stations according to the azimuth:
 (RES  = total average residual at station)
 (RES1 = average residual of rays from 1st quadrant)
 (RES2 = average residual of rays from 2nd quadrant)
 (RES3 = average residual of rays from 3rd quadrant)
 (RES4 = average residual of rays from 4th quadrant)

 Stn#  Stn     RES          RES1         RES2         RES3         RES4
   1   624    -0.09(  74)  -0.30(  33)  -0.33(   5)  -0.04(  29)   0.80(   7)
   2   628    -0.31(  69)  -0.49(  32)  -0.40(   5)  -0.34(  25)   0.65(   7)
   3   630     0.05(  53)   0.44(  25)  -0.33(  10)  -0.74(  10)   0.29(   8)
   4   627     0.00(  46)   0.16(  12)   0.00(   0)  -0.39(  22)   0.57(  12)
   5   621     0.29(  59)  -0.04(   7)   0.00(   0)   0.57(  18)   0.20(  34)
   6   629     0.07(  43)   0.47(  15)   0.00(   0)  -0.49(   9)   0.01(  19)
   7   622     0.03(  58)  -0.35(  27)   0.00(   0)   0.28(  20)   0.49(  11)
   8   620    -0.03(  48)  -0.30(   1)   0.00(   0)   0.41(  18)  -0.30(  29)
   9   623     0.05(  55)  -0.20(  30)   0.00(   0)   0.36(  17)   0.33(   8)
  10   626     0.23(  52)   0.17(  24)   0.00(   0)   0.16(   6)   0.31(  22)
  11   625     0.05(  49)  -0.07(  14)   0.00(   0)  -0.09(  23)   0.47(  12)
  12   631     0.91(  49)   1.43(  18)   2.92(   1)   1.42(   4)   0.39(  26)
  13   632     0.48(  24)   1.03(  12)   2.12(   2)  -0.82(   3)  -0.39(   7)



 CPU - statistics:

 TOTAL CPU-sec          =    0.2     (CPU-minutes:  0.004)

 >>>   End of program VELEST at 25-06-02 16:10       <<< [ CPU-sec :     0.2]
