 >>> Start of program VELEST at 25-06-02 16:09       <<<                        

 ::::::::::::::::::::::::::::::::::::::                                         
  V E L E S T  - Version : January 3, 1995                                      
  (Authors: see source code)                                                    
 ::::::::::::::::::::::::::::::::::::::                                         


 Title of this VELEST run:

 vinnik_2
 --------


 Current array-dimensions of program VELEST:

 Max. number of EARTHQUAKES for simult. inversion IEQ = ***
 Max. number of SHOTS for simult. inversion    INSHOT =  50
 Max. number of (different) 1D-MODELS      ITOTMODELS =   2
 Max. number of LAYERS per one 1D-model        INLTOT = 100
 Max. number of STATIONS in stationlist           IST = 650
 Max. number of OBSERVATIONS per event MAXOBSPEREVENT = 180






    INPUT - P A R A M E T E R S :



***
***  olat       olon   icoordsystem      zshift   itrial ztrial    ised
  72.000000-126.000000      0            0.000       0     0.00      0
***
*** neqs   nshot    rotate
     91      0      0.0
***
*** isingle   iresolcalc
       0          0
***
*** dmax    itopo    zmin     veladj    zadj   lowveloclay
   300.00     0      0.01       0.20    5.00       0
***
*** nsp    swtfac   vpvs       nmod
     1      1.00    1.730        1
***
***   othet   xythet    zthet    vthet   stathet
       0.01     0.01     0.01     1.00     0.01
***
*** nsinv   nshcor   nshfix     iuseelev    iusestacorr
       1       0       0           1            1
***
*** iturbo    icnvout   istaout   ismpout
       1         1         1         0
***
*** irayout   idrvout   ialeout   idspout   irflout   irfrout   iresout
       0         0         0         0         0         0         0
***
*** delmin   ittmax   invertratio
    0.010       3          1
***
*** Modelfile:
tmp/vinnik_2/synthvel/model_72.mod
***
*** Stationfile:
./velinp/station.sta
***
*** Seismofile:
 
***
*** File with region names:
 
***
*** File with region coordinates:
 
***
*** File #1 with topo data:
 
***
*** File #2 with topo data:
 
***
*** DATA INPUT files:
***
*** File with Earthquake data:
./velinp/data.cnv
***
*** File with Shot data:
 
***
*** OUTPUT files:
***
*** Main print output file:
./velout/vinnik_2/velest72.out
***
*** File with single event locations:
velout.vel
***
*** File with final hypocenters in *.cnv format:
./velout/vinnik_2/final_loc72.cnv
***
*** File with new station corrections:
./velout/vinnik_2/stations_corr72.sta
***
*** File with summary cards (e.g. for plotting):
velout.smp
***
*** File with raypoints:
velout.ray
***
*** File with derivatives:
velout.drv
***
*** File with ALEs:
velout.ale
***
*** File with Dirichlet spreads:
velout.dspr
***
*** File with reflection points:
velout.rfl
***
*** File with refraction points:
velout.rfr
***
*** File with residuals:
velout.res
***




 Origin of cartesian coordinates:
        72.00000N   126.00000E

  X,Y-AXES rotated clockwise from North
           Rotation angle (rotate):
            rotate=    0.0 degr.

 icoordsystem =            0
 normal SHORT DISTANCE CONVERSION will be made
 x is positive towards west, y is positive towards north


 SHORT DISTANCE CONVERSION on ELLIPSOIDE of WORLD GEODETIC SYSTEM 1972 (WGS72)
 =============================================================================

 Radius at equator (REARTH)= 6378.13500  km
   1. / (ellipticity)      =    298.260

 Origin of cartesian coordinates [degrees]:
   72.0000000 N     -126.0000000 W

  Rotation angle (in degr.) clockwise from
North  rotate=    0.0

 Radius of sphere at OLAT =   6358.817 km

 Conversion of GEOGRAPHICAL LATITUDE to GEOCENTRICAL LATITUDE:
 RLATC = TAN(GEOCENTR.LAT) / TAN(GEOGRAPH.LAT)
 RLATC =   0.99333486

          Short distance conversions:
          one min lat ~  1.8597 km 
          one min lon ~  0.5751 km 







    INPUT - M O D E L :



 Model(s) read from file :
 tmp/vinnik_2/synthvel/model_72.mod                                              

 model file title: 
Model: model_72.mod                     
 Velocity structure for model   1 :

 layer    vel   depth   vdamp  reflector
   1      4.55  -5.00    1.00         P-VELOCITY MODEL                  
   2      4.80   3.76    1.00  
   3      5.08   6.36    1.00  
   4      6.34  16.79    1.00  
   5      6.95  27.61    1.00  
   6      7.95  30.96    1.00  
   7      8.27  32.39    1.00  
   8      8.94  39.88    1.00  
   9      9.44  42.84    1.00  

 Calculation of average velocity starts at layer #            1
 z = -5.00 ...  3.76    v = 4.55    AVEL = 4.55 downto z =   3.76
 z =  3.76 ...  6.36    v = 4.80    AVEL = 4.61 downto z =   6.36
 z =  6.36 ... 16.79    v = 5.08    AVEL = 4.83 downto z =  16.79
 z = 16.79 ... 27.61    v = 6.34    AVEL = 5.33 downto z =  27.61
 z = 27.61 ... 30.96    v = 6.95    AVEL = 5.48 downto z =  30.96
 z = 30.96 ... 32.39    v = 7.95    AVEL = 5.58 downto z =  32.39
 z = 32.39 ... 39.88    v = 8.27    AVEL = 6.03 downto z =  39.88
 z = 39.88 ... 42.84    v = 8.94    AVEL = 6.21 downto z =  42.84


 Calculation of average velocity starts at layer #            2
 z =  3.76 ...  6.36    v = 4.80    AVEL = 4.80 downto z =   6.36
 z =  6.36 ... 16.79    v = 5.08    AVEL = 5.02 downto z =  16.79
 z = 16.79 ... 27.61    v = 6.34    AVEL = 5.62 downto z =  27.61
 z = 27.61 ... 30.96    v = 6.95    AVEL = 5.78 downto z =  30.96
 z = 30.96 ... 32.39    v = 7.95    AVEL = 5.89 downto z =  32.39
 z = 32.39 ... 39.88    v = 8.27    AVEL = 6.39 downto z =  39.88
 z = 39.88 ... 42.84    v = 8.94    AVEL = 6.58 downto z =  42.84






    INPUT - S T A T I O N S :



 Station-parameters read from file :
 ./velinp/station.sta                                                            


     stn latitude longitude elev   x      y      z     ptcor stcor model icc
   1 624 72.4760N126.2750E     0  -9.37  53.11  -0.00   0.00  0.00   1  13
   2 628 72.4000N127.1470E     0 -39.15  44.63  -0.00   0.00  0.00   1  12
   3 630 72.0750N128.3250E     0 -80.06   8.37  -0.00   0.00  0.00   1  11
   4 627 72.1170N126.9820E     0 -33.78  13.06  -0.00   0.00  0.00   1  10
   5 621 72.1840N124.8890E     0  38.14  20.53  -0.00   0.00  0.00   1   9
   6 629 71.9290N127.3130E     0 -45.39  -7.92  -0.00   0.00  0.00   1   8
   7 622 72.4420N125.3130E     0  23.42  49.32  -0.00   0.00  0.00   1   7
   8 620 72.6540N124.3470E     0  56.03  72.98  -0.00   0.00  0.00   1   6
   9 623 72.3260N125.7600E     0   8.21  36.38  -0.00   0.00  0.00   1   5
  10 626 71.8880N126.0360E     0  -1.25 -12.50  -0.00   0.00  0.00   1   4
  11 625 72.1740N126.1070E     0  -3.67  19.42  -0.00   0.00  0.00   1   3
  12 631 71.3990N127.2470E     0 -43.72 -67.06  -0.00   0.00  0.00   1   2
  13 632 71.5740N129.0728E     0-107.23 -47.53  -0.00   0.00  0.00   1   1

 NO Seismo-parameter-file specified
 --> NO magnitudes calculated!




   neqs=   91  nshot=    0  nltot=    9

 ~~~ input parameters read.
 ~~~ set units for first iteration ...
 ~~~ determine number of unknowns ...

 Number of unknowns (for array-indexing):  nvar =  385
 Number of effective unknowns        :  nvareff =  373
 Number of elements on/below main diagonal of matrix G = At*A : kvar =   74305

 ~~~ reset G and RHT ...
 ~~~ input data, raytracing, setup G ...






    I N P U T - D A T A  

  eq    origin-time    latitude longitude depth    x      y      z    mag ifxOBS
   1 160818 1613  9.10 73.0030N 124.8500E  23.10  38.61 111.92  23.10 1.40 0   6
   2 160818 1613  9.30 72.9910N 124.8700E  22.80  37.95 110.58  22.80 1.10 0   6
   3 160819 0959 27.30 71.9230N 129.7600E  12.10-130.00  -8.59  12.10 4.00 0  12
   4 160820 1506 15.70 71.9380N 129.7900E  11.00-130.98  -6.92  11.00 1.50 0   9
   5 160820 1904 45.70 72.3480N 127.1800E  23.80 -40.33  38.83  23.80 1.20 0   6
   6 160822 1318 49.50 72.3650N 127.0800E  16.50 -36.90  40.73  16.50 0.60 0   8
   7 160823 0652 14.00 70.9330N 129.8100E   6.40-135.21-119.06   6.40 2.90 0   6
   8 160824 1510 30.40 71.6070N 130.0400E   8.60-140.86 -43.85   8.60 1.50 0   9
   9 160906 1514 39.70 72.5080N 125.6800E  12.10  10.89  56.68  12.10 0.90 0   6
 WARNING:
 epicentral distance: 303.3 > dmax ( 300.0) ==> skipping phase !
 WARNING:
 epicentral distance: 338.2 > dmax ( 300.0) ==> skipping phase !
  10 160920 1607 18.30 69.2370N 128.3500E  16.20 -87.07-308.31  16.20 2.60 0   2
 WARNING:
 epicentral distance: 318.5 > dmax ( 300.0) ==> skipping phase !
 WARNING:
 epicentral distance: 355.0 > dmax ( 300.0) ==> skipping phase !
  11 160925 1911  5.60 69.2250N 127.6800E  15.60 -62.26-309.64  15.60 2.30 0   2
  12 161004 0841 51.20 72.8480N 124.9600E  15.60  35.07  94.62  15.60 0.20 0   6
  13 161005 1619 46.90 72.8770N 125.0100E  19.00  33.35  97.86  19.00 1.00 0   9
  14 161006 0156 55.90 72.8740N 125.0100E  13.90  33.36  97.52  13.90 1.00 0   7
  15 161009 0036 44.70 72.8720N 124.9900E  17.20  34.03  97.30  17.20 1.30 0   8
  16 161009 0036 44.90 72.8580N 124.9600E  18.60  35.06  95.74  18.60 1.20 0   7
  17 161012 0800 22.10 72.7380N 126.0300E  18.50  -1.01  82.35  18.50 0.80 0   7
  18 161015 1013 36.50 72.0400N 126.9900E  11.20 -34.12   4.46  11.20 0.70 0   7
  19 161021 0507 33.30 72.5750N 124.7800E  10.10  41.44  64.16  10.10 0.80 0   6
  20 161124 2250 46.00 72.7630N 124.8800E  16.20  37.85  85.14  16.20 3.10 0   4
  21 161125 0156 34.10 72.7420N 124.9200E  14.50  36.52  82.80  14.50 0.60 0   7
  22 161125 0517 25.90 72.7650N 124.9400E  13.50  35.82  85.36  13.50 1.60 0   6
  23 161125 0525 15.90 72.7740N 124.9500E  11.60  35.48  86.37  11.60 0.80 0   6
  24 161125 0556  2.00 72.7350N 124.9700E   5.70  34.84  82.01   5.70 0.20 0   6
  25 170117 0846 48.60 72.2130N 127.3400E  22.00 -45.97  23.77  22.00 0.30 0   6
  26 170122 1614 27.60 71.9670N 128.0400E  10.30 -70.45  -3.68  10.30 0.90 0   6
  27 170125 2244  0.20 72.4440N 126.0200E  13.10  -0.68  49.54  13.10 0.80 0   6
  28 170302 1359 59.10 72.6830N 124.8900E  11.50  37.60  76.21  11.50 0.50 0   7
  29 170302 2335 20.20 71.8850N 130.3000E  14.80-148.82 -12.83  14.80 2.10 0   9
  30 170304 2135  2.90 72.6880N 124.9400E  13.40  35.90  76.77  13.40 1.30 0   7
  31 170307 0447 21.00 72.6940N 124.9200E  14.20  36.57  77.44  14.20 1.70 0  10
  32 170307 2016 50.80 72.6910N 124.9100E  15.30  36.91  77.10  15.30 1.10 0   6
  33 170309 1454  0.80 72.6830N 124.9000E  15.60  37.26  76.21  15.60 0.30 0   6
  34 170311 0430 55.40 72.3130N 126.5000E  24.50 -17.11  34.93  24.50 0.30 0   6
  35 170312 0416 39.20 71.9240N 128.0800E   3.40 -71.91  -8.48   3.40 2.10 0   6
  36 170313 0553 59.10 72.6980N 124.9200E  15.10  36.57  77.89  15.10 1.00 0   9
  37 170313 0809  5.60 72.4500N 125.0800E  14.90  31.36  50.21  14.90 1.20 0   7
  38 170315 0234 46.50 72.6540N 123.8400E  16.90  73.22  72.98  16.90 1.40 0   7
  39 170317 1007 14.10 72.2350N 125.9800E   3.90   0.69  26.22   3.90 0.50 0   7
  40 170320 0711 14.60 72.1250N 127.2200E  16.80 -41.95  13.95  16.80 0.90 0   6
  41 170320 0853 56.40 72.7090N 124.9700E   5.10  34.86  79.11   5.10 0.40 0   6
  42 170320 1900 34.30 72.4150N 126.1200E  18.00  -4.09  46.31  18.00 0.60 0   7
  43 170323 0519 24.60 71.6470N 129.1800E   5.20-110.76 -39.39   5.20 1.20 0   6
  44 170323 1612 49.70 72.4530N 125.1100E   8.30  30.33  50.55   8.30 0.50 0   6
  45 170323 1906 41.20 72.4070N 130.2500E  18.30-145.04  45.41  18.30 1.00 0   6
  46 170326 0836 34.10 71.9930N 127.6700E  16.10 -57.63  -0.78  16.10 1.50 0   7
  47 170402 0422  1.00 72.7220N 125.6900E  21.90  10.49  80.56  21.90 1.20 0  10
  48 170402 0636 37.20 72.7310N 125.6900E  23.50  10.49  81.57  23.50 0.70 0   6
  49 170404 2347 35.70 72.7580N 124.3800E  22.60  54.76  84.58  22.60 0.50 0   6
  50 170405 0307 36.10 71.6810N 128.9500E  15.30-102.66 -35.60  15.30 1.00 0  10
  51 170405 1410 53.20 71.5100N 128.9000E   9.30-101.37 -54.68   9.30 1.70 0  10
  52 170406 0838 43.20 72.3850N 129.3800E  15.50-115.42  42.96  15.50 0.90 0  10
  53 170406 1728  1.00 72.7230N 125.6900E  21.30  10.49  80.67  21.30 0.90 0  10
 WARNING:
 epicentral distance: 325.9 > dmax ( 300.0) ==> skipping phase !
 WARNING:
 epicentral distance: 332.9 > dmax ( 300.0) ==> skipping phase !
 WARNING:
 epicentral distance: 345.3 > dmax ( 300.0) ==> skipping phase !
 WARNING:
 epicentral distance: 391.9 > dmax ( 300.0) ==> skipping phase !
  54 170407 1729  3.40 74.8930N 128.6300E  15.60 -83.67 322.81  15.60 1.80 0   2
 WARNING:
 epicentral distance: 311.3 > dmax ( 300.0) ==> skipping phase !
 WARNING:
 epicentral distance: 315.4 > dmax ( 300.0) ==> skipping phase !
 WARNING:
 epicentral distance: 328.9 > dmax ( 300.0) ==> skipping phase !
 WARNING:
 epicentral distance: 374.2 > dmax ( 300.0) ==> skipping phase !
  55 170407 1729  3.50 74.7270N 128.8100E   0.40 -89.83 304.29   0.40 1.60 0   5
  56 170408 1004 44.90 72.6070N 124.9400E  15.00  35.98  67.73  15.00 1.40 0  13
  57 170409 0856 47.20 73.3850N 128.5500E  15.60 -84.71 154.54  15.60 2.50 0   6
  58 170409 0902 45.60 73.3500N 128.4400E  15.10 -81.13 150.64  15.10 1.10 0   7
  59 170410 1520  8.50 72.0030N 128.3900E   2.70 -82.46   0.33   2.70 1.00 0  10
  60 170410 1813  3.60 70.9360N 129.1200E   3.70-110.72-118.73   3.70 2.20 0  13
  61 170412 1507  0.60 71.5070N 129.7200E   0.00-130.05 -55.01   0.00 0.70 0   6
  62 170413 0651 20.10 73.3680N 125.4200E  15.60  19.28 152.65  15.60 1.00 0  10
  63 170414 0459 18.80 72.2680N 127.3800E  20.10 -47.27  29.90  20.10 0.50 0   7
  64 170414 0540  4.80 73.6400N 130.9700E   8.00-163.92 183.00   8.00 1.80 0  11
  65 170414 1656 23.40 72.1850N 127.4000E  15.50 -48.06  20.64  15.50 0.20 0   6
  66 170414 1753 32.80 72.3840N 130.4600E  17.90-152.30  42.85  17.90 0.70 0   6
  67 170416 0523 41.90 71.9560N 127.0800E  19.20 -37.31  -4.91  19.20 1.60 0  13
  68 170416 1220 14.20 72.9470N 124.4900E  20.40  50.77 105.67  20.40 1.00 0  11
 WARNING:
 epicentral distance: 320.3 > dmax ( 300.0) ==> skipping phase !
 WARNING:
 epicentral distance: 381.0 > dmax ( 300.0) ==> skipping phase !
 WARNING:
 epicentral distance: 398.8 > dmax ( 300.0) ==> skipping phase !
 WARNING:
 epicentral distance: 405.0 > dmax ( 300.0) ==> skipping phase !
 WARNING:
 epicentral distance: 424.8 > dmax ( 300.0) ==> skipping phase !
 WARNING:
 epicentral distance: 431.2 > dmax ( 300.0) ==> skipping phase !
 WARNING:
 epicentral distance: 445.5 > dmax ( 300.0) ==> skipping phase !
 WARNING:
 epicentral distance: 451.8 > dmax ( 300.0) ==> skipping phase !
 WARNING:
 epicentral distance: 464.3 > dmax ( 300.0) ==> skipping phase !
  69 170416 1257 48.30 68.8710N 131.7500E  73.50-214.97-349.14  73.50 2.20 0   0
  70 170416 1821  5.50 72.8670N 125.0000E  19.30  33.70  96.74  19.30 1.30 0  13
  71 170418 0606  4.10 72.5080N 125.8200E   1.30   6.13  56.68   1.30 0.20 0   6
 WARNING:
 epicentral distance: 315.2 > dmax ( 300.0) ==> skipping phase !
 WARNING:
 epicentral distance: 332.1 > dmax ( 300.0) ==> skipping phase !
 WARNING:
 epicentral distance: 345.3 > dmax ( 300.0) ==> skipping phase !
 WARNING:
 epicentral distance: 352.6 > dmax ( 300.0) ==> skipping phase !
 WARNING:
 epicentral distance: 346.7 > dmax ( 300.0) ==> skipping phase !
 WARNING:
 epicentral distance: 356.6 > dmax ( 300.0) ==> skipping phase !
 WARNING:
 epicentral distance: 363.9 > dmax ( 300.0) ==> skipping phase !
 WARNING:
 epicentral distance: 372.8 > dmax ( 300.0) ==> skipping phase !
 WARNING:
 epicentral distance: 378.6 > dmax ( 300.0) ==> skipping phase !
 WARNING:
 epicentral distance: 378.6 > dmax ( 300.0) ==> skipping phase !
  72 170418 1005 56.80 69.3310N 122.4100E  97.00 132.70-297.82  97.00 2.20 0   1
  73 170418 1500 12.90 72.7340N 124.5100E  23.10  50.40  81.90  23.10 1.30 0  12
  74 170420 1302 36.20 72.6290N 129.0200E  21.80-102.44  70.19  21.80 0.90 0  11
  75 170420 2248 46.70 72.0220N 129.1200E   0.00-107.59   2.46   0.00 0.70 0  11
 WARNING:
 epicentral distance: 313.1 > dmax ( 300.0) ==> skipping phase !
 WARNING:
 epicentral distance: 324.4 > dmax ( 300.0) ==> skipping phase !
 WARNING:
 epicentral distance: 324.2 > dmax ( 300.0) ==> skipping phase !
 WARNING:
 epicentral distance: 342.4 > dmax ( 300.0) ==> skipping phase !
 WARNING:
 epicentral distance: 349.0 > dmax ( 300.0) ==> skipping phase !
 WARNING:
 epicentral distance: 380.2 > dmax ( 300.0) ==> skipping phase !
 WARNING:
 epicentral distance: 381.6 > dmax ( 300.0) ==> skipping phase !
 WARNING:
 epicentral distance: 408.0 > dmax ( 300.0) ==> skipping phase !
  76 170423 0850 54.60 74.7080N 132.7900E   0.10-217.19 302.17   0.10 1.90 0   0
  77 170423 1455 44.10 72.8400N 124.4900E  16.80  50.92  93.73  16.80 0.60 0   8
  78 170423 2313 41.80 72.5960N 124.8700E  22.00  38.36  66.50  22.00 1.30 0  12
  79 170424 0609 58.60 71.9600N 128.0200E   0.10 -69.77  -4.46   0.10 1.10 0  12
  80 170424 0755 26.70 71.9480N 128.0300E   0.00 -70.14  -5.80   0.00 1.00 0  12
  81 170424 0755 26.90 71.9590N 128.0300E   0.00 -70.12  -4.57   0.00 1.00 0  12
  82 170425 0652 23.30 71.9600N 128.0300E   0.00 -70.12  -4.46   0.00 1.20 0   9
  83 170426 0051 23.20 71.9450N 128.0600E   6.60 -71.18  -6.14   6.60 0.70 0   6
  84 170426 1425 21.20 72.0790N 127.2600E  21.00 -43.38   8.82  21.00 0.10 0   6
  85 170426 1834 24.60 71.5840N 130.8000E  10.90-167.46 -46.42  10.90 1.20 0   8
  86 170426 1840 44.10 72.2710N 126.3600E  18.10 -12.33  30.24  18.10 1.30 0   8
  87 170427 0912 28.80 72.0640N 127.7900E   2.60 -61.65   7.14   2.60 0.90 0   8
  88 170427 1041 38.10 71.7480N 128.9900E   8.40-103.86 -28.12   8.40 0.70 0   7
  89 170427 2010 47.80 72.8010N 130.2000E  20.20-141.80  89.38  20.20 1.30 0   8
  90 170427 2010 48.30 72.7890N 130.1400E  20.10-139.82  88.04  20.10 1.30 0   8
  91 170427 2342 34.10 72.7630N 125.0100E  19.50  33.46  85.14  19.50 0.80 0   6

 readings for station 624  :  74
 readings for station 628  :  69
 readings for station 630  :  53
 readings for station 627  :  46
 readings for station 621  :  59
 readings for station 629  :  43
 readings for station 622  :  58
 readings for station 620  :  48
 readings for station 623  :  55
 readings for station 626  :  52
 readings for station 625  :  49
 readings for station 631  :  49
 readings for station 632  :  24

 Total number of stations with readings:  13

 Total number of readings:     679
 Total number of P readings:       0
 Total number of S readings:       0


 ~~~ store parts of G ...
 ~~~ compute RMS and DATVAR ...

 Total number of observations is:   679


 $$$$$$$$$$$$$$$$$$$$$$$$$$$$$$$$$$$$$$$$$$$$$$$$$
 Events with  | AVRES | > 1.0 SEC are suspicious !

 Event#   6 >>>  160822 1318  AVRES = -1.25 NOBS =  8
 Event#   9 >>>  160906 1514  AVRES = -1.37 NOBS =  6
 Event#  10 >>>  160920 1607  AVRES =  3.91 NOBS =  2
 Event#  11 >>>  160925 1911  AVRES =  3.53 NOBS =  2
 Event#  12 >>>  161004 0841  AVRES = -1.32 NOBS =  6
 Event#  14 >>>  161006 0156  AVRES = -1.19 NOBS =  7
 Event#  18 >>>  161015 1013  AVRES = -1.62 NOBS =  7
 Event#  19 >>>  161021 0507  AVRES = -1.56 NOBS =  6
 Event#  21 >>>  161125 0156  AVRES = -1.28 NOBS =  7
 Event#  22 >>>  161125 0517  AVRES = -1.60 NOBS =  6
 Event#  23 >>>  161125 0525  AVRES = -1.77 NOBS =  6
 Event#  24 >>>  161125 0556  AVRES = -1.95 NOBS =  6
 Event#  26 >>>  170122 1614  AVRES = -1.66 NOBS =  6
 Event#  27 >>>  170125 2244  AVRES = -1.18 NOBS =  6
 Event#  28 >>>  170302 1359  AVRES = -1.30 NOBS =  7
 Event#  32 >>>  170307 2016  AVRES = -1.43 NOBS =  6
 Event#  33 >>>  170309 1454  AVRES = -1.11 NOBS =  6
 Event#  35 >>>  170312 0416  AVRES = -2.01 NOBS =  6
 Event#  37 >>>  170313 0809  AVRES = -1.49 NOBS =  7
 Event#  39 >>>  170317 1007  AVRES = -1.49 NOBS =  7
 Event#  40 >>>  170320 0711  AVRES = -1.20 NOBS =  6
 Event#  41 >>>  170320 0853  AVRES = -2.04 NOBS =  6
 Event#  42 >>>  170320 1900  AVRES = -1.02 NOBS =  7
 Event#  43 >>>  170323 0519  AVRES = -2.21 NOBS =  6
 Event#  44 >>>  170323 1612  AVRES = -1.47 NOBS =  6
 Event#  46 >>>  170326 0836  AVRES = -1.22 NOBS =  7
 Event#  54 >>>  170407 1729  AVRES =  2.64 NOBS =  2
 Event#  55 >>>  170407 1729  AVRES =  1.85 NOBS =  5
 Event#  57 >>>  170409 0856  AVRES =  1.95 NOBS =  6
 Event#  58 >>>  170409 0902  AVRES =  1.03 NOBS =  7
 Event#  59 >>>  170410 1520  AVRES = -1.90 NOBS = 10
 Event#  61 >>>  170412 1507  AVRES = -2.08 NOBS =  6
 Event#  64 >>>  170414 0540  AVRES =  2.56 NOBS = 11
 Event#  65 >>>  170414 1656  AVRES = -1.30 NOBS =  6
 Event#  71 >>>  170418 0606  AVRES = -1.39 NOBS =  6
 Event#  72 >>>  170418 1005  AVRES =  4.11 NOBS =  1
 Event#  75 >>>  170420 2248  AVRES = -1.93 NOBS = 11
 Event#  79 >>>  170424 0609  AVRES = -2.23 NOBS = 12
 Event#  80 >>>  170424 0755  AVRES = -2.19 NOBS = 12
 Event#  81 >>>  170424 0755  AVRES = -2.19 NOBS = 12
 Event#  82 >>>  170425 0652  AVRES = -2.34 NOBS =  9
 Event#  83 >>>  170426 0051  AVRES = -1.86 NOBS =  6
 Event#  86 >>>  170426 1840  AVRES = -1.09 NOBS =  8
 Event#  87 >>>  170427 0912  AVRES = -1.96 NOBS =  8
 Event#  88 >>>  170427 1041  AVRES = -1.87 NOBS =  7

 ^^^^^^^^^ C H E C K   these events above ^^^^^^^^
 $$$$$$$$$$$$$$$$$$$$$$$$$$$$$$$$$$$$$$$$$$$$$$$$$

 ~~~ save initial datvar ...

 Iteration nr  0 obtained:
 DATVAR=    4.457622 mean sqrd residual=     2.008884  RMS RESIDUAL=     1.417351

 After  0 iterations we got:
 Average absolute & unweighted [and mean] residual of
   249 straight and direct rays =  1.19036 [ -1.15735]
   430 refracted           rays =  1.52862 [ -0.57534]
     0 reflected           rays =  0.00000 [  0.00000]

   679 ALL                 RAYS =  1.40457 [ -0.78877]        0.00 %




--------------------------------------------------------------------------------



           ITERATION no  1

 ~~~ set units for this iteration ...
 ~~~ determine number of unknowns for this iter. ...

 Number of unknowns (for array-indexing):  nvar =  385
 Number of effective unknowns        :  nvareff =  386
 Number of elements on/below main diagonal of matrix G = At*A : kvar =   74305

 Damping factors to be used in this iteration:
   Othet=   0.010   XYthet  =   0.010   Zthet=  0.010
 STAthet=   0.010   Vthet   =   1.000

 ~~~ damp G ...
 ~~~ solve G * b = RHT ...
 ~~~ fix units ...
 ~~~ apply eventually step-length damping ...
 ~~~ adjust model (hypocenters, stacorr & veloc.) ...

 doing velocity adjustments now...

 doing station-correction adjustments...

 ~~~ compute effective step-length ...

 (Applied) Step length =   1.625

 ~~~ set units for next iteration ...
 ~~~ determine number of unknowns for next iter. ...

 Number of unknowns (for array-indexing):  nvar =  385
 Number of effective unknowns        :  nvareff =  386
 Number of elements on/below main diagonal of matrix G = At*A : kvar =   74305

 ~~~ reset G and RHT ...
 ~~~ raytracing, setup G ...
 ~~~ store parts of G ...
 ~~~ set units back for current iteration ...
 ~~~ determine number of unknowns for this iter. ...

 Number of unknowns (for array-indexing):  nvar =  385
 Number of effective unknowns        :  nvareff =  386
 Number of elements on/below main diagonal of matrix G = At*A : kvar =   74305

 ~~~ compute RMS and DATVAR ...

 $$$$$$$$$$$$$$$$$$$$$$$$$$$$$$$$$$$$$$$$$$$$$$$$$
 Events with  | AVRES | > 1.0 SEC are suspicious !

 Event#   6 >>>  160822 1318  AVRES = -1.17 NOBS =  8
 Event#   9 >>>  160906 1514  AVRES = -1.27 NOBS =  6
 Event#  10 >>>  160920 1607  AVRES =  3.64 NOBS =  2
 Event#  11 >>>  160925 1911  AVRES =  3.29 NOBS =  2
 Event#  12 >>>  161004 0841  AVRES = -1.23 NOBS =  6
 Event#  14 >>>  161006 0156  AVRES = -1.11 NOBS =  7
 Event#  18 >>>  161015 1013  AVRES = -1.50 NOBS =  7
 Event#  19 >>>  161021 0507  AVRES = -1.45 NOBS =  6
 Event#  21 >>>  161125 0156  AVRES = -1.19 NOBS =  7
 Event#  22 >>>  161125 0517  AVRES = -1.49 NOBS =  6
 Event#  23 >>>  161125 0525  AVRES = -1.64 NOBS =  6
 Event#  24 >>>  161125 0556  AVRES = -1.81 NOBS =  6
 Event#  26 >>>  170122 1614  AVRES = -1.54 NOBS =  6
 Event#  27 >>>  170125 2244  AVRES = -1.09 NOBS =  6
 Event#  28 >>>  170302 1359  AVRES = -1.20 NOBS =  7
 Event#  32 >>>  170307 2016  AVRES = -1.33 NOBS =  6
 Event#  33 >>>  170309 1454  AVRES = -1.03 NOBS =  6
 Event#  35 >>>  170312 0416  AVRES = -1.86 NOBS =  6
 Event#  37 >>>  170313 0809  AVRES = -1.39 NOBS =  7
 Event#  39 >>>  170317 1007  AVRES = -1.39 NOBS =  7
 Event#  40 >>>  170320 0711  AVRES = -1.11 NOBS =  6
 Event#  41 >>>  170320 0853  AVRES = -1.89 NOBS =  6
 Event#  43 >>>  170323 0519  AVRES = -2.06 NOBS =  6
 Event#  44 >>>  170323 1612  AVRES = -1.36 NOBS =  6
 Event#  46 >>>  170326 0836  AVRES = -1.13 NOBS =  7
 Event#  54 >>>  170407 1729  AVRES =  2.46 NOBS =  2
 Event#  55 >>>  170407 1729  AVRES =  1.73 NOBS =  5
 Event#  57 >>>  170409 0856  AVRES =  1.83 NOBS =  6
 Event#  59 >>>  170410 1520  AVRES = -1.77 NOBS = 10
 Event#  61 >>>  170412 1507  AVRES = -1.92 NOBS =  6
 Event#  64 >>>  170414 0540  AVRES =  2.39 NOBS = 11
 Event#  65 >>>  170414 1656  AVRES = -1.21 NOBS =  6
 Event#  71 >>>  170418 0606  AVRES = -1.29 NOBS =  6
 Event#  72 >>>  170418 1005  AVRES =  3.81 NOBS =  1
 Event#  75 >>>  170420 2248  AVRES = -1.80 NOBS = 11
 Event#  79 >>>  170424 0609  AVRES = -2.08 NOBS = 12
 Event#  80 >>>  170424 0755  AVRES = -2.04 NOBS = 12
 Event#  81 >>>  170424 0755  AVRES = -2.03 NOBS = 12
 Event#  82 >>>  170425 0652  AVRES = -2.18 NOBS =  9
 Event#  83 >>>  170426 0051  AVRES = -1.73 NOBS =  6
 Event#  86 >>>  170426 1840  AVRES = -1.01 NOBS =  8
 Event#  87 >>>  170427 0912  AVRES = -1.82 NOBS =  8
 Event#  88 >>>  170427 1041  AVRES = -1.74 NOBS =  7

 ^^^^^^^^^ C H E C K   these events above ^^^^^^^^
 $$$$$$$$$$$$$$$$$$$$$$$$$$$$$$$$$$$$$$$$$$$$$$$$$

 ~~~ check solution (better? worse?) ...

 Iteration nr  1 obtained:
 DATVAR=    4.072584 mean sqrd residual=     1.757389  RMS RESIDUAL=     1.325665

 After  1 iterations we got:
 Average absolute & unweighted [and mean] residual of
   251 straight and direct rays =  1.11974 [ -1.08937]
   428 refracted           rays =  1.41922 [ -0.52005]
     0 reflected           rays =  0.00000 [  0.00000]

   679 ALL                 RAYS =  1.30851 [ -0.73050]       -6.84 %

 ~~~ iteration done; output results ...

  eq       ot     x      y      z      rms    avres   dot     dx     dy     dz
    1      9.06  38.57 111.97  23.13   0.58  -0.67   -0.040 -0.040  0.050  0.031
    2      9.26  37.96 110.63  22.86   0.57  -0.71   -0.038  0.014  0.046  0.058
    3     27.24-130.03  -8.50  12.15   1.20  -0.61   -0.057 -0.027  0.094  0.054
    4     15.64-130.99  -6.86  11.03   1.24  -0.54   -0.060 -0.005  0.060  0.033
    5     45.67 -40.30  38.75  23.80   0.29  -0.90   -0.027  0.038 -0.077  0.005
    6     49.47 -36.84  40.69  16.60   0.26  -1.17   -0.026  0.060 -0.042  0.100
    7     13.91-135.00-119.05   6.26   2.27   0.28   -0.086  0.211  0.013 -0.144
    8     30.35-140.91 -43.82   8.68   1.25   0.05   -0.053 -0.045  0.033  0.080
    9     39.66  10.89  56.66  12.13   0.42  -1.27   -0.039  0.000 -0.029  0.027
   10     18.24 -87.21-308.29  16.21   0.98   3.64   -0.063 -0.140  0.014  0.011
   11      5.51 -62.44-309.64  15.61   1.15   3.29   -0.089 -0.174  0.001  0.015
   12     51.16  35.08  94.65  15.68   0.27  -1.23   -0.037  0.016  0.026  0.085
   13     46.86  33.39  97.91  19.09   0.67  -0.71   -0.041  0.038  0.051  0.086
   14     55.86  33.37  97.48  14.00   1.19  -1.11   -0.044  0.018 -0.045  0.096
   15     44.66  34.05  97.34  17.31   1.27  -0.38   -0.041  0.022  0.037  0.110
   16     44.85  35.02  95.83  18.65   1.25  -0.22   -0.048 -0.039  0.092  0.051
   17     22.06  -0.98  82.40  18.55   0.93  -0.83   -0.045  0.034  0.054  0.047
   18     36.45 -34.13   4.45  11.41   0.51  -1.50   -0.053 -0.003 -0.015  0.211
   19     33.26  41.42  64.15  10.24   0.57  -1.45   -0.040 -0.020 -0.006  0.140
   20     45.95  37.82  85.16  16.22   0.75  -0.89   -0.049 -0.032  0.022  0.023
   21     34.06  36.47  82.74  14.50   0.81  -1.19   -0.040 -0.046 -0.057 -0.002
   22     25.85  35.75  85.35  13.53   0.38  -1.49   -0.046 -0.071 -0.011  0.034
   23     15.86  35.39  86.29  11.65   0.56  -1.64   -0.044 -0.086 -0.073  0.053
   24      1.93  34.91  82.20   5.89   0.71  -1.81   -0.071  0.077  0.185  0.191
   25     48.59 -45.93  23.69  22.12   0.24  -0.78   -0.014  0.043 -0.077  0.121
   26     27.56 -70.40  -3.76  10.50   0.59  -1.54   -0.044  0.054 -0.074  0.197
   27      0.16  -0.65  49.50  13.29   0.51  -1.09   -0.045  0.034 -0.047  0.190
   28     59.06  37.64  76.18  11.56   1.14  -1.20   -0.040  0.039 -0.035  0.063
   29     20.15-148.80 -12.69  14.79   1.17  -0.01   -0.047  0.024  0.146 -0.014
   30      2.87  35.90  76.71  13.47   1.22  -0.79   -0.033  0.007 -0.061  0.075
   31     20.96  36.50  77.42  14.28   1.36  -0.77   -0.043 -0.069 -0.018  0.077
   32     50.76  36.91  77.02  15.38   0.28  -1.33   -0.037  0.004 -0.080  0.082
   33      0.77  37.26  76.17  15.67   0.66  -1.03   -0.030  0.003 -0.039  0.066
   34     55.38 -17.04  34.89  24.55   0.18  -0.78   -0.017  0.070 -0.038  0.046
   35     39.18 -71.79  -8.41   3.60   0.93  -1.86   -0.021  0.121  0.074  0.198
   36     59.07  36.55  77.85  15.17   1.05  -0.86   -0.035 -0.020 -0.036  0.069
   37      5.56  31.30  50.20  14.92   0.18  -1.39   -0.040 -0.055 -0.010  0.023
   38     46.47  73.17  72.90  16.90   0.71  -0.81   -0.035 -0.044 -0.073  0.003
   39     14.04   0.76  26.20   4.06   0.66  -1.39   -0.063  0.072 -0.025  0.158
   40     14.56 -41.93  13.96  16.86   0.21  -1.11   -0.038  0.026  0.009  0.060
   41     56.34  34.88  79.13   5.28   0.66  -1.89   -0.058  0.020  0.021  0.176
   42     34.27  -4.05  46.27  18.07   0.25  -0.95   -0.027  0.048 -0.033  0.070
   43     24.56-110.69 -39.32   5.34   0.86  -2.06   -0.041  0.065  0.070  0.137
   44     49.65  30.31  50.53   8.46   0.67  -1.36   -0.049 -0.024 -0.016  0.156
   45     41.17-145.08  45.48  18.36   1.16   0.20   -0.033 -0.044  0.066  0.060
   46     34.07 -57.60  -0.82  16.19   0.25  -1.13   -0.031  0.034 -0.038  0.090
   47      0.98  10.58  80.54  21.91   1.21  -0.29   -0.019  0.088 -0.021  0.012
   48     37.18  10.55  81.59  23.57   0.41  -0.73   -0.024  0.061  0.025  0.071
   49     35.69  54.64  84.52  22.51   0.50  -0.91   -0.014 -0.121 -0.056 -0.095
   50     36.06-102.60 -35.60  15.35   0.96  -0.59   -0.041  0.053 -0.007  0.055
   51     53.16-101.21 -54.46   9.27   1.50  -0.61   -0.043  0.160  0.213 -0.026
   52     43.16-115.53  43.08  15.62   0.96  -0.58   -0.040 -0.110  0.120  0.122
   53      0.98  10.57  80.68  21.32   1.18  -0.28   -0.020  0.084  0.005  0.023
   54      3.19 -83.67 322.79  15.64   0.54   2.46   -0.211 -0.001 -0.024  0.035
   55      3.31 -89.80 304.28   0.44   0.51   1.73   -0.191  0.030 -0.012  0.037
   56     44.86  35.98  67.67  15.07   1.15  -0.85   -0.039  0.005 -0.058  0.067
   57     47.15 -84.71 154.58  15.61   0.86   1.83   -0.054  0.001  0.040  0.009
   58     45.56 -81.12 150.73  15.14   1.44   0.97   -0.037  0.016  0.087  0.040
   59      8.46 -82.26   0.25   2.81   1.01  -1.77   -0.043  0.195 -0.083  0.111
   60      3.53-110.66-118.68   3.71   2.07   0.06   -0.071  0.053  0.042  0.007
   61      0.50-130.24 -55.18   0.40   0.94  -1.92   -0.100 -0.190 -0.169  0.288
   62     20.05  19.36 152.69  15.65   1.58   0.12   -0.047  0.082  0.043  0.053
   63     18.78 -47.23  29.86  20.23   0.23  -0.93   -0.025  0.047 -0.046  0.128
   64      4.73-163.61 183.35   8.01   1.08   2.39   -0.070  0.306  0.358  0.012
   65     23.37 -48.02  20.59  15.62   0.27  -1.21   -0.028  0.047 -0.053  0.121
   66     32.78-152.34  42.92  18.02   0.87  -0.06   -0.025 -0.046  0.075  0.124
   67     41.87 -37.25  -4.98  19.24   0.39  -0.92   -0.030  0.054 -0.074  0.042
   68     14.16  50.87 105.72  20.42   0.84  -0.30   -0.042  0.093  0.046  0.015
   69     48.30-214.97-349.14  73.50   0.00   0.00    0.000  0.000  0.000  0.000
   70      5.46  33.73  96.82  19.33   1.33  -0.22   -0.044  0.030  0.077  0.029
   71      4.05   6.16  56.66   1.38   0.79  -1.29   -0.047  0.030 -0.025  0.079
   72     56.54 132.68-297.80  96.99  14.53   3.81   -0.256 -0.016  0.021 -0.006
   73     12.88  50.40  81.85  23.09   0.98  -0.21   -0.021  0.003 -0.051 -0.013
   74     36.17-102.54  70.25  21.99   0.80  -0.18   -0.030 -0.103  0.062  0.190
   75     46.61-107.85   2.59   0.24   1.21  -1.80   -0.094 -0.263  0.132  0.134
   76     54.60-217.19 302.17   0.10   0.00   0.00    0.000  0.000  0.000  0.000
   77     44.06  50.91  93.77  16.81   0.70  -0.76   -0.036 -0.017  0.035  0.007
   78     41.77  38.38  66.47  22.05   0.83  -0.60   -0.032  0.019 -0.035  0.051
   79     58.56 -69.65  -4.45   0.35   0.81  -2.08   -0.041  0.125  0.011  0.247
   80     26.66 -70.03  -5.80   0.38   0.81  -2.04   -0.040  0.112  0.005  0.269
   81     26.86 -69.99  -4.56   0.29   0.81  -2.03   -0.042  0.134  0.011  0.182
   82     23.25 -69.97  -4.46   0.33   0.81  -2.18   -0.047  0.149  0.002  0.224
   83     23.16 -71.12  -6.17   6.84   0.72  -1.73   -0.040  0.064 -0.037  0.241
   84     21.18 -43.31   8.74  21.06   0.20  -0.84   -0.019  0.067 -0.073  0.056
   85     24.54-167.45 -46.30  10.88   1.48   0.25   -0.062  0.010  0.121 -0.017
   86     44.07 -12.30  30.17  18.21   0.21  -1.01   -0.032  0.034 -0.070  0.105
   87     28.76 -61.62   7.07   2.82   0.80  -1.82   -0.038  0.037 -0.073  0.217
   88     38.04-103.80 -28.22   8.51   0.94  -1.74   -0.056  0.060 -0.104  0.114
   89     47.77-141.89  89.46  20.32   1.02   0.80   -0.031 -0.090  0.080  0.119
   90     48.27-139.88  88.14  20.21   1.00   0.68   -0.035 -0.061  0.100  0.108
   91     34.06  33.50  85.14  19.57   1.19  -0.35   -0.044  0.044 -0.001  0.074

 A V E R A G E   of ADJUSTMENTS :                    -0.047  0.016  0.008  0.079
 A V E R A G E   of ABSOLUTE ADJUSTMENTS :            0.047  0.060  0.055  0.086


 Step length damping of 0.07011 was applied.


 Velocity adjustments:
     vp    dvp      hp   reflector
 Velocity model   1
   4.581  0.031   -5.000      
   4.824  0.024    3.760      
   5.139  0.059    6.360      
   6.347  0.007   16.790      
   6.991  0.041   27.610      
   7.963  0.013   30.960      
   8.218 -0.052   32.390      
   9.004  0.064   39.880      
   9.240 -0.200   42.840      

 Calculation of average velocity starts at layer #           1
 z = -5.00 ...  3.76    v = 4.58    AVEL = 4.58 downto z =   3.76
 z =  3.76 ...  6.36    v = 4.82    AVEL = 4.64 downto z =   6.36
 z =  6.36 ... 16.79    v = 5.14    AVEL = 4.88 downto z =  16.79
 z = 16.79 ... 27.61    v = 6.35    AVEL = 5.36 downto z =  27.61
 z = 27.61 ... 30.96    v = 6.99    AVEL = 5.52 downto z =  30.96
 z = 30.96 ... 32.39    v = 7.96    AVEL = 5.61 downto z =  32.39
 z = 32.39 ... 39.88    v = 8.22    AVEL = 6.05 downto z =  39.88
 z = 39.88 ... 42.84    v = 9.00    AVEL = 6.23 downto z =  42.84


 Calculation of average velocity starts at layer #           2
 z =  3.76 ...  6.36    v = 4.82    AVEL = 4.82 downto z =   6.36
 z =  6.36 ... 16.79    v = 5.14    AVEL = 5.08 downto z =  16.79
 z = 16.79 ... 27.61    v = 6.35    AVEL = 5.65 downto z =  27.61
 z = 27.61 ... 30.96    v = 6.99    AVEL = 5.82 downto z =  30.96
 z = 30.96 ... 32.39    v = 7.96    AVEL = 5.92 downto z =  32.39
 z = 32.39 ... 39.88    v = 8.22    AVEL = 6.40 downto z =  39.88
 z = 39.88 ... 42.84    v = 9.00    AVEL = 6.60 downto z =  42.84



 Adjusted station corrections:
   stn  ptcor  dpcor  
  624   0.000  0.000  628  -0.016 -0.016  630  -0.009 -0.009  627   0.006  0.006
  621   0.007  0.007  629   0.012  0.012  622   0.009  0.009  620   0.007  0.007
  623   0.021  0.021  626   0.013  0.013  625   0.012  0.012  631   0.024  0.024
  632  -0.001 -0.001

 ~~~ another iteration? ...



--------------------------------------------------------------------------------



           ITERATION no  2

 ~~~ set units for this iteration ...
 ~~~ determine number of unknowns for this iter. ...

 Number of unknowns (for array-indexing):  nvar =  385
 Number of effective unknowns        :  nvareff =  386
 Number of elements on/below main diagonal of matrix G = At*A : kvar =   74305

 Damping factors to be used in this iteration:
   Othet=   0.010   XYthet  =   0.010   Zthet=  0.010
 STAthet=   0.010   Vthet   =   1.000

 ~~~ damp G ...
 ~~~ solve G * b = RHT ...
 ~~~ fix units ...
 ~~~ apply eventually step-length damping ...
 ~~~ adjust model (hypocenters, stacorr & veloc.) ...

 doing velocity adjustments now...

 doing station-correction adjustments...

 ~~~ compute effective step-length ...

 (Applied) Step length =   1.749

 ~~~ set units for next iteration ...
 ~~~ determine number of unknowns for next iter. ...

 Number of unknowns (for array-indexing):  nvar =  385
 Number of effective unknowns        :  nvareff =  386
 Number of elements on/below main diagonal of matrix G = At*A : kvar =   74305

 ~~~ reset G and RHT ...
 ~~~ raytracing, setup G ...
 ~~~ store parts of G ...
 ~~~ set units back for current iteration ...
 ~~~ determine number of unknowns for this iter. ...

 Number of unknowns (for array-indexing):  nvar =  385
 Number of effective unknowns        :  nvareff =  386
 Number of elements on/below main diagonal of matrix G = At*A : kvar =   74305

 ~~~ compute RMS and DATVAR ...

 $$$$$$$$$$$$$$$$$$$$$$$$$$$$$$$$$$$$$$$$$$$$$$$$$
 Events with  | AVRES | > 1.0 SEC are suspicious !

 Event#   6 >>>  160822 1318  AVRES = -1.07 NOBS =  8
 Event#   9 >>>  160906 1514  AVRES = -1.17 NOBS =  6
 Event#  10 >>>  160920 1607  AVRES =  3.36 NOBS =  2
 Event#  11 >>>  160925 1911  AVRES =  3.03 NOBS =  2
 Event#  12 >>>  161004 0841  AVRES = -1.13 NOBS =  6
 Event#  14 >>>  161006 0156  AVRES = -1.02 NOBS =  7
 Event#  18 >>>  161015 1013  AVRES = -1.38 NOBS =  7
 Event#  19 >>>  161021 0507  AVRES = -1.34 NOBS =  6
 Event#  21 >>>  161125 0156  AVRES = -1.08 NOBS =  7
 Event#  22 >>>  161125 0517  AVRES = -1.37 NOBS =  6
 Event#  23 >>>  161125 0525  AVRES = -1.51 NOBS =  6
 Event#  24 >>>  161125 0556  AVRES = -1.66 NOBS =  6
 Event#  26 >>>  170122 1614  AVRES = -1.42 NOBS =  6
 Event#  27 >>>  170125 2244  AVRES = -1.00 NOBS =  6
 Event#  28 >>>  170302 1359  AVRES = -1.10 NOBS =  7
 Event#  32 >>>  170307 2016  AVRES = -1.23 NOBS =  6
 Event#  35 >>>  170312 0416  AVRES = -1.72 NOBS =  6
 Event#  37 >>>  170313 0809  AVRES = -1.28 NOBS =  7
 Event#  39 >>>  170317 1007  AVRES = -1.27 NOBS =  7
 Event#  40 >>>  170320 0711  AVRES = -1.02 NOBS =  6
 Event#  41 >>>  170320 0853  AVRES = -1.74 NOBS =  6
 Event#  43 >>>  170323 0519  AVRES = -1.89 NOBS =  6
 Event#  44 >>>  170323 1612  AVRES = -1.25 NOBS =  6
 Event#  46 >>>  170326 0836  AVRES = -1.04 NOBS =  7
 Event#  54 >>>  170407 1729  AVRES =  2.27 NOBS =  2
 Event#  55 >>>  170407 1729  AVRES =  1.60 NOBS =  5
 Event#  57 >>>  170409 0856  AVRES =  1.69 NOBS =  6
 Event#  59 >>>  170410 1520  AVRES = -1.62 NOBS = 10
 Event#  61 >>>  170412 1507  AVRES = -1.76 NOBS =  6
 Event#  64 >>>  170414 0540  AVRES =  2.21 NOBS = 11
 Event#  65 >>>  170414 1656  AVRES = -1.11 NOBS =  6
 Event#  71 >>>  170418 0606  AVRES = -1.19 NOBS =  6
 Event#  72 >>>  170418 1005  AVRES =  3.49 NOBS =  1
 Event#  75 >>>  170420 2248  AVRES = -1.64 NOBS = 11
 Event#  79 >>>  170424 0609  AVRES = -1.90 NOBS = 12
 Event#  80 >>>  170424 0755  AVRES = -1.87 NOBS = 12
 Event#  81 >>>  170424 0755  AVRES = -1.86 NOBS = 12
 Event#  82 >>>  170425 0652  AVRES = -2.00 NOBS =  9
 Event#  83 >>>  170426 0051  AVRES = -1.59 NOBS =  6
 Event#  87 >>>  170427 0912  AVRES = -1.67 NOBS =  8
 Event#  88 >>>  170427 1041  AVRES = -1.59 NOBS =  7

 ^^^^^^^^^ C H E C K   these events above ^^^^^^^^
 $$$$$$$$$$$$$$$$$$$$$$$$$$$$$$$$$$$$$$$$$$$$$$$$$

 ~~~ check solution (better? worse?) ...

 Iteration nr  2 obtained:
 DATVAR=    3.511250 mean sqrd residual=     1.515164  RMS RESIDUAL=     1.230920

 After  2 iterations we got:
 Average absolute & unweighted [and mean] residual of
   254 straight and direct rays =  1.02596 [ -0.99846]
   425 refracted           rays =  1.31769 [ -0.46516]
     0 reflected           rays =  0.00000 [  0.00000]

   679 ALL                 RAYS =  1.20856 [ -0.66466]       -7.64 %

 ~~~ iteration done; output results ...

  eq       ot     x      y      z      rms    avres   dot     dx     dy     dz
    1      9.02  38.53 112.03  23.17   0.55  -0.60   -0.041 -0.038  0.058  0.042
    2      9.22  37.99 110.68  22.93   0.54  -0.64   -0.040  0.021  0.054  0.073
    3     27.19-130.06  -8.37  12.16   1.11  -0.55   -0.057 -0.031  0.128  0.004
    4     15.57-131.09  -6.74  10.96   1.15  -0.48   -0.069 -0.103  0.118 -0.070
    5     45.64 -40.26  38.67  23.82   0.28  -0.83   -0.028  0.037 -0.086  0.014
    6     49.45 -36.78  40.67  16.72   0.24  -1.07   -0.025  0.062 -0.020  0.120
    7     13.83-134.77-119.04   6.11   2.12   0.27   -0.087  0.238  0.006 -0.150
    8     30.29-140.96 -43.78   8.77   1.17   0.07   -0.053 -0.056  0.039  0.092
    9     39.62  10.89  56.62  12.16   0.39  -1.17   -0.040 -0.002 -0.031  0.032
   10     18.18 -87.37-308.28  16.22   0.98   3.36   -0.059 -0.161  0.015  0.010
   11      5.42 -62.64-309.64  15.63   1.16   3.03   -0.087 -0.200  0.000  0.014
   12     51.12  35.11  94.69  15.79   0.24  -1.13   -0.038  0.029  0.037  0.105
   13     46.82  33.44  97.97  19.20   0.64  -0.64   -0.043  0.046  0.062  0.112
   14     55.81  33.40  97.43  14.10   1.10  -1.02   -0.046  0.021 -0.045  0.104
   15     44.62  34.08  97.38  17.43   1.18  -0.34   -0.042  0.029  0.044  0.125
   16     44.80  34.98  95.94  18.71   1.17  -0.19   -0.051 -0.040  0.112  0.059
   17     22.01  -0.95  82.47  18.60   0.86  -0.76   -0.047  0.032  0.064  0.050
   18     36.39 -34.14   4.42  11.64   0.47  -1.38   -0.058 -0.017 -0.026  0.232
   19     33.22  41.41  64.15  10.39   0.52  -1.34   -0.040 -0.019 -0.003  0.154
   20     45.90  37.79  85.19  16.26   0.71  -0.81   -0.050 -0.032  0.025  0.032
   21     34.02  36.43  82.67  14.50   0.77  -1.08   -0.041 -0.044 -0.063  0.000
   22     25.81  35.68  85.34  13.58   0.35  -1.37   -0.047 -0.071 -0.012  0.042
   23     15.82  35.37  86.18  11.76   0.53  -1.51   -0.035 -0.021 -0.112  0.109
   24      1.85  35.01  82.42   6.10   0.68  -1.66   -0.075  0.095  0.218  0.212
   25     48.57 -45.88  23.60  22.25   0.23  -0.71   -0.014  0.052 -0.087  0.129
   26     27.51 -70.33  -3.83  10.71   0.54  -1.42   -0.045  0.068 -0.073  0.214
   27      0.12  -0.60  49.39  13.37   0.48  -1.00   -0.033  0.046 -0.103  0.083
   28     59.02  37.64  76.22  11.58   1.06  -1.10   -0.042  0.002  0.038  0.014
   29     20.11-148.72 -12.65  14.76   1.09   0.01   -0.041  0.076  0.038 -0.026
   30      2.83  35.91  76.64  13.55   1.15  -0.71   -0.034  0.010 -0.064  0.078
   31     20.91  36.42  77.40  14.32   1.26  -0.70   -0.042 -0.085 -0.021  0.047
   32     50.72  36.93  76.93  15.48   0.26  -1.23   -0.038  0.012 -0.090  0.093
   33      0.74  37.27  76.13  15.74   0.62  -0.94   -0.031  0.006 -0.040  0.071
   34     55.37 -16.97  34.84  24.59   0.17  -0.72   -0.016  0.071 -0.047  0.045
   35     39.17 -71.59  -8.32   3.77   0.87  -1.72   -0.011  0.203  0.084  0.174
   36     59.03  36.53  77.82  15.24   0.98  -0.78   -0.036 -0.019 -0.033  0.075
   37      5.52  31.28  50.16  14.97   0.17  -1.28   -0.039 -0.020 -0.038  0.049
   38     46.43  73.14  72.83  16.92   0.67  -0.74   -0.036 -0.039 -0.077  0.016
   39     13.98   0.78  26.20   4.19   0.61  -1.27   -0.060  0.025  0.006  0.129
   40     14.52 -41.90  13.96  16.91   0.20  -1.02   -0.040  0.024  0.002  0.053
   41     56.28  34.91  79.16   5.47   0.61  -1.74   -0.059  0.032  0.030  0.198
   42     34.24  -4.00  46.24  18.14   0.23  -0.87   -0.028  0.048 -0.039  0.075
   43     24.52-110.63 -39.24   5.49   0.80  -1.89   -0.041  0.063  0.075  0.157
   44     49.60  30.29  50.52   8.62   0.63  -1.25   -0.050 -0.025 -0.016  0.168
   45     41.13-145.13  45.56  18.43   1.07   0.20   -0.033 -0.043  0.077  0.072
   46     34.04 -57.55  -0.86  16.28   0.24  -1.04   -0.032  0.046 -0.036  0.093
   47      0.96  10.67  80.52  21.93   1.13  -0.26   -0.019  0.096 -0.020  0.018
   48     37.16  10.63  81.60  23.48   0.38  -0.67   -0.011  0.084  0.009 -0.096
   49     35.67  54.52  84.47  22.42   0.47  -0.83   -0.015 -0.117 -0.056 -0.089
   50     36.02-102.47 -35.64  15.38   0.91  -0.53   -0.035  0.132 -0.034  0.021
   51     53.11-101.03 -54.22   9.24   1.41  -0.54   -0.042  0.183  0.245 -0.035
   52     43.12-115.63  43.22  15.69   0.91  -0.52   -0.045 -0.106  0.141  0.068
   53      0.96  10.66  80.69  21.35   1.10  -0.25   -0.020  0.091  0.008  0.032
   54      2.97 -83.68 322.76  15.67   0.51   2.27   -0.217 -0.003 -0.026  0.035
   55      3.11 -89.77 304.26   0.47   0.47   1.60   -0.194  0.031 -0.013  0.037
   56     44.82  35.99  67.61  15.14   1.08  -0.77   -0.040  0.006 -0.064  0.070
   57     47.09 -84.69 154.64  15.62   0.80   1.69   -0.054  0.018  0.051  0.009
   58     45.53 -81.09 150.82  15.18   1.33   0.90   -0.038  0.030  0.092  0.037
   59      8.42 -82.04   0.16   2.93   0.95  -1.62   -0.042  0.225 -0.091  0.116
   60      3.46-110.50-118.63   3.66   1.94   0.07   -0.069  0.167  0.052 -0.043
   61      0.41-130.36 -55.36   0.64   0.89  -1.76   -0.087 -0.125 -0.184  0.241
   62     20.01  19.55 152.70  15.72   1.47   0.13   -0.040  0.186  0.014  0.071
   63     18.75 -47.17  29.80  20.36   0.22  -0.85   -0.025  0.054 -0.055  0.133
   64      4.66-163.27 183.76   8.02   1.01   2.21   -0.069  0.343  0.403  0.011
   65     23.34 -47.96  20.53  15.75   0.25  -1.11   -0.028  0.059 -0.063  0.128
   66     32.75-152.41  43.00  18.12   0.80  -0.04   -0.023 -0.066  0.081  0.100
   67     41.85 -37.19  -5.07  19.14   0.37  -0.85   -0.024  0.065 -0.082 -0.100
   68     14.11  50.97 105.77  20.45   0.78  -0.26   -0.045  0.106  0.056  0.034
   69     48.30-214.97-349.14  73.50   0.00   0.00    0.000  0.000  0.000  0.000
   70      5.41  33.75  96.93  19.33   1.23  -0.19   -0.047  0.021  0.108 -0.003
   71      4.01   6.19  56.63   1.48   0.76  -1.19   -0.045  0.030 -0.030  0.103
   72     56.28 132.67-297.77  96.99  12.20   3.49   -0.262 -0.017  0.022 -0.006
   73     12.86  50.41  81.80  23.08   0.91  -0.19   -0.022  0.013 -0.051 -0.004
   74     36.14-102.65  70.32  22.22   0.75  -0.15   -0.030 -0.108  0.069  0.226
   75     46.51-108.13   2.74   0.41   1.17  -1.64   -0.094 -0.285  0.153  0.169
   76     54.60-217.19 302.17   0.10   0.00   0.00    0.000  0.000  0.000  0.000
   77     44.03  50.90  93.81  16.83   0.66  -0.69   -0.037 -0.010  0.040  0.024
   78     41.74  38.41  66.43  22.12   0.78  -0.55   -0.033  0.025 -0.036  0.065
   79     58.52 -69.51  -4.44   0.62   0.75  -1.90   -0.038  0.133  0.015  0.277
   80     26.62 -69.92  -5.80   0.64   0.76  -1.87   -0.039  0.112 -0.006  0.263
   81     26.82 -69.84  -4.55   0.50   0.76  -1.86   -0.040  0.143  0.014  0.207
   82     23.21 -69.81  -4.46   0.59   0.75  -2.00   -0.045  0.159  0.005  0.253
   83     23.12 -71.05  -6.19   7.02   0.67  -1.59   -0.036  0.068 -0.014  0.178
   84     21.16 -43.24   8.66  21.11   0.19  -0.77   -0.019  0.079 -0.087  0.053
   85     24.48-167.45 -46.15  10.85   1.38   0.24   -0.060  0.005  0.145 -0.035
   86     44.04 -12.26  30.09  18.31   0.19  -0.93   -0.033  0.038 -0.081  0.107
   87     28.72 -61.57   6.99   3.05   0.74  -1.67   -0.037  0.046 -0.076  0.233
   88     37.99-103.73 -28.33   8.65   0.89  -1.59   -0.056  0.071 -0.108  0.133
   89     47.74-141.97  89.54  20.44   0.93   0.75   -0.033 -0.087  0.086  0.124
   90     48.23-139.93  88.25  20.32   0.90   0.65   -0.037 -0.054  0.110  0.113
   91     34.01  33.55  85.14  19.57   1.09  -0.31   -0.042  0.047  0.003  0.000

 A V E R A G E   of ADJUSTMENTS :                    -0.047  0.024  0.010  0.075
 A V E R A G E   of ABSOLUTE ADJUSTMENTS :            0.047  0.069  0.061  0.089


 Step length damping of 0.08060 was applied.


 Velocity adjustments:
     vp    dvp      hp   reflector
 Velocity model   1
   4.619  0.038   -5.000      
   4.849  0.024    3.760      
   5.204  0.065    6.360      
   6.356  0.008   16.790      
   7.031  0.040   27.610      
   7.985  0.021   30.960      
   8.156 -0.062   32.390      
   8.964 -0.039   39.880      
   9.040 -0.200   42.840      

 Calculation of average velocity starts at layer #           1
 z = -5.00 ...  3.76    v = 4.62    AVEL = 4.62 downto z =   3.76
 z =  3.76 ...  6.36    v = 4.85    AVEL = 4.67 downto z =   6.36
 z =  6.36 ... 16.79    v = 5.20    AVEL = 4.93 downto z =  16.79
 z = 16.79 ... 27.61    v = 6.36    AVEL = 5.40 downto z =  27.61
 z = 27.61 ... 30.96    v = 7.03    AVEL = 5.55 downto z =  30.96
 z = 30.96 ... 32.39    v = 7.98    AVEL = 5.65 downto z =  32.39
 z = 32.39 ... 39.88    v = 8.16    AVEL = 6.06 downto z =  39.88
 z = 39.88 ... 42.84    v = 8.96    AVEL = 6.24 downto z =  42.84


 Calculation of average velocity starts at layer #           2
 z =  3.76 ...  6.36    v = 4.85    AVEL = 4.85 downto z =   6.36
 z =  6.36 ... 16.79    v = 5.20    AVEL = 5.13 downto z =  16.79
 z = 16.79 ... 27.61    v = 6.36    AVEL = 5.69 downto z =  27.61
 z = 27.61 ... 30.96    v = 7.03    AVEL = 5.85 downto z =  30.96
 z = 30.96 ... 32.39    v = 7.98    AVEL = 5.96 downto z =  32.39
 z = 32.39 ... 39.88    v = 8.16    AVEL = 6.42 downto z =  39.88
 z = 39.88 ... 42.84    v = 8.96    AVEL = 6.61 downto z =  42.84



 Adjusted station corrections:
   stn  ptcor  dpcor  
  624   0.000  0.000  628  -0.033 -0.017  630  -0.019 -0.010  627   0.014  0.008
  621   0.014  0.007  629   0.027  0.015  622   0.019  0.010  620   0.015  0.008
  623   0.042  0.021  626   0.029  0.016  625   0.027  0.015  631   0.049  0.025
  632  -0.004 -0.003

 ~~~ another iteration? ...



--------------------------------------------------------------------------------



           ITERATION no  3

 ~~~ set units for this iteration ...
 ~~~ determine number of unknowns for this iter. ...

 Number of unknowns (for array-indexing):  nvar =  385
 Number of effective unknowns        :  nvareff =  386
 Number of elements on/below main diagonal of matrix G = At*A : kvar =   74305

 Damping factors to be used in this iteration:
   Othet=   0.010   XYthet  =   0.010   Zthet=  0.010
 STAthet=   0.010   Vthet   =   1.000

 ~~~ damp G ...
 ~~~ solve G * b = RHT ...
 ~~~ fix units ...
 ~~~ apply eventually step-length damping ...
 ~~~ adjust model (hypocenters, stacorr & veloc.) ...

 doing velocity adjustments now...

 doing station-correction adjustments...

 ~~~ compute effective step-length ...

 (Applied) Step length =   1.834

 ~~~ set units for next iteration ...
 ~~~ determine number of unknowns for next iter. ...

 Number of unknowns (for array-indexing):  nvar =  385
 Number of effective unknowns        :  nvareff =  386
 Number of elements on/below main diagonal of matrix G = At*A : kvar =   74305

 ~~~ reset G and RHT ...
 ~~~ raytracing, setup G ...
 ~~~ store parts of G ...
 ~~~ set units back for current iteration ...
 ~~~ determine number of unknowns for this iter. ...

 Number of unknowns (for array-indexing):  nvar =  385
 Number of effective unknowns        :  nvareff =  386
 Number of elements on/below main diagonal of matrix G = At*A : kvar =   74305

 ~~~ compute RMS and DATVAR ...

 $$$$$$$$$$$$$$$$$$$$$$$$$$$$$$$$$$$$$$$$$$$$$$$$$
 Events with  | AVRES | > 1.0 SEC are suspicious !

 Event#   9 >>>  160906 1514  AVRES = -1.06 NOBS =  6
 Event#  10 >>>  160920 1607  AVRES =  3.07 NOBS =  2
 Event#  11 >>>  160925 1911  AVRES =  2.77 NOBS =  2
 Event#  12 >>>  161004 0841  AVRES = -1.02 NOBS =  6
 Event#  18 >>>  161015 1013  AVRES = -1.26 NOBS =  7
 Event#  19 >>>  161021 0507  AVRES = -1.21 NOBS =  6
 Event#  22 >>>  161125 0517  AVRES = -1.25 NOBS =  6
 Event#  23 >>>  161125 0525  AVRES = -1.37 NOBS =  6
 Event#  24 >>>  161125 0556  AVRES = -1.51 NOBS =  6
 Event#  26 >>>  170122 1614  AVRES = -1.29 NOBS =  6
 Event#  28 >>>  170302 1359  AVRES = -1.00 NOBS =  7
 Event#  32 >>>  170307 2016  AVRES = -1.11 NOBS =  6
 Event#  35 >>>  170312 0416  AVRES = -1.56 NOBS =  6
 Event#  37 >>>  170313 0809  AVRES = -1.16 NOBS =  7
 Event#  39 >>>  170317 1007  AVRES = -1.16 NOBS =  7
 Event#  41 >>>  170320 0853  AVRES = -1.58 NOBS =  6
 Event#  43 >>>  170323 0519  AVRES = -1.72 NOBS =  6
 Event#  44 >>>  170323 1612  AVRES = -1.14 NOBS =  6
 Event#  54 >>>  170407 1729  AVRES =  2.07 NOBS =  2
 Event#  55 >>>  170407 1729  AVRES =  1.47 NOBS =  5
 Event#  57 >>>  170409 0856  AVRES =  1.56 NOBS =  6
 Event#  59 >>>  170410 1520  AVRES = -1.47 NOBS = 10
 Event#  61 >>>  170412 1507  AVRES = -1.58 NOBS =  6
 Event#  64 >>>  170414 0540  AVRES =  2.03 NOBS = 11
 Event#  65 >>>  170414 1656  AVRES = -1.01 NOBS =  6
 Event#  71 >>>  170418 0606  AVRES = -1.08 NOBS =  6
 Event#  72 >>>  170418 1005  AVRES =  3.16 NOBS =  1
 Event#  75 >>>  170420 2248  AVRES = -1.49 NOBS = 11
 Event#  79 >>>  170424 0609  AVRES = -1.73 NOBS = 12
 Event#  80 >>>  170424 0755  AVRES = -1.70 NOBS = 12
 Event#  81 >>>  170424 0755  AVRES = -1.69 NOBS = 12
 Event#  82 >>>  170425 0652  AVRES = -1.82 NOBS =  9
 Event#  83 >>>  170426 0051  AVRES = -1.44 NOBS =  6
 Event#  87 >>>  170427 0912  AVRES = -1.52 NOBS =  8
 Event#  88 >>>  170427 1041  AVRES = -1.45 NOBS =  7

 ^^^^^^^^^ C H E C K   these events above ^^^^^^^^
 $$$$$$$$$$$$$$$$$$$$$$$$$$$$$$$$$$$$$$$$$$$$$$$$$

 ~~~ check solution (better? worse?) ...

 Iteration nr  3 obtained:
 DATVAR=    2.959522 mean sqrd residual=     1.277084  RMS RESIDUAL=     1.130081

 After  3 iterations we got:
 Average absolute & unweighted [and mean] residual of
   266 straight and direct rays =  0.93583 [ -0.91209]
   413 refracted           rays =  1.21049 [ -0.39913]
     0 reflected           rays =  0.00000 [  0.00000]

   679 ALL                 RAYS =  1.10289 [ -0.60009]       -8.74 %

 ~~~ iteration done; output results ...

  eq       ot     x      y      z      rms    avres   dot     dx     dy     dz
    1      8.98  38.48 112.09  23.22   0.49  -0.55   -0.039 -0.057  0.061  0.048
    2      9.18  38.00 110.73  23.01   0.49  -0.58   -0.037  0.011  0.051  0.076
    3     27.13-130.12  -8.26  12.21   1.01  -0.49   -0.060 -0.065  0.114  0.048
    4     15.51-131.15  -6.65  10.95   1.06  -0.43   -0.063 -0.056  0.086 -0.016
    5     45.62 -40.22  38.58  23.84   0.26  -0.75   -0.027  0.036 -0.091  0.024
    6     49.43 -36.73  40.66  16.86   0.23  -0.98   -0.024  0.049 -0.005  0.143
    7     13.75-134.63-118.92   5.94   1.94   0.28   -0.081  0.137  0.117 -0.166
    8     30.25-141.01 -43.78   8.88   1.08   0.07   -0.046 -0.043  0.001  0.105
    9     39.58  10.88  56.59  12.20   0.36  -1.06   -0.039 -0.006 -0.037  0.038
   10     18.11 -87.54-308.26  16.23   0.98   3.07   -0.068 -0.177  0.017  0.011
   11      5.33 -62.86-309.64  15.64   1.17   2.77   -0.097 -0.223  0.001  0.015
   12     51.09  35.13  94.72  15.90   0.22  -1.02   -0.036  0.022  0.038  0.115
   13     46.78  33.47  98.02  19.30   0.58  -0.58   -0.039  0.035  0.052  0.106
   14     55.76  33.43  97.41  14.26   1.01  -0.92   -0.046  0.039 -0.028  0.157
   15     44.58  34.11  97.41  17.57   1.08  -0.30   -0.038  0.029  0.032  0.135
   16     44.76  34.94  96.04  18.79   1.07  -0.17   -0.046 -0.035  0.094  0.082
   17     21.97  -0.91  82.51  18.58   0.78  -0.69   -0.041  0.037  0.046 -0.013
   18     36.33 -34.17   4.42  11.90   0.43  -1.26   -0.056 -0.027 -0.003  0.255
   19     33.18  41.38  64.14  10.56   0.48  -1.21   -0.038 -0.028 -0.013  0.168
   20     45.85  37.75  85.20  16.27   0.64  -0.73   -0.049 -0.037  0.010  0.015
   21     33.98  36.38  82.59  14.50   0.72  -0.98   -0.037 -0.051 -0.083 -0.001
   22     25.76  35.60  85.31  13.62   0.31  -1.25   -0.044 -0.083 -0.024  0.048
   23     15.79  35.33  86.05  11.88   0.49  -1.37   -0.032 -0.037 -0.134  0.113
   24      1.80  35.00  82.61   6.36   0.65  -1.51   -0.053 -0.013  0.197  0.260
   25     48.56 -45.84  23.51  22.38   0.22  -0.65   -0.011  0.038 -0.093  0.126
   26     27.47 -70.26  -3.90  10.95   0.50  -1.29   -0.045  0.071 -0.074  0.239
   27      0.09  -0.56  49.30  13.47   0.44  -0.91   -0.032  0.045 -0.097  0.097
   28     58.98  37.61  76.24  11.53   0.97  -1.00   -0.037 -0.025  0.026 -0.044
   29     20.07-148.60 -12.63  14.68   1.00   0.01   -0.038  0.126  0.013 -0.077
   30      2.80  35.89  76.64  13.59   1.06  -0.65   -0.031 -0.022 -0.008  0.035
   31     20.87  36.29  77.40  14.35   1.17  -0.63   -0.041 -0.127 -0.000  0.022
   32     50.69  36.93  76.83  15.57   0.23  -1.11   -0.035  0.002 -0.099  0.098
   33      0.71  37.27  76.08  15.82   0.57  -0.86   -0.027  0.006 -0.057  0.083
   34     55.35 -16.88  34.81  24.64   0.16  -0.65   -0.013  0.089 -0.027  0.047
   35     39.15 -71.41  -8.23   4.03   0.80  -1.56   -0.014  0.182  0.092  0.253
   36     59.00  36.48  77.76  15.27   0.90  -0.71   -0.028 -0.042 -0.060  0.026
   37      5.48  31.25  50.12  15.00   0.15  -1.16   -0.036 -0.031 -0.044  0.031
   38     46.40  73.07  72.82  16.95   0.62  -0.67   -0.028 -0.065 -0.002  0.034
   39     13.92   0.81  26.20   4.33   0.56  -1.16   -0.056  0.028  0.000  0.140
   40     14.48 -41.88  13.96  16.96   0.19  -0.93   -0.040  0.020  0.006  0.049
   41     56.23  34.93  79.21   5.68   0.57  -1.58   -0.056  0.015  0.044  0.207
   42     34.22  -3.94  46.21  18.21   0.21  -0.79   -0.025  0.058 -0.028  0.065
   43     24.48-110.55 -39.16   5.68   0.73  -1.72   -0.037  0.084  0.081  0.187
   44     49.55  30.25  50.49   8.81   0.57  -1.14   -0.048 -0.034 -0.024  0.186
   45     41.10-145.13  45.68  18.49   0.96   0.19   -0.031 -0.007  0.119  0.058
   46     34.01 -57.51  -0.90  16.37   0.22  -0.95   -0.030  0.044 -0.039  0.087
   47      0.95  10.76  80.51  21.93   1.04  -0.24   -0.016  0.085 -0.014  0.001
   48     37.14  10.69  81.63  23.61   0.36  -0.60   -0.024  0.056  0.031  0.133
   49     35.66  54.38  84.40  22.31   0.43  -0.76   -0.009 -0.141 -0.068 -0.102
   50     35.99-102.38 -35.63  15.42   0.84  -0.48   -0.037  0.087  0.002  0.049
   51     53.07-100.81 -53.94   9.14   1.31  -0.48   -0.041  0.217  0.280 -0.100
   52     43.08-115.74  43.35  15.83   0.84  -0.47   -0.037 -0.105  0.133  0.142
   53      0.94  10.74  80.71  21.37   1.01  -0.23   -0.017  0.080  0.017  0.016
   54      2.74 -83.68 322.73  15.71   0.48   2.07   -0.235 -0.006 -0.029  0.037
   55      2.91 -89.74 304.25   0.51   0.42   1.47   -0.208  0.035 -0.014  0.039
   56     44.78  35.98  67.55  15.21   1.00  -0.70   -0.038 -0.010 -0.057  0.072
   57     47.04 -84.68 154.71  15.63   0.74   1.56   -0.055  0.005  0.080  0.013
   58     45.49 -80.99 150.94  15.21   1.22   0.84   -0.039  0.095  0.126  0.037
   59      8.38 -81.80   0.08   3.05   0.89  -1.47   -0.038  0.239 -0.077  0.118
   60      3.39-110.28-118.57   3.59   1.82   0.07   -0.068  0.220  0.064 -0.076
   61      0.31-130.62 -55.57   1.02   0.83  -1.58   -0.103 -0.252 -0.203  0.381
   62     19.98  19.73 152.69  15.78   1.36   0.12   -0.036  0.186 -0.010  0.058
   63     18.73 -47.13  29.75  20.52   0.20  -0.78   -0.025  0.038 -0.058  0.158
   64      4.58-162.91 184.20   8.04   0.94   2.03   -0.080  0.366  0.438  0.013
   65     23.32 -47.91  20.46  15.88   0.23  -1.01   -0.027  0.052 -0.064  0.132
   66     32.73-152.45  43.10  18.24   0.73  -0.03   -0.022 -0.042  0.098  0.116
   67     41.82 -37.13  -5.14  19.19   0.35  -0.77   -0.028  0.060 -0.077  0.047
   68     14.08  51.08 105.79  20.46   0.71  -0.24   -0.037  0.108  0.022  0.011
   69     48.30-214.97-349.14  73.50   0.00   0.00    0.000  0.000  0.000  0.000
   70      5.36  33.77  97.03  19.34   1.13  -0.17   -0.045  0.018  0.106  0.012
   71      3.97   6.21  56.61   1.57   0.72  -1.08   -0.040  0.027 -0.022  0.091
   72     56.00 132.65-297.75  96.98   9.97   3.16   -0.282 -0.018  0.024 -0.007
   73     12.84  50.43  81.71  23.08   0.83  -0.17   -0.016  0.016 -0.088 -0.001
   74     36.11-102.74  70.39  22.43   0.69  -0.14   -0.026 -0.089  0.069  0.218
   75     46.43-108.34   2.84   0.53   1.12  -1.49   -0.080 -0.201  0.100  0.115
   76     54.60-217.19 302.17   0.10   0.00   0.00    0.000  0.000  0.000  0.000
   77     43.99  50.87  93.84  16.82   0.60  -0.63   -0.033 -0.024  0.030 -0.014
   78     41.71  38.41  66.40  22.17   0.72  -0.50   -0.030  0.005 -0.030  0.050
   79     58.48 -69.39  -4.45   0.82   0.69  -1.73   -0.037  0.127 -0.012  0.194
   80     26.58 -69.83  -5.86   0.93   0.70  -1.70   -0.037  0.081 -0.052  0.285
   81     26.78 -69.71  -4.57   0.63   0.70  -1.69   -0.039  0.132 -0.021  0.127
   82     23.16 -69.66  -4.49   0.71   0.69  -1.82   -0.045  0.148 -0.031  0.120
   83     23.09 -70.98  -6.19   7.23   0.61  -1.44   -0.034  0.074 -0.004  0.209
   84     21.14 -43.16   8.56  21.17   0.17  -0.70   -0.018  0.077 -0.094  0.056
   85     24.41-167.41 -46.06  10.82   1.28   0.24   -0.066  0.034  0.097 -0.030
   86     44.00 -12.21  30.00  18.45   0.17  -0.84   -0.033  0.045 -0.084  0.137
   87     28.69 -61.54   6.90   3.33   0.68  -1.52   -0.034  0.036 -0.093  0.281
   88     37.93-103.65 -28.46   8.77   0.83  -1.45   -0.059  0.081 -0.126  0.119
   89     47.70-142.09  89.59  20.56   0.84   0.69   -0.033 -0.119  0.050  0.117
   90     48.19-140.02  88.33  20.43   0.82   0.60   -0.038 -0.084  0.081  0.108
   91     33.97  33.62  85.13  19.70   1.00  -0.27   -0.046  0.070 -0.014  0.121

 A V E R A G E   of ADJUSTMENTS :                    -0.046  0.019  0.008  0.080
 A V E R A G E   of ABSOLUTE ADJUSTMENTS :            0.046  0.071  0.061  0.095


 Step length damping of 0.09190 was applied.


 Velocity adjustments:
     vp    dvp      hp   reflector
 Velocity model   1
   4.666  0.047   -5.000      
   4.879  0.030    3.760      
   5.270  0.067    6.360      
   6.364  0.009   16.790      
   7.055  0.023   27.610      
   7.996  0.011   30.960      
   8.091 -0.065   32.390      
   8.827 -0.138   39.880      
   8.840 -0.200   42.840      

 Calculation of average velocity starts at layer #           1
 z = -5.00 ...  3.76    v = 4.67    AVEL = 4.67 downto z =   3.76
 z =  3.76 ...  6.36    v = 4.88    AVEL = 4.71 downto z =   6.36
 z =  6.36 ... 16.79    v = 5.27    AVEL = 4.98 downto z =  16.79
 z = 16.79 ... 27.61    v = 6.36    AVEL = 5.44 downto z =  27.61
 z = 27.61 ... 30.96    v = 7.05    AVEL = 5.59 downto z =  30.96
 z = 30.96 ... 32.39    v = 8.00    AVEL = 5.68 downto z =  32.39
 z = 32.39 ... 39.88    v = 8.09    AVEL = 6.08 downto z =  39.88
 z = 39.88 ... 42.84    v = 8.83    AVEL = 6.25 downto z =  42.84


 Calculation of average velocity starts at layer #           2
 z =  3.76 ...  6.36    v = 4.88    AVEL = 4.88 downto z =   6.36
 z =  6.36 ... 16.79    v = 5.27    AVEL = 5.19 downto z =  16.79
 z = 16.79 ... 27.61    v = 6.36    AVEL = 5.72 downto z =  27.61
 z = 27.61 ... 30.96    v = 7.05    AVEL = 5.89 downto z =  30.96
 z = 30.96 ... 32.39    v = 8.00    AVEL = 5.99 downto z =  32.39
 z = 32.39 ... 39.88    v = 8.09    AVEL = 6.43 downto z =  39.88
 z = 39.88 ... 42.84    v = 8.83    AVEL = 6.61 downto z =  42.84



 Adjusted station corrections:
   stn  ptcor  dpcor  
  624   0.000  0.000  628  -0.054 -0.022  630  -0.029 -0.010  627   0.022  0.008
  621   0.021  0.007  629   0.039  0.012  622   0.026  0.007  620   0.018  0.003
  623   0.061  0.019  626   0.038  0.009  625   0.039  0.012  631   0.076  0.027
  632  -0.013 -0.009

 ~~~ another iteration? ...
 NITT = ITTMAX  --> stop iterations.
 ~~~ final solution reached ...

 ~~~ damp G & Chol.-Decomp.: NOT made (switch iresolcalc is NOT set !)

 Final rms values:  0.49 0.49 1.01 1.06 0.26 0.23 1.94 1.08 0.36 0.98
                    1.17 0.22 0.58 1.01 1.08 1.07 0.78 0.43 0.48 0.64
                    0.72 0.31 0.49 0.65 0.22 0.50 0.44 0.97 1.00 1.06
                    1.17 0.23 0.57 0.16 0.80 0.90 0.15 0.62 0.56 0.19
                    0.57 0.21 0.73 0.57 0.96 0.22 1.04 0.36 0.43 0.84
                    1.31 0.84 1.01 0.48 0.42 1.00 0.74 1.22 0.89 1.82
                    0.83 1.36 0.20 0.94 0.23 0.73 0.35 0.71 0.00 1.13
                    0.72 9.97 0.83 0.69 1.12 0.00 0.60 0.72 0.69 0.70
                    0.70 0.69 0.61 0.17 1.28 0.17 0.68 0.83 0.84 0.82
                    1.00



 ~~~ output final hypocenters ...

      date    origin   latitude longitude  depth  mag  no  rms      x      y      z
   1 160818 1613  8.98 73.0045N 124.8540E  23.22 1.40   6 0.495   38.48 112.09  23.22
   2 160818 1613  9.18 72.9924N 124.8686E  23.01 1.10   6 0.488   38.00 110.73  23.01
   3 160819 0959 27.13 71.9260N 129.7639E  12.21 4.00  12 1.011 -130.12  -8.26  12.21
   4 160820 1506 15.51 71.9404N 129.7950E  10.95 1.50   9 1.063 -131.15  -6.65  10.95
   5 160820 1904 45.62 72.3457N 127.1767E  23.84 1.20   6 0.260  -40.22  38.58  23.84
   6 160822 1318 49.43 72.3644N 127.0750E  16.86 0.60   8 0.231  -36.73  40.66  16.86
   7 160823 0652 13.75 70.9342N 129.7936E   5.94 2.90   6 1.940 -134.63-118.92   5.94
   8 160824 1510 30.25 71.6077N 130.0442E   8.88 1.50   9 1.083 -141.01 -43.78   8.88
   9 160906 1514 39.58 72.5071N 125.6803E  12.20 0.90   6 0.355   10.88  56.59  12.20
  10 160920 1607 18.11 69.2374N 128.3629E  16.23 2.60   2 0.983  -87.54-308.26  16.23
  11 160925 1911  5.33 69.2250N 127.6961E  15.64 2.30   2 1.174  -62.86-309.64  15.64
  12 161004 0841 51.09 72.8489N 124.9580E  15.90 0.20   6 0.218   35.13  94.72  15.90
  13 161005 1619 46.78 72.8785N 125.0064E  19.30 1.00   9 0.582   33.47  98.02  19.30
  14 161006 0156 55.76 72.8729N 125.0077E  14.26 1.00   7 1.011   33.43  97.41  14.26
  15 161009 0036 44.58 72.8730N 124.9876E  17.57 1.30   8 1.080   34.11  97.41  17.57
  16 161009 0036 44.76 72.8607N 124.9633E  18.79 1.20   7 1.074   34.94  96.04  18.79
  17 161012 0800 21.97 72.7395N 126.0269E  18.58 0.80   7 0.785   -0.91  82.51  18.58
  18 161015 1013 36.33 72.0396N 126.9914E  11.90 0.70   7 0.429  -34.17   4.42  11.90
  19 161021 0507 33.18 72.5748N 124.7820E  10.56 0.80   6 0.477   41.38  64.14  10.56
  20 161124 2250 45.85 72.7635N 124.8829E  16.27 3.10   4 0.644   37.75  85.20  16.27
  21 161125 0156 33.98 72.7402N 124.9242E  14.50 0.60   7 0.720   36.38  82.59  14.50
  22 161125 0517 25.76 72.7646N 124.9467E  13.62 1.60   6 0.314   35.60  85.31  13.62
  23 161125 0525 15.79 72.7711N 124.9544E  11.88 0.80   6 0.490   35.33  86.05  11.88
  24 161125 0556  1.80 72.7404N 124.9651E   6.36 0.20   6 0.648   35.00  82.61   6.36
  25 170117 0846 48.56 72.2107N 127.3360E  22.38 0.30   6 0.219  -45.84  23.51  22.38
  26 170122 1614 27.47 71.9650N 128.0343E  10.95 0.90   6 0.497  -70.26  -3.90  10.95
  27 170125 2244  0.09 72.4418N 126.0163E  13.47 0.80   6 0.437   -0.56  49.30  13.47
  28 170302 1359 58.98 72.6833N 124.8895E  11.53 0.50   7 0.969   37.61  76.24  11.53
  29 170302 2335 20.07 71.8868N 130.2937E  14.68 2.10   9 0.996 -148.60 -12.63  14.68
  30 170304 2135  2.80 72.6868N 124.9402E  13.59 1.30   7 1.065   35.89  76.64  13.59
  31 170307 0447 20.87 72.6937N 124.9283E  14.35 1.70  10 1.167   36.29  77.40  14.35
  32 170307 2016 50.69 72.6886N 124.9095E  15.57 1.10   6 0.233   36.93  76.83  15.57
  33 170309 1454  0.71 72.6818N 124.8996E  15.82 0.30   6 0.570   37.27  76.08  15.82
  34 170311 0430 55.35 72.3120N 126.4933E  24.64 0.30   6 0.159  -16.88  34.81  24.64
  35 170312 0416 39.15 71.9262N 128.0655E   4.03 2.10   6 0.796  -71.41  -8.23   4.03
  36 170313 0553 59.00 72.6968N 124.9224E  15.27 1.00   9 0.901   36.48  77.76  15.27
  37 170313 0809  5.48 72.4492N 125.0831E  15.00 1.20   7 0.151   31.25  50.12  15.00
  38 170315 0234 46.40 72.6526N 123.8445E  16.95 1.40   7 0.615   73.07  72.82  16.95
  39 170317 1007 13.92 72.2348N 125.9763E   4.33 0.50   7 0.562    0.81  26.20   4.33
  40 170320 0711 14.48 72.1252N 127.2180E  16.96 0.90   6 0.189  -41.88  13.96  16.96
  41 170320 0853 56.23 72.7099N 124.9680E   5.68 0.40   6 0.567   34.93  79.21   5.68
  42 170320 1900 34.22 72.4141N 126.1155E  18.21 0.60   7 0.212   -3.94  46.21  18.21
  43 170323 0519 24.48 71.6490N 129.1741E   5.68 1.20   6 0.730 -110.55 -39.16   5.68
  44 170323 1612 49.55 72.4525N 125.1124E   8.81 0.50   6 0.574   30.25  50.49   8.81
  45 170323 1906 41.10 72.4094N 130.2531E  18.49 1.00   6 0.964 -145.13  45.68  18.49
  46 170326 0836 34.01 71.9920N 127.6664E  16.37 1.50   7 0.217  -57.51  -0.90  16.37
  47 170402 0422  0.95 72.7215N 125.6820E  21.93 1.20  10 1.041   10.76  80.51  21.93
  48 170402 0636 37.14 72.7316N 125.6841E  23.61 0.70   6 0.359   10.69  81.63  23.61
  49 170404 2347 35.66 72.7564N 124.3913E  22.31 0.50   6 0.435   54.38  84.40  22.31
  50 170405 0307 35.99 71.6806N 128.9422E  15.42 1.00  10 0.837 -102.38 -35.63  15.42
  51 170405 1410 53.07 71.5166N 128.8845E   9.14 1.70  10 1.312 -100.81 -53.94   9.14
  52 170406 0838 43.08 72.3885N 129.3897E  15.83 0.90  10 0.836 -115.74  43.35  15.83
  53 170406 1728  0.94 72.7233N 125.6825E  21.37 0.90  10 1.014   10.74  80.71  21.37
  54 170407 1729  2.74 74.8923N 128.6302E  15.71 1.80   2 0.482  -83.68 322.73  15.71
  55 170407 1729  2.91 74.7267N 128.8069E   0.51 1.60   5 0.421  -89.74 304.25   0.51
  56 170408 1004 44.78 72.6054N 124.9400E  15.21 1.40  13 1.002   35.98  67.55  15.21
  57 170409 0856 47.04 73.3865N 128.5494E  15.63 2.50   6 0.740  -84.68 154.71  15.63
  58 170409 0902 45.49 73.3527N 128.4360E  15.21 1.10   7 1.217  -80.99 150.94  15.21
  59 170410 1520  8.38 72.0008N 128.3708E   3.05 1.00  10 0.891  -81.80   0.08   3.05
  60 170410 1813  3.39 70.9374N 129.1077E   3.59 2.20  13 1.816 -110.28-118.57   3.59
  61 170412 1507  0.31 71.5020N 129.7357E   1.02 0.70   6 0.827 -130.62 -55.57   1.02
  62 170413 0651 19.98 73.3684N 125.4063E  15.78 1.00  10 1.361   19.73 152.69  15.78
  63 170414 0459 18.73 72.2666N 127.3759E  20.52 0.50   7 0.204  -47.13  29.75  20.52
  64 170414 0540  4.58 73.6507N 130.9407E   8.04 1.80  11 0.938 -162.91 184.20   8.04
  65 170414 1656 23.32 72.1834N 127.3954E  15.88 0.20   6 0.234  -47.91  20.46  15.88
  66 170414 1753 32.73 72.3863N 130.4648E  18.24 0.70   6 0.732 -152.45  43.10  18.24
  67 170416 0523 41.82 71.9539N 127.0748E  19.19 1.60  13 0.345  -37.13  -5.14  19.19
  68 170416 1220 14.08 72.9481N 124.4808E  20.46 1.00  11 0.707   51.08 105.79  20.46
 WARNING: Event-# :          69 has zero observations!
  69 170416 1257 48.30 68.8710N 131.7500E  73.50 2.20   0 0.000 -214.97-349.14  73.50
  70 170416 1821  5.36 72.8696N 124.9979E  19.34 1.30  13 1.134   33.77  97.03  19.34
  71 170418 0606  3.97 72.5073N 125.8174E   1.57 0.20   6 0.722    6.21  56.61   1.57
  72 170418 1005 56.00 69.3316N 122.4113E  96.98 2.20   1 9.971  132.65-297.75  96.98
  73 170418 1500 12.84 72.7323N 124.5091E  23.08 1.30  12 0.828   50.43  81.71  23.08
  74 170420 1302 36.11 72.6308N 129.0290E  22.43 0.90  11 0.687 -102.74  70.39  22.43
  75 170420 2248 46.43 72.0255N 129.1420E   0.53 0.70  11 1.121 -108.34   2.84   0.53
 WARNING: Event-# :          76 has zero observations!
  76 170423 0850 54.60 74.7080N 132.7900E   0.10 1.90   0 0.000 -217.19 302.17   0.10
  77 170423 1455 43.99 72.8409N 124.4914E  16.82 0.60   8 0.601   50.87  93.84  16.82
  78 170423 2313 41.71 72.5951N 124.8686E  22.17 1.30  12 0.717   38.41  66.40  22.17
  79 170424 0609 58.48 71.9601N 128.0089E   0.82 1.10  12 0.691  -69.39  -4.45   0.82
  80 170424 0755 26.58 71.9475N 128.0211E   0.93 1.00  12 0.698  -69.83  -5.86   0.93
  81 170424 0755 26.78 71.9590N 128.0182E   0.63 1.00  12 0.697  -69.71  -4.57   0.63
  82 170425 0652 23.16 71.9598N 128.0168E   0.71 1.20   9 0.692  -69.66  -4.49   0.71
  83 170426 0051 23.09 71.9445N 128.0540E   7.23 0.70   6 0.608  -70.98  -6.19   7.23
  84 170426 1425 21.14 72.0767N 127.2534E  21.17 0.10   6 0.174  -43.16   8.56  21.17
  85 170426 1834 24.41 71.5872N 130.7990E  10.82 1.20   8 1.283 -167.41 -46.06  10.82
  86 170426 1840 44.00 72.2689N 126.3565E  18.45 1.30   8 0.174  -12.21  30.00  18.45
  87 170427 0912 28.69 72.0618N 127.7865E   3.33 0.90   8 0.677  -61.54   6.90   3.33
  88 170427 1041 37.93 71.7450N 128.9837E   8.77 0.70   7 0.830 -103.65 -28.46   8.77
  89 170427 2010 47.70 72.8029N 130.2090E  20.56 1.30   8 0.845 -142.09  89.59  20.56
  90 170427 2010 48.19 72.7916N 130.1462E  20.43 1.30   8 0.817 -140.02  88.33  20.43
  91 170427 2342 33.97 72.7629N 125.0052E  19.70 0.80   6 1.003   33.62  85.13  19.70

 ~~~ output final station residuals ...
 TURBO-option is set; residuals are NOT printed for each event!



   station statistics, remember nsp was set to: 1


 sta phase nobs avres  avwres    std    wsum    delay

 624    P  74 -0.8602 -0.8602  0.9246  74.0000  0.0000
 628    P  69 -1.1854 -1.1854  0.8267  69.0000 -0.0543
 630    P  53 -0.5149 -0.5149  0.8100  53.0000 -0.0293
 627    P  46 -0.7132 -0.7132  0.9401  46.0000  0.0216
 621    P  59 -0.4290 -0.4290  1.2631  59.0000  0.0210
 629    P  43 -0.5554 -0.5554  0.9552  43.0000  0.0391
 622    P  58 -0.6187 -0.6187  1.0080  58.0000  0.0264
 620    P  48 -0.5823 -0.5823  0.9168  48.0000  0.0183
 623    P  55 -0.6861 -0.6861  0.7937  55.0000  0.0611
 626    P  52 -0.5485 -0.5485  1.0732  52.0000  0.0379
 625    P  49 -0.6998 -0.6998  1.0473  49.0000  0.0387
 631    P  49  0.2836  0.2836  1.8716  49.0000  0.0759
 632    P  24 -0.0930 -0.0930  1.6890  24.0000 -0.0132


 ~~~ output statistics ...




 RAY-STATISTICS FOR  L A S T  ITERATION
 --------------------------------------

 NHYP : nr of hypocenters in this layer
 NREF : nr of headwaves in this layer
 %len : % of "refracted km" in this layer 
        with respect to all refracted kilometers
 NHIT : nr of rays passed thru this layer
 xy-km: average horizontal ray length [km] in layer
 z-km : average  vertical  ray length [km] in layer
 RFLX : number of reflections at bottom of this layer

 nlay   top ..... bottom     velocity   NHYP NREF %len  NHIT xy-km  z-km  RFLX

   1    -5.00...  3.76 km    4.67 km/s   12    0   0.0   762   4.3   3.5     0
   2     3.76...  6.36 km    4.88 km/s    5    2   0.1   762   3.2   2.5     0
   3     6.36... 16.79 km    5.27 km/s   40   47   7.8   909  12.2   7.9     0
   4    16.79... 27.61 km    6.36 km/s   32  106  19.8   776  19.5   7.4     0
   5    27.61... 30.96 km    7.05 km/s    0    0   0.0   517   5.0   3.3     0
   6    30.96... 32.39 km    8.00 km/s    0    7   1.0   510   5.7   1.4     0
   7    32.39... 39.88 km    8.09 km/s    0   91  14.6   412  22.2   5.8     0
   8    39.88... 42.84 km    8.83 km/s    0  160  56.6   161  87.8   0.0     0
   9    42.84...       km    8.84 km/s    2    0   0.0     0   0.0   0.0

 Total nr of events was   91

 Total nr of refracted rays =   413
 Total nr of reflected rays =     0
 Total nr of   other   rays =   266
                              ------
 Total nr of    all    rays =   679

 Average (absolute) error of the raytracers:
  Straight and direct rays :    7.41 meters
  Refracted           rays :    0.01 meters
  Reflected           rays :    0.00 meters


 ALL RAYS TOGETHER:
 Average horizontal ray length =   89.9 km   (Hypocenter --> Station) 
 Average  vertical  ray length =   23.4 km   (Deepest ray-point --> Station)



 ... and some more STATISTICS 
 ---------------------------- 
  GAP of final epicenters:

  Event# -> GAP  Event# -> GAP  Event# -> GAP  Event# -> GAP  Event# -> GAP
       1 -> 295       2 -> 294       3 -> 270       4 -> 274       5 -> 307
       6 ->  96       7 -> 320       8 -> 306       9 -> 169      10 -> 346
      11 -> 347      12 -> 259      13 -> 263      14 -> 263      15 -> 263
      16 -> 264      17 -> 253      18 -> 245      19 -> 160      20 -> 302
      21 -> 232      22 -> 239      23 -> 241      24 -> 231      25 -> 130
      26 -> 103      27 -> 155      28 -> 212      29 -> 305      30 -> 213
      31 -> 215      32 -> 213      33 -> 211      34 -> 133      35 -> 240
      36 -> 216      37 -> 132      38 -> 311      39 -> 116      40 -> 209
      41 -> 221      42 -> 121      43 -> 234      44 -> 134      45 -> 308
      46 -> 126      47 -> 224      48 -> 226      49 -> 287      50 -> 195
      51 -> 290      52 -> 270      53 -> 224      54 -> 354      55 -> 347
      56 -> 180      57 -> 310      58 -> 318      59 -> 162      60 -> 310
      61 -> 301      62 -> 306      63 -> 150      64 -> 322      65 -> 129
      66 -> 292      67 ->  86      68 -> 295      69 -> 171      70 -> 262
      71 -> 173      72 ->   0      73 -> 259      74 -> 300      75 -> 240
      76 ->  58      77 -> 284      78 -> 174      79 -> 164      80 -> 169
      81 -> 165      82 -> 165      83 -> 236      84 -> 114      85 -> 315
      86 ->  93      87 -> 115      88 -> 270      89 -> 318      90 -> 317
      91 -> 294

 GAPs were between   0 and 354
      (average GAP was 228)



  MAGNITUDES of INPUT-DATA:

 Magnitude (# of events)   ***average number of obs***

 MAG<= 1.0 ( 47) *******
 MAG = 1.1 (  4) ********
 MAG = 1.2 (  7) ********
 MAG = 1.3 (  8) *********1
 MAG = 1.4 (  3) *********
 MAG = 1.5 (  3) ********
 MAG = 1.6 (  3) ********
 MAG = 1.7 (  2) *********1
 MAG = 1.8 (  2) *******
 MAG = 1.9 (  1)  
 MAG = 2.0 (  0)  
 MAG = 2.1 (  2) ********
 MAG = 2.2 (  3) *****
 MAG = 2.3 (  1) **
 MAG = 2.4 (  0)  
 MAG = 2.5 (  1) ******
 MAG = 2.6 (  1) **
 MAG = 2.7 (  0)  
 MAG = 2.8 (  0)  
 MAG = 2.9 (  1) ******
 MAG = 3.0 (  0)  
 MAG = 3.1 (  1) ****
 MAG = 3.2 (  0)  
 MAG = 3.3 (  0)  
 MAG = 3.4 (  0)  
 MAG = 3.5 (  0)  
 MAG = 3.6 (  0)  
 MAG = 3.7 (  0)  
 MAG = 3.8 (  0)  
 MAG = 3.9 (  0)  
 MAG = 4.0 (  1) *********1**
 MAG = 4.1 (  0)  
 MAG = 4.2 (  0)  
 MAG = 4.3 (  0)  
 MAG = 4.4 (  0)  
 MAG = 4.5 (  0)  
 MAG = 4.6 (  0)  
 MAG = 4.7 (  0)  
 MAG = 4.8 (  0)  
 MAG = 4.9 (  0)  
 MAG = 5.0 (  0)  
 MAG = 5.1 (  0)  
 MAG = 5.2 (  0)  
 MAG = 5.3 (  0)  
 MAG = 5.4 (  0)  
 MAG = 5.5 (  0)  
 MAG = 5.6 (  0)  
 MAG = 5.7 (  0)  
 MAG = 5.8 (  0)  
 MAG = 5.9 (  0)  
 MAG>= 6.0 (  0)  





  DEPTHs of INPUT-DATA and of LAST ITERATION:
  ===========================================

       Depth       # of events  

 DEPTH ( input ) =  -4. km :   
 DEPTH (last_IT) =  -4. km :   
 DEPTH ( input ) =  -3. km :   
 DEPTH (last_IT) =  -3. km :   
 DEPTH ( input ) =  -2. km :   
 DEPTH (last_IT) =  -2. km :   
 DEPTH ( input ) =  -1. km :   
 DEPTH (last_IT) =  -1. km :   
 DEPTH ( input ) =   0. km :  ........
 DEPTH (last_IT) =   0. km :  *
 DEPTH ( input ) =   1. km :  .
 DEPTH (last_IT) =   1. km :  *******
 DEPTH ( input ) =   2. km :   
 DEPTH (last_IT) =   2. km :  *
 DEPTH ( input ) =   3. km :  ...
 DEPTH (last_IT) =   3. km :  **
 DEPTH ( input ) =   4. km :  ..
 DEPTH (last_IT) =   4. km :  ***
 DEPTH ( input ) =   5. km :  ..
 DEPTH (last_IT) =   5. km :   
 DEPTH ( input ) =   6. km :  ..
 DEPTH (last_IT) =   6. km :  ****
 DEPTH ( input ) =   7. km :  .
 DEPTH (last_IT) =   7. km :  *
 DEPTH ( input ) =   8. km :  ...
 DEPTH (last_IT) =   8. km :  *
 DEPTH ( input ) =   9. km :  ..
 DEPTH (last_IT) =   9. km :  ****
 DEPTH ( input ) =  10. km :  ..
 DEPTH (last_IT) =  10. km :   
 DEPTH ( input ) =  11. km :  ...
 DEPTH (last_IT) =  11. km :  ****
 DEPTH ( input ) =  12. km :  ....
 DEPTH (last_IT) =  12. km :  *****
 DEPTH ( input ) =  13. km :  ..
 DEPTH (last_IT) =  13. km :  *
 DEPTH ( input ) =  14. km :  ...
 DEPTH (last_IT) =  14. km :  *****
 DEPTH ( input ) =  15. km :  ........
 DEPTH (last_IT) =  15. km :  ******
 DEPTH ( input ) =  16. km :  .........1.
 DEPTH (last_IT) =  16. km :  *********1**
 DEPTH ( input ) =  17. km :  .....
 DEPTH (last_IT) =  17. km :  ****
 DEPTH ( input ) =  18. km :  ....
 DEPTH (last_IT) =  18. km :  *****
 DEPTH ( input ) =  19. km :  .....
 DEPTH (last_IT) =  19. km :  *****
 DEPTH ( input ) =  20. km :  .....
 DEPTH (last_IT) =  20. km :  ***
 DEPTH ( input ) =  21. km :  ..
 DEPTH (last_IT) =  21. km :  ****
 DEPTH ( input ) =  22. km :  ....
 DEPTH (last_IT) =  22. km :  *****
 DEPTH ( input ) =  23. km :  ....
 DEPTH (last_IT) =  23. km :  ***
 DEPTH ( input ) =  24. km :  ..
 DEPTH (last_IT) =  24. km :  **
 DEPTH ( input ) =  25. km :  .
 DEPTH (last_IT) =  25. km :  *
 DEPTH ( input ) =  26. km :   
 DEPTH (last_IT) =  26. km :   
 DEPTH ( input ) =  27. km :   
 DEPTH (last_IT) =  27. km :   
 DEPTH ( input ) =  28. km :   
 DEPTH (last_IT) =  28. km :   
 DEPTH ( input ) =  29. km :   
 DEPTH (last_IT) =  29. km :   
 DEPTH ( input ) =  30. km :   
 DEPTH (last_IT) =  30. km :   
 DEPTH ( input ) =  31. km :   
 DEPTH (last_IT) =  31. km :   
 DEPTH ( input ) =  32. km :   
 DEPTH (last_IT) =  32. km :   
 DEPTH ( input ) =  33. km :   
 DEPTH (last_IT) =  33. km :   
 DEPTH ( input ) =  34. km :   
 DEPTH (last_IT) =  34. km :   
 DEPTH ( input ) =  35. km :   
 DEPTH (last_IT) =  35. km :   
 DEPTH ( input ) =  36. km :   
 DEPTH (last_IT) =  36. km :   
 DEPTH ( input ) =  37. km :   
 DEPTH (last_IT) =  37. km :   
 DEPTH ( input ) =  38. km :   
 DEPTH (last_IT) =  38. km :   
 DEPTH ( input ) =  39. km :   
 DEPTH (last_IT) =  39. km :   
 DEPTH ( input ) =  40. km :   
 DEPTH (last_IT) =  40. km :   
 DEPTH ( input ) =  41. km :   
 DEPTH (last_IT) =  41. km :   
 DEPTH ( input ) =  42. km :   
 DEPTH (last_IT) =  42. km :   
 DEPTH ( input ) =  43. km :   
 DEPTH (last_IT) =  43. km :   
 DEPTH ( input ) =  44. km :   
 DEPTH (last_IT) =  44. km :   
 DEPTH ( input ) =  45. km :   
 DEPTH (last_IT) =  45. km :   
 DEPTH ( input ) =  46. km :   
 DEPTH (last_IT) =  46. km :   
 DEPTH ( input ) =  47. km :   
 DEPTH (last_IT) =  47. km :   
 DEPTH ( input ) =  48. km :   
 DEPTH (last_IT) =  48. km :   
 DEPTH ( input ) =  49. km :   
 DEPTH (last_IT) =  49. km :   
 DEPTH ( input ) =  50. km :   
 DEPTH (last_IT) =  50. km :   
 DEPTH ( input ) =  51. km :   
 DEPTH (last_IT) =  51. km :   
 DEPTH ( input ) =  52. km :   
 DEPTH (last_IT) =  52. km :   
 DEPTH ( input ) =  53. km :   
 DEPTH (last_IT) =  53. km :   
 DEPTH ( input ) =  54. km :   
 DEPTH (last_IT) =  54. km :   
 DEPTH ( input ) =  55. km :   
 DEPTH (last_IT) =  55. km :   
 DEPTH ( input ) =  56. km :   
 DEPTH (last_IT) =  56. km :   
 DEPTH ( input ) =  57. km :   
 DEPTH (last_IT) =  57. km :   
 DEPTH ( input ) =  58. km :   
 DEPTH (last_IT) =  58. km :   
 DEPTH ( input ) =  59. km :   
 DEPTH (last_IT) =  59. km :   
 DEPTH ( input ) =  60. km :   
 DEPTH (last_IT) =  60. km :   
 DEPTH ( input ) =  61. km :   
 DEPTH (last_IT) =  61. km :   
 DEPTH ( input ) =  62. km :   
 DEPTH (last_IT) =  62. km :   
 DEPTH ( input ) =  63. km :   
 DEPTH (last_IT) =  63. km :   
 DEPTH ( input ) =  64. km :   
 DEPTH (last_IT) =  64. km :   
 DEPTH ( input ) =  65. km :   
 DEPTH (last_IT) =  65. km :   
 DEPTH ( input ) =  66. km :   
 DEPTH (last_IT) =  66. km :   
 DEPTH ( input ) =  67. km :   
 DEPTH (last_IT) =  67. km :   
 DEPTH ( input ) =  68. km :   
 DEPTH (last_IT) =  68. km :   
 DEPTH ( input ) =  69. km :   
 DEPTH (last_IT) =  69. km :   
 DEPTH ( input ) =  70. km :   
 DEPTH (last_IT) =  70. km :   
 DEPTH ( input ) =  71. km :   
 DEPTH (last_IT) =  71. km :   
 DEPTH ( input ) =  72. km :   
 DEPTH (last_IT) =  72. km :   
 DEPTH ( input ) =  73. km :   
 DEPTH (last_IT) =  73. km :   
 DEPTH ( input ) =  74. km :  .
 DEPTH (last_IT) =  74. km :  *
 DEPTH ( input ) =  75. km :   
 DEPTH (last_IT) =  75. km :   
 DEPTH ( input ) =  76. km :   
 DEPTH (last_IT) =  76. km :   
 DEPTH ( input ) =  77. km :   
 DEPTH (last_IT) =  77. km :   
 DEPTH ( input ) =  78. km :   
 DEPTH (last_IT) =  78. km :   
 DEPTH ( input ) =  79. km :   
 DEPTH (last_IT) =  79. km :   
 DEPTH ( input ) =  80. km :   
 DEPTH (last_IT) =  80. km :   
 DEPTH ( input ) =  81. km :   
 DEPTH (last_IT) =  81. km :   
 DEPTH ( input ) =  82. km :   
 DEPTH (last_IT) =  82. km :   
 DEPTH ( input ) =  83. km :   
 DEPTH (last_IT) =  83. km :   
 DEPTH ( input ) =  84. km :   
 DEPTH (last_IT) =  84. km :   
 DEPTH ( input ) =  85. km :   
 DEPTH (last_IT) =  85. km :   
 DEPTH ( input ) =  86. km :   
 DEPTH (last_IT) =  86. km :   
 DEPTH ( input ) =  87. km :   
 DEPTH (last_IT) =  87. km :   
 DEPTH ( input ) =  88. km :   
 DEPTH (last_IT) =  88. km :   
 DEPTH ( input ) =  89. km :   
 DEPTH (last_IT) =  89. km :   
 DEPTH ( input ) =  90. km :   
 DEPTH (last_IT) =  90. km :   
 DEPTH ( input ) =  91. km :   
 DEPTH (last_IT) =  91. km :   
 DEPTH ( input ) =  92. km :   
 DEPTH (last_IT) =  92. km :   
 DEPTH ( input ) =  93. km :   
 DEPTH (last_IT) =  93. km :   
 DEPTH ( input ) =  94. km :   
 DEPTH (last_IT) =  94. km :   
 DEPTH ( input ) =  95. km :   
 DEPTH (last_IT) =  95. km :   
 DEPTH ( input ) =  96. km :   
 DEPTH (last_IT) =  96. km :   
 DEPTH ( input ) =  97. km :  .
 DEPTH (last_IT) =  97. km :  *
 DEPTH ( input ) =  98. km :   
 DEPTH (last_IT) =  98. km :   
 DEPTH ( input ) =  99. km :   
 DEPTH (last_IT) =  99. km :   
 DEPTH ( input ) = 100. km :   
 DEPTH (last_IT) = 100. km :   
 DEPTH ( input ) > 100. km :   
 DEPTH (last_IT) > 100. km :   


 Residuals of the stations according to the azimuth:
 (RES  = total average residual at station)
 (RES1 = average residual of rays from 1st quadrant)
 (RES2 = average residual of rays from 2nd quadrant)
 (RES3 = average residual of rays from 3rd quadrant)
 (RES4 = average residual of rays from 4th quadrant)

 Stn#  Stn     RES          RES1         RES2         RES3         RES4
   1   624    -0.86(  74)  -1.08(  33)  -0.88(   5)  -0.91(  29)   0.38(   7)
   2   628    -1.19(  69)  -1.44(  32)  -1.00(   5)  -1.25(  25)   0.04(   7)
   3   630    -0.51(  53)  -0.07(  25)  -0.60(  10)  -1.63(  10)  -0.41(   8)
   4   627    -0.71(  46)  -0.57(  12)   0.00(   0)  -1.23(  22)   0.09(  12)
   5   621    -0.43(  59)  -0.83(   7)   0.00(   0)  -0.22(  18)  -0.46(  34)
   6   629    -0.56(  43)  -0.06(  15)   0.00(   0)  -1.46(   9)  -0.52(  19)
   7   622    -0.62(  58)  -0.99(  27)   0.00(   0)  -0.50(  20)   0.06(  11)
   8   620    -0.58(  48)   0.00(   0)  -0.73(   1)  -0.20(  18)  -0.81(  29)
   9   623    -0.69(  55)  -0.95(  30)   0.00(   0)  -0.48(  17)  -0.13(   8)
  10   626    -0.55(  52)  -0.61(  24)   0.00(   0)  -0.64(   6)  -0.46(  22)
  11   625    -0.70(  49)  -0.84(  14)   0.00(   0)  -0.98(  23)  -0.01(  12)
  12   631     0.28(  49)   1.09(  18)   3.16(   1)   0.75(   4)  -0.45(  26)
  13   632    -0.09(  24)   0.57(  12)   2.16(   2)  -1.82(   3)  -1.14(   7)



 CPU - statistics:

 TOTAL CPU-sec          =    0.2     (CPU-minutes:  0.004)

 >>>   End of program VELEST at 25-06-02 16:09       <<< [ CPU-sec :     0.2]
