 >>> Start of program VELEST at 25-06-02 16:09       <<<                        

 ::::::::::::::::::::::::::::::::::::::                                         
  V E L E S T  - Version : January 3, 1995                                      
  (Authors: see source code)                                                    
 ::::::::::::::::::::::::::::::::::::::                                         


 Title of this VELEST run:

 vinnik_2
 --------


 Current array-dimensions of program VELEST:

 Max. number of EARTHQUAKES for simult. inversion IEQ = ***
 Max. number of SHOTS for simult. inversion    INSHOT =  50
 Max. number of (different) 1D-MODELS      ITOTMODELS =   2
 Max. number of LAYERS per one 1D-model        INLTOT = 100
 Max. number of STATIONS in stationlist           IST = 650
 Max. number of OBSERVATIONS per event MAXOBSPEREVENT = 180






    INPUT - P A R A M E T E R S :



***
***  olat       olon   icoordsystem      zshift   itrial ztrial    ised
  72.000000-126.000000      0            0.000       0     0.00      0
***
*** neqs   nshot    rotate
     91      0      0.0
***
*** isingle   iresolcalc
       0          0
***
*** dmax    itopo    zmin     veladj    zadj   lowveloclay
   300.00     0      0.01       0.20    5.00       0
***
*** nsp    swtfac   vpvs       nmod
     1      1.00    1.730        1
***
***   othet   xythet    zthet    vthet   stathet
       0.01     0.01     0.01     1.00     0.01
***
*** nsinv   nshcor   nshfix     iuseelev    iusestacorr
       1       0       0           1            1
***
*** iturbo    icnvout   istaout   ismpout
       1         1         1         0
***
*** irayout   idrvout   ialeout   idspout   irflout   irfrout   iresout
       0         0         0         0         0         0         0
***
*** delmin   ittmax   invertratio
    0.010       3          1
***
*** Modelfile:
tmp/vinnik_2/synthvel/model_110.mod
***
*** Stationfile:
./velinp/station.sta
***
*** Seismofile:
 
***
*** File with region names:
 
***
*** File with region coordinates:
 
***
*** File #1 with topo data:
 
***
*** File #2 with topo data:
 
***
*** DATA INPUT files:
***
*** File with Earthquake data:
./velinp/data.cnv
***
*** File with Shot data:
 
***
*** OUTPUT files:
***
*** Main print output file:
./velout/vinnik_2/velest110.out
***
*** File with single event locations:
velout.vel
***
*** File with final hypocenters in *.cnv format:
./velout/vinnik_2/final_loc110.cnv
***
*** File with new station corrections:
./velout/vinnik_2/stations_corr110.sta
***
*** File with summary cards (e.g. for plotting):
velout.smp
***
*** File with raypoints:
velout.ray
***
*** File with derivatives:
velout.drv
***
*** File with ALEs:
velout.ale
***
*** File with Dirichlet spreads:
velout.dspr
***
*** File with reflection points:
velout.rfl
***
*** File with refraction points:
velout.rfr
***
*** File with residuals:
velout.res
***




 Origin of cartesian coordinates:
        72.00000N   126.00000E

  X,Y-AXES rotated clockwise from North
           Rotation angle (rotate):
            rotate=    0.0 degr.

 icoordsystem =            0
 normal SHORT DISTANCE CONVERSION will be made
 x is positive towards west, y is positive towards north


 SHORT DISTANCE CONVERSION on ELLIPSOIDE of WORLD GEODETIC SYSTEM 1972 (WGS72)
 =============================================================================

 Radius at equator (REARTH)= 6378.13500  km
   1. / (ellipticity)      =    298.260

 Origin of cartesian coordinates [degrees]:
   72.0000000 N     -126.0000000 W

  Rotation angle (in degr.) clockwise from
North  rotate=    0.0

 Radius of sphere at OLAT =   6358.817 km

 Conversion of GEOGRAPHICAL LATITUDE to GEOCENTRICAL LATITUDE:
 RLATC = TAN(GEOCENTR.LAT) / TAN(GEOGRAPH.LAT)
 RLATC =   0.99333486

          Short distance conversions:
          one min lat ~  1.8597 km 
          one min lon ~  0.5751 km 







    INPUT - M O D E L :



 Model(s) read from file :
 tmp/vinnik_2/synthvel/model_110.mod                                             

 model file title: 
Model: model_110.mod                    
 Velocity structure for model   1 :

 layer    vel   depth   vdamp  reflector
   1      4.29  -5.00    1.00         P-VELOCITY MODEL                  
   2      4.80  -1.59    1.00  
 WARNING:
 Only top of the first layer can be negative !!
   3      5.42  14.48    1.00  
   4      6.85  19.64    1.00  
   5      6.97  22.09    1.00  
   6      7.65  25.71    1.00  
   7      7.87  34.49    1.00  
   8      8.94  36.07    1.00  
   9      9.01  43.89    1.00  

 Calculation of average velocity starts at layer #            1
 z = -5.00 ... -1.59    v = 4.29    AVEL = 4.29 downto z =  -1.59
 z = -1.59 ... 14.48    v = 4.80    AVEL = 4.71 downto z =  14.48
 z = 14.48 ... 19.64    v = 5.42    AVEL = 4.86 downto z =  19.64
 z = 19.64 ... 22.09    v = 6.85    AVEL = 5.04 downto z =  22.09
 z = 22.09 ... 25.71    v = 6.97    AVEL = 5.27 downto z =  25.71
 z = 25.71 ... 34.49    v = 7.65    AVEL = 5.80 downto z =  34.49
 z = 34.49 ... 36.07    v = 7.87    AVEL = 5.88 downto z =  36.07
 z = 36.07 ... 43.89    v = 8.94    AVEL = 6.37 downto z =  43.89


 Calculation of average velocity starts at layer #            2
 z = -1.59 ... 14.48    v = 4.80    AVEL = 4.80 downto z =  14.48
 z = 14.48 ... 19.64    v = 5.42    AVEL = 4.95 downto z =  19.64
 z = 19.64 ... 22.09    v = 6.85    AVEL = 5.15 downto z =  22.09
 z = 22.09 ... 25.71    v = 6.97    AVEL = 5.39 downto z =  25.71
 z = 25.71 ... 34.49    v = 7.65    AVEL = 5.94 downto z =  34.49
 z = 34.49 ... 36.07    v = 7.87    AVEL = 6.02 downto z =  36.07
 z = 36.07 ... 43.89    v = 8.94    AVEL = 6.52 downto z =  43.89






    INPUT - S T A T I O N S :



 Station-parameters read from file :
 ./velinp/station.sta                                                            


     stn latitude longitude elev   x      y      z     ptcor stcor model icc
   1 624 72.4760N126.2750E     0  -9.37  53.11  -0.00   0.00  0.00   1  13
   2 628 72.4000N127.1470E     0 -39.15  44.63  -0.00   0.00  0.00   1  12
   3 630 72.0750N128.3250E     0 -80.06   8.37  -0.00   0.00  0.00   1  11
   4 627 72.1170N126.9820E     0 -33.78  13.06  -0.00   0.00  0.00   1  10
   5 621 72.1840N124.8890E     0  38.14  20.53  -0.00   0.00  0.00   1   9
   6 629 71.9290N127.3130E     0 -45.39  -7.92  -0.00   0.00  0.00   1   8
   7 622 72.4420N125.3130E     0  23.42  49.32  -0.00   0.00  0.00   1   7
   8 620 72.6540N124.3470E     0  56.03  72.98  -0.00   0.00  0.00   1   6
   9 623 72.3260N125.7600E     0   8.21  36.38  -0.00   0.00  0.00   1   5
  10 626 71.8880N126.0360E     0  -1.25 -12.50  -0.00   0.00  0.00   1   4
  11 625 72.1740N126.1070E     0  -3.67  19.42  -0.00   0.00  0.00   1   3
  12 631 71.3990N127.2470E     0 -43.72 -67.06  -0.00   0.00  0.00   1   2
  13 632 71.5740N129.0728E     0-107.23 -47.53  -0.00   0.00  0.00   1   1

 NO Seismo-parameter-file specified
 --> NO magnitudes calculated!




   neqs=   91  nshot=    0  nltot=    9

 ~~~ input parameters read.
 ~~~ set units for first iteration ...
 ~~~ determine number of unknowns ...

 Number of unknowns (for array-indexing):  nvar =  385
 Number of effective unknowns        :  nvareff =  373
 Number of elements on/below main diagonal of matrix G = At*A : kvar =   74305

 ~~~ reset G and RHT ...
 ~~~ input data, raytracing, setup G ...






    I N P U T - D A T A  

  eq    origin-time    latitude longitude depth    x      y      z    mag ifxOBS
   1 160818 1613  9.10 73.0030N 124.8500E  23.10  38.61 111.92  23.10 1.40 0   6
   2 160818 1613  9.30 72.9910N 124.8700E  22.80  37.95 110.58  22.80 1.10 0   6
   3 160819 0959 27.30 71.9230N 129.7600E  12.10-130.00  -8.59  12.10 4.00 0  12
   4 160820 1506 15.70 71.9380N 129.7900E  11.00-130.98  -6.92  11.00 1.50 0   9
   5 160820 1904 45.70 72.3480N 127.1800E  23.80 -40.33  38.83  23.80 1.20 0   6
   6 160822 1318 49.50 72.3650N 127.0800E  16.50 -36.90  40.73  16.50 0.60 0   8
   7 160823 0652 14.00 70.9330N 129.8100E   6.40-135.21-119.06   6.40 2.90 0   6
   8 160824 1510 30.40 71.6070N 130.0400E   8.60-140.86 -43.85   8.60 1.50 0   9
   9 160906 1514 39.70 72.5080N 125.6800E  12.10  10.89  56.68  12.10 0.90 0   6
 WARNING:
 epicentral distance: 303.3 > dmax ( 300.0) ==> skipping phase !
 WARNING:
 epicentral distance: 338.2 > dmax ( 300.0) ==> skipping phase !
  10 160920 1607 18.30 69.2370N 128.3500E  16.20 -87.07-308.31  16.20 2.60 0   2
 WARNING:
 epicentral distance: 318.5 > dmax ( 300.0) ==> skipping phase !
 WARNING:
 epicentral distance: 355.0 > dmax ( 300.0) ==> skipping phase !
  11 160925 1911  5.60 69.2250N 127.6800E  15.60 -62.26-309.64  15.60 2.30 0   2
  12 161004 0841 51.20 72.8480N 124.9600E  15.60  35.07  94.62  15.60 0.20 0   6
  13 161005 1619 46.90 72.8770N 125.0100E  19.00  33.35  97.86  19.00 1.00 0   9
  14 161006 0156 55.90 72.8740N 125.0100E  13.90  33.36  97.52  13.90 1.00 0   7
  15 161009 0036 44.70 72.8720N 124.9900E  17.20  34.03  97.30  17.20 1.30 0   8
  16 161009 0036 44.90 72.8580N 124.9600E  18.60  35.06  95.74  18.60 1.20 0   7
  17 161012 0800 22.10 72.7380N 126.0300E  18.50  -1.01  82.35  18.50 0.80 0   7
  18 161015 1013 36.50 72.0400N 126.9900E  11.20 -34.12   4.46  11.20 0.70 0   7
  19 161021 0507 33.30 72.5750N 124.7800E  10.10  41.44  64.16  10.10 0.80 0   6
  20 161124 2250 46.00 72.7630N 124.8800E  16.20  37.85  85.14  16.20 3.10 0   4
  21 161125 0156 34.10 72.7420N 124.9200E  14.50  36.52  82.80  14.50 0.60 0   7
  22 161125 0517 25.90 72.7650N 124.9400E  13.50  35.82  85.36  13.50 1.60 0   6
  23 161125 0525 15.90 72.7740N 124.9500E  11.60  35.48  86.37  11.60 0.80 0   6
  24 161125 0556  2.00 72.7350N 124.9700E   5.70  34.84  82.01   5.70 0.20 0   6
  25 170117 0846 48.60 72.2130N 127.3400E  22.00 -45.97  23.77  22.00 0.30 0   6
  26 170122 1614 27.60 71.9670N 128.0400E  10.30 -70.45  -3.68  10.30 0.90 0   6
  27 170125 2244  0.20 72.4440N 126.0200E  13.10  -0.68  49.54  13.10 0.80 0   6
  28 170302 1359 59.10 72.6830N 124.8900E  11.50  37.60  76.21  11.50 0.50 0   7
  29 170302 2335 20.20 71.8850N 130.3000E  14.80-148.82 -12.83  14.80 2.10 0   9
  30 170304 2135  2.90 72.6880N 124.9400E  13.40  35.90  76.77  13.40 1.30 0   7
  31 170307 0447 21.00 72.6940N 124.9200E  14.20  36.57  77.44  14.20 1.70 0  10
  32 170307 2016 50.80 72.6910N 124.9100E  15.30  36.91  77.10  15.30 1.10 0   6
  33 170309 1454  0.80 72.6830N 124.9000E  15.60  37.26  76.21  15.60 0.30 0   6
  34 170311 0430 55.40 72.3130N 126.5000E  24.50 -17.11  34.93  24.50 0.30 0   6
  35 170312 0416 39.20 71.9240N 128.0800E   3.40 -71.91  -8.48   3.40 2.10 0   6
  36 170313 0553 59.10 72.6980N 124.9200E  15.10  36.57  77.89  15.10 1.00 0   9
  37 170313 0809  5.60 72.4500N 125.0800E  14.90  31.36  50.21  14.90 1.20 0   7
  38 170315 0234 46.50 72.6540N 123.8400E  16.90  73.22  72.98  16.90 1.40 0   7
  39 170317 1007 14.10 72.2350N 125.9800E   3.90   0.69  26.22   3.90 0.50 0   7
  40 170320 0711 14.60 72.1250N 127.2200E  16.80 -41.95  13.95  16.80 0.90 0   6
  41 170320 0853 56.40 72.7090N 124.9700E   5.10  34.86  79.11   5.10 0.40 0   6
  42 170320 1900 34.30 72.4150N 126.1200E  18.00  -4.09  46.31  18.00 0.60 0   7
  43 170323 0519 24.60 71.6470N 129.1800E   5.20-110.76 -39.39   5.20 1.20 0   6
  44 170323 1612 49.70 72.4530N 125.1100E   8.30  30.33  50.55   8.30 0.50 0   6
  45 170323 1906 41.20 72.4070N 130.2500E  18.30-145.04  45.41  18.30 1.00 0   6
  46 170326 0836 34.10 71.9930N 127.6700E  16.10 -57.63  -0.78  16.10 1.50 0   7
  47 170402 0422  1.00 72.7220N 125.6900E  21.90  10.49  80.56  21.90 1.20 0  10
  48 170402 0636 37.20 72.7310N 125.6900E  23.50  10.49  81.57  23.50 0.70 0   6
  49 170404 2347 35.70 72.7580N 124.3800E  22.60  54.76  84.58  22.60 0.50 0   6
  50 170405 0307 36.10 71.6810N 128.9500E  15.30-102.66 -35.60  15.30 1.00 0  10
  51 170405 1410 53.20 71.5100N 128.9000E   9.30-101.37 -54.68   9.30 1.70 0  10
  52 170406 0838 43.20 72.3850N 129.3800E  15.50-115.42  42.96  15.50 0.90 0  10
  53 170406 1728  1.00 72.7230N 125.6900E  21.30  10.49  80.67  21.30 0.90 0  10
 WARNING:
 epicentral distance: 325.9 > dmax ( 300.0) ==> skipping phase !
 WARNING:
 epicentral distance: 332.9 > dmax ( 300.0) ==> skipping phase !
 WARNING:
 epicentral distance: 345.3 > dmax ( 300.0) ==> skipping phase !
 WARNING:
 epicentral distance: 391.9 > dmax ( 300.0) ==> skipping phase !
  54 170407 1729  3.40 74.8930N 128.6300E  15.60 -83.67 322.81  15.60 1.80 0   2
 WARNING:
 epicentral distance: 311.3 > dmax ( 300.0) ==> skipping phase !
 WARNING:
 epicentral distance: 315.4 > dmax ( 300.0) ==> skipping phase !
 WARNING:
 epicentral distance: 328.9 > dmax ( 300.0) ==> skipping phase !
 WARNING:
 epicentral distance: 374.2 > dmax ( 300.0) ==> skipping phase !
  55 170407 1729  3.50 74.7270N 128.8100E   0.40 -89.83 304.29   0.40 1.60 0   5
  56 170408 1004 44.90 72.6070N 124.9400E  15.00  35.98  67.73  15.00 1.40 0  13
  57 170409 0856 47.20 73.3850N 128.5500E  15.60 -84.71 154.54  15.60 2.50 0   6
  58 170409 0902 45.60 73.3500N 128.4400E  15.10 -81.13 150.64  15.10 1.10 0   7
  59 170410 1520  8.50 72.0030N 128.3900E   2.70 -82.46   0.33   2.70 1.00 0  10
  60 170410 1813  3.60 70.9360N 129.1200E   3.70-110.72-118.73   3.70 2.20 0  13
  61 170412 1507  0.60 71.5070N 129.7200E   0.00-130.05 -55.01   0.00 0.70 0   6
  62 170413 0651 20.10 73.3680N 125.4200E  15.60  19.28 152.65  15.60 1.00 0  10
  63 170414 0459 18.80 72.2680N 127.3800E  20.10 -47.27  29.90  20.10 0.50 0   7
  64 170414 0540  4.80 73.6400N 130.9700E   8.00-163.92 183.00   8.00 1.80 0  11
  65 170414 1656 23.40 72.1850N 127.4000E  15.50 -48.06  20.64  15.50 0.20 0   6
  66 170414 1753 32.80 72.3840N 130.4600E  17.90-152.30  42.85  17.90 0.70 0   6
  67 170416 0523 41.90 71.9560N 127.0800E  19.20 -37.31  -4.91  19.20 1.60 0  13
  68 170416 1220 14.20 72.9470N 124.4900E  20.40  50.77 105.67  20.40 1.00 0  11
 WARNING:
 epicentral distance: 320.3 > dmax ( 300.0) ==> skipping phase !
 WARNING:
 epicentral distance: 381.0 > dmax ( 300.0) ==> skipping phase !
 WARNING:
 epicentral distance: 398.8 > dmax ( 300.0) ==> skipping phase !
 WARNING:
 epicentral distance: 405.0 > dmax ( 300.0) ==> skipping phase !
 WARNING:
 epicentral distance: 424.8 > dmax ( 300.0) ==> skipping phase !
 WARNING:
 epicentral distance: 431.2 > dmax ( 300.0) ==> skipping phase !
 WARNING:
 epicentral distance: 445.5 > dmax ( 300.0) ==> skipping phase !
 WARNING:
 epicentral distance: 451.8 > dmax ( 300.0) ==> skipping phase !
 WARNING:
 epicentral distance: 464.3 > dmax ( 300.0) ==> skipping phase !
  69 170416 1257 48.30 68.8710N 131.7500E  73.50-214.97-349.14  73.50 2.20 0   0
  70 170416 1821  5.50 72.8670N 125.0000E  19.30  33.70  96.74  19.30 1.30 0  13
  71 170418 0606  4.10 72.5080N 125.8200E   1.30   6.13  56.68   1.30 0.20 0   6
 WARNING:
 epicentral distance: 315.2 > dmax ( 300.0) ==> skipping phase !
 WARNING:
 epicentral distance: 332.1 > dmax ( 300.0) ==> skipping phase !
 WARNING:
 epicentral distance: 345.3 > dmax ( 300.0) ==> skipping phase !
 WARNING:
 epicentral distance: 352.6 > dmax ( 300.0) ==> skipping phase !
 WARNING:
 epicentral distance: 346.7 > dmax ( 300.0) ==> skipping phase !
 WARNING:
 epicentral distance: 356.6 > dmax ( 300.0) ==> skipping phase !
 WARNING:
 epicentral distance: 363.9 > dmax ( 300.0) ==> skipping phase !
 WARNING:
 epicentral distance: 372.8 > dmax ( 300.0) ==> skipping phase !
 WARNING:
 epicentral distance: 378.6 > dmax ( 300.0) ==> skipping phase !
 WARNING:
 epicentral distance: 378.6 > dmax ( 300.0) ==> skipping phase !
  72 170418 1005 56.80 69.3310N 122.4100E  97.00 132.70-297.82  97.00 2.20 0   1
  73 170418 1500 12.90 72.7340N 124.5100E  23.10  50.40  81.90  23.10 1.30 0  12
  74 170420 1302 36.20 72.6290N 129.0200E  21.80-102.44  70.19  21.80 0.90 0  11
  75 170420 2248 46.70 72.0220N 129.1200E   0.00-107.59   2.46   0.00 0.70 0  11
 WARNING:
 epicentral distance: 313.1 > dmax ( 300.0) ==> skipping phase !
 WARNING:
 epicentral distance: 324.4 > dmax ( 300.0) ==> skipping phase !
 WARNING:
 epicentral distance: 324.2 > dmax ( 300.0) ==> skipping phase !
 WARNING:
 epicentral distance: 342.4 > dmax ( 300.0) ==> skipping phase !
 WARNING:
 epicentral distance: 349.0 > dmax ( 300.0) ==> skipping phase !
 WARNING:
 epicentral distance: 380.2 > dmax ( 300.0) ==> skipping phase !
 WARNING:
 epicentral distance: 381.6 > dmax ( 300.0) ==> skipping phase !
 WARNING:
 epicentral distance: 408.0 > dmax ( 300.0) ==> skipping phase !
  76 170423 0850 54.60 74.7080N 132.7900E   0.10-217.19 302.17   0.10 1.90 0   0
  77 170423 1455 44.10 72.8400N 124.4900E  16.80  50.92  93.73  16.80 0.60 0   8
  78 170423 2313 41.80 72.5960N 124.8700E  22.00  38.36  66.50  22.00 1.30 0  12
  79 170424 0609 58.60 71.9600N 128.0200E   0.10 -69.77  -4.46   0.10 1.10 0  12
  80 170424 0755 26.70 71.9480N 128.0300E   0.00 -70.14  -5.80   0.00 1.00 0  12
  81 170424 0755 26.90 71.9590N 128.0300E   0.00 -70.12  -4.57   0.00 1.00 0  12
  82 170425 0652 23.30 71.9600N 128.0300E   0.00 -70.12  -4.46   0.00 1.20 0   9
  83 170426 0051 23.20 71.9450N 128.0600E   6.60 -71.18  -6.14   6.60 0.70 0   6
  84 170426 1425 21.20 72.0790N 127.2600E  21.00 -43.38   8.82  21.00 0.10 0   6
  85 170426 1834 24.60 71.5840N 130.8000E  10.90-167.46 -46.42  10.90 1.20 0   8
  86 170426 1840 44.10 72.2710N 126.3600E  18.10 -12.33  30.24  18.10 1.30 0   8
  87 170427 0912 28.80 72.0640N 127.7900E   2.60 -61.65   7.14   2.60 0.90 0   8
  88 170427 1041 38.10 71.7480N 128.9900E   8.40-103.86 -28.12   8.40 0.70 0   7
  89 170427 2010 47.80 72.8010N 130.2000E  20.20-141.80  89.38  20.20 1.30 0   8
  90 170427 2010 48.30 72.7890N 130.1400E  20.10-139.82  88.04  20.10 1.30 0   8
  91 170427 2342 34.10 72.7630N 125.0100E  19.50  33.46  85.14  19.50 0.80 0   6

 readings for station 624  :  74
 readings for station 628  :  69
 readings for station 630  :  53
 readings for station 627  :  46
 readings for station 621  :  59
 readings for station 629  :  43
 readings for station 622  :  58
 readings for station 620  :  48
 readings for station 623  :  55
 readings for station 626  :  52
 readings for station 625  :  49
 readings for station 631  :  49
 readings for station 632  :  24

 Total number of stations with readings:  13

 Total number of readings:     679
 Total number of P readings:       0
 Total number of S readings:       0


 ~~~ store parts of G ...
 ~~~ compute RMS and DATVAR ...

 Total number of observations is:   679


 $$$$$$$$$$$$$$$$$$$$$$$$$$$$$$$$$$$$$$$$$$$$$$$$$
 Events with  | AVRES | > 1.0 SEC are suspicious !

 Event#   6 >>>  160822 1318  AVRES = -1.37 NOBS =  8
 Event#   9 >>>  160906 1514  AVRES = -1.00 NOBS =  6
 Event#  10 >>>  160920 1607  AVRES =  3.64 NOBS =  2
 Event#  11 >>>  160925 1911  AVRES =  3.26 NOBS =  2
 Event#  12 >>>  161004 0841  AVRES = -1.25 NOBS =  6
 Event#  18 >>>  161015 1013  AVRES = -1.29 NOBS =  7
 Event#  19 >>>  161021 0507  AVRES = -1.15 NOBS =  6
 Event#  21 >>>  161125 0156  AVRES = -1.15 NOBS =  7
 Event#  22 >>>  161125 0517  AVRES = -1.36 NOBS =  6
 Event#  23 >>>  161125 0525  AVRES = -1.45 NOBS =  6
 Event#  24 >>>  161125 0556  AVRES = -1.38 NOBS =  6
 Event#  26 >>>  170122 1614  AVRES = -1.37 NOBS =  6
 Event#  32 >>>  170307 2016  AVRES = -1.38 NOBS =  6
 Event#  33 >>>  170309 1454  AVRES = -1.06 NOBS =  6
 Event#  35 >>>  170312 0416  AVRES = -1.26 NOBS =  6
 Event#  37 >>>  170313 0809  AVRES = -1.54 NOBS =  7
 Event#  40 >>>  170320 0711  AVRES = -1.27 NOBS =  6
 Event#  41 >>>  170320 0853  AVRES = -1.41 NOBS =  6
 Event#  42 >>>  170320 1900  AVRES = -1.10 NOBS =  7
 Event#  43 >>>  170323 0519  AVRES = -1.75 NOBS =  6
 Event#  46 >>>  170326 0836  AVRES = -1.27 NOBS =  7
 Event#  54 >>>  170407 1729  AVRES =  2.18 NOBS =  2
 Event#  55 >>>  170407 1729  AVRES =  1.46 NOBS =  5
 Event#  57 >>>  170409 0856  AVRES =  2.09 NOBS =  6
 Event#  58 >>>  170409 0902  AVRES =  1.32 NOBS =  7
 Event#  59 >>>  170410 1520  AVRES = -1.29 NOBS = 10
 Event#  61 >>>  170412 1507  AVRES = -1.40 NOBS =  6
 Event#  64 >>>  170414 0540  AVRES =  2.41 NOBS = 11
 Event#  65 >>>  170414 1656  AVRES = -1.41 NOBS =  6
 Event#  72 >>>  170418 1005  AVRES =  3.06 NOBS =  1
 Event#  75 >>>  170420 2248  AVRES = -1.21 NOBS = 11
 Event#  79 >>>  170424 0609  AVRES = -1.32 NOBS = 12
 Event#  80 >>>  170424 0755  AVRES = -1.29 NOBS = 12
 Event#  81 >>>  170424 0755  AVRES = -1.28 NOBS = 12
 Event#  82 >>>  170425 0652  AVRES = -1.35 NOBS =  9
 Event#  83 >>>  170426 0051  AVRES = -1.36 NOBS =  6
 Event#  86 >>>  170426 1840  AVRES = -1.07 NOBS =  8
 Event#  87 >>>  170427 0912  AVRES = -1.08 NOBS =  8
 Event#  88 >>>  170427 1041  AVRES = -1.54 NOBS =  7
 Event#  89 >>>  170427 2010  AVRES =  1.26 NOBS =  8
 Event#  90 >>>  170427 2010  AVRES =  1.14 NOBS =  8

 ^^^^^^^^^ C H E C K   these events above ^^^^^^^^
 $$$$$$$$$$$$$$$$$$$$$$$$$$$$$$$$$$$$$$$$$$$$$$$$$

 ~~~ save initial datvar ...

 Iteration nr  0 obtained:
 DATVAR=    3.921218 mean sqrd residual=     1.767147  RMS RESIDUAL=     1.329341

 After  0 iterations we got:
 Average absolute & unweighted [and mean] residual of
   255 straight and direct rays =  1.19983 [ -1.14842]
   424 refracted           rays =  1.20266 [ -0.05331]
     0 reflected           rays =  0.00000 [  0.00000]

   679 ALL                 RAYS =  1.20160 [ -0.46458]        0.00 %




--------------------------------------------------------------------------------



           ITERATION no  1

 ~~~ set units for this iteration ...
 ~~~ determine number of unknowns for this iter. ...

 Number of unknowns (for array-indexing):  nvar =  385
 Number of effective unknowns        :  nvareff =  386
 Number of elements on/below main diagonal of matrix G = At*A : kvar =   74305

 Damping factors to be used in this iteration:
   Othet=   0.010   XYthet  =   0.010   Zthet=  0.010
 STAthet=   0.010   Vthet   =   1.000

 ~~~ damp G ...
 ~~~ solve G * b = RHT ...
 ~~~ fix units ...
 ~~~ apply eventually step-length damping ...
 ~~~ adjust model (hypocenters, stacorr & veloc.) ...

 doing velocity adjustments now...

 doing station-correction adjustments...

 ~~~ compute effective step-length ...

 (Applied) Step length =   2.553

 ~~~ set units for next iteration ...
 ~~~ determine number of unknowns for next iter. ...

 Number of unknowns (for array-indexing):  nvar =  385
 Number of effective unknowns        :  nvareff =  386
 Number of elements on/below main diagonal of matrix G = At*A : kvar =   74305

 ~~~ reset G and RHT ...
 ~~~ raytracing, setup G ...
 ~~~ store parts of G ...
 ~~~ set units back for current iteration ...
 ~~~ determine number of unknowns for this iter. ...

 Number of unknowns (for array-indexing):  nvar =  385
 Number of effective unknowns        :  nvareff =  386
 Number of elements on/below main diagonal of matrix G = At*A : kvar =   74305

 ~~~ compute RMS and DATVAR ...

 $$$$$$$$$$$$$$$$$$$$$$$$$$$$$$$$$$$$$$$$$$$$$$$$$
 Events with  | AVRES | > 1.0 SEC are suspicious !

 Event#   6 >>>  160822 1318  AVRES = -1.23 NOBS =  8
 Event#  10 >>>  160920 1607  AVRES =  3.45 NOBS =  2
 Event#  11 >>>  160925 1911  AVRES =  3.11 NOBS =  2
 Event#  12 >>>  161004 0841  AVRES = -1.11 NOBS =  6
 Event#  18 >>>  161015 1013  AVRES = -1.18 NOBS =  7
 Event#  19 >>>  161021 0507  AVRES = -1.07 NOBS =  6
 Event#  22 >>>  161125 0517  AVRES = -1.24 NOBS =  6
 Event#  23 >>>  161125 0525  AVRES = -1.33 NOBS =  6
 Event#  24 >>>  161125 0556  AVRES = -1.29 NOBS =  6
 Event#  26 >>>  170122 1614  AVRES = -1.27 NOBS =  6
 Event#  32 >>>  170307 2016  AVRES = -1.23 NOBS =  6
 Event#  35 >>>  170312 0416  AVRES = -1.20 NOBS =  6
 Event#  37 >>>  170313 0809  AVRES = -1.38 NOBS =  7
 Event#  40 >>>  170320 0711  AVRES = -1.13 NOBS =  6
 Event#  41 >>>  170320 0853  AVRES = -1.33 NOBS =  6
 Event#  43 >>>  170323 0519  AVRES = -1.61 NOBS =  6
 Event#  46 >>>  170326 0836  AVRES = -1.14 NOBS =  7
 Event#  54 >>>  170407 1729  AVRES =  2.25 NOBS =  2
 Event#  55 >>>  170407 1729  AVRES =  1.54 NOBS =  5
 Event#  57 >>>  170409 0856  AVRES =  1.89 NOBS =  6
 Event#  58 >>>  170409 0902  AVRES =  1.19 NOBS =  7
 Event#  59 >>>  170410 1520  AVRES = -1.20 NOBS = 10
 Event#  61 >>>  170412 1507  AVRES = -1.28 NOBS =  6
 Event#  64 >>>  170414 0540  AVRES =  2.25 NOBS = 11
 Event#  65 >>>  170414 1656  AVRES = -1.25 NOBS =  6
 Event#  72 >>>  170418 1005  AVRES =  2.77 NOBS =  1
 Event#  75 >>>  170420 2248  AVRES = -1.11 NOBS = 11
 Event#  79 >>>  170424 0609  AVRES = -1.22 NOBS = 12
 Event#  80 >>>  170424 0755  AVRES = -1.20 NOBS = 12
 Event#  81 >>>  170424 0755  AVRES = -1.19 NOBS = 12
 Event#  82 >>>  170425 0652  AVRES = -1.26 NOBS =  9
 Event#  83 >>>  170426 0051  AVRES = -1.28 NOBS =  6
 Event#  87 >>>  170427 0912  AVRES = -1.04 NOBS =  8
 Event#  88 >>>  170427 1041  AVRES = -1.41 NOBS =  7
 Event#  89 >>>  170427 2010  AVRES =  1.12 NOBS =  8
 Event#  90 >>>  170427 2010  AVRES =  1.03 NOBS =  8

 ^^^^^^^^^ C H E C K   these events above ^^^^^^^^
 $$$$$$$$$$$$$$$$$$$$$$$$$$$$$$$$$$$$$$$$$$$$$$$$$

 ~~~ check solution (better? worse?) ...

 Iteration nr  1 obtained:
 DATVAR=    3.450788 mean sqrd residual=     1.489074  RMS RESIDUAL=     1.220276

 After  1 iterations we got:
 Average absolute & unweighted [and mean] residual of
   254 straight and direct rays =  1.09711 [ -1.05596]
   425 refracted           rays =  1.09145 [ -0.03903]
     0 reflected           rays =  0.00000 [  0.00000]

   679 ALL                 RAYS =  1.09357 [ -0.41944]       -8.99 %

 ~~~ iteration done; output results ...

  eq       ot     x      y      z      rms    avres   dot     dx     dy     dz
    1      9.10  38.64 111.97  23.14   0.59  -0.22    0.005  0.030  0.055  0.041
    2      9.30  38.00 110.64  22.82   0.59  -0.26    0.001  0.044  0.060  0.020
    3     27.29-130.01  -8.52  12.14   1.09  -0.26   -0.012 -0.010  0.076  0.042
    4     15.67-131.04  -6.86  11.02   1.14  -0.18   -0.026 -0.059  0.058  0.020
    5     45.69 -40.39  38.86  23.97   0.35  -0.57   -0.006 -0.060  0.025  0.172
    6     49.50 -36.85  40.74  16.63   0.33  -1.23   -0.000  0.049  0.008  0.126
    7     13.97-134.87-119.25   6.33   2.04   0.35   -0.033  0.344 -0.189 -0.073
    8     30.39-140.93 -43.95   8.76   1.07   0.31   -0.009 -0.067 -0.100  0.165
    9     39.71  10.88  56.64  12.02   0.35  -0.92    0.014 -0.006 -0.042 -0.083
   10     18.28 -87.29-308.29  16.20   1.01   3.45   -0.022 -0.225  0.014  0.003
   11      5.54 -62.54-309.65  15.61   1.19   3.11   -0.057 -0.275 -0.006  0.008
   12     51.19  35.27  94.73  15.89   0.32  -1.11   -0.009  0.207  0.110  0.286
   13     46.90  33.46  97.99  19.18   0.75  -0.41    0.003  0.110  0.133  0.179
   14     55.89  33.37  97.54  13.99   1.17  -0.89   -0.007  0.017  0.014  0.086
   15     44.69  34.14  97.40  17.33   1.26  -0.23   -0.008  0.111  0.095  0.125
   16     44.88  35.07  95.92  18.65   1.30  -0.05   -0.022  0.010  0.186  0.047
   17     22.09  -1.00  82.38  18.59   0.99  -0.72   -0.007  0.010  0.032  0.088
   18     36.47 -34.27   4.44  11.42   0.55  -1.18   -0.028 -0.152 -0.026  0.219
   19     33.29  41.47  64.19  10.44   0.63  -1.07   -0.006  0.029  0.030  0.336
   20     45.99  37.78  85.19  16.18   0.97  -0.73   -0.013 -0.068  0.046 -0.015
   21     34.07  36.47  82.78  14.29   0.91  -0.92   -0.028 -0.056 -0.015 -0.210
   22     25.89  35.81  85.40  13.58   0.46  -1.24   -0.006 -0.016  0.041  0.077
   23     15.90  35.40  86.39  11.66   0.69  -1.33   -0.002 -0.071  0.021  0.061
   24      2.00  34.86  82.14   5.98   0.95  -1.29    0.003  0.027  0.127  0.279
   25     48.63 -46.01  23.66  22.03   0.16  -0.71    0.034 -0.039 -0.106  0.030
   26     27.61 -70.42  -3.80  10.34   0.72  -1.27    0.012  0.030 -0.119  0.044
   27      0.19  -0.63  49.54  13.33   0.61  -0.83   -0.015  0.055 -0.002  0.234
   28     59.09  37.63  76.31  11.58   1.09  -0.86   -0.007  0.038  0.100  0.084
   29     20.18-148.84 -12.89  14.78   1.13   0.30   -0.020 -0.019 -0.058 -0.021
   30      2.90  35.94  76.81  13.49   1.26  -0.54    0.002  0.047  0.040  0.093
   31     20.99  36.52  77.50  14.25   1.32  -0.54   -0.008 -0.053  0.056  0.051
   32     50.78  36.85  77.09  15.22   0.42  -1.23   -0.022 -0.061 -0.012 -0.080
   33      0.79  37.29  76.16  15.61   0.80  -0.95   -0.006  0.030 -0.055  0.013
   34     55.42 -16.98  34.90  24.56   0.08  -0.64    0.022  0.123 -0.025  0.063
   35     39.28 -71.69  -8.41   3.50   1.10  -1.20    0.085  0.221  0.070  0.098
   36     59.09  36.56  77.83  15.05   1.13  -0.74   -0.011 -0.008 -0.055 -0.049
   37      5.59  31.39  50.16  14.67   0.19  -1.38   -0.013  0.027 -0.056 -0.232
   38     46.48  73.24  72.96  16.92   0.83  -0.57   -0.022  0.021 -0.011  0.018
   39     14.14   0.72  26.12   3.81   0.56  -0.63    0.036  0.033 -0.102 -0.095
   40     14.58 -41.96  13.92  16.79   0.34  -1.13   -0.020 -0.004 -0.031 -0.007
   41     56.41  34.90  79.11   5.70   0.86  -1.33    0.012  0.035 -0.002  0.598
   42     34.31  -3.98  46.27  17.96   0.29  -0.98    0.009  0.113 -0.033 -0.039
   43     24.60-110.68 -39.39   5.44   0.83  -1.61    0.000  0.074 -0.002  0.241
   44     49.73  30.32  50.50   8.13   0.70  -0.92    0.034 -0.016 -0.044 -0.166
   45     41.20-145.14  45.36  18.38   1.06   0.53    0.003 -0.100 -0.055  0.080
   46     34.09 -57.60  -0.84  16.11   0.29  -1.14   -0.007  0.033 -0.054  0.010
   47      1.01  10.52  80.61  21.97   1.20  -0.05    0.013  0.032  0.043  0.070
   48     37.22  10.55  81.61  23.59   0.48  -0.50    0.019  0.059  0.041  0.093
   49     35.70  54.77  84.55  22.64   0.51  -0.54   -0.005  0.008 -0.028  0.042
   50     36.08-102.61 -35.66  15.20   1.02  -0.32   -0.022  0.044 -0.064 -0.102
   51     53.17-101.41 -54.42   9.23   1.43  -0.33   -0.034 -0.036  0.251 -0.065
   52     43.18-115.52  43.00  15.50   1.02  -0.26   -0.015 -0.102  0.045 -0.004
   53      1.01  10.63  80.74  21.40   1.18  -0.05    0.012  0.144  0.063  0.104
   54      3.18 -83.68 322.78  15.63   0.51   2.25   -0.219 -0.009 -0.029  0.032
   55      3.32 -89.79 304.28   0.43   0.47   1.54   -0.180  0.046 -0.008  0.032
   56     44.88  36.02  67.71  14.98   1.20  -0.69   -0.015  0.038 -0.024 -0.019
   57     47.19 -84.74 154.62  15.60   0.76   1.89   -0.012 -0.027  0.072  0.002
   58     45.60 -80.95 150.75  15.10   1.26   1.19   -0.002  0.182  0.113  0.000
   59      8.53 -82.33   0.33   3.05   0.94  -1.20    0.029  0.125 -0.003  0.353
   60      3.58-110.88-118.69   3.87   1.85   0.21   -0.021 -0.157  0.032  0.167
   61      0.54-130.35 -55.20   0.63   0.91  -1.28   -0.060 -0.303 -0.194  0.523
   62     20.09  19.52 152.77  15.72   1.41   0.46   -0.008  0.243  0.122  0.121
   63     18.81 -47.27  29.84  20.20   0.34  -0.75    0.009  0.003 -0.064  0.105
   64      4.77-163.49 183.52   8.00   1.00   2.25   -0.025  0.429  0.525  0.004
   65     23.40 -48.01  20.58  15.56   0.33  -1.25    0.003  0.051 -0.065  0.058
   66     32.80-152.30  43.07  17.94   0.81   0.32    0.003  0.001  0.220  0.035
   67     41.90 -37.24  -5.06  19.15   0.49  -0.72   -0.000  0.068 -0.152 -0.049
   68     14.17  50.89 105.89  20.39   0.83   0.12   -0.025  0.115  0.218 -0.009
   69     48.30-214.97-349.14  73.50   0.00   0.00    0.000  0.000  0.000  0.000
   70      5.50  33.88  96.87  19.46   1.25   0.09    0.005  0.181  0.127  0.162
   71      4.18   6.17  56.69   1.26   0.72  -0.33    0.076  0.045  0.002 -0.044
   72     57.05 132.71-297.84  97.01   7.65   2.77    0.250  0.016 -0.022  0.006
   73     12.90  50.59  81.82  23.20   0.93   0.12    0.002  0.196 -0.081  0.099
   74     36.20-102.56  70.39  22.09   0.72   0.26   -0.003 -0.122  0.203  0.294
   75     46.70-107.75   2.56   0.44   1.04  -1.11   -0.004 -0.160  0.102  0.332
   76     54.60-217.19 302.17   0.10   0.00   0.00    0.000  0.000  0.000  0.000
   77     44.09  51.03  93.64  16.84   0.80  -0.60   -0.006  0.106 -0.089  0.038
   78     41.80  38.48  66.45  22.08   0.84  -0.30    0.002  0.112 -0.052  0.083
   79     58.64 -69.63  -4.54   0.69   0.79  -1.22    0.040  0.140 -0.075  0.592
   80     26.74 -70.02  -5.89   0.64   0.79  -1.20    0.040  0.116 -0.091  0.530
   81     26.94 -70.00  -4.65   0.66   0.77  -1.19    0.044  0.122 -0.079  0.553
   82     23.33 -69.96  -4.54   0.53   0.84  -1.26    0.035  0.155 -0.080  0.420
   83     23.20 -71.19  -6.23   7.10   0.86  -1.28   -0.001 -0.012 -0.091  0.505
   84     21.21 -43.30   8.67  21.02   0.14  -0.79    0.012  0.087 -0.147  0.020
   85     24.56-167.39 -46.62  10.86   1.28   0.50   -0.038  0.072 -0.202 -0.038
   86     44.10 -12.27  30.16  18.14   0.33  -0.95   -0.001  0.060 -0.081  0.036
   87     28.84 -61.62   7.00   3.34   0.92  -1.04    0.044  0.033 -0.144  0.739
   88     38.10-103.82 -28.17   8.70   0.97  -1.41   -0.002  0.046 -0.049  0.300
   89     47.81-141.84  89.55  20.39   0.85   1.12    0.006 -0.044  0.174  0.187
   90     48.30-139.80  88.25  20.25   0.83   1.03    0.000  0.013  0.208  0.151
   91     34.10  33.51  85.17  19.60   1.15   0.01   -0.002  0.056  0.035  0.097

 A V E R A G E   of ADJUSTMENTS :                    -0.002  0.029  0.010  0.105
 A V E R A G E   of ABSOLUTE ADJUSTMENTS :            0.023  0.081  0.078  0.135


 Step length damping of 0.10316 was applied.


 Velocity adjustments:
     vp    dvp      hp   reflector
 Velocity model   1
   4.224 -0.066   -5.000      
   4.881  0.081   -1.590      
   5.568  0.148   14.480      
   6.855  0.005   19.640      
   6.999  0.029   22.090      
   7.570 -0.080   25.710      
   7.971  0.101   34.490      
   8.740 -0.200   36.070      
   9.003 -0.007   43.890      

 Calculation of average velocity starts at layer #           1
 z = -5.00 ... -1.59    v = 4.22    AVEL = 4.22 downto z =  -1.59
 z = -1.59 ... 14.48    v = 4.88    AVEL = 4.77 downto z =  14.48
 z = 14.48 ... 19.64    v = 5.57    AVEL = 4.93 downto z =  19.64
 z = 19.64 ... 22.09    v = 6.86    AVEL = 5.11 downto z =  22.09
 z = 22.09 ... 25.71    v = 7.00    AVEL = 5.33 downto z =  25.71
 z = 25.71 ... 34.49    v = 7.57    AVEL = 5.83 downto z =  34.49
 z = 34.49 ... 36.07    v = 7.97    AVEL = 5.91 downto z =  36.07
 z = 36.07 ... 43.89    v = 8.74    AVEL = 6.36 downto z =  43.89


 Calculation of average velocity starts at layer #           2
 z = -1.59 ... 14.48    v = 4.88    AVEL = 4.88 downto z =  14.48
 z = 14.48 ... 19.64    v = 5.57    AVEL = 5.05 downto z =  19.64
 z = 19.64 ... 22.09    v = 6.86    AVEL = 5.23 downto z =  22.09
 z = 22.09 ... 25.71    v = 7.00    AVEL = 5.47 downto z =  25.71
 z = 25.71 ... 34.49    v = 7.57    AVEL = 5.98 downto z =  34.49
 z = 34.49 ... 36.07    v = 7.97    AVEL = 6.06 downto z =  36.07
 z = 36.07 ... 43.89    v = 8.74    AVEL = 6.52 downto z =  43.89



 Adjusted station corrections:
   stn  ptcor  dpcor  
  624   0.000  0.000  628  -0.031 -0.031  630  -0.012 -0.012  627   0.007  0.007
  621   0.016  0.016  629   0.019  0.019  622   0.010  0.010  620   0.008  0.008
  623   0.027  0.027  626   0.015  0.015  625   0.016  0.016  631   0.043  0.043
  632   0.015  0.015

 ~~~ another iteration? ...



--------------------------------------------------------------------------------



           ITERATION no  2

 ~~~ set units for this iteration ...
 ~~~ determine number of unknowns for this iter. ...

 Number of unknowns (for array-indexing):  nvar =  385
 Number of effective unknowns        :  nvareff =  386
 Number of elements on/below main diagonal of matrix G = At*A : kvar =   74305

 Damping factors to be used in this iteration:
   Othet=   0.010   XYthet  =   0.010   Zthet=  0.010
 STAthet=   0.010   Vthet   =   1.000

 ~~~ damp G ...
 ~~~ solve G * b = RHT ...
 ~~~ fix units ...
 ~~~ apply eventually step-length damping ...
 ~~~ adjust model (hypocenters, stacorr & veloc.) ...

 doing velocity adjustments now...

 doing station-correction adjustments...

 ~~~ compute effective step-length ...

 (Applied) Step length =   2.305

 ~~~ set units for next iteration ...
 ~~~ determine number of unknowns for next iter. ...

 Number of unknowns (for array-indexing):  nvar =  385
 Number of effective unknowns        :  nvareff =  386
 Number of elements on/below main diagonal of matrix G = At*A : kvar =   74305

 ~~~ reset G and RHT ...
 ~~~ raytracing, setup G ...
 ~~~ store parts of G ...
 ~~~ set units back for current iteration ...
 ~~~ determine number of unknowns for this iter. ...

 Number of unknowns (for array-indexing):  nvar =  385
 Number of effective unknowns        :  nvareff =  386
 Number of elements on/below main diagonal of matrix G = At*A : kvar =   74305

 ~~~ compute RMS and DATVAR ...

 $$$$$$$$$$$$$$$$$$$$$$$$$$$$$$$$$$$$$$$$$$$$$$$$$
 Events with  | AVRES | > 1.0 SEC are suspicious !

 Event#   6 >>>  160822 1318  AVRES = -1.09 NOBS =  8
 Event#  10 >>>  160920 1607  AVRES =  3.08 NOBS =  2
 Event#  11 >>>  160925 1911  AVRES =  2.78 NOBS =  2
 Event#  18 >>>  161015 1013  AVRES = -1.08 NOBS =  7
 Event#  22 >>>  161125 0517  AVRES = -1.12 NOBS =  6
 Event#  23 >>>  161125 0525  AVRES = -1.22 NOBS =  6
 Event#  24 >>>  161125 0556  AVRES = -1.20 NOBS =  6
 Event#  26 >>>  170122 1614  AVRES = -1.17 NOBS =  6
 Event#  32 >>>  170307 2016  AVRES = -1.09 NOBS =  6
 Event#  35 >>>  170312 0416  AVRES = -1.12 NOBS =  6
 Event#  37 >>>  170313 0809  AVRES = -1.02 NOBS =  7
 Event#  40 >>>  170320 0711  AVRES = -1.00 NOBS =  6
 Event#  41 >>>  170320 0853  AVRES = -1.23 NOBS =  6
 Event#  43 >>>  170323 0519  AVRES = -1.47 NOBS =  6
 Event#  46 >>>  170326 0836  AVRES = -1.01 NOBS =  7
 Event#  54 >>>  170407 1729  AVRES =  2.01 NOBS =  2
 Event#  55 >>>  170407 1729  AVRES =  1.37 NOBS =  5
 Event#  57 >>>  170409 0856  AVRES =  1.69 NOBS =  6
 Event#  58 >>>  170409 0902  AVRES =  1.07 NOBS =  7
 Event#  59 >>>  170410 1520  AVRES = -1.10 NOBS = 10
 Event#  61 >>>  170412 1507  AVRES = -1.15 NOBS =  6
 Event#  64 >>>  170414 0540  AVRES =  2.02 NOBS = 11
 Event#  65 >>>  170414 1656  AVRES = -1.11 NOBS =  6
 Event#  72 >>>  170418 1005  AVRES =  2.48 NOBS =  1
 Event#  79 >>>  170424 0609  AVRES = -1.12 NOBS = 12
 Event#  80 >>>  170424 0755  AVRES = -1.09 NOBS = 12
 Event#  81 >>>  170424 0755  AVRES = -1.08 NOBS = 12
 Event#  82 >>>  170425 0652  AVRES = -1.14 NOBS =  9
 Event#  83 >>>  170426 0051  AVRES = -1.17 NOBS =  6
 Event#  88 >>>  170427 1041  AVRES = -1.28 NOBS =  7
 Event#  89 >>>  170427 2010  AVRES =  1.01 NOBS =  8

 ^^^^^^^^^ C H E C K   these events above ^^^^^^^^
 $$$$$$$$$$$$$$$$$$$$$$$$$$$$$$$$$$$$$$$$$$$$$$$$$

 ~~~ check solution (better? worse?) ...

 Iteration nr  2 obtained:
 DATVAR=    2.817255 mean sqrd residual=     1.215693  RMS RESIDUAL=     1.102585

 After  2 iterations we got:
 Average absolute & unweighted [and mean] residual of
   266 straight and direct rays =  0.98362 [ -0.95023]
   413 refracted           rays =  0.98485 [ -0.00863]
     0 reflected           rays =  0.00000 [  0.00000]

   679 ALL                 RAYS =  0.98437 [ -0.37750]       -9.99 %

 ~~~ iteration done; output results ...

  eq       ot     x      y      z      rms    avres   dot     dx     dy     dz
    1      9.11  38.67 112.02  23.17   0.51  -0.19    0.008  0.026  0.050  0.033
    2      9.31  38.03 110.69  22.84   0.52  -0.23    0.005  0.039  0.055  0.016
    3     27.28-130.02  -8.43  12.17   0.99  -0.23   -0.008 -0.012  0.087  0.027
    4     15.66-131.07  -6.80  11.01   1.04  -0.17   -0.015 -0.028  0.059 -0.014
    5     45.70 -40.39  38.77  23.96   0.31  -0.51    0.010  0.006 -0.089 -0.010
    6     49.50 -36.80  40.73  16.73   0.30  -1.09    0.002  0.046 -0.001  0.101
    7     13.94-134.53-119.44   6.26   1.87   0.30   -0.027  0.343 -0.190 -0.068
    8     30.39-140.98 -44.09   8.90   0.99   0.27   -0.001 -0.055 -0.142  0.140
    9     39.73  10.87  56.59  11.95   0.33  -0.84    0.015 -0.012 -0.052 -0.069
   10     18.25 -87.51-308.28  16.21   1.01   3.08   -0.028 -0.214  0.014  0.004
   11      5.48 -62.80-309.66  15.62   1.20   2.78   -0.061 -0.264 -0.005  0.009
   12     51.19  35.35  94.85  15.98   0.28  -0.99   -0.004  0.074  0.116  0.097
   13     46.91  33.61  98.10  19.32   0.67  -0.37    0.011  0.144  0.111  0.138
   14     55.89  33.37  97.57  14.05   1.05  -0.81   -0.004 -0.002  0.028  0.068
   15     44.69  34.25  97.51  17.46   1.12  -0.20   -0.006  0.105  0.114  0.130
   16     44.87  35.10  96.09  18.68   1.17  -0.04   -0.012  0.035  0.163  0.037
   17     22.09  -1.00  82.39  18.65   0.89  -0.64    0.000  0.003  0.007  0.064
   18     36.45 -34.40   4.40  11.60   0.49  -1.08   -0.023 -0.129 -0.034  0.182
   19     33.29  41.50  64.21  10.76   0.56  -0.98   -0.005  0.025  0.020  0.326
   20     45.98  37.73  85.21  16.16   0.87  -0.65   -0.006 -0.057  0.027 -0.021
   21     34.08  36.47  82.75  14.28   0.84  -0.83    0.007  0.006 -0.027 -0.013
   22     25.89  35.78  85.45  13.66   0.43  -1.12   -0.004 -0.027  0.053  0.081
   23     15.90  35.33  86.41  11.73   0.65  -1.22    0.000 -0.075  0.020  0.066
   24      2.00  34.88  82.26   6.24   0.88  -1.20    0.001  0.019  0.123  0.261
   25     48.66 -46.03  23.57  22.06   0.15  -0.63    0.031 -0.020 -0.091  0.032
   26     27.63 -70.38  -3.91  10.38   0.67  -1.17    0.013  0.036 -0.105  0.040
   27      0.18  -0.59  49.52  13.53   0.54  -0.75   -0.008  0.040 -0.017  0.195
   28     59.09  37.66  76.40  11.65   0.99  -0.79   -0.003  0.023  0.091  0.068
   29     20.17-148.85 -12.95  14.74   1.02   0.28   -0.010 -0.007 -0.060 -0.040
   30      2.91  35.97  76.86  13.56   1.16  -0.49    0.006  0.024  0.053  0.068
   31     20.99  36.44  77.56  14.28   1.20  -0.49   -0.002 -0.071  0.061  0.025
   32     50.76  36.79  77.08  15.16   0.38  -1.09   -0.015 -0.056 -0.009 -0.060
   33      0.79  37.31  76.11  15.62   0.73  -0.84   -0.000  0.024 -0.050  0.012
   34     55.44 -16.88  34.88  24.60   0.07  -0.56    0.020  0.105 -0.026  0.040
   35     39.36 -71.49  -8.35   3.59   1.00  -1.12    0.071  0.206  0.064  0.097
   36     59.09  36.60  77.84  15.08   1.03  -0.66   -0.002  0.046  0.013  0.032
   37      5.58  31.40  50.09  14.42   0.25  -1.02   -0.009  0.016 -0.064 -0.248
   38     46.48  73.12  73.10  16.94   0.76  -0.50    0.004 -0.120  0.131  0.018
   39     14.16   0.75  26.03   3.72   0.51  -0.60    0.029  0.028 -0.093 -0.083
   40     14.57 -41.94  13.88  16.77   0.31  -1.00   -0.014  0.014 -0.035 -0.021
   41     56.42  34.93  79.10   6.26   0.77  -1.23    0.008  0.033 -0.007  0.559
   42     34.32  -3.89  46.24  17.90   0.26  -0.87    0.011  0.091 -0.038 -0.057
   43     24.60-110.60 -39.38   5.66   0.76  -1.47    0.002  0.086  0.008  0.216
   44     49.77  30.30  50.45   8.00   0.64  -0.85    0.031 -0.019 -0.051 -0.136
   45     41.21-145.20  45.31  18.44   0.94   0.49    0.011 -0.067 -0.053  0.057
   46     34.09 -57.56  -0.87  16.11   0.27  -1.01   -0.002  0.041 -0.036 -0.004
   47      1.04  10.62  80.57  22.04   1.08  -0.04    0.028  0.102 -0.032  0.074
   48     37.24  10.60  81.64  23.66   0.42  -0.44    0.020  0.053  0.028  0.067
   49     35.70  54.77  84.52  22.68   0.45  -0.48    0.000  0.001 -0.030  0.033
   50     36.06-102.55 -35.71  15.08   0.92  -0.28   -0.013  0.062 -0.053 -0.122
   51     53.16-101.28 -54.25   9.16   1.31  -0.30   -0.003  0.129  0.174 -0.070
   52     43.18-115.59  43.04  15.46   0.92  -0.23   -0.010 -0.074  0.037 -0.036
   53      1.03  10.75  80.77  21.46   1.06  -0.04    0.018  0.123  0.034  0.060
   54      2.98 -83.69 322.75  15.66   0.49   2.01   -0.204 -0.012 -0.028  0.029
   55      3.15 -89.75 304.27   0.46   0.42   1.37   -0.170  0.039 -0.009  0.029
   56     44.88  36.03  67.67  14.93   1.09  -0.61   -0.009  0.019 -0.040 -0.046
   57     47.18 -84.88 154.67  15.62   0.69   1.69   -0.009 -0.145  0.057  0.014
   58     45.61 -80.86 150.95  15.19   1.13   1.07    0.014  0.092  0.200  0.088
   59      8.56 -82.20   0.34   3.21   0.86  -1.10    0.029  0.136  0.012  0.161
   60      3.57-110.97-118.62   3.99   1.72   0.18   -0.008 -0.097  0.074  0.122
   61      0.49-130.62 -55.37   1.10   0.84  -1.15   -0.050 -0.266 -0.168  0.468
   62     20.09  19.73 152.86  15.82   1.28   0.42   -0.002  0.208  0.089  0.098
   63     18.82 -47.27  29.79  20.28   0.30  -0.66    0.010  0.003 -0.050  0.075
   64      4.74-163.03 184.09   8.03   0.92   2.02   -0.031  0.457  0.570  0.021
   65     23.41 -47.96  20.51  15.60   0.30  -1.11    0.004  0.054 -0.064  0.046
   66     32.81-152.29  43.26  17.96   0.72   0.30    0.010  0.004  0.192  0.024
   67     41.90 -37.17  -5.20  19.08   0.44  -0.64    0.004  0.067 -0.141 -0.075
   68     14.17  51.08 106.01  20.41   0.74   0.11   -0.005  0.189  0.121  0.017
   69     48.30-214.97-349.14  73.50   0.00   0.00    0.000  0.000  0.000  0.000
   70      5.51  34.04  97.01  19.63   1.12   0.08    0.008  0.156  0.136  0.164
   71      4.23   6.20  56.69   1.22   0.68  -0.34    0.058  0.033  0.001 -0.034
   72     56.74 132.69-297.81  97.00   6.13   2.48   -0.315 -0.021  0.027 -0.008
   73     12.91  50.76  81.73  23.26   0.83   0.11    0.009  0.162 -0.092  0.058
   74     36.20-102.66  70.55  22.34   0.64   0.23    0.002 -0.096  0.158  0.250
   75     46.68-107.85   2.64   0.62   0.99  -0.99   -0.012 -0.102  0.086  0.174
   76     54.60-217.19 302.17   0.10   0.00   0.00    0.000  0.000  0.000  0.000
   77     44.09  51.16  93.65  16.81   0.71  -0.53    0.000  0.128  0.012 -0.029
   78     41.81  38.58  66.42  22.15   0.75  -0.27    0.006  0.108 -0.027  0.064
   79     58.67 -69.54  -4.60   1.22   0.71  -1.12    0.035  0.096 -0.066  0.529
   80     26.77 -69.93  -5.98   1.08   0.71  -1.09    0.032  0.091 -0.083  0.437
   81     26.98 -69.91  -4.73   1.13   0.69  -1.08    0.035  0.091 -0.075  0.462
   82     23.36 -69.83  -4.62   0.88   0.75  -1.14    0.022  0.136 -0.073  0.346
   83     23.20 -71.21  -6.31   7.56   0.77  -1.17   -0.003 -0.012 -0.078  0.457
   84     21.23 -43.23   8.52  20.99   0.13  -0.70    0.017  0.068 -0.150 -0.033
   85     24.54-167.30 -46.82  10.81   1.17   0.45   -0.027  0.095 -0.200 -0.054
   86     44.10 -12.18  30.07  18.09   0.29  -0.84    0.005  0.095 -0.093 -0.041
   87     28.87 -61.60   6.86   4.00   0.83  -0.98    0.031  0.021 -0.133  0.663
   88     38.10-103.75 -28.20   8.90   0.90  -1.28    0.005  0.066 -0.032  0.201
   89     47.82-141.85  89.75  20.56   0.76   1.01    0.012 -0.012  0.193  0.170
   90     48.32-139.91  88.40  20.50   0.73   0.92    0.018 -0.107  0.153  0.254
   91     34.10  33.55  85.21  19.67   1.02   0.01    0.005  0.033  0.036  0.075

 A V E R A G E   of ADJUSTMENTS :                    -0.004  0.029  0.010  0.083
 A V E R A G E   of ABSOLUTE ADJUSTMENTS :            0.021  0.077  0.075  0.114


 Step length damping of 0.10454 was applied.


 Velocity adjustments:
     vp    dvp      hp   reflector
 Velocity model   1
   4.155 -0.069   -5.000      
   4.961  0.080   -1.590      
   5.696  0.128   14.480      
   6.867  0.011   19.640      
   7.012  0.013   22.090      
   7.498 -0.073   25.710      
   8.040  0.069   34.490      
   8.572 -0.168   36.070      
   8.803 -0.200   43.890      

 Calculation of average velocity starts at layer #           1
 z = -5.00 ... -1.59    v = 4.16    AVEL = 4.16 downto z =  -1.59
 z = -1.59 ... 14.48    v = 4.96    AVEL = 4.82 downto z =  14.48
 z = 14.48 ... 19.64    v = 5.70    AVEL = 5.00 downto z =  19.64
 z = 19.64 ... 22.09    v = 6.87    AVEL = 5.17 downto z =  22.09
 z = 22.09 ... 25.71    v = 7.01    AVEL = 5.39 downto z =  25.71
 z = 25.71 ... 34.49    v = 7.50    AVEL = 5.86 downto z =  34.49
 z = 34.49 ... 36.07    v = 8.04    AVEL = 5.94 downto z =  36.07
 z = 36.07 ... 43.89    v = 8.57    AVEL = 6.36 downto z =  43.89


 Calculation of average velocity starts at layer #           2
 z = -1.59 ... 14.48    v = 4.96    AVEL = 4.96 downto z =  14.48
 z = 14.48 ... 19.64    v = 5.70    AVEL = 5.14 downto z =  19.64
 z = 19.64 ... 22.09    v = 6.87    AVEL = 5.32 downto z =  22.09
 z = 22.09 ... 25.71    v = 7.01    AVEL = 5.54 downto z =  25.71
 z = 25.71 ... 34.49    v = 7.50    AVEL = 6.02 downto z =  34.49
 z = 34.49 ... 36.07    v = 8.04    AVEL = 6.10 downto z =  36.07
 z = 36.07 ... 43.89    v = 8.57    AVEL = 6.53 downto z =  43.89



 Adjusted station corrections:
   stn  ptcor  dpcor  
  624   0.000  0.000  628  -0.056 -0.025  630  -0.022 -0.010  627   0.015  0.008
  621   0.031  0.015  629   0.035  0.016  622   0.017  0.006  620   0.011  0.004
  623   0.052  0.025  626   0.031  0.017  625   0.032  0.016  631   0.082  0.040
  632   0.023  0.009

 ~~~ another iteration? ...



--------------------------------------------------------------------------------



           ITERATION no  3

 ~~~ set units for this iteration ...
 ~~~ determine number of unknowns for this iter. ...

 Number of unknowns (for array-indexing):  nvar =  385
 Number of effective unknowns        :  nvareff =  386
 Number of elements on/below main diagonal of matrix G = At*A : kvar =   74305

 Damping factors to be used in this iteration:
   Othet=   0.010   XYthet  =   0.010   Zthet=  0.010
 STAthet=   0.010   Vthet   =   1.000

 ~~~ damp G ...
 ~~~ solve G * b = RHT ...
 ~~~ fix units ...
 ~~~ apply eventually step-length damping ...
 ~~~ adjust model (hypocenters, stacorr & veloc.) ...

 doing velocity adjustments now...

 doing station-correction adjustments...

 ~~~ compute effective step-length ...

 (Applied) Step length =   2.395

 ~~~ set units for next iteration ...
 ~~~ determine number of unknowns for next iter. ...

 Number of unknowns (for array-indexing):  nvar =  385
 Number of effective unknowns        :  nvareff =  386
 Number of elements on/below main diagonal of matrix G = At*A : kvar =   74305

 ~~~ reset G and RHT ...
 ~~~ raytracing, setup G ...
 ~~~ store parts of G ...
 ~~~ set units back for current iteration ...
 ~~~ determine number of unknowns for this iter. ...

 Number of unknowns (for array-indexing):  nvar =  385
 Number of effective unknowns        :  nvareff =  386
 Number of elements on/below main diagonal of matrix G = At*A : kvar =   74305

 ~~~ compute RMS and DATVAR ...

 $$$$$$$$$$$$$$$$$$$$$$$$$$$$$$$$$$$$$$$$$$$$$$$$$
 Events with  | AVRES | > 1.0 SEC are suspicious !

 Event#  10 >>>  160920 1607  AVRES =  2.71 NOBS =  2
 Event#  11 >>>  160925 1911  AVRES =  2.45 NOBS =  2
 Event#  23 >>>  161125 0525  AVRES = -1.08 NOBS =  6
 Event#  24 >>>  161125 0556  AVRES = -1.08 NOBS =  6
 Event#  26 >>>  170122 1614  AVRES = -1.05 NOBS =  6
 Event#  35 >>>  170312 0416  AVRES = -1.01 NOBS =  6
 Event#  41 >>>  170320 0853  AVRES = -1.11 NOBS =  6
 Event#  43 >>>  170323 0519  AVRES = -1.30 NOBS =  6
 Event#  54 >>>  170407 1729  AVRES =  1.76 NOBS =  2
 Event#  55 >>>  170407 1729  AVRES =  1.20 NOBS =  5
 Event#  57 >>>  170409 0856  AVRES =  1.49 NOBS =  6
 Event#  61 >>>  170412 1507  AVRES = -1.01 NOBS =  6
 Event#  64 >>>  170414 0540  AVRES =  1.78 NOBS = 11
 Event#  72 >>>  170418 1005  AVRES =  2.18 NOBS =  1
 Event#  83 >>>  170426 0051  AVRES = -1.05 NOBS =  6
 Event#  88 >>>  170427 1041  AVRES = -1.14 NOBS =  7

 ^^^^^^^^^ C H E C K   these events above ^^^^^^^^
 $$$$$$$$$$$$$$$$$$$$$$$$$$$$$$$$$$$$$$$$$$$$$$$$$

 ~~~ check solution (better? worse?) ...

 Iteration nr  3 obtained:
 DATVAR=    2.229673 mean sqrd residual=     0.962142  RMS RESIDUAL=     0.980888

 After  3 iterations we got:
 Average absolute & unweighted [and mean] residual of
   286 straight and direct rays =  0.85697 [ -0.82950]
   393 refracted           rays =  0.88140 [  0.03099]
     0 reflected           rays =  0.00000 [  0.00000]

   679 ALL                 RAYS =  0.87111 [ -0.33145]      -11.51 %

 ~~~ iteration done; output results ...

  eq       ot     x      y      z      rms    avres   dot     dx     dy     dz
    1      9.12  38.70 112.07  23.21   0.44  -0.16    0.007  0.030  0.049  0.036
    2      9.31  38.11 110.78  22.95   0.45  -0.19    0.006  0.076  0.087  0.114
    3     27.28-129.99  -8.36  12.18   0.88  -0.20   -0.003  0.035  0.074  0.012
    4     15.64-131.10  -6.74  10.98   0.94  -0.15   -0.017 -0.032  0.060 -0.028
    5     45.71 -40.38  38.67  23.96   0.28  -0.44    0.009  0.011 -0.097 -0.003
    6     49.51 -36.76  40.71  16.78   0.27  -0.95    0.006  0.041 -0.020  0.053
    7     13.91-134.14-119.65   6.13   1.68   0.26   -0.028  0.390 -0.209 -0.131
    8     30.39-141.05 -44.23   9.04   0.91   0.24   -0.004 -0.062 -0.140  0.137
    9     39.74  10.86  56.53  11.88   0.30  -0.76    0.014 -0.008 -0.059 -0.066
   10     18.22 -87.76-308.26  16.21   1.01   2.71   -0.033 -0.258  0.017  0.004
   11      5.41 -63.12-309.66  15.63   1.22   2.45   -0.067 -0.316 -0.007  0.009
   12     51.18  35.42  94.98  16.11   0.24  -0.87   -0.006  0.075  0.133  0.128
   13     46.92  33.74  98.23  19.48   0.59  -0.32    0.010  0.136  0.123  0.163
   14     55.88  33.37  97.60  14.13   0.93  -0.71   -0.006 -0.004  0.037  0.071
   15     44.68  34.25  97.65  17.48   0.99  -0.17   -0.008  0.007  0.140  0.021
   16     44.85  35.04  96.32  18.64   1.03  -0.03   -0.019 -0.064  0.232 -0.047
   17     22.10  -0.94  82.41  18.64   0.78  -0.56    0.007  0.061  0.025 -0.012
   18     36.43 -34.53   4.37  11.80   0.43  -0.96   -0.024 -0.131 -0.031  0.201
   19     33.30  41.52  64.20  10.94   0.49  -0.88    0.009  0.020 -0.015  0.176
   20     45.98  37.67  85.24  16.14   0.77  -0.57   -0.005 -0.053  0.024 -0.021
   21     34.08  36.47  82.73  14.26   0.77  -0.73    0.006  0.003 -0.026 -0.016
   22     25.88  35.75  85.52  13.75   0.38  -0.99   -0.007 -0.034  0.066  0.088
   23     15.90  35.25  86.43  11.80   0.59  -1.08   -0.001 -0.082  0.021  0.068
   24      2.00  34.90  82.40   6.50   0.80  -1.08   -0.004  0.018  0.132  0.264
   25     48.70 -45.98  23.48  22.08   0.14  -0.55    0.038  0.045 -0.093  0.023
   26     27.64 -70.34  -4.02  10.43   0.60  -1.05    0.012  0.038 -0.110  0.049
   27      0.17  -0.55  49.50  13.72   0.47  -0.67   -0.007  0.039 -0.023  0.191
   28     59.10  37.71  76.40  11.67   0.89  -0.70    0.010  0.054 -0.004  0.014
   29     20.18-148.85 -12.76  14.72   0.91   0.25    0.014 -0.003  0.194 -0.016
   30      2.93  36.05  76.80  13.61   1.05  -0.43    0.020  0.084 -0.058  0.054
   31     20.99  36.36  77.63  14.30   1.08  -0.43   -0.003 -0.085  0.073  0.023
   32     50.75  36.75  77.14  15.11   0.32  -0.93   -0.014 -0.039  0.061 -0.054
   33      0.79  37.34  76.06  15.64   0.65  -0.73    0.001  0.026 -0.047  0.019
   34     55.46 -16.76  34.87  24.63   0.06  -0.48    0.022  0.119 -0.001  0.023
   35     39.42 -71.26  -8.27   3.71   0.90  -1.01    0.068  0.226  0.077  0.110
   36     59.08  36.65  77.86  15.12   0.91  -0.56   -0.002  0.043  0.021  0.038
   37      5.60  31.37  50.02  14.34   0.22  -0.90    0.022 -0.033 -0.068 -0.080
   38     46.49  72.99  73.22  16.92   0.68  -0.43    0.008 -0.129  0.124 -0.012
   39     14.19   0.78  25.93   3.66   0.46  -0.55    0.023  0.029 -0.095 -0.067
   40     14.55 -41.92  13.84  16.76   0.28  -0.87   -0.012  0.022 -0.046 -0.015
   41     56.42  34.97  79.09   6.84   0.68  -1.11    0.002  0.039 -0.015  0.581
   42     34.33  -3.79  46.20  17.84   0.23  -0.75    0.013  0.096 -0.038 -0.069
   43     24.60-110.51 -39.37   5.88   0.67  -1.30   -0.000  0.090  0.016  0.219
   44     49.79  30.28  50.39   7.87   0.57  -0.76    0.027 -0.020 -0.058 -0.127
   45     41.24-145.32  45.44  18.57   0.81   0.43    0.024 -0.111  0.135  0.128
   46     34.09 -57.52  -0.91  16.10   0.25  -0.88    0.001  0.040 -0.036 -0.008
   47      1.07  10.67  80.60  22.10   0.95  -0.03    0.025  0.049  0.030  0.058
   48     37.26  10.66  81.66  23.73   0.36  -0.37    0.019  0.063  0.027  0.071
   49     35.70  54.76  84.48  22.70   0.40  -0.41    0.000 -0.009 -0.039  0.030
   50     36.05-102.50 -35.75  14.94   0.82  -0.24   -0.013  0.051 -0.033 -0.140
   51     53.16-101.15 -54.05   9.00   1.18  -0.26    0.000  0.133  0.201 -0.159
   52     43.18-115.77  43.09  15.53   0.81  -0.20    0.001 -0.176  0.046  0.067
   53      1.05  10.81  80.87  21.50   0.93  -0.02    0.015  0.058  0.099  0.033
   54      2.76 -83.71 322.72  15.69   0.45   1.76   -0.217 -0.014 -0.031  0.029
   55      2.97 -89.71 304.26   0.49   0.37   1.20   -0.178  0.044 -0.009  0.030
   56     44.87  36.09  67.56  14.87   0.97  -0.53   -0.002  0.055 -0.107 -0.065
   57     47.17 -84.92 154.74  15.61   0.62   1.49   -0.005 -0.038  0.071 -0.002
   58     45.62 -80.74 151.17  15.28   1.00   0.95    0.011  0.114  0.216  0.095
   59      8.58 -82.04   0.35   3.35   0.78  -0.98    0.024  0.153  0.004  0.139
   60      3.57-111.06-118.49   4.06   1.57   0.16   -0.003 -0.086  0.125  0.069
   61      0.44-130.89 -55.53   1.60   0.77  -1.01   -0.048 -0.275 -0.158  0.504
   62     20.09  19.95 152.92  15.87   1.15   0.37   -0.002  0.219  0.067  0.056
   63     18.84 -47.31  29.68  20.24   0.26  -0.57    0.020 -0.046 -0.113 -0.037
   64      4.71-162.55 184.71   8.05   0.83   1.78   -0.033  0.486  0.619  0.022
   65     23.41 -47.90  20.45  15.65   0.27  -0.96    0.007  0.061 -0.063  0.044
   66     32.83-152.34  43.33  17.99   0.62   0.27    0.021 -0.045  0.070  0.034
   67     41.91 -37.11  -5.34  19.00   0.39  -0.56    0.006  0.068 -0.138 -0.081
   68     14.16  51.26 106.15  20.43   0.65   0.10   -0.008  0.177  0.136  0.018
   69     48.30-214.97-349.14  73.50   0.00   0.00    0.000  0.000  0.000  0.000
   70      5.52  34.18  97.15  19.72   1.00   0.07    0.003  0.142  0.140  0.095
   71      4.28   6.24  56.70   1.19   0.65  -0.31    0.046  0.034  0.012 -0.028
   72     56.41 132.67-297.78  96.99   4.75   2.18   -0.330 -0.022  0.029 -0.008
   73     12.92  50.86  81.69  23.26   0.73   0.11    0.009  0.109 -0.038  0.007
   74     36.20-102.75  70.72  22.71   0.56   0.21    0.006 -0.089  0.174  0.370
   75     46.66-107.96   2.74   0.71   0.95  -0.85   -0.027 -0.107  0.096  0.097
   76     54.60-217.19 302.17   0.10   0.00   0.00    0.000  0.000  0.000  0.000
   77     44.09  51.28  93.69  16.78   0.62  -0.46   -0.002  0.126  0.035 -0.032
   78     41.81  38.67  66.34  22.18   0.66  -0.23    0.003  0.084 -0.083  0.030
   79     58.71 -69.45  -4.66   1.78   0.64  -0.99    0.033  0.089 -0.057  0.562
   80     26.80 -69.84  -6.05   1.54   0.63  -0.96    0.030  0.090 -0.076  0.458
   81     27.01 -69.82  -4.80   1.61   0.62  -0.96    0.033  0.088 -0.067  0.483
   82     23.38 -69.69  -4.68   1.25   0.66  -1.00    0.019  0.140 -0.064  0.370
   83     23.21 -71.17  -6.35   7.85   0.68  -1.05    0.012  0.034 -0.042  0.287
   84     21.25 -43.14   8.37  20.98   0.12  -0.60    0.016  0.086 -0.147 -0.006
   85     24.51-167.20 -47.00  10.75   1.07   0.41   -0.027  0.094 -0.183 -0.062
   86     44.11 -12.08  29.97  18.05   0.25  -0.73    0.006  0.097 -0.097 -0.046
   87     28.90 -61.58   6.73   4.70   0.74  -0.89    0.023  0.018 -0.134  0.699
   88     38.11-103.68 -28.22   9.11   0.82  -1.14    0.004  0.072 -0.021  0.213
   89     47.84-142.00  89.87  20.85   0.66   0.89    0.021 -0.149  0.127  0.292
   90     48.33-140.01  88.57  20.78   0.63   0.81    0.015 -0.101  0.171  0.274
   91     34.10  33.60  85.20  19.71   0.89   0.01   -0.006  0.053 -0.012  0.040

 A V E R A G E   of ADJUSTMENTS :                    -0.004  0.026  0.015  0.079
 A V E R A G E   of ABSOLUTE ADJUSTMENTS :            0.022  0.084  0.082  0.110


 Step length damping of 0.11978 was applied.


 Velocity adjustments:
     vp    dvp      hp   reflector
 Velocity model   1
   4.077 -0.078   -5.000      
   5.047  0.087   -1.590      
   5.829  0.133   14.480      
   6.875  0.008   19.640      
   7.009 -0.003   22.090      
   7.419 -0.079   25.710      
   8.121  0.080   34.490      
   8.399 -0.173   36.070      
   8.603 -0.200   43.890      

 Calculation of average velocity starts at layer #           1
 z = -5.00 ... -1.59    v = 4.08    AVEL = 4.08 downto z =  -1.59
 z = -1.59 ... 14.48    v = 5.05    AVEL = 4.88 downto z =  14.48
 z = 14.48 ... 19.64    v = 5.83    AVEL = 5.08 downto z =  19.64
 z = 19.64 ... 22.09    v = 6.87    AVEL = 5.24 downto z =  22.09
 z = 22.09 ... 25.71    v = 7.01    AVEL = 5.45 downto z =  25.71
 z = 25.71 ... 34.49    v = 7.42    AVEL = 5.89 downto z =  34.49
 z = 34.49 ... 36.07    v = 8.12    AVEL = 5.97 downto z =  36.07
 z = 36.07 ... 43.89    v = 8.40    AVEL = 6.36 downto z =  43.89


 Calculation of average velocity starts at layer #           2
 z = -1.59 ... 14.48    v = 5.05    AVEL = 5.05 downto z =  14.48
 z = 14.48 ... 19.64    v = 5.83    AVEL = 5.24 downto z =  19.64
 z = 19.64 ... 22.09    v = 6.87    AVEL = 5.41 downto z =  22.09
 z = 22.09 ... 25.71    v = 7.01    AVEL = 5.62 downto z =  25.71
 z = 25.71 ... 34.49    v = 7.42    AVEL = 6.06 downto z =  34.49
 z = 34.49 ... 36.07    v = 8.12    AVEL = 6.14 downto z =  36.07
 z = 36.07 ... 43.89    v = 8.40    AVEL = 6.53 downto z =  43.89



 Adjusted station corrections:
   stn  ptcor  dpcor  
  624   0.000  0.000  628  -0.080 -0.023  630  -0.032 -0.010  627   0.024  0.008
  621   0.048  0.017  629   0.052  0.017  622   0.024  0.007  620   0.016  0.005
  623   0.081  0.028  626   0.048  0.016  625   0.047  0.016  631   0.119  0.037
  632   0.034  0.010

 ~~~ another iteration? ...
 NITT = ITTMAX  --> stop iterations.
 ~~~ final solution reached ...

 ~~~ damp G & Chol.-Decomp.: NOT made (switch iresolcalc is NOT set !)

 Final rms values:  0.44 0.45 0.88 0.94 0.28 0.27 1.68 0.91 0.30 1.01
                    1.22 0.24 0.59 0.93 0.99 1.03 0.78 0.43 0.49 0.77
                    0.77 0.38 0.59 0.80 0.14 0.60 0.47 0.89 0.91 1.05
                    1.08 0.32 0.65 0.06 0.90 0.91 0.22 0.68 0.46 0.28
                    0.68 0.23 0.67 0.57 0.81 0.25 0.95 0.36 0.40 0.82
                    1.18 0.81 0.93 0.45 0.37 0.97 0.62 1.00 0.78 1.57
                    0.77 1.15 0.26 0.83 0.27 0.62 0.39 0.65 0.00 1.00
                    0.65 4.75 0.73 0.56 0.95 0.00 0.62 0.66 0.64 0.63
                    0.62 0.66 0.68 0.12 1.07 0.25 0.74 0.82 0.66 0.63
                    0.89



 ~~~ output final hypocenters ...

      date    origin   latitude longitude  depth  mag  no  rms      x      y      z
   1 160818 1613  9.12 73.0044N 124.8474E  23.21 1.40   6 0.443   38.70 112.07  23.21
   2 160818 1613  9.31 72.9928N 124.8652E  22.95 1.10   6 0.447   38.11 110.78  22.95
   3 160819 0959 27.28 71.9251N 129.7598E  12.18 4.00  12 0.877 -129.99  -8.36  12.18
   4 160820 1506 15.64 71.9396N 129.7936E  10.98 1.50   9 0.942 -131.10  -6.74  10.98
   5 160820 1904 45.71 72.3466N 127.1812E  23.96 1.20   6 0.276  -40.38  38.67  23.96
   6 160822 1318 49.51 72.3649N 127.0760E  16.78 0.60   8 0.273  -36.76  40.71  16.78
   7 160823 0652 13.91 70.9277N 129.7791E   6.13 2.90   6 1.681 -134.14-119.65   6.13
   8 160824 1510 30.39 71.6036N 130.0449E   9.04 1.50   9 0.906 -141.05 -44.23   9.04
   9 160906 1514 39.74 72.5066N 125.6808E  11.88 0.90   6 0.296   10.86  56.53  11.88
  10 160920 1607 18.22 69.2374N 128.3689E  16.21 2.60   2 1.015  -87.76-308.26  16.21
  11 160925 1911  5.41 69.2248N 127.7030E  15.63 2.30   2 1.218  -63.12-309.66  15.63
  12 161004 0841 51.18 72.8512N 124.9493E  16.11 0.20   6 0.238   35.42  94.98  16.11
  13 161005 1619 46.92 72.8803N 124.9983E  19.48 1.00   9 0.585   33.74  98.23  19.48
  14 161006 0156 55.88 72.8747N 125.0097E  14.13 1.00   7 0.930   33.37  97.60  14.13
  15 161009 0036 44.68 72.8751N 124.9833E  17.48 1.30   8 0.987   34.25  97.65  17.48
  16 161009 0036 44.85 72.8632N 124.9604E  18.64 1.20   7 1.031   35.04  96.32  18.64
  17 161012 0800 22.10 72.7386N 126.0278E  18.64 0.80   7 0.777   -0.94  82.41  18.64
  18 161015 1013 36.43 72.0392N 127.0019E  11.80 0.70   7 0.433  -34.53   4.37  11.80
  19 161021 0507 33.30 72.5753N 124.7778E  10.94 0.80   6 0.488   41.52  64.20  10.94
  20 161124 2250 45.98 72.7639N 124.8853E  16.14 3.10   4 0.774   37.67  85.24  16.14
  21 161125 0156 34.08 72.7414N 124.9214E  14.26 0.60   7 0.768   36.47  82.73  14.26
  22 161125 0517 25.88 72.7664N 124.9422E  13.75 1.60   6 0.379   35.75  85.52  13.75
  23 161125 0525 15.90 72.7746N 124.9567E  11.80 0.80   6 0.594   35.25  86.43  11.80
  24 161125 0556  2.00 72.7384N 124.9680E   6.50 0.20   6 0.801   34.90  82.40   6.50
  25 170117 0846 48.70 72.2104N 127.3403E  22.08 0.30   6 0.141  -45.98  23.48  22.08
  26 170122 1614 27.64 71.9640N 128.0368E  10.43 0.90   6 0.602  -70.34  -4.02  10.43
  27 170125 2244  0.17 72.4436N 126.0160E  13.72 0.80   6 0.469   -0.55  49.50  13.72
  28 170302 1359 59.10 72.6847N 124.8866E  11.67 0.50   7 0.889   37.71  76.40  11.67
  29 170302 2335 20.18 71.8857N 130.3009E  14.72 2.10   9 0.906 -148.85 -12.76  14.72
  30 170304 2135  2.93 72.6883N 124.9354E  13.61 1.30   7 1.048   36.05  76.80  13.61
  31 170307 0447 20.99 72.6957N 124.9261E  14.30 1.70  10 1.076   36.36  77.63  14.30
  32 170307 2016 50.75 72.6914N 124.9146E  15.11 1.10   6 0.323   36.75  77.14  15.11
  33 170309 1454  0.79 72.6816N 124.8977E  15.64 0.30   6 0.651   37.34  76.06  15.64
  34 170311 0430 55.46 72.3125N 126.4898E  24.63 0.30   6 0.062  -16.76  34.87  24.63
  35 170312 0416 39.42 71.9259N 128.0612E   3.71 2.10   6 0.898  -71.26  -8.27   3.71
  36 170313 0553 59.08 72.6978N 124.9176E  15.12 1.00   9 0.912   36.65  77.86  15.12
  37 170313 0809  5.60 72.4483N 125.0798E  14.34 1.20   7 0.220   31.37  50.02  14.34
  38 170315 0234 46.49 72.6562N 123.8466E  16.92 1.40   7 0.676   72.99  73.22  16.92
  39 170317 1007 14.19 72.2324N 125.9774E   3.66 0.50   7 0.460    0.78  25.93   3.66
  40 170320 0711 14.55 72.1240N 127.2190E  16.76 0.90   6 0.283  -41.92  13.84  16.76
  41 170320 0853 56.42 72.7088N 124.9668E   6.84 0.40   6 0.678   34.97  79.09   6.84
  42 170320 1900 34.33 72.4140N 126.1112E  17.84 0.60   7 0.234   -3.79  46.20  17.84
  43 170323 0519 24.60 71.6472N 129.1728E   5.88 1.20   6 0.674 -110.51 -39.37   5.88
  44 170323 1612 49.79 72.4516N 125.1116E   7.87 0.50   6 0.574   30.28  50.39   7.87
  45 170323 1906 41.24 72.4072N 130.2582E  18.57 1.00   6 0.809 -145.32  45.44  18.57
  46 170326 0836 34.09 71.9919N 127.6666E  16.10 1.50   7 0.247  -57.52  -0.91  16.10
  47 170402 0422  1.07 72.7224N 125.6846E  22.10 1.20  10 0.954   10.67  80.60  22.10
  48 170402 0636 37.26 72.7319N 125.6848E  23.73 0.70   6 0.356   10.66  81.66  23.73
  49 170404 2347 35.70 72.7571N 124.3801E  22.70 0.50   6 0.402   54.76  84.48  22.70
  50 170405 0307 36.05 71.6797N 128.9454E  14.94 1.00  10 0.824 -102.50 -35.75  14.94
  51 170405 1410 53.16 71.5156N 128.8940E   9.00 1.70  10 1.183 -101.15 -54.05   9.00
  52 170406 0838 43.18 72.3861N 129.3904E  15.53 0.90  10 0.814 -115.77  43.09  15.53
  53 170406 1728  1.05 72.7248N 125.6804E  21.50 0.90  10 0.934   10.81  80.87  21.50
  54 170407 1729  2.76 74.8922N 128.6310E  15.69 1.80   2 0.454  -83.71 322.72  15.69
  55 170407 1729  2.97 74.7268N 128.8059E   0.49 1.60   5 0.369  -89.71 304.26   0.49
  56 170408 1004 44.87 72.6055N 124.9367E  14.87 1.40  13 0.971   36.09  67.56  14.87
  57 170409 0856 47.17 73.3868N 128.5564E  15.61 2.50   6 0.621  -84.92 154.74  15.61
  58 170409 0902 45.62 73.3547N 128.4286E  15.28 1.10   7 1.001  -80.74 151.17  15.28
  59 170410 1520  8.58 72.0031N 128.3780E   3.35 1.00  10 0.776  -82.04   0.35   3.35
  60 170410 1813  3.57 70.9381N 129.1298E   4.06 2.20  13 1.573 -111.06-118.49   4.06
  61 170412 1507  0.44 71.5023N 129.7437E   1.60 0.70   6 0.773 -130.89 -55.53   1.60
  62 170413 0651 20.09 73.3705N 125.3998E  15.87 1.00  10 1.147   19.95 152.92  15.87
  63 170414 0459 18.84 72.2660N 127.3811E  20.24 0.50   7 0.259  -47.31  29.68  20.24
  64 170414 0540  4.71 73.6554N 130.9305E   8.05 1.80  11 0.831 -162.55 184.71   8.05
  65 170414 1656 23.41 72.1833N 127.3951E  15.65 0.20   6 0.269  -47.90  20.45  15.65
  66 170414 1753 32.83 72.3883N 130.4617E  17.99 0.70   6 0.619 -152.34  43.33  17.99
  67 170416 0523 41.91 71.9521N 127.0740E  19.00 1.60  13 0.394  -37.11  -5.34  19.00
  68 170416 1220 14.16 72.9513N 124.4755E  20.43 1.00  11 0.652   51.26 106.15  20.43
 WARNING: Event-# :          69 has zero observations!
  69 170416 1257 48.30 68.8710N 131.7500E  73.50 2.20   0 0.000 -214.97-349.14  73.50
  70 170416 1821  5.52 72.8706N 124.9857E  19.72 1.30  13 0.995   34.18  97.15  19.72
  71 170418 0606  4.28 72.5081N 125.8167E   1.19 0.20   6 0.645    6.24  56.70   1.19
  72 170418 1005 56.41 69.3313N 122.4107E  96.99 2.20   1 4.748  132.67-297.78  96.99
  73 170418 1500 12.92 72.7321N 124.4963E  23.26 1.30  12 0.725   50.86  81.69  23.26
  74 170420 1302 36.20 72.6338N 129.0294E  22.71 0.90  11 0.557 -102.75  70.72  22.71
  75 170420 2248 46.66 72.0246N 129.1309E   0.71 0.70  11 0.951 -107.96   2.74   0.71
 WARNING: Event-# :          76 has zero observations!
  76 170423 0850 54.60 74.7080N 132.7900E   0.10 1.90   0 0.000 -217.19 302.17   0.10
  77 170423 1455 44.09 72.8396N 124.4794E  16.78 0.60   8 0.622   51.28  93.69  16.78
  78 170423 2313 41.81 72.5946N 124.8611E  22.18 1.30  12 0.659   38.67  66.34  22.18
  79 170424 0609 58.71 71.9582N 128.0105E   1.78 1.10  12 0.638  -69.45  -4.66   1.78
  80 170424 0755 26.80 71.9458N 128.0213E   1.54 1.00  12 0.634  -69.84  -6.05   1.54
  81 170424 0755 27.01 71.9570N 128.0212E   1.61 1.00  12 0.618  -69.82  -4.80   1.61
  82 170425 0652 23.38 71.9581N 128.0174E   1.25 1.20   9 0.662  -69.69  -4.68   1.25
  83 170426 0051 23.21 71.9431N 128.0596E   7.85 0.70   6 0.680  -71.17  -6.35   7.85
  84 170426 1425 21.25 72.0750N 127.2529E  20.98 0.10   6 0.115  -43.14   8.37  20.98
  85 170426 1834 24.51 71.5788N 130.7918E  10.75 1.20   8 1.067 -167.20 -47.00  10.75
  86 170426 1840 44.11 72.2686N 126.3526E  18.05 1.30   8 0.250  -12.08  29.97  18.05
  87 170427 0912 28.90 72.0603N 127.7877E   4.70 0.90   8 0.738  -61.58   6.73   4.70
  88 170427 1041 38.11 71.7471N 128.9846E   9.11 0.70   7 0.820 -103.68 -28.22   9.11
  89 170427 2010 47.84 72.8054N 130.2066E  20.85 1.30   8 0.662 -142.00  89.87  20.85
  90 170427 2010 48.33 72.7938N 130.1463E  20.78 1.30   8 0.627 -140.01  88.57  20.78
  91 170427 2342 34.10 72.7635N 125.0058E  19.71 0.80   6 0.888   33.60  85.20  19.71

 ~~~ output final station residuals ...
 TURBO-option is set; residuals are NOT printed for each event!



   station statistics, remember nsp was set to: 1


 sta phase nobs avres  avwres    std    wsum    delay

 624    P  74 -0.6158 -0.6158  0.8084  74.0000  0.0000
 628    P  69 -0.8040 -0.8040  0.7058  69.0000 -0.0799
 630    P  53 -0.1965 -0.1965  0.7584  53.0000 -0.0319
 627    P  46 -0.3469 -0.3469  0.7674  46.0000  0.0235
 621    P  59 -0.2162 -0.2162  1.1205  59.0000  0.0476
 629    P  43 -0.2074 -0.2074  0.8767  43.0000  0.0525
 622    P  58 -0.4251 -0.4251  0.8773  58.0000  0.0236
 620    P  48 -0.3949 -0.3949  0.7998  48.0000  0.0158
 623    P  55 -0.4477 -0.4477  0.6929  55.0000  0.0806
 626    P  52 -0.2383 -0.2383  0.9359  52.0000  0.0476
 625    P  49 -0.4226 -0.4226  0.9250  49.0000  0.0474
 631    P  49  0.4548  0.4548  1.5691  49.0000  0.1189
 632    P  24  0.1286  0.1286  1.3975  24.0000  0.0336


 ~~~ output statistics ...




 RAY-STATISTICS FOR  L A S T  ITERATION
 --------------------------------------

 NHYP : nr of hypocenters in this layer
 NREF : nr of headwaves in this layer
 %len : % of "refracted km" in this layer 
        with respect to all refracted kilometers
 NHIT : nr of rays passed thru this layer
 xy-km: average horizontal ray length [km] in layer
 z-km : average  vertical  ray length [km] in layer
 RFLX : number of reflections at bottom of this layer

 nlay   top ..... bottom     velocity   NHYP NREF %len  NHIT xy-km  z-km  RFLX

   1    -5.00... -1.59 km    4.08 km/s    0    0   0.0     0   0.0   0.0     0
   2    -1.59... 14.48 km    5.05 km/s   40    0   0.0  1497  14.3   7.7     0
   3    14.48... 19.64 km    5.83 km/s   30    0   0.0   813   5.9   4.5     0
   4    19.64... 22.09 km    6.87 km/s    9   68  10.1   742   8.2   2.1     0
   5    22.09... 25.71 km    7.01 km/s   10   28   3.4   662   8.5   3.3     0
   6    25.71... 34.49 km    7.42 km/s    0  117  23.4   478  23.2   6.6     0
   7    34.49... 36.07 km    8.12 km/s    0    0   0.0   361   5.8   1.6     0
   8    36.07... 43.89 km    8.40 km/s    0  159  52.9   202  65.4   1.7     0
   9    43.89...       km    8.60 km/s    2   21  10.2     0   0.0   0.0

 Total nr of events was   91

 Total nr of refracted rays =   393
 Total nr of reflected rays =     0
 Total nr of   other   rays =   286
                              ------
 Total nr of    all    rays =   679

 Average (absolute) error of the raytracers:
  Straight and direct rays : 6875.89 meters
  Refracted           rays :    0.01 meters
  Reflected           rays :    0.00 meters


 ALL RAYS TOGETHER:
 Average horizontal ray length =   90.0 km   (Hypocenter --> Station) 
 Average  vertical  ray length =   22.3 km   (Deepest ray-point --> Station)



 ... and some more STATISTICS 
 ---------------------------- 
  GAP of final epicenters:

  Event# -> GAP  Event# -> GAP  Event# -> GAP  Event# -> GAP  Event# -> GAP
       1 -> 296       2 -> 294       3 -> 270       4 -> 274       5 -> 308
       6 ->  96       7 -> 321       8 -> 305       9 -> 168      10 -> 346
      11 -> 347      12 -> 260      13 -> 264      14 -> 263      15 -> 263
      16 -> 265      17 -> 253      18 -> 248      19 -> 160      20 -> 302
      21 -> 232      22 -> 239      23 -> 241      24 -> 231      25 -> 130
      26 -> 102      27 -> 157      28 -> 212      29 -> 305      30 -> 213
      31 -> 216      32 -> 215      33 -> 211      34 -> 133      35 -> 240
      36 -> 217      37 -> 132      38 -> 311      39 -> 117      40 -> 209
      41 -> 220      42 -> 121      43 -> 234      44 -> 134      45 -> 309
      46 -> 126      47 -> 224      48 -> 226      49 -> 289      50 -> 196
      51 -> 290      52 -> 270      53 -> 224      54 -> 354      55 -> 347
      56 -> 180      57 -> 310      58 -> 318      59 -> 165      60 -> 311
      61 -> 301      62 -> 306      63 -> 151      64 -> 323      65 -> 129
      66 -> 293      67 ->  86      68 -> 295      69 -> 171      70 -> 262
      71 -> 173      72 ->   0      73 -> 261      74 -> 299      75 -> 239
      76 ->  58      77 -> 285      78 -> 174      79 -> 164      80 -> 169
      81 -> 166      82 -> 165      83 -> 236      84 -> 114      85 -> 315
      86 ->  94      87 -> 114      88 -> 270      89 -> 318      90 -> 317
      91 -> 294

 GAPs were between   0 and 354
      (average GAP was 228)



  MAGNITUDES of INPUT-DATA:

 Magnitude (# of events)   ***average number of obs***

 MAG<= 1.0 ( 47) *******
 MAG = 1.1 (  4) ********
 MAG = 1.2 (  7) ********
 MAG = 1.3 (  8) *********1
 MAG = 1.4 (  3) *********
 MAG = 1.5 (  3) ********
 MAG = 1.6 (  3) ********
 MAG = 1.7 (  2) *********1
 MAG = 1.8 (  2) *******
 MAG = 1.9 (  1)  
 MAG = 2.0 (  0)  
 MAG = 2.1 (  2) ********
 MAG = 2.2 (  3) *****
 MAG = 2.3 (  1) **
 MAG = 2.4 (  0)  
 MAG = 2.5 (  1) ******
 MAG = 2.6 (  1) **
 MAG = 2.7 (  0)  
 MAG = 2.8 (  0)  
 MAG = 2.9 (  1) ******
 MAG = 3.0 (  0)  
 MAG = 3.1 (  1) ****
 MAG = 3.2 (  0)  
 MAG = 3.3 (  0)  
 MAG = 3.4 (  0)  
 MAG = 3.5 (  0)  
 MAG = 3.6 (  0)  
 MAG = 3.7 (  0)  
 MAG = 3.8 (  0)  
 MAG = 3.9 (  0)  
 MAG = 4.0 (  1) *********1**
 MAG = 4.1 (  0)  
 MAG = 4.2 (  0)  
 MAG = 4.3 (  0)  
 MAG = 4.4 (  0)  
 MAG = 4.5 (  0)  
 MAG = 4.6 (  0)  
 MAG = 4.7 (  0)  
 MAG = 4.8 (  0)  
 MAG = 4.9 (  0)  
 MAG = 5.0 (  0)  
 MAG = 5.1 (  0)  
 MAG = 5.2 (  0)  
 MAG = 5.3 (  0)  
 MAG = 5.4 (  0)  
 MAG = 5.5 (  0)  
 MAG = 5.6 (  0)  
 MAG = 5.7 (  0)  
 MAG = 5.8 (  0)  
 MAG = 5.9 (  0)  
 MAG>= 6.0 (  0)  





  DEPTHs of INPUT-DATA and of LAST ITERATION:
  ===========================================

       Depth       # of events  

 DEPTH ( input ) =  -4. km :   
 DEPTH (last_IT) =  -4. km :   
 DEPTH ( input ) =  -3. km :   
 DEPTH (last_IT) =  -3. km :   
 DEPTH ( input ) =  -2. km :   
 DEPTH (last_IT) =  -2. km :   
 DEPTH ( input ) =  -1. km :   
 DEPTH (last_IT) =  -1. km :   
 DEPTH ( input ) =   0. km :  ........
 DEPTH (last_IT) =   0. km :  **
 DEPTH ( input ) =   1. km :  .
 DEPTH (last_IT) =   1. km :  ***
 DEPTH ( input ) =   2. km :   
 DEPTH (last_IT) =   2. km :  ****
 DEPTH ( input ) =   3. km :  ...
 DEPTH (last_IT) =   3. km :  *
 DEPTH ( input ) =   4. km :  ..
 DEPTH (last_IT) =   4. km :  ***
 DEPTH ( input ) =   5. km :  ..
 DEPTH (last_IT) =   5. km :  *
 DEPTH ( input ) =   6. km :  ..
 DEPTH (last_IT) =   6. km :  **
 DEPTH ( input ) =   7. km :  .
 DEPTH (last_IT) =   7. km :  **
 DEPTH ( input ) =   8. km :  ...
 DEPTH (last_IT) =   8. km :  ***
 DEPTH ( input ) =   9. km :  ..
 DEPTH (last_IT) =   9. km :  ***
 DEPTH ( input ) =  10. km :  ..
 DEPTH (last_IT) =  10. km :  *
 DEPTH ( input ) =  11. km :  ...
 DEPTH (last_IT) =  11. km :  ***
 DEPTH ( input ) =  12. km :  ....
 DEPTH (last_IT) =  12. km :  *****
 DEPTH ( input ) =  13. km :  ..
 DEPTH (last_IT) =  13. km :   
 DEPTH ( input ) =  14. km :  ...
 DEPTH (last_IT) =  14. km :  *******
 DEPTH ( input ) =  15. km :  ........
 DEPTH (last_IT) =  15. km :  ******
 DEPTH ( input ) =  16. km :  .........1.
 DEPTH (last_IT) =  16. km :  *********1*
 DEPTH ( input ) =  17. km :  .....
 DEPTH (last_IT) =  17. km :  *****
 DEPTH ( input ) =  18. km :  ....
 DEPTH (last_IT) =  18. km :  ***
 DEPTH ( input ) =  19. km :  .....
 DEPTH (last_IT) =  19. km :  *****
 DEPTH ( input ) =  20. km :  .....
 DEPTH (last_IT) =  20. km :  ****
 DEPTH ( input ) =  21. km :  ..
 DEPTH (last_IT) =  21. km :  ****
 DEPTH ( input ) =  22. km :  ....
 DEPTH (last_IT) =  22. km :  ***
 DEPTH ( input ) =  23. km :  ....
 DEPTH (last_IT) =  23. km :  *****
 DEPTH ( input ) =  24. km :  ..
 DEPTH (last_IT) =  24. km :  **
 DEPTH ( input ) =  25. km :  .
 DEPTH (last_IT) =  25. km :  *
 DEPTH ( input ) =  26. km :   
 DEPTH (last_IT) =  26. km :   
 DEPTH ( input ) =  27. km :   
 DEPTH (last_IT) =  27. km :   
 DEPTH ( input ) =  28. km :   
 DEPTH (last_IT) =  28. km :   
 DEPTH ( input ) =  29. km :   
 DEPTH (last_IT) =  29. km :   
 DEPTH ( input ) =  30. km :   
 DEPTH (last_IT) =  30. km :   
 DEPTH ( input ) =  31. km :   
 DEPTH (last_IT) =  31. km :   
 DEPTH ( input ) =  32. km :   
 DEPTH (last_IT) =  32. km :   
 DEPTH ( input ) =  33. km :   
 DEPTH (last_IT) =  33. km :   
 DEPTH ( input ) =  34. km :   
 DEPTH (last_IT) =  34. km :   
 DEPTH ( input ) =  35. km :   
 DEPTH (last_IT) =  35. km :   
 DEPTH ( input ) =  36. km :   
 DEPTH (last_IT) =  36. km :   
 DEPTH ( input ) =  37. km :   
 DEPTH (last_IT) =  37. km :   
 DEPTH ( input ) =  38. km :   
 DEPTH (last_IT) =  38. km :   
 DEPTH ( input ) =  39. km :   
 DEPTH (last_IT) =  39. km :   
 DEPTH ( input ) =  40. km :   
 DEPTH (last_IT) =  40. km :   
 DEPTH ( input ) =  41. km :   
 DEPTH (last_IT) =  41. km :   
 DEPTH ( input ) =  42. km :   
 DEPTH (last_IT) =  42. km :   
 DEPTH ( input ) =  43. km :   
 DEPTH (last_IT) =  43. km :   
 DEPTH ( input ) =  44. km :   
 DEPTH (last_IT) =  44. km :   
 DEPTH ( input ) =  45. km :   
 DEPTH (last_IT) =  45. km :   
 DEPTH ( input ) =  46. km :   
 DEPTH (last_IT) =  46. km :   
 DEPTH ( input ) =  47. km :   
 DEPTH (last_IT) =  47. km :   
 DEPTH ( input ) =  48. km :   
 DEPTH (last_IT) =  48. km :   
 DEPTH ( input ) =  49. km :   
 DEPTH (last_IT) =  49. km :   
 DEPTH ( input ) =  50. km :   
 DEPTH (last_IT) =  50. km :   
 DEPTH ( input ) =  51. km :   
 DEPTH (last_IT) =  51. km :   
 DEPTH ( input ) =  52. km :   
 DEPTH (last_IT) =  52. km :   
 DEPTH ( input ) =  53. km :   
 DEPTH (last_IT) =  53. km :   
 DEPTH ( input ) =  54. km :   
 DEPTH (last_IT) =  54. km :   
 DEPTH ( input ) =  55. km :   
 DEPTH (last_IT) =  55. km :   
 DEPTH ( input ) =  56. km :   
 DEPTH (last_IT) =  56. km :   
 DEPTH ( input ) =  57. km :   
 DEPTH (last_IT) =  57. km :   
 DEPTH ( input ) =  58. km :   
 DEPTH (last_IT) =  58. km :   
 DEPTH ( input ) =  59. km :   
 DEPTH (last_IT) =  59. km :   
 DEPTH ( input ) =  60. km :   
 DEPTH (last_IT) =  60. km :   
 DEPTH ( input ) =  61. km :   
 DEPTH (last_IT) =  61. km :   
 DEPTH ( input ) =  62. km :   
 DEPTH (last_IT) =  62. km :   
 DEPTH ( input ) =  63. km :   
 DEPTH (last_IT) =  63. km :   
 DEPTH ( input ) =  64. km :   
 DEPTH (last_IT) =  64. km :   
 DEPTH ( input ) =  65. km :   
 DEPTH (last_IT) =  65. km :   
 DEPTH ( input ) =  66. km :   
 DEPTH (last_IT) =  66. km :   
 DEPTH ( input ) =  67. km :   
 DEPTH (last_IT) =  67. km :   
 DEPTH ( input ) =  68. km :   
 DEPTH (last_IT) =  68. km :   
 DEPTH ( input ) =  69. km :   
 DEPTH (last_IT) =  69. km :   
 DEPTH ( input ) =  70. km :   
 DEPTH (last_IT) =  70. km :   
 DEPTH ( input ) =  71. km :   
 DEPTH (last_IT) =  71. km :   
 DEPTH ( input ) =  72. km :   
 DEPTH (last_IT) =  72. km :   
 DEPTH ( input ) =  73. km :   
 DEPTH (last_IT) =  73. km :   
 DEPTH ( input ) =  74. km :  .
 DEPTH (last_IT) =  74. km :  *
 DEPTH ( input ) =  75. km :   
 DEPTH (last_IT) =  75. km :   
 DEPTH ( input ) =  76. km :   
 DEPTH (last_IT) =  76. km :   
 DEPTH ( input ) =  77. km :   
 DEPTH (last_IT) =  77. km :   
 DEPTH ( input ) =  78. km :   
 DEPTH (last_IT) =  78. km :   
 DEPTH ( input ) =  79. km :   
 DEPTH (last_IT) =  79. km :   
 DEPTH ( input ) =  80. km :   
 DEPTH (last_IT) =  80. km :   
 DEPTH ( input ) =  81. km :   
 DEPTH (last_IT) =  81. km :   
 DEPTH ( input ) =  82. km :   
 DEPTH (last_IT) =  82. km :   
 DEPTH ( input ) =  83. km :   
 DEPTH (last_IT) =  83. km :   
 DEPTH ( input ) =  84. km :   
 DEPTH (last_IT) =  84. km :   
 DEPTH ( input ) =  85. km :   
 DEPTH (last_IT) =  85. km :   
 DEPTH ( input ) =  86. km :   
 DEPTH (last_IT) =  86. km :   
 DEPTH ( input ) =  87. km :   
 DEPTH (last_IT) =  87. km :   
 DEPTH ( input ) =  88. km :   
 DEPTH (last_IT) =  88. km :   
 DEPTH ( input ) =  89. km :   
 DEPTH (last_IT) =  89. km :   
 DEPTH ( input ) =  90. km :   
 DEPTH (last_IT) =  90. km :   
 DEPTH ( input ) =  91. km :   
 DEPTH (last_IT) =  91. km :   
 DEPTH ( input ) =  92. km :   
 DEPTH (last_IT) =  92. km :   
 DEPTH ( input ) =  93. km :   
 DEPTH (last_IT) =  93. km :   
 DEPTH ( input ) =  94. km :   
 DEPTH (last_IT) =  94. km :   
 DEPTH ( input ) =  95. km :   
 DEPTH (last_IT) =  95. km :   
 DEPTH ( input ) =  96. km :   
 DEPTH (last_IT) =  96. km :   
 DEPTH ( input ) =  97. km :  .
 DEPTH (last_IT) =  97. km :  *
 DEPTH ( input ) =  98. km :   
 DEPTH (last_IT) =  98. km :   
 DEPTH ( input ) =  99. km :   
 DEPTH (last_IT) =  99. km :   
 DEPTH ( input ) = 100. km :   
 DEPTH (last_IT) = 100. km :   
 DEPTH ( input ) > 100. km :   
 DEPTH (last_IT) > 100. km :   


 Residuals of the stations according to the azimuth:
 (RES  = total average residual at station)
 (RES1 = average residual of rays from 1st quadrant)
 (RES2 = average residual of rays from 2nd quadrant)
 (RES3 = average residual of rays from 3rd quadrant)
 (RES4 = average residual of rays from 4th quadrant)

 Stn#  Stn     RES          RES1         RES2         RES3         RES4
   1   624    -0.62(  74)  -0.83(  33)  -0.56(   5)  -0.64(  29)   0.48(   7)
   2   628    -0.80(  69)  -1.06(  32)  -0.78(   5)  -0.79(  25)   0.31(   7)
   3   630    -0.20(  53)   0.14(  25)  -0.15(  10)  -1.14(  10)  -0.14(   8)
   4   627    -0.35(  46)  -0.20(  12)   0.00(   0)  -0.73(  22)   0.21(  12)
   5   621    -0.22(  59)  -0.45(   7)   0.00(   0)  -0.01(  18)  -0.28(  34)
   6   629    -0.21(  43)   0.17(  15)   0.00(   0)  -1.12(   9)  -0.07(  19)
   7   622    -0.43(  58)  -0.79(  27)   0.00(   0)  -0.24(  19)   0.10(  12)
   8   620    -0.39(  48)  -0.64(   1)   0.00(   0)   0.03(  18)  -0.65(  29)
   9   623    -0.45(  55)  -0.69(  30)   0.00(   0)  -0.20(  17)  -0.06(   8)
  10   626    -0.24(  52)  -0.26(  24)   0.00(   0)  -0.32(   6)  -0.19(  22)
  11   625    -0.42(  49)  -0.47(  14)   0.00(   0)  -0.65(  23)   0.07(  12)
  12   631     0.45(  49)   1.16(  18)   2.18(   1)   0.77(   4)  -0.15(  26)
  13   632     0.13(  24)   0.66(  12)   1.79(   2)  -1.28(   3)  -0.65(   7)



 CPU - statistics:

 TOTAL CPU-sec          =    0.3     (CPU-minutes:  0.004)

 >>>   End of program VELEST at 25-06-02 16:09       <<< [ CPU-sec :     0.3]
