 >>> Start of program VELEST at 25-06-02 16:09       <<<                        

 ::::::::::::::::::::::::::::::::::::::                                         
  V E L E S T  - Version : January 3, 1995                                      
  (Authors: see source code)                                                    
 ::::::::::::::::::::::::::::::::::::::                                         


 Title of this VELEST run:

 vinnik_2
 --------


 Current array-dimensions of program VELEST:

 Max. number of EARTHQUAKES for simult. inversion IEQ = ***
 Max. number of SHOTS for simult. inversion    INSHOT =  50
 Max. number of (different) 1D-MODELS      ITOTMODELS =   2
 Max. number of LAYERS per one 1D-model        INLTOT = 100
 Max. number of STATIONS in stationlist           IST = 650
 Max. number of OBSERVATIONS per event MAXOBSPEREVENT = 180






    INPUT - P A R A M E T E R S :



***
***  olat       olon   icoordsystem      zshift   itrial ztrial    ised
  72.000000-126.000000      0            0.000       0     0.00      0
***
*** neqs   nshot    rotate
     91      0      0.0
***
*** isingle   iresolcalc
       0          0
***
*** dmax    itopo    zmin     veladj    zadj   lowveloclay
   300.00     0      0.01       0.20    5.00       0
***
*** nsp    swtfac   vpvs       nmod
     1      1.00    1.730        1
***
***   othet   xythet    zthet    vthet   stathet
       0.01     0.01     0.01     1.00     0.01
***
*** nsinv   nshcor   nshfix     iuseelev    iusestacorr
       1       0       0           1            1
***
*** iturbo    icnvout   istaout   ismpout
       1         1         1         0
***
*** irayout   idrvout   ialeout   idspout   irflout   irfrout   iresout
       0         0         0         0         0         0         0
***
*** delmin   ittmax   invertratio
    0.010       3          1
***
*** Modelfile:
tmp/vinnik_2/synthvel/model_62.mod
***
*** Stationfile:
./velinp/station.sta
***
*** Seismofile:
 
***
*** File with region names:
 
***
*** File with region coordinates:
 
***
*** File #1 with topo data:
 
***
*** File #2 with topo data:
 
***
*** DATA INPUT files:
***
*** File with Earthquake data:
./velinp/data.cnv
***
*** File with Shot data:
 
***
*** OUTPUT files:
***
*** Main print output file:
./velout/vinnik_2/velest62.out
***
*** File with single event locations:
velout.vel
***
*** File with final hypocenters in *.cnv format:
./velout/vinnik_2/final_loc62.cnv
***
*** File with new station corrections:
./velout/vinnik_2/stations_corr62.sta
***
*** File with summary cards (e.g. for plotting):
velout.smp
***
*** File with raypoints:
velout.ray
***
*** File with derivatives:
velout.drv
***
*** File with ALEs:
velout.ale
***
*** File with Dirichlet spreads:
velout.dspr
***
*** File with reflection points:
velout.rfl
***
*** File with refraction points:
velout.rfr
***
*** File with residuals:
velout.res
***




 Origin of cartesian coordinates:
        72.00000N   126.00000E

  X,Y-AXES rotated clockwise from North
           Rotation angle (rotate):
            rotate=    0.0 degr.

 icoordsystem =            0
 normal SHORT DISTANCE CONVERSION will be made
 x is positive towards west, y is positive towards north


 SHORT DISTANCE CONVERSION on ELLIPSOIDE of WORLD GEODETIC SYSTEM 1972 (WGS72)
 =============================================================================

 Radius at equator (REARTH)= 6378.13500  km
   1. / (ellipticity)      =    298.260

 Origin of cartesian coordinates [degrees]:
   72.0000000 N     -126.0000000 W

  Rotation angle (in degr.) clockwise from
North  rotate=    0.0

 Radius of sphere at OLAT =   6358.817 km

 Conversion of GEOGRAPHICAL LATITUDE to GEOCENTRICAL LATITUDE:
 RLATC = TAN(GEOCENTR.LAT) / TAN(GEOGRAPH.LAT)
 RLATC =   0.99333486

          Short distance conversions:
          one min lat ~  1.8597 km 
          one min lon ~  0.5751 km 







    INPUT - M O D E L :



 Model(s) read from file :
 tmp/vinnik_2/synthvel/model_62.mod                                              

 model file title: 
Model: model_62.mod                     
 Velocity structure for model   1 :

 layer    vel   depth   vdamp  reflector
   1      4.46  -5.00    1.00         P-VELOCITY MODEL                  
   2      4.74  -0.47    1.00  
 WARNING:
 Only top of the first layer can be negative !!
   3      4.93  13.00    1.00  
   4      5.06  16.44    1.00  
   5      5.96  20.28    1.00  
   6      7.43  25.27    1.00  
   7      8.46  36.87    1.00  
   8      8.58  40.77    1.00  
   9      8.67  45.87    1.00  

 Calculation of average velocity starts at layer #            1
 z = -5.00 ... -0.47    v = 4.46    AVEL = 4.46 downto z =  -0.47
 z = -0.47 ... 13.00    v = 4.74    AVEL = 4.67 downto z =  13.00
 z = 13.00 ... 16.44    v = 4.93    AVEL = 4.71 downto z =  16.44
 z = 16.44 ... 20.28    v = 5.06    AVEL = 4.76 downto z =  20.28
 z = 20.28 ... 25.27    v = 5.96    AVEL = 4.96 downto z =  25.27
 z = 25.27 ... 36.87    v = 7.43    AVEL = 5.65 downto z =  36.87
 z = 36.87 ... 40.77    v = 8.46    AVEL = 5.89 downto z =  40.77
 z = 40.77 ... 45.87    v = 8.58    AVEL = 6.16 downto z =  45.87


 Calculation of average velocity starts at layer #            2
 z = -0.47 ... 13.00    v = 4.74    AVEL = 4.74 downto z =  13.00
 z = 13.00 ... 16.44    v = 4.93    AVEL = 4.78 downto z =  16.44
 z = 16.44 ... 20.28    v = 5.06    AVEL = 4.83 downto z =  20.28
 z = 20.28 ... 25.27    v = 5.96    AVEL = 5.05 downto z =  25.27
 z = 25.27 ... 36.87    v = 7.43    AVEL = 5.79 downto z =  36.87
 z = 36.87 ... 40.77    v = 8.46    AVEL = 6.04 downto z =  40.77
 z = 40.77 ... 45.87    v = 8.58    AVEL = 6.32 downto z =  45.87






    INPUT - S T A T I O N S :



 Station-parameters read from file :
 ./velinp/station.sta                                                            


     stn latitude longitude elev   x      y      z     ptcor stcor model icc
   1 624 72.4760N126.2750E     0  -9.37  53.11  -0.00   0.00  0.00   1  13
   2 628 72.4000N127.1470E     0 -39.15  44.63  -0.00   0.00  0.00   1  12
   3 630 72.0750N128.3250E     0 -80.06   8.37  -0.00   0.00  0.00   1  11
   4 627 72.1170N126.9820E     0 -33.78  13.06  -0.00   0.00  0.00   1  10
   5 621 72.1840N124.8890E     0  38.14  20.53  -0.00   0.00  0.00   1   9
   6 629 71.9290N127.3130E     0 -45.39  -7.92  -0.00   0.00  0.00   1   8
   7 622 72.4420N125.3130E     0  23.42  49.32  -0.00   0.00  0.00   1   7
   8 620 72.6540N124.3470E     0  56.03  72.98  -0.00   0.00  0.00   1   6
   9 623 72.3260N125.7600E     0   8.21  36.38  -0.00   0.00  0.00   1   5
  10 626 71.8880N126.0360E     0  -1.25 -12.50  -0.00   0.00  0.00   1   4
  11 625 72.1740N126.1070E     0  -3.67  19.42  -0.00   0.00  0.00   1   3
  12 631 71.3990N127.2470E     0 -43.72 -67.06  -0.00   0.00  0.00   1   2
  13 632 71.5740N129.0728E     0-107.23 -47.53  -0.00   0.00  0.00   1   1

 NO Seismo-parameter-file specified
 --> NO magnitudes calculated!




   neqs=   91  nshot=    0  nltot=    9

 ~~~ input parameters read.
 ~~~ set units for first iteration ...
 ~~~ determine number of unknowns ...

 Number of unknowns (for array-indexing):  nvar =  385
 Number of effective unknowns        :  nvareff =  373
 Number of elements on/below main diagonal of matrix G = At*A : kvar =   74305

 ~~~ reset G and RHT ...
 ~~~ input data, raytracing, setup G ...






    I N P U T - D A T A  

  eq    origin-time    latitude longitude depth    x      y      z    mag ifxOBS
   1 160818 1613  9.10 73.0030N 124.8500E  23.10  38.61 111.92  23.10 1.40 0   6
   2 160818 1613  9.30 72.9910N 124.8700E  22.80  37.95 110.58  22.80 1.10 0   6
   3 160819 0959 27.30 71.9230N 129.7600E  12.10-130.00  -8.59  12.10 4.00 0  12
   4 160820 1506 15.70 71.9380N 129.7900E  11.00-130.98  -6.92  11.00 1.50 0   9
   5 160820 1904 45.70 72.3480N 127.1800E  23.80 -40.33  38.83  23.80 1.20 0   6
   6 160822 1318 49.50 72.3650N 127.0800E  16.50 -36.90  40.73  16.50 0.60 0   8
   7 160823 0652 14.00 70.9330N 129.8100E   6.40-135.21-119.06   6.40 2.90 0   6
   8 160824 1510 30.40 71.6070N 130.0400E   8.60-140.86 -43.85   8.60 1.50 0   9
   9 160906 1514 39.70 72.5080N 125.6800E  12.10  10.89  56.68  12.10 0.90 0   6
 WARNING:
 epicentral distance: 303.3 > dmax ( 300.0) ==> skipping phase !
 WARNING:
 epicentral distance: 338.2 > dmax ( 300.0) ==> skipping phase !
  10 160920 1607 18.30 69.2370N 128.3500E  16.20 -87.07-308.31  16.20 2.60 0   2
 WARNING:
 epicentral distance: 318.5 > dmax ( 300.0) ==> skipping phase !
 WARNING:
 epicentral distance: 355.0 > dmax ( 300.0) ==> skipping phase !
  11 160925 1911  5.60 69.2250N 127.6800E  15.60 -62.26-309.64  15.60 2.30 0   2
  12 161004 0841 51.20 72.8480N 124.9600E  15.60  35.07  94.62  15.60 0.20 0   6
  13 161005 1619 46.90 72.8770N 125.0100E  19.00  33.35  97.86  19.00 1.00 0   9
  14 161006 0156 55.90 72.8740N 125.0100E  13.90  33.36  97.52  13.90 1.00 0   7
  15 161009 0036 44.70 72.8720N 124.9900E  17.20  34.03  97.30  17.20 1.30 0   8
  16 161009 0036 44.90 72.8580N 124.9600E  18.60  35.06  95.74  18.60 1.20 0   7
  17 161012 0800 22.10 72.7380N 126.0300E  18.50  -1.01  82.35  18.50 0.80 0   7
  18 161015 1013 36.50 72.0400N 126.9900E  11.20 -34.12   4.46  11.20 0.70 0   7
  19 161021 0507 33.30 72.5750N 124.7800E  10.10  41.44  64.16  10.10 0.80 0   6
  20 161124 2250 46.00 72.7630N 124.8800E  16.20  37.85  85.14  16.20 3.10 0   4
  21 161125 0156 34.10 72.7420N 124.9200E  14.50  36.52  82.80  14.50 0.60 0   7
  22 161125 0517 25.90 72.7650N 124.9400E  13.50  35.82  85.36  13.50 1.60 0   6
  23 161125 0525 15.90 72.7740N 124.9500E  11.60  35.48  86.37  11.60 0.80 0   6
  24 161125 0556  2.00 72.7350N 124.9700E   5.70  34.84  82.01   5.70 0.20 0   6
  25 170117 0846 48.60 72.2130N 127.3400E  22.00 -45.97  23.77  22.00 0.30 0   6
  26 170122 1614 27.60 71.9670N 128.0400E  10.30 -70.45  -3.68  10.30 0.90 0   6
  27 170125 2244  0.20 72.4440N 126.0200E  13.10  -0.68  49.54  13.10 0.80 0   6
  28 170302 1359 59.10 72.6830N 124.8900E  11.50  37.60  76.21  11.50 0.50 0   7
  29 170302 2335 20.20 71.8850N 130.3000E  14.80-148.82 -12.83  14.80 2.10 0   9
  30 170304 2135  2.90 72.6880N 124.9400E  13.40  35.90  76.77  13.40 1.30 0   7
  31 170307 0447 21.00 72.6940N 124.9200E  14.20  36.57  77.44  14.20 1.70 0  10
  32 170307 2016 50.80 72.6910N 124.9100E  15.30  36.91  77.10  15.30 1.10 0   6
  33 170309 1454  0.80 72.6830N 124.9000E  15.60  37.26  76.21  15.60 0.30 0   6
  34 170311 0430 55.40 72.3130N 126.5000E  24.50 -17.11  34.93  24.50 0.30 0   6
  35 170312 0416 39.20 71.9240N 128.0800E   3.40 -71.91  -8.48   3.40 2.10 0   6
  36 170313 0553 59.10 72.6980N 124.9200E  15.10  36.57  77.89  15.10 1.00 0   9
  37 170313 0809  5.60 72.4500N 125.0800E  14.90  31.36  50.21  14.90 1.20 0   7
  38 170315 0234 46.50 72.6540N 123.8400E  16.90  73.22  72.98  16.90 1.40 0   7
  39 170317 1007 14.10 72.2350N 125.9800E   3.90   0.69  26.22   3.90 0.50 0   7
  40 170320 0711 14.60 72.1250N 127.2200E  16.80 -41.95  13.95  16.80 0.90 0   6
  41 170320 0853 56.40 72.7090N 124.9700E   5.10  34.86  79.11   5.10 0.40 0   6
  42 170320 1900 34.30 72.4150N 126.1200E  18.00  -4.09  46.31  18.00 0.60 0   7
  43 170323 0519 24.60 71.6470N 129.1800E   5.20-110.76 -39.39   5.20 1.20 0   6
  44 170323 1612 49.70 72.4530N 125.1100E   8.30  30.33  50.55   8.30 0.50 0   6
  45 170323 1906 41.20 72.4070N 130.2500E  18.30-145.04  45.41  18.30 1.00 0   6
  46 170326 0836 34.10 71.9930N 127.6700E  16.10 -57.63  -0.78  16.10 1.50 0   7
  47 170402 0422  1.00 72.7220N 125.6900E  21.90  10.49  80.56  21.90 1.20 0  10
  48 170402 0636 37.20 72.7310N 125.6900E  23.50  10.49  81.57  23.50 0.70 0   6
  49 170404 2347 35.70 72.7580N 124.3800E  22.60  54.76  84.58  22.60 0.50 0   6
  50 170405 0307 36.10 71.6810N 128.9500E  15.30-102.66 -35.60  15.30 1.00 0  10
  51 170405 1410 53.20 71.5100N 128.9000E   9.30-101.37 -54.68   9.30 1.70 0  10
  52 170406 0838 43.20 72.3850N 129.3800E  15.50-115.42  42.96  15.50 0.90 0  10
  53 170406 1728  1.00 72.7230N 125.6900E  21.30  10.49  80.67  21.30 0.90 0  10
 WARNING:
 epicentral distance: 325.9 > dmax ( 300.0) ==> skipping phase !
 WARNING:
 epicentral distance: 332.9 > dmax ( 300.0) ==> skipping phase !
 WARNING:
 epicentral distance: 345.3 > dmax ( 300.0) ==> skipping phase !
 WARNING:
 epicentral distance: 391.9 > dmax ( 300.0) ==> skipping phase !
  54 170407 1729  3.40 74.8930N 128.6300E  15.60 -83.67 322.81  15.60 1.80 0   2
 WARNING:
 epicentral distance: 311.3 > dmax ( 300.0) ==> skipping phase !
 WARNING:
 epicentral distance: 315.4 > dmax ( 300.0) ==> skipping phase !
 WARNING:
 epicentral distance: 328.9 > dmax ( 300.0) ==> skipping phase !
 WARNING:
 epicentral distance: 374.2 > dmax ( 300.0) ==> skipping phase !
  55 170407 1729  3.50 74.7270N 128.8100E   0.40 -89.83 304.29   0.40 1.60 0   5
  56 170408 1004 44.90 72.6070N 124.9400E  15.00  35.98  67.73  15.00 1.40 0  13
  57 170409 0856 47.20 73.3850N 128.5500E  15.60 -84.71 154.54  15.60 2.50 0   6
  58 170409 0902 45.60 73.3500N 128.4400E  15.10 -81.13 150.64  15.10 1.10 0   7
  59 170410 1520  8.50 72.0030N 128.3900E   2.70 -82.46   0.33   2.70 1.00 0  10
  60 170410 1813  3.60 70.9360N 129.1200E   3.70-110.72-118.73   3.70 2.20 0  13
  61 170412 1507  0.60 71.5070N 129.7200E   0.00-130.05 -55.01   0.00 0.70 0   6
  62 170413 0651 20.10 73.3680N 125.4200E  15.60  19.28 152.65  15.60 1.00 0  10
  63 170414 0459 18.80 72.2680N 127.3800E  20.10 -47.27  29.90  20.10 0.50 0   7
  64 170414 0540  4.80 73.6400N 130.9700E   8.00-163.92 183.00   8.00 1.80 0  11
  65 170414 1656 23.40 72.1850N 127.4000E  15.50 -48.06  20.64  15.50 0.20 0   6
  66 170414 1753 32.80 72.3840N 130.4600E  17.90-152.30  42.85  17.90 0.70 0   6
  67 170416 0523 41.90 71.9560N 127.0800E  19.20 -37.31  -4.91  19.20 1.60 0  13
  68 170416 1220 14.20 72.9470N 124.4900E  20.40  50.77 105.67  20.40 1.00 0  11
 WARNING:
 epicentral distance: 320.3 > dmax ( 300.0) ==> skipping phase !
 WARNING:
 epicentral distance: 381.0 > dmax ( 300.0) ==> skipping phase !
 WARNING:
 epicentral distance: 398.8 > dmax ( 300.0) ==> skipping phase !
 WARNING:
 epicentral distance: 405.0 > dmax ( 300.0) ==> skipping phase !
 WARNING:
 epicentral distance: 424.8 > dmax ( 300.0) ==> skipping phase !
 WARNING:
 epicentral distance: 431.2 > dmax ( 300.0) ==> skipping phase !
 WARNING:
 epicentral distance: 445.5 > dmax ( 300.0) ==> skipping phase !
 WARNING:
 epicentral distance: 451.8 > dmax ( 300.0) ==> skipping phase !
 WARNING:
 epicentral distance: 464.3 > dmax ( 300.0) ==> skipping phase !
  69 170416 1257 48.30 68.8710N 131.7500E  73.50-214.97-349.14  73.50 2.20 0   0
  70 170416 1821  5.50 72.8670N 125.0000E  19.30  33.70  96.74  19.30 1.30 0  13
  71 170418 0606  4.10 72.5080N 125.8200E   1.30   6.13  56.68   1.30 0.20 0   6
 WARNING:
 epicentral distance: 315.2 > dmax ( 300.0) ==> skipping phase !
 WARNING:
 epicentral distance: 332.1 > dmax ( 300.0) ==> skipping phase !
 WARNING:
 epicentral distance: 345.3 > dmax ( 300.0) ==> skipping phase !
 WARNING:
 epicentral distance: 352.6 > dmax ( 300.0) ==> skipping phase !
 WARNING:
 epicentral distance: 346.7 > dmax ( 300.0) ==> skipping phase !
 WARNING:
 epicentral distance: 356.6 > dmax ( 300.0) ==> skipping phase !
 WARNING:
 epicentral distance: 363.9 > dmax ( 300.0) ==> skipping phase !
 WARNING:
 epicentral distance: 372.8 > dmax ( 300.0) ==> skipping phase !
 WARNING:
 epicentral distance: 378.6 > dmax ( 300.0) ==> skipping phase !
 WARNING:
 epicentral distance: 378.6 > dmax ( 300.0) ==> skipping phase !
  72 170418 1005 56.80 69.3310N 122.4100E  97.00 132.70-297.82  97.00 2.20 0   1
  73 170418 1500 12.90 72.7340N 124.5100E  23.10  50.40  81.90  23.10 1.30 0  12
  74 170420 1302 36.20 72.6290N 129.0200E  21.80-102.44  70.19  21.80 0.90 0  11
  75 170420 2248 46.70 72.0220N 129.1200E   0.00-107.59   2.46   0.00 0.70 0  11
 WARNING:
 epicentral distance: 313.1 > dmax ( 300.0) ==> skipping phase !
 WARNING:
 epicentral distance: 324.4 > dmax ( 300.0) ==> skipping phase !
 WARNING:
 epicentral distance: 324.2 > dmax ( 300.0) ==> skipping phase !
 WARNING:
 epicentral distance: 342.4 > dmax ( 300.0) ==> skipping phase !
 WARNING:
 epicentral distance: 349.0 > dmax ( 300.0) ==> skipping phase !
 WARNING:
 epicentral distance: 380.2 > dmax ( 300.0) ==> skipping phase !
 WARNING:
 epicentral distance: 381.6 > dmax ( 300.0) ==> skipping phase !
 WARNING:
 epicentral distance: 408.0 > dmax ( 300.0) ==> skipping phase !
  76 170423 0850 54.60 74.7080N 132.7900E   0.10-217.19 302.17   0.10 1.90 0   0
  77 170423 1455 44.10 72.8400N 124.4900E  16.80  50.92  93.73  16.80 0.60 0   8
  78 170423 2313 41.80 72.5960N 124.8700E  22.00  38.36  66.50  22.00 1.30 0  12
  79 170424 0609 58.60 71.9600N 128.0200E   0.10 -69.77  -4.46   0.10 1.10 0  12
  80 170424 0755 26.70 71.9480N 128.0300E   0.00 -70.14  -5.80   0.00 1.00 0  12
  81 170424 0755 26.90 71.9590N 128.0300E   0.00 -70.12  -4.57   0.00 1.00 0  12
  82 170425 0652 23.30 71.9600N 128.0300E   0.00 -70.12  -4.46   0.00 1.20 0   9
  83 170426 0051 23.20 71.9450N 128.0600E   6.60 -71.18  -6.14   6.60 0.70 0   6
  84 170426 1425 21.20 72.0790N 127.2600E  21.00 -43.38   8.82  21.00 0.10 0   6
  85 170426 1834 24.60 71.5840N 130.8000E  10.90-167.46 -46.42  10.90 1.20 0   8
  86 170426 1840 44.10 72.2710N 126.3600E  18.10 -12.33  30.24  18.10 1.30 0   8
  87 170427 0912 28.80 72.0640N 127.7900E   2.60 -61.65   7.14   2.60 0.90 0   8
  88 170427 1041 38.10 71.7480N 128.9900E   8.40-103.86 -28.12   8.40 0.70 0   7
  89 170427 2010 47.80 72.8010N 130.2000E  20.20-141.80  89.38  20.20 1.30 0   8
  90 170427 2010 48.30 72.7890N 130.1400E  20.10-139.82  88.04  20.10 1.30 0   8
  91 170427 2342 34.10 72.7630N 125.0100E  19.50  33.46  85.14  19.50 0.80 0   6

 readings for station 624  :  74
 readings for station 628  :  69
 readings for station 630  :  53
 readings for station 627  :  46
 readings for station 621  :  59
 readings for station 629  :  43
 readings for station 622  :  58
 readings for station 620  :  48
 readings for station 623  :  55
 readings for station 626  :  52
 readings for station 625  :  49
 readings for station 631  :  49
 readings for station 632  :  24

 Total number of stations with readings:  13

 Total number of readings:     679
 Total number of P readings:       0
 Total number of S readings:       0


 ~~~ store parts of G ...
 ~~~ compute RMS and DATVAR ...

 Total number of observations is:   679


 $$$$$$$$$$$$$$$$$$$$$$$$$$$$$$$$$$$$$$$$$$$$$$$$$
 Events with  | AVRES | > 1.0 SEC are suspicious !

 Event#   1 >>>  160818 1613  AVRES = -1.03 NOBS =  6
 Event#   2 >>>  160818 1613  AVRES = -1.08 NOBS =  6
 Event#   3 >>>  160819 0959  AVRES = -1.45 NOBS = 12
 Event#   4 >>>  160820 1506  AVRES = -1.40 NOBS =  9
 Event#   5 >>>  160820 1904  AVRES = -1.30 NOBS =  6
 Event#   6 >>>  160822 1318  AVRES = -1.88 NOBS =  8
 Event#   7 >>>  160823 0652  AVRES = -1.09 NOBS =  6
 Event#   8 >>>  160824 1510  AVRES = -1.02 NOBS =  9
 Event#   9 >>>  160906 1514  AVRES = -1.42 NOBS =  6
 Event#  10 >>>  160920 1607  AVRES =  1.67 NOBS =  2
 Event#  11 >>>  160925 1911  AVRES =  1.28 NOBS =  2
 Event#  12 >>>  161004 0841  AVRES = -2.02 NOBS =  6
 Event#  13 >>>  161005 1619  AVRES = -1.41 NOBS =  9
 Event#  14 >>>  161006 0156  AVRES = -1.97 NOBS =  7
 Event#  15 >>>  161009 0036  AVRES = -1.28 NOBS =  8
 Event#  16 >>>  161009 0036  AVRES = -1.08 NOBS =  7
 Event#  17 >>>  161012 0800  AVRES = -1.63 NOBS =  7
 Event#  18 >>>  161015 1013  AVRES = -1.90 NOBS =  7
 Event#  19 >>>  161021 0507  AVRES = -1.71 NOBS =  6
 Event#  20 >>>  161124 2250  AVRES = -1.90 NOBS =  4
 Event#  21 >>>  161125 0156  AVRES = -1.91 NOBS =  7
 Event#  22 >>>  161125 0517  AVRES = -2.17 NOBS =  6
 Event#  23 >>>  161125 0525  AVRES = -2.14 NOBS =  6
 Event#  24 >>>  161125 0556  AVRES = -2.05 NOBS =  6
 Event#  25 >>>  170117 0846  AVRES = -1.31 NOBS =  6
 Event#  26 >>>  170122 1614  AVRES = -1.89 NOBS =  6
 Event#  27 >>>  170125 2244  AVRES = -1.58 NOBS =  6
 Event#  28 >>>  170302 1359  AVRES = -1.73 NOBS =  7
 Event#  30 >>>  170304 2135  AVRES = -1.53 NOBS =  7
 Event#  31 >>>  170307 0447  AVRES = -1.58 NOBS = 10
 Event#  32 >>>  170307 2016  AVRES = -1.92 NOBS =  6
 Event#  33 >>>  170309 1454  AVRES = -1.74 NOBS =  6
 Event#  34 >>>  170311 0430  AVRES = -1.17 NOBS =  6
 Event#  35 >>>  170312 0416  AVRES = -1.88 NOBS =  6
 Event#  36 >>>  170313 0553  AVRES = -1.61 NOBS =  9
 Event#  37 >>>  170313 0809  AVRES = -1.96 NOBS =  7
 Event#  38 >>>  170315 0234  AVRES = -1.55 NOBS =  7
 Event#  39 >>>  170317 1007  AVRES = -1.17 NOBS =  7
 Event#  40 >>>  170320 0711  AVRES = -1.79 NOBS =  6
 Event#  41 >>>  170320 0853  AVRES = -2.08 NOBS =  6
 Event#  42 >>>  170320 1900  AVRES = -1.50 NOBS =  7
 Event#  43 >>>  170323 0519  AVRES = -2.47 NOBS =  6
 Event#  44 >>>  170323 1612  AVRES = -1.45 NOBS =  6
 Event#  46 >>>  170326 0836  AVRES = -1.89 NOBS =  7
 Event#  48 >>>  170402 0636  AVRES = -1.26 NOBS =  6
 Event#  49 >>>  170404 2347  AVRES = -1.29 NOBS =  6
 Event#  50 >>>  170405 0307  AVRES = -1.44 NOBS = 10
 Event#  51 >>>  170405 1410  AVRES = -1.60 NOBS = 10
 Event#  52 >>>  170406 0838  AVRES = -1.39 NOBS = 10
 Event#  56 >>>  170408 1004  AVRES = -1.60 NOBS = 13
 Event#  59 >>>  170410 1520  AVRES = -2.13 NOBS = 10
 Event#  60 >>>  170410 1813  AVRES = -1.26 NOBS = 13
 Event#  61 >>>  170412 1507  AVRES = -2.44 NOBS =  6
 Event#  63 >>>  170414 0459  AVRES = -1.45 NOBS =  7
 Event#  65 >>>  170414 1656  AVRES = -1.77 NOBS =  6
 Event#  67 >>>  170416 0523  AVRES = -1.55 NOBS = 13
 Event#  72 >>>  170418 1005  AVRES =  1.39 NOBS =  1
 Event#  75 >>>  170420 2248  AVRES = -2.18 NOBS = 11
 Event#  77 >>>  170423 1455  AVRES = -1.59 NOBS =  8
 Event#  78 >>>  170423 2313  AVRES = -1.13 NOBS = 12
 Event#  79 >>>  170424 0609  AVRES = -2.12 NOBS = 12
 Event#  80 >>>  170424 0755  AVRES = -2.09 NOBS = 12
 Event#  81 >>>  170424 0755  AVRES = -2.08 NOBS = 12
 Event#  82 >>>  170425 0652  AVRES = -2.06 NOBS =  9
 Event#  83 >>>  170426 0051  AVRES = -1.98 NOBS =  6
 Event#  84 >>>  170426 1425  AVRES = -1.40 NOBS =  6
 Event#  86 >>>  170426 1840  AVRES = -1.63 NOBS =  8
 Event#  87 >>>  170427 0912  AVRES = -1.74 NOBS =  8
 Event#  88 >>>  170427 1041  AVRES = -2.45 NOBS =  7
 Event#  91 >>>  170427 2342  AVRES = -1.13 NOBS =  6

 ^^^^^^^^^ C H E C K   these events above ^^^^^^^^
 $$$$$$$$$$$$$$$$$$$$$$$$$$$$$$$$$$$$$$$$$$$$$$$$$

 ~~~ save initial datvar ...

 Iteration nr  0 obtained:
 DATVAR=    2.486226 mean sqrd residual=     1.120449  RMS RESIDUAL=     1.058513

 After  0 iterations we got:
 Average absolute & unweighted [and mean] residual of
   284 straight and direct rays =  1.74417 [ -1.73438]
   395 refracted           rays =  1.35882 [ -1.13427]
     0 reflected           rays =  0.00000 [  0.00000]

   679 ALL                 RAYS =  1.51999 [ -1.38528]        0.00 %




--------------------------------------------------------------------------------



           ITERATION no  1

 ~~~ set units for this iteration ...
 ~~~ determine number of unknowns for this iter. ...

 Number of unknowns (for array-indexing):  nvar =  385
 Number of effective unknowns        :  nvareff =  386
 Number of elements on/below main diagonal of matrix G = At*A : kvar =   74305

 Damping factors to be used in this iteration:
   Othet=   0.010   XYthet  =   0.010   Zthet=  0.010
 STAthet=   0.010   Vthet   =   1.000

 ~~~ damp G ...
 ~~~ solve G * b = RHT ...
 ~~~ fix units ...
 ~~~ apply eventually step-length damping ...
 ~~~ adjust model (hypocenters, stacorr & veloc.) ...

 doing velocity adjustments now...

 doing station-correction adjustments...

 ~~~ compute effective step-length ...

 (Applied) Step length =   2.857

 ~~~ set units for next iteration ...
 ~~~ determine number of unknowns for next iter. ...

 Number of unknowns (for array-indexing):  nvar =  385
 Number of effective unknowns        :  nvareff =  386
 Number of elements on/below main diagonal of matrix G = At*A : kvar =   74305

 ~~~ reset G and RHT ...
 ~~~ raytracing, setup G ...
 ~~~ store parts of G ...
 ~~~ set units back for current iteration ...
 ~~~ determine number of unknowns for this iter. ...

 Number of unknowns (for array-indexing):  nvar =  385
 Number of effective unknowns        :  nvareff =  386
 Number of elements on/below main diagonal of matrix G = At*A : kvar =   74305

 ~~~ compute RMS and DATVAR ...

 $$$$$$$$$$$$$$$$$$$$$$$$$$$$$$$$$$$$$$$$$$$$$$$$$
 Events with  | AVRES | > 1.0 SEC are suspicious !

 Event#   3 >>>  160819 0959  AVRES = -1.27 NOBS = 12
 Event#   4 >>>  160820 1506  AVRES = -1.22 NOBS =  9
 Event#   5 >>>  160820 1904  AVRES = -1.13 NOBS =  6
 Event#   6 >>>  160822 1318  AVRES = -1.63 NOBS =  8
 Event#   9 >>>  160906 1514  AVRES = -1.26 NOBS =  6
 Event#  10 >>>  160920 1607  AVRES =  1.49 NOBS =  2
 Event#  11 >>>  160925 1911  AVRES =  1.15 NOBS =  2
 Event#  12 >>>  161004 0841  AVRES = -1.76 NOBS =  6
 Event#  13 >>>  161005 1619  AVRES = -1.23 NOBS =  9
 Event#  14 >>>  161006 0156  AVRES = -1.71 NOBS =  7
 Event#  15 >>>  161009 0036  AVRES = -1.11 NOBS =  8
 Event#  17 >>>  161012 0800  AVRES = -1.42 NOBS =  7
 Event#  18 >>>  161015 1013  AVRES = -1.69 NOBS =  7
 Event#  19 >>>  161021 0507  AVRES = -1.52 NOBS =  6
 Event#  20 >>>  161124 2250  AVRES = -1.66 NOBS =  4
 Event#  21 >>>  161125 0156  AVRES = -1.67 NOBS =  7
 Event#  22 >>>  161125 0517  AVRES = -1.89 NOBS =  6
 Event#  23 >>>  161125 0525  AVRES = -1.89 NOBS =  6
 Event#  24 >>>  161125 0556  AVRES = -1.83 NOBS =  6
 Event#  25 >>>  170117 0846  AVRES = -1.14 NOBS =  6
 Event#  26 >>>  170122 1614  AVRES = -1.69 NOBS =  6
 Event#  27 >>>  170125 2244  AVRES = -1.37 NOBS =  6
 Event#  28 >>>  170302 1359  AVRES = -1.52 NOBS =  7
 Event#  30 >>>  170304 2135  AVRES = -1.32 NOBS =  7
 Event#  31 >>>  170307 0447  AVRES = -1.37 NOBS = 10
 Event#  32 >>>  170307 2016  AVRES = -1.68 NOBS =  6
 Event#  33 >>>  170309 1454  AVRES = -1.52 NOBS =  6
 Event#  34 >>>  170311 0430  AVRES = -1.02 NOBS =  6
 Event#  35 >>>  170312 0416  AVRES = -1.71 NOBS =  6
 Event#  36 >>>  170313 0553  AVRES = -1.40 NOBS =  9
 Event#  37 >>>  170313 0809  AVRES = -1.71 NOBS =  7
 Event#  38 >>>  170315 0234  AVRES = -1.35 NOBS =  7
 Event#  39 >>>  170317 1007  AVRES = -1.07 NOBS =  7
 Event#  40 >>>  170320 0711  AVRES = -1.56 NOBS =  6
 Event#  41 >>>  170320 0853  AVRES = -1.86 NOBS =  6
 Event#  42 >>>  170320 1900  AVRES = -1.31 NOBS =  7
 Event#  43 >>>  170323 0519  AVRES = -2.19 NOBS =  6
 Event#  44 >>>  170323 1612  AVRES = -1.30 NOBS =  6
 Event#  46 >>>  170326 0836  AVRES = -1.64 NOBS =  7
 Event#  48 >>>  170402 0636  AVRES = -1.09 NOBS =  6
 Event#  49 >>>  170404 2347  AVRES = -1.12 NOBS =  6
 Event#  50 >>>  170405 0307  AVRES = -1.26 NOBS = 10
 Event#  51 >>>  170405 1410  AVRES = -1.41 NOBS = 10
 Event#  52 >>>  170406 0838  AVRES = -1.21 NOBS = 10
 Event#  56 >>>  170408 1004  AVRES = -1.40 NOBS = 13
 Event#  59 >>>  170410 1520  AVRES = -1.90 NOBS = 10
 Event#  60 >>>  170410 1813  AVRES = -1.09 NOBS = 13
 Event#  61 >>>  170412 1507  AVRES = -2.12 NOBS =  6
 Event#  63 >>>  170414 0459  AVRES = -1.27 NOBS =  7
 Event#  65 >>>  170414 1656  AVRES = -1.54 NOBS =  6
 Event#  67 >>>  170416 0523  AVRES = -1.35 NOBS = 13
 Event#  72 >>>  170418 1005  AVRES =  1.21 NOBS =  1
 Event#  75 >>>  170420 2248  AVRES = -1.91 NOBS = 11
 Event#  77 >>>  170423 1455  AVRES = -1.39 NOBS =  8
 Event#  79 >>>  170424 0609  AVRES = -1.86 NOBS = 12
 Event#  80 >>>  170424 0755  AVRES = -1.84 NOBS = 12
 Event#  81 >>>  170424 0755  AVRES = -1.83 NOBS = 12
 Event#  82 >>>  170425 0652  AVRES = -1.82 NOBS =  9
 Event#  83 >>>  170426 0051  AVRES = -1.78 NOBS =  6
 Event#  84 >>>  170426 1425  AVRES = -1.22 NOBS =  6
 Event#  86 >>>  170426 1840  AVRES = -1.42 NOBS =  8
 Event#  87 >>>  170427 0912  AVRES = -1.58 NOBS =  8
 Event#  88 >>>  170427 1041  AVRES = -2.16 NOBS =  7

 ^^^^^^^^^ C H E C K   these events above ^^^^^^^^
 $$$$$$$$$$$$$$$$$$$$$$$$$$$$$$$$$$$$$$$$$$$$$$$$$

 ~~~ check solution (better? worse?) ...

 Iteration nr  1 obtained:
 DATVAR=    2.067401 mean sqrd residual=     0.892119  RMS RESIDUAL=     0.944520

 After  1 iterations we got:
 Average absolute & unweighted [and mean] residual of
   283 straight and direct rays =  1.53898 [ -1.53043]
   396 refracted           rays =  1.19396 [ -0.98635]
     0 reflected           rays =  0.00000 [  0.00000]

   679 ALL                 RAYS =  1.33776 [ -1.21312]      -11.99 %

 ~~~ iteration done; output results ...

  eq       ot     x      y      z      rms    avres   dot     dx     dy     dz
    1      9.08  38.69 111.99  23.17   0.42  -0.89   -0.022  0.076  0.069  0.074
    2      9.29  37.86 110.65  22.93   0.43  -0.94   -0.005 -0.094  0.067  0.127
    3     27.24-129.92  -8.47  12.11   0.77  -1.27   -0.055  0.085  0.126  0.010
    4     15.64-130.93  -6.85  10.94   0.80  -1.22   -0.064  0.056  0.069 -0.055
    5     45.69 -40.35  38.66  24.01   0.28  -1.13   -0.008 -0.016 -0.171  0.208
    6     49.45 -36.86  40.69  16.81   0.59  -1.63   -0.052  0.042 -0.038  0.311
    7     13.90-134.87-119.28   6.38   1.56  -0.95   -0.097  0.344 -0.217 -0.015
    8     30.35-140.92 -44.00   8.80   0.82  -0.89   -0.050 -0.053 -0.150  0.198
    9     39.67  10.88  56.62  12.10   0.46  -1.26   -0.026 -0.007 -0.060  0.004
   10     18.24 -87.24-308.30  16.21   1.07   1.49   -0.056 -0.174  0.008  0.014
   11      5.50 -62.50-309.65  15.62   1.28   1.15   -0.100 -0.236 -0.010  0.024
   12     51.15  35.05  94.69  15.79   0.39  -1.76   -0.049 -0.012  0.071  0.195
   13     46.85  33.46  98.09  19.09   0.53  -1.23   -0.045  0.106  0.236  0.090
   14     55.84  33.42  97.48  14.13   0.92  -1.71   -0.056  0.060 -0.042  0.228
   15     44.66  34.11  97.33  17.38   0.89  -1.11   -0.037  0.073  0.033  0.184
   16     44.85  35.05  95.87  18.71   0.95  -0.93   -0.048 -0.011  0.136  0.112
   17     22.05  -0.91  82.51  18.62   0.75  -1.42   -0.053  0.107  0.160  0.121
   18     36.44 -34.15   4.45  11.42   0.76  -1.69   -0.056 -0.031 -0.009  0.219
   19     33.25  41.45  64.18  10.56   0.81  -1.52   -0.047  0.004  0.019  0.464
   20     45.93  37.96  85.09  16.15   0.78  -1.66   -0.074  0.104 -0.050 -0.049
   21     34.05  36.44  82.79  14.44   0.76  -1.67   -0.049 -0.078 -0.004 -0.062
   22     25.84  35.74  85.42  13.61   0.55  -1.89   -0.060 -0.078  0.061  0.109
   23     15.86  35.36  86.38  11.73   0.72  -1.89   -0.045 -0.118  0.010  0.125
   24      1.95  34.84  82.18   6.06   1.02  -1.83   -0.049  0.004  0.169  0.355
   25     48.61 -45.95  23.64  22.25   0.30  -1.14    0.014  0.024 -0.127  0.251
   26     27.57 -70.39  -3.81  10.36   0.83  -1.69   -0.035  0.055 -0.131  0.061
   27      0.15  -0.63  49.42  13.34   0.65  -1.37   -0.051  0.047 -0.121  0.243
   28     59.05  37.61  76.31  11.66   0.87  -1.52   -0.049  0.013  0.098  0.164
   29     20.15-148.77 -12.50  14.77   0.91  -0.85   -0.047  0.049  0.327 -0.032
   30      2.86  35.96  76.72  13.61   1.05  -1.32   -0.041  0.067 -0.052  0.211
   31     20.95  36.48  77.41  14.35   1.02  -1.37   -0.052 -0.089 -0.029  0.147
   32     50.75  36.86  77.09  15.36   0.48  -1.68   -0.046 -0.055 -0.015  0.060
   33      0.77  37.25  76.14  15.68   0.68  -1.52   -0.030 -0.011 -0.071  0.078
   34     55.41 -17.01  34.86  24.68   0.12  -1.02    0.009  0.100 -0.065  0.176
   35     39.23 -71.68  -8.43   3.49   1.15  -1.71    0.034  0.234  0.051  0.086
   36     59.06  36.56  77.83  15.20   0.85  -1.40   -0.035 -0.007 -0.054  0.104
   37      5.55  31.32  50.14  15.05   0.42  -1.71   -0.054 -0.037 -0.073  0.153
   38     46.48  73.06  73.05  16.96   0.69  -1.35   -0.024 -0.157  0.070  0.064
   39     14.09   0.70  26.10   3.89   0.64  -1.07   -0.013  0.012 -0.119 -0.010
   40     14.56 -41.87  13.85  16.78   0.54  -1.56   -0.042  0.084 -0.096 -0.023
   41     56.36  34.88  79.12   5.84   0.98  -1.86   -0.036  0.013  0.009  0.745
   42     34.27  -4.04  46.24  18.14   0.48  -1.31   -0.031  0.055 -0.068  0.138
   43     24.56-110.61 -39.29   5.48   0.99  -2.19   -0.043  0.147  0.102  0.283
   44     49.69  30.30  50.50   8.26   0.80  -1.30   -0.011 -0.030 -0.047 -0.040
   45     41.19-145.05  45.48  18.36   0.79  -0.56   -0.014 -0.013  0.066  0.058
   46     34.04 -57.61  -0.89  16.30   0.63  -1.64   -0.062  0.018 -0.111  0.198
   47      1.02  10.51  80.56  22.24   0.91  -0.81    0.023  0.020 -0.006  0.342
   48     37.21  10.55  81.68  23.81   0.31  -1.09    0.007  0.064  0.109  0.310
   49     35.68  54.70  84.60  22.68   0.43  -1.12   -0.021 -0.059  0.017  0.084
   50     36.05-102.38 -35.82  15.29   0.83  -1.26   -0.045  0.272 -0.225 -0.012
   51     53.15-101.21 -54.36   9.10   1.08  -1.41   -0.053  0.160  0.313 -0.202
   52     43.14-115.50  43.00  15.41   0.76  -1.21   -0.062 -0.082  0.040 -0.092
   53      1.02  10.50  80.72  21.63   0.89  -0.81    0.021  0.009  0.044  0.331
   54      3.16 -83.69 322.78  15.64   0.45   0.08   -0.238 -0.021 -0.036  0.040
   55      3.29 -89.80 304.27   0.44   0.38  -0.55   -0.214  0.035 -0.016  0.038
   56     44.85  35.96  67.66  15.09   0.92  -1.40   -0.048 -0.021 -0.075  0.095
   57     47.13 -84.84 154.60  15.62   0.62   0.39   -0.072 -0.129  0.059  0.016
   58     45.56 -81.10 150.85  15.21   0.99  -0.15   -0.036  0.038  0.211  0.109
   59      8.49 -82.24   0.32   2.87   0.91  -1.90   -0.012  0.211 -0.019  0.171
   60      3.55-110.75-118.62   3.89   1.48  -1.09   -0.053 -0.027  0.107  0.187
   61      0.47-130.39 -55.16   0.59   0.95  -2.12   -0.130 -0.338 -0.148  0.478
   62     20.06  19.52 152.74  15.68   1.12  -0.70   -0.044  0.242  0.093  0.077
   63     18.80 -47.10  29.86  20.21   0.33  -1.27   -0.001  0.174 -0.043  0.115
   64      4.72-163.26 183.72   7.99   0.85   0.48   -0.084  0.662  0.719 -0.005
   65     23.36 -48.00  20.50  15.63   0.54  -1.54   -0.037  0.065 -0.137  0.133
   66     32.79-152.31  42.90  17.95   0.59  -0.71   -0.012 -0.006  0.049  0.051
   67     41.87 -37.18  -5.17  19.18   0.45  -1.35   -0.031  0.127 -0.264 -0.015
   68     14.16  50.85 105.86  20.41   0.58  -0.74   -0.041  0.077  0.195  0.005
   69     48.30-214.97-349.14  73.50   0.00   0.00    0.000  0.000  0.000  0.000
   70      5.44  33.81  97.05  19.35   0.94  -0.83   -0.057  0.112  0.310  0.052
   71      4.13   6.16  56.68   1.26   0.74  -0.82    0.035  0.039 -0.004 -0.041
   72     56.63 132.69-297.80  97.00   1.46   1.21   -0.175 -0.012  0.016 -0.004
   73     12.88  50.66  81.91  23.30   0.64  -0.62   -0.017  0.266  0.012  0.198
   74     36.17-102.56  70.24  21.88   0.51  -0.63   -0.026 -0.117  0.057  0.077
   75     46.63-107.71   2.59   0.33   0.95  -1.91   -0.067 -0.122  0.139  0.222
   76     54.60-217.19 302.17   0.10   0.00   0.00    0.000  0.000  0.000  0.000
   77     44.07  50.96  93.70  16.83   0.59  -1.39   -0.032  0.037 -0.029  0.028
   78     41.78  38.43  66.58  22.22   0.61  -0.99   -0.019  0.065  0.079  0.221
   79     58.58 -69.61  -4.54   0.60   0.87  -1.86   -0.024  0.162 -0.074  0.504
   80     26.68 -70.01  -5.89   0.55   0.85  -1.84   -0.022  0.131 -0.091  0.435
   81     26.88 -69.98  -4.65   0.57   0.82  -1.83   -0.018  0.138 -0.078  0.464
   82     23.27 -69.95  -4.54   0.49   0.91  -1.82   -0.030  0.168 -0.072  0.376
   83     23.19 -71.07  -6.14   6.64   1.02  -1.78   -0.005  0.109  0.001  0.036
   84     21.20 -43.29   8.59  21.08   0.32  -1.22   -0.003  0.093 -0.223  0.083
   85     24.53-167.39 -46.31  10.85   1.03  -0.79   -0.073  0.071  0.109 -0.051
   86     44.08 -12.42  30.13  18.14   0.43  -1.42   -0.020 -0.092 -0.108  0.042
   87     28.79 -61.63   6.98   3.41   1.03  -1.58   -0.006  0.025 -0.160  0.808
   88     38.05-103.79 -28.10   8.69   0.80  -2.16   -0.052  0.073  0.021  0.289
   89     47.79-142.04  89.45  20.37   0.64  -0.05   -0.015 -0.244  0.076  0.173
   90     48.28-140.01  88.16  20.27   0.61  -0.13   -0.022 -0.194  0.124  0.167
   91     34.04  33.57  85.06  19.52   0.89  -0.96   -0.057  0.116 -0.075  0.023

 A V E R A G E   of ADJUSTMENTS :                    -0.041  0.033  0.012  0.137
 A V E R A G E   of ABSOLUTE ADJUSTMENTS :            0.044  0.094  0.095  0.153


 Step length damping of 0.12734 was applied.


 Velocity adjustments:
     vp    dvp      hp   reflector
 Velocity model   1
   4.355 -0.105   -5.000      
   4.848  0.108   -0.470      
   5.050  0.120   13.000      
   5.223  0.163   16.440      
   6.160  0.200   20.280      
   7.355 -0.075   25.270      
   8.339 -0.121   36.870      
   8.381 -0.199   40.770      
   8.551 -0.119   45.870      

 Calculation of average velocity starts at layer #           1
 z = -5.00 ... -0.47    v = 4.36    AVEL = 4.36 downto z =  -0.47
 z = -0.47 ... 13.00    v = 4.85    AVEL = 4.72 downto z =  13.00
 z = 13.00 ... 16.44    v = 5.05    AVEL = 4.78 downto z =  16.44
 z = 16.44 ... 20.28    v = 5.22    AVEL = 4.84 downto z =  20.28
 z = 20.28 ... 25.27    v = 6.16    AVEL = 5.06 downto z =  25.27
 z = 25.27 ... 36.87    v = 7.36    AVEL = 5.70 downto z =  36.87
 z = 36.87 ... 40.77    v = 8.34    AVEL = 5.92 downto z =  40.77
 z = 40.77 ... 45.87    v = 8.38    AVEL = 6.17 downto z =  45.87


 Calculation of average velocity starts at layer #           2
 z = -0.47 ... 13.00    v = 4.85    AVEL = 4.85 downto z =  13.00
 z = 13.00 ... 16.44    v = 5.05    AVEL = 4.89 downto z =  16.44
 z = 16.44 ... 20.28    v = 5.22    AVEL = 4.95 downto z =  20.28
 z = 20.28 ... 25.27    v = 6.16    AVEL = 5.19 downto z =  25.27
 z = 25.27 ... 36.87    v = 7.36    AVEL = 5.86 downto z =  36.87
 z = 36.87 ... 40.77    v = 8.34    AVEL = 6.09 downto z =  40.77
 z = 40.77 ... 45.87    v = 8.38    AVEL = 6.35 downto z =  45.87



 Adjusted station corrections:
   stn  ptcor  dpcor  
  624   0.000  0.000  628  -0.027 -0.027  630   0.005  0.005  627   0.021  0.021
  621   0.017  0.017  629   0.037  0.037  622   0.013  0.013  620   0.007  0.007
  623   0.031  0.031  626   0.029  0.029  625   0.025  0.025  631   0.050  0.050
  632   0.017  0.017

 ~~~ another iteration? ...



--------------------------------------------------------------------------------



           ITERATION no  2

 ~~~ set units for this iteration ...
 ~~~ determine number of unknowns for this iter. ...

 Number of unknowns (for array-indexing):  nvar =  385
 Number of effective unknowns        :  nvareff =  386
 Number of elements on/below main diagonal of matrix G = At*A : kvar =   74305

 Damping factors to be used in this iteration:
   Othet=   0.010   XYthet  =   0.010   Zthet=  0.010
 STAthet=   0.010   Vthet   =   1.000

 ~~~ damp G ...
 ~~~ solve G * b = RHT ...
 ~~~ fix units ...
 ~~~ apply eventually step-length damping ...
 ~~~ adjust model (hypocenters, stacorr & veloc.) ...

 doing velocity adjustments now...

 doing station-correction adjustments...

 ~~~ compute effective step-length ...

 (Applied) Step length =   3.809

 ~~~ set units for next iteration ...
 ~~~ determine number of unknowns for next iter. ...

 Number of unknowns (for array-indexing):  nvar =  385
 Number of effective unknowns        :  nvareff =  386
 Number of elements on/below main diagonal of matrix G = At*A : kvar =   74305

 ~~~ reset G and RHT ...
 ~~~ raytracing, setup G ...
 ~~~ store parts of G ...
 ~~~ set units back for current iteration ...
 ~~~ determine number of unknowns for this iter. ...

 Number of unknowns (for array-indexing):  nvar =  385
 Number of effective unknowns        :  nvareff =  386
 Number of elements on/below main diagonal of matrix G = At*A : kvar =   74305

 ~~~ compute RMS and DATVAR ...

 $$$$$$$$$$$$$$$$$$$$$$$$$$$$$$$$$$$$$$$$$$$$$$$$$
 Events with  | AVRES | > 1.0 SEC are suspicious !

 Event#   3 >>>  160819 0959  AVRES = -1.06 NOBS = 12
 Event#   4 >>>  160820 1506  AVRES = -1.03 NOBS =  9
 Event#   6 >>>  160822 1318  AVRES = -1.34 NOBS =  8
 Event#   9 >>>  160906 1514  AVRES = -1.07 NOBS =  6
 Event#  10 >>>  160920 1607  AVRES =  1.24 NOBS =  2
 Event#  12 >>>  161004 0841  AVRES = -1.46 NOBS =  6
 Event#  13 >>>  161005 1619  AVRES = -1.03 NOBS =  9
 Event#  14 >>>  161006 0156  AVRES = -1.42 NOBS =  7
 Event#  17 >>>  161012 0800  AVRES = -1.18 NOBS =  7
 Event#  18 >>>  161015 1013  AVRES = -1.43 NOBS =  7
 Event#  19 >>>  161021 0507  AVRES = -1.29 NOBS =  6
 Event#  20 >>>  161124 2250  AVRES = -1.37 NOBS =  4
 Event#  21 >>>  161125 0156  AVRES = -1.39 NOBS =  7
 Event#  22 >>>  161125 0517  AVRES = -1.58 NOBS =  6
 Event#  23 >>>  161125 0525  AVRES = -1.60 NOBS =  6
 Event#  24 >>>  161125 0556  AVRES = -1.56 NOBS =  6
 Event#  26 >>>  170122 1614  AVRES = -1.44 NOBS =  6
 Event#  27 >>>  170125 2244  AVRES = -1.14 NOBS =  6
 Event#  28 >>>  170302 1359  AVRES = -1.29 NOBS =  7
 Event#  30 >>>  170304 2135  AVRES = -1.10 NOBS =  7
 Event#  31 >>>  170307 0447  AVRES = -1.14 NOBS = 10
 Event#  32 >>>  170307 2016  AVRES = -1.39 NOBS =  6
 Event#  33 >>>  170309 1454  AVRES = -1.26 NOBS =  6
 Event#  35 >>>  170312 0416  AVRES = -1.46 NOBS =  6
 Event#  36 >>>  170313 0553  AVRES = -1.16 NOBS =  9
 Event#  37 >>>  170313 0809  AVRES = -1.42 NOBS =  7
 Event#  38 >>>  170315 0234  AVRES = -1.12 NOBS =  7
 Event#  40 >>>  170320 0711  AVRES = -1.30 NOBS =  6
 Event#  41 >>>  170320 0853  AVRES = -1.59 NOBS =  6
 Event#  42 >>>  170320 1900  AVRES = -1.09 NOBS =  7
 Event#  43 >>>  170323 0519  AVRES = -1.85 NOBS =  6
 Event#  44 >>>  170323 1612  AVRES = -1.11 NOBS =  6
 Event#  46 >>>  170326 0836  AVRES = -1.37 NOBS =  7
 Event#  50 >>>  170405 0307  AVRES = -1.03 NOBS = 10
 Event#  51 >>>  170405 1410  AVRES = -1.18 NOBS = 10
 Event#  52 >>>  170406 0838  AVRES = -1.00 NOBS = 10
 Event#  56 >>>  170408 1004  AVRES = -1.16 NOBS = 13
 Event#  59 >>>  170410 1520  AVRES = -1.60 NOBS = 10
 Event#  61 >>>  170412 1507  AVRES = -1.77 NOBS =  6
 Event#  63 >>>  170414 0459  AVRES = -1.06 NOBS =  7
 Event#  65 >>>  170414 1656  AVRES = -1.28 NOBS =  6
 Event#  67 >>>  170416 0523  AVRES = -1.12 NOBS = 13
 Event#  75 >>>  170420 2248  AVRES = -1.55 NOBS = 11
 Event#  77 >>>  170423 1455  AVRES = -1.15 NOBS =  8
 Event#  79 >>>  170424 0609  AVRES = -1.56 NOBS = 12
 Event#  80 >>>  170424 0755  AVRES = -1.53 NOBS = 12
 Event#  81 >>>  170424 0755  AVRES = -1.53 NOBS = 12
 Event#  82 >>>  170425 0652  AVRES = -1.51 NOBS =  9
 Event#  83 >>>  170426 0051  AVRES = -1.52 NOBS =  6
 Event#  84 >>>  170426 1425  AVRES = -1.01 NOBS =  6
 Event#  86 >>>  170426 1840  AVRES = -1.18 NOBS =  8
 Event#  87 >>>  170427 0912  AVRES = -1.35 NOBS =  8
 Event#  88 >>>  170427 1041  AVRES = -1.83 NOBS =  7

 ^^^^^^^^^ C H E C K   these events above ^^^^^^^^
 $$$$$$$$$$$$$$$$$$$$$$$$$$$$$$$$$$$$$$$$$$$$$$$$$

 ~~~ check solution (better? worse?) ...

 Iteration nr  2 obtained:
 DATVAR=    1.499354 mean sqrd residual=     0.646996  RMS RESIDUAL=     0.804361

 After  2 iterations we got:
 Average absolute & unweighted [and mean] residual of
   285 straight and direct rays =  1.28304 [ -1.27563]
   394 refracted           rays =  1.00818 [ -0.82532]
     0 reflected           rays =  0.00000 [  0.00000]

   679 ALL                 RAYS =  1.12355 [ -1.01433]      -16.01 %

 ~~~ iteration done; output results ...

  eq       ot     x      y      z      rms    avres   dot     dx     dy     dz
    1      9.05  38.63 112.07  23.33   0.34  -0.74   -0.027 -0.059  0.087  0.153
    2      9.26  37.82 110.73  23.03   0.34  -0.78   -0.036 -0.032  0.085  0.104
    3     27.16-129.98  -8.33  12.10   0.66  -1.06   -0.082 -0.065  0.133 -0.006
    4     15.52-131.15  -6.67  10.83   0.70  -1.03   -0.114 -0.217  0.178 -0.117
    5     45.67 -40.36  38.53  24.26   0.23  -0.94   -0.024 -0.009 -0.133  0.251
    6     49.39 -36.78  40.68  17.27   0.47  -1.34   -0.059  0.080 -0.006  0.461
    7     13.79-134.27-119.59   6.17   1.37  -0.79   -0.111  0.603 -0.309 -0.219
    8     30.27-141.02 -44.20   9.05   0.73  -0.74   -0.078 -0.106 -0.203  0.247
    9     39.63  10.90  56.59  12.14   0.39  -1.07   -0.040  0.018 -0.031  0.037
   10     18.15 -87.61-308.27  16.23   1.07   1.24   -0.092 -0.369  0.029  0.015
   11      5.36 -62.95-309.66  15.65   1.29   0.95   -0.145 -0.449 -0.004  0.023
   12     51.11  35.26  94.70  16.09   0.31  -1.46   -0.045  0.208  0.009  0.300
   13     46.78  33.59  98.34  19.22   0.43  -1.03   -0.070  0.132  0.248  0.126
   14     55.77  33.51  97.45  14.40   0.77  -1.42   -0.074  0.097 -0.033  0.271
   15     44.61  34.24  97.39  17.65   0.75  -0.93   -0.055  0.138  0.050  0.265
   16     44.76  35.00  96.23  18.77   0.81  -0.78   -0.094 -0.048  0.358  0.062
   17     22.02  -0.99  82.38  18.87   0.63  -1.18   -0.023 -0.078 -0.130  0.254
   18     36.37 -34.20   4.45  11.81   0.65  -1.43   -0.076 -0.048 -0.005  0.391
   19     33.19  41.48  64.23  11.14   0.68  -1.29   -0.067  0.029  0.048  0.571
   20     45.83  38.09  85.07  16.16   0.64  -1.37   -0.096  0.130 -0.021  0.012
   21     33.98  36.39  82.83  14.41   0.66  -1.39   -0.071 -0.053  0.043 -0.026
   22     25.76  35.69  85.53  13.78   0.46  -1.58   -0.081 -0.050  0.108  0.176
   23     15.79  35.25  86.41  11.89   0.64  -1.60   -0.065 -0.109  0.037  0.167
   24      1.88  34.89  82.39   6.50   0.89  -1.56   -0.071  0.052  0.204  0.448
   25     48.62 -45.87  23.48  22.59   0.25  -0.95    0.009  0.072 -0.159  0.341
   26     27.52 -70.32  -4.03  10.50   0.71  -1.44   -0.042  0.070 -0.220  0.140
   27      0.11  -0.56  49.24  13.45   0.54  -1.14   -0.038  0.078 -0.187  0.110
   28     58.98  37.65  76.46  11.86   0.75  -1.29   -0.068  0.038  0.147  0.193
   29     20.10-148.69 -12.43  14.78   0.79  -0.71   -0.048  0.080  0.070  0.014
   30      2.80  36.05  76.74  13.88   0.94  -1.10   -0.062  0.086  0.018  0.269
   31     20.88  36.39  77.43  14.52   0.88  -1.14   -0.071 -0.089  0.024  0.170
   32     50.69  36.84  77.09  15.47   0.40  -1.39   -0.064 -0.020  0.001  0.108
   33      0.72  37.27  76.10  15.82   0.58  -1.26   -0.050  0.026 -0.044  0.147
   34     55.41 -16.86  34.80  24.87   0.11  -0.85    0.001  0.144 -0.064  0.197
   35     39.28 -71.34  -8.34   3.62   0.99  -1.46    0.044  0.338  0.085  0.132
   36     59.01  36.57  77.84  15.34   0.73  -1.16   -0.055  0.009  0.006  0.134
   37      5.48  31.31  50.08  15.28   0.36  -1.42   -0.070 -0.010 -0.062  0.231
   38     46.43  72.92  73.18  17.07   0.60  -1.12   -0.050 -0.145  0.133  0.111
   39     14.06   0.73  25.97   3.91   0.55  -0.92   -0.022  0.032 -0.131  0.019
   40     14.51 -41.76  13.74  16.82   0.45  -1.30   -0.049  0.110 -0.116  0.044
   41     56.30  34.95  79.12   6.76   0.83  -1.59   -0.059  0.072 -0.002  0.913
   42     34.27  -3.92  46.19  17.97   0.41  -1.09    0.003  0.121 -0.047 -0.170
   43     24.50-110.41 -39.23   5.86   0.84  -1.85   -0.053  0.206  0.054  0.381
   44     49.67  30.30  50.47   8.22   0.68  -1.11   -0.023 -0.001 -0.027 -0.039
   45     41.15-145.19  45.50  18.47   0.65  -0.47   -0.039 -0.137  0.022  0.111
   46     33.98 -57.73  -1.26  16.44   0.53  -1.37   -0.055 -0.121 -0.363  0.144
   47      1.02  10.64  80.57  22.54   0.77  -0.68    0.001  0.130  0.012  0.293
   48     37.20  10.77  81.77  24.06   0.26  -0.91   -0.005  0.221  0.096  0.251
   49     35.64  54.76  84.68  22.77   0.37  -0.93   -0.042  0.058  0.080  0.087
   50     35.98-102.11 -36.09  15.36   0.71  -1.03   -0.071  0.269 -0.268  0.075
   51     53.07-101.05 -54.06   8.93   0.94  -1.18   -0.076  0.168  0.301 -0.165
   52     43.05-115.71  43.12  15.47   0.66  -1.00   -0.088 -0.209  0.116  0.063
   53      1.02  10.61  80.79  21.92   0.75  -0.68   -0.002  0.116  0.075  0.287
   54      2.80 -83.71 322.73  15.70   0.41   0.06   -0.363 -0.016 -0.050  0.058
   55      2.98 -89.73 304.25   0.49   0.32  -0.46   -0.311  0.065 -0.019  0.053
   56     44.79  35.97  67.63  15.20   0.79  -1.16   -0.064  0.012 -0.026  0.105
   57     47.06 -84.89 154.69  15.62   0.56   0.32   -0.070 -0.053  0.083  0.005
   58     45.52 -81.04 151.05  15.28   0.84  -0.13   -0.039  0.051  0.202  0.073
   59      8.46 -82.02   0.27   3.19   0.78  -1.60   -0.027  0.229 -0.048  0.320
   60      3.49-110.74-118.40   3.98   1.32  -0.92   -0.058  0.002  0.222  0.095
   61      0.36-130.65 -55.34   1.14   0.82  -1.77   -0.110 -0.264 -0.182  0.554
   62     19.99  20.07 152.75  15.74   0.97  -0.58   -0.061  0.547  0.007  0.060
   63     18.79 -46.86  29.80  20.42   0.28  -1.06   -0.005  0.235 -0.058  0.204
   64      4.62-162.59 184.61   8.04   0.76   0.40   -0.094  0.665  0.894  0.048
   65     23.33 -47.88  20.35  15.82   0.46  -1.28   -0.034  0.118 -0.155  0.190
   66     32.76-152.53  43.03  18.11   0.49  -0.60   -0.028 -0.222  0.133  0.157
   67     41.83 -37.06  -5.50  19.22   0.39  -1.12   -0.042  0.120 -0.326  0.033
   68     14.10  51.04 106.03  20.46   0.49  -0.62   -0.060  0.187  0.162  0.052
   69     48.30-214.97-349.14  73.50   0.00   0.00    0.000  0.000  0.000  0.000
   70      5.37  33.93  97.33  19.36   0.79  -0.69   -0.075  0.115  0.273  0.012
   71      4.15   6.24  56.72   1.22   0.67  -0.71    0.016  0.075  0.043 -0.041
   72     56.21 132.66-297.76  96.98   0.99   1.00   -0.415 -0.029  0.038 -0.011
   73     12.85  50.92  81.94  23.46   0.53  -0.52   -0.038  0.262  0.023  0.166
   74     36.12-102.78  70.43  22.16   0.41  -0.53   -0.052 -0.224  0.191  0.281
   75     46.53-107.89   2.72   0.60   0.91  -1.55   -0.105 -0.181  0.125  0.270
   76     54.60-217.19 302.17   0.10   0.00   0.00    0.000  0.000  0.000  0.000
   77     44.01  51.05  93.72  16.89   0.50  -1.15   -0.059  0.089  0.018  0.066
   78     41.74  38.52  66.65  22.43   0.50  -0.82   -0.040  0.093  0.068  0.211
   79     58.56 -69.47  -4.65   1.52   0.74  -1.56   -0.014  0.139 -0.110  0.914
   80     26.66 -69.88  -6.03   1.31   0.72  -1.53   -0.021  0.132 -0.136  0.761
   81     26.87 -69.85  -4.78   1.38   0.70  -1.53   -0.015  0.130 -0.124  0.806
   82     23.24 -69.75  -4.66   1.04   0.77  -1.51   -0.032  0.194 -0.124  0.554
   83     23.20 -70.89  -6.10   6.71   0.87  -1.52    0.004  0.187  0.035  0.076
   84     21.19 -43.13   8.34  21.24   0.26  -1.01   -0.011  0.158 -0.248  0.156
   85     24.44-167.30 -46.18  10.71   0.90  -0.66   -0.084  0.093  0.131 -0.138
   86     44.05 -12.42  30.02  18.23   0.36  -1.18   -0.029 -0.002 -0.114  0.087
   87     28.78 -61.58   6.77   4.45   0.88  -1.35   -0.018  0.049 -0.214  1.040
   88     37.99-103.64 -28.13   8.91   0.70  -1.83   -0.057  0.151 -0.028  0.225
   89     47.76-142.26  89.64  20.72   0.54  -0.04   -0.030 -0.214  0.183  0.344
   90     48.24-140.17  88.41  20.51   0.50  -0.12   -0.037 -0.158  0.248  0.240
   91     33.99  34.00  85.19  19.81   0.74  -0.81   -0.051  0.423  0.122  0.286

 A V E R A G E   of ADJUSTMENTS :                    -0.059  0.051  0.017  0.185
 A V E R A G E   of ABSOLUTE ADJUSTMENTS :            0.061  0.135  0.116  0.206


 Step length damping of 0.16561 was applied.


 Velocity adjustments:
     vp    dvp      hp   reflector
 Velocity model   1
   4.208 -0.147   -5.000      
   4.979  0.131   -0.470      
   5.186  0.136   13.000      
   5.401  0.178   16.440      
   6.342  0.182   20.280      
   7.269 -0.087   25.270      
   8.177 -0.162   36.870      
   8.221 -0.160   40.770      
   8.351 -0.200   45.870      

 Calculation of average velocity starts at layer #           1
 z = -5.00 ... -0.47    v = 4.21    AVEL = 4.21 downto z =  -0.47
 z = -0.47 ... 13.00    v = 4.98    AVEL = 4.79 downto z =  13.00
 z = 13.00 ... 16.44    v = 5.19    AVEL = 4.85 downto z =  16.44
 z = 16.44 ... 20.28    v = 5.40    AVEL = 4.93 downto z =  20.28
 z = 20.28 ... 25.27    v = 6.34    AVEL = 5.17 downto z =  25.27
 z = 25.27 ... 36.87    v = 7.27    AVEL = 5.75 downto z =  36.87
 z = 36.87 ... 40.77    v = 8.18    AVEL = 5.96 downto z =  40.77
 z = 40.77 ... 45.87    v = 8.22    AVEL = 6.18 downto z =  45.87


 Calculation of average velocity starts at layer #           2
 z = -0.47 ... 13.00    v = 4.98    AVEL = 4.98 downto z =  13.00
 z = 13.00 ... 16.44    v = 5.19    AVEL = 5.02 downto z =  16.44
 z = 16.44 ... 20.28    v = 5.40    AVEL = 5.09 downto z =  20.28
 z = 20.28 ... 25.27    v = 6.34    AVEL = 5.33 downto z =  25.27
 z = 25.27 ... 36.87    v = 7.27    AVEL = 5.94 downto z =  36.87
 z = 36.87 ... 40.77    v = 8.18    AVEL = 6.15 downto z =  40.77
 z = 40.77 ... 45.87    v = 8.22    AVEL = 6.38 downto z =  45.87



 Adjusted station corrections:
   stn  ptcor  dpcor  
  624   0.000  0.000  628  -0.066 -0.038  630  -0.008 -0.013  627   0.037  0.015
  621   0.037  0.020  629   0.070  0.033  622   0.030  0.017  620   0.031  0.024
  623   0.065  0.034  626   0.058  0.030  625   0.049  0.024  631   0.113  0.064
  632   0.045  0.027

 ~~~ another iteration? ...



--------------------------------------------------------------------------------



           ITERATION no  3

 ~~~ set units for this iteration ...
 ~~~ determine number of unknowns for this iter. ...

 Number of unknowns (for array-indexing):  nvar =  385
 Number of effective unknowns        :  nvareff =  386
 Number of elements on/below main diagonal of matrix G = At*A : kvar =   74305

 Damping factors to be used in this iteration:
   Othet=   0.010   XYthet  =   0.010   Zthet=  0.010
 STAthet=   0.010   Vthet   =   1.000

 ~~~ damp G ...
 ~~~ solve G * b = RHT ...
 ~~~ fix units ...
 ~~~ apply eventually step-length damping ...
 ~~~ adjust model (hypocenters, stacorr & veloc.) ...

 doing velocity adjustments now...

 doing station-correction adjustments...

 ~~~ compute effective step-length ...

 (Applied) Step length =   3.936

 ~~~ set units for next iteration ...
 ~~~ determine number of unknowns for next iter. ...

 Number of unknowns (for array-indexing):  nvar =  385
 Number of effective unknowns        :  nvareff =  386
 Number of elements on/below main diagonal of matrix G = At*A : kvar =   74305

 ~~~ reset G and RHT ...
 ~~~ raytracing, setup G ...
 ~~~ store parts of G ...
 ~~~ set units back for current iteration ...
 ~~~ determine number of unknowns for this iter. ...

 Number of unknowns (for array-indexing):  nvar =  385
 Number of effective unknowns        :  nvareff =  386
 Number of elements on/below main diagonal of matrix G = At*A : kvar =   74305

 ~~~ compute RMS and DATVAR ...

 $$$$$$$$$$$$$$$$$$$$$$$$$$$$$$$$$$$$$$$$$$$$$$$$$
 Events with  | AVRES | > 1.0 SEC are suspicious !

 Event#   6 >>>  160822 1318  AVRES = -1.08 NOBS =  8
 Event#  10 >>>  160920 1607  AVRES =  1.03 NOBS =  2
 Event#  12 >>>  161004 0841  AVRES = -1.18 NOBS =  6
 Event#  14 >>>  161006 0156  AVRES = -1.14 NOBS =  7
 Event#  18 >>>  161015 1013  AVRES = -1.17 NOBS =  7
 Event#  19 >>>  161021 0507  AVRES = -1.05 NOBS =  6
 Event#  20 >>>  161124 2250  AVRES = -1.11 NOBS =  4
 Event#  21 >>>  161125 0156  AVRES = -1.11 NOBS =  7
 Event#  22 >>>  161125 0517  AVRES = -1.27 NOBS =  6
 Event#  23 >>>  161125 0525  AVRES = -1.30 NOBS =  6
 Event#  24 >>>  161125 0556  AVRES = -1.28 NOBS =  6
 Event#  26 >>>  170122 1614  AVRES = -1.18 NOBS =  6
 Event#  28 >>>  170302 1359  AVRES = -1.05 NOBS =  7
 Event#  32 >>>  170307 2016  AVRES = -1.12 NOBS =  6
 Event#  33 >>>  170309 1454  AVRES = -1.01 NOBS =  6
 Event#  35 >>>  170312 0416  AVRES = -1.20 NOBS =  6
 Event#  37 >>>  170313 0809  AVRES = -1.12 NOBS =  7
 Event#  40 >>>  170320 0711  AVRES = -1.04 NOBS =  6
 Event#  41 >>>  170320 0853  AVRES = -1.30 NOBS =  6
 Event#  43 >>>  170323 0519  AVRES = -1.51 NOBS =  6
 Event#  46 >>>  170326 0836  AVRES = -1.08 NOBS =  7
 Event#  59 >>>  170410 1520  AVRES = -1.31 NOBS = 10
 Event#  61 >>>  170412 1507  AVRES = -1.41 NOBS =  6
 Event#  65 >>>  170414 1656  AVRES = -1.03 NOBS =  6
 Event#  75 >>>  170420 2248  AVRES = -1.22 NOBS = 11
 Event#  79 >>>  170424 0609  AVRES = -1.26 NOBS = 12
 Event#  80 >>>  170424 0755  AVRES = -1.23 NOBS = 12
 Event#  81 >>>  170424 0755  AVRES = -1.23 NOBS = 12
 Event#  82 >>>  170425 0652  AVRES = -1.21 NOBS =  9
 Event#  83 >>>  170426 0051  AVRES = -1.25 NOBS =  6
 Event#  87 >>>  170427 0912  AVRES = -1.11 NOBS =  8
 Event#  88 >>>  170427 1041  AVRES = -1.49 NOBS =  7

 ^^^^^^^^^ C H E C K   these events above ^^^^^^^^
 $$$$$$$$$$$$$$$$$$$$$$$$$$$$$$$$$$$$$$$$$$$$$$$$$

 ~~~ check solution (better? worse?) ...

 Iteration nr  3 obtained:
 DATVAR=    1.046345 mean sqrd residual=     0.451516  RMS RESIDUAL=     0.671949

 After  3 iterations we got:
 Average absolute & unweighted [and mean] residual of
   287 straight and direct rays =  1.03334 [ -1.02634]
   392 refracted           rays =  0.82754 [ -0.66435]
     0 reflected           rays =  0.00000 [  0.00000]

   679 ALL                 RAYS =  0.91453 [ -0.81736]      -18.60 %

 ~~~ iteration done; output results ...

  eq       ot     x      y      z      rms    avres   dot     dx     dy     dz
    1      9.02  38.56 112.17  23.46   0.27  -0.60   -0.030 -0.070  0.092  0.133
    2      9.22  37.78 110.83  23.11   0.27  -0.63   -0.038 -0.041  0.095  0.084
    3     27.11-129.92  -8.26  12.07   0.55  -0.86   -0.053  0.061  0.077 -0.034
    4     15.44-131.21  -6.53  10.66   0.58  -0.83   -0.081 -0.065  0.138 -0.169
    5     45.65 -40.34  38.50  24.49   0.20  -0.76   -0.019  0.017 -0.030  0.236
    6     49.38 -36.63  40.64  17.37   0.40  -1.08   -0.005  0.143 -0.043  0.093
    7     13.69-133.62-119.90   5.86   1.17  -0.64   -0.102  0.644 -0.314 -0.310
    8     30.22-141.08 -44.59   9.36   0.63  -0.60   -0.055 -0.055 -0.388  0.316
    9     39.59  10.91  56.56  12.19   0.33  -0.87   -0.043  0.004 -0.038  0.046
   10     18.05 -88.02-308.23  16.24   1.07   1.03   -0.102 -0.414  0.034  0.015
   11      5.20 -63.46-309.66  15.67   1.31   0.80   -0.153 -0.511 -0.004  0.023
   12     51.06  35.34  94.86  16.26   0.25  -1.18   -0.049  0.079  0.155  0.161
   13     46.74  33.96  98.62  19.57   0.34  -0.83   -0.050  0.366  0.275  0.352
   14     55.70  33.54  97.53  14.52   0.62  -1.14   -0.072  0.029  0.083  0.123
   15     44.57  34.38  97.41  17.97   0.62  -0.73   -0.042  0.134  0.029  0.324
   16     44.68  34.89  96.53  18.85   0.67  -0.61   -0.082 -0.105  0.300  0.080
   17     21.98  -1.05  82.40  19.08   0.51  -0.95   -0.041 -0.067  0.019  0.200
   18     36.31 -34.16   4.51  12.19   0.55  -1.17   -0.061  0.038  0.063  0.380
   19     33.12  41.46  64.26  11.68   0.56  -1.05   -0.064 -0.020  0.036  0.541
   20     45.79  37.88  85.24  16.25   0.51  -1.11   -0.039 -0.202  0.169  0.085
   21     33.92  36.30  82.89  14.35   0.58  -1.11   -0.061 -0.091  0.055 -0.058
   22     25.69  35.60  85.66  13.94   0.38  -1.27   -0.072 -0.089  0.126  0.154
   23     15.73  35.08  86.42  11.99   0.55  -1.30   -0.059 -0.168  0.011  0.095
   24      1.81  34.90  82.59   6.90   0.77  -1.28   -0.072  0.003  0.198  0.399
   25     48.63 -45.79  23.32  22.94   0.21  -0.76    0.010  0.088 -0.165  0.351
   26     27.48 -70.22  -4.28  10.70   0.60  -1.18   -0.042  0.105 -0.243  0.199
   27      0.08  -0.47  49.07  13.56   0.44  -0.91   -0.033  0.082 -0.164  0.108
   28     58.92  37.63  76.57  11.99   0.63  -1.05   -0.062 -0.021  0.118  0.135
   29     20.06-148.63 -12.36  14.81   0.65  -0.57   -0.040  0.067  0.069  0.032
   30      2.74  36.01  76.87  13.96   0.81  -0.88   -0.054 -0.038  0.136  0.077
   31     20.82  36.27  77.42  14.67   0.74  -0.90   -0.058 -0.117 -0.011  0.152
   32     50.64  36.78  77.08  15.56   0.33  -1.12   -0.053 -0.052 -0.012  0.096
   33      0.68  37.27  76.06  15.97   0.49  -1.01   -0.040 -0.004 -0.033  0.143
   34     55.41 -16.68  34.76  25.01   0.09  -0.68    0.004  0.180 -0.035  0.139
   35     39.33 -70.93  -8.18   3.80   0.84  -1.20    0.047  0.411  0.161  0.183
   36     58.96  36.55  77.84  15.47   0.61  -0.93   -0.045 -0.022  0.005  0.135
   37      5.42  31.27  50.02  15.50   0.26  -1.12   -0.059 -0.045 -0.059  0.215
   38     46.38  72.78  73.38  17.26   0.51  -0.91   -0.043 -0.139  0.199  0.182
   39     14.04   0.76  25.86   3.95   0.46  -0.76   -0.028  0.032 -0.108  0.046
   40     14.47 -41.63  13.64  16.88   0.37  -1.04   -0.038  0.124 -0.098  0.054
   41     56.24  34.98  79.09   7.64   0.68  -1.30   -0.062  0.038 -0.029  0.881
   42     34.27  -3.80  46.13  17.85   0.34  -0.88   -0.000  0.122 -0.056 -0.116
   43     24.47-110.07 -39.16   6.23   0.70  -1.51   -0.034  0.338  0.073  0.361
   44     49.64  30.27  50.45   8.23   0.57  -0.91   -0.028 -0.033 -0.027  0.009
   45     41.11-145.36  45.56  18.62   0.52  -0.38   -0.038 -0.169  0.060  0.149
   46     33.94 -57.78  -1.58  16.68   0.41  -1.08   -0.045 -0.047 -0.325  0.234
   47      1.02  10.78  80.54  22.74   0.63  -0.55   -0.003  0.146 -0.024  0.209
   48     37.20  10.98  81.80  24.26   0.21  -0.73   -0.003  0.214  0.029  0.202
   49     35.60  54.72  84.75  22.84   0.32  -0.75   -0.035 -0.041  0.073  0.072
   50     35.94-102.05 -36.13  15.33   0.60  -0.83   -0.040  0.067 -0.040 -0.033
   51     53.00-100.85 -53.76   8.69   0.80  -0.94   -0.074  0.195  0.304 -0.246
   52     42.95-115.95  43.51  15.40   0.57  -0.81   -0.097 -0.245  0.394 -0.076
   53      1.01  10.75  80.84  22.13   0.61  -0.55   -0.007  0.132  0.043  0.211
   54      2.42 -83.73 322.67  15.76   0.38   0.04   -0.382 -0.021 -0.055  0.058
   55      2.66 -89.64 304.24   0.54   0.25  -0.36   -0.320  0.091 -0.014  0.052
   56     44.74  35.98  67.49  15.25   0.67  -0.94   -0.043  0.008 -0.135  0.045
   57     47.00 -84.87 154.83  15.63   0.50   0.26   -0.059  0.020  0.147  0.009
   58     45.49 -80.97 151.28  15.36   0.71  -0.11   -0.038  0.079  0.230  0.078
   59      8.44 -81.90   0.25   3.59   0.66  -1.31   -0.022  0.120 -0.015  0.397
   60      3.43-110.67-118.18   4.01   1.17  -0.74   -0.057  0.068  0.217  0.031
   61      0.26-130.94 -55.55   1.79   0.71  -1.41   -0.096 -0.294 -0.208  0.647
   62     19.94  20.64 152.74  15.80   0.83  -0.46   -0.053  0.578 -0.010  0.059
   63     18.78 -46.75  29.71  20.76   0.22  -0.85   -0.015  0.111 -0.094  0.345
   64      4.54-161.98 185.42   8.06   0.68   0.33   -0.085  0.613  0.810  0.017
   65     23.31 -47.75  20.21  16.03   0.38  -1.03   -0.023  0.133 -0.135  0.204
   66     32.73-152.75  43.25  18.31   0.41  -0.48   -0.026 -0.226  0.222  0.200
   67     41.81 -37.02  -5.59  19.18   0.32  -0.90   -0.014  0.044 -0.087 -0.037
   68     14.05  51.26 106.17  20.51   0.40  -0.49   -0.050  0.219  0.141  0.058
   69     48.30-214.97-349.14  73.50   0.00   0.00    0.000  0.000  0.000  0.000
   70      5.32  34.23  97.57  19.55   0.65  -0.56   -0.051  0.304  0.241  0.184
   71      4.15   6.31  56.76   1.18   0.62  -0.58    0.004  0.072  0.036 -0.043
   72     55.76 132.63-297.72  96.97   0.63   0.80   -0.450 -0.032  0.042 -0.012
   73     12.82  51.13  81.92  23.61   0.42  -0.42   -0.030  0.207 -0.015  0.151
   74     36.07-103.00  70.69  22.50   0.32  -0.43   -0.054 -0.218  0.257  0.338
   75     46.46-108.01   2.86   0.86   0.87  -1.22   -0.066 -0.123  0.136  0.262
   76     54.60-217.19 302.17   0.10   0.00   0.00    0.000  0.000  0.000  0.000
   77     43.96  51.12  93.75  17.00   0.41  -0.93   -0.050  0.073  0.029  0.103
   78     41.71  38.68  66.57  22.63   0.40  -0.66   -0.029  0.157 -0.082  0.201
   79     58.56 -69.36  -4.75   2.53   0.63  -1.26   -0.004  0.110 -0.102  1.008
   80     26.65 -69.77  -6.16   2.17   0.60  -1.23   -0.007  0.105 -0.132  0.864
   81     26.86 -69.75  -4.89   2.28   0.59  -1.23   -0.004  0.103 -0.117  0.896
   82     23.22 -69.57  -4.78   1.66   0.64  -1.21   -0.017  0.181 -0.123  0.624
   83     23.21 -70.63  -6.00   6.84   0.72  -1.25    0.010  0.251  0.105  0.128
   84     21.20 -43.01   8.10  21.19   0.21  -0.81    0.013  0.120 -0.248 -0.053
   85     24.37-167.22 -46.05  10.56   0.77  -0.53   -0.075  0.079  0.128 -0.153
   86     44.02 -12.38  29.90  18.36   0.29  -0.95   -0.029  0.046 -0.117  0.132
   87     28.75 -61.52   6.55   5.49   0.74  -1.11   -0.027  0.061 -0.219  1.045
   88     37.94-103.44 -28.18   9.09   0.60  -1.49   -0.053  0.204 -0.058  0.174
   89     47.72-142.48  89.87  21.15   0.45  -0.04   -0.032 -0.229  0.228  0.433
   90     48.20-140.33  88.70  20.92   0.40  -0.10   -0.040 -0.164  0.291  0.417
   91     33.93  34.37  85.29  20.05   0.59  -0.65   -0.058  0.370  0.104  0.243

 A V E R A G E   of ADJUSTMENTS :                    -0.053  0.046  0.030  0.181
 A V E R A G E   of ABSOLUTE ADJUSTMENTS :            0.054  0.138  0.123  0.211


 Step length damping of 0.19042 was applied.


 Velocity adjustments:
     vp    dvp      hp   reflector
 Velocity model   1
   4.059 -0.149   -5.000      
   5.108  0.129   -0.470      
   5.338  0.152   13.000      
   5.581  0.179   16.440      
   6.480  0.138   20.280      
   7.183 -0.085   25.270      
   8.028 -0.150   36.870      
   8.065 -0.157   40.770      
   8.151 -0.200   45.870      

 Calculation of average velocity starts at layer #           1
 z = -5.00 ... -0.47    v = 4.06    AVEL = 4.06 downto z =  -0.47
 z = -0.47 ... 13.00    v = 5.11    AVEL = 4.84 downto z =  13.00
 z = 13.00 ... 16.44    v = 5.34    AVEL = 4.92 downto z =  16.44
 z = 16.44 ... 20.28    v = 5.58    AVEL = 5.02 downto z =  20.28
 z = 20.28 ... 25.27    v = 6.48    AVEL = 5.26 downto z =  25.27
 z = 25.27 ... 36.87    v = 7.18    AVEL = 5.80 downto z =  36.87
 z = 36.87 ... 40.77    v = 8.03    AVEL = 5.99 downto z =  40.77
 z = 40.77 ... 45.87    v = 8.06    AVEL = 6.19 downto z =  45.87


 Calculation of average velocity starts at layer #           2
 z = -0.47 ... 13.00    v = 5.11    AVEL = 5.11 downto z =  13.00
 z = 13.00 ... 16.44    v = 5.34    AVEL = 5.15 downto z =  16.44
 z = 16.44 ... 20.28    v = 5.58    AVEL = 5.23 downto z =  20.28
 z = 20.28 ... 25.27    v = 6.48    AVEL = 5.48 downto z =  25.27
 z = 25.27 ... 36.87    v = 7.18    AVEL = 6.01 downto z =  36.87
 z = 36.87 ... 40.77    v = 8.03    AVEL = 6.20 downto z =  40.77
 z = 40.77 ... 45.87    v = 8.06    AVEL = 6.40 downto z =  45.87



 Adjusted station corrections:
   stn  ptcor  dpcor  
  624   0.000  0.000  628  -0.112 -0.046  630  -0.035 -0.027  627   0.041  0.005
  621   0.046  0.009  629   0.089  0.019  622   0.042  0.012  620   0.041  0.011
  623   0.101  0.036  626   0.075  0.016  625   0.065  0.016  631   0.168  0.055
  632   0.049  0.005

 ~~~ another iteration? ...
 NITT = ITTMAX  --> stop iterations.
 ~~~ final solution reached ...

 ~~~ damp G & Chol.-Decomp.: NOT made (switch iresolcalc is NOT set !)

 Final rms values:  0.27 0.27 0.55 0.58 0.20 0.40 1.17 0.63 0.33 1.07
                    1.31 0.25 0.34 0.62 0.62 0.67 0.51 0.55 0.56 0.51
                    0.58 0.38 0.55 0.77 0.21 0.60 0.44 0.63 0.65 0.81
                    0.74 0.33 0.49 0.09 0.84 0.61 0.26 0.51 0.46 0.37
                    0.68 0.34 0.70 0.57 0.52 0.41 0.63 0.21 0.32 0.60
                    0.80 0.57 0.61 0.38 0.25 0.67 0.50 0.71 0.66 1.17
                    0.71 0.83 0.22 0.68 0.38 0.41 0.32 0.40 0.00 0.65
                    0.62 0.63 0.42 0.32 0.87 0.00 0.41 0.40 0.63 0.60
                    0.59 0.64 0.72 0.21 0.77 0.29 0.74 0.60 0.45 0.40
                    0.59



 ~~~ output final hypocenters ...

      date    origin   latitude longitude  depth  mag  no  rms      x      y      z
   1 160818 1613  9.02 73.0052N 124.8515E  23.46 1.40   6 0.267   38.56 112.17  23.46
   2 160818 1613  9.22 72.9932N 124.8749E  23.11 1.10   6 0.272   37.78 110.83  23.11
   3 160819 0959 27.11 71.9260N 129.7579E  12.07 4.00  12 0.551 -129.92  -8.26  12.07
   4 160820 1506 15.44 71.9415N 129.7969E  10.66 1.50   9 0.584 -131.21  -6.53  10.66
   5 160820 1904 45.65 72.3450N 127.1801E  24.49 1.20   6 0.196  -40.34  38.50  24.49
   6 160822 1318 49.38 72.3642N 127.0722E  17.37 0.60   8 0.398  -36.63  40.64  17.37
   7 160823 0652 13.69 70.9255N 129.7644E   5.86 2.90   6 1.171 -133.62-119.90   5.86
   8 160824 1510 30.22 71.6004N 130.0454E   9.36 1.50   9 0.634 -141.08 -44.59   9.36
   9 160906 1514 39.59 72.5068N 125.6796E  12.19 0.90   6 0.330   10.91  56.56  12.19
  10 160920 1607 18.05 69.2376N 128.3759E  16.24 2.60   2 1.075  -88.02-308.23  16.24
  11 160925 1911  5.20 69.2248N 127.7123E  15.67 2.30   2 1.311  -63.46-309.66  15.67
  12 161004 0841 51.06 72.8501N 124.9518E  16.26 0.20   6 0.246   35.34  94.86  16.26
  13 161005 1619 46.74 72.8838N 124.9919E  19.57 1.00   9 0.343   33.96  98.62  19.57
  14 161006 0156 55.70 72.8741N 125.0045E  14.52 1.00   7 0.620   33.54  97.53  14.52
  15 161009 0036 44.57 72.8730N 124.9797E  17.97 1.30   8 0.618   34.38  97.41  17.97
  16 161009 0036 44.68 72.8651N 124.9647E  18.85 1.20   7 0.673   34.89  96.53  18.85
  17 161012 0800 21.98 72.7384N 126.0311E  19.08 0.80   7 0.509   -1.05  82.40  19.08
  18 161015 1013 36.31 72.0404N 126.9912E  12.19 0.70   7 0.546  -34.16   4.51  12.19
  19 161021 0507 33.12 72.5759N 124.7796E  11.68 0.80   6 0.559   41.46  64.26  11.68
  20 161124 2250 45.79 72.7639N 124.8790E  16.25 3.10   4 0.508   37.88  85.24  16.25
  21 161125 0156 33.92 72.7428N 124.9265E  14.35 0.60   7 0.576   36.30  82.89  14.35
  22 161125 0517 25.69 72.7676N 124.9464E  13.94 1.60   6 0.380   35.60  85.66  13.94
  23 161125 0525 15.73 72.7745N 124.9617E  11.99 0.80   6 0.554   35.08  86.42  11.99
  24 161125 0556  1.81 72.7401N 124.9681E   6.90 0.20   6 0.767   34.90  82.59   6.90
  25 170117 0846 48.63 72.2090N 127.3345E  22.94 0.30   6 0.215  -45.79  23.32  22.94
  26 170122 1614 27.48 71.9617N 128.0330E  10.70 0.90   6 0.599  -70.22  -4.28  10.70
  27 170125 2244  0.08 72.4398N 126.0139E  13.56 0.80   6 0.443   -0.47  49.07  13.56
  28 170302 1359 58.92 72.6862N 124.8890E  11.99 0.50   7 0.625   37.63  76.57  11.99
  29 170302 2335 20.06 71.8892N 130.2948E  14.81 2.10   9 0.653 -148.63 -12.36  14.81
  30 170304 2135  2.74 72.6889N 124.9366E  13.96 1.30   7 0.814   36.01  76.87  13.96
  31 170307 0447 20.82 72.6939N 124.9287E  14.67 1.70  10 0.741   36.27  77.42  14.67
  32 170307 2016 50.64 72.6908N 124.9137E  15.56 1.10   6 0.333   36.78  77.08  15.56
  33 170309 1454  0.68 72.6817N 124.8997E  15.97 0.30   6 0.493   37.27  76.06  15.97
  34 170311 0430 55.41 72.3115N 126.4876E  25.01 0.30   6 0.091  -16.68  34.76  25.01
  35 170312 0416 39.33 71.9267N 128.0517E   3.80 2.10   6 0.836  -70.93  -8.18   3.80
  36 170313 0553 58.96 72.6976N 124.9206E  15.47 1.00   9 0.613   36.55  77.84  15.47
  37 170313 0809  5.42 72.4483N 125.0828E  15.50 1.20   7 0.260   31.27  50.02  15.50
  38 170315 0234 46.38 72.6576N 123.8528E  17.26 1.40   7 0.512   72.78  73.38  17.26
  39 170317 1007 14.04 72.2318N 125.9778E   3.95 0.50   7 0.456    0.76  25.86   3.95
  40 170320 0711 14.47 72.1222N 127.2107E  16.88 0.90   6 0.373  -41.63  13.64  16.88
  41 170320 0853 56.24 72.7088N 124.9664E   7.64 0.40   6 0.681   34.98  79.09   7.64
  42 170320 1900 34.27 72.4135N 126.1113E  17.85 0.60   7 0.336   -3.80  46.13  17.85
  43 170323 0519 24.47 71.6491N 129.1603E   6.23 1.20   6 0.696 -110.07 -39.16   6.23
  44 170323 1612 49.64 72.4521N 125.1119E   8.23 0.50   6 0.566   30.27  50.45   8.23
  45 170323 1906 41.11 72.4083N 130.2595E  18.62 1.00   6 0.521 -145.36  45.56  18.62
  46 170326 0836 33.94 71.9858N 127.6740E  16.68 1.50   7 0.414  -57.78  -1.58  16.68
  47 170402 0422  1.02 72.7218N 125.6813E  22.74 1.20  10 0.630   10.78  80.54  22.74
  48 170402 0636 37.20 72.7331N 125.6753E  24.26 0.70   6 0.212   10.98  81.80  24.26
  49 170404 2347 35.60 72.7595N 124.3812E  22.84 0.50   6 0.321   54.72  84.75  22.84
  50 170405 0307 35.94 71.6762N 128.9321E  15.33 1.00  10 0.598 -102.05 -36.13  15.33
  51 170405 1410 53.00 71.5182N 128.8857E   8.69 1.70  10 0.804 -100.85 -53.76   8.69
  52 170406 0838 42.95 72.3899N 129.3961E  15.40 0.90  10 0.566 -115.95  43.51  15.40
  53 170406 1728  1.01 72.7244N 125.6824E  22.13 0.90  10 0.613   10.75  80.84  22.13
  54 170407 1729  2.42 74.8917N 128.6317E  15.76 1.80   2 0.377  -83.73 322.67  15.76
  55 170407 1729  2.66 74.7266N 128.8040E   0.54 1.60   5 0.248  -89.64 304.24   0.54
  56 170408 1004 44.74 72.6049N 124.9401E  15.25 1.40  13 0.671   35.98  67.49  15.25
  57 170409 0856 47.00 73.3876N 128.5551E  15.63 2.50   6 0.500  -84.87 154.83  15.63
  58 170409 0902 45.49 73.3558N 128.4353E  15.36 1.10   7 0.705  -80.97 151.28  15.36
  59 170410 1520  8.44 72.0023N 128.3737E   3.59 1.00  10 0.658  -81.90   0.25   3.59
  60 170410 1813  3.43 70.9409N 129.1192E   4.01 2.20  13 1.167 -110.67-118.18   4.01
  61 170412 1507  0.26 71.5022N 129.7451E   1.79 0.70   6 0.712 -130.94 -55.55   1.79
  62 170413 0651 19.94 73.3688N 125.3788E  15.80 1.00  10 0.829   20.64 152.74  15.80
  63 170414 0459 18.78 72.2663N 127.3647E  20.76 0.50   7 0.224  -46.75  29.71  20.76
  64 170414 0540  4.54 73.6617N 130.9142E   8.06 1.80  11 0.677 -161.98 185.42   8.06
  65 170414 1656 23.31 72.1812N 127.3906E  16.03 0.20   6 0.384  -47.75  20.21  16.03
  66 170414 1753 32.73 72.3876N 130.4737E  18.31 0.70   6 0.412 -152.75  43.25  18.31
  67 170416 0523 41.81 71.9499N 127.0714E  19.18 1.60  13 0.324  -37.02  -5.59  19.18
  68 170416 1220 14.05 72.9515N 124.4754E  20.51 1.00  11 0.400   51.26 106.17  20.51
 WARNING: Event-# :          69 has zero observations!
  69 170416 1257 48.30 68.8710N 131.7500E  73.50 2.20   0 0.000 -214.97-349.14  73.50
  70 170416 1821  5.32 72.8744N 124.9840E  19.55 1.30  13 0.647   34.23  97.57  19.55
  71 170418 0606  4.15 72.5087N 125.8146E   1.18 0.20   6 0.621    6.31  56.76   1.18
  72 170418 1005 55.76 69.3319N 122.4119E  96.97 2.20   1 0.635  132.63-297.72  96.97
  73 170418 1500 12.82 72.7342N 124.4883E  23.61 1.30  12 0.418   51.13  81.92  23.61
  74 170420 1302 36.07 72.6335N 129.0369E  22.50 0.90  11 0.317 -103.00  70.69  22.50
  75 170420 2248 46.46 72.0256N 129.1327E   0.86 0.70  11 0.867 -108.01   2.86   0.86
 WARNING: Event-# :          76 has zero observations!
  76 170423 0850 54.60 74.7080N 132.7900E   0.10 1.90   0 0.000 -217.19 302.17   0.10
  77 170423 1455 43.96 72.8402N 124.4841E  17.00 0.60   8 0.415   51.12  93.75  17.00
  78 170423 2313 41.71 72.5966N 124.8607E  22.63 1.30  12 0.401   38.68  66.57  22.63
  79 170424 0609 58.56 71.9574N 128.0079E   2.53 1.10  12 0.626  -69.36  -4.75   2.53
  80 170424 0755 26.65 71.9448N 128.0192E   2.17 1.00  12 0.603  -69.77  -6.16   2.17
  81 170424 0755 26.86 71.9561N 128.0191E   2.28 1.00  12 0.589  -69.75  -4.89   2.28
  82 170425 0652 23.22 71.9571N 128.0141E   1.66 1.20   9 0.637  -69.57  -4.78   1.66
  83 170426 0051 23.21 71.9463N 128.0442E   6.84 0.70   6 0.720  -70.63  -6.00   6.84
  84 170426 1425 21.20 72.0726N 127.2490E  21.19 0.10   6 0.210  -43.01   8.10  21.19
  85 170426 1834 24.37 71.5873N 130.7934E  10.56 1.20   8 0.775 -167.22 -46.05  10.56
  86 170426 1840 44.02 72.2680N 126.3614E  18.36 1.30   8 0.288  -12.38  29.90  18.36
  87 170427 0912 28.75 72.0587N 127.7858E   5.49 0.90   8 0.737  -61.52   6.55   5.49
  88 170427 1041 37.94 71.7474N 128.9777E   9.09 0.70   7 0.605 -103.44 -28.18   9.09
  89 170427 2010 47.72 72.8054N 130.2208E  21.15 1.30   8 0.449 -142.48  89.87  21.15
  90 170427 2010 48.20 72.7949N 130.1560E  20.92 1.30   8 0.397 -140.33  88.70  20.92
  91 170427 2342 33.93 72.7644N 124.9830E  20.05 0.80   6 0.586   34.37  85.29  20.05

 ~~~ output final station residuals ...
 TURBO-option is set; residuals are NOT printed for each event!



   station statistics, remember nsp was set to: 1


 sta phase nobs avres  avwres    std    wsum    delay

 624    P  74 -1.0162 -1.0162  0.5373  74.0000  0.0000
 628    P  69 -1.1918 -1.1918  0.5569  69.0000 -0.1120
 630    P  53 -0.7034 -0.7034  0.5523  53.0000 -0.0347
 627    P  46 -0.7800 -0.7800  0.5398  46.0000  0.0413
 621    P  59 -0.8053 -0.8053  0.7714  59.0000  0.0457
 629    P  43 -0.6808 -0.6808  0.6477  43.0000  0.0886
 622    P  58 -0.8526 -0.8526  0.5616  58.0000  0.0420
 620    P  48 -0.7406 -0.7406  0.5206  48.0000  0.0411
 623    P  55 -0.8620 -0.8620  0.4035  55.0000  0.1012
 626    P  52 -0.8236 -0.8236  0.6666  52.0000  0.0746
 625    P  49 -0.8745 -0.8745  0.6454  49.0000  0.0649
 631    P  49 -0.3547 -0.3547  1.0742  49.0000  0.1680
 632    P  24 -0.5054 -0.5054  0.8885  24.0000  0.0494


 ~~~ output statistics ...




 RAY-STATISTICS FOR  L A S T  ITERATION
 --------------------------------------

 NHYP : nr of hypocenters in this layer
 NREF : nr of headwaves in this layer
 %len : % of "refracted km" in this layer 
        with respect to all refracted kilometers
 NHIT : nr of rays passed thru this layer
 xy-km: average horizontal ray length [km] in layer
 z-km : average  vertical  ray length [km] in layer
 RFLX : number of reflections at bottom of this layer

 nlay   top ..... bottom     velocity   NHYP NREF %len  NHIT xy-km  z-km  RFLX

   1    -5.00... -0.47 km    4.06 km/s    0    0   0.0     0   0.0   0.0     0
   2    -0.47... 13.00 km    5.11 km/s   33    0   0.0  1467  11.9   6.2     0
   3    13.00... 16.44 km    5.34 km/s   23    0   0.0   744   3.8   3.0     0
   4    16.44... 20.28 km    5.58 km/s   16    3   0.2   776   4.3   3.5     0
   5    20.28... 25.27 km    6.48 km/s   17   44   5.0   782   9.8   4.3     0
   6    25.27... 36.87 km    7.18 km/s    0  216  47.9   475  37.9   6.3     0
   7    36.87... 40.77 km    8.03 km/s    0  116  41.9   143  80.0   0.7     0
   8    40.77... 45.87 km    8.06 km/s    0   10   3.9    17  70.4   2.1     0
   9    45.87...       km    8.15 km/s    2    3   1.1     0   0.0   0.0

 Total nr of events was   91

 Total nr of refracted rays =   392
 Total nr of reflected rays =     0
 Total nr of   other   rays =   287
                              ------
 Total nr of    all    rays =   679

 Average (absolute) error of the raytracers:
  Straight and direct rays : 1652.43 meters
  Refracted           rays :    0.01 meters
  Reflected           rays :    0.00 meters


 ALL RAYS TOGETHER:
 Average horizontal ray length =   90.0 km   (Hypocenter --> Station) 
 Average  vertical  ray length =   21.7 km   (Deepest ray-point --> Station)



 ... and some more STATISTICS 
 ---------------------------- 
  GAP of final epicenters:

  Event# -> GAP  Event# -> GAP  Event# -> GAP  Event# -> GAP  Event# -> GAP
       1 -> 295       2 -> 294       3 -> 270       4 -> 274       5 -> 307
       6 ->  97       7 -> 321       8 -> 306       9 -> 169      10 -> 346
      11 -> 347      12 -> 259      13 -> 265      14 -> 263      15 -> 263
      16 -> 265      17 -> 253      18 -> 245      19 -> 161      20 -> 302
      21 -> 232      22 -> 239      23 -> 241      24 -> 231      25 -> 130
      26 -> 102      27 -> 154      28 -> 213      29 -> 305      30 -> 214
      31 -> 215      32 -> 215      33 -> 211      34 -> 133      35 -> 239
      36 -> 217      37 -> 132      38 -> 312      39 -> 117      40 -> 209
      41 -> 220      42 -> 121      43 -> 231      44 -> 134      45 -> 309
      46 -> 123      47 -> 224      48 -> 227      49 -> 289      50 -> 192
      51 -> 289      52 -> 270      53 -> 224      54 -> 354      55 -> 347
      56 -> 180      57 -> 310      58 -> 318      59 -> 164      60 -> 310
      61 -> 301      62 -> 307      63 -> 148      64 -> 322      65 -> 129
      66 -> 293      67 ->  87      68 -> 295      69 -> 171      70 -> 263
      71 -> 174      72 ->   0      73 -> 263      74 -> 300      75 -> 239
      76 ->  58      77 -> 284      78 -> 174      79 -> 164      80 -> 169
      81 -> 166      82 -> 165      83 -> 233      84 -> 116      85 -> 315
      86 ->  93      87 -> 114      88 -> 269      89 -> 318      90 -> 317
      91 -> 294

 GAPs were between   0 and 354
      (average GAP was 228)



  MAGNITUDES of INPUT-DATA:

 Magnitude (# of events)   ***average number of obs***

 MAG<= 1.0 ( 47) *******
 MAG = 1.1 (  4) ********
 MAG = 1.2 (  7) ********
 MAG = 1.3 (  8) *********1
 MAG = 1.4 (  3) *********
 MAG = 1.5 (  3) ********
 MAG = 1.6 (  3) ********
 MAG = 1.7 (  2) *********1
 MAG = 1.8 (  2) *******
 MAG = 1.9 (  1)  
 MAG = 2.0 (  0)  
 MAG = 2.1 (  2) ********
 MAG = 2.2 (  3) *****
 MAG = 2.3 (  1) **
 MAG = 2.4 (  0)  
 MAG = 2.5 (  1) ******
 MAG = 2.6 (  1) **
 MAG = 2.7 (  0)  
 MAG = 2.8 (  0)  
 MAG = 2.9 (  1) ******
 MAG = 3.0 (  0)  
 MAG = 3.1 (  1) ****
 MAG = 3.2 (  0)  
 MAG = 3.3 (  0)  
 MAG = 3.4 (  0)  
 MAG = 3.5 (  0)  
 MAG = 3.6 (  0)  
 MAG = 3.7 (  0)  
 MAG = 3.8 (  0)  
 MAG = 3.9 (  0)  
 MAG = 4.0 (  1) *********1**
 MAG = 4.1 (  0)  
 MAG = 4.2 (  0)  
 MAG = 4.3 (  0)  
 MAG = 4.4 (  0)  
 MAG = 4.5 (  0)  
 MAG = 4.6 (  0)  
 MAG = 4.7 (  0)  
 MAG = 4.8 (  0)  
 MAG = 4.9 (  0)  
 MAG = 5.0 (  0)  
 MAG = 5.1 (  0)  
 MAG = 5.2 (  0)  
 MAG = 5.3 (  0)  
 MAG = 5.4 (  0)  
 MAG = 5.5 (  0)  
 MAG = 5.6 (  0)  
 MAG = 5.7 (  0)  
 MAG = 5.8 (  0)  
 MAG = 5.9 (  0)  
 MAG>= 6.0 (  0)  





  DEPTHs of INPUT-DATA and of LAST ITERATION:
  ===========================================

       Depth       # of events  

 DEPTH ( input ) =  -4. km :   
 DEPTH (last_IT) =  -4. km :   
 DEPTH ( input ) =  -3. km :   
 DEPTH (last_IT) =  -3. km :   
 DEPTH ( input ) =  -2. km :   
 DEPTH (last_IT) =  -2. km :   
 DEPTH ( input ) =  -1. km :   
 DEPTH (last_IT) =  -1. km :   
 DEPTH ( input ) =   0. km :  ........
 DEPTH (last_IT) =   0. km :  *
 DEPTH ( input ) =   1. km :  .
 DEPTH (last_IT) =   1. km :  ***
 DEPTH ( input ) =   2. km :   
 DEPTH (last_IT) =   2. km :  ****
 DEPTH ( input ) =   3. km :  ...
 DEPTH (last_IT) =   3. km :  *
 DEPTH ( input ) =   4. km :  ..
 DEPTH (last_IT) =   4. km :  ****
 DEPTH ( input ) =   5. km :  ..
 DEPTH (last_IT) =   5. km :  *
 DEPTH ( input ) =   6. km :  ..
 DEPTH (last_IT) =   6. km :  **
 DEPTH ( input ) =   7. km :  .
 DEPTH (last_IT) =   7. km :  **
 DEPTH ( input ) =   8. km :  ...
 DEPTH (last_IT) =   8. km :  ***
 DEPTH ( input ) =   9. km :  ..
 DEPTH (last_IT) =   9. km :  ***
 DEPTH ( input ) =  10. km :  ..
 DEPTH (last_IT) =  10. km :   
 DEPTH ( input ) =  11. km :  ...
 DEPTH (last_IT) =  11. km :  ***
 DEPTH ( input ) =  12. km :  ....
 DEPTH (last_IT) =  12. km :  ******
 DEPTH ( input ) =  13. km :  ..
 DEPTH (last_IT) =  13. km :   
 DEPTH ( input ) =  14. km :  ...
 DEPTH (last_IT) =  14. km :  ****
 DEPTH ( input ) =  15. km :  ........
 DEPTH (last_IT) =  15. km :  *********
 DEPTH ( input ) =  16. km :  .........1.
 DEPTH (last_IT) =  16. km :  *********1
 DEPTH ( input ) =  17. km :  .....
 DEPTH (last_IT) =  17. km :  *****
 DEPTH ( input ) =  18. km :  ....
 DEPTH (last_IT) =  18. km :  ****
 DEPTH ( input ) =  19. km :  .....
 DEPTH (last_IT) =  19. km :  ****
 DEPTH ( input ) =  20. km :  .....
 DEPTH (last_IT) =  20. km :  ***
 DEPTH ( input ) =  21. km :  ..
 DEPTH (last_IT) =  21. km :  *****
 DEPTH ( input ) =  22. km :  ....
 DEPTH (last_IT) =  22. km :  **
 DEPTH ( input ) =  23. km :  ....
 DEPTH (last_IT) =  23. km :  ******
 DEPTH ( input ) =  24. km :  ..
 DEPTH (last_IT) =  24. km :  ***
 DEPTH ( input ) =  25. km :  .
 DEPTH (last_IT) =  25. km :  *
 DEPTH ( input ) =  26. km :   
 DEPTH (last_IT) =  26. km :   
 DEPTH ( input ) =  27. km :   
 DEPTH (last_IT) =  27. km :   
 DEPTH ( input ) =  28. km :   
 DEPTH (last_IT) =  28. km :   
 DEPTH ( input ) =  29. km :   
 DEPTH (last_IT) =  29. km :   
 DEPTH ( input ) =  30. km :   
 DEPTH (last_IT) =  30. km :   
 DEPTH ( input ) =  31. km :   
 DEPTH (last_IT) =  31. km :   
 DEPTH ( input ) =  32. km :   
 DEPTH (last_IT) =  32. km :   
 DEPTH ( input ) =  33. km :   
 DEPTH (last_IT) =  33. km :   
 DEPTH ( input ) =  34. km :   
 DEPTH (last_IT) =  34. km :   
 DEPTH ( input ) =  35. km :   
 DEPTH (last_IT) =  35. km :   
 DEPTH ( input ) =  36. km :   
 DEPTH (last_IT) =  36. km :   
 DEPTH ( input ) =  37. km :   
 DEPTH (last_IT) =  37. km :   
 DEPTH ( input ) =  38. km :   
 DEPTH (last_IT) =  38. km :   
 DEPTH ( input ) =  39. km :   
 DEPTH (last_IT) =  39. km :   
 DEPTH ( input ) =  40. km :   
 DEPTH (last_IT) =  40. km :   
 DEPTH ( input ) =  41. km :   
 DEPTH (last_IT) =  41. km :   
 DEPTH ( input ) =  42. km :   
 DEPTH (last_IT) =  42. km :   
 DEPTH ( input ) =  43. km :   
 DEPTH (last_IT) =  43. km :   
 DEPTH ( input ) =  44. km :   
 DEPTH (last_IT) =  44. km :   
 DEPTH ( input ) =  45. km :   
 DEPTH (last_IT) =  45. km :   
 DEPTH ( input ) =  46. km :   
 DEPTH (last_IT) =  46. km :   
 DEPTH ( input ) =  47. km :   
 DEPTH (last_IT) =  47. km :   
 DEPTH ( input ) =  48. km :   
 DEPTH (last_IT) =  48. km :   
 DEPTH ( input ) =  49. km :   
 DEPTH (last_IT) =  49. km :   
 DEPTH ( input ) =  50. km :   
 DEPTH (last_IT) =  50. km :   
 DEPTH ( input ) =  51. km :   
 DEPTH (last_IT) =  51. km :   
 DEPTH ( input ) =  52. km :   
 DEPTH (last_IT) =  52. km :   
 DEPTH ( input ) =  53. km :   
 DEPTH (last_IT) =  53. km :   
 DEPTH ( input ) =  54. km :   
 DEPTH (last_IT) =  54. km :   
 DEPTH ( input ) =  55. km :   
 DEPTH (last_IT) =  55. km :   
 DEPTH ( input ) =  56. km :   
 DEPTH (last_IT) =  56. km :   
 DEPTH ( input ) =  57. km :   
 DEPTH (last_IT) =  57. km :   
 DEPTH ( input ) =  58. km :   
 DEPTH (last_IT) =  58. km :   
 DEPTH ( input ) =  59. km :   
 DEPTH (last_IT) =  59. km :   
 DEPTH ( input ) =  60. km :   
 DEPTH (last_IT) =  60. km :   
 DEPTH ( input ) =  61. km :   
 DEPTH (last_IT) =  61. km :   
 DEPTH ( input ) =  62. km :   
 DEPTH (last_IT) =  62. km :   
 DEPTH ( input ) =  63. km :   
 DEPTH (last_IT) =  63. km :   
 DEPTH ( input ) =  64. km :   
 DEPTH (last_IT) =  64. km :   
 DEPTH ( input ) =  65. km :   
 DEPTH (last_IT) =  65. km :   
 DEPTH ( input ) =  66. km :   
 DEPTH (last_IT) =  66. km :   
 DEPTH ( input ) =  67. km :   
 DEPTH (last_IT) =  67. km :   
 DEPTH ( input ) =  68. km :   
 DEPTH (last_IT) =  68. km :   
 DEPTH ( input ) =  69. km :   
 DEPTH (last_IT) =  69. km :   
 DEPTH ( input ) =  70. km :   
 DEPTH (last_IT) =  70. km :   
 DEPTH ( input ) =  71. km :   
 DEPTH (last_IT) =  71. km :   
 DEPTH ( input ) =  72. km :   
 DEPTH (last_IT) =  72. km :   
 DEPTH ( input ) =  73. km :   
 DEPTH (last_IT) =  73. km :   
 DEPTH ( input ) =  74. km :  .
 DEPTH (last_IT) =  74. km :  *
 DEPTH ( input ) =  75. km :   
 DEPTH (last_IT) =  75. km :   
 DEPTH ( input ) =  76. km :   
 DEPTH (last_IT) =  76. km :   
 DEPTH ( input ) =  77. km :   
 DEPTH (last_IT) =  77. km :   
 DEPTH ( input ) =  78. km :   
 DEPTH (last_IT) =  78. km :   
 DEPTH ( input ) =  79. km :   
 DEPTH (last_IT) =  79. km :   
 DEPTH ( input ) =  80. km :   
 DEPTH (last_IT) =  80. km :   
 DEPTH ( input ) =  81. km :   
 DEPTH (last_IT) =  81. km :   
 DEPTH ( input ) =  82. km :   
 DEPTH (last_IT) =  82. km :   
 DEPTH ( input ) =  83. km :   
 DEPTH (last_IT) =  83. km :   
 DEPTH ( input ) =  84. km :   
 DEPTH (last_IT) =  84. km :   
 DEPTH ( input ) =  85. km :   
 DEPTH (last_IT) =  85. km :   
 DEPTH ( input ) =  86. km :   
 DEPTH (last_IT) =  86. km :   
 DEPTH ( input ) =  87. km :   
 DEPTH (last_IT) =  87. km :   
 DEPTH ( input ) =  88. km :   
 DEPTH (last_IT) =  88. km :   
 DEPTH ( input ) =  89. km :   
 DEPTH (last_IT) =  89. km :   
 DEPTH ( input ) =  90. km :   
 DEPTH (last_IT) =  90. km :   
 DEPTH ( input ) =  91. km :   
 DEPTH (last_IT) =  91. km :   
 DEPTH ( input ) =  92. km :   
 DEPTH (last_IT) =  92. km :   
 DEPTH ( input ) =  93. km :   
 DEPTH (last_IT) =  93. km :   
 DEPTH ( input ) =  94. km :   
 DEPTH (last_IT) =  94. km :   
 DEPTH ( input ) =  95. km :   
 DEPTH (last_IT) =  95. km :   
 DEPTH ( input ) =  96. km :   
 DEPTH (last_IT) =  96. km :   
 DEPTH ( input ) =  97. km :  .
 DEPTH (last_IT) =  97. km :  *
 DEPTH ( input ) =  98. km :   
 DEPTH (last_IT) =  98. km :   
 DEPTH ( input ) =  99. km :   
 DEPTH (last_IT) =  99. km :   
 DEPTH ( input ) = 100. km :   
 DEPTH (last_IT) = 100. km :   
 DEPTH ( input ) > 100. km :   
 DEPTH (last_IT) > 100. km :   


 Residuals of the stations according to the azimuth:
 (RES  = total average residual at station)
 (RES1 = average residual of rays from 1st quadrant)
 (RES2 = average residual of rays from 2nd quadrant)
 (RES3 = average residual of rays from 3rd quadrant)
 (RES4 = average residual of rays from 4th quadrant)

 Stn#  Stn     RES          RES1         RES2         RES3         RES4
   1   624    -1.02(  74)  -1.08(  33)  -0.67(   5)  -1.11(  29)  -0.57(   7)
   2   628    -1.19(  69)  -1.42(  32)  -0.90(   5)  -1.18(  25)  -0.41(   7)
   3   630    -0.70(  53)  -0.56(  24)  -0.41(  11)  -1.37(  10)  -0.72(   8)
   4   627    -0.78(  46)  -0.73(  12)   0.00(   0)  -1.05(  22)  -0.34(  12)
   5   621    -0.81(  59)  -0.81(   7)   0.00(   0)  -0.80(  18)  -0.81(  34)
   6   629    -0.68(  43)  -0.42(  15)   0.00(   0)  -1.48(   9)  -0.51(  19)
   7   622    -0.85(  58)  -0.97(  27)   0.00(   0)  -0.88(  20)  -0.52(  11)
   8   620    -0.74(  48)  -0.62(   1)   0.00(   0)  -0.59(  18)  -0.84(  29)
   9   623    -0.86(  55)  -0.99(  30)   0.00(   0)  -0.74(  17)  -0.64(   8)
  10   626    -0.82(  52)  -0.83(  24)   0.00(   0)  -1.25(   5)  -0.72(  23)
  11   625    -0.87(  49)  -0.85(  14)   0.00(   0)  -1.12(  23)  -0.43(  12)
  12   631    -0.35(  49)   0.11(  18)   0.80(   1)  -0.17(   4)  -0.75(  26)
  13   632    -0.51(  24)  -0.14(  12)   0.07(   2)  -1.41(   3)  -0.91(   7)



 CPU - statistics:

 TOTAL CPU-sec          =    0.3     (CPU-minutes:  0.005)

 >>>   End of program VELEST at 25-06-02 16:09       <<< [ CPU-sec :     0.3]
