 >>> Start of program VELEST at 25-06-02 16:11       <<<                        

 ::::::::::::::::::::::::::::::::::::::                                         
  V E L E S T  - Version : January 3, 1995                                      
  (Authors: see source code)                                                    
 ::::::::::::::::::::::::::::::::::::::                                         


 Title of this VELEST run:

 vinnik_2
 --------


 Current array-dimensions of program VELEST:

 Max. number of EARTHQUAKES for simult. inversion IEQ = ***
 Max. number of SHOTS for simult. inversion    INSHOT =  50
 Max. number of (different) 1D-MODELS      ITOTMODELS =   2
 Max. number of LAYERS per one 1D-model        INLTOT = 100
 Max. number of STATIONS in stationlist           IST = 650
 Max. number of OBSERVATIONS per event MAXOBSPEREVENT = 180






    INPUT - P A R A M E T E R S :



***
***  olat       olon   icoordsystem      zshift   itrial ztrial    ised
  72.000000-126.000000      0            0.000       0     0.00      0
***
*** neqs   nshot    rotate
     91      0      0.0
***
*** isingle   iresolcalc
       0          0
***
*** dmax    itopo    zmin     veladj    zadj   lowveloclay
   300.00     0      0.01       0.20    5.00       0
***
*** nsp    swtfac   vpvs       nmod
     1      1.00    1.730        1
***
***   othet   xythet    zthet    vthet   stathet
       0.01     0.01     0.01     1.00     0.01
***
*** nsinv   nshcor   nshfix     iuseelev    iusestacorr
       1       0       0           1            1
***
*** iturbo    icnvout   istaout   ismpout
       1         1         1         0
***
*** irayout   idrvout   ialeout   idspout   irflout   irfrout   iresout
       0         0         0         0         0         0         0
***
*** delmin   ittmax   invertratio
    0.010       3          1
***
*** Modelfile:
tmp/vinnik_2/synthvel/model_534.mod
***
*** Stationfile:
./velinp/station.sta
***
*** Seismofile:
 
***
*** File with region names:
 
***
*** File with region coordinates:
 
***
*** File #1 with topo data:
 
***
*** File #2 with topo data:
 
***
*** DATA INPUT files:
***
*** File with Earthquake data:
./velinp/data.cnv
***
*** File with Shot data:
 
***
*** OUTPUT files:
***
*** Main print output file:
./velout/vinnik_2/velest534.out
***
*** File with single event locations:
velout.vel
***
*** File with final hypocenters in *.cnv format:
./velout/vinnik_2/final_loc534.cnv
***
*** File with new station corrections:
./velout/vinnik_2/stations_corr534.sta
***
*** File with summary cards (e.g. for plotting):
velout.smp
***
*** File with raypoints:
velout.ray
***
*** File with derivatives:
velout.drv
***
*** File with ALEs:
velout.ale
***
*** File with Dirichlet spreads:
velout.dspr
***
*** File with reflection points:
velout.rfl
***
*** File with refraction points:
velout.rfr
***
*** File with residuals:
velout.res
***




 Origin of cartesian coordinates:
        72.00000N   126.00000E

  X,Y-AXES rotated clockwise from North
           Rotation angle (rotate):
            rotate=    0.0 degr.

 icoordsystem =            0
 normal SHORT DISTANCE CONVERSION will be made
 x is positive towards west, y is positive towards north


 SHORT DISTANCE CONVERSION on ELLIPSOIDE of WORLD GEODETIC SYSTEM 1972 (WGS72)
 =============================================================================

 Radius at equator (REARTH)= 6378.13500  km
   1. / (ellipticity)      =    298.260

 Origin of cartesian coordinates [degrees]:
   72.0000000 N     -126.0000000 W

  Rotation angle (in degr.) clockwise from
North  rotate=    0.0

 Radius of sphere at OLAT =   6358.817 km

 Conversion of GEOGRAPHICAL LATITUDE to GEOCENTRICAL LATITUDE:
 RLATC = TAN(GEOCENTR.LAT) / TAN(GEOGRAPH.LAT)
 RLATC =   0.99333486

          Short distance conversions:
          one min lat ~  1.8597 km 
          one min lon ~  0.5751 km 







    INPUT - M O D E L :



 Model(s) read from file :
 tmp/vinnik_2/synthvel/model_534.mod                                             

 model file title: 
Model: model_534.mod                    
 Velocity structure for model   1 :

 layer    vel   depth   vdamp  reflector
   1      4.47  -5.00    1.00         P-VELOCITY MODEL                  
   2      5.21  -0.64    1.00  
 WARNING:
 Only top of the first layer can be negative !!
   3      5.26   9.93    1.00  
   4      6.00  20.27    1.00  
   5      7.05  22.46    1.00  
   6      7.56  28.08    1.00  
   7      7.92  31.40    1.00  
   8      8.87  38.40    1.00  
   9      8.91  39.34    1.00  

 Calculation of average velocity starts at layer #            1
 z = -5.00 ... -0.64    v = 4.47    AVEL = 4.47 downto z =  -0.64
 z = -0.64 ...  9.93    v = 5.21    AVEL = 4.99 downto z =   9.93
 z =  9.93 ... 20.27    v = 5.26    AVEL = 5.10 downto z =  20.27
 z = 20.27 ... 22.46    v = 6.00    AVEL = 5.17 downto z =  22.46
 z = 22.46 ... 28.08    v = 7.05    AVEL = 5.49 downto z =  28.08
 z = 28.08 ... 31.40    v = 7.56    AVEL = 5.68 downto z =  31.40
 z = 31.40 ... 38.40    v = 7.92    AVEL = 6.04 downto z =  38.40
 z = 38.40 ... 39.34    v = 8.87    AVEL = 6.10 downto z =  39.34


 Calculation of average velocity starts at layer #            2
 z = -0.64 ...  9.93    v = 5.21    AVEL = 5.21 downto z =   9.93
 z =  9.93 ... 20.27    v = 5.26    AVEL = 5.23 downto z =  20.27
 z = 20.27 ... 22.46    v = 6.00    AVEL = 5.31 downto z =  22.46
 z = 22.46 ... 28.08    v = 7.05    AVEL = 5.65 downto z =  28.08
 z = 28.08 ... 31.40    v = 7.56    AVEL = 5.85 downto z =  31.40
 z = 31.40 ... 38.40    v = 7.92    AVEL = 6.22 downto z =  38.40
 z = 38.40 ... 39.34    v = 8.87    AVEL = 6.28 downto z =  39.34






    INPUT - S T A T I O N S :



 Station-parameters read from file :
 ./velinp/station.sta                                                            


     stn latitude longitude elev   x      y      z     ptcor stcor model icc
   1 624 72.4760N126.2750E     0  -9.37  53.11  -0.00   0.00  0.00   1  13
   2 628 72.4000N127.1470E     0 -39.15  44.63  -0.00   0.00  0.00   1  12
   3 630 72.0750N128.3250E     0 -80.06   8.37  -0.00   0.00  0.00   1  11
   4 627 72.1170N126.9820E     0 -33.78  13.06  -0.00   0.00  0.00   1  10
   5 621 72.1840N124.8890E     0  38.14  20.53  -0.00   0.00  0.00   1   9
   6 629 71.9290N127.3130E     0 -45.39  -7.92  -0.00   0.00  0.00   1   8
   7 622 72.4420N125.3130E     0  23.42  49.32  -0.00   0.00  0.00   1   7
   8 620 72.6540N124.3470E     0  56.03  72.98  -0.00   0.00  0.00   1   6
   9 623 72.3260N125.7600E     0   8.21  36.38  -0.00   0.00  0.00   1   5
  10 626 71.8880N126.0360E     0  -1.25 -12.50  -0.00   0.00  0.00   1   4
  11 625 72.1740N126.1070E     0  -3.67  19.42  -0.00   0.00  0.00   1   3
  12 631 71.3990N127.2470E     0 -43.72 -67.06  -0.00   0.00  0.00   1   2
  13 632 71.5740N129.0728E     0-107.23 -47.53  -0.00   0.00  0.00   1   1

 NO Seismo-parameter-file specified
 --> NO magnitudes calculated!




   neqs=   91  nshot=    0  nltot=    9

 ~~~ input parameters read.
 ~~~ set units for first iteration ...
 ~~~ determine number of unknowns ...

 Number of unknowns (for array-indexing):  nvar =  385
 Number of effective unknowns        :  nvareff =  373
 Number of elements on/below main diagonal of matrix G = At*A : kvar =   74305

 ~~~ reset G and RHT ...
 ~~~ input data, raytracing, setup G ...






    I N P U T - D A T A  

  eq    origin-time    latitude longitude depth    x      y      z    mag ifxOBS
   1 160818 1613  9.10 73.0030N 124.8500E  23.10  38.61 111.92  23.10 1.40 0   6
   2 160818 1613  9.30 72.9910N 124.8700E  22.80  37.95 110.58  22.80 1.10 0   6
   3 160819 0959 27.30 71.9230N 129.7600E  12.10-130.00  -8.59  12.10 4.00 0  12
   4 160820 1506 15.70 71.9380N 129.7900E  11.00-130.98  -6.92  11.00 1.50 0   9
   5 160820 1904 45.70 72.3480N 127.1800E  23.80 -40.33  38.83  23.80 1.20 0   6
   6 160822 1318 49.50 72.3650N 127.0800E  16.50 -36.90  40.73  16.50 0.60 0   8
   7 160823 0652 14.00 70.9330N 129.8100E   6.40-135.21-119.06   6.40 2.90 0   6
   8 160824 1510 30.40 71.6070N 130.0400E   8.60-140.86 -43.85   8.60 1.50 0   9
   9 160906 1514 39.70 72.5080N 125.6800E  12.10  10.89  56.68  12.10 0.90 0   6
 WARNING:
 epicentral distance: 303.3 > dmax ( 300.0) ==> skipping phase !
 WARNING:
 epicentral distance: 338.2 > dmax ( 300.0) ==> skipping phase !
  10 160920 1607 18.30 69.2370N 128.3500E  16.20 -87.07-308.31  16.20 2.60 0   2
 WARNING:
 epicentral distance: 318.5 > dmax ( 300.0) ==> skipping phase !
 WARNING:
 epicentral distance: 355.0 > dmax ( 300.0) ==> skipping phase !
  11 160925 1911  5.60 69.2250N 127.6800E  15.60 -62.26-309.64  15.60 2.30 0   2
  12 161004 0841 51.20 72.8480N 124.9600E  15.60  35.07  94.62  15.60 0.20 0   6
  13 161005 1619 46.90 72.8770N 125.0100E  19.00  33.35  97.86  19.00 1.00 0   9
  14 161006 0156 55.90 72.8740N 125.0100E  13.90  33.36  97.52  13.90 1.00 0   7
  15 161009 0036 44.70 72.8720N 124.9900E  17.20  34.03  97.30  17.20 1.30 0   8
  16 161009 0036 44.90 72.8580N 124.9600E  18.60  35.06  95.74  18.60 1.20 0   7
  17 161012 0800 22.10 72.7380N 126.0300E  18.50  -1.01  82.35  18.50 0.80 0   7
  18 161015 1013 36.50 72.0400N 126.9900E  11.20 -34.12   4.46  11.20 0.70 0   7
  19 161021 0507 33.30 72.5750N 124.7800E  10.10  41.44  64.16  10.10 0.80 0   6
  20 161124 2250 46.00 72.7630N 124.8800E  16.20  37.85  85.14  16.20 3.10 0   4
  21 161125 0156 34.10 72.7420N 124.9200E  14.50  36.52  82.80  14.50 0.60 0   7
  22 161125 0517 25.90 72.7650N 124.9400E  13.50  35.82  85.36  13.50 1.60 0   6
  23 161125 0525 15.90 72.7740N 124.9500E  11.60  35.48  86.37  11.60 0.80 0   6
  24 161125 0556  2.00 72.7350N 124.9700E   5.70  34.84  82.01   5.70 0.20 0   6
  25 170117 0846 48.60 72.2130N 127.3400E  22.00 -45.97  23.77  22.00 0.30 0   6
  26 170122 1614 27.60 71.9670N 128.0400E  10.30 -70.45  -3.68  10.30 0.90 0   6
  27 170125 2244  0.20 72.4440N 126.0200E  13.10  -0.68  49.54  13.10 0.80 0   6
  28 170302 1359 59.10 72.6830N 124.8900E  11.50  37.60  76.21  11.50 0.50 0   7
  29 170302 2335 20.20 71.8850N 130.3000E  14.80-148.82 -12.83  14.80 2.10 0   9
  30 170304 2135  2.90 72.6880N 124.9400E  13.40  35.90  76.77  13.40 1.30 0   7
  31 170307 0447 21.00 72.6940N 124.9200E  14.20  36.57  77.44  14.20 1.70 0  10
  32 170307 2016 50.80 72.6910N 124.9100E  15.30  36.91  77.10  15.30 1.10 0   6
  33 170309 1454  0.80 72.6830N 124.9000E  15.60  37.26  76.21  15.60 0.30 0   6
  34 170311 0430 55.40 72.3130N 126.5000E  24.50 -17.11  34.93  24.50 0.30 0   6
  35 170312 0416 39.20 71.9240N 128.0800E   3.40 -71.91  -8.48   3.40 2.10 0   6
  36 170313 0553 59.10 72.6980N 124.9200E  15.10  36.57  77.89  15.10 1.00 0   9
  37 170313 0809  5.60 72.4500N 125.0800E  14.90  31.36  50.21  14.90 1.20 0   7
  38 170315 0234 46.50 72.6540N 123.8400E  16.90  73.22  72.98  16.90 1.40 0   7
  39 170317 1007 14.10 72.2350N 125.9800E   3.90   0.69  26.22   3.90 0.50 0   7
  40 170320 0711 14.60 72.1250N 127.2200E  16.80 -41.95  13.95  16.80 0.90 0   6
  41 170320 0853 56.40 72.7090N 124.9700E   5.10  34.86  79.11   5.10 0.40 0   6
  42 170320 1900 34.30 72.4150N 126.1200E  18.00  -4.09  46.31  18.00 0.60 0   7
  43 170323 0519 24.60 71.6470N 129.1800E   5.20-110.76 -39.39   5.20 1.20 0   6
  44 170323 1612 49.70 72.4530N 125.1100E   8.30  30.33  50.55   8.30 0.50 0   6
  45 170323 1906 41.20 72.4070N 130.2500E  18.30-145.04  45.41  18.30 1.00 0   6
  46 170326 0836 34.10 71.9930N 127.6700E  16.10 -57.63  -0.78  16.10 1.50 0   7
  47 170402 0422  1.00 72.7220N 125.6900E  21.90  10.49  80.56  21.90 1.20 0  10
  48 170402 0636 37.20 72.7310N 125.6900E  23.50  10.49  81.57  23.50 0.70 0   6
  49 170404 2347 35.70 72.7580N 124.3800E  22.60  54.76  84.58  22.60 0.50 0   6
  50 170405 0307 36.10 71.6810N 128.9500E  15.30-102.66 -35.60  15.30 1.00 0  10
  51 170405 1410 53.20 71.5100N 128.9000E   9.30-101.37 -54.68   9.30 1.70 0  10
  52 170406 0838 43.20 72.3850N 129.3800E  15.50-115.42  42.96  15.50 0.90 0  10
  53 170406 1728  1.00 72.7230N 125.6900E  21.30  10.49  80.67  21.30 0.90 0  10
 WARNING:
 epicentral distance: 325.9 > dmax ( 300.0) ==> skipping phase !
 WARNING:
 epicentral distance: 332.9 > dmax ( 300.0) ==> skipping phase !
 WARNING:
 epicentral distance: 345.3 > dmax ( 300.0) ==> skipping phase !
 WARNING:
 epicentral distance: 391.9 > dmax ( 300.0) ==> skipping phase !
  54 170407 1729  3.40 74.8930N 128.6300E  15.60 -83.67 322.81  15.60 1.80 0   2
 WARNING:
 epicentral distance: 311.3 > dmax ( 300.0) ==> skipping phase !
 WARNING:
 epicentral distance: 315.4 > dmax ( 300.0) ==> skipping phase !
 WARNING:
 epicentral distance: 328.9 > dmax ( 300.0) ==> skipping phase !
 WARNING:
 epicentral distance: 374.2 > dmax ( 300.0) ==> skipping phase !
  55 170407 1729  3.50 74.7270N 128.8100E   0.40 -89.83 304.29   0.40 1.60 0   5
  56 170408 1004 44.90 72.6070N 124.9400E  15.00  35.98  67.73  15.00 1.40 0  13
  57 170409 0856 47.20 73.3850N 128.5500E  15.60 -84.71 154.54  15.60 2.50 0   6
  58 170409 0902 45.60 73.3500N 128.4400E  15.10 -81.13 150.64  15.10 1.10 0   7
  59 170410 1520  8.50 72.0030N 128.3900E   2.70 -82.46   0.33   2.70 1.00 0  10
  60 170410 1813  3.60 70.9360N 129.1200E   3.70-110.72-118.73   3.70 2.20 0  13
  61 170412 1507  0.60 71.5070N 129.7200E   0.00-130.05 -55.01   0.00 0.70 0   6
  62 170413 0651 20.10 73.3680N 125.4200E  15.60  19.28 152.65  15.60 1.00 0  10
  63 170414 0459 18.80 72.2680N 127.3800E  20.10 -47.27  29.90  20.10 0.50 0   7
  64 170414 0540  4.80 73.6400N 130.9700E   8.00-163.92 183.00   8.00 1.80 0  11
  65 170414 1656 23.40 72.1850N 127.4000E  15.50 -48.06  20.64  15.50 0.20 0   6
  66 170414 1753 32.80 72.3840N 130.4600E  17.90-152.30  42.85  17.90 0.70 0   6
  67 170416 0523 41.90 71.9560N 127.0800E  19.20 -37.31  -4.91  19.20 1.60 0  13
  68 170416 1220 14.20 72.9470N 124.4900E  20.40  50.77 105.67  20.40 1.00 0  11
 WARNING:
 epicentral distance: 320.3 > dmax ( 300.0) ==> skipping phase !
 WARNING:
 epicentral distance: 381.0 > dmax ( 300.0) ==> skipping phase !
 WARNING:
 epicentral distance: 398.8 > dmax ( 300.0) ==> skipping phase !
 WARNING:
 epicentral distance: 405.0 > dmax ( 300.0) ==> skipping phase !
 WARNING:
 epicentral distance: 424.8 > dmax ( 300.0) ==> skipping phase !
 WARNING:
 epicentral distance: 431.2 > dmax ( 300.0) ==> skipping phase !
 WARNING:
 epicentral distance: 445.5 > dmax ( 300.0) ==> skipping phase !
 WARNING:
 epicentral distance: 451.8 > dmax ( 300.0) ==> skipping phase !
 WARNING:
 epicentral distance: 464.3 > dmax ( 300.0) ==> skipping phase !
  69 170416 1257 48.30 68.8710N 131.7500E  73.50-214.97-349.14  73.50 2.20 0   0
  70 170416 1821  5.50 72.8670N 125.0000E  19.30  33.70  96.74  19.30 1.30 0  13
  71 170418 0606  4.10 72.5080N 125.8200E   1.30   6.13  56.68   1.30 0.20 0   6
 WARNING:
 epicentral distance: 315.2 > dmax ( 300.0) ==> skipping phase !
 WARNING:
 epicentral distance: 332.1 > dmax ( 300.0) ==> skipping phase !
 WARNING:
 epicentral distance: 345.3 > dmax ( 300.0) ==> skipping phase !
 WARNING:
 epicentral distance: 352.6 > dmax ( 300.0) ==> skipping phase !
 WARNING:
 epicentral distance: 346.7 > dmax ( 300.0) ==> skipping phase !
 WARNING:
 epicentral distance: 356.6 > dmax ( 300.0) ==> skipping phase !
 WARNING:
 epicentral distance: 363.9 > dmax ( 300.0) ==> skipping phase !
 WARNING:
 epicentral distance: 372.8 > dmax ( 300.0) ==> skipping phase !
 WARNING:
 epicentral distance: 378.6 > dmax ( 300.0) ==> skipping phase !
 WARNING:
 epicentral distance: 378.6 > dmax ( 300.0) ==> skipping phase !
  72 170418 1005 56.80 69.3310N 122.4100E  97.00 132.70-297.82  97.00 2.20 0   1
  73 170418 1500 12.90 72.7340N 124.5100E  23.10  50.40  81.90  23.10 1.30 0  12
  74 170420 1302 36.20 72.6290N 129.0200E  21.80-102.44  70.19  21.80 0.90 0  11
  75 170420 2248 46.70 72.0220N 129.1200E   0.00-107.59   2.46   0.00 0.70 0  11
 WARNING:
 epicentral distance: 313.1 > dmax ( 300.0) ==> skipping phase !
 WARNING:
 epicentral distance: 324.4 > dmax ( 300.0) ==> skipping phase !
 WARNING:
 epicentral distance: 324.2 > dmax ( 300.0) ==> skipping phase !
 WARNING:
 epicentral distance: 342.4 > dmax ( 300.0) ==> skipping phase !
 WARNING:
 epicentral distance: 349.0 > dmax ( 300.0) ==> skipping phase !
 WARNING:
 epicentral distance: 380.2 > dmax ( 300.0) ==> skipping phase !
 WARNING:
 epicentral distance: 381.6 > dmax ( 300.0) ==> skipping phase !
 WARNING:
 epicentral distance: 408.0 > dmax ( 300.0) ==> skipping phase !
  76 170423 0850 54.60 74.7080N 132.7900E   0.10-217.19 302.17   0.10 1.90 0   0
  77 170423 1455 44.10 72.8400N 124.4900E  16.80  50.92  93.73  16.80 0.60 0   8
  78 170423 2313 41.80 72.5960N 124.8700E  22.00  38.36  66.50  22.00 1.30 0  12
  79 170424 0609 58.60 71.9600N 128.0200E   0.10 -69.77  -4.46   0.10 1.10 0  12
  80 170424 0755 26.70 71.9480N 128.0300E   0.00 -70.14  -5.80   0.00 1.00 0  12
  81 170424 0755 26.90 71.9590N 128.0300E   0.00 -70.12  -4.57   0.00 1.00 0  12
  82 170425 0652 23.30 71.9600N 128.0300E   0.00 -70.12  -4.46   0.00 1.20 0   9
  83 170426 0051 23.20 71.9450N 128.0600E   6.60 -71.18  -6.14   6.60 0.70 0   6
  84 170426 1425 21.20 72.0790N 127.2600E  21.00 -43.38   8.82  21.00 0.10 0   6
  85 170426 1834 24.60 71.5840N 130.8000E  10.90-167.46 -46.42  10.90 1.20 0   8
  86 170426 1840 44.10 72.2710N 126.3600E  18.10 -12.33  30.24  18.10 1.30 0   8
  87 170427 0912 28.80 72.0640N 127.7900E   2.60 -61.65   7.14   2.60 0.90 0   8
  88 170427 1041 38.10 71.7480N 128.9900E   8.40-103.86 -28.12   8.40 0.70 0   7
  89 170427 2010 47.80 72.8010N 130.2000E  20.20-141.80  89.38  20.20 1.30 0   8
  90 170427 2010 48.30 72.7890N 130.1400E  20.10-139.82  88.04  20.10 1.30 0   8
  91 170427 2342 34.10 72.7630N 125.0100E  19.50  33.46  85.14  19.50 0.80 0   6

 readings for station 624  :  74
 readings for station 628  :  69
 readings for station 630  :  53
 readings for station 627  :  46
 readings for station 621  :  59
 readings for station 629  :  43
 readings for station 622  :  58
 readings for station 620  :  48
 readings for station 623  :  55
 readings for station 626  :  52
 readings for station 625  :  49
 readings for station 631  :  49
 readings for station 632  :  24

 Total number of stations with readings:  13

 Total number of readings:     679
 Total number of P readings:       0
 Total number of S readings:       0


 ~~~ store parts of G ...
 ~~~ compute RMS and DATVAR ...

 Total number of observations is:   679


 $$$$$$$$$$$$$$$$$$$$$$$$$$$$$$$$$$$$$$$$$$$$$$$$$
 Events with  | AVRES | > 1.0 SEC are suspicious !

 Event#   6 >>>  160822 1318  AVRES = -1.12 NOBS =  8
 Event#  10 >>>  160920 1607  AVRES =  3.25 NOBS =  2
 Event#  11 >>>  160925 1911  AVRES =  2.87 NOBS =  2
 Event#  12 >>>  161004 0841  AVRES = -1.18 NOBS =  6
 Event#  18 >>>  161015 1013  AVRES = -1.16 NOBS =  7
 Event#  19 >>>  161021 0507  AVRES = -1.09 NOBS =  6
 Event#  21 >>>  161125 0156  AVRES = -1.04 NOBS =  7
 Event#  22 >>>  161125 0517  AVRES = -1.30 NOBS =  6
 Event#  23 >>>  161125 0525  AVRES = -1.37 NOBS =  6
 Event#  24 >>>  161125 0556  AVRES = -1.12 NOBS =  6
 Event#  26 >>>  170122 1614  AVRES = -1.15 NOBS =  6
 Event#  32 >>>  170307 2016  AVRES = -1.17 NOBS =  6
 Event#  37 >>>  170313 0809  AVRES = -1.19 NOBS =  7
 Event#  40 >>>  170320 0711  AVRES = -1.07 NOBS =  6
 Event#  41 >>>  170320 0853  AVRES = -1.15 NOBS =  6
 Event#  43 >>>  170323 0519  AVRES = -1.41 NOBS =  6
 Event#  46 >>>  170326 0836  AVRES = -1.12 NOBS =  7
 Event#  54 >>>  170407 1729  AVRES =  1.78 NOBS =  2
 Event#  55 >>>  170407 1729  AVRES =  1.34 NOBS =  5
 Event#  57 >>>  170409 0856  AVRES =  1.72 NOBS =  6
 Event#  59 >>>  170410 1520  AVRES = -1.06 NOBS = 10
 Event#  61 >>>  170412 1507  AVRES = -1.17 NOBS =  6
 Event#  64 >>>  170414 0540  AVRES =  2.16 NOBS = 11
 Event#  72 >>>  170418 1005  AVRES =  2.79 NOBS =  1
 Event#  83 >>>  170426 0051  AVRES = -1.03 NOBS =  6
 Event#  88 >>>  170427 1041  AVRES = -1.32 NOBS =  7

 ^^^^^^^^^ C H E C K   these events above ^^^^^^^^
 $$$$$$$$$$$$$$$$$$$$$$$$$$$$$$$$$$$$$$$$$$$$$$$$$

 ~~~ save initial datvar ...

 Iteration nr  0 obtained:
 DATVAR=    2.851140 mean sqrd residual=     1.284902  RMS RESIDUAL=     1.133535

 After  0 iterations we got:
 Average absolute & unweighted [and mean] residual of
   325 straight and direct rays =  1.00166 [ -0.97261]
   354 refracted           rays =  1.07787 [  0.01429]
     0 reflected           rays =  0.00000 [  0.00000]

   679 ALL                 RAYS =  1.04140 [ -0.45809]        0.00 %




--------------------------------------------------------------------------------



           ITERATION no  1

 ~~~ set units for this iteration ...
 ~~~ determine number of unknowns for this iter. ...

 Number of unknowns (for array-indexing):  nvar =  385
 Number of effective unknowns        :  nvareff =  386
 Number of elements on/below main diagonal of matrix G = At*A : kvar =   74305

 Damping factors to be used in this iteration:
   Othet=   0.010   XYthet  =   0.010   Zthet=  0.010
 STAthet=   0.010   Vthet   =   1.000

 ~~~ damp G ...
 ~~~ solve G * b = RHT ...
 ~~~ fix units ...
 ~~~ apply eventually step-length damping ...
 ~~~ adjust model (hypocenters, stacorr & veloc.) ...

 doing velocity adjustments now...
 WARNING: Tried to introduce a low-velocity-layer! (Layer  9)
 Setting DVP from -0.20 to 0.0 and VP to vp(layer_above)+0.001

 doing station-correction adjustments...

 ~~~ compute effective step-length ...

 (Applied) Step length =   1.518

 ~~~ set units for next iteration ...
 ~~~ determine number of unknowns for next iter. ...

 Number of unknowns (for array-indexing):  nvar =  385
 Number of effective unknowns        :  nvareff =  386
 Number of elements on/below main diagonal of matrix G = At*A : kvar =   74305

 ~~~ reset G and RHT ...
 ~~~ raytracing, setup G ...
 ~~~ store parts of G ...
 ~~~ set units back for current iteration ...
 ~~~ determine number of unknowns for this iter. ...

 Number of unknowns (for array-indexing):  nvar =  385
 Number of effective unknowns        :  nvareff =  386
 Number of elements on/below main diagonal of matrix G = At*A : kvar =   74305

 ~~~ compute RMS and DATVAR ...

 $$$$$$$$$$$$$$$$$$$$$$$$$$$$$$$$$$$$$$$$$$$$$$$$$
 Events with  | AVRES | > 1.0 SEC are suspicious !

 Event#   6 >>>  160822 1318  AVRES = -1.03 NOBS =  8
 Event#  10 >>>  160920 1607  AVRES =  3.41 NOBS =  2
 Event#  11 >>>  160925 1911  AVRES =  3.07 NOBS =  2
 Event#  12 >>>  161004 0841  AVRES = -1.08 NOBS =  6
 Event#  18 >>>  161015 1013  AVRES = -1.06 NOBS =  7
 Event#  22 >>>  161125 0517  AVRES = -1.19 NOBS =  6
 Event#  23 >>>  161125 0525  AVRES = -1.25 NOBS =  6
 Event#  24 >>>  161125 0556  AVRES = -1.04 NOBS =  6
 Event#  26 >>>  170122 1614  AVRES = -1.05 NOBS =  6
 Event#  32 >>>  170307 2016  AVRES = -1.07 NOBS =  6
 Event#  37 >>>  170313 0809  AVRES = -1.09 NOBS =  7
 Event#  41 >>>  170320 0853  AVRES = -1.06 NOBS =  6
 Event#  43 >>>  170323 0519  AVRES = -1.30 NOBS =  6
 Event#  46 >>>  170326 0836  AVRES = -1.02 NOBS =  7
 Event#  54 >>>  170407 1729  AVRES =  2.16 NOBS =  2
 Event#  55 >>>  170407 1729  AVRES =  1.70 NOBS =  5
 Event#  57 >>>  170409 0856  AVRES =  1.83 NOBS =  6
 Event#  58 >>>  170409 0902  AVRES =  1.06 NOBS =  7
 Event#  61 >>>  170412 1507  AVRES = -1.01 NOBS =  6
 Event#  64 >>>  170414 0540  AVRES =  2.33 NOBS = 11
 Event#  72 >>>  170418 1005  AVRES =  3.24 NOBS =  1
 Event#  88 >>>  170427 1041  AVRES = -1.20 NOBS =  7
 Event#  89 >>>  170427 2010  AVRES =  1.03 NOBS =  8

 ^^^^^^^^^ C H E C K   these events above ^^^^^^^^
 $$$$$$$$$$$$$$$$$$$$$$$$$$$$$$$$$$$$$$$$$$$$$$$$$

 ~~~ check solution (better? worse?) ...

 Iteration nr  1 obtained:
 DATVAR=    2.985545 mean sqrd residual=     1.288313  RMS RESIDUAL=     1.135039

 After  1 iterations we got:
 Average absolute & unweighted [and mean] residual of
   330 straight and direct rays =  0.91480 [ -0.88207]
   349 refracted           rays =  1.08159 [  0.13585]
     0 reflected           rays =  0.00000 [  0.00000]

   679 ALL                 RAYS =  1.00053 [ -0.35886]       -3.92 %

 *** WARNING: the data variance has increased.
 ~~~ iteration done; output results ...

  eq       ot     x      y      z      rms    avres   dot     dx     dy     dz
    1      9.11  38.69 111.95  23.18   0.55  -0.27    0.012  0.083  0.032  0.082
    2      9.31  38.06 110.62  22.87   0.54  -0.30    0.010  0.110  0.041  0.073
    3     27.28-129.99  -8.47  12.08   1.06  -0.35   -0.020  0.008  0.123 -0.023
    4     15.67-130.98  -6.84  10.91   1.06  -0.23   -0.028  0.008  0.077 -0.095
    5     45.71 -40.32  38.74  23.72   0.26  -0.59    0.009  0.012 -0.086 -0.082
    6     49.50 -36.85  40.69  16.63   0.42  -1.03   -0.002  0.048 -0.036  0.132
    7     13.97-135.03-119.18   6.39   1.95   0.50   -0.034  0.187 -0.117 -0.011
    8     30.39-140.91 -43.88   8.70   1.11   0.29   -0.011 -0.047 -0.030  0.096
    9     39.69  10.87  56.63  12.08   0.27  -0.80   -0.008 -0.023 -0.054 -0.022
   10     18.24 -87.26-308.29  16.21   1.02   3.41   -0.056 -0.192  0.016  0.009
   11      5.51 -62.50-309.65  15.61   1.21   3.07   -0.087 -0.238 -0.001  0.013
   12     51.20  35.11  94.66  15.75   0.33  -1.08    0.001  0.045  0.038  0.154
   13     46.90  33.36  97.92  19.03   0.71  -0.53   -0.001  0.008  0.060  0.034
   14     55.89  33.40  97.53  14.02   1.12  -0.87   -0.010  0.043  0.001  0.124
   15     44.70  34.10  97.33  17.34   1.23  -0.27    0.001  0.065  0.033  0.140
   16     44.89  35.03  95.85  18.67   1.26  -0.08   -0.009 -0.023  0.114  0.067
   17     22.09  -0.97  82.44  18.58   0.96  -0.72   -0.010  0.046  0.089  0.081
   18     36.48 -34.13   4.46  11.31   0.50  -1.06   -0.023 -0.006 -0.001  0.106
   19     33.29  41.40  64.12  10.11   0.65  -0.99   -0.007 -0.041 -0.036  0.015
   20     45.98  37.93  85.10  16.23   0.88  -0.85   -0.017  0.081 -0.039  0.031
   21     34.10  36.50  82.80  14.49   0.81  -0.94   -0.005 -0.019  0.002 -0.013
   22     25.89  35.80  85.40  13.60   0.44  -1.19   -0.013 -0.021  0.042  0.102
   23     15.89  35.40  86.33  11.60   0.58  -1.25   -0.009 -0.079 -0.037  0.001
   24      1.99  34.83  82.11   5.74   0.76  -1.04   -0.011 -0.011  0.093  0.041
   25     48.62 -45.94  23.70  22.09   0.19  -0.64    0.022  0.027 -0.065  0.088
   26     27.59 -70.38  -3.75  10.34   0.50  -1.05   -0.014  0.067 -0.071  0.044
   27      0.19  -0.65  49.50  13.20   0.45  -0.73   -0.010  0.033 -0.043  0.105
   28     59.09  37.59  76.25  11.47   1.04  -0.80   -0.011 -0.007  0.034 -0.028
   29     20.18-148.72 -12.75  14.71   1.18   0.12   -0.022  0.099  0.080 -0.087
   30      2.90  35.85  76.83  13.36   1.21  -0.53   -0.003 -0.046  0.056 -0.044
   31     20.99  36.51  77.47  14.25   1.29  -0.55   -0.009 -0.064  0.031  0.052
   32     50.80  36.91  77.08  15.33   0.37  -1.07   -0.002 -0.006 -0.023  0.035
   33      0.81  37.26  76.20  15.64   0.70  -0.81    0.006  0.006 -0.015  0.042
   34     55.42 -17.03  34.91  24.50   0.09  -0.55    0.020  0.072 -0.015  0.001
   35     39.24 -71.74  -8.44   3.45   0.73  -0.82    0.037  0.176  0.044  0.052
   36     59.10  36.57  77.88  15.16   1.02  -0.63    0.002 -0.000 -0.002  0.057
   37      5.59  31.33  50.16  14.97   0.36  -1.09   -0.006 -0.033 -0.055  0.065
   38     46.50  73.15  73.00  16.93   0.78  -0.69    0.003 -0.064  0.022  0.034
   39     14.10   0.70  26.15   3.86   0.38  -0.53   -0.000  0.017 -0.068 -0.041
   40     14.60 -41.90  13.87  16.74   0.32  -0.97    0.002  0.053 -0.075 -0.055
   41     56.41  34.84  79.04   5.14   0.72  -1.06    0.009 -0.021 -0.078  0.045
   42     34.30  -4.06  46.26  18.04   0.32  -0.80    0.003  0.037 -0.043  0.043
   43     24.59-110.71 -39.33   5.35   0.65  -1.30   -0.006  0.053  0.056  0.152
   44     49.70  30.31  50.50   8.26   0.50  -0.71    0.002 -0.026 -0.046 -0.038
   45     41.21-145.06  45.51  18.34   1.12   0.37    0.006 -0.024  0.096  0.042
   46     34.09 -57.63  -0.87  16.19   0.44  -1.02   -0.005  0.004 -0.086  0.087
   47      1.02  10.56  80.59  21.95   1.20  -0.05    0.017  0.069  0.023  0.047
   48     37.22  10.56  81.56  23.54   0.42  -0.46    0.020  0.075 -0.004  0.043
   49     35.71  54.74  84.55  22.59   0.46  -0.53    0.009 -0.018 -0.026 -0.011
   50     36.09-102.58 -35.69  15.33   1.01  -0.46   -0.008  0.080 -0.092  0.030
   51     53.18-101.26 -54.47   9.17   1.31  -0.30   -0.017  0.115  0.201 -0.126
   52     43.19-115.46  43.15  15.49   0.97  -0.42   -0.013 -0.041  0.186 -0.013
   53      1.01  10.56  80.73  21.37   1.19  -0.07    0.015  0.071  0.058  0.070
   54      3.15 -83.68 322.78  15.64   0.51   2.16   -0.249 -0.003 -0.030  0.038
   55      3.30 -89.81 304.27   0.43   0.46   1.70   -0.196  0.023 -0.016  0.031
   56     44.90  35.95  67.70  15.01   1.10  -0.63   -0.004 -0.024 -0.027  0.008
   57     47.17 -84.74 154.59  15.60   0.78   1.83   -0.027 -0.027  0.051  0.004
   58     45.59 -81.03 150.78  15.15   1.34   1.06   -0.007  0.105  0.143  0.046
   59      8.51 -82.37   0.35   2.83   0.73  -0.96    0.012  0.091  0.012  0.131
   60      3.58-110.81-118.71   3.83   1.77   0.38   -0.023 -0.092  0.017  0.127
   61      0.55-130.25 -55.09   0.39   0.74  -1.01   -0.055 -0.199 -0.080  0.284
   62     20.09  19.36 152.70  15.67   1.48   0.27   -0.010  0.082  0.050  0.070
   63     18.81 -47.24  29.84  20.14   0.27  -0.75    0.014  0.035 -0.060  0.039
   64      4.75-163.55 183.44   8.01   0.99   2.33   -0.049  0.366  0.441  0.008
   65     23.42 -48.01  20.58  15.49   0.33  -0.90    0.015  0.054 -0.065 -0.011
   66     32.81-152.35  42.96  17.95   0.85   0.13    0.011 -0.050  0.107  0.050
   67     41.91 -37.27  -4.95  19.19   0.46  -0.76    0.006  0.034 -0.044 -0.014
   68     14.19  50.83 105.83  20.35   0.81   0.01   -0.010  0.055  0.159 -0.045
   69     48.30-214.97-349.14  73.50   0.00   0.00    0.000  0.000  0.000  0.000
   70      5.49  33.75  96.84  19.33   1.28  -0.02   -0.005  0.047  0.100  0.034
   71      4.13   6.15  56.66   1.27   0.61  -0.27    0.030  0.021 -0.023 -0.035
   72     56.44 132.67-297.79  96.99  10.51   3.24   -0.359 -0.024  0.031 -0.009
   73     12.91  50.47  81.88  23.08   0.92   0.10    0.013  0.069 -0.018 -0.015
   74     36.21-102.54  70.36  22.01   0.75   0.17    0.009 -0.099  0.173  0.206
   75     46.67-107.79   2.62   0.39   0.98  -0.74   -0.032 -0.201  0.164  0.275
   76     54.60-217.19 302.17   0.10   0.00   0.00    0.000  0.000  0.000  0.000
   77     44.09  50.97  93.76  16.87   0.75  -0.67   -0.006  0.044  0.026  0.066
   78     41.81  38.44  66.42  22.02   0.82  -0.32    0.008  0.073 -0.088  0.016
   79     58.60 -69.62  -4.48   0.32   0.60  -0.86   -0.000  0.153 -0.018  0.217
   80     26.70 -70.02  -5.84   0.28   0.57  -0.83    0.002  0.124 -0.034  0.168
   81     26.90 -69.98  -4.59   0.22   0.59  -0.82    0.005  0.137 -0.018  0.114
   82     23.30 -69.97  -4.49   0.11   0.57  -0.89   -0.002  0.150 -0.023  0.004
   83     23.21 -71.09  -6.13   6.63   0.61  -0.95    0.012  0.094  0.007  0.029
   84     21.21 -43.27   8.67  21.06   0.21  -0.74    0.009  0.117 -0.147  0.055
   85     24.57-167.43 -46.42  10.86   1.37   0.41   -0.032  0.036  0.000 -0.040
   86     44.10 -12.30  30.18  18.14   0.31  -0.87    0.002  0.029 -0.061  0.044
   87     28.82 -61.60   7.06   2.65   0.68  -0.76    0.021  0.060 -0.085  0.054
   88     38.10-103.74 -28.10   8.43   0.83  -1.20   -0.004  0.119  0.019  0.035
   89     47.81-141.89  89.48  20.29   0.94   1.03    0.007 -0.097  0.098  0.094
   90     48.30-139.88  88.16  20.18   0.92   0.92    0.002 -0.061  0.124  0.084
   91     34.09  33.53  85.10  19.51   1.19  -0.13   -0.010  0.072 -0.042  0.006

 A V E R A G E   of ADJUSTMENTS :                    -0.013  0.023  0.014  0.043
 A V E R A G E   of ABSOLUTE ADJUSTMENTS :            0.021  0.065  0.060  0.062


 Step length damping of 0.08510 was applied.


 Velocity adjustments:
     vp    dvp      hp   reflector
 Velocity model   1
   4.430 -0.040   -5.000      
   5.259  0.049   -0.640      
   5.349  0.089    9.930      
   6.046  0.046   20.270      
   7.051  0.001   22.460      
   7.541 -0.019   28.080      
   7.869 -0.051   31.400      
   8.925  0.055   38.400      
   8.926  0.000   39.340      

 Calculation of average velocity starts at layer #           1
 z = -5.00 ... -0.64    v = 4.43    AVEL = 4.43 downto z =  -0.64
 z = -0.64 ...  9.93    v = 5.26    AVEL = 5.02 downto z =   9.93
 z =  9.93 ... 20.27    v = 5.35    AVEL = 5.15 downto z =  20.27
 z = 20.27 ... 22.46    v = 6.05    AVEL = 5.22 downto z =  22.46
 z = 22.46 ... 28.08    v = 7.05    AVEL = 5.53 downto z =  28.08
 z = 28.08 ... 31.40    v = 7.54    AVEL = 5.72 downto z =  31.40
 z = 31.40 ... 38.40    v = 7.87    AVEL = 6.06 downto z =  38.40
 z = 38.40 ... 39.34    v = 8.92    AVEL = 6.12 downto z =  39.34


 Calculation of average velocity starts at layer #           2
 z = -0.64 ...  9.93    v = 5.26    AVEL = 5.26 downto z =   9.93
 z =  9.93 ... 20.27    v = 5.35    AVEL = 5.30 downto z =  20.27
 z = 20.27 ... 22.46    v = 6.05    AVEL = 5.37 downto z =  22.46
 z = 22.46 ... 28.08    v = 7.05    AVEL = 5.70 downto z =  28.08
 z = 28.08 ... 31.40    v = 7.54    AVEL = 5.89 downto z =  31.40
 z = 31.40 ... 38.40    v = 7.87    AVEL = 6.25 downto z =  38.40
 z = 38.40 ... 39.34    v = 8.92    AVEL = 6.31 downto z =  39.34



 Adjusted station corrections:
   stn  ptcor  dpcor  
  624   0.000  0.000  628  -0.020 -0.020  630  -0.009 -0.009  627   0.011  0.011
  621   0.010  0.010  629   0.016  0.016  622   0.005  0.005  620  -0.001 -0.001
  623   0.022  0.022  626   0.011  0.011  625   0.014  0.014  631   0.022  0.022
  632  -0.005 -0.005

 ~~~ another iteration? ...



--------------------------------------------------------------------------------



           ITERATION no  2

 ~~~ set units for this iteration ...
 ~~~ determine number of unknowns for this iter. ...

 Number of unknowns (for array-indexing):  nvar =  385
 Number of effective unknowns        :  nvareff =  386
 Number of elements on/below main diagonal of matrix G = At*A : kvar =   74305

 Damping factors to be used in this iteration:
   Othet=   0.010   XYthet  =   0.010   Zthet=  0.010
 STAthet=   0.010   Vthet   =   1.000

 ~~~ damp G ...
 ~~~ solve G * b = RHT ...
 ~~~ fix units ...
 ~~~ apply eventually step-length damping ...
 ~~~ adjust model (hypocenters, stacorr & veloc.) ...

 doing velocity adjustments now...

 doing station-correction adjustments...

 ~~~ compute effective step-length ...

 (Applied) Step length =   2.256

 ~~~ set units for next iteration ...
 ~~~ determine number of unknowns for next iter. ...

 Number of unknowns (for array-indexing):  nvar =  385
 Number of effective unknowns        :  nvareff =  386
 Number of elements on/below main diagonal of matrix G = At*A : kvar =   74305

 ~~~ reset G and RHT ...
 ~~~ raytracing, setup G ...
 ~~~ store parts of G ...
 ~~~ set units back for current iteration ...
 ~~~ determine number of unknowns for this iter. ...

 Number of unknowns (for array-indexing):  nvar =  385
 Number of effective unknowns        :  nvareff =  386
 Number of elements on/below main diagonal of matrix G = At*A : kvar =   74305

 ~~~ compute RMS and DATVAR ...

 $$$$$$$$$$$$$$$$$$$$$$$$$$$$$$$$$$$$$$$$$$$$$$$$$
 Events with  | AVRES | > 1.0 SEC are suspicious !

 Event#  10 >>>  160920 1607  AVRES =  3.44 NOBS =  2
 Event#  11 >>>  160925 1911  AVRES =  3.14 NOBS =  2
 Event#  22 >>>  161125 0517  AVRES = -1.06 NOBS =  6
 Event#  23 >>>  161125 0525  AVRES = -1.11 NOBS =  6
 Event#  43 >>>  170323 0519  AVRES = -1.17 NOBS =  6
 Event#  54 >>>  170407 1729  AVRES =  2.40 NOBS =  2
 Event#  55 >>>  170407 1729  AVRES =  1.94 NOBS =  5
 Event#  57 >>>  170409 0856  AVRES =  1.87 NOBS =  6
 Event#  58 >>>  170409 0902  AVRES =  1.11 NOBS =  7
 Event#  64 >>>  170414 0540  AVRES =  2.40 NOBS = 11
 Event#  72 >>>  170418 1005  AVRES =  2.91 NOBS =  1
 Event#  88 >>>  170427 1041  AVRES = -1.06 NOBS =  7
 Event#  89 >>>  170427 2010  AVRES =  1.05 NOBS =  8

 ^^^^^^^^^ C H E C K   these events above ^^^^^^^^
 $$$$$$$$$$$$$$$$$$$$$$$$$$$$$$$$$$$$$$$$$$$$$$$$$

 ~~~ check solution (better? worse?) ...

 Iteration nr  2 obtained:
 DATVAR=    2.827837 mean sqrd residual=     1.220260  RMS RESIDUAL=     1.104654

 After  2 iterations we got:
 Average absolute & unweighted [and mean] residual of
   332 straight and direct rays =  0.81974 [ -0.78782]
   347 refracted           rays =  1.05380 [  0.22365]
     0 reflected           rays =  0.00000 [  0.00000]

   679 ALL                 RAYS =  0.93935 [ -0.27091]       -6.11 %

 ~~~ iteration done; output results ...

  eq       ot     x      y      z      rms    avres   dot     dx     dy     dz
    1      9.10  38.79 112.00  23.32   0.52  -0.22   -0.008  0.096  0.054  0.139
    2      9.30  38.17 110.68  23.01   0.52  -0.25   -0.011  0.114  0.062  0.137
    3     27.24-130.01  -8.36  12.10   1.03  -0.24   -0.038 -0.013  0.104  0.023
    4     15.61-131.06  -6.79  10.85   1.02  -0.12   -0.058 -0.088  0.050 -0.053
    5     45.71 -40.28  38.58  23.65   0.24  -0.52   -0.000  0.041 -0.162 -0.069
    6     49.49 -36.77  40.66  16.82   0.38  -0.92   -0.010  0.076 -0.029  0.187
    7     13.91-134.66-119.33   6.22   1.91   0.63   -0.057  0.368 -0.151 -0.168
    8     30.36-140.97 -43.87   8.78   1.10   0.38   -0.033 -0.057  0.017  0.082
    9     39.67  10.87  56.58  12.08   0.24  -0.72   -0.021 -0.000 -0.050 -0.001
   10     18.21 -87.48-308.27  16.21   1.00   3.44   -0.036 -0.224  0.015  0.005
   11      5.44 -62.77-309.65  15.62   1.18   3.14   -0.070 -0.275 -0.005  0.011
   12     51.19  35.15  94.75  15.88   0.30  -0.96   -0.013  0.036  0.094  0.123
   13     46.89  33.43  97.96  19.10   0.68  -0.45   -0.011  0.073  0.044  0.068
   14     55.87  33.47  97.54  14.15   1.08  -0.75   -0.024  0.067  0.012  0.128
   15     44.69  34.19  97.36  17.53   1.20  -0.18   -0.013  0.092  0.029  0.192
   16     44.86  35.02  95.99  18.77   1.22  -0.01   -0.028 -0.018  0.139  0.105
   17     22.06  -0.90  82.55  18.73   0.92  -0.62   -0.026  0.068  0.111  0.151
   18     36.45 -34.09   4.48  11.42   0.45  -0.94   -0.025  0.037  0.016  0.116
   19     33.28  41.40  64.04  10.07   0.57  -0.88   -0.014 -0.007 -0.086 -0.040
   20     45.95  38.03  85.09  16.28   0.83  -0.72   -0.033  0.098 -0.014  0.044
   21     34.07  36.47  82.84  14.46   0.78  -0.82   -0.022 -0.029  0.039 -0.027
   22     25.86  35.77  85.47  13.69   0.40  -1.06   -0.027 -0.031  0.071  0.083
   23     15.87  35.30  86.30  11.56   0.54  -1.11   -0.023 -0.097 -0.024 -0.044
   24      1.96  34.81  82.23   5.81   0.71  -0.94   -0.032 -0.018  0.121  0.068
   25     48.64 -45.89  23.63  22.22   0.17  -0.57    0.021  0.056 -0.070  0.135
   26     27.56 -70.33  -3.88  10.43   0.45  -0.93   -0.023  0.051 -0.125  0.081
   27      0.16  -0.60  49.49  13.47   0.40  -0.64   -0.033  0.053 -0.014  0.269
   28     59.06  37.59  76.31  11.44   0.99  -0.69   -0.027 -0.002  0.060 -0.031
   29     20.13-148.71 -12.74  14.66   1.14   0.21   -0.050  0.017  0.011 -0.054
   30      2.88  35.82  76.90  13.36   1.15  -0.43   -0.020 -0.032  0.077 -0.000
   31     20.97  36.45  77.52  14.33   1.25  -0.44   -0.024 -0.057  0.054  0.080
   32     50.78  36.94  77.03  15.45   0.33  -0.95   -0.018  0.031 -0.053  0.112
   33      0.80  37.29  76.18  15.74   0.67  -0.71   -0.010  0.026 -0.016  0.096
   34     55.43 -16.92  34.89  24.54   0.08  -0.49    0.014  0.111 -0.018  0.041
   35     39.28 -71.48  -8.34   3.55   0.67  -0.74    0.040  0.259  0.094  0.095
   36     59.09  36.59  77.88  15.29   0.98  -0.53   -0.015  0.022 -0.001  0.128
   37      5.57  31.31  50.10  15.06   0.33  -0.97   -0.020 -0.016 -0.056  0.094
   38     46.47  73.21  72.93  17.03   0.75  -0.58   -0.032  0.060 -0.066  0.092
   39     14.09   0.74  26.08   3.86   0.35  -0.48   -0.012  0.034 -0.079  0.003
   40     14.59 -41.82  13.79  16.75   0.29  -0.87   -0.008  0.080 -0.079  0.006
   41     56.40  34.81  78.94   5.21   0.66  -0.96   -0.007 -0.027 -0.100  0.068
   42     34.30  -3.99  46.22  18.11   0.29  -0.72   -0.004  0.065 -0.045  0.069
   43     24.58-110.57 -39.30   5.53   0.59  -1.17   -0.017  0.132  0.034  0.175
   44     49.69  30.29  50.46   8.25   0.45  -0.64   -0.015 -0.016 -0.041 -0.011
   45     41.19-145.17  45.50  18.44   1.07   0.43   -0.014 -0.111 -0.010  0.102
   46     34.08 -57.63  -0.99  16.37   0.40  -0.92   -0.017 -0.000 -0.122  0.186
   47      1.02  10.64  80.64  22.06   1.16  -0.00    0.002  0.083  0.054  0.115
   48     37.22  10.65  81.60  23.69   0.40  -0.40    0.004  0.090  0.039  0.142
   49     35.70  54.75  84.52  22.67   0.43  -0.46   -0.013  0.009 -0.031  0.079
   50     36.06-102.63 -35.67  15.38   0.96  -0.37   -0.029 -0.054  0.017  0.048
   51     53.15-101.11 -54.30   9.03   1.27  -0.18   -0.038  0.149  0.172 -0.149
   52     43.16-115.61  43.31  15.58   0.93  -0.33   -0.031 -0.152  0.160  0.094
   53      1.02  10.64  80.83  21.51   1.15  -0.01    0.000  0.084  0.096  0.143
   54      2.93 -83.68 322.75  15.67   0.50   2.40   -0.225 -0.008 -0.029  0.034
   55      3.13 -89.77 304.26   0.46   0.44   1.94   -0.178  0.043 -0.008  0.027
   56     44.88  35.95  67.68  15.04   1.06  -0.53   -0.019 -0.003 -0.027  0.035
   57     47.14 -84.72 154.68  15.61   0.77   1.87   -0.035  0.012  0.084  0.005
   58     45.56 -80.82 150.90  15.15   1.31   1.11   -0.030  0.210  0.120  0.004
   59      8.51 -82.27   0.34   2.98   0.70  -0.85   -0.004  0.093 -0.008  0.150
   60      3.53-110.95-118.62   3.88   1.76   0.50   -0.048 -0.142  0.085  0.058
   61      0.48-130.52 -55.24   0.97   0.70  -0.87   -0.064 -0.273 -0.145  0.580
   62     20.06  19.54 152.81  15.79   1.45   0.33   -0.032  0.183  0.116  0.123
   63     18.82 -47.18  29.80  20.23   0.25  -0.67    0.007  0.059 -0.045  0.093
   64      4.71-163.11 183.97   8.01   0.97   2.40   -0.037  0.446  0.533  0.006
   65     23.43 -47.94  20.51  15.51   0.30  -0.81    0.012  0.076 -0.067  0.018
   66     32.80-152.38  43.26  18.05   0.82   0.19   -0.016 -0.028  0.304  0.095
   67     41.90 -37.20  -5.08  19.24   0.43  -0.68   -0.005  0.074 -0.123  0.053
   68     14.17  50.98 105.96  20.35   0.78   0.06   -0.022  0.147  0.127 -0.001
   69     48.30-214.97-349.14  73.50   0.00   0.00    0.000  0.000  0.000  0.000
   70      5.48  33.89  96.91  19.43   1.24   0.04   -0.014  0.141  0.063  0.093
   71      4.15   6.19  56.67   1.23   0.60  -0.25    0.019  0.045  0.005 -0.032
   72     56.76 132.70-297.81  97.00   8.47   2.91    0.317  0.021 -0.027  0.008
   73     12.91  50.66  81.80  23.23   0.89   0.14   -0.007  0.199 -0.084  0.145
   74     36.20-102.68  70.65  22.36   0.72   0.21   -0.010 -0.137  0.286  0.353
   75     46.63-108.14   2.81   1.00   0.99  -0.63   -0.035 -0.357  0.190  0.619
   76     54.60-217.19 302.17   0.10   0.00   0.00    0.000  0.000  0.000  0.000
   77     44.08  51.09  93.72  16.99   0.73  -0.58   -0.016  0.117 -0.040  0.125
   78     41.80  38.54  66.32  22.10   0.79  -0.26   -0.009  0.105 -0.095  0.086
   79     58.61 -69.51  -4.53   0.86   0.56  -0.76    0.011  0.109 -0.048  0.544
   80     26.71 -69.92  -5.91   0.73   0.53  -0.73    0.009  0.092 -0.070  0.454
   81     26.91 -69.87  -4.65   0.60   0.55  -0.72    0.010  0.115 -0.052  0.378
   82     23.29 -69.79  -4.54   0.12   0.52  -0.77   -0.006  0.181 -0.055  0.007
   83     23.22 -70.93  -6.06   6.71   0.55  -0.86    0.012  0.162  0.072  0.079
   84     21.22 -43.15   8.53  21.12   0.19  -0.66    0.010  0.111 -0.136  0.067
   85     24.51-167.35 -46.57  10.79   1.35   0.51   -0.057  0.080 -0.147 -0.065
   86     44.10 -12.25  30.12  18.22   0.27  -0.77   -0.005  0.055 -0.060  0.075
   87     28.83 -61.49   6.94   2.78   0.63  -0.69    0.011  0.101 -0.118  0.126
   88     38.07-103.60 -28.14   8.47   0.79  -1.06   -0.024  0.141 -0.042  0.036
   89     47.79-141.89  89.71  20.42   0.91   1.05   -0.012  0.007  0.229  0.127
   90     48.30-140.00  88.37  20.36   0.88   0.94   -0.007 -0.118  0.209  0.171
   91     34.06  33.63  85.06  19.54   1.14  -0.05   -0.030  0.102 -0.039  0.038

 A V E R A G E   of ADJUSTMENTS :                    -0.017  0.037  0.015  0.090
 A V E R A G E   of ABSOLUTE ADJUSTMENTS :            0.028  0.090  0.079  0.106


 Step length damping of 0.10440 was applied.


 Velocity adjustments:
     vp    dvp      hp   reflector
 Velocity model   1
   4.393 -0.037   -5.000      
   5.306  0.048   -0.640      
   5.449  0.101    9.930      
   6.102  0.055   20.270      
   7.034 -0.016   22.460      
   7.485 -0.056   28.080      
   7.870  0.001   31.400      
   8.725 -0.200   38.400      
   8.916 -0.010   39.340      

 Calculation of average velocity starts at layer #           1
 z = -5.00 ... -0.64    v = 4.39    AVEL = 4.39 downto z =  -0.64
 z = -0.64 ...  9.93    v = 5.31    AVEL = 5.04 downto z =   9.93
 z =  9.93 ... 20.27    v = 5.45    AVEL = 5.21 downto z =  20.27
 z = 20.27 ... 22.46    v = 6.10    AVEL = 5.28 downto z =  22.46
 z = 22.46 ... 28.08    v = 7.03    AVEL = 5.58 downto z =  28.08
 z = 28.08 ... 31.40    v = 7.48    AVEL = 5.75 downto z =  31.40
 z = 31.40 ... 38.40    v = 7.87    AVEL = 6.09 downto z =  38.40
 z = 38.40 ... 39.34    v = 8.72    AVEL = 6.15 downto z =  39.34


 Calculation of average velocity starts at layer #           2
 z = -0.64 ...  9.93    v = 5.31    AVEL = 5.31 downto z =   9.93
 z =  9.93 ... 20.27    v = 5.45    AVEL = 5.38 downto z =  20.27
 z = 20.27 ... 22.46    v = 6.10    AVEL = 5.45 downto z =  22.46
 z = 22.46 ... 28.08    v = 7.03    AVEL = 5.76 downto z =  28.08
 z = 28.08 ... 31.40    v = 7.48    AVEL = 5.94 downto z =  31.40
 z = 31.40 ... 38.40    v = 7.87    AVEL = 6.28 downto z =  38.40
 z = 38.40 ... 39.34    v = 8.72    AVEL = 6.34 downto z =  39.34



 Adjusted station corrections:
   stn  ptcor  dpcor  
  624   0.000  0.000  628  -0.044 -0.025  630  -0.026 -0.017  627   0.018  0.007
  621   0.026  0.016  629   0.028  0.012  622   0.017  0.011  620   0.007  0.008
  623   0.047  0.025  626   0.021  0.010  625   0.029  0.015  631   0.055  0.034
  632   0.002  0.006

 ~~~ another iteration? ...



--------------------------------------------------------------------------------



           ITERATION no  3

 ~~~ set units for this iteration ...
 ~~~ determine number of unknowns for this iter. ...

 Number of unknowns (for array-indexing):  nvar =  385
 Number of effective unknowns        :  nvareff =  386
 Number of elements on/below main diagonal of matrix G = At*A : kvar =   74305

 Damping factors to be used in this iteration:
   Othet=   0.010   XYthet  =   0.010   Zthet=  0.010
 STAthet=   0.010   Vthet   =   1.000

 ~~~ damp G ...
 ~~~ solve G * b = RHT ...
 ~~~ fix units ...
 ~~~ apply eventually step-length damping ...
 ~~~ adjust model (hypocenters, stacorr & veloc.) ...

 doing velocity adjustments now...
 WARNING: Tried to introduce a low-velocity-layer! (Layer  9)
 Setting DVP from -0.20 to 0.0 and VP to vp(layer_above)+0.001

 doing station-correction adjustments...

 ~~~ compute effective step-length ...

 (Applied) Step length =   1.972

 ~~~ set units for next iteration ...
 ~~~ determine number of unknowns for next iter. ...

 Number of unknowns (for array-indexing):  nvar =  385
 Number of effective unknowns        :  nvareff =  386
 Number of elements on/below main diagonal of matrix G = At*A : kvar =   74305

 ~~~ reset G and RHT ...
 ~~~ raytracing, setup G ...
 ~~~ store parts of G ...
 ~~~ set units back for current iteration ...
 ~~~ determine number of unknowns for this iter. ...

 Number of unknowns (for array-indexing):  nvar =  385
 Number of effective unknowns        :  nvareff =  386
 Number of elements on/below main diagonal of matrix G = At*A : kvar =   74305

 ~~~ compute RMS and DATVAR ...

 $$$$$$$$$$$$$$$$$$$$$$$$$$$$$$$$$$$$$$$$$$$$$$$$$
 Events with  | AVRES | > 1.0 SEC are suspicious !

 Event#  10 >>>  160920 1607  AVRES =  3.33 NOBS =  2
 Event#  11 >>>  160925 1911  AVRES =  3.05 NOBS =  2
 Event#  23 >>>  161125 0525  AVRES = -1.00 NOBS =  6
 Event#  43 >>>  170323 0519  AVRES = -1.05 NOBS =  6
 Event#  54 >>>  170407 1729  AVRES =  2.42 NOBS =  2
 Event#  55 >>>  170407 1729  AVRES =  1.99 NOBS =  5
 Event#  57 >>>  170409 0856  AVRES =  1.83 NOBS =  6
 Event#  58 >>>  170409 0902  AVRES =  1.11 NOBS =  7
 Event#  64 >>>  170414 0540  AVRES =  2.35 NOBS = 11
 Event#  72 >>>  170418 1005  AVRES =  2.92 NOBS =  1
 Event#  89 >>>  170427 2010  AVRES =  1.03 NOBS =  8

 ^^^^^^^^^ C H E C K   these events above ^^^^^^^^
 $$$$$$$$$$$$$$$$$$$$$$$$$$$$$$$$$$$$$$$$$$$$$$$$$

 ~~~ check solution (better? worse?) ...

 Iteration nr  3 obtained:
 DATVAR=    2.583370 mean sqrd residual=     1.114768  RMS RESIDUAL=     1.055826

 After  3 iterations we got:
 Average absolute & unweighted [and mean] residual of
   341 straight and direct rays =  0.74786 [ -0.71525]
   338 refracted           rays =  1.00905 [  0.29943]
     0 reflected           rays =  0.00000 [  0.00000]

   679 ALL                 RAYS =  0.87788 [ -0.21015]       -6.54 %

 ~~~ iteration done; output results ...

  eq       ot     x      y      z      rms    avres   dot     dx     dy     dz
    1      9.10  38.86 112.04  23.42   0.49  -0.19   -0.009  0.076  0.040  0.098
    2      9.29  38.27 110.73  23.11   0.49  -0.21   -0.011  0.094  0.047  0.101
    3     27.20-130.05  -8.28  12.12   0.98  -0.17   -0.038 -0.041  0.082  0.020
    4     15.56-131.13  -6.74  10.80   0.98  -0.05   -0.050 -0.061  0.047 -0.054
    5     45.71 -40.26  38.50  23.59   0.22  -0.47   -0.003  0.022 -0.078 -0.062
    6     49.47 -36.70  40.62  16.98   0.35  -0.82   -0.013  0.069 -0.041  0.164
    7     13.86-134.42-119.38   6.07   1.82   0.67   -0.048  0.240 -0.055 -0.154
    8     30.33-141.01 -43.86   8.85   1.06   0.43   -0.030 -0.046  0.006  0.076
    9     39.65  10.86  56.53  12.09   0.22  -0.64   -0.022 -0.002 -0.053  0.011
   10     18.17 -87.70-308.26  16.22   0.99   3.33   -0.042 -0.212  0.016  0.006
   11      5.37 -63.04-309.65  15.63   1.18   3.05   -0.072 -0.262 -0.004  0.010
   12     51.17  35.19  94.82  16.05   0.27  -0.86   -0.018  0.046  0.061  0.168
   13     46.87  33.49  97.99  19.16   0.64  -0.39   -0.014  0.054  0.029  0.058
   14     55.84  33.52  97.55  14.30   1.02  -0.65   -0.027  0.055  0.014  0.145
   15     44.67  34.27  97.38  17.70   1.14  -0.12   -0.014  0.077  0.013  0.165
   16     44.84  35.00  96.10  18.85   1.17   0.04   -0.026 -0.014  0.106  0.082
   17     22.04  -0.84  82.63  18.86   0.88  -0.54   -0.026  0.058  0.085  0.125
   18     36.42 -34.10   4.46  11.57   0.40  -0.85   -0.034 -0.009 -0.016  0.150
   19     33.27  41.41  63.93  10.03   0.51  -0.79   -0.013  0.010 -0.105 -0.046
   20     45.93  38.00  85.12  16.34   0.79  -0.63   -0.021 -0.027  0.035  0.067
   21     34.05  36.45  82.84  14.46   0.75  -0.73   -0.021 -0.019 -0.001 -0.004
   22     25.83  35.75  85.52  13.81   0.36  -0.95   -0.028 -0.018  0.050  0.123
   23     15.84  35.22  86.28  11.57   0.50  -1.00   -0.025 -0.076 -0.026  0.011
   24      1.92  34.77  82.35   5.88   0.67  -0.85   -0.035 -0.038  0.121  0.066
   25     48.66 -45.83  23.56  22.34   0.16  -0.51    0.013  0.054 -0.067  0.114
   26     27.54 -70.27  -3.96  10.47   0.40  -0.83   -0.018  0.057 -0.079  0.044
   27      0.13  -0.55  49.46  13.68   0.37  -0.56   -0.028  0.045 -0.030  0.208
   28     59.03  37.58  76.36  11.42   0.93  -0.60   -0.026 -0.007  0.051 -0.026
   29     20.09-148.65 -12.72  14.58   1.07   0.27   -0.043  0.058  0.023 -0.076
   30      2.86  35.78  76.97  13.33   1.10  -0.36   -0.020 -0.044  0.068 -0.021
   31     20.94  36.38  77.57  14.39   1.19  -0.36   -0.023 -0.064  0.041  0.059
   32     50.76  36.92  77.04  15.47   0.30  -0.86   -0.017 -0.020  0.008  0.025
   33      0.79  37.30  76.15  15.81   0.64  -0.62   -0.011  0.015 -0.026  0.073
   34     55.44 -16.83  34.87  24.57   0.08  -0.44    0.008  0.093 -0.023  0.030
   35     39.30 -71.23  -8.24   3.65   0.63  -0.68    0.028  0.250  0.099  0.101
   36     59.08  36.59  77.88  15.36   0.93  -0.45   -0.013  0.007 -0.006  0.070
   37      5.55  31.29  50.05  15.14   0.28  -0.87   -0.022 -0.018 -0.056  0.084
   38     46.46  73.12  73.00  17.07   0.71  -0.51   -0.009 -0.098  0.070  0.040
   39     14.07   0.76  26.00   3.89   0.32  -0.44   -0.017  0.023 -0.076  0.024
   40     14.58 -41.74  13.73  16.74   0.26  -0.78   -0.011  0.082 -0.069 -0.008
   41     56.39  34.77  78.83   5.29   0.61  -0.87   -0.012 -0.040 -0.101  0.081
   42     34.29  -3.94  46.17  18.17   0.26  -0.64   -0.009  0.055 -0.051  0.060
   43     24.56-110.41 -39.24   5.68   0.54  -1.05   -0.017  0.162  0.057  0.156
   44     49.67  30.27  50.42   8.27   0.42  -0.58   -0.019 -0.022 -0.036  0.020
   45     41.18-145.24  45.61  18.52   1.01   0.44   -0.009 -0.068  0.104  0.073
   46     34.06 -57.62  -1.08  16.53   0.36  -0.82   -0.019  0.012 -0.093  0.156
   47      1.02  10.72  80.67  22.15   1.11   0.03   -0.000  0.078  0.035  0.089
   48     37.23  10.73  81.63  23.79   0.38  -0.34    0.002  0.078  0.024  0.107
   49     35.69  54.75  84.49  22.72   0.41  -0.40   -0.011 -0.002 -0.035  0.052
   50     36.04-102.65 -35.64  15.42   0.92  -0.29   -0.027 -0.022  0.031  0.039
   51     53.11-100.98 -54.12   8.82   1.22  -0.11   -0.037  0.133  0.179 -0.207
   52     43.12-115.72  43.47  15.64   0.88  -0.26   -0.033 -0.110  0.169  0.059
   53      1.01  10.72  80.90  21.62   1.10   0.02   -0.002  0.078  0.070  0.110
   54      2.72 -83.69 322.73  15.70   0.48   2.42   -0.210 -0.006 -0.027  0.031
   55      2.96 -89.73 304.25   0.48   0.41   1.99   -0.170  0.035 -0.010  0.026
   56     44.86  35.94  67.64  15.07   1.01  -0.45   -0.019 -0.011 -0.039  0.031
   57     47.10 -84.72 154.76  15.61   0.74   1.83   -0.035  0.008  0.076  0.005
   58     45.54 -80.68 151.09  15.22   1.24   1.11   -0.020  0.143  0.194  0.068
   59      8.50 -82.16   0.33   3.14   0.67  -0.76   -0.010  0.111 -0.010  0.159
   60      3.48-111.05-118.56   3.92   1.70   0.56   -0.048 -0.097  0.069  0.034
   61      0.42-130.76 -55.36   1.49   0.67  -0.75   -0.057 -0.244 -0.122  0.514
   62     20.03  19.69 152.88  15.89   1.39   0.37   -0.032  0.153  0.072  0.094
   63     18.82 -47.14  29.74  20.32   0.22  -0.61   -0.001  0.041 -0.056  0.087
   64      4.67-162.71 184.45   8.02   0.93   2.35   -0.045  0.402  0.483  0.007
   65     23.43 -47.86  20.44  15.53   0.27  -0.72    0.003  0.072 -0.068  0.019
   66     32.79-152.46  43.35  18.13   0.78   0.22   -0.007 -0.086  0.089  0.080
   67     41.89 -37.13  -5.18  19.26   0.41  -0.60   -0.009  0.070 -0.102  0.019
   68     14.14  51.08 106.09  20.34   0.74   0.09   -0.026  0.102  0.133 -0.013
   69     48.30-214.97-349.14  73.50   0.00   0.00    0.000  0.000  0.000  0.000
   70      5.46  33.99  96.95  19.50   1.18   0.08   -0.016  0.104  0.047  0.070
   71      4.16   6.23  56.67   1.21   0.58  -0.23    0.012  0.036  0.003 -0.024
   72     56.43 132.67-297.79  96.99   8.55   2.92   -0.325 -0.022  0.028 -0.008
   73     12.90  50.75  81.78  23.22   0.85   0.16   -0.002  0.083 -0.020 -0.011
   74     36.19-102.82  70.90  22.69   0.69   0.22   -0.012 -0.141  0.253  0.329
   75     46.60-108.44   2.98   1.54   0.98  -0.55   -0.032 -0.298  0.173  0.537
   76     54.60-217.19 302.17   0.10   0.00   0.00    0.000  0.000  0.000  0.000
   77     44.06  51.16  93.70  17.09   0.70  -0.50   -0.020  0.072 -0.015  0.102
   78     41.79  38.63  66.26  22.16   0.75  -0.21   -0.009  0.084 -0.058  0.055
   79     58.62 -69.42  -4.57   1.33   0.53  -0.68    0.008  0.091 -0.037  0.473
   80     26.72 -69.85  -5.96   1.14   0.50  -0.66    0.007  0.074 -0.057  0.403
   81     26.92 -69.78  -4.69   0.95   0.52  -0.65    0.010  0.087 -0.043  0.343
   82     23.30 -69.66  -4.59   0.13   0.48  -0.69    0.004  0.123 -0.045  0.005
   83     23.23 -70.76  -5.97   6.79   0.51  -0.78    0.005  0.165  0.087  0.086
   84     21.22 -43.06   8.41  21.17   0.17  -0.60    0.003  0.099 -0.118  0.047
   85     24.47-167.29 -46.72  10.76   1.29   0.56   -0.045  0.052 -0.153 -0.033
   86     44.08 -12.20  30.05  18.30   0.24  -0.70   -0.012  0.050 -0.069  0.079
   87     28.83 -61.39   6.84   2.91   0.59  -0.63    0.001  0.101 -0.100  0.133
   88     38.05-103.44 -28.17   8.50   0.76  -0.94   -0.025  0.159 -0.028  0.028
   89     47.79-142.02  89.83  20.60   0.86   1.03   -0.007 -0.129  0.128  0.177
   90     48.28-140.08  88.53  20.52   0.83   0.93   -0.013 -0.085  0.159  0.161
   91     34.03  33.72  85.02  19.56   1.08   0.00   -0.027  0.088 -0.042  0.020

 A V E R A G E   of ADJUSTMENTS :                    -0.024  0.024  0.016  0.077
 A V E R A G E   of ABSOLUTE ADJUSTMENTS :            0.027  0.079  0.067  0.093


 Step length damping of 0.09888 was applied.


 Velocity adjustments:
     vp    dvp      hp   reflector
 Velocity model   1
   4.366 -0.026   -5.000      
   5.343  0.037   -0.640      
   5.532  0.083    9.930      
   6.158  0.056   20.270      
   7.019 -0.015   22.460      
   7.429 -0.056   28.080      
   7.848 -0.022   31.400      
   8.811  0.086   38.400      
   8.812  0.000   39.340      

 Calculation of average velocity starts at layer #           1
 z = -5.00 ... -0.64    v = 4.37    AVEL = 4.37 downto z =  -0.64
 z = -0.64 ...  9.93    v = 5.34    AVEL = 5.06 downto z =   9.93
 z =  9.93 ... 20.27    v = 5.53    AVEL = 5.25 downto z =  20.27
 z = 20.27 ... 22.46    v = 6.16    AVEL = 5.32 downto z =  22.46
 z = 22.46 ... 28.08    v = 7.02    AVEL = 5.61 downto z =  28.08
 z = 28.08 ... 31.40    v = 7.43    AVEL = 5.78 downto z =  31.40
 z = 31.40 ... 38.40    v = 7.85    AVEL = 6.11 downto z =  38.40
 z = 38.40 ... 39.34    v = 8.81    AVEL = 6.17 downto z =  39.34


 Calculation of average velocity starts at layer #           2
 z = -0.64 ...  9.93    v = 5.34    AVEL = 5.34 downto z =   9.93
 z =  9.93 ... 20.27    v = 5.53    AVEL = 5.44 downto z =  20.27
 z = 20.27 ... 22.46    v = 6.16    AVEL = 5.51 downto z =  22.46
 z = 22.46 ... 28.08    v = 7.02    AVEL = 5.80 downto z =  28.08
 z = 28.08 ... 31.40    v = 7.43    AVEL = 5.97 downto z =  31.40
 z = 31.40 ... 38.40    v = 7.85    AVEL = 6.31 downto z =  38.40
 z = 38.40 ... 39.34    v = 8.81    AVEL = 6.37 downto z =  39.34



 Adjusted station corrections:
   stn  ptcor  dpcor  
  624   0.000  0.000  628  -0.064 -0.020  630  -0.039 -0.013  627   0.028  0.010
  621   0.040  0.014  629   0.040  0.012  622   0.026  0.010  620   0.014  0.006
  623   0.069  0.022  626   0.033  0.011  625   0.045  0.016  631   0.083  0.027
  632   0.004  0.002

 ~~~ another iteration? ...
 NITT = ITTMAX  --> stop iterations.
 ~~~ final solution reached ...

 ~~~ damp G & Chol.-Decomp.: NOT made (switch iresolcalc is NOT set !)

 Final rms values:  0.49 0.49 0.98 0.98 0.22 0.35 1.82 1.06 0.22 0.99
                    1.18 0.27 0.64 1.02 1.14 1.17 0.88 0.40 0.51 0.79
                    0.75 0.36 0.50 0.67 0.16 0.40 0.37 0.93 1.07 1.10
                    1.19 0.30 0.64 0.08 0.63 0.93 0.28 0.71 0.32 0.26
                    0.61 0.26 0.54 0.42 1.01 0.36 1.11 0.38 0.41 0.92
                    1.22 0.88 1.10 0.48 0.41 1.01 0.74 1.24 0.67 1.70
                    0.67 1.39 0.22 0.93 0.27 0.78 0.41 0.74 0.00 1.18
                    0.58 8.55 0.85 0.69 0.98 0.00 0.70 0.75 0.53 0.50
                    0.52 0.48 0.51 0.17 1.29 0.24 0.59 0.76 0.86 0.83
                    1.08



 ~~~ output final hypocenters ...

      date    origin   latitude longitude  depth  mag  no  rms      x      y      z
   1 160818 1613  9.10 73.0041N 124.8424E  23.42 1.40   6 0.492   38.86 112.04  23.42
   2 160818 1613  9.29 72.9923N 124.8605E  23.11 1.10   6 0.488   38.27 110.73  23.11
   3 160819 0959 27.20 71.9258N 129.7616E  12.12 4.00  12 0.977 -130.05  -8.28  12.12
   4 160820 1506 15.56 71.9396N 129.7942E  10.80 1.50   9 0.976 -131.13  -6.74  10.80
   5 160820 1904 45.71 72.3451N 127.1777E  23.59 1.20   6 0.224  -40.26  38.50  23.59
   6 160822 1318 49.47 72.3641N 127.0743E  16.98 0.60   8 0.346  -36.70  40.62  16.98
   7 160823 0652 13.86 70.9301N 129.7873E   6.07 2.90   6 1.822 -134.42-119.38   6.07
   8 160824 1510 30.33 71.6069N 130.0443E   8.85 1.50   9 1.056 -141.01 -43.86   8.85
   9 160906 1514 39.65 72.5066N 125.6808E  12.09 0.90   6 0.218   10.86  56.53  12.09
  10 160920 1607 18.17 69.2374N 128.3670E  16.22 2.60   2 0.989  -87.70-308.26  16.22
  11 160925 1911  5.37 69.2249N 127.7009E  15.63 2.30   2 1.181  -63.04-309.65  15.63
  12 161004 0841 51.17 72.8497N 124.9562E  16.05 0.20   6 0.266   35.19  94.82  16.05
  13 161005 1619 46.87 72.8782N 125.0060E  19.16 1.00   9 0.639   33.49  97.99  19.16
  14 161006 0156 55.84 72.8742N 125.0051E  14.30 1.00   7 1.021   33.52  97.55  14.30
  15 161009 0036 44.67 72.8727N 124.9830E  17.70 1.30   8 1.144   34.27  97.38  17.70
  16 161009 0036 44.84 72.8612N 124.9615E  18.85 1.20   7 1.166   35.00  96.10  18.85
  17 161012 0800 22.04 72.7406N 126.0249E  18.86 0.80   7 0.876   -0.84  82.63  18.86
  18 161015 1013 36.42 72.0400N 126.9894E  11.57 0.70   7 0.403  -34.10   4.46  11.57
  19 161021 0507 33.27 72.5730N 124.7812E  10.03 0.80   6 0.513   41.41  63.93  10.03
  20 161124 2250 45.93 72.7628N 124.8755E  16.34 3.10   4 0.788   38.00  85.12  16.34
  21 161125 0156 34.05 72.7424N 124.9220E  14.46 0.60   7 0.751   36.45  82.84  14.46
  22 161125 0517 25.83 72.7664N 124.9420E  13.81 1.60   6 0.362   35.75  85.52  13.81
  23 161125 0525 15.84 72.7732N 124.9574E  11.57 0.80   6 0.500   35.22  86.28  11.57
  24 161125 0556  1.92 72.7380N 124.9719E   5.88 0.20   6 0.670   34.77  82.35   5.88
  25 170117 0846 48.66 72.2112N 127.3359E  22.34 0.30   6 0.160  -45.83  23.56  22.34
  26 170122 1614 27.54 71.9645N 128.0348E  10.47 0.90   6 0.404  -70.27  -3.96  10.47
  27 170125 2244  0.13 72.4432N 126.0161E  13.68 0.80   6 0.367   -0.55  49.46  13.68
  28 170302 1359 59.03 72.6843N 124.8904E  11.42 0.50   7 0.934   37.58  76.36  11.42
  29 170302 2335 20.09 71.8860N 130.2951E  14.58 2.10   9 1.074 -148.65 -12.72  14.58
  30 170304 2135  2.86 72.6898N 124.9436E  13.33 1.30   7 1.100   35.78  76.97  13.33
  31 170307 0447 20.94 72.6951N 124.9254E  14.39 1.70  10 1.186   36.38  77.57  14.39
  32 170307 2016 50.76 72.6904N 124.9098E  15.47 1.10   6 0.305   36.92  77.04  15.47
  33 170309 1454  0.79 72.6825N 124.8986E  15.81 0.30   6 0.636   37.30  76.15  15.81
  34 170311 0430 55.44 72.3125N 126.4919E  24.57 0.30   6 0.075  -16.83  34.87  24.57
  35 170312 0416 39.30 71.9261N 128.0603E   3.65 2.10   6 0.626  -71.23  -8.24   3.65
  36 170313 0553 59.08 72.6979N 124.9192E  15.36 1.00   9 0.934   36.59  77.88  15.36
  37 170313 0809  5.55 72.4485N 125.0820E  15.14 1.20   7 0.281   31.29  50.05  15.14
  38 170315 0234 46.46 72.6542N 123.8430E  17.07 1.40   7 0.711   73.12  73.00  17.07
  39 170317 1007 14.07 72.2330N 125.9779E   3.89 0.50   7 0.321    0.76  26.00   3.89
  40 170320 0711 14.58 72.1230N 127.2137E  16.74 0.90   6 0.263  -41.74  13.73  16.74
  41 170320 0853 56.39 72.7065N 124.9727E   5.29 0.40   6 0.612   34.77  78.83   5.29
  42 170320 1900 34.29 72.4138N 126.1154E  18.17 0.60   7 0.256   -3.94  46.17  18.17
  43 170323 0519 24.56 71.6483N 129.1702E   5.68 1.20   6 0.535 -110.41 -39.24   5.68
  44 170323 1612 49.67 72.4519N 125.1119E   8.27 0.50   6 0.417   30.27  50.42   8.27
  45 170323 1906 41.18 72.4087N 130.2561E  18.52 1.00   6 1.014 -145.24  45.61  18.52
  46 170326 0836 34.06 71.9903N 127.6694E  16.53 1.50   7 0.360  -57.62  -1.08  16.53
  47 170402 0422  1.02 72.7230N 125.6832E  22.15 1.20  10 1.109   10.72  80.67  22.15
  48 170402 0636 37.23 72.7315N 125.6828E  23.79 0.70   6 0.379   10.73  81.63  23.79
  49 170404 2347 35.69 72.7572N 124.3804E  22.72 0.50   6 0.413   54.75  84.49  22.72
  50 170405 0307 36.04 71.6806N 128.9499E  15.42 1.00  10 0.920 -102.65 -35.64  15.42
  51 170405 1410 53.11 71.5149N 128.8890E   8.82 1.70  10 1.221 -100.98 -54.12   8.82
  52 170406 0838 43.12 72.3896N 129.3893E  15.64 0.90  10 0.884 -115.72  43.47  15.64
  53 170406 1728  1.01 72.7250N 125.6831E  21.62 0.90  10 1.096   10.72  80.90  21.62
  54 170407 1729  2.72 74.8922N 128.6305E  15.70 1.80   2 0.480  -83.69 322.73  15.70
  55 170407 1729  2.96 74.7267N 128.8068E   0.48 1.60   5 0.412  -89.73 304.25   0.48
  56 170408 1004 44.86 72.6062N 124.9411E  15.07 1.40  13 1.014   35.94  67.64  15.07
  57 170409 0856 47.10 73.3869N 128.5504E  15.61 2.50   6 0.738  -84.72 154.76  15.61
  58 170409 0902 45.54 73.3541N 128.4265E  15.22 1.10   7 1.242  -80.68 151.09  15.22
  59 170410 1520  8.50 72.0029N 128.3814E   3.14 1.00  10 0.672  -82.16   0.33   3.14
  60 170410 1813  3.48 70.9375N 129.1295E   3.92 2.20  13 1.696 -111.05-118.56   3.92
  61 170412 1507  0.42 71.5039N 129.7402E   1.49 0.70   6 0.670 -130.76 -55.36   1.49
  62 170413 0651 20.03 73.3701N 125.4074E  15.89 1.00  10 1.391   19.69 152.88  15.89
  63 170414 0459 18.82 72.2666N 127.3760E  20.32 0.50   7 0.221  -47.14  29.74  20.32
  64 170414 0540  4.67 73.6531N 130.9350E   8.02 1.80  11 0.927 -162.71 184.45   8.02
  65 170414 1656 23.43 72.1832N 127.3941E  15.53 0.20   6 0.269  -47.86  20.44  15.53
  66 170414 1753 32.79 72.3885N 130.4653E  18.13 0.70   6 0.777 -152.46  43.35  18.13
  67 170416 0523 41.89 71.9536N 127.0748E  19.26 1.60  13 0.408  -37.13  -5.18  19.26
  68 170416 1220 14.14 72.9508N 124.4808E  20.34 1.00  11 0.741   51.08 106.09  20.34
 WARNING: Event-# :          69 has zero observations!
  69 170416 1257 48.30 68.8710N 131.7500E  73.50 2.20   0 0.000 -214.97-349.14  73.50
  70 170416 1821  5.46 72.8689N 124.9913E  19.50 1.30  13 1.182   33.99  96.95  19.50
  71 170418 0606  4.16 72.5079N 125.8170E   1.21 0.20   6 0.583    6.23  56.67   1.21
  72 170418 1005 56.43 69.3313N 122.4106E  96.99 2.20   1 8.554  132.67-297.79  96.99
  73 170418 1500 12.90 72.7329N 124.4997E  23.22 1.30  12 0.850   50.75  81.78  23.22
  74 170420 1302 36.19 72.6354N 129.0316E  22.69 0.90  11 0.688 -102.82  70.90  22.69
  75 170420 2248 46.60 72.0267N 129.1452E   1.54 0.70  11 0.982 -108.44   2.98   1.54
 WARNING: Event-# :          76 has zero observations!
  76 170423 0850 54.60 74.7080N 132.7900E   0.10 1.90   0 0.000 -217.19 302.17   0.10
  77 170423 1455 44.06 72.8397N 124.4831E  17.09 0.60   8 0.696   51.16  93.70  17.09
  78 170423 2313 41.79 72.5938N 124.8623E  22.16 1.30  12 0.749   38.63  66.26  22.16
  79 170424 0609 58.62 71.9591N 128.0098E   1.33 1.10  12 0.530  -69.42  -4.57   1.33
  80 170424 0755 26.72 71.9465N 128.0215E   1.14 1.00  12 0.496  -69.85  -5.96   1.14
  81 170424 0755 26.92 71.9580N 128.0201E   0.95 1.00  12 0.517  -69.78  -4.69   0.95
  82 170425 0652 23.30 71.9589N 128.0168E   0.13 1.20   9 0.482  -69.66  -4.59   0.13
  83 170426 0051 23.23 71.9465N 128.0479E   6.79 0.70   6 0.508  -70.76  -5.97   6.79
  84 170426 1425 21.22 72.0754N 127.2504E  21.17 0.10   6 0.166  -43.06   8.41  21.17
  85 170426 1834 24.47 71.5813N 130.7948E  10.76 1.20   8 1.287 -167.29 -46.72  10.76
  86 170426 1840 44.08 72.2693N 126.3561E  18.30 1.30   8 0.241  -12.20  30.05  18.30
  87 170427 0912 28.83 72.0613N 127.7823E   2.91 0.90   8 0.595  -61.39   6.84   2.91
  88 170427 1041 38.05 71.7476N 128.9779E   8.50 0.70   7 0.763 -103.44 -28.17   8.50
  89 170427 2010 47.79 72.8051N 130.2070E  20.60 1.30   8 0.862 -142.02  89.83  20.60
  90 170427 2010 48.28 72.7934N 130.1483E  20.52 1.30   8 0.833 -140.08  88.53  20.52
  91 170427 2342 34.03 72.7619N 125.0023E  19.56 0.80   6 1.076   33.72  85.02  19.56

 ~~~ output final station residuals ...
 TURBO-option is set; residuals are NOT printed for each event!



   station statistics, remember nsp was set to: 1


 sta phase nobs avres  avwres    std    wsum    delay

 624    P  74 -0.4478 -0.4478  0.8121  74.0000  0.0000
 628    P  69 -0.7834 -0.7834  0.7431  69.0000 -0.0640
 630    P  53 -0.1363 -0.1363  0.7601  53.0000 -0.0386
 627    P  46 -0.2821 -0.2821  0.8265  46.0000  0.0285
 621    P  59 -0.1001 -0.1001  1.2340  59.0000  0.0398
 629    P  43 -0.1320 -0.1320  0.8436  43.0000  0.0402
 622    P  58 -0.2868 -0.2868  1.0039  58.0000  0.0262
 620    P  48 -0.2577 -0.2577  0.9317  48.0000  0.0135
 623    P  55 -0.3038 -0.3038  0.7729  55.0000  0.0694
 626    P  52 -0.1979 -0.1979  1.0185  52.0000  0.0327
 625    P  49 -0.2691 -0.2691  0.9165  49.0000  0.0449
 631    P  49  0.7455  0.7455  1.6625  49.0000  0.0829
 632    P  24  0.3727  0.3727  1.5251  24.0000  0.0042


 ~~~ output statistics ...




 RAY-STATISTICS FOR  L A S T  ITERATION
 --------------------------------------

 NHYP : nr of hypocenters in this layer
 NREF : nr of headwaves in this layer
 %len : % of "refracted km" in this layer 
        with respect to all refracted kilometers
 NHIT : nr of rays passed thru this layer
 xy-km: average horizontal ray length [km] in layer
 z-km : average  vertical  ray length [km] in layer
 RFLX : number of reflections at bottom of this layer

 nlay   top ..... bottom     velocity   NHYP NREF %len  NHIT xy-km  z-km  RFLX

   1    -5.00... -0.64 km    4.37 km/s    0    0   0.0     0   0.0   0.0     0
   2    -0.64...  9.93 km    5.34 km/s   24    0   0.0  1423  14.4   5.0     0
   3     9.93... 20.27 km    5.53 km/s   48    0   0.0   812  10.2   7.9     0
   4    20.27... 22.46 km    6.16 km/s    9    0   0.0   713   2.7   2.1     0
   5    22.46... 28.08 km    7.02 km/s    8   98  17.6   617  14.4   4.4     0
   6    28.08... 31.40 km    7.43 km/s    0    0   0.0   481   6.1   3.3     0
   7    31.40... 38.40 km    7.85 km/s    0   47   7.5   434  16.1   6.2     0
   8    38.40... 39.34 km    8.81 km/s    0  193  74.9   194  87.0   0.0     0
   9    39.34...       km    8.81 km/s    2    0   0.0     0   0.0   0.0

 Total nr of events was   91

 Total nr of refracted rays =   338
 Total nr of reflected rays =     0
 Total nr of   other   rays =   341
                              ------
 Total nr of    all    rays =   679

 Average (absolute) error of the raytracers:
  Straight and direct rays : 7106.84 meters
  Refracted           rays :    0.01 meters
  Reflected           rays :    0.00 meters


 ALL RAYS TOGETHER:
 Average horizontal ray length =   89.9 km   (Hypocenter --> Station) 
 Average  vertical  ray length =   22.5 km   (Deepest ray-point --> Station)



 ... and some more STATISTICS 
 ---------------------------- 
  GAP of final epicenters:

  Event# -> GAP  Event# -> GAP  Event# -> GAP  Event# -> GAP  Event# -> GAP
       1 -> 296       2 -> 294       3 -> 270       4 -> 274       5 -> 307
       6 ->  96       7 -> 320       8 -> 306       9 -> 168      10 -> 346
      11 -> 347      12 -> 260      13 -> 263      14 -> 263      15 -> 263
      16 -> 264      17 -> 253      18 -> 245      19 -> 160      20 -> 302
      21 -> 232      22 -> 239      23 -> 241      24 -> 230      25 -> 130
      26 -> 103      27 -> 157      28 -> 212      29 -> 305      30 -> 214
      31 -> 216      32 -> 214      33 -> 211      34 -> 133      35 -> 240
      36 -> 217      37 -> 132      38 -> 312      39 -> 116      40 -> 209
      41 -> 219      42 -> 121      43 -> 233      44 -> 134      45 -> 309
      46 -> 126      47 -> 224      48 -> 226      49 -> 289      50 -> 196
      51 -> 290      52 -> 270      53 -> 225      54 -> 354      55 -> 347
      56 -> 182      57 -> 310      58 -> 318      59 -> 166      60 -> 311
      61 -> 301      62 -> 306      63 -> 150      64 -> 323      65 -> 129
      66 -> 293      67 ->  86      68 -> 295      69 -> 171      70 -> 262
      71 -> 173      72 ->   0      73 -> 261      74 -> 299      75 -> 240
      76 ->  58      77 -> 284      78 -> 173      79 -> 164      80 -> 169
      81 -> 165      82 -> 165      83 -> 234      84 -> 115      85 -> 315
      86 ->  94      87 -> 115      88 -> 269      89 -> 318      90 -> 317
      91 -> 294

 GAPs were between   0 and 354
      (average GAP was 228)



  MAGNITUDES of INPUT-DATA:

 Magnitude (# of events)   ***average number of obs***

 MAG<= 1.0 ( 47) *******
 MAG = 1.1 (  4) ********
 MAG = 1.2 (  7) ********
 MAG = 1.3 (  8) *********1
 MAG = 1.4 (  3) *********
 MAG = 1.5 (  3) ********
 MAG = 1.6 (  3) ********
 MAG = 1.7 (  2) *********1
 MAG = 1.8 (  2) *******
 MAG = 1.9 (  1)  
 MAG = 2.0 (  0)  
 MAG = 2.1 (  2) ********
 MAG = 2.2 (  3) *****
 MAG = 2.3 (  1) **
 MAG = 2.4 (  0)  
 MAG = 2.5 (  1) ******
 MAG = 2.6 (  1) **
 MAG = 2.7 (  0)  
 MAG = 2.8 (  0)  
 MAG = 2.9 (  1) ******
 MAG = 3.0 (  0)  
 MAG = 3.1 (  1) ****
 MAG = 3.2 (  0)  
 MAG = 3.3 (  0)  
 MAG = 3.4 (  0)  
 MAG = 3.5 (  0)  
 MAG = 3.6 (  0)  
 MAG = 3.7 (  0)  
 MAG = 3.8 (  0)  
 MAG = 3.9 (  0)  
 MAG = 4.0 (  1) *********1**
 MAG = 4.1 (  0)  
 MAG = 4.2 (  0)  
 MAG = 4.3 (  0)  
 MAG = 4.4 (  0)  
 MAG = 4.5 (  0)  
 MAG = 4.6 (  0)  
 MAG = 4.7 (  0)  
 MAG = 4.8 (  0)  
 MAG = 4.9 (  0)  
 MAG = 5.0 (  0)  
 MAG = 5.1 (  0)  
 MAG = 5.2 (  0)  
 MAG = 5.3 (  0)  
 MAG = 5.4 (  0)  
 MAG = 5.5 (  0)  
 MAG = 5.6 (  0)  
 MAG = 5.7 (  0)  
 MAG = 5.8 (  0)  
 MAG = 5.9 (  0)  
 MAG>= 6.0 (  0)  





  DEPTHs of INPUT-DATA and of LAST ITERATION:
  ===========================================

       Depth       # of events  

 DEPTH ( input ) =  -4. km :   
 DEPTH (last_IT) =  -4. km :   
 DEPTH ( input ) =  -3. km :   
 DEPTH (last_IT) =  -3. km :   
 DEPTH ( input ) =  -2. km :   
 DEPTH (last_IT) =  -2. km :   
 DEPTH ( input ) =  -1. km :   
 DEPTH (last_IT) =  -1. km :   
 DEPTH ( input ) =   0. km :  ........
 DEPTH (last_IT) =   0. km :  ***
 DEPTH ( input ) =   1. km :  .
 DEPTH (last_IT) =   1. km :  *****
 DEPTH ( input ) =   2. km :   
 DEPTH (last_IT) =   2. km :  *
 DEPTH ( input ) =   3. km :  ...
 DEPTH (last_IT) =   3. km :  **
 DEPTH ( input ) =   4. km :  ..
 DEPTH (last_IT) =   4. km :  ***
 DEPTH ( input ) =   5. km :  ..
 DEPTH (last_IT) =   5. km :  *
 DEPTH ( input ) =   6. km :  ..
 DEPTH (last_IT) =   6. km :  ***
 DEPTH ( input ) =   7. km :  .
 DEPTH (last_IT) =   7. km :  *
 DEPTH ( input ) =   8. km :  ...
 DEPTH (last_IT) =   8. km :  ***
 DEPTH ( input ) =   9. km :  ..
 DEPTH (last_IT) =   9. km :  **
 DEPTH ( input ) =  10. km :  ..
 DEPTH (last_IT) =  10. km :  **
 DEPTH ( input ) =  11. km :  ...
 DEPTH (last_IT) =  11. km :  ***
 DEPTH ( input ) =  12. km :  ....
 DEPTH (last_IT) =  12. km :  ****
 DEPTH ( input ) =  13. km :  ..
 DEPTH (last_IT) =  13. km :  *
 DEPTH ( input ) =  14. km :  ...
 DEPTH (last_IT) =  14. km :  *****
 DEPTH ( input ) =  15. km :  ........
 DEPTH (last_IT) =  15. km :  *******
 DEPTH ( input ) =  16. km :  .........1.
 DEPTH (last_IT) =  16. km :  *********1
 DEPTH ( input ) =  17. km :  .....
 DEPTH (last_IT) =  17. km :  *****
 DEPTH ( input ) =  18. km :  ....
 DEPTH (last_IT) =  18. km :  ****
 DEPTH ( input ) =  19. km :  .....
 DEPTH (last_IT) =  19. km :  ******
 DEPTH ( input ) =  20. km :  .....
 DEPTH (last_IT) =  20. km :  ***
 DEPTH ( input ) =  21. km :  ..
 DEPTH (last_IT) =  21. km :  ***
 DEPTH ( input ) =  22. km :  ....
 DEPTH (last_IT) =  22. km :  ****
 DEPTH ( input ) =  23. km :  ....
 DEPTH (last_IT) =  23. km :  *****
 DEPTH ( input ) =  24. km :  ..
 DEPTH (last_IT) =  24. km :  **
 DEPTH ( input ) =  25. km :  .
 DEPTH (last_IT) =  25. km :  *
 DEPTH ( input ) =  26. km :   
 DEPTH (last_IT) =  26. km :   
 DEPTH ( input ) =  27. km :   
 DEPTH (last_IT) =  27. km :   
 DEPTH ( input ) =  28. km :   
 DEPTH (last_IT) =  28. km :   
 DEPTH ( input ) =  29. km :   
 DEPTH (last_IT) =  29. km :   
 DEPTH ( input ) =  30. km :   
 DEPTH (last_IT) =  30. km :   
 DEPTH ( input ) =  31. km :   
 DEPTH (last_IT) =  31. km :   
 DEPTH ( input ) =  32. km :   
 DEPTH (last_IT) =  32. km :   
 DEPTH ( input ) =  33. km :   
 DEPTH (last_IT) =  33. km :   
 DEPTH ( input ) =  34. km :   
 DEPTH (last_IT) =  34. km :   
 DEPTH ( input ) =  35. km :   
 DEPTH (last_IT) =  35. km :   
 DEPTH ( input ) =  36. km :   
 DEPTH (last_IT) =  36. km :   
 DEPTH ( input ) =  37. km :   
 DEPTH (last_IT) =  37. km :   
 DEPTH ( input ) =  38. km :   
 DEPTH (last_IT) =  38. km :   
 DEPTH ( input ) =  39. km :   
 DEPTH (last_IT) =  39. km :   
 DEPTH ( input ) =  40. km :   
 DEPTH (last_IT) =  40. km :   
 DEPTH ( input ) =  41. km :   
 DEPTH (last_IT) =  41. km :   
 DEPTH ( input ) =  42. km :   
 DEPTH (last_IT) =  42. km :   
 DEPTH ( input ) =  43. km :   
 DEPTH (last_IT) =  43. km :   
 DEPTH ( input ) =  44. km :   
 DEPTH (last_IT) =  44. km :   
 DEPTH ( input ) =  45. km :   
 DEPTH (last_IT) =  45. km :   
 DEPTH ( input ) =  46. km :   
 DEPTH (last_IT) =  46. km :   
 DEPTH ( input ) =  47. km :   
 DEPTH (last_IT) =  47. km :   
 DEPTH ( input ) =  48. km :   
 DEPTH (last_IT) =  48. km :   
 DEPTH ( input ) =  49. km :   
 DEPTH (last_IT) =  49. km :   
 DEPTH ( input ) =  50. km :   
 DEPTH (last_IT) =  50. km :   
 DEPTH ( input ) =  51. km :   
 DEPTH (last_IT) =  51. km :   
 DEPTH ( input ) =  52. km :   
 DEPTH (last_IT) =  52. km :   
 DEPTH ( input ) =  53. km :   
 DEPTH (last_IT) =  53. km :   
 DEPTH ( input ) =  54. km :   
 DEPTH (last_IT) =  54. km :   
 DEPTH ( input ) =  55. km :   
 DEPTH (last_IT) =  55. km :   
 DEPTH ( input ) =  56. km :   
 DEPTH (last_IT) =  56. km :   
 DEPTH ( input ) =  57. km :   
 DEPTH (last_IT) =  57. km :   
 DEPTH ( input ) =  58. km :   
 DEPTH (last_IT) =  58. km :   
 DEPTH ( input ) =  59. km :   
 DEPTH (last_IT) =  59. km :   
 DEPTH ( input ) =  60. km :   
 DEPTH (last_IT) =  60. km :   
 DEPTH ( input ) =  61. km :   
 DEPTH (last_IT) =  61. km :   
 DEPTH ( input ) =  62. km :   
 DEPTH (last_IT) =  62. km :   
 DEPTH ( input ) =  63. km :   
 DEPTH (last_IT) =  63. km :   
 DEPTH ( input ) =  64. km :   
 DEPTH (last_IT) =  64. km :   
 DEPTH ( input ) =  65. km :   
 DEPTH (last_IT) =  65. km :   
 DEPTH ( input ) =  66. km :   
 DEPTH (last_IT) =  66. km :   
 DEPTH ( input ) =  67. km :   
 DEPTH (last_IT) =  67. km :   
 DEPTH ( input ) =  68. km :   
 DEPTH (last_IT) =  68. km :   
 DEPTH ( input ) =  69. km :   
 DEPTH (last_IT) =  69. km :   
 DEPTH ( input ) =  70. km :   
 DEPTH (last_IT) =  70. km :   
 DEPTH ( input ) =  71. km :   
 DEPTH (last_IT) =  71. km :   
 DEPTH ( input ) =  72. km :   
 DEPTH (last_IT) =  72. km :   
 DEPTH ( input ) =  73. km :   
 DEPTH (last_IT) =  73. km :   
 DEPTH ( input ) =  74. km :  .
 DEPTH (last_IT) =  74. km :  *
 DEPTH ( input ) =  75. km :   
 DEPTH (last_IT) =  75. km :   
 DEPTH ( input ) =  76. km :   
 DEPTH (last_IT) =  76. km :   
 DEPTH ( input ) =  77. km :   
 DEPTH (last_IT) =  77. km :   
 DEPTH ( input ) =  78. km :   
 DEPTH (last_IT) =  78. km :   
 DEPTH ( input ) =  79. km :   
 DEPTH (last_IT) =  79. km :   
 DEPTH ( input ) =  80. km :   
 DEPTH (last_IT) =  80. km :   
 DEPTH ( input ) =  81. km :   
 DEPTH (last_IT) =  81. km :   
 DEPTH ( input ) =  82. km :   
 DEPTH (last_IT) =  82. km :   
 DEPTH ( input ) =  83. km :   
 DEPTH (last_IT) =  83. km :   
 DEPTH ( input ) =  84. km :   
 DEPTH (last_IT) =  84. km :   
 DEPTH ( input ) =  85. km :   
 DEPTH (last_IT) =  85. km :   
 DEPTH ( input ) =  86. km :   
 DEPTH (last_IT) =  86. km :   
 DEPTH ( input ) =  87. km :   
 DEPTH (last_IT) =  87. km :   
 DEPTH ( input ) =  88. km :   
 DEPTH (last_IT) =  88. km :   
 DEPTH ( input ) =  89. km :   
 DEPTH (last_IT) =  89. km :   
 DEPTH ( input ) =  90. km :   
 DEPTH (last_IT) =  90. km :   
 DEPTH ( input ) =  91. km :   
 DEPTH (last_IT) =  91. km :   
 DEPTH ( input ) =  92. km :   
 DEPTH (last_IT) =  92. km :   
 DEPTH ( input ) =  93. km :   
 DEPTH (last_IT) =  93. km :   
 DEPTH ( input ) =  94. km :   
 DEPTH (last_IT) =  94. km :   
 DEPTH ( input ) =  95. km :   
 DEPTH (last_IT) =  95. km :   
 DEPTH ( input ) =  96. km :   
 DEPTH (last_IT) =  96. km :   
 DEPTH ( input ) =  97. km :  .
 DEPTH (last_IT) =  97. km :  *
 DEPTH ( input ) =  98. km :   
 DEPTH (last_IT) =  98. km :   
 DEPTH ( input ) =  99. km :   
 DEPTH (last_IT) =  99. km :   
 DEPTH ( input ) = 100. km :   
 DEPTH (last_IT) = 100. km :   
 DEPTH ( input ) > 100. km :   
 DEPTH (last_IT) > 100. km :   


 Residuals of the stations according to the azimuth:
 (RES  = total average residual at station)
 (RES1 = average residual of rays from 1st quadrant)
 (RES2 = average residual of rays from 2nd quadrant)
 (RES3 = average residual of rays from 3rd quadrant)
 (RES4 = average residual of rays from 4th quadrant)

 Stn#  Stn     RES          RES1         RES2         RES3         RES4
   1   624    -0.45(  74)  -0.76(  33)  -0.43(   5)  -0.38(  29)   0.74(   7)
   2   628    -0.78(  69)  -1.13(  32)  -0.70(   5)  -0.68(  25)   0.37(   7)
   3   630    -0.14(  53)   0.22(  25)  -0.15(  10)  -1.01(  10)  -0.12(   8)
   4   627    -0.28(  46)  -0.32(  12)   0.00(   0)  -0.61(  22)   0.36(  12)
   5   621    -0.10(  59)  -0.44(   8)   0.00(   0)   0.17(  18)  -0.17(  33)
   6   629    -0.13(  43)   0.25(  15)   0.00(   0)  -0.99(   9)  -0.03(  19)
   7   622    -0.29(  58)  -0.69(  27)   0.00(   0)  -0.07(  19)   0.27(  12)
   8   620    -0.26(  48)  -0.48(   1)   0.00(   0)   0.23(  18)  -0.55(  29)
   9   623    -0.30(  55)  -0.65(  30)   0.00(   0)   0.08(  17)   0.18(   8)
  10   626    -0.20(  52)  -0.34(  24)   0.00(   0)  -0.29(   6)  -0.01(  22)
  11   625    -0.27(  49)  -0.48(  14)   0.00(   0)  -0.41(  23)   0.25(  12)
  12   631     0.75(  49)   1.38(  18)   2.92(   1)   1.20(   4)   0.15(  26)
  13   632     0.37(  24)   0.94(  12)   2.42(   2)  -0.93(   3)  -0.62(   7)



 CPU - statistics:

 TOTAL CPU-sec          =    0.3     (CPU-minutes:  0.004)

 >>>   End of program VELEST at 25-06-02 16:11       <<< [ CPU-sec :     0.3]
