 >>> Start of program VELEST at 25-06-02 16:13       <<<                        

 ::::::::::::::::::::::::::::::::::::::                                         
  V E L E S T  - Version : January 3, 1995                                      
  (Authors: see source code)                                                    
 ::::::::::::::::::::::::::::::::::::::                                         


 Title of this VELEST run:

 vinnik_2
 --------


 Current array-dimensions of program VELEST:

 Max. number of EARTHQUAKES for simult. inversion IEQ = ***
 Max. number of SHOTS for simult. inversion    INSHOT =  50
 Max. number of (different) 1D-MODELS      ITOTMODELS =   2
 Max. number of LAYERS per one 1D-model        INLTOT = 100
 Max. number of STATIONS in stationlist           IST = 650
 Max. number of OBSERVATIONS per event MAXOBSPEREVENT = 180






    INPUT - P A R A M E T E R S :



***
***  olat       olon   icoordsystem      zshift   itrial ztrial    ised
  72.000000-126.000000      0            0.000       0     0.00      0
***
*** neqs   nshot    rotate
     91      0      0.0
***
*** isingle   iresolcalc
       0          0
***
*** dmax    itopo    zmin     veladj    zadj   lowveloclay
   300.00     0      0.01       0.20    5.00       0
***
*** nsp    swtfac   vpvs       nmod
     1      1.00    1.730        1
***
***   othet   xythet    zthet    vthet   stathet
       0.01     0.01     0.01     1.00     0.01
***
*** nsinv   nshcor   nshfix     iuseelev    iusestacorr
       1       0       0           1            1
***
*** iturbo    icnvout   istaout   ismpout
       1         1         1         0
***
*** irayout   idrvout   ialeout   idspout   irflout   irfrout   iresout
       0         0         0         0         0         0         0
***
*** delmin   ittmax   invertratio
    0.010       3          1
***
*** Modelfile:
tmp/vinnik_2/synthvel/model_990.mod
***
*** Stationfile:
./velinp/station.sta
***
*** Seismofile:
 
***
*** File with region names:
 
***
*** File with region coordinates:
 
***
*** File #1 with topo data:
 
***
*** File #2 with topo data:
 
***
*** DATA INPUT files:
***
*** File with Earthquake data:
./velinp/data.cnv
***
*** File with Shot data:
 
***
*** OUTPUT files:
***
*** Main print output file:
./velout/vinnik_2/velest990.out
***
*** File with single event locations:
velout.vel
***
*** File with final hypocenters in *.cnv format:
./velout/vinnik_2/final_loc990.cnv
***
*** File with new station corrections:
./velout/vinnik_2/stations_corr990.sta
***
*** File with summary cards (e.g. for plotting):
velout.smp
***
*** File with raypoints:
velout.ray
***
*** File with derivatives:
velout.drv
***
*** File with ALEs:
velout.ale
***
*** File with Dirichlet spreads:
velout.dspr
***
*** File with reflection points:
velout.rfl
***
*** File with refraction points:
velout.rfr
***
*** File with residuals:
velout.res
***




 Origin of cartesian coordinates:
        72.00000N   126.00000E

  X,Y-AXES rotated clockwise from North
           Rotation angle (rotate):
            rotate=    0.0 degr.

 icoordsystem =            0
 normal SHORT DISTANCE CONVERSION will be made
 x is positive towards west, y is positive towards north


 SHORT DISTANCE CONVERSION on ELLIPSOIDE of WORLD GEODETIC SYSTEM 1972 (WGS72)
 =============================================================================

 Radius at equator (REARTH)= 6378.13500  km
   1. / (ellipticity)      =    298.260

 Origin of cartesian coordinates [degrees]:
   72.0000000 N     -126.0000000 W

  Rotation angle (in degr.) clockwise from
North  rotate=    0.0

 Radius of sphere at OLAT =   6358.817 km

 Conversion of GEOGRAPHICAL LATITUDE to GEOCENTRICAL LATITUDE:
 RLATC = TAN(GEOCENTR.LAT) / TAN(GEOGRAPH.LAT)
 RLATC =   0.99333486

          Short distance conversions:
          one min lat ~  1.8597 km 
          one min lon ~  0.5751 km 







    INPUT - M O D E L :



 Model(s) read from file :
 tmp/vinnik_2/synthvel/model_990.mod                                             

 model file title: 
Model: model_990.mod                    
 Velocity structure for model   1 :

 layer    vel   depth   vdamp  reflector
   1      4.82  -5.00    1.00         P-VELOCITY MODEL                  
   2      5.41  -1.92    1.00  
 WARNING:
 Only top of the first layer can be negative !!
   3      5.87  14.83    1.00  
   4      6.96  15.00    1.00  
   5      6.99  23.19    1.00  
   6      7.13  27.70    1.00  
   7      7.20  28.82    1.00  
   8      7.40  40.19    1.00  
   9      8.87  46.71    1.00  

 Calculation of average velocity starts at layer #            1
 z = -5.00 ... -1.92    v = 4.82    AVEL = 4.82 downto z =  -1.92
 z = -1.92 ... 14.83    v = 5.41    AVEL = 5.32 downto z =  14.83
 z = 14.83 ... 15.00    v = 5.87    AVEL = 5.32 downto z =  15.00
 z = 15.00 ... 23.19    v = 6.96    AVEL = 5.80 downto z =  23.19
 z = 23.19 ... 27.70    v = 6.99    AVEL = 5.96 downto z =  27.70
 z = 27.70 ... 28.82    v = 7.13    AVEL = 6.00 downto z =  28.82
 z = 28.82 ... 40.19    v = 7.20    AVEL = 6.30 downto z =  40.19
 z = 40.19 ... 46.71    v = 7.40    AVEL = 6.44 downto z =  46.71


 Calculation of average velocity starts at layer #            2
 z = -1.92 ... 14.83    v = 5.41    AVEL = 5.41 downto z =  14.83
 z = 14.83 ... 15.00    v = 5.87    AVEL = 5.41 downto z =  15.00
 z = 15.00 ... 23.19    v = 6.96    AVEL = 5.92 downto z =  23.19
 z = 23.19 ... 27.70    v = 6.99    AVEL = 6.08 downto z =  27.70
 z = 27.70 ... 28.82    v = 7.13    AVEL = 6.12 downto z =  28.82
 z = 28.82 ... 40.19    v = 7.20    AVEL = 6.41 downto z =  40.19
 z = 40.19 ... 46.71    v = 7.40    AVEL = 6.54 downto z =  46.71






    INPUT - S T A T I O N S :



 Station-parameters read from file :
 ./velinp/station.sta                                                            


     stn latitude longitude elev   x      y      z     ptcor stcor model icc
   1 624 72.4760N126.2750E     0  -9.37  53.11  -0.00   0.00  0.00   1  13
   2 628 72.4000N127.1470E     0 -39.15  44.63  -0.00   0.00  0.00   1  12
   3 630 72.0750N128.3250E     0 -80.06   8.37  -0.00   0.00  0.00   1  11
   4 627 72.1170N126.9820E     0 -33.78  13.06  -0.00   0.00  0.00   1  10
   5 621 72.1840N124.8890E     0  38.14  20.53  -0.00   0.00  0.00   1   9
   6 629 71.9290N127.3130E     0 -45.39  -7.92  -0.00   0.00  0.00   1   8
   7 622 72.4420N125.3130E     0  23.42  49.32  -0.00   0.00  0.00   1   7
   8 620 72.6540N124.3470E     0  56.03  72.98  -0.00   0.00  0.00   1   6
   9 623 72.3260N125.7600E     0   8.21  36.38  -0.00   0.00  0.00   1   5
  10 626 71.8880N126.0360E     0  -1.25 -12.50  -0.00   0.00  0.00   1   4
  11 625 72.1740N126.1070E     0  -3.67  19.42  -0.00   0.00  0.00   1   3
  12 631 71.3990N127.2470E     0 -43.72 -67.06  -0.00   0.00  0.00   1   2
  13 632 71.5740N129.0728E     0-107.23 -47.53  -0.00   0.00  0.00   1   1

 NO Seismo-parameter-file specified
 --> NO magnitudes calculated!




   neqs=   91  nshot=    0  nltot=    9

 ~~~ input parameters read.
 ~~~ set units for first iteration ...
 ~~~ determine number of unknowns ...

 Number of unknowns (for array-indexing):  nvar =  385
 Number of effective unknowns        :  nvareff =  373
 Number of elements on/below main diagonal of matrix G = At*A : kvar =   74305

 ~~~ reset G and RHT ...
 ~~~ input data, raytracing, setup G ...






    I N P U T - D A T A  

  eq    origin-time    latitude longitude depth    x      y      z    mag ifxOBS
   1 160818 1613  9.10 73.0030N 124.8500E  23.10  38.61 111.92  23.10 1.40 0   6
   2 160818 1613  9.30 72.9910N 124.8700E  22.80  37.95 110.58  22.80 1.10 0   6
   3 160819 0959 27.30 71.9230N 129.7600E  12.10-130.00  -8.59  12.10 4.00 0  12
   4 160820 1506 15.70 71.9380N 129.7900E  11.00-130.98  -6.92  11.00 1.50 0   9
   5 160820 1904 45.70 72.3480N 127.1800E  23.80 -40.33  38.83  23.80 1.20 0   6
   6 160822 1318 49.50 72.3650N 127.0800E  16.50 -36.90  40.73  16.50 0.60 0   8
   7 160823 0652 14.00 70.9330N 129.8100E   6.40-135.21-119.06   6.40 2.90 0   6
   8 160824 1510 30.40 71.6070N 130.0400E   8.60-140.86 -43.85   8.60 1.50 0   9
   9 160906 1514 39.70 72.5080N 125.6800E  12.10  10.89  56.68  12.10 0.90 0   6
 WARNING:
 epicentral distance: 303.3 > dmax ( 300.0) ==> skipping phase !
 WARNING:
 epicentral distance: 338.2 > dmax ( 300.0) ==> skipping phase !
  10 160920 1607 18.30 69.2370N 128.3500E  16.20 -87.07-308.31  16.20 2.60 0   2
 WARNING:
 epicentral distance: 318.5 > dmax ( 300.0) ==> skipping phase !
 WARNING:
 epicentral distance: 355.0 > dmax ( 300.0) ==> skipping phase !
  11 160925 1911  5.60 69.2250N 127.6800E  15.60 -62.26-309.64  15.60 2.30 0   2
  12 161004 0841 51.20 72.8480N 124.9600E  15.60  35.07  94.62  15.60 0.20 0   6
  13 161005 1619 46.90 72.8770N 125.0100E  19.00  33.35  97.86  19.00 1.00 0   9
  14 161006 0156 55.90 72.8740N 125.0100E  13.90  33.36  97.52  13.90 1.00 0   7
  15 161009 0036 44.70 72.8720N 124.9900E  17.20  34.03  97.30  17.20 1.30 0   8
  16 161009 0036 44.90 72.8580N 124.9600E  18.60  35.06  95.74  18.60 1.20 0   7
  17 161012 0800 22.10 72.7380N 126.0300E  18.50  -1.01  82.35  18.50 0.80 0   7
  18 161015 1013 36.50 72.0400N 126.9900E  11.20 -34.12   4.46  11.20 0.70 0   7
  19 161021 0507 33.30 72.5750N 124.7800E  10.10  41.44  64.16  10.10 0.80 0   6
  20 161124 2250 46.00 72.7630N 124.8800E  16.20  37.85  85.14  16.20 3.10 0   4
  21 161125 0156 34.10 72.7420N 124.9200E  14.50  36.52  82.80  14.50 0.60 0   7
  22 161125 0517 25.90 72.7650N 124.9400E  13.50  35.82  85.36  13.50 1.60 0   6
  23 161125 0525 15.90 72.7740N 124.9500E  11.60  35.48  86.37  11.60 0.80 0   6
  24 161125 0556  2.00 72.7350N 124.9700E   5.70  34.84  82.01   5.70 0.20 0   6
  25 170117 0846 48.60 72.2130N 127.3400E  22.00 -45.97  23.77  22.00 0.30 0   6
  26 170122 1614 27.60 71.9670N 128.0400E  10.30 -70.45  -3.68  10.30 0.90 0   6
  27 170125 2244  0.20 72.4440N 126.0200E  13.10  -0.68  49.54  13.10 0.80 0   6
  28 170302 1359 59.10 72.6830N 124.8900E  11.50  37.60  76.21  11.50 0.50 0   7
  29 170302 2335 20.20 71.8850N 130.3000E  14.80-148.82 -12.83  14.80 2.10 0   9
  30 170304 2135  2.90 72.6880N 124.9400E  13.40  35.90  76.77  13.40 1.30 0   7
  31 170307 0447 21.00 72.6940N 124.9200E  14.20  36.57  77.44  14.20 1.70 0  10
  32 170307 2016 50.80 72.6910N 124.9100E  15.30  36.91  77.10  15.30 1.10 0   6
  33 170309 1454  0.80 72.6830N 124.9000E  15.60  37.26  76.21  15.60 0.30 0   6
  34 170311 0430 55.40 72.3130N 126.5000E  24.50 -17.11  34.93  24.50 0.30 0   6
  35 170312 0416 39.20 71.9240N 128.0800E   3.40 -71.91  -8.48   3.40 2.10 0   6
  36 170313 0553 59.10 72.6980N 124.9200E  15.10  36.57  77.89  15.10 1.00 0   9
  37 170313 0809  5.60 72.4500N 125.0800E  14.90  31.36  50.21  14.90 1.20 0   7
  38 170315 0234 46.50 72.6540N 123.8400E  16.90  73.22  72.98  16.90 1.40 0   7
  39 170317 1007 14.10 72.2350N 125.9800E   3.90   0.69  26.22   3.90 0.50 0   7
  40 170320 0711 14.60 72.1250N 127.2200E  16.80 -41.95  13.95  16.80 0.90 0   6
  41 170320 0853 56.40 72.7090N 124.9700E   5.10  34.86  79.11   5.10 0.40 0   6
  42 170320 1900 34.30 72.4150N 126.1200E  18.00  -4.09  46.31  18.00 0.60 0   7
  43 170323 0519 24.60 71.6470N 129.1800E   5.20-110.76 -39.39   5.20 1.20 0   6
  44 170323 1612 49.70 72.4530N 125.1100E   8.30  30.33  50.55   8.30 0.50 0   6
  45 170323 1906 41.20 72.4070N 130.2500E  18.30-145.04  45.41  18.30 1.00 0   6
  46 170326 0836 34.10 71.9930N 127.6700E  16.10 -57.63  -0.78  16.10 1.50 0   7
  47 170402 0422  1.00 72.7220N 125.6900E  21.90  10.49  80.56  21.90 1.20 0  10
  48 170402 0636 37.20 72.7310N 125.6900E  23.50  10.49  81.57  23.50 0.70 0   6
  49 170404 2347 35.70 72.7580N 124.3800E  22.60  54.76  84.58  22.60 0.50 0   6
  50 170405 0307 36.10 71.6810N 128.9500E  15.30-102.66 -35.60  15.30 1.00 0  10
  51 170405 1410 53.20 71.5100N 128.9000E   9.30-101.37 -54.68   9.30 1.70 0  10
  52 170406 0838 43.20 72.3850N 129.3800E  15.50-115.42  42.96  15.50 0.90 0  10
  53 170406 1728  1.00 72.7230N 125.6900E  21.30  10.49  80.67  21.30 0.90 0  10
 WARNING:
 epicentral distance: 325.9 > dmax ( 300.0) ==> skipping phase !
 WARNING:
 epicentral distance: 332.9 > dmax ( 300.0) ==> skipping phase !
 WARNING:
 epicentral distance: 345.3 > dmax ( 300.0) ==> skipping phase !
 WARNING:
 epicentral distance: 391.9 > dmax ( 300.0) ==> skipping phase !
  54 170407 1729  3.40 74.8930N 128.6300E  15.60 -83.67 322.81  15.60 1.80 0   2
 WARNING:
 epicentral distance: 311.3 > dmax ( 300.0) ==> skipping phase !
 WARNING:
 epicentral distance: 315.4 > dmax ( 300.0) ==> skipping phase !
 WARNING:
 epicentral distance: 328.9 > dmax ( 300.0) ==> skipping phase !
 WARNING:
 epicentral distance: 374.2 > dmax ( 300.0) ==> skipping phase !
  55 170407 1729  3.50 74.7270N 128.8100E   0.40 -89.83 304.29   0.40 1.60 0   5
  56 170408 1004 44.90 72.6070N 124.9400E  15.00  35.98  67.73  15.00 1.40 0  13
  57 170409 0856 47.20 73.3850N 128.5500E  15.60 -84.71 154.54  15.60 2.50 0   6
  58 170409 0902 45.60 73.3500N 128.4400E  15.10 -81.13 150.64  15.10 1.10 0   7
  59 170410 1520  8.50 72.0030N 128.3900E   2.70 -82.46   0.33   2.70 1.00 0  10
  60 170410 1813  3.60 70.9360N 129.1200E   3.70-110.72-118.73   3.70 2.20 0  13
  61 170412 1507  0.60 71.5070N 129.7200E   0.00-130.05 -55.01   0.00 0.70 0   6
  62 170413 0651 20.10 73.3680N 125.4200E  15.60  19.28 152.65  15.60 1.00 0  10
  63 170414 0459 18.80 72.2680N 127.3800E  20.10 -47.27  29.90  20.10 0.50 0   7
  64 170414 0540  4.80 73.6400N 130.9700E   8.00-163.92 183.00   8.00 1.80 0  11
  65 170414 1656 23.40 72.1850N 127.4000E  15.50 -48.06  20.64  15.50 0.20 0   6
  66 170414 1753 32.80 72.3840N 130.4600E  17.90-152.30  42.85  17.90 0.70 0   6
  67 170416 0523 41.90 71.9560N 127.0800E  19.20 -37.31  -4.91  19.20 1.60 0  13
  68 170416 1220 14.20 72.9470N 124.4900E  20.40  50.77 105.67  20.40 1.00 0  11
 WARNING:
 epicentral distance: 320.3 > dmax ( 300.0) ==> skipping phase !
 WARNING:
 epicentral distance: 381.0 > dmax ( 300.0) ==> skipping phase !
 WARNING:
 epicentral distance: 398.8 > dmax ( 300.0) ==> skipping phase !
 WARNING:
 epicentral distance: 405.0 > dmax ( 300.0) ==> skipping phase !
 WARNING:
 epicentral distance: 424.8 > dmax ( 300.0) ==> skipping phase !
 WARNING:
 epicentral distance: 431.2 > dmax ( 300.0) ==> skipping phase !
 WARNING:
 epicentral distance: 445.5 > dmax ( 300.0) ==> skipping phase !
 WARNING:
 epicentral distance: 451.8 > dmax ( 300.0) ==> skipping phase !
 WARNING:
 epicentral distance: 464.3 > dmax ( 300.0) ==> skipping phase !
  69 170416 1257 48.30 68.8710N 131.7500E  73.50-214.97-349.14  73.50 2.20 0   0
  70 170416 1821  5.50 72.8670N 125.0000E  19.30  33.70  96.74  19.30 1.30 0  13
  71 170418 0606  4.10 72.5080N 125.8200E   1.30   6.13  56.68   1.30 0.20 0   6
 WARNING:
 epicentral distance: 315.2 > dmax ( 300.0) ==> skipping phase !
 WARNING:
 epicentral distance: 332.1 > dmax ( 300.0) ==> skipping phase !
 WARNING:
 epicentral distance: 345.3 > dmax ( 300.0) ==> skipping phase !
 WARNING:
 epicentral distance: 352.6 > dmax ( 300.0) ==> skipping phase !
 WARNING:
 epicentral distance: 346.7 > dmax ( 300.0) ==> skipping phase !
 WARNING:
 epicentral distance: 356.6 > dmax ( 300.0) ==> skipping phase !
 WARNING:
 epicentral distance: 363.9 > dmax ( 300.0) ==> skipping phase !
 WARNING:
 epicentral distance: 372.8 > dmax ( 300.0) ==> skipping phase !
 WARNING:
 epicentral distance: 378.6 > dmax ( 300.0) ==> skipping phase !
 WARNING:
 epicentral distance: 378.6 > dmax ( 300.0) ==> skipping phase !
  72 170418 1005 56.80 69.3310N 122.4100E  97.00 132.70-297.82  97.00 2.20 0   1
  73 170418 1500 12.90 72.7340N 124.5100E  23.10  50.40  81.90  23.10 1.30 0  12
  74 170420 1302 36.20 72.6290N 129.0200E  21.80-102.44  70.19  21.80 0.90 0  11
  75 170420 2248 46.70 72.0220N 129.1200E   0.00-107.59   2.46   0.00 0.70 0  11
 WARNING:
 epicentral distance: 313.1 > dmax ( 300.0) ==> skipping phase !
 WARNING:
 epicentral distance: 324.4 > dmax ( 300.0) ==> skipping phase !
 WARNING:
 epicentral distance: 324.2 > dmax ( 300.0) ==> skipping phase !
 WARNING:
 epicentral distance: 342.4 > dmax ( 300.0) ==> skipping phase !
 WARNING:
 epicentral distance: 349.0 > dmax ( 300.0) ==> skipping phase !
 WARNING:
 epicentral distance: 380.2 > dmax ( 300.0) ==> skipping phase !
 WARNING:
 epicentral distance: 381.6 > dmax ( 300.0) ==> skipping phase !
 WARNING:
 epicentral distance: 408.0 > dmax ( 300.0) ==> skipping phase !
  76 170423 0850 54.60 74.7080N 132.7900E   0.10-217.19 302.17   0.10 1.90 0   0
  77 170423 1455 44.10 72.8400N 124.4900E  16.80  50.92  93.73  16.80 0.60 0   8
  78 170423 2313 41.80 72.5960N 124.8700E  22.00  38.36  66.50  22.00 1.30 0  12
  79 170424 0609 58.60 71.9600N 128.0200E   0.10 -69.77  -4.46   0.10 1.10 0  12
  80 170424 0755 26.70 71.9480N 128.0300E   0.00 -70.14  -5.80   0.00 1.00 0  12
  81 170424 0755 26.90 71.9590N 128.0300E   0.00 -70.12  -4.57   0.00 1.00 0  12
  82 170425 0652 23.30 71.9600N 128.0300E   0.00 -70.12  -4.46   0.00 1.20 0   9
  83 170426 0051 23.20 71.9450N 128.0600E   6.60 -71.18  -6.14   6.60 0.70 0   6
  84 170426 1425 21.20 72.0790N 127.2600E  21.00 -43.38   8.82  21.00 0.10 0   6
  85 170426 1834 24.60 71.5840N 130.8000E  10.90-167.46 -46.42  10.90 1.20 0   8
  86 170426 1840 44.10 72.2710N 126.3600E  18.10 -12.33  30.24  18.10 1.30 0   8
  87 170427 0912 28.80 72.0640N 127.7900E   2.60 -61.65   7.14   2.60 0.90 0   8
  88 170427 1041 38.10 71.7480N 128.9900E   8.40-103.86 -28.12   8.40 0.70 0   7
  89 170427 2010 47.80 72.8010N 130.2000E  20.20-141.80  89.38  20.20 1.30 0   8
  90 170427 2010 48.30 72.7890N 130.1400E  20.10-139.82  88.04  20.10 1.30 0   8
  91 170427 2342 34.10 72.7630N 125.0100E  19.50  33.46  85.14  19.50 0.80 0   6

 readings for station 624  :  74
 readings for station 628  :  69
 readings for station 630  :  53
 readings for station 627  :  46
 readings for station 621  :  59
 readings for station 629  :  43
 readings for station 622  :  58
 readings for station 620  :  48
 readings for station 623  :  55
 readings for station 626  :  52
 readings for station 625  :  49
 readings for station 631  :  49
 readings for station 632  :  24

 Total number of stations with readings:  13

 Total number of readings:     679
 Total number of P readings:       0
 Total number of S readings:       0


 ~~~ store parts of G ...
 ~~~ compute RMS and DATVAR ...

 Total number of observations is:   679


 $$$$$$$$$$$$$$$$$$$$$$$$$$$$$$$$$$$$$$$$$$$$$$$$$
 Events with  | AVRES | > 1.0 SEC are suspicious !

 Event#  10 >>>  160920 1607  AVRES =  2.37 NOBS =  2
 Event#  11 >>>  160925 1911  AVRES =  2.03 NOBS =  2
 Event#  57 >>>  170409 0856  AVRES =  1.14 NOBS =  6
 Event#  58 >>>  170409 0902  AVRES =  1.12 NOBS =  7
 Event#  64 >>>  170414 0540  AVRES =  1.44 NOBS = 11
 Event#  72 >>>  170418 1005  AVRES =  2.55 NOBS =  1

 ^^^^^^^^^ C H E C K   these events above ^^^^^^^^
 $$$$$$$$$$$$$$$$$$$$$$$$$$$$$$$$$$$$$$$$$$$$$$$$$

 ~~~ save initial datvar ...

 Iteration nr  0 obtained:
 DATVAR=    0.814307 mean sqrd residual=     0.366978  RMS RESIDUAL=     0.605787

 After  0 iterations we got:
 Average absolute & unweighted [and mean] residual of
   482 straight and direct rays =  0.37305 [  0.17359]
   197 refracted           rays =  0.74552 [  0.55203]
     0 reflected           rays =  0.00000 [  0.00000]

   679 ALL                 RAYS =  0.48112 [  0.28339]        0.00 %




--------------------------------------------------------------------------------



           ITERATION no  1

 ~~~ set units for this iteration ...
 ~~~ determine number of unknowns for this iter. ...

 Number of unknowns (for array-indexing):  nvar =  385
 Number of effective unknowns        :  nvareff =  386
 Number of elements on/below main diagonal of matrix G = At*A : kvar =   74305

 Damping factors to be used in this iteration:
   Othet=   0.010   XYthet  =   0.010   Zthet=  0.010
 STAthet=   0.010   Vthet   =   1.000

 ~~~ damp G ...
 ~~~ solve G * b = RHT ...
 ~~~ fix units ...
 ~~~ apply eventually step-length damping ...
 ~~~ adjust model (hypocenters, stacorr & veloc.) ...

 doing velocity adjustments now...

 doing station-correction adjustments...

 ~~~ compute effective step-length ...

 (Applied) Step length =   3.297

 ~~~ set units for next iteration ...
 ~~~ determine number of unknowns for next iter. ...

 Number of unknowns (for array-indexing):  nvar =  385
 Number of effective unknowns        :  nvareff =  386
 Number of elements on/below main diagonal of matrix G = At*A : kvar =   74305

 ~~~ reset G and RHT ...
 ~~~ raytracing, setup G ...
 ~~~ store parts of G ...
 ~~~ set units back for current iteration ...
 ~~~ determine number of unknowns for this iter. ...

 Number of unknowns (for array-indexing):  nvar =  385
 Number of effective unknowns        :  nvareff =  386
 Number of elements on/below main diagonal of matrix G = At*A : kvar =   74305

 ~~~ compute RMS and DATVAR ...

 $$$$$$$$$$$$$$$$$$$$$$$$$$$$$$$$$$$$$$$$$$$$$$$$$
 Events with  | AVRES | > 1.0 SEC are suspicious !

 Event#  10 >>>  160920 1607  AVRES =  1.97 NOBS =  2
 Event#  11 >>>  160925 1911  AVRES =  1.69 NOBS =  2
 Event#  64 >>>  170414 0540  AVRES =  1.20 NOBS = 11
 Event#  72 >>>  170418 1005  AVRES =  2.12 NOBS =  1

 ^^^^^^^^^ C H E C K   these events above ^^^^^^^^
 $$$$$$$$$$$$$$$$$$$$$$$$$$$$$$$$$$$$$$$$$$$$$$$$$

 ~~~ check solution (better? worse?) ...

 Iteration nr  1 obtained:
 DATVAR=    0.651575 mean sqrd residual=     0.281166  RMS RESIDUAL=     0.530251

 After  1 iterations we got:
 Average absolute & unweighted [and mean] residual of
   484 straight and direct rays =  0.32536 [  0.13738]
   195 refracted           rays =  0.64621 [  0.48423]
     0 reflected           rays =  0.00000 [  0.00000]

   679 ALL                 RAYS =  0.41750 [  0.23699]      -13.22 %

 ~~~ iteration done; output results ...

  eq       ot     x      y      z      rms    avres   dot     dx     dy     dz
    1      9.10  38.63 111.94  23.20   0.23   0.28    0.005  0.018  0.025  0.102
    2      9.30  37.98 110.61  22.81   0.25   0.28    0.002  0.026  0.028  0.014
    3     27.29-130.21  -8.36  12.06   0.53   0.41   -0.009 -0.210  0.230 -0.035
    4     15.71-130.96  -6.75  10.75   0.61   0.39    0.014  0.026  0.164 -0.249
    5     45.69 -40.35  38.68  23.74   0.17   0.10   -0.005 -0.015 -0.150 -0.059
    6     49.47 -36.84  40.61  16.68   0.12  -0.15   -0.028  0.061 -0.113  0.183
    7     13.98-134.79-119.29   6.50   0.80   0.31   -0.020  0.425 -0.227  0.096
    8     30.42-140.98 -43.97   8.88   0.34   0.48    0.021 -0.117 -0.116  0.279
    9     39.75  10.82  56.58  11.92   0.06  -0.16    0.049 -0.075 -0.102 -0.183
   10     18.30 -87.39-308.29  16.20   1.03   1.97    0.001 -0.320  0.016 -0.000
   11      5.54 -62.65-309.66  15.61   1.23   1.69   -0.058 -0.392 -0.012  0.005
   12     51.19  35.12  94.65  15.60   0.25   0.10   -0.009  0.053  0.028  0.002
   13     46.88  33.39  97.99  19.00   0.32   0.26   -0.015  0.034  0.132  0.003
   14     55.92  33.40  97.50  14.23   0.36   0.05    0.016  0.046 -0.026  0.327
   15     44.68  34.06  97.47  17.35   0.45   0.34   -0.024  0.028  0.167  0.146
   16     44.85  34.92  96.03  18.69   0.46   0.32   -0.045 -0.133  0.292  0.089
   17     22.07  -1.05  82.42  18.54   0.34   0.10   -0.030 -0.033  0.074  0.035
   18     36.46 -34.46   4.36  11.52   0.19  -0.15   -0.042 -0.336 -0.106  0.321
   19     33.32  41.45  64.25  10.62   0.23  -0.11    0.023  0.002  0.085  0.523
   20     45.98  37.81  85.19  16.19   0.40   0.23   -0.016 -0.046  0.050 -0.009
   21     34.11  36.55  82.82  14.51   0.59   0.10    0.014  0.032  0.020  0.013
   22     25.90  35.63  85.48  13.57   0.32  -0.07   -0.000 -0.190  0.118  0.075
   23     15.92  35.45  86.36  11.93   0.50  -0.14    0.022 -0.024 -0.006  0.328
   24      2.04  34.85  82.23   6.14   0.58  -0.11    0.035  0.015  0.218  0.439
   25     48.61 -45.95  23.57  22.12   0.09   0.07    0.007  0.016 -0.196  0.125
   26     27.61 -70.35  -3.66  10.69   0.21  -0.20    0.005  0.095  0.026  0.394
   27      0.21  -0.63  49.45  13.30   0.38  -0.01    0.014  0.054 -0.093  0.196
   28     59.12  37.65  76.42  11.65   0.52   0.08    0.016  0.058  0.210  0.153
   29     20.23-148.93 -12.62  14.98   0.43   0.68    0.035 -0.104  0.211  0.184
   30      2.94  36.11  76.73  13.66   0.66   0.24    0.037  0.207 -0.041  0.263
   31     21.00  36.49  77.52  14.40   0.51   0.15    0.005 -0.077  0.085  0.196
   32     50.78  36.89  77.06  15.29   0.38  -0.08   -0.019 -0.020 -0.049 -0.011
   33      0.81  37.34  76.06  15.60   0.43   0.03    0.006  0.083 -0.151  0.004
   34     55.41 -17.03  34.85  24.50   0.08   0.05    0.011  0.081 -0.078  0.001
   35     39.33 -71.64  -8.47   3.49   0.49  -0.01    0.126  0.273  0.012  0.088
   36     59.10  36.65  77.75  15.10   0.54   0.18    0.003  0.088 -0.136  0.004
   37      5.57  31.35  50.13  14.90   0.26  -0.22   -0.026 -0.014 -0.082  0.002
   38     46.50  73.11  73.11  16.86   0.47   0.28    0.001 -0.108  0.136 -0.038
   39     14.17   0.67  26.03   3.69   0.22   0.08    0.075 -0.015 -0.190 -0.214
   40     14.55 -42.06  13.86  16.67   0.29  -0.11   -0.047 -0.103 -0.090 -0.131
   41     56.45  34.89  79.07   6.06   0.36  -0.17    0.051  0.028 -0.041  0.962
   42     34.29  -4.04  46.23  18.02   0.17  -0.11   -0.012  0.050 -0.073  0.024
   43     24.62-110.65 -39.28   5.48   0.31  -0.28    0.024  0.109  0.110  0.281
   44     49.78  30.25  50.47   8.03   0.30  -0.11    0.080 -0.086 -0.082 -0.272
   45     41.20-145.17  45.42  18.69   0.28   0.61   -0.003 -0.131  0.004  0.395
   46     34.07 -57.57  -0.79  16.07   0.20  -0.06   -0.032  0.065 -0.010 -0.033
   47      1.01  10.48  80.54  21.86   0.36   0.30    0.008 -0.007 -0.022 -0.036
   48     37.21  10.54  81.61  23.57   0.15   0.16    0.015  0.056  0.041  0.069
   49     35.70  54.70  84.58  22.60   0.28   0.12   -0.005 -0.061  0.002 -0.000
   50     36.09-102.66 -35.95  15.28   0.52   0.43   -0.009 -0.005 -0.354 -0.025
   51     53.21-101.26 -54.42   8.97   0.67   0.30    0.008  0.109  0.252 -0.333
   52     43.22-115.51  43.06  15.48   0.51   0.58    0.020 -0.091  0.104 -0.015
   53      1.00  10.48  80.74  21.36   0.35   0.33    0.003 -0.005  0.065  0.064
   54      3.11 -83.71 322.77  15.63   0.48   0.77   -0.285 -0.034 -0.045  0.025
   55      3.25 -89.82 304.26   0.44   0.40   0.54   -0.248  0.011 -0.027  0.036
   56     44.89  36.08  67.63  15.00   0.56   0.15   -0.008  0.098 -0.099  0.001
   57     47.15 -84.65 154.72  15.66   0.58   0.95   -0.050  0.053  0.180  0.065
   58     45.62 -80.92 150.77  15.00   0.51   0.95    0.020  0.213  0.134 -0.103
   59      8.59 -82.15   0.37   2.73   0.50  -0.01    0.086  0.307  0.039  0.027
   60      3.68-110.45-118.26   3.99   0.92   0.36    0.083  0.264  0.466  0.286
   61      0.56-130.42 -55.09   0.54   0.57  -0.01   -0.040 -0.370 -0.083  0.430
   62     20.15  19.42 152.46  15.08   0.65   0.80    0.052  0.143 -0.191 -0.522
   63     18.80 -47.30  29.76  20.08   0.27   0.06   -0.003 -0.025 -0.147 -0.023
   64      4.76-163.46 183.86   8.20   0.89   1.20   -0.045  0.457  0.863  0.204
   65     23.37 -48.02  20.48  15.56   0.14  -0.18   -0.029  0.045 -0.159  0.055
   66     32.83-152.25  43.02  17.92   0.32   0.63    0.034  0.050  0.177  0.015
   67     41.90 -37.30  -5.10  18.84   0.34   0.15    0.005  0.010 -0.193 -0.358
   68     14.18  50.71 105.98  20.31   0.39   0.42   -0.024 -0.061  0.309 -0.086
   69     48.30-214.97-349.14  73.50   0.00   0.00    0.000  0.000  0.000  0.000
   70      5.47  33.78  96.95  19.35   0.45   0.43   -0.027  0.077  0.202  0.052
   71      4.25   6.14  56.65   1.24   0.57   0.38    0.146  0.013 -0.034 -0.063
   72     56.58 132.68-297.80  96.99   4.49   2.12   -0.220 -0.015  0.019 -0.005
   73     12.87  50.74  81.92  23.43   0.29   0.33   -0.030  0.342  0.021  0.334
   74     36.18-102.54  70.17  21.94   0.18   0.41   -0.023 -0.103 -0.020  0.144
   75     46.72-107.64   2.71   0.03   0.83   0.18    0.024 -0.055  0.250 -0.075
   76     54.60-217.19 302.17   0.10   0.00   0.00    0.000  0.000  0.000  0.000
   77     44.10  51.00  93.79  16.70   0.34   0.27   -0.002  0.072  0.056 -0.104
   78     41.78  38.46  66.33  22.15   0.29   0.17   -0.017  0.099 -0.174  0.148
   79     58.66 -69.51  -4.56   0.50   0.42   0.12    0.064  0.266 -0.094  0.397
   80     26.77 -69.92  -5.92   0.42   0.36   0.14    0.067  0.216 -0.122  0.313
   81     26.97 -69.90  -4.68   0.47   0.40   0.15    0.072  0.222 -0.106  0.355
   82     23.36 -69.85  -4.55   0.41   0.35   0.07    0.057  0.263 -0.090  0.299
   83     23.22 -71.19  -6.24   7.18   0.31  -0.17    0.021 -0.012 -0.099  0.578
   84     21.20 -43.29   8.55  20.94   0.06  -0.00   -0.004  0.092 -0.263 -0.057
   85     24.59-167.47 -46.25  10.83   0.49   0.57   -0.010 -0.005  0.166 -0.073
   86     44.08 -12.32  30.11  18.03   0.26  -0.03   -0.016  0.006 -0.126 -0.068
   87     28.89 -61.61   6.92   3.55   0.39   0.05    0.086  0.044 -0.221  0.949
   88     38.11-103.86 -28.08   8.74   0.53  -0.14    0.013  0.002  0.044  0.344
   89     47.78-141.90  89.46  20.55   0.27   0.68   -0.016 -0.100  0.081  0.346
   90     48.28-139.90  88.19  20.54   0.20   0.64   -0.024 -0.080  0.155  0.435
   91     34.08  33.54  85.02  19.55   0.39   0.28   -0.023  0.084 -0.116  0.049

 A V E R A G E   of ADJUSTMENTS :                    -0.000  0.022  0.012  0.100
 A V E R A G E   of ABSOLUTE ADJUSTMENTS :            0.035  0.101  0.121  0.170


 Step length damping of 0.16805 was applied.


 Velocity adjustments:
     vp    dvp      hp   reflector
 Velocity model   1
   4.766 -0.054   -5.000      
   5.473  0.063   -1.920      
   5.882  0.012   14.830      
   6.898 -0.062   15.000      
   6.960 -0.030   23.190      
   7.112 -0.018   27.700      
   7.208  0.008   28.820      
   7.449  0.049   40.190      
   8.670 -0.200   46.710      

 Calculation of average velocity starts at layer #           1
 z = -5.00 ... -1.92    v = 4.77    AVEL = 4.77 downto z =  -1.92
 z = -1.92 ... 14.83    v = 5.47    AVEL = 5.36 downto z =  14.83
 z = 14.83 ... 15.00    v = 5.88    AVEL = 5.37 downto z =  15.00
 z = 15.00 ... 23.19    v = 6.90    AVEL = 5.81 downto z =  23.19
 z = 23.19 ... 27.70    v = 6.96    AVEL = 5.97 downto z =  27.70
 z = 27.70 ... 28.82    v = 7.11    AVEL = 6.01 downto z =  28.82
 z = 28.82 ... 40.19    v = 7.21    AVEL = 6.31 downto z =  40.19
 z = 40.19 ... 46.71    v = 7.45    AVEL = 6.45 downto z =  46.71


 Calculation of average velocity starts at layer #           2
 z = -1.92 ... 14.83    v = 5.47    AVEL = 5.47 downto z =  14.83
 z = 14.83 ... 15.00    v = 5.88    AVEL = 5.48 downto z =  15.00
 z = 15.00 ... 23.19    v = 6.90    AVEL = 5.94 downto z =  23.19
 z = 23.19 ... 27.70    v = 6.96    AVEL = 6.10 downto z =  27.70
 z = 27.70 ... 28.82    v = 7.11    AVEL = 6.13 downto z =  28.82
 z = 28.82 ... 40.19    v = 7.21    AVEL = 6.42 downto z =  40.19
 z = 40.19 ... 46.71    v = 7.45    AVEL = 6.56 downto z =  46.71



 Adjusted station corrections:
   stn  ptcor  dpcor  
  624   0.000  0.000  628  -0.024 -0.024  630   0.006  0.006  627   0.036  0.036
  621   0.015  0.015  629   0.053  0.053  622   0.005  0.005  620  -0.002 -0.002
  623   0.044  0.044  626   0.042  0.042  625   0.033  0.033  631   0.066  0.066
  632   0.007  0.007

 ~~~ another iteration? ...



--------------------------------------------------------------------------------



           ITERATION no  2

 ~~~ set units for this iteration ...
 ~~~ determine number of unknowns for this iter. ...

 Number of unknowns (for array-indexing):  nvar =  385
 Number of effective unknowns        :  nvareff =  386
 Number of elements on/below main diagonal of matrix G = At*A : kvar =   74305

 Damping factors to be used in this iteration:
   Othet=   0.010   XYthet  =   0.010   Zthet=  0.010
 STAthet=   0.010   Vthet   =   1.000

 ~~~ damp G ...
 ~~~ solve G * b = RHT ...
 ~~~ fix units ...
 ~~~ apply eventually step-length damping ...
 ~~~ adjust model (hypocenters, stacorr & veloc.) ...

 doing velocity adjustments now...

 doing station-correction adjustments...

 ~~~ compute effective step-length ...

 (Applied) Step length =   4.757

 ~~~ set units for next iteration ...
 ~~~ determine number of unknowns for next iter. ...

 Number of unknowns (for array-indexing):  nvar =  385
 Number of effective unknowns        :  nvareff =  386
 Number of elements on/below main diagonal of matrix G = At*A : kvar =   74305

 ~~~ reset G and RHT ...
 ~~~ raytracing, setup G ...
 ~~~ store parts of G ...
 ~~~ set units back for current iteration ...
 ~~~ determine number of unknowns for this iter. ...

 Number of unknowns (for array-indexing):  nvar =  385
 Number of effective unknowns        :  nvareff =  386
 Number of elements on/below main diagonal of matrix G = At*A : kvar =   74305

 ~~~ compute RMS and DATVAR ...

 $$$$$$$$$$$$$$$$$$$$$$$$$$$$$$$$$$$$$$$$$$$$$$$$$
 Events with  | AVRES | > 1.0 SEC are suspicious !

 Event#  10 >>>  160920 1607  AVRES =  1.57 NOBS =  2
 Event#  11 >>>  160925 1911  AVRES =  1.35 NOBS =  2
 Event#  72 >>>  170418 1005  AVRES =  1.68 NOBS =  1

 ^^^^^^^^^ C H E C K   these events above ^^^^^^^^
 $$$$$$$$$$$$$$$$$$$$$$$$$$$$$$$$$$$$$$$$$$$$$$$$$

 ~~~ check solution (better? worse?) ...

 Iteration nr  2 obtained:
 DATVAR=    0.480570 mean sqrd residual=     0.207374  RMS RESIDUAL=     0.455384

 After  2 iterations we got:
 Average absolute & unweighted [and mean] residual of
   464 straight and direct rays =  0.26621 [  0.08775]
   215 refracted           rays =  0.53175 [  0.39372]
     0 reflected           rays =  0.00000 [  0.00000]

   679 ALL                 RAYS =  0.35029 [  0.18463]      -16.10 %

 ~~~ iteration done; output results ...

  eq       ot     x      y      z      rms    avres   dot     dx     dy     dz
    1      9.08  38.61 111.98  23.17   0.21   0.23   -0.026 -0.022  0.033 -0.027
    2      9.27  38.03 110.66  22.93   0.22   0.23   -0.032  0.056  0.055  0.112
    3     27.22-130.42  -8.12  11.94   0.46   0.32   -0.072 -0.206  0.237 -0.126
    4     15.66-130.93  -6.57  10.39   0.51   0.31   -0.053  0.032  0.185 -0.357
    5     45.66 -40.35  38.50  23.67   0.14   0.09   -0.035 -0.004 -0.178 -0.071
    6     49.42 -36.74  40.48  16.94   0.11  -0.11   -0.056  0.097 -0.131  0.252
    7     13.88-134.27-119.45   6.39   0.67   0.25   -0.098  0.516 -0.161 -0.108
    8     30.38-141.10 -44.10   9.24   0.30   0.38   -0.039 -0.124 -0.128  0.360
    9     39.74  10.79  56.47  11.90   0.06  -0.13   -0.013 -0.026 -0.108 -0.013
   10     18.26 -87.77-308.26  16.20   1.01   1.57   -0.046 -0.386  0.025  0.004
   11      5.44 -63.13-309.67  15.61   1.22   1.35   -0.105 -0.476 -0.010  0.009
   12     51.15  35.18  94.66  15.60   0.19   0.09   -0.039  0.056  0.010  0.003
   13     46.84  33.42  98.13  19.01   0.27   0.21   -0.049  0.029  0.141  0.009
   14     55.89  33.45  97.36  14.52   0.28   0.03   -0.028  0.047 -0.142  0.290
   15     44.61  34.09  97.66  17.54   0.38   0.27   -0.061  0.027  0.187  0.191
   16     44.77  34.77  96.38  18.83   0.39   0.26   -0.087 -0.152  0.346  0.144
   17     22.00  -1.10  82.50  18.61   0.26   0.08   -0.066 -0.052  0.083  0.074
   18     36.38 -34.64   4.33  11.89   0.17  -0.13   -0.078 -0.182 -0.025  0.371
   19     33.30  41.39  64.28  11.17   0.20  -0.10   -0.027 -0.061  0.032  0.542
   20     45.94  37.75  85.24  16.18   0.35   0.19   -0.048 -0.057  0.054 -0.011
   21     34.09  36.55  82.78  14.49   0.53   0.08   -0.025 -0.005 -0.033 -0.023
   22     25.87  35.53  85.49  13.70   0.27  -0.06   -0.027 -0.101  0.008  0.126
   23     15.89  35.33  86.31  12.20   0.46  -0.12   -0.028 -0.122 -0.051  0.268
   24      1.99  34.71  82.56   6.59   0.54  -0.11   -0.043 -0.145  0.326  0.452
   25     48.59 -45.91  23.35  22.30   0.08   0.06   -0.019  0.041 -0.217  0.174
   26     27.55 -70.25  -3.83  11.18   0.18  -0.17   -0.057  0.106 -0.172  0.490
   27      0.19  -0.58  49.29  13.53   0.32  -0.01   -0.028  0.046 -0.160  0.237
   28     59.09  37.62  76.50  11.73   0.43   0.06   -0.029 -0.036  0.076  0.079
   29     20.22-149.01 -12.42  15.21   0.38   0.52   -0.012 -0.081  0.199  0.231
   30      2.93  36.29  76.57  13.93   0.59   0.18   -0.004  0.187 -0.157  0.263
   31     20.97  36.36  77.50  14.55   0.42   0.11   -0.033 -0.131 -0.029  0.157
   32     50.73  36.88  76.98  15.28   0.34  -0.06   -0.048 -0.016 -0.072 -0.014
   33      0.78  37.43  75.89  15.61   0.37   0.03   -0.023  0.085 -0.167  0.005
   34     55.40 -16.91  34.75  24.50   0.07   0.04   -0.013  0.116 -0.096  0.001
   35     39.41 -71.13  -8.30   3.73   0.44  -0.03    0.086  0.515  0.168  0.238
   36     59.08  36.74  77.57  15.12   0.46   0.15   -0.027  0.089 -0.179  0.015
   37      5.51  31.33  50.05  14.91   0.24  -0.18   -0.066 -0.014 -0.084  0.006
   38     46.47  72.98  73.23  16.85   0.41   0.23   -0.030 -0.130  0.122 -0.016
   39     14.19   0.63  25.82   3.69   0.19   0.05    0.018 -0.041 -0.216  0.007
   40     14.48 -42.13  13.78  16.57   0.27  -0.08   -0.074 -0.076 -0.074 -0.096
   41     56.42  34.79  79.11   7.09   0.30  -0.16   -0.028 -0.104  0.037  1.028
   42     34.25  -3.97  46.14  18.06   0.14  -0.08   -0.038  0.071 -0.098  0.035
   43     24.62-110.17 -39.09   5.75   0.27  -0.23   -0.004  0.476  0.192  0.271
   44     49.79  30.11  50.42   7.98   0.27  -0.09    0.015 -0.138 -0.041 -0.048
   45     41.15-145.34  45.40  19.15   0.22   0.49   -0.043 -0.167 -0.020  0.458
   46     34.01 -57.49  -0.83  16.09   0.17  -0.04   -0.061  0.075 -0.038  0.024
   47      0.98  10.50  80.62  21.81   0.30   0.25   -0.026  0.022  0.079 -0.054
   48     37.20  10.64  81.63  23.63   0.12   0.13   -0.011  0.097  0.024  0.058
   49     35.66  54.60  84.57  22.62   0.24   0.10   -0.033 -0.097 -0.015  0.025
   50     36.05-102.62 -36.31  15.27   0.46   0.35   -0.040  0.043 -0.362 -0.002
   51     53.15-101.06 -54.13   8.40   0.57   0.24   -0.063  0.205  0.292 -0.572
   52     43.20-115.62  43.19  15.47   0.45   0.47   -0.019 -0.114  0.127 -0.016
   53      0.97  10.50  80.91  21.38   0.29   0.27   -0.030  0.019  0.170  0.018
   54      2.78 -83.75 322.71  15.65   0.44   0.61   -0.336 -0.040 -0.054  0.030
   55      2.94 -89.80 304.23   0.48   0.33   0.43   -0.316  0.026 -0.032  0.045
   56     44.84  36.17  67.50  15.00   0.49   0.13   -0.054  0.095 -0.129  0.000
   57     47.06 -84.59 154.94  15.73   0.51   0.77   -0.095  0.066  0.212  0.069
   58     45.60 -80.67 150.95  14.97   0.42   0.76   -0.021  0.250  0.175 -0.028
   59      8.61 -81.91   0.39   2.95   0.46  -0.02    0.023  0.236  0.014  0.227
   60      3.69-110.03-117.65   4.02   0.82   0.29    0.011  0.428  0.612  0.036
   61      0.50-130.90 -55.20   1.53   0.53  -0.02   -0.061 -0.484 -0.105  0.991
   62     20.17  19.58 152.24  14.54   0.55   0.60    0.015  0.158 -0.212 -0.542
   63     18.77 -47.30  29.58  20.11   0.22   0.06   -0.030  0.000 -0.177  0.036
   64      4.65-162.92 184.84   8.43   0.80   0.96   -0.103  0.545  0.976  0.226
   65     23.32 -47.95  20.31  15.64   0.12  -0.14   -0.055  0.072 -0.175  0.088
   66     32.83-152.20  43.23  17.94   0.30   0.51   -0.002  0.054  0.200  0.022
   67     41.88 -37.26  -5.31  18.54   0.31   0.12   -0.027  0.040 -0.212 -0.298
   68     14.12  50.83 106.21  20.53   0.35   0.34   -0.057  0.113  0.227  0.217
   69     48.30-214.97-349.14  73.50   0.00   0.00    0.000  0.000  0.000  0.000
   70      5.41  33.86  97.16  19.46   0.37   0.34   -0.065  0.081  0.219  0.111
   71      4.34   6.17  56.67   1.21   0.56   0.28    0.093  0.031  0.019 -0.025
   72     56.30 132.66-297.77  96.99   2.81   1.68   -0.275 -0.019  0.025 -0.007
   73     12.80  51.14  82.01  23.94   0.26   0.27   -0.073  0.405  0.082  0.502
   74     36.14-102.54  70.22  21.91   0.17   0.33   -0.035  0.004  0.049 -0.032
   75     46.83-107.95   2.74   2.24   0.84   0.08    0.108 -0.311  0.033  2.200
   76     54.60-217.19 302.17   0.10   0.00   0.00    0.000  0.000  0.000  0.000
   77     44.06  51.05  93.84  16.58   0.29   0.22   -0.035  0.058  0.059 -0.118
   78     41.74  38.51  66.23  22.22   0.25   0.15   -0.039  0.047 -0.097  0.071
   79     58.73 -69.30  -4.66   1.59   0.39   0.06    0.070  0.205 -0.098  1.094
   80     26.83 -69.74  -6.06   1.36   0.33   0.08    0.067  0.179 -0.137  0.938
   81     27.04 -69.72  -4.80   1.44   0.37   0.09    0.070  0.181 -0.124  0.973
   82     23.41 -69.62  -4.68   1.15   0.32   0.03    0.057  0.231 -0.130  0.744
   83     23.21 -71.02  -6.19   7.83   0.26  -0.15   -0.015  0.173  0.045  0.648
   84     21.17 -43.17   8.29  20.93   0.05   0.00   -0.030  0.123 -0.267 -0.015
   85     24.52-167.44 -46.09  10.72   0.43   0.45   -0.066  0.026  0.167 -0.112
   86     44.04 -12.31  29.95  17.98   0.21  -0.02   -0.044  0.019 -0.159 -0.050
   87     28.90 -61.51   6.65   4.64   0.33   0.01    0.015  0.101 -0.270  1.092
   88     38.05-103.79 -28.18   8.99   0.50  -0.12   -0.064  0.075 -0.102  0.249
   89     47.73-142.12  89.52  20.88   0.27   0.55   -0.054 -0.226  0.056  0.331
   90     48.22-140.09  88.33  21.00   0.19   0.51   -0.061 -0.198  0.138  0.466
   91     34.02  33.60  85.05  19.69   0.33   0.22   -0.053  0.060  0.028  0.144

 A V E R A G E   of ADJUSTMENTS :                    -0.038  0.028  0.010  0.174
 A V E R A G E   of ABSOLUTE ADJUSTMENTS :            0.052  0.128  0.134  0.235


 Step length damping of 0.20381 was applied.


 Velocity adjustments:
     vp    dvp      hp   reflector
 Velocity model   1
   4.749 -0.017   -5.000      
   5.497  0.024   -1.920      
   5.901  0.019   14.830      
   6.831 -0.066   15.000      
   6.924 -0.035   23.190      
   7.081 -0.032   27.700      
   7.184 -0.024   28.820      
   7.530  0.081   40.190      
   8.470 -0.200   46.710      

 Calculation of average velocity starts at layer #           1
 z = -5.00 ... -1.92    v = 4.75    AVEL = 4.75 downto z =  -1.92
 z = -1.92 ... 14.83    v = 5.50    AVEL = 5.38 downto z =  14.83
 z = 14.83 ... 15.00    v = 5.90    AVEL = 5.39 downto z =  15.00
 z = 15.00 ... 23.19    v = 6.83    AVEL = 5.81 downto z =  23.19
 z = 23.19 ... 27.70    v = 6.92    AVEL = 5.96 downto z =  27.70
 z = 27.70 ... 28.82    v = 7.08    AVEL = 6.00 downto z =  28.82
 z = 28.82 ... 40.19    v = 7.18    AVEL = 6.30 downto z =  40.19
 z = 40.19 ... 46.71    v = 7.53    AVEL = 6.45 downto z =  46.71


 Calculation of average velocity starts at layer #           2
 z = -1.92 ... 14.83    v = 5.50    AVEL = 5.50 downto z =  14.83
 z = 14.83 ... 15.00    v = 5.90    AVEL = 5.50 downto z =  15.00
 z = 15.00 ... 23.19    v = 6.83    AVEL = 5.94 downto z =  23.19
 z = 23.19 ... 27.70    v = 6.92    AVEL = 6.09 downto z =  27.70
 z = 27.70 ... 28.82    v = 7.08    AVEL = 6.12 downto z =  28.82
 z = 28.82 ... 40.19    v = 7.18    AVEL = 6.41 downto z =  40.19
 z = 40.19 ... 46.71    v = 7.53    AVEL = 6.56 downto z =  46.71



 Adjusted station corrections:
   stn  ptcor  dpcor  
  624   0.000  0.000  628  -0.054 -0.030  630   0.008  0.002  627   0.071  0.035
  621   0.029  0.014  629   0.101  0.049  622   0.013  0.008  620  -0.002  0.000
  623   0.091  0.048  626   0.082  0.040  625   0.070  0.037  631   0.139  0.073
  632   0.015  0.007

 ~~~ another iteration? ...



--------------------------------------------------------------------------------



           ITERATION no  3

 ~~~ set units for this iteration ...
 ~~~ determine number of unknowns for this iter. ...

 Number of unknowns (for array-indexing):  nvar =  385
 Number of effective unknowns        :  nvareff =  386
 Number of elements on/below main diagonal of matrix G = At*A : kvar =   74305

 Damping factors to be used in this iteration:
   Othet=   0.010   XYthet  =   0.010   Zthet=  0.010
 STAthet=   0.010   Vthet   =   1.000

 ~~~ damp G ...
 ~~~ solve G * b = RHT ...
 ~~~ fix units ...
 ~~~ apply eventually step-length damping ...
 ~~~ adjust model (hypocenters, stacorr & veloc.) ...

 doing velocity adjustments now...

 doing station-correction adjustments...

 ~~~ compute effective step-length ...

 (Applied) Step length =   3.913

 ~~~ set units for next iteration ...
 ~~~ determine number of unknowns for next iter. ...

 Number of unknowns (for array-indexing):  nvar =  385
 Number of effective unknowns        :  nvareff =  386
 Number of elements on/below main diagonal of matrix G = At*A : kvar =   74305

 ~~~ reset G and RHT ...
 ~~~ raytracing, setup G ...
 ~~~ store parts of G ...
 ~~~ set units back for current iteration ...
 ~~~ determine number of unknowns for this iter. ...

 Number of unknowns (for array-indexing):  nvar =  385
 Number of effective unknowns        :  nvareff =  386
 Number of elements on/below main diagonal of matrix G = At*A : kvar =   74305

 ~~~ compute RMS and DATVAR ...

 $$$$$$$$$$$$$$$$$$$$$$$$$$$$$$$$$$$$$$$$$$$$$$$$$
 Events with  | AVRES | > 1.0 SEC are suspicious !

 Event#  10 >>>  160920 1607  AVRES =  1.18 NOBS =  2
 Event#  11 >>>  160925 1911  AVRES =  1.01 NOBS =  2
 Event#  72 >>>  170418 1005  AVRES =  1.27 NOBS =  1

 ^^^^^^^^^ C H E C K   these events above ^^^^^^^^
 $$$$$$$$$$$$$$$$$$$$$$$$$$$$$$$$$$$$$$$$$$$$$$$$$

 ~~~ check solution (better? worse?) ...

 Iteration nr  3 obtained:
 DATVAR=    0.338739 mean sqrd residual=     0.146171  RMS RESIDUAL=     0.382324

 After  3 iterations we got:
 Average absolute & unweighted [and mean] residual of
   463 straight and direct rays =  0.22759 [  0.07867]
   216 refracted           rays =  0.42558 [  0.31621]
     0 reflected           rays =  0.00000 [  0.00000]

   679 ALL                 RAYS =  0.29058 [  0.15423]      -17.05 %

 ~~~ iteration done; output results ...

  eq       ot     x      y      z      rms    avres   dot     dx     dy     dz
    1      9.09  38.68 112.03  23.20   0.18   0.18    0.011  0.073  0.059  0.022
    2      9.27  38.00 110.74  22.85   0.19   0.19   -0.001 -0.029  0.079 -0.076
    3     27.20-130.73  -7.86  11.97   0.41   0.24   -0.021 -0.308  0.267  0.036
    4     15.67-130.95  -6.37  10.16   0.42   0.23    0.004 -0.022  0.201 -0.231
    5     45.65 -40.35  38.33  23.63   0.12   0.09   -0.011  0.003 -0.171 -0.041
    6     49.39 -36.64  40.38  17.17   0.10  -0.06   -0.023  0.101 -0.105  0.233
    7     13.85-133.80-119.70   6.46   0.54   0.19   -0.030  0.471 -0.248  0.070
    8     30.40-141.21 -44.18   9.54   0.26   0.28    0.014 -0.107 -0.084  0.301
    9     39.79  10.72  56.35  11.70   0.06  -0.11    0.051 -0.073 -0.125 -0.203
   10     18.22 -88.26-308.23  16.21   0.99   1.18   -0.036 -0.488  0.030  0.003
   11      5.34 -63.73-309.68  15.62   1.21   1.01   -0.095 -0.601 -0.015  0.008
   12     51.14  35.17  94.66  15.61   0.14   0.09   -0.007 -0.006 -0.002  0.010
   13     46.81  33.39  98.31  19.05   0.23   0.19   -0.027 -0.030  0.173  0.041
   14     55.91  33.54  97.29  14.89   0.27  -0.03    0.022  0.088 -0.065  0.374
   15     44.58  34.05  97.88  17.77   0.31   0.23   -0.039 -0.042  0.225  0.232
   16     44.71  34.53  96.79  18.73   0.33   0.22   -0.058 -0.241  0.413 -0.101
   17     21.98  -1.09  82.60  18.63   0.19   0.09   -0.028  0.006  0.090  0.021
   18     36.33 -34.98   4.21  12.26   0.15  -0.11   -0.046 -0.344 -0.117  0.373
   19     33.31  41.39  64.34  11.69   0.17  -0.10    0.017  0.007  0.065  0.527
   20     45.91  37.68  85.30  16.17   0.28   0.17   -0.027 -0.068  0.060 -0.010
   21     34.11  36.57  82.78  14.49   0.46   0.06    0.020  0.020 -0.001 -0.000
   22     25.90  35.52  85.51  13.90   0.23  -0.05    0.025 -0.014  0.022  0.200
   23     15.92  35.29  86.26  12.51   0.41  -0.10    0.025 -0.036 -0.046  0.318
   24      2.01  34.71  82.83   7.03   0.48  -0.11    0.016  0.004  0.272  0.442
   25     48.60 -45.85  23.14  22.49   0.07   0.07    0.010  0.063 -0.211  0.190
   26     27.55 -70.14  -3.85  11.61   0.14  -0.14    0.006  0.109 -0.024  0.427
   27      0.20  -0.51  49.17  13.75   0.27  -0.01    0.014  0.070 -0.115  0.215
   28     59.10  37.69  76.67  11.92   0.34   0.03    0.015  0.068  0.175  0.190
   29     20.21-149.02 -12.21  15.61   0.33   0.42   -0.015 -0.012  0.215  0.398
   30      2.97  36.58  76.41  14.28   0.53   0.13    0.039  0.291 -0.164  0.353
   31     20.98  36.33  77.48  14.82   0.34   0.09    0.011 -0.031 -0.015  0.266
   32     50.72  36.82  76.89  15.27   0.29  -0.01   -0.014 -0.051 -0.089 -0.007
   33      0.79  37.47  75.73  15.63   0.30   0.05    0.008  0.045 -0.168  0.023
   34     55.41 -16.79  34.67  24.51   0.06   0.06    0.011  0.122 -0.087  0.005
   35     39.53 -70.72  -8.18   3.93   0.36  -0.04    0.117  0.409  0.116  0.203
   36     59.08  36.78  77.35  15.15   0.37   0.14    0.006  0.042 -0.216  0.036
   37      5.50  31.30  49.95  14.91   0.22  -0.13   -0.006 -0.033 -0.100  0.000
   38     46.47  72.85  73.30  16.88   0.35   0.20   -0.005 -0.130  0.071  0.032
   39     14.24   0.62  25.62   3.55   0.16   0.02    0.050 -0.008 -0.199 -0.143
   40     14.44 -42.19  13.72  16.47   0.25  -0.03   -0.040 -0.055 -0.061 -0.104
   41     56.45  34.86  79.04   8.12   0.24  -0.16    0.027  0.071 -0.069  1.032
   42     34.25  -3.90  46.04  18.06   0.12  -0.03   -0.006  0.076 -0.091  0.002
   43     24.65-109.90 -39.00   5.95   0.22  -0.17    0.036  0.276  0.087  0.197
   44     49.87  30.02  50.33   7.69   0.22  -0.09    0.074 -0.091 -0.096 -0.291
   45     41.15-145.38  45.65  19.63   0.18   0.39   -0.009 -0.042  0.249  0.474
   46     33.98 -57.40  -0.92  16.13   0.13  -0.00   -0.024  0.090 -0.093  0.039
   47      0.99  10.57  80.62  21.72   0.23   0.21    0.013  0.065 -0.001 -0.089
   48     37.22  10.70  81.66  23.72   0.08   0.13    0.013  0.061  0.027  0.097
   49     35.67  54.46  84.57  22.53   0.19   0.10    0.005 -0.142 -0.002 -0.094
   50     36.03-102.55 -36.62  15.28   0.39   0.29   -0.019  0.064 -0.307  0.007
   51     53.16-100.88 -53.86   8.00   0.49   0.18    0.012  0.183  0.275 -0.398
   52     43.19-115.76  43.39  15.45   0.39   0.38   -0.009 -0.137  0.200 -0.015
   53      0.98  10.55  80.99  21.32   0.22   0.23    0.010  0.049  0.081 -0.065
   54      2.45 -83.80 322.65  15.68   0.41   0.46   -0.330 -0.052 -0.058  0.029
   55      2.67 -89.76 304.20   0.52   0.27   0.33   -0.271  0.035 -0.025  0.038
   56     44.82  36.23  67.32  14.50   0.34   0.18   -0.017  0.063 -0.184 -0.497
   57     46.99 -84.75 155.12  15.93   0.45   0.59   -0.061 -0.163  0.180  0.200
   58     45.60 -80.41 151.20  14.96   0.35   0.57    0.005  0.265  0.252 -0.007
   59      8.67 -81.73   0.41   2.97   0.42  -0.02    0.063  0.181  0.019  0.020
   60      3.79-109.55-117.02   4.09   0.72   0.23    0.094  0.474  0.632  0.069
   61      0.45-131.32 -55.35   2.10   0.50   0.01   -0.052 -0.414 -0.149  0.570
   62     20.20  19.72 151.94  14.26   0.46   0.45    0.032  0.138 -0.304 -0.279
   63     18.77 -47.26  29.41  20.17   0.17   0.07   -0.000  0.038 -0.170  0.062
   64      4.58-162.07 185.92   8.50   0.70   0.73   -0.074  0.851  1.079  0.073
   65     23.30 -47.84  20.12  15.76   0.11  -0.08   -0.017  0.109 -0.185  0.121
   66     32.84-152.25  43.55  18.22   0.29   0.40    0.005 -0.049  0.320  0.283
   67     41.88 -37.19  -5.53  18.24   0.27   0.12    0.002  0.066 -0.217 -0.300
   68     14.08  50.95 106.51  20.79   0.32   0.28   -0.043  0.127  0.308  0.257
   69     48.30-214.97-349.14  73.50   0.00   0.00    0.000  0.000  0.000  0.000
   70      5.37  33.89  97.41  19.60   0.29   0.29   -0.043  0.028  0.241  0.134
   71      4.40   6.19  56.72   1.21   0.55   0.23    0.065  0.025  0.056 -0.007
   72     56.01 132.64-297.75  96.98   1.61   1.27   -0.294 -0.021  0.027 -0.007
   73     12.75  51.52  82.09  24.35   0.23   0.23   -0.046  0.376  0.082  0.412
   74     36.13-102.57  70.27  22.07   0.17   0.27   -0.015 -0.030  0.056  0.162
   75     46.85-108.09   3.13   2.14   0.84   0.08    0.016 -0.134  0.388 -0.097
   76     54.60-217.19 302.17   0.10   0.00   0.00    0.000  0.000  0.000  0.000
   77     44.05  51.05  93.93  16.48   0.23   0.19   -0.011 -0.003  0.088 -0.100
   78     41.74  38.60  66.04  22.20   0.20   0.13   -0.003  0.087 -0.192 -0.020
   79     58.79 -69.10  -4.76   2.13   0.37   0.08    0.060  0.206 -0.104  0.543
   80     26.88 -69.52  -6.20   1.63   0.30   0.12    0.048  0.228 -0.143  0.271
   81     27.10 -69.50  -4.94   1.78   0.35   0.11    0.055  0.212 -0.131  0.342
   82     23.44 -69.31  -4.79   1.38   0.27   0.09    0.023  0.310 -0.103  0.224
   83     23.22 -71.01  -6.30   8.44   0.19  -0.14    0.014  0.014 -0.107  0.615
   84     21.17 -43.02   8.01  20.90   0.05   0.03    0.002  0.151 -0.280 -0.026
   85     24.51-167.48 -45.97  10.69   0.36   0.34   -0.017 -0.043  0.121 -0.027
   86     44.03 -12.26  29.78  17.94   0.17   0.01   -0.012  0.045 -0.173 -0.041
   87     28.95 -61.48   6.39   5.66   0.26  -0.03    0.050  0.027 -0.263  1.019
   88     38.07-103.73 -28.19   9.37   0.46  -0.10    0.016  0.055 -0.014  0.377
   89     47.70-142.37  89.48  21.37   0.26   0.44   -0.026 -0.243 -0.032  0.498
   90     48.17-140.25  88.53  21.48   0.18   0.41   -0.048 -0.158  0.197  0.474
   91     33.99  33.67  85.06  20.00   0.28   0.19   -0.037  0.072  0.012  0.307

 A V E R A G E   of ADJUSTMENTS :                    -0.009  0.029  0.018  0.123
 A V E R A G E   of ABSOLUTE ADJUSTMENTS :            0.036  0.127  0.148  0.195


 Step length damping of 0.24997 was applied.


 Velocity adjustments:
     vp    dvp      hp   reflector
 Velocity model   1
   4.627 -0.122   -5.000      
   5.573  0.076   -1.920      
   5.915  0.014   14.830      
   6.754 -0.077   15.000      
   6.861 -0.063   23.190      
   7.053 -0.027   27.700      
   7.126 -0.058   28.820      
   7.620  0.090   40.190      
   8.270 -0.200   46.710      

 Calculation of average velocity starts at layer #           1
 z = -5.00 ... -1.92    v = 4.63    AVEL = 4.63 downto z =  -1.92
 z = -1.92 ... 14.83    v = 5.57    AVEL = 5.43 downto z =  14.83
 z = 14.83 ... 15.00    v = 5.91    AVEL = 5.43 downto z =  15.00
 z = 15.00 ... 23.19    v = 6.75    AVEL = 5.82 downto z =  23.19
 z = 23.19 ... 27.70    v = 6.86    AVEL = 5.96 downto z =  27.70
 z = 27.70 ... 28.82    v = 7.05    AVEL = 6.00 downto z =  28.82
 z = 28.82 ... 40.19    v = 7.13    AVEL = 6.28 downto z =  40.19
 z = 40.19 ... 46.71    v = 7.62    AVEL = 6.45 downto z =  46.71


 Calculation of average velocity starts at layer #           2
 z = -1.92 ... 14.83    v = 5.57    AVEL = 5.57 downto z =  14.83
 z = 14.83 ... 15.00    v = 5.91    AVEL = 5.58 downto z =  15.00
 z = 15.00 ... 23.19    v = 6.75    AVEL = 5.96 downto z =  23.19
 z = 23.19 ... 27.70    v = 6.86    AVEL = 6.10 downto z =  27.70
 z = 27.70 ... 28.82    v = 7.05    AVEL = 6.13 downto z =  28.82
 z = 28.82 ... 40.19    v = 7.13    AVEL = 6.40 downto z =  40.19
 z = 40.19 ... 46.71    v = 7.62    AVEL = 6.56 downto z =  46.71



 Adjusted station corrections:
   stn  ptcor  dpcor  
  624   0.000  0.000  628  -0.084 -0.031  630   0.001 -0.007  627   0.099  0.027
  621   0.044  0.015  629   0.144  0.043  622   0.020  0.007  620  -0.007 -0.005
  623   0.136  0.044  626   0.122  0.039  625   0.102  0.032  631   0.205  0.067
  632   0.020  0.005

 ~~~ another iteration? ...
 NITT = ITTMAX  --> stop iterations.
 ~~~ final solution reached ...

 ~~~ damp G & Chol.-Decomp.: NOT made (switch iresolcalc is NOT set !)

 Final rms values:  0.18 0.19 0.41 0.42 0.12 0.10 0.54 0.26 0.06 0.99
                    1.21 0.14 0.23 0.27 0.31 0.33 0.19 0.15 0.17 0.28
                    0.46 0.23 0.41 0.48 0.07 0.14 0.27 0.34 0.33 0.53
                    0.34 0.29 0.30 0.06 0.36 0.37 0.22 0.35 0.16 0.25
                    0.24 0.12 0.22 0.22 0.18 0.13 0.23 0.08 0.19 0.39
                    0.49 0.39 0.22 0.41 0.27 0.34 0.45 0.35 0.42 0.72
                    0.50 0.46 0.17 0.70 0.11 0.29 0.27 0.32 0.00 0.29
                    0.55 1.61 0.23 0.17 0.84 0.00 0.23 0.20 0.37 0.30
                    0.35 0.27 0.19 0.05 0.36 0.17 0.26 0.46 0.26 0.18
                    0.28



 ~~~ output final hypocenters ...

      date    origin   latitude longitude  depth  mag  no  rms      x      y      z
   1 160818 1613  9.09 73.0040N 124.8479E  23.20 1.40   6 0.182   38.68 112.03  23.20
   2 160818 1613  9.27 72.9925N 124.8684E  22.85 1.10   6 0.193   38.00 110.74  22.85
   3 160819 0959 27.20 71.9296N 129.7816E  11.97 4.00  12 0.408 -130.73  -7.86  11.97
   4 160820 1506 15.67 71.9429N 129.7895E  10.16 1.50   9 0.424 -130.95  -6.37  10.16
   5 160820 1904 45.65 72.3435N 127.1803E  23.63 1.20   6 0.116  -40.35  38.33  23.63
   6 160822 1318 49.39 72.3619N 127.0723E  17.17 0.60   8 0.104  -36.64  40.38  17.17
   7 160823 0652 13.85 70.9273N 129.7697E   6.46 2.90   6 0.545 -133.80-119.70   6.46
   8 160824 1510 30.40 71.6041N 130.0497E   9.54 1.50   9 0.264 -141.21 -44.18   9.54
   9 160906 1514 39.79 72.5050N 125.6851E  11.70 0.90   6 0.062   10.72  56.35  11.70
  10 160920 1607 18.22 69.2376N 128.3823E  16.21 2.60   2 0.987  -88.26-308.23  16.21
  11 160925 1911  5.34 69.2247N 127.7196E  15.62 2.30   2 1.209  -63.73-309.68  15.62
  12 161004 0841 51.14 72.8483N 124.9570E  15.61 0.20   6 0.138   35.17  94.66  15.61
  13 161005 1619 46.81 72.8810N 125.0089E  19.05 1.00   9 0.229   33.39  98.31  19.05
  14 161006 0156 55.91 72.8719N 125.0047E  14.89 1.00   7 0.273   33.54  97.29  14.89
  15 161009 0036 44.58 72.8772N 124.9895E  17.77 1.30   8 0.307   34.05  97.88  17.77
  16 161009 0036 44.71 72.8674N 124.9753E  18.73 1.20   7 0.327   34.53  96.79  18.73
  17 161012 0800 21.98 72.7402N 126.0323E  18.63 0.80   7 0.189   -1.09  82.60  18.63
  18 161015 1013 36.33 72.0378N 127.0149E  12.26 0.70   7 0.152  -34.98   4.21  12.26
  19 161021 0507 33.31 72.5766N 124.7815E  11.69 0.80   6 0.170   41.39  64.34  11.69
  20 161124 2250 45.91 72.7645N 124.8850E  16.17 3.10   4 0.281   37.68  85.30  16.17
  21 161125 0156 34.11 72.7419N 124.9186E  14.49 0.60   7 0.465   36.57  82.78  14.49
  22 161125 0517 25.90 72.7663N 124.9490E  13.90 1.60   6 0.229   35.52  85.51  13.90
  23 161125 0525 15.92 72.7731N 124.9554E  12.51 0.80   6 0.415   35.29  86.26  12.51
  24 161125 0556  2.01 72.7423N 124.9735E   7.03 0.20   6 0.481   34.71  82.83   7.03
  25 170117 0846 48.60 72.2074N 127.3363E  22.49 0.30   6 0.075  -45.85  23.14  22.49
  26 170122 1614 27.55 71.9655N 128.0309E  11.61 0.90   6 0.143  -70.14  -3.85  11.61
  27 170125 2244  0.20 72.4407N 126.0150E  13.75 0.80   6 0.270   -0.51  49.17  13.75
  28 170302 1359 59.10 72.6871N 124.8872E  11.92 0.50   7 0.337   37.69  76.67  11.92
  29 170302 2335 20.21 71.8906N 130.3063E  15.61 2.10   9 0.332 -149.02 -12.21  15.61
  30 170304 2135  2.97 72.6848N 124.9198E  14.28 1.30   7 0.525   36.58  76.41  14.28
  31 170307 0447 20.98 72.6944N 124.9270E  14.82 1.70  10 0.343   36.33  77.48  14.82
  32 170307 2016 50.72 72.6891N 124.9126E  15.27 1.10   6 0.286   36.82  76.89  15.27
  33 170309 1454  0.79 72.6787N 124.8939E  15.63 0.30   6 0.304   37.47  75.73  15.63
  34 170311 0430 55.41 72.3107N 126.4906E  24.51 0.30   6 0.058  -16.79  34.67  24.51
  35 170312 0416 39.53 71.9267N 128.0455E   3.93 2.10   6 0.362  -70.72  -8.18   3.93
  36 170313 0553 59.08 72.6932N 124.9137E  15.15 1.00   9 0.371   36.78  77.35  15.15
  37 170313 0809  5.50 72.4476N 125.0818E  14.91 1.20   7 0.223   31.30  49.95  14.91
  38 170315 0234 46.47 72.6570N 123.8507E  16.88 1.40   7 0.346   72.85  73.30  16.88
  39 170317 1007 14.24 72.2296N 125.9819E   3.55 0.50   7 0.160    0.62  25.62   3.55
  40 170320 0711 14.44 72.1230N 127.2268E  16.47 0.90   6 0.253  -42.19  13.72  16.47
  41 170320 0853 56.45 72.7083N 124.9701E   8.12 0.40   6 0.241   34.86  79.04   8.12
  42 170320 1900 34.25 72.4126N 126.1142E  18.06 0.60   7 0.120   -3.90  46.04  18.06
  43 170323 0519 24.65 71.6505N 129.1556E   5.95 1.20   6 0.225 -109.90 -39.00   5.95
  44 170323 1612 49.87 72.4510N 125.1193E   7.69 0.50   6 0.220   30.02  50.33   7.69
  45 170323 1906 41.15 72.4091N 130.2602E  19.63 1.00   6 0.181 -145.38  45.65  19.63
  46 170326 0836 33.98 71.9917N 127.6633E  16.13 1.50   7 0.135  -57.40  -0.92  16.13
  47 170402 0422  0.99 72.7225N 125.6876E  21.72 1.20  10 0.234   10.57  80.62  21.72
  48 170402 0636 37.22 72.7318N 125.6837E  23.72 0.70   6 0.080   10.70  81.66  23.72
  49 170404 2347 35.67 72.7579N 124.3889E  22.53 0.50   6 0.185   54.46  84.57  22.53
  50 170405 0307 36.03 71.6718N 128.9464E  15.28 1.00  10 0.387 -102.55 -36.62  15.28
  51 170405 1410 53.16 71.5173N 128.8863E   8.00 1.70  10 0.486 -100.88 -53.86   8.00
  52 170406 0838 43.19 72.3889N 129.3904E  15.45 0.90  10 0.386 -115.76  43.39  15.45
  53 170406 1728  0.98 72.7258N 125.6881E  21.32 0.90  10 0.218   10.55  80.99  21.32
  54 170407 1729  2.45 74.8916N 128.6339E  15.68 1.80   2 0.410  -83.80 322.65  15.68
  55 170407 1729  2.67 74.7262N 128.8077E   0.52 1.60   5 0.270  -89.76 304.20   0.52
  56 170408 1004 44.82 72.6033N 124.9326E  14.50 1.40  13 0.342   36.23  67.32  14.50
  57 170409 0856 46.99 73.3901N 128.5517E  15.93 2.50   6 0.449  -84.75 155.12  15.93
  58 170409 0902 45.60 73.3550N 128.4184E  14.96 1.10   7 0.350  -80.41 151.20  14.96
  59 170410 1520  8.67 72.0036N 128.3690E   2.97 1.00  10 0.420  -81.73   0.41   2.97
  60 170410 1813  3.79 70.9513N 129.0884E   4.09 2.20  13 0.722 -109.55-117.02   4.09
  61 170412 1507  0.45 71.5040N 129.7560E   2.10 0.70   6 0.500 -131.32 -55.35   2.10
  62 170413 0651 20.20 73.3617N 125.4069E  14.26 1.00  10 0.465   19.72 151.94  14.26
  63 170414 0459 18.77 72.2636N 127.3795E  20.17 0.50   7 0.173  -47.26  29.41  20.17
  64 170414 0540  4.58 73.6662N 130.9174E   8.50 1.80  11 0.702 -162.07 185.92   8.50
  65 170414 1656 23.30 72.1803N 127.3932E  15.76 0.20   6 0.105  -47.84  20.12  15.76
  66 170414 1753 32.84 72.3903N 130.4592E  18.22 0.70   6 0.286 -152.25  43.55  18.22
  67 170416 0523 41.88 71.9504N 127.0765E  18.24 1.60  13 0.270  -37.19  -5.53  18.24
  68 170416 1220 14.08 72.9546N 124.4844E  20.79 1.00  11 0.319   50.95 106.51  20.79
 WARNING: Event-# :          69 has zero observations!
  69 170416 1257 48.30 68.8710N 131.7500E  73.50 2.20   0 0.000 -214.97-349.14  73.50
  70 170416 1821  5.37 72.8729N 124.9943E  19.60 1.30  13 0.286   33.89  97.41  19.60
  71 170418 0606  4.40 72.5084N 125.8180E   1.21 0.20   6 0.554    6.19  56.72   1.21
  72 170418 1005 56.01 69.3316N 122.4114E  96.98 2.20   1 1.612  132.64-297.75  96.98
  73 170418 1500 12.75 72.7357N 124.4768E  24.35 1.30  12 0.226   51.52  82.09  24.35
  74 170420 1302 36.13 72.6298N 129.0239E  22.07 0.90  11 0.172 -102.57  70.27  22.07
  75 170420 2248 46.85 72.0280N 129.1350E   2.14 0.70  11 0.838 -108.09   3.13   2.14
 WARNING: Event-# :          76 has zero observations!
  76 170423 0850 54.60 74.7080N 132.7900E   0.10 1.90   0 0.000 -217.19 302.17   0.10
  77 170423 1455 44.05 72.8418N 124.4862E  16.48 0.60   8 0.226   51.05  93.93  16.48
  78 170423 2313 41.74 72.5919N 124.8633E  22.20 1.30  12 0.200   38.60  66.04  22.20
  79 170424 0609 58.79 71.9573N 128.0003E   2.13 1.10  12 0.367  -69.10  -4.76   2.13
  80 170424 0755 26.88 71.9444N 128.0118E   1.63 1.00  12 0.297  -69.52  -6.20   1.63
  81 170424 0755 27.10 71.9558N 128.0120E   1.78 1.00  12 0.350  -69.50  -4.94   1.78
  82 170425 0652 23.44 71.9571N 128.0066E   1.38 1.20   9 0.270  -69.31  -4.79   1.38
  83 170426 0051 23.22 71.9436N 128.0548E   8.44 0.70   6 0.193  -71.01  -6.30   8.44
  84 170426 1425 21.17 72.0717N 127.2491E  20.90 0.10   6 0.049  -43.02   8.01  20.90
  85 170426 1834 24.51 71.5881N 130.8011E  10.69 1.20   8 0.364 -167.48 -45.97  10.69
  86 170426 1840 44.03 72.2669N 126.3579E  17.94 1.30   8 0.166  -12.26  29.78  17.94
  87 170427 0912 28.95 72.0572N 127.7847E   5.66 0.90   8 0.263  -61.48   6.39   5.66
  88 170427 1041 38.07 71.7474N 128.9861E   9.37 0.70   7 0.460 -103.73 -28.19   9.37
  89 170427 2010 47.70 72.8019N 130.2169E  21.37 1.30   8 0.255 -142.37  89.48  21.37
  90 170427 2010 48.17 72.7934N 130.1534E  21.48 1.30   8 0.181 -140.25  88.53  21.48
  91 170427 2342 33.99 72.7623N 125.0037E  20.00 0.80   6 0.276   33.67  85.06  20.00

 ~~~ output final station residuals ...
 TURBO-option is set; residuals are NOT printed for each event!



   station statistics, remember nsp was set to: 1


 sta phase nobs avres  avwres    std    wsum    delay

 624    P  74  0.0547  0.0547  0.2639  74.0000  0.0000
 628    P  69 -0.0108 -0.0108  0.3228  69.0000 -0.0843
 630    P  53  0.1471  0.1471  0.3498  53.0000  0.0007
 627    P  46  0.1709  0.1709  0.3403  46.0000  0.0988
 621    P  59  0.1924  0.1924  0.3515  59.0000  0.0443
 629    P  43  0.1956  0.1956  0.3933  43.0000  0.1445
 622    P  58  0.0929  0.0929  0.2913  58.0000  0.0198
 620    P  48  0.0440  0.0440  0.4064  48.0000 -0.0075
 623    P  55  0.1864  0.1864  0.3083  55.0000  0.1359
 626    P  52  0.2693  0.2693  0.4364  52.0000  0.1216
 625    P  49  0.1463  0.1463  0.3775  49.0000  0.1018
 631    P  49  0.4490  0.4490  0.5713  49.0000  0.2053
 632    P  24  0.2114  0.2114  0.3739  24.0000  0.0195


 ~~~ output statistics ...




 RAY-STATISTICS FOR  L A S T  ITERATION
 --------------------------------------

 NHYP : nr of hypocenters in this layer
 NREF : nr of headwaves in this layer
 %len : % of "refracted km" in this layer 
        with respect to all refracted kilometers
 NHIT : nr of rays passed thru this layer
 xy-km: average horizontal ray length [km] in layer
 z-km : average  vertical  ray length [km] in layer
 RFLX : number of reflections at bottom of this layer

 nlay   top ..... bottom     velocity   NHYP NREF %len  NHIT xy-km  z-km  RFLX

   1    -5.00... -1.92 km    4.63 km/s    0    0   0.0     0   0.0   0.0     0
   2    -1.92... 14.83 km    5.57 km/s   40    0   0.0  1497  18.3   8.0     0
   3    14.83... 15.00 km    5.91 km/s    3    0   0.0   661   0.3   0.2     0
   4    15.00... 23.19 km    6.75 km/s   41  121  59.2   592  45.9   4.0     0
   5    23.19... 27.70 km    6.86 km/s    5   10   2.4   213  13.0   3.7     0
   6    27.70... 28.82 km    7.05 km/s    0    0   0.0   171   5.0   1.1     0
   7    28.82... 40.19 km    7.13 km/s    0   46  15.3   125  34.1   7.2     0
   8    40.19... 46.71 km    7.62 km/s    0    0   0.0    79  15.4   6.5     0
   9    46.71...       km    8.27 km/s    2   39  23.0     0   0.0   0.0

 Total nr of events was   91

 Total nr of refracted rays =   216
 Total nr of reflected rays =     0
 Total nr of   other   rays =   463
                              ------
 Total nr of    all    rays =   679

 Average (absolute) error of the raytracers:
  Straight and direct rays : 4911.12 meters
  Refracted           rays :    0.01 meters
  Reflected           rays :    0.00 meters


 ALL RAYS TOGETHER:
 Average horizontal ray length =   89.9 km   (Hypocenter --> Station) 
 Average  vertical  ray length =   17.5 km   (Deepest ray-point --> Station)



 ... and some more STATISTICS 
 ---------------------------- 
  GAP of final epicenters:

  Event# -> GAP  Event# -> GAP  Event# -> GAP  Event# -> GAP  Event# -> GAP
       1 -> 296       2 -> 294       3 -> 271       4 -> 273       5 -> 307
       6 ->  96       7 -> 321       8 -> 305       9 -> 168      10 -> 346
      11 -> 347      12 -> 259      13 -> 264      14 -> 262      15 -> 264
      16 -> 264      17 -> 253      18 -> 251      19 -> 161      20 -> 302
      21 -> 232      22 -> 239      23 -> 241      24 -> 231      25 -> 130
      26 -> 104      27 -> 155      28 -> 213      29 -> 305      30 -> 212
      31 -> 215      32 -> 214      33 -> 210      34 -> 134      35 -> 238
      36 -> 215      37 -> 132      38 -> 312      39 -> 118      40 -> 210
      41 -> 219      42 -> 120      43 -> 230      44 -> 133      45 -> 309
      46 -> 126      47 -> 224      48 -> 226      49 -> 288      50 -> 193
      51 -> 289      52 -> 270      53 -> 225      54 -> 354      55 -> 347
      56 -> 180      57 -> 310      58 -> 318      59 -> 162      60 -> 309
      61 -> 301      62 -> 306      63 -> 150      64 -> 322      65 -> 129
      66 -> 293      67 ->  87      68 -> 295      69 -> 171      70 -> 262
      71 -> 174      72 ->   0      73 -> 265      74 -> 299      75 -> 239
      76 ->  58      77 -> 284      78 -> 173      79 -> 164      80 -> 168
      81 -> 165      82 -> 164      83 -> 236      84 -> 116      85 -> 315
      86 ->  93      87 -> 113      88 -> 270      89 -> 318      90 -> 317
      91 -> 295

 GAPs were between   0 and 354
      (average GAP was 228)



  MAGNITUDES of INPUT-DATA:

 Magnitude (# of events)   ***average number of obs***

 MAG<= 1.0 ( 47) *******
 MAG = 1.1 (  4) ********
 MAG = 1.2 (  7) ********
 MAG = 1.3 (  8) *********1
 MAG = 1.4 (  3) *********
 MAG = 1.5 (  3) ********
 MAG = 1.6 (  3) ********
 MAG = 1.7 (  2) *********1
 MAG = 1.8 (  2) *******
 MAG = 1.9 (  1)  
 MAG = 2.0 (  0)  
 MAG = 2.1 (  2) ********
 MAG = 2.2 (  3) *****
 MAG = 2.3 (  1) **
 MAG = 2.4 (  0)  
 MAG = 2.5 (  1) ******
 MAG = 2.6 (  1) **
 MAG = 2.7 (  0)  
 MAG = 2.8 (  0)  
 MAG = 2.9 (  1) ******
 MAG = 3.0 (  0)  
 MAG = 3.1 (  1) ****
 MAG = 3.2 (  0)  
 MAG = 3.3 (  0)  
 MAG = 3.4 (  0)  
 MAG = 3.5 (  0)  
 MAG = 3.6 (  0)  
 MAG = 3.7 (  0)  
 MAG = 3.8 (  0)  
 MAG = 3.9 (  0)  
 MAG = 4.0 (  1) *********1**
 MAG = 4.1 (  0)  
 MAG = 4.2 (  0)  
 MAG = 4.3 (  0)  
 MAG = 4.4 (  0)  
 MAG = 4.5 (  0)  
 MAG = 4.6 (  0)  
 MAG = 4.7 (  0)  
 MAG = 4.8 (  0)  
 MAG = 4.9 (  0)  
 MAG = 5.0 (  0)  
 MAG = 5.1 (  0)  
 MAG = 5.2 (  0)  
 MAG = 5.3 (  0)  
 MAG = 5.4 (  0)  
 MAG = 5.5 (  0)  
 MAG = 5.6 (  0)  
 MAG = 5.7 (  0)  
 MAG = 5.8 (  0)  
 MAG = 5.9 (  0)  
 MAG>= 6.0 (  0)  





  DEPTHs of INPUT-DATA and of LAST ITERATION:
  ===========================================

       Depth       # of events  

 DEPTH ( input ) =  -4. km :   
 DEPTH (last_IT) =  -4. km :   
 DEPTH ( input ) =  -3. km :   
 DEPTH (last_IT) =  -3. km :   
 DEPTH ( input ) =  -2. km :   
 DEPTH (last_IT) =  -2. km :   
 DEPTH ( input ) =  -1. km :   
 DEPTH (last_IT) =  -1. km :   
 DEPTH ( input ) =   0. km :  ........
 DEPTH (last_IT) =   0. km :  *
 DEPTH ( input ) =   1. km :  .
 DEPTH (last_IT) =   1. km :  ***
 DEPTH ( input ) =   2. km :   
 DEPTH (last_IT) =   2. km :  *****
 DEPTH ( input ) =   3. km :  ...
 DEPTH (last_IT) =   3. km :  *
 DEPTH ( input ) =   4. km :  ..
 DEPTH (last_IT) =   4. km :  ***
 DEPTH ( input ) =   5. km :  ..
 DEPTH (last_IT) =   5. km :   
 DEPTH ( input ) =   6. km :  ..
 DEPTH (last_IT) =   6. km :  ***
 DEPTH ( input ) =   7. km :  .
 DEPTH (last_IT) =   7. km :  *
 DEPTH ( input ) =   8. km :  ...
 DEPTH (last_IT) =   8. km :  ****
 DEPTH ( input ) =   9. km :  ..
 DEPTH (last_IT) =   9. km :  **
 DEPTH ( input ) =  10. km :  ..
 DEPTH (last_IT) =  10. km :  **
 DEPTH ( input ) =  11. km :  ...
 DEPTH (last_IT) =  11. km :  *
 DEPTH ( input ) =  12. km :  ....
 DEPTH (last_IT) =  12. km :  ******
 DEPTH ( input ) =  13. km :  ..
 DEPTH (last_IT) =  13. km :  *
 DEPTH ( input ) =  14. km :  ...
 DEPTH (last_IT) =  14. km :  *****
 DEPTH ( input ) =  15. km :  ........
 DEPTH (last_IT) =  15. km :  *********
 DEPTH ( input ) =  16. km :  .........1.
 DEPTH (last_IT) =  16. km :  *********1**
 DEPTH ( input ) =  17. km :  .....
 DEPTH (last_IT) =  17. km :  **
 DEPTH ( input ) =  18. km :  ....
 DEPTH (last_IT) =  18. km :  *****
 DEPTH ( input ) =  19. km :  .....
 DEPTH (last_IT) =  19. km :  ***
 DEPTH ( input ) =  20. km :  .....
 DEPTH (last_IT) =  20. km :  ****
 DEPTH ( input ) =  21. km :  ..
 DEPTH (last_IT) =  21. km :  *****
 DEPTH ( input ) =  22. km :  ....
 DEPTH (last_IT) =  22. km :  ****
 DEPTH ( input ) =  23. km :  ....
 DEPTH (last_IT) =  23. km :  ***
 DEPTH ( input ) =  24. km :  ..
 DEPTH (last_IT) =  24. km :  ***
 DEPTH ( input ) =  25. km :  .
 DEPTH (last_IT) =  25. km :  *
 DEPTH ( input ) =  26. km :   
 DEPTH (last_IT) =  26. km :   
 DEPTH ( input ) =  27. km :   
 DEPTH (last_IT) =  27. km :   
 DEPTH ( input ) =  28. km :   
 DEPTH (last_IT) =  28. km :   
 DEPTH ( input ) =  29. km :   
 DEPTH (last_IT) =  29. km :   
 DEPTH ( input ) =  30. km :   
 DEPTH (last_IT) =  30. km :   
 DEPTH ( input ) =  31. km :   
 DEPTH (last_IT) =  31. km :   
 DEPTH ( input ) =  32. km :   
 DEPTH (last_IT) =  32. km :   
 DEPTH ( input ) =  33. km :   
 DEPTH (last_IT) =  33. km :   
 DEPTH ( input ) =  34. km :   
 DEPTH (last_IT) =  34. km :   
 DEPTH ( input ) =  35. km :   
 DEPTH (last_IT) =  35. km :   
 DEPTH ( input ) =  36. km :   
 DEPTH (last_IT) =  36. km :   
 DEPTH ( input ) =  37. km :   
 DEPTH (last_IT) =  37. km :   
 DEPTH ( input ) =  38. km :   
 DEPTH (last_IT) =  38. km :   
 DEPTH ( input ) =  39. km :   
 DEPTH (last_IT) =  39. km :   
 DEPTH ( input ) =  40. km :   
 DEPTH (last_IT) =  40. km :   
 DEPTH ( input ) =  41. km :   
 DEPTH (last_IT) =  41. km :   
 DEPTH ( input ) =  42. km :   
 DEPTH (last_IT) =  42. km :   
 DEPTH ( input ) =  43. km :   
 DEPTH (last_IT) =  43. km :   
 DEPTH ( input ) =  44. km :   
 DEPTH (last_IT) =  44. km :   
 DEPTH ( input ) =  45. km :   
 DEPTH (last_IT) =  45. km :   
 DEPTH ( input ) =  46. km :   
 DEPTH (last_IT) =  46. km :   
 DEPTH ( input ) =  47. km :   
 DEPTH (last_IT) =  47. km :   
 DEPTH ( input ) =  48. km :   
 DEPTH (last_IT) =  48. km :   
 DEPTH ( input ) =  49. km :   
 DEPTH (last_IT) =  49. km :   
 DEPTH ( input ) =  50. km :   
 DEPTH (last_IT) =  50. km :   
 DEPTH ( input ) =  51. km :   
 DEPTH (last_IT) =  51. km :   
 DEPTH ( input ) =  52. km :   
 DEPTH (last_IT) =  52. km :   
 DEPTH ( input ) =  53. km :   
 DEPTH (last_IT) =  53. km :   
 DEPTH ( input ) =  54. km :   
 DEPTH (last_IT) =  54. km :   
 DEPTH ( input ) =  55. km :   
 DEPTH (last_IT) =  55. km :   
 DEPTH ( input ) =  56. km :   
 DEPTH (last_IT) =  56. km :   
 DEPTH ( input ) =  57. km :   
 DEPTH (last_IT) =  57. km :   
 DEPTH ( input ) =  58. km :   
 DEPTH (last_IT) =  58. km :   
 DEPTH ( input ) =  59. km :   
 DEPTH (last_IT) =  59. km :   
 DEPTH ( input ) =  60. km :   
 DEPTH (last_IT) =  60. km :   
 DEPTH ( input ) =  61. km :   
 DEPTH (last_IT) =  61. km :   
 DEPTH ( input ) =  62. km :   
 DEPTH (last_IT) =  62. km :   
 DEPTH ( input ) =  63. km :   
 DEPTH (last_IT) =  63. km :   
 DEPTH ( input ) =  64. km :   
 DEPTH (last_IT) =  64. km :   
 DEPTH ( input ) =  65. km :   
 DEPTH (last_IT) =  65. km :   
 DEPTH ( input ) =  66. km :   
 DEPTH (last_IT) =  66. km :   
 DEPTH ( input ) =  67. km :   
 DEPTH (last_IT) =  67. km :   
 DEPTH ( input ) =  68. km :   
 DEPTH (last_IT) =  68. km :   
 DEPTH ( input ) =  69. km :   
 DEPTH (last_IT) =  69. km :   
 DEPTH ( input ) =  70. km :   
 DEPTH (last_IT) =  70. km :   
 DEPTH ( input ) =  71. km :   
 DEPTH (last_IT) =  71. km :   
 DEPTH ( input ) =  72. km :   
 DEPTH (last_IT) =  72. km :   
 DEPTH ( input ) =  73. km :   
 DEPTH (last_IT) =  73. km :   
 DEPTH ( input ) =  74. km :  .
 DEPTH (last_IT) =  74. km :  *
 DEPTH ( input ) =  75. km :   
 DEPTH (last_IT) =  75. km :   
 DEPTH ( input ) =  76. km :   
 DEPTH (last_IT) =  76. km :   
 DEPTH ( input ) =  77. km :   
 DEPTH (last_IT) =  77. km :   
 DEPTH ( input ) =  78. km :   
 DEPTH (last_IT) =  78. km :   
 DEPTH ( input ) =  79. km :   
 DEPTH (last_IT) =  79. km :   
 DEPTH ( input ) =  80. km :   
 DEPTH (last_IT) =  80. km :   
 DEPTH ( input ) =  81. km :   
 DEPTH (last_IT) =  81. km :   
 DEPTH ( input ) =  82. km :   
 DEPTH (last_IT) =  82. km :   
 DEPTH ( input ) =  83. km :   
 DEPTH (last_IT) =  83. km :   
 DEPTH ( input ) =  84. km :   
 DEPTH (last_IT) =  84. km :   
 DEPTH ( input ) =  85. km :   
 DEPTH (last_IT) =  85. km :   
 DEPTH ( input ) =  86. km :   
 DEPTH (last_IT) =  86. km :   
 DEPTH ( input ) =  87. km :   
 DEPTH (last_IT) =  87. km :   
 DEPTH ( input ) =  88. km :   
 DEPTH (last_IT) =  88. km :   
 DEPTH ( input ) =  89. km :   
 DEPTH (last_IT) =  89. km :   
 DEPTH ( input ) =  90. km :   
 DEPTH (last_IT) =  90. km :   
 DEPTH ( input ) =  91. km :   
 DEPTH (last_IT) =  91. km :   
 DEPTH ( input ) =  92. km :   
 DEPTH (last_IT) =  92. km :   
 DEPTH ( input ) =  93. km :   
 DEPTH (last_IT) =  93. km :   
 DEPTH ( input ) =  94. km :   
 DEPTH (last_IT) =  94. km :   
 DEPTH ( input ) =  95. km :   
 DEPTH (last_IT) =  95. km :   
 DEPTH ( input ) =  96. km :   
 DEPTH (last_IT) =  96. km :   
 DEPTH ( input ) =  97. km :  .
 DEPTH (last_IT) =  97. km :  *
 DEPTH ( input ) =  98. km :   
 DEPTH (last_IT) =  98. km :   
 DEPTH ( input ) =  99. km :   
 DEPTH (last_IT) =  99. km :   
 DEPTH ( input ) = 100. km :   
 DEPTH (last_IT) = 100. km :   
 DEPTH ( input ) > 100. km :   
 DEPTH (last_IT) > 100. km :   


 Residuals of the stations according to the azimuth:
 (RES  = total average residual at station)
 (RES1 = average residual of rays from 1st quadrant)
 (RES2 = average residual of rays from 2nd quadrant)
 (RES3 = average residual of rays from 3rd quadrant)
 (RES4 = average residual of rays from 4th quadrant)

 Stn#  Stn     RES          RES1         RES2         RES3         RES4
   1   624     0.05(  74)   0.05(  33)  -0.01(   5)   0.06(  29)   0.11(   7)
   2   628    -0.01(  69)  -0.10(  32)  -0.11(   5)  -0.02(  25)   0.47(   7)
   3   630     0.15(  53)   0.24(  24)   0.17(  11)  -0.20(  10)   0.26(   8)
   4   627     0.17(  46)   0.29(  12)   0.00(   0)   0.01(  22)   0.34(  12)
   5   621     0.19(  59)   0.23(   7)   0.00(   0)   0.26(  18)   0.15(  34)
   6   629     0.20(  43)   0.35(  15)   0.00(   0)  -0.14(   8)   0.21(  20)
   7   622     0.09(  58)  -0.04(  27)   0.00(   0)   0.20(  20)   0.23(  11)
   8   620     0.04(  48)  -0.13(   1)   0.00(   0)   0.28(  18)  -0.10(  29)
   9   623     0.19(  55)   0.08(  30)   0.00(   0)   0.41(  17)   0.10(   8)
  10   626     0.27(  52)   0.25(  24)   0.00(   0)   0.11(   5)   0.32(  23)
  11   625     0.15(  49)   0.20(  14)   0.00(   0)   0.06(  23)   0.25(  12)
  12   631     0.45(  49)   0.50(  18)   1.27(   1)   0.77(   4)   0.33(  26)
  13   632     0.21(  24)   0.36(  12)   0.32(   2)  -0.09(   3)   0.05(   7)



 CPU - statistics:

 TOTAL CPU-sec          =    0.2     (CPU-minutes:  0.003)

 >>>   End of program VELEST at 25-06-02 16:13       <<< [ CPU-sec :     0.2]
