 >>> Start of program VELEST at 25-06-02 16:09       <<<                        

 ::::::::::::::::::::::::::::::::::::::                                         
  V E L E S T  - Version : January 3, 1995                                      
  (Authors: see source code)                                                    
 ::::::::::::::::::::::::::::::::::::::                                         


 Title of this VELEST run:

 vinnik_2
 --------


 Current array-dimensions of program VELEST:

 Max. number of EARTHQUAKES for simult. inversion IEQ = ***
 Max. number of SHOTS for simult. inversion    INSHOT =  50
 Max. number of (different) 1D-MODELS      ITOTMODELS =   2
 Max. number of LAYERS per one 1D-model        INLTOT = 100
 Max. number of STATIONS in stationlist           IST = 650
 Max. number of OBSERVATIONS per event MAXOBSPEREVENT = 180






    INPUT - P A R A M E T E R S :



***
***  olat       olon   icoordsystem      zshift   itrial ztrial    ised
  72.000000-126.000000      0            0.000       0     0.00      0
***
*** neqs   nshot    rotate
     91      0      0.0
***
*** isingle   iresolcalc
       0          0
***
*** dmax    itopo    zmin     veladj    zadj   lowveloclay
   300.00     0      0.01       0.20    5.00       0
***
*** nsp    swtfac   vpvs       nmod
     1      1.00    1.730        1
***
***   othet   xythet    zthet    vthet   stathet
       0.01     0.01     0.01     1.00     0.01
***
*** nsinv   nshcor   nshfix     iuseelev    iusestacorr
       1       0       0           1            1
***
*** iturbo    icnvout   istaout   ismpout
       1         1         1         0
***
*** irayout   idrvout   ialeout   idspout   irflout   irfrout   iresout
       0         0         0         0         0         0         0
***
*** delmin   ittmax   invertratio
    0.010       3          1
***
*** Modelfile:
tmp/vinnik_2/synthvel/model_146.mod
***
*** Stationfile:
./velinp/station.sta
***
*** Seismofile:
 
***
*** File with region names:
 
***
*** File with region coordinates:
 
***
*** File #1 with topo data:
 
***
*** File #2 with topo data:
 
***
*** DATA INPUT files:
***
*** File with Earthquake data:
./velinp/data.cnv
***
*** File with Shot data:
 
***
*** OUTPUT files:
***
*** Main print output file:
./velout/vinnik_2/velest146.out
***
*** File with single event locations:
velout.vel
***
*** File with final hypocenters in *.cnv format:
./velout/vinnik_2/final_loc146.cnv
***
*** File with new station corrections:
./velout/vinnik_2/stations_corr146.sta
***
*** File with summary cards (e.g. for plotting):
velout.smp
***
*** File with raypoints:
velout.ray
***
*** File with derivatives:
velout.drv
***
*** File with ALEs:
velout.ale
***
*** File with Dirichlet spreads:
velout.dspr
***
*** File with reflection points:
velout.rfl
***
*** File with refraction points:
velout.rfr
***
*** File with residuals:
velout.res
***




 Origin of cartesian coordinates:
        72.00000N   126.00000E

  X,Y-AXES rotated clockwise from North
           Rotation angle (rotate):
            rotate=    0.0 degr.

 icoordsystem =            0
 normal SHORT DISTANCE CONVERSION will be made
 x is positive towards west, y is positive towards north


 SHORT DISTANCE CONVERSION on ELLIPSOIDE of WORLD GEODETIC SYSTEM 1972 (WGS72)
 =============================================================================

 Radius at equator (REARTH)= 6378.13500  km
   1. / (ellipticity)      =    298.260

 Origin of cartesian coordinates [degrees]:
   72.0000000 N     -126.0000000 W

  Rotation angle (in degr.) clockwise from
North  rotate=    0.0

 Radius of sphere at OLAT =   6358.817 km

 Conversion of GEOGRAPHICAL LATITUDE to GEOCENTRICAL LATITUDE:
 RLATC = TAN(GEOCENTR.LAT) / TAN(GEOGRAPH.LAT)
 RLATC =   0.99333486

          Short distance conversions:
          one min lat ~  1.8597 km 
          one min lon ~  0.5751 km 







    INPUT - M O D E L :



 Model(s) read from file :
 tmp/vinnik_2/synthvel/model_146.mod                                             

 model file title: 
Model: model_146.mod                    
 Velocity structure for model   1 :

 layer    vel   depth   vdamp  reflector
   1      4.73  -5.00    1.00         P-VELOCITY MODEL                  
   2      5.28  -1.60    1.00  
 WARNING:
 Only top of the first layer can be negative !!
   3      5.41   6.85    1.00  
   4      5.67  20.63    1.00  
   5      7.10  27.37    1.00  
   6      8.24  28.92    1.00  
   7      8.67  34.37    1.00  
   8      8.80  38.49    1.00  
   9      8.97  40.53    1.00  

 Calculation of average velocity starts at layer #            1
 z = -5.00 ... -1.60    v = 4.73    AVEL = 4.73 downto z =  -1.60
 z = -1.60 ...  6.85    v = 5.28    AVEL = 5.12 downto z =   6.85
 z =  6.85 ... 20.63    v = 5.41    AVEL = 5.28 downto z =  20.63
 z = 20.63 ... 27.37    v = 5.67    AVEL = 5.36 downto z =  27.37
 z = 27.37 ... 28.92    v = 7.10    AVEL = 5.44 downto z =  28.92
 z = 28.92 ... 34.37    v = 8.24    AVEL = 5.83 downto z =  34.37
 z = 34.37 ... 38.49    v = 8.67    AVEL = 6.10 downto z =  38.49
 z = 38.49 ... 40.53    v = 8.80    AVEL = 6.22 downto z =  40.53


 Calculation of average velocity starts at layer #            2
 z = -1.60 ...  6.85    v = 5.28    AVEL = 5.28 downto z =   6.85
 z =  6.85 ... 20.63    v = 5.41    AVEL = 5.36 downto z =  20.63
 z = 20.63 ... 27.37    v = 5.67    AVEL = 5.43 downto z =  27.37
 z = 27.37 ... 28.92    v = 7.10    AVEL = 5.52 downto z =  28.92
 z = 28.92 ... 34.37    v = 8.24    AVEL = 5.93 downto z =  34.37
 z = 34.37 ... 38.49    v = 8.67    AVEL = 6.21 downto z =  38.49
 z = 38.49 ... 40.53    v = 8.80    AVEL = 6.34 downto z =  40.53






    INPUT - S T A T I O N S :



 Station-parameters read from file :
 ./velinp/station.sta                                                            


     stn latitude longitude elev   x      y      z     ptcor stcor model icc
   1 624 72.4760N126.2750E     0  -9.37  53.11  -0.00   0.00  0.00   1  13
   2 628 72.4000N127.1470E     0 -39.15  44.63  -0.00   0.00  0.00   1  12
   3 630 72.0750N128.3250E     0 -80.06   8.37  -0.00   0.00  0.00   1  11
   4 627 72.1170N126.9820E     0 -33.78  13.06  -0.00   0.00  0.00   1  10
   5 621 72.1840N124.8890E     0  38.14  20.53  -0.00   0.00  0.00   1   9
   6 629 71.9290N127.3130E     0 -45.39  -7.92  -0.00   0.00  0.00   1   8
   7 622 72.4420N125.3130E     0  23.42  49.32  -0.00   0.00  0.00   1   7
   8 620 72.6540N124.3470E     0  56.03  72.98  -0.00   0.00  0.00   1   6
   9 623 72.3260N125.7600E     0   8.21  36.38  -0.00   0.00  0.00   1   5
  10 626 71.8880N126.0360E     0  -1.25 -12.50  -0.00   0.00  0.00   1   4
  11 625 72.1740N126.1070E     0  -3.67  19.42  -0.00   0.00  0.00   1   3
  12 631 71.3990N127.2470E     0 -43.72 -67.06  -0.00   0.00  0.00   1   2
  13 632 71.5740N129.0728E     0-107.23 -47.53  -0.00   0.00  0.00   1   1

 NO Seismo-parameter-file specified
 --> NO magnitudes calculated!




   neqs=   91  nshot=    0  nltot=    9

 ~~~ input parameters read.
 ~~~ set units for first iteration ...
 ~~~ determine number of unknowns ...

 Number of unknowns (for array-indexing):  nvar =  385
 Number of effective unknowns        :  nvareff =  373
 Number of elements on/below main diagonal of matrix G = At*A : kvar =   74305

 ~~~ reset G and RHT ...
 ~~~ input data, raytracing, setup G ...






    I N P U T - D A T A  

  eq    origin-time    latitude longitude depth    x      y      z    mag ifxOBS
   1 160818 1613  9.10 73.0030N 124.8500E  23.10  38.61 111.92  23.10 1.40 0   6
   2 160818 1613  9.30 72.9910N 124.8700E  22.80  37.95 110.58  22.80 1.10 0   6
   3 160819 0959 27.30 71.9230N 129.7600E  12.10-130.00  -8.59  12.10 4.00 0  12
   4 160820 1506 15.70 71.9380N 129.7900E  11.00-130.98  -6.92  11.00 1.50 0   9
   5 160820 1904 45.70 72.3480N 127.1800E  23.80 -40.33  38.83  23.80 1.20 0   6
   6 160822 1318 49.50 72.3650N 127.0800E  16.50 -36.90  40.73  16.50 0.60 0   8
   7 160823 0652 14.00 70.9330N 129.8100E   6.40-135.21-119.06   6.40 2.90 0   6
   8 160824 1510 30.40 71.6070N 130.0400E   8.60-140.86 -43.85   8.60 1.50 0   9
   9 160906 1514 39.70 72.5080N 125.6800E  12.10  10.89  56.68  12.10 0.90 0   6
 WARNING:
 epicentral distance: 303.3 > dmax ( 300.0) ==> skipping phase !
 WARNING:
 epicentral distance: 338.2 > dmax ( 300.0) ==> skipping phase !
  10 160920 1607 18.30 69.2370N 128.3500E  16.20 -87.07-308.31  16.20 2.60 0   2
 WARNING:
 epicentral distance: 318.5 > dmax ( 300.0) ==> skipping phase !
 WARNING:
 epicentral distance: 355.0 > dmax ( 300.0) ==> skipping phase !
  11 160925 1911  5.60 69.2250N 127.6800E  15.60 -62.26-309.64  15.60 2.30 0   2
  12 161004 0841 51.20 72.8480N 124.9600E  15.60  35.07  94.62  15.60 0.20 0   6
  13 161005 1619 46.90 72.8770N 125.0100E  19.00  33.35  97.86  19.00 1.00 0   9
  14 161006 0156 55.90 72.8740N 125.0100E  13.90  33.36  97.52  13.90 1.00 0   7
  15 161009 0036 44.70 72.8720N 124.9900E  17.20  34.03  97.30  17.20 1.30 0   8
  16 161009 0036 44.90 72.8580N 124.9600E  18.60  35.06  95.74  18.60 1.20 0   7
  17 161012 0800 22.10 72.7380N 126.0300E  18.50  -1.01  82.35  18.50 0.80 0   7
  18 161015 1013 36.50 72.0400N 126.9900E  11.20 -34.12   4.46  11.20 0.70 0   7
  19 161021 0507 33.30 72.5750N 124.7800E  10.10  41.44  64.16  10.10 0.80 0   6
  20 161124 2250 46.00 72.7630N 124.8800E  16.20  37.85  85.14  16.20 3.10 0   4
  21 161125 0156 34.10 72.7420N 124.9200E  14.50  36.52  82.80  14.50 0.60 0   7
  22 161125 0517 25.90 72.7650N 124.9400E  13.50  35.82  85.36  13.50 1.60 0   6
  23 161125 0525 15.90 72.7740N 124.9500E  11.60  35.48  86.37  11.60 0.80 0   6
  24 161125 0556  2.00 72.7350N 124.9700E   5.70  34.84  82.01   5.70 0.20 0   6
  25 170117 0846 48.60 72.2130N 127.3400E  22.00 -45.97  23.77  22.00 0.30 0   6
  26 170122 1614 27.60 71.9670N 128.0400E  10.30 -70.45  -3.68  10.30 0.90 0   6
  27 170125 2244  0.20 72.4440N 126.0200E  13.10  -0.68  49.54  13.10 0.80 0   6
  28 170302 1359 59.10 72.6830N 124.8900E  11.50  37.60  76.21  11.50 0.50 0   7
  29 170302 2335 20.20 71.8850N 130.3000E  14.80-148.82 -12.83  14.80 2.10 0   9
  30 170304 2135  2.90 72.6880N 124.9400E  13.40  35.90  76.77  13.40 1.30 0   7
  31 170307 0447 21.00 72.6940N 124.9200E  14.20  36.57  77.44  14.20 1.70 0  10
  32 170307 2016 50.80 72.6910N 124.9100E  15.30  36.91  77.10  15.30 1.10 0   6
  33 170309 1454  0.80 72.6830N 124.9000E  15.60  37.26  76.21  15.60 0.30 0   6
  34 170311 0430 55.40 72.3130N 126.5000E  24.50 -17.11  34.93  24.50 0.30 0   6
  35 170312 0416 39.20 71.9240N 128.0800E   3.40 -71.91  -8.48   3.40 2.10 0   6
  36 170313 0553 59.10 72.6980N 124.9200E  15.10  36.57  77.89  15.10 1.00 0   9
  37 170313 0809  5.60 72.4500N 125.0800E  14.90  31.36  50.21  14.90 1.20 0   7
  38 170315 0234 46.50 72.6540N 123.8400E  16.90  73.22  72.98  16.90 1.40 0   7
  39 170317 1007 14.10 72.2350N 125.9800E   3.90   0.69  26.22   3.90 0.50 0   7
  40 170320 0711 14.60 72.1250N 127.2200E  16.80 -41.95  13.95  16.80 0.90 0   6
  41 170320 0853 56.40 72.7090N 124.9700E   5.10  34.86  79.11   5.10 0.40 0   6
  42 170320 1900 34.30 72.4150N 126.1200E  18.00  -4.09  46.31  18.00 0.60 0   7
  43 170323 0519 24.60 71.6470N 129.1800E   5.20-110.76 -39.39   5.20 1.20 0   6
  44 170323 1612 49.70 72.4530N 125.1100E   8.30  30.33  50.55   8.30 0.50 0   6
  45 170323 1906 41.20 72.4070N 130.2500E  18.30-145.04  45.41  18.30 1.00 0   6
  46 170326 0836 34.10 71.9930N 127.6700E  16.10 -57.63  -0.78  16.10 1.50 0   7
  47 170402 0422  1.00 72.7220N 125.6900E  21.90  10.49  80.56  21.90 1.20 0  10
  48 170402 0636 37.20 72.7310N 125.6900E  23.50  10.49  81.57  23.50 0.70 0   6
  49 170404 2347 35.70 72.7580N 124.3800E  22.60  54.76  84.58  22.60 0.50 0   6
  50 170405 0307 36.10 71.6810N 128.9500E  15.30-102.66 -35.60  15.30 1.00 0  10
  51 170405 1410 53.20 71.5100N 128.9000E   9.30-101.37 -54.68   9.30 1.70 0  10
  52 170406 0838 43.20 72.3850N 129.3800E  15.50-115.42  42.96  15.50 0.90 0  10
  53 170406 1728  1.00 72.7230N 125.6900E  21.30  10.49  80.67  21.30 0.90 0  10
 WARNING:
 epicentral distance: 325.9 > dmax ( 300.0) ==> skipping phase !
 WARNING:
 epicentral distance: 332.9 > dmax ( 300.0) ==> skipping phase !
 WARNING:
 epicentral distance: 345.3 > dmax ( 300.0) ==> skipping phase !
 WARNING:
 epicentral distance: 391.9 > dmax ( 300.0) ==> skipping phase !
  54 170407 1729  3.40 74.8930N 128.6300E  15.60 -83.67 322.81  15.60 1.80 0   2
 WARNING:
 epicentral distance: 311.3 > dmax ( 300.0) ==> skipping phase !
 WARNING:
 epicentral distance: 315.4 > dmax ( 300.0) ==> skipping phase !
 WARNING:
 epicentral distance: 328.9 > dmax ( 300.0) ==> skipping phase !
 WARNING:
 epicentral distance: 374.2 > dmax ( 300.0) ==> skipping phase !
  55 170407 1729  3.50 74.7270N 128.8100E   0.40 -89.83 304.29   0.40 1.60 0   5
  56 170408 1004 44.90 72.6070N 124.9400E  15.00  35.98  67.73  15.00 1.40 0  13
  57 170409 0856 47.20 73.3850N 128.5500E  15.60 -84.71 154.54  15.60 2.50 0   6
  58 170409 0902 45.60 73.3500N 128.4400E  15.10 -81.13 150.64  15.10 1.10 0   7
  59 170410 1520  8.50 72.0030N 128.3900E   2.70 -82.46   0.33   2.70 1.00 0  10
  60 170410 1813  3.60 70.9360N 129.1200E   3.70-110.72-118.73   3.70 2.20 0  13
  61 170412 1507  0.60 71.5070N 129.7200E   0.00-130.05 -55.01   0.00 0.70 0   6
  62 170413 0651 20.10 73.3680N 125.4200E  15.60  19.28 152.65  15.60 1.00 0  10
  63 170414 0459 18.80 72.2680N 127.3800E  20.10 -47.27  29.90  20.10 0.50 0   7
  64 170414 0540  4.80 73.6400N 130.9700E   8.00-163.92 183.00   8.00 1.80 0  11
  65 170414 1656 23.40 72.1850N 127.4000E  15.50 -48.06  20.64  15.50 0.20 0   6
  66 170414 1753 32.80 72.3840N 130.4600E  17.90-152.30  42.85  17.90 0.70 0   6
  67 170416 0523 41.90 71.9560N 127.0800E  19.20 -37.31  -4.91  19.20 1.60 0  13
  68 170416 1220 14.20 72.9470N 124.4900E  20.40  50.77 105.67  20.40 1.00 0  11
 WARNING:
 epicentral distance: 320.3 > dmax ( 300.0) ==> skipping phase !
 WARNING:
 epicentral distance: 381.0 > dmax ( 300.0) ==> skipping phase !
 WARNING:
 epicentral distance: 398.8 > dmax ( 300.0) ==> skipping phase !
 WARNING:
 epicentral distance: 405.0 > dmax ( 300.0) ==> skipping phase !
 WARNING:
 epicentral distance: 424.8 > dmax ( 300.0) ==> skipping phase !
 WARNING:
 epicentral distance: 431.2 > dmax ( 300.0) ==> skipping phase !
 WARNING:
 epicentral distance: 445.5 > dmax ( 300.0) ==> skipping phase !
 WARNING:
 epicentral distance: 451.8 > dmax ( 300.0) ==> skipping phase !
 WARNING:
 epicentral distance: 464.3 > dmax ( 300.0) ==> skipping phase !
  69 170416 1257 48.30 68.8710N 131.7500E  73.50-214.97-349.14  73.50 2.20 0   0
  70 170416 1821  5.50 72.8670N 125.0000E  19.30  33.70  96.74  19.30 1.30 0  13
  71 170418 0606  4.10 72.5080N 125.8200E   1.30   6.13  56.68   1.30 0.20 0   6
 WARNING:
 epicentral distance: 315.2 > dmax ( 300.0) ==> skipping phase !
 WARNING:
 epicentral distance: 332.1 > dmax ( 300.0) ==> skipping phase !
 WARNING:
 epicentral distance: 345.3 > dmax ( 300.0) ==> skipping phase !
 WARNING:
 epicentral distance: 352.6 > dmax ( 300.0) ==> skipping phase !
 WARNING:
 epicentral distance: 346.7 > dmax ( 300.0) ==> skipping phase !
 WARNING:
 epicentral distance: 356.6 > dmax ( 300.0) ==> skipping phase !
 WARNING:
 epicentral distance: 363.9 > dmax ( 300.0) ==> skipping phase !
 WARNING:
 epicentral distance: 372.8 > dmax ( 300.0) ==> skipping phase !
 WARNING:
 epicentral distance: 378.6 > dmax ( 300.0) ==> skipping phase !
 WARNING:
 epicentral distance: 378.6 > dmax ( 300.0) ==> skipping phase !
  72 170418 1005 56.80 69.3310N 122.4100E  97.00 132.70-297.82  97.00 2.20 0   1
  73 170418 1500 12.90 72.7340N 124.5100E  23.10  50.40  81.90  23.10 1.30 0  12
  74 170420 1302 36.20 72.6290N 129.0200E  21.80-102.44  70.19  21.80 0.90 0  11
  75 170420 2248 46.70 72.0220N 129.1200E   0.00-107.59   2.46   0.00 0.70 0  11
 WARNING:
 epicentral distance: 313.1 > dmax ( 300.0) ==> skipping phase !
 WARNING:
 epicentral distance: 324.4 > dmax ( 300.0) ==> skipping phase !
 WARNING:
 epicentral distance: 324.2 > dmax ( 300.0) ==> skipping phase !
 WARNING:
 epicentral distance: 342.4 > dmax ( 300.0) ==> skipping phase !
 WARNING:
 epicentral distance: 349.0 > dmax ( 300.0) ==> skipping phase !
 WARNING:
 epicentral distance: 380.2 > dmax ( 300.0) ==> skipping phase !
 WARNING:
 epicentral distance: 381.6 > dmax ( 300.0) ==> skipping phase !
 WARNING:
 epicentral distance: 408.0 > dmax ( 300.0) ==> skipping phase !
  76 170423 0850 54.60 74.7080N 132.7900E   0.10-217.19 302.17   0.10 1.90 0   0
  77 170423 1455 44.10 72.8400N 124.4900E  16.80  50.92  93.73  16.80 0.60 0   8
  78 170423 2313 41.80 72.5960N 124.8700E  22.00  38.36  66.50  22.00 1.30 0  12
  79 170424 0609 58.60 71.9600N 128.0200E   0.10 -69.77  -4.46   0.10 1.10 0  12
  80 170424 0755 26.70 71.9480N 128.0300E   0.00 -70.14  -5.80   0.00 1.00 0  12
  81 170424 0755 26.90 71.9590N 128.0300E   0.00 -70.12  -4.57   0.00 1.00 0  12
  82 170425 0652 23.30 71.9600N 128.0300E   0.00 -70.12  -4.46   0.00 1.20 0   9
  83 170426 0051 23.20 71.9450N 128.0600E   6.60 -71.18  -6.14   6.60 0.70 0   6
  84 170426 1425 21.20 72.0790N 127.2600E  21.00 -43.38   8.82  21.00 0.10 0   6
  85 170426 1834 24.60 71.5840N 130.8000E  10.90-167.46 -46.42  10.90 1.20 0   8
  86 170426 1840 44.10 72.2710N 126.3600E  18.10 -12.33  30.24  18.10 1.30 0   8
  87 170427 0912 28.80 72.0640N 127.7900E   2.60 -61.65   7.14   2.60 0.90 0   8
  88 170427 1041 38.10 71.7480N 128.9900E   8.40-103.86 -28.12   8.40 0.70 0   7
  89 170427 2010 47.80 72.8010N 130.2000E  20.20-141.80  89.38  20.20 1.30 0   8
  90 170427 2010 48.30 72.7890N 130.1400E  20.10-139.82  88.04  20.10 1.30 0   8
  91 170427 2342 34.10 72.7630N 125.0100E  19.50  33.46  85.14  19.50 0.80 0   6

 readings for station 624  :  74
 readings for station 628  :  69
 readings for station 630  :  53
 readings for station 627  :  46
 readings for station 621  :  59
 readings for station 629  :  43
 readings for station 622  :  58
 readings for station 620  :  48
 readings for station 623  :  55
 readings for station 626  :  52
 readings for station 625  :  49
 readings for station 631  :  49
 readings for station 632  :  24

 Total number of stations with readings:  13

 Total number of readings:     679
 Total number of P readings:       0
 Total number of S readings:       0


 ~~~ store parts of G ...
 ~~~ compute RMS and DATVAR ...

 Total number of observations is:   679


 $$$$$$$$$$$$$$$$$$$$$$$$$$$$$$$$$$$$$$$$$$$$$$$$$
 Events with  | AVRES | > 1.0 SEC are suspicious !

 Event#  10 >>>  160920 1607  AVRES =  3.33 NOBS =  2
 Event#  11 >>>  160925 1911  AVRES =  2.95 NOBS =  2
 Event#  12 >>>  161004 0841  AVRES = -1.01 NOBS =  6
 Event#  22 >>>  161125 0517  AVRES = -1.16 NOBS =  6
 Event#  23 >>>  161125 0525  AVRES = -1.18 NOBS =  6
 Event#  32 >>>  170307 2016  AVRES = -1.08 NOBS =  6
 Event#  43 >>>  170323 0519  AVRES = -1.02 NOBS =  6
 Event#  54 >>>  170407 1729  AVRES =  1.88 NOBS =  2
 Event#  55 >>>  170407 1729  AVRES =  1.51 NOBS =  5
 Event#  57 >>>  170409 0856  AVRES =  1.75 NOBS =  6
 Event#  58 >>>  170409 0902  AVRES =  1.01 NOBS =  7
 Event#  64 >>>  170414 0540  AVRES =  2.27 NOBS = 11
 Event#  72 >>>  170418 1005  AVRES =  3.01 NOBS =  1
 Event#  88 >>>  170427 1041  AVRES = -1.23 NOBS =  7

 ^^^^^^^^^ C H E C K   these events above ^^^^^^^^
 $$$$$$$$$$$$$$$$$$$$$$$$$$$$$$$$$$$$$$$$$$$$$$$$$

 ~~~ save initial datvar ...

 Iteration nr  0 obtained:
 DATVAR=    2.724097 mean sqrd residual=     1.227649  RMS RESIDUAL=     1.107993

 After  0 iterations we got:
 Average absolute & unweighted [and mean] residual of
   365 straight and direct rays =  0.85524 [ -0.76852]
   314 refracted           rays =  1.07688 [  0.21091]
     0 reflected           rays =  0.00000 [  0.00000]

   679 ALL                 RAYS =  0.95774 [ -0.31559]        0.00 %




--------------------------------------------------------------------------------



           ITERATION no  1

 ~~~ set units for this iteration ...
 ~~~ determine number of unknowns for this iter. ...

 Number of unknowns (for array-indexing):  nvar =  385
 Number of effective unknowns        :  nvareff =  386
 Number of elements on/below main diagonal of matrix G = At*A : kvar =   74305

 Damping factors to be used in this iteration:
   Othet=   0.010   XYthet  =   0.010   Zthet=  0.010
 STAthet=   0.010   Vthet   =   1.000

 ~~~ damp G ...
 ~~~ solve G * b = RHT ...
 ~~~ fix units ...
 ~~~ apply eventually step-length damping ...
 ~~~ adjust model (hypocenters, stacorr & veloc.) ...

 doing velocity adjustments now...

 doing station-correction adjustments...

 ~~~ compute effective step-length ...

 (Applied) Step length =   1.509

 ~~~ set units for next iteration ...
 ~~~ determine number of unknowns for next iter. ...

 Number of unknowns (for array-indexing):  nvar =  385
 Number of effective unknowns        :  nvareff =  386
 Number of elements on/below main diagonal of matrix G = At*A : kvar =   74305

 ~~~ reset G and RHT ...
 ~~~ raytracing, setup G ...
 ~~~ store parts of G ...
 ~~~ set units back for current iteration ...
 ~~~ determine number of unknowns for this iter. ...

 Number of unknowns (for array-indexing):  nvar =  385
 Number of effective unknowns        :  nvareff =  386
 Number of elements on/below main diagonal of matrix G = At*A : kvar =   74305

 ~~~ compute RMS and DATVAR ...

 $$$$$$$$$$$$$$$$$$$$$$$$$$$$$$$$$$$$$$$$$$$$$$$$$
 Events with  | AVRES | > 1.0 SEC are suspicious !

 Event#  10 >>>  160920 1607  AVRES =  3.07 NOBS =  2
 Event#  11 >>>  160925 1911  AVRES =  2.72 NOBS =  2
 Event#  22 >>>  161125 0517  AVRES = -1.05 NOBS =  6
 Event#  23 >>>  161125 0525  AVRES = -1.07 NOBS =  6
 Event#  54 >>>  170407 1729  AVRES =  1.74 NOBS =  2
 Event#  55 >>>  170407 1729  AVRES =  1.41 NOBS =  5
 Event#  57 >>>  170409 0856  AVRES =  1.64 NOBS =  6
 Event#  64 >>>  170414 0540  AVRES =  2.10 NOBS = 11
 Event#  72 >>>  170418 1005  AVRES =  2.75 NOBS =  1
 Event#  88 >>>  170427 1041  AVRES = -1.12 NOBS =  7

 ^^^^^^^^^ C H E C K   these events above ^^^^^^^^
 $$$$$$$$$$$$$$$$$$$$$$$$$$$$$$$$$$$$$$$$$$$$$$$$$

 ~~~ check solution (better? worse?) ...

 Iteration nr  1 obtained:
 DATVAR=    2.464690 mean sqrd residual=     1.063555  RMS RESIDUAL=     1.031288

 After  1 iterations we got:
 Average absolute & unweighted [and mean] residual of
   364 straight and direct rays =  0.78321 [ -0.70333]
   315 refracted           rays =  1.00780 [  0.19689]
     0 reflected           rays =  0.00000 [  0.00000]

   679 ALL                 RAYS =  0.88740 [ -0.28570]       -7.34 %

 ~~~ iteration done; output results ...

  eq       ot     x      y      z      rms    avres   dot     dx     dy     dz
    1      9.11  38.52 111.93  23.02   0.63  -0.41    0.013 -0.092  0.016 -0.085
    2      9.31  37.86 110.60  22.71   0.63  -0.47    0.008 -0.095  0.018 -0.093
    3     27.29-130.02  -8.47  12.03   0.95  -0.34   -0.013 -0.020  0.125 -0.068
    4     15.68-130.94  -6.85  10.88   0.95  -0.21   -0.016  0.041  0.068 -0.116
    5     45.71 -40.32  38.81  23.79   0.40  -0.68    0.009  0.009 -0.018 -0.013
    6     49.50 -36.87  40.69  16.58   0.36  -0.82   -0.001  0.033 -0.037  0.079
    7     13.98-135.04-119.23   6.45   1.82   0.42   -0.025  0.173 -0.166  0.048
    8     30.39-140.90 -43.94   8.64   1.06   0.23   -0.012 -0.039 -0.089  0.038
    9     39.70  10.85  56.64  12.06   0.21  -0.64   -0.000 -0.044 -0.047 -0.041
   10     18.25 -87.25-308.29  16.21   1.04   3.07   -0.051 -0.184  0.015  0.008
   11      5.52 -62.49-309.65  15.61   1.24   2.72   -0.082 -0.228 -0.002  0.012
   12     51.19  35.11  94.68  15.84   0.40  -0.91   -0.007  0.044  0.056  0.240
   13     46.91  33.43  97.82  19.07   0.70  -0.59    0.010  0.081 -0.034  0.068
   14     55.89  33.38  97.57  14.01   1.03  -0.76   -0.013  0.022  0.051  0.111
   15     44.70  34.04  97.35  17.26   1.17  -0.32    0.001  0.010  0.044  0.060
   16     44.90  35.11  95.76  18.69   1.21  -0.16    0.003  0.058  0.020  0.087
   17     22.09  -1.04  82.40  18.58   0.96  -0.73   -0.011 -0.027  0.051  0.082
   18     36.46 -34.22   4.40  11.39   0.43  -0.86   -0.035 -0.095 -0.063  0.189
   19     33.31  41.42  64.13  10.06   0.55  -0.78    0.011 -0.026 -0.029 -0.040
   20     46.00  37.79  85.17  16.16   0.69  -0.74    0.003 -0.060  0.027 -0.036
   21     34.11  36.49  82.79  14.38   0.80  -0.85    0.008 -0.032 -0.009 -0.124
   22     25.90  35.79  85.40  13.50   0.51  -1.05    0.001 -0.037  0.036  0.001
   23     15.92  35.42  86.28  11.50   0.53  -1.07    0.016 -0.052 -0.087 -0.102
   24      2.02  34.81  82.16   5.66   0.92  -0.68    0.017 -0.031  0.145 -0.043
   25     48.62 -45.96  23.67  22.06   0.32  -0.62    0.016  0.009 -0.093  0.059
   26     27.60 -70.40  -3.73  10.26   0.40  -0.82    0.000  0.053 -0.051 -0.043
   27      0.20  -0.66  49.48  13.18   0.35  -0.58   -0.003  0.024 -0.062  0.078
   28     59.10  37.65  76.22  11.54   0.92  -0.67    0.000  0.053  0.007  0.037
   29     20.19-148.80 -12.80  14.70   1.05   0.09   -0.013  0.023  0.027 -0.099
   30      2.91  35.90  76.73  13.33   1.08  -0.42    0.014  0.007 -0.042 -0.075
   31     21.00  36.52  77.43  14.24   1.18  -0.49   -0.002 -0.048 -0.010  0.042
   32     50.81  36.91  77.04  15.31   0.49  -0.98    0.005 -0.001 -0.060  0.008
   33      0.80  37.25  76.24  15.67   0.73  -0.73    0.002 -0.012  0.027  0.065
   34     55.41 -17.03  34.92  24.55   0.24  -0.67    0.011  0.081 -0.003  0.052
   35     39.26 -71.76  -8.46   3.46   0.64  -0.31    0.057  0.157  0.022  0.056
   36     59.11  36.55  77.88  15.12   0.97  -0.56    0.008 -0.011 -0.010  0.019
   37      5.61  31.33  50.17  14.80   0.32  -0.89    0.012 -0.030 -0.038 -0.098
   38     46.50  73.15  72.95  16.90   0.78  -0.70    0.004 -0.071 -0.026 -0.003
   39     14.13   0.68  26.14   3.81   0.30  -0.11    0.029 -0.009 -0.085 -0.087
   40     14.59 -41.92  13.85  16.81   0.34  -0.86   -0.011  0.036 -0.095  0.009
   41     56.43  34.84  79.07   5.26   0.85  -0.71    0.032 -0.024 -0.041  0.157
   42     34.31  -4.06  46.28  17.95   0.28  -0.63    0.013  0.031 -0.031 -0.052
   43     24.61-110.73 -39.34   5.26   0.67  -0.95    0.013  0.031  0.052  0.062
   44     49.70  30.32  50.50   8.26   0.44  -0.68   -0.001 -0.013 -0.044 -0.039
   45     41.20-145.01  45.37  18.28   1.15   0.26    0.002  0.029 -0.049 -0.015
   46     34.10 -57.60  -0.82  16.06   0.40  -0.84    0.004  0.028 -0.034 -0.041
   47      1.02  10.56  80.56  21.91   1.20  -0.16    0.019  0.069 -0.004  0.009
   48     37.22  10.50  81.59  23.52   0.54  -0.58    0.020  0.017  0.018  0.023
   49     35.70  54.72  84.59  22.63   0.60  -0.73    0.000 -0.040  0.009  0.031
   50     36.09-102.62 -35.55  15.23   0.93  -0.45   -0.006  0.033  0.041 -0.074
   51     53.18-101.32 -54.48   9.12   1.20  -0.29   -0.021  0.050  0.194 -0.178
   52     43.20-115.46  42.92  15.51   0.96  -0.47    0.005 -0.042 -0.035  0.006
   53      1.02  10.55  80.70  21.32   1.17  -0.15    0.017  0.066  0.026  0.016
   54      3.17 -83.68 322.78  15.63   0.49   1.74   -0.233 -0.006 -0.029  0.034
   55      3.32 -89.82 304.27   0.43   0.43   1.41   -0.184  0.016 -0.017  0.028
   56     44.90  35.97  67.65  15.05   1.03  -0.58   -0.003 -0.003 -0.077  0.052
   57     47.18 -84.76 154.58  15.60   0.73   1.64   -0.023 -0.053  0.032  0.003
   58     45.60 -81.02 150.71  15.10   1.22   0.95   -0.003  0.118  0.069  0.003
   59      8.53 -82.38   0.35   2.87   0.65  -0.58    0.034  0.077  0.020  0.166
   60      3.60-110.80-118.69   3.88   1.58   0.40   -0.001 -0.079  0.037  0.182
   61      0.57-130.28 -55.09   0.44   0.82  -0.71   -0.034 -0.231 -0.081  0.328
   62     20.10  19.46 152.68  15.62   1.40   0.18   -0.000  0.183  0.033  0.024
   63     18.81 -47.22  29.88  20.09   0.37  -0.76    0.007  0.050 -0.026 -0.008
   64      4.76-163.60 183.39   8.01   0.95   2.10   -0.044  0.318  0.395  0.006
   65     23.41 -48.02  20.56  15.51   0.27  -0.70    0.008  0.041 -0.082  0.009
   66     32.82-152.22  42.97  17.90   0.87   0.04    0.021  0.084  0.121  0.004
   67     41.90 -37.28  -5.01  19.13   0.46  -0.77    0.004  0.027 -0.099 -0.071
   68     14.19  50.70 105.86  20.26   0.82  -0.10   -0.014 -0.073  0.195 -0.136
   69     48.30-214.97-349.14  73.50   0.00   0.00    0.000  0.000  0.000  0.000
   70      5.50  33.79  96.74  19.34   1.23  -0.11    0.005  0.089  0.001  0.041
   71      4.16   6.14  56.67   1.27   0.60   0.20    0.064  0.011 -0.017 -0.033
   72     56.46 132.68-297.79  96.99   7.57   2.75   -0.337 -0.022  0.029 -0.009
   73     12.92  50.53  81.78  23.12   0.99  -0.02    0.016  0.137 -0.125  0.021
   74     36.21-102.55  70.18  21.82   0.81   0.05    0.007 -0.108 -0.010  0.017
   75     46.70-107.77   2.61   0.43   0.96  -0.31   -0.003 -0.181  0.158  0.319
   76     54.60-217.19 302.17   0.10   0.00   0.00    0.000  0.000  0.000  0.000
   77     44.10  50.98  93.76  16.83   0.72  -0.69    0.001  0.057  0.032  0.032
   78     41.81  38.40  66.44  22.00   0.83  -0.40    0.009  0.035 -0.061 -0.005
   79     58.63 -69.63  -4.50   0.33   0.56  -0.34    0.029  0.146 -0.033  0.232
   80     26.73 -70.02  -5.85   0.29   0.51  -0.31    0.030  0.118 -0.049  0.180
   81     26.93 -69.99  -4.61   0.24   0.52  -0.30    0.033  0.131 -0.034  0.128
   82     23.33 -69.98  -4.50   0.11   0.51  -0.33    0.027  0.141 -0.037  0.005
   83     23.23 -71.13  -6.17   6.60   0.67  -0.62    0.027  0.052 -0.032 -0.001
   84     21.21 -43.32   8.68  20.99   0.26  -0.65    0.008  0.057 -0.137 -0.015
   85     24.58-167.46 -46.42  10.88   1.28   0.33   -0.024  0.006 -0.006 -0.021
   86     44.11 -12.33  30.17  18.03   0.36  -0.76    0.010  0.004 -0.070 -0.070
   87     28.85 -61.61   7.04   2.66   0.60  -0.25    0.046  0.046 -0.104  0.063
   88     38.10-103.78 -28.13   8.36   0.75  -1.12    0.004  0.083 -0.012 -0.041
   89     47.82-141.82  89.47  20.24   0.85   0.91    0.019 -0.028  0.087  0.040
   90     48.31-139.82  88.15  20.14   0.83   0.81    0.014  0.001  0.116  0.037
   91     34.10  33.49  85.13  19.51   1.18  -0.25   -0.002  0.034 -0.008  0.007

 A V E R A G E   of ADJUSTMENTS :                    -0.005  0.013 -0.001  0.019
 A V E R A G E   of ABSOLUTE ADJUSTMENTS :            0.022  0.060  0.055  0.063


 Step length damping of 0.08353 was applied.


 Velocity adjustments:
     vp    dvp      hp   reflector
 Velocity model   1
   4.698 -0.032   -5.000      
   5.318  0.038   -1.600      
   5.472  0.062    6.850      
   5.759  0.089   20.630      
   7.120  0.020   27.370      
   8.210 -0.030   28.920      
   8.541 -0.129   34.370      
   8.751 -0.049   38.490      
   8.770 -0.200   40.530      

 Calculation of average velocity starts at layer #           1
 z = -5.00 ... -1.60    v = 4.70    AVEL = 4.70 downto z =  -1.60
 z = -1.60 ...  6.85    v = 5.32    AVEL = 5.14 downto z =   6.85
 z =  6.85 ... 20.63    v = 5.47    AVEL = 5.32 downto z =  20.63
 z = 20.63 ... 27.37    v = 5.76    AVEL = 5.41 downto z =  27.37
 z = 27.37 ... 28.92    v = 7.12    AVEL = 5.49 downto z =  28.92
 z = 28.92 ... 34.37    v = 8.21    AVEL = 5.86 downto z =  34.37
 z = 34.37 ... 38.49    v = 8.54    AVEL = 6.12 downto z =  38.49
 z = 38.49 ... 40.53    v = 8.75    AVEL = 6.24 downto z =  40.53


 Calculation of average velocity starts at layer #           2
 z = -1.60 ...  6.85    v = 5.32    AVEL = 5.32 downto z =   6.85
 z =  6.85 ... 20.63    v = 5.47    AVEL = 5.41 downto z =  20.63
 z = 20.63 ... 27.37    v = 5.76    AVEL = 5.49 downto z =  27.37
 z = 27.37 ... 28.92    v = 7.12    AVEL = 5.58 downto z =  28.92
 z = 28.92 ... 34.37    v = 8.21    AVEL = 5.98 downto z =  34.37
 z = 34.37 ... 38.49    v = 8.54    AVEL = 6.24 downto z =  38.49
 z = 38.49 ... 40.53    v = 8.75    AVEL = 6.36 downto z =  40.53



 Adjusted station corrections:
   stn  ptcor  dpcor  
  624   0.000  0.000  628  -0.019 -0.019  630  -0.002 -0.002  627   0.011  0.011
  621   0.002  0.002  629   0.023  0.023  622   0.001  0.001  620  -0.004 -0.004
  623   0.020  0.020  626   0.017  0.017  625   0.014  0.014  631   0.026  0.026
  632  -0.002 -0.002

 ~~~ another iteration? ...



--------------------------------------------------------------------------------



           ITERATION no  2

 ~~~ set units for this iteration ...
 ~~~ determine number of unknowns for this iter. ...

 Number of unknowns (for array-indexing):  nvar =  385
 Number of effective unknowns        :  nvareff =  386
 Number of elements on/below main diagonal of matrix G = At*A : kvar =   74305

 Damping factors to be used in this iteration:
   Othet=   0.010   XYthet  =   0.010   Zthet=  0.010
 STAthet=   0.010   Vthet   =   1.000

 ~~~ damp G ...
 ~~~ solve G * b = RHT ...
 ~~~ fix units ...
 ~~~ apply eventually step-length damping ...
 ~~~ adjust model (hypocenters, stacorr & veloc.) ...

 doing velocity adjustments now...

 doing station-correction adjustments...

 ~~~ compute effective step-length ...

 (Applied) Step length =   1.964

 ~~~ set units for next iteration ...
 ~~~ determine number of unknowns for next iter. ...

 Number of unknowns (for array-indexing):  nvar =  385
 Number of effective unknowns        :  nvareff =  386
 Number of elements on/below main diagonal of matrix G = At*A : kvar =   74305

 ~~~ reset G and RHT ...
 ~~~ raytracing, setup G ...
 ~~~ store parts of G ...
 ~~~ set units back for current iteration ...
 ~~~ determine number of unknowns for this iter. ...

 Number of unknowns (for array-indexing):  nvar =  385
 Number of effective unknowns        :  nvareff =  386
 Number of elements on/below main diagonal of matrix G = At*A : kvar =   74305

 ~~~ compute RMS and DATVAR ...

 $$$$$$$$$$$$$$$$$$$$$$$$$$$$$$$$$$$$$$$$$$$$$$$$$
 Events with  | AVRES | > 1.0 SEC are suspicious !

 Event#  10 >>>  160920 1607  AVRES =  2.73 NOBS =  2
 Event#  11 >>>  160925 1911  AVRES =  2.42 NOBS =  2
 Event#  43 >>>  170323 0519  AVRES = -1.01 NOBS =  6
 Event#  54 >>>  170407 1729  AVRES =  1.55 NOBS =  2
 Event#  55 >>>  170407 1729  AVRES =  1.25 NOBS =  5
 Event#  57 >>>  170409 0856  AVRES =  1.46 NOBS =  6
 Event#  64 >>>  170414 0540  AVRES =  1.87 NOBS = 11
 Event#  72 >>>  170418 1005  AVRES =  2.44 NOBS =  1

 ^^^^^^^^^ C H E C K   these events above ^^^^^^^^
 $$$$$$$$$$$$$$$$$$$$$$$$$$$$$$$$$$$$$$$$$$$$$$$$$

 ~~~ check solution (better? worse?) ...

 Iteration nr  2 obtained:
 DATVAR=    2.023921 mean sqrd residual=     0.873356  RMS RESIDUAL=     0.934535

 After  2 iterations we got:
 Average absolute & unweighted [and mean] residual of
   355 straight and direct rays =  0.69714 [ -0.63173]
   324 refracted           rays =  0.92310 [  0.13920]
     0 reflected           rays =  0.00000 [  0.00000]

   679 ALL                 RAYS =  0.80496 [ -0.26386]       -9.29 %

 ~~~ iteration done; output results ...

  eq       ot     x      y      z      rms    avres   dot     dx     dy     dz
    1      9.11  38.42 111.95  22.98   0.57  -0.36    0.001 -0.098  0.013 -0.037
    2      9.30  37.76 110.61  22.65   0.56  -0.41   -0.005 -0.098  0.015 -0.057
    3     27.26-130.04  -8.38  11.99   0.85  -0.30   -0.030 -0.024  0.090 -0.041
    4     15.65-130.90  -6.79  10.75   0.86  -0.19   -0.033  0.045  0.055 -0.139
    5     45.71 -40.32  38.72  23.84   0.38  -0.61    0.006  0.004 -0.093  0.054
    6     49.49 -36.81  40.64  16.70   0.32  -0.72   -0.009  0.056 -0.054  0.118
    7     13.95-134.99-119.22   6.39   1.63   0.37   -0.026  0.054  0.007 -0.063
    8     30.37-140.95 -43.81   8.59   0.95   0.20   -0.022 -0.053  0.127 -0.052
    9     39.69  10.82  56.58  12.04   0.19  -0.56   -0.014 -0.026 -0.053 -0.020
   10     18.22 -87.48-308.28  16.21   1.04   2.73   -0.032 -0.227  0.015  0.005
   11      5.45 -62.77-309.65  15.62   1.24   2.42   -0.069 -0.281 -0.005  0.010
   12     51.17  35.14  94.82  16.06   0.37  -0.81   -0.025  0.028  0.137  0.216
   13     46.90  33.55  97.84  19.16   0.64  -0.52   -0.010  0.119  0.020  0.094
   14     55.85  33.42  97.66  14.21   0.92  -0.68   -0.035  0.046  0.081  0.196
   15     44.68  34.05  97.45  17.35   1.05  -0.28   -0.021  0.007  0.103  0.092
   16     44.88  35.17  95.86  18.82   1.09  -0.13   -0.023  0.056  0.103  0.132
   17     22.06  -1.05  82.48  18.73   0.86  -0.65   -0.029 -0.005  0.080  0.150
   18     36.43 -34.25   4.34  11.52   0.39  -0.76   -0.035 -0.036 -0.055  0.133
   19     33.31  41.40  64.09  10.01   0.49  -0.69   -0.001 -0.015 -0.046 -0.049
   20     45.99  37.77  85.16  16.18   0.62  -0.66   -0.011 -0.025 -0.004  0.014
   21     34.10  36.48  82.74  14.27   0.72  -0.76   -0.004 -0.006 -0.045 -0.108
   22     25.88  35.77  85.44  13.60   0.46  -0.93   -0.019 -0.013  0.045  0.095
   23     15.92  35.39  86.17  11.46   0.47  -0.95   -0.000 -0.034 -0.112 -0.042
   24      2.01  34.79  82.35   5.80   0.83  -0.62   -0.009 -0.014  0.192  0.145
   25     48.63 -45.94  23.56  22.12   0.29  -0.55    0.019  0.017 -0.116  0.057
   26     27.59 -70.33  -3.84  10.23   0.35  -0.72   -0.014  0.071 -0.105 -0.026
   27      0.18  -0.62  49.40  13.32   0.31  -0.51   -0.016  0.039 -0.082  0.142
   28     59.08  37.74  76.22  11.63   0.82  -0.59   -0.016  0.090 -0.002  0.094
   29     20.16-148.76 -12.86  14.61   0.94   0.09   -0.029  0.037 -0.059 -0.092
   30      2.92  35.93  76.66  13.24   0.97  -0.37    0.004  0.027 -0.064 -0.087
   31     20.98  36.49  77.40  14.32   1.06  -0.43   -0.015 -0.036 -0.026  0.074
   32     50.79  36.94  76.96  15.39   0.44  -0.87   -0.012  0.032 -0.084  0.082
   33      0.79  37.25  76.27  15.76   0.66  -0.64   -0.011  0.008  0.028  0.096
   34     55.42 -16.91  34.94  24.67   0.22  -0.59    0.009  0.115  0.014  0.117
   35     39.31 -71.49  -8.39   3.57   0.70  -0.38    0.053  0.269  0.063  0.111
   36     59.10  36.57  77.85  15.18   0.87  -0.50   -0.005  0.012 -0.025  0.060
   37      5.61  31.31  50.13  14.68   0.28  -0.78    0.000 -0.016 -0.045 -0.119
   38     46.51  72.97  73.00  16.89   0.71  -0.62    0.001 -0.182  0.052 -0.004
   39     14.14   0.67  26.02   3.80   0.28  -0.12    0.012 -0.009 -0.119 -0.014
   40     14.56 -41.86  13.72  16.87   0.30  -0.76   -0.026  0.055 -0.129  0.056
   41     56.45  34.80  79.02   5.39   0.75  -0.65    0.016 -0.037 -0.056  0.135
   42     34.32  -4.01  46.23  17.91   0.24  -0.56    0.006  0.053 -0.046 -0.037
   43     24.61-110.60 -39.28   5.38   0.64  -1.01   -0.004  0.126  0.052  0.118
   44     49.68  30.33  50.45   8.23   0.39  -0.60   -0.018  0.010 -0.052 -0.029
   45     41.21-145.06  45.32  18.27   1.01   0.23    0.004 -0.052 -0.042 -0.011
   46     34.10 -57.56  -0.90  16.05   0.36  -0.74   -0.007  0.038 -0.082 -0.012
   47      1.03  10.69  80.53  22.00   1.08  -0.14    0.015  0.131 -0.034  0.095
   48     37.24  10.54  81.63  23.60   0.49  -0.51    0.016  0.035  0.040  0.081
   49     35.68  54.70  84.62  22.70   0.57  -0.64   -0.015 -0.015  0.028  0.072
   50     36.07-102.56 -35.54  15.17   0.85  -0.39   -0.023  0.058  0.019 -0.056
   51     53.15-101.14 -54.34   8.87   1.09  -0.25   -0.027  0.186  0.147 -0.254
   52     43.19-115.57  42.91  15.56   0.87  -0.42   -0.017 -0.108 -0.017  0.056
   53      1.03  10.68  80.71  21.41   1.05  -0.13    0.012  0.124  0.008  0.091
   54      2.94 -83.69 322.75  15.67   0.46   1.55   -0.225 -0.012 -0.031  0.032
   55      3.14 -89.79 304.26   0.45   0.38   1.25   -0.178  0.025 -0.014  0.027
   56     44.88  36.00  67.54  15.11   0.93  -0.52   -0.014  0.026 -0.117  0.058
   57     47.14 -84.80 154.63  15.61   0.67   1.46   -0.034 -0.043  0.053  0.005
   58     45.59 -80.88 150.84  15.13   1.08   0.85   -0.007  0.138  0.134  0.030
   59      8.55 -82.26   0.37   3.06   0.66  -0.63    0.014  0.117  0.012  0.198
   60      3.57-110.86-118.57   3.91   1.50   0.32   -0.026 -0.062  0.115  0.032
   61      0.53-130.56 -55.22   0.95   0.76  -0.64   -0.041 -0.281 -0.134  0.509
   62     20.08  19.73 152.71  15.62   1.27   0.16   -0.020  0.274  0.028  0.000
   63     18.80 -47.16  29.82  20.17   0.34  -0.67   -0.006  0.057 -0.057  0.078
   64      4.72-163.18 183.90   8.01   0.87   1.87   -0.037  0.417  0.509  0.006
   65     23.41 -47.96  20.45  15.53   0.24  -0.62    0.002  0.064 -0.107  0.022
   66     32.83-152.21  42.93  17.91   0.78   0.04    0.012  0.004 -0.038  0.005
   67     41.89 -37.24  -5.16  19.10   0.42  -0.68   -0.011  0.037 -0.149 -0.031
   68     14.17  50.71 105.98  20.14   0.73  -0.08   -0.019  0.008  0.118 -0.122
   69     48.30-214.97-349.14  73.50   0.00   0.00    0.000  0.000  0.000  0.000
   70      5.49  33.92  96.80  19.40   1.10  -0.10   -0.014  0.132  0.053  0.059
   71      4.22   6.17  56.68   1.25   0.59   0.16    0.053  0.032  0.013 -0.022
   72     56.18 132.66-297.76  96.98   5.96   2.44   -0.287 -0.019  0.025 -0.008
   73     12.92  50.69  81.72  23.16   0.89  -0.01    0.002  0.161 -0.058  0.041
   74     36.20-102.71  70.15  21.85   0.73   0.05   -0.011 -0.163 -0.022  0.029
   75     46.69-108.05   2.79   0.98   0.92  -0.39   -0.003 -0.280  0.180  0.551
   76     54.60-217.19 302.17   0.10   0.00   0.00    0.000  0.000  0.000  0.000
   77     44.08  51.06  93.82  16.89   0.64  -0.60   -0.017  0.080  0.060  0.059
   78     41.80  38.49  66.40  22.05   0.75  -0.35   -0.004  0.093 -0.041  0.054
   79     58.67 -69.50  -4.57   0.77   0.65  -0.41    0.037  0.128 -0.070  0.443
   80     26.77 -69.91  -5.94   0.64   0.59  -0.38    0.035  0.108 -0.093  0.352
   81     26.97 -69.86  -4.69   0.52   0.57  -0.33    0.037  0.127 -0.077  0.278
   82     23.35 -69.81  -4.58   0.12   0.47  -0.30    0.025  0.169 -0.077  0.007
   83     23.25 -71.02  -6.18   6.62   0.59  -0.57    0.020  0.112 -0.009  0.023
   84     21.21 -43.25   8.51  20.96   0.23  -0.58    0.005  0.079 -0.173 -0.024
   85     24.54-167.45 -46.45  10.85   1.17   0.30   -0.041  0.009 -0.026 -0.034
   86     44.10 -12.30  30.07  18.07   0.31  -0.67   -0.008  0.024 -0.104  0.042
   87     28.88 -61.51   6.88   2.81   0.68  -0.30    0.030  0.102 -0.157  0.150
   88     38.09-103.68 -28.18   8.37   0.68  -0.99   -0.013  0.100 -0.052  0.008
   89     47.83-141.94  89.47  20.30   0.73   0.81    0.012 -0.119  0.006  0.057
   90     48.32-139.90  88.20  20.19   0.71   0.72    0.007 -0.084  0.048  0.056
   91     34.08  33.56  85.12  19.54   1.05  -0.22   -0.015  0.064 -0.015  0.032

 A V E R A G E   of ADJUSTMENTS :                    -0.014  0.024 -0.004  0.051
 A V E R A G E   of ABSOLUTE ADJUSTMENTS :            0.024  0.078  0.068  0.086


 Step length damping of 0.10936 was applied.


 Velocity adjustments:
     vp    dvp      hp   reflector
 Velocity model   1
   4.670 -0.028   -5.000      
   5.353  0.034   -1.600      
   5.547  0.076    6.850      
   5.911  0.152   20.630      
   7.156  0.036   27.370      
   8.113 -0.097   28.920      
   8.384 -0.157   34.370      
   8.551 -0.200   38.490      
   8.586 -0.184   40.530      

 Calculation of average velocity starts at layer #           1
 z = -5.00 ... -1.60    v = 4.67    AVEL = 4.67 downto z =  -1.60
 z = -1.60 ...  6.85    v = 5.35    AVEL = 5.16 downto z =   6.85
 z =  6.85 ... 20.63    v = 5.55    AVEL = 5.37 downto z =  20.63
 z = 20.63 ... 27.37    v = 5.91    AVEL = 5.48 downto z =  27.37
 z = 27.37 ... 28.92    v = 7.16    AVEL = 5.56 downto z =  28.92
 z = 28.92 ... 34.37    v = 8.11    AVEL = 5.91 downto z =  34.37
 z = 34.37 ... 38.49    v = 8.38    AVEL = 6.14 downto z =  38.49
 z = 38.49 ... 40.53    v = 8.55    AVEL = 6.25 downto z =  40.53


 Calculation of average velocity starts at layer #           2
 z = -1.60 ...  6.85    v = 5.35    AVEL = 5.35 downto z =   6.85
 z =  6.85 ... 20.63    v = 5.55    AVEL = 5.47 downto z =  20.63
 z = 20.63 ... 27.37    v = 5.91    AVEL = 5.57 downto z =  27.37
 z = 27.37 ... 28.92    v = 7.16    AVEL = 5.66 downto z =  28.92
 z = 28.92 ... 34.37    v = 8.11    AVEL = 6.03 downto z =  34.37
 z = 34.37 ... 38.49    v = 8.38    AVEL = 6.27 downto z =  38.49
 z = 38.49 ... 40.53    v = 8.55    AVEL = 6.38 downto z =  40.53



 Adjusted station corrections:
   stn  ptcor  dpcor  
  624   0.000  0.000  628  -0.040 -0.021  630  -0.005 -0.003  627   0.028  0.017
  621   0.011  0.009  629   0.054  0.031  622   0.008  0.007  620   0.003  0.006
  623   0.049  0.029  626   0.041  0.024  625   0.033  0.019  631   0.070  0.044
  632   0.006  0.007

 ~~~ another iteration? ...



--------------------------------------------------------------------------------



           ITERATION no  3

 ~~~ set units for this iteration ...
 ~~~ determine number of unknowns for this iter. ...

 Number of unknowns (for array-indexing):  nvar =  385
 Number of effective unknowns        :  nvareff =  386
 Number of elements on/below main diagonal of matrix G = At*A : kvar =   74305

 Damping factors to be used in this iteration:
   Othet=   0.010   XYthet  =   0.010   Zthet=  0.010
 STAthet=   0.010   Vthet   =   1.000

 ~~~ damp G ...
 ~~~ solve G * b = RHT ...
 ~~~ fix units ...
 ~~~ apply eventually step-length damping ...
 ~~~ adjust model (hypocenters, stacorr & veloc.) ...

 doing velocity adjustments now...

 doing station-correction adjustments...

 ~~~ compute effective step-length ...

 (Applied) Step length =   2.225

 ~~~ set units for next iteration ...
 ~~~ determine number of unknowns for next iter. ...

 Number of unknowns (for array-indexing):  nvar =  385
 Number of effective unknowns        :  nvareff =  386
 Number of elements on/below main diagonal of matrix G = At*A : kvar =   74305

 ~~~ reset G and RHT ...
 ~~~ raytracing, setup G ...
 ~~~ store parts of G ...
 ~~~ set units back for current iteration ...
 ~~~ determine number of unknowns for this iter. ...

 Number of unknowns (for array-indexing):  nvar =  385
 Number of effective unknowns        :  nvareff =  386
 Number of elements on/below main diagonal of matrix G = At*A : kvar =   74305

 ~~~ compute RMS and DATVAR ...

 $$$$$$$$$$$$$$$$$$$$$$$$$$$$$$$$$$$$$$$$$$$$$$$$$
 Events with  | AVRES | > 1.0 SEC are suspicious !

 Event#  10 >>>  160920 1607  AVRES =  2.39 NOBS =  2
 Event#  11 >>>  160925 1911  AVRES =  2.12 NOBS =  2
 Event#  54 >>>  170407 1729  AVRES =  1.35 NOBS =  2
 Event#  55 >>>  170407 1729  AVRES =  1.09 NOBS =  5
 Event#  57 >>>  170409 0856  AVRES =  1.28 NOBS =  6
 Event#  64 >>>  170414 0540  AVRES =  1.64 NOBS = 11
 Event#  72 >>>  170418 1005  AVRES =  2.13 NOBS =  1

 ^^^^^^^^^ C H E C K   these events above ^^^^^^^^
 $$$$$$$$$$$$$$$$$$$$$$$$$$$$$$$$$$$$$$$$$$$$$$$$$

 ~~~ check solution (better? worse?) ...

 Iteration nr  3 obtained:
 DATVAR=    1.602236 mean sqrd residual=     0.691392  RMS RESIDUAL=     0.831500

 After  3 iterations we got:
 Average absolute & unweighted [and mean] residual of
   356 straight and direct rays =  0.61754 [ -0.55924]
   323 refracted           rays =  0.82498 [  0.12588]
     0 reflected           rays =  0.00000 [  0.00000]

   679 ALL                 RAYS =  0.71622 [ -0.23333]      -11.02 %

 ~~~ iteration done; output results ...

  eq       ot     x      y      z      rms    avres   dot     dx     dy     dz
    1      9.10  38.33 111.96  22.97   0.50  -0.31   -0.011 -0.093  0.008 -0.013
    2      9.29  37.81 110.75  22.74   0.49  -0.36   -0.015  0.056  0.141  0.093
    3     27.21-130.09  -8.25  11.91   0.75  -0.26   -0.046 -0.049  0.125 -0.081
    4     15.60-130.91  -6.67  10.55   0.77  -0.15   -0.051 -0.014  0.124 -0.197
    5     45.71 -40.32  38.63  23.94   0.35  -0.53   -0.007 -0.003 -0.094  0.100
    6     49.46 -36.75  40.58  16.89   0.29  -0.63   -0.026  0.063 -0.058  0.191
    7     13.90-134.86-119.23   6.27   1.44   0.33   -0.045  0.124 -0.009 -0.114
    8     30.33-140.98 -43.73   8.55   0.84   0.19   -0.032 -0.030  0.082 -0.032
    9     39.66  10.81  56.52  12.04   0.16  -0.49   -0.023 -0.011 -0.060  0.002
   10     18.15 -87.74-308.25  16.22   1.04   2.39   -0.070 -0.261  0.022  0.010
   11      5.34 -63.10-309.65  15.64   1.25   2.12   -0.107 -0.327 -0.002  0.015
   12     51.13  35.16  94.94  16.31   0.33  -0.71   -0.037  0.017  0.119  0.254
   13     46.88  33.67  97.80  19.25   0.57  -0.45   -0.017  0.113 -0.040  0.088
   14     55.80  33.45  97.73  14.41   0.81  -0.59   -0.048  0.024  0.077  0.207
   15     44.65  34.05  97.49  17.43   0.92  -0.24   -0.027 -0.000  0.038  0.082
   16     44.85  35.23  95.90  18.94   0.98  -0.11   -0.028  0.061  0.039  0.122
   17     22.02  -1.00  82.55  18.85   0.78  -0.57   -0.037  0.044  0.068  0.118
   18     36.38 -34.27   4.30  11.73   0.35  -0.66   -0.046 -0.021 -0.041  0.207
   19     33.30  41.37  64.03   9.98   0.43  -0.60   -0.010 -0.031 -0.053 -0.034
   20     45.96  37.75  85.16  16.21   0.54  -0.58   -0.031 -0.015 -0.004  0.035
   21     34.09  36.46  82.68  14.19   0.66  -0.66   -0.018 -0.027 -0.062 -0.082
   22     25.85  35.74  85.47  13.73   0.41  -0.81   -0.032 -0.033  0.027  0.131
   23     15.90  35.33  86.03  11.44   0.42  -0.83   -0.011 -0.055 -0.139 -0.014
   24      1.99  34.77  82.53   6.03   0.74  -0.55   -0.020 -0.018  0.180  0.225
   25     48.64 -45.93  23.43  22.20   0.25  -0.48    0.009  0.012 -0.124  0.082
   26     27.56 -70.24  -3.96  10.23   0.31  -0.63   -0.024  0.080 -0.125  0.004
   27      0.17  -0.57  49.27  13.37   0.27  -0.44   -0.014  0.054 -0.125  0.052
   28     59.06  37.82  76.20  11.74   0.73  -0.51   -0.026  0.076 -0.018  0.114
   29     20.13-148.65 -12.87  14.44   0.82   0.09   -0.028  0.108 -0.007 -0.170
   30      2.91  35.92  76.62  13.16   0.86  -0.32   -0.010 -0.010 -0.048 -0.082
   31     20.96  36.41  77.38  14.39   0.95  -0.37   -0.027 -0.071 -0.019  0.074
   32     50.77  36.95  76.88  15.50   0.39  -0.76   -0.025  0.009 -0.084  0.108
   33      0.79  37.24  76.22  15.73   0.58  -0.55   -0.005 -0.016 -0.051 -0.033
   34     55.42 -16.78  34.95  24.80   0.18  -0.51    0.002  0.130  0.012  0.136
   35     39.36 -71.19  -8.31   3.69   0.63  -0.35    0.047  0.293  0.082  0.126
   36     59.08  36.56  77.82  15.25   0.78  -0.43   -0.018 -0.011 -0.030  0.074
   37      5.60  31.29  50.07  14.59   0.24  -0.68   -0.013 -0.020 -0.058 -0.096
   38     46.50  72.76  73.00  16.91   0.63  -0.55   -0.009 -0.207  0.003  0.014
   39     14.14   0.67  25.89   3.82   0.25  -0.12    0.003 -0.000 -0.127  0.023
   40     14.54 -41.86  13.67  16.82   0.26  -0.66   -0.025  0.004 -0.057 -0.042
   41     56.46  34.76  78.93   5.60   0.67  -0.58    0.007 -0.041 -0.084  0.207
   42     34.31  -3.94  46.17  17.91   0.21  -0.49   -0.008  0.070 -0.060  0.003
   43     24.59-110.48 -39.24   5.65   0.57  -0.89   -0.015  0.120  0.040  0.273
   44     49.66  30.34  50.39   8.22   0.34  -0.52   -0.025  0.008 -0.057 -0.016
   45     41.20-145.04  45.35  18.21   0.88   0.21   -0.010  0.017  0.030 -0.062
   46     34.07 -57.52  -1.00  16.09   0.32  -0.64   -0.023  0.041 -0.107  0.046
   47      1.05  10.88  80.42  22.10   0.95  -0.11    0.015  0.188 -0.104  0.094
   48     37.25  10.59  81.66  23.64   0.44  -0.45    0.013  0.056  0.030  0.037
   49     35.66  54.66  84.67  22.76   0.52  -0.56   -0.022 -0.045  0.053  0.052
   50     36.05-102.46 -35.56  15.09   0.77  -0.33   -0.023  0.106 -0.027 -0.079
   51     53.11-100.96 -54.16   8.57   0.99  -0.21   -0.042  0.179  0.177 -0.300
   52     43.15-115.74  42.93  15.58   0.79  -0.36   -0.041 -0.171  0.027  0.019
   53      1.04  10.78  80.75  21.44   0.92  -0.11    0.007  0.098  0.044  0.029
   54      2.67 -83.70 322.71  15.70   0.43   1.35   -0.275 -0.008 -0.036  0.038
   55      2.91 -89.76 304.24   0.49   0.33   1.09   -0.223  0.037 -0.016  0.033
   56     44.86  36.00  67.42  15.16   0.84  -0.45   -0.024 -0.001 -0.120  0.049
   57     47.10 -84.91 154.68  15.62   0.60   1.28   -0.043 -0.106  0.052  0.010
   58     45.57 -80.84 150.94  15.16   0.95   0.75   -0.017  0.040  0.099  0.029
   59      8.55 -82.13   0.37   3.25   0.60  -0.56    0.005  0.132 -0.000  0.184
   60      3.55-110.81-118.45   3.96   1.37   0.28   -0.027  0.052  0.121  0.047
   61      0.48-130.82 -55.35   1.45   0.70  -0.57   -0.042 -0.259 -0.128  0.499
   62     20.05  20.15 152.68  15.62   1.13   0.15   -0.030  0.417 -0.031 -0.007
   63     18.78 -47.11  29.74  20.28   0.31  -0.58   -0.018  0.058 -0.082  0.107
   64      4.65-162.73 184.48   8.02   0.79   1.64   -0.065  0.451  0.575  0.011
   65     23.40 -47.89  20.33  15.60   0.22  -0.54   -0.011  0.071 -0.120  0.069
   66     32.83-152.26  42.93  17.94   0.70   0.04   -0.001 -0.050 -0.005  0.029
   67     41.87 -37.20  -5.32  19.04   0.39  -0.59   -0.022  0.041 -0.166 -0.057
   68     14.14  50.70 106.07  20.00   0.64  -0.07   -0.030 -0.005  0.091 -0.144
   69     48.30-214.97-349.14  73.50   0.00   0.00    0.000  0.000  0.000  0.000
   70      5.47  34.03  96.84  19.42   0.98  -0.08   -0.025  0.105  0.039  0.022
   71      4.26   6.21  56.70   1.22   0.57   0.12    0.047  0.041  0.016 -0.022
   72     55.81 132.63-297.73  96.97   4.52   2.13   -0.370 -0.025  0.033 -0.010
   73     12.91  50.86  81.62  23.22   0.78  -0.00   -0.006  0.163 -0.101  0.059
   74     36.18-102.84  70.12  21.85   0.64   0.05   -0.020 -0.131 -0.030  0.005
   75     46.67-108.41   3.00   1.40   0.89  -0.40   -0.022 -0.362  0.209  0.425
   76     54.60-217.19 302.17   0.10   0.00   0.00    0.000  0.000  0.000  0.000
   77     44.06  51.06  93.87  16.85   0.56  -0.52   -0.020 -0.001  0.046 -0.037
   78     41.79  38.59  66.36  22.10   0.66  -0.31   -0.013  0.098 -0.046  0.055
   79     58.70 -69.41  -4.65   1.33   0.58  -0.38    0.030  0.083 -0.086  0.558
   80     26.79 -69.85  -6.05   1.10   0.53  -0.35    0.029  0.067 -0.108  0.460
   81     27.00 -69.77  -4.77   0.96   0.56  -0.34    0.034  0.093 -0.084  0.447
   82     23.39 -69.71  -4.67   0.12   0.52  -0.35    0.043  0.096 -0.088  0.003
   83     23.26 -70.89  -6.17   6.72   0.56  -0.57    0.012  0.127  0.013  0.094
   84     21.21 -43.17   8.33  20.97   0.20  -0.50   -0.007  0.079 -0.180  0.006
   85     24.49-167.45 -46.38  10.80   1.06   0.26   -0.041  0.001  0.074 -0.042
   86     44.08 -12.27  29.95  18.16   0.28  -0.59   -0.023  0.029 -0.118  0.087
   87     28.89 -61.43   6.71   3.16   0.61  -0.29    0.018  0.081 -0.170  0.348
   88     38.06-103.58 -28.25   8.44   0.62  -0.86   -0.030  0.101 -0.062  0.073
   89     47.83-142.06  89.46  20.35   0.63   0.71   -0.002 -0.121 -0.010  0.050
   90     48.31-139.98  88.24  20.24   0.60   0.63   -0.007 -0.082  0.035  0.048
   91     34.05  33.65  85.13  19.51   0.93  -0.19   -0.034  0.091  0.014 -0.029

 A V E R A G E   of ADJUSTMENTS :                    -0.026  0.022 -0.008  0.060
 A V E R A G E   of ABSOLUTE ADJUSTMENTS :            0.033  0.082  0.073  0.100


 Step length damping of 0.12332 was applied.


 Velocity adjustments:
     vp    dvp      hp   reflector
 Velocity model   1
   4.648 -0.022   -5.000      
   5.383  0.031   -1.600      
   5.613  0.066    6.850      
   6.077  0.166   20.630      
   7.203  0.048   27.370      
   7.994 -0.119   28.920      
   8.213 -0.171   34.370      
   8.366 -0.185   38.490      
   8.386 -0.200   40.530      

 Calculation of average velocity starts at layer #           1
 z = -5.00 ... -1.60    v = 4.65    AVEL = 4.65 downto z =  -1.60
 z = -1.60 ...  6.85    v = 5.38    AVEL = 5.17 downto z =   6.85
 z =  6.85 ... 20.63    v = 5.61    AVEL = 5.41 downto z =  20.63
 z = 20.63 ... 27.37    v = 6.08    AVEL = 5.55 downto z =  27.37
 z = 27.37 ... 28.92    v = 7.20    AVEL = 5.62 downto z =  28.92
 z = 28.92 ... 34.37    v = 7.99    AVEL = 5.95 downto z =  34.37
 z = 34.37 ... 38.49    v = 8.21    AVEL = 6.17 downto z =  38.49
 z = 38.49 ... 40.53    v = 8.37    AVEL = 6.26 downto z =  40.53


 Calculation of average velocity starts at layer #           2
 z = -1.60 ...  6.85    v = 5.38    AVEL = 5.38 downto z =   6.85
 z =  6.85 ... 20.63    v = 5.61    AVEL = 5.53 downto z =  20.63
 z = 20.63 ... 27.37    v = 6.08    AVEL = 5.65 downto z =  27.37
 z = 27.37 ... 28.92    v = 7.20    AVEL = 5.73 downto z =  28.92
 z = 28.92 ... 34.37    v = 7.99    AVEL = 6.08 downto z =  34.37
 z = 34.37 ... 38.49    v = 8.21    AVEL = 6.29 downto z =  38.49
 z = 38.49 ... 40.53    v = 8.37    AVEL = 6.40 downto z =  40.53



 Adjusted station corrections:
   stn  ptcor  dpcor  
  624   0.000  0.000  628  -0.063 -0.023  630  -0.008 -0.002  627   0.043  0.015
  621   0.024  0.013  629   0.084  0.030  622   0.019  0.011  620   0.010  0.007
  623   0.077  0.028  626   0.064  0.024  625   0.054  0.020  631   0.116  0.046
  632   0.011  0.005

 ~~~ another iteration? ...
 NITT = ITTMAX  --> stop iterations.
 ~~~ final solution reached ...

 ~~~ damp G & Chol.-Decomp.: NOT made (switch iresolcalc is NOT set !)

 Final rms values:  0.50 0.49 0.75 0.77 0.35 0.29 1.44 0.84 0.16 1.04
                    1.25 0.33 0.57 0.81 0.92 0.98 0.78 0.35 0.43 0.54
                    0.66 0.41 0.42 0.74 0.25 0.31 0.27 0.73 0.82 0.86
                    0.95 0.39 0.58 0.18 0.63 0.78 0.24 0.63 0.25 0.26
                    0.67 0.21 0.57 0.34 0.88 0.32 0.95 0.44 0.52 0.77
                    0.99 0.79 0.92 0.43 0.33 0.84 0.60 0.95 0.60 1.37
                    0.70 1.13 0.31 0.79 0.22 0.70 0.39 0.64 0.00 0.98
                    0.57 4.52 0.78 0.64 0.89 0.00 0.56 0.66 0.58 0.53
                    0.56 0.52 0.56 0.20 1.06 0.28 0.61 0.62 0.63 0.60
                    0.93



 ~~~ output final hypocenters ...

      date    origin   latitude longitude  depth  mag  no  rms      x      y      z
   1 160818 1613  9.10 73.0033N 124.8584E  22.97 1.40   6 0.500   38.33 111.96  22.97
   2 160818 1613  9.29 72.9926N 124.8741E  22.74 1.10   6 0.492   37.81 110.75  22.74
   3 160819 0959 27.21 71.9260N 129.7630E  11.91 4.00  12 0.748 -130.09  -8.25  11.91
   4 160820 1506 15.60 71.9402N 129.7881E  10.55 1.50   9 0.775 -130.91  -6.67  10.55
   5 160820 1904 45.71 72.3462N 127.1797E  23.94 1.20   6 0.346  -40.32  38.63  23.94
   6 160822 1318 49.46 72.3637N 127.0755E  16.89 0.60   8 0.293  -36.75  40.58  16.89
   7 160823 0652 13.90 70.9315N 129.8000E   6.27 2.90   6 1.438 -134.86-119.23   6.27
   8 160824 1510 30.33 71.6081N 130.0436E   8.55 1.50   9 0.843 -140.98 -43.73   8.55
   9 160906 1514 39.66 72.5066N 125.6824E  12.04 0.90   6 0.164   10.81  56.52  12.04
  10 160920 1607 18.15 69.2375N 128.3682E  16.22 2.60   2 1.036  -87.74-308.25  16.22
  11 160925 1911  5.34 69.2249N 127.7026E  15.64 2.30   2 1.253  -63.10-309.65  15.64
  12 161004 0841 51.13 72.8508N 124.9573E  16.31 0.20   6 0.327   35.16  94.94  16.31
  13 161005 1619 46.88 72.8765N 125.0007E  19.25 1.00   9 0.569   33.67  97.80  19.25
  14 161006 0156 55.80 72.8759N 125.0072E  14.41 1.00   7 0.810   33.45  97.73  14.41
  15 161009 0036 44.65 72.8737N 124.9895E  17.43 1.30   8 0.925   34.05  97.49  17.43
  16 161009 0036 44.85 72.8595N 124.9548E  18.94 1.20   7 0.978   35.23  95.90  18.94
  17 161012 0800 22.02 72.7398N 126.0296E  18.85 0.80   7 0.776   -1.00  82.55  18.85
  18 161015 1013 36.38 72.0386N 126.9944E  11.73 0.70   7 0.346  -34.27   4.30  11.73
  19 161021 0507 33.30 72.5739N 124.7821E   9.98 0.80   6 0.428   41.37  64.03   9.98
  20 161124 2250 45.96 72.7632N 124.8830E  16.21 3.10   4 0.545   37.75  85.16  16.21
  21 161125 0156 34.09 72.7410N 124.9220E  14.19 0.60   7 0.656   36.46  82.68  14.19
  22 161125 0517 25.85 72.7660N 124.9424E  13.73 1.60   6 0.406   35.74  85.47  13.73
  23 161125 0525 15.90 72.7710N 124.9542E  11.44 0.80   6 0.419   35.33  86.03  11.44
  24 161125 0556  1.99 72.7396N 124.9717E   6.03 0.20   6 0.741   34.77  82.53   6.03
  25 170117 0846 48.64 72.2100N 127.3388E  22.20 0.30   6 0.255  -45.93  23.43  22.20
  26 170122 1614 27.56 71.9645N 128.0339E  10.23 0.90   6 0.307  -70.24  -3.96  10.23
  27 170125 2244  0.17 72.4416N 126.0166E  13.37 0.80   6 0.273   -0.57  49.27  13.37
  28 170302 1359 59.06 72.6829N 124.8835E  11.74 0.50   7 0.734   37.82  76.20  11.74
  29 170302 2335 20.13 71.8847N 130.2951E  14.44 2.10   9 0.825 -148.65 -12.87  14.44
  30 170304 2135  2.91 72.6866N 124.9393E  13.16 1.30   7 0.864   35.92  76.62  13.16
  31 170307 0447 20.96 72.6935N 124.9246E  14.39 1.70  10 0.946   36.41  77.38  14.39
  32 170307 2016 50.77 72.6890N 124.9089E  15.50 1.10   6 0.386   36.95  76.88  15.50
  33 170309 1454  0.79 72.6830N 124.9006E  15.73 0.30   6 0.585   37.24  76.22  15.73
  34 170311 0430 55.42 72.3132N 126.4905E  24.80 0.30   6 0.185  -16.78  34.95  24.80
  35 170312 0416 39.36 71.9255N 128.0593E   3.69 2.10   6 0.631  -71.19  -8.31   3.69
  36 170313 0553 59.08 72.6974N 124.9203E  15.25 1.00   9 0.777   36.56  77.82  15.25
  37 170313 0809  5.60 72.4487N 125.0820E  14.59 1.20   7 0.238   31.29  50.07  14.59
  38 170315 0234 46.50 72.6543N 123.8535E  16.91 1.40   7 0.633   72.76  73.00  16.91
  39 170317 1007 14.14 72.2320N 125.9805E   3.82 0.50   7 0.253    0.67  25.89   3.82
  40 170320 0711 14.54 72.1225N 127.2172E  16.82 0.90   6 0.260  -41.86  13.67  16.82
  41 170320 0853 56.46 72.7074N 124.9731E   5.60 0.40   6 0.667   34.76  78.93   5.60
  42 170320 1900 34.31 72.4138N 126.1155E  17.91 0.60   7 0.214   -3.94  46.17  17.91
  43 170323 0519 24.59 71.6483N 129.1721E   5.65 1.20   6 0.568 -110.48 -39.24   5.65
  44 170323 1612 49.66 72.4516N 125.1099E   8.22 0.50   6 0.335   30.34  50.39   8.22
  45 170323 1906 41.20 72.4065N 130.2501E  18.21 1.00   6 0.876 -145.04  45.35  18.21
  46 170326 0836 34.07 71.9910N 127.6668E  16.09 1.50   7 0.318  -57.52  -1.00  16.09
  47 170402 0422  1.05 72.7207N 125.6786E  22.10 1.20  10 0.951   10.88  80.42  22.10
  48 170402 0636 37.25 72.7318N 125.6868E  23.64 0.70   6 0.442   10.59  81.66  23.64
  49 170404 2347 35.66 72.7588N 124.3829E  22.76 0.50   6 0.524   54.66  84.67  22.76
  50 170405 0307 36.05 71.6813N 128.9444E  15.09 1.00  10 0.766 -102.46 -35.56  15.09
  51 170405 1410 53.11 71.5146N 128.8885E   8.57 1.70  10 0.989 -100.96 -54.16   8.57
  52 170406 0838 43.15 72.3848N 129.3894E  15.58 0.90  10 0.794 -115.74  42.93  15.58
  53 170406 1728  1.04 72.7237N 125.6815E  21.44 0.90  10 0.919   10.78  80.75  21.44
  54 170407 1729  2.67 74.8921N 128.6307E  15.70 1.80   2 0.428  -83.70 322.71  15.70
  55 170407 1729  2.91 74.7266N 128.8075E   0.49 1.60   5 0.326  -89.76 304.24   0.49
  56 170408 1004 44.86 72.6042N 124.9395E  15.16 1.40  13 0.837   36.00  67.42  15.16
  57 170409 0856 47.10 73.3862N 128.5562E  15.62 2.50   6 0.600  -84.91 154.68  15.62
  58 170409 0902 45.57 73.3527N 128.4313E  15.16 1.10   7 0.946  -80.84 150.94  15.16
  59 170410 1520  8.55 72.0033N 128.3806E   3.25 1.00  10 0.601  -82.13   0.37   3.25
  60 170410 1813  3.55 70.9384N 129.1227E   3.96 2.20  13 1.374 -110.81-118.45   3.96
  61 170412 1507  0.48 71.5039N 129.7418E   1.45 0.70   6 0.702 -130.82 -55.35   1.45
  62 170413 0651 20.05 73.3683N 125.3937E  15.62 1.00  10 1.131   20.15 152.68  15.62
  63 170414 0459 18.78 72.2665N 127.3751E  20.28 0.50   7 0.311  -47.11  29.74  20.28
  64 170414 0540  4.65 73.6533N 130.9359E   8.02 1.80  11 0.794 -162.73 184.48   8.02
  65 170414 1656 23.40 72.1822N 127.3948E  15.60 0.20   6 0.218  -47.89  20.33  15.60
  66 170414 1753 32.83 72.3847N 130.4590E  17.94 0.70   6 0.697 -152.26  42.93  17.94
  67 170416 0523 41.87 71.9523N 127.0769E  19.04 1.60  13 0.393  -37.20  -5.32  19.04
  68 170416 1220 14.14 72.9506N 124.4919E  20.00 1.00  11 0.643   50.70 106.07  20.00
 WARNING: Event-# :          69 has zero observations!
  69 170416 1257 48.30 68.8710N 131.7500E  73.50 2.20   0 0.000 -214.97-349.14  73.50
  70 170416 1821  5.47 72.8678N 124.9903E  19.42 1.30  13 0.980   34.03  96.84  19.42
  71 170418 0606  4.26 72.5081N 125.8175E   1.22 0.20   6 0.574    6.21  56.70   1.22
  72 170418 1005 55.81 69.3318N 122.4117E  96.97 2.20   1 4.519  132.63-297.73  96.97
  73 170418 1500 12.91 72.7315N 124.4965E  23.22 1.30  12 0.779   50.86  81.62  23.22
  74 170420 1302 36.18 72.6284N 129.0318E  21.85 0.90  11 0.635 -102.84  70.12  21.85
  75 170420 2248 46.67 72.0269N 129.1443E   1.40 0.70  11 0.889 -108.41   3.00   1.40
 WARNING: Event-# :          76 has zero observations!
  76 170423 0850 54.60 74.7080N 132.7900E   0.10 1.90   0 0.000 -217.19 302.17   0.10
  77 170423 1455 44.06 72.8412N 124.4859E  16.85 0.60   8 0.563   51.06  93.87  16.85
  78 170423 2313 41.79 72.5947N 124.8634E  22.10 1.30  12 0.663   38.59  66.36  22.10
  79 170424 0609 58.70 71.9583N 128.0096E   1.33 1.10  12 0.579  -69.41  -4.65   1.33
  80 170424 0755 26.79 71.9458N 128.0214E   1.10 1.00  12 0.525  -69.85  -6.05   1.10
  81 170424 0755 27.00 71.9573N 128.0197E   0.96 1.00  12 0.558  -69.77  -4.77   0.96
  82 170425 0652 23.39 71.9582N 128.0182E   0.12 1.20   9 0.525  -69.71  -4.67   0.12
  83 170426 0051 23.26 71.9447N 128.0516E   6.72 0.70   6 0.562  -70.89  -6.17   6.72
  84 170426 1425 21.21 72.0746N 127.2536E  20.97 0.10   6 0.203  -43.17   8.33  20.97
  85 170426 1834 24.49 71.5844N 130.7996E  10.80 1.20   8 1.059 -167.45 -46.38  10.80
  86 170426 1840 44.08 72.2684N 126.3583E  18.16 1.30   8 0.276  -12.27  29.95  18.16
  87 170427 0912 28.89 72.0602N 127.7832E   3.16 0.90   8 0.613  -61.43   6.71   3.16
  88 170427 1041 38.06 71.7469N 128.9817E   8.44 0.70   7 0.619 -103.58 -28.25   8.44
  89 170427 2010 47.83 72.8018N 130.2080E  20.35 1.30   8 0.628 -142.06  89.46  20.35
  90 170427 2010 48.31 72.7908N 130.1451E  20.24 1.30   8 0.601 -139.98  88.24  20.24
  91 170427 2342 34.05 72.7629N 125.0044E  19.51 0.80   6 0.927   33.65  85.13  19.51

 ~~~ output final station residuals ...
 TURBO-option is set; residuals are NOT printed for each event!



   station statistics, remember nsp was set to: 1


 sta phase nobs avres  avwres    std    wsum    delay

 624    P  74 -0.4244 -0.4244  0.5996  74.0000  0.0000
 628    P  69 -0.7501 -0.7501  0.6387  69.0000 -0.0635
 630    P  53 -0.1511 -0.1511  0.6376  53.0000 -0.0075
 627    P  46 -0.2546 -0.2546  0.6683  46.0000  0.0428
 621    P  59 -0.2379 -0.2379  0.9957  59.0000  0.0237
 629    P  43 -0.0921 -0.0921  0.6992  43.0000  0.0842
 622    P  58 -0.3046 -0.3046  0.7472  58.0000  0.0192
 620    P  48 -0.2486 -0.2486  0.7254  48.0000  0.0097
 623    P  55 -0.2846 -0.2846  0.5979  55.0000  0.0769
 626    P  52 -0.2328 -0.2328  0.8175  52.0000  0.0642
 625    P  49 -0.2354 -0.2354  0.6930  49.0000  0.0535
 631    P  49  0.5266  0.5266  1.2729  49.0000  0.1156
 632    P  24  0.2305  0.2305  1.1257  24.0000  0.0108


 ~~~ output statistics ...




 RAY-STATISTICS FOR  L A S T  ITERATION
 --------------------------------------

 NHYP : nr of hypocenters in this layer
 NREF : nr of headwaves in this layer
 %len : % of "refracted km" in this layer 
        with respect to all refracted kilometers
 NHIT : nr of rays passed thru this layer
 xy-km: average horizontal ray length [km] in layer
 z-km : average  vertical  ray length [km] in layer
 RFLX : number of reflections at bottom of this layer

 nlay   top ..... bottom     velocity   NHYP NREF %len  NHIT xy-km  z-km  RFLX

   1    -5.00... -1.60 km    4.65 km/s    0    0   0.0     0   0.0   0.0     0
   2    -1.60...  6.85 km    5.38 km/s   19    0   0.0  1418  16.1   4.7     0
   3     6.85... 20.63 km    5.61 km/s   57   28   7.8   837  17.7   9.7     0
   4    20.63... 27.37 km    6.08 km/s   13    1   0.1   643   7.4   6.2     0
   5    27.37... 28.92 km    7.20 km/s    0    0   0.0   589   3.0   1.5     0
   6    28.92... 34.37 km    7.99 km/s    0  187  56.0   436  38.5   3.1     0
   7    34.37... 38.49 km    8.21 km/s    0   61  19.6   188  35.9   2.8     0
   8    38.49... 40.53 km    8.37 km/s    0   37  13.0    70  52.4   1.0     0
   9    40.53...       km    8.39 km/s    2    9   3.6     0   0.0   0.0

 Total nr of events was   91

 Total nr of refracted rays =   323
 Total nr of reflected rays =     0
 Total nr of   other   rays =   356
                              ------
 Total nr of    all    rays =   679

 Average (absolute) error of the raytracers:
  Straight and direct rays : ******* meters
  Refracted           rays :    0.01 meters
  Reflected           rays :    0.00 meters


 ALL RAYS TOGETHER:
 Average horizontal ray length =   89.9 km   (Hypocenter --> Station) 
 Average  vertical  ray length =   21.2 km   (Deepest ray-point --> Station)



 ... and some more STATISTICS 
 ---------------------------- 
  GAP of final epicenters:

  Event# -> GAP  Event# -> GAP  Event# -> GAP  Event# -> GAP  Event# -> GAP
       1 -> 295       2 -> 294       3 -> 270       4 -> 274       5 -> 307
       6 ->  96       7 -> 321       8 -> 306       9 -> 169      10 -> 346
      11 -> 347      12 -> 260      13 -> 263      14 -> 263      15 -> 263
      16 -> 264      17 -> 253      18 -> 247      19 -> 160      20 -> 302
      21 -> 232      22 -> 239      23 -> 241      24 -> 231      25 -> 130
      26 -> 102      27 -> 155      28 -> 212      29 -> 305      30 -> 213
      31 -> 215      32 -> 213      33 -> 211      34 -> 133      35 -> 240
      36 -> 216      37 -> 132      38 -> 311      39 -> 116      40 -> 209
      41 -> 219      42 -> 121      43 -> 234      44 -> 134      45 -> 309
      46 -> 126      47 -> 224      48 -> 226      49 -> 289      50 -> 196
      51 -> 290      52 -> 270      53 -> 224      54 -> 354      55 -> 347
      56 -> 180      57 -> 310      58 -> 318      59 -> 166      60 -> 310
      61 -> 301      62 -> 306      63 -> 150      64 -> 323      65 -> 129
      66 -> 292      67 ->  86      68 -> 294      69 -> 170      70 -> 262
      71 -> 173      72 ->   0      73 -> 261      74 -> 300      75 -> 240
      76 ->  58      77 -> 284      78 -> 174      79 -> 164      80 -> 169
      81 -> 165      82 -> 165      83 -> 235      84 -> 114      85 -> 315
      86 ->  93      87 -> 114      88 -> 270      89 -> 318      90 -> 317
      91 -> 295

 GAPs were between   0 and 354
      (average GAP was 228)



  MAGNITUDES of INPUT-DATA:

 Magnitude (# of events)   ***average number of obs***

 MAG<= 1.0 ( 47) *******
 MAG = 1.1 (  4) ********
 MAG = 1.2 (  7) ********
 MAG = 1.3 (  8) *********1
 MAG = 1.4 (  3) *********
 MAG = 1.5 (  3) ********
 MAG = 1.6 (  3) ********
 MAG = 1.7 (  2) *********1
 MAG = 1.8 (  2) *******
 MAG = 1.9 (  1)  
 MAG = 2.0 (  0)  
 MAG = 2.1 (  2) ********
 MAG = 2.2 (  3) *****
 MAG = 2.3 (  1) **
 MAG = 2.4 (  0)  
 MAG = 2.5 (  1) ******
 MAG = 2.6 (  1) **
 MAG = 2.7 (  0)  
 MAG = 2.8 (  0)  
 MAG = 2.9 (  1) ******
 MAG = 3.0 (  0)  
 MAG = 3.1 (  1) ****
 MAG = 3.2 (  0)  
 MAG = 3.3 (  0)  
 MAG = 3.4 (  0)  
 MAG = 3.5 (  0)  
 MAG = 3.6 (  0)  
 MAG = 3.7 (  0)  
 MAG = 3.8 (  0)  
 MAG = 3.9 (  0)  
 MAG = 4.0 (  1) *********1**
 MAG = 4.1 (  0)  
 MAG = 4.2 (  0)  
 MAG = 4.3 (  0)  
 MAG = 4.4 (  0)  
 MAG = 4.5 (  0)  
 MAG = 4.6 (  0)  
 MAG = 4.7 (  0)  
 MAG = 4.8 (  0)  
 MAG = 4.9 (  0)  
 MAG = 5.0 (  0)  
 MAG = 5.1 (  0)  
 MAG = 5.2 (  0)  
 MAG = 5.3 (  0)  
 MAG = 5.4 (  0)  
 MAG = 5.5 (  0)  
 MAG = 5.6 (  0)  
 MAG = 5.7 (  0)  
 MAG = 5.8 (  0)  
 MAG = 5.9 (  0)  
 MAG>= 6.0 (  0)  





  DEPTHs of INPUT-DATA and of LAST ITERATION:
  ===========================================

       Depth       # of events  

 DEPTH ( input ) =  -4. km :   
 DEPTH (last_IT) =  -4. km :   
 DEPTH ( input ) =  -3. km :   
 DEPTH (last_IT) =  -3. km :   
 DEPTH ( input ) =  -2. km :   
 DEPTH (last_IT) =  -2. km :   
 DEPTH ( input ) =  -1. km :   
 DEPTH (last_IT) =  -1. km :   
 DEPTH ( input ) =   0. km :  ........
 DEPTH (last_IT) =   0. km :  ***
 DEPTH ( input ) =   1. km :  .
 DEPTH (last_IT) =   1. km :  ******
 DEPTH ( input ) =   2. km :   
 DEPTH (last_IT) =   2. km :   
 DEPTH ( input ) =   3. km :  ...
 DEPTH (last_IT) =   3. km :  **
 DEPTH ( input ) =   4. km :  ..
 DEPTH (last_IT) =   4. km :  ***
 DEPTH ( input ) =   5. km :  ..
 DEPTH (last_IT) =   5. km :   
 DEPTH ( input ) =   6. km :  ..
 DEPTH (last_IT) =   6. km :  ****
 DEPTH ( input ) =   7. km :  .
 DEPTH (last_IT) =   7. km :  *
 DEPTH ( input ) =   8. km :  ...
 DEPTH (last_IT) =   8. km :  ***
 DEPTH ( input ) =   9. km :  ..
 DEPTH (last_IT) =   9. km :  **
 DEPTH ( input ) =  10. km :  ..
 DEPTH (last_IT) =  10. km :  **
 DEPTH ( input ) =  11. km :  ...
 DEPTH (last_IT) =  11. km :  ***
 DEPTH ( input ) =  12. km :  ....
 DEPTH (last_IT) =  12. km :  ****
 DEPTH ( input ) =  13. km :  ..
 DEPTH (last_IT) =  13. km :  **
 DEPTH ( input ) =  14. km :  ...
 DEPTH (last_IT) =  14. km :  *****
 DEPTH ( input ) =  15. km :  ........
 DEPTH (last_IT) =  15. km :  ******
 DEPTH ( input ) =  16. km :  .........1.
 DEPTH (last_IT) =  16. km :  *********1*
 DEPTH ( input ) =  17. km :  .....
 DEPTH (last_IT) =  17. km :  *****
 DEPTH ( input ) =  18. km :  ....
 DEPTH (last_IT) =  18. km :  ****
 DEPTH ( input ) =  19. km :  .....
 DEPTH (last_IT) =  19. km :  *****
 DEPTH ( input ) =  20. km :  .....
 DEPTH (last_IT) =  20. km :  *****
 DEPTH ( input ) =  21. km :  ..
 DEPTH (last_IT) =  21. km :  **
 DEPTH ( input ) =  22. km :  ....
 DEPTH (last_IT) =  22. km :  ****
 DEPTH ( input ) =  23. km :  ....
 DEPTH (last_IT) =  23. km :  ****
 DEPTH ( input ) =  24. km :  ..
 DEPTH (last_IT) =  24. km :  **
 DEPTH ( input ) =  25. km :  .
 DEPTH (last_IT) =  25. km :  *
 DEPTH ( input ) =  26. km :   
 DEPTH (last_IT) =  26. km :   
 DEPTH ( input ) =  27. km :   
 DEPTH (last_IT) =  27. km :   
 DEPTH ( input ) =  28. km :   
 DEPTH (last_IT) =  28. km :   
 DEPTH ( input ) =  29. km :   
 DEPTH (last_IT) =  29. km :   
 DEPTH ( input ) =  30. km :   
 DEPTH (last_IT) =  30. km :   
 DEPTH ( input ) =  31. km :   
 DEPTH (last_IT) =  31. km :   
 DEPTH ( input ) =  32. km :   
 DEPTH (last_IT) =  32. km :   
 DEPTH ( input ) =  33. km :   
 DEPTH (last_IT) =  33. km :   
 DEPTH ( input ) =  34. km :   
 DEPTH (last_IT) =  34. km :   
 DEPTH ( input ) =  35. km :   
 DEPTH (last_IT) =  35. km :   
 DEPTH ( input ) =  36. km :   
 DEPTH (last_IT) =  36. km :   
 DEPTH ( input ) =  37. km :   
 DEPTH (last_IT) =  37. km :   
 DEPTH ( input ) =  38. km :   
 DEPTH (last_IT) =  38. km :   
 DEPTH ( input ) =  39. km :   
 DEPTH (last_IT) =  39. km :   
 DEPTH ( input ) =  40. km :   
 DEPTH (last_IT) =  40. km :   
 DEPTH ( input ) =  41. km :   
 DEPTH (last_IT) =  41. km :   
 DEPTH ( input ) =  42. km :   
 DEPTH (last_IT) =  42. km :   
 DEPTH ( input ) =  43. km :   
 DEPTH (last_IT) =  43. km :   
 DEPTH ( input ) =  44. km :   
 DEPTH (last_IT) =  44. km :   
 DEPTH ( input ) =  45. km :   
 DEPTH (last_IT) =  45. km :   
 DEPTH ( input ) =  46. km :   
 DEPTH (last_IT) =  46. km :   
 DEPTH ( input ) =  47. km :   
 DEPTH (last_IT) =  47. km :   
 DEPTH ( input ) =  48. km :   
 DEPTH (last_IT) =  48. km :   
 DEPTH ( input ) =  49. km :   
 DEPTH (last_IT) =  49. km :   
 DEPTH ( input ) =  50. km :   
 DEPTH (last_IT) =  50. km :   
 DEPTH ( input ) =  51. km :   
 DEPTH (last_IT) =  51. km :   
 DEPTH ( input ) =  52. km :   
 DEPTH (last_IT) =  52. km :   
 DEPTH ( input ) =  53. km :   
 DEPTH (last_IT) =  53. km :   
 DEPTH ( input ) =  54. km :   
 DEPTH (last_IT) =  54. km :   
 DEPTH ( input ) =  55. km :   
 DEPTH (last_IT) =  55. km :   
 DEPTH ( input ) =  56. km :   
 DEPTH (last_IT) =  56. km :   
 DEPTH ( input ) =  57. km :   
 DEPTH (last_IT) =  57. km :   
 DEPTH ( input ) =  58. km :   
 DEPTH (last_IT) =  58. km :   
 DEPTH ( input ) =  59. km :   
 DEPTH (last_IT) =  59. km :   
 DEPTH ( input ) =  60. km :   
 DEPTH (last_IT) =  60. km :   
 DEPTH ( input ) =  61. km :   
 DEPTH (last_IT) =  61. km :   
 DEPTH ( input ) =  62. km :   
 DEPTH (last_IT) =  62. km :   
 DEPTH ( input ) =  63. km :   
 DEPTH (last_IT) =  63. km :   
 DEPTH ( input ) =  64. km :   
 DEPTH (last_IT) =  64. km :   
 DEPTH ( input ) =  65. km :   
 DEPTH (last_IT) =  65. km :   
 DEPTH ( input ) =  66. km :   
 DEPTH (last_IT) =  66. km :   
 DEPTH ( input ) =  67. km :   
 DEPTH (last_IT) =  67. km :   
 DEPTH ( input ) =  68. km :   
 DEPTH (last_IT) =  68. km :   
 DEPTH ( input ) =  69. km :   
 DEPTH (last_IT) =  69. km :   
 DEPTH ( input ) =  70. km :   
 DEPTH (last_IT) =  70. km :   
 DEPTH ( input ) =  71. km :   
 DEPTH (last_IT) =  71. km :   
 DEPTH ( input ) =  72. km :   
 DEPTH (last_IT) =  72. km :   
 DEPTH ( input ) =  73. km :   
 DEPTH (last_IT) =  73. km :   
 DEPTH ( input ) =  74. km :  .
 DEPTH (last_IT) =  74. km :  *
 DEPTH ( input ) =  75. km :   
 DEPTH (last_IT) =  75. km :   
 DEPTH ( input ) =  76. km :   
 DEPTH (last_IT) =  76. km :   
 DEPTH ( input ) =  77. km :   
 DEPTH (last_IT) =  77. km :   
 DEPTH ( input ) =  78. km :   
 DEPTH (last_IT) =  78. km :   
 DEPTH ( input ) =  79. km :   
 DEPTH (last_IT) =  79. km :   
 DEPTH ( input ) =  80. km :   
 DEPTH (last_IT) =  80. km :   
 DEPTH ( input ) =  81. km :   
 DEPTH (last_IT) =  81. km :   
 DEPTH ( input ) =  82. km :   
 DEPTH (last_IT) =  82. km :   
 DEPTH ( input ) =  83. km :   
 DEPTH (last_IT) =  83. km :   
 DEPTH ( input ) =  84. km :   
 DEPTH (last_IT) =  84. km :   
 DEPTH ( input ) =  85. km :   
 DEPTH (last_IT) =  85. km :   
 DEPTH ( input ) =  86. km :   
 DEPTH (last_IT) =  86. km :   
 DEPTH ( input ) =  87. km :   
 DEPTH (last_IT) =  87. km :   
 DEPTH ( input ) =  88. km :   
 DEPTH (last_IT) =  88. km :   
 DEPTH ( input ) =  89. km :   
 DEPTH (last_IT) =  89. km :   
 DEPTH ( input ) =  90. km :   
 DEPTH (last_IT) =  90. km :   
 DEPTH ( input ) =  91. km :   
 DEPTH (last_IT) =  91. km :   
 DEPTH ( input ) =  92. km :   
 DEPTH (last_IT) =  92. km :   
 DEPTH ( input ) =  93. km :   
 DEPTH (last_IT) =  93. km :   
 DEPTH ( input ) =  94. km :   
 DEPTH (last_IT) =  94. km :   
 DEPTH ( input ) =  95. km :   
 DEPTH (last_IT) =  95. km :   
 DEPTH ( input ) =  96. km :   
 DEPTH (last_IT) =  96. km :   
 DEPTH ( input ) =  97. km :  .
 DEPTH (last_IT) =  97. km :  *
 DEPTH ( input ) =  98. km :   
 DEPTH (last_IT) =  98. km :   
 DEPTH ( input ) =  99. km :   
 DEPTH (last_IT) =  99. km :   
 DEPTH ( input ) = 100. km :   
 DEPTH (last_IT) = 100. km :   
 DEPTH ( input ) > 100. km :   
 DEPTH (last_IT) > 100. km :   


 Residuals of the stations according to the azimuth:
 (RES  = total average residual at station)
 (RES1 = average residual of rays from 1st quadrant)
 (RES2 = average residual of rays from 2nd quadrant)
 (RES3 = average residual of rays from 3rd quadrant)
 (RES4 = average residual of rays from 4th quadrant)

 Stn#  Stn     RES          RES1         RES2         RES3         RES4
   1   624    -0.42(  74)  -0.66(  33)  -0.28(   5)  -0.36(  29)   0.32(   7)
   2   628    -0.75(  69)  -1.12(  32)  -0.51(   5)  -0.58(  25)   0.14(   7)
   3   630    -0.15(  53)   0.09(  24)   0.04(  11)  -0.81(  10)  -0.32(   8)
   4   627    -0.25(  46)  -0.39(  12)   0.00(   0)  -0.44(  22)   0.22(  12)
   5   621    -0.24(  59)  -0.60(   7)   0.00(   0)  -0.04(  18)  -0.27(  34)
   6   629    -0.09(  43)   0.20(  15)   0.00(   0)  -0.87(   9)   0.05(  19)
   7   622    -0.30(  58)  -0.56(  27)   0.00(   0)  -0.21(  20)   0.16(  11)
   8   620    -0.25(  48)  -0.33(   1)   0.00(   0)   0.12(  18)  -0.48(  29)
   9   623    -0.28(  55)  -0.60(  30)   0.00(   0)   0.11(  17)   0.05(   8)
  10   626    -0.23(  52)  -0.36(  24)   0.00(   0)  -0.43(   6)  -0.04(  22)
  11   625    -0.24(  49)  -0.40(  14)   0.00(   0)  -0.33(  23)   0.15(  12)
  12   631     0.53(  49)   0.98(  18)   2.13(   1)   0.81(   4)   0.11(  26)
  13   632     0.23(  24)   0.65(  12)   1.44(   2)  -0.60(   3)  -0.48(   7)



 CPU - statistics:

 TOTAL CPU-sec          =    0.2     (CPU-minutes:  0.004)

 >>>   End of program VELEST at 25-06-02 16:09       <<< [ CPU-sec :     0.2]
