 >>> Start of program VELEST at 25-06-02 16:12       <<<                        

 ::::::::::::::::::::::::::::::::::::::                                         
  V E L E S T  - Version : January 3, 1995                                      
  (Authors: see source code)                                                    
 ::::::::::::::::::::::::::::::::::::::                                         


 Title of this VELEST run:

 vinnik_2
 --------


 Current array-dimensions of program VELEST:

 Max. number of EARTHQUAKES for simult. inversion IEQ = ***
 Max. number of SHOTS for simult. inversion    INSHOT =  50
 Max. number of (different) 1D-MODELS      ITOTMODELS =   2
 Max. number of LAYERS per one 1D-model        INLTOT = 100
 Max. number of STATIONS in stationlist           IST = 650
 Max. number of OBSERVATIONS per event MAXOBSPEREVENT = 180






    INPUT - P A R A M E T E R S :



***
***  olat       olon   icoordsystem      zshift   itrial ztrial    ised
  72.000000-126.000000      0            0.000       0     0.00      0
***
*** neqs   nshot    rotate
     91      0      0.0
***
*** isingle   iresolcalc
       0          0
***
*** dmax    itopo    zmin     veladj    zadj   lowveloclay
   300.00     0      0.01       0.20    5.00       0
***
*** nsp    swtfac   vpvs       nmod
     1      1.00    1.730        1
***
***   othet   xythet    zthet    vthet   stathet
       0.01     0.01     0.01     1.00     0.01
***
*** nsinv   nshcor   nshfix     iuseelev    iusestacorr
       1       0       0           1            1
***
*** iturbo    icnvout   istaout   ismpout
       1         1         1         0
***
*** irayout   idrvout   ialeout   idspout   irflout   irfrout   iresout
       0         0         0         0         0         0         0
***
*** delmin   ittmax   invertratio
    0.010       3          1
***
*** Modelfile:
tmp/vinnik_2/synthvel/model_790.mod
***
*** Stationfile:
./velinp/station.sta
***
*** Seismofile:
 
***
*** File with region names:
 
***
*** File with region coordinates:
 
***
*** File #1 with topo data:
 
***
*** File #2 with topo data:
 
***
*** DATA INPUT files:
***
*** File with Earthquake data:
./velinp/data.cnv
***
*** File with Shot data:
 
***
*** OUTPUT files:
***
*** Main print output file:
./velout/vinnik_2/velest790.out
***
*** File with single event locations:
velout.vel
***
*** File with final hypocenters in *.cnv format:
./velout/vinnik_2/final_loc790.cnv
***
*** File with new station corrections:
./velout/vinnik_2/stations_corr790.sta
***
*** File with summary cards (e.g. for plotting):
velout.smp
***
*** File with raypoints:
velout.ray
***
*** File with derivatives:
velout.drv
***
*** File with ALEs:
velout.ale
***
*** File with Dirichlet spreads:
velout.dspr
***
*** File with reflection points:
velout.rfl
***
*** File with refraction points:
velout.rfr
***
*** File with residuals:
velout.res
***




 Origin of cartesian coordinates:
        72.00000N   126.00000E

  X,Y-AXES rotated clockwise from North
           Rotation angle (rotate):
            rotate=    0.0 degr.

 icoordsystem =            0
 normal SHORT DISTANCE CONVERSION will be made
 x is positive towards west, y is positive towards north


 SHORT DISTANCE CONVERSION on ELLIPSOIDE of WORLD GEODETIC SYSTEM 1972 (WGS72)
 =============================================================================

 Radius at equator (REARTH)= 6378.13500  km
   1. / (ellipticity)      =    298.260

 Origin of cartesian coordinates [degrees]:
   72.0000000 N     -126.0000000 W

  Rotation angle (in degr.) clockwise from
North  rotate=    0.0

 Radius of sphere at OLAT =   6358.817 km

 Conversion of GEOGRAPHICAL LATITUDE to GEOCENTRICAL LATITUDE:
 RLATC = TAN(GEOCENTR.LAT) / TAN(GEOGRAPH.LAT)
 RLATC =   0.99333486

          Short distance conversions:
          one min lat ~  1.8597 km 
          one min lon ~  0.5751 km 







    INPUT - M O D E L :



 Model(s) read from file :
 tmp/vinnik_2/synthvel/model_790.mod                                             

 model file title: 
Model: model_790.mod                    
 Velocity structure for model   1 :

 layer    vel   depth   vdamp  reflector
   1      4.85  -5.00    1.00         P-VELOCITY MODEL                  
   2      6.08   1.41    1.00  
   3      6.19   6.64    1.00  
   4      6.83  13.61    1.00  
   5      6.89  26.72    1.00  
   6      7.00  30.69    1.00  
   7      7.26  31.64    1.00  
   8      7.45  36.39    1.00  
   9      8.13  44.82    1.00  

 Calculation of average velocity starts at layer #            1
 z = -5.00 ...  1.41    v = 4.85    AVEL = 4.85 downto z =   1.41
 z =  1.41 ...  6.64    v = 6.08    AVEL = 5.40 downto z =   6.64
 z =  6.64 ... 13.61    v = 6.19    AVEL = 5.70 downto z =  13.61
 z = 13.61 ... 26.72    v = 6.83    AVEL = 6.17 downto z =  26.72
 z = 26.72 ... 30.69    v = 6.89    AVEL = 6.25 downto z =  30.69
 z = 30.69 ... 31.64    v = 7.00    AVEL = 6.27 downto z =  31.64
 z = 31.64 ... 36.39    v = 7.26    AVEL = 6.38 downto z =  36.39
 z = 36.39 ... 44.82    v = 7.45    AVEL = 6.56 downto z =  44.82


 Calculation of average velocity starts at layer #            2
 z =  1.41 ...  6.64    v = 6.08    AVEL = 6.08 downto z =   6.64
 z =  6.64 ... 13.61    v = 6.19    AVEL = 6.14 downto z =  13.61
 z = 13.61 ... 26.72    v = 6.83    AVEL = 6.50 downto z =  26.72
 z = 26.72 ... 30.69    v = 6.89    AVEL = 6.55 downto z =  30.69
 z = 30.69 ... 31.64    v = 7.00    AVEL = 6.57 downto z =  31.64
 z = 31.64 ... 36.39    v = 7.26    AVEL = 6.66 downto z =  36.39
 z = 36.39 ... 44.82    v = 7.45    AVEL = 6.81 downto z =  44.82






    INPUT - S T A T I O N S :



 Station-parameters read from file :
 ./velinp/station.sta                                                            


     stn latitude longitude elev   x      y      z     ptcor stcor model icc
   1 624 72.4760N126.2750E     0  -9.37  53.11  -0.00   0.00  0.00   1  13
   2 628 72.4000N127.1470E     0 -39.15  44.63  -0.00   0.00  0.00   1  12
   3 630 72.0750N128.3250E     0 -80.06   8.37  -0.00   0.00  0.00   1  11
   4 627 72.1170N126.9820E     0 -33.78  13.06  -0.00   0.00  0.00   1  10
   5 621 72.1840N124.8890E     0  38.14  20.53  -0.00   0.00  0.00   1   9
   6 629 71.9290N127.3130E     0 -45.39  -7.92  -0.00   0.00  0.00   1   8
   7 622 72.4420N125.3130E     0  23.42  49.32  -0.00   0.00  0.00   1   7
   8 620 72.6540N124.3470E     0  56.03  72.98  -0.00   0.00  0.00   1   6
   9 623 72.3260N125.7600E     0   8.21  36.38  -0.00   0.00  0.00   1   5
  10 626 71.8880N126.0360E     0  -1.25 -12.50  -0.00   0.00  0.00   1   4
  11 625 72.1740N126.1070E     0  -3.67  19.42  -0.00   0.00  0.00   1   3
  12 631 71.3990N127.2470E     0 -43.72 -67.06  -0.00   0.00  0.00   1   2
  13 632 71.5740N129.0728E     0-107.23 -47.53  -0.00   0.00  0.00   1   1

 NO Seismo-parameter-file specified
 --> NO magnitudes calculated!




   neqs=   91  nshot=    0  nltot=    9

 ~~~ input parameters read.
 ~~~ set units for first iteration ...
 ~~~ determine number of unknowns ...

 Number of unknowns (for array-indexing):  nvar =  385
 Number of effective unknowns        :  nvareff =  373
 Number of elements on/below main diagonal of matrix G = At*A : kvar =   74305

 ~~~ reset G and RHT ...
 ~~~ input data, raytracing, setup G ...






    I N P U T - D A T A  

  eq    origin-time    latitude longitude depth    x      y      z    mag ifxOBS
   1 160818 1613  9.10 73.0030N 124.8500E  23.10  38.61 111.92  23.10 1.40 0   6
   2 160818 1613  9.30 72.9910N 124.8700E  22.80  37.95 110.58  22.80 1.10 0   6
   3 160819 0959 27.30 71.9230N 129.7600E  12.10-130.00  -8.59  12.10 4.00 0  12
   4 160820 1506 15.70 71.9380N 129.7900E  11.00-130.98  -6.92  11.00 1.50 0   9
   5 160820 1904 45.70 72.3480N 127.1800E  23.80 -40.33  38.83  23.80 1.20 0   6
   6 160822 1318 49.50 72.3650N 127.0800E  16.50 -36.90  40.73  16.50 0.60 0   8
   7 160823 0652 14.00 70.9330N 129.8100E   6.40-135.21-119.06   6.40 2.90 0   6
   8 160824 1510 30.40 71.6070N 130.0400E   8.60-140.86 -43.85   8.60 1.50 0   9
   9 160906 1514 39.70 72.5080N 125.6800E  12.10  10.89  56.68  12.10 0.90 0   6
 WARNING:
 epicentral distance: 303.3 > dmax ( 300.0) ==> skipping phase !
 WARNING:
 epicentral distance: 338.2 > dmax ( 300.0) ==> skipping phase !
  10 160920 1607 18.30 69.2370N 128.3500E  16.20 -87.07-308.31  16.20 2.60 0   2
 WARNING:
 epicentral distance: 318.5 > dmax ( 300.0) ==> skipping phase !
 WARNING:
 epicentral distance: 355.0 > dmax ( 300.0) ==> skipping phase !
  11 160925 1911  5.60 69.2250N 127.6800E  15.60 -62.26-309.64  15.60 2.30 0   2
  12 161004 0841 51.20 72.8480N 124.9600E  15.60  35.07  94.62  15.60 0.20 0   6
  13 161005 1619 46.90 72.8770N 125.0100E  19.00  33.35  97.86  19.00 1.00 0   9
  14 161006 0156 55.90 72.8740N 125.0100E  13.90  33.36  97.52  13.90 1.00 0   7
  15 161009 0036 44.70 72.8720N 124.9900E  17.20  34.03  97.30  17.20 1.30 0   8
  16 161009 0036 44.90 72.8580N 124.9600E  18.60  35.06  95.74  18.60 1.20 0   7
  17 161012 0800 22.10 72.7380N 126.0300E  18.50  -1.01  82.35  18.50 0.80 0   7
  18 161015 1013 36.50 72.0400N 126.9900E  11.20 -34.12   4.46  11.20 0.70 0   7
  19 161021 0507 33.30 72.5750N 124.7800E  10.10  41.44  64.16  10.10 0.80 0   6
  20 161124 2250 46.00 72.7630N 124.8800E  16.20  37.85  85.14  16.20 3.10 0   4
  21 161125 0156 34.10 72.7420N 124.9200E  14.50  36.52  82.80  14.50 0.60 0   7
  22 161125 0517 25.90 72.7650N 124.9400E  13.50  35.82  85.36  13.50 1.60 0   6
  23 161125 0525 15.90 72.7740N 124.9500E  11.60  35.48  86.37  11.60 0.80 0   6
  24 161125 0556  2.00 72.7350N 124.9700E   5.70  34.84  82.01   5.70 0.20 0   6
  25 170117 0846 48.60 72.2130N 127.3400E  22.00 -45.97  23.77  22.00 0.30 0   6
  26 170122 1614 27.60 71.9670N 128.0400E  10.30 -70.45  -3.68  10.30 0.90 0   6
  27 170125 2244  0.20 72.4440N 126.0200E  13.10  -0.68  49.54  13.10 0.80 0   6
  28 170302 1359 59.10 72.6830N 124.8900E  11.50  37.60  76.21  11.50 0.50 0   7
  29 170302 2335 20.20 71.8850N 130.3000E  14.80-148.82 -12.83  14.80 2.10 0   9
  30 170304 2135  2.90 72.6880N 124.9400E  13.40  35.90  76.77  13.40 1.30 0   7
  31 170307 0447 21.00 72.6940N 124.9200E  14.20  36.57  77.44  14.20 1.70 0  10
  32 170307 2016 50.80 72.6910N 124.9100E  15.30  36.91  77.10  15.30 1.10 0   6
  33 170309 1454  0.80 72.6830N 124.9000E  15.60  37.26  76.21  15.60 0.30 0   6
  34 170311 0430 55.40 72.3130N 126.5000E  24.50 -17.11  34.93  24.50 0.30 0   6
  35 170312 0416 39.20 71.9240N 128.0800E   3.40 -71.91  -8.48   3.40 2.10 0   6
  36 170313 0553 59.10 72.6980N 124.9200E  15.10  36.57  77.89  15.10 1.00 0   9
  37 170313 0809  5.60 72.4500N 125.0800E  14.90  31.36  50.21  14.90 1.20 0   7
  38 170315 0234 46.50 72.6540N 123.8400E  16.90  73.22  72.98  16.90 1.40 0   7
  39 170317 1007 14.10 72.2350N 125.9800E   3.90   0.69  26.22   3.90 0.50 0   7
  40 170320 0711 14.60 72.1250N 127.2200E  16.80 -41.95  13.95  16.80 0.90 0   6
  41 170320 0853 56.40 72.7090N 124.9700E   5.10  34.86  79.11   5.10 0.40 0   6
  42 170320 1900 34.30 72.4150N 126.1200E  18.00  -4.09  46.31  18.00 0.60 0   7
  43 170323 0519 24.60 71.6470N 129.1800E   5.20-110.76 -39.39   5.20 1.20 0   6
  44 170323 1612 49.70 72.4530N 125.1100E   8.30  30.33  50.55   8.30 0.50 0   6
  45 170323 1906 41.20 72.4070N 130.2500E  18.30-145.04  45.41  18.30 1.00 0   6
  46 170326 0836 34.10 71.9930N 127.6700E  16.10 -57.63  -0.78  16.10 1.50 0   7
  47 170402 0422  1.00 72.7220N 125.6900E  21.90  10.49  80.56  21.90 1.20 0  10
  48 170402 0636 37.20 72.7310N 125.6900E  23.50  10.49  81.57  23.50 0.70 0   6
  49 170404 2347 35.70 72.7580N 124.3800E  22.60  54.76  84.58  22.60 0.50 0   6
  50 170405 0307 36.10 71.6810N 128.9500E  15.30-102.66 -35.60  15.30 1.00 0  10
  51 170405 1410 53.20 71.5100N 128.9000E   9.30-101.37 -54.68   9.30 1.70 0  10
  52 170406 0838 43.20 72.3850N 129.3800E  15.50-115.42  42.96  15.50 0.90 0  10
  53 170406 1728  1.00 72.7230N 125.6900E  21.30  10.49  80.67  21.30 0.90 0  10
 WARNING:
 epicentral distance: 325.9 > dmax ( 300.0) ==> skipping phase !
 WARNING:
 epicentral distance: 332.9 > dmax ( 300.0) ==> skipping phase !
 WARNING:
 epicentral distance: 345.3 > dmax ( 300.0) ==> skipping phase !
 WARNING:
 epicentral distance: 391.9 > dmax ( 300.0) ==> skipping phase !
  54 170407 1729  3.40 74.8930N 128.6300E  15.60 -83.67 322.81  15.60 1.80 0   2
 WARNING:
 epicentral distance: 311.3 > dmax ( 300.0) ==> skipping phase !
 WARNING:
 epicentral distance: 315.4 > dmax ( 300.0) ==> skipping phase !
 WARNING:
 epicentral distance: 328.9 > dmax ( 300.0) ==> skipping phase !
 WARNING:
 epicentral distance: 374.2 > dmax ( 300.0) ==> skipping phase !
  55 170407 1729  3.50 74.7270N 128.8100E   0.40 -89.83 304.29   0.40 1.60 0   5
  56 170408 1004 44.90 72.6070N 124.9400E  15.00  35.98  67.73  15.00 1.40 0  13
  57 170409 0856 47.20 73.3850N 128.5500E  15.60 -84.71 154.54  15.60 2.50 0   6
  58 170409 0902 45.60 73.3500N 128.4400E  15.10 -81.13 150.64  15.10 1.10 0   7
  59 170410 1520  8.50 72.0030N 128.3900E   2.70 -82.46   0.33   2.70 1.00 0  10
  60 170410 1813  3.60 70.9360N 129.1200E   3.70-110.72-118.73   3.70 2.20 0  13
  61 170412 1507  0.60 71.5070N 129.7200E   0.00-130.05 -55.01   0.00 0.70 0   6
  62 170413 0651 20.10 73.3680N 125.4200E  15.60  19.28 152.65  15.60 1.00 0  10
  63 170414 0459 18.80 72.2680N 127.3800E  20.10 -47.27  29.90  20.10 0.50 0   7
  64 170414 0540  4.80 73.6400N 130.9700E   8.00-163.92 183.00   8.00 1.80 0  11
  65 170414 1656 23.40 72.1850N 127.4000E  15.50 -48.06  20.64  15.50 0.20 0   6
  66 170414 1753 32.80 72.3840N 130.4600E  17.90-152.30  42.85  17.90 0.70 0   6
  67 170416 0523 41.90 71.9560N 127.0800E  19.20 -37.31  -4.91  19.20 1.60 0  13
  68 170416 1220 14.20 72.9470N 124.4900E  20.40  50.77 105.67  20.40 1.00 0  11
 WARNING:
 epicentral distance: 320.3 > dmax ( 300.0) ==> skipping phase !
 WARNING:
 epicentral distance: 381.0 > dmax ( 300.0) ==> skipping phase !
 WARNING:
 epicentral distance: 398.8 > dmax ( 300.0) ==> skipping phase !
 WARNING:
 epicentral distance: 405.0 > dmax ( 300.0) ==> skipping phase !
 WARNING:
 epicentral distance: 424.8 > dmax ( 300.0) ==> skipping phase !
 WARNING:
 epicentral distance: 431.2 > dmax ( 300.0) ==> skipping phase !
 WARNING:
 epicentral distance: 445.5 > dmax ( 300.0) ==> skipping phase !
 WARNING:
 epicentral distance: 451.8 > dmax ( 300.0) ==> skipping phase !
 WARNING:
 epicentral distance: 464.3 > dmax ( 300.0) ==> skipping phase !
  69 170416 1257 48.30 68.8710N 131.7500E  73.50-214.97-349.14  73.50 2.20 0   0
  70 170416 1821  5.50 72.8670N 125.0000E  19.30  33.70  96.74  19.30 1.30 0  13
  71 170418 0606  4.10 72.5080N 125.8200E   1.30   6.13  56.68   1.30 0.20 0   6
 WARNING:
 epicentral distance: 315.2 > dmax ( 300.0) ==> skipping phase !
 WARNING:
 epicentral distance: 332.1 > dmax ( 300.0) ==> skipping phase !
 WARNING:
 epicentral distance: 345.3 > dmax ( 300.0) ==> skipping phase !
 WARNING:
 epicentral distance: 352.6 > dmax ( 300.0) ==> skipping phase !
 WARNING:
 epicentral distance: 346.7 > dmax ( 300.0) ==> skipping phase !
 WARNING:
 epicentral distance: 356.6 > dmax ( 300.0) ==> skipping phase !
 WARNING:
 epicentral distance: 363.9 > dmax ( 300.0) ==> skipping phase !
 WARNING:
 epicentral distance: 372.8 > dmax ( 300.0) ==> skipping phase !
 WARNING:
 epicentral distance: 378.6 > dmax ( 300.0) ==> skipping phase !
 WARNING:
 epicentral distance: 378.6 > dmax ( 300.0) ==> skipping phase !
  72 170418 1005 56.80 69.3310N 122.4100E  97.00 132.70-297.82  97.00 2.20 0   1
  73 170418 1500 12.90 72.7340N 124.5100E  23.10  50.40  81.90  23.10 1.30 0  12
  74 170420 1302 36.20 72.6290N 129.0200E  21.80-102.44  70.19  21.80 0.90 0  11
  75 170420 2248 46.70 72.0220N 129.1200E   0.00-107.59   2.46   0.00 0.70 0  11
 WARNING:
 epicentral distance: 313.1 > dmax ( 300.0) ==> skipping phase !
 WARNING:
 epicentral distance: 324.4 > dmax ( 300.0) ==> skipping phase !
 WARNING:
 epicentral distance: 324.2 > dmax ( 300.0) ==> skipping phase !
 WARNING:
 epicentral distance: 342.4 > dmax ( 300.0) ==> skipping phase !
 WARNING:
 epicentral distance: 349.0 > dmax ( 300.0) ==> skipping phase !
 WARNING:
 epicentral distance: 380.2 > dmax ( 300.0) ==> skipping phase !
 WARNING:
 epicentral distance: 381.6 > dmax ( 300.0) ==> skipping phase !
 WARNING:
 epicentral distance: 408.0 > dmax ( 300.0) ==> skipping phase !
  76 170423 0850 54.60 74.7080N 132.7900E   0.10-217.19 302.17   0.10 1.90 0   0
  77 170423 1455 44.10 72.8400N 124.4900E  16.80  50.92  93.73  16.80 0.60 0   8
  78 170423 2313 41.80 72.5960N 124.8700E  22.00  38.36  66.50  22.00 1.30 0  12
  79 170424 0609 58.60 71.9600N 128.0200E   0.10 -69.77  -4.46   0.10 1.10 0  12
  80 170424 0755 26.70 71.9480N 128.0300E   0.00 -70.14  -5.80   0.00 1.00 0  12
  81 170424 0755 26.90 71.9590N 128.0300E   0.00 -70.12  -4.57   0.00 1.00 0  12
  82 170425 0652 23.30 71.9600N 128.0300E   0.00 -70.12  -4.46   0.00 1.20 0   9
  83 170426 0051 23.20 71.9450N 128.0600E   6.60 -71.18  -6.14   6.60 0.70 0   6
  84 170426 1425 21.20 72.0790N 127.2600E  21.00 -43.38   8.82  21.00 0.10 0   6
  85 170426 1834 24.60 71.5840N 130.8000E  10.90-167.46 -46.42  10.90 1.20 0   8
  86 170426 1840 44.10 72.2710N 126.3600E  18.10 -12.33  30.24  18.10 1.30 0   8
  87 170427 0912 28.80 72.0640N 127.7900E   2.60 -61.65   7.14   2.60 0.90 0   8
  88 170427 1041 38.10 71.7480N 128.9900E   8.40-103.86 -28.12   8.40 0.70 0   7
  89 170427 2010 47.80 72.8010N 130.2000E  20.20-141.80  89.38  20.20 1.30 0   8
  90 170427 2010 48.30 72.7890N 130.1400E  20.10-139.82  88.04  20.10 1.30 0   8
  91 170427 2342 34.10 72.7630N 125.0100E  19.50  33.46  85.14  19.50 0.80 0   6

 readings for station 624  :  74
 readings for station 628  :  69
 readings for station 630  :  53
 readings for station 627  :  46
 readings for station 621  :  59
 readings for station 629  :  43
 readings for station 622  :  58
 readings for station 620  :  48
 readings for station 623  :  55
 readings for station 626  :  52
 readings for station 625  :  49
 readings for station 631  :  49
 readings for station 632  :  24

 Total number of stations with readings:  13

 Total number of readings:     679
 Total number of P readings:       0
 Total number of S readings:       0


 ~~~ store parts of G ...
 ~~~ compute RMS and DATVAR ...

 Total number of observations is:   679


 $$$$$$$$$$$$$$$$$$$$$$$$$$$$$$$$$$$$$$$$$$$$$$$$$
 Events with  | AVRES | > 1.0 SEC are suspicious !

 Event#   8 >>>  160824 1510  AVRES =  1.08 NOBS =  9
 Event#  10 >>>  160920 1607  AVRES =  1.41 NOBS =  2
 Event#  11 >>>  160925 1911  AVRES =  1.06 NOBS =  2
 Event#  29 >>>  170302 2335  AVRES =  1.06 NOBS =  9
 Event#  52 >>>  170406 0838  AVRES =  1.00 NOBS = 10
 Event#  57 >>>  170409 0856  AVRES =  1.02 NOBS =  6
 Event#  58 >>>  170409 0902  AVRES =  1.20 NOBS =  7
 Event#  62 >>>  170413 0651  AVRES =  1.11 NOBS = 10
 Event#  64 >>>  170414 0540  AVRES =  1.17 NOBS = 11
 Event#  66 >>>  170414 1753  AVRES =  1.01 NOBS =  6
 Event#  85 >>>  170426 1834  AVRES =  1.06 NOBS =  8

 ^^^^^^^^^ C H E C K   these events above ^^^^^^^^
 $$$$$$$$$$$$$$$$$$$$$$$$$$$$$$$$$$$$$$$$$$$$$$$$$

 ~~~ save initial datvar ...

 Iteration nr  0 obtained:
 DATVAR=    0.638788 mean sqrd residual=     0.287878  RMS RESIDUAL=     0.536543

 After  0 iterations we got:
 Average absolute & unweighted [and mean] residual of
   470 straight and direct rays =  0.52085 [  0.49174]
   209 refracted           rays =  0.77657 [  0.69140]
     0 reflected           rays =  0.00000 [  0.00000]

   679 ALL                 RAYS =  0.59956 [  0.55320]        0.00 %




--------------------------------------------------------------------------------



           ITERATION no  1

 ~~~ set units for this iteration ...
 ~~~ determine number of unknowns for this iter. ...

 Number of unknowns (for array-indexing):  nvar =  385
 Number of effective unknowns        :  nvareff =  386
 Number of elements on/below main diagonal of matrix G = At*A : kvar =   74305

 Damping factors to be used in this iteration:
   Othet=   0.010   XYthet  =   0.010   Zthet=  0.010
 STAthet=   0.010   Vthet   =   1.000

 ~~~ damp G ...
 ~~~ solve G * b = RHT ...
 ~~~ fix units ...
 ~~~ apply eventually step-length damping ...
 ~~~ adjust model (hypocenters, stacorr & veloc.) ...

 doing velocity adjustments now...

 doing station-correction adjustments...

 ~~~ compute effective step-length ...

 (Applied) Step length =   5.518

 ~~~ set units for next iteration ...
 ~~~ determine number of unknowns for next iter. ...

 Number of unknowns (for array-indexing):  nvar =  385
 Number of effective unknowns        :  nvareff =  386
 Number of elements on/below main diagonal of matrix G = At*A : kvar =   74305

 ~~~ reset G and RHT ...
 ~~~ raytracing, setup G ...
 ~~~ store parts of G ...
 ~~~ set units back for current iteration ...
 ~~~ determine number of unknowns for this iter. ...

 Number of unknowns (for array-indexing):  nvar =  385
 Number of effective unknowns        :  nvareff =  386
 Number of elements on/below main diagonal of matrix G = At*A : kvar =   74305

 ~~~ compute RMS and DATVAR ...

 $$$$$$$$$$$$$$$$$$$$$$$$$$$$$$$$$$$$$$$$$$$$$$$$$
 Events with  | AVRES | > 1.0 SEC are suspicious !

 ZERO events of this kind found! (lucky guy!!!)

 ~~~ check solution (better? worse?) ...

 Iteration nr  1 obtained:
 DATVAR=    0.419027 mean sqrd residual=     0.180817  RMS RESIDUAL=     0.425226

 After  1 iterations we got:
 Average absolute & unweighted [and mean] residual of
   468 straight and direct rays =  0.36723 [  0.34043]
   211 refracted           rays =  0.59915 [  0.50224]
     0 reflected           rays =  0.00000 [  0.00000]

   679 ALL                 RAYS =  0.43930 [  0.39071]      -26.73 %

 ~~~ iteration done; output results ...

  eq       ot     x      y      z      rms    avres   dot     dx     dy     dz
    1      9.09  38.48 111.90  23.24   0.21   0.45   -0.012 -0.132 -0.016  0.140
    2      9.28  37.88 110.61  22.90   0.22   0.45   -0.015 -0.068  0.028  0.104
    3     27.26-130.16  -7.86  11.60   0.57   0.64   -0.045 -0.156  0.731 -0.500
    4     15.65-130.99  -6.59   9.87   0.60   0.65   -0.053 -0.004  0.331 -1.127
    5     45.67 -40.35  38.66  23.75   0.12   0.31   -0.031 -0.013 -0.173 -0.051
    6     49.47 -36.67  40.60  16.69   0.12   0.16   -0.030  0.234 -0.128  0.195
    7     13.86-135.06-119.17   6.51   0.37   0.53   -0.140  0.158 -0.115  0.108
    8     30.39-140.99 -43.61   8.74   0.36   0.76   -0.012 -0.131  0.238  0.137
    9     39.61  10.78  56.49  12.20   0.07  -0.04   -0.094 -0.112 -0.191  0.097
   10     18.18 -87.64-308.26  16.21   1.08   1.00   -0.119 -0.575  0.043  0.009
   11      5.38 -62.99-309.65  15.62   1.33   0.75   -0.223 -0.729 -0.007  0.018
   12     51.19  35.02  94.67  15.65   0.17   0.36   -0.014 -0.041  0.043  0.053
   13     46.86  33.31  98.12  19.04   0.26   0.45   -0.036 -0.042  0.264  0.038
   14     55.85  33.53  97.34  13.91   0.27   0.34   -0.045  0.174 -0.187  0.006
   15     44.65  33.98  97.63  17.51   0.31   0.45   -0.052 -0.056  0.333  0.310
   16     44.82  34.69  96.18  18.74   0.34   0.47   -0.081 -0.370  0.437  0.139
   17     22.05  -1.10  82.44  18.59   0.23   0.33   -0.052 -0.086  0.093  0.092
   18     36.42 -33.90   4.45  11.18   0.19   0.10   -0.077  0.223 -0.009 -0.024
   19     33.25  41.23  64.04  10.30   0.09   0.06   -0.050 -0.210 -0.125  0.196
   20     45.97  37.72  85.23  16.17   0.29   0.42   -0.033 -0.134  0.092 -0.035
   21     34.08  36.72  82.79  14.31   0.54   0.33   -0.022  0.199 -0.001 -0.186
   22     25.85  35.66  85.49  13.38   0.38   0.24   -0.050 -0.164  0.125 -0.117
   23     15.84  35.12  86.38  11.22   0.51   0.18   -0.065 -0.360  0.012 -0.380
   24      1.87  34.75  82.65   6.26   0.51   0.10   -0.135 -0.088  0.634  0.559
   25     48.62 -45.80  23.56  22.22   0.09   0.29    0.024  0.168 -0.210  0.223
   26     27.54 -70.09  -3.82  10.52   0.11   0.06   -0.056  0.361 -0.134  0.219
   27      0.17  -0.60  49.29  12.85   0.41   0.17   -0.029  0.083 -0.250 -0.254
   28     59.05  37.56  76.27  11.02   0.54   0.35   -0.047 -0.039  0.054 -0.477
   29     20.23-148.64 -12.18  14.80   0.34   0.74    0.032  0.178  0.648  0.002
   30      2.91  36.32  76.46  13.45   0.61   0.46    0.013  0.425 -0.312  0.046
   31     20.97  36.49  77.32  14.18   0.39   0.36   -0.029 -0.081 -0.119 -0.017
   32     50.77  36.81  77.05  15.17   0.30   0.22   -0.030 -0.101 -0.049 -0.128
   33      0.81  37.34  76.05  15.56   0.32   0.29    0.009  0.078 -0.164 -0.045
   34     55.41 -16.95  34.84  24.48   0.09   0.25    0.005  0.155 -0.085 -0.017
   35     39.23 -71.25  -8.37   3.51   0.21   0.12    0.034  0.664  0.105  0.113
   36     59.10  36.65  77.72  15.04   0.40   0.41    0.004  0.081 -0.170 -0.060
   37      5.56  31.24  50.10  14.61   0.21   0.14   -0.039 -0.124 -0.114 -0.286
   38     46.49  73.04  73.15  16.88   0.38   0.46   -0.009 -0.177  0.172 -0.023
   39     14.02   0.69  26.07   3.82   0.12  -0.06   -0.085 -0.000 -0.148 -0.076
   40     14.55 -42.02  13.94  16.53   0.27   0.17   -0.053 -0.066 -0.005 -0.270
   41     56.32  34.67  79.06   5.60   0.10   0.03   -0.079 -0.194 -0.050  0.502
   42     34.29  -4.01  46.22  17.91   0.15   0.17   -0.014  0.088 -0.086 -0.091
   43     24.63-109.80 -38.96   5.18   0.35   0.11    0.034  0.956  0.429 -0.023
   44     49.62  30.14  50.42   8.52   0.09  -0.05   -0.079 -0.198 -0.127  0.217
   45     41.18-144.88  45.84  18.42   0.25   0.66   -0.017  0.159  0.429  0.121
   46     34.10 -57.33  -0.66  16.03   0.17   0.23   -0.004  0.298  0.126 -0.073
   47      1.02  10.50  80.45  21.83   0.22   0.44    0.016  0.012 -0.113 -0.067
   48     37.21  10.54  81.61  23.61   0.10   0.36    0.014  0.059  0.040  0.109
   49     35.68  54.57  84.59  22.65   0.23   0.32   -0.021 -0.183  0.008  0.052
   50     36.11-102.50 -35.73  15.33   0.40   0.57    0.013  0.156 -0.138  0.033
   51     53.14-101.14 -55.02   9.17   0.58   0.63   -0.056  0.236 -0.345 -0.130
   52     43.24-115.27  43.55  15.42   0.40   0.70    0.045  0.150  0.595 -0.081
   53      0.99  10.45  80.75  21.66   0.21   0.48   -0.009 -0.034  0.071  0.359
   54      2.64 -83.72 322.70  15.66   0.37  -0.27   -0.762 -0.046 -0.114  0.061
   55      2.88 -89.78 304.22   0.50   0.24   0.01   -0.618  0.050 -0.067  0.102
   56     44.87  36.07  67.59  14.84   0.43   0.38   -0.025  0.097 -0.145 -0.165
   57     47.05 -84.41 154.91  15.73   0.44   0.72   -0.152  0.298  0.363  0.127
   58     45.57 -80.57 151.01  15.16   0.28   0.84   -0.029  0.563  0.374  0.061
   59      8.52 -81.68   0.38   1.16   0.67   0.28    0.024  0.773  0.050 -1.541
   60      3.60-110.13-118.22   3.25   0.56   0.70   -0.002  0.583  0.504 -0.447
   61      0.53-130.52 -54.83   0.36   0.56   0.33   -0.066 -0.473  0.180  0.254
   62     20.14  19.37 152.39  14.98   0.38   0.78    0.037  0.097 -0.258 -0.622
   63     18.81 -47.15  29.78  20.04   0.23   0.30    0.012  0.120 -0.121 -0.059
   64      4.60-162.57 184.59   8.07   0.64   0.82   -0.201  1.348  1.594  0.071
   65     23.38 -47.83  20.45  15.55   0.12   0.15   -0.019  0.236 -0.197  0.049
   66     32.86-151.91  43.64  17.99   0.32   0.71    0.058  0.388  0.794  0.087
   67     41.95 -37.07  -5.05  18.53   0.29   0.37    0.046  0.242 -0.138 -0.670
   68     14.14  50.51 106.28  20.31   0.38   0.54   -0.065 -0.264  0.610 -0.085
   69     48.30-214.97-349.14  73.50   0.00   0.00    0.000  0.000  0.000  0.000
   70      5.46  33.66  96.94  19.19   0.27   0.52   -0.039 -0.042  0.198 -0.106
   71      4.10   6.13  56.56   1.30   0.59   0.10    0.001  0.007 -0.127 -0.000
   72     56.11 132.65-297.75  96.98   0.11   0.32   -0.691 -0.050  0.066 -0.019
   73     12.78  50.74  82.25  24.10   0.24   0.45   -0.120  0.348  0.346  1.002
   74     36.14-102.36  70.40  22.26   0.16   0.52   -0.060  0.078  0.217  0.464
 ***** depth constrained for event    75
   75     46.62-107.71   3.11   0.11   0.98   0.54   -0.075 -0.127  0.655 -0.100
   76     54.60-217.19 302.17   0.10   0.00   0.00    0.000  0.000  0.000  0.000
   77     44.08  50.91  93.91  16.62   0.26   0.46   -0.016 -0.014  0.184 -0.184
   78     41.76  38.49  66.22  22.27   0.22   0.35   -0.039  0.127 -0.285  0.270
   79     58.57 -69.56  -4.48   0.01   0.48   0.23   -0.032  0.216 -0.017 -0.087
 ***** depth constrained for event    80
   80     26.65 -70.01  -5.90   0.11   0.43   0.29   -0.054  0.128 -0.102 -0.100
 ***** depth constrained for event    81
   81     26.86 -69.98  -4.65   0.11   0.52   0.29   -0.043  0.141 -0.074 -0.100
   82     23.24 -69.89  -4.46   0.04   0.38   0.09   -0.057  0.228  0.005 -0.067
   83     23.17 -70.76  -5.99   6.97   0.12   0.03   -0.034  0.422  0.149  0.365
   84     21.21 -43.10   8.51  20.94   0.08   0.23    0.013  0.287 -0.305 -0.058
   85     24.56-167.70 -45.89  11.03   0.30   0.75   -0.039 -0.233  0.530  0.127
   86     44.09 -12.24  30.14  17.82   0.22   0.23   -0.007  0.088 -0.102 -0.283
   87     28.78 -61.45   6.95   3.06   0.10   0.14   -0.016  0.204 -0.196  0.455
   88     37.99-103.84 -28.33   8.05   0.52   0.30   -0.113  0.023 -0.213 -0.350
   89     47.72-141.78  89.84  21.11   0.24   0.64   -0.079  0.020  0.461  0.912
   90     48.21-139.75  88.63  21.16   0.21   0.61   -0.088  0.070  0.592  1.065
   91     34.05  33.55  84.94  19.65   0.32   0.42   -0.050  0.096 -0.195  0.147

 A V E R A G E   of ADJUSTMENTS :                    -0.058  0.073  0.085  0.003
 A V E R A G E   of ABSOLUTE ADJUSTMENTS :            0.068  0.203  0.222  0.213


 Step length damping of 0.29524 was applied.


 Velocity adjustments:
     vp    dvp      hp   reflector
 Velocity model   1
   4.875  0.025   -5.000      
   6.024 -0.056    1.410      
   6.089 -0.101    6.640      
   6.723 -0.107   13.610      
   6.853 -0.037   26.720      
   6.990 -0.010   30.690      
   7.155 -0.105   31.640      
   7.465  0.015   36.390      
   7.930 -0.200   44.820      

 Calculation of average velocity starts at layer #           1
 z = -5.00 ...  1.41    v = 4.88    AVEL = 4.88 downto z =   1.41
 z =  1.41 ...  6.64    v = 6.02    AVEL = 5.39 downto z =   6.64
 z =  6.64 ... 13.61    v = 6.09    AVEL = 5.65 downto z =  13.61
 z = 13.61 ... 26.72    v = 6.72    AVEL = 6.10 downto z =  26.72
 z = 26.72 ... 30.69    v = 6.85    AVEL = 6.18 downto z =  30.69
 z = 30.69 ... 31.64    v = 6.99    AVEL = 6.20 downto z =  31.64
 z = 31.64 ... 36.39    v = 7.16    AVEL = 6.31 downto z =  36.39
 z = 36.39 ... 44.82    v = 7.46    AVEL = 6.51 downto z =  44.82


 Calculation of average velocity starts at layer #           2
 z =  1.41 ...  6.64    v = 6.02    AVEL = 6.02 downto z =   6.64
 z =  6.64 ... 13.61    v = 6.09    AVEL = 6.06 downto z =  13.61
 z = 13.61 ... 26.72    v = 6.72    AVEL = 6.40 downto z =  26.72
 z = 26.72 ... 30.69    v = 6.85    AVEL = 6.46 downto z =  30.69
 z = 30.69 ... 31.64    v = 6.99    AVEL = 6.48 downto z =  31.64
 z = 31.64 ... 36.39    v = 7.16    AVEL = 6.57 downto z =  36.39
 z = 36.39 ... 44.82    v = 7.46    AVEL = 6.75 downto z =  44.82



 Adjusted station corrections:
   stn  ptcor  dpcor  
  624   0.000  0.000  628  -0.050 -0.050  630  -0.046 -0.046  627   0.035  0.035
  621   0.008  0.008  629   0.029  0.029  622   0.002  0.002  620  -0.021 -0.021
  623   0.071  0.071  626   0.052  0.052  625   0.045  0.045  631   0.044  0.044
  632  -0.107 -0.107

 ~~~ another iteration? ...



--------------------------------------------------------------------------------



           ITERATION no  2

 ~~~ set units for this iteration ...
 ~~~ determine number of unknowns for this iter. ...

 Number of unknowns (for array-indexing):  nvar =  385
 Number of effective unknowns        :  nvareff =  386
 Number of elements on/below main diagonal of matrix G = At*A : kvar =   74305

 Damping factors to be used in this iteration:
   Othet=   0.010   XYthet  =   0.010   Zthet=  0.010
 STAthet=   0.010   Vthet   =   1.000

 ~~~ damp G ...
 ~~~ solve G * b = RHT ...
 ~~~ fix units ...
 ~~~ apply eventually step-length damping ...
 ~~~ adjust model (hypocenters, stacorr & veloc.) ...

 doing velocity adjustments now...

 doing station-correction adjustments...

 ~~~ compute effective step-length ...

 (Applied) Step length =   6.207

 ~~~ set units for next iteration ...
 ~~~ determine number of unknowns for next iter. ...

 Number of unknowns (for array-indexing):  nvar =  385
 Number of effective unknowns        :  nvareff =  386
 Number of elements on/below main diagonal of matrix G = At*A : kvar =   74305

 ~~~ reset G and RHT ...
 ~~~ raytracing, setup G ...
 ~~~ store parts of G ...
 ~~~ set units back for current iteration ...
 ~~~ determine number of unknowns for this iter. ...

 Number of unknowns (for array-indexing):  nvar =  385
 Number of effective unknowns        :  nvareff =  386
 Number of elements on/below main diagonal of matrix G = At*A : kvar =   74305

 ~~~ compute RMS and DATVAR ...

 $$$$$$$$$$$$$$$$$$$$$$$$$$$$$$$$$$$$$$$$$$$$$$$$$
 Events with  | AVRES | > 1.0 SEC are suspicious !

 ZERO events of this kind found! (lucky guy!!!)

 ~~~ check solution (better? worse?) ...

 Iteration nr  2 obtained:
 DATVAR=    0.256552 mean sqrd residual=     0.110707  RMS RESIDUAL=     0.332726

 After  2 iterations we got:
 Average absolute & unweighted [and mean] residual of
   458 straight and direct rays =  0.23537 [  0.20477]
   221 refracted           rays =  0.42288 [  0.31134]
     0 reflected           rays =  0.00000 [  0.00000]

   679 ALL                 RAYS =  0.29640 [  0.23945]      -32.53 %

 ~~~ iteration done; output results ...

  eq       ot     x      y      z      rms    avres   dot     dx     dy     dz
    1      9.06  38.31 111.88  23.43   0.21   0.27   -0.028 -0.166 -0.027  0.192
    2      9.25  37.79 110.64  23.05   0.21   0.27   -0.034 -0.096  0.031  0.146
    3     27.17-130.12  -7.03  10.26   0.46   0.38   -0.086  0.035  0.835 -1.337
    4     15.55-131.01  -6.18   8.58   0.43   0.39   -0.095 -0.019  0.408 -1.291
    5     45.62 -40.35  38.47  23.70   0.08   0.19   -0.045 -0.001 -0.188 -0.046
    6     49.42 -36.44  40.48  16.96   0.10   0.09   -0.047  0.228 -0.125  0.268
    7     13.70-134.78-119.32   6.46   0.23   0.33   -0.158  0.275 -0.148 -0.046
    8     30.35-141.14 -43.36   8.91   0.25   0.46   -0.043 -0.151  0.253  0.178
    9     39.49  10.69  56.30  12.39   0.07  -0.02   -0.113 -0.089 -0.196  0.190
   10     17.99 -88.43-308.20  16.22   1.01   0.60   -0.193 -0.790  0.066  0.015
   11      5.09 -63.99-309.66  15.64   1.26   0.45   -0.291 -1.001 -0.008  0.023
   12     51.16  34.97  94.71  15.73   0.11   0.22   -0.030 -0.056  0.041  0.076
   13     46.80  33.25  98.44  19.10   0.21   0.27   -0.062 -0.059  0.314  0.067
   14     55.80  33.69  97.08  13.92   0.15   0.20   -0.052  0.160 -0.260  0.012
   15     44.56  33.93  98.07  18.08   0.26   0.28   -0.092 -0.051  0.433  0.567
   16     44.72  34.32  96.81  18.69   0.28   0.28   -0.102 -0.363  0.638 -0.054
   17     21.98  -1.21  82.54  18.74   0.12   0.20   -0.072 -0.105  0.102  0.146
   18     36.35 -33.59   4.51  11.17   0.14   0.06   -0.078  0.313  0.056 -0.004
   19     33.19  41.01  63.88  10.53   0.07   0.03   -0.065 -0.226 -0.153  0.235
   20     45.92  37.56  85.35  16.12   0.21   0.25   -0.052 -0.158  0.116 -0.046
   21     34.04  36.88  82.78  14.12   0.46   0.20   -0.037  0.164 -0.012 -0.194
   22     25.79  35.47  85.61  13.25   0.31   0.14   -0.065 -0.185  0.121 -0.132
   23     15.77  34.75  86.27  10.70   0.42   0.11   -0.062 -0.364 -0.110 -0.525
   24      1.70  34.62  83.38   6.94   0.44   0.05   -0.163 -0.129  0.735  0.683
   25     48.63 -45.65  23.33  22.51   0.08   0.18    0.006  0.153 -0.226  0.290
   26     27.47 -69.77  -4.00  10.77   0.07   0.04   -0.077  0.319 -0.183  0.255
   27      0.13  -0.53  48.99  12.58   0.30   0.10   -0.038  0.070 -0.302 -0.269
   28     59.01  37.25  76.25   9.99   0.37   0.21   -0.045 -0.305 -0.013 -1.032
   29     20.25-148.40 -11.48  14.81   0.29   0.45    0.021  0.241  0.703  0.003
   30      2.91  36.76  76.06  13.55   0.50   0.27    0.001  0.440 -0.398  0.104
   31     20.93  36.38  77.16  14.17   0.29   0.22   -0.040 -0.108 -0.158 -0.017
   32     50.73  36.68  76.99  15.00   0.23   0.13   -0.038 -0.132 -0.069 -0.168
   33      0.81  37.38  75.85  15.52   0.24   0.18   -0.003  0.049 -0.200 -0.039
   34     55.40 -16.76  34.77  24.47   0.06   0.15   -0.004  0.187 -0.076 -0.014
   35     39.27 -70.50  -8.13   3.68   0.22   0.07    0.036  0.750  0.249  0.170
   36     59.10  36.70  77.50  14.98   0.29   0.24   -0.008  0.052 -0.219 -0.057
   37      5.51  31.11  49.99  14.25   0.19   0.08   -0.051 -0.127 -0.108 -0.369
   38     46.47  72.80  73.32  16.90   0.30   0.28   -0.019 -0.245  0.173  0.028
   39     13.92   0.68  25.93   3.80   0.11  -0.04   -0.091 -0.004 -0.146 -0.028
   40     14.48 -42.07  13.97  16.28   0.23   0.10   -0.064 -0.049  0.023 -0.251
   41     56.22  34.43  79.04   6.28   0.08   0.02   -0.096 -0.238 -0.021  0.678
   42     34.26  -3.91  46.12  17.81   0.11   0.10   -0.023  0.101 -0.099 -0.097
   43     24.67-108.80 -38.39   4.74   0.27   0.07    0.036  1.007  0.572 -0.439
   44     49.53  29.92  50.30   8.86   0.09  -0.03   -0.096 -0.214 -0.123  0.342
   45     41.14-145.03  46.12  19.26   0.21   0.39   -0.042 -0.151  0.272  0.843
   46     34.07 -57.08  -0.56  15.99   0.12   0.14   -0.022  0.257  0.095 -0.038
   47      1.04  10.52  80.24  21.38   0.18   0.27    0.029  0.016 -0.215 -0.452
   48     37.21  10.59  81.64  23.77   0.05   0.21   -0.006  0.047  0.034  0.164
   49     35.65  54.34  84.58  22.73   0.15   0.19   -0.031 -0.238 -0.007  0.079
   50     36.11-102.32 -35.88  15.37   0.28   0.34   -0.005  0.182 -0.147  0.034
   51     53.06-100.87 -55.37   9.04   0.51   0.38   -0.082  0.264 -0.347 -0.130
   52     43.25-115.20  44.16  15.31   0.32   0.42    0.008  0.068  0.609 -0.106
   53      1.01  10.49  80.68  21.32   0.15   0.29    0.023  0.035 -0.065 -0.338
   54      1.83 -83.79 322.57  15.72   0.34  -0.17   -0.803 -0.068 -0.129  0.063
   55      2.21 -89.71 304.15   0.61   0.16   0.00   -0.668  0.070 -0.070  0.108
   56     44.84  36.14  67.42  14.68   0.33   0.23   -0.039  0.065 -0.168 -0.151
   57     46.85 -84.19 155.40  16.12   0.36   0.47   -0.199  0.222  0.498  0.393
   58     45.50 -79.98 151.50  15.45   0.26   0.51   -0.070  0.587  0.489  0.285
   59      8.44 -81.34   0.51   0.53   0.56   0.17   -0.083  0.342  0.130 -0.625
   60      3.58-109.45-117.62   2.82   0.44   0.43   -0.016  0.685  0.600 -0.431
   61      0.43-131.13 -54.67   0.71   0.47   0.19   -0.107 -0.609  0.163  0.349
   62     20.15  19.45 152.12  14.46   0.31   0.47    0.013  0.076 -0.266 -0.517
   63     18.81 -47.04  29.64  20.02   0.15   0.18   -0.003  0.114 -0.143 -0.019
   64      4.33-161.06 186.57   8.31   0.56   0.52   -0.266  1.509  1.983  0.242
   65     23.35 -47.61  20.25  15.65   0.09   0.09   -0.034  0.219 -0.198  0.096
   66     32.89-151.53  44.47  18.10   0.32   0.42    0.030  0.382  0.827  0.115
   67     41.97 -36.84  -5.19  17.90   0.24   0.22    0.025  0.225 -0.145 -0.628
   68     14.03  50.24 107.03  20.21   0.34   0.32   -0.101 -0.276  0.750 -0.103
   69     48.30-214.97-349.14  73.50   0.00   0.00    0.000  0.000  0.000  0.000
   70      5.37  33.66  97.43  19.34   0.21   0.32   -0.088 -0.001  0.492  0.142
   71      4.09   6.15  56.44   1.30   0.58   0.06   -0.010  0.013 -0.113  0.001
   72     55.35 132.59-297.68  96.96   0.03   0.17   -0.759 -0.057  0.074 -0.022
   73     12.71  51.01  82.32  24.63   0.18   0.27   -0.075  0.264  0.075  0.528
   74     36.05-102.31  70.64  22.92   0.19   0.32   -0.087  0.051  0.233  0.661
 ***** depth constrained for event    75
   75     46.52-107.92   3.78   0.11   0.92   0.41   -0.106 -0.209  0.673 -0.100
   76     54.60-217.19 302.17   0.10   0.00   0.00    0.000  0.000  0.000  0.000
   77     44.05  50.86  94.13  16.41   0.18   0.27   -0.037 -0.050  0.219 -0.205
   78     41.70  38.62  65.92  22.63   0.17   0.22   -0.056  0.130 -0.304  0.364
 ***** depth constrained for event    79
   79     58.53 -69.29  -4.49   0.11   0.42   0.16   -0.041  0.267 -0.010 -0.003
 ***** depth constrained for event    80
   80     26.59 -69.83  -6.00   0.11   0.36   0.21   -0.058  0.179 -0.095 -0.100
 ***** depth constrained for event    81
   81     26.81 -69.78  -4.72   0.11   0.44   0.20   -0.048  0.193 -0.067 -0.100
 ***** depth constrained for event    82
   82     23.17 -69.61  -4.46   0.11   0.32   0.07   -0.069  0.275 -0.003 -0.033
   83     23.14 -70.22  -5.68   7.26   0.08   0.02   -0.029  0.544  0.313  0.297
   84     21.21 -42.81   8.20  20.93   0.05   0.14   -0.004  0.286 -0.313 -0.012
   85     24.49-168.01 -45.32  11.29   0.26   0.46   -0.068 -0.319  0.566  0.264
   86     44.07 -12.16  30.02  17.55   0.15   0.14   -0.021  0.079 -0.122 -0.263
   87     28.75 -61.24   6.73   3.72   0.08   0.08   -0.034  0.209 -0.211  0.662
   88     37.88-103.71 -28.38   7.62   0.43   0.18   -0.110  0.128 -0.046 -0.434
   89     47.64-141.52  90.49  21.99   0.26   0.40   -0.083  0.253  0.646  0.876
   90     48.14-139.49  89.23  21.84   0.22   0.37   -0.072  0.262  0.601  0.677
   91     33.99  33.64  84.69  19.86   0.28   0.27   -0.062  0.086 -0.254  0.215

 A V E R A G E   of ADJUSTMENTS :                    -0.077  0.063  0.101  0.009
 A V E R A G E   of ABSOLUTE ADJUSTMENTS :            0.082  0.226  0.255  0.257


 Step length damping of 0.39336 was applied.


 Velocity adjustments:
     vp    dvp      hp   reflector
 Velocity model   1
   4.913  0.037   -5.000      
   5.957 -0.068    1.410      
   5.964 -0.125    6.640      
   6.625 -0.099   13.610      
   6.811 -0.042   26.720      
   6.979 -0.010   30.690      
   7.099 -0.057   31.640      
   7.398 -0.067   36.390      
   7.730 -0.200   44.820      

 Calculation of average velocity starts at layer #           1
 z = -5.00 ...  1.41    v = 4.91    AVEL = 4.91 downto z =   1.41
 z =  1.41 ...  6.64    v = 5.96    AVEL = 5.38 downto z =   6.64
 z =  6.64 ... 13.61    v = 5.96    AVEL = 5.60 downto z =  13.61
 z = 13.61 ... 26.72    v = 6.62    AVEL = 6.02 downto z =  26.72
 z = 26.72 ... 30.69    v = 6.81    AVEL = 6.11 downto z =  30.69
 z = 30.69 ... 31.64    v = 6.98    AVEL = 6.13 downto z =  31.64
 z = 31.64 ... 36.39    v = 7.10    AVEL = 6.24 downto z =  36.39
 z = 36.39 ... 44.82    v = 7.40    AVEL = 6.44 downto z =  44.82


 Calculation of average velocity starts at layer #           2
 z =  1.41 ...  6.64    v = 5.96    AVEL = 5.96 downto z =   6.64
 z =  6.64 ... 13.61    v = 5.96    AVEL = 5.96 downto z =  13.61
 z = 13.61 ... 26.72    v = 6.62    AVEL = 6.30 downto z =  26.72
 z = 26.72 ... 30.69    v = 6.81    AVEL = 6.37 downto z =  30.69
 z = 30.69 ... 31.64    v = 6.98    AVEL = 6.39 downto z =  31.64
 z = 31.64 ... 36.39    v = 7.10    AVEL = 6.49 downto z =  36.39
 z = 36.39 ... 44.82    v = 7.40    AVEL = 6.66 downto z =  44.82



 Adjusted station corrections:
   stn  ptcor  dpcor  
  624   0.000  0.000  628  -0.103 -0.053  630  -0.087 -0.042  627   0.065  0.030
  621   0.015  0.007  629   0.056  0.026  622   0.002  0.000  620  -0.045 -0.023
  623   0.140  0.069  626   0.094  0.042  625   0.084  0.039  631   0.088  0.044
  632  -0.199 -0.092

 ~~~ another iteration? ...



--------------------------------------------------------------------------------



           ITERATION no  3

 ~~~ set units for this iteration ...
 ~~~ determine number of unknowns for this iter. ...

 Number of unknowns (for array-indexing):  nvar =  385
 Number of effective unknowns        :  nvareff =  386
 Number of elements on/below main diagonal of matrix G = At*A : kvar =   74305

 Damping factors to be used in this iteration:
   Othet=   0.010   XYthet  =   0.010   Zthet=  0.010
 STAthet=   0.010   Vthet   =   1.000

 ~~~ damp G ...
 ~~~ solve G * b = RHT ...
 ~~~ fix units ...
 ~~~ apply eventually step-length damping ...
 ~~~ adjust model (hypocenters, stacorr & veloc.) ...

 doing velocity adjustments now...

 doing station-correction adjustments...

 ~~~ compute effective step-length ...

 (Applied) Step length =   7.761

 ~~~ set units for next iteration ...
 ~~~ determine number of unknowns for next iter. ...

 Number of unknowns (for array-indexing):  nvar =  385
 Number of effective unknowns        :  nvareff =  386
 Number of elements on/below main diagonal of matrix G = At*A : kvar =   74305

 ~~~ reset G and RHT ...
 ~~~ raytracing, setup G ...
 ~~~ store parts of G ...
 ~~~ set units back for current iteration ...
 ~~~ determine number of unknowns for this iter. ...

 Number of unknowns (for array-indexing):  nvar =  385
 Number of effective unknowns        :  nvareff =  386
 Number of elements on/below main diagonal of matrix G = At*A : kvar =   74305

 ~~~ compute RMS and DATVAR ...

 $$$$$$$$$$$$$$$$$$$$$$$$$$$$$$$$$$$$$$$$$$$$$$$$$
 Events with  | AVRES | > 1.0 SEC are suspicious !

 ZERO events of this kind found! (lucky guy!!!)

 ~~~ check solution (better? worse?) ...

 Iteration nr  3 obtained:
 DATVAR=    0.168761 mean sqrd residual=     0.072823  RMS RESIDUAL=     0.269857

 After  3 iterations we got:
 Average absolute & unweighted [and mean] residual of
   429 straight and direct rays =  0.14579 [  0.08780]
   250 refracted           rays =  0.29051 [  0.14878]
     0 reflected           rays =  0.00000 [  0.00000]

   679 ALL                 RAYS =  0.19907 [  0.11025]      -32.84 %

 ~~~ iteration done; output results ...

  eq       ot     x      y      z      rms    avres   dot     dx     dy     dz
    1      8.99  38.22 111.79  23.73   0.19   0.13   -0.071 -0.095 -0.088  0.300
    2      9.17  37.77 110.63  23.29   0.21   0.12   -0.079 -0.016 -0.004  0.239
    3     26.99-130.73  -6.33   9.51   0.39   0.16   -0.182 -0.609  0.700 -0.748
    4     15.39-131.11  -5.66   7.14   0.30   0.16   -0.167 -0.097  0.517 -1.439
    5     45.55 -40.26  38.34  23.87   0.03   0.08   -0.077  0.087 -0.130  0.164
    6     49.37 -36.18  40.37  17.35   0.10   0.04   -0.057  0.255 -0.105  0.388
    7     13.53-134.48-119.17   5.89   0.16   0.16   -0.173  0.301  0.153 -0.570
    8     30.26-141.28 -42.94   9.07   0.19   0.21   -0.090 -0.140  0.421  0.158
    9     39.38  10.63  56.00  12.79   0.07  -0.01   -0.116 -0.062 -0.294  0.400
   10     17.74 -89.65-308.10  16.24   0.97   0.27   -0.245 -1.222  0.100  0.019
   11      4.75 -65.53-309.68  15.67   1.24   0.21   -0.334 -1.538 -0.019  0.026
   12     51.09  34.96  94.75  15.85   0.10   0.09   -0.062 -0.007  0.039  0.116
   13     46.68  33.22  98.86  19.27   0.19   0.11   -0.121 -0.030  0.421  0.165
   14     55.74  33.84  96.65  13.95   0.08   0.10   -0.065  0.149 -0.422  0.028
   15     44.44  33.89  98.48  18.18   0.24   0.12   -0.115 -0.033  0.416  0.099
   16     44.54  33.90  97.72  18.49   0.25   0.12   -0.174 -0.427  0.906 -0.192
   17     21.85  -1.30  82.73  19.13   0.06   0.10   -0.124 -0.098  0.190  0.393
   18     36.26 -33.24   4.65  11.35   0.09   0.03   -0.082  0.342  0.139  0.176
   19     33.10  40.90  63.69  10.74   0.07   0.02   -0.090 -0.104 -0.192  0.209
   20     45.83  37.41  85.47  16.07   0.13   0.10   -0.091 -0.147  0.127 -0.050
   21     33.97  37.04  82.75  13.93   0.37   0.08   -0.067  0.161 -0.034 -0.186
   22     25.70  35.33  85.68  13.10   0.24   0.06   -0.089 -0.146  0.074 -0.154
   23     15.70  34.47  86.07  10.10   0.35   0.04   -0.076 -0.283 -0.198 -0.599
   24      1.47  34.49  84.18   7.18   0.39   0.03   -0.229 -0.127  0.795  0.239
   25     48.62 -45.46  23.09  22.89   0.08   0.07   -0.009  0.187 -0.239  0.375
   26     27.38 -69.50  -4.23  11.01   0.05   0.02   -0.084  0.268 -0.234  0.235
   27      0.09  -0.41  48.64  12.36   0.20   0.04   -0.043  0.114 -0.352 -0.221
   28     58.94  37.01  76.15   8.87   0.22   0.09   -0.069 -0.247 -0.104 -1.116
   29     20.22-148.30 -10.74  15.72   0.24   0.19   -0.033  0.100  0.742  0.911
   30      2.89  37.30  75.57  13.81   0.40   0.10   -0.028  0.534 -0.494  0.264
   31     20.89  36.19  76.85  13.54   0.21   0.09   -0.039 -0.188 -0.311 -0.623
   32     50.67  36.59  76.90  14.77   0.17   0.05   -0.057 -0.092 -0.082 -0.238
   33      0.77  37.46  75.60  15.50   0.17   0.07   -0.033  0.074 -0.243 -0.013
   34     55.38 -16.49  34.71  24.53   0.05   0.06   -0.019  0.279 -0.059  0.062
   35     39.28 -69.36  -7.47   4.06   0.25   0.03    0.012  1.142  0.654  0.373
   36     59.06  36.77  77.18  14.98   0.20   0.10   -0.037  0.074 -0.312 -0.005
   37      5.44  31.08  49.91  13.81   0.16   0.03   -0.070 -0.029 -0.076 -0.439
   38     46.42  72.48  73.48  16.98   0.24   0.11   -0.048 -0.319  0.157  0.071
   39     13.77   0.70  25.74   4.10   0.11  -0.02   -0.156  0.016 -0.184  0.305
   40     14.42 -41.99  14.00  16.08   0.19   0.04   -0.064  0.076  0.030 -0.196
   41     56.04  34.10  79.22   6.80   0.10   0.03   -0.180 -0.334  0.174  0.516
   42     34.23  -3.72  46.04  17.78   0.08   0.04   -0.034  0.187 -0.081 -0.036
   43     24.69-107.24 -37.95   3.97   0.23   0.02    0.019  1.560  0.442 -0.766
   44     49.38  29.83  50.20   9.31   0.08  -0.01   -0.143 -0.097 -0.099  0.449
   45     41.03-145.31  46.41  20.38   0.19   0.19   -0.112 -0.279  0.294  1.117
   46     34.04 -56.87  -0.55  16.09   0.09   0.06   -0.038  0.207  0.006  0.105
   47      1.01  10.68  80.27  21.34   0.18   0.13   -0.032  0.167  0.036 -0.040
   48     37.15  10.70  81.76  24.08   0.05   0.09   -0.054  0.113  0.115  0.307
   49     35.59  54.14  84.51  22.81   0.08   0.08   -0.060 -0.202 -0.071  0.075
   50     36.07-102.08 -35.90  15.41   0.18   0.14   -0.043  0.237 -0.022  0.041
   51     52.97-100.52 -55.68   8.87   0.44   0.16   -0.096  0.352 -0.310 -0.173
   52     43.17-115.29  44.93  15.22   0.24   0.17   -0.081 -0.097  0.771 -0.095
   53      0.98  10.64  80.85  21.22   0.15   0.14   -0.033  0.156  0.173 -0.101
   54      1.03 -83.89 322.43  15.79   0.29  -0.07   -0.806 -0.100 -0.143  0.063
   55      1.55 -89.59 304.09   0.71   0.07   0.02   -0.664  0.123 -0.056  0.104
   56     44.76  36.20  67.21  14.64   0.27   0.11   -0.072  0.061 -0.205 -0.043
   57     46.70 -84.07 155.86  16.68   0.30   0.25   -0.152  0.114  0.455  0.559
   58     45.38 -78.97 152.13  15.20   0.27   0.26   -0.123  1.019  0.629 -0.243
 ***** depth constrained for event    59
   59      8.23 -80.86   0.47   0.11   0.48   0.16   -0.216  0.477 -0.045 -0.523
   60      3.53-108.42-116.61   1.50   0.38   0.19   -0.055  1.026  1.008 -1.323
   61      0.18-131.91 -54.72   0.98   0.42   0.07   -0.243 -0.783 -0.056  0.272
   62     20.12  19.62 151.73  13.73   0.31   0.21   -0.035  0.170 -0.395 -0.736
   63     18.79 -46.84  29.49  20.16   0.08   0.07   -0.022  0.202 -0.150  0.136
   64      4.06-159.58 188.98   8.57   0.46   0.26   -0.277  1.486  2.407  0.254
   65     23.31 -47.35  20.04  15.80   0.07   0.04   -0.034  0.260 -0.207  0.154
   66     32.85-151.18  45.37  18.29   0.33   0.19   -0.042  0.345  0.904  0.190
   67     41.96 -36.57  -5.34  17.51   0.18   0.09   -0.011  0.268 -0.147 -0.397
   68     13.81  50.75 107.83  21.60   0.27   0.16   -0.219  0.514  0.803  1.384
   69     48.30-214.97-349.14  73.50   0.00   0.00    0.000  0.000  0.000  0.000
   70      5.26  33.68  97.92  19.08   0.17   0.14   -0.117  0.020  0.485 -0.258
   71      4.00   6.24  56.53   1.31   0.57   0.02   -0.090  0.098  0.086  0.010
   72     54.55 132.53-297.60  96.93   0.00   0.05   -0.804 -0.061  0.080 -0.024
   73     12.60  51.32  82.30  25.02   0.19   0.15   -0.100  0.311 -0.023  0.394
   74     36.00-101.85  71.19  23.31   0.22   0.15   -0.055  0.459  0.550  0.385
   75     46.45-109.00   4.43   1.21   0.89   0.17   -0.064 -1.080  0.648  1.096
   76     54.60-217.19 302.17   0.10   0.00   0.00    0.000  0.000  0.000  0.000
   77     43.96  50.81  94.41  16.17   0.13   0.11   -0.085 -0.051  0.278 -0.238
   78     41.61  38.77  65.93  23.11   0.14   0.10   -0.099  0.145  0.015  0.473
   79     58.42 -68.79  -4.48   0.04   0.36   0.07   -0.104  0.496  0.012 -0.068
 ***** depth constrained for event    80
   80     26.47 -69.43  -6.07   0.11   0.30   0.12   -0.114  0.405 -0.070 -0.100
 ***** depth constrained for event    81
   81     26.69 -69.35  -4.75   0.11   0.37   0.13   -0.119  0.438 -0.039 -0.100
 ***** depth constrained for event    82
   82     23.04 -69.11  -4.44   0.11   0.25   0.05   -0.138  0.506  0.025 -0.100
   83     23.11 -69.49  -5.18   7.33   0.07   0.02   -0.025  0.730  0.500  0.072
   84     21.19 -42.47   7.89  20.96   0.04   0.06   -0.015  0.337 -0.310  0.035
   85     24.39-168.28 -44.48  11.26   0.21   0.20   -0.102 -0.261  0.839 -0.033
   86     44.03 -12.03  29.83  17.40   0.08   0.06   -0.038  0.138 -0.187 -0.156
   87     28.64 -60.95   6.50   4.47   0.12   0.03   -0.106  0.291 -0.229  0.756
   88     37.75-103.45 -28.49   7.01   0.36   0.08   -0.128  0.264 -0.109 -0.604
   89     47.55-141.33  90.93  22.25   0.29   0.21   -0.084  0.191  0.441  0.258
   90     48.02-139.03  90.05  22.58   0.22   0.22   -0.119  0.450  0.817  0.740
   91     33.87  33.76  84.92  20.80   0.23   0.12   -0.117  0.117  0.231  0.938

 A V E R A G E   of ADJUSTMENTS :                    -0.112  0.101  0.139  0.040
 A V E R A G E   of ABSOLUTE ADJUSTMENTS :            0.113  0.308  0.296  0.325


 Step length damping of 0.57624 was applied.


 Velocity adjustments:
     vp    dvp      hp   reflector
 Velocity model   1
   4.955  0.042   -5.000      
   5.824 -0.133    1.410      
   5.912 -0.051    6.640      
   6.512 -0.113   13.610      
   6.822  0.012   26.720      
   6.982  0.002   30.690      
   7.139  0.040   31.640      
   7.273 -0.125   36.390      
   7.530 -0.200   44.820      

 Calculation of average velocity starts at layer #           1
 z = -5.00 ...  1.41    v = 4.96    AVEL = 4.96 downto z =   1.41
 z =  1.41 ...  6.64    v = 5.82    AVEL = 5.35 downto z =   6.64
 z =  6.64 ... 13.61    v = 5.91    AVEL = 5.56 downto z =  13.61
 z = 13.61 ... 26.72    v = 6.51    AVEL = 5.95 downto z =  26.72
 z = 26.72 ... 30.69    v = 6.82    AVEL = 6.05 downto z =  30.69
 z = 30.69 ... 31.64    v = 6.98    AVEL = 6.07 downto z =  31.64
 z = 31.64 ... 36.39    v = 7.14    AVEL = 6.20 downto z =  36.39
 z = 36.39 ... 44.82    v = 7.27    AVEL = 6.38 downto z =  44.82


 Calculation of average velocity starts at layer #           2
 z =  1.41 ...  6.64    v = 5.82    AVEL = 5.82 downto z =   6.64
 z =  6.64 ... 13.61    v = 5.91    AVEL = 5.87 downto z =  13.61
 z = 13.61 ... 26.72    v = 6.51    AVEL = 6.20 downto z =  26.72
 z = 26.72 ... 30.69    v = 6.82    AVEL = 6.29 downto z =  30.69
 z = 30.69 ... 31.64    v = 6.98    AVEL = 6.31 downto z =  31.64
 z = 31.64 ... 36.39    v = 7.14    AVEL = 6.42 downto z =  36.39
 z = 36.39 ... 44.82    v = 7.27    AVEL = 6.59 downto z =  44.82



 Adjusted station corrections:
   stn  ptcor  dpcor  
  624   0.000  0.000  628  -0.159 -0.055  630  -0.135 -0.048  627   0.095  0.030
  621   0.045  0.031  629   0.073  0.018  622   0.022  0.020  620  -0.031  0.014
  623   0.202  0.062  626   0.122  0.028  625   0.118  0.034  631   0.123  0.035
  632  -0.254 -0.056

 ~~~ another iteration? ...
 NITT = ITTMAX  --> stop iterations.
 ~~~ final solution reached ...

 ~~~ damp G & Chol.-Decomp.: NOT made (switch iresolcalc is NOT set !)

 Final rms values:  0.19 0.21 0.39 0.30 0.03 0.10 0.16 0.19 0.07 0.97
                    1.24 0.10 0.19 0.08 0.24 0.25 0.06 0.09 0.07 0.13
                    0.37 0.24 0.35 0.39 0.08 0.05 0.20 0.22 0.24 0.40
                    0.21 0.17 0.17 0.05 0.25 0.20 0.16 0.24 0.11 0.19
                    0.10 0.08 0.23 0.08 0.19 0.09 0.18 0.05 0.08 0.18
                    0.44 0.24 0.15 0.29 0.07 0.27 0.30 0.27 0.48 0.38
                    0.42 0.31 0.08 0.46 0.07 0.33 0.18 0.27 0.00 0.17
                    0.57 0.00 0.19 0.22 0.89 0.00 0.13 0.14 0.36 0.30
                    0.37 0.25 0.07 0.04 0.21 0.08 0.12 0.36 0.29 0.22
                    0.23



 ~~~ output final hypocenters ...

      date    origin   latitude longitude  depth  mag  no  rms      x      y      z
   1 160818 1613  8.99 73.0018N 124.8617E  23.73 1.40   6 0.195   38.22 111.79  23.73
   2 160818 1613  9.17 72.9915N 124.8753E  23.29 1.10   6 0.207   37.77 110.63  23.29
   3 160819 0959 26.99 71.9433N 129.7832E   9.51 4.00  12 0.389 -130.73  -6.33   9.51
   4 160820 1506 15.39 71.9493N 129.7946E   7.14 1.50   9 0.300 -131.11  -5.66   7.14
   5 160820 1904 45.55 72.3436N 127.1777E  23.87 1.20   6 0.035  -40.26  38.34  23.87
   6 160822 1318 49.37 72.3618N 127.0589E  17.35 0.60   8 0.100  -36.18  40.37  17.35
   7 160823 0652 13.53 70.9320N 129.7892E   5.89 2.90   6 0.164 -134.48-119.17   5.89
   8 160824 1510 30.26 71.6152N 130.0529E   9.07 1.50   9 0.186 -141.28 -42.94   9.07
   9 160906 1514 39.38 72.5019N 125.6878E  12.79 0.90   6 0.069   10.63  56.00  12.79
  10 160920 1607 17.74 69.2389N 128.4200E  16.24 2.60   2 0.967  -89.65-308.10  16.24
  11 160925 1911  4.75 69.2247N 127.7681E  15.67 2.30   2 1.242  -65.53-309.68  15.67
  12 161004 0841 51.09 72.8491N 124.9631E  15.85 0.20   6 0.104   34.96  94.75  15.85
  13 161005 1619 46.68 72.8860N 125.0136E  19.27 1.00   9 0.189   33.22  98.86  19.27
  14 161006 0156 55.74 72.8662N 124.9959E  13.95 1.00   7 0.079   33.84  96.65  13.95
  15 161009 0036 44.44 72.8826N 124.9939E  18.18 1.30   8 0.236   33.89  98.48  18.18
  16 161009 0036 44.54 72.8757N 124.9939E  18.49 1.20   7 0.253   33.90  97.72  18.49
  17 161012 0800 21.85 72.7414N 126.0385E  19.13 0.80   7 0.065   -1.30  82.73  19.13
  18 161015 1013 36.26 72.0417N 126.9645E  11.35 0.70   7 0.094  -33.24   4.65  11.35
  19 161021 0507 33.10 72.5708N 124.7960E  10.74 0.80   6 0.066   40.90  63.69  10.74
  20 161124 2250 45.83 72.7660N 124.8929E  16.07 3.10   4 0.130   37.41  85.47  16.07
  21 161125 0156 33.97 72.7416N 124.9045E  13.93 0.60   7 0.373   37.04  82.75  13.93
  22 161125 0517 25.70 72.7679N 124.9546E  13.10 1.60   6 0.236   35.33  85.68  13.10
  23 161125 0525 15.70 72.7713N 124.9799E  10.10 0.80   6 0.355   34.47  86.07  10.10
  24 161125 0556  1.47 72.7544N 124.9796E   7.18 0.20   6 0.385   34.49  84.18   7.18
  25 170117 0846 48.62 72.2069N 127.3250E  22.89 0.30   6 0.079  -45.46  23.09  22.89
  26 170122 1614 27.38 71.9621N 128.0123E  11.01 0.90   6 0.049  -69.50  -4.23  11.01
  27 170125 2244  0.09 72.4359N 126.0121E  12.36 0.80   6 0.201   -0.41  48.64  12.36
  28 170302 1359 58.94 72.6824N 124.9074E   8.87 0.50   7 0.224   37.01  76.15   8.87
  29 170302 2335 20.22 71.9038N 130.2872E  15.72 2.10   9 0.238 -148.30 -10.74  15.72
  30 170304 2135  2.89 72.6772N 124.8990E  13.81 1.30   7 0.404   37.30  75.57  13.81
  31 170307 0447 20.89 72.6887N 124.9313E  13.54 1.70  10 0.205   36.19  76.85  13.54
  32 170307 2016 50.67 72.6892N 124.9197E  14.77 1.10   6 0.170   36.59  76.90  14.77
  33 170309 1454  0.77 72.6776N 124.8942E  15.50 0.30   6 0.166   37.46  75.60  15.50
  34 170311 0430 55.38 72.3110N 126.4818E  24.53 0.30   6 0.053  -16.49  34.71  24.53
  35 170312 0416 39.28 71.9330N 128.0066E   4.06 2.10   6 0.248  -69.36  -7.47   4.06
  36 170313 0553 59.06 72.6917N 124.9141E  14.98 1.00   9 0.200   36.77  77.18  14.98
  37 170313 0809  5.44 72.4473N 125.0883E  13.81 1.20   7 0.161   31.08  49.91  13.81
  38 170315 0234 46.42 72.6585N 123.8616E  16.98 1.40   7 0.240   72.48  73.48  16.98
  39 170317 1007 13.77 72.2307N 125.9797E   4.10 0.50   7 0.111    0.70  25.74   4.10
  40 170320 0711 14.42 72.1254N 127.2212E  16.08 0.90   6 0.192  -41.99  14.00  16.08
  41 170320 0853 56.04 72.7099N 124.9926E   6.80 0.40   6 0.099   34.10  79.22   6.80
  42 170320 1900 34.23 72.4126N 126.1090E  17.78 0.60   7 0.083   -3.72  46.04  17.78
  43 170323 0519 24.69 71.6599N 129.0799E   3.97 1.20   6 0.230 -107.24 -37.95   3.97
  44 170323 1612 49.38 72.4499N 125.1250E   9.31 0.50   6 0.080   29.83  50.20   9.31
  45 170323 1906 41.03 72.4159N 130.2590E  20.38 1.00   6 0.187 -145.31  46.41  20.38
  46 170326 0836 34.04 71.9950N 127.6480E  16.09 1.50   7 0.085  -56.87  -0.55  16.09
  47 170402 0422  1.01 72.7194N 125.6843E  21.34 1.20  10 0.181   10.68  80.27  21.34
  48 170402 0636 37.15 72.7327N 125.6835E  24.08 0.70   6 0.048   10.70  81.76  24.08
  49 170404 2347 35.59 72.7574N 124.3984E  22.81 0.50   6 0.077   54.14  84.51  22.81
  50 170405 0307 36.07 71.6783N 128.9333E  15.41 1.00  10 0.175 -102.08 -35.90  15.41
  51 170405 1410 52.97 71.5010N 128.8749E   8.87 1.70  10 0.442 -100.52 -55.68   8.87
  52 170406 0838 43.17 72.4027N 129.3781E  15.22 0.90  10 0.239 -115.29  44.93  15.22
  53 170406 1728  0.98 72.7246N 125.6854E  21.22 0.90  10 0.151   10.64  80.85  21.22
  54 170407 1729  1.03 74.8895N 128.6365E  15.79 1.80   2 0.289  -83.89 322.43  15.79
  55 170407 1729  1.55 74.7253N 128.8022E   0.71 1.60   5 0.072  -89.59 304.09   0.71
  56 170408 1004 44.76 72.6023N 124.9336E  14.64 1.40  13 0.269   36.20  67.21  14.64
  57 170409 0856 46.70 73.3968N 128.5317E  16.68 2.50   6 0.296  -84.07 155.86  16.68
  58 170409 0902 45.38 73.3634N 128.3757E  15.20 1.10   7 0.272  -78.97 152.13  15.20
  59 170410 1520  8.23 72.0042N 128.3439E   0.11 1.00  10 0.480  -80.86   0.47   0.11
  60 170410 1813  3.53 70.9549N 129.0569E   1.50 2.20  13 0.379 -108.42-116.61   1.50
  61 170412 1507  0.18 71.5096N 129.7736E   0.98 0.70   6 0.421 -131.91 -54.72   0.98
  62 170413 0651 20.12 73.3598N 125.4098E  13.73 1.00  10 0.306   19.62 151.73  13.73
  63 170414 0459 18.79 72.2643N 127.3671E  20.16 0.50   7 0.080  -46.84  29.49  20.16
  64 170414 0540  4.06 73.6936N 130.8457E   8.57 1.80  11 0.462 -159.58 188.98   8.57
  65 170414 1656 23.31 72.1796N 127.3790E  15.80 0.20   6 0.072  -47.35  20.04  15.80
  66 170414 1753 32.85 72.4066N 130.4301E  18.29 0.70   6 0.327 -151.18  45.37  18.29
  67 170416 0523 41.96 71.9521N 127.0586E  17.51 1.60  13 0.175  -36.57  -5.34  17.51
  68 170416 1220 13.81 72.9664N 124.4900E  21.60 1.00  11 0.271   50.75 107.83  21.60
 WARNING: Event-# :          69 has zero observations!
  69 170416 1257 48.30 68.8710N 131.7500E  73.50 2.20   0 0.000 -214.97-349.14  73.50
  70 170416 1821  5.26 72.8775N 125.0004E  19.08 1.30  13 0.175   33.68  97.92  19.08
  71 170418 0606  4.00 72.5066N 125.8165E   1.31 0.20   6 0.565    6.24  56.53   1.31
  72 170418 1005 54.55 69.3330N 122.4144E  96.93 2.20   1 0.002  132.53-297.60  96.93
  73 170418 1500 12.60 72.7376N 124.4826E  25.02 1.30  12 0.191   51.32  82.30  25.02
  74 170420 1302 36.00 72.6380N 129.0034E  23.31 0.90  11 0.220 -101.85  71.19  23.31
  75 170420 2248 46.45 72.0397N 129.1626E   1.21 0.70  11 0.889 -109.00   4.43   1.21
 WARNING: Event-# :          76 has zero observations!
  76 170423 0850 54.60 74.7080N 132.7900E   0.10 1.90   0 0.000 -217.19 302.17   0.10
  77 170423 1455 43.96 72.8461N 124.4931E  16.17 0.60   8 0.130   50.81  94.41  16.17
  78 170423 2313 41.61 72.5909N 124.8583E  23.11 1.30  12 0.138   38.77  65.93  23.11
  79 170424 0609 58.42 71.9599N 127.9916E   0.04 1.10  12 0.362  -68.79  -4.48   0.04
  80 170424 0755 26.47 71.9456N 128.0093E   0.11 1.00  12 0.303  -69.43  -6.07   0.11
  81 170424 0755 26.69 71.9574N 128.0076E   0.11 1.00  12 0.371  -69.35  -4.75   0.11
  82 170425 0652 23.04 71.9602N 128.0008E   0.11 1.20   9 0.253  -69.11  -4.44   0.11
  83 170426 0051 23.11 71.9536N 128.0114E   7.33 0.70   6 0.071  -69.49  -5.18   7.33
  84 170426 1425 21.19 72.0707N 127.2333E  20.96 0.10   6 0.041  -42.47   7.89  20.96
  85 170426 1834 24.39 71.6013N 130.8255E  11.26 1.20   8 0.214 -168.28 -44.48  11.26
  86 170426 1840 44.03 72.2673N 126.3511E  17.40 1.30   8 0.082  -12.03  29.83  17.40
  87 170427 0912 28.64 72.0583N 127.7693E   4.47 0.90   8 0.122  -60.95   6.50   4.47
  88 170427 1041 37.75 71.7447N 128.9778E   7.01 0.70   7 0.360 -103.45 -28.49   7.01
  89 170427 2010 47.55 72.8149N 130.1879E  22.25 1.30   8 0.286 -141.33  90.93  22.25
  90 170427 2010 48.02 72.8070N 130.1189E  22.58 1.30   8 0.223 -139.03  90.05  22.58
  91 170427 2342 33.87 72.7611N 125.0012E  20.80 0.80   6 0.233   33.76  84.92  20.80

 ~~~ output final station residuals ...
 TURBO-option is set; residuals are NOT printed for each event!



   station statistics, remember nsp was set to: 1


 sta phase nobs avres  avwres    std    wsum    delay

 624    P  74  0.0773  0.0773  0.1847  74.0000  0.0000
 628    P  69  0.0610  0.0610  0.2726  69.0000 -0.1586
 630    P  53  0.0872  0.0872  0.2834  53.0000 -0.1350
 627    P  46  0.1034  0.1034  0.2424  46.0000  0.0946
 621    P  59  0.1383  0.1383  0.1909  59.0000  0.0452
 629    P  43  0.1201  0.1201  0.3026  43.0000  0.0735
 622    P  58  0.0862  0.0862  0.1823  58.0000  0.0220
 620    P  48  0.0702  0.0702  0.3137  48.0000 -0.0309
 623    P  55  0.1194  0.1194  0.2923  55.0000  0.2017
 626    P  52  0.1710  0.1710  0.3951  52.0000  0.1218
 625    P  49  0.1192  0.1192  0.2748  49.0000  0.1181
 631    P  49  0.2081  0.2081  0.2645  49.0000  0.1230
 632    P  24  0.0986  0.0986  0.2900  24.0000 -0.2544


 ~~~ output statistics ...




 RAY-STATISTICS FOR  L A S T  ITERATION
 --------------------------------------

 NHYP : nr of hypocenters in this layer
 NREF : nr of headwaves in this layer
 %len : % of "refracted km" in this layer 
        with respect to all refracted kilometers
 NHIT : nr of rays passed thru this layer
 xy-km: average horizontal ray length [km] in layer
 z-km : average  vertical  ray length [km] in layer
 RFLX : number of reflections at bottom of this layer

 nlay   top ..... bottom     velocity   NHYP NREF %len  NHIT xy-km  z-km  RFLX

   1    -5.00...  1.41 km    4.96 km/s   10    0   0.0   761   1.6   1.4     0
   2     1.41...  6.64 km    5.82 km/s    6   56  17.0   723  14.6   4.7     0
   3     6.64... 13.61 km    5.91 km/s   20    1   0.2   729  12.7   6.3     0
   4    13.61... 26.72 km    6.51 km/s   53  103  45.7   624  45.8   5.8     0
   5    26.72... 30.69 km    6.82 km/s    0    3   0.7   178  12.4   3.9     0
   6    30.69... 31.64 km    6.98 km/s    0    0   0.0   175   3.9   0.9     0
   7    31.64... 36.39 km    7.14 km/s    0   56  21.2   119  42.3   2.5     0
   8    36.39... 44.82 km    7.27 km/s    0   23  10.5    40  58.7   3.6     0
   9    44.82...       km    7.53 km/s    2    8   4.7     0   0.0   0.0

 Total nr of events was   91

 Total nr of refracted rays =   250
 Total nr of reflected rays =     0
 Total nr of   other   rays =   429
                              ------
 Total nr of    all    rays =   679

 Average (absolute) error of the raytracers:
  Straight and direct rays :    6.14 meters
  Refracted           rays :    0.01 meters
  Reflected           rays :    0.00 meters


 ALL RAYS TOGETHER:
 Average horizontal ray length =   89.8 km   (Hypocenter --> Station) 
 Average  vertical  ray length =   17.0 km   (Deepest ray-point --> Station)



 ... and some more STATISTICS 
 ---------------------------- 
  GAP of final epicenters:

  Event# -> GAP  Event# -> GAP  Event# -> GAP  Event# -> GAP  Event# -> GAP
       1 -> 295       2 -> 294       3 -> 270       4 -> 274       5 -> 307
       6 ->  98       7 -> 320       8 -> 306       9 -> 167      10 -> 347
      11 -> 346      12 -> 259      13 -> 264      14 -> 261      15 -> 265
      16 -> 266      17 -> 254      18 -> 239      19 -> 159      20 -> 302
      21 -> 233      22 -> 239      23 -> 240      24 -> 235      25 -> 129
      26 -> 103      27 -> 151      28 -> 211      29 -> 305      30 -> 209
      31 -> 214      32 -> 214      33 -> 210      34 -> 132      35 -> 232
      36 -> 215      37 -> 132      38 -> 312      39 -> 118      40 -> 210
      41 -> 220      42 -> 121      43 -> 211      44 -> 134      45 -> 309
      46 -> 127      47 -> 224      48 -> 226      49 -> 286      50 -> 194
      51 -> 290      52 -> 270      53 -> 225      54 -> 354      55 -> 347
      56 -> 179      57 -> 310      58 -> 317      59 -> 156      60 -> 308
      61 -> 302      62 -> 306      63 -> 148      64 -> 322      65 -> 127
      66 -> 292      67 ->  86      68 -> 296      69 -> 171      70 -> 264
      71 -> 173      72 ->   0      73 -> 265      74 -> 299      75 -> 242
      76 ->  60      77 -> 284      78 -> 171      79 -> 161      80 -> 167
      81 -> 164      82 -> 163      83 -> 227      84 -> 118      85 -> 315
      86 ->  94      87 -> 113      88 -> 270      89 -> 317      90 -> 317
      91 -> 294

 GAPs were between   0 and 354
      (average GAP was 227)



  MAGNITUDES of INPUT-DATA:

 Magnitude (# of events)   ***average number of obs***

 MAG<= 1.0 ( 47) *******
 MAG = 1.1 (  4) ********
 MAG = 1.2 (  7) ********
 MAG = 1.3 (  8) *********1
 MAG = 1.4 (  3) *********
 MAG = 1.5 (  3) ********
 MAG = 1.6 (  3) ********
 MAG = 1.7 (  2) *********1
 MAG = 1.8 (  2) *******
 MAG = 1.9 (  1)  
 MAG = 2.0 (  0)  
 MAG = 2.1 (  2) ********
 MAG = 2.2 (  3) *****
 MAG = 2.3 (  1) **
 MAG = 2.4 (  0)  
 MAG = 2.5 (  1) ******
 MAG = 2.6 (  1) **
 MAG = 2.7 (  0)  
 MAG = 2.8 (  0)  
 MAG = 2.9 (  1) ******
 MAG = 3.0 (  0)  
 MAG = 3.1 (  1) ****
 MAG = 3.2 (  0)  
 MAG = 3.3 (  0)  
 MAG = 3.4 (  0)  
 MAG = 3.5 (  0)  
 MAG = 3.6 (  0)  
 MAG = 3.7 (  0)  
 MAG = 3.8 (  0)  
 MAG = 3.9 (  0)  
 MAG = 4.0 (  1) *********1**
 MAG = 4.1 (  0)  
 MAG = 4.2 (  0)  
 MAG = 4.3 (  0)  
 MAG = 4.4 (  0)  
 MAG = 4.5 (  0)  
 MAG = 4.6 (  0)  
 MAG = 4.7 (  0)  
 MAG = 4.8 (  0)  
 MAG = 4.9 (  0)  
 MAG = 5.0 (  0)  
 MAG = 5.1 (  0)  
 MAG = 5.2 (  0)  
 MAG = 5.3 (  0)  
 MAG = 5.4 (  0)  
 MAG = 5.5 (  0)  
 MAG = 5.6 (  0)  
 MAG = 5.7 (  0)  
 MAG = 5.8 (  0)  
 MAG = 5.9 (  0)  
 MAG>= 6.0 (  0)  





  DEPTHs of INPUT-DATA and of LAST ITERATION:
  ===========================================

       Depth       # of events  

 DEPTH ( input ) =  -4. km :   
 DEPTH (last_IT) =  -4. km :   
 DEPTH ( input ) =  -3. km :   
 DEPTH (last_IT) =  -3. km :   
 DEPTH ( input ) =  -2. km :   
 DEPTH (last_IT) =  -2. km :   
 DEPTH ( input ) =  -1. km :   
 DEPTH (last_IT) =  -1. km :   
 DEPTH ( input ) =   0. km :  ........
 DEPTH (last_IT) =   0. km :  ******
 DEPTH ( input ) =   1. km :  .
 DEPTH (last_IT) =   1. km :  *****
 DEPTH ( input ) =   2. km :   
 DEPTH (last_IT) =   2. km :   
 DEPTH ( input ) =   3. km :  ...
 DEPTH (last_IT) =   3. km :   
 DEPTH ( input ) =   4. km :  ..
 DEPTH (last_IT) =   4. km :  ****
 DEPTH ( input ) =   5. km :  ..
 DEPTH (last_IT) =   5. km :   
 DEPTH ( input ) =   6. km :  ..
 DEPTH (last_IT) =   6. km :  *
 DEPTH ( input ) =   7. km :  .
 DEPTH (last_IT) =   7. km :  *****
 DEPTH ( input ) =   8. km :  ...
 DEPTH (last_IT) =   8. km :   
 DEPTH ( input ) =   9. km :  ..
 DEPTH (last_IT) =   9. km :  *****
 DEPTH ( input ) =  10. km :  ..
 DEPTH (last_IT) =  10. km :  **
 DEPTH ( input ) =  11. km :  ...
 DEPTH (last_IT) =  11. km :  ****
 DEPTH ( input ) =  12. km :  ....
 DEPTH (last_IT) =  12. km :  *
 DEPTH ( input ) =  13. km :  ..
 DEPTH (last_IT) =  13. km :  **
 DEPTH ( input ) =  14. km :  ...
 DEPTH (last_IT) =  14. km :  ******
 DEPTH ( input ) =  15. km :  ........
 DEPTH (last_IT) =  15. km :  ******
 DEPTH ( input ) =  16. km :  .........1.
 DEPTH (last_IT) =  16. km :  *********1*
 DEPTH ( input ) =  17. km :  .....
 DEPTH (last_IT) =  17. km :  ****
 DEPTH ( input ) =  18. km :  ....
 DEPTH (last_IT) =  18. km :  *****
 DEPTH ( input ) =  19. km :  .....
 DEPTH (last_IT) =  19. km :  ***
 DEPTH ( input ) =  20. km :  .....
 DEPTH (last_IT) =  20. km :  **
 DEPTH ( input ) =  21. km :  ..
 DEPTH (last_IT) =  21. km :  ****
 DEPTH ( input ) =  22. km :  ....
 DEPTH (last_IT) =  22. km :  **
 DEPTH ( input ) =  23. km :  ....
 DEPTH (last_IT) =  23. km :  ******
 DEPTH ( input ) =  24. km :  ..
 DEPTH (last_IT) =  24. km :  ***
 DEPTH ( input ) =  25. km :  .
 DEPTH (last_IT) =  25. km :  **
 DEPTH ( input ) =  26. km :   
 DEPTH (last_IT) =  26. km :   
 DEPTH ( input ) =  27. km :   
 DEPTH (last_IT) =  27. km :   
 DEPTH ( input ) =  28. km :   
 DEPTH (last_IT) =  28. km :   
 DEPTH ( input ) =  29. km :   
 DEPTH (last_IT) =  29. km :   
 DEPTH ( input ) =  30. km :   
 DEPTH (last_IT) =  30. km :   
 DEPTH ( input ) =  31. km :   
 DEPTH (last_IT) =  31. km :   
 DEPTH ( input ) =  32. km :   
 DEPTH (last_IT) =  32. km :   
 DEPTH ( input ) =  33. km :   
 DEPTH (last_IT) =  33. km :   
 DEPTH ( input ) =  34. km :   
 DEPTH (last_IT) =  34. km :   
 DEPTH ( input ) =  35. km :   
 DEPTH (last_IT) =  35. km :   
 DEPTH ( input ) =  36. km :   
 DEPTH (last_IT) =  36. km :   
 DEPTH ( input ) =  37. km :   
 DEPTH (last_IT) =  37. km :   
 DEPTH ( input ) =  38. km :   
 DEPTH (last_IT) =  38. km :   
 DEPTH ( input ) =  39. km :   
 DEPTH (last_IT) =  39. km :   
 DEPTH ( input ) =  40. km :   
 DEPTH (last_IT) =  40. km :   
 DEPTH ( input ) =  41. km :   
 DEPTH (last_IT) =  41. km :   
 DEPTH ( input ) =  42. km :   
 DEPTH (last_IT) =  42. km :   
 DEPTH ( input ) =  43. km :   
 DEPTH (last_IT) =  43. km :   
 DEPTH ( input ) =  44. km :   
 DEPTH (last_IT) =  44. km :   
 DEPTH ( input ) =  45. km :   
 DEPTH (last_IT) =  45. km :   
 DEPTH ( input ) =  46. km :   
 DEPTH (last_IT) =  46. km :   
 DEPTH ( input ) =  47. km :   
 DEPTH (last_IT) =  47. km :   
 DEPTH ( input ) =  48. km :   
 DEPTH (last_IT) =  48. km :   
 DEPTH ( input ) =  49. km :   
 DEPTH (last_IT) =  49. km :   
 DEPTH ( input ) =  50. km :   
 DEPTH (last_IT) =  50. km :   
 DEPTH ( input ) =  51. km :   
 DEPTH (last_IT) =  51. km :   
 DEPTH ( input ) =  52. km :   
 DEPTH (last_IT) =  52. km :   
 DEPTH ( input ) =  53. km :   
 DEPTH (last_IT) =  53. km :   
 DEPTH ( input ) =  54. km :   
 DEPTH (last_IT) =  54. km :   
 DEPTH ( input ) =  55. km :   
 DEPTH (last_IT) =  55. km :   
 DEPTH ( input ) =  56. km :   
 DEPTH (last_IT) =  56. km :   
 DEPTH ( input ) =  57. km :   
 DEPTH (last_IT) =  57. km :   
 DEPTH ( input ) =  58. km :   
 DEPTH (last_IT) =  58. km :   
 DEPTH ( input ) =  59. km :   
 DEPTH (last_IT) =  59. km :   
 DEPTH ( input ) =  60. km :   
 DEPTH (last_IT) =  60. km :   
 DEPTH ( input ) =  61. km :   
 DEPTH (last_IT) =  61. km :   
 DEPTH ( input ) =  62. km :   
 DEPTH (last_IT) =  62. km :   
 DEPTH ( input ) =  63. km :   
 DEPTH (last_IT) =  63. km :   
 DEPTH ( input ) =  64. km :   
 DEPTH (last_IT) =  64. km :   
 DEPTH ( input ) =  65. km :   
 DEPTH (last_IT) =  65. km :   
 DEPTH ( input ) =  66. km :   
 DEPTH (last_IT) =  66. km :   
 DEPTH ( input ) =  67. km :   
 DEPTH (last_IT) =  67. km :   
 DEPTH ( input ) =  68. km :   
 DEPTH (last_IT) =  68. km :   
 DEPTH ( input ) =  69. km :   
 DEPTH (last_IT) =  69. km :   
 DEPTH ( input ) =  70. km :   
 DEPTH (last_IT) =  70. km :   
 DEPTH ( input ) =  71. km :   
 DEPTH (last_IT) =  71. km :   
 DEPTH ( input ) =  72. km :   
 DEPTH (last_IT) =  72. km :   
 DEPTH ( input ) =  73. km :   
 DEPTH (last_IT) =  73. km :   
 DEPTH ( input ) =  74. km :  .
 DEPTH (last_IT) =  74. km :  *
 DEPTH ( input ) =  75. km :   
 DEPTH (last_IT) =  75. km :   
 DEPTH ( input ) =  76. km :   
 DEPTH (last_IT) =  76. km :   
 DEPTH ( input ) =  77. km :   
 DEPTH (last_IT) =  77. km :   
 DEPTH ( input ) =  78. km :   
 DEPTH (last_IT) =  78. km :   
 DEPTH ( input ) =  79. km :   
 DEPTH (last_IT) =  79. km :   
 DEPTH ( input ) =  80. km :   
 DEPTH (last_IT) =  80. km :   
 DEPTH ( input ) =  81. km :   
 DEPTH (last_IT) =  81. km :   
 DEPTH ( input ) =  82. km :   
 DEPTH (last_IT) =  82. km :   
 DEPTH ( input ) =  83. km :   
 DEPTH (last_IT) =  83. km :   
 DEPTH ( input ) =  84. km :   
 DEPTH (last_IT) =  84. km :   
 DEPTH ( input ) =  85. km :   
 DEPTH (last_IT) =  85. km :   
 DEPTH ( input ) =  86. km :   
 DEPTH (last_IT) =  86. km :   
 DEPTH ( input ) =  87. km :   
 DEPTH (last_IT) =  87. km :   
 DEPTH ( input ) =  88. km :   
 DEPTH (last_IT) =  88. km :   
 DEPTH ( input ) =  89. km :   
 DEPTH (last_IT) =  89. km :   
 DEPTH ( input ) =  90. km :   
 DEPTH (last_IT) =  90. km :   
 DEPTH ( input ) =  91. km :   
 DEPTH (last_IT) =  91. km :   
 DEPTH ( input ) =  92. km :   
 DEPTH (last_IT) =  92. km :   
 DEPTH ( input ) =  93. km :   
 DEPTH (last_IT) =  93. km :   
 DEPTH ( input ) =  94. km :   
 DEPTH (last_IT) =  94. km :   
 DEPTH ( input ) =  95. km :   
 DEPTH (last_IT) =  95. km :   
 DEPTH ( input ) =  96. km :   
 DEPTH (last_IT) =  96. km :   
 DEPTH ( input ) =  97. km :  .
 DEPTH (last_IT) =  97. km :  *
 DEPTH ( input ) =  98. km :   
 DEPTH (last_IT) =  98. km :   
 DEPTH ( input ) =  99. km :   
 DEPTH (last_IT) =  99. km :   
 DEPTH ( input ) = 100. km :   
 DEPTH (last_IT) = 100. km :   
 DEPTH ( input ) > 100. km :   
 DEPTH (last_IT) > 100. km :   


 Residuals of the stations according to the azimuth:
 (RES  = total average residual at station)
 (RES1 = average residual of rays from 1st quadrant)
 (RES2 = average residual of rays from 2nd quadrant)
 (RES3 = average residual of rays from 3rd quadrant)
 (RES4 = average residual of rays from 4th quadrant)

 Stn#  Stn     RES          RES1         RES2         RES3         RES4
   1   624     0.08(  74)   0.11(  33)   0.08(   5)   0.07(  29)  -0.02(   7)
   2   628     0.06(  69)  -0.01(  32)  -0.03(   5)   0.05(  23)   0.39(   9)
   3   630     0.09(  53)   0.11(  25)   0.05(  11)  -0.05(  10)   0.26(   7)
   4   627     0.10(  46)   0.18(  12)   0.04(   1)   0.00(  21)   0.21(  12)
   5   621     0.14(  59)   0.20(   7)   0.00(   0)   0.24(  18)   0.07(  34)
   6   629     0.12(  43)   0.24(  15)   0.00(   0)  -0.10(   7)   0.11(  21)
   7   622     0.09(  58)   0.02(  27)   0.00(   0)   0.18(  20)   0.09(  11)
   8   620     0.07(  48)   0.03(   1)   0.00(   0)   0.24(  18)  -0.03(  29)
   9   623     0.12(  55)   0.06(  30)   0.00(   0)   0.32(  17)  -0.07(   8)
  10   626     0.17(  52)   0.15(  24)   0.00(   0)   0.16(   5)   0.19(  23)
  11   625     0.12(  49)   0.17(  14)   0.00(   0)   0.06(  23)   0.17(  12)
  12   631     0.21(  49)   0.20(  18)   0.05(   1)   0.53(   4)   0.17(  26)
  13   632     0.10(  24)   0.25(  12)  -0.54(   2)   0.08(   3)   0.03(   7)



 CPU - statistics:

 TOTAL CPU-sec          =    0.3     (CPU-minutes:  0.005)

 >>>   End of program VELEST at 25-06-02 16:12       <<< [ CPU-sec :     0.3]
