 >>> Start of program VELEST at 25-06-02 16:09       <<<                        

 ::::::::::::::::::::::::::::::::::::::                                         
  V E L E S T  - Version : January 3, 1995                                      
  (Authors: see source code)                                                    
 ::::::::::::::::::::::::::::::::::::::                                         


 Title of this VELEST run:

 vinnik_2
 --------


 Current array-dimensions of program VELEST:

 Max. number of EARTHQUAKES for simult. inversion IEQ = ***
 Max. number of SHOTS for simult. inversion    INSHOT =  50
 Max. number of (different) 1D-MODELS      ITOTMODELS =   2
 Max. number of LAYERS per one 1D-model        INLTOT = 100
 Max. number of STATIONS in stationlist           IST = 650
 Max. number of OBSERVATIONS per event MAXOBSPEREVENT = 180






    INPUT - P A R A M E T E R S :



***
***  olat       olon   icoordsystem      zshift   itrial ztrial    ised
  72.000000-126.000000      0            0.000       0     0.00      0
***
*** neqs   nshot    rotate
     91      0      0.0
***
*** isingle   iresolcalc
       0          0
***
*** dmax    itopo    zmin     veladj    zadj   lowveloclay
   300.00     0      0.01       0.20    5.00       0
***
*** nsp    swtfac   vpvs       nmod
     1      1.00    1.730        1
***
***   othet   xythet    zthet    vthet   stathet
       0.01     0.01     0.01     1.00     0.01
***
*** nsinv   nshcor   nshfix     iuseelev    iusestacorr
       1       0       0           1            1
***
*** iturbo    icnvout   istaout   ismpout
       1         1         1         0
***
*** irayout   idrvout   ialeout   idspout   irflout   irfrout   iresout
       0         0         0         0         0         0         0
***
*** delmin   ittmax   invertratio
    0.010       3          1
***
*** Modelfile:
tmp/vinnik_2/synthvel/model_29.mod
***
*** Stationfile:
./velinp/station.sta
***
*** Seismofile:
 
***
*** File with region names:
 
***
*** File with region coordinates:
 
***
*** File #1 with topo data:
 
***
*** File #2 with topo data:
 
***
*** DATA INPUT files:
***
*** File with Earthquake data:
./velinp/data.cnv
***
*** File with Shot data:
 
***
*** OUTPUT files:
***
*** Main print output file:
./velout/vinnik_2/velest29.out
***
*** File with single event locations:
velout.vel
***
*** File with final hypocenters in *.cnv format:
./velout/vinnik_2/final_loc29.cnv
***
*** File with new station corrections:
./velout/vinnik_2/stations_corr29.sta
***
*** File with summary cards (e.g. for plotting):
velout.smp
***
*** File with raypoints:
velout.ray
***
*** File with derivatives:
velout.drv
***
*** File with ALEs:
velout.ale
***
*** File with Dirichlet spreads:
velout.dspr
***
*** File with reflection points:
velout.rfl
***
*** File with refraction points:
velout.rfr
***
*** File with residuals:
velout.res
***




 Origin of cartesian coordinates:
        72.00000N   126.00000E

  X,Y-AXES rotated clockwise from North
           Rotation angle (rotate):
            rotate=    0.0 degr.

 icoordsystem =            0
 normal SHORT DISTANCE CONVERSION will be made
 x is positive towards west, y is positive towards north


 SHORT DISTANCE CONVERSION on ELLIPSOIDE of WORLD GEODETIC SYSTEM 1972 (WGS72)
 =============================================================================

 Radius at equator (REARTH)= 6378.13500  km
   1. / (ellipticity)      =    298.260

 Origin of cartesian coordinates [degrees]:
   72.0000000 N     -126.0000000 W

  Rotation angle (in degr.) clockwise from
North  rotate=    0.0

 Radius of sphere at OLAT =   6358.817 km

 Conversion of GEOGRAPHICAL LATITUDE to GEOCENTRICAL LATITUDE:
 RLATC = TAN(GEOCENTR.LAT) / TAN(GEOGRAPH.LAT)
 RLATC =   0.99333486

          Short distance conversions:
          one min lat ~  1.8597 km 
          one min lon ~  0.5751 km 







    INPUT - M O D E L :



 Model(s) read from file :
 tmp/vinnik_2/synthvel/model_29.mod                                              

 model file title: 
Model: model_29.mod                     
 Velocity structure for model   1 :

 layer    vel   depth   vdamp  reflector
   1      5.34  -5.00    1.00         P-VELOCITY MODEL                  
   2      5.83   4.67    1.00  
   3      6.42   9.50    1.00  
   4      7.01  13.27    1.00  
   5      7.39  28.88    1.00  
   6      7.50  31.37    1.00  
   7      7.96  32.26    1.00  
   8      8.70  39.08    1.00  
   9      9.41  48.52    1.00  

 Calculation of average velocity starts at layer #            1
 z = -5.00 ...  4.67    v = 5.34    AVEL = 5.34 downto z =   4.67
 z =  4.67 ...  9.50    v = 5.83    AVEL = 5.50 downto z =   9.50
 z =  9.50 ... 13.27    v = 6.42    AVEL = 5.69 downto z =  13.27
 z = 13.27 ... 28.88    v = 7.01    AVEL = 6.30 downto z =  28.88
 z = 28.88 ... 31.37    v = 7.39    AVEL = 6.37 downto z =  31.37
 z = 31.37 ... 32.26    v = 7.50    AVEL = 6.40 downto z =  32.26
 z = 32.26 ... 39.08    v = 7.96    AVEL = 6.64 downto z =  39.08
 z = 39.08 ... 48.52    v = 8.70    AVEL = 7.01 downto z =  48.52


 Calculation of average velocity starts at layer #            2
 z =  4.67 ...  9.50    v = 5.83    AVEL = 5.83 downto z =   9.50
 z =  9.50 ... 13.27    v = 6.42    AVEL = 6.09 downto z =  13.27
 z = 13.27 ... 28.88    v = 7.01    AVEL = 6.68 downto z =  28.88
 z = 28.88 ... 31.37    v = 7.39    AVEL = 6.75 downto z =  31.37
 z = 31.37 ... 32.26    v = 7.50    AVEL = 6.77 downto z =  32.26
 z = 32.26 ... 39.08    v = 7.96    AVEL = 7.01 downto z =  39.08
 z = 39.08 ... 48.52    v = 8.70    AVEL = 7.37 downto z =  48.52






    INPUT - S T A T I O N S :



 Station-parameters read from file :
 ./velinp/station.sta                                                            


     stn latitude longitude elev   x      y      z     ptcor stcor model icc
   1 624 72.4760N126.2750E     0  -9.37  53.11  -0.00   0.00  0.00   1  13
   2 628 72.4000N127.1470E     0 -39.15  44.63  -0.00   0.00  0.00   1  12
   3 630 72.0750N128.3250E     0 -80.06   8.37  -0.00   0.00  0.00   1  11
   4 627 72.1170N126.9820E     0 -33.78  13.06  -0.00   0.00  0.00   1  10
   5 621 72.1840N124.8890E     0  38.14  20.53  -0.00   0.00  0.00   1   9
   6 629 71.9290N127.3130E     0 -45.39  -7.92  -0.00   0.00  0.00   1   8
   7 622 72.4420N125.3130E     0  23.42  49.32  -0.00   0.00  0.00   1   7
   8 620 72.6540N124.3470E     0  56.03  72.98  -0.00   0.00  0.00   1   6
   9 623 72.3260N125.7600E     0   8.21  36.38  -0.00   0.00  0.00   1   5
  10 626 71.8880N126.0360E     0  -1.25 -12.50  -0.00   0.00  0.00   1   4
  11 625 72.1740N126.1070E     0  -3.67  19.42  -0.00   0.00  0.00   1   3
  12 631 71.3990N127.2470E     0 -43.72 -67.06  -0.00   0.00  0.00   1   2
  13 632 71.5740N129.0728E     0-107.23 -47.53  -0.00   0.00  0.00   1   1

 NO Seismo-parameter-file specified
 --> NO magnitudes calculated!




   neqs=   91  nshot=    0  nltot=    9

 ~~~ input parameters read.
 ~~~ set units for first iteration ...
 ~~~ determine number of unknowns ...

 Number of unknowns (for array-indexing):  nvar =  385
 Number of effective unknowns        :  nvareff =  373
 Number of elements on/below main diagonal of matrix G = At*A : kvar =   74305

 ~~~ reset G and RHT ...
 ~~~ input data, raytracing, setup G ...






    I N P U T - D A T A  

  eq    origin-time    latitude longitude depth    x      y      z    mag ifxOBS
   1 160818 1613  9.10 73.0030N 124.8500E  23.10  38.61 111.92  23.10 1.40 0   6
   2 160818 1613  9.30 72.9910N 124.8700E  22.80  37.95 110.58  22.80 1.10 0   6
   3 160819 0959 27.30 71.9230N 129.7600E  12.10-130.00  -8.59  12.10 4.00 0  12
   4 160820 1506 15.70 71.9380N 129.7900E  11.00-130.98  -6.92  11.00 1.50 0   9
   5 160820 1904 45.70 72.3480N 127.1800E  23.80 -40.33  38.83  23.80 1.20 0   6
   6 160822 1318 49.50 72.3650N 127.0800E  16.50 -36.90  40.73  16.50 0.60 0   8
   7 160823 0652 14.00 70.9330N 129.8100E   6.40-135.21-119.06   6.40 2.90 0   6
   8 160824 1510 30.40 71.6070N 130.0400E   8.60-140.86 -43.85   8.60 1.50 0   9
   9 160906 1514 39.70 72.5080N 125.6800E  12.10  10.89  56.68  12.10 0.90 0   6
 WARNING:
 epicentral distance: 303.3 > dmax ( 300.0) ==> skipping phase !
 WARNING:
 epicentral distance: 338.2 > dmax ( 300.0) ==> skipping phase !
  10 160920 1607 18.30 69.2370N 128.3500E  16.20 -87.07-308.31  16.20 2.60 0   2
 WARNING:
 epicentral distance: 318.5 > dmax ( 300.0) ==> skipping phase !
 WARNING:
 epicentral distance: 355.0 > dmax ( 300.0) ==> skipping phase !
  11 160925 1911  5.60 69.2250N 127.6800E  15.60 -62.26-309.64  15.60 2.30 0   2
  12 161004 0841 51.20 72.8480N 124.9600E  15.60  35.07  94.62  15.60 0.20 0   6
  13 161005 1619 46.90 72.8770N 125.0100E  19.00  33.35  97.86  19.00 1.00 0   9
  14 161006 0156 55.90 72.8740N 125.0100E  13.90  33.36  97.52  13.90 1.00 0   7
  15 161009 0036 44.70 72.8720N 124.9900E  17.20  34.03  97.30  17.20 1.30 0   8
  16 161009 0036 44.90 72.8580N 124.9600E  18.60  35.06  95.74  18.60 1.20 0   7
  17 161012 0800 22.10 72.7380N 126.0300E  18.50  -1.01  82.35  18.50 0.80 0   7
  18 161015 1013 36.50 72.0400N 126.9900E  11.20 -34.12   4.46  11.20 0.70 0   7
  19 161021 0507 33.30 72.5750N 124.7800E  10.10  41.44  64.16  10.10 0.80 0   6
  20 161124 2250 46.00 72.7630N 124.8800E  16.20  37.85  85.14  16.20 3.10 0   4
  21 161125 0156 34.10 72.7420N 124.9200E  14.50  36.52  82.80  14.50 0.60 0   7
  22 161125 0517 25.90 72.7650N 124.9400E  13.50  35.82  85.36  13.50 1.60 0   6
  23 161125 0525 15.90 72.7740N 124.9500E  11.60  35.48  86.37  11.60 0.80 0   6
  24 161125 0556  2.00 72.7350N 124.9700E   5.70  34.84  82.01   5.70 0.20 0   6
  25 170117 0846 48.60 72.2130N 127.3400E  22.00 -45.97  23.77  22.00 0.30 0   6
  26 170122 1614 27.60 71.9670N 128.0400E  10.30 -70.45  -3.68  10.30 0.90 0   6
  27 170125 2244  0.20 72.4440N 126.0200E  13.10  -0.68  49.54  13.10 0.80 0   6
  28 170302 1359 59.10 72.6830N 124.8900E  11.50  37.60  76.21  11.50 0.50 0   7
  29 170302 2335 20.20 71.8850N 130.3000E  14.80-148.82 -12.83  14.80 2.10 0   9
  30 170304 2135  2.90 72.6880N 124.9400E  13.40  35.90  76.77  13.40 1.30 0   7
  31 170307 0447 21.00 72.6940N 124.9200E  14.20  36.57  77.44  14.20 1.70 0  10
  32 170307 2016 50.80 72.6910N 124.9100E  15.30  36.91  77.10  15.30 1.10 0   6
  33 170309 1454  0.80 72.6830N 124.9000E  15.60  37.26  76.21  15.60 0.30 0   6
  34 170311 0430 55.40 72.3130N 126.5000E  24.50 -17.11  34.93  24.50 0.30 0   6
  35 170312 0416 39.20 71.9240N 128.0800E   3.40 -71.91  -8.48   3.40 2.10 0   6
  36 170313 0553 59.10 72.6980N 124.9200E  15.10  36.57  77.89  15.10 1.00 0   9
  37 170313 0809  5.60 72.4500N 125.0800E  14.90  31.36  50.21  14.90 1.20 0   7
  38 170315 0234 46.50 72.6540N 123.8400E  16.90  73.22  72.98  16.90 1.40 0   7
  39 170317 1007 14.10 72.2350N 125.9800E   3.90   0.69  26.22   3.90 0.50 0   7
  40 170320 0711 14.60 72.1250N 127.2200E  16.80 -41.95  13.95  16.80 0.90 0   6
  41 170320 0853 56.40 72.7090N 124.9700E   5.10  34.86  79.11   5.10 0.40 0   6
  42 170320 1900 34.30 72.4150N 126.1200E  18.00  -4.09  46.31  18.00 0.60 0   7
  43 170323 0519 24.60 71.6470N 129.1800E   5.20-110.76 -39.39   5.20 1.20 0   6
  44 170323 1612 49.70 72.4530N 125.1100E   8.30  30.33  50.55   8.30 0.50 0   6
  45 170323 1906 41.20 72.4070N 130.2500E  18.30-145.04  45.41  18.30 1.00 0   6
  46 170326 0836 34.10 71.9930N 127.6700E  16.10 -57.63  -0.78  16.10 1.50 0   7
  47 170402 0422  1.00 72.7220N 125.6900E  21.90  10.49  80.56  21.90 1.20 0  10
  48 170402 0636 37.20 72.7310N 125.6900E  23.50  10.49  81.57  23.50 0.70 0   6
  49 170404 2347 35.70 72.7580N 124.3800E  22.60  54.76  84.58  22.60 0.50 0   6
  50 170405 0307 36.10 71.6810N 128.9500E  15.30-102.66 -35.60  15.30 1.00 0  10
  51 170405 1410 53.20 71.5100N 128.9000E   9.30-101.37 -54.68   9.30 1.70 0  10
  52 170406 0838 43.20 72.3850N 129.3800E  15.50-115.42  42.96  15.50 0.90 0  10
  53 170406 1728  1.00 72.7230N 125.6900E  21.30  10.49  80.67  21.30 0.90 0  10
 WARNING:
 epicentral distance: 325.9 > dmax ( 300.0) ==> skipping phase !
 WARNING:
 epicentral distance: 332.9 > dmax ( 300.0) ==> skipping phase !
 WARNING:
 epicentral distance: 345.3 > dmax ( 300.0) ==> skipping phase !
 WARNING:
 epicentral distance: 391.9 > dmax ( 300.0) ==> skipping phase !
  54 170407 1729  3.40 74.8930N 128.6300E  15.60 -83.67 322.81  15.60 1.80 0   2
 WARNING:
 epicentral distance: 311.3 > dmax ( 300.0) ==> skipping phase !
 WARNING:
 epicentral distance: 315.4 > dmax ( 300.0) ==> skipping phase !
 WARNING:
 epicentral distance: 328.9 > dmax ( 300.0) ==> skipping phase !
 WARNING:
 epicentral distance: 374.2 > dmax ( 300.0) ==> skipping phase !
  55 170407 1729  3.50 74.7270N 128.8100E   0.40 -89.83 304.29   0.40 1.60 0   5
  56 170408 1004 44.90 72.6070N 124.9400E  15.00  35.98  67.73  15.00 1.40 0  13
  57 170409 0856 47.20 73.3850N 128.5500E  15.60 -84.71 154.54  15.60 2.50 0   6
  58 170409 0902 45.60 73.3500N 128.4400E  15.10 -81.13 150.64  15.10 1.10 0   7
  59 170410 1520  8.50 72.0030N 128.3900E   2.70 -82.46   0.33   2.70 1.00 0  10
  60 170410 1813  3.60 70.9360N 129.1200E   3.70-110.72-118.73   3.70 2.20 0  13
  61 170412 1507  0.60 71.5070N 129.7200E   0.00-130.05 -55.01   0.00 0.70 0   6
  62 170413 0651 20.10 73.3680N 125.4200E  15.60  19.28 152.65  15.60 1.00 0  10
  63 170414 0459 18.80 72.2680N 127.3800E  20.10 -47.27  29.90  20.10 0.50 0   7
  64 170414 0540  4.80 73.6400N 130.9700E   8.00-163.92 183.00   8.00 1.80 0  11
  65 170414 1656 23.40 72.1850N 127.4000E  15.50 -48.06  20.64  15.50 0.20 0   6
  66 170414 1753 32.80 72.3840N 130.4600E  17.90-152.30  42.85  17.90 0.70 0   6
  67 170416 0523 41.90 71.9560N 127.0800E  19.20 -37.31  -4.91  19.20 1.60 0  13
  68 170416 1220 14.20 72.9470N 124.4900E  20.40  50.77 105.67  20.40 1.00 0  11
 WARNING:
 epicentral distance: 320.3 > dmax ( 300.0) ==> skipping phase !
 WARNING:
 epicentral distance: 381.0 > dmax ( 300.0) ==> skipping phase !
 WARNING:
 epicentral distance: 398.8 > dmax ( 300.0) ==> skipping phase !
 WARNING:
 epicentral distance: 405.0 > dmax ( 300.0) ==> skipping phase !
 WARNING:
 epicentral distance: 424.8 > dmax ( 300.0) ==> skipping phase !
 WARNING:
 epicentral distance: 431.2 > dmax ( 300.0) ==> skipping phase !
 WARNING:
 epicentral distance: 445.5 > dmax ( 300.0) ==> skipping phase !
 WARNING:
 epicentral distance: 451.8 > dmax ( 300.0) ==> skipping phase !
 WARNING:
 epicentral distance: 464.3 > dmax ( 300.0) ==> skipping phase !
  69 170416 1257 48.30 68.8710N 131.7500E  73.50-214.97-349.14  73.50 2.20 0   0
  70 170416 1821  5.50 72.8670N 125.0000E  19.30  33.70  96.74  19.30 1.30 0  13
  71 170418 0606  4.10 72.5080N 125.8200E   1.30   6.13  56.68   1.30 0.20 0   6
 WARNING:
 epicentral distance: 315.2 > dmax ( 300.0) ==> skipping phase !
 WARNING:
 epicentral distance: 332.1 > dmax ( 300.0) ==> skipping phase !
 WARNING:
 epicentral distance: 345.3 > dmax ( 300.0) ==> skipping phase !
 WARNING:
 epicentral distance: 352.6 > dmax ( 300.0) ==> skipping phase !
 WARNING:
 epicentral distance: 346.7 > dmax ( 300.0) ==> skipping phase !
 WARNING:
 epicentral distance: 356.6 > dmax ( 300.0) ==> skipping phase !
 WARNING:
 epicentral distance: 363.9 > dmax ( 300.0) ==> skipping phase !
 WARNING:
 epicentral distance: 372.8 > dmax ( 300.0) ==> skipping phase !
 WARNING:
 epicentral distance: 378.6 > dmax ( 300.0) ==> skipping phase !
 WARNING:
 epicentral distance: 378.6 > dmax ( 300.0) ==> skipping phase !
  72 170418 1005 56.80 69.3310N 122.4100E  97.00 132.70-297.82  97.00 2.20 0   1
  73 170418 1500 12.90 72.7340N 124.5100E  23.10  50.40  81.90  23.10 1.30 0  12
  74 170420 1302 36.20 72.6290N 129.0200E  21.80-102.44  70.19  21.80 0.90 0  11
  75 170420 2248 46.70 72.0220N 129.1200E   0.00-107.59   2.46   0.00 0.70 0  11
 WARNING:
 epicentral distance: 313.1 > dmax ( 300.0) ==> skipping phase !
 WARNING:
 epicentral distance: 324.4 > dmax ( 300.0) ==> skipping phase !
 WARNING:
 epicentral distance: 324.2 > dmax ( 300.0) ==> skipping phase !
 WARNING:
 epicentral distance: 342.4 > dmax ( 300.0) ==> skipping phase !
 WARNING:
 epicentral distance: 349.0 > dmax ( 300.0) ==> skipping phase !
 WARNING:
 epicentral distance: 380.2 > dmax ( 300.0) ==> skipping phase !
 WARNING:
 epicentral distance: 381.6 > dmax ( 300.0) ==> skipping phase !
 WARNING:
 epicentral distance: 408.0 > dmax ( 300.0) ==> skipping phase !
  76 170423 0850 54.60 74.7080N 132.7900E   0.10-217.19 302.17   0.10 1.90 0   0
  77 170423 1455 44.10 72.8400N 124.4900E  16.80  50.92  93.73  16.80 0.60 0   8
  78 170423 2313 41.80 72.5960N 124.8700E  22.00  38.36  66.50  22.00 1.30 0  12
  79 170424 0609 58.60 71.9600N 128.0200E   0.10 -69.77  -4.46   0.10 1.10 0  12
  80 170424 0755 26.70 71.9480N 128.0300E   0.00 -70.14  -5.80   0.00 1.00 0  12
  81 170424 0755 26.90 71.9590N 128.0300E   0.00 -70.12  -4.57   0.00 1.00 0  12
  82 170425 0652 23.30 71.9600N 128.0300E   0.00 -70.12  -4.46   0.00 1.20 0   9
  83 170426 0051 23.20 71.9450N 128.0600E   6.60 -71.18  -6.14   6.60 0.70 0   6
  84 170426 1425 21.20 72.0790N 127.2600E  21.00 -43.38   8.82  21.00 0.10 0   6
  85 170426 1834 24.60 71.5840N 130.8000E  10.90-167.46 -46.42  10.90 1.20 0   8
  86 170426 1840 44.10 72.2710N 126.3600E  18.10 -12.33  30.24  18.10 1.30 0   8
  87 170427 0912 28.80 72.0640N 127.7900E   2.60 -61.65   7.14   2.60 0.90 0   8
  88 170427 1041 38.10 71.7480N 128.9900E   8.40-103.86 -28.12   8.40 0.70 0   7
  89 170427 2010 47.80 72.8010N 130.2000E  20.20-141.80  89.38  20.20 1.30 0   8
  90 170427 2010 48.30 72.7890N 130.1400E  20.10-139.82  88.04  20.10 1.30 0   8
  91 170427 2342 34.10 72.7630N 125.0100E  19.50  33.46  85.14  19.50 0.80 0   6

 readings for station 624  :  74
 readings for station 628  :  69
 readings for station 630  :  53
 readings for station 627  :  46
 readings for station 621  :  59
 readings for station 629  :  43
 readings for station 622  :  58
 readings for station 620  :  48
 readings for station 623  :  55
 readings for station 626  :  52
 readings for station 625  :  49
 readings for station 631  :  49
 readings for station 632  :  24

 Total number of stations with readings:  13

 Total number of readings:     679
 Total number of P readings:       0
 Total number of S readings:       0


 ~~~ store parts of G ...
 ~~~ compute RMS and DATVAR ...

 Total number of observations is:   679


 $$$$$$$$$$$$$$$$$$$$$$$$$$$$$$$$$$$$$$$$$$$$$$$$$
 Events with  | AVRES | > 1.0 SEC are suspicious !

 Event#   3 >>>  160819 0959  AVRES =  1.35 NOBS = 12
 Event#   4 >>>  160820 1506  AVRES =  1.28 NOBS =  9
 Event#   7 >>>  160823 0652  AVRES =  2.01 NOBS =  6
 Event#   8 >>>  160824 1510  AVRES =  1.65 NOBS =  9
 Event#  10 >>>  160920 1607  AVRES =  4.51 NOBS =  2
 Event#  11 >>>  160925 1911  AVRES =  4.17 NOBS =  2
 Event#  15 >>>  161009 0036  AVRES =  1.05 NOBS =  8
 Event#  16 >>>  161009 0036  AVRES =  1.05 NOBS =  7
 Event#  29 >>>  170302 2335  AVRES =  1.56 NOBS =  9
 Event#  45 >>>  170323 1906  AVRES =  1.50 NOBS =  6
 Event#  50 >>>  170405 0307  AVRES =  1.03 NOBS = 10
 Event#  51 >>>  170405 1410  AVRES =  1.37 NOBS = 10
 Event#  52 >>>  170406 0838  AVRES =  1.23 NOBS = 10
 Event#  53 >>>  170406 1728  AVRES =  1.01 NOBS = 10
 Event#  54 >>>  170407 1729  AVRES =  3.27 NOBS =  2
 Event#  55 >>>  170407 1729  AVRES =  3.17 NOBS =  5
 Event#  57 >>>  170409 0856  AVRES =  2.66 NOBS =  6
 Event#  58 >>>  170409 0902  AVRES =  2.20 NOBS =  7
 Event#  60 >>>  170410 1813  AVRES =  1.86 NOBS = 13
 Event#  62 >>>  170413 0651  AVRES =  1.69 NOBS = 10
 Event#  64 >>>  170414 0540  AVRES =  3.62 NOBS = 11
 Event#  66 >>>  170414 1753  AVRES =  1.39 NOBS =  6
 Event#  68 >>>  170416 1220  AVRES =  1.10 NOBS = 11
 Event#  70 >>>  170416 1821  AVRES =  1.19 NOBS = 13
 Event#  72 >>>  170418 1005  AVRES =  4.81 NOBS =  1
 Event#  73 >>>  170418 1500  AVRES =  1.02 NOBS = 12
 Event#  74 >>>  170420 1302  AVRES =  1.10 NOBS = 11
 Event#  85 >>>  170426 1834  AVRES =  1.89 NOBS =  8
 Event#  89 >>>  170427 2010  AVRES =  1.77 NOBS =  8
 Event#  90 >>>  170427 2010  AVRES =  1.68 NOBS =  8

 ^^^^^^^^^ C H E C K   these events above ^^^^^^^^
 $$$$$$$$$$$$$$$$$$$$$$$$$$$$$$$$$$$$$$$$$$$$$$$$$

 ~~~ save initial datvar ...

 Iteration nr  0 obtained:
 DATVAR=    2.625735 mean sqrd residual=     1.183321  RMS RESIDUAL=     1.087806

 After  0 iterations we got:
 Average absolute & unweighted [and mean] residual of
   392 straight and direct rays =  0.58973 [  0.49739]
   287 refracted           rays =  1.47930 [  1.26000]
     0 reflected           rays =  0.00000 [  0.00000]

   679 ALL                 RAYS =  0.96573 [  0.81973]        0.00 %




--------------------------------------------------------------------------------



           ITERATION no  1

 ~~~ set units for this iteration ...
 ~~~ determine number of unknowns for this iter. ...

 Number of unknowns (for array-indexing):  nvar =  385
 Number of effective unknowns        :  nvareff =  386
 Number of elements on/below main diagonal of matrix G = At*A : kvar =   74305

 Damping factors to be used in this iteration:
   Othet=   0.010   XYthet  =   0.010   Zthet=  0.010
 STAthet=   0.010   Vthet   =   1.000

 ~~~ damp G ...
 ~~~ solve G * b = RHT ...
 ~~~ fix units ...
 ~~~ apply eventually step-length damping ...
 ~~~ adjust model (hypocenters, stacorr & veloc.) ...

 doing velocity adjustments now...

 doing station-correction adjustments...

 ~~~ compute effective step-length ...

 (Applied) Step length =   1.862

 ~~~ set units for next iteration ...
 ~~~ determine number of unknowns for next iter. ...

 Number of unknowns (for array-indexing):  nvar =  385
 Number of effective unknowns        :  nvareff =  386
 Number of elements on/below main diagonal of matrix G = At*A : kvar =   74305

 ~~~ reset G and RHT ...
 ~~~ raytracing, setup G ...
 ~~~ store parts of G ...
 ~~~ set units back for current iteration ...
 ~~~ determine number of unknowns for this iter. ...

 Number of unknowns (for array-indexing):  nvar =  385
 Number of effective unknowns        :  nvareff =  386
 Number of elements on/below main diagonal of matrix G = At*A : kvar =   74305

 ~~~ compute RMS and DATVAR ...

 $$$$$$$$$$$$$$$$$$$$$$$$$$$$$$$$$$$$$$$$$$$$$$$$$
 Events with  | AVRES | > 1.0 SEC are suspicious !

 Event#   3 >>>  160819 0959  AVRES =  1.20 NOBS = 12
 Event#   4 >>>  160820 1506  AVRES =  1.14 NOBS =  9
 Event#   7 >>>  160823 0652  AVRES =  1.81 NOBS =  6
 Event#   8 >>>  160824 1510  AVRES =  1.48 NOBS =  9
 Event#  10 >>>  160920 1607  AVRES =  4.03 NOBS =  2
 Event#  11 >>>  160925 1911  AVRES =  3.73 NOBS =  2
 Event#  29 >>>  170302 2335  AVRES =  1.39 NOBS =  9
 Event#  45 >>>  170323 1906  AVRES =  1.35 NOBS =  6
 Event#  51 >>>  170405 1410  AVRES =  1.23 NOBS = 10
 Event#  52 >>>  170406 0838  AVRES =  1.10 NOBS = 10
 Event#  54 >>>  170407 1729  AVRES =  2.92 NOBS =  2
 Event#  55 >>>  170407 1729  AVRES =  2.84 NOBS =  5
 Event#  57 >>>  170409 0856  AVRES =  2.39 NOBS =  6
 Event#  58 >>>  170409 0902  AVRES =  1.97 NOBS =  7
 Event#  60 >>>  170410 1813  AVRES =  1.67 NOBS = 13
 Event#  62 >>>  170413 0651  AVRES =  1.52 NOBS = 10
 Event#  64 >>>  170414 0540  AVRES =  3.25 NOBS = 11
 Event#  66 >>>  170414 1753  AVRES =  1.25 NOBS =  6
 Event#  70 >>>  170416 1821  AVRES =  1.07 NOBS = 13
 Event#  72 >>>  170418 1005  AVRES =  4.30 NOBS =  1
 Event#  85 >>>  170426 1834  AVRES =  1.70 NOBS =  8
 Event#  89 >>>  170427 2010  AVRES =  1.59 NOBS =  8
 Event#  90 >>>  170427 2010  AVRES =  1.51 NOBS =  8

 ^^^^^^^^^ C H E C K   these events above ^^^^^^^^
 $$$$$$$$$$$$$$$$$$$$$$$$$$$$$$$$$$$$$$$$$$$$$$$$$

 ~~~ check solution (better? worse?) ...

 Iteration nr  1 obtained:
 DATVAR=    2.232383 mean sqrd residual=     0.963311  RMS RESIDUAL=     0.981484

 After  1 iterations we got:
 Average absolute & unweighted [and mean] residual of
   391 straight and direct rays =  0.51994 [  0.43544]
   288 refracted           rays =  1.34319 [  1.14431]
     0 reflected           rays =  0.00000 [  0.00000]

   679 ALL                 RAYS =  0.86912 [  0.73611]      -10.00 %

 ~~~ iteration done; output results ...

  eq       ot     x      y      z      rms    avres   dot     dx     dy     dz
    1      9.10  38.63 111.94  23.22   0.31   0.73   -0.003  0.021  0.025  0.115
    2      9.30  37.99 110.62  22.92   0.32   0.72   -0.005  0.043  0.040  0.124
    3     27.31-130.16  -8.41  12.31   0.78   1.20    0.007 -0.160  0.182  0.206
    4     15.70-131.07  -6.87  10.93   0.93   1.14   -0.005 -0.088  0.048 -0.070
    5     45.70 -40.29  38.82  23.91   0.21   0.46   -0.005  0.044 -0.010  0.105
    6     49.51 -36.80  40.71  16.62   0.17   0.19    0.013  0.104 -0.015  0.120
    7     13.98-135.12-119.10   6.36   1.39   1.81   -0.018  0.090 -0.035 -0.042
    8     30.41-140.99 -43.80   8.75   0.89   1.48    0.012 -0.131  0.051  0.150
    9     39.70  10.91  56.61  12.14   0.12  -0.13   -0.004  0.020 -0.071  0.039
   10     18.32 -87.23-308.30  16.20   0.96   4.03    0.021 -0.161  0.006 -0.002
   11      5.58 -62.47-309.65  15.60   1.13   3.73   -0.017 -0.204 -0.008  0.002
   12     51.21  35.04  94.60  15.64   0.29   0.52    0.012 -0.024 -0.025  0.035
   13     46.90  33.39  97.88  19.13   0.39   0.72   -0.000  0.032  0.023  0.130
   14     55.89  33.41  97.52  14.17   0.77   0.67   -0.011  0.053  0.001  0.269
   15     44.70  34.05  97.34  17.36   0.83   0.94    0.001  0.019  0.040  0.160
   16     44.89  35.01  95.86  18.76   0.84   0.94   -0.014 -0.048  0.116  0.160
   17     22.10  -0.95  82.40  18.52   0.59   0.56   -0.001  0.060  0.051  0.022
   18     36.51 -34.11   4.58  11.29   0.34   0.13    0.008  0.012  0.116  0.094
   19     33.31  41.36  64.26  10.07   0.18  -0.03    0.014 -0.080  0.100 -0.026
   20     45.99  37.79  85.17  16.21   0.44   0.68   -0.010 -0.060  0.036  0.007
   21     34.10  36.56  82.78  14.47   0.72   0.50    0.005  0.040 -0.019 -0.030
   22     25.91  35.77  85.35  13.50   0.51   0.35    0.005 -0.050 -0.011 -0.003
   23     15.91  35.43  86.38  11.59   0.67   0.26    0.007 -0.050  0.017 -0.014
   24      1.98  34.88  82.20   5.55   0.61  -0.07   -0.015  0.040  0.188 -0.147
   25     48.63 -45.89  23.67  22.10   0.11   0.36    0.034  0.077 -0.093  0.099
   26     27.62 -70.39  -3.79  10.39   0.26   0.03    0.017  0.057 -0.110  0.088
   27      0.21  -0.66  49.41  13.11   0.60   0.23    0.013  0.019 -0.130  0.006
   28     59.10  37.64  76.22  11.43   0.86   0.58    0.005  0.045  0.013 -0.065
   29     20.20-148.85 -12.80  14.97   0.62   1.39   -0.001 -0.026  0.028  0.167
   30      2.92  35.97  76.68  13.36   0.91   0.73    0.020  0.076 -0.087 -0.036
   31     21.01  36.49  77.41  14.13   0.90   0.74    0.006 -0.082 -0.034 -0.069
   32     50.81  36.90  77.06  15.28   0.43   0.30    0.007 -0.012 -0.045 -0.016
   33      0.81  37.27  76.16  15.62   0.49   0.42    0.014  0.016 -0.052  0.022
   34     55.42 -16.99  34.90  24.53   0.13   0.31    0.019  0.119 -0.022  0.028
   35     39.22 -71.85  -8.55   3.63   0.33  -0.16    0.024  0.066 -0.070  0.227
   36     59.12  36.56  77.83  15.05   0.72   0.66    0.016 -0.001 -0.052 -0.053
   37      5.61  31.35  50.17  14.84   0.29   0.17    0.007 -0.010 -0.047 -0.061
   38     46.50  73.19  73.00  16.95   0.56   0.71   -0.002 -0.024  0.026  0.045
   39     14.09   0.76  26.20   3.71   0.18  -0.42   -0.011  0.070 -0.023 -0.191
   40     14.61 -41.91  13.93  16.77   0.35   0.22    0.005  0.042 -0.016 -0.034
   41     56.41  34.93  79.08   5.21   0.34  -0.19    0.009  0.066 -0.032  0.115
   42     34.32  -4.00  46.29  17.97   0.21   0.18    0.018  0.098 -0.017 -0.026
   43     24.64-110.55 -39.50   5.41   0.59   0.04    0.037  0.210 -0.110  0.209
   44     49.70  30.32  50.53   8.21   0.07  -0.27   -0.000 -0.017 -0.020 -0.095
   45     41.20-145.01  45.67  18.48   0.61   1.35   -0.000  0.024  0.259  0.176
   46     34.12 -57.54  -0.86  16.16   0.25   0.29    0.019  0.094 -0.075  0.060
   47      1.02  10.52  80.55  21.76   0.81   0.88    0.021  0.035 -0.012 -0.137
   48     37.23  10.60  81.57  23.47   0.22   0.50    0.026  0.114  0.006 -0.034
   49     35.70  54.73  84.55  22.63   0.36   0.48   -0.003 -0.026 -0.034  0.035
   50     36.11-102.55 -35.61  15.31   0.62   0.92    0.010  0.102 -0.012  0.015
   51     53.20-101.24 -54.82   9.26   0.94   1.23    0.000  0.133 -0.141 -0.037
   52     43.21-115.38  43.18  15.32   0.57   1.10    0.010  0.036  0.224 -0.182
   53      1.02  10.52  80.71  21.20   0.79   0.91    0.019  0.030  0.036 -0.100
   54      3.22 -83.69 322.79  15.62   0.54   2.92   -0.182 -0.014 -0.025  0.017
   55      3.38 -89.79 304.29   0.42   0.50   2.84   -0.122  0.046 -0.001  0.019
   56     44.91  35.98  67.64  14.90   0.83   0.69    0.007  0.002 -0.095 -0.100
   57     47.18 -84.55 154.74  15.67   0.79   2.39   -0.018  0.157  0.201  0.071
   58     45.61 -81.04 150.70  15.06   0.98   1.97    0.008  0.092  0.066 -0.035
   59      8.54 -82.27   0.39   2.61   1.06   0.17    0.035  0.185  0.054 -0.092
   60      3.60-110.53-118.51   3.42   1.48   1.67   -0.004  0.185  0.213 -0.280
   61      0.59-130.18 -55.01   0.19   0.76   0.35   -0.006 -0.133 -0.004  0.076
   62     20.11  19.40 152.51  15.37   1.09   1.52    0.012  0.128 -0.135 -0.229
   63     18.82 -47.19  29.84  20.24   0.34   0.40    0.016  0.086 -0.062  0.136
   64      4.79-163.46 183.52   8.00   1.06   3.25   -0.008  0.462  0.523  0.001
   65     23.43 -47.95  20.55  15.56   0.17   0.16    0.026  0.117 -0.091  0.063
   66     32.82-152.33  43.09  18.12   0.42   1.25    0.017 -0.028  0.237  0.218
   67     41.92 -37.18  -5.01  19.13   0.39   0.52    0.021  0.126 -0.104 -0.072
   68     14.20  50.79 105.71  20.34   0.49   0.98    0.000  0.017  0.044 -0.062
   69     48.30-214.97-349.14  73.50   0.00   0.00    0.000  0.000  0.000  0.000
   70      5.50  33.75  96.74  19.31   0.86   1.07    0.003  0.045 -0.006  0.008
   71      4.11   6.16  56.62   0.91   0.55  -0.31    0.010  0.037 -0.066 -0.388
   72     56.69 132.69-297.81  97.00  18.46   4.30   -0.113 -0.007  0.009 -0.002
   73     12.91  50.46  81.80  23.07   0.61   0.91    0.009  0.065 -0.107 -0.026
   74     36.20-102.31  70.35  21.89   0.38   0.99    0.001  0.128  0.169  0.087
 ***** depth constrained for event    75
   75     46.70-107.68   2.72   0.11   1.27   0.46   -0.004 -0.089  0.262 -0.100
   76     54.60-217.19 302.17   0.10   0.00   0.00    0.000  0.000  0.000  0.000
   77     44.11  50.95  93.72  16.77   0.48   0.74    0.009  0.028 -0.008 -0.031
   78     41.81  38.38  66.40  21.89   0.53   0.63    0.011  0.012 -0.101 -0.106
   79     58.61 -69.74  -4.65   0.18   0.72   0.00    0.005  0.035 -0.183  0.083
   80     26.70 -70.15  -6.02   0.21   0.72   0.04    0.004 -0.012 -0.220  0.099
   81     26.90 -70.08  -4.78   0.09   0.77   0.05    0.000  0.035 -0.205 -0.021
   82     23.30 -70.07  -4.63   0.18   0.59  -0.23   -0.003  0.048 -0.163  0.068
   83     23.22 -71.13  -6.15   6.74   0.31  -0.14    0.015  0.054 -0.013  0.143
   84     21.23 -43.26   8.69  20.99   0.12   0.28    0.029  0.124 -0.127 -0.008
   85     24.60-167.55 -46.36  10.94   0.84   1.70   -0.003 -0.089  0.057  0.041
   86     44.11 -12.24  30.12  18.12   0.33   0.30    0.012  0.086 -0.115  0.025
   87     28.82 -61.65   6.97   2.80   0.27  -0.19    0.020  0.009 -0.169  0.203
   88     38.11-103.76 -28.27   8.42   0.74   0.46    0.010  0.102 -0.146  0.023
   89     47.81-141.88  89.48  20.49   0.69   1.59    0.007 -0.088  0.098  0.295
   90     48.30-139.85  88.16  20.35   0.63   1.51   -0.004 -0.031  0.120  0.248
   91     34.09  33.53  85.16  19.58   0.66   0.89   -0.007  0.071  0.024  0.084

 A V E R A G E   of ADJUSTMENTS :                     0.002  0.031  0.001  0.022
 A V E R A G E   of ABSOLUTE ADJUSTMENTS :            0.015  0.070  0.080  0.089


 Step length damping of 0.10472 was applied.


 Velocity adjustments:
     vp    dvp      hp   reflector
 Velocity model   1
   5.396  0.056   -5.000      
   5.887  0.057    4.670      
   6.459  0.039    9.500      
   6.924 -0.086   13.270      
   7.377 -0.013   28.880      
   7.495 -0.005   31.370      
   7.918 -0.042   32.260      
   8.587 -0.113   39.080      
   9.210 -0.200   48.520      

 Calculation of average velocity starts at layer #           1
 z = -5.00 ...  4.67    v = 5.40    AVEL = 5.40 downto z =   4.67
 z =  4.67 ...  9.50    v = 5.89    AVEL = 5.56 downto z =   9.50
 z =  9.50 ... 13.27    v = 6.46    AVEL = 5.75 downto z =  13.27
 z = 13.27 ... 28.88    v = 6.92    AVEL = 6.29 downto z =  28.88
 z = 28.88 ... 31.37    v = 7.38    AVEL = 6.36 downto z =  31.37
 z = 31.37 ... 32.26    v = 7.50    AVEL = 6.39 downto z =  32.26
 z = 32.26 ... 39.08    v = 7.92    AVEL = 6.63 downto z =  39.08
 z = 39.08 ... 48.52    v = 8.59    AVEL = 6.97 downto z =  48.52


 Calculation of average velocity starts at layer #           2
 z =  4.67 ...  9.50    v = 5.89    AVEL = 5.89 downto z =   9.50
 z =  9.50 ... 13.27    v = 6.46    AVEL = 6.14 downto z =  13.27
 z = 13.27 ... 28.88    v = 6.92    AVEL = 6.64 downto z =  28.88
 z = 28.88 ... 31.37    v = 7.38    AVEL = 6.71 downto z =  31.37
 z = 31.37 ... 32.26    v = 7.50    AVEL = 6.74 downto z =  32.26
 z = 32.26 ... 39.08    v = 7.92    AVEL = 6.97 downto z =  39.08
 z = 39.08 ... 48.52    v = 8.59    AVEL = 7.32 downto z =  48.52



 Adjusted station corrections:
   stn  ptcor  dpcor  
  624   0.000  0.000  628  -0.025 -0.025  630  -0.020 -0.020  627   0.007  0.007
  621   0.016  0.016  629   0.010  0.010  622   0.014  0.014  620   0.008  0.008
  623   0.031  0.031  626   0.016  0.016  625   0.016  0.016  631   0.033  0.033
  632  -0.025 -0.025

 ~~~ another iteration? ...



--------------------------------------------------------------------------------



           ITERATION no  2

 ~~~ set units for this iteration ...
 ~~~ determine number of unknowns for this iter. ...

 Number of unknowns (for array-indexing):  nvar =  385
 Number of effective unknowns        :  nvareff =  386
 Number of elements on/below main diagonal of matrix G = At*A : kvar =   74305

 Damping factors to be used in this iteration:
   Othet=   0.010   XYthet  =   0.010   Zthet=  0.010
 STAthet=   0.010   Vthet   =   1.000

 ~~~ damp G ...
 ~~~ solve G * b = RHT ...
 ~~~ fix units ...
 ~~~ apply eventually step-length damping ...
 ~~~ adjust model (hypocenters, stacorr & veloc.) ...

 doing velocity adjustments now...

 doing station-correction adjustments...

 ~~~ compute effective step-length ...

 (Applied) Step length =   2.059

 ~~~ set units for next iteration ...
 ~~~ determine number of unknowns for next iter. ...

 Number of unknowns (for array-indexing):  nvar =  385
 Number of effective unknowns        :  nvareff =  386
 Number of elements on/below main diagonal of matrix G = At*A : kvar =   74305

 ~~~ reset G and RHT ...
 ~~~ raytracing, setup G ...
 ~~~ store parts of G ...
 ~~~ set units back for current iteration ...
 ~~~ determine number of unknowns for this iter. ...

 Number of unknowns (for array-indexing):  nvar =  385
 Number of effective unknowns        :  nvareff =  386
 Number of elements on/below main diagonal of matrix G = At*A : kvar =   74305

 ~~~ compute RMS and DATVAR ...

 $$$$$$$$$$$$$$$$$$$$$$$$$$$$$$$$$$$$$$$$$$$$$$$$$
 Events with  | AVRES | > 1.0 SEC are suspicious !

 Event#   3 >>>  160819 0959  AVRES =  1.06 NOBS = 12
 Event#   4 >>>  160820 1506  AVRES =  1.01 NOBS =  9
 Event#   7 >>>  160823 0652  AVRES =  1.59 NOBS =  6
 Event#   8 >>>  160824 1510  AVRES =  1.30 NOBS =  9
 Event#  10 >>>  160920 1607  AVRES =  3.54 NOBS =  2
 Event#  11 >>>  160925 1911  AVRES =  3.27 NOBS =  2
 Event#  29 >>>  170302 2335  AVRES =  1.23 NOBS =  9
 Event#  45 >>>  170323 1906  AVRES =  1.19 NOBS =  6
 Event#  51 >>>  170405 1410  AVRES =  1.08 NOBS = 10
 Event#  54 >>>  170407 1729  AVRES =  2.56 NOBS =  2
 Event#  55 >>>  170407 1729  AVRES =  2.49 NOBS =  5
 Event#  57 >>>  170409 0856  AVRES =  2.10 NOBS =  6
 Event#  58 >>>  170409 0902  AVRES =  1.73 NOBS =  7
 Event#  60 >>>  170410 1813  AVRES =  1.48 NOBS = 13
 Event#  62 >>>  170413 0651  AVRES =  1.33 NOBS = 10
 Event#  64 >>>  170414 0540  AVRES =  2.85 NOBS = 11
 Event#  66 >>>  170414 1753  AVRES =  1.10 NOBS =  6
 Event#  72 >>>  170418 1005  AVRES =  3.76 NOBS =  1
 Event#  85 >>>  170426 1834  AVRES =  1.49 NOBS =  8
 Event#  89 >>>  170427 2010  AVRES =  1.39 NOBS =  8
 Event#  90 >>>  170427 2010  AVRES =  1.33 NOBS =  8

 ^^^^^^^^^ C H E C K   these events above ^^^^^^^^
 $$$$$$$$$$$$$$$$$$$$$$$$$$$$$$$$$$$$$$$$$$$$$$$$$

 ~~~ check solution (better? worse?) ...

 Iteration nr  2 obtained:
 DATVAR=    1.756253 mean sqrd residual=     0.757853  RMS RESIDUAL=     0.870547

 After  2 iterations we got:
 Average absolute & unweighted [and mean] residual of
   393 straight and direct rays =  0.45278 [  0.37145]
   286 refracted           rays =  1.20236 [  1.03162]
     0 reflected           rays =  0.00000 [  0.00000]

   679 ALL                 RAYS =  0.76851 [  0.64952]      -11.58 %

 ~~~ iteration done; output results ...

  eq       ot     x      y      z      rms    avres   dot     dx     dy     dz
    1      9.09  38.65 111.98  23.43   0.28   0.65   -0.010  0.016  0.042  0.210
    2      9.30  38.02 110.64  22.96   0.29   0.63    0.001  0.029  0.026  0.039
    3     27.31-130.36  -8.23  12.58   0.69   1.06   -0.001 -0.196  0.181  0.271
    4     15.70-131.13  -6.67  10.95   0.83   1.01    0.007 -0.054  0.204  0.021
    5     45.69 -40.25  38.79  24.01   0.17   0.40   -0.008  0.042 -0.026  0.104
    6     49.53 -36.68  40.68  16.73   0.15   0.17    0.013  0.120 -0.032  0.106
    7     13.97-134.97-119.09   6.20   1.23   1.59   -0.008  0.154  0.004 -0.155
    8     30.42-141.05 -43.74   8.76   0.80   1.30    0.011 -0.052  0.064  0.005
    9     39.69  10.92  56.53  12.16   0.11  -0.10   -0.005  0.004 -0.086  0.022
   10     18.33 -87.43-308.29  16.20   0.94   3.54    0.007 -0.202  0.009 -0.001
   11      5.55 -62.72-309.66  15.60   1.13   3.27   -0.032 -0.252 -0.008  0.003
   12     51.22  35.00  94.56  15.69   0.24   0.46    0.012 -0.040 -0.036  0.053
   13     46.89  33.41  97.93  19.32   0.35   0.64   -0.005  0.025  0.046  0.188
   14     55.89  33.43  97.49  14.21   0.67   0.59   -0.001  0.023 -0.033  0.037
   15     44.69  34.07  97.42  17.61   0.73   0.83   -0.006  0.016  0.074  0.252
   16     44.87  34.92  96.03  18.80   0.76   0.83   -0.015 -0.089  0.179  0.040
   17     22.09  -0.92  82.45  18.61   0.51   0.49   -0.006  0.030  0.050  0.087
   18     36.51 -34.07   4.66  11.36   0.30   0.12    0.004  0.039  0.083  0.062
   19     33.33  41.40  64.25  10.15   0.17  -0.02    0.019  0.031 -0.010  0.074
   20     45.98  37.73  85.20  16.22   0.38   0.60   -0.011 -0.066  0.028  0.011
   21     34.11  36.59  82.75  14.44   0.65   0.44    0.005  0.031 -0.027 -0.034
   22     25.91  35.70  85.33  13.50   0.46   0.31    0.006 -0.071 -0.019 -0.002
   23     15.91  35.36  86.38  11.55   0.61   0.23    0.006 -0.065  0.001 -0.031
   24      1.97  34.90  82.40   5.39   0.56  -0.06   -0.020  0.026  0.201 -0.165
   25     48.66 -45.79  23.59  22.22   0.10   0.32    0.030  0.106 -0.087  0.117
   26     27.63 -70.33  -3.91  10.50   0.22   0.03    0.014  0.062 -0.116  0.112
   27      0.22  -0.64  49.27  13.10   0.53   0.20    0.010  0.027 -0.146 -0.003
   28     59.11  37.70  76.24  11.41   0.76   0.51    0.003  0.054  0.018 -0.021
   29     20.19-148.92 -12.74  15.25   0.55   1.23   -0.007 -0.075  0.061  0.279
   30      2.94  36.06  76.59  13.40   0.82   0.64    0.018  0.084 -0.093  0.038
   31     21.01  36.41  77.37  14.16   0.80   0.66    0.002 -0.078 -0.031  0.031
   32     50.81  36.88  77.00  15.27   0.38   0.27    0.007 -0.017 -0.061 -0.010
   33      0.83  37.28  76.11  15.65   0.43   0.37    0.014  0.009 -0.051  0.025
   34     55.43 -16.88  34.86  24.55   0.11   0.28    0.015  0.110 -0.042  0.023
   35     39.24 -71.79  -8.63   3.86   0.31  -0.13    0.019  0.062 -0.076  0.228
   36     59.13  36.57  77.79  15.07   0.64   0.58    0.013  0.002 -0.048  0.023
   37      5.62  31.32  50.10  14.77   0.26   0.15    0.008 -0.025 -0.066 -0.071
   38     46.49  73.19  73.01  17.03   0.50   0.63   -0.007 -0.007  0.009  0.084
   39     14.07   0.82  26.17   3.48   0.15  -0.37   -0.017  0.067 -0.024 -0.227
   40     14.61 -41.85  13.92  16.71   0.32   0.19    0.007  0.057 -0.012 -0.057
   41     56.42  35.00  79.04   5.36   0.29  -0.16    0.008  0.067 -0.037  0.147
   42     34.33  -3.91  46.26  17.94   0.19   0.16    0.016  0.088 -0.034 -0.035
   43     24.67-110.35 -39.63   5.59   0.55   0.04    0.030  0.198 -0.128  0.178
   44     49.70  30.29  50.51   8.11   0.06  -0.23   -0.002 -0.027 -0.015 -0.097
   45     41.21-145.07  45.79  18.76   0.53   1.19    0.006 -0.053  0.115  0.287
   46     34.13 -57.44  -0.94  16.26   0.22   0.26    0.015  0.098 -0.081  0.095
   47      1.05  10.58  80.48  21.55   0.73   0.77    0.030  0.055 -0.075 -0.217
   48     37.25  10.70  81.58  23.45   0.19   0.44    0.024  0.100  0.001 -0.020
   49     35.69  54.70  84.50  22.69   0.31   0.42   -0.005 -0.036 -0.048  0.056
   50     36.11-102.50 -35.64  15.39   0.55   0.81   -0.000  0.058 -0.031  0.071
   51     53.20-101.12 -54.97   9.26   0.84   1.08   -0.002  0.125 -0.148 -0.004
   52     43.21-115.38  43.44  15.17   0.50   0.97   -0.000 -0.004  0.254 -0.150
   53      1.05  10.57  80.69  21.02   0.70   0.80    0.028  0.048 -0.025 -0.181
   54      3.02 -83.70 322.76  15.64   0.50   2.56   -0.199 -0.018 -0.029  0.019
   55      3.24 -89.74 304.29   0.44   0.46   2.49   -0.139  0.049 -0.002  0.021
   56     44.92  35.99  67.49  14.71   0.74   0.61    0.012  0.006 -0.143 -0.188
   57     47.16 -84.53 154.84  15.70   0.72   2.10   -0.021  0.018  0.098  0.027
   58     45.61 -80.94 150.79  14.99   0.87   1.73    0.005  0.097  0.082 -0.073
   59      8.57 -82.11   0.44   2.50   0.97   0.15    0.030  0.159  0.049 -0.104
   60      3.59-110.35-118.27   3.09   1.34   1.48   -0.004  0.186  0.247 -0.328
   61      0.58-130.28 -55.02   0.20   0.70   0.31   -0.015 -0.102 -0.005  0.011
   62     20.12  19.51 152.38  15.22   0.99   1.33    0.007  0.106 -0.126 -0.149
   63     18.83 -47.08  29.78  20.38   0.29   0.35    0.014  0.107 -0.066  0.139
   64      4.79-162.85 184.24   8.04   0.97   2.85   -0.007  0.603  0.721  0.043
   65     23.45 -47.81  20.45  15.63   0.15   0.14    0.025  0.142 -0.102  0.062
   66     32.82-152.40  43.34  18.44   0.38   1.10    0.005 -0.070  0.252  0.322
   67     41.94 -37.05  -5.13  19.05   0.35   0.46    0.018  0.133 -0.120 -0.075
   68     14.19  50.79 105.85  20.33   0.44   0.87   -0.009 -0.001  0.140 -0.010
   69     48.30-214.97-349.14  73.50   0.00   0.00    0.000  0.000  0.000  0.000
   70      5.50  33.74  96.78  19.23   0.76   0.94    0.001 -0.005  0.042 -0.074
   71      4.13   6.20  56.49   0.91   0.54  -0.27    0.018  0.042 -0.127 -0.006
   72     56.56 132.68-297.80  96.99  14.14   3.76   -0.126 -0.008  0.011 -0.003
   73     12.93  50.42  81.68  22.95   0.53   0.80    0.020 -0.038 -0.119 -0.127
   74     36.20-102.19  70.50  21.94   0.34   0.87    0.000  0.118  0.149  0.057
 ***** depth constrained for event    75
   75     46.68-107.82   2.99   0.11   1.20   0.44   -0.019 -0.141  0.274 -0.100
   76     54.60-217.19 302.17   0.10   0.00   0.00    0.000  0.000  0.000  0.000
   77     44.11  50.98  93.73  16.79   0.42   0.65    0.004  0.024  0.009  0.018
   78     41.82  38.40  66.29  21.84   0.47   0.56    0.006  0.019 -0.116 -0.049
   79     58.63 -69.60  -4.61   0.04   0.66   0.00    0.020  0.134  0.033 -0.142
   80     26.73 -70.06  -6.02   0.17   0.66   0.04    0.022  0.095 -0.002 -0.038
 ***** depth constrained for event    81
   81     26.92 -69.95  -4.77   0.11   0.71   0.07    0.016  0.134  0.014 -0.079
   82     23.31 -69.93  -4.61   0.04   0.53  -0.20    0.010  0.142  0.014 -0.143
   83     23.23 -71.08  -6.27   6.82   0.27  -0.12    0.013  0.046 -0.122  0.075
   84     21.26 -43.11   8.57  20.98   0.10   0.25    0.028  0.147 -0.123 -0.010
   85     24.59-167.60 -46.32  10.95   0.75   1.49   -0.002 -0.045  0.038  0.009
   86     44.12 -12.15  30.01  18.12   0.29   0.26    0.011  0.092 -0.115 -0.006
   87     28.83 -61.62   6.81   2.96   0.23  -0.16    0.013  0.030 -0.168  0.160
   88     38.12-103.66 -28.40   8.44   0.66   0.41    0.008  0.101 -0.137  0.017
   89     47.81-141.99  89.63  20.85   0.62   1.39   -0.001 -0.106  0.153  0.358
   90     48.29-139.94  88.37  20.73   0.55   1.33   -0.007 -0.089  0.207  0.381
   91     34.08  33.61  85.20  19.75   0.59   0.78   -0.015  0.082  0.041  0.169

 A V E R A G E   of ADJUSTMENTS :                    -0.000  0.031  0.009  0.023
 A V E R A G E   of ABSOLUTE ADJUSTMENTS :            0.016  0.076  0.083  0.093


 Step length damping of 0.12180 was applied.


 Velocity adjustments:
     vp    dvp      hp   reflector
 Velocity model   1
   5.439  0.043   -5.000      
   5.954  0.067    4.670      
   6.487  0.028    9.500      
   6.834 -0.089   13.270      
   7.362 -0.015   28.880      
   7.489 -0.006   31.370      
   7.864 -0.053   32.260      
   8.461 -0.126   39.080      
   9.010 -0.200   48.520      

 Calculation of average velocity starts at layer #           1
 z = -5.00 ...  4.67    v = 5.44    AVEL = 5.44 downto z =   4.67
 z =  4.67 ...  9.50    v = 5.95    AVEL = 5.61 downto z =   9.50
 z =  9.50 ... 13.27    v = 6.49    AVEL = 5.79 downto z =  13.27
 z = 13.27 ... 28.88    v = 6.83    AVEL = 6.27 downto z =  28.88
 z = 28.88 ... 31.37    v = 7.36    AVEL = 6.35 downto z =  31.37
 z = 31.37 ... 32.26    v = 7.49    AVEL = 6.37 downto z =  32.26
 z = 32.26 ... 39.08    v = 7.86    AVEL = 6.60 downto z =  39.08
 z = 39.08 ... 48.52    v = 8.46    AVEL = 6.93 downto z =  48.52


 Calculation of average velocity starts at layer #           2
 z =  4.67 ...  9.50    v = 5.95    AVEL = 5.95 downto z =   9.50
 z =  9.50 ... 13.27    v = 6.49    AVEL = 6.19 downto z =  13.27
 z = 13.27 ... 28.88    v = 6.83    AVEL = 6.60 downto z =  28.88
 z = 28.88 ... 31.37    v = 7.36    AVEL = 6.68 downto z =  31.37
 z = 31.37 ... 32.26    v = 7.49    AVEL = 6.70 downto z =  32.26
 z = 32.26 ... 39.08    v = 7.86    AVEL = 6.93 downto z =  39.08
 z = 39.08 ... 48.52    v = 8.46    AVEL = 7.26 downto z =  48.52



 Adjusted station corrections:
   stn  ptcor  dpcor  
  624   0.000  0.000  628  -0.050 -0.025  630  -0.044 -0.024  627   0.014  0.008
  621   0.030  0.014  629   0.015  0.005  622   0.027  0.013  620   0.012  0.004
  623   0.061  0.031  626   0.039  0.022  625   0.035  0.019  631   0.068  0.034
  632  -0.042 -0.017

 ~~~ another iteration? ...



--------------------------------------------------------------------------------



           ITERATION no  3

 ~~~ set units for this iteration ...
 ~~~ determine number of unknowns for this iter. ...

 Number of unknowns (for array-indexing):  nvar =  385
 Number of effective unknowns        :  nvareff =  386
 Number of elements on/below main diagonal of matrix G = At*A : kvar =   74305

 Damping factors to be used in this iteration:
   Othet=   0.010   XYthet  =   0.010   Zthet=  0.010
 STAthet=   0.010   Vthet   =   1.000

 ~~~ damp G ...
 ~~~ solve G * b = RHT ...
 ~~~ fix units ...
 ~~~ apply eventually step-length damping ...
 ~~~ adjust model (hypocenters, stacorr & veloc.) ...

 doing velocity adjustments now...

 doing station-correction adjustments...

 ~~~ compute effective step-length ...

 (Applied) Step length =   2.131

 ~~~ set units for next iteration ...
 ~~~ determine number of unknowns for next iter. ...

 Number of unknowns (for array-indexing):  nvar =  385
 Number of effective unknowns        :  nvareff =  386
 Number of elements on/below main diagonal of matrix G = At*A : kvar =   74305

 ~~~ reset G and RHT ...
 ~~~ raytracing, setup G ...
 ~~~ store parts of G ...
 ~~~ set units back for current iteration ...
 ~~~ determine number of unknowns for this iter. ...

 Number of unknowns (for array-indexing):  nvar =  385
 Number of effective unknowns        :  nvareff =  386
 Number of elements on/below main diagonal of matrix G = At*A : kvar =   74305

 ~~~ compute RMS and DATVAR ...

 $$$$$$$$$$$$$$$$$$$$$$$$$$$$$$$$$$$$$$$$$$$$$$$$$
 Events with  | AVRES | > 1.0 SEC are suspicious !

 Event#   7 >>>  160823 0652  AVRES =  1.38 NOBS =  6
 Event#   8 >>>  160824 1510  AVRES =  1.12 NOBS =  9
 Event#  10 >>>  160920 1607  AVRES =  3.05 NOBS =  2
 Event#  11 >>>  160925 1911  AVRES =  2.82 NOBS =  2
 Event#  29 >>>  170302 2335  AVRES =  1.06 NOBS =  9
 Event#  45 >>>  170323 1906  AVRES =  1.03 NOBS =  6
 Event#  54 >>>  170407 1729  AVRES =  2.20 NOBS =  2
 Event#  55 >>>  170407 1729  AVRES =  2.14 NOBS =  5
 Event#  57 >>>  170409 0856  AVRES =  1.82 NOBS =  6
 Event#  58 >>>  170409 0902  AVRES =  1.49 NOBS =  7
 Event#  60 >>>  170410 1813  AVRES =  1.28 NOBS = 13
 Event#  62 >>>  170413 0651  AVRES =  1.15 NOBS = 10
 Event#  64 >>>  170414 0540  AVRES =  2.45 NOBS = 11
 Event#  72 >>>  170418 1005  AVRES =  3.23 NOBS =  1
 Event#  85 >>>  170426 1834  AVRES =  1.29 NOBS =  8
 Event#  89 >>>  170427 2010  AVRES =  1.22 NOBS =  8
 Event#  90 >>>  170427 2010  AVRES =  1.16 NOBS =  8

 ^^^^^^^^^ C H E C K   these events above ^^^^^^^^
 $$$$$$$$$$$$$$$$$$$$$$$$$$$$$$$$$$$$$$$$$$$$$$$$$

 ~~~ check solution (better? worse?) ...

 Iteration nr  3 obtained:
 DATVAR=    1.339963 mean sqrd residual=     0.578217  RMS RESIDUAL=     0.760406

 After  3 iterations we got:
 Average absolute & unweighted [and mean] residual of
   400 straight and direct rays =  0.38412 [  0.31323]
   279 refracted           rays =  1.07717 [  0.92565]
     0 reflected           rays =  0.00000 [  0.00000]

   679 ALL                 RAYS =  0.66890 [  0.56487]      -12.96 %

 ~~~ iteration done; output results ...

  eq       ot     x      y      z      rms    avres   dot     dx     dy     dz
    1      9.09  38.65 112.00  23.48   0.24   0.56    0.005  0.003  0.015  0.059
    2      9.30  38.05 110.68  23.04   0.25   0.54    0.002  0.027  0.034  0.080
    3     27.30-130.57  -8.06  12.89   0.61   0.91   -0.003 -0.215  0.170  0.316
    4     15.70-131.25  -6.54  10.95   0.73   0.87   -0.001 -0.122  0.122  0.000
    5     45.68 -40.21  38.76  24.11   0.14   0.35   -0.004  0.041 -0.036  0.101
    6     49.54 -36.56  40.65  16.82   0.13   0.15    0.016  0.115 -0.034  0.095
    7     13.97-134.83-119.09   6.05   1.07   1.38   -0.008  0.142  0.001 -0.151
    8     30.43-141.11 -43.69   8.77   0.70   1.12    0.008 -0.062  0.053  0.016
    9     39.69  10.94  56.48  12.12   0.11  -0.08    0.003  0.025 -0.048 -0.040
   10     18.32 -87.67-308.28  16.20   0.94   3.05   -0.006 -0.241  0.013  0.001
   11      5.51 -63.02-309.67  15.61   1.13   2.82   -0.045 -0.300 -0.009  0.004
   12     51.24  34.96  94.52  15.76   0.20   0.40    0.018 -0.041 -0.037  0.069
   13     46.89  33.47  98.00  19.48   0.30   0.55   -0.000  0.057  0.075  0.163
   14     55.89  33.44  97.46  14.28   0.57   0.51    0.005  0.011 -0.031  0.074
   15     44.69  34.09  97.50  17.93   0.64   0.72   -0.006  0.023  0.086  0.318
   16     44.86  34.81  96.24  18.86   0.67   0.72   -0.015 -0.105  0.205  0.058
   17     22.09  -0.91  82.49  18.72   0.44   0.43   -0.002  0.012  0.042  0.106
   18     36.52 -34.02   4.72  11.39   0.25   0.11    0.004  0.054  0.056  0.037
   19     33.35  41.40  64.20  10.21   0.16  -0.02    0.019  0.002 -0.047  0.058
   20     45.97  37.66  85.23  16.23   0.32   0.52   -0.006 -0.068  0.029  0.013
   21     34.12  36.62  82.72  14.39   0.59   0.38    0.011  0.030 -0.028 -0.042
   22     25.92  35.63  85.31  13.49   0.41   0.27    0.011 -0.068 -0.018 -0.003
   23     15.92  35.29  86.36  11.50   0.56   0.20    0.011 -0.076 -0.025 -0.053
   24      1.95  34.90  82.64   5.24   0.52  -0.04   -0.014 -0.006  0.233 -0.147
   25     48.70 -45.69  23.48  22.33   0.09   0.27    0.031  0.101 -0.102  0.112
   26     27.64 -70.25  -4.04  10.61   0.19   0.03    0.013  0.078 -0.127  0.109
   27      0.24  -0.60  49.16  13.11   0.45   0.18    0.013  0.037 -0.107  0.009
   28     59.12  37.80  76.32  11.53   0.67   0.44    0.008  0.105  0.081  0.118
   29     20.20-148.97 -12.69  15.43   0.49   1.06    0.004 -0.042  0.055  0.187
   30      2.96  36.16  76.50  13.47   0.73   0.55    0.021  0.098 -0.086  0.072
   31     21.02  36.33  77.29  14.04   0.70   0.57    0.017 -0.081 -0.082 -0.123
   32     50.83  36.87  76.93  15.26   0.34   0.23    0.013 -0.015 -0.065 -0.016
   33      0.85  37.29  76.05  15.68   0.37   0.32    0.019  0.012 -0.057  0.030
   34     55.45 -16.77  34.83  24.57   0.10   0.24    0.017  0.112 -0.037  0.023
   35     39.29 -71.69  -8.57   3.94   0.28  -0.11    0.048  0.098  0.054  0.081
   36     59.15  36.58  77.74  15.12   0.55   0.50    0.017  0.009 -0.049  0.051
   37      5.63  31.30  50.02  14.67   0.24   0.13    0.015 -0.027 -0.077 -0.097
   38     46.49  73.20  73.03  17.16   0.45   0.55   -0.006  0.008  0.025  0.126
   39     14.06   0.88  26.12   3.24   0.13  -0.31   -0.011  0.056 -0.057 -0.243
   40     14.62 -41.82  13.89  16.63   0.29   0.17    0.008  0.039 -0.031 -0.077
   41     56.44  35.10  78.99   5.59   0.24  -0.14    0.025  0.105 -0.057  0.232
   42     34.35  -3.82  46.22  17.89   0.16   0.14    0.020  0.086 -0.032 -0.051
   43     24.69-110.16 -39.75   5.75   0.50   0.05    0.028  0.193 -0.120  0.158
   44     49.72  30.17  50.45   8.03   0.06  -0.19    0.017 -0.117 -0.064 -0.083
   45     41.22-145.11  45.83  18.93   0.45   1.03    0.017 -0.043  0.044  0.165
   46     34.15 -57.35  -1.02  16.32   0.19   0.22    0.018  0.091 -0.085  0.063
   47      1.08  10.62  80.39  21.36   0.64   0.67    0.034  0.044 -0.084 -0.182
   48     37.28  10.79  81.57  23.45   0.17   0.38    0.027  0.087 -0.005  0.001
   49     35.69  54.66  84.45  22.75   0.27   0.36   -0.000 -0.036 -0.053  0.063
   50     36.11-102.47 -35.69  15.47   0.47   0.70   -0.001  0.030 -0.048  0.080
   51     53.22-101.03 -54.92   9.32   0.76   0.94    0.019  0.086  0.044  0.061
   52     43.21-115.42  43.69  15.03   0.44   0.84   -0.001 -0.034  0.256 -0.138
   53      1.08  10.60  80.65  20.87   0.61   0.69    0.032  0.037 -0.032 -0.145
   54      2.81 -83.73 322.73  15.66   0.47   2.20   -0.211 -0.022 -0.032  0.020
   55      3.09 -89.69 304.28   0.46   0.41   2.14   -0.147  0.051 -0.003  0.022
   56     44.94  35.99  67.35  14.57   0.65   0.53    0.016  0.008 -0.146 -0.145
   57     47.14 -84.62 154.95  15.73   0.64   1.82   -0.018 -0.088  0.106  0.035
   58     45.62 -80.86 150.89  14.97   0.76   1.49    0.003  0.087  0.105 -0.026
   59      8.61 -81.98   0.53   2.41   0.89   0.14    0.040  0.135  0.094 -0.097
   60      3.62-109.98-118.00   2.70   1.20   1.28    0.027  0.368  0.265 -0.388
   61      0.57-130.38 -55.03   0.17   0.64   0.29   -0.010 -0.099 -0.009 -0.025
   62     20.13  19.60 152.27  15.13   0.88   1.15    0.011  0.093 -0.115 -0.090
   63     18.85 -46.98  29.70  20.50   0.24   0.30    0.017  0.101 -0.079  0.123
   64      4.77-162.25 184.99   8.09   0.87   2.45   -0.011  0.602  0.744  0.047
   65     23.48 -47.67  20.35  15.67   0.14   0.12    0.029  0.138 -0.104  0.044
   66     32.82-152.49  43.59  18.79   0.33   0.95    0.003 -0.097  0.250  0.355
   67     41.96 -36.93  -5.26  18.94   0.31   0.40    0.022  0.121 -0.130 -0.117
   68     14.18  50.86 106.02  20.41   0.39   0.75   -0.010  0.073  0.167  0.078
   69     48.30-214.97-349.14  73.50   0.00   0.00    0.000  0.000  0.000  0.000
   70      5.51  33.76  96.85  19.21   0.67   0.81    0.002  0.021  0.070 -0.019
   71      4.16   6.24  56.34   0.84   0.54  -0.23    0.031  0.034 -0.150 -0.070
   72     56.41 132.67-297.78  96.99  10.43   3.23   -0.152 -0.010  0.013 -0.004
   73     12.96  50.39  81.55  22.79   0.46   0.69    0.027 -0.034 -0.123 -0.153
   74     36.20-102.08  70.64  22.04   0.31   0.75    0.003  0.115  0.140  0.094
 ***** depth constrained for event    75
   75     46.65-108.05   3.32   0.11   1.14   0.43   -0.023 -0.228  0.324 -0.100
   76     54.60-217.19 302.17   0.10   0.00   0.00    0.000  0.000  0.000  0.000
   77     44.12  51.01  93.75  16.83   0.36   0.56    0.007  0.033  0.020  0.043
   78     41.83  38.43  66.11  21.73   0.41   0.48    0.017  0.038 -0.172 -0.113
 ***** depth constrained for event    79
   79     58.65 -69.49  -4.66   0.11   0.60   0.03    0.020  0.117 -0.049 -0.031
   80     26.74 -69.99  -6.12   0.03   0.59   0.05    0.019  0.064 -0.093 -0.140
 ***** depth constrained for event    81
   81     26.93 -69.84  -4.84   0.11   0.65   0.09    0.016  0.114 -0.069 -0.100
 ***** depth constrained for event    82
   82     23.32 -69.80  -4.67   0.11   0.49  -0.15    0.010  0.123 -0.055 -0.025
   83     23.25 -71.04  -6.37   6.95   0.23  -0.10    0.019  0.040 -0.101  0.129
   84     21.29 -42.96   8.42  20.96   0.09   0.22    0.029  0.149 -0.146 -0.024
   85     24.59-167.66 -46.29  10.98   0.65   1.29   -0.004 -0.060  0.038  0.035
   86     44.14 -12.06  29.89  18.10   0.24   0.23    0.014  0.090 -0.117 -0.017
   87     28.86 -61.62   6.54   3.14   0.20  -0.12    0.026 -0.001 -0.267  0.173
   88     38.12-103.65 -28.53   8.47   0.59   0.36    0.007  0.013 -0.123  0.034
   89     47.82-141.96  89.88  21.18   0.54   1.22    0.011  0.034  0.256  0.322
   90     48.30-139.88  88.64  21.00   0.48   1.16    0.013  0.061  0.277  0.268
   91     34.07  33.72  85.19  19.84   0.50   0.68   -0.005  0.109 -0.016  0.092

 A V E R A G E   of ADJUSTMENTS :                     0.003  0.029  0.008  0.021
 A V E R A G E   of ABSOLUTE ADJUSTMENTS :            0.019  0.080  0.093  0.093


 Step length damping of 0.13754 was applied.


 Velocity adjustments:
     vp    dvp      hp   reflector
 Velocity model   1
   5.490  0.051   -5.000      
   6.036  0.082    4.670      
   6.485 -0.003    9.500      
   6.748 -0.087   13.270      
   7.346 -0.016   28.880      
   7.482 -0.007   31.370      
   7.806 -0.058   32.260      
   8.339 -0.122   39.080      
   8.810 -0.200   48.520      

 Calculation of average velocity starts at layer #           1
 z = -5.00 ...  4.67    v = 5.49    AVEL = 5.49 downto z =   4.67
 z =  4.67 ...  9.50    v = 6.04    AVEL = 5.67 downto z =   9.50
 z =  9.50 ... 13.27    v = 6.48    AVEL = 5.84 downto z =  13.27
 z = 13.27 ... 28.88    v = 6.75    AVEL = 6.26 downto z =  28.88
 z = 28.88 ... 31.37    v = 7.35    AVEL = 6.33 downto z =  31.37
 z = 31.37 ... 32.26    v = 7.48    AVEL = 6.36 downto z =  32.26
 z = 32.26 ... 39.08    v = 7.81    AVEL = 6.58 downto z =  39.08
 z = 39.08 ... 48.52    v = 8.34    AVEL = 6.89 downto z =  48.52


 Calculation of average velocity starts at layer #           2
 z =  4.67 ...  9.50    v = 6.04    AVEL = 6.04 downto z =   9.50
 z =  9.50 ... 13.27    v = 6.48    AVEL = 6.23 downto z =  13.27
 z = 13.27 ... 28.88    v = 6.75    AVEL = 6.56 downto z =  28.88
 z = 28.88 ... 31.37    v = 7.35    AVEL = 6.64 downto z =  31.37
 z = 31.37 ... 32.26    v = 7.48    AVEL = 6.66 downto z =  32.26
 z = 32.26 ... 39.08    v = 7.81    AVEL = 6.89 downto z =  39.08
 z = 39.08 ... 48.52    v = 8.34    AVEL = 7.20 downto z =  48.52



 Adjusted station corrections:
   stn  ptcor  dpcor  
  624   0.000  0.000  628  -0.076 -0.026  630  -0.069 -0.025  627   0.023  0.008
  621   0.045  0.015  629   0.024  0.010  622   0.037  0.010  620   0.012 -0.001
  623   0.090  0.028  626   0.060  0.022  625   0.053  0.017  631   0.102  0.034
  632  -0.054 -0.012

 ~~~ another iteration? ...
 NITT = ITTMAX  --> stop iterations.
 ~~~ final solution reached ...

 ~~~ damp G & Chol.-Decomp.: NOT made (switch iresolcalc is NOT set !)

 Final rms values:  0.24 0.25 0.61 0.73 0.14 0.13 1.07 0.70 0.11 0.94
                    1.13 0.20 0.30 0.57 0.64 0.67 0.44 0.25 0.16 0.32
                    0.59 0.41 0.56 0.52 0.09 0.19 0.45 0.67 0.49 0.73
                    0.70 0.34 0.37 0.10 0.28 0.55 0.24 0.45 0.13 0.29
                    0.24 0.16 0.50 0.06 0.45 0.19 0.64 0.17 0.27 0.47
                    0.76 0.44 0.61 0.47 0.41 0.65 0.64 0.76 0.89 1.20
                    0.64 0.88 0.24 0.87 0.14 0.33 0.31 0.39 0.00 0.67
                    0.5410.43 0.46 0.31 1.14 0.00 0.36 0.41 0.60 0.59
                    0.65 0.49 0.23 0.09 0.65 0.24 0.20 0.59 0.54 0.48
                    0.50



 ~~~ output final hypocenters ...

      date    origin   latitude longitude  depth  mag  no  rms      x      y      z
   1 160818 1613  9.09 73.0037N 124.8488E  23.48 1.40   6 0.241   38.65 112.00  23.48
   2 160818 1613  9.30 72.9919N 124.8670E  23.04 1.10   6 0.251   38.05 110.68  23.04
   3 160819 0959 27.30 71.9278N 129.7770E  12.89 4.00  12 0.606 -130.57  -8.06  12.89
   4 160820 1506 15.70 71.9414N 129.7980E  10.95 1.50   9 0.729 -131.25  -6.54  10.95
   5 160820 1904 45.68 72.3473N 127.1763E  24.11 1.20   6 0.142  -40.21  38.76  24.11
   6 160822 1318 49.54 72.3643N 127.0701E  16.82 0.60   8 0.131  -36.56  40.65  16.82
   7 160823 0652 13.97 70.9327N 129.7991E   6.05 2.90   6 1.069 -134.83-119.09   6.05
   8 160824 1510 30.43 71.6085N 130.0472E   8.77 1.50   9 0.704 -141.11 -43.69   8.77
   9 160906 1514 39.69 72.5062N 125.6786E  12.12 0.90   6 0.112   10.94  56.48  12.12
  10 160920 1607 18.32 69.2373N 128.3663E  16.20 2.60   2 0.936  -87.67-308.28  16.20
  11 160925 1911  5.51 69.2248N 127.7004E  15.61 2.30   2 1.127  -63.02-309.67  15.61
  12 161004 0841 51.24 72.8471N 124.9632E  15.76 0.20   6 0.197   34.96  94.52  15.76
  13 161005 1619 46.89 72.8783N 125.0066E  19.48 1.00   9 0.304   33.47  98.00  19.48
  14 161006 0156 55.89 72.8734N 125.0074E  14.28 1.00   7 0.572   33.44  97.46  14.28
  15 161009 0036 44.69 72.8738N 124.9882E  17.93 1.30   8 0.638   34.09  97.50  17.93
  16 161009 0036 44.86 72.8625N 124.9670E  18.86 1.20   7 0.675   34.81  96.24  18.86
  17 161012 0800 22.09 72.7393N 126.0270E  18.72 0.80   7 0.440   -0.91  82.49  18.72
  18 161015 1013 36.52 72.0423N 126.9870E  11.39 0.70   7 0.254  -34.02   4.72  11.39
  19 161021 0507 33.35 72.5754N 124.7814E  10.21 0.80   6 0.165   41.40  64.20  10.21
  20 161124 2250 45.97 72.7638N 124.8857E  16.23 3.10   4 0.320   37.66  85.23  16.23
  21 161125 0156 34.12 72.7413N 124.9170E  14.39 0.60   7 0.586   36.62  82.72  14.39
  22 161125 0517 25.92 72.7646N 124.9456E  13.49 1.60   6 0.408   35.63  85.31  13.49
  23 161125 0525 15.92 72.7739N 124.9556E  11.50 0.80   6 0.559   35.29  86.36  11.50
  24 161125 0556  1.95 72.7406N 124.9681E   5.24 0.20   6 0.525   34.90  82.64   5.24
  25 170117 0846 48.70 72.2105N 127.3316E  22.33 0.30   6 0.088  -45.69  23.48  22.33
  26 170122 1614 27.64 71.9638N 128.0341E  10.61 0.90   6 0.186  -70.25  -4.04  10.61
  27 170125 2244  0.24 72.4406N 126.0176E  13.11 0.80   6 0.448   -0.60  49.16  13.11
  28 170302 1359 59.12 72.6840N 124.8839E  11.53 0.50   7 0.666   37.80  76.32  11.53
  29 170302 2335 20.20 71.8863N 130.3043E  15.43 2.10   9 0.487 -148.97 -12.69  15.43
  30 170304 2135  2.96 72.6856N 124.9325E  13.47 1.30   7 0.727   36.16  76.50  13.47
  31 170307 0447 21.02 72.6927N 124.9271E  14.04 1.70  10 0.696   36.33  77.29  14.04
  32 170307 2016 50.83 72.6895N 124.9113E  15.26 1.10   6 0.337   36.87  76.93  15.26
  33 170309 1454  0.85 72.6816N 124.8990E  15.68 0.30   6 0.373   37.29  76.05  15.68
  34 170311 0430 55.45 72.3121N 126.4900E  24.57 0.30   6 0.098  -16.77  34.83  24.57
  35 170312 0416 39.29 71.9232N 128.0734E   3.94 2.10   6 0.275  -71.69  -8.57   3.94
  36 170313 0553 59.15 72.6967N 124.9197E  15.12 1.00   9 0.552   36.58  77.74  15.12
  37 170313 0809  5.63 72.4483N 125.0819E  14.67 1.20   7 0.239   31.30  50.02  14.67
  38 170315 0234 46.49 72.6545N 123.8406E  17.16 1.40   7 0.451   73.20  73.03  17.16
  39 170317 1007 14.06 72.2341N 125.9744E   3.24 0.50   7 0.126    0.88  26.12   3.24
  40 170320 0711 14.62 72.1245N 127.2160E  16.63 0.90   6 0.288  -41.82  13.89  16.63
  41 170320 0853 56.44 72.7079N 124.9630E   5.59 0.40   6 0.243   35.10  78.99   5.59
  42 170320 1900 34.35 72.4143N 126.1120E  17.89 0.60   7 0.165   -3.82  46.22  17.89
  43 170323 0519 24.69 71.6438N 129.1625E   5.75 1.20   6 0.497 -110.16 -39.75   5.75
  44 170323 1612 49.72 72.4521N 125.1148E   8.03 0.50   6 0.056   30.17  50.45   8.03
  45 170323 1906 41.22 72.4108N 130.2525E  18.93 1.00   6 0.451 -145.11  45.83  18.93
  46 170326 0836 34.15 71.9908N 127.6617E  16.32 1.50   7 0.193  -57.35  -1.02  16.32
  47 170402 0422  1.08 72.7205N 125.6861E  21.36 1.20  10 0.638   10.62  80.39  21.36
  48 170402 0636 37.28 72.7310N 125.6811E  23.45 0.70   6 0.166   10.79  81.57  23.45
  49 170404 2347 35.69 72.7568N 124.3830E  22.75 0.50   6 0.265   54.66  84.45  22.75
  50 170405 0307 36.11 71.6802N 128.9445E  15.47 1.00  10 0.472 -102.47 -35.69  15.47
  51 170405 1410 53.22 71.5078N 128.8900E   9.32 1.70  10 0.764 -101.03 -54.92   9.32
  52 170406 0838 43.21 72.3916N 129.3807E  15.03 0.90  10 0.437 -115.42  43.69  15.03
  53 170406 1728  1.08 72.7228N 125.6866E  20.87 0.90  10 0.612   10.60  80.65  20.87
  54 170407 1729  2.81 74.8922N 128.6316E  15.66 1.80   2 0.472  -83.73 322.73  15.66
  55 170407 1729  3.09 74.7269N 128.8054E   0.46 1.60   5 0.408  -89.69 304.28   0.46
  56 170408 1004 44.94 72.6036N 124.9396E  14.57 1.40  13 0.652   35.99  67.35  14.57
  57 170409 0856 47.14 73.3886N 128.5476E  15.73 2.50   6 0.641  -84.62 154.95  15.73
  58 170409 0902 45.62 73.3523N 128.4319E  14.97 1.10   7 0.764  -80.86 150.89  14.97
  59 170410 1520  8.61 72.0048N 128.3762E   2.41 1.00  10 0.886  -81.98   0.53   2.41
  60 170410 1813  3.62 70.9425N 129.0997E   2.70 2.20  13 1.204 -109.98-118.00   2.70
  61 170412 1507  0.57 71.5069N 129.7295E   0.17 0.70   6 0.636 -130.38 -55.03   0.17
  62 170413 0651 20.13 73.3646N 125.4102E  15.13 1.00  10 0.882   19.60 152.27  15.13
  63 170414 0459 18.85 72.2661N 127.3714E  20.50 0.50   7 0.244  -46.98  29.70  20.50
  64 170414 0540  4.77 73.6578N 130.9219E   8.09 1.80  11 0.874 -162.25 184.99   8.09
  65 170414 1656 23.48 72.1823N 127.3883E  15.67 0.20   6 0.136  -47.67  20.35  15.67
  66 170414 1753 32.82 72.3906N 130.4665E  18.79 0.70   6 0.334 -152.49  43.59  18.79
  67 170416 0523 41.96 71.9528N 127.0689E  18.94 1.60  13 0.306  -36.93  -5.26  18.94
  68 170416 1220 14.18 72.9501N 124.4872E  20.41 1.00  11 0.392   50.86 106.02  20.41
 WARNING: Event-# :          69 has zero observations!
  69 170416 1257 48.30 68.8710N 131.7500E  73.50 2.20   0 0.000 -214.97-349.14  73.50
  70 170416 1821  5.51 72.8680N 124.9981E  19.21 1.30  13 0.666   33.76  96.85  19.21
  71 170418 0606  4.16 72.5049N 125.8167E   0.84 0.20   6 0.536    6.24  56.34   0.84
  72 170418 1005 56.41 69.3313N 122.4107E  96.99 2.20   110.432  132.67-297.78  96.99
  73 170418 1500 12.96 72.7309N 124.5104E  22.79 1.30  12 0.463   50.39  81.55  22.79
  74 170420 1302 36.20 72.6331N 129.0097E  22.04 0.90  11 0.305 -102.08  70.64  22.04
  75 170420 2248 46.65 72.0297N 129.1339E   0.11 0.70  11 1.136 -108.05   3.32   0.11
 WARNING: Event-# :          76 has zero observations!
  76 170423 0850 54.60 74.7080N 132.7900E   0.10 1.90   0 0.000 -217.19 302.17   0.10
  77 170423 1455 44.12 72.8402N 124.4874E  16.83 0.60   8 0.360   51.01  93.75  16.83
  78 170423 2313 41.83 72.5925N 124.8681E  21.73 1.30  12 0.406   38.43  66.11  21.73
  79 170424 0609 58.65 71.9582N 128.0116E   0.11 1.10  12 0.602  -69.49  -4.66   0.11
  80 170424 0755 26.74 71.9452N 128.0256E   0.03 1.00  12 0.589  -69.99  -6.12   0.03
  81 170424 0755 26.93 71.9567N 128.0217E   0.11 1.00  12 0.646  -69.84  -4.84   0.11
  82 170425 0652 23.32 71.9582N 128.0208E   0.11 1.20   9 0.487  -69.80  -4.67   0.11
  83 170426 0051 23.25 71.9429N 128.0558E   6.95 0.70   6 0.227  -71.04  -6.37   6.95
  84 170426 1425 21.29 72.0755N 127.2477E  20.96 0.10   6 0.091  -42.96   8.42  20.96
  85 170426 1834 24.59 71.5852N 130.8057E  10.98 1.20   8 0.649 -167.66 -46.29  10.98
  86 170426 1840 44.14 72.2679N 126.3521E  18.10 1.30   8 0.245  -12.06  29.89  18.10
  87 170427 0912 28.86 72.0586N 127.7886E   3.14 0.90   8 0.196  -61.62   6.54   3.14
  88 170427 1041 38.12 71.7444N 128.9835E   8.47 0.70   7 0.587 -103.65 -28.53   8.47
  89 170427 2010 47.82 72.8055N 130.2053E  21.18 1.30   8 0.544 -141.96  89.88  21.18
  90 170427 2010 48.30 72.7944N 130.1424E  21.00 1.30   8 0.483 -139.88  88.64  21.00
  91 170427 2342 34.07 72.7634N 125.0022E  19.84 0.80   6 0.503   33.72  85.19  19.84

 ~~~ output final station residuals ...
 TURBO-option is set; residuals are NOT printed for each event!



   station statistics, remember nsp was set to: 1


 sta phase nobs avres  avwres    std    wsum    delay

 624    P  74  0.4226  0.4226  0.5378  74.0000  0.0000
 628    P  69  0.2951  0.2951  0.5627  69.0000 -0.0756
 630    P  53  0.4275  0.4275  0.5441  53.0000 -0.0691
 627    P  46  0.4512  0.4512  0.7398  46.0000  0.0226
 621    P  59  0.7801  0.7801  0.7290  59.0000  0.0449
 629    P  43  0.4444  0.4444  0.6459  43.0000  0.0245
 622    P  58  0.4805  0.4805  0.7359  58.0000  0.0367
 620    P  48  0.3594  0.3594  0.8121  48.0000  0.0117
 623    P  55  0.5551  0.5551  0.6097  55.0000  0.0896
 626    P  52  0.7793  0.7793  0.7307  52.0000  0.0603
 625    P  49  0.5199  0.5199  0.6987  49.0000  0.0529
 631    P  49  1.2793  1.2793  1.1134  49.0000  0.1017
 632    P  24  0.7926  0.7926  1.0803  24.0000 -0.0538


 ~~~ output statistics ...




 RAY-STATISTICS FOR  L A S T  ITERATION
 --------------------------------------

 NHYP : nr of hypocenters in this layer
 NREF : nr of headwaves in this layer
 %len : % of "refracted km" in this layer 
        with respect to all refracted kilometers
 NHIT : nr of rays passed thru this layer
 xy-km: average horizontal ray length [km] in layer
 z-km : average  vertical  ray length [km] in layer
 RFLX : number of reflections at bottom of this layer

 nlay   top ..... bottom     velocity   NHYP NREF %len  NHIT xy-km  z-km  RFLX

   1    -5.00...  4.67 km    5.49 km/s   14    0   0.0   772   6.5   4.4     0
   2     4.67...  9.50 km    6.04 km/s   10   26   5.0   779   9.1   4.4     0
   3     9.50... 13.27 km    6.48 km/s   10   38   8.2   741  11.1   3.4     0
   4    13.27... 28.88 km    6.75 km/s   55   85  31.8   674  35.8   7.8     0
   5    28.88... 31.37 km    7.35 km/s    0    0   0.0   261   5.0   2.5     0
   6    31.37... 32.26 km    7.48 km/s    0    0   0.0   261   2.0   0.9     0
   7    32.26... 39.08 km    7.81 km/s    0   29   9.4   232  21.9   6.0     0
   8    39.08... 48.52 km    8.34 km/s    0   76  30.5   127  53.6   3.8     0
   9    48.52...       km    8.81 km/s    2   25  15.0     0   0.0   0.0

 Total nr of events was   91

 Total nr of refracted rays =   279
 Total nr of reflected rays =     0
 Total nr of   other   rays =   400
                              ------
 Total nr of    all    rays =   679

 Average (absolute) error of the raytracers:
  Straight and direct rays :    6.42 meters
  Refracted           rays :    0.01 meters
  Reflected           rays :    0.00 meters


 ALL RAYS TOGETHER:
 Average horizontal ray length =   89.9 km   (Hypocenter --> Station) 
 Average  vertical  ray length =   19.6 km   (Deepest ray-point --> Station)



 ... and some more STATISTICS 
 ---------------------------- 
  GAP of final epicenters:

  Event# -> GAP  Event# -> GAP  Event# -> GAP  Event# -> GAP  Event# -> GAP
       1 -> 295       2 -> 294       3 -> 271       4 -> 274       5 -> 308
       6 ->  98       7 -> 321       8 -> 306       9 -> 168      10 -> 346
      11 -> 347      12 -> 258      13 -> 263      14 -> 263      15 -> 263
      16 -> 264      17 -> 253      18 -> 244      19 -> 161      20 -> 302
      21 -> 232      22 -> 239      23 -> 241      24 -> 231      25 -> 130
      26 -> 102      27 -> 154      28 -> 212      29 -> 305      30 -> 212
      31 -> 215      32 -> 214      33 -> 211      34 -> 133      35 -> 241
      36 -> 216      37 -> 132      38 -> 312      39 -> 117      40 -> 209
      41 -> 220      42 -> 121      43 -> 233      44 -> 134      45 -> 308
      46 -> 126      47 -> 224      48 -> 226      49 -> 289      50 -> 196
      51 -> 290      52 -> 270      53 -> 224      54 -> 354      55 -> 347
      56 -> 180      57 -> 310      58 -> 318      59 -> 165      60 -> 310
      61 -> 301      62 -> 306      63 -> 149      64 -> 322      65 -> 129
      66 -> 293      67 ->  86      68 -> 295      69 -> 171      70 -> 261
      71 -> 172      72 ->   0      73 -> 258      74 -> 299      75 -> 240
      76 ->  59      77 -> 284      78 -> 173      79 -> 164      80 -> 170
      81 -> 166      82 -> 165      83 -> 236      84 -> 115      85 -> 315
      86 ->  94      87 -> 114      88 -> 270      89 -> 318      90 -> 317
      91 -> 295

 GAPs were between   0 and 354
      (average GAP was 228)



  MAGNITUDES of INPUT-DATA:

 Magnitude (# of events)   ***average number of obs***

 MAG<= 1.0 ( 47) *******
 MAG = 1.1 (  4) ********
 MAG = 1.2 (  7) ********
 MAG = 1.3 (  8) *********1
 MAG = 1.4 (  3) *********
 MAG = 1.5 (  3) ********
 MAG = 1.6 (  3) ********
 MAG = 1.7 (  2) *********1
 MAG = 1.8 (  2) *******
 MAG = 1.9 (  1)  
 MAG = 2.0 (  0)  
 MAG = 2.1 (  2) ********
 MAG = 2.2 (  3) *****
 MAG = 2.3 (  1) **
 MAG = 2.4 (  0)  
 MAG = 2.5 (  1) ******
 MAG = 2.6 (  1) **
 MAG = 2.7 (  0)  
 MAG = 2.8 (  0)  
 MAG = 2.9 (  1) ******
 MAG = 3.0 (  0)  
 MAG = 3.1 (  1) ****
 MAG = 3.2 (  0)  
 MAG = 3.3 (  0)  
 MAG = 3.4 (  0)  
 MAG = 3.5 (  0)  
 MAG = 3.6 (  0)  
 MAG = 3.7 (  0)  
 MAG = 3.8 (  0)  
 MAG = 3.9 (  0)  
 MAG = 4.0 (  1) *********1**
 MAG = 4.1 (  0)  
 MAG = 4.2 (  0)  
 MAG = 4.3 (  0)  
 MAG = 4.4 (  0)  
 MAG = 4.5 (  0)  
 MAG = 4.6 (  0)  
 MAG = 4.7 (  0)  
 MAG = 4.8 (  0)  
 MAG = 4.9 (  0)  
 MAG = 5.0 (  0)  
 MAG = 5.1 (  0)  
 MAG = 5.2 (  0)  
 MAG = 5.3 (  0)  
 MAG = 5.4 (  0)  
 MAG = 5.5 (  0)  
 MAG = 5.6 (  0)  
 MAG = 5.7 (  0)  
 MAG = 5.8 (  0)  
 MAG = 5.9 (  0)  
 MAG>= 6.0 (  0)  





  DEPTHs of INPUT-DATA and of LAST ITERATION:
  ===========================================

       Depth       # of events  

 DEPTH ( input ) =  -4. km :   
 DEPTH (last_IT) =  -4. km :   
 DEPTH ( input ) =  -3. km :   
 DEPTH (last_IT) =  -3. km :   
 DEPTH ( input ) =  -2. km :   
 DEPTH (last_IT) =  -2. km :   
 DEPTH ( input ) =  -1. km :   
 DEPTH (last_IT) =  -1. km :   
 DEPTH ( input ) =   0. km :  ........
 DEPTH (last_IT) =   0. km :  ********
 DEPTH ( input ) =   1. km :  .
 DEPTH (last_IT) =   1. km :  *
 DEPTH ( input ) =   2. km :   
 DEPTH (last_IT) =   2. km :  *
 DEPTH ( input ) =   3. km :  ...
 DEPTH (last_IT) =   3. km :  ***
 DEPTH ( input ) =   4. km :  ..
 DEPTH (last_IT) =   4. km :  *
 DEPTH ( input ) =   5. km :  ..
 DEPTH (last_IT) =   5. km :  *
 DEPTH ( input ) =   6. km :  ..
 DEPTH (last_IT) =   6. km :  ***
 DEPTH ( input ) =   7. km :  .
 DEPTH (last_IT) =   7. km :  *
 DEPTH ( input ) =   8. km :  ...
 DEPTH (last_IT) =   8. km :  ***
 DEPTH ( input ) =   9. km :  ..
 DEPTH (last_IT) =   9. km :  **
 DEPTH ( input ) =  10. km :  ..
 DEPTH (last_IT) =  10. km :  *
 DEPTH ( input ) =  11. km :  ...
 DEPTH (last_IT) =  11. km :  ****
 DEPTH ( input ) =  12. km :  ....
 DEPTH (last_IT) =  12. km :  ***
 DEPTH ( input ) =  13. km :  ..
 DEPTH (last_IT) =  13. km :  ****
 DEPTH ( input ) =  14. km :  ...
 DEPTH (last_IT) =  14. km :  ***
 DEPTH ( input ) =  15. km :  ........
 DEPTH (last_IT) =  15. km :  *********
 DEPTH ( input ) =  16. km :  .........1.
 DEPTH (last_IT) =  16. km :  *********
 DEPTH ( input ) =  17. km :  .....
 DEPTH (last_IT) =  17. km :  ****
 DEPTH ( input ) =  18. km :  ....
 DEPTH (last_IT) =  18. km :  ***
 DEPTH ( input ) =  19. km :  .....
 DEPTH (last_IT) =  19. km :  *******
 DEPTH ( input ) =  20. km :  .....
 DEPTH (last_IT) =  20. km :  ***
 DEPTH ( input ) =  21. km :  ..
 DEPTH (last_IT) =  21. km :  *****
 DEPTH ( input ) =  22. km :  ....
 DEPTH (last_IT) =  22. km :  ***
 DEPTH ( input ) =  23. km :  ....
 DEPTH (last_IT) =  23. km :  *****
 DEPTH ( input ) =  24. km :  ..
 DEPTH (last_IT) =  24. km :  *
 DEPTH ( input ) =  25. km :  .
 DEPTH (last_IT) =  25. km :  *
 DEPTH ( input ) =  26. km :   
 DEPTH (last_IT) =  26. km :   
 DEPTH ( input ) =  27. km :   
 DEPTH (last_IT) =  27. km :   
 DEPTH ( input ) =  28. km :   
 DEPTH (last_IT) =  28. km :   
 DEPTH ( input ) =  29. km :   
 DEPTH (last_IT) =  29. km :   
 DEPTH ( input ) =  30. km :   
 DEPTH (last_IT) =  30. km :   
 DEPTH ( input ) =  31. km :   
 DEPTH (last_IT) =  31. km :   
 DEPTH ( input ) =  32. km :   
 DEPTH (last_IT) =  32. km :   
 DEPTH ( input ) =  33. km :   
 DEPTH (last_IT) =  33. km :   
 DEPTH ( input ) =  34. km :   
 DEPTH (last_IT) =  34. km :   
 DEPTH ( input ) =  35. km :   
 DEPTH (last_IT) =  35. km :   
 DEPTH ( input ) =  36. km :   
 DEPTH (last_IT) =  36. km :   
 DEPTH ( input ) =  37. km :   
 DEPTH (last_IT) =  37. km :   
 DEPTH ( input ) =  38. km :   
 DEPTH (last_IT) =  38. km :   
 DEPTH ( input ) =  39. km :   
 DEPTH (last_IT) =  39. km :   
 DEPTH ( input ) =  40. km :   
 DEPTH (last_IT) =  40. km :   
 DEPTH ( input ) =  41. km :   
 DEPTH (last_IT) =  41. km :   
 DEPTH ( input ) =  42. km :   
 DEPTH (last_IT) =  42. km :   
 DEPTH ( input ) =  43. km :   
 DEPTH (last_IT) =  43. km :   
 DEPTH ( input ) =  44. km :   
 DEPTH (last_IT) =  44. km :   
 DEPTH ( input ) =  45. km :   
 DEPTH (last_IT) =  45. km :   
 DEPTH ( input ) =  46. km :   
 DEPTH (last_IT) =  46. km :   
 DEPTH ( input ) =  47. km :   
 DEPTH (last_IT) =  47. km :   
 DEPTH ( input ) =  48. km :   
 DEPTH (last_IT) =  48. km :   
 DEPTH ( input ) =  49. km :   
 DEPTH (last_IT) =  49. km :   
 DEPTH ( input ) =  50. km :   
 DEPTH (last_IT) =  50. km :   
 DEPTH ( input ) =  51. km :   
 DEPTH (last_IT) =  51. km :   
 DEPTH ( input ) =  52. km :   
 DEPTH (last_IT) =  52. km :   
 DEPTH ( input ) =  53. km :   
 DEPTH (last_IT) =  53. km :   
 DEPTH ( input ) =  54. km :   
 DEPTH (last_IT) =  54. km :   
 DEPTH ( input ) =  55. km :   
 DEPTH (last_IT) =  55. km :   
 DEPTH ( input ) =  56. km :   
 DEPTH (last_IT) =  56. km :   
 DEPTH ( input ) =  57. km :   
 DEPTH (last_IT) =  57. km :   
 DEPTH ( input ) =  58. km :   
 DEPTH (last_IT) =  58. km :   
 DEPTH ( input ) =  59. km :   
 DEPTH (last_IT) =  59. km :   
 DEPTH ( input ) =  60. km :   
 DEPTH (last_IT) =  60. km :   
 DEPTH ( input ) =  61. km :   
 DEPTH (last_IT) =  61. km :   
 DEPTH ( input ) =  62. km :   
 DEPTH (last_IT) =  62. km :   
 DEPTH ( input ) =  63. km :   
 DEPTH (last_IT) =  63. km :   
 DEPTH ( input ) =  64. km :   
 DEPTH (last_IT) =  64. km :   
 DEPTH ( input ) =  65. km :   
 DEPTH (last_IT) =  65. km :   
 DEPTH ( input ) =  66. km :   
 DEPTH (last_IT) =  66. km :   
 DEPTH ( input ) =  67. km :   
 DEPTH (last_IT) =  67. km :   
 DEPTH ( input ) =  68. km :   
 DEPTH (last_IT) =  68. km :   
 DEPTH ( input ) =  69. km :   
 DEPTH (last_IT) =  69. km :   
 DEPTH ( input ) =  70. km :   
 DEPTH (last_IT) =  70. km :   
 DEPTH ( input ) =  71. km :   
 DEPTH (last_IT) =  71. km :   
 DEPTH ( input ) =  72. km :   
 DEPTH (last_IT) =  72. km :   
 DEPTH ( input ) =  73. km :   
 DEPTH (last_IT) =  73. km :   
 DEPTH ( input ) =  74. km :  .
 DEPTH (last_IT) =  74. km :  *
 DEPTH ( input ) =  75. km :   
 DEPTH (last_IT) =  75. km :   
 DEPTH ( input ) =  76. km :   
 DEPTH (last_IT) =  76. km :   
 DEPTH ( input ) =  77. km :   
 DEPTH (last_IT) =  77. km :   
 DEPTH ( input ) =  78. km :   
 DEPTH (last_IT) =  78. km :   
 DEPTH ( input ) =  79. km :   
 DEPTH (last_IT) =  79. km :   
 DEPTH ( input ) =  80. km :   
 DEPTH (last_IT) =  80. km :   
 DEPTH ( input ) =  81. km :   
 DEPTH (last_IT) =  81. km :   
 DEPTH ( input ) =  82. km :   
 DEPTH (last_IT) =  82. km :   
 DEPTH ( input ) =  83. km :   
 DEPTH (last_IT) =  83. km :   
 DEPTH ( input ) =  84. km :   
 DEPTH (last_IT) =  84. km :   
 DEPTH ( input ) =  85. km :   
 DEPTH (last_IT) =  85. km :   
 DEPTH ( input ) =  86. km :   
 DEPTH (last_IT) =  86. km :   
 DEPTH ( input ) =  87. km :   
 DEPTH (last_IT) =  87. km :   
 DEPTH ( input ) =  88. km :   
 DEPTH (last_IT) =  88. km :   
 DEPTH ( input ) =  89. km :   
 DEPTH (last_IT) =  89. km :   
 DEPTH ( input ) =  90. km :   
 DEPTH (last_IT) =  90. km :   
 DEPTH ( input ) =  91. km :   
 DEPTH (last_IT) =  91. km :   
 DEPTH ( input ) =  92. km :   
 DEPTH (last_IT) =  92. km :   
 DEPTH ( input ) =  93. km :   
 DEPTH (last_IT) =  93. km :   
 DEPTH ( input ) =  94. km :   
 DEPTH (last_IT) =  94. km :   
 DEPTH ( input ) =  95. km :   
 DEPTH (last_IT) =  95. km :   
 DEPTH ( input ) =  96. km :   
 DEPTH (last_IT) =  96. km :   
 DEPTH ( input ) =  97. km :  .
 DEPTH (last_IT) =  97. km :  *
 DEPTH ( input ) =  98. km :   
 DEPTH (last_IT) =  98. km :   
 DEPTH ( input ) =  99. km :   
 DEPTH (last_IT) =  99. km :   
 DEPTH ( input ) = 100. km :   
 DEPTH (last_IT) = 100. km :   
 DEPTH ( input ) > 100. km :   
 DEPTH (last_IT) > 100. km :   


 Residuals of the stations according to the azimuth:
 (RES  = total average residual at station)
 (RES1 = average residual of rays from 1st quadrant)
 (RES2 = average residual of rays from 2nd quadrant)
 (RES3 = average residual of rays from 3rd quadrant)
 (RES4 = average residual of rays from 4th quadrant)

 Stn#  Stn     RES          RES1         RES2         RES3         RES4
   1   624     0.42(  74)   0.27(  33)  -0.06(   5)   0.52(  29)   1.08(   7)
   2   628     0.30(  69)   0.22(  32)  -0.07(   5)   0.23(  25)   1.12(   7)
   3   630     0.43(  53)   0.72(  25)  -0.05(  10)  -0.11(  10)   0.79(   8)
   4   627     0.45(  46)   0.69(  12)   0.00(   0)   0.08(  22)   0.89(  12)
   5   621     0.78(  59)   0.48(   7)   0.00(   0)   1.17(  18)   0.64(  34)
   6   629     0.44(  43)   0.73(  15)   0.00(   0)   0.28(   9)   0.30(  19)
   7   622     0.48(  58)   0.09(  27)   0.00(   0)   0.82(  20)   0.82(  11)
   8   620     0.36(  48)  -0.04(   1)   0.00(   0)   0.85(  18)   0.07(  29)
   9   623     0.56(  55)   0.34(  30)   0.00(   0)   0.88(  17)   0.67(   8)
  10   626     0.78(  52)   0.76(  24)   0.00(   0)   0.89(   6)   0.77(  22)
  11   625     0.52(  49)   0.43(  14)   0.00(   0)   0.45(  23)   0.75(  12)
  12   631     1.28(  49)   1.53(  18)   3.23(   1)   1.92(   4)   0.93(  26)
  13   632     0.79(  24)   1.24(  12)   2.20(   2)  -0.22(   3)   0.06(   7)



 CPU - statistics:

 TOTAL CPU-sec          =    0.2     (CPU-minutes:  0.004)

 >>>   End of program VELEST at 25-06-02 16:09       <<< [ CPU-sec :     0.2]
