 >>> Start of program VELEST at 25-06-01 23:10       <<<                        

 ::::::::::::::::::::::::::::::::::::::                                         
  V E L E S T  - Version : January 3, 1995                                      
  (Authors: see source code)                                                    
 ::::::::::::::::::::::::::::::::::::::                                         


 Title of this VELEST run:

 vinnik
 ------


 Current array-dimensions of program VELEST:

 Max. number of EARTHQUAKES for simult. inversion IEQ = ***
 Max. number of SHOTS for simult. inversion    INSHOT =  50
 Max. number of (different) 1D-MODELS      ITOTMODELS =   2
 Max. number of LAYERS per one 1D-model        INLTOT = 100
 Max. number of STATIONS in stationlist           IST = 650
 Max. number of OBSERVATIONS per event MAXOBSPEREVENT = 180






    INPUT - P A R A M E T E R S :



***
***  olat       olon   icoordsystem      zshift   itrial ztrial    ised
  72.000000-126.000000      0            0.000       0     0.00      0
***
*** neqs   nshot    rotate
     91      0      0.0
***
*** isingle   iresolcalc
       0          0
***
*** dmax    itopo    zmin     veladj    zadj   lowveloclay
   300.00     0      0.01       0.20    5.00       0
***
*** nsp    swtfac   vpvs       nmod
     1      1.00    1.730        1
***
***   othet   xythet    zthet    vthet   stathet
       0.01     0.01     0.01     1.00     0.01
***
*** nsinv   nshcor   nshfix     iuseelev    iusestacorr
       1       0       0           1            1
***
*** iturbo    icnvout   istaout   ismpout
       1         1         1         0
***
*** irayout   idrvout   ialeout   idspout   irflout   irfrout   iresout
       0         0         0         0         0         0         0
***
*** delmin   ittmax   invertratio
    0.010       3          1
***
*** Modelfile:
tmp/vinnik/synthvel/model_7.mod
***
*** Stationfile:
./velinp/station.sta
***
*** Seismofile:
 
***
*** File with region names:
 
***
*** File with region coordinates:
 
***
*** File #1 with topo data:
 
***
*** File #2 with topo data:
 
***
*** DATA INPUT files:
***
*** File with Earthquake data:
./velinp/data.cnv
***
*** File with Shot data:
 
***
*** OUTPUT files:
***
*** Main print output file:
./velout/vinnik/velest7.out
***
*** File with single event locations:
velout.vel
***
*** File with final hypocenters in *.cnv format:
./velout/vinnik/final_loc7.cnv
***
*** File with new station corrections:
./velout/vinnik/stations_corr7.sta
***
*** File with summary cards (e.g. for plotting):
velout.smp
***
*** File with raypoints:
velout.ray
***
*** File with derivatives:
velout.drv
***
*** File with ALEs:
velout.ale
***
*** File with Dirichlet spreads:
velout.dspr
***
*** File with reflection points:
velout.rfl
***
*** File with refraction points:
velout.rfr
***
*** File with residuals:
velout.res
***




 Origin of cartesian coordinates:
        72.00000N   126.00000E

  X,Y-AXES rotated clockwise from North
           Rotation angle (rotate):
            rotate=    0.0 degr.

 icoordsystem =            0
 normal SHORT DISTANCE CONVERSION will be made
 x is positive towards west, y is positive towards north


 SHORT DISTANCE CONVERSION on ELLIPSOIDE of WORLD GEODETIC SYSTEM 1972 (WGS72)
 =============================================================================

 Radius at equator (REARTH)= 6378.13500  km
   1. / (ellipticity)      =    298.260

 Origin of cartesian coordinates [degrees]:
   72.0000000 N     -126.0000000 W

  Rotation angle (in degr.) clockwise from
North  rotate=    0.0

 Radius of sphere at OLAT =   6358.817 km

 Conversion of GEOGRAPHICAL LATITUDE to GEOCENTRICAL LATITUDE:
 RLATC = TAN(GEOCENTR.LAT) / TAN(GEOGRAPH.LAT)
 RLATC =   0.99333486

          Short distance conversions:
          one min lat ~  1.8597 km 
          one min lon ~  0.5751 km 







    INPUT - M O D E L :



 Model(s) read from file :
 tmp/vinnik/synthvel/model_7.mod                                                 

 model file title: 
Model: model_7.mod                      
 Velocity structure for model   1 :

 layer    vel   depth   vdamp  reflector
   1      4.33  -5.00    1.00         P-VELOCITY MODEL                  
   2      5.73   0.00    1.00  
   3      5.79   9.50    1.00  
   4      6.28  20.60    1.00  
   5      6.44  26.90    1.00  
   6      6.71  28.90    1.00  
   7      8.44  35.50    1.00  

 Calculation of average velocity starts at layer #            1
 z = -5.00 ...  0.00    v = 4.33    AVEL = 4.33 downto z =   0.00
 z =  0.00 ...  9.50    v = 5.73    AVEL = 5.25 downto z =   9.50
 z =  9.50 ... 20.60    v = 5.79    AVEL = 5.48 downto z =  20.60
 z = 20.60 ... 26.90    v = 6.28    AVEL = 5.64 downto z =  26.90
 z = 26.90 ... 28.90    v = 6.44    AVEL = 5.69 downto z =  28.90
 z = 28.90 ... 35.50    v = 6.71    AVEL = 5.85 downto z =  35.50


 Calculation of average velocity starts at layer #            2
 z =  0.00 ...  9.50    v = 5.73    AVEL = 5.73 downto z =   9.50
 z =  9.50 ... 20.60    v = 5.79    AVEL = 5.76 downto z =  20.60
 z = 20.60 ... 26.90    v = 6.28    AVEL = 5.88 downto z =  26.90
 z = 26.90 ... 28.90    v = 6.44    AVEL = 5.92 downto z =  28.90
 z = 28.90 ... 35.50    v = 6.71    AVEL = 6.07 downto z =  35.50






    INPUT - S T A T I O N S :



 Station-parameters read from file :
 ./velinp/station.sta                                                            


     stn latitude longitude elev   x      y      z     ptcor stcor model icc
   1 624 72.4760N126.2750E     0  -9.37  53.11  -0.00   0.00  0.00   1  13
   2 628 72.4000N127.1470E     0 -39.15  44.63  -0.00   0.00  0.00   1  12
   3 630 72.0750N128.3250E     0 -80.06   8.37  -0.00   0.00  0.00   1  11
   4 627 72.1170N126.9820E     0 -33.78  13.06  -0.00   0.00  0.00   1  10
   5 621 72.1840N124.8890E     0  38.14  20.53  -0.00   0.00  0.00   1   9
   6 629 71.9290N127.3130E     0 -45.39  -7.92  -0.00   0.00  0.00   1   8
   7 622 72.4420N125.3130E     0  23.42  49.32  -0.00   0.00  0.00   1   7
   8 620 72.6540N124.3470E     0  56.03  72.98  -0.00   0.00  0.00   1   6
   9 623 72.3260N125.7600E     0   8.21  36.38  -0.00   0.00  0.00   1   5
  10 626 71.8880N126.0360E     0  -1.25 -12.50  -0.00   0.00  0.00   1   4
  11 625 72.1740N126.1070E     0  -3.67  19.42  -0.00   0.00  0.00   1   3
  12 631 71.3990N127.2470E     0 -43.72 -67.06  -0.00   0.00  0.00   1   2
  13 632 71.5740N129.0728E     0-107.23 -47.53  -0.00   0.00  0.00   1   1

 NO Seismo-parameter-file specified
 --> NO magnitudes calculated!




   neqs=   91  nshot=    0  nltot=    7

 ~~~ input parameters read.
 ~~~ set units for first iteration ...
 ~~~ determine number of unknowns ...

 Number of unknowns (for array-indexing):  nvar =  383
 Number of effective unknowns        :  nvareff =  371
 Number of elements on/below main diagonal of matrix G = At*A : kvar =   73536

 ~~~ reset G and RHT ...
 ~~~ input data, raytracing, setup G ...






    I N P U T - D A T A  

  eq    origin-time    latitude longitude depth    x      y      z    mag ifxOBS
   1 160818 1613  9.10 73.0030N 124.8500E  23.10  38.61 111.92  23.10 1.40 0   6
   2 160818 1613  9.30 72.9910N 124.8700E  22.80  37.95 110.58  22.80 1.10 0   6
   3 160819 0959 27.30 71.9230N 129.7600E  12.10-130.00  -8.59  12.10 4.00 0  12
   4 160820 1506 15.70 71.9380N 129.7900E  11.00-130.98  -6.92  11.00 1.50 0   9
   5 160820 1904 45.70 72.3480N 127.1800E  23.80 -40.33  38.83  23.80 1.20 0   6
   6 160822 1318 49.50 72.3650N 127.0800E  16.50 -36.90  40.73  16.50 0.60 0   8
   7 160823 0652 14.00 70.9330N 129.8100E   6.40-135.21-119.06   6.40 2.90 0   6
   8 160824 1510 30.40 71.6070N 130.0400E   8.60-140.86 -43.85   8.60 1.50 0   9
   9 160906 1514 39.70 72.5080N 125.6800E  12.10  10.89  56.68  12.10 0.90 0   6
 WARNING:
 epicentral distance: 303.3 > dmax ( 300.0) ==> skipping phase !
 WARNING:
 epicentral distance: 338.2 > dmax ( 300.0) ==> skipping phase !
  10 160920 1607 18.30 69.2370N 128.3500E  16.20 -87.07-308.31  16.20 2.60 0   2
 WARNING:
 epicentral distance: 318.5 > dmax ( 300.0) ==> skipping phase !
 WARNING:
 epicentral distance: 355.0 > dmax ( 300.0) ==> skipping phase !
  11 160925 1911  5.60 69.2250N 127.6800E  15.60 -62.26-309.64  15.60 2.30 0   2
  12 161004 0841 51.20 72.8480N 124.9600E  15.60  35.07  94.62  15.60 0.20 0   6
  13 161005 1619 46.90 72.8770N 125.0100E  19.00  33.35  97.86  19.00 1.00 0   9
  14 161006 0156 55.90 72.8740N 125.0100E  13.90  33.36  97.52  13.90 1.00 0   7
  15 161009 0036 44.70 72.8720N 124.9900E  17.20  34.03  97.30  17.20 1.30 0   8
  16 161009 0036 44.90 72.8580N 124.9600E  18.60  35.06  95.74  18.60 1.20 0   7
  17 161012 0800 22.10 72.7380N 126.0300E  18.50  -1.01  82.35  18.50 0.80 0   7
  18 161015 1013 36.50 72.0400N 126.9900E  11.20 -34.12   4.46  11.20 0.70 0   7
  19 161021 0507 33.30 72.5750N 124.7800E  10.10  41.44  64.16  10.10 0.80 0   6
  20 161124 2250 46.00 72.7630N 124.8800E  16.20  37.85  85.14  16.20 3.10 0   4
  21 161125 0156 34.10 72.7420N 124.9200E  14.50  36.52  82.80  14.50 0.60 0   7
  22 161125 0517 25.90 72.7650N 124.9400E  13.50  35.82  85.36  13.50 1.60 0   6
  23 161125 0525 15.90 72.7740N 124.9500E  11.60  35.48  86.37  11.60 0.80 0   6
  24 161125 0556  2.00 72.7350N 124.9700E   5.70  34.84  82.01   5.70 0.20 0   6
  25 170117 0846 48.60 72.2130N 127.3400E  22.00 -45.97  23.77  22.00 0.30 0   6
  26 170122 1614 27.60 71.9670N 128.0400E  10.30 -70.45  -3.68  10.30 0.90 0   6
  27 170125 2244  0.20 72.4440N 126.0200E  13.10  -0.68  49.54  13.10 0.80 0   6
  28 170302 1359 59.10 72.6830N 124.8900E  11.50  37.60  76.21  11.50 0.50 0   7
  29 170302 2335 20.20 71.8850N 130.3000E  14.80-148.82 -12.83  14.80 2.10 0   9
  30 170304 2135  2.90 72.6880N 124.9400E  13.40  35.90  76.77  13.40 1.30 0   7
  31 170307 0447 21.00 72.6940N 124.9200E  14.20  36.57  77.44  14.20 1.70 0  10
  32 170307 2016 50.80 72.6910N 124.9100E  15.30  36.91  77.10  15.30 1.10 0   6
  33 170309 1454  0.80 72.6830N 124.9000E  15.60  37.26  76.21  15.60 0.30 0   6
  34 170311 0430 55.40 72.3130N 126.5000E  24.50 -17.11  34.93  24.50 0.30 0   6
  35 170312 0416 39.20 71.9240N 128.0800E   3.40 -71.91  -8.48   3.40 2.10 0   6
  36 170313 0553 59.10 72.6980N 124.9200E  15.10  36.57  77.89  15.10 1.00 0   9
  37 170313 0809  5.60 72.4500N 125.0800E  14.90  31.36  50.21  14.90 1.20 0   7
  38 170315 0234 46.50 72.6540N 123.8400E  16.90  73.22  72.98  16.90 1.40 0   7
  39 170317 1007 14.10 72.2350N 125.9800E   3.90   0.69  26.22   3.90 0.50 0   7
  40 170320 0711 14.60 72.1250N 127.2200E  16.80 -41.95  13.95  16.80 0.90 0   6
  41 170320 0853 56.40 72.7090N 124.9700E   5.10  34.86  79.11   5.10 0.40 0   6
  42 170320 1900 34.30 72.4150N 126.1200E  18.00  -4.09  46.31  18.00 0.60 0   7
  43 170323 0519 24.60 71.6470N 129.1800E   5.20-110.76 -39.39   5.20 1.20 0   6
  44 170323 1612 49.70 72.4530N 125.1100E   8.30  30.33  50.55   8.30 0.50 0   6
  45 170323 1906 41.20 72.4070N 130.2500E  18.30-145.04  45.41  18.30 1.00 0   6
  46 170326 0836 34.10 71.9930N 127.6700E  16.10 -57.63  -0.78  16.10 1.50 0   7
  47 170402 0422  1.00 72.7220N 125.6900E  21.90  10.49  80.56  21.90 1.20 0  10
  48 170402 0636 37.20 72.7310N 125.6900E  23.50  10.49  81.57  23.50 0.70 0   6
  49 170404 2347 35.70 72.7580N 124.3800E  22.60  54.76  84.58  22.60 0.50 0   6
  50 170405 0307 36.10 71.6810N 128.9500E  15.30-102.66 -35.60  15.30 1.00 0  10
  51 170405 1410 53.20 71.5100N 128.9000E   9.30-101.37 -54.68   9.30 1.70 0  10
  52 170406 0838 43.20 72.3850N 129.3800E  15.50-115.42  42.96  15.50 0.90 0  10
  53 170406 1728  1.00 72.7230N 125.6900E  21.30  10.49  80.67  21.30 0.90 0  10
 WARNING:
 epicentral distance: 325.9 > dmax ( 300.0) ==> skipping phase !
 WARNING:
 epicentral distance: 332.9 > dmax ( 300.0) ==> skipping phase !
 WARNING:
 epicentral distance: 345.3 > dmax ( 300.0) ==> skipping phase !
 WARNING:
 epicentral distance: 391.9 > dmax ( 300.0) ==> skipping phase !
  54 170407 1729  3.40 74.8930N 128.6300E  15.60 -83.67 322.81  15.60 1.80 0   2
 WARNING:
 epicentral distance: 311.3 > dmax ( 300.0) ==> skipping phase !
 WARNING:
 epicentral distance: 315.4 > dmax ( 300.0) ==> skipping phase !
 WARNING:
 epicentral distance: 328.9 > dmax ( 300.0) ==> skipping phase !
 WARNING:
 epicentral distance: 374.2 > dmax ( 300.0) ==> skipping phase !
  55 170407 1729  3.50 74.7270N 128.8100E   0.40 -89.83 304.29   0.40 1.60 0   5
  56 170408 1004 44.90 72.6070N 124.9400E  15.00  35.98  67.73  15.00 1.40 0  13
  57 170409 0856 47.20 73.3850N 128.5500E  15.60 -84.71 154.54  15.60 2.50 0   6
  58 170409 0902 45.60 73.3500N 128.4400E  15.10 -81.13 150.64  15.10 1.10 0   7
  59 170410 1520  8.50 72.0030N 128.3900E   2.70 -82.46   0.33   2.70 1.00 0  10
  60 170410 1813  3.60 70.9360N 129.1200E   3.70-110.72-118.73   3.70 2.20 0  13
  61 170412 1507  0.60 71.5070N 129.7200E   0.00-130.05 -55.01   0.00 0.70 0   6
  62 170413 0651 20.10 73.3680N 125.4200E  15.60  19.28 152.65  15.60 1.00 0  10
  63 170414 0459 18.80 72.2680N 127.3800E  20.10 -47.27  29.90  20.10 0.50 0   7
  64 170414 0540  4.80 73.6400N 130.9700E   8.00-163.92 183.00   8.00 1.80 0  11
  65 170414 1656 23.40 72.1850N 127.4000E  15.50 -48.06  20.64  15.50 0.20 0   6
  66 170414 1753 32.80 72.3840N 130.4600E  17.90-152.30  42.85  17.90 0.70 0   6
  67 170416 0523 41.90 71.9560N 127.0800E  19.20 -37.31  -4.91  19.20 1.60 0  13
  68 170416 1220 14.20 72.9470N 124.4900E  20.40  50.77 105.67  20.40 1.00 0  11
 WARNING:
 epicentral distance: 320.3 > dmax ( 300.0) ==> skipping phase !
 WARNING:
 epicentral distance: 381.0 > dmax ( 300.0) ==> skipping phase !
 WARNING:
 epicentral distance: 398.8 > dmax ( 300.0) ==> skipping phase !
 WARNING:
 epicentral distance: 405.0 > dmax ( 300.0) ==> skipping phase !
 WARNING:
 epicentral distance: 424.8 > dmax ( 300.0) ==> skipping phase !
 WARNING:
 epicentral distance: 431.2 > dmax ( 300.0) ==> skipping phase !
 WARNING:
 epicentral distance: 445.5 > dmax ( 300.0) ==> skipping phase !
 WARNING:
 epicentral distance: 451.8 > dmax ( 300.0) ==> skipping phase !
 WARNING:
 epicentral distance: 464.3 > dmax ( 300.0) ==> skipping phase !
  69 170416 1257 48.30 68.8710N 131.7500E  73.50-214.97-349.14  73.50 2.20 0   0
  70 170416 1821  5.50 72.8670N 125.0000E  19.30  33.70  96.74  19.30 1.30 0  13
  71 170418 0606  4.10 72.5080N 125.8200E   1.30   6.13  56.68   1.30 0.20 0   6
 WARNING:
 epicentral distance: 315.2 > dmax ( 300.0) ==> skipping phase !
 WARNING:
 epicentral distance: 332.1 > dmax ( 300.0) ==> skipping phase !
 WARNING:
 epicentral distance: 345.3 > dmax ( 300.0) ==> skipping phase !
 WARNING:
 epicentral distance: 352.6 > dmax ( 300.0) ==> skipping phase !
 WARNING:
 epicentral distance: 346.7 > dmax ( 300.0) ==> skipping phase !
 WARNING:
 epicentral distance: 356.6 > dmax ( 300.0) ==> skipping phase !
 WARNING:
 epicentral distance: 363.9 > dmax ( 300.0) ==> skipping phase !
 WARNING:
 epicentral distance: 372.8 > dmax ( 300.0) ==> skipping phase !
 WARNING:
 epicentral distance: 378.6 > dmax ( 300.0) ==> skipping phase !
 WARNING:
 epicentral distance: 378.6 > dmax ( 300.0) ==> skipping phase !
  72 170418 1005 56.80 69.3310N 122.4100E  97.00 132.70-297.82  97.00 2.20 0   1
  73 170418 1500 12.90 72.7340N 124.5100E  23.10  50.40  81.90  23.10 1.30 0  12
  74 170420 1302 36.20 72.6290N 129.0200E  21.80-102.44  70.19  21.80 0.90 0  11
  75 170420 2248 46.70 72.0220N 129.1200E   0.00-107.59   2.46   0.00 0.70 0  11
 WARNING:
 epicentral distance: 313.1 > dmax ( 300.0) ==> skipping phase !
 WARNING:
 epicentral distance: 324.4 > dmax ( 300.0) ==> skipping phase !
 WARNING:
 epicentral distance: 324.2 > dmax ( 300.0) ==> skipping phase !
 WARNING:
 epicentral distance: 342.4 > dmax ( 300.0) ==> skipping phase !
 WARNING:
 epicentral distance: 349.0 > dmax ( 300.0) ==> skipping phase !
 WARNING:
 epicentral distance: 380.2 > dmax ( 300.0) ==> skipping phase !
 WARNING:
 epicentral distance: 381.6 > dmax ( 300.0) ==> skipping phase !
 WARNING:
 epicentral distance: 408.0 > dmax ( 300.0) ==> skipping phase !
  76 170423 0850 54.60 74.7080N 132.7900E   0.10-217.19 302.17   0.10 1.90 0   0
  77 170423 1455 44.10 72.8400N 124.4900E  16.80  50.92  93.73  16.80 0.60 0   8
  78 170423 2313 41.80 72.5960N 124.8700E  22.00  38.36  66.50  22.00 1.30 0  12
  79 170424 0609 58.60 71.9600N 128.0200E   0.10 -69.77  -4.46   0.10 1.10 0  12
  80 170424 0755 26.70 71.9480N 128.0300E   0.00 -70.14  -5.80   0.00 1.00 0  12
  81 170424 0755 26.90 71.9590N 128.0300E   0.00 -70.12  -4.57   0.00 1.00 0  12
  82 170425 0652 23.30 71.9600N 128.0300E   0.00 -70.12  -4.46   0.00 1.20 0   9
  83 170426 0051 23.20 71.9450N 128.0600E   6.60 -71.18  -6.14   6.60 0.70 0   6
  84 170426 1425 21.20 72.0790N 127.2600E  21.00 -43.38   8.82  21.00 0.10 0   6
  85 170426 1834 24.60 71.5840N 130.8000E  10.90-167.46 -46.42  10.90 1.20 0   8
  86 170426 1840 44.10 72.2710N 126.3600E  18.10 -12.33  30.24  18.10 1.30 0   8
  87 170427 0912 28.80 72.0640N 127.7900E   2.60 -61.65   7.14   2.60 0.90 0   8
  88 170427 1041 38.10 71.7480N 128.9900E   8.40-103.86 -28.12   8.40 0.70 0   7
  89 170427 2010 47.80 72.8010N 130.2000E  20.20-141.80  89.38  20.20 1.30 0   8
  90 170427 2010 48.30 72.7890N 130.1400E  20.10-139.82  88.04  20.10 1.30 0   8
  91 170427 2342 34.10 72.7630N 125.0100E  19.50  33.46  85.14  19.50 0.80 0   6

 readings for station 624  :  74
 readings for station 628  :  69
 readings for station 630  :  53
 readings for station 627  :  46
 readings for station 621  :  59
 readings for station 629  :  43
 readings for station 622  :  58
 readings for station 620  :  48
 readings for station 623  :  55
 readings for station 626  :  52
 readings for station 625  :  49
 readings for station 631  :  49
 readings for station 632  :  24

 Total number of stations with readings:  13

 Total number of readings:     679
 Total number of P readings:       0
 Total number of S readings:       0


 ~~~ store parts of G ...
 ~~~ compute RMS and DATVAR ...

 Total number of observations is:   679


 $$$$$$$$$$$$$$$$$$$$$$$$$$$$$$$$$$$$$$$$$$$$$$$$$
 Events with  | AVRES | > 1.0 SEC are suspicious !

 Event#  10 >>>  160920 1607  AVRES =  2.11 NOBS =  2
 Event#  11 >>>  160925 1911  AVRES =  1.74 NOBS =  2
 Event#  57 >>>  170409 0856  AVRES =  1.01 NOBS =  6
 Event#  64 >>>  170414 0540  AVRES =  1.40 NOBS = 11
 Event#  72 >>>  170418 1005  AVRES =  1.30 NOBS =  1

 ^^^^^^^^^ C H E C K   these events above ^^^^^^^^
 $$$$$$$$$$$$$$$$$$$$$$$$$$$$$$$$$$$$$$$$$$$$$$$$$

 ~~~ save initial datvar ...

 Iteration nr  0 obtained:
 DATVAR=    0.976075 mean sqrd residual=     0.442756  RMS RESIDUAL=     0.665399

 After  0 iterations we got:
 Average absolute & unweighted [and mean] residual of
   450 straight and direct rays =  0.46278 [ -0.41548]
   229 refracted           rays =  0.70102 [  0.22446]
     0 reflected           rays =  0.00000 [  0.00000]

   679 ALL                 RAYS =  0.54313 [ -0.19966]        0.00 %




--------------------------------------------------------------------------------



           ITERATION no  1

 ~~~ set units for this iteration ...
 ~~~ determine number of unknowns for this iter. ...

 Number of unknowns (for array-indexing):  nvar =  383
 Number of effective unknowns        :  nvareff =  384
 Number of elements on/below main diagonal of matrix G = At*A : kvar =   73536

 Damping factors to be used in this iteration:
   Othet=   0.010   XYthet  =   0.010   Zthet=  0.010
 STAthet=   0.010   Vthet   =   1.000

 ~~~ damp G ...
 ~~~ solve G * b = RHT ...
 ~~~ fix units ...
 ~~~ apply eventually step-length damping ...
 ~~~ adjust model (hypocenters, stacorr & veloc.) ...

 doing velocity adjustments now...

 doing station-correction adjustments...

 ~~~ compute effective step-length ...

 (Applied) Step length =   2.200

 ~~~ set units for next iteration ...
 ~~~ determine number of unknowns for next iter. ...

 Number of unknowns (for array-indexing):  nvar =  383
 Number of effective unknowns        :  nvareff =  384
 Number of elements on/below main diagonal of matrix G = At*A : kvar =   73536

 ~~~ reset G and RHT ...
 ~~~ raytracing, setup G ...
 ~~~ store parts of G ...
 ~~~ set units back for current iteration ...
 ~~~ determine number of unknowns for this iter. ...

 Number of unknowns (for array-indexing):  nvar =  383
 Number of effective unknowns        :  nvareff =  384
 Number of elements on/below main diagonal of matrix G = At*A : kvar =   73536

 ~~~ compute RMS and DATVAR ...

 $$$$$$$$$$$$$$$$$$$$$$$$$$$$$$$$$$$$$$$$$$$$$$$$$
 Events with  | AVRES | > 1.0 SEC are suspicious !

 Event#  10 >>>  160920 1607  AVRES =  1.86 NOBS =  2
 Event#  11 >>>  160925 1911  AVRES =  1.53 NOBS =  2
 Event#  64 >>>  170414 0540  AVRES =  1.24 NOBS = 11
 Event#  72 >>>  170418 1005  AVRES =  1.13 NOBS =  1

 ^^^^^^^^^ C H E C K   these events above ^^^^^^^^
 $$$$$$$$$$$$$$$$$$$$$$$$$$$$$$$$$$$$$$$$$$$$$$$$$

 ~~~ check solution (better? worse?) ...

 Iteration nr  1 obtained:
 DATVAR=    0.833735 mean sqrd residual=     0.362227  RMS RESIDUAL=     0.601853

 After  1 iterations we got:
 Average absolute & unweighted [and mean] residual of
   447 straight and direct rays =  0.41256 [ -0.36473]
   232 refracted           rays =  0.63084 [  0.18953]
     0 reflected           rays =  0.00000 [  0.00000]

   679 ALL                 RAYS =  0.48714 [ -0.17535]      -10.31 %

 ~~~ iteration done; output results ...

  eq       ot     x      y      z      rms    avres   dot     dx     dy     dz
    1      9.08  38.64 111.99  23.25   0.23  -0.34   -0.018  0.033  0.073  0.153
    2      9.28  38.00 110.67  22.94   0.22  -0.33   -0.021  0.052  0.089  0.143
    3     27.26-130.13  -8.53  12.32   0.50  -0.28   -0.045 -0.126  0.063  0.216
    4     15.64-131.11  -6.88  11.06   0.55  -0.26   -0.059 -0.121  0.037  0.061
    5     45.68 -40.33  38.79  23.88   0.14  -0.42   -0.021  0.008 -0.040  0.081
    6     49.48 -36.79  40.69  16.69   0.19  -0.34   -0.020  0.105 -0.040  0.191
    7     13.93-135.02-119.11   6.18   0.96   0.30   -0.068  0.196 -0.055 -0.222
    8     30.35-140.90 -43.82   8.61   0.66   0.04   -0.051 -0.042  0.036  0.007
    9     39.68  10.87  56.60  12.09   0.07  -0.29   -0.023 -0.016 -0.082 -0.013
   10     18.22 -87.33-308.28  16.21   1.11   1.86   -0.078 -0.258  0.022  0.010
   11      5.48 -62.58-309.65  15.62   1.33   1.53   -0.120 -0.321 -0.001  0.015
   12     51.15  35.07  94.73  16.05   0.43  -0.50   -0.049 -0.001  0.107  0.452
   13     46.88  33.43  97.81  19.14   0.32  -0.39   -0.018  0.073 -0.053  0.142
   14     55.86  33.34  97.51  14.07   0.59  -0.41   -0.037 -0.019 -0.017  0.165
   15     44.67  34.02  97.32  17.33   0.64  -0.19   -0.026 -0.016  0.018  0.135
   16     44.87  34.99  95.82  18.66   0.66  -0.06   -0.032 -0.064  0.077  0.065
   17     22.07  -0.98  82.36  18.58   0.49  -0.31   -0.031  0.031  0.014  0.075
   18     36.48 -34.00   4.51  11.31   0.40  -0.44   -0.023  0.126  0.050  0.109
   19     33.29  41.38  64.09  10.11   0.31  -0.31   -0.014 -0.064 -0.071  0.009
   20     45.96  37.82  85.16  16.23   0.30  -0.56   -0.037 -0.028  0.024  0.026
   21     34.09  36.43  82.75  14.29   0.41  -0.47   -0.011 -0.094 -0.045 -0.211
   22     25.88  35.73  85.32  13.50   0.33  -0.53   -0.018 -0.088 -0.037 -0.002
   23     15.88  35.39  86.30  11.55   0.30  -0.51   -0.016 -0.082 -0.063 -0.048
   24      1.96  34.81  82.14   5.70   0.49  -0.33   -0.039 -0.031  0.130 -0.000
   25     48.61 -45.91  23.65  22.14   0.18  -0.17    0.010  0.056 -0.118  0.137
   26     27.57 -70.36  -3.84  10.39   0.17  -0.32   -0.026  0.085 -0.159  0.095
   27      0.16  -0.62  49.46  13.38   0.19  -0.32   -0.037  0.061 -0.080  0.284
   28     59.08  37.63  76.21  11.51   0.46  -0.22   -0.021  0.035 -0.000  0.015
   29     20.15-148.84 -12.86  14.80   0.66  -0.17   -0.053 -0.022 -0.031 -0.005
   30      2.89  35.86  76.72  13.33   0.55  -0.16   -0.010 -0.036 -0.046 -0.068
   31     20.98  36.44  77.41  14.23   0.64  -0.26   -0.023 -0.125 -0.027  0.029
   32     50.78  36.87  77.02  15.31   0.29  -0.50   -0.016 -0.041 -0.089  0.012
   33      0.79  37.23  76.14  15.63   0.31  -0.35   -0.008 -0.028 -0.070  0.032
   34     55.41 -16.98  34.90  24.52   0.12  -0.21    0.005  0.125 -0.024  0.020
   35     39.22 -71.65  -8.43   3.47   0.33  -0.19    0.023  0.267  0.049  0.075
   36     59.09  36.52  77.82  15.12   0.52  -0.27   -0.011 -0.050 -0.068  0.022
   37      5.59  31.33  50.14  14.79   0.14  -0.37   -0.009 -0.032 -0.075 -0.109
   38     46.47  73.20  72.91  17.00   0.34  -0.47   -0.032 -0.021 -0.067  0.101
   39     14.07   0.73  26.14   3.89   0.17  -0.23   -0.029  0.045 -0.081 -0.011
   40     14.58 -41.90  13.91  16.80   0.12  -0.38   -0.023  0.049 -0.034 -0.003
   41     56.39  34.82  78.97   5.16   0.27  -0.37   -0.014 -0.039 -0.144  0.055
   42     34.29  -4.00  46.27  18.00   0.14  -0.24   -0.006  0.098 -0.039 -0.004
   43     24.59-110.56 -39.36   5.32   0.31  -0.47   -0.015  0.203  0.028  0.117
   44     49.67  30.30  50.47   8.31   0.23  -0.30   -0.026 -0.031 -0.077  0.010
   45     41.18-145.03  45.52  18.42   0.71  -0.04   -0.023  0.011  0.109  0.116
   46     34.08 -57.58  -0.90  16.21   0.19  -0.32   -0.019  0.047 -0.119  0.106
   47      1.00  10.57  80.55  21.94   0.70  -0.04    0.000  0.081 -0.012  0.036
   48     37.21  10.58  81.55  23.58   0.16  -0.21    0.006  0.092 -0.018  0.077
   49     35.69  54.71  84.53  22.64   0.22  -0.40   -0.013 -0.052 -0.046  0.036
   50     36.07-102.58 -35.59  15.27   0.52  -0.37   -0.032  0.080  0.007 -0.030
   51     53.14-101.32 -54.67   9.11   0.74  -0.31   -0.059  0.053  0.004 -0.193
   52     43.15-115.57  43.15  15.58   0.55  -0.33   -0.049 -0.158  0.195  0.079
   53      1.00  10.56  80.71  21.36   0.67  -0.02   -0.002  0.077  0.038  0.063
   54      3.08 -83.68 322.77  15.64   0.42   0.39   -0.322 -0.005 -0.042  0.040
   55      3.25 -89.78 304.27   0.43   0.33   0.43   -0.250  0.053 -0.015  0.032
   56     44.87  35.97  67.63  15.10   0.60  -0.34   -0.028 -0.008 -0.097  0.105
   57     47.15 -84.73 154.62  15.61   0.60   0.90   -0.053 -0.021  0.079  0.007
   58     45.56 -80.92 150.76  15.10   1.00   0.38   -0.038  0.211  0.124  0.005
   59      8.49 -82.36   0.32   2.77   0.45  -0.30   -0.010  0.100 -0.015  0.070
   60      3.55-110.65-118.64   3.58   1.18   0.15   -0.054  0.067  0.089 -0.124
   61      0.56-130.14 -54.94   0.30   0.64  -0.49   -0.044 -0.095  0.073  0.195
   62     20.07  19.52 152.67  15.81   1.06  -0.12   -0.033  0.241  0.028  0.208
   63     18.80 -47.21  29.81  20.18   0.18  -0.38   -0.003  0.066 -0.093  0.078
   64      4.73-163.43 183.60   8.01   0.80   1.24   -0.071  0.495  0.599  0.009
   65     23.40 -47.96  20.54  15.58   0.13  -0.27   -0.003  0.104 -0.105  0.079
   66     32.79-152.32  43.04  18.06   0.56  -0.19   -0.011 -0.020  0.196  0.160
   67     41.89 -37.21  -5.05  19.14   0.21  -0.35   -0.012  0.095 -0.143 -0.059
   68     14.15  50.83 105.90  20.38   0.41  -0.18   -0.046  0.052  0.232 -0.019
   69     48.30-214.97-349.14  73.50   0.00   0.00    0.000  0.000  0.000  0.000
   70      5.48  33.77  96.77  19.38   0.74  -0.12   -0.025  0.071  0.031  0.082
   71      4.11   6.17  56.64   1.26   0.57   0.00    0.012  0.044 -0.042 -0.041
   72     56.38 132.67-297.78  96.99   1.28   1.13   -0.419 -0.029  0.038 -0.012
   73     12.88  50.50  81.88  23.19   0.54  -0.09   -0.015  0.101 -0.018  0.091
   74     36.18-102.50  70.32  22.09   0.51  -0.19   -0.018 -0.058  0.134  0.294
   75     46.66-107.93   2.73   0.58   1.02  -0.09   -0.036 -0.342  0.273  0.466
   76     54.60-217.19 302.17   0.10   0.00   0.00    0.000  0.000  0.000  0.000
   77     44.08  50.98  93.70  16.92   0.37  -0.41   -0.023  0.060 -0.032  0.120
   78     41.79  38.42  66.39  22.02   0.46  -0.29   -0.012  0.059 -0.117  0.019
   79     58.60 -69.70  -4.55   0.64   0.44  -0.15    0.003  0.070 -0.083  0.536
   80     26.70 -70.10  -5.91   0.55   0.34  -0.11    0.002  0.038 -0.108  0.442
   81     26.91 -70.06  -4.66   0.47   0.39  -0.11    0.006  0.056 -0.087  0.363
   82     23.30 -70.03  -4.55   0.11   0.28  -0.17   -0.002  0.087 -0.082  0.000
   83     23.20 -71.01  -6.10   6.66   0.22  -0.34   -0.004  0.170  0.041  0.061
   84     21.20 -43.27   8.67  21.03   0.11  -0.23    0.000  0.114 -0.149  0.035
   85     24.53-167.41 -46.63  10.82   0.89  -0.01   -0.070  0.057 -0.210 -0.077
   86     44.08 -12.26  30.14  18.19   0.23  -0.39   -0.020  0.069 -0.100  0.088
   87     28.80 -61.56   6.99   2.69   0.24  -0.16   -0.001  0.095 -0.151  0.087
   88     38.07-103.66 -28.18   8.33   0.35  -0.52   -0.031  0.202 -0.060 -0.072
   89     47.77-141.83  89.38  20.20   0.67   0.35   -0.025 -0.036  0.005  0.003
   90     48.29-139.87  88.27  20.34   0.64   0.26   -0.014 -0.057  0.234  0.237
   91     34.06  33.58  85.10  19.54   0.61  -0.24   -0.036  0.123 -0.042  0.041

 A V E R A G E   of ADJUSTMENTS :                    -0.034  0.025 -0.004  0.068
 A V E R A G E   of ABSOLUTE ADJUSTMENTS :            0.035  0.084  0.078  0.097


 Step length damping of 0.11548 was applied.


 Velocity adjustments:
     vp    dvp      hp   reflector
 Velocity model   1
   4.285 -0.045   -5.000      
   5.743  0.013    0.000      
   5.830  0.040    9.500      
   6.319  0.039   20.600      
   6.502  0.062   26.900      
   6.910  0.200   28.900      
   8.272 -0.168   35.500      

 Calculation of average velocity starts at layer #           1
 z = -5.00 ...  0.00    v = 4.28    AVEL = 4.28 downto z =   0.00
 z =  0.00 ...  9.50    v = 5.74    AVEL = 5.24 downto z =   9.50
 z =  9.50 ... 20.60    v = 5.83    AVEL = 5.50 downto z =  20.60
 z = 20.60 ... 26.90    v = 6.32    AVEL = 5.66 downto z =  26.90
 z = 26.90 ... 28.90    v = 6.50    AVEL = 5.71 downto z =  28.90
 z = 28.90 ... 35.50    v = 6.91    AVEL = 5.90 downto z =  35.50


 Calculation of average velocity starts at layer #           2
 z =  0.00 ...  9.50    v = 5.74    AVEL = 5.74 downto z =   9.50
 z =  9.50 ... 20.60    v = 5.83    AVEL = 5.79 downto z =  20.60
 z = 20.60 ... 26.90    v = 6.32    AVEL = 5.91 downto z =  26.90
 z = 26.90 ... 28.90    v = 6.50    AVEL = 5.95 downto z =  28.90
 z = 28.90 ... 35.50    v = 6.91    AVEL = 6.13 downto z =  35.50



 Adjusted station corrections:
   stn  ptcor  dpcor  
  624   0.000  0.000  628  -0.032 -0.032  630  -0.018 -0.018  627   0.008  0.008
  621   0.016  0.016  629   0.016  0.016  622   0.011  0.011  620  -0.002 -0.002
  623   0.032  0.032  626   0.018  0.018  625   0.016  0.016  631   0.042  0.042
  632   0.001  0.001

 ~~~ another iteration? ...



--------------------------------------------------------------------------------



           ITERATION no  2

 ~~~ set units for this iteration ...
 ~~~ determine number of unknowns for this iter. ...

 Number of unknowns (for array-indexing):  nvar =  383
 Number of effective unknowns        :  nvareff =  384
 Number of elements on/below main diagonal of matrix G = At*A : kvar =   73536

 Damping factors to be used in this iteration:
   Othet=   0.010   XYthet  =   0.010   Zthet=  0.010
 STAthet=   0.010   Vthet   =   1.000

 ~~~ damp G ...
 ~~~ solve G * b = RHT ...
 ~~~ fix units ...
 ~~~ apply eventually step-length damping ...
 ~~~ adjust model (hypocenters, stacorr & veloc.) ...

 doing velocity adjustments now...

 doing station-correction adjustments...

 ~~~ compute effective step-length ...

 (Applied) Step length =   2.325

 ~~~ set units for next iteration ...
 ~~~ determine number of unknowns for next iter. ...

 Number of unknowns (for array-indexing):  nvar =  383
 Number of effective unknowns        :  nvareff =  384
 Number of elements on/below main diagonal of matrix G = At*A : kvar =   73536

 ~~~ reset G and RHT ...
 ~~~ raytracing, setup G ...
 ~~~ store parts of G ...
 ~~~ set units back for current iteration ...
 ~~~ determine number of unknowns for this iter. ...

 Number of unknowns (for array-indexing):  nvar =  383
 Number of effective unknowns        :  nvareff =  384
 Number of elements on/below main diagonal of matrix G = At*A : kvar =   73536

 ~~~ compute RMS and DATVAR ...

 $$$$$$$$$$$$$$$$$$$$$$$$$$$$$$$$$$$$$$$$$$$$$$$$$
 Events with  | AVRES | > 1.0 SEC are suspicious !

 Event#  10 >>>  160920 1607  AVRES =  1.62 NOBS =  2
 Event#  11 >>>  160925 1911  AVRES =  1.33 NOBS =  2
 Event#  64 >>>  170414 0540  AVRES =  1.08 NOBS = 11

 ^^^^^^^^^ C H E C K   these events above ^^^^^^^^
 $$$$$$$$$$$$$$$$$$$$$$$$$$$$$$$$$$$$$$$$$$$$$$$$$

 ~~~ check solution (better? worse?) ...

 Iteration nr  2 obtained:
 DATVAR=    0.669635 mean sqrd residual=     0.290931  RMS RESIDUAL=     0.539381

 After  2 iterations we got:
 Average absolute & unweighted [and mean] residual of
   440 straight and direct rays =  0.36049 [ -0.31126]
   239 refracted           rays =  0.56148 [  0.14749]
     0 reflected           rays =  0.00000 [  0.00000]

   679 ALL                 RAYS =  0.43123 [ -0.14979]      -11.48 %

 ~~~ iteration done; output results ...

  eq       ot     x      y      z      rms    avres   dot     dx     dy     dz
    1      9.06  38.66 112.05  23.39   0.20  -0.29   -0.022  0.016  0.064  0.136
    2      9.25  38.04 110.75  23.07   0.19  -0.29   -0.025  0.038  0.081  0.126
    3     27.21-130.26  -8.44  12.55   0.44  -0.24   -0.045 -0.133  0.085  0.231
    4     15.58-131.23  -6.83  11.12   0.51  -0.22   -0.059 -0.128  0.055  0.061
    5     45.66 -40.30  38.73  23.93   0.13  -0.37   -0.021  0.027 -0.062  0.049
    6     49.46 -36.69  40.64  16.90   0.18  -0.30   -0.024  0.107 -0.045  0.210
    7     13.86-134.80-119.19   5.97   0.84   0.26   -0.071  0.215 -0.079 -0.208
    8     30.31-140.97 -43.72   8.68   0.59   0.05   -0.042 -0.071  0.097  0.071
    9     39.65  10.85  56.52  12.08   0.07  -0.25   -0.024 -0.021 -0.087 -0.011
   10     18.13 -87.62-308.26  16.22   1.10   1.62   -0.087 -0.297  0.026  0.011
   11      5.35 -62.95-309.65  15.63   1.34   1.33   -0.130 -0.371 -0.001  0.016
   12     51.10  35.06  94.84  16.51   0.39  -0.43   -0.050 -0.004  0.111  0.460
   13     46.86  33.46  97.79  19.27   0.28  -0.33   -0.021  0.037 -0.013  0.124
   14     55.83  33.32  97.49  14.24   0.52  -0.36   -0.037 -0.020 -0.022  0.177
   15     44.65  33.99  97.34  17.46   0.56  -0.16   -0.028 -0.025  0.020  0.130
   16     44.83  34.92  95.90  18.72   0.60  -0.05   -0.034 -0.072  0.081  0.056
   17     22.04  -0.95  82.38  18.64   0.43  -0.27   -0.033  0.030  0.015  0.066
   18     36.45 -33.86   4.56  11.41   0.37  -0.38   -0.023  0.132  0.048  0.099
   19     33.27  41.32  64.01  10.10   0.27  -0.27   -0.012 -0.064 -0.077 -0.006
   20     45.93  37.79  85.16  16.26   0.27  -0.48   -0.037 -0.033 -0.001  0.036
   21     34.08  36.32  82.70  14.04   0.37  -0.41   -0.011 -0.107 -0.052 -0.245
   22     25.86  35.64  85.29  13.49   0.30  -0.46   -0.019 -0.096 -0.037 -0.008
   23     15.87  35.31  86.24  11.50   0.28  -0.44   -0.015 -0.086 -0.065 -0.056
   24      1.92  34.77  82.28   5.70   0.46  -0.28   -0.041 -0.038  0.140  0.003
   25     48.62 -45.85  23.52  22.29   0.17  -0.15    0.005  0.061 -0.125  0.157
   26     27.55 -70.27  -3.99  10.48   0.15  -0.28   -0.025  0.094 -0.145  0.090
   27      0.13  -0.56  49.37  13.65   0.16  -0.28   -0.036  0.063 -0.092  0.268
   28     59.06  37.66  76.21  11.52   0.40  -0.19   -0.021  0.034  0.004  0.009
   29     20.09-148.86 -12.88  14.77   0.58  -0.14   -0.053 -0.011 -0.012 -0.025
   30      2.88  35.82  76.67  13.24   0.49  -0.13   -0.009 -0.042 -0.058 -0.089
   31     20.95  36.31  77.38  14.24   0.56  -0.23   -0.023 -0.136 -0.035  0.012
   32     50.77  36.82  76.92  15.33   0.25  -0.43   -0.017 -0.046 -0.095  0.016
   33      0.78  37.19  76.07  15.65   0.27  -0.30   -0.008 -0.036 -0.073  0.019
   34     55.41 -16.85  34.87  24.54   0.10  -0.18    0.002  0.129 -0.033  0.021
   35     39.25 -71.36  -8.37   3.56   0.31  -0.17    0.023  0.283  0.065  0.086
   36     59.08  36.46  77.74  15.13   0.46  -0.23   -0.010 -0.059 -0.073  0.007
   37      5.58  31.29  50.06  14.67   0.12  -0.33   -0.011 -0.041 -0.076 -0.117
   38     46.44  73.15  72.83  17.09   0.31  -0.40   -0.029 -0.045 -0.083  0.087
   39     14.04   0.77  26.06   3.88   0.15  -0.20   -0.030  0.040 -0.085 -0.014
   40     14.55 -41.85  13.88  16.79   0.11  -0.33   -0.025  0.054 -0.035 -0.005
   41     56.37  34.78  78.81   5.22   0.25  -0.33   -0.015 -0.043 -0.154  0.066
   42     34.29  -3.90  46.22  17.99   0.12  -0.21   -0.008  0.096 -0.048 -0.005
   43     24.57-110.33 -39.32   5.45   0.28  -0.41   -0.013  0.230  0.044  0.133
   44     49.65  30.27  50.40   8.33   0.20  -0.26   -0.027 -0.038 -0.075  0.016
   45     41.15-145.01  45.63  18.51   0.60  -0.02   -0.023  0.021  0.111  0.098
   46     34.06 -57.53  -1.01  16.32   0.17  -0.28   -0.021  0.057 -0.111  0.113
   47      1.00  10.65  80.52  21.95   0.63  -0.03   -0.000  0.085 -0.032  0.016
   48     37.21  10.67  81.53  23.64   0.14  -0.18    0.004  0.093 -0.020  0.058
   49     35.68  54.62  84.48  22.65   0.19  -0.35   -0.012 -0.089 -0.058  0.012
   50     36.04-102.47 -35.57  15.22   0.46  -0.32   -0.028  0.110  0.022 -0.055
   51     53.08-101.26 -54.66   8.88   0.66  -0.26   -0.059  0.056  0.016 -0.229
   52     43.10-115.73  43.37  15.64   0.50  -0.28   -0.051 -0.154  0.216  0.060
   53      1.00  10.64  80.73  21.41   0.60  -0.02   -0.003  0.080  0.021  0.044
   54      2.74 -83.68 322.72  15.68   0.38   0.34   -0.341 -0.006 -0.045  0.042
   55      2.99 -89.72 304.26   0.47   0.28   0.37   -0.265  0.058 -0.016  0.033
   56     44.85  35.95  67.53  15.19   0.54  -0.29   -0.027 -0.018 -0.104  0.086
   57     47.09 -84.76 154.71  15.61   0.54   0.78   -0.058 -0.027  0.088  0.007
   58     45.52 -80.71 150.89  15.11   0.89   0.34   -0.039  0.216  0.132  0.005
   59      8.48 -82.24   0.31   2.82   0.43  -0.26   -0.008  0.120 -0.009  0.053
   60      3.49-110.57-118.54   3.45   1.08   0.13   -0.053  0.082  0.100 -0.127
   61      0.51-130.25 -54.84   0.50   0.62  -0.43   -0.045 -0.104  0.098  0.197
   62     20.03  19.77 152.70  16.02   0.96  -0.10   -0.034  0.250  0.022  0.214
   63     18.79 -47.14  29.71  20.28   0.16  -0.33   -0.008  0.069 -0.099  0.105
   64      4.65-162.89 184.26   8.02   0.73   1.08   -0.082  0.537  0.659  0.010
   65     23.39 -47.85  20.43  15.67   0.12  -0.23   -0.006  0.109 -0.112  0.091
   66     32.78-152.35  43.22  18.21   0.50  -0.16   -0.014 -0.029  0.181  0.149
   67     41.87 -37.11  -5.20  19.08   0.19  -0.31   -0.014  0.101 -0.144 -0.066
   68     14.10  50.95 106.20  20.38   0.37  -0.15   -0.055  0.119  0.296  0.002
   69     48.30-214.97-349.14  73.50   0.00   0.00    0.000  0.000  0.000  0.000
   70      5.45  33.83  96.78  19.45   0.66  -0.10   -0.024  0.057  0.011  0.073
   71      4.12   6.21  56.60   1.21   0.57   0.00    0.011  0.043 -0.047 -0.044
   72     55.93 132.64-297.74  96.98   0.94   0.97   -0.451 -0.032  0.042 -0.013
   73     12.87  50.57  81.83  23.26   0.47  -0.07   -0.013  0.078 -0.050  0.065
   74     36.16-102.54  70.44  22.34   0.46  -0.16   -0.022 -0.044  0.119  0.249
   75     46.63-108.28   3.03   1.05   1.01  -0.08   -0.038 -0.353  0.301  0.471
   76     54.60-217.19 302.17   0.10   0.00   0.00    0.000  0.000  0.000  0.000
   77     44.05  51.02  93.68  17.03   0.33  -0.35   -0.024  0.034 -0.021  0.115
   78     41.78  38.46  66.25  22.01   0.41  -0.25   -0.012  0.037 -0.136 -0.011
   79     58.61 -69.63  -4.62   1.18   0.43  -0.13    0.002  0.071 -0.073  0.547
   80     26.70 -70.06  -6.02   1.00   0.33  -0.10    0.001  0.039 -0.106  0.449
   81     26.91 -70.01  -4.75   0.83   0.38  -0.09    0.005  0.058 -0.084  0.360
   82     23.30 -69.94  -4.62   0.11   0.27  -0.15   -0.003  0.091 -0.079  0.000
   83     23.19 -70.83  -6.05   6.73   0.20  -0.29   -0.005  0.180  0.049  0.069
   84     21.20 -43.15   8.51  21.08   0.10  -0.20   -0.004  0.123 -0.158  0.048
   85     24.46-167.35 -46.83  10.75   0.80  -0.01   -0.069  0.052 -0.201 -0.073
   86     44.06 -12.19  30.03  18.30   0.20  -0.34   -0.024  0.067 -0.111  0.110
   87     28.80 -61.46   6.84   2.79   0.23  -0.14   -0.002  0.098 -0.151  0.101
   88     38.04-103.49 -28.24   8.24   0.31  -0.45   -0.032  0.171 -0.063 -0.089
   89     47.77-141.98  89.57  20.50   0.57   0.31   -0.009 -0.145  0.188  0.296
   90     48.27-139.93  88.49  20.56   0.54   0.23   -0.019 -0.060  0.214  0.220
   91     34.03  33.69  85.05  19.57   0.52  -0.20   -0.038  0.109 -0.043  0.029

 A V E R A G E   of ADJUSTMENTS :                    -0.036  0.022 -0.001  0.068
 A V E R A G E   of ABSOLUTE ADJUSTMENTS :            0.037  0.091  0.085  0.100


 Step length damping of 0.13155 was applied.


 Velocity adjustments:
     vp    dvp      hp   reflector
 Velocity model   1
   4.284 -0.001   -5.000      
   5.754  0.012    0.000      
   5.868  0.038    9.500      
   6.352  0.033   20.600      
   6.563  0.061   26.900      
   7.110  0.200   28.900      
   8.101 -0.171   35.500      

 Calculation of average velocity starts at layer #           1
 z = -5.00 ...  0.00    v = 4.28    AVEL = 4.28 downto z =   0.00
 z =  0.00 ...  9.50    v = 5.75    AVEL = 5.25 downto z =   9.50
 z =  9.50 ... 20.60    v = 5.87    AVEL = 5.52 downto z =  20.60
 z = 20.60 ... 26.90    v = 6.35    AVEL = 5.68 downto z =  26.90
 z = 26.90 ... 28.90    v = 6.56    AVEL = 5.73 downto z =  28.90
 z = 28.90 ... 35.50    v = 7.11    AVEL = 5.96 downto z =  35.50


 Calculation of average velocity starts at layer #           2
 z =  0.00 ...  9.50    v = 5.75    AVEL = 5.75 downto z =   9.50
 z =  9.50 ... 20.60    v = 5.87    AVEL = 5.82 downto z =  20.60
 z = 20.60 ... 26.90    v = 6.35    AVEL = 5.94 downto z =  26.90
 z = 26.90 ... 28.90    v = 6.56    AVEL = 5.98 downto z =  28.90
 z = 28.90 ... 35.50    v = 7.11    AVEL = 6.19 downto z =  35.50



 Adjusted station corrections:
   stn  ptcor  dpcor  
  624   0.000  0.000  628  -0.063 -0.032  630  -0.035 -0.017  627   0.017  0.009
  621   0.029  0.014  629   0.032  0.016  622   0.022  0.011  620  -0.004 -0.002
  623   0.064  0.032  626   0.036  0.018  625   0.035  0.018  631   0.082  0.040
  632  -0.003 -0.004

 ~~~ another iteration? ...



--------------------------------------------------------------------------------



           ITERATION no  3

 ~~~ set units for this iteration ...
 ~~~ determine number of unknowns for this iter. ...

 Number of unknowns (for array-indexing):  nvar =  383
 Number of effective unknowns        :  nvareff =  384
 Number of elements on/below main diagonal of matrix G = At*A : kvar =   73536

 Damping factors to be used in this iteration:
   Othet=   0.010   XYthet  =   0.010   Zthet=  0.010
 STAthet=   0.010   Vthet   =   1.000

 ~~~ damp G ...
 ~~~ solve G * b = RHT ...
 ~~~ fix units ...
 ~~~ apply eventually step-length damping ...
 ~~~ adjust model (hypocenters, stacorr & veloc.) ...

 doing velocity adjustments now...

 doing station-correction adjustments...

 ~~~ compute effective step-length ...

 (Applied) Step length =   3.177

 ~~~ set units for next iteration ...
 ~~~ determine number of unknowns for next iter. ...

 Number of unknowns (for array-indexing):  nvar =  383
 Number of effective unknowns        :  nvareff =  384
 Number of elements on/below main diagonal of matrix G = At*A : kvar =   73536

 ~~~ reset G and RHT ...
 ~~~ raytracing, setup G ...
 ~~~ store parts of G ...
 ~~~ set units back for current iteration ...
 ~~~ determine number of unknowns for this iter. ...

 Number of unknowns (for array-indexing):  nvar =  383
 Number of effective unknowns        :  nvareff =  384
 Number of elements on/below main diagonal of matrix G = At*A : kvar =   73536

 ~~~ compute RMS and DATVAR ...

 $$$$$$$$$$$$$$$$$$$$$$$$$$$$$$$$$$$$$$$$$$$$$$$$$
 Events with  | AVRES | > 1.0 SEC are suspicious !

 Event#  10 >>>  160920 1607  AVRES =  1.33 NOBS =  2
 Event#  11 >>>  160925 1911  AVRES =  1.10 NOBS =  2

 ^^^^^^^^^ C H E C K   these events above ^^^^^^^^
 $$$$$$$$$$$$$$$$$$$$$$$$$$$$$$$$$$$$$$$$$$$$$$$$$

 ~~~ check solution (better? worse?) ...

 Iteration nr  3 obtained:
 DATVAR=    0.497296 mean sqrd residual=     0.216056  RMS RESIDUAL=     0.464819

 After  3 iterations we got:
 Average absolute & unweighted [and mean] residual of
   436 straight and direct rays =  0.30241 [ -0.25126]
   243 refracted           rays =  0.46467 [  0.13564]
     0 reflected           rays =  0.00000 [  0.00000]

   679 ALL                 RAYS =  0.36048 [ -0.11279]      -16.41 %

 ~~~ iteration done; output results ...

  eq       ot     x      y      z      rms    avres   dot     dx     dy     dz
    1      9.04  38.52 112.18  23.20   0.15  -0.23   -0.020 -0.141  0.125 -0.191
    2      9.22  38.09 110.85  23.22   0.16  -0.22   -0.036  0.046  0.096  0.148
    3     27.15-130.43  -8.33  12.87   0.38  -0.18   -0.057 -0.171  0.116  0.320
    4     15.51-131.42  -6.75  11.23   0.46  -0.16   -0.074 -0.184  0.078  0.113
    5     45.63 -40.25  38.65  24.00   0.12  -0.28   -0.030  0.049 -0.084  0.075
    6     49.42 -36.54  40.60  17.18   0.16  -0.24   -0.032  0.144 -0.044  0.281
    7     13.78-134.52-119.31   5.71   0.71   0.23   -0.085  0.282 -0.115 -0.261
    8     30.25-141.08 -43.58   8.78   0.52   0.05   -0.053 -0.104  0.141  0.106
    9     39.62  10.84  56.41  12.06   0.06  -0.20   -0.031 -0.019 -0.109 -0.015
   10     18.03 -88.05-308.22  16.23   1.09   1.33   -0.104 -0.425  0.035  0.012
   11      5.19 -63.49-309.65  15.65   1.33   1.10   -0.157 -0.532 -0.004  0.018
   12     51.03  35.06  94.99  17.12   0.31  -0.33   -0.067 -0.005  0.146  0.604
   13     46.83  33.51  97.75  19.42   0.24  -0.25   -0.029  0.048 -0.040  0.156
   14     55.78  33.29  97.45  14.46   0.43  -0.29   -0.048 -0.028 -0.031  0.221
   15     44.61  33.95  97.35  17.61   0.48  -0.12   -0.037 -0.037  0.013  0.146
   16     44.79  34.83  95.99  18.77   0.52  -0.03   -0.045 -0.094  0.095  0.052
   17     21.99  -0.90  82.39  18.72   0.37  -0.22   -0.044  0.055  0.016  0.080
   18     36.43 -33.68   4.64  11.55   0.32  -0.31   -0.026  0.183  0.074  0.138
   19     33.26  41.24  63.91  10.08   0.23  -0.22   -0.015 -0.076 -0.102 -0.022
   20     45.88  37.76  85.13  16.30   0.23  -0.39   -0.048 -0.035 -0.027  0.035
   21     34.06  36.18  82.62  13.69   0.32  -0.33   -0.013 -0.144 -0.079 -0.355
   22     25.84  35.51  85.24  13.48   0.26  -0.37   -0.025 -0.124 -0.052 -0.014
   23     15.85  35.20  86.15  11.43   0.26  -0.36   -0.019 -0.108 -0.089 -0.071
   24      1.87  34.72  82.48   5.70   0.43  -0.23   -0.053 -0.045  0.195 -0.000
   25     48.62 -45.77  23.36  22.51   0.15  -0.12    0.003  0.086 -0.160  0.214
   26     27.52 -70.14  -4.18  10.59   0.13  -0.22   -0.026  0.132 -0.189  0.106
   27      0.08  -0.48  49.26  14.01   0.12  -0.22   -0.048  0.082 -0.107  0.354
   28     59.03  37.71  76.22  11.54   0.33  -0.15   -0.027  0.046  0.006  0.012
   29     20.03-148.87 -12.90  14.73   0.47  -0.08   -0.068 -0.012 -0.023 -0.044
   30      2.87  35.77  76.59  13.11   0.43  -0.10   -0.012 -0.055 -0.076 -0.134
   31     20.92  36.13  77.33  14.23   0.47  -0.18   -0.029 -0.177 -0.047 -0.010
   32     50.74  36.76  76.80  15.35   0.21  -0.35   -0.024 -0.061 -0.122  0.023
   33      0.77  37.14  75.97  15.65   0.24  -0.24   -0.010 -0.051 -0.104  0.002
   34     55.41 -16.69  34.83  24.58   0.09  -0.15   -0.002  0.168 -0.036  0.040
   35     39.28 -70.99  -8.27   3.68   0.29  -0.13    0.034  0.373  0.092  0.118
   36     59.07  36.38  77.64  15.12   0.39  -0.18   -0.014 -0.078 -0.103 -0.013
   37      5.56  31.24  49.97  14.51   0.09  -0.26   -0.015 -0.051 -0.093 -0.161
   38     46.40  73.08  72.71  17.20   0.28  -0.31   -0.037 -0.076 -0.114  0.109
   39     14.00   0.82  25.95   3.87   0.14  -0.16   -0.038  0.052 -0.110 -0.009
   40     14.52 -41.78  13.82  16.81   0.10  -0.27   -0.036  0.073 -0.055  0.021
   41     56.35  34.73  78.62   5.31   0.23  -0.26   -0.018 -0.048 -0.197  0.089
   42     34.27  -3.78  46.16  18.00   0.10  -0.17   -0.014  0.125 -0.056  0.006
   43     24.56-110.01 -39.27   5.63   0.26  -0.33   -0.011  0.317  0.045  0.176
   44     49.61  30.22  50.30   8.34   0.17  -0.21   -0.033 -0.043 -0.096  0.015
   45     41.13-145.09  45.68  18.69   0.46   0.03   -0.028 -0.080  0.048  0.174
   46     34.03 -57.44  -1.17  16.47   0.15  -0.23   -0.027  0.083 -0.156  0.148
   47      1.00  10.77  80.47  21.95   0.54  -0.02   -0.004  0.118 -0.050 -0.003
   48     37.21  10.79  81.50  23.69   0.11  -0.15    0.002  0.123 -0.027  0.058
   49     35.66  54.49  84.39  22.65   0.18  -0.27   -0.016 -0.132 -0.091  0.001
   50     36.00-102.31 -35.52  15.13   0.39  -0.25   -0.035  0.158  0.043 -0.081
   51     53.01-101.20 -54.60   8.56   0.57  -0.20   -0.074  0.069  0.060 -0.315
   52     43.04-115.93  43.59  15.83   0.45  -0.22   -0.058 -0.200  0.222  0.186
   53      0.99  10.76  80.75  21.44   0.51  -0.01   -0.007  0.111  0.020  0.036
   54      2.32 -83.69 322.67  15.73   0.34   0.28   -0.420 -0.010 -0.058  0.049
   55      2.66 -89.64 304.24   0.50   0.22   0.32   -0.323  0.086 -0.016  0.040
   56     44.82  35.92  67.39  15.20   0.47  -0.23   -0.029 -0.032 -0.142  0.010
   57     47.01 -84.78 154.84  15.62   0.47   0.65   -0.075 -0.026  0.132  0.009
   58     45.47 -80.40 151.08  15.12   0.72   0.32   -0.051  0.307  0.187  0.006
   59      8.47 -82.07   0.29   2.91   0.42  -0.21   -0.007  0.166 -0.018  0.088
   60      3.43-110.45-118.41   3.30   0.96   0.12   -0.061  0.117  0.127 -0.154
   61      0.46-130.38 -54.71   0.78   0.59  -0.34   -0.053 -0.136  0.125  0.282
   62     19.98  20.16 152.83  16.34   0.82  -0.06   -0.050  0.394  0.129  0.318
   63     18.77 -47.08  29.62  20.46   0.13  -0.27   -0.017  0.054 -0.095  0.182
   64      4.54-162.15 185.17   8.03   0.65   0.89   -0.104  0.738  0.915  0.013
   65     23.38 -47.70  20.29  15.80   0.11  -0.19   -0.008  0.148 -0.130  0.132
   66     32.75-152.40  43.46  18.41   0.41  -0.10   -0.022 -0.054  0.231  0.196
   67     41.85 -36.98  -5.38  19.01   0.17  -0.25   -0.022  0.134 -0.182 -0.067
   68     14.03  51.09 106.56  20.37   0.31  -0.10   -0.074  0.141  0.366 -0.014
   69     48.30-214.97-349.14  73.50   0.00   0.00    0.000  0.000  0.000  0.000
   70      5.42  33.90  96.77  19.53   0.55  -0.06   -0.032  0.070 -0.012  0.079
   71      4.14   6.27  56.54   1.15   0.56   0.00    0.013  0.057 -0.056 -0.062
   72     55.38 132.60-297.68  96.96   0.60   0.77   -0.551 -0.040  0.053 -0.016
   73     12.88  50.81  81.45  23.27   0.38  -0.04    0.009  0.239 -0.380  0.010
   74     36.13-102.57  70.83  22.70   0.37  -0.10   -0.033 -0.030  0.392  0.354
   75     46.58-108.75   3.42   1.69   0.99  -0.06   -0.050 -0.465  0.393  0.643
   76     54.60-217.19 302.17   0.10   0.00   0.00    0.000  0.000  0.000  0.000
   77     44.02  51.05  93.64  17.17   0.28  -0.28   -0.032  0.027 -0.039  0.136
   78     41.76  38.50  66.07  21.97   0.35  -0.19   -0.018  0.042 -0.185 -0.034
   79     58.61 -69.54  -4.71   1.93   0.41  -0.10    0.004  0.093 -0.090  0.744
   80     26.71 -70.01  -6.15   1.62   0.31  -0.08    0.002  0.056 -0.132  0.620
   81     26.92 -69.92  -4.85   1.33   0.37  -0.07    0.008  0.081 -0.104  0.497
   82     23.29 -69.81  -4.72   0.11   0.26  -0.12   -0.000  0.127 -0.100  0.000
   83     23.19 -70.59  -5.99   6.82   0.17  -0.24   -0.003  0.240  0.061  0.091
   84     21.19 -42.98   8.30  21.16   0.09  -0.16   -0.009  0.168 -0.207  0.077
   85     24.37-167.29 -47.11  10.66   0.67   0.02   -0.088  0.064 -0.280 -0.088
   86     44.02 -12.10  29.88  18.47   0.16  -0.28   -0.035  0.093 -0.143  0.170
   87     28.80 -61.33   6.65   2.94   0.22  -0.11   -0.001  0.133 -0.193  0.147
   88     38.01-103.22 -28.36   8.08   0.28  -0.36   -0.030  0.268 -0.121 -0.163
   89     47.75-142.17  89.82  20.89   0.44   0.28   -0.016 -0.188  0.248  0.394
   90     48.24-140.01  88.77  20.85   0.40   0.21   -0.028 -0.074  0.284  0.290
   91     33.98  33.83  84.99  19.59   0.43  -0.16   -0.051  0.137 -0.065  0.021

 A V E R A G E   of ADJUSTMENTS :                    -0.045  0.030 -0.003  0.085
 A V E R A G E   of ABSOLUTE ADJUSTMENTS :            0.046  0.126  0.119  0.135


 Step length damping of 0.18720 was applied.


 Velocity adjustments:
     vp    dvp      hp   reflector
 Velocity model   1
   4.282 -0.002   -5.000      
   5.770  0.015    0.000      
   5.909  0.041    9.500      
   6.390  0.038   20.600      
   6.609  0.047   26.900      
   7.300  0.190   28.900      
   7.901 -0.200   35.500      

 Calculation of average velocity starts at layer #           1
 z = -5.00 ...  0.00    v = 4.28    AVEL = 4.28 downto z =   0.00
 z =  0.00 ...  9.50    v = 5.77    AVEL = 5.26 downto z =   9.50
 z =  9.50 ... 20.60    v = 5.91    AVEL = 5.54 downto z =  20.60
 z = 20.60 ... 26.90    v = 6.39    AVEL = 5.71 downto z =  26.90
 z = 26.90 ... 28.90    v = 6.61    AVEL = 5.76 downto z =  28.90
 z = 28.90 ... 35.50    v = 7.30    AVEL = 6.01 downto z =  35.50


 Calculation of average velocity starts at layer #           2
 z =  0.00 ...  9.50    v = 5.77    AVEL = 5.77 downto z =   9.50
 z =  9.50 ... 20.60    v = 5.91    AVEL = 5.84 downto z =  20.60
 z = 20.60 ... 26.90    v = 6.39    AVEL = 5.97 downto z =  26.90
 z = 26.90 ... 28.90    v = 6.61    AVEL = 6.02 downto z =  28.90
 z = 28.90 ... 35.50    v = 7.30    AVEL = 6.26 downto z =  35.50



 Adjusted station corrections:
   stn  ptcor  dpcor  
  624   0.000  0.000  628  -0.101 -0.038  630  -0.061 -0.026  627   0.024  0.008
  621   0.048  0.019  629   0.055  0.023  622   0.038  0.015  620  -0.006 -0.002
  623   0.103  0.039  626   0.057  0.021  625   0.056  0.022  631   0.131  0.048
  632  -0.011 -0.007

 ~~~ another iteration? ...
 NITT = ITTMAX  --> stop iterations.
 ~~~ final solution reached ...

 ~~~ damp G & Chol.-Decomp.: NOT made (switch iresolcalc is NOT set !)

 Final rms values:  0.15 0.16 0.38 0.46 0.12 0.16 0.71 0.52 0.06 1.09
                    1.33 0.31 0.24 0.43 0.48 0.52 0.37 0.32 0.23 0.23
                    0.32 0.26 0.26 0.43 0.15 0.13 0.12 0.33 0.47 0.43
                    0.47 0.21 0.24 0.09 0.29 0.39 0.09 0.28 0.14 0.10
                    0.23 0.10 0.26 0.17 0.46 0.15 0.54 0.11 0.18 0.39
                    0.57 0.45 0.51 0.34 0.22 0.47 0.47 0.72 0.42 0.96
                    0.59 0.82 0.13 0.65 0.11 0.41 0.17 0.31 0.00 0.55
                    0.56 0.60 0.38 0.37 0.99 0.00 0.28 0.35 0.41 0.31
                    0.37 0.26 0.17 0.09 0.67 0.16 0.22 0.28 0.44 0.40
                    0.43



 ~~~ output final hypocenters ...

      date    origin   latitude longitude  depth  mag  no  rms      x      y      z
   1 160818 1613  9.04 73.0053N 124.8527E  23.20 1.40   6 0.155   38.52 112.18  23.20
   2 160818 1613  9.22 72.9934N 124.8659E  23.22 1.10   6 0.165   38.09 110.85  23.22
   3 160819 0959 27.15 71.9254N 129.7727E  12.87 4.00  12 0.384 -130.43  -8.33  12.87
   4 160820 1506 15.51 71.9395N 129.8027E  11.23 1.50   9 0.458 -131.42  -6.75  11.23
   5 160820 1904 45.63 72.3463N 127.1775E  24.00 1.20   6 0.123  -40.25  38.65  24.00
   6 160822 1318 49.42 72.3638N 127.0696E  17.18 0.60   8 0.162  -36.54  40.60  17.18
   7 160823 0652 13.78 70.9308N 129.7903E   5.71 2.90   6 0.707 -134.52-119.31   5.71
   8 160824 1510 30.25 71.6095N 130.0465E   8.78 1.50   9 0.518 -141.08 -43.58   8.78
   9 160906 1514 39.62 72.5055N 125.6816E  12.06 0.90   6 0.060   10.84  56.41  12.06
  10 160920 1607 18.03 69.2377N 128.3765E  16.23 2.60   2 1.087  -88.05-308.22  16.23
  11 160925 1911  5.19 69.2249N 127.7130E  15.65 2.30   2 1.334  -63.49-309.65  15.65
  12 161004 0841 51.03 72.8513N 124.9602E  17.12 0.20   6 0.308   35.06  94.99  17.12
  13 161005 1619 46.83 72.8761N 125.0053E  19.42 1.00   9 0.244   33.51  97.75  19.42
  14 161006 0156 55.78 72.8734N 125.0120E  14.46 1.00   7 0.427   33.29  97.45  14.46
  15 161009 0036 44.61 72.8725N 124.9923E  17.61 1.30   8 0.479   33.95  97.35  17.61
  16 161009 0036 44.79 72.8603N 124.9667E  18.77 1.20   7 0.516   34.83  95.99  18.77
  17 161012 0800 21.99 72.7384N 126.0266E  18.72 0.80   7 0.371   -0.90  82.39  18.72
  18 161015 1013 36.43 72.0415N 126.9772E  11.55 0.70   7 0.320  -33.68   4.64  11.55
  19 161021 0507 33.26 72.5728N 124.7861E  10.08 0.80   6 0.231   41.24  63.91  10.08
  20 161124 2250 45.88 72.7630N 124.8829E  16.30 3.10   4 0.235   37.76  85.13  16.30
  21 161125 0156 34.06 72.7404N 124.9303E  13.69 0.60   7 0.320   36.18  82.62  13.69
  22 161125 0517 25.84 72.7639N 124.9492E  13.48 1.60   6 0.262   35.51  85.24  13.48
  23 161125 0525 15.85 72.7721N 124.9582E  11.43 0.80   6 0.258   35.20  86.15  11.43
  24 161125 0556  1.87 72.7392N 124.9733E   5.70 0.20   6 0.433   34.72  82.48   5.70
  25 170117 0846 48.62 72.2094N 127.3340E  22.51 0.30   6 0.152  -45.77  23.36  22.51
  26 170122 1614 27.52 71.9626N 128.0307E  10.59 0.90   6 0.126  -70.14  -4.18  10.59
  27 170125 2244  0.08 72.4415N 126.0139E  14.01 0.80   6 0.124   -0.48  49.26  14.01
  28 170302 1359 59.03 72.6831N 124.8866E  11.54 0.50   7 0.334   37.71  76.22  11.54
  29 170302 2335 20.03 71.8844N 130.3013E  14.73 2.10   9 0.468 -148.87 -12.90  14.73
  30 170304 2135  2.87 72.6864N 124.9440E  13.11 1.30   7 0.428   35.77  76.59  13.11
  31 170307 0447 20.92 72.6930N 124.9330E  14.23 1.70  10 0.474   36.13  77.33  14.23
  32 170307 2016 50.74 72.6883N 124.9145E  15.35 1.10   6 0.209   36.76  76.80  15.35
  33 170309 1454  0.77 72.6808N 124.9035E  15.65 0.30   6 0.237   37.14  75.97  15.65
  34 170311 0430 55.41 72.3122N 126.4877E  24.58 0.30   6 0.087  -16.69  34.83  24.58
  35 170312 0416 39.28 71.9259N 128.0534E   3.68 2.10   6 0.292  -70.99  -8.27   3.68
  36 170313 0553 59.07 72.6958N 124.9256E  15.12 1.00   9 0.393   36.38  77.64  15.12
  37 170313 0809  5.56 72.4478N 125.0837E  14.51 1.20   7 0.092   31.24  49.97  14.51
  38 170315 0234 46.40 72.6516N 123.8443E  17.20 1.40   7 0.280   73.08  72.71  17.20
  39 170317 1007 14.00 72.2325N 125.9760E   3.87 0.50   7 0.136    0.82  25.95   3.87
  40 170320 0711 14.52 72.1239N 127.2148E  16.81 0.90   6 0.100  -41.78  13.82  16.81
  41 170320 0853 56.35 72.7046N 124.9740E   5.31 0.40   6 0.233   34.73  78.62   5.31
  42 170320 1900 34.27 72.4137N 126.1106E  18.00 0.60   7 0.099   -3.78  46.16  18.00
  43 170323 0519 24.56 71.6481N 129.1585E   5.63 1.20   6 0.257 -110.01 -39.27   5.63
  44 170323 1612 49.61 72.4508N 125.1134E   8.34 0.50   6 0.173   30.22  50.30   8.34
  45 170323 1906 41.13 72.4094N 130.2517E  18.69 1.00   6 0.459 -145.09  45.68  18.69
  46 170326 0836 34.03 71.9895N 127.6644E  16.47 1.50   7 0.150  -57.44  -1.17  16.47
  47 170402 0422  1.00 72.7212N 125.6816E  21.95 1.20  10 0.536   10.77  80.47  21.95
  48 170402 0636 37.21 72.7304N 125.6809E  23.69 0.70   6 0.109   10.79  81.50  23.69
  49 170404 2347 35.66 72.7563N 124.3881E  22.65 0.50   6 0.183   54.49  84.39  22.65
  50 170405 0307 36.00 71.6816N 128.9401E  15.13 1.00  10 0.393 -102.31 -35.52  15.13
  51 170405 1410 53.01 71.5107N 128.8949E   8.56 1.70  10 0.567 -101.20 -54.60   8.56
  52 170406 0838 43.04 72.3907N 129.3955E  15.83 0.90  10 0.448 -115.93  43.59  15.83
  53 170406 1728  0.99 72.7237N 125.6821E  21.44 0.90  10 0.514   10.76  80.75  21.44
  54 170407 1729  2.32 74.8917N 128.6306E  15.73 1.80   2 0.342  -83.69 322.67  15.73
  55 170407 1729  2.66 74.7266N 128.8038E   0.50 1.60   5 0.216  -89.64 304.24   0.50
  56 170408 1004 44.82 72.6039N 124.9418E  15.20 1.40  13 0.466   35.92  67.39  15.20
  57 170409 0856 47.01 73.3877N 128.5524E  15.62 2.50   6 0.474  -84.78 154.84  15.62
  58 170409 0902 45.47 73.3540N 128.4182E  15.12 1.10   7 0.721  -80.40 151.08  15.12
  59 170410 1520  8.47 72.0026N 128.3788E   2.91 1.00  10 0.416  -82.07   0.29   2.91
  60 170410 1813  3.43 70.9388N 129.1127E   3.30 2.20  13 0.964 -110.45-118.41   3.30
  61 170412 1507  0.46 71.5097N 129.7299E   0.78 0.70   6 0.585 -130.38 -54.71   0.78
  62 170413 0651 19.98 73.3696N 125.3933E  16.34 1.00  10 0.824   20.16 152.83  16.34
  63 170414 0459 18.77 72.2654N 127.3744E  20.46 0.50   7 0.133  -47.08  29.62  20.46
  64 170414 0540  4.54 73.6595N 130.9191E   8.03 1.80  11 0.646 -162.15 185.17   8.03
  65 170414 1656 23.38 72.1819N 127.3894E  15.80 0.20   6 0.112  -47.70  20.29  15.80
  66 170414 1753 32.75 72.3894N 130.4637E  18.41 0.70   6 0.408 -152.40  43.46  18.41
  67 170416 0523 41.85 71.9518N 127.0703E  19.01 1.60  13 0.170  -36.98  -5.38  19.01
  68 170416 1220 14.03 72.9550N 124.4804E  20.37 1.00  11 0.307   51.09 106.56  20.37
 WARNING: Event-# :          69 has zero observations!
  69 170416 1257 48.30 68.8710N 131.7500E  73.50 2.20   0 0.000 -214.97-349.14  73.50
  70 170416 1821  5.42 72.8673N 124.9941E  19.53 1.30  13 0.552   33.90  96.77  19.53
  71 170418 0606  4.14 72.5067N 125.8158E   1.15 0.20   6 0.563    6.27  56.54   1.15
  72 170418 1005 55.38 69.3322N 122.4126E  96.96 2.20   1 0.599  132.60-297.68  96.96
  73 170418 1500 12.88 72.7300N 124.4978E  23.27 1.30  12 0.380   50.81  81.45  23.27
  74 170420 1302 36.13 72.6348N 129.0244E  22.70 0.90  11 0.366 -102.57  70.83  22.70
  75 170420 2248 46.58 72.0307N 129.1544E   1.69 0.70  11 0.995 -108.75   3.42   1.69
 WARNING: Event-# :          76 has zero observations!
  76 170423 0850 54.60 74.7080N 132.7900E   0.10 1.90   0 0.000 -217.19 302.17   0.10
  77 170423 1455 44.02 72.8392N 124.4865E  17.17 0.60   8 0.275   51.05  93.64  17.17
  78 170423 2313 41.76 72.5921N 124.8660E  21.97 1.30  12 0.348   38.50  66.07  21.97
  79 170424 0609 58.61 71.9578N 128.0131E   1.93 1.10  12 0.407  -69.54  -4.71   1.93
  80 170424 0755 26.71 71.9449N 128.0260E   1.62 1.00  12 0.310  -70.01  -6.15   1.62
  81 170424 0755 26.92 71.9565N 128.0242E   1.33 1.00  12 0.367  -69.92  -4.85   1.33
  82 170425 0652 23.29 71.9577N 128.0210E   0.11 1.20   9 0.260  -69.81  -4.72   0.11
  83 170426 0051 23.19 71.9464N 128.0430E   6.82 0.70   6 0.169  -70.59  -5.99   6.82
  84 170426 1425 21.19 72.0744N 127.2481E  21.16 0.10   6 0.093  -42.98   8.30  21.16
  85 170426 1834 24.37 71.5778N 130.7942E  10.66 1.20   8 0.673 -167.29 -47.11  10.66
  86 170426 1840 44.02 72.2678N 126.3533E  18.47 1.30   8 0.163  -12.10  29.88  18.47
  87 170427 0912 28.80 72.0596N 127.7803E   2.94 0.90   8 0.222  -61.33   6.65   2.94
  88 170427 1041 38.01 71.7458N 128.9714E   8.08 0.70   7 0.276 -103.22 -28.36   8.08
  89 170427 2010 47.75 72.8049N 130.2114E  20.89 1.30   8 0.443 -142.17  89.82  20.89
  90 170427 2010 48.24 72.7956N 130.1464E  20.85 1.30   8 0.405 -140.01  88.77  20.85
  91 170427 2342 33.98 72.7617N 124.9991E  19.59 0.80   6 0.431   33.83  84.99  19.59

 ~~~ output final station residuals ...
 TURBO-option is set; residuals are NOT printed for each event!



   station statistics, remember nsp was set to: 1


 sta phase nobs avres  avwres    std    wsum    delay

 624    P  74 -0.2025 -0.2025  0.2724  74.0000  0.0000
 628    P  69 -0.4415 -0.4415  0.3532  69.0000 -0.1011
 630    P  53 -0.1625 -0.1625  0.3056  53.0000 -0.0612
 627    P  46 -0.1596 -0.1596  0.3484  46.0000  0.0244
 621    P  59 -0.0525 -0.0525  0.4937  59.0000  0.0479
 629    P  43 -0.0936 -0.0936  0.3900  43.0000  0.0549
 622    P  58 -0.1063 -0.1063  0.3731  58.0000  0.0376
 620    P  48 -0.1244 -0.1244  0.4693  48.0000 -0.0058
 623    P  55 -0.0566 -0.0566  0.3682  55.0000  0.1031
 626    P  52 -0.1365 -0.1365  0.5655  52.0000  0.0572
 625    P  49 -0.1111 -0.1111  0.3691  49.0000  0.0565
 631    P  49  0.3465  0.3465  0.7200  49.0000  0.1309
 632    P  24  0.1149  0.1149  0.6014  24.0000 -0.0106


 ~~~ output statistics ...




 RAY-STATISTICS FOR  L A S T  ITERATION
 --------------------------------------

 NHYP : nr of hypocenters in this layer
 NREF : nr of headwaves in this layer
 %len : % of "refracted km" in this layer 
        with respect to all refracted kilometers
 NHIT : nr of rays passed thru this layer
 xy-km: average horizontal ray length [km] in layer
 z-km : average  vertical  ray length [km] in layer
 RFLX : number of reflections at bottom of this layer

 nlay   top ..... bottom     velocity   NHYP NREF %len  NHIT xy-km  z-km  RFLX

   1    -5.00...  0.00 km    4.28 km/s    0    0   0.0     0   0.0   0.0     0
   2     0.00...  9.50 km    5.77 km/s   24    0   0.0  1413  13.4   4.1     0
   3     9.50... 20.60 km    5.91 km/s   50    6   2.1   733  17.1   8.1     0
   4    20.60... 26.90 km    6.39 km/s   15   19   3.6   527  10.4   5.4     0
   5    26.90... 28.90 km    6.61 km/s    0    0   0.0   437   3.3   2.0     0
   6    28.90... 35.50 km    7.30 km/s    0   45  12.2   392  19.7   5.8     0
   7    35.50...       km    7.90 km/s    2  173  82.1     0   0.0   0.0

 Total nr of events was   91

 Total nr of refracted rays =   243
 Total nr of reflected rays =     0
 Total nr of   other   rays =   436
                              ------
 Total nr of    all    rays =   679

 Average (absolute) error of the raytracers:
  Straight and direct rays :    7.30 meters
  Refracted           rays :    0.01 meters
  Reflected           rays :    0.00 meters


 ALL RAYS TOGETHER:
 Average horizontal ray length =   89.9 km   (Hypocenter --> Station) 
 Average  vertical  ray length =   20.0 km   (Deepest ray-point --> Station)



 ... and some more STATISTICS 
 ---------------------------- 
  GAP of final epicenters:

  Event# -> GAP  Event# -> GAP  Event# -> GAP  Event# -> GAP  Event# -> GAP
       1 -> 295       2 -> 294       3 -> 270       4 -> 274       5 -> 307
       6 ->  97       7 -> 320       8 -> 306       9 -> 168      10 -> 346
      11 -> 347      12 -> 260      13 -> 263      14 -> 263      15 -> 262
      16 -> 264      17 -> 253      18 -> 243      19 -> 160      20 -> 302
      21 -> 231      22 -> 238      23 -> 241      24 -> 231      25 -> 130
      26 -> 102      27 -> 155      28 -> 212      29 -> 305      30 -> 213
      31 -> 215      32 -> 213      33 -> 210      34 -> 133      35 -> 239
      36 -> 216      37 -> 132      38 -> 311      39 -> 117      40 -> 209
      41 -> 218      42 -> 121      43 -> 231      44 -> 133      45 -> 308
      46 -> 125      47 -> 224      48 -> 226      49 -> 288      50 -> 195
      51 -> 290      52 -> 270      53 -> 224      54 -> 354      55 -> 347
      56 -> 180      57 -> 310      58 -> 318      59 -> 165      60 -> 310
      61 -> 300      62 -> 306      63 -> 149      64 -> 322      65 -> 129
      66 -> 293      67 ->  86      68 -> 295      69 -> 171      70 -> 262
      71 -> 173      72 ->   0      73 -> 260      74 -> 299      75 -> 241
      76 ->  59      77 -> 284      78 -> 173      79 -> 165      80 -> 170
      81 -> 166      82 -> 165      83 -> 233      84 -> 115      85 -> 315
      86 ->  94      87 -> 114      88 -> 269      89 -> 318      90 -> 317
      91 -> 294

 GAPs were between   0 and 354
      (average GAP was 228)



  MAGNITUDES of INPUT-DATA:

 Magnitude (# of events)   ***average number of obs***

 MAG<= 1.0 ( 47) *******
 MAG = 1.1 (  4) ********
 MAG = 1.2 (  7) ********
 MAG = 1.3 (  8) *********1
 MAG = 1.4 (  3) *********
 MAG = 1.5 (  3) ********
 MAG = 1.6 (  3) ********
 MAG = 1.7 (  2) *********1
 MAG = 1.8 (  2) *******
 MAG = 1.9 (  1)  
 MAG = 2.0 (  0)  
 MAG = 2.1 (  2) ********
 MAG = 2.2 (  3) *****
 MAG = 2.3 (  1) **
 MAG = 2.4 (  0)  
 MAG = 2.5 (  1) ******
 MAG = 2.6 (  1) **
 MAG = 2.7 (  0)  
 MAG = 2.8 (  0)  
 MAG = 2.9 (  1) ******
 MAG = 3.0 (  0)  
 MAG = 3.1 (  1) ****
 MAG = 3.2 (  0)  
 MAG = 3.3 (  0)  
 MAG = 3.4 (  0)  
 MAG = 3.5 (  0)  
 MAG = 3.6 (  0)  
 MAG = 3.7 (  0)  
 MAG = 3.8 (  0)  
 MAG = 3.9 (  0)  
 MAG = 4.0 (  1) *********1**
 MAG = 4.1 (  0)  
 MAG = 4.2 (  0)  
 MAG = 4.3 (  0)  
 MAG = 4.4 (  0)  
 MAG = 4.5 (  0)  
 MAG = 4.6 (  0)  
 MAG = 4.7 (  0)  
 MAG = 4.8 (  0)  
 MAG = 4.9 (  0)  
 MAG = 5.0 (  0)  
 MAG = 5.1 (  0)  
 MAG = 5.2 (  0)  
 MAG = 5.3 (  0)  
 MAG = 5.4 (  0)  
 MAG = 5.5 (  0)  
 MAG = 5.6 (  0)  
 MAG = 5.7 (  0)  
 MAG = 5.8 (  0)  
 MAG = 5.9 (  0)  
 MAG>= 6.0 (  0)  





  DEPTHs of INPUT-DATA and of LAST ITERATION:
  ===========================================

       Depth       # of events  

 DEPTH ( input ) =  -4. km :   
 DEPTH (last_IT) =  -4. km :   
 DEPTH ( input ) =  -3. km :   
 DEPTH (last_IT) =  -3. km :   
 DEPTH ( input ) =  -2. km :   
 DEPTH (last_IT) =  -2. km :   
 DEPTH ( input ) =  -1. km :   
 DEPTH (last_IT) =  -1. km :   
 DEPTH ( input ) =   0. km :  ........
 DEPTH (last_IT) =   0. km :  **
 DEPTH ( input ) =   1. km :  .
 DEPTH (last_IT) =   1. km :  ****
 DEPTH ( input ) =   2. km :   
 DEPTH (last_IT) =   2. km :  ***
 DEPTH ( input ) =   3. km :  ...
 DEPTH (last_IT) =   3. km :  ***
 DEPTH ( input ) =   4. km :  ..
 DEPTH (last_IT) =   4. km :  **
 DEPTH ( input ) =   5. km :  ..
 DEPTH (last_IT) =   5. km :  *
 DEPTH ( input ) =   6. km :  ..
 DEPTH (last_IT) =   6. km :  ***
 DEPTH ( input ) =   7. km :  .
 DEPTH (last_IT) =   7. km :  *
 DEPTH ( input ) =   8. km :  ...
 DEPTH (last_IT) =   8. km :  ***
 DEPTH ( input ) =   9. km :  ..
 DEPTH (last_IT) =   9. km :  **
 DEPTH ( input ) =  10. km :  ..
 DEPTH (last_IT) =  10. km :  *
 DEPTH ( input ) =  11. km :  ...
 DEPTH (last_IT) =  11. km :  ****
 DEPTH ( input ) =  12. km :  ....
 DEPTH (last_IT) =  12. km :  ***
 DEPTH ( input ) =  13. km :  ..
 DEPTH (last_IT) =  13. km :  ***
 DEPTH ( input ) =  14. km :  ...
 DEPTH (last_IT) =  14. km :  ****
 DEPTH ( input ) =  15. km :  ........
 DEPTH (last_IT) =  15. km :  *******
 DEPTH ( input ) =  16. km :  .........1.
 DEPTH (last_IT) =  16. km :  *********1
 DEPTH ( input ) =  17. km :  .....
 DEPTH (last_IT) =  17. km :  *****
 DEPTH ( input ) =  18. km :  ....
 DEPTH (last_IT) =  18. km :  ****
 DEPTH ( input ) =  19. km :  .....
 DEPTH (last_IT) =  19. km :  *****
 DEPTH ( input ) =  20. km :  .....
 DEPTH (last_IT) =  20. km :  ****
 DEPTH ( input ) =  21. km :  ..
 DEPTH (last_IT) =  21. km :  ****
 DEPTH ( input ) =  22. km :  ....
 DEPTH (last_IT) =  22. km :  **
 DEPTH ( input ) =  23. km :  ....
 DEPTH (last_IT) =  23. km :  ******
 DEPTH ( input ) =  24. km :  ..
 DEPTH (last_IT) =  24. km :  **
 DEPTH ( input ) =  25. km :  .
 DEPTH (last_IT) =  25. km :  *
 DEPTH ( input ) =  26. km :   
 DEPTH (last_IT) =  26. km :   
 DEPTH ( input ) =  27. km :   
 DEPTH (last_IT) =  27. km :   
 DEPTH ( input ) =  28. km :   
 DEPTH (last_IT) =  28. km :   
 DEPTH ( input ) =  29. km :   
 DEPTH (last_IT) =  29. km :   
 DEPTH ( input ) =  30. km :   
 DEPTH (last_IT) =  30. km :   
 DEPTH ( input ) =  31. km :   
 DEPTH (last_IT) =  31. km :   
 DEPTH ( input ) =  32. km :   
 DEPTH (last_IT) =  32. km :   
 DEPTH ( input ) =  33. km :   
 DEPTH (last_IT) =  33. km :   
 DEPTH ( input ) =  34. km :   
 DEPTH (last_IT) =  34. km :   
 DEPTH ( input ) =  35. km :   
 DEPTH (last_IT) =  35. km :   
 DEPTH ( input ) =  36. km :   
 DEPTH (last_IT) =  36. km :   
 DEPTH ( input ) =  37. km :   
 DEPTH (last_IT) =  37. km :   
 DEPTH ( input ) =  38. km :   
 DEPTH (last_IT) =  38. km :   
 DEPTH ( input ) =  39. km :   
 DEPTH (last_IT) =  39. km :   
 DEPTH ( input ) =  40. km :   
 DEPTH (last_IT) =  40. km :   
 DEPTH ( input ) =  41. km :   
 DEPTH (last_IT) =  41. km :   
 DEPTH ( input ) =  42. km :   
 DEPTH (last_IT) =  42. km :   
 DEPTH ( input ) =  43. km :   
 DEPTH (last_IT) =  43. km :   
 DEPTH ( input ) =  44. km :   
 DEPTH (last_IT) =  44. km :   
 DEPTH ( input ) =  45. km :   
 DEPTH (last_IT) =  45. km :   
 DEPTH ( input ) =  46. km :   
 DEPTH (last_IT) =  46. km :   
 DEPTH ( input ) =  47. km :   
 DEPTH (last_IT) =  47. km :   
 DEPTH ( input ) =  48. km :   
 DEPTH (last_IT) =  48. km :   
 DEPTH ( input ) =  49. km :   
 DEPTH (last_IT) =  49. km :   
 DEPTH ( input ) =  50. km :   
 DEPTH (last_IT) =  50. km :   
 DEPTH ( input ) =  51. km :   
 DEPTH (last_IT) =  51. km :   
 DEPTH ( input ) =  52. km :   
 DEPTH (last_IT) =  52. km :   
 DEPTH ( input ) =  53. km :   
 DEPTH (last_IT) =  53. km :   
 DEPTH ( input ) =  54. km :   
 DEPTH (last_IT) =  54. km :   
 DEPTH ( input ) =  55. km :   
 DEPTH (last_IT) =  55. km :   
 DEPTH ( input ) =  56. km :   
 DEPTH (last_IT) =  56. km :   
 DEPTH ( input ) =  57. km :   
 DEPTH (last_IT) =  57. km :   
 DEPTH ( input ) =  58. km :   
 DEPTH (last_IT) =  58. km :   
 DEPTH ( input ) =  59. km :   
 DEPTH (last_IT) =  59. km :   
 DEPTH ( input ) =  60. km :   
 DEPTH (last_IT) =  60. km :   
 DEPTH ( input ) =  61. km :   
 DEPTH (last_IT) =  61. km :   
 DEPTH ( input ) =  62. km :   
 DEPTH (last_IT) =  62. km :   
 DEPTH ( input ) =  63. km :   
 DEPTH (last_IT) =  63. km :   
 DEPTH ( input ) =  64. km :   
 DEPTH (last_IT) =  64. km :   
 DEPTH ( input ) =  65. km :   
 DEPTH (last_IT) =  65. km :   
 DEPTH ( input ) =  66. km :   
 DEPTH (last_IT) =  66. km :   
 DEPTH ( input ) =  67. km :   
 DEPTH (last_IT) =  67. km :   
 DEPTH ( input ) =  68. km :   
 DEPTH (last_IT) =  68. km :   
 DEPTH ( input ) =  69. km :   
 DEPTH (last_IT) =  69. km :   
 DEPTH ( input ) =  70. km :   
 DEPTH (last_IT) =  70. km :   
 DEPTH ( input ) =  71. km :   
 DEPTH (last_IT) =  71. km :   
 DEPTH ( input ) =  72. km :   
 DEPTH (last_IT) =  72. km :   
 DEPTH ( input ) =  73. km :   
 DEPTH (last_IT) =  73. km :   
 DEPTH ( input ) =  74. km :  .
 DEPTH (last_IT) =  74. km :  *
 DEPTH ( input ) =  75. km :   
 DEPTH (last_IT) =  75. km :   
 DEPTH ( input ) =  76. km :   
 DEPTH (last_IT) =  76. km :   
 DEPTH ( input ) =  77. km :   
 DEPTH (last_IT) =  77. km :   
 DEPTH ( input ) =  78. km :   
 DEPTH (last_IT) =  78. km :   
 DEPTH ( input ) =  79. km :   
 DEPTH (last_IT) =  79. km :   
 DEPTH ( input ) =  80. km :   
 DEPTH (last_IT) =  80. km :   
 DEPTH ( input ) =  81. km :   
 DEPTH (last_IT) =  81. km :   
 DEPTH ( input ) =  82. km :   
 DEPTH (last_IT) =  82. km :   
 DEPTH ( input ) =  83. km :   
 DEPTH (last_IT) =  83. km :   
 DEPTH ( input ) =  84. km :   
 DEPTH (last_IT) =  84. km :   
 DEPTH ( input ) =  85. km :   
 DEPTH (last_IT) =  85. km :   
 DEPTH ( input ) =  86. km :   
 DEPTH (last_IT) =  86. km :   
 DEPTH ( input ) =  87. km :   
 DEPTH (last_IT) =  87. km :   
 DEPTH ( input ) =  88. km :   
 DEPTH (last_IT) =  88. km :   
 DEPTH ( input ) =  89. km :   
 DEPTH (last_IT) =  89. km :   
 DEPTH ( input ) =  90. km :   
 DEPTH (last_IT) =  90. km :   
 DEPTH ( input ) =  91. km :   
 DEPTH (last_IT) =  91. km :   
 DEPTH ( input ) =  92. km :   
 DEPTH (last_IT) =  92. km :   
 DEPTH ( input ) =  93. km :   
 DEPTH (last_IT) =  93. km :   
 DEPTH ( input ) =  94. km :   
 DEPTH (last_IT) =  94. km :   
 DEPTH ( input ) =  95. km :   
 DEPTH (last_IT) =  95. km :   
 DEPTH ( input ) =  96. km :   
 DEPTH (last_IT) =  96. km :   
 DEPTH ( input ) =  97. km :  .
 DEPTH (last_IT) =  97. km :  *
 DEPTH ( input ) =  98. km :   
 DEPTH (last_IT) =  98. km :   
 DEPTH ( input ) =  99. km :   
 DEPTH (last_IT) =  99. km :   
 DEPTH ( input ) = 100. km :   
 DEPTH (last_IT) = 100. km :   
 DEPTH ( input ) > 100. km :   
 DEPTH (last_IT) > 100. km :   


 Residuals of the stations according to the azimuth:
 (RES  = total average residual at station)
 (RES1 = average residual of rays from 1st quadrant)
 (RES2 = average residual of rays from 2nd quadrant)
 (RES3 = average residual of rays from 3rd quadrant)
 (RES4 = average residual of rays from 4th quadrant)

 Stn#  Stn     RES          RES1         RES2         RES3         RES4
   1   624    -0.20(  74)  -0.26(  33)  -0.10(   5)  -0.17(  29)  -0.16(   7)
   2   628    -0.44(  69)  -0.62(  32)  -0.25(   5)  -0.37(  25)  -0.03(   7)
   3   630    -0.16(  53)  -0.11(  24)  -0.01(  11)  -0.47(  10)  -0.16(   8)
   4   627    -0.16(  46)  -0.30(  12)  -0.06(   1)  -0.25(  21)   0.14(  12)
   5   621    -0.05(  59)  -0.23(   7)   0.00(   0)   0.12(  18)  -0.11(  34)
   6   629    -0.09(  43)   0.06(  15)   0.00(   0)  -0.49(   9)  -0.03(  19)
   7   622    -0.11(  58)  -0.22(  27)   0.00(   0)  -0.01(  20)   0.00(  11)
   8   620    -0.12(  48)   0.00(   0)  -0.13(   1)   0.03(  18)  -0.22(  29)
   9   623    -0.06(  55)  -0.21(  30)   0.00(   0)   0.21(  17)  -0.04(   8)
  10   626    -0.14(  52)  -0.28(  24)   0.00(   0)  -0.39(   6)   0.09(  22)
  11   625    -0.11(  49)  -0.17(  14)   0.00(   0)  -0.20(  23)   0.14(  12)
  12   631     0.35(  49)   0.49(  18)   0.77(   1)   0.78(   4)   0.16(  26)
  13   632     0.11(  24)   0.41(  12)   0.36(   2)  -0.28(   3)  -0.29(   7)



 CPU - statistics:

 TOTAL CPU-sec          =    0.2     (CPU-minutes:  0.003)

 >>>   End of program VELEST at 25-06-01 23:10       <<< [ CPU-sec :     0.2]
