 >>> Start of program VELEST at 25-06-01 23:10       <<<                        

 ::::::::::::::::::::::::::::::::::::::                                         
  V E L E S T  - Version : January 3, 1995                                      
  (Authors: see source code)                                                    
 ::::::::::::::::::::::::::::::::::::::                                         


 Title of this VELEST run:

 vinnik
 ------


 Current array-dimensions of program VELEST:

 Max. number of EARTHQUAKES for simult. inversion IEQ = ***
 Max. number of SHOTS for simult. inversion    INSHOT =  50
 Max. number of (different) 1D-MODELS      ITOTMODELS =   2
 Max. number of LAYERS per one 1D-model        INLTOT = 100
 Max. number of STATIONS in stationlist           IST = 650
 Max. number of OBSERVATIONS per event MAXOBSPEREVENT = 180






    INPUT - P A R A M E T E R S :



***
***  olat       olon   icoordsystem      zshift   itrial ztrial    ised
  72.000000-126.000000      0            0.000       0     0.00      0
***
*** neqs   nshot    rotate
     91      0      0.0
***
*** isingle   iresolcalc
       0          0
***
*** dmax    itopo    zmin     veladj    zadj   lowveloclay
   300.00     0      0.01       0.20    5.00       0
***
*** nsp    swtfac   vpvs       nmod
     1      1.00    1.730        1
***
***   othet   xythet    zthet    vthet   stathet
       0.01     0.01     0.01     1.00     0.01
***
*** nsinv   nshcor   nshfix     iuseelev    iusestacorr
       1       0       0           1            1
***
*** iturbo    icnvout   istaout   ismpout
       1         1         1         0
***
*** irayout   idrvout   ialeout   idspout   irflout   irfrout   iresout
       0         0         0         0         0         0         0
***
*** delmin   ittmax   invertratio
    0.010       3          1
***
*** Modelfile:
tmp/vinnik/synthvel/model_3.mod
***
*** Stationfile:
./velinp/station.sta
***
*** Seismofile:
 
***
*** File with region names:
 
***
*** File with region coordinates:
 
***
*** File #1 with topo data:
 
***
*** File #2 with topo data:
 
***
*** DATA INPUT files:
***
*** File with Earthquake data:
./velinp/data.cnv
***
*** File with Shot data:
 
***
*** OUTPUT files:
***
*** Main print output file:
./velout/vinnik/velest3.out
***
*** File with single event locations:
velout.vel
***
*** File with final hypocenters in *.cnv format:
./velout/vinnik/final_loc3.cnv
***
*** File with new station corrections:
./velout/vinnik/stations_corr3.sta
***
*** File with summary cards (e.g. for plotting):
velout.smp
***
*** File with raypoints:
velout.ray
***
*** File with derivatives:
velout.drv
***
*** File with ALEs:
velout.ale
***
*** File with Dirichlet spreads:
velout.dspr
***
*** File with reflection points:
velout.rfl
***
*** File with refraction points:
velout.rfr
***
*** File with residuals:
velout.res
***




 Origin of cartesian coordinates:
        72.00000N   126.00000E

  X,Y-AXES rotated clockwise from North
           Rotation angle (rotate):
            rotate=    0.0 degr.

 icoordsystem =            0
 normal SHORT DISTANCE CONVERSION will be made
 x is positive towards west, y is positive towards north


 SHORT DISTANCE CONVERSION on ELLIPSOIDE of WORLD GEODETIC SYSTEM 1972 (WGS72)
 =============================================================================

 Radius at equator (REARTH)= 6378.13500  km
   1. / (ellipticity)      =    298.260

 Origin of cartesian coordinates [degrees]:
   72.0000000 N     -126.0000000 W

  Rotation angle (in degr.) clockwise from
North  rotate=    0.0

 Radius of sphere at OLAT =   6358.817 km

 Conversion of GEOGRAPHICAL LATITUDE to GEOCENTRICAL LATITUDE:
 RLATC = TAN(GEOCENTR.LAT) / TAN(GEOGRAPH.LAT)
 RLATC =   0.99333486

          Short distance conversions:
          one min lat ~  1.8597 km 
          one min lon ~  0.5751 km 







    INPUT - M O D E L :



 Model(s) read from file :
 tmp/vinnik/synthvel/model_3.mod                                                 

 model file title: 
Model: model_3.mod                      
 Velocity structure for model   1 :

 layer    vel   depth   vdamp  reflector
   1      4.78  -5.00    1.00         P-VELOCITY MODEL                  
   2      4.96   0.00    1.00  
   3      5.96   9.50    1.00  
   4      6.40  20.60    1.00  
   5      6.40  26.90    1.00  
   6      7.85  28.90    1.00  
   7      8.99  35.50    1.00  

 Calculation of average velocity starts at layer #            1
 z = -5.00 ...  0.00    v = 4.78    AVEL = 4.78 downto z =   0.00
 z =  0.00 ...  9.50    v = 4.96    AVEL = 4.90 downto z =   9.50
 z =  9.50 ... 20.60    v = 5.96    AVEL = 5.36 downto z =  20.60
 z = 20.60 ... 26.90    v = 6.40    AVEL = 5.56 downto z =  26.90
 z = 26.90 ... 28.90    v = 6.40    AVEL = 5.61 downto z =  28.90
 z = 28.90 ... 35.50    v = 7.85    AVEL = 5.98 downto z =  35.50


 Calculation of average velocity starts at layer #            2
 z =  0.00 ...  9.50    v = 4.96    AVEL = 4.96 downto z =   9.50
 z =  9.50 ... 20.60    v = 5.96    AVEL = 5.50 downto z =  20.60
 z = 20.60 ... 26.90    v = 6.40    AVEL = 5.71 downto z =  26.90
 z = 26.90 ... 28.90    v = 6.40    AVEL = 5.76 downto z =  28.90
 z = 28.90 ... 35.50    v = 7.85    AVEL = 6.15 downto z =  35.50






    INPUT - S T A T I O N S :



 Station-parameters read from file :
 ./velinp/station.sta                                                            


     stn latitude longitude elev   x      y      z     ptcor stcor model icc
   1 624 72.4760N126.2750E     0  -9.37  53.11  -0.00   0.00  0.00   1  13
   2 628 72.4000N127.1470E     0 -39.15  44.63  -0.00   0.00  0.00   1  12
   3 630 72.0750N128.3250E     0 -80.06   8.37  -0.00   0.00  0.00   1  11
   4 627 72.1170N126.9820E     0 -33.78  13.06  -0.00   0.00  0.00   1  10
   5 621 72.1840N124.8890E     0  38.14  20.53  -0.00   0.00  0.00   1   9
   6 629 71.9290N127.3130E     0 -45.39  -7.92  -0.00   0.00  0.00   1   8
   7 622 72.4420N125.3130E     0  23.42  49.32  -0.00   0.00  0.00   1   7
   8 620 72.6540N124.3470E     0  56.03  72.98  -0.00   0.00  0.00   1   6
   9 623 72.3260N125.7600E     0   8.21  36.38  -0.00   0.00  0.00   1   5
  10 626 71.8880N126.0360E     0  -1.25 -12.50  -0.00   0.00  0.00   1   4
  11 625 72.1740N126.1070E     0  -3.67  19.42  -0.00   0.00  0.00   1   3
  12 631 71.3990N127.2470E     0 -43.72 -67.06  -0.00   0.00  0.00   1   2
  13 632 71.5740N129.0728E     0-107.23 -47.53  -0.00   0.00  0.00   1   1

 NO Seismo-parameter-file specified
 --> NO magnitudes calculated!




   neqs=   91  nshot=    0  nltot=    7

 ~~~ input parameters read.
 ~~~ set units for first iteration ...
 ~~~ determine number of unknowns ...

 Number of unknowns (for array-indexing):  nvar =  383
 Number of effective unknowns        :  nvareff =  371
 Number of elements on/below main diagonal of matrix G = At*A : kvar =   73536

 ~~~ reset G and RHT ...
 ~~~ input data, raytracing, setup G ...






    I N P U T - D A T A  

  eq    origin-time    latitude longitude depth    x      y      z    mag ifxOBS
   1 160818 1613  9.10 73.0030N 124.8500E  23.10  38.61 111.92  23.10 1.40 0   6
   2 160818 1613  9.30 72.9910N 124.8700E  22.80  37.95 110.58  22.80 1.10 0   6
   3 160819 0959 27.30 71.9230N 129.7600E  12.10-130.00  -8.59  12.10 4.00 0  12
   4 160820 1506 15.70 71.9380N 129.7900E  11.00-130.98  -6.92  11.00 1.50 0   9
   5 160820 1904 45.70 72.3480N 127.1800E  23.80 -40.33  38.83  23.80 1.20 0   6
   6 160822 1318 49.50 72.3650N 127.0800E  16.50 -36.90  40.73  16.50 0.60 0   8
   7 160823 0652 14.00 70.9330N 129.8100E   6.40-135.21-119.06   6.40 2.90 0   6
   8 160824 1510 30.40 71.6070N 130.0400E   8.60-140.86 -43.85   8.60 1.50 0   9
   9 160906 1514 39.70 72.5080N 125.6800E  12.10  10.89  56.68  12.10 0.90 0   6
 WARNING:
 epicentral distance: 303.3 > dmax ( 300.0) ==> skipping phase !
 WARNING:
 epicentral distance: 338.2 > dmax ( 300.0) ==> skipping phase !
  10 160920 1607 18.30 69.2370N 128.3500E  16.20 -87.07-308.31  16.20 2.60 0   2
 WARNING:
 epicentral distance: 318.5 > dmax ( 300.0) ==> skipping phase !
 WARNING:
 epicentral distance: 355.0 > dmax ( 300.0) ==> skipping phase !
  11 160925 1911  5.60 69.2250N 127.6800E  15.60 -62.26-309.64  15.60 2.30 0   2
  12 161004 0841 51.20 72.8480N 124.9600E  15.60  35.07  94.62  15.60 0.20 0   6
  13 161005 1619 46.90 72.8770N 125.0100E  19.00  33.35  97.86  19.00 1.00 0   9
  14 161006 0156 55.90 72.8740N 125.0100E  13.90  33.36  97.52  13.90 1.00 0   7
  15 161009 0036 44.70 72.8720N 124.9900E  17.20  34.03  97.30  17.20 1.30 0   8
  16 161009 0036 44.90 72.8580N 124.9600E  18.60  35.06  95.74  18.60 1.20 0   7
  17 161012 0800 22.10 72.7380N 126.0300E  18.50  -1.01  82.35  18.50 0.80 0   7
  18 161015 1013 36.50 72.0400N 126.9900E  11.20 -34.12   4.46  11.20 0.70 0   7
  19 161021 0507 33.30 72.5750N 124.7800E  10.10  41.44  64.16  10.10 0.80 0   6
  20 161124 2250 46.00 72.7630N 124.8800E  16.20  37.85  85.14  16.20 3.10 0   4
  21 161125 0156 34.10 72.7420N 124.9200E  14.50  36.52  82.80  14.50 0.60 0   7
  22 161125 0517 25.90 72.7650N 124.9400E  13.50  35.82  85.36  13.50 1.60 0   6
  23 161125 0525 15.90 72.7740N 124.9500E  11.60  35.48  86.37  11.60 0.80 0   6
  24 161125 0556  2.00 72.7350N 124.9700E   5.70  34.84  82.01   5.70 0.20 0   6
  25 170117 0846 48.60 72.2130N 127.3400E  22.00 -45.97  23.77  22.00 0.30 0   6
  26 170122 1614 27.60 71.9670N 128.0400E  10.30 -70.45  -3.68  10.30 0.90 0   6
  27 170125 2244  0.20 72.4440N 126.0200E  13.10  -0.68  49.54  13.10 0.80 0   6
  28 170302 1359 59.10 72.6830N 124.8900E  11.50  37.60  76.21  11.50 0.50 0   7
  29 170302 2335 20.20 71.8850N 130.3000E  14.80-148.82 -12.83  14.80 2.10 0   9
  30 170304 2135  2.90 72.6880N 124.9400E  13.40  35.90  76.77  13.40 1.30 0   7
  31 170307 0447 21.00 72.6940N 124.9200E  14.20  36.57  77.44  14.20 1.70 0  10
  32 170307 2016 50.80 72.6910N 124.9100E  15.30  36.91  77.10  15.30 1.10 0   6
  33 170309 1454  0.80 72.6830N 124.9000E  15.60  37.26  76.21  15.60 0.30 0   6
  34 170311 0430 55.40 72.3130N 126.5000E  24.50 -17.11  34.93  24.50 0.30 0   6
  35 170312 0416 39.20 71.9240N 128.0800E   3.40 -71.91  -8.48   3.40 2.10 0   6
  36 170313 0553 59.10 72.6980N 124.9200E  15.10  36.57  77.89  15.10 1.00 0   9
  37 170313 0809  5.60 72.4500N 125.0800E  14.90  31.36  50.21  14.90 1.20 0   7
  38 170315 0234 46.50 72.6540N 123.8400E  16.90  73.22  72.98  16.90 1.40 0   7
  39 170317 1007 14.10 72.2350N 125.9800E   3.90   0.69  26.22   3.90 0.50 0   7
  40 170320 0711 14.60 72.1250N 127.2200E  16.80 -41.95  13.95  16.80 0.90 0   6
  41 170320 0853 56.40 72.7090N 124.9700E   5.10  34.86  79.11   5.10 0.40 0   6
  42 170320 1900 34.30 72.4150N 126.1200E  18.00  -4.09  46.31  18.00 0.60 0   7
  43 170323 0519 24.60 71.6470N 129.1800E   5.20-110.76 -39.39   5.20 1.20 0   6
  44 170323 1612 49.70 72.4530N 125.1100E   8.30  30.33  50.55   8.30 0.50 0   6
  45 170323 1906 41.20 72.4070N 130.2500E  18.30-145.04  45.41  18.30 1.00 0   6
  46 170326 0836 34.10 71.9930N 127.6700E  16.10 -57.63  -0.78  16.10 1.50 0   7
  47 170402 0422  1.00 72.7220N 125.6900E  21.90  10.49  80.56  21.90 1.20 0  10
  48 170402 0636 37.20 72.7310N 125.6900E  23.50  10.49  81.57  23.50 0.70 0   6
  49 170404 2347 35.70 72.7580N 124.3800E  22.60  54.76  84.58  22.60 0.50 0   6
  50 170405 0307 36.10 71.6810N 128.9500E  15.30-102.66 -35.60  15.30 1.00 0  10
  51 170405 1410 53.20 71.5100N 128.9000E   9.30-101.37 -54.68   9.30 1.70 0  10
  52 170406 0838 43.20 72.3850N 129.3800E  15.50-115.42  42.96  15.50 0.90 0  10
  53 170406 1728  1.00 72.7230N 125.6900E  21.30  10.49  80.67  21.30 0.90 0  10
 WARNING:
 epicentral distance: 325.9 > dmax ( 300.0) ==> skipping phase !
 WARNING:
 epicentral distance: 332.9 > dmax ( 300.0) ==> skipping phase !
 WARNING:
 epicentral distance: 345.3 > dmax ( 300.0) ==> skipping phase !
 WARNING:
 epicentral distance: 391.9 > dmax ( 300.0) ==> skipping phase !
  54 170407 1729  3.40 74.8930N 128.6300E  15.60 -83.67 322.81  15.60 1.80 0   2
 WARNING:
 epicentral distance: 311.3 > dmax ( 300.0) ==> skipping phase !
 WARNING:
 epicentral distance: 315.4 > dmax ( 300.0) ==> skipping phase !
 WARNING:
 epicentral distance: 328.9 > dmax ( 300.0) ==> skipping phase !
 WARNING:
 epicentral distance: 374.2 > dmax ( 300.0) ==> skipping phase !
  55 170407 1729  3.50 74.7270N 128.8100E   0.40 -89.83 304.29   0.40 1.60 0   5
  56 170408 1004 44.90 72.6070N 124.9400E  15.00  35.98  67.73  15.00 1.40 0  13
  57 170409 0856 47.20 73.3850N 128.5500E  15.60 -84.71 154.54  15.60 2.50 0   6
  58 170409 0902 45.60 73.3500N 128.4400E  15.10 -81.13 150.64  15.10 1.10 0   7
  59 170410 1520  8.50 72.0030N 128.3900E   2.70 -82.46   0.33   2.70 1.00 0  10
  60 170410 1813  3.60 70.9360N 129.1200E   3.70-110.72-118.73   3.70 2.20 0  13
  61 170412 1507  0.60 71.5070N 129.7200E   0.00-130.05 -55.01   0.00 0.70 0   6
  62 170413 0651 20.10 73.3680N 125.4200E  15.60  19.28 152.65  15.60 1.00 0  10
  63 170414 0459 18.80 72.2680N 127.3800E  20.10 -47.27  29.90  20.10 0.50 0   7
  64 170414 0540  4.80 73.6400N 130.9700E   8.00-163.92 183.00   8.00 1.80 0  11
  65 170414 1656 23.40 72.1850N 127.4000E  15.50 -48.06  20.64  15.50 0.20 0   6
  66 170414 1753 32.80 72.3840N 130.4600E  17.90-152.30  42.85  17.90 0.70 0   6
  67 170416 0523 41.90 71.9560N 127.0800E  19.20 -37.31  -4.91  19.20 1.60 0  13
  68 170416 1220 14.20 72.9470N 124.4900E  20.40  50.77 105.67  20.40 1.00 0  11
 WARNING:
 epicentral distance: 320.3 > dmax ( 300.0) ==> skipping phase !
 WARNING:
 epicentral distance: 381.0 > dmax ( 300.0) ==> skipping phase !
 WARNING:
 epicentral distance: 398.8 > dmax ( 300.0) ==> skipping phase !
 WARNING:
 epicentral distance: 405.0 > dmax ( 300.0) ==> skipping phase !
 WARNING:
 epicentral distance: 424.8 > dmax ( 300.0) ==> skipping phase !
 WARNING:
 epicentral distance: 431.2 > dmax ( 300.0) ==> skipping phase !
 WARNING:
 epicentral distance: 445.5 > dmax ( 300.0) ==> skipping phase !
 WARNING:
 epicentral distance: 451.8 > dmax ( 300.0) ==> skipping phase !
 WARNING:
 epicentral distance: 464.3 > dmax ( 300.0) ==> skipping phase !
  69 170416 1257 48.30 68.8710N 131.7500E  73.50-214.97-349.14  73.50 2.20 0   0
  70 170416 1821  5.50 72.8670N 125.0000E  19.30  33.70  96.74  19.30 1.30 0  13
  71 170418 0606  4.10 72.5080N 125.8200E   1.30   6.13  56.68   1.30 0.20 0   6
 WARNING:
 epicentral distance: 315.2 > dmax ( 300.0) ==> skipping phase !
 WARNING:
 epicentral distance: 332.1 > dmax ( 300.0) ==> skipping phase !
 WARNING:
 epicentral distance: 345.3 > dmax ( 300.0) ==> skipping phase !
 WARNING:
 epicentral distance: 352.6 > dmax ( 300.0) ==> skipping phase !
 WARNING:
 epicentral distance: 346.7 > dmax ( 300.0) ==> skipping phase !
 WARNING:
 epicentral distance: 356.6 > dmax ( 300.0) ==> skipping phase !
 WARNING:
 epicentral distance: 363.9 > dmax ( 300.0) ==> skipping phase !
 WARNING:
 epicentral distance: 372.8 > dmax ( 300.0) ==> skipping phase !
 WARNING:
 epicentral distance: 378.6 > dmax ( 300.0) ==> skipping phase !
 WARNING:
 epicentral distance: 378.6 > dmax ( 300.0) ==> skipping phase !
  72 170418 1005 56.80 69.3310N 122.4100E  97.00 132.70-297.82  97.00 2.20 0   1
  73 170418 1500 12.90 72.7340N 124.5100E  23.10  50.40  81.90  23.10 1.30 0  12
  74 170420 1302 36.20 72.6290N 129.0200E  21.80-102.44  70.19  21.80 0.90 0  11
  75 170420 2248 46.70 72.0220N 129.1200E   0.00-107.59   2.46   0.00 0.70 0  11
 WARNING:
 epicentral distance: 313.1 > dmax ( 300.0) ==> skipping phase !
 WARNING:
 epicentral distance: 324.4 > dmax ( 300.0) ==> skipping phase !
 WARNING:
 epicentral distance: 324.2 > dmax ( 300.0) ==> skipping phase !
 WARNING:
 epicentral distance: 342.4 > dmax ( 300.0) ==> skipping phase !
 WARNING:
 epicentral distance: 349.0 > dmax ( 300.0) ==> skipping phase !
 WARNING:
 epicentral distance: 380.2 > dmax ( 300.0) ==> skipping phase !
 WARNING:
 epicentral distance: 381.6 > dmax ( 300.0) ==> skipping phase !
 WARNING:
 epicentral distance: 408.0 > dmax ( 300.0) ==> skipping phase !
  76 170423 0850 54.60 74.7080N 132.7900E   0.10-217.19 302.17   0.10 1.90 0   0
  77 170423 1455 44.10 72.8400N 124.4900E  16.80  50.92  93.73  16.80 0.60 0   8
  78 170423 2313 41.80 72.5960N 124.8700E  22.00  38.36  66.50  22.00 1.30 0  12
  79 170424 0609 58.60 71.9600N 128.0200E   0.10 -69.77  -4.46   0.10 1.10 0  12
  80 170424 0755 26.70 71.9480N 128.0300E   0.00 -70.14  -5.80   0.00 1.00 0  12
  81 170424 0755 26.90 71.9590N 128.0300E   0.00 -70.12  -4.57   0.00 1.00 0  12
  82 170425 0652 23.30 71.9600N 128.0300E   0.00 -70.12  -4.46   0.00 1.20 0   9
  83 170426 0051 23.20 71.9450N 128.0600E   6.60 -71.18  -6.14   6.60 0.70 0   6
  84 170426 1425 21.20 72.0790N 127.2600E  21.00 -43.38   8.82  21.00 0.10 0   6
  85 170426 1834 24.60 71.5840N 130.8000E  10.90-167.46 -46.42  10.90 1.20 0   8
  86 170426 1840 44.10 72.2710N 126.3600E  18.10 -12.33  30.24  18.10 1.30 0   8
  87 170427 0912 28.80 72.0640N 127.7900E   2.60 -61.65   7.14   2.60 0.90 0   8
  88 170427 1041 38.10 71.7480N 128.9900E   8.40-103.86 -28.12   8.40 0.70 0   7
  89 170427 2010 47.80 72.8010N 130.2000E  20.20-141.80  89.38  20.20 1.30 0   8
  90 170427 2010 48.30 72.7890N 130.1400E  20.10-139.82  88.04  20.10 1.30 0   8
  91 170427 2342 34.10 72.7630N 125.0100E  19.50  33.46  85.14  19.50 0.80 0   6

 readings for station 624  :  74
 readings for station 628  :  69
 readings for station 630  :  53
 readings for station 627  :  46
 readings for station 621  :  59
 readings for station 629  :  43
 readings for station 622  :  58
 readings for station 620  :  48
 readings for station 623  :  55
 readings for station 626  :  52
 readings for station 625  :  49
 readings for station 631  :  49
 readings for station 632  :  24

 Total number of stations with readings:  13

 Total number of readings:     679
 Total number of P readings:       0
 Total number of S readings:       0


 ~~~ store parts of G ...
 ~~~ compute RMS and DATVAR ...

 Total number of observations is:   679


 $$$$$$$$$$$$$$$$$$$$$$$$$$$$$$$$$$$$$$$$$$$$$$$$$
 Events with  | AVRES | > 1.0 SEC are suspicious !

 Event#  10 >>>  160920 1607  AVRES =  3.86 NOBS =  2
 Event#  11 >>>  160925 1911  AVRES =  3.50 NOBS =  2
 Event#  24 >>>  161125 0556  AVRES = -1.27 NOBS =  6
 Event#  35 >>>  170312 0416  AVRES = -1.22 NOBS =  6
 Event#  39 >>>  170317 1007  AVRES = -1.08 NOBS =  7
 Event#  41 >>>  170320 0853  AVRES = -1.37 NOBS =  6
 Event#  43 >>>  170323 0519  AVRES = -1.38 NOBS =  6
 Event#  44 >>>  170323 1612  AVRES = -1.02 NOBS =  6
 Event#  54 >>>  170407 1729  AVRES =  2.44 NOBS =  2
 Event#  55 >>>  170407 1729  AVRES =  2.05 NOBS =  5
 Event#  57 >>>  170409 0856  AVRES =  2.28 NOBS =  6
 Event#  58 >>>  170409 0902  AVRES =  1.50 NOBS =  7
 Event#  59 >>>  170410 1520  AVRES = -1.17 NOBS = 10
 Event#  61 >>>  170412 1507  AVRES = -1.10 NOBS =  6
 Event#  64 >>>  170414 0540  AVRES =  2.91 NOBS = 11
 Event#  72 >>>  170418 1005  AVRES =  3.23 NOBS =  1
 Event#  79 >>>  170424 0609  AVRES = -1.33 NOBS = 12
 Event#  80 >>>  170424 0755  AVRES = -1.29 NOBS = 12
 Event#  81 >>>  170424 0755  AVRES = -1.28 NOBS = 12
 Event#  82 >>>  170425 0652  AVRES = -1.47 NOBS =  9
 Event#  83 >>>  170426 0051  AVRES = -1.17 NOBS =  6
 Event#  87 >>>  170427 0912  AVRES = -1.22 NOBS =  8
 Event#  89 >>>  170427 2010  AVRES =  1.34 NOBS =  8
 Event#  90 >>>  170427 2010  AVRES =  1.22 NOBS =  8

 ^^^^^^^^^ C H E C K   these events above ^^^^^^^^
 $$$$$$$$$$$$$$$$$$$$$$$$$$$$$$$$$$$$$$$$$$$$$$$$$

 ~~~ save initial datvar ...

 Iteration nr  0 obtained:
 DATVAR=    3.650448 mean sqrd residual=     1.655873  RMS RESIDUAL=     1.286807

 After  0 iterations we got:
 Average absolute & unweighted [and mean] residual of
   317 straight and direct rays =  0.83339 [ -0.81304]
   362 refracted           rays =  1.30129 [  0.29568]
     0 reflected           rays =  0.00000 [  0.00000]

   679 ALL                 RAYS =  1.08284 [ -0.22194]        0.00 %




--------------------------------------------------------------------------------



           ITERATION no  1

 ~~~ set units for this iteration ...
 ~~~ determine number of unknowns for this iter. ...

 Number of unknowns (for array-indexing):  nvar =  383
 Number of effective unknowns        :  nvareff =  384
 Number of elements on/below main diagonal of matrix G = At*A : kvar =   73536

 Damping factors to be used in this iteration:
   Othet=   0.010   XYthet  =   0.010   Zthet=  0.010
 STAthet=   0.010   Vthet   =   1.000

 ~~~ damp G ...
 ~~~ solve G * b = RHT ...
 ~~~ fix units ...
 ~~~ apply eventually step-length damping ...
 ~~~ adjust model (hypocenters, stacorr & veloc.) ...

 doing velocity adjustments now...

 doing station-correction adjustments...

 ~~~ compute effective step-length ...

 (Applied) Step length =   2.239

 ~~~ set units for next iteration ...
 ~~~ determine number of unknowns for next iter. ...

 Number of unknowns (for array-indexing):  nvar =  383
 Number of effective unknowns        :  nvareff =  384
 Number of elements on/below main diagonal of matrix G = At*A : kvar =   73536

 ~~~ reset G and RHT ...
 ~~~ raytracing, setup G ...
 ~~~ store parts of G ...
 ~~~ set units back for current iteration ...
 ~~~ determine number of unknowns for this iter. ...

 Number of unknowns (for array-indexing):  nvar =  383
 Number of effective unknowns        :  nvareff =  384
 Number of elements on/below main diagonal of matrix G = At*A : kvar =   73536

 ~~~ compute RMS and DATVAR ...

 $$$$$$$$$$$$$$$$$$$$$$$$$$$$$$$$$$$$$$$$$$$$$$$$$
 Events with  | AVRES | > 1.0 SEC are suspicious !

 Event#  10 >>>  160920 1607  AVRES =  3.52 NOBS =  2
 Event#  11 >>>  160925 1911  AVRES =  3.18 NOBS =  2
 Event#  24 >>>  161125 0556  AVRES = -1.16 NOBS =  6
 Event#  35 >>>  170312 0416  AVRES = -1.12 NOBS =  6
 Event#  41 >>>  170320 0853  AVRES = -1.25 NOBS =  6
 Event#  43 >>>  170323 0519  AVRES = -1.25 NOBS =  6
 Event#  54 >>>  170407 1729  AVRES =  2.22 NOBS =  2
 Event#  55 >>>  170407 1729  AVRES =  1.86 NOBS =  5
 Event#  57 >>>  170409 0856  AVRES =  2.08 NOBS =  6
 Event#  58 >>>  170409 0902  AVRES =  1.37 NOBS =  7
 Event#  59 >>>  170410 1520  AVRES = -1.06 NOBS = 10
 Event#  61 >>>  170412 1507  AVRES = -1.00 NOBS =  6
 Event#  64 >>>  170414 0540  AVRES =  2.65 NOBS = 11
 Event#  72 >>>  170418 1005  AVRES =  2.93 NOBS =  1
 Event#  79 >>>  170424 0609  AVRES = -1.21 NOBS = 12
 Event#  80 >>>  170424 0755  AVRES = -1.18 NOBS = 12
 Event#  81 >>>  170424 0755  AVRES = -1.17 NOBS = 12
 Event#  82 >>>  170425 0652  AVRES = -1.34 NOBS =  9
 Event#  83 >>>  170426 0051  AVRES = -1.07 NOBS =  6
 Event#  87 >>>  170427 0912  AVRES = -1.11 NOBS =  8
 Event#  89 >>>  170427 2010  AVRES =  1.23 NOBS =  8
 Event#  90 >>>  170427 2010  AVRES =  1.12 NOBS =  8

 ^^^^^^^^^ C H E C K   these events above ^^^^^^^^
 $$$$$$$$$$$$$$$$$$$$$$$$$$$$$$$$$$$$$$$$$$$$$$$$$

 ~~~ check solution (better? worse?) ...

 Iteration nr  1 obtained:
 DATVAR=    3.203931 mean sqrd residual=     1.391988  RMS RESIDUAL=     1.179825

 After  1 iterations we got:
 Average absolute & unweighted [and mean] residual of
   315 straight and direct rays =  0.75628 [ -0.73757]
   364 refracted           rays =  1.19233 [  0.26402]
     0 reflected           rays =  0.00000 [  0.00000]

   679 ALL                 RAYS =  0.99004 [ -0.20063]       -8.57 %

 ~~~ iteration done; output results ...

  eq       ot     x      y      z      rms    avres   dot     dx     dy     dz
    1      9.09  38.84 111.91  23.12   0.61  -0.23   -0.010  0.229 -0.013  0.019
    2      9.29  38.18 110.58  22.83   0.61  -0.27   -0.014  0.231  0.003  0.032
    3     27.24-130.09  -8.51  12.22   1.06   0.04   -0.056 -0.092  0.081  0.116
    4     15.64-131.07  -6.88  11.04   1.10   0.19   -0.057 -0.083  0.043  0.041
    5     45.68 -40.34  38.91  23.77   0.32  -0.49   -0.018 -0.007  0.077 -0.032
    6     49.47 -36.81  40.72  16.72   0.23  -0.70   -0.030  0.091 -0.003  0.223
    7     13.93-135.04-119.02   6.25   1.93   0.86   -0.069  0.173  0.043 -0.150
    8     30.35-140.90 -43.78   8.60   1.17   0.68   -0.053 -0.043  0.072 -0.001
    9     39.66  10.91  56.65  12.16   0.13  -0.72   -0.037  0.022 -0.039  0.058
   10     18.23 -87.25-308.29  16.21   1.04   3.52   -0.067 -0.187  0.017  0.008
   11      5.50 -62.49-309.64  15.61   1.23   3.18   -0.100 -0.233  0.000  0.013
   12     51.15  35.04  94.72  15.85   0.35  -0.70   -0.050 -0.029  0.092  0.252
   13     46.88  33.42  97.78  18.98   0.73  -0.31   -0.020  0.065 -0.081 -0.018
   14     55.85  33.35  97.55  14.06   1.09  -0.49   -0.054 -0.008  0.030  0.162
   15     44.68  34.08  97.21  17.21   1.22  -0.01   -0.022  0.050 -0.093  0.013
   16     44.86  35.01  95.78  18.60   1.24   0.16   -0.037 -0.042  0.039 -0.004
   17     22.06  -0.91  82.40  18.54   0.95  -0.46   -0.038  0.104  0.056  0.044
   18     36.45 -34.14   4.52  11.62   0.25  -0.78   -0.051 -0.021  0.054  0.423
   19     33.27  41.40  64.09  10.10   0.28  -0.79   -0.028 -0.041 -0.067  0.004
   20     45.95  37.88  85.10  16.24   0.77  -0.42   -0.050  0.030 -0.035  0.043
   21     34.07  36.49  82.69  14.47   0.80  -0.61   -0.032 -0.028 -0.101 -0.028
   22     25.85  35.78  85.36  13.70   0.32  -0.85   -0.046 -0.045 -0.005  0.200
   23     15.87  35.41  86.23  11.68   0.36  -0.89   -0.033 -0.063 -0.131  0.076
   24      1.94  34.73  82.17   5.64   0.47  -1.16   -0.062 -0.111  0.152 -0.058
   25     48.60 -45.94  23.69  22.11   0.20  -0.43    0.004  0.033 -0.073  0.111
   26     27.57 -70.37  -3.83  10.35   0.19  -0.79   -0.026  0.081 -0.147  0.054
   27      0.17  -0.63  49.48  13.32   0.39  -0.53   -0.033  0.047 -0.061  0.216
   28     59.07  37.62  76.20  11.47   0.99  -0.44   -0.032  0.019 -0.009 -0.027
   29     20.15-148.79 -12.86  14.75   1.10   0.50   -0.054  0.028 -0.024 -0.045
   30      2.88  35.85  76.74  13.27   1.13  -0.18   -0.025 -0.046 -0.025 -0.125
   31     20.96  36.47  77.45  14.27   1.25  -0.22   -0.041 -0.096  0.009  0.075
   32     50.76  36.90  77.04  15.49   0.28  -0.80   -0.042 -0.008 -0.064  0.185
   33      0.78  37.22  76.14  15.58   0.68  -0.52   -0.021 -0.034 -0.067 -0.024
   34     55.40 -16.99  34.94  24.52   0.14  -0.44    0.001  0.120  0.014  0.022
   35     39.21 -71.75  -8.45   3.79   0.61  -1.12    0.008  0.160  0.034  0.387
   36     59.07  36.53  77.85  15.18   1.01  -0.32   -0.032 -0.033 -0.036  0.079
   37      5.57  31.34  50.19  14.84   0.15  -0.77   -0.029 -0.015 -0.027 -0.060
   38     46.47  73.12  72.83  16.91   0.79  -0.43   -0.032 -0.094 -0.148  0.013
   39     14.06   0.72  26.14   4.10   0.50  -0.99   -0.038  0.034 -0.078  0.203
   40     14.57 -41.87  13.94  16.89   0.17  -0.72   -0.032  0.084 -0.004  0.094
   41     56.37  34.85  79.08   5.35   0.36  -1.25   -0.034 -0.012 -0.037  0.247
   42     34.28  -4.00  46.29  18.05   0.19  -0.55   -0.019  0.097 -0.020  0.046
   43     24.56-110.80 -39.36   5.54   0.55  -1.25   -0.043 -0.038  0.026  0.337
   44     49.66  30.36  50.51   8.36   0.30  -0.93   -0.042  0.027 -0.041  0.063
   45     41.17-145.04  45.55  18.38   1.14   0.61   -0.026 -0.007  0.132  0.084
   46     34.07 -57.60  -0.90  16.26   0.24  -0.68   -0.027  0.033 -0.115  0.165
   47      0.99  10.61  80.56  21.96   1.20   0.11   -0.012  0.120 -0.006  0.058
   48     37.20  10.60  81.56  23.54   0.48  -0.32   -0.005  0.112 -0.004  0.041
   49     35.68  54.72  84.53  22.57   0.56  -0.50   -0.015 -0.035 -0.050 -0.030
   50     36.06-102.59 -35.60  15.39   0.98  -0.11   -0.040  0.061  0.000  0.091
   51     53.13-101.29 -54.56   9.22   1.31   0.16   -0.069  0.088  0.116 -0.080
   52     43.17-115.37  43.20  15.63   1.00  -0.12   -0.030  0.048  0.242  0.128
   53      0.99  10.60  80.70  21.36   1.17   0.12   -0.013  0.115  0.024  0.064
   54      3.14 -83.67 322.78  15.63   0.49   2.22   -0.263 -0.001 -0.031  0.033
   55      3.29 -89.78 304.28   0.44   0.43   1.86   -0.214  0.054 -0.009  0.036
   56     44.87  35.96  67.66  15.03   1.08  -0.33   -0.035 -0.019 -0.075  0.026
   57     47.15 -84.71 154.61  15.61   0.74   2.08   -0.048  0.001  0.068  0.006
   58     45.56 -80.95 150.74  15.10   1.27   1.37   -0.037  0.183  0.106  0.005
   59      8.47 -82.39   0.31   3.05   0.92  -1.06   -0.027  0.063 -0.021  0.349
   60      3.52-110.80-118.60   3.64   1.80   0.69   -0.076 -0.080  0.129 -0.060
   61      0.53-130.32 -55.10   0.49   0.75  -1.00   -0.074 -0.275 -0.091  0.380
   62     20.05  19.50 152.63  15.65   1.47   0.56   -0.048  0.227 -0.015  0.054
   63     18.78 -47.31  29.85  20.28   0.24  -0.56   -0.019 -0.036 -0.052  0.179
   64      4.73-163.50 183.50   8.01   0.95   2.65   -0.069  0.424  0.501  0.012
   65     23.39 -47.98  20.58  15.62   0.17  -0.64   -0.013  0.087 -0.058  0.123
   66     32.77-152.47  42.93  18.04   0.91   0.37   -0.027 -0.166  0.086  0.140
   67     41.88 -37.22  -4.99  19.17   0.44  -0.57   -0.018  0.083 -0.080 -0.031
   68     14.15  50.75 105.87  20.24   0.86   0.15   -0.046 -0.022  0.199 -0.159
   69     48.30-214.97-349.14  73.50   0.00   0.00    0.000  0.000  0.000  0.000
   70      5.47  33.78  96.73  19.24   1.27   0.16   -0.026  0.085 -0.011 -0.060
   71      4.10   6.17  56.69   1.27   0.68  -0.79   -0.001  0.049  0.002 -0.032
   72     56.47 132.68-297.79  96.99   8.56   2.93   -0.335 -0.022  0.029 -0.009
   73     12.88  50.46  81.92  23.07   0.99   0.21   -0.017  0.059  0.016 -0.030
   74     36.18-102.54  70.35  22.17   0.83   0.30   -0.016 -0.096  0.164  0.370
   75     46.64-107.97   2.70   0.48   1.17  -0.89   -0.056 -0.385  0.248  0.366
   76     54.60-217.19 302.17   0.10   0.00   0.00    0.000  0.000  0.000  0.000
   77     44.06  50.90  93.74  16.85   0.74  -0.37   -0.038 -0.021  0.009  0.048
   78     41.78  38.50  66.35  22.04   0.85  -0.18   -0.021  0.132 -0.153  0.041
   79     58.59 -69.72  -4.54   0.56   0.64  -1.21   -0.005  0.056 -0.074  0.465
   80     26.69 -70.11  -5.90   0.55   0.64  -1.18   -0.008  0.033 -0.101  0.435
   81     26.89 -70.05  -4.67   0.44   0.66  -1.17   -0.010  0.071 -0.095  0.335
   82     23.28 -70.03  -4.56   0.46   0.57  -1.34   -0.016  0.085 -0.092  0.347
   83     23.19 -71.08  -6.12   6.82   0.35  -1.07   -0.013  0.098  0.020  0.222
   84     21.19 -43.30   8.72  21.06   0.15  -0.50   -0.007  0.085 -0.096  0.064
   85     24.53-167.48 -46.46  10.91   1.35   0.83   -0.068 -0.021 -0.045  0.009
   86     44.06 -12.26  30.17  18.34   0.24  -0.61   -0.038  0.075 -0.074  0.239
   87     28.79 -61.61   7.06   3.08   0.52  -1.11   -0.007  0.043 -0.082  0.478
   88     38.06-103.87 -28.20   8.60   0.82  -0.84   -0.043 -0.012 -0.077  0.202
   89     47.78-141.81  89.41  20.20   0.90   1.23   -0.024 -0.009  0.031  0.003
   90     48.27-139.80  88.11  20.10   0.89   1.12   -0.029  0.021  0.070  0.004
   91     34.07  33.57  85.05  19.44   1.21   0.06   -0.034  0.116 -0.090 -0.059

 A V E R A G E   of ADJUSTMENTS :                    -0.040  0.020  0.000  0.092
 A V E R A G E   of ABSOLUTE ADJUSTMENTS :            0.041  0.077  0.067  0.116


 Step length damping of 0.08829 was applied.


 Velocity adjustments:
     vp    dvp      hp   reflector
 Velocity model   1
   4.780 -0.000   -5.000      
   5.022  0.062    0.000      
   5.966  0.006    9.500      
   6.435  0.035   20.600      
   6.437  0.037   26.900      
   7.907  0.057   28.900      
   8.790 -0.200   35.500      

 Calculation of average velocity starts at layer #           1
 z = -5.00 ...  0.00    v = 4.78    AVEL = 4.78 downto z =   0.00
 z =  0.00 ...  9.50    v = 5.02    AVEL = 4.94 downto z =   9.50
 z =  9.50 ... 20.60    v = 5.97    AVEL = 5.38 downto z =  20.60
 z = 20.60 ... 26.90    v = 6.43    AVEL = 5.59 downto z =  26.90
 z = 26.90 ... 28.90    v = 6.44    AVEL = 5.64 downto z =  28.90
 z = 28.90 ... 35.50    v = 7.91    AVEL = 6.01 downto z =  35.50


 Calculation of average velocity starts at layer #           2
 z =  0.00 ...  9.50    v = 5.02    AVEL = 5.02 downto z =   9.50
 z =  9.50 ... 20.60    v = 5.97    AVEL = 5.53 downto z =  20.60
 z = 20.60 ... 26.90    v = 6.43    AVEL = 5.74 downto z =  26.90
 z = 26.90 ... 28.90    v = 6.44    AVEL = 5.79 downto z =  28.90
 z = 28.90 ... 35.50    v = 7.91    AVEL = 6.18 downto z =  35.50



 Adjusted station corrections:
   stn  ptcor  dpcor  
  624   0.000  0.000  628  -0.027 -0.027  630  -0.019 -0.019  627  -0.001 -0.001
  621   0.015  0.015  629   0.006  0.006  622   0.012  0.012  620   0.009  0.009
  623   0.026  0.026  626   0.002  0.002  625   0.009  0.009  631   0.026  0.026
  632  -0.005 -0.005

 ~~~ another iteration? ...



--------------------------------------------------------------------------------



           ITERATION no  2

 ~~~ set units for this iteration ...
 ~~~ determine number of unknowns for this iter. ...

 Number of unknowns (for array-indexing):  nvar =  383
 Number of effective unknowns        :  nvareff =  384
 Number of elements on/below main diagonal of matrix G = At*A : kvar =   73536

 Damping factors to be used in this iteration:
   Othet=   0.010   XYthet  =   0.010   Zthet=  0.010
 STAthet=   0.010   Vthet   =   1.000

 ~~~ damp G ...
 ~~~ solve G * b = RHT ...
 ~~~ fix units ...
 ~~~ apply eventually step-length damping ...
 ~~~ adjust model (hypocenters, stacorr & veloc.) ...

 doing velocity adjustments now...

 doing station-correction adjustments...

 ~~~ compute effective step-length ...

 (Applied) Step length =   2.551

 ~~~ set units for next iteration ...
 ~~~ determine number of unknowns for next iter. ...

 Number of unknowns (for array-indexing):  nvar =  383
 Number of effective unknowns        :  nvareff =  384
 Number of elements on/below main diagonal of matrix G = At*A : kvar =   73536

 ~~~ reset G and RHT ...
 ~~~ raytracing, setup G ...
 ~~~ store parts of G ...
 ~~~ set units back for current iteration ...
 ~~~ determine number of unknowns for this iter. ...

 Number of unknowns (for array-indexing):  nvar =  383
 Number of effective unknowns        :  nvareff =  384
 Number of elements on/below main diagonal of matrix G = At*A : kvar =   73536

 ~~~ compute RMS and DATVAR ...

 $$$$$$$$$$$$$$$$$$$$$$$$$$$$$$$$$$$$$$$$$$$$$$$$$
 Events with  | AVRES | > 1.0 SEC are suspicious !

 Event#  10 >>>  160920 1607  AVRES =  3.15 NOBS =  2
 Event#  11 >>>  160925 1911  AVRES =  2.85 NOBS =  2
 Event#  24 >>>  161125 0556  AVRES = -1.04 NOBS =  6
 Event#  35 >>>  170312 0416  AVRES = -1.00 NOBS =  6
 Event#  41 >>>  170320 0853  AVRES = -1.12 NOBS =  6
 Event#  43 >>>  170323 0519  AVRES = -1.12 NOBS =  6
 Event#  54 >>>  170407 1729  AVRES =  1.98 NOBS =  2
 Event#  55 >>>  170407 1729  AVRES =  1.67 NOBS =  5
 Event#  57 >>>  170409 0856  AVRES =  1.86 NOBS =  6
 Event#  58 >>>  170409 0902  AVRES =  1.23 NOBS =  7
 Event#  64 >>>  170414 0540  AVRES =  2.37 NOBS = 11
 Event#  72 >>>  170418 1005  AVRES =  2.60 NOBS =  1
 Event#  79 >>>  170424 0609  AVRES = -1.09 NOBS = 12
 Event#  80 >>>  170424 0755  AVRES = -1.06 NOBS = 12
 Event#  81 >>>  170424 0755  AVRES = -1.05 NOBS = 12
 Event#  82 >>>  170425 0652  AVRES = -1.20 NOBS =  9
 Event#  89 >>>  170427 2010  AVRES =  1.11 NOBS =  8
 Event#  90 >>>  170427 2010  AVRES =  1.01 NOBS =  8

 ^^^^^^^^^ C H E C K   these events above ^^^^^^^^
 $$$$$$$$$$$$$$$$$$$$$$$$$$$$$$$$$$$$$$$$$$$$$$$$$

 ~~~ check solution (better? worse?) ...

 Iteration nr  2 obtained:
 DATVAR=    2.608162 mean sqrd residual=     1.133149  RMS RESIDUAL=     1.064494

 After  2 iterations we got:
 Average absolute & unweighted [and mean] residual of
   313 straight and direct rays =  0.68377 [ -0.66641]
   366 refracted           rays =  1.06417 [  0.24215]
     0 reflected           rays =  0.00000 [  0.00000]

   679 ALL                 RAYS =  0.88881 [ -0.17667]      -10.22 %

 ~~~ iteration done; output results ...

  eq       ot     x      y      z      rms    avres   dot     dx     dy     dz
    1      9.07  38.84 111.96  23.01   0.54  -0.21   -0.020 -0.002  0.053 -0.105
    2      9.26  38.19 110.65  22.74   0.54  -0.24   -0.025  0.013  0.071 -0.088
    3     27.18-130.23  -8.23  12.25   0.94   0.05   -0.066 -0.139  0.283  0.038
    4     15.58-131.14  -6.81  11.11   1.00   0.17   -0.061 -0.076  0.063  0.067
    5     45.66 -40.34  38.94  23.83   0.29  -0.44   -0.027 -0.003  0.033  0.063
    6     49.44 -36.70  40.69  16.97   0.22  -0.62   -0.033  0.109 -0.034  0.246
    7     13.86-134.83-118.98   6.07   1.74   0.77   -0.072  0.215  0.032 -0.182
    8     30.29-140.97 -43.70   8.61   1.06   0.61   -0.057 -0.062  0.076  0.015
    9     39.62  10.94  56.60  12.23   0.12  -0.64   -0.040  0.032 -0.047  0.069
   10     18.17 -87.47-308.27  16.22   1.03   3.15   -0.066 -0.216  0.018  0.008
   11      5.40 -62.76-309.65  15.62   1.24   2.85   -0.101 -0.270 -0.001  0.012
   12     51.11  35.09  94.69  16.14   0.30  -0.63   -0.037  0.054 -0.025  0.287
   13     46.85  33.47  97.72  19.01   0.65  -0.28   -0.028  0.054 -0.058  0.028
   14     55.79  33.35  97.60  14.28   0.98  -0.43   -0.061 -0.000  0.042  0.219
   15     44.65  34.10  97.14  17.23   1.09  -0.01   -0.030  0.018 -0.072  0.017
   16     44.82  34.98  95.82  18.60   1.13   0.14   -0.040 -0.037  0.040  0.009
   17     22.02  -0.80  82.47  18.62   0.86  -0.41   -0.044  0.108  0.063  0.077
   18     36.38 -34.20   4.55  12.09   0.23  -0.70   -0.066 -0.060  0.028  0.465
   19     33.24  41.37  64.01  10.11   0.26  -0.71   -0.030 -0.035 -0.084  0.004
   20     45.89  37.94  85.05  16.32   0.70  -0.36   -0.056  0.057 -0.052  0.081
   21     34.04  36.41  82.63  14.20   0.73  -0.55   -0.027 -0.086 -0.061 -0.273
   22     25.80  35.74  85.34  13.98   0.30  -0.75   -0.052 -0.033 -0.015  0.279
   23     15.85  35.33  86.05  11.36   0.34  -0.80   -0.018 -0.087 -0.182 -0.321
   24      1.87  34.61  82.32   5.58   0.44  -1.04   -0.065 -0.112  0.151 -0.059
   25     48.61 -45.88  23.59  22.23   0.19  -0.38    0.004  0.059 -0.100  0.120
   26     27.55 -70.26  -3.98  10.42   0.17  -0.71   -0.028  0.105 -0.152  0.070
   27      0.13  -0.57  49.40  13.57   0.34  -0.47   -0.038  0.062 -0.083  0.252
   28     59.04  37.65  76.17  11.45   0.89  -0.39   -0.033  0.030 -0.035 -0.023
   29     20.09-148.77 -12.91  14.73   0.98   0.46   -0.061  0.028 -0.050 -0.029
   30      2.85  35.81  76.71  13.15   1.02  -0.16   -0.027 -0.043 -0.033 -0.129
   31     20.92  36.36  77.43  14.25   1.13  -0.19   -0.036 -0.111 -0.018 -0.025
   32     50.73  36.83  76.99  15.36   0.26  -0.72   -0.025 -0.075 -0.046 -0.128
   33      0.76  37.20  76.06  15.56   0.62  -0.47   -0.022 -0.027 -0.087 -0.019
   34     55.40 -16.85  34.93  24.57   0.13  -0.40   -0.002  0.135 -0.008  0.044
   35     39.22 -71.56  -8.41   4.22   0.56  -1.00    0.007  0.189  0.035  0.434
   36     59.04  36.50  77.77  15.14   0.91  -0.29   -0.024 -0.035 -0.079 -0.037
   37      5.54  31.34  50.14  14.78   0.13  -0.69   -0.032 -0.004 -0.048 -0.059
   38     46.44  73.07  72.62  16.81   0.71  -0.38   -0.028 -0.059 -0.209 -0.102
   39     14.02   0.76  26.05   4.32   0.45  -0.89   -0.042  0.045 -0.098  0.221
   40     14.53 -41.76  13.93  16.97   0.16  -0.64   -0.033  0.105 -0.013  0.074
   41     56.33  34.85  79.01   5.64   0.33  -1.12   -0.034  0.002 -0.067  0.291
   42     34.26  -3.88  46.25  18.11   0.18  -0.49   -0.022  0.113 -0.037  0.065
   43     24.54-110.65 -39.37   5.84   0.51  -1.12   -0.020  0.145 -0.012  0.302
   44     49.61  30.40  50.46   8.43   0.27  -0.83   -0.046  0.039 -0.051  0.064
   45     41.14-145.06  45.70  18.49   1.01   0.55   -0.031 -0.013  0.149  0.102
   46     34.04 -57.54  -1.01  16.45   0.22  -0.61   -0.031  0.059 -0.116  0.190
   47      0.97  10.71  80.64  21.89   1.08   0.10   -0.017  0.100  0.080 -0.069
   48     37.19  10.73  81.56  23.60   0.43  -0.28   -0.007  0.129 -0.004  0.060
   49     35.66  54.70  84.47  22.57   0.50  -0.45   -0.022 -0.018 -0.058  0.003
   50     36.02-102.51 -35.59  15.51   0.89  -0.08   -0.044  0.087  0.003  0.119
   51     53.06-101.18 -54.45   9.14   1.20   0.16   -0.075  0.101  0.115 -0.077
   52     43.13-115.39  43.43  15.80   0.90  -0.10   -0.044 -0.025  0.231  0.172
   53      0.97  10.70  80.81  21.31   1.05   0.11   -0.019  0.097  0.115 -0.059
   54      2.86 -83.67 322.75  15.67   0.45   1.98   -0.276 -0.002 -0.034  0.034
   55      3.06 -89.72 304.27   0.47   0.38   1.67   -0.223  0.059 -0.009  0.036
   56     44.83  35.95  67.55  15.06   0.98  -0.30   -0.037 -0.012 -0.105  0.029
   57     47.10 -84.67 154.70  15.61   0.68   1.86   -0.053  0.038  0.091  0.006
   58     45.52 -80.73 150.87  15.11   1.16   1.23   -0.042  0.226  0.128  0.005
   59      8.45 -82.31   0.30   3.45   0.85  -0.95   -0.027  0.088 -0.015  0.399
   60      3.44-110.88-118.47   3.58   1.66   0.62   -0.081 -0.080  0.126 -0.058
   61      0.44-130.64 -55.22   0.96   0.70  -0.90   -0.081 -0.318 -0.120  0.471
   62     20.00  19.77 152.62  15.74   1.34   0.52   -0.054  0.265 -0.013  0.086
   63     18.76 -47.33  29.77  20.49   0.23  -0.49   -0.022 -0.018 -0.080  0.209
   64      4.66-163.02 184.07   8.02   0.88   2.37   -0.073  0.481  0.570  0.012
   65     23.37 -47.87  20.49  15.75   0.16  -0.58   -0.014  0.113 -0.093  0.126
   66     32.74-152.65  43.04  18.22   0.81   0.34   -0.034 -0.187  0.108  0.175
   67     41.86 -37.13  -5.09  19.15   0.40  -0.51   -0.024  0.096 -0.105 -0.023
   68     14.10  50.80 106.01  20.15   0.77   0.14   -0.050  0.049  0.144 -0.095
   69     48.30-214.97-349.14  73.50   0.00   0.00    0.000  0.000  0.000  0.000
   70      5.44  33.86  96.72  19.22   1.15   0.15   -0.033  0.079 -0.010 -0.021
   71      4.10   6.23  56.68   1.23   0.65  -0.71    0.000  0.060 -0.002 -0.037
   72     56.12 132.65-297.76  96.98   6.78   2.60   -0.348 -0.023  0.031 -0.009
   73     12.86  50.54  81.90  23.08   0.88   0.19   -0.022  0.080 -0.020  0.009
   74     36.16-102.70  70.61  22.59   0.73   0.29   -0.028 -0.159  0.259  0.419
   75     46.59-108.37   2.97   0.93   1.12  -0.80   -0.056 -0.401  0.269  0.453
   76     54.60-217.19 302.17   0.10   0.00   0.00    0.000  0.000  0.000  0.000
   77     44.02  50.90  93.73  16.93   0.67  -0.32   -0.043 -0.000 -0.004  0.083
   78     41.76  38.56  66.26  21.96   0.76  -0.16   -0.018  0.065 -0.087 -0.081
   79     58.59 -69.65  -4.63   1.09   0.59  -1.09   -0.007  0.069 -0.088  0.522
   80     26.68 -70.06  -6.02   1.04   0.59  -1.06   -0.010  0.044 -0.119  0.492
   81     26.88 -69.96  -4.78   0.82   0.61  -1.05   -0.012  0.087 -0.113  0.376
   82     23.27 -69.93  -4.66   0.84   0.53  -1.20   -0.018  0.101 -0.107  0.382
   83     23.17 -70.97  -6.10   7.08   0.32  -0.96   -0.015  0.113  0.016  0.256
   84     21.19 -43.19   8.61  21.11   0.14  -0.44   -0.007  0.108 -0.110  0.045
   85     24.47-167.45 -46.65  10.91   1.22   0.75   -0.065  0.035 -0.186 -0.003
   86     44.02 -12.17  30.07  18.61   0.22  -0.54   -0.044  0.089 -0.097  0.275
   87     28.78 -61.56   6.96   3.61   0.47  -1.00   -0.009  0.057 -0.100  0.531
   88     38.01-103.87 -28.29   8.86   0.75  -0.74   -0.044 -0.000 -0.091  0.258
   89     47.75-141.81  89.44  20.21   0.79   1.11   -0.029 -0.009  0.032  0.004
   90     48.24-139.77  88.18  20.11   0.77   1.01   -0.034  0.024  0.076  0.004
   91     34.02  33.67  84.98  19.41   1.08   0.05   -0.041  0.099 -0.073 -0.031

 A V E R A G E   of ADJUSTMENTS :                    -0.043  0.022 -0.003  0.089
 A V E R A G E   of ABSOLUTE ADJUSTMENTS :            0.043  0.084  0.081  0.136


 Step length damping of 0.10448 was applied.


 Velocity adjustments:
     vp    dvp      hp   reflector
 Velocity model   1
   4.780  0.000   -5.000      
   5.091  0.070    0.000      
   5.972  0.006    9.500      
   6.469  0.034   20.600      
   6.472  0.035   26.900      
   7.918  0.011   28.900      
   8.590 -0.200   35.500      

 Calculation of average velocity starts at layer #           1
 z = -5.00 ...  0.00    v = 4.78    AVEL = 4.78 downto z =   0.00
 z =  0.00 ...  9.50    v = 5.09    AVEL = 4.98 downto z =   9.50
 z =  9.50 ... 20.60    v = 5.97    AVEL = 5.41 downto z =  20.60
 z = 20.60 ... 26.90    v = 6.47    AVEL = 5.62 downto z =  26.90
 z = 26.90 ... 28.90    v = 6.47    AVEL = 5.67 downto z =  28.90
 z = 28.90 ... 35.50    v = 7.92    AVEL = 6.04 downto z =  35.50


 Calculation of average velocity starts at layer #           2
 z =  0.00 ...  9.50    v = 5.09    AVEL = 5.09 downto z =   9.50
 z =  9.50 ... 20.60    v = 5.97    AVEL = 5.57 downto z =  20.60
 z = 20.60 ... 26.90    v = 6.47    AVEL = 5.78 downto z =  26.90
 z = 26.90 ... 28.90    v = 6.47    AVEL = 5.83 downto z =  28.90
 z = 28.90 ... 35.50    v = 7.92    AVEL = 6.21 downto z =  35.50



 Adjusted station corrections:
   stn  ptcor  dpcor  
  624   0.000  0.000  628  -0.057 -0.030  630  -0.040 -0.021  627   0.007  0.008
  621   0.035  0.020  629   0.013  0.007  622   0.027  0.015  620   0.020  0.011
  623   0.053  0.028  626   0.013  0.011  625   0.021  0.012  631   0.057  0.031
  632  -0.014 -0.009

 ~~~ another iteration? ...



--------------------------------------------------------------------------------



           ITERATION no  3

 ~~~ set units for this iteration ...
 ~~~ determine number of unknowns for this iter. ...

 Number of unknowns (for array-indexing):  nvar =  383
 Number of effective unknowns        :  nvareff =  384
 Number of elements on/below main diagonal of matrix G = At*A : kvar =   73536

 Damping factors to be used in this iteration:
   Othet=   0.010   XYthet  =   0.010   Zthet=  0.010
 STAthet=   0.010   Vthet   =   1.000

 ~~~ damp G ...
 ~~~ solve G * b = RHT ...
 ~~~ fix units ...
 ~~~ apply eventually step-length damping ...
 ~~~ adjust model (hypocenters, stacorr & veloc.) ...

 doing velocity adjustments now...

 doing station-correction adjustments...

 ~~~ compute effective step-length ...

 (Applied) Step length =   2.615

 ~~~ set units for next iteration ...
 ~~~ determine number of unknowns for next iter. ...

 Number of unknowns (for array-indexing):  nvar =  383
 Number of effective unknowns        :  nvareff =  384
 Number of elements on/below main diagonal of matrix G = At*A : kvar =   73536

 ~~~ reset G and RHT ...
 ~~~ raytracing, setup G ...
 ~~~ store parts of G ...
 ~~~ set units back for current iteration ...
 ~~~ determine number of unknowns for this iter. ...

 Number of unknowns (for array-indexing):  nvar =  383
 Number of effective unknowns        :  nvareff =  384
 Number of elements on/below main diagonal of matrix G = At*A : kvar =   73536

 ~~~ compute RMS and DATVAR ...

 $$$$$$$$$$$$$$$$$$$$$$$$$$$$$$$$$$$$$$$$$$$$$$$$$
 Events with  | AVRES | > 1.0 SEC are suspicious !

 Event#  10 >>>  160920 1607  AVRES =  2.74 NOBS =  2
 Event#  11 >>>  160925 1911  AVRES =  2.48 NOBS =  2
 Event#  54 >>>  170407 1729  AVRES =  1.72 NOBS =  2
 Event#  55 >>>  170407 1729  AVRES =  1.45 NOBS =  5
 Event#  57 >>>  170409 0856  AVRES =  1.63 NOBS =  6
 Event#  58 >>>  170409 0902  AVRES =  1.09 NOBS =  7
 Event#  64 >>>  170414 0540  AVRES =  2.07 NOBS = 11
 Event#  72 >>>  170418 1005  AVRES =  2.26 NOBS =  1
 Event#  82 >>>  170425 0652  AVRES = -1.05 NOBS =  9

 ^^^^^^^^^ C H E C K   these events above ^^^^^^^^
 $$$$$$$$$$$$$$$$$$$$$$$$$$$$$$$$$$$$$$$$$$$$$$$$$

 ~~~ check solution (better? worse?) ...

 Iteration nr  3 obtained:
 DATVAR=    2.034492 mean sqrd residual=     0.883910  RMS RESIDUAL=     0.940165

 After  3 iterations we got:
 Average absolute & unweighted [and mean] residual of
   315 straight and direct rays =  0.59982 [ -0.58412]
   364 refracted           rays =  0.93757 [  0.22167]
     0 reflected           rays =  0.00000 [  0.00000]

   679 ALL                 RAYS =  0.78089 [ -0.15215]      -12.14 %

 ~~~ iteration done; output results ...

  eq       ot     x      y      z      rms    avres   dot     dx     dy     dz
    1      9.05  38.79 112.03  23.01   0.47  -0.18   -0.024 -0.046  0.074 -0.008
    2      9.23  38.17 110.75  22.75   0.47  -0.21   -0.030 -0.028  0.096  0.009
    3     27.13-130.27  -8.09  12.29   0.82   0.05   -0.050 -0.035  0.134  0.039
    4     15.52-131.26  -6.76  11.18   0.89   0.15   -0.061 -0.113  0.047  0.076
    5     45.63 -40.35  38.94  23.97   0.28  -0.37   -0.026 -0.005  0.003  0.138
    6     49.41 -36.60  40.67  17.23   0.21  -0.55   -0.028  0.096 -0.017  0.258
    7     13.79-134.59-118.92   5.82   1.54   0.68   -0.066  0.232  0.066 -0.244
    8     30.23-141.03 -43.61   8.61   0.94   0.53   -0.055 -0.065  0.090 -0.006
    9     39.59  10.97  56.55  12.28   0.11  -0.56   -0.030  0.021 -0.050  0.056
   10     18.11 -87.75-308.25  16.22   1.03   2.74   -0.060 -0.275  0.021  0.007
   11      5.30 -63.11-309.65  15.64   1.25   2.48   -0.098 -0.341 -0.004  0.012
   12     51.07  35.12  94.74  16.56   0.27  -0.54   -0.043  0.031  0.051  0.421
   13     46.82  33.51  97.75  19.12   0.57  -0.23   -0.032  0.040  0.031  0.106
   14     55.75  33.34  97.58  14.34   0.85  -0.38   -0.039 -0.012 -0.015  0.056
   15     44.62  34.07  97.12  17.30   0.96  -0.01   -0.032 -0.027 -0.012  0.076
   16     44.79  34.93  95.89  18.65   1.00   0.12   -0.037 -0.051  0.076  0.045
   17     21.98  -0.70  82.54  18.73   0.75  -0.36   -0.038  0.098  0.069  0.104
   18     36.36 -34.12   4.60  12.28   0.21  -0.61   -0.028  0.080  0.055  0.196
   19     33.22  41.31  63.94  10.11   0.23  -0.62   -0.018 -0.059 -0.074  0.006
   20     45.85  37.90  85.07  16.24   0.61  -0.31   -0.040 -0.039  0.019 -0.079
   21     34.02  36.32  82.55  14.03   0.65  -0.48   -0.022 -0.085 -0.082 -0.173
   22     25.78  35.65  85.32  13.96   0.28  -0.65   -0.027 -0.092 -0.027 -0.019
   23     15.84  35.22  85.87  11.19   0.31  -0.70   -0.014 -0.107 -0.186 -0.163
   24      1.82  34.48  82.52   5.52   0.41  -0.91   -0.057 -0.134  0.204 -0.064
   25     48.62 -45.83  23.49  22.37   0.17  -0.34    0.008  0.049 -0.106  0.141
   26     27.52 -70.17  -4.16  10.51   0.16  -0.62   -0.023  0.094 -0.178  0.081
   27      0.09  -0.52  49.33  13.87   0.29  -0.41   -0.036  0.056 -0.071  0.306
   28     59.01  37.67  76.15  11.45   0.78  -0.34   -0.026  0.019 -0.014 -0.002
   29     20.03-148.78 -12.93  14.65   0.86   0.41   -0.058 -0.012 -0.025 -0.077
   30      2.83  35.75  76.70  13.03   0.90  -0.14   -0.020 -0.063 -0.009 -0.117
   31     20.89  36.23  77.44  14.29   1.00  -0.17   -0.033 -0.130  0.008  0.045
   32     50.71  36.77  76.94  15.39   0.23  -0.63   -0.027 -0.054 -0.059  0.032
   33      0.74  37.15  75.99  15.56   0.55  -0.41   -0.016 -0.043 -0.072  0.007
   34     55.40 -16.73  34.93  24.61   0.11  -0.35    0.003  0.124 -0.005  0.044
   35     39.23 -71.39  -8.40   4.70   0.51  -0.88    0.015  0.173  0.015  0.480
   36     59.02  36.45  77.72  15.18   0.81  -0.25   -0.021 -0.051 -0.050  0.039
   37      5.52  31.32  50.09  14.72   0.11  -0.60   -0.021 -0.024 -0.047 -0.061
   38     46.41  73.01  72.38  16.77   0.64  -0.32   -0.025 -0.057 -0.233 -0.037
   39     13.99   0.80  25.92   4.55   0.39  -0.78   -0.031  0.031 -0.124  0.227
   40     14.51 -41.68  13.90  17.04   0.15  -0.56   -0.029  0.082 -0.029  0.074
   41     56.31  34.85  78.95   5.98   0.30  -0.98   -0.023 -0.002 -0.055  0.342
   42     34.24  -3.78  46.22  18.17   0.16  -0.43   -0.015  0.103 -0.027  0.062
   43     24.52-110.51 -39.41   6.14   0.47  -0.98   -0.018  0.144 -0.032  0.299
   44     49.58  30.42  50.42   8.50   0.24  -0.73   -0.036  0.023 -0.041  0.069
   45     41.13-145.14  45.68  18.60   0.86   0.49   -0.017 -0.087 -0.017  0.114
   46     34.02 -57.49  -1.16  16.64   0.20  -0.53   -0.026  0.046 -0.143  0.182
   47      0.96  10.80  80.69  21.90   0.95   0.09   -0.011  0.096  0.057  0.007
   48     37.19  10.84  81.57  23.69   0.37  -0.25   -0.002  0.113  0.006  0.093
   49     35.65  54.67  84.42  22.59   0.45  -0.39   -0.017 -0.031 -0.050  0.021
   50     35.99-102.40 -35.59  15.49   0.78  -0.07   -0.030  0.112  0.005 -0.021
   51     53.00-100.92 -54.30   8.94   1.07   0.15   -0.052  0.269  0.143 -0.199
   52     43.08-115.57  43.51  15.94   0.80  -0.08   -0.046 -0.173  0.074  0.138
   53      0.96  10.79  80.91  21.33   0.93   0.10   -0.013  0.090  0.099  0.021
   54      2.58 -83.68 322.71  15.70   0.41   1.72   -0.279 -0.006 -0.036  0.034
   55      2.85 -89.66 304.26   0.51   0.33   1.45   -0.216  0.065 -0.007  0.034
   56     44.80  35.91  67.45  15.02   0.87  -0.26   -0.025 -0.034 -0.097 -0.039
   57     47.05 -84.66 154.80  15.62   0.62   1.63   -0.050  0.005  0.100  0.006
   58     45.48 -80.48 151.01  15.11   1.02   1.09   -0.040  0.240  0.141  0.005
   59      8.44 -82.19   0.39   3.69   0.78  -0.83   -0.003  0.111  0.093  0.237
   60      3.37-111.02-118.29   3.50   1.51   0.55   -0.074 -0.146  0.180 -0.081
   61      0.36-131.01 -55.34   1.49   0.65  -0.78   -0.081 -0.367 -0.119  0.527
   62     19.95  20.05 152.67  15.81   1.20   0.46   -0.045  0.285  0.057  0.070
   63     18.76 -47.28  29.71  20.54   0.21  -0.43   -0.003  0.050 -0.059  0.056
   64      4.59-162.48 184.72   8.03   0.80   2.07   -0.065  0.535  0.649  0.010
   65     23.37 -47.76  20.40  15.89   0.15  -0.50   -0.008  0.108 -0.089  0.140
   66     32.72-152.66  43.38  18.36   0.70   0.31   -0.014 -0.004  0.342  0.142
   67     41.84 -37.03  -5.21  19.11   0.35  -0.44   -0.017  0.095 -0.119 -0.034
   68     14.05  50.89 106.20  20.06   0.68   0.13   -0.050  0.089  0.191 -0.084
   69     48.30-214.97-349.14  73.50   0.00   0.00    0.000  0.000  0.000  0.000
   70      5.41  33.91  96.77  19.25   1.01   0.14   -0.035  0.046  0.046  0.030
   71      4.12   6.29  56.66   1.17   0.62  -0.62    0.021  0.052 -0.028 -0.059
   72     55.77 132.63-297.73  96.97   5.09   2.26   -0.352 -0.024  0.032 -0.010
   73     12.86  50.67  81.73  23.10   0.77   0.17   -0.004  0.135 -0.171  0.019
   74     36.14-102.83  70.82  22.99   0.63   0.25   -0.015 -0.130  0.217  0.397
   75     46.51-108.86   3.39   1.13   1.07  -0.70   -0.077 -0.484  0.415  0.200
   76     54.60-217.19 302.17   0.10   0.00   0.00    0.000  0.000  0.000  0.000
   77     44.00  50.93  93.63  16.98   0.59  -0.28   -0.018  0.024 -0.106  0.044
   78     41.74  38.62  66.20  21.98   0.67  -0.14   -0.020  0.056 -0.062  0.023
   79     58.59 -69.61  -4.74   1.66   0.54  -0.95    0.002  0.036 -0.119  0.569
   80     26.68 -70.05  -6.18   1.57   0.54  -0.93   -0.000  0.009 -0.153  0.537
   81     26.88 -69.90  -4.93   1.22   0.56  -0.92   -0.002  0.057 -0.146  0.399
   82     23.26 -69.86  -4.80   1.24   0.48  -1.05   -0.009  0.074 -0.142  0.396
   83     23.17 -70.85  -6.08   7.34   0.29  -0.84   -0.006  0.120  0.026  0.264
   84     21.18 -43.08   8.48  21.16   0.13  -0.39   -0.003  0.108 -0.133  0.054
   85     24.40-167.41 -46.82  10.86   1.10   0.66   -0.071  0.044 -0.166 -0.041
   86     44.00 -12.09  29.99  18.66   0.19  -0.47   -0.017  0.079 -0.077  0.047
   87     28.78 -61.51   6.82   4.18   0.43  -0.87   -0.000  0.042 -0.136  0.576
   88     37.97-103.76 -28.36   8.92   0.66  -0.65   -0.039  0.119 -0.071  0.059
   89     47.73-141.79  89.67  20.31   0.67   0.97   -0.013  0.023  0.230  0.100
   90     48.22-139.70  88.45  20.19   0.65   0.89   -0.020  0.076  0.263  0.079
   91     33.98  33.73  84.96  19.44   0.95   0.05   -0.042  0.054 -0.018  0.027

 A V E R A G E   of ADJUSTMENTS :                    -0.036  0.017  0.006  0.087
 A V E R A G E   of ABSOLUTE ADJUSTMENTS :            0.037  0.092  0.092  0.122


 Step length damping of 0.12704 was applied.


 Velocity adjustments:
     vp    dvp      hp   reflector
 Velocity model   1
   4.780 -0.000   -5.000      
   5.183  0.092    0.000      
   5.978  0.006    9.500      
   6.500  0.031   20.600      
   6.511  0.039   26.900      
   7.883 -0.035   28.900      
   8.390 -0.200   35.500      

 Calculation of average velocity starts at layer #           1
 z = -5.00 ...  0.00    v = 4.78    AVEL = 4.78 downto z =   0.00
 z =  0.00 ...  9.50    v = 5.18    AVEL = 5.04 downto z =   9.50
 z =  9.50 ... 20.60    v = 5.98    AVEL = 5.45 downto z =  20.60
 z = 20.60 ... 26.90    v = 6.50    AVEL = 5.66 downto z =  26.90
 z = 26.90 ... 28.90    v = 6.51    AVEL = 5.71 downto z =  28.90
 z = 28.90 ... 35.50    v = 7.88    AVEL = 6.06 downto z =  35.50


 Calculation of average velocity starts at layer #           2
 z =  0.00 ...  9.50    v = 5.18    AVEL = 5.18 downto z =   9.50
 z =  9.50 ... 20.60    v = 5.98    AVEL = 5.61 downto z =  20.60
 z = 20.60 ... 26.90    v = 6.50    AVEL = 5.82 downto z =  26.90
 z = 26.90 ... 28.90    v = 6.51    AVEL = 5.87 downto z =  28.90
 z = 28.90 ... 35.50    v = 7.88    AVEL = 6.24 downto z =  35.50



 Adjusted station corrections:
   stn  ptcor  dpcor  
  624   0.000  0.000  628  -0.085 -0.029  630  -0.059 -0.019  627   0.012  0.004
  621   0.051  0.016  629   0.027  0.013  622   0.042  0.014  620   0.028  0.007
  623   0.079  0.026  626   0.024  0.011  625   0.032  0.011  631   0.092  0.035
  632  -0.014 -0.001

 ~~~ another iteration? ...
 NITT = ITTMAX  --> stop iterations.
 ~~~ final solution reached ...

 ~~~ damp G & Chol.-Decomp.: NOT made (switch iresolcalc is NOT set !)

 Final rms values:  0.47 0.47 0.82 0.89 0.28 0.21 1.54 0.94 0.11 1.03
                    1.25 0.27 0.57 0.85 0.96 1.00 0.75 0.21 0.23 0.61
                    0.65 0.28 0.31 0.41 0.17 0.16 0.29 0.78 0.86 0.90
                    1.00 0.23 0.55 0.11 0.51 0.81 0.11 0.64 0.39 0.15
                    0.30 0.16 0.47 0.24 0.86 0.20 0.95 0.37 0.45 0.78
                    1.07 0.80 0.93 0.41 0.33 0.87 0.62 1.02 0.78 1.51
                    0.65 1.20 0.21 0.80 0.15 0.70 0.35 0.68 0.00 1.01
                    0.62 5.09 0.77 0.63 1.07 0.00 0.59 0.67 0.54 0.54
                    0.56 0.48 0.29 0.13 1.10 0.19 0.43 0.66 0.67 0.65
                    0.95



 ~~~ output final hypocenters ...

      date    origin   latitude longitude  depth  mag  no  rms      x      y      z
   1 160818 1613  9.05 73.0040N 124.8446E  23.01 1.40   6 0.471   38.79 112.03  23.01
   2 160818 1613  9.23 72.9925N 124.8635E  22.75 1.10   6 0.471   38.17 110.75  22.75
   3 160819 0959 27.13 71.9275N 129.7681E  12.29 4.00  12 0.820 -130.27  -8.09  12.29
   4 160820 1506 15.52 71.9394N 129.7980E  11.18 1.50   9 0.886 -131.26  -6.76  11.18
   5 160820 1904 45.63 72.3490N 127.1805E  23.97 1.20   6 0.276  -40.35  38.94  23.97
   6 160822 1318 49.41 72.3645N 127.0713E  17.23 0.60   8 0.210  -36.60  40.67  17.23
   7 160823 0652 13.79 70.9343N 129.7927E   5.82 2.90   6 1.539 -134.59-118.92   5.82
   8 160824 1510 30.23 71.6091N 130.0451E   8.61 1.50   9 0.940 -141.03 -43.61   8.61
   9 160906 1514 39.59 72.5068N 125.6778E  12.28 0.90   6 0.112   10.97  56.55  12.28
  10 160920 1607 18.11 69.2375N 128.3683E  16.22 2.60   2 1.034  -87.75-308.25  16.22
  11 160925 1911  5.30 69.2250N 127.7028E  15.64 2.30   2 1.251  -63.11-309.65  15.64
  12 161004 0841 51.07 72.8491N 124.9583E  16.56 0.20   6 0.267   35.12  94.74  16.56
  13 161005 1619 46.82 72.8760N 125.0053E  19.12 1.00   9 0.575   33.51  97.75  19.12
  14 161006 0156 55.75 72.8745N 125.0106E  14.34 1.00   7 0.852   33.34  97.58  14.34
  15 161009 0036 44.62 72.8704N 124.9888E  17.30 1.30   8 0.960   34.07  97.12  17.30
  16 161009 0036 44.79 72.8594N 124.9638E  18.65 1.20   7 0.997   34.93  95.89  18.65
  17 161012 0800 21.98 72.7397N 126.0208E  18.73 0.80   7 0.753   -0.70  82.54  18.73
  18 161015 1013 36.36 72.0412N 126.9901E  12.28 0.70   7 0.211  -34.12   4.60  12.28
  19 161021 0507 33.22 72.5730N 124.7840E  10.11 0.80   6 0.231   41.31  63.94  10.11
  20 161124 2250 45.85 72.7624N 124.8786E  16.24 3.10   4 0.611   37.90  85.07  16.24
  21 161125 0156 34.02 72.7398N 124.9259E  14.03 0.60   7 0.652   36.32  82.55  14.03
  22 161125 0517 25.78 72.7646N 124.9451E  13.96 1.60   6 0.277   35.65  85.32  13.96
  23 161125 0525 15.84 72.7695N 124.9577E  11.19 0.80   6 0.310   35.22  85.87  11.19
  24 161125 0556  1.82 72.7395N 124.9804E   5.52 0.20   6 0.410   34.48  82.52   5.52
  25 170117 0846 48.62 72.2105N 127.3358E  22.37 0.30   6 0.174  -45.83  23.49  22.37
  26 170122 1614 27.52 71.9627N 128.0316E  10.51 0.90   6 0.161  -70.17  -4.16  10.51
  27 170125 2244  0.09 72.4421N 126.0152E  13.87 0.80   6 0.286   -0.52  49.33  13.87
  28 170302 1359 59.01 72.6825N 124.8880E  11.45 0.50   7 0.778   37.67  76.15  11.45
  29 170302 2335 20.03 71.8841N 130.2986E  14.65 2.10   9 0.860 -148.78 -12.93  14.65
  30 170304 2135  2.83 72.6874N 124.9445E  13.03 1.30   7 0.903   35.75  76.70  13.03
  31 170307 0447 20.89 72.6940N 124.9299E  14.29 1.70  10 1.002   36.23  77.44  14.29
  32 170307 2016 50.71 72.6895N 124.9141E  15.39 1.10   6 0.230   36.77  76.94  15.39
  33 170309 1454  0.74 72.6810N 124.9031E  15.56 0.30   6 0.546   37.15  75.99  15.56
  34 170311 0430 55.40 72.3130N 126.4889E  24.61 0.30   6 0.113  -16.73  34.93  24.61
  35 170312 0416 39.23 71.9248N 128.0649E   4.70 2.10   6 0.514  -71.39  -8.40   4.70
  36 170313 0553 59.02 72.6965N 124.9236E  15.18 1.00   9 0.809   36.45  77.72  15.18
  37 170313 0809  5.52 72.4489N 125.0813E  14.72 1.20   7 0.109   31.32  50.09  14.72
  38 170315 0234 46.41 72.6487N 123.8465E  16.77 1.40   7 0.638   73.01  72.38  16.77
  39 170317 1007 13.99 72.2323N 125.9768E   4.55 0.50   7 0.393    0.80  25.92   4.55
  40 170320 0711 14.51 72.1246N 127.2121E  17.04 0.90   6 0.146  -41.68  13.90  17.04
  41 170320 0853 56.31 72.7076N 124.9704E   5.98 0.40   6 0.302   34.85  78.95   5.98
  42 170320 1900 34.24 72.4143N 126.1108E  18.17 0.60   7 0.157   -3.78  46.22  18.17
  43 170323 0519 24.52 71.6468N 129.1728E   6.14 1.20   6 0.467 -110.51 -39.41   6.14
  44 170323 1612 49.58 72.4518N 125.1074E   8.50 0.50   6 0.236   30.42  50.42   8.50
  45 170323 1906 41.13 72.4094N 130.2534E  18.60 1.00   6 0.863 -145.14  45.68  18.60
  46 170326 0836 34.02 71.9896N 127.6659E  16.64 1.50   7 0.199  -57.49  -1.16  16.64
  47 170402 0422  0.96 72.7232N 125.6807E  21.90 1.20  10 0.951   10.80  80.69  21.90
  48 170402 0636 37.19 72.7310N 125.6795E  23.69 0.70   6 0.370   10.84  81.57  23.69
  49 170404 2347 35.65 72.7566N 124.3826E  22.59 0.50   6 0.449   54.67  84.42  22.59
  50 170405 0307 35.99 71.6811N 128.9425E  15.49 1.00  10 0.780 -102.40 -35.59  15.49
  51 170405 1410 53.00 71.5133N 128.8871E   8.94 1.70  10 1.067 -100.92 -54.30   8.94
  52 170406 0838 43.08 72.3899N 129.3848E  15.94 0.90  10 0.804 -115.57  43.51  15.94
  53 170406 1728  0.96 72.7251N 125.6810E  21.33 0.90  10 0.928   10.79  80.91  21.33
  54 170407 1729  2.58 74.8921N 128.6302E  15.70 1.80   2 0.412  -83.68 322.71  15.70
  55 170407 1729  2.85 74.7268N 128.8044E   0.51 1.60   5 0.331  -89.66 304.26   0.51
  56 170408 1004 44.80 72.6045N 124.9420E  15.02 1.40  13 0.870   35.91  67.45  15.02
  57 170409 0856 47.05 73.3873N 128.5489E  15.62 2.50   6 0.617  -84.66 154.80  15.62
  58 170409 0902 45.48 73.3534N 128.4207E  15.11 1.10   7 1.020  -80.48 151.01  15.11
  59 170410 1520  8.44 72.0035N 128.3824E   3.69 1.00  10 0.780  -82.19   0.39   3.69
  60 170410 1813  3.37 70.9399N 129.1289E   3.50 2.20  13 1.510 -111.02-118.29   3.50
  61 170412 1507  0.36 71.5041N 129.7472E   1.49 0.70   6 0.648 -131.01 -55.34   1.49
  62 170413 0651 19.95 73.3683N 125.3966E  15.81 1.00  10 1.195   20.05 152.67  15.81
  63 170414 0459 18.76 72.2663N 127.3801E  20.54 0.50   7 0.206  -47.28  29.71  20.54
  64 170414 0540  4.59 73.6554N 130.9285E   8.03 1.80  11 0.801 -162.48 184.72   8.03
  65 170414 1656 23.37 72.1828N 127.3909E  15.89 0.20   6 0.153  -47.76  20.40  15.89
  66 170414 1753 32.72 72.3888N 130.4711E  18.36 0.70   6 0.697 -152.66  43.38  18.36
  67 170416 0523 41.84 71.9533N 127.0720E  19.11 1.60  13 0.351  -37.03  -5.21  19.11
  68 170416 1220 14.05 72.9518N 124.4863E  20.06 1.00  11 0.676   50.89 106.20  20.06
 WARNING: Event-# :          69 has zero observations!
  69 170416 1257 48.30 68.8710N 131.7500E  73.50 2.20   0 0.000 -214.97-349.14  73.50
  70 170416 1821  5.41 72.8672N 124.9938E  19.25 1.30  13 1.012   33.91  96.77  19.25
  71 170418 0606  4.12 72.5077N 125.8153E   1.17 0.20   6 0.616    6.29  56.66   1.17
  72 170418 1005 55.77 69.3318N 122.4118E  96.97 2.20   1 5.093  132.63-297.73  96.97
  73 170418 1500 12.86 72.7324N 124.5020E  23.10 1.30  12 0.767   50.67  81.73  23.10
  74 170420 1302 36.14 72.6347N 129.0318E  22.99 0.90  11 0.631 -102.83  70.82  22.99
  75 170420 2248 46.51 72.0304N 129.1575E   1.13 0.70  11 1.066 -108.86   3.39   1.13
 WARNING: Event-# :          76 has zero observations!
  76 170423 0850 54.60 74.7080N 132.7900E   0.10 1.90   0 0.000 -217.19 302.17   0.10
  77 170423 1455 44.00 72.8391N 124.4900E  16.98 0.60   8 0.589   50.93  93.63  16.98
  78 170423 2313 41.74 72.5933N 124.8626E  21.98 1.30  12 0.670   38.62  66.20  21.98
  79 170424 0609 58.59 71.9575N 128.0152E   1.66 1.10  12 0.544  -69.61  -4.74   1.66
  80 170424 0755 26.68 71.9447N 128.0273E   1.57 1.00  12 0.538  -70.05  -6.18   1.57
  81 170424 0755 26.88 71.9558N 128.0236E   1.22 1.00  12 0.558  -69.90  -4.93   1.22
  82 170425 0652 23.26 71.9569N 128.0223E   1.24 1.20   9 0.482  -69.86  -4.80   1.24
  83 170426 0051 23.17 71.9456N 128.0504E   7.34 0.70   6 0.287  -70.85  -6.08   7.34
  84 170426 1425 21.18 72.0760N 127.2511E  21.16 0.10   6 0.125  -43.08   8.48  21.16
  85 170426 1834 24.40 71.5804N 130.7979E  10.86 1.20   8 1.100 -167.41 -46.82  10.86
  86 170426 1840 44.00 72.2688N 126.3529E  18.66 1.30   8 0.192  -12.09  29.99  18.66
  87 170427 0912 28.78 72.0612N 127.7858E   4.18 0.90   8 0.428  -61.51   6.82   4.18
  88 170427 1041 37.97 71.7459N 128.9868E   8.92 0.70   7 0.665 -103.76 -28.36   8.92
  89 170427 2010 47.73 72.8036N 130.2001E  20.31 1.30   8 0.675 -141.79  89.67  20.31
  90 170427 2010 48.22 72.7927N 130.1368E  20.19 1.30   8 0.648 -139.70  88.45  20.19
  91 170427 2342 33.98 72.7614N 125.0021E  19.44 0.80   6 0.948   33.73  84.96  19.44

 ~~~ output final station residuals ...
 TURBO-option is set; residuals are NOT printed for each event!



   station statistics, remember nsp was set to: 1


 sta phase nobs avres  avwres    std    wsum    delay

 624    P  74 -0.3555 -0.3555  0.7126  74.0000  0.0000
 628    P  69 -0.6506 -0.6506  0.6919  69.0000 -0.0855
 630    P  53 -0.1036 -0.1036  0.6948  53.0000 -0.0591
 627    P  46 -0.2618 -0.2618  0.7980  46.0000  0.0116
 621    P  59 -0.0228 -0.0228  1.0739  59.0000  0.0507
 629    P  43 -0.1099 -0.1099  0.8158  43.0000  0.0268
 622    P  58 -0.2124 -0.2124  0.8387  58.0000  0.0419
 620    P  48 -0.2027 -0.2027  0.8273  48.0000  0.0275
 623    P  55 -0.2199 -0.2199  0.6734  55.0000  0.0791
 626    P  52 -0.0601 -0.0601  0.9210  52.0000  0.0239
 625    P  49 -0.1917 -0.1917  0.8854  49.0000  0.0324
 631    P  49  0.6614  0.6614  1.4651  49.0000  0.0919
 632    P  24  0.2394  0.2394  1.3534  24.0000 -0.0144


 ~~~ output statistics ...




 RAY-STATISTICS FOR  L A S T  ITERATION
 --------------------------------------

 NHYP : nr of hypocenters in this layer
 NREF : nr of headwaves in this layer
 %len : % of "refracted km" in this layer 
        with respect to all refracted kilometers
 NHIT : nr of rays passed thru this layer
 xy-km: average horizontal ray length [km] in layer
 z-km : average  vertical  ray length [km] in layer
 RFLX : number of reflections at bottom of this layer

 nlay   top ..... bottom     velocity   NHYP NREF %len  NHIT xy-km  z-km  RFLX

   1    -5.00...  0.00 km    4.78 km/s    0    0   0.0     0   0.0   0.0     0
   2     0.00...  9.50 km    5.18 km/s   24    0   0.0  1496   6.5   4.5     0
   3     9.50... 20.60 km    5.98 km/s   52   78  16.3   871  19.9   7.4     0
   4    20.60... 26.90 km    6.50 km/s   13   22   2.9   612   9.3   5.5     0
   5    26.90... 28.90 km    6.51 km/s    0    0   0.0   529   2.6   2.0     0
   6    28.90... 35.50 km    7.88 km/s    0   83  18.0   446  24.8   5.4     0
   7    35.50...       km    8.39 km/s    2  181  62.8     0   0.0   0.0

 Total nr of events was   91

 Total nr of refracted rays =   364
 Total nr of reflected rays =     0
 Total nr of   other   rays =   315
                              ------
 Total nr of    all    rays =   679

 Average (absolute) error of the raytracers:
  Straight and direct rays :    6.86 meters
  Refracted           rays :    0.01 meters
  Reflected           rays :    0.00 meters


 ALL RAYS TOGETHER:
 Average horizontal ray length =   89.9 km   (Hypocenter --> Station) 
 Average  vertical  ray length =   21.7 km   (Deepest ray-point --> Station)



 ... and some more STATISTICS 
 ---------------------------- 
  GAP of final epicenters:

  Event# -> GAP  Event# -> GAP  Event# -> GAP  Event# -> GAP  Event# -> GAP
       1 -> 296       2 -> 294       3 -> 270       4 -> 274       5 -> 307
       6 ->  97       7 -> 320       8 -> 306       9 -> 168      10 -> 346
      11 -> 347      12 -> 260      13 -> 263      14 -> 263      15 -> 262
      16 -> 264      17 -> 253      18 -> 245      19 -> 160      20 -> 302
      21 -> 231      22 -> 239      23 -> 240      24 -> 230      25 -> 130
      26 -> 102      27 -> 156      28 -> 211      29 -> 305      30 -> 213
      31 -> 215      32 -> 214      33 -> 211      34 -> 133      35 -> 240
      36 -> 216      37 -> 132      38 -> 310      39 -> 117      40 -> 209
      41 -> 219      42 -> 122      43 -> 234      44 -> 134      45 -> 308
      46 -> 126      47 -> 224      48 -> 226      49 -> 289      50 -> 195
      51 -> 289      52 -> 270      53 -> 224      54 -> 354      55 -> 347
      56 -> 180      57 -> 310      58 -> 318      59 -> 166      60 -> 311
      61 -> 301      62 -> 306      63 -> 151      64 -> 323      65 -> 129
      66 -> 293      67 ->  86      68 -> 295      69 -> 171      70 -> 262
      71 -> 173      72 ->   0      73 -> 260      74 -> 300      75 -> 241
      76 ->  59      77 -> 284      78 -> 173      79 -> 165      80 -> 170
      81 -> 166      82 -> 166      83 -> 234      84 -> 115      85 -> 315
      86 ->  94      87 -> 115      88 -> 270      89 -> 318      90 -> 317
      91 -> 294

 GAPs were between   0 and 354
      (average GAP was 228)



  MAGNITUDES of INPUT-DATA:

 Magnitude (# of events)   ***average number of obs***

 MAG<= 1.0 ( 47) *******
 MAG = 1.1 (  4) ********
 MAG = 1.2 (  7) ********
 MAG = 1.3 (  8) *********1
 MAG = 1.4 (  3) *********
 MAG = 1.5 (  3) ********
 MAG = 1.6 (  3) ********
 MAG = 1.7 (  2) *********1
 MAG = 1.8 (  2) *******
 MAG = 1.9 (  1)  
 MAG = 2.0 (  0)  
 MAG = 2.1 (  2) ********
 MAG = 2.2 (  3) *****
 MAG = 2.3 (  1) **
 MAG = 2.4 (  0)  
 MAG = 2.5 (  1) ******
 MAG = 2.6 (  1) **
 MAG = 2.7 (  0)  
 MAG = 2.8 (  0)  
 MAG = 2.9 (  1) ******
 MAG = 3.0 (  0)  
 MAG = 3.1 (  1) ****
 MAG = 3.2 (  0)  
 MAG = 3.3 (  0)  
 MAG = 3.4 (  0)  
 MAG = 3.5 (  0)  
 MAG = 3.6 (  0)  
 MAG = 3.7 (  0)  
 MAG = 3.8 (  0)  
 MAG = 3.9 (  0)  
 MAG = 4.0 (  1) *********1**
 MAG = 4.1 (  0)  
 MAG = 4.2 (  0)  
 MAG = 4.3 (  0)  
 MAG = 4.4 (  0)  
 MAG = 4.5 (  0)  
 MAG = 4.6 (  0)  
 MAG = 4.7 (  0)  
 MAG = 4.8 (  0)  
 MAG = 4.9 (  0)  
 MAG = 5.0 (  0)  
 MAG = 5.1 (  0)  
 MAG = 5.2 (  0)  
 MAG = 5.3 (  0)  
 MAG = 5.4 (  0)  
 MAG = 5.5 (  0)  
 MAG = 5.6 (  0)  
 MAG = 5.7 (  0)  
 MAG = 5.8 (  0)  
 MAG = 5.9 (  0)  
 MAG>= 6.0 (  0)  





  DEPTHs of INPUT-DATA and of LAST ITERATION:
  ===========================================

       Depth       # of events  

 DEPTH ( input ) =  -4. km :   
 DEPTH (last_IT) =  -4. km :   
 DEPTH ( input ) =  -3. km :   
 DEPTH (last_IT) =  -3. km :   
 DEPTH ( input ) =  -2. km :   
 DEPTH (last_IT) =  -2. km :   
 DEPTH ( input ) =  -1. km :   
 DEPTH (last_IT) =  -1. km :   
 DEPTH ( input ) =   0. km :  ........
 DEPTH (last_IT) =   0. km :  *
 DEPTH ( input ) =   1. km :  .
 DEPTH (last_IT) =   1. km :  ******
 DEPTH ( input ) =   2. km :   
 DEPTH (last_IT) =   2. km :  **
 DEPTH ( input ) =   3. km :  ...
 DEPTH (last_IT) =   3. km :   
 DEPTH ( input ) =   4. km :  ..
 DEPTH (last_IT) =   4. km :  ***
 DEPTH ( input ) =   5. km :  ..
 DEPTH (last_IT) =   5. km :  **
 DEPTH ( input ) =   6. km :  ..
 DEPTH (last_IT) =   6. km :  ****
 DEPTH ( input ) =   7. km :  .
 DEPTH (last_IT) =   7. km :  *
 DEPTH ( input ) =   8. km :  ...
 DEPTH (last_IT) =   8. km :  **
 DEPTH ( input ) =   9. km :  ..
 DEPTH (last_IT) =   9. km :  ***
 DEPTH ( input ) =  10. km :  ..
 DEPTH (last_IT) =  10. km :  *
 DEPTH ( input ) =  11. km :  ...
 DEPTH (last_IT) =  11. km :  *****
 DEPTH ( input ) =  12. km :  ....
 DEPTH (last_IT) =  12. km :  ***
 DEPTH ( input ) =  13. km :  ..
 DEPTH (last_IT) =  13. km :  *
 DEPTH ( input ) =  14. km :  ...
 DEPTH (last_IT) =  14. km :  *****
 DEPTH ( input ) =  15. km :  ........
 DEPTH (last_IT) =  15. km :  *******
 DEPTH ( input ) =  16. km :  .........1.
 DEPTH (last_IT) =  16. km :  *********
 DEPTH ( input ) =  17. km :  .....
 DEPTH (last_IT) =  17. km :  *******
 DEPTH ( input ) =  18. km :  ....
 DEPTH (last_IT) =  18. km :  **
 DEPTH ( input ) =  19. km :  .....
 DEPTH (last_IT) =  19. km :  ********
 DEPTH ( input ) =  20. km :  .....
 DEPTH (last_IT) =  20. km :  ***
 DEPTH ( input ) =  21. km :  ..
 DEPTH (last_IT) =  21. km :  ***
 DEPTH ( input ) =  22. km :  ....
 DEPTH (last_IT) =  22. km :  ***
 DEPTH ( input ) =  23. km :  ....
 DEPTH (last_IT) =  23. km :  *****
 DEPTH ( input ) =  24. km :  ..
 DEPTH (last_IT) =  24. km :  **
 DEPTH ( input ) =  25. km :  .
 DEPTH (last_IT) =  25. km :  *
 DEPTH ( input ) =  26. km :   
 DEPTH (last_IT) =  26. km :   
 DEPTH ( input ) =  27. km :   
 DEPTH (last_IT) =  27. km :   
 DEPTH ( input ) =  28. km :   
 DEPTH (last_IT) =  28. km :   
 DEPTH ( input ) =  29. km :   
 DEPTH (last_IT) =  29. km :   
 DEPTH ( input ) =  30. km :   
 DEPTH (last_IT) =  30. km :   
 DEPTH ( input ) =  31. km :   
 DEPTH (last_IT) =  31. km :   
 DEPTH ( input ) =  32. km :   
 DEPTH (last_IT) =  32. km :   
 DEPTH ( input ) =  33. km :   
 DEPTH (last_IT) =  33. km :   
 DEPTH ( input ) =  34. km :   
 DEPTH (last_IT) =  34. km :   
 DEPTH ( input ) =  35. km :   
 DEPTH (last_IT) =  35. km :   
 DEPTH ( input ) =  36. km :   
 DEPTH (last_IT) =  36. km :   
 DEPTH ( input ) =  37. km :   
 DEPTH (last_IT) =  37. km :   
 DEPTH ( input ) =  38. km :   
 DEPTH (last_IT) =  38. km :   
 DEPTH ( input ) =  39. km :   
 DEPTH (last_IT) =  39. km :   
 DEPTH ( input ) =  40. km :   
 DEPTH (last_IT) =  40. km :   
 DEPTH ( input ) =  41. km :   
 DEPTH (last_IT) =  41. km :   
 DEPTH ( input ) =  42. km :   
 DEPTH (last_IT) =  42. km :   
 DEPTH ( input ) =  43. km :   
 DEPTH (last_IT) =  43. km :   
 DEPTH ( input ) =  44. km :   
 DEPTH (last_IT) =  44. km :   
 DEPTH ( input ) =  45. km :   
 DEPTH (last_IT) =  45. km :   
 DEPTH ( input ) =  46. km :   
 DEPTH (last_IT) =  46. km :   
 DEPTH ( input ) =  47. km :   
 DEPTH (last_IT) =  47. km :   
 DEPTH ( input ) =  48. km :   
 DEPTH (last_IT) =  48. km :   
 DEPTH ( input ) =  49. km :   
 DEPTH (last_IT) =  49. km :   
 DEPTH ( input ) =  50. km :   
 DEPTH (last_IT) =  50. km :   
 DEPTH ( input ) =  51. km :   
 DEPTH (last_IT) =  51. km :   
 DEPTH ( input ) =  52. km :   
 DEPTH (last_IT) =  52. km :   
 DEPTH ( input ) =  53. km :   
 DEPTH (last_IT) =  53. km :   
 DEPTH ( input ) =  54. km :   
 DEPTH (last_IT) =  54. km :   
 DEPTH ( input ) =  55. km :   
 DEPTH (last_IT) =  55. km :   
 DEPTH ( input ) =  56. km :   
 DEPTH (last_IT) =  56. km :   
 DEPTH ( input ) =  57. km :   
 DEPTH (last_IT) =  57. km :   
 DEPTH ( input ) =  58. km :   
 DEPTH (last_IT) =  58. km :   
 DEPTH ( input ) =  59. km :   
 DEPTH (last_IT) =  59. km :   
 DEPTH ( input ) =  60. km :   
 DEPTH (last_IT) =  60. km :   
 DEPTH ( input ) =  61. km :   
 DEPTH (last_IT) =  61. km :   
 DEPTH ( input ) =  62. km :   
 DEPTH (last_IT) =  62. km :   
 DEPTH ( input ) =  63. km :   
 DEPTH (last_IT) =  63. km :   
 DEPTH ( input ) =  64. km :   
 DEPTH (last_IT) =  64. km :   
 DEPTH ( input ) =  65. km :   
 DEPTH (last_IT) =  65. km :   
 DEPTH ( input ) =  66. km :   
 DEPTH (last_IT) =  66. km :   
 DEPTH ( input ) =  67. km :   
 DEPTH (last_IT) =  67. km :   
 DEPTH ( input ) =  68. km :   
 DEPTH (last_IT) =  68. km :   
 DEPTH ( input ) =  69. km :   
 DEPTH (last_IT) =  69. km :   
 DEPTH ( input ) =  70. km :   
 DEPTH (last_IT) =  70. km :   
 DEPTH ( input ) =  71. km :   
 DEPTH (last_IT) =  71. km :   
 DEPTH ( input ) =  72. km :   
 DEPTH (last_IT) =  72. km :   
 DEPTH ( input ) =  73. km :   
 DEPTH (last_IT) =  73. km :   
 DEPTH ( input ) =  74. km :  .
 DEPTH (last_IT) =  74. km :  *
 DEPTH ( input ) =  75. km :   
 DEPTH (last_IT) =  75. km :   
 DEPTH ( input ) =  76. km :   
 DEPTH (last_IT) =  76. km :   
 DEPTH ( input ) =  77. km :   
 DEPTH (last_IT) =  77. km :   
 DEPTH ( input ) =  78. km :   
 DEPTH (last_IT) =  78. km :   
 DEPTH ( input ) =  79. km :   
 DEPTH (last_IT) =  79. km :   
 DEPTH ( input ) =  80. km :   
 DEPTH (last_IT) =  80. km :   
 DEPTH ( input ) =  81. km :   
 DEPTH (last_IT) =  81. km :   
 DEPTH ( input ) =  82. km :   
 DEPTH (last_IT) =  82. km :   
 DEPTH ( input ) =  83. km :   
 DEPTH (last_IT) =  83. km :   
 DEPTH ( input ) =  84. km :   
 DEPTH (last_IT) =  84. km :   
 DEPTH ( input ) =  85. km :   
 DEPTH (last_IT) =  85. km :   
 DEPTH ( input ) =  86. km :   
 DEPTH (last_IT) =  86. km :   
 DEPTH ( input ) =  87. km :   
 DEPTH (last_IT) =  87. km :   
 DEPTH ( input ) =  88. km :   
 DEPTH (last_IT) =  88. km :   
 DEPTH ( input ) =  89. km :   
 DEPTH (last_IT) =  89. km :   
 DEPTH ( input ) =  90. km :   
 DEPTH (last_IT) =  90. km :   
 DEPTH ( input ) =  91. km :   
 DEPTH (last_IT) =  91. km :   
 DEPTH ( input ) =  92. km :   
 DEPTH (last_IT) =  92. km :   
 DEPTH ( input ) =  93. km :   
 DEPTH (last_IT) =  93. km :   
 DEPTH ( input ) =  94. km :   
 DEPTH (last_IT) =  94. km :   
 DEPTH ( input ) =  95. km :   
 DEPTH (last_IT) =  95. km :   
 DEPTH ( input ) =  96. km :   
 DEPTH (last_IT) =  96. km :   
 DEPTH ( input ) =  97. km :  .
 DEPTH (last_IT) =  97. km :  *
 DEPTH ( input ) =  98. km :   
 DEPTH (last_IT) =  98. km :   
 DEPTH ( input ) =  99. km :   
 DEPTH (last_IT) =  99. km :   
 DEPTH ( input ) = 100. km :   
 DEPTH (last_IT) = 100. km :   
 DEPTH ( input ) > 100. km :   
 DEPTH (last_IT) > 100. km :   


 Residuals of the stations according to the azimuth:
 (RES  = total average residual at station)
 (RES1 = average residual of rays from 1st quadrant)
 (RES2 = average residual of rays from 2nd quadrant)
 (RES3 = average residual of rays from 3rd quadrant)
 (RES4 = average residual of rays from 4th quadrant)

 Stn#  Stn     RES          RES1         RES2         RES3         RES4
   1   624    -0.36(  74)  -0.59(  33)  -0.49(   5)  -0.30(  29)   0.61(   7)
   2   628    -0.65(  69)  -0.88(  32)  -0.63(   5)  -0.66(  25)   0.41(   7)
   3   630    -0.10(  53)   0.30(  25)  -0.32(  10)  -0.96(  10)  -0.03(   8)
   4   627    -0.26(  46)  -0.17(  12)   0.00(   0)  -0.66(  22)   0.38(  12)
   5   621    -0.02(  59)  -0.37(   8)   0.00(   0)   0.26(  18)  -0.09(  33)
   6   629    -0.11(  43)   0.32(  15)   0.00(   0)  -0.74(   9)  -0.15(  19)
   7   622    -0.21(  58)  -0.55(  27)   0.00(   0)   0.00(  19)   0.21(  12)
   8   620    -0.20(  48)   0.00(   0)  -0.35(   1)   0.23(  18)  -0.47(  29)
   9   623    -0.22(  55)  -0.51(  30)   0.00(   0)   0.12(  17)   0.14(   8)
  10   626    -0.06(  52)  -0.13(  24)   0.00(   0)  -0.08(   6)   0.02(  22)
  11   625    -0.19(  49)  -0.34(  14)   0.00(   0)  -0.37(  23)   0.32(  12)
  12   631     0.66(  49)   1.28(  18)   2.26(   1)   1.08(   4)   0.11(  26)
  13   632     0.24(  24)   0.81(  12)   1.81(   2)  -1.02(   3)  -0.64(   7)



 CPU - statistics:

 TOTAL CPU-sec          =    0.2     (CPU-minutes:  0.003)

 >>>   End of program VELEST at 25-06-01 23:10       <<< [ CPU-sec :     0.2]
