 >>> Start of program VELEST at 25-06-02 12:53       <<<                        

 ::::::::::::::::::::::::::::::::::::::                                         
  V E L E S T  - Version : January 3, 1995                                      
  (Authors: see source code)                                                    
 ::::::::::::::::::::::::::::::::::::::                                         


 Title of this VELEST run:

 model_2
 -------


 Current array-dimensions of program VELEST:

 Max. number of EARTHQUAKES for simult. inversion IEQ = ***
 Max. number of SHOTS for simult. inversion    INSHOT =  50
 Max. number of (different) 1D-MODELS      ITOTMODELS =   2
 Max. number of LAYERS per one 1D-model        INLTOT = 100
 Max. number of STATIONS in stationlist           IST = 650
 Max. number of OBSERVATIONS per event MAXOBSPEREVENT = 180






    INPUT - P A R A M E T E R S :



***
***  olat       olon   icoordsystem      zshift   itrial ztrial    ised
  72.000000-126.000000      0            0.000       0     0.00      0
***
*** neqs   nshot    rotate
     91      0      0.0
***
*** isingle   iresolcalc
       0          0
***
*** dmax    itopo    zmin     veladj    zadj   lowveloclay
   300.00     0      0.01       0.20    5.00       0
***
*** nsp    swtfac   vpvs       nmod
     1      1.00    1.730        1
***
***   othet   xythet    zthet    vthet   stathet
       0.01     0.01     0.01     1.00     0.01
***
*** nsinv   nshcor   nshfix     iuseelev    iusestacorr
       1       0       0           1            1
***
*** iturbo    icnvout   istaout   ismpout
       1         1         1         0
***
*** irayout   idrvout   ialeout   idspout   irflout   irfrout   iresout
       0         0         0         0         0         0         0
***
*** delmin   ittmax   invertratio
    0.010       3          1
***
*** Modelfile:
tmp/model_2/synthvel/model_475.mod
***
*** Stationfile:
./velinp/station.sta
***
*** Seismofile:
 
***
*** File with region names:
 
***
*** File with region coordinates:
 
***
*** File #1 with topo data:
 
***
*** File #2 with topo data:
 
***
*** DATA INPUT files:
***
*** File with Earthquake data:
./velinp/data.cnv
***
*** File with Shot data:
 
***
*** OUTPUT files:
***
*** Main print output file:
./velout/model_2/velest475.out
***
*** File with single event locations:
velout.vel
***
*** File with final hypocenters in *.cnv format:
./velout/model_2/final_loc475.cnv
***
*** File with new station corrections:
./velout/model_2/stations_corr475.sta
***
*** File with summary cards (e.g. for plotting):
velout.smp
***
*** File with raypoints:
velout.ray
***
*** File with derivatives:
velout.drv
***
*** File with ALEs:
velout.ale
***
*** File with Dirichlet spreads:
velout.dspr
***
*** File with reflection points:
velout.rfl
***
*** File with refraction points:
velout.rfr
***
*** File with residuals:
velout.res
***




 Origin of cartesian coordinates:
        72.00000N   126.00000E

  X,Y-AXES rotated clockwise from North
           Rotation angle (rotate):
            rotate=    0.0 degr.

 icoordsystem =            0
 normal SHORT DISTANCE CONVERSION will be made
 x is positive towards west, y is positive towards north


 SHORT DISTANCE CONVERSION on ELLIPSOIDE of WORLD GEODETIC SYSTEM 1972 (WGS72)
 =============================================================================

 Radius at equator (REARTH)= 6378.13500  km
   1. / (ellipticity)      =    298.260

 Origin of cartesian coordinates [degrees]:
   72.0000000 N     -126.0000000 W

  Rotation angle (in degr.) clockwise from
North  rotate=    0.0

 Radius of sphere at OLAT =   6358.817 km

 Conversion of GEOGRAPHICAL LATITUDE to GEOCENTRICAL LATITUDE:
 RLATC = TAN(GEOCENTR.LAT) / TAN(GEOGRAPH.LAT)
 RLATC =   0.99333486

          Short distance conversions:
          one min lat ~  1.8597 km 
          one min lon ~  0.5751 km 







    INPUT - M O D E L :



 Model(s) read from file :
 tmp/model_2/synthvel/model_475.mod                                              

 model file title: 
Model: model_475.mod                    
 Velocity structure for model   1 :

 layer    vel   depth   vdamp  reflector
   1      5.33  -5.00    1.00         P-VELOCITY MODEL                  
   2      5.55  -0.51    1.00  
 WARNING:
 Only top of the first layer can be negative !!
   3      5.62   7.78    1.00  
   4      6.29   9.36    1.00  
   5      6.35  14.62    1.00  
   6      6.38  23.30    1.00  
   7      6.45  26.45    1.00  
   8      6.66  27.00    1.00  
   9      7.56  38.22    1.00  
  10      7.77  39.73    1.00  

 Calculation of average velocity starts at layer #            1
 z = -5.00 ... -0.51    v = 5.33    AVEL = 5.33 downto z =  -0.51
 z = -0.51 ...  7.78    v = 5.55    AVEL = 5.47 downto z =   7.78
 z =  7.78 ...  9.36    v = 5.62    AVEL = 5.49 downto z =   9.36
 z =  9.36 ... 14.62    v = 6.29    AVEL = 5.70 downto z =  14.62
 z = 14.62 ... 23.30    v = 6.35    AVEL = 5.90 downto z =  23.30
 z = 23.30 ... 26.45    v = 6.38    AVEL = 5.95 downto z =  26.45
 z = 26.45 ... 27.00    v = 6.45    AVEL = 5.96 downto z =  27.00
 z = 27.00 ... 38.22    v = 6.66    AVEL = 6.14 downto z =  38.22
 z = 38.22 ... 39.73    v = 7.56    AVEL = 6.19 downto z =  39.73


 Calculation of average velocity starts at layer #            2
 z = -0.51 ...  7.78    v = 5.55    AVEL = 5.55 downto z =   7.78
 z =  7.78 ...  9.36    v = 5.62    AVEL = 5.56 downto z =   9.36
 z =  9.36 ... 14.62    v = 6.29    AVEL = 5.81 downto z =  14.62
 z = 14.62 ... 23.30    v = 6.35    AVEL = 6.01 downto z =  23.30
 z = 23.30 ... 26.45    v = 6.38    AVEL = 6.05 downto z =  26.45
 z = 26.45 ... 27.00    v = 6.45    AVEL = 6.06 downto z =  27.00
 z = 27.00 ... 38.22    v = 6.66    AVEL = 6.23 downto z =  38.22
 z = 38.22 ... 39.73    v = 7.56    AVEL = 6.28 downto z =  39.73






    INPUT - S T A T I O N S :



 Station-parameters read from file :
 ./velinp/station.sta                                                            


     stn latitude longitude elev   x      y      z     ptcor stcor model icc
   1 624 72.4760N126.2750E     0  -9.37  53.11  -0.00   0.00  0.00   1  13
   2 628 72.4000N127.1470E     0 -39.15  44.63  -0.00   0.00  0.00   1  12
   3 630 72.0750N128.3250E     0 -80.06   8.37  -0.00   0.00  0.00   1  11
   4 627 72.1170N126.9820E     0 -33.78  13.06  -0.00   0.00  0.00   1  10
   5 621 72.1840N124.8890E     0  38.14  20.53  -0.00   0.00  0.00   1   9
   6 629 71.9290N127.3130E     0 -45.39  -7.92  -0.00   0.00  0.00   1   8
   7 622 72.4420N125.3130E     0  23.42  49.32  -0.00   0.00  0.00   1   7
   8 620 72.6540N124.3470E     0  56.03  72.98  -0.00   0.00  0.00   1   6
   9 623 72.3260N125.7600E     0   8.21  36.38  -0.00   0.00  0.00   1   5
  10 626 71.8880N126.0360E     0  -1.25 -12.50  -0.00   0.00  0.00   1   4
  11 625 72.1740N126.1070E     0  -3.67  19.42  -0.00   0.00  0.00   1   3
  12 631 71.3990N127.2470E     0 -43.72 -67.06  -0.00   0.00  0.00   1   2
  13 632 71.5740N129.0728E     0-107.23 -47.53  -0.00   0.00  0.00   1   1

 NO Seismo-parameter-file specified
 --> NO magnitudes calculated!




   neqs=   91  nshot=    0  nltot=   10

 ~~~ input parameters read.
 ~~~ set units for first iteration ...
 ~~~ determine number of unknowns ...

 Number of unknowns (for array-indexing):  nvar =  386
 Number of effective unknowns        :  nvareff =  374
 Number of elements on/below main diagonal of matrix G = At*A : kvar =   74691

 ~~~ reset G and RHT ...
 ~~~ input data, raytracing, setup G ...






    I N P U T - D A T A  

  eq    origin-time    latitude longitude depth    x      y      z    mag ifxOBS
   1 160818 1613  9.10 73.0030N 124.8500E  23.10  38.61 111.92  23.10 1.40 0   6
   2 160818 1613  9.30 72.9910N 124.8700E  22.80  37.95 110.58  22.80 1.10 0   6
   3 160819 0959 27.30 71.9230N 129.7600E  12.10-130.00  -8.59  12.10 4.00 0  12
   4 160820 1506 15.70 71.9380N 129.7900E  11.00-130.98  -6.92  11.00 1.50 0   9
   5 160820 1904 45.70 72.3480N 127.1800E  23.80 -40.33  38.83  23.80 1.20 0   6
   6 160822 1318 49.50 72.3650N 127.0800E  16.50 -36.90  40.73  16.50 0.60 0   8
   7 160823 0652 14.00 70.9330N 129.8100E   6.40-135.21-119.06   6.40 2.90 0   6
   8 160824 1510 30.40 71.6070N 130.0400E   8.60-140.86 -43.85   8.60 1.50 0   9
   9 160906 1514 39.70 72.5080N 125.6800E  12.10  10.89  56.68  12.10 0.90 0   6
 WARNING:
 epicentral distance: 303.3 > dmax ( 300.0) ==> skipping phase !
 WARNING:
 epicentral distance: 338.2 > dmax ( 300.0) ==> skipping phase !
  10 160920 1607 18.30 69.2370N 128.3500E  16.20 -87.07-308.31  16.20 2.60 0   2
 WARNING:
 epicentral distance: 318.5 > dmax ( 300.0) ==> skipping phase !
 WARNING:
 epicentral distance: 355.0 > dmax ( 300.0) ==> skipping phase !
  11 160925 1911  5.60 69.2250N 127.6800E  15.60 -62.26-309.64  15.60 2.30 0   2
  12 161004 0841 51.20 72.8480N 124.9600E  15.60  35.07  94.62  15.60 0.20 0   6
  13 161005 1619 46.90 72.8770N 125.0100E  19.00  33.35  97.86  19.00 1.00 0   9
  14 161006 0156 55.90 72.8740N 125.0100E  13.90  33.36  97.52  13.90 1.00 0   7
  15 161009 0036 44.70 72.8720N 124.9900E  17.20  34.03  97.30  17.20 1.30 0   8
  16 161009 0036 44.90 72.8580N 124.9600E  18.60  35.06  95.74  18.60 1.20 0   7
  17 161012 0800 22.10 72.7380N 126.0300E  18.50  -1.01  82.35  18.50 0.80 0   7
  18 161015 1013 36.50 72.0400N 126.9900E  11.20 -34.12   4.46  11.20 0.70 0   7
  19 161021 0507 33.30 72.5750N 124.7800E  10.10  41.44  64.16  10.10 0.80 0   6
  20 161124 2250 46.00 72.7630N 124.8800E  16.20  37.85  85.14  16.20 3.10 0   4
  21 161125 0156 34.10 72.7420N 124.9200E  14.50  36.52  82.80  14.50 0.60 0   7
  22 161125 0517 25.90 72.7650N 124.9400E  13.50  35.82  85.36  13.50 1.60 0   6
  23 161125 0525 15.90 72.7740N 124.9500E  11.60  35.48  86.37  11.60 0.80 0   6
  24 161125 0556  2.00 72.7350N 124.9700E   5.70  34.84  82.01   5.70 0.20 0   6
  25 170117 0846 48.60 72.2130N 127.3400E  22.00 -45.97  23.77  22.00 0.30 0   6
  26 170122 1614 27.60 71.9670N 128.0400E  10.30 -70.45  -3.68  10.30 0.90 0   6
  27 170125 2244  0.20 72.4440N 126.0200E  13.10  -0.68  49.54  13.10 0.80 0   6
  28 170302 1359 59.10 72.6830N 124.8900E  11.50  37.60  76.21  11.50 0.50 0   7
  29 170302 2335 20.20 71.8850N 130.3000E  14.80-148.82 -12.83  14.80 2.10 0   9
  30 170304 2135  2.90 72.6880N 124.9400E  13.40  35.90  76.77  13.40 1.30 0   7
  31 170307 0447 21.00 72.6940N 124.9200E  14.20  36.57  77.44  14.20 1.70 0  10
  32 170307 2016 50.80 72.6910N 124.9100E  15.30  36.91  77.10  15.30 1.10 0   6
  33 170309 1454  0.80 72.6830N 124.9000E  15.60  37.26  76.21  15.60 0.30 0   6
  34 170311 0430 55.40 72.3130N 126.5000E  24.50 -17.11  34.93  24.50 0.30 0   6
  35 170312 0416 39.20 71.9240N 128.0800E   3.40 -71.91  -8.48   3.40 2.10 0   6
  36 170313 0553 59.10 72.6980N 124.9200E  15.10  36.57  77.89  15.10 1.00 0   9
  37 170313 0809  5.60 72.4500N 125.0800E  14.90  31.36  50.21  14.90 1.20 0   7
  38 170315 0234 46.50 72.6540N 123.8400E  16.90  73.22  72.98  16.90 1.40 0   7
  39 170317 1007 14.10 72.2350N 125.9800E   3.90   0.69  26.22   3.90 0.50 0   7
  40 170320 0711 14.60 72.1250N 127.2200E  16.80 -41.95  13.95  16.80 0.90 0   6
  41 170320 0853 56.40 72.7090N 124.9700E   5.10  34.86  79.11   5.10 0.40 0   6
  42 170320 1900 34.30 72.4150N 126.1200E  18.00  -4.09  46.31  18.00 0.60 0   7
  43 170323 0519 24.60 71.6470N 129.1800E   5.20-110.76 -39.39   5.20 1.20 0   6
  44 170323 1612 49.70 72.4530N 125.1100E   8.30  30.33  50.55   8.30 0.50 0   6
  45 170323 1906 41.20 72.4070N 130.2500E  18.30-145.04  45.41  18.30 1.00 0   6
  46 170326 0836 34.10 71.9930N 127.6700E  16.10 -57.63  -0.78  16.10 1.50 0   7
  47 170402 0422  1.00 72.7220N 125.6900E  21.90  10.49  80.56  21.90 1.20 0  10
  48 170402 0636 37.20 72.7310N 125.6900E  23.50  10.49  81.57  23.50 0.70 0   6
  49 170404 2347 35.70 72.7580N 124.3800E  22.60  54.76  84.58  22.60 0.50 0   6
  50 170405 0307 36.10 71.6810N 128.9500E  15.30-102.66 -35.60  15.30 1.00 0  10
  51 170405 1410 53.20 71.5100N 128.9000E   9.30-101.37 -54.68   9.30 1.70 0  10
  52 170406 0838 43.20 72.3850N 129.3800E  15.50-115.42  42.96  15.50 0.90 0  10
  53 170406 1728  1.00 72.7230N 125.6900E  21.30  10.49  80.67  21.30 0.90 0  10
 WARNING:
 epicentral distance: 325.9 > dmax ( 300.0) ==> skipping phase !
 WARNING:
 epicentral distance: 332.9 > dmax ( 300.0) ==> skipping phase !
 WARNING:
 epicentral distance: 345.3 > dmax ( 300.0) ==> skipping phase !
 WARNING:
 epicentral distance: 391.9 > dmax ( 300.0) ==> skipping phase !
  54 170407 1729  3.40 74.8930N 128.6300E  15.60 -83.67 322.81  15.60 1.80 0   2
 WARNING:
 epicentral distance: 311.3 > dmax ( 300.0) ==> skipping phase !
 WARNING:
 epicentral distance: 315.4 > dmax ( 300.0) ==> skipping phase !
 WARNING:
 epicentral distance: 328.9 > dmax ( 300.0) ==> skipping phase !
 WARNING:
 epicentral distance: 374.2 > dmax ( 300.0) ==> skipping phase !
  55 170407 1729  3.50 74.7270N 128.8100E   0.40 -89.83 304.29   0.40 1.60 0   5
  56 170408 1004 44.90 72.6070N 124.9400E  15.00  35.98  67.73  15.00 1.40 0  13
  57 170409 0856 47.20 73.3850N 128.5500E  15.60 -84.71 154.54  15.60 2.50 0   6
  58 170409 0902 45.60 73.3500N 128.4400E  15.10 -81.13 150.64  15.10 1.10 0   7
  59 170410 1520  8.50 72.0030N 128.3900E   2.70 -82.46   0.33   2.70 1.00 0  10
  60 170410 1813  3.60 70.9360N 129.1200E   3.70-110.72-118.73   3.70 2.20 0  13
  61 170412 1507  0.60 71.5070N 129.7200E   0.00-130.05 -55.01   0.00 0.70 0   6
  62 170413 0651 20.10 73.3680N 125.4200E  15.60  19.28 152.65  15.60 1.00 0  10
  63 170414 0459 18.80 72.2680N 127.3800E  20.10 -47.27  29.90  20.10 0.50 0   7
  64 170414 0540  4.80 73.6400N 130.9700E   8.00-163.92 183.00   8.00 1.80 0  11
  65 170414 1656 23.40 72.1850N 127.4000E  15.50 -48.06  20.64  15.50 0.20 0   6
  66 170414 1753 32.80 72.3840N 130.4600E  17.90-152.30  42.85  17.90 0.70 0   6
  67 170416 0523 41.90 71.9560N 127.0800E  19.20 -37.31  -4.91  19.20 1.60 0  13
  68 170416 1220 14.20 72.9470N 124.4900E  20.40  50.77 105.67  20.40 1.00 0  11
 WARNING:
 epicentral distance: 320.3 > dmax ( 300.0) ==> skipping phase !
 WARNING:
 epicentral distance: 381.0 > dmax ( 300.0) ==> skipping phase !
 WARNING:
 epicentral distance: 398.8 > dmax ( 300.0) ==> skipping phase !
 WARNING:
 epicentral distance: 405.0 > dmax ( 300.0) ==> skipping phase !
 WARNING:
 epicentral distance: 424.8 > dmax ( 300.0) ==> skipping phase !
 WARNING:
 epicentral distance: 431.2 > dmax ( 300.0) ==> skipping phase !
 WARNING:
 epicentral distance: 445.5 > dmax ( 300.0) ==> skipping phase !
 WARNING:
 epicentral distance: 451.8 > dmax ( 300.0) ==> skipping phase !
 WARNING:
 epicentral distance: 464.3 > dmax ( 300.0) ==> skipping phase !
  69 170416 1257 48.30 68.8710N 131.7500E  73.50-214.97-349.14  73.50 2.20 0   0
  70 170416 1821  5.50 72.8670N 125.0000E  19.30  33.70  96.74  19.30 1.30 0  13
  71 170418 0606  4.10 72.5080N 125.8200E   1.30   6.13  56.68   1.30 0.20 0   6
 WARNING:
 epicentral distance: 315.2 > dmax ( 300.0) ==> skipping phase !
 WARNING:
 epicentral distance: 332.1 > dmax ( 300.0) ==> skipping phase !
 WARNING:
 epicentral distance: 345.3 > dmax ( 300.0) ==> skipping phase !
 WARNING:
 epicentral distance: 352.6 > dmax ( 300.0) ==> skipping phase !
 WARNING:
 epicentral distance: 346.7 > dmax ( 300.0) ==> skipping phase !
 WARNING:
 epicentral distance: 356.6 > dmax ( 300.0) ==> skipping phase !
 WARNING:
 epicentral distance: 363.9 > dmax ( 300.0) ==> skipping phase !
 WARNING:
 epicentral distance: 372.8 > dmax ( 300.0) ==> skipping phase !
 WARNING:
 epicentral distance: 378.6 > dmax ( 300.0) ==> skipping phase !
 WARNING:
 epicentral distance: 378.6 > dmax ( 300.0) ==> skipping phase !
  72 170418 1005 56.80 69.3310N 122.4100E  97.00 132.70-297.82  97.00 2.20 0   1
  73 170418 1500 12.90 72.7340N 124.5100E  23.10  50.40  81.90  23.10 1.30 0  12
  74 170420 1302 36.20 72.6290N 129.0200E  21.80-102.44  70.19  21.80 0.90 0  11
  75 170420 2248 46.70 72.0220N 129.1200E   0.00-107.59   2.46   0.00 0.70 0  11
 WARNING:
 epicentral distance: 313.1 > dmax ( 300.0) ==> skipping phase !
 WARNING:
 epicentral distance: 324.4 > dmax ( 300.0) ==> skipping phase !
 WARNING:
 epicentral distance: 324.2 > dmax ( 300.0) ==> skipping phase !
 WARNING:
 epicentral distance: 342.4 > dmax ( 300.0) ==> skipping phase !
 WARNING:
 epicentral distance: 349.0 > dmax ( 300.0) ==> skipping phase !
 WARNING:
 epicentral distance: 380.2 > dmax ( 300.0) ==> skipping phase !
 WARNING:
 epicentral distance: 381.6 > dmax ( 300.0) ==> skipping phase !
 WARNING:
 epicentral distance: 408.0 > dmax ( 300.0) ==> skipping phase !
  76 170423 0850 54.60 74.7080N 132.7900E   0.10-217.19 302.17   0.10 1.90 0   0
  77 170423 1455 44.10 72.8400N 124.4900E  16.80  50.92  93.73  16.80 0.60 0   8
  78 170423 2313 41.80 72.5960N 124.8700E  22.00  38.36  66.50  22.00 1.30 0  12
  79 170424 0609 58.60 71.9600N 128.0200E   0.10 -69.77  -4.46   0.10 1.10 0  12
  80 170424 0755 26.70 71.9480N 128.0300E   0.00 -70.14  -5.80   0.00 1.00 0  12
  81 170424 0755 26.90 71.9590N 128.0300E   0.00 -70.12  -4.57   0.00 1.00 0  12
  82 170425 0652 23.30 71.9600N 128.0300E   0.00 -70.12  -4.46   0.00 1.20 0   9
  83 170426 0051 23.20 71.9450N 128.0600E   6.60 -71.18  -6.14   6.60 0.70 0   6
  84 170426 1425 21.20 72.0790N 127.2600E  21.00 -43.38   8.82  21.00 0.10 0   6
  85 170426 1834 24.60 71.5840N 130.8000E  10.90-167.46 -46.42  10.90 1.20 0   8
  86 170426 1840 44.10 72.2710N 126.3600E  18.10 -12.33  30.24  18.10 1.30 0   8
  87 170427 0912 28.80 72.0640N 127.7900E   2.60 -61.65   7.14   2.60 0.90 0   8
  88 170427 1041 38.10 71.7480N 128.9900E   8.40-103.86 -28.12   8.40 0.70 0   7
  89 170427 2010 47.80 72.8010N 130.2000E  20.20-141.80  89.38  20.20 1.30 0   8
  90 170427 2010 48.30 72.7890N 130.1400E  20.10-139.82  88.04  20.10 1.30 0   8
  91 170427 2342 34.10 72.7630N 125.0100E  19.50  33.46  85.14  19.50 0.80 0   6

 readings for station 624  :  74
 readings for station 628  :  69
 readings for station 630  :  53
 readings for station 627  :  46
 readings for station 621  :  59
 readings for station 629  :  43
 readings for station 622  :  58
 readings for station 620  :  48
 readings for station 623  :  55
 readings for station 626  :  52
 readings for station 625  :  49
 readings for station 631  :  49
 readings for station 632  :  24

 Total number of stations with readings:  13

 Total number of readings:     679
 Total number of P readings:       0
 Total number of S readings:       0


 ~~~ store parts of G ...
 ~~~ compute RMS and DATVAR ...

 Total number of observations is:   679


 $$$$$$$$$$$$$$$$$$$$$$$$$$$$$$$$$$$$$$$$$$$$$$$$$
 Events with  | AVRES | > 1.0 SEC are suspicious !

 Event#  54 >>>  170407 1729  AVRES = -1.94 NOBS =  2
 Event#  55 >>>  170407 1729  AVRES = -1.59 NOBS =  5
 Event#  72 >>>  170418 1005  AVRES = -1.30 NOBS =  1

 ^^^^^^^^^ C H E C K   these events above ^^^^^^^^
 $$$$$$$$$$$$$$$$$$$$$$$$$$$$$$$$$$$$$$$$$$$$$$$$$

 ~~~ save initial datvar ...

 Iteration nr  0 obtained:
 DATVAR=    0.303097 mean sqrd residual=     0.136148  RMS RESIDUAL=     0.368982

 After  0 iterations we got:
 Average absolute & unweighted [and mean] residual of
   504 straight and direct rays =  0.22819 [ -0.13534]
   175 refracted           rays =  0.43707 [ -0.25966]
     0 reflected           rays =  0.00000 [  0.00000]

   679 ALL                 RAYS =  0.28203 [ -0.16738]        0.00 %




--------------------------------------------------------------------------------



           ITERATION no  1

 ~~~ set units for this iteration ...
 ~~~ determine number of unknowns for this iter. ...

 Number of unknowns (for array-indexing):  nvar =  386
 Number of effective unknowns        :  nvareff =  387
 Number of elements on/below main diagonal of matrix G = At*A : kvar =   74691

 Damping factors to be used in this iteration:
   Othet=   0.010   XYthet  =   0.010   Zthet=  0.010
 STAthet=   0.010   Vthet   =   1.000

 ~~~ damp G ...
 ~~~ solve G * b = RHT ...
 ~~~ fix units ...
 ~~~ apply eventually step-length damping ...
 ~~~ adjust model (hypocenters, stacorr & veloc.) ...

 doing velocity adjustments now...
 WARNING: Tried to introduce a low-velocity-layer! (Layer 10)
 Setting DVP from -0.17 to 0.0 and VP to vp(layer_above)+0.001

 doing station-correction adjustments...

 ~~~ compute effective step-length ...

 (Applied) Step length =   6.527

 ~~~ set units for next iteration ...
 ~~~ determine number of unknowns for next iter. ...

 Number of unknowns (for array-indexing):  nvar =  386
 Number of effective unknowns        :  nvareff =  387
 Number of elements on/below main diagonal of matrix G = At*A : kvar =   74691

 ~~~ reset G and RHT ...
 ~~~ raytracing, setup G ...
 ~~~ store parts of G ...
 ~~~ set units back for current iteration ...
 ~~~ determine number of unknowns for this iter. ...

 Number of unknowns (for array-indexing):  nvar =  386
 Number of effective unknowns        :  nvareff =  387
 Number of elements on/below main diagonal of matrix G = At*A : kvar =   74691

 ~~~ compute RMS and DATVAR ...

 $$$$$$$$$$$$$$$$$$$$$$$$$$$$$$$$$$$$$$$$$$$$$$$$$
 Events with  | AVRES | > 1.0 SEC are suspicious !

 Event#  54 >>>  170407 1729  AVRES = -1.01 NOBS =  2

 ^^^^^^^^^ C H E C K   these events above ^^^^^^^^
 $$$$$$$$$$$$$$$$$$$$$$$$$$$$$$$$$$$$$$$$$$$$$$$$$

 ~~~ check solution (better? worse?) ...

 Iteration nr  1 obtained:
 DATVAR=    0.210387 mean sqrd residual=     0.090476  RMS RESIDUAL=     0.300792

 After  1 iterations we got:
 Average absolute & unweighted [and mean] residual of
   461 straight and direct rays =  0.16788 [ -0.07366]
   218 refracted           rays =  0.32052 [ -0.10410]
     0 reflected           rays =  0.00000 [  0.00000]

   679 ALL                 RAYS =  0.21689 [ -0.08344]      -23.10 %

 ~~~ iteration done; output results ...

  eq       ot     x      y      z      rms    avres   dot     dx     dy     dz
    1      9.11  38.60 112.00  23.27   0.19  -0.07    0.012 -0.009  0.082  0.168
    2      9.30  37.88 110.54  23.05   0.20  -0.04   -0.001 -0.070 -0.035  0.246
    3     27.24-130.61  -8.18  13.27   0.35  -0.01   -0.058 -0.611  0.411  1.175
    4     15.64-131.34  -6.77  10.70   0.37  -0.06   -0.059 -0.354  0.143 -0.300
    5     45.68 -40.31  38.62  23.83   0.07  -0.09   -0.020  0.020 -0.210  0.026
    6     49.49 -36.62  40.57  16.72   0.09  -0.07   -0.005  0.275 -0.158  0.221
    7     13.88-135.02-119.18   6.37   0.28  -0.17   -0.118  0.192 -0.120 -0.030
    8     30.38-140.82 -43.35   8.36   0.24  -0.02   -0.020  0.042  0.500 -0.244
    9     39.65  10.74  56.39  12.02   0.06  -0.15   -0.052 -0.153 -0.292 -0.081
   10     18.16 -87.87-308.25  16.21   1.13   0.23   -0.138 -0.806  0.058  0.012
   11      5.33 -63.27-309.66  15.62   1.39  -0.00   -0.267 -1.011 -0.013  0.024
   12     51.21  34.99  94.62  15.80   0.20  -0.05    0.011 -0.076  0.000  0.199
   13     46.86  33.25  98.19  19.21   0.26  -0.09   -0.036 -0.109  0.328  0.213
   14     55.85  33.55  97.42  14.47   0.08  -0.13   -0.048  0.193 -0.108  0.573
   15     44.66  33.85  97.66  17.43   0.32  -0.09   -0.040 -0.180  0.363  0.226
   16     44.81  34.51  96.43  18.61   0.37  -0.08   -0.089 -0.543  0.689  0.013
   17     22.04  -1.13  82.47  18.97   0.10  -0.08   -0.056 -0.111  0.127  0.475
   18     36.44 -33.93   4.35  11.11   0.12  -0.13   -0.059  0.191 -0.118 -0.089
   19     33.29  41.32  63.92  10.05   0.12  -0.12   -0.012 -0.127 -0.239 -0.047
   20     45.97  37.69  85.24  16.17   0.14  -0.15   -0.030 -0.157  0.098 -0.030
   21     34.11  36.58  82.72  13.83   0.27  -0.11    0.013  0.059 -0.075 -0.670
   22     25.88  35.56  85.49  13.21   0.21  -0.11   -0.024 -0.259  0.125 -0.285
   23     15.87  35.31  86.37  11.50   0.34  -0.12   -0.026 -0.170  0.004 -0.098
   24      1.94  34.84  82.70   6.46   0.42  -0.18   -0.057  0.004  0.681  0.757
   25     48.66 -45.76  23.47  22.24   0.11   0.05    0.056  0.207 -0.297  0.239
   26     27.58 -70.06  -3.84  10.33   0.09  -0.11   -0.019  0.393 -0.159  0.031
   27      0.20  -0.54  49.25  12.90   0.11  -0.09   -0.005  0.145 -0.297 -0.197
   28     59.07  37.74  76.42  11.34   0.21  -0.03   -0.026  0.146  0.209 -0.159
   29     20.21-148.80 -12.22  15.33   0.24  -0.07    0.010  0.019  0.614  0.530
   30      2.95  36.12  76.39  12.87   0.30  -0.04    0.051  0.224 -0.384 -0.526
   31     21.01  36.34  77.14  13.92   0.14  -0.15    0.005 -0.232 -0.296 -0.281
   32     50.80  36.79  77.00  15.11   0.14  -0.10   -0.002 -0.122 -0.105 -0.190
   33      0.84  37.32  76.00  15.57   0.09  -0.09    0.036  0.064 -0.209 -0.031
   34     55.43 -16.88  34.82  24.50   0.05   0.00    0.027  0.223 -0.110  0.004
   35     39.37 -71.04  -8.14   3.79   0.36  -0.17    0.175  0.869  0.337  0.386
   36     59.11  36.70  77.67  15.42   0.16  -0.06    0.010  0.135 -0.219  0.324
   37      5.60  31.22  50.01  14.46   0.10  -0.10   -0.004 -0.142 -0.202 -0.443
   38     46.50  73.05  73.05  16.91   0.22  -0.07    0.002 -0.174  0.078  0.010
   39     14.11   0.72  25.95   3.61   0.17  -0.16    0.013  0.036 -0.275 -0.293
   40     14.57 -41.99  13.86  16.43   0.13  -0.08   -0.031 -0.040 -0.086 -0.375
   41     56.42  34.71  78.99   5.78   0.16  -0.23    0.017 -0.148 -0.121  0.682
   42     34.31  -3.94  46.21  17.87   0.09  -0.03    0.014  0.159 -0.096 -0.127
   43     24.67-109.91 -39.35   5.70   0.34  -0.24    0.071  0.844  0.042  0.501
   44     49.62  30.28  50.40   8.30   0.07  -0.24   -0.077 -0.051 -0.143 -0.004
   45     41.16-145.31  45.62  19.10   0.19  -0.07   -0.043 -0.272  0.206  0.799
   46     34.11 -57.34  -0.81  16.05   0.09  -0.04    0.012  0.290 -0.030 -0.052
   47      1.05  10.56  80.43  21.86   0.21  -0.01    0.049  0.071 -0.138 -0.043
   48     37.23  10.56  81.60  23.72   0.12  -0.00    0.035  0.071  0.036  0.219
   49     35.69  54.60  84.52  22.69   0.08  -0.09   -0.007 -0.162 -0.059  0.086
   50     36.10-102.49 -35.80  15.29   0.15  -0.09    0.005  0.170 -0.205 -0.013
   51     53.18-100.95 -54.95   9.10   0.34  -0.02   -0.017  0.424 -0.274 -0.199
   52     43.22-115.42  43.66  15.39   0.27   0.01    0.023 -0.008  0.698 -0.112
   53      1.04  10.54  80.69  21.35   0.19   0.02    0.044  0.050  0.017  0.053
   54      2.48 -83.71 322.67  15.68   0.32  -1.01   -0.924 -0.040 -0.138  0.084
   55      2.80 -89.76 304.21   0.49   0.16  -0.80   -0.698  0.074 -0.073  0.088
   56     44.92  35.92  67.36  14.31   0.21  -0.11    0.019 -0.058 -0.368 -0.691
   57     47.05 -84.46 154.86  15.58   0.40  -0.08   -0.146  0.245  0.313 -0.017
   58     45.57 -80.76 151.14  15.64   0.38  -0.01   -0.030  0.372  0.504  0.537
   59      8.61 -81.77   0.52   1.95   0.49  -0.13    0.108  0.687  0.183 -0.745
   60      3.65-109.49-118.04   3.19   0.55  -0.14    0.053  1.230  0.686 -0.512
   61      0.55-130.66 -55.02   0.97   0.48  -0.19   -0.049 -0.608 -0.013  0.857
   62     20.11  19.51 152.55  15.72   0.47  -0.03    0.014  0.231 -0.092  0.123
   63     18.83 -47.10  29.70  20.10   0.06  -0.03    0.034  0.174 -0.205  0.003
   64      4.63-162.35 184.86   8.02   0.60   0.05   -0.170  1.566  1.861  0.021
   65     23.42 -47.75  20.35  15.53   0.08  -0.06    0.018  0.310 -0.289  0.027
   66     32.80-152.34  43.88  19.03   0.35  -0.05    0.002 -0.043  1.033  1.128
   67     41.97 -37.04  -5.19  18.43   0.12   0.00    0.071  0.272 -0.283 -0.770
   68     14.09  51.04 106.34  21.29   0.31  -0.07   -0.107  0.269  0.671  0.892
   69     48.30-214.97-349.14  73.50   0.00   0.00    0.000  0.000  0.000  0.000
   70      5.46  33.63  97.09  19.23   0.25  -0.04   -0.036 -0.067  0.346 -0.073
   71      4.25   6.16  56.57   1.17   0.56   0.02    0.149  0.038 -0.114 -0.132
   72     55.73 132.62-297.71  96.97   0.36  -0.60   -1.071 -0.081  0.106 -0.032
   73     12.86  50.70  81.98  23.43   0.17  -0.07   -0.036  0.306  0.073  0.332
   74     36.15-102.21  70.58  22.67   0.22  -0.12   -0.049  0.234  0.396  0.871
 ***** depth constrained for event    75
   75     46.71-107.83   3.18   0.11   0.89   0.01    0.015 -0.240  0.729 -0.100
   76     54.60-217.19 302.17   0.10   0.00   0.00    0.000  0.000  0.000  0.000
   77     44.09  50.87  93.97  16.68   0.21  -0.07   -0.009 -0.059  0.240 -0.117
   78     41.75  38.55  66.33  22.55   0.13  -0.10   -0.051  0.186 -0.173  0.553
   79     58.70 -69.29  -4.55   0.13   0.37  -0.06    0.100  0.483 -0.084  0.028
 ***** depth constrained for event    80
   80     26.80 -69.75  -5.96   0.11   0.30  -0.04    0.100  0.390 -0.160 -0.100
 ***** depth constrained for event    81
   81     27.01 -69.72  -4.70   0.11   0.34  -0.03    0.109  0.403 -0.127 -0.100
 ***** depth constrained for event    82
   82     23.38 -69.64  -4.54   0.11   0.27  -0.11    0.075  0.481 -0.077 -0.100
   83     23.24 -70.80  -6.00   7.12   0.17  -0.19    0.035  0.383  0.132  0.516
   84     21.25 -43.02   8.37  20.87   0.03   0.01    0.046  0.358 -0.441 -0.130
   85     24.54-167.71 -46.13  11.27   0.28  -0.06   -0.064 -0.243  0.290  0.367
   86     44.11 -12.19  30.01  17.84   0.05  -0.06    0.014  0.140 -0.234 -0.256
   87     28.90 -61.42   6.81   3.46   0.22  -0.13    0.096  0.233 -0.333  0.862
   88     38.05-103.86 -28.17   8.40   0.28  -0.12   -0.050  0.004 -0.053  0.004
   89     47.75-141.65  89.82  20.67   0.29  -0.08   -0.049  0.147  0.437  0.467
   90     48.24-139.64  88.65  20.84   0.24  -0.11   -0.062  0.181  0.608  0.737
   91     34.01  33.62  85.31  20.30   0.24  -0.17   -0.086  0.165  0.167  0.799

 A V E R A G E   of ADJUSTMENTS :                    -0.037  0.083  0.069  0.096
 A V E R A G E   of ABSOLUTE ADJUSTMENTS :            0.076  0.249  0.252  0.289


 Step length damping of 0.36264 was applied.


 Velocity adjustments:
     vp    dvp      hp   reflector
 Velocity model   1
   5.224 -0.106   -5.000      
   5.648  0.098   -0.510      
   5.680  0.060    7.780      
   6.277 -0.013    9.360      
   6.378  0.028   14.620      
   6.390  0.010   23.300      
   6.449 -0.001   26.450      
   6.860  0.200   27.000      
   7.657  0.097   38.220      
   7.658  0.000   39.730      

 Calculation of average velocity starts at layer #           1
 z = -5.00 ... -0.51    v = 5.22    AVEL = 5.22 downto z =  -0.51
 z = -0.51 ...  7.78    v = 5.65    AVEL = 5.50 downto z =   7.78
 z =  7.78 ...  9.36    v = 5.68    AVEL = 5.52 downto z =   9.36
 z =  9.36 ... 14.62    v = 6.28    AVEL = 5.72 downto z =  14.62
 z = 14.62 ... 23.30    v = 6.38    AVEL = 5.92 downto z =  23.30
 z = 23.30 ... 26.45    v = 6.39    AVEL = 5.97 downto z =  26.45
 z = 26.45 ... 27.00    v = 6.45    AVEL = 5.98 downto z =  27.00
 z = 27.00 ... 38.22    v = 6.86    AVEL = 6.21 downto z =  38.22
 z = 38.22 ... 39.73    v = 7.66    AVEL = 6.26 downto z =  39.73


 Calculation of average velocity starts at layer #           2
 z = -0.51 ...  7.78    v = 5.65    AVEL = 5.65 downto z =   7.78
 z =  7.78 ...  9.36    v = 5.68    AVEL = 5.65 downto z =   9.36
 z =  9.36 ... 14.62    v = 6.28    AVEL = 5.87 downto z =  14.62
 z = 14.62 ... 23.30    v = 6.38    AVEL = 6.06 downto z =  23.30
 z = 23.30 ... 26.45    v = 6.39    AVEL = 6.09 downto z =  26.45
 z = 26.45 ... 27.00    v = 6.45    AVEL = 6.10 downto z =  27.00
 z = 27.00 ... 38.22    v = 6.86    AVEL = 6.32 downto z =  38.22
 z = 38.22 ... 39.73    v = 7.66    AVEL = 6.37 downto z =  39.73



 Adjusted station corrections:
   stn  ptcor  dpcor  
  624   0.000  0.000  628  -0.063 -0.063  630  -0.052 -0.052  627   0.052  0.052
  621   0.031  0.031  629   0.054  0.054  622   0.017  0.017  620  -0.019 -0.019
  623   0.093  0.093  626   0.072  0.072  625   0.061  0.061  631   0.088  0.088
  632  -0.071 -0.071

 ~~~ another iteration? ...



--------------------------------------------------------------------------------



           ITERATION no  2

 ~~~ set units for this iteration ...
 ~~~ determine number of unknowns for this iter. ...

 Number of unknowns (for array-indexing):  nvar =  386
 Number of effective unknowns        :  nvareff =  387
 Number of elements on/below main diagonal of matrix G = At*A : kvar =   74691

 Damping factors to be used in this iteration:
   Othet=   0.010   XYthet  =   0.010   Zthet=  0.010
 STAthet=   0.010   Vthet   =   1.000

 ~~~ damp G ...
 ~~~ solve G * b = RHT ...
 ~~~ fix units ...
 ~~~ apply eventually step-length damping ...
 ~~~ adjust model (hypocenters, stacorr & veloc.) ...

 doing velocity adjustments now...
 WARNING: Tried to introduce a low-velocity-layer! (Layer  3)
 Setting DVP from  0.10 to 0.0 and VP to vp(layer_above)+0.001

 doing station-correction adjustments...

 ~~~ compute effective step-length ...

 (Applied) Step length =  12.616

 ~~~ set units for next iteration ...
 ~~~ determine number of unknowns for next iter. ...

 Number of unknowns (for array-indexing):  nvar =  386
 Number of effective unknowns        :  nvareff =  387
 Number of elements on/below main diagonal of matrix G = At*A : kvar =   74691

 ~~~ reset G and RHT ...
 ~~~ raytracing, setup G ...
 ~~~ store parts of G ...
 ~~~ set units back for current iteration ...
 ~~~ determine number of unknowns for this iter. ...

 Number of unknowns (for array-indexing):  nvar =  386
 Number of effective unknowns        :  nvareff =  387
 Number of elements on/below main diagonal of matrix G = At*A : kvar =   74691

 ~~~ compute RMS and DATVAR ...

 $$$$$$$$$$$$$$$$$$$$$$$$$$$$$$$$$$$$$$$$$$$$$$$$$
 Events with  | AVRES | > 1.0 SEC are suspicious !

 ZERO events of this kind found! (lucky guy!!!)

 ~~~ check solution (better? worse?) ...

 Iteration nr  2 obtained:
 DATVAR=    0.160177 mean sqrd residual=     0.068883  RMS RESIDUAL=     0.262456

 After  2 iterations we got:
 Average absolute & unweighted [and mean] residual of
   447 straight and direct rays =  0.12370 [  0.01191]
   232 refracted           rays =  0.24404 [  0.11454]
     0 reflected           rays =  0.00000 [  0.00000]

   679 ALL                 RAYS =  0.16482 [  0.04697]      -24.01 %

 ~~~ iteration done; output results ...

  eq       ot     x      y      z      rms    avres   dot     dx     dy     dz
    1      9.03  38.51 112.16  24.02   0.13   0.01   -0.078 -0.094  0.156  0.748
    2      9.23  37.99 110.83  23.72   0.13   0.01   -0.068  0.107  0.282  0.676
    3     27.10-131.58  -7.15  13.77   0.29   0.06   -0.140 -0.974  1.028  0.495
    4     15.47-132.02  -6.23  10.32   0.28   0.05   -0.170 -0.685  0.544 -0.376
    5     45.60 -40.17  38.33  24.11   0.06   0.02   -0.083  0.148 -0.289  0.282
    6     49.47 -36.09  40.26  17.34   0.10  -0.00   -0.027  0.536 -0.309  0.619
    7     13.67-134.55-119.45   6.22   0.29   0.16   -0.208  0.469 -0.272 -0.146
    8     30.36-140.90 -42.41   8.36   0.20   0.07   -0.025 -0.082  0.943  0.007
    9     39.57  10.53  55.92  11.81   0.08  -0.01   -0.076 -0.203 -0.473 -0.206
   10     18.02 -89.72-308.13  16.22   0.91   0.52   -0.138 -1.844  0.117  0.012
   11      5.00 -65.59-309.71  15.65   1.16   0.49   -0.333 -2.312 -0.056  0.029
   12     51.21  34.84  94.45  16.33   0.18   0.01   -0.003 -0.155 -0.173  0.527
   13     46.79  33.41  98.34  20.14   0.13   0.03   -0.072  0.162  0.156  0.931
   14     55.77  33.98  97.17  15.68   0.04   0.00   -0.082  0.428 -0.241  1.202
   15     44.54  33.30  98.36  17.60   0.23   0.08   -0.119 -0.553  0.693  0.171
   16     44.65  34.19  97.31  19.42   0.23   0.06   -0.156 -0.325  0.878  0.808
   17     21.98  -1.05  82.67  18.86   0.06   0.00   -0.062  0.078  0.199 -0.115
   18     36.36 -33.48   4.25  10.99   0.09  -0.00   -0.082  0.446 -0.095 -0.119
   19     33.28  41.10  63.50   9.88   0.10  -0.00   -0.013 -0.214 -0.427 -0.171
   20     45.86  37.25  85.45  16.20   0.03   0.01   -0.110 -0.445  0.209  0.031
   21     34.11  36.44  82.53  12.75   0.23  -0.00   -0.006 -0.144 -0.194 -1.081
   22     25.84  35.12  85.50  12.78   0.15  -0.00   -0.037 -0.446  0.017 -0.431
   23     15.84  35.01  86.22  11.29   0.27   0.00   -0.032 -0.300 -0.149 -0.213
   24      1.78  34.84  83.84   7.65   0.33  -0.06   -0.162 -0.004  1.149  1.188
   25     48.72 -45.34  22.84  22.84   0.09   0.01    0.059  0.423 -0.632  0.598
   26     27.55 -69.42  -4.19  10.43   0.05   0.00   -0.029  0.636 -0.345  0.095
   27      0.18  -0.26  48.55  12.64   0.05  -0.00   -0.011  0.281 -0.698 -0.266
   28     59.02  37.98  76.53  11.39   0.16   0.04   -0.057  0.240  0.111  0.052
   29     20.13-148.87 -11.47  17.14   0.15   0.11   -0.075 -0.068  0.749  1.811
   30      3.01  36.45  75.43  12.33   0.30   0.04    0.060  0.328 -0.954 -0.545
   31     20.99  35.75  76.93  13.46   0.14   0.01   -0.020 -0.591 -0.211 -0.457
   32     50.79  36.58  76.61  14.81   0.09  -0.00   -0.008 -0.208 -0.385 -0.296
   33      0.86  37.31  75.63  15.64   0.06   0.00    0.025 -0.012 -0.368  0.076
   34     55.45 -16.36  34.59  24.56   0.06   0.01    0.025  0.528 -0.231  0.059
   35     39.62 -69.37  -7.35   4.33   0.25  -0.06    0.249  1.672  0.794  0.544
   36     59.08  36.84  77.32  16.24   0.14   0.03   -0.025  0.139 -0.343  0.813
   37      5.60  30.92  49.62  13.22   0.10   0.01    0.005 -0.295 -0.393 -1.233
   38     46.45  72.71  72.91  17.21   0.20   0.03   -0.047 -0.332 -0.144  0.299
   39     14.08   0.83  25.53   3.27   0.11  -0.06   -0.034  0.114 -0.414 -0.339
   40     14.52 -41.90  13.79  15.84   0.16   0.00   -0.053  0.089 -0.073 -0.589
   41     56.41  34.51  78.54   6.81   0.14  -0.07   -0.009 -0.207 -0.455  1.029
   42     34.33  -3.57  45.97  17.62   0.06   0.01    0.019  0.369 -0.236 -0.251
   43     24.79-108.08 -39.28   6.27   0.28  -0.03    0.121  1.836  0.067  0.572
   44     49.54  30.04  50.02   8.22   0.04  -0.02   -0.087 -0.246 -0.384 -0.073
   45     41.12-145.03  47.30  20.25   0.06   0.09   -0.039  0.283  1.684  1.149
   46     34.11 -56.86  -0.97  16.14   0.07   0.01   -0.002  0.480 -0.160  0.089
   47      1.09  10.68  80.04  21.83   0.23   0.07    0.042  0.125 -0.389 -0.030
   48     37.32  11.05  81.48  23.56   0.02   0.01    0.090  0.492 -0.122 -0.158
   49     35.64  54.20  84.27  23.05   0.07   0.03   -0.057 -0.400 -0.253  0.364
   50     36.06-101.98 -35.90  15.37   0.10   0.04   -0.041  0.508 -0.100  0.085
   51     53.15-100.03 -55.31   8.53   0.34   0.04   -0.038  0.917 -0.363 -0.575
   52     43.13-115.56  45.05  15.31   0.24   0.04   -0.091 -0.132  1.394 -0.077
   53      1.07  10.63  80.60  21.51   0.19   0.07    0.028  0.088 -0.094  0.160
   54      1.20 -83.85 322.45  15.79   0.29   0.45   -1.276 -0.139 -0.222  0.111
   55      1.83 -89.54 304.14   0.60   0.10   0.39   -0.972  0.222 -0.071  0.116
   56     44.92  35.67  66.55  13.27   0.20   0.02    0.005 -0.252 -0.814 -1.040
   57     46.81 -84.15 155.74  15.92   0.34   0.22   -0.241  0.313  0.883  0.336
   58     45.44 -80.01 152.30  16.82   0.33   0.18   -0.132  0.750  1.161  1.187
   59      8.73 -80.46   0.55   0.25   0.39   0.02    0.118  1.312  0.033 -1.709
   60      3.76-107.23-116.54   1.92   0.56   0.13    0.109  2.258  1.499 -1.265
   61      0.50-131.75 -55.01   3.46   0.40  -0.06   -0.052 -1.098  0.009  2.490
   62     20.08  19.89 152.10  15.45   0.45   0.09   -0.032  0.378 -0.453 -0.275
   63     18.85 -46.67  29.23  20.46   0.03   0.01    0.015  0.433 -0.469  0.357
   64      4.35-159.23 188.65   8.05   0.48   0.36   -0.276  3.119  3.789  0.033
   65     23.44 -47.17  19.77  15.68   0.06   0.00    0.024  0.585 -0.584  0.157
   66     32.78-152.70  44.87  21.63   0.23   0.09   -0.020 -0.353  0.989  2.597
   67     42.02 -36.48  -5.70  17.43   0.11   0.01    0.053  0.559 -0.509 -1.004
   68     13.82  51.72 108.18  22.13   0.21   0.03   -0.269  0.671  1.844  0.837
   69     48.30-214.97-349.14  73.50   0.00   0.00    0.000  0.000  0.000  0.000
   70      5.41  33.79  97.15  19.41   0.21   0.06   -0.053  0.155  0.059  0.187
   71      4.40   6.31  56.36   0.88   0.56  -0.04    0.154  0.142 -0.215 -0.288
   72     55.26 132.58-297.66  96.95   0.01  -0.08   -0.465 -0.036  0.047 -0.015
   73     12.78  51.09  82.23  23.90   0.18   0.05   -0.088  0.383  0.254  0.464
   74     36.07-102.67  70.66  24.12   0.22   0.06   -0.076 -0.461  0.078  1.448
 ***** depth constrained for event    75
   75     46.67-108.43   4.44   0.11   0.89   0.15   -0.045 -0.601  1.256 -0.100
   76     54.60-217.19 302.17   0.10   0.00   0.00    0.000  0.000  0.000  0.000
   77     44.06  51.02  94.07  16.71   0.09   0.00   -0.029  0.153  0.100  0.031
   78     41.74  38.86  65.35  22.42   0.17   0.03   -0.010  0.310 -0.981 -0.132
   79     58.84 -68.57  -4.69   0.51   0.35   0.03    0.135  0.714 -0.139  0.380
 ***** depth constrained for event    80
   80     26.91 -69.12  -6.26   0.11   0.27   0.07    0.106  0.625 -0.294 -0.100
 ***** depth constrained for event    81
   81     27.13 -69.06  -4.95   0.11   0.33   0.06    0.119  0.651 -0.245 -0.100
 ***** depth constrained for event    82
   82     23.45 -68.87  -4.71   0.11   0.23   0.05    0.071  0.761 -0.166 -0.100
   83     23.28 -70.01  -5.71   7.86   0.12  -0.11    0.049  0.793  0.293  0.748
   84     21.29 -42.34   7.61  20.74   0.05   0.01    0.047  0.688 -0.767 -0.130
   85     24.40-168.46 -45.25  11.92   0.22   0.11   -0.139 -0.759  0.876  0.656
   86     44.11 -11.92  29.46  17.58   0.06   0.00   -0.004  0.268 -0.542 -0.268
   87     28.96 -61.03   6.20   5.11   0.12  -0.07    0.068  0.391 -0.611  1.650
   88     37.96-103.69 -28.32   8.25   0.27  -0.00   -0.091  0.165 -0.149 -0.154
   89     47.76-142.00  90.50  23.19   0.24   0.14    0.010 -0.351  0.685  2.521
   90     48.22-140.06  89.54  23.16   0.17   0.10   -0.018 -0.424  0.893  2.322
   91     33.87  34.37  85.30  21.68   0.19   0.06   -0.146  0.744 -0.007  1.385

 A V E R A G E   of ADJUSTMENTS :                    -0.062  0.151  0.091  0.232
 A V E R A G E   of ABSOLUTE ADJUSTMENTS :            0.102  0.497  0.479  0.549


 Step length damping of 0.85218 was applied.


 Velocity adjustments:
     vp    dvp      hp   reflector
 Velocity model   1
   5.076 -0.149   -5.000      
   5.792  0.144   -0.510      
   5.793  0.000    7.780      
   6.231 -0.046    9.360      
   6.354 -0.024   14.620      
   6.425  0.034   23.300      
   6.451  0.001   26.450      
   7.006  0.146   27.000      
   7.457 -0.200   38.220      
   7.677  0.019   39.730      

 Calculation of average velocity starts at layer #           1
 z = -5.00 ... -0.51    v = 5.08    AVEL = 5.08 downto z =  -0.51
 z = -0.51 ...  7.78    v = 5.79    AVEL = 5.54 downto z =   7.78
 z =  7.78 ...  9.36    v = 5.79    AVEL = 5.57 downto z =   9.36
 z =  9.36 ... 14.62    v = 6.23    AVEL = 5.75 downto z =  14.62
 z = 14.62 ... 23.30    v = 6.35    AVEL = 5.93 downto z =  23.30
 z = 23.30 ... 26.45    v = 6.42    AVEL = 5.98 downto z =  26.45
 z = 26.45 ... 27.00    v = 6.45    AVEL = 5.99 downto z =  27.00
 z = 27.00 ... 38.22    v = 7.01    AVEL = 6.25 downto z =  38.22
 z = 38.22 ... 39.73    v = 7.46    AVEL = 6.29 downto z =  39.73


 Calculation of average velocity starts at layer #           2
 z = -0.51 ...  7.78    v = 5.79    AVEL = 5.79 downto z =   7.78
 z =  7.78 ...  9.36    v = 5.79    AVEL = 5.79 downto z =   9.36
 z =  9.36 ... 14.62    v = 6.23    AVEL = 5.94 downto z =  14.62
 z = 14.62 ... 23.30    v = 6.35    AVEL = 6.09 downto z =  23.30
 z = 23.30 ... 26.45    v = 6.42    AVEL = 6.13 downto z =  26.45
 z = 26.45 ... 27.00    v = 6.45    AVEL = 6.14 downto z =  27.00
 z = 27.00 ... 38.22    v = 7.01    AVEL = 6.39 downto z =  38.22
 z = 38.22 ... 39.73    v = 7.46    AVEL = 6.43 downto z =  39.73



 Adjusted station corrections:
   stn  ptcor  dpcor  
  624   0.000  0.000  628  -0.198 -0.135  630  -0.146 -0.094  627   0.125  0.073
  621   0.073  0.043  629   0.119  0.065  622   0.053  0.035  620  -0.046 -0.027
  623   0.235  0.143  626   0.182  0.110  625   0.143  0.083  631   0.220  0.132
  632  -0.177 -0.107

 ~~~ another iteration? ...



--------------------------------------------------------------------------------



           ITERATION no  3

 ~~~ set units for this iteration ...
 ~~~ determine number of unknowns for this iter. ...

 Number of unknowns (for array-indexing):  nvar =  386
 Number of effective unknowns        :  nvareff =  387
 Number of elements on/below main diagonal of matrix G = At*A : kvar =   74691

 Damping factors to be used in this iteration:
   Othet=   0.010   XYthet  =   0.010   Zthet=  0.010
 STAthet=   0.010   Vthet   =   1.000

 ~~~ damp G ...
 ~~~ solve G * b = RHT ...
 ~~~ fix units ...
 ~~~ apply eventually step-length damping ...
 ~~~ adjust model (hypocenters, stacorr & veloc.) ...

 doing velocity adjustments now...
 WARNING: Tried to introduce a low-velocity-layer! (Layer 10)
 Setting DVP from -0.20 to 0.0 and VP to vp(layer_above)+0.001

 doing station-correction adjustments...

 ~~~ compute effective step-length ...

 (Applied) Step length =   7.584

 ~~~ set units for next iteration ...
 ~~~ determine number of unknowns for next iter. ...

 Number of unknowns (for array-indexing):  nvar =  386
 Number of effective unknowns        :  nvareff =  387
 Number of elements on/below main diagonal of matrix G = At*A : kvar =   74691

 ~~~ reset G and RHT ...
 ~~~ raytracing, setup G ...
 ~~~ store parts of G ...
 ~~~ set units back for current iteration ...
 ~~~ determine number of unknowns for this iter. ...

 Number of unknowns (for array-indexing):  nvar =  386
 Number of effective unknowns        :  nvareff =  387
 Number of elements on/below main diagonal of matrix G = At*A : kvar =   74691

 ~~~ compute RMS and DATVAR ...

 $$$$$$$$$$$$$$$$$$$$$$$$$$$$$$$$$$$$$$$$$$$$$$$$$
 Events with  | AVRES | > 1.0 SEC are suspicious !

 ZERO events of this kind found! (lucky guy!!!)

 ~~~ check solution (better? worse?) ...

 Iteration nr  3 obtained:
 DATVAR=    0.160913 mean sqrd residual=     0.069200  RMS RESIDUAL=     0.263059

 After  3 iterations we got:
 Average absolute & unweighted [and mean] residual of
   450 straight and direct rays =  0.12541 [  0.03621]
   229 refracted           rays =  0.23868 [  0.11040]
     0 reflected           rays =  0.00000 [  0.00000]

   679 ALL                 RAYS =  0.16361 [  0.06123]       -0.73 %

 ~~~ iteration done; output results ...

  eq       ot     x      y      z      rms    avres   dot     dx     dy     dz
    1      8.98  38.40 112.19  23.88   0.13   0.01   -0.057 -0.109  0.030 -0.132
    2      9.13  38.10 111.05  24.07   0.13   0.01   -0.101  0.112  0.222  0.350
    3     26.98-132.20  -6.59  14.13   0.27   0.04   -0.125 -0.618  0.564  0.360
    4     15.37-132.53  -5.62  10.38   0.25   0.02   -0.100 -0.509  0.615  0.057
    5     45.58 -39.98  37.97  24.05   0.05   0.01   -0.013  0.186 -0.359 -0.062
    6     49.45 -35.88  40.22  17.69   0.10   0.00   -0.018  0.206 -0.043  0.353
    7     13.63-134.11-119.98   6.48   0.27   0.18   -0.041  0.444 -0.525  0.253
    8     30.33-141.11 -42.05   9.00   0.22   0.07   -0.024 -0.212  0.359  0.641
    9     39.57  10.56  55.84  11.68   0.08   0.00   -0.000  0.021 -0.083 -0.133
   10     17.93 -91.16-308.03  16.23   0.84   0.53   -0.089 -1.443  0.099  0.008
   11      4.88 -67.42-309.76  15.66   1.09   0.52   -0.117 -1.837 -0.047  0.010
   12     51.17  34.86  94.29  16.91   0.20   0.01   -0.035  0.029 -0.159  0.583
   13     46.71  33.68  98.50  20.70   0.11   0.01   -0.078  0.270  0.161  0.554
   14     55.70  34.03  97.11  16.69   0.06   0.03   -0.069  0.051 -0.067  1.016
   15     44.48  33.69  98.52  18.27   0.23   0.06   -0.057  0.391  0.163  0.673
   16     44.55  34.23  97.83  19.59   0.22   0.05   -0.109  0.038  0.528  0.169
   17     21.91  -1.04  82.84  19.16   0.06   0.00   -0.073  0.012  0.165  0.301
   18     36.37 -33.22   4.42  11.20   0.10   0.01    0.016  0.267  0.174  0.209
   19     33.29  41.09  63.42   9.61   0.10   0.01    0.010 -0.018 -0.079 -0.274
   20     45.84  37.18  85.37  16.16   0.04   0.01   -0.023 -0.073 -0.079 -0.037
   21     34.12  36.18  82.35  11.89   0.18   0.01    0.012 -0.252 -0.174 -0.861
   22     25.84  35.04  85.41  12.61   0.15   0.01   -0.002 -0.074 -0.098 -0.172
   23     15.85  34.97  86.12  11.05   0.26   0.01    0.008 -0.037 -0.097 -0.242
   24      1.67  34.93  84.43   7.91   0.33  -0.09   -0.108  0.096  0.589  0.269
   25     48.69 -45.16  22.57  23.24   0.07   0.01   -0.026  0.175 -0.269  0.402
   26     27.58 -69.12  -4.34  10.36   0.03   0.01    0.024  0.298 -0.152 -0.067
   27      0.19  -0.18  48.22  12.65   0.03   0.00    0.002  0.073 -0.328  0.016
   28     59.01  38.09  76.65  11.28   0.14   0.02   -0.012  0.111  0.120 -0.117
   29     20.11-148.87 -11.38  17.41   0.13   0.06   -0.021  0.000  0.087  0.272
   30      3.01  36.51  75.27  12.25   0.28   0.02    0.002  0.063 -0.157 -0.079
   31     20.95  35.65  76.87  13.69   0.15   0.03   -0.032 -0.099 -0.060  0.224
   32     50.79  36.55  76.39  14.63   0.08   0.01   -0.001 -0.032 -0.221 -0.183
   33      0.83  37.25  75.59  15.78   0.04   0.01   -0.030 -0.060 -0.044  0.132
   34     55.44 -16.11  34.52  24.57   0.06   0.01   -0.009  0.244 -0.064  0.009
   35     39.67 -68.83  -7.07   4.75   0.22  -0.02    0.048  0.542  0.281  0.418
   36     59.10  36.60  77.22  15.51   0.11   0.01    0.019 -0.243 -0.100 -0.723
   37      5.62  30.92  49.59  12.69   0.10   0.01    0.020 -0.006 -0.025 -0.536
   38     46.41  72.61  72.93  17.58   0.19   0.01   -0.044 -0.104  0.023  0.374
   39     14.04   0.87  25.40   3.20   0.11  -0.02   -0.043  0.035 -0.132 -0.069
   40     14.51 -41.77  13.67  15.73   0.15   0.01   -0.010  0.133 -0.117 -0.105
   41     56.39  34.62  78.25   7.01   0.14  -0.02   -0.015  0.114 -0.290  0.197
   42     34.35  -3.42  45.86  17.44   0.06   0.01    0.013  0.145 -0.117 -0.186
   43     24.96-106.87 -38.74   4.69   0.21  -0.01    0.168  1.214  0.543 -1.588
   44     49.54  30.11  49.92   8.11   0.05  -0.00   -0.000  0.069 -0.104 -0.115
   45     41.09-145.08  47.35  20.98   0.04   0.09   -0.027 -0.049  0.043  0.735
   46     34.12 -56.65  -1.16  16.12   0.06   0.01    0.006  0.209 -0.185 -0.012
   47      1.10  11.01  79.83  21.76   0.24   0.04    0.012  0.323 -0.206 -0.068
   48     37.30  11.25  81.44  23.63   0.03   0.01   -0.029  0.203 -0.045  0.064
   49     35.65  53.85  84.19  22.67   0.06   0.01    0.019 -0.342 -0.082 -0.383
   50     36.08-101.57 -35.66  15.17   0.07   0.02    0.012  0.406  0.238 -0.203
   51     53.15 -99.55 -55.07   8.40   0.33   0.05    0.004  0.484  0.244 -0.127
   52     43.02-115.95  45.45  15.69   0.24   0.02   -0.114 -0.396  0.402  0.376
   53      1.07  10.95  80.55  21.58   0.21   0.04   -0.006  0.323 -0.045  0.062
   54      0.93 -83.99 322.37  15.82   0.27   0.59   -0.268 -0.140 -0.083  0.024
   55      1.62 -89.32 304.17   0.63   0.09   0.50   -0.212  0.216  0.031  0.024
   56     44.91  35.58  66.43  13.26   0.21   0.03   -0.019 -0.083 -0.123 -0.009
   57     46.68 -83.83 156.72  16.49   0.30   0.23   -0.134  0.317  0.978  0.569
   58     45.37 -78.79 153.27  17.60   0.31   0.16   -0.068  1.219  0.972  0.779
 ***** depth constrained for event    59
   59      8.69 -80.03   0.22   0.11   0.37   0.11   -0.037  0.429 -0.334 -0.236
   60      3.99-106.31-115.21   2.10   0.54   0.11    0.232  0.922  1.328  0.177
   61      0.41-132.32 -55.19   4.83   0.39  -0.01   -0.092 -0.561 -0.180  1.377
   62     20.10  20.13 151.35  14.72   0.44   0.06    0.019  0.248 -0.756 -0.729
   63     18.82 -46.45  29.02  20.88   0.03   0.00   -0.032  0.219 -0.212  0.423
   64      4.18-157.81 191.44   8.74   0.43   0.38   -0.173  1.423  2.794  0.683
   65     23.46 -46.94  19.62  15.84   0.06   0.00    0.013  0.226 -0.153  0.153
   66     32.76-153.01  45.10  21.71   0.23   0.03   -0.024 -0.318  0.231  0.081
   67     42.01 -36.20  -5.82  17.20   0.10   0.01   -0.014  0.273 -0.119 -0.230
   68     13.62  52.13 109.17  21.89   0.17   0.03   -0.203  0.415  0.988 -0.240
   69     48.30-214.97-349.14  73.50   0.00   0.00    0.000  0.000  0.000  0.000
   70      5.36  33.93  97.12  19.66   0.22   0.06   -0.054  0.146 -0.032  0.249
   71      4.37   6.42  56.31   0.70   0.56  -0.00   -0.033  0.111 -0.042 -0.179
   72     54.39 132.51-297.58  96.93   0.32   0.56   -0.877 -0.067  0.088 -0.027
   73     12.74  51.55  81.88  24.04   0.17   0.03   -0.038  0.462 -0.348  0.140
   74     36.08-102.98  71.00  25.83   0.19   0.02    0.008 -0.313  0.338  1.708
   75     46.49-109.09   4.84   0.73   0.90   0.28   -0.184 -0.660  0.397  0.617
   76     54.60-217.19 302.17   0.10   0.00   0.00    0.000  0.000  0.000  0.000
   77     43.99  51.07  94.18  16.94   0.09   0.01   -0.070  0.050  0.107  0.229
   78     41.76  38.73  65.09  21.91   0.17   0.01    0.016 -0.127 -0.259 -0.515
   79     58.85 -68.40  -4.76   1.32   0.35   0.06    0.019  0.175 -0.071  0.813
 ***** depth constrained for event    80
   80     26.79 -68.50  -6.35   0.11   0.27   0.28   -0.121  0.620 -0.089 -0.100
 ***** depth constrained for event    81
   81     27.01 -68.40  -4.99   0.11   0.33   0.28   -0.114  0.661 -0.039 -0.100
   82     23.32 -68.21  -4.78   0.14   0.23   0.27   -0.127  0.660 -0.074  0.029
   83     23.25 -69.62  -5.80   7.40   0.07   0.05   -0.037  0.384 -0.091 -0.458
   84     21.27 -42.01   7.23  20.82   0.05   0.01   -0.023  0.329 -0.380  0.080
   85     24.30-168.69 -45.20  12.01   0.22   0.10   -0.098 -0.227  0.053  0.087
   86     44.09 -11.83  29.15  17.60   0.06   0.01   -0.016  0.093 -0.311  0.023
   87     28.92 -60.94   5.94   5.93   0.10  -0.03   -0.040  0.095 -0.255  0.813
   88     37.98-103.07 -28.50   7.82   0.24   0.01    0.026  0.628 -0.177 -0.430
   89     47.72-142.47  90.74  23.73   0.25   0.10   -0.040 -0.465  0.241  0.543
   90     48.15-140.41  90.03  23.82   0.18   0.09   -0.066 -0.354  0.486  0.657
   91     33.79  34.71  85.36  21.62   0.17   0.05   -0.074  0.343  0.063 -0.067

 A V E R A G E   of ADJUSTMENTS :                    -0.046  0.089  0.067  0.105
 A V E R A G E   of ABSOLUTE ADJUSTMENTS :            0.062  0.305  0.257  0.320


 Step length damping of 0.72831 was applied.


 Velocity adjustments:
     vp    dvp      hp   reflector
 Velocity model   1
   5.011 -0.065   -5.000      
   5.814  0.022   -0.510      
   5.891  0.098    7.780      
   6.201 -0.030    9.360      
   6.288 -0.066   14.620      
   6.362 -0.063   23.300      
   6.441 -0.010   26.450      
   7.004 -0.002   27.000      
   7.622  0.165   38.220      
   7.623  0.000   39.730      

 Calculation of average velocity starts at layer #           1
 z = -5.00 ... -0.51    v = 5.01    AVEL = 5.01 downto z =  -0.51
 z = -0.51 ...  7.78    v = 5.81    AVEL = 5.53 downto z =   7.78
 z =  7.78 ...  9.36    v = 5.89    AVEL = 5.57 downto z =   9.36
 z =  9.36 ... 14.62    v = 6.20    AVEL = 5.74 downto z =  14.62
 z = 14.62 ... 23.30    v = 6.29    AVEL = 5.91 downto z =  23.30
 z = 23.30 ... 26.45    v = 6.36    AVEL = 5.95 downto z =  26.45
 z = 26.45 ... 27.00    v = 6.44    AVEL = 5.96 downto z =  27.00
 z = 27.00 ... 38.22    v = 7.00    AVEL = 6.23 downto z =  38.22
 z = 38.22 ... 39.73    v = 7.62    AVEL = 6.28 downto z =  39.73


 Calculation of average velocity starts at layer #           2
 z = -0.51 ...  7.78    v = 5.81    AVEL = 5.81 downto z =   7.78
 z =  7.78 ...  9.36    v = 5.89    AVEL = 5.83 downto z =   9.36
 z =  9.36 ... 14.62    v = 6.20    AVEL = 5.96 downto z =  14.62
 z = 14.62 ... 23.30    v = 6.29    AVEL = 6.08 downto z =  23.30
 z = 23.30 ... 26.45    v = 6.36    AVEL = 6.11 downto z =  26.45
 z = 26.45 ... 27.00    v = 6.44    AVEL = 6.12 downto z =  27.00
 z = 27.00 ... 38.22    v = 7.00    AVEL = 6.37 downto z =  38.22
 z = 38.22 ... 39.73    v = 7.62    AVEL = 6.42 downto z =  39.73



 Adjusted station corrections:
   stn  ptcor  dpcor  
  624   0.000  0.000  628  -0.229 -0.031  630  -0.182 -0.035  627   0.120 -0.005
  621   0.081  0.008  629   0.161  0.042  622   0.071  0.018  620  -0.020  0.026
  623   0.261  0.026  626   0.181 -0.001  625   0.166  0.023  631   0.240  0.020
  632  -0.228 -0.051

 ~~~ another iteration? ...
 NITT = ITTMAX  --> stop iterations.
 ~~~ final solution reached ...

 ~~~ damp G & Chol.-Decomp.: NOT made (switch iresolcalc is NOT set !)

 Final rms values:  0.13 0.13 0.27 0.25 0.05 0.10 0.27 0.22 0.08 0.84
                    1.09 0.20 0.11 0.06 0.23 0.22 0.06 0.10 0.10 0.04
                    0.18 0.15 0.26 0.33 0.07 0.03 0.03 0.14 0.13 0.28
                    0.15 0.08 0.04 0.06 0.22 0.11 0.10 0.19 0.11 0.15
                    0.14 0.06 0.21 0.05 0.04 0.06 0.24 0.03 0.06 0.07
                    0.33 0.24 0.21 0.27 0.09 0.21 0.30 0.31 0.37 0.54
                    0.39 0.44 0.03 0.43 0.06 0.23 0.10 0.17 0.00 0.22
                    0.56 0.32 0.17 0.19 0.90 0.00 0.09 0.17 0.35 0.27
                    0.33 0.23 0.07 0.05 0.22 0.06 0.10 0.24 0.25 0.18
                    0.17



 ~~~ output final hypocenters ...

      date    origin   latitude longitude  depth  mag  no  rms      x      y      z
   1 160818 1613  8.98 73.0054N 124.8562E  23.88 1.40   6 0.128   38.40 112.19  23.88
   2 160818 1613  9.13 72.9952N 124.8654E  24.07 1.10   6 0.129   38.10 111.05  24.07
   3 160819 0959 26.98 71.9409N 129.8255E  14.13 4.00  12 0.268 -132.20  -6.59  14.13
   4 160820 1506 15.37 71.9497N 129.8360E  10.38 1.50   9 0.249 -132.53  -5.62  10.38
   5 160820 1904 45.58 72.3403N 127.1694E  24.05 1.20   6 0.051  -39.98  37.97  24.05
   6 160822 1318 49.45 72.3604N 127.0501E  17.69 0.60   8 0.102  -35.88  40.22  17.69
   7 160823 0652 13.63 70.9248N 129.7780E   6.48 2.90   6 0.267 -134.11-119.98   6.48
   8 160824 1510 30.33 71.6231N 130.0490E   9.00 1.50   9 0.222 -141.11 -42.05   9.00
   9 160906 1514 39.57 72.5004N 125.6899E  11.68 0.90   6 0.082   10.56  55.84  11.68
  10 160920 1607 17.93 69.2395N 128.4607E  16.23 2.60   2 0.836  -91.16-308.03  16.23
  11 160925 1911  4.88 69.2240N 127.8192E  15.66 2.30   2 1.086  -67.42-309.76  15.66
  12 161004 0841 51.17 72.8450N 124.9661E  16.91 0.20   6 0.202   34.86  94.29  16.91
  13 161005 1619 46.71 72.8828N 125.0002E  20.70 1.00   9 0.112   33.68  98.50  20.70
  14 161006 0156 55.70 72.8703N 124.9901E  16.69 1.00   7 0.062   34.03  97.11  16.69
  15 161009 0036 44.48 72.8829N 124.9999E  18.27 1.30   8 0.226   33.69  98.52  18.27
  16 161009 0036 44.55 72.8768N 124.9841E  19.59 1.20   7 0.215   34.23  97.83  19.59
  17 161012 0800 21.91 72.7424N 126.0306E  19.16 0.80   7 0.060   -1.04  82.84  19.16
  18 161015 1013 36.37 72.0396N 126.9638E  11.20 0.70   7 0.100  -33.22   4.42  11.20
  19 161021 0507 33.29 72.5683N 124.7908E   9.61 0.80   6 0.102   41.09  63.42   9.61
  20 161124 2250 45.84 72.7650N 124.8999E  16.16 3.10   4 0.036   37.18  85.37  16.16
  21 161125 0156 34.12 72.7380N 124.9301E  11.89 0.60   7 0.184   36.18  82.35  11.89
  22 161125 0517 25.84 72.7654N 124.9631E  12.61 1.60   6 0.149   35.04  85.41  12.61
  23 161125 0525 15.85 72.7718N 124.9651E  11.05 0.80   6 0.262   34.97  86.12  11.05
  24 161125 0556  1.67 72.7567N 124.9666E   7.91 0.20   6 0.329   34.93  84.43   7.91
  25 170117 0846 48.69 72.2023N 127.3161E  23.24 0.30   6 0.071  -45.16  22.57  23.24
  26 170122 1614 27.58 71.9611N 128.0013E  10.36 0.90   6 0.033  -69.12  -4.34  10.36
  27 170125 2244  0.19 72.4322N 126.0053E  12.65 0.80   6 0.031   -0.18  48.22  12.65
  28 170302 1359 59.01 72.6869N 124.8752E  11.28 0.50   7 0.142   38.09  76.65  11.28
  29 170302 2335 20.11 71.8980N 130.3029E  17.41 2.10   9 0.130 -148.87 -11.38  17.41
  30 170304 2135  3.01 72.6746N 124.9222E  12.25 1.30   7 0.279   36.51  75.27  12.25
  31 170307 0447 20.95 72.6889N 124.9474E  13.69 1.70  10 0.154   35.65  76.87  13.69
  32 170307 2016 50.79 72.6846N 124.9209E  14.63 1.10   6 0.077   36.55  76.39  14.63
  33 170309 1454  0.83 72.6774N 124.9004E  15.78 0.30   6 0.044   37.25  75.59  15.78
  34 170311 0430 55.44 72.3094N 126.4709E  24.57 0.30   6 0.057  -16.11  34.52  24.57
  35 170312 0416 39.67 71.9367N 127.9915E   4.75 2.10   6 0.218  -68.83  -7.07   4.75
  36 170313 0553 59.10 72.6921N 124.9193E  15.51 1.00   9 0.111   36.60  77.22  15.51
  37 170313 0809  5.62 72.4445N 125.0931E  12.69 1.20   7 0.101   30.92  49.59  12.69
  38 170315 0234 46.41 72.6536N 123.8580E  17.58 1.40   7 0.194   72.61  72.93  17.58
  39 170317 1007 14.04 72.2276N 125.9746E   3.20 0.50   7 0.110    0.87  25.40   3.20
  40 170320 0711 14.51 72.1225N 127.2146E  15.73 0.90   6 0.151  -41.77  13.67  15.73
  41 170320 0853 56.39 72.7012N 124.9773E   7.01 0.40   6 0.139   34.62  78.25   7.01
  42 170320 1900 34.35 72.4110N 126.1003E  17.44 0.60   7 0.056   -3.42  45.86  17.44
  43 170323 0519 24.96 71.6528N 129.0687E   4.69 1.20   6 0.211 -106.87 -38.74   4.69
  44 170323 1612 49.54 72.4473N 125.1168E   8.11 0.50   6 0.046   30.11  49.92   8.11
  45 170323 1906 41.09 72.4243N 130.2531E  20.98 1.00   6 0.040 -145.08  47.35  20.98
  46 170326 0836 34.12 71.9896N 127.6415E  16.12 1.50   7 0.060  -56.65  -1.16  16.12
  47 170402 0422  1.10 72.7154N 125.6748E  21.76 1.20  10 0.243   11.01  79.83  21.76
  48 170402 0636 37.30 72.7298N 125.6674E  23.63 0.70   6 0.028   11.25  81.44  23.63
  49 170404 2347 35.65 72.7545N 124.4069E  22.67 0.50   6 0.056   53.85  84.19  22.67
  50 170405 0307 36.08 71.6804N 128.9188E  15.17 1.00  10 0.075 -101.57 -35.66  15.17
  51 170405 1410 53.15 71.5065N 128.8475E   8.40 1.70  10 0.329  -99.55 -55.07   8.40
  52 170406 0838 43.02 72.4074N 129.3978E  15.69 0.90  10 0.239 -115.95  45.45  15.69
  53 170406 1728  1.07 72.7219N 125.6764E  21.58 0.90  10 0.209   10.95  80.55  21.58
  54 170407 1729  0.93 74.8890N 128.6397E  15.82 1.80   2 0.269  -83.99 322.37  15.82
  55 170407 1729  1.62 74.7260N 128.7939E   0.63 1.60   5 0.093  -89.32 304.17   0.63
  56 170408 1004 44.91 72.5953N 124.9519E  13.26 1.40  13 0.208   35.58  66.43  13.26
  57 170409 0856 46.68 73.4045N 128.5250E  16.49 2.50   6 0.304  -83.83 156.72  16.49
  58 170409 0902 45.37 73.3736N 128.3711E  17.60 1.10   7 0.314  -78.79 153.27  17.60
  59 170410 1520  8.69 72.0019N 128.3195E   0.11 1.00  10 0.375  -80.03   0.22   0.11
  60 170410 1813  3.99 70.9675N 128.9982E   2.10 2.20  13 0.543 -106.31-115.21   2.10
  61 170412 1507  0.41 71.5054N 129.7847E   4.83 0.70   6 0.385 -132.32 -55.19   4.83
  62 170413 0651 20.10 73.3563N 125.3944E  14.72 1.00  10 0.443   20.13 151.35  14.72
  63 170414 0459 18.82 72.2601N 127.3556E  20.88 0.50   7 0.031  -46.45  29.02  20.88
  64 170414 0540  4.18 73.7157N 130.7950E   8.74 1.80  11 0.434 -157.81 191.44   8.74
  65 170414 1656 23.46 72.1758N 127.3670E  15.84 0.20   6 0.061  -46.94  19.62  15.84
  66 170414 1753 32.76 72.4042N 130.4834E  21.71 0.70   6 0.229 -153.01  45.10  21.71
  67 170416 0523 42.01 71.9478N 127.0478E  17.20 1.60  13 0.096  -36.20  -5.82  17.20
  68 170416 1220 13.62 72.9784N 124.4483E  21.89 1.00  11 0.172   52.13 109.17  21.89
 WARNING: Event-# :          69 has zero observations!
  69 170416 1257 48.30 68.8710N 131.7500E  73.50 2.20   0 0.000 -214.97-349.14  73.50
  70 170416 1821  5.36 72.8703N 124.9930E  19.66 1.30  13 0.222   33.93  97.12  19.66
  71 170418 0606  4.37 72.5047N 125.8114E   0.70 0.20   6 0.558    6.42  56.31   0.70
  72 170418 1005 54.39 69.3332N 122.4148E  96.93 2.20   1 0.317  132.51-297.58  96.93
  73 170418 1500 12.74 72.7338N 124.4760E  24.04 1.30  12 0.170   51.55  81.88  24.04
  74 170420 1302 36.08 72.6363N 129.0365E  25.83 0.90  11 0.193 -102.98  71.00  25.83
  75 170420 2248 46.49 72.0434N 129.1653E   0.73 0.70  11 0.898 -109.09   4.84   0.73
 WARNING: Event-# :          76 has zero observations!
  76 170423 0850 54.60 74.7080N 132.7900E   0.10 1.90   0 0.000 -217.19 302.17   0.10
  77 170423 1455 43.99 72.8440N 124.4856E  16.94 0.60   8 0.094   51.07  94.18  16.94
  78 170423 2313 41.76 72.5834N 124.8595E  21.91 1.30  12 0.171   38.73  65.09  21.91
  79 170424 0609 58.85 71.9574N 127.9801E   1.32 1.10  12 0.349  -68.40  -4.76   1.32
  80 170424 0755 26.79 71.9431N 127.9824E   0.11 1.00  12 0.274  -68.50  -6.35   0.11
  81 170424 0755 27.01 71.9553N 127.9801E   0.11 1.00  12 0.331  -68.40  -4.99   0.11
  82 170425 0652 23.32 71.9572N 127.9748E   0.14 1.20   9 0.231  -68.21  -4.78   0.14
  83 170426 0051 23.25 71.9480N 128.0150E   7.40 0.70   6 0.067  -69.62  -5.80   7.40
  84 170426 1425 21.27 72.0648N 127.2196E  20.82 0.10   6 0.047  -42.01   7.23  20.82
  85 170426 1834 24.30 71.5949N 130.8366E  12.01 1.20   8 0.218 -168.69 -45.20  12.01
  86 170426 1840 44.09 72.2613N 126.3453E  17.60 1.30   8 0.062  -11.83  29.15  17.60
  87 170427 0912 28.92 72.0533N 127.7686E   5.93 0.90   8 0.095  -60.94   5.94   5.93
  88 170427 1041 37.98 71.7446N 128.9668E   7.82 0.70   7 0.245 -103.07 -28.50   7.82
  89 170427 2010 47.72 72.8132N 130.2212E  23.73 1.30   8 0.253 -142.47  90.74  23.73
  90 170427 2010 48.15 72.8068N 130.1597E  23.82 1.30   8 0.180 -140.41  90.03  23.82
  91 170427 2342 33.79 72.7650N 124.9729E  21.62 0.80   6 0.166   34.71  85.36  21.62

 ~~~ output final station residuals ...
 TURBO-option is set; residuals are NOT printed for each event!



   station statistics, remember nsp was set to: 1


 sta phase nobs avres  avwres    std    wsum    delay

 624    P  74  0.0549  0.0549  0.1808  74.0000  0.0000
 628    P  69  0.0307  0.0307  0.2493  69.0000 -0.2291
 630    P  53  0.0206  0.0206  0.2019  53.0000 -0.1818
 627    P  46  0.0493  0.0493  0.1925  46.0000  0.1197
 621    P  59  0.0936  0.0936  0.1902  59.0000  0.0809
 629    P  43  0.0324  0.0324  0.2441  43.0000  0.1613
 622    P  58  0.0669  0.0669  0.2291  58.0000  0.0708
 620    P  48  0.0390  0.0390  0.2762  48.0000 -0.0200
 623    P  55  0.0542  0.0542  0.3340  55.0000  0.2610
 626    P  52  0.0577  0.0577  0.4175  52.0000  0.1813
 625    P  49  0.0437  0.0437  0.2261  49.0000  0.1660
 631    P  49  0.1586  0.1586  0.3461  49.0000  0.2405
 632    P  24  0.1447  0.1447  0.2429  24.0000 -0.2280


 ~~~ output statistics ...




 RAY-STATISTICS FOR  L A S T  ITERATION
 --------------------------------------

 NHYP : nr of hypocenters in this layer
 NREF : nr of headwaves in this layer
 %len : % of "refracted km" in this layer 
        with respect to all refracted kilometers
 NHIT : nr of rays passed thru this layer
 xy-km: average horizontal ray length [km] in layer
 z-km : average  vertical  ray length [km] in layer
 RFLX : number of reflections at bottom of this layer

 nlay   top ..... bottom     velocity   NHYP NREF %len  NHIT xy-km  z-km  RFLX

   1    -5.00... -0.51 km    5.01 km/s    0    0   0.0     0   0.0   0.0     0
   2    -0.51...  7.78 km    5.81 km/s   18    0   0.0  1398  20.0   4.0     0
   3     7.78...  9.36 km    5.89 km/s    6    0   0.0   658   3.2   1.5     0
   4     9.36... 14.62 km    6.20 km/s   16   45  18.3   637  20.8   4.3     0
   5    14.62... 23.30 km    6.29 km/s   40   17   5.4   564  19.1   5.9     0
   6    23.30... 26.45 km    6.36 km/s    9    0   0.0   367   5.5   2.8     0
   7    26.45... 27.00 km    6.44 km/s    0    0   0.0   335   1.1   0.6     0
   8    27.00... 38.22 km    7.00 km/s    0  104  40.5   231  46.6   6.2     0
   9    38.22... 39.73 km    7.62 km/s    0   63  35.8    64 102.8   0.0     0
  10    39.73...       km    7.62 km/s    2    0   0.0     0   0.0   0.0

 Total nr of events was   91

 Total nr of refracted rays =   229
 Total nr of reflected rays =     0
 Total nr of   other   rays =   450
                              ------
 Total nr of    all    rays =   679

 Average (absolute) error of the raytracers:
  Straight and direct rays : ******* meters
  Refracted           rays :    0.01 meters
  Reflected           rays :    0.00 meters


 ALL RAYS TOGETHER:
 Average horizontal ray length =   89.8 km   (Hypocenter --> Station) 
 Average  vertical  ray length =   17.8 km   (Deepest ray-point --> Station)



 ... and some more STATISTICS 
 ---------------------------- 
  GAP of final epicenters:

  Event# -> GAP  Event# -> GAP  Event# -> GAP  Event# -> GAP  Event# -> GAP
       1 -> 296       2 -> 294       3 -> 273       4 -> 276       5 -> 306
       6 -> 100       7 -> 321       8 -> 305       9 -> 166      10 -> 346
      11 -> 347      12 -> 258      13 -> 264      14 -> 262      15 -> 264
      16 -> 266      17 -> 253      18 -> 240      19 -> 158      20 -> 302
      21 -> 231      22 -> 238      23 -> 240      24 -> 236      25 -> 127
      26 -> 103      27 -> 148      28 -> 213      29 -> 305      30 -> 208
      31 -> 213      32 -> 211      33 -> 209      34 -> 132      35 -> 230
      36 -> 215      37 -> 132      38 -> 310      39 -> 121      40 -> 209
      41 -> 217      42 -> 121      43 -> 206      44 -> 133      45 -> 309
      46 -> 125      47 -> 223      48 -> 226      49 -> 285      50 -> 191
      51 -> 289      52 -> 271      53 -> 224      54 -> 354      55 -> 347
      56 -> 178      57 -> 311      58 -> 317      59 -> 150      60 -> 308
      61 -> 302      62 -> 305      63 -> 146      64 -> 322      65 -> 127
      66 -> 293      67 ->  87      68 -> 298      69 -> 173      70 -> 262
      71 -> 172      72 ->   0      73 -> 265      74 -> 300      75 -> 243
      76 ->  60      77 -> 284      78 -> 168      79 -> 161      80 -> 165
      81 -> 161      82 -> 160      83 -> 229      84 -> 121      85 -> 316
      86 ->  94      87 -> 112      88 -> 268      89 -> 318      90 -> 317
      91 -> 294

 GAPs were between   0 and 354
      (average GAP was 227)



  MAGNITUDES of INPUT-DATA:

 Magnitude (# of events)   ***average number of obs***

 MAG<= 1.0 ( 47) *******
 MAG = 1.1 (  4) ********
 MAG = 1.2 (  7) ********
 MAG = 1.3 (  8) *********1
 MAG = 1.4 (  3) *********
 MAG = 1.5 (  3) ********
 MAG = 1.6 (  3) ********
 MAG = 1.7 (  2) *********1
 MAG = 1.8 (  2) *******
 MAG = 1.9 (  1)  
 MAG = 2.0 (  0)  
 MAG = 2.1 (  2) ********
 MAG = 2.2 (  3) *****
 MAG = 2.3 (  1) **
 MAG = 2.4 (  0)  
 MAG = 2.5 (  1) ******
 MAG = 2.6 (  1) **
 MAG = 2.7 (  0)  
 MAG = 2.8 (  0)  
 MAG = 2.9 (  1) ******
 MAG = 3.0 (  0)  
 MAG = 3.1 (  1) ****
 MAG = 3.2 (  0)  
 MAG = 3.3 (  0)  
 MAG = 3.4 (  0)  
 MAG = 3.5 (  0)  
 MAG = 3.6 (  0)  
 MAG = 3.7 (  0)  
 MAG = 3.8 (  0)  
 MAG = 3.9 (  0)  
 MAG = 4.0 (  1) *********1**
 MAG = 4.1 (  0)  
 MAG = 4.2 (  0)  
 MAG = 4.3 (  0)  
 MAG = 4.4 (  0)  
 MAG = 4.5 (  0)  
 MAG = 4.6 (  0)  
 MAG = 4.7 (  0)  
 MAG = 4.8 (  0)  
 MAG = 4.9 (  0)  
 MAG = 5.0 (  0)  
 MAG = 5.1 (  0)  
 MAG = 5.2 (  0)  
 MAG = 5.3 (  0)  
 MAG = 5.4 (  0)  
 MAG = 5.5 (  0)  
 MAG = 5.6 (  0)  
 MAG = 5.7 (  0)  
 MAG = 5.8 (  0)  
 MAG = 5.9 (  0)  
 MAG>= 6.0 (  0)  





  DEPTHs of INPUT-DATA and of LAST ITERATION:
  ===========================================

       Depth       # of events  

 DEPTH ( input ) =  -4. km :   
 DEPTH (last_IT) =  -4. km :   
 DEPTH ( input ) =  -3. km :   
 DEPTH (last_IT) =  -3. km :   
 DEPTH ( input ) =  -2. km :   
 DEPTH (last_IT) =  -2. km :   
 DEPTH ( input ) =  -1. km :   
 DEPTH (last_IT) =  -1. km :   
 DEPTH ( input ) =   0. km :  ........
 DEPTH (last_IT) =   0. km :  *****
 DEPTH ( input ) =   1. km :  .
 DEPTH (last_IT) =   1. km :  ****
 DEPTH ( input ) =   2. km :   
 DEPTH (last_IT) =   2. km :  *
 DEPTH ( input ) =   3. km :  ...
 DEPTH (last_IT) =   3. km :  *
 DEPTH ( input ) =   4. km :  ..
 DEPTH (last_IT) =   4. km :   
 DEPTH ( input ) =   5. km :  ..
 DEPTH (last_IT) =   5. km :  ***
 DEPTH ( input ) =   6. km :  ..
 DEPTH (last_IT) =   6. km :  **
 DEPTH ( input ) =   7. km :  .
 DEPTH (last_IT) =   7. km :  **
 DEPTH ( input ) =   8. km :  ...
 DEPTH (last_IT) =   8. km :  ****
 DEPTH ( input ) =   9. km :  ..
 DEPTH (last_IT) =   9. km :  **
 DEPTH ( input ) =  10. km :  ..
 DEPTH (last_IT) =  10. km :  ***
 DEPTH ( input ) =  11. km :  ...
 DEPTH (last_IT) =  11. km :  ***
 DEPTH ( input ) =  12. km :  ....
 DEPTH (last_IT) =  12. km :  ****
 DEPTH ( input ) =  13. km :  ..
 DEPTH (last_IT) =  13. km :  ****
 DEPTH ( input ) =  14. km :  ...
 DEPTH (last_IT) =  14. km :  **
 DEPTH ( input ) =  15. km :  ........
 DEPTH (last_IT) =  15. km :  ***
 DEPTH ( input ) =  16. km :  .........1.
 DEPTH (last_IT) =  16. km :  *********1*
 DEPTH ( input ) =  17. km :  .....
 DEPTH (last_IT) =  17. km :  ******
 DEPTH ( input ) =  18. km :  ....
 DEPTH (last_IT) =  18. km :  *****
 DEPTH ( input ) =  19. km :  .....
 DEPTH (last_IT) =  19. km :  *
 DEPTH ( input ) =  20. km :  .....
 DEPTH (last_IT) =  20. km :  **
 DEPTH ( input ) =  21. km :  ..
 DEPTH (last_IT) =  21. km :  ****
 DEPTH ( input ) =  22. km :  ....
 DEPTH (last_IT) =  22. km :  ******
 DEPTH ( input ) =  23. km :  ....
 DEPTH (last_IT) =  23. km :  **
 DEPTH ( input ) =  24. km :  ..
 DEPTH (last_IT) =  24. km :  *******
 DEPTH ( input ) =  25. km :  .
 DEPTH (last_IT) =  25. km :  *
 DEPTH ( input ) =  26. km :   
 DEPTH (last_IT) =  26. km :  *
 DEPTH ( input ) =  27. km :   
 DEPTH (last_IT) =  27. km :   
 DEPTH ( input ) =  28. km :   
 DEPTH (last_IT) =  28. km :   
 DEPTH ( input ) =  29. km :   
 DEPTH (last_IT) =  29. km :   
 DEPTH ( input ) =  30. km :   
 DEPTH (last_IT) =  30. km :   
 DEPTH ( input ) =  31. km :   
 DEPTH (last_IT) =  31. km :   
 DEPTH ( input ) =  32. km :   
 DEPTH (last_IT) =  32. km :   
 DEPTH ( input ) =  33. km :   
 DEPTH (last_IT) =  33. km :   
 DEPTH ( input ) =  34. km :   
 DEPTH (last_IT) =  34. km :   
 DEPTH ( input ) =  35. km :   
 DEPTH (last_IT) =  35. km :   
 DEPTH ( input ) =  36. km :   
 DEPTH (last_IT) =  36. km :   
 DEPTH ( input ) =  37. km :   
 DEPTH (last_IT) =  37. km :   
 DEPTH ( input ) =  38. km :   
 DEPTH (last_IT) =  38. km :   
 DEPTH ( input ) =  39. km :   
 DEPTH (last_IT) =  39. km :   
 DEPTH ( input ) =  40. km :   
 DEPTH (last_IT) =  40. km :   
 DEPTH ( input ) =  41. km :   
 DEPTH (last_IT) =  41. km :   
 DEPTH ( input ) =  42. km :   
 DEPTH (last_IT) =  42. km :   
 DEPTH ( input ) =  43. km :   
 DEPTH (last_IT) =  43. km :   
 DEPTH ( input ) =  44. km :   
 DEPTH (last_IT) =  44. km :   
 DEPTH ( input ) =  45. km :   
 DEPTH (last_IT) =  45. km :   
 DEPTH ( input ) =  46. km :   
 DEPTH (last_IT) =  46. km :   
 DEPTH ( input ) =  47. km :   
 DEPTH (last_IT) =  47. km :   
 DEPTH ( input ) =  48. km :   
 DEPTH (last_IT) =  48. km :   
 DEPTH ( input ) =  49. km :   
 DEPTH (last_IT) =  49. km :   
 DEPTH ( input ) =  50. km :   
 DEPTH (last_IT) =  50. km :   
 DEPTH ( input ) =  51. km :   
 DEPTH (last_IT) =  51. km :   
 DEPTH ( input ) =  52. km :   
 DEPTH (last_IT) =  52. km :   
 DEPTH ( input ) =  53. km :   
 DEPTH (last_IT) =  53. km :   
 DEPTH ( input ) =  54. km :   
 DEPTH (last_IT) =  54. km :   
 DEPTH ( input ) =  55. km :   
 DEPTH (last_IT) =  55. km :   
 DEPTH ( input ) =  56. km :   
 DEPTH (last_IT) =  56. km :   
 DEPTH ( input ) =  57. km :   
 DEPTH (last_IT) =  57. km :   
 DEPTH ( input ) =  58. km :   
 DEPTH (last_IT) =  58. km :   
 DEPTH ( input ) =  59. km :   
 DEPTH (last_IT) =  59. km :   
 DEPTH ( input ) =  60. km :   
 DEPTH (last_IT) =  60. km :   
 DEPTH ( input ) =  61. km :   
 DEPTH (last_IT) =  61. km :   
 DEPTH ( input ) =  62. km :   
 DEPTH (last_IT) =  62. km :   
 DEPTH ( input ) =  63. km :   
 DEPTH (last_IT) =  63. km :   
 DEPTH ( input ) =  64. km :   
 DEPTH (last_IT) =  64. km :   
 DEPTH ( input ) =  65. km :   
 DEPTH (last_IT) =  65. km :   
 DEPTH ( input ) =  66. km :   
 DEPTH (last_IT) =  66. km :   
 DEPTH ( input ) =  67. km :   
 DEPTH (last_IT) =  67. km :   
 DEPTH ( input ) =  68. km :   
 DEPTH (last_IT) =  68. km :   
 DEPTH ( input ) =  69. km :   
 DEPTH (last_IT) =  69. km :   
 DEPTH ( input ) =  70. km :   
 DEPTH (last_IT) =  70. km :   
 DEPTH ( input ) =  71. km :   
 DEPTH (last_IT) =  71. km :   
 DEPTH ( input ) =  72. km :   
 DEPTH (last_IT) =  72. km :   
 DEPTH ( input ) =  73. km :   
 DEPTH (last_IT) =  73. km :   
 DEPTH ( input ) =  74. km :  .
 DEPTH (last_IT) =  74. km :  *
 DEPTH ( input ) =  75. km :   
 DEPTH (last_IT) =  75. km :   
 DEPTH ( input ) =  76. km :   
 DEPTH (last_IT) =  76. km :   
 DEPTH ( input ) =  77. km :   
 DEPTH (last_IT) =  77. km :   
 DEPTH ( input ) =  78. km :   
 DEPTH (last_IT) =  78. km :   
 DEPTH ( input ) =  79. km :   
 DEPTH (last_IT) =  79. km :   
 DEPTH ( input ) =  80. km :   
 DEPTH (last_IT) =  80. km :   
 DEPTH ( input ) =  81. km :   
 DEPTH (last_IT) =  81. km :   
 DEPTH ( input ) =  82. km :   
 DEPTH (last_IT) =  82. km :   
 DEPTH ( input ) =  83. km :   
 DEPTH (last_IT) =  83. km :   
 DEPTH ( input ) =  84. km :   
 DEPTH (last_IT) =  84. km :   
 DEPTH ( input ) =  85. km :   
 DEPTH (last_IT) =  85. km :   
 DEPTH ( input ) =  86. km :   
 DEPTH (last_IT) =  86. km :   
 DEPTH ( input ) =  87. km :   
 DEPTH (last_IT) =  87. km :   
 DEPTH ( input ) =  88. km :   
 DEPTH (last_IT) =  88. km :   
 DEPTH ( input ) =  89. km :   
 DEPTH (last_IT) =  89. km :   
 DEPTH ( input ) =  90. km :   
 DEPTH (last_IT) =  90. km :   
 DEPTH ( input ) =  91. km :   
 DEPTH (last_IT) =  91. km :   
 DEPTH ( input ) =  92. km :   
 DEPTH (last_IT) =  92. km :   
 DEPTH ( input ) =  93. km :   
 DEPTH (last_IT) =  93. km :   
 DEPTH ( input ) =  94. km :   
 DEPTH (last_IT) =  94. km :   
 DEPTH ( input ) =  95. km :   
 DEPTH (last_IT) =  95. km :   
 DEPTH ( input ) =  96. km :   
 DEPTH (last_IT) =  96. km :   
 DEPTH ( input ) =  97. km :  .
 DEPTH (last_IT) =  97. km :  *
 DEPTH ( input ) =  98. km :   
 DEPTH (last_IT) =  98. km :   
 DEPTH ( input ) =  99. km :   
 DEPTH (last_IT) =  99. km :   
 DEPTH ( input ) = 100. km :   
 DEPTH (last_IT) = 100. km :   
 DEPTH ( input ) > 100. km :   
 DEPTH (last_IT) > 100. km :   


 Residuals of the stations according to the azimuth:
 (RES  = total average residual at station)
 (RES1 = average residual of rays from 1st quadrant)
 (RES2 = average residual of rays from 2nd quadrant)
 (RES3 = average residual of rays from 3rd quadrant)
 (RES4 = average residual of rays from 4th quadrant)

 Stn#  Stn     RES          RES1         RES2         RES3         RES4
   1   624     0.05(  74)   0.07(  33)   0.05(   5)   0.05(  29)   0.01(   7)
   2   628     0.03(  69)  -0.06(  32)  -0.02(   5)   0.07(  23)   0.28(   9)
   3   630     0.02(  53)   0.00(  25)   0.08(  12)  -0.06(   9)   0.10(   7)
   4   627     0.05(  46)  -0.01(  12)  -0.02(   1)   0.01(  21)   0.18(  12)
   5   621     0.09(  59)   0.11(   7)   0.00(   0)   0.18(  18)   0.05(  34)
   6   629     0.03(  43)   0.10(  16)   0.00(   0)  -0.20(   7)   0.06(  20)
   7   622     0.07(  58)  -0.00(  27)   0.00(   0)   0.10(  20)   0.17(  11)
   8   620     0.04(  48)   0.00(   0)   0.03(   1)   0.14(  18)  -0.02(  29)
   9   623     0.05(  55)  -0.03(  30)   0.00(   0)   0.25(  17)  -0.03(   8)
  10   626     0.06(  52)  -0.03(  24)   0.00(   0)  -0.03(   5)   0.17(  23)
  11   625     0.04(  49)   0.06(  15)   0.00(   0)  -0.01(  23)   0.12(  11)
  12   631     0.16(  49)   0.05(  18)   0.56(   1)   0.64(   4)   0.14(  26)
  13   632     0.14(  24)   0.27(  13)  -0.03(   3)   0.04(   2)   0.01(   6)



 CPU - statistics:

 TOTAL CPU-sec          =    0.3     (CPU-minutes:  0.005)

 >>>   End of program VELEST at 25-06-02 12:53       <<< [ CPU-sec :     0.3]
