 >>> Start of program VELEST at 25-06-02 12:51       <<<                        

 ::::::::::::::::::::::::::::::::::::::                                         
  V E L E S T  - Version : January 3, 1995                                      
  (Authors: see source code)                                                    
 ::::::::::::::::::::::::::::::::::::::                                         


 Title of this VELEST run:

 model_2
 -------


 Current array-dimensions of program VELEST:

 Max. number of EARTHQUAKES for simult. inversion IEQ = ***
 Max. number of SHOTS for simult. inversion    INSHOT =  50
 Max. number of (different) 1D-MODELS      ITOTMODELS =   2
 Max. number of LAYERS per one 1D-model        INLTOT = 100
 Max. number of STATIONS in stationlist           IST = 650
 Max. number of OBSERVATIONS per event MAXOBSPEREVENT = 180






    INPUT - P A R A M E T E R S :



***
***  olat       olon   icoordsystem      zshift   itrial ztrial    ised
  72.000000-126.000000      0            0.000       0     0.00      0
***
*** neqs   nshot    rotate
     91      0      0.0
***
*** isingle   iresolcalc
       0          0
***
*** dmax    itopo    zmin     veladj    zadj   lowveloclay
   300.00     0      0.01       0.20    5.00       0
***
*** nsp    swtfac   vpvs       nmod
     1      1.00    1.730        1
***
***   othet   xythet    zthet    vthet   stathet
       0.01     0.01     0.01     1.00     0.01
***
*** nsinv   nshcor   nshfix     iuseelev    iusestacorr
       1       0       0           1            1
***
*** iturbo    icnvout   istaout   ismpout
       1         1         1         0
***
*** irayout   idrvout   ialeout   idspout   irflout   irfrout   iresout
       0         0         0         0         0         0         0
***
*** delmin   ittmax   invertratio
    0.010       3          1
***
*** Modelfile:
tmp/model_2/synthvel/model_103.mod
***
*** Stationfile:
./velinp/station.sta
***
*** Seismofile:
 
***
*** File with region names:
 
***
*** File with region coordinates:
 
***
*** File #1 with topo data:
 
***
*** File #2 with topo data:
 
***
*** DATA INPUT files:
***
*** File with Earthquake data:
./velinp/data.cnv
***
*** File with Shot data:
 
***
*** OUTPUT files:
***
*** Main print output file:
./velout/model_2/velest103.out
***
*** File with single event locations:
velout.vel
***
*** File with final hypocenters in *.cnv format:
./velout/model_2/final_loc103.cnv
***
*** File with new station corrections:
./velout/model_2/stations_corr103.sta
***
*** File with summary cards (e.g. for plotting):
velout.smp
***
*** File with raypoints:
velout.ray
***
*** File with derivatives:
velout.drv
***
*** File with ALEs:
velout.ale
***
*** File with Dirichlet spreads:
velout.dspr
***
*** File with reflection points:
velout.rfl
***
*** File with refraction points:
velout.rfr
***
*** File with residuals:
velout.res
***




 Origin of cartesian coordinates:
        72.00000N   126.00000E

  X,Y-AXES rotated clockwise from North
           Rotation angle (rotate):
            rotate=    0.0 degr.

 icoordsystem =            0
 normal SHORT DISTANCE CONVERSION will be made
 x is positive towards west, y is positive towards north


 SHORT DISTANCE CONVERSION on ELLIPSOIDE of WORLD GEODETIC SYSTEM 1972 (WGS72)
 =============================================================================

 Radius at equator (REARTH)= 6378.13500  km
   1. / (ellipticity)      =    298.260

 Origin of cartesian coordinates [degrees]:
   72.0000000 N     -126.0000000 W

  Rotation angle (in degr.) clockwise from
North  rotate=    0.0

 Radius of sphere at OLAT =   6358.817 km

 Conversion of GEOGRAPHICAL LATITUDE to GEOCENTRICAL LATITUDE:
 RLATC = TAN(GEOCENTR.LAT) / TAN(GEOGRAPH.LAT)
 RLATC =   0.99333486

          Short distance conversions:
          one min lat ~  1.8597 km 
          one min lon ~  0.5751 km 







    INPUT - M O D E L :



 Model(s) read from file :
 tmp/model_2/synthvel/model_103.mod                                              

 model file title: 
Model: model_103.mod                    
 Velocity structure for model   1 :

 layer    vel   depth   vdamp  reflector
   1      5.03  -5.00    1.00         P-VELOCITY MODEL                  
   2      5.41   4.95    1.00  
   3      5.63   9.60    1.00  
   4      6.20   9.79    1.00  
   5      6.31  11.50    1.00  
   6      6.58  18.94    1.00  
   7      7.51  25.37    1.00  
   8      8.08  29.17    1.00  
   9      8.17  33.50    1.00  
  10      8.19  38.46    1.00  

 Calculation of average velocity starts at layer #            1
 z = -5.00 ...  4.95    v = 5.03    AVEL = 5.03 downto z =   4.95
 z =  4.95 ...  9.60    v = 5.41    AVEL = 5.15 downto z =   9.60
 z =  9.60 ...  9.79    v = 5.63    AVEL = 5.16 downto z =   9.79
 z =  9.79 ... 11.50    v = 6.20    AVEL = 5.27 downto z =  11.50
 z = 11.50 ... 18.94    v = 6.31    AVEL = 5.59 downto z =  18.94
 z = 18.94 ... 25.37    v = 6.58    AVEL = 5.80 downto z =  25.37
 z = 25.37 ... 29.17    v = 7.51    AVEL = 5.99 downto z =  29.17
 z = 29.17 ... 33.50    v = 8.08    AVEL = 6.22 downto z =  33.50
 z = 33.50 ... 38.46    v = 8.17    AVEL = 6.45 downto z =  38.46


 Calculation of average velocity starts at layer #            2
 z =  4.95 ...  9.60    v = 5.41    AVEL = 5.41 downto z =   9.60
 z =  9.60 ...  9.79    v = 5.63    AVEL = 5.42 downto z =   9.79
 z =  9.79 ... 11.50    v = 6.20    AVEL = 5.62 downto z =  11.50
 z = 11.50 ... 18.94    v = 6.31    AVEL = 5.99 downto z =  18.94
 z = 18.94 ... 25.37    v = 6.58    AVEL = 6.17 downto z =  25.37
 z = 25.37 ... 29.17    v = 7.51    AVEL = 6.38 downto z =  29.17
 z = 29.17 ... 33.50    v = 8.08    AVEL = 6.64 downto z =  33.50
 z = 33.50 ... 38.46    v = 8.17    AVEL = 6.87 downto z =  38.46






    INPUT - S T A T I O N S :



 Station-parameters read from file :
 ./velinp/station.sta                                                            


     stn latitude longitude elev   x      y      z     ptcor stcor model icc
   1 624 72.4760N126.2750E     0  -9.37  53.11  -0.00   0.00  0.00   1  13
   2 628 72.4000N127.1470E     0 -39.15  44.63  -0.00   0.00  0.00   1  12
   3 630 72.0750N128.3250E     0 -80.06   8.37  -0.00   0.00  0.00   1  11
   4 627 72.1170N126.9820E     0 -33.78  13.06  -0.00   0.00  0.00   1  10
   5 621 72.1840N124.8890E     0  38.14  20.53  -0.00   0.00  0.00   1   9
   6 629 71.9290N127.3130E     0 -45.39  -7.92  -0.00   0.00  0.00   1   8
   7 622 72.4420N125.3130E     0  23.42  49.32  -0.00   0.00  0.00   1   7
   8 620 72.6540N124.3470E     0  56.03  72.98  -0.00   0.00  0.00   1   6
   9 623 72.3260N125.7600E     0   8.21  36.38  -0.00   0.00  0.00   1   5
  10 626 71.8880N126.0360E     0  -1.25 -12.50  -0.00   0.00  0.00   1   4
  11 625 72.1740N126.1070E     0  -3.67  19.42  -0.00   0.00  0.00   1   3
  12 631 71.3990N127.2470E     0 -43.72 -67.06  -0.00   0.00  0.00   1   2
  13 632 71.5740N129.0728E     0-107.23 -47.53  -0.00   0.00  0.00   1   1

 NO Seismo-parameter-file specified
 --> NO magnitudes calculated!




   neqs=   91  nshot=    0  nltot=   10

 ~~~ input parameters read.
 ~~~ set units for first iteration ...
 ~~~ determine number of unknowns ...

 Number of unknowns (for array-indexing):  nvar =  386
 Number of effective unknowns        :  nvareff =  374
 Number of elements on/below main diagonal of matrix G = At*A : kvar =   74691

 ~~~ reset G and RHT ...
 ~~~ input data, raytracing, setup G ...






    I N P U T - D A T A  

  eq    origin-time    latitude longitude depth    x      y      z    mag ifxOBS
   1 160818 1613  9.10 73.0030N 124.8500E  23.10  38.61 111.92  23.10 1.40 0   6
   2 160818 1613  9.30 72.9910N 124.8700E  22.80  37.95 110.58  22.80 1.10 0   6
   3 160819 0959 27.30 71.9230N 129.7600E  12.10-130.00  -8.59  12.10 4.00 0  12
   4 160820 1506 15.70 71.9380N 129.7900E  11.00-130.98  -6.92  11.00 1.50 0   9
   5 160820 1904 45.70 72.3480N 127.1800E  23.80 -40.33  38.83  23.80 1.20 0   6
   6 160822 1318 49.50 72.3650N 127.0800E  16.50 -36.90  40.73  16.50 0.60 0   8
   7 160823 0652 14.00 70.9330N 129.8100E   6.40-135.21-119.06   6.40 2.90 0   6
   8 160824 1510 30.40 71.6070N 130.0400E   8.60-140.86 -43.85   8.60 1.50 0   9
   9 160906 1514 39.70 72.5080N 125.6800E  12.10  10.89  56.68  12.10 0.90 0   6
 WARNING:
 epicentral distance: 303.3 > dmax ( 300.0) ==> skipping phase !
 WARNING:
 epicentral distance: 338.2 > dmax ( 300.0) ==> skipping phase !
  10 160920 1607 18.30 69.2370N 128.3500E  16.20 -87.07-308.31  16.20 2.60 0   2
 WARNING:
 epicentral distance: 318.5 > dmax ( 300.0) ==> skipping phase !
 WARNING:
 epicentral distance: 355.0 > dmax ( 300.0) ==> skipping phase !
  11 160925 1911  5.60 69.2250N 127.6800E  15.60 -62.26-309.64  15.60 2.30 0   2
  12 161004 0841 51.20 72.8480N 124.9600E  15.60  35.07  94.62  15.60 0.20 0   6
  13 161005 1619 46.90 72.8770N 125.0100E  19.00  33.35  97.86  19.00 1.00 0   9
  14 161006 0156 55.90 72.8740N 125.0100E  13.90  33.36  97.52  13.90 1.00 0   7
  15 161009 0036 44.70 72.8720N 124.9900E  17.20  34.03  97.30  17.20 1.30 0   8
  16 161009 0036 44.90 72.8580N 124.9600E  18.60  35.06  95.74  18.60 1.20 0   7
  17 161012 0800 22.10 72.7380N 126.0300E  18.50  -1.01  82.35  18.50 0.80 0   7
  18 161015 1013 36.50 72.0400N 126.9900E  11.20 -34.12   4.46  11.20 0.70 0   7
  19 161021 0507 33.30 72.5750N 124.7800E  10.10  41.44  64.16  10.10 0.80 0   6
  20 161124 2250 46.00 72.7630N 124.8800E  16.20  37.85  85.14  16.20 3.10 0   4
  21 161125 0156 34.10 72.7420N 124.9200E  14.50  36.52  82.80  14.50 0.60 0   7
  22 161125 0517 25.90 72.7650N 124.9400E  13.50  35.82  85.36  13.50 1.60 0   6
  23 161125 0525 15.90 72.7740N 124.9500E  11.60  35.48  86.37  11.60 0.80 0   6
  24 161125 0556  2.00 72.7350N 124.9700E   5.70  34.84  82.01   5.70 0.20 0   6
  25 170117 0846 48.60 72.2130N 127.3400E  22.00 -45.97  23.77  22.00 0.30 0   6
  26 170122 1614 27.60 71.9670N 128.0400E  10.30 -70.45  -3.68  10.30 0.90 0   6
  27 170125 2244  0.20 72.4440N 126.0200E  13.10  -0.68  49.54  13.10 0.80 0   6
  28 170302 1359 59.10 72.6830N 124.8900E  11.50  37.60  76.21  11.50 0.50 0   7
  29 170302 2335 20.20 71.8850N 130.3000E  14.80-148.82 -12.83  14.80 2.10 0   9
  30 170304 2135  2.90 72.6880N 124.9400E  13.40  35.90  76.77  13.40 1.30 0   7
  31 170307 0447 21.00 72.6940N 124.9200E  14.20  36.57  77.44  14.20 1.70 0  10
  32 170307 2016 50.80 72.6910N 124.9100E  15.30  36.91  77.10  15.30 1.10 0   6
  33 170309 1454  0.80 72.6830N 124.9000E  15.60  37.26  76.21  15.60 0.30 0   6
  34 170311 0430 55.40 72.3130N 126.5000E  24.50 -17.11  34.93  24.50 0.30 0   6
  35 170312 0416 39.20 71.9240N 128.0800E   3.40 -71.91  -8.48   3.40 2.10 0   6
  36 170313 0553 59.10 72.6980N 124.9200E  15.10  36.57  77.89  15.10 1.00 0   9
  37 170313 0809  5.60 72.4500N 125.0800E  14.90  31.36  50.21  14.90 1.20 0   7
  38 170315 0234 46.50 72.6540N 123.8400E  16.90  73.22  72.98  16.90 1.40 0   7
  39 170317 1007 14.10 72.2350N 125.9800E   3.90   0.69  26.22   3.90 0.50 0   7
  40 170320 0711 14.60 72.1250N 127.2200E  16.80 -41.95  13.95  16.80 0.90 0   6
  41 170320 0853 56.40 72.7090N 124.9700E   5.10  34.86  79.11   5.10 0.40 0   6
  42 170320 1900 34.30 72.4150N 126.1200E  18.00  -4.09  46.31  18.00 0.60 0   7
  43 170323 0519 24.60 71.6470N 129.1800E   5.20-110.76 -39.39   5.20 1.20 0   6
  44 170323 1612 49.70 72.4530N 125.1100E   8.30  30.33  50.55   8.30 0.50 0   6
  45 170323 1906 41.20 72.4070N 130.2500E  18.30-145.04  45.41  18.30 1.00 0   6
  46 170326 0836 34.10 71.9930N 127.6700E  16.10 -57.63  -0.78  16.10 1.50 0   7
  47 170402 0422  1.00 72.7220N 125.6900E  21.90  10.49  80.56  21.90 1.20 0  10
  48 170402 0636 37.20 72.7310N 125.6900E  23.50  10.49  81.57  23.50 0.70 0   6
  49 170404 2347 35.70 72.7580N 124.3800E  22.60  54.76  84.58  22.60 0.50 0   6
  50 170405 0307 36.10 71.6810N 128.9500E  15.30-102.66 -35.60  15.30 1.00 0  10
  51 170405 1410 53.20 71.5100N 128.9000E   9.30-101.37 -54.68   9.30 1.70 0  10
  52 170406 0838 43.20 72.3850N 129.3800E  15.50-115.42  42.96  15.50 0.90 0  10
  53 170406 1728  1.00 72.7230N 125.6900E  21.30  10.49  80.67  21.30 0.90 0  10
 WARNING:
 epicentral distance: 325.9 > dmax ( 300.0) ==> skipping phase !
 WARNING:
 epicentral distance: 332.9 > dmax ( 300.0) ==> skipping phase !
 WARNING:
 epicentral distance: 345.3 > dmax ( 300.0) ==> skipping phase !
 WARNING:
 epicentral distance: 391.9 > dmax ( 300.0) ==> skipping phase !
  54 170407 1729  3.40 74.8930N 128.6300E  15.60 -83.67 322.81  15.60 1.80 0   2
 WARNING:
 epicentral distance: 311.3 > dmax ( 300.0) ==> skipping phase !
 WARNING:
 epicentral distance: 315.4 > dmax ( 300.0) ==> skipping phase !
 WARNING:
 epicentral distance: 328.9 > dmax ( 300.0) ==> skipping phase !
 WARNING:
 epicentral distance: 374.2 > dmax ( 300.0) ==> skipping phase !
  55 170407 1729  3.50 74.7270N 128.8100E   0.40 -89.83 304.29   0.40 1.60 0   5
  56 170408 1004 44.90 72.6070N 124.9400E  15.00  35.98  67.73  15.00 1.40 0  13
  57 170409 0856 47.20 73.3850N 128.5500E  15.60 -84.71 154.54  15.60 2.50 0   6
  58 170409 0902 45.60 73.3500N 128.4400E  15.10 -81.13 150.64  15.10 1.10 0   7
  59 170410 1520  8.50 72.0030N 128.3900E   2.70 -82.46   0.33   2.70 1.00 0  10
  60 170410 1813  3.60 70.9360N 129.1200E   3.70-110.72-118.73   3.70 2.20 0  13
  61 170412 1507  0.60 71.5070N 129.7200E   0.00-130.05 -55.01   0.00 0.70 0   6
  62 170413 0651 20.10 73.3680N 125.4200E  15.60  19.28 152.65  15.60 1.00 0  10
  63 170414 0459 18.80 72.2680N 127.3800E  20.10 -47.27  29.90  20.10 0.50 0   7
  64 170414 0540  4.80 73.6400N 130.9700E   8.00-163.92 183.00   8.00 1.80 0  11
  65 170414 1656 23.40 72.1850N 127.4000E  15.50 -48.06  20.64  15.50 0.20 0   6
  66 170414 1753 32.80 72.3840N 130.4600E  17.90-152.30  42.85  17.90 0.70 0   6
  67 170416 0523 41.90 71.9560N 127.0800E  19.20 -37.31  -4.91  19.20 1.60 0  13
  68 170416 1220 14.20 72.9470N 124.4900E  20.40  50.77 105.67  20.40 1.00 0  11
 WARNING:
 epicentral distance: 320.3 > dmax ( 300.0) ==> skipping phase !
 WARNING:
 epicentral distance: 381.0 > dmax ( 300.0) ==> skipping phase !
 WARNING:
 epicentral distance: 398.8 > dmax ( 300.0) ==> skipping phase !
 WARNING:
 epicentral distance: 405.0 > dmax ( 300.0) ==> skipping phase !
 WARNING:
 epicentral distance: 424.8 > dmax ( 300.0) ==> skipping phase !
 WARNING:
 epicentral distance: 431.2 > dmax ( 300.0) ==> skipping phase !
 WARNING:
 epicentral distance: 445.5 > dmax ( 300.0) ==> skipping phase !
 WARNING:
 epicentral distance: 451.8 > dmax ( 300.0) ==> skipping phase !
 WARNING:
 epicentral distance: 464.3 > dmax ( 300.0) ==> skipping phase !
  69 170416 1257 48.30 68.8710N 131.7500E  73.50-214.97-349.14  73.50 2.20 0   0
  70 170416 1821  5.50 72.8670N 125.0000E  19.30  33.70  96.74  19.30 1.30 0  13
  71 170418 0606  4.10 72.5080N 125.8200E   1.30   6.13  56.68   1.30 0.20 0   6
 WARNING:
 epicentral distance: 315.2 > dmax ( 300.0) ==> skipping phase !
 WARNING:
 epicentral distance: 332.1 > dmax ( 300.0) ==> skipping phase !
 WARNING:
 epicentral distance: 345.3 > dmax ( 300.0) ==> skipping phase !
 WARNING:
 epicentral distance: 352.6 > dmax ( 300.0) ==> skipping phase !
 WARNING:
 epicentral distance: 346.7 > dmax ( 300.0) ==> skipping phase !
 WARNING:
 epicentral distance: 356.6 > dmax ( 300.0) ==> skipping phase !
 WARNING:
 epicentral distance: 363.9 > dmax ( 300.0) ==> skipping phase !
 WARNING:
 epicentral distance: 372.8 > dmax ( 300.0) ==> skipping phase !
 WARNING:
 epicentral distance: 378.6 > dmax ( 300.0) ==> skipping phase !
 WARNING:
 epicentral distance: 378.6 > dmax ( 300.0) ==> skipping phase !
  72 170418 1005 56.80 69.3310N 122.4100E  97.00 132.70-297.82  97.00 2.20 0   1
  73 170418 1500 12.90 72.7340N 124.5100E  23.10  50.40  81.90  23.10 1.30 0  12
  74 170420 1302 36.20 72.6290N 129.0200E  21.80-102.44  70.19  21.80 0.90 0  11
  75 170420 2248 46.70 72.0220N 129.1200E   0.00-107.59   2.46   0.00 0.70 0  11
 WARNING:
 epicentral distance: 313.1 > dmax ( 300.0) ==> skipping phase !
 WARNING:
 epicentral distance: 324.4 > dmax ( 300.0) ==> skipping phase !
 WARNING:
 epicentral distance: 324.2 > dmax ( 300.0) ==> skipping phase !
 WARNING:
 epicentral distance: 342.4 > dmax ( 300.0) ==> skipping phase !
 WARNING:
 epicentral distance: 349.0 > dmax ( 300.0) ==> skipping phase !
 WARNING:
 epicentral distance: 380.2 > dmax ( 300.0) ==> skipping phase !
 WARNING:
 epicentral distance: 381.6 > dmax ( 300.0) ==> skipping phase !
 WARNING:
 epicentral distance: 408.0 > dmax ( 300.0) ==> skipping phase !
  76 170423 0850 54.60 74.7080N 132.7900E   0.10-217.19 302.17   0.10 1.90 0   0
  77 170423 1455 44.10 72.8400N 124.4900E  16.80  50.92  93.73  16.80 0.60 0   8
  78 170423 2313 41.80 72.5960N 124.8700E  22.00  38.36  66.50  22.00 1.30 0  12
  79 170424 0609 58.60 71.9600N 128.0200E   0.10 -69.77  -4.46   0.10 1.10 0  12
  80 170424 0755 26.70 71.9480N 128.0300E   0.00 -70.14  -5.80   0.00 1.00 0  12
  81 170424 0755 26.90 71.9590N 128.0300E   0.00 -70.12  -4.57   0.00 1.00 0  12
  82 170425 0652 23.30 71.9600N 128.0300E   0.00 -70.12  -4.46   0.00 1.20 0   9
  83 170426 0051 23.20 71.9450N 128.0600E   6.60 -71.18  -6.14   6.60 0.70 0   6
  84 170426 1425 21.20 72.0790N 127.2600E  21.00 -43.38   8.82  21.00 0.10 0   6
  85 170426 1834 24.60 71.5840N 130.8000E  10.90-167.46 -46.42  10.90 1.20 0   8
  86 170426 1840 44.10 72.2710N 126.3600E  18.10 -12.33  30.24  18.10 1.30 0   8
  87 170427 0912 28.80 72.0640N 127.7900E   2.60 -61.65   7.14   2.60 0.90 0   8
  88 170427 1041 38.10 71.7480N 128.9900E   8.40-103.86 -28.12   8.40 0.70 0   7
  89 170427 2010 47.80 72.8010N 130.2000E  20.20-141.80  89.38  20.20 1.30 0   8
  90 170427 2010 48.30 72.7890N 130.1400E  20.10-139.82  88.04  20.10 1.30 0   8
  91 170427 2342 34.10 72.7630N 125.0100E  19.50  33.46  85.14  19.50 0.80 0   6

 readings for station 624  :  74
 readings for station 628  :  69
 readings for station 630  :  53
 readings for station 627  :  46
 readings for station 621  :  59
 readings for station 629  :  43
 readings for station 622  :  58
 readings for station 620  :  48
 readings for station 623  :  55
 readings for station 626  :  52
 readings for station 625  :  49
 readings for station 631  :  49
 readings for station 632  :  24

 Total number of stations with readings:  13

 Total number of readings:     679
 Total number of P readings:       0
 Total number of S readings:       0


 ~~~ store parts of G ...
 ~~~ compute RMS and DATVAR ...

 Total number of observations is:   679


 $$$$$$$$$$$$$$$$$$$$$$$$$$$$$$$$$$$$$$$$$$$$$$$$$
 Events with  | AVRES | > 1.0 SEC are suspicious !

 Event#   7 >>>  160823 0652  AVRES =  1.04 NOBS =  6
 Event#   8 >>>  160824 1510  AVRES =  1.03 NOBS =  9
 Event#  10 >>>  160920 1607  AVRES =  2.85 NOBS =  2
 Event#  11 >>>  160925 1911  AVRES =  2.49 NOBS =  2
 Event#  45 >>>  170323 1906  AVRES =  1.02 NOBS =  6
 Event#  54 >>>  170407 1729  AVRES =  1.08 NOBS =  2
 Event#  55 >>>  170407 1729  AVRES =  1.11 NOBS =  5
 Event#  57 >>>  170409 0856  AVRES =  2.04 NOBS =  6
 Event#  58 >>>  170409 0902  AVRES =  1.60 NOBS =  7
 Event#  64 >>>  170414 0540  AVRES =  2.37 NOBS = 11
 Event#  82 >>>  170425 0652  AVRES = -1.01 NOBS =  9
 Event#  85 >>>  170426 1834  AVRES =  1.17 NOBS =  8
 Event#  89 >>>  170427 2010  AVRES =  1.49 NOBS =  8
 Event#  90 >>>  170427 2010  AVRES =  1.39 NOBS =  8

 ^^^^^^^^^ C H E C K   these events above ^^^^^^^^
 $$$$$$$$$$$$$$$$$$$$$$$$$$$$$$$$$$$$$$$$$$$$$$$$$

 ~~~ save initial datvar ...

 Iteration nr  0 obtained:
 DATVAR=    2.372213 mean sqrd residual=     1.065574  RMS RESIDUAL=     1.032267

 After  0 iterations we got:
 Average absolute & unweighted [and mean] residual of
   277 straight and direct rays =  0.37938 [ -0.36927]
   402 refracted           rays =  1.07347 [  0.51636]
     0 reflected           rays =  0.00000 [  0.00000]

   679 ALL                 RAYS =  0.79031 [  0.15507]        0.00 %




--------------------------------------------------------------------------------



           ITERATION no  1

 ~~~ set units for this iteration ...
 ~~~ determine number of unknowns for this iter. ...

 Number of unknowns (for array-indexing):  nvar =  386
 Number of effective unknowns        :  nvareff =  387
 Number of elements on/below main diagonal of matrix G = At*A : kvar =   74691

 Damping factors to be used in this iteration:
   Othet=   0.010   XYthet  =   0.010   Zthet=  0.010
 STAthet=   0.010   Vthet   =   1.000

 ~~~ damp G ...
 ~~~ solve G * b = RHT ...
 ~~~ fix units ...
 ~~~ apply eventually step-length damping ...
 ~~~ adjust model (hypocenters, stacorr & veloc.) ...

 doing velocity adjustments now...

 doing station-correction adjustments...

 ~~~ compute effective step-length ...

 (Applied) Step length =   2.665

 ~~~ set units for next iteration ...
 ~~~ determine number of unknowns for next iter. ...

 Number of unknowns (for array-indexing):  nvar =  386
 Number of effective unknowns        :  nvareff =  387
 Number of elements on/below main diagonal of matrix G = At*A : kvar =   74691

 ~~~ reset G and RHT ...
 ~~~ raytracing, setup G ...
 ~~~ store parts of G ...
 ~~~ set units back for current iteration ...
 ~~~ determine number of unknowns for this iter. ...

 Number of unknowns (for array-indexing):  nvar =  386
 Number of effective unknowns        :  nvareff =  387
 Number of elements on/below main diagonal of matrix G = At*A : kvar =   74691

 ~~~ compute RMS and DATVAR ...

 $$$$$$$$$$$$$$$$$$$$$$$$$$$$$$$$$$$$$$$$$$$$$$$$$
 Events with  | AVRES | > 1.0 SEC are suspicious !

 Event#  10 >>>  160920 1607  AVRES =  2.65 NOBS =  2
 Event#  11 >>>  160925 1911  AVRES =  2.35 NOBS =  2
 Event#  54 >>>  170407 1729  AVRES =  1.24 NOBS =  2
 Event#  55 >>>  170407 1729  AVRES =  1.19 NOBS =  5
 Event#  57 >>>  170409 0856  AVRES =  1.77 NOBS =  6
 Event#  58 >>>  170409 0902  AVRES =  1.39 NOBS =  7
 Event#  64 >>>  170414 0540  AVRES =  2.14 NOBS = 11
 Event#  85 >>>  170426 1834  AVRES =  1.01 NOBS =  8
 Event#  89 >>>  170427 2010  AVRES =  1.28 NOBS =  8
 Event#  90 >>>  170427 2010  AVRES =  1.20 NOBS =  8

 ^^^^^^^^^ C H E C K   these events above ^^^^^^^^
 $$$$$$$$$$$$$$$$$$$$$$$$$$$$$$$$$$$$$$$$$$$$$$$$$

 ~~~ check solution (better? worse?) ...

 Iteration nr  1 obtained:
 DATVAR=    1.904194 mean sqrd residual=     0.818888  RMS RESIDUAL=     0.904924

 After  1 iterations we got:
 Average absolute & unweighted [and mean] residual of
   286 straight and direct rays =  0.33005 [ -0.32107]
   393 refracted           rays =  0.94403 [  0.49405]
     0 reflected           rays =  0.00000 [  0.00000]

   679 ALL                 RAYS =  0.68541 [  0.15071]      -13.27 %

 ~~~ iteration done; output results ...

  eq       ot     x      y      z      rms    avres   dot     dx     dy     dz
    1      9.07  38.54 111.99  23.04   0.49   0.31   -0.028 -0.074  0.069 -0.060
    2      9.29  38.15 110.55  22.84   0.49   0.26   -0.010  0.203 -0.027  0.043
    3     27.24-130.01  -8.33  12.07   0.78   0.47   -0.061 -0.005  0.259 -0.034
    4     15.64-131.02  -6.77  10.89   0.92   0.56   -0.063 -0.030  0.146 -0.110
    5     45.68 -40.33  38.72  23.80   0.34   0.02   -0.022 -0.001 -0.116 -0.003
    6     49.46 -36.78  40.69  16.85   0.12  -0.31   -0.044  0.122 -0.040  0.354
    7     13.91-134.99-119.14   6.30   1.34   0.93   -0.087  0.227 -0.081 -0.103
    8     30.35-140.96 -43.72   8.63   0.88   0.89   -0.048 -0.097  0.128  0.032
    9     39.66  10.90  56.61  12.16   0.06  -0.42   -0.044  0.006 -0.070  0.060
   10     18.17 -87.40-308.27  16.21   1.11   2.65   -0.132 -0.330  0.033  0.013
   11      5.41 -62.68-309.64  15.62   1.34   2.35   -0.186 -0.416  0.003  0.019
   12     51.14  35.00  94.74  15.97   0.25  -0.17   -0.057 -0.065  0.113  0.369
   13     46.86  33.42  97.94  19.08   0.58   0.18   -0.038  0.069  0.085  0.079
   14     55.83  33.29  97.54  14.09   0.78  -0.05   -0.066 -0.066  0.019  0.189
   15     44.66  33.97  97.34  17.26   0.86   0.34   -0.045 -0.064  0.043  0.061
   16     44.85  34.98  95.88  18.58   0.92   0.45   -0.050 -0.077  0.143 -0.017
   17     22.05  -0.90  82.45  18.49   0.72  -0.03   -0.051  0.116  0.099 -0.011
   18     36.45 -34.13   4.56  11.59   0.15  -0.36   -0.050 -0.007  0.099  0.386
   19     33.28  41.31  64.25  10.09   0.14  -0.43   -0.018 -0.135  0.089 -0.008
   20     45.94  37.84  85.10  16.16   0.63   0.07   -0.061 -0.014 -0.035 -0.043
   21     34.07  36.42  82.66  14.28   0.71  -0.13   -0.033 -0.099 -0.140 -0.221
   22     25.85  35.68  85.36  13.65   0.30  -0.33   -0.051 -0.140 -0.004  0.148
   23     15.87  35.29  86.16  11.50   0.40  -0.36   -0.032 -0.183 -0.203 -0.097
   24      1.92  34.78  82.21   5.45   0.44  -0.65   -0.075 -0.057  0.196 -0.247
   25     48.61 -45.93  23.60  22.16   0.12  -0.08    0.010  0.042 -0.165  0.160
   26     27.58 -70.34  -3.84  10.39   0.10  -0.40   -0.023  0.108 -0.157  0.086
   27      0.17  -0.61  49.38  13.24   0.42  -0.19   -0.029  0.072 -0.167  0.142
   28     59.06  37.57  76.18  11.40   0.81   0.00   -0.036 -0.030 -0.035 -0.103
   29     20.14-148.70 -12.74  14.57   0.77   0.81   -0.059  0.119  0.089 -0.234
   30      2.88  35.80  76.71  13.09   0.95   0.18   -0.021 -0.099 -0.058 -0.313
   31     20.95  36.36  77.44  14.19   0.94   0.13   -0.045 -0.205 -0.001 -0.006
   32     50.75  36.83  77.02  15.41   0.23  -0.32   -0.046 -0.084 -0.082  0.114
   33      0.78  37.17  76.12  15.50   0.57  -0.11   -0.019 -0.091 -0.091 -0.104
   34     55.42 -16.95  34.90  24.41   0.06  -0.10    0.017  0.157 -0.024 -0.085
   35     39.18 -71.74  -8.53   3.74   0.37  -0.68   -0.020  0.173 -0.050  0.341
   36     59.07  36.47  77.83  15.10   0.80   0.08   -0.031 -0.099 -0.056 -0.003
   37      5.57  31.30  50.15  14.83   0.09  -0.36   -0.034 -0.063 -0.063 -0.069
   38     46.47  72.95  72.90  16.89   0.66   0.09   -0.029 -0.270 -0.073 -0.008
   39     14.04   0.75  26.18   3.90   0.34  -0.76   -0.059  0.067 -0.040 -0.003
   40     14.56 -41.90  13.97  16.77   0.10  -0.31   -0.042  0.050  0.022 -0.030
   41     56.37  34.88  79.00   5.30   0.18  -0.75   -0.034  0.023 -0.108  0.204
   42     34.28  -3.96  46.25  18.05   0.12  -0.23   -0.023  0.133 -0.057  0.046
   43     24.58-110.59 -39.33   5.57   0.42  -0.63   -0.022  0.165  0.060  0.374
   44     49.66  30.34  50.45   8.29   0.15  -0.61   -0.044  0.008 -0.101 -0.013
   45     41.18-145.00  45.57  18.36   0.74   0.88   -0.018  0.039  0.156  0.058
   46     34.07 -57.55  -0.91  16.27   0.11  -0.26   -0.035  0.083 -0.127  0.166
   47      1.00  10.64  80.56  21.94   0.89   0.41   -0.004  0.148 -0.008  0.037
   48     37.21  10.63  81.55  23.42   0.42   0.08    0.011  0.148 -0.017 -0.077
   49     35.70  54.67  84.48  22.46   0.49  -0.02    0.001 -0.090 -0.100 -0.144
   50     36.07-102.42 -35.53  15.23   0.78   0.32   -0.031  0.236  0.062 -0.067
   51     53.13-101.13 -54.50   9.03   1.01   0.54   -0.073  0.241  0.172 -0.268
   52     43.14-115.57  43.20  15.52   0.78   0.39   -0.063 -0.150  0.236  0.017
   53      0.99  10.63  80.72  21.35   0.87   0.43   -0.006  0.138  0.047  0.051
   54      2.92 -83.67 322.75  15.65   0.40   1.24   -0.482  0.000 -0.062  0.049
   55      3.12 -89.76 304.26   0.46   0.31   1.19   -0.376  0.075 -0.025  0.059
   56     44.86  35.89  67.59  14.90   0.84   0.07   -0.037 -0.088 -0.141 -0.100
   57     47.12 -84.73 154.65  15.62   0.55   1.77   -0.077 -0.024  0.106  0.019
   58     45.56 -80.91 150.78  15.10   0.83   1.39   -0.044  0.226  0.145 -0.002
   59      8.48 -82.17   0.31   2.92   0.89  -0.53   -0.017  0.289 -0.027  0.221
   60      3.51-110.78-118.58   3.64   1.34   0.86   -0.085 -0.061  0.141 -0.059
   61      0.50-130.35 -55.01   0.48   0.67  -0.42   -0.096 -0.305 -0.001  0.369
   62     20.05  19.59 152.59  15.57   1.02   0.87   -0.053  0.318 -0.056 -0.026
   63     18.79 -47.24  29.80  20.26   0.27  -0.12   -0.013  0.033 -0.109  0.156
   64      4.68-163.25 183.81   8.02   0.77   2.14   -0.123  0.667  0.815  0.017
   65     23.38 -47.94  20.51  15.67   0.09  -0.29   -0.018  0.128 -0.135  0.170
   66     32.79-152.35  43.06  18.01   0.61   0.75   -0.007 -0.047  0.216  0.114
   67     41.88 -37.25  -5.04  19.16   0.39  -0.06   -0.023  0.056 -0.126 -0.045
   68     14.15  50.74 105.80  20.24   0.63   0.56   -0.046 -0.040  0.131 -0.159
   69     48.30-214.97-349.14  73.50   0.00   0.00    0.000  0.000  0.000  0.000
   70      5.46  33.78  96.87  19.33   0.90   0.52   -0.045  0.085  0.131  0.031
   71      4.07   6.19  56.59   1.48   0.62  -0.65   -0.026  0.062 -0.098  0.180
   72     56.83 132.70-297.82  97.00   0.63   0.80    0.026  0.002 -0.002  0.001
   73     12.89  50.48  81.80  23.07   0.72   0.54   -0.006  0.081 -0.098 -0.029
   74     36.18-102.58  70.34  22.26   0.56   0.67   -0.015 -0.141  0.155  0.465
   75     46.57-108.13   2.85   0.09   1.15  -0.34   -0.128 -0.545  0.393 -0.016
   76     54.60-217.19 302.17   0.10   0.00   0.00    0.000  0.000  0.000  0.000
   77     44.06  50.83  93.72  16.76   0.57   0.10   -0.038 -0.094 -0.008 -0.043
   78     41.77  38.44  66.41  22.05   0.67   0.22   -0.026  0.074 -0.094  0.048
   79     58.56 -69.61  -4.56   0.32   0.58  -0.67   -0.040  0.159 -0.093  0.219
   80     26.66 -70.04  -5.95   0.35   0.57  -0.64   -0.041  0.102 -0.143  0.239
   81     26.85 -69.95  -4.69   0.19   0.62  -0.63   -0.046  0.167 -0.116  0.083
   82     23.25 -69.93  -4.56   0.26   0.47  -0.84   -0.054  0.186 -0.099  0.146
   83     23.17 -71.05  -6.14   6.76   0.21  -0.62   -0.026  0.132 -0.007  0.161
   84     21.19 -43.26   8.62  21.05   0.05  -0.15   -0.006  0.127 -0.192  0.055
   85     24.52-167.51 -46.36  10.91   0.91   1.01   -0.078 -0.045  0.055  0.009
   86     44.06 -12.23  30.10  18.24   0.23  -0.21   -0.036  0.105 -0.137  0.135
   87     28.77 -61.59   6.96   2.90   0.26  -0.70   -0.031  0.062 -0.182  0.298
   88     38.06-103.69 -28.20   8.51   0.71  -0.26   -0.039  0.168 -0.077  0.112
   89     47.77-141.84  89.43  20.22   0.51   1.28   -0.026 -0.039  0.055  0.018
   90     48.27-139.81  88.16  20.12   0.49   1.20   -0.031  0.008  0.119  0.020
   91     34.05  33.51  85.15  19.51   0.87   0.43   -0.047  0.048  0.007  0.006

 A V E R A G E   of ADJUSTMENTS :                    -0.049  0.020  0.006  0.044
 A V E R A G E   of ABSOLUTE ADJUSTMENTS :            0.050  0.118  0.101  0.109


 Step length damping of 0.14491 was applied.


 Velocity adjustments:
     vp    dvp      hp   reflector
 Velocity model   1
   5.082  0.052   -5.000      
   5.498  0.088    4.950      
   5.632  0.002    9.600      
   6.256  0.056    9.790      
   6.263 -0.047   11.500      
   6.591  0.011   18.940      
   7.546  0.036   25.370      
   7.880 -0.200   29.170      
   7.974 -0.196   33.500      
   8.189 -0.001   38.460      

 Calculation of average velocity starts at layer #           1
 z = -5.00 ...  4.95    v = 5.08    AVEL = 5.08 downto z =   4.95
 z =  4.95 ...  9.60    v = 5.50    AVEL = 5.21 downto z =   9.60
 z =  9.60 ...  9.79    v = 5.63    AVEL = 5.22 downto z =   9.79
 z =  9.79 ... 11.50    v = 6.26    AVEL = 5.33 downto z =  11.50
 z = 11.50 ... 18.94    v = 6.26    AVEL = 5.62 downto z =  18.94
 z = 18.94 ... 25.37    v = 6.59    AVEL = 5.82 downto z =  25.37
 z = 25.37 ... 29.17    v = 7.55    AVEL = 6.02 downto z =  29.17
 z = 29.17 ... 33.50    v = 7.88    AVEL = 6.23 downto z =  33.50
 z = 33.50 ... 38.46    v = 7.97    AVEL = 6.42 downto z =  38.46


 Calculation of average velocity starts at layer #           2
 z =  4.95 ...  9.60    v = 5.50    AVEL = 5.50 downto z =   9.60
 z =  9.60 ...  9.79    v = 5.63    AVEL = 5.50 downto z =   9.79
 z =  9.79 ... 11.50    v = 6.26    AVEL = 5.70 downto z =  11.50
 z = 11.50 ... 18.94    v = 6.26    AVEL = 6.00 downto z =  18.94
 z = 18.94 ... 25.37    v = 6.59    AVEL = 6.19 downto z =  25.37
 z = 25.37 ... 29.17    v = 7.55    AVEL = 6.40 downto z =  29.17
 z = 29.17 ... 33.50    v = 7.88    AVEL = 6.62 downto z =  33.50
 z = 33.50 ... 38.46    v = 7.97    AVEL = 6.82 downto z =  38.46



 Adjusted station corrections:
   stn  ptcor  dpcor  
  624   0.000  0.000  628  -0.045 -0.045  630  -0.020 -0.020  627   0.007  0.007
  621   0.012  0.012  629   0.020  0.020  622   0.013  0.013  620   0.002  0.002
  623   0.038  0.038  626   0.012  0.012  625   0.015  0.015  631   0.032  0.032
  632  -0.031 -0.031

 ~~~ another iteration? ...



--------------------------------------------------------------------------------



           ITERATION no  2

 ~~~ set units for this iteration ...
 ~~~ determine number of unknowns for this iter. ...

 Number of unknowns (for array-indexing):  nvar =  386
 Number of effective unknowns        :  nvareff =  387
 Number of elements on/below main diagonal of matrix G = At*A : kvar =   74691

 Damping factors to be used in this iteration:
   Othet=   0.010   XYthet  =   0.010   Zthet=  0.010
 STAthet=   0.010   Vthet   =   1.000

 ~~~ damp G ...
 ~~~ solve G * b = RHT ...
 ~~~ fix units ...
 ~~~ apply eventually step-length damping ...
 ~~~ adjust model (hypocenters, stacorr & veloc.) ...

 doing velocity adjustments now...

 doing station-correction adjustments...

 ~~~ compute effective step-length ...

 (Applied) Step length =   3.358

 ~~~ set units for next iteration ...
 ~~~ determine number of unknowns for next iter. ...

 Number of unknowns (for array-indexing):  nvar =  386
 Number of effective unknowns        :  nvareff =  387
 Number of elements on/below main diagonal of matrix G = At*A : kvar =   74691

 ~~~ reset G and RHT ...
 ~~~ raytracing, setup G ...
 ~~~ store parts of G ...
 ~~~ set units back for current iteration ...
 ~~~ determine number of unknowns for this iter. ...

 Number of unknowns (for array-indexing):  nvar =  386
 Number of effective unknowns        :  nvareff =  387
 Number of elements on/below main diagonal of matrix G = At*A : kvar =   74691

 ~~~ compute RMS and DATVAR ...

 $$$$$$$$$$$$$$$$$$$$$$$$$$$$$$$$$$$$$$$$$$$$$$$$$
 Events with  | AVRES | > 1.0 SEC are suspicious !

 Event#  10 >>>  160920 1607  AVRES =  2.16 NOBS =  2
 Event#  11 >>>  160925 1911  AVRES =  1.91 NOBS =  2
 Event#  57 >>>  170409 0856  AVRES =  1.45 NOBS =  6
 Event#  58 >>>  170409 0902  AVRES =  1.14 NOBS =  7
 Event#  64 >>>  170414 0540  AVRES =  1.74 NOBS = 11
 Event#  89 >>>  170427 2010  AVRES =  1.05 NOBS =  8

 ^^^^^^^^^ C H E C K   these events above ^^^^^^^^
 $$$$$$$$$$$$$$$$$$$$$$$$$$$$$$$$$$$$$$$$$$$$$$$$$

 ~~~ check solution (better? worse?) ...

 Iteration nr  2 obtained:
 DATVAR=    1.320861 mean sqrd residual=     0.568029  RMS RESIDUAL=     0.753677

 After  2 iterations we got:
 Average absolute & unweighted [and mean] residual of
   278 straight and direct rays =  0.26603 [ -0.25793]
   401 refracted           rays =  0.77593 [  0.40019]
     0 reflected           rays =  0.00000 [  0.00000]

   679 ALL                 RAYS =  0.56716 [  0.13074]      -17.25 %

 ~~~ iteration done; output results ...

  eq       ot     x      y      z      rms    avres   dot     dx     dy     dz
    1      9.05  38.64 111.95  22.99   0.40   0.26   -0.024  0.100 -0.039 -0.054
    2      9.26  38.23 110.53  22.77   0.40   0.22   -0.033  0.077 -0.023 -0.075
    3     27.16-130.18  -7.89  12.06   0.64   0.39   -0.079 -0.173  0.441 -0.005
    4     15.55-131.02  -6.59  10.65   0.77   0.47   -0.085 -0.009  0.183 -0.239
    5     45.65 -40.31  38.73  23.84   0.29   0.02   -0.029  0.020  0.010  0.047
    6     49.42 -36.62  40.66  17.16   0.12  -0.25   -0.034  0.153 -0.028  0.304
    7     13.81-134.64-119.19   6.02   1.11   0.77   -0.107  0.344 -0.046 -0.276
    8     30.28-141.01 -43.68   8.58   0.73   0.74   -0.077 -0.048  0.040 -0.049
    9     39.59  10.92  56.55  12.26   0.06  -0.34   -0.063  0.024 -0.063  0.095
   10     18.07 -87.79-308.24  16.22   1.08   2.16   -0.097 -0.391  0.032  0.010
   11      5.26 -63.17-309.65  15.63   1.32   1.91   -0.153 -0.491 -0.004  0.016
   12     51.09  35.08  94.79  16.44   0.20  -0.13   -0.053  0.079  0.052  0.471
   13     46.82  33.54  97.98  19.20   0.48   0.15   -0.038  0.115  0.031  0.121
   14     55.76  33.34  97.56  14.38   0.64  -0.03   -0.072  0.053  0.013  0.287
   15     44.61  34.02  97.39  17.41   0.71   0.28   -0.044  0.048  0.049  0.153
   16     44.79  34.93  96.08  18.64   0.77   0.37   -0.062 -0.052  0.201  0.053
   17     22.00  -0.79  82.54  18.62   0.60  -0.03   -0.050  0.107  0.090  0.134
   18     36.37 -34.05   4.63  12.11   0.13  -0.28   -0.081  0.081  0.072  0.525
   19     33.22  41.17  64.15  10.11   0.12  -0.34   -0.057 -0.144 -0.100  0.017
   20     45.88  37.84  85.08  16.26   0.53   0.08   -0.058 -0.001 -0.029  0.104
   21     34.03  36.41  82.49  14.10   0.62  -0.09   -0.036 -0.014 -0.162 -0.176
   22     25.79  35.62  85.35  13.88   0.27  -0.25   -0.060 -0.057 -0.007  0.230
   23     15.83  35.15  85.92  11.03   0.35  -0.29   -0.041 -0.146 -0.239 -0.470
   24      1.81  34.65  82.53   5.40   0.41  -0.52   -0.113 -0.127  0.321 -0.053
   25     48.62 -45.84  23.45  22.36   0.12  -0.07    0.011  0.091 -0.150  0.204
   26     27.53 -70.11  -4.04  10.49   0.08  -0.32   -0.051  0.227 -0.205  0.107
   27      0.13  -0.52  49.21  13.40   0.34  -0.15   -0.039  0.089 -0.166  0.156
   28     59.01  37.57  76.16  11.12   0.68   0.01   -0.051  0.006 -0.020 -0.282
   29     20.08-148.62 -12.62  14.49   0.62   0.67   -0.060  0.078  0.119 -0.080
   30      2.85  35.76  76.63  12.72   0.79   0.15   -0.025 -0.035 -0.082 -0.368
   31     20.91  36.22  77.41  14.13   0.78   0.11   -0.046 -0.146 -0.027 -0.063
   32     50.72  36.79  76.91  15.33   0.20  -0.26   -0.034 -0.034 -0.108 -0.083
   33      0.76  37.15  76.04  15.41   0.47  -0.09   -0.020 -0.015 -0.084 -0.081
   34     55.42 -16.76  34.88  24.47   0.05  -0.09   -0.002  0.191 -0.024  0.054
   35     39.13 -71.62  -8.70   4.20   0.33  -0.54   -0.051  0.124 -0.165  0.457
   36     59.04  36.44  77.76  15.03   0.67   0.07   -0.027 -0.032 -0.073 -0.063
   37      5.53  31.28  50.11  14.69   0.09  -0.29   -0.035 -0.019 -0.042 -0.138
   38     46.44  72.76  72.80  16.80   0.55   0.08   -0.030 -0.185 -0.106 -0.090
   39     13.97   0.79  26.05   3.91   0.28  -0.62   -0.074  0.042 -0.137  0.012
   40     14.53 -41.79  13.95  16.74   0.10  -0.26   -0.032  0.112 -0.020 -0.032
   41     56.30  34.86  78.96   5.79   0.17  -0.60   -0.063 -0.022 -0.049  0.483
   42     34.26  -3.82  46.21  18.05   0.10  -0.19   -0.016  0.144 -0.035  0.006
   43     24.54-110.35 -39.21   6.01   0.39  -0.50   -0.036  0.247  0.122  0.433
   44     49.59  30.28  50.56   8.43   0.13  -0.50   -0.068 -0.058  0.116  0.139
   45     41.15-144.97  45.84  18.50   0.58   0.73   -0.032  0.031  0.266  0.137
   46     34.05 -57.43  -0.97  16.40   0.09  -0.21   -0.019  0.118 -0.066  0.129
   47      0.98  10.83  80.56  22.03   0.75   0.35   -0.013  0.193  0.003  0.098
   48     37.20  10.79  81.59  23.44   0.34   0.06   -0.009  0.152  0.039  0.020
   49     35.67  54.56  84.43  22.46   0.42  -0.01   -0.035 -0.111 -0.053 -0.000
   50     36.03-102.31 -35.48  15.38   0.66   0.28   -0.037  0.114  0.051  0.147
   51     53.03-100.82 -54.25   8.52   0.86   0.47   -0.101  0.313  0.258 -0.512
   52     43.09-115.63  43.61  15.66   0.66   0.33   -0.051 -0.065  0.410  0.145
   53      0.98  10.80  80.79  21.48   0.72   0.36   -0.015  0.179  0.066  0.129
   54      2.46 -83.68 322.69  15.70   0.36   1.00   -0.455 -0.009 -0.061  0.047
   55      2.76 -89.66 304.24   0.51   0.25   0.96   -0.359  0.095 -0.018  0.055
   56     44.82  35.88  67.48  14.84   0.71   0.06   -0.042 -0.010 -0.105 -0.056
   57     47.03 -84.66 154.83  15.65   0.49   1.45   -0.089  0.072  0.183  0.034
   58     45.50 -80.56 150.98  15.08   0.69   1.14   -0.054  0.349  0.196 -0.016
   59      8.44 -82.11   0.41   3.36   0.79  -0.41   -0.040  0.056  0.106  0.434
   60      3.42-110.76-118.30   3.40   1.16   0.71   -0.099  0.024  0.288 -0.245
   61      0.38-130.69 -55.02   0.89   0.60  -0.34   -0.126 -0.341 -0.013  0.416
   62     19.98  20.01 152.48  15.50   0.86   0.73   -0.069  0.415 -0.109 -0.075
   63     18.77 -47.13  29.73  20.53   0.24  -0.09   -0.017  0.106 -0.069  0.270
   64      4.56-162.43 184.86   8.08   0.69   1.74   -0.121  0.827  1.050  0.059
   65     23.37 -47.79  20.38  15.82   0.08  -0.24   -0.012  0.151 -0.128  0.150
   66     32.77-152.42  43.37  18.19   0.50   0.63   -0.024 -0.070  0.303  0.177
   67     41.86 -37.07  -5.15  19.12   0.33  -0.05   -0.016  0.182 -0.117 -0.038
   68     14.10  50.62 106.02  19.98   0.53   0.47   -0.059 -0.115  0.223 -0.265
   69     48.30-214.97-349.14  73.50   0.00   0.00    0.000  0.000  0.000  0.000
   70      5.41  33.92  96.96  19.37   0.74   0.43   -0.046  0.136  0.082  0.041
   71      4.04   6.27  56.35   1.57   0.57  -0.53   -0.033  0.086 -0.242  0.087
   72     56.20 132.66-297.76  96.98   0.39   0.63   -0.625 -0.045  0.059 -0.019
   73     12.87  50.61  81.71  23.08   0.59   0.45   -0.025  0.135 -0.093  0.007
   74     36.13-102.59  70.57  22.39   0.45   0.57   -0.051 -0.005  0.227  0.123
   75     46.48-108.39   3.34   0.31   1.08  -0.26   -0.096 -0.262  0.494  0.215
   76     54.60-217.19 302.17   0.10   0.00   0.00    0.000  0.000  0.000  0.000
   77     44.01  50.87  93.81  16.86   0.47   0.09   -0.054  0.044  0.089  0.107
   78     41.75  38.53  66.32  22.04   0.56   0.18   -0.029  0.089 -0.095 -0.009
   79     58.50 -69.37  -4.58   0.65   0.52  -0.54   -0.059  0.247 -0.021  0.331
   80     26.60 -69.85  -6.02   0.71   0.51  -0.51   -0.060  0.183 -0.072  0.363
   81     26.79 -69.69  -4.74   0.37   0.56  -0.50   -0.064  0.257 -0.046  0.177
   82     23.17 -69.66  -4.59   0.54   0.42  -0.67   -0.073  0.274 -0.023  0.288
   83     23.15 -70.85  -6.04   7.19   0.18  -0.50   -0.025  0.201  0.103  0.429
   84     21.19 -43.08   8.44  21.11   0.05  -0.12   -0.000  0.171 -0.185  0.060
   85     24.44-167.51 -46.35  10.87   0.76   0.84   -0.080 -0.001  0.015 -0.040
   86     44.03 -12.11  29.97  18.43   0.20  -0.16   -0.034  0.121 -0.137  0.194
   87     28.72 -61.46   6.71   3.33   0.21  -0.57   -0.050  0.129 -0.248  0.434
   88     37.97-103.52 -28.19   8.49   0.62  -0.19   -0.089  0.173  0.011 -0.019
   89     47.73-141.88  89.56  20.29   0.39   1.05   -0.044 -0.042  0.126  0.071
   90     48.22-139.80  88.36  20.20   0.36   0.99   -0.050  0.006  0.201  0.081
   91     34.00  33.62  85.10  19.54   0.71   0.35   -0.049  0.118 -0.049  0.035

 A V E R A G E   of ADJUSTMENTS :                    -0.064  0.055  0.028  0.067
 A V E R A G E   of ABSOLUTE ADJUSTMENTS :            0.064  0.127  0.120  0.155


 Step length damping of 0.18242 was applied.


 Velocity adjustments:
     vp    dvp      hp   reflector
 Velocity model   1
   5.114  0.032   -5.000      
   5.641  0.143    4.950      
   5.646  0.013    9.600      
   6.197 -0.059    9.790      
   6.254 -0.009   11.500      
   6.565 -0.025   18.940      
   7.486 -0.060   25.370      
   7.680 -0.200   29.170      
   7.783 -0.191   33.500      
   7.996 -0.193   38.460      

 Calculation of average velocity starts at layer #           1
 z = -5.00 ...  4.95    v = 5.11    AVEL = 5.11 downto z =   4.95
 z =  4.95 ...  9.60    v = 5.64    AVEL = 5.28 downto z =   9.60
 z =  9.60 ...  9.79    v = 5.65    AVEL = 5.29 downto z =   9.79
 z =  9.79 ... 11.50    v = 6.20    AVEL = 5.38 downto z =  11.50
 z = 11.50 ... 18.94    v = 6.25    AVEL = 5.65 downto z =  18.94
 z = 18.94 ... 25.37    v = 6.57    AVEL = 5.85 downto z =  25.37
 z = 25.37 ... 29.17    v = 7.49    AVEL = 6.03 downto z =  29.17
 z = 29.17 ... 33.50    v = 7.68    AVEL = 6.21 downto z =  33.50
 z = 33.50 ... 38.46    v = 7.78    AVEL = 6.39 downto z =  38.46


 Calculation of average velocity starts at layer #           2
 z =  4.95 ...  9.60    v = 5.64    AVEL = 5.64 downto z =   9.60
 z =  9.60 ...  9.79    v = 5.65    AVEL = 5.64 downto z =   9.79
 z =  9.79 ... 11.50    v = 6.20    AVEL = 5.79 downto z =  11.50
 z = 11.50 ... 18.94    v = 6.25    AVEL = 6.03 downto z =  18.94
 z = 18.94 ... 25.37    v = 6.57    AVEL = 6.20 downto z =  25.37
 z = 25.37 ... 29.17    v = 7.49    AVEL = 6.40 downto z =  29.17
 z = 29.17 ... 33.50    v = 7.68    AVEL = 6.60 downto z =  33.50
 z = 33.50 ... 38.46    v = 7.78    AVEL = 6.77 downto z =  38.46



 Adjusted station corrections:
   stn  ptcor  dpcor  
  624   0.000  0.000  628  -0.087 -0.041  630  -0.048 -0.028  627   0.015  0.008
  621   0.030  0.018  629   0.034  0.014  622   0.033  0.020  620   0.020  0.017
  623   0.082  0.045  626   0.030  0.018  625   0.036  0.021  631   0.061  0.028
  632  -0.070 -0.040

 ~~~ another iteration? ...



--------------------------------------------------------------------------------



           ITERATION no  3

 ~~~ set units for this iteration ...
 ~~~ determine number of unknowns for this iter. ...

 Number of unknowns (for array-indexing):  nvar =  386
 Number of effective unknowns        :  nvareff =  387
 Number of elements on/below main diagonal of matrix G = At*A : kvar =   74691

 Damping factors to be used in this iteration:
   Othet=   0.010   XYthet  =   0.010   Zthet=  0.010
 STAthet=   0.010   Vthet   =   1.000

 ~~~ damp G ...
 ~~~ solve G * b = RHT ...
 ~~~ fix units ...
 ~~~ apply eventually step-length damping ...
 ~~~ adjust model (hypocenters, stacorr & veloc.) ...

 doing velocity adjustments now...
 WARNING: Tried to introduce a low-velocity-layer! (Layer  3)
 Setting DVP from  0.00 to 0.0 and VP to vp(layer_above)+0.001
 WARNING: Tried to introduce a low-velocity-layer! (Layer  5)
 Setting DVP from -0.06 to 0.0 and VP to vp(layer_above)+0.001

 doing station-correction adjustments...

 ~~~ compute effective step-length ...

 (Applied) Step length =   3.465

 ~~~ set units for next iteration ...
 ~~~ determine number of unknowns for next iter. ...

 Number of unknowns (for array-indexing):  nvar =  386
 Number of effective unknowns        :  nvareff =  387
 Number of elements on/below main diagonal of matrix G = At*A : kvar =   74691

 ~~~ reset G and RHT ...
 ~~~ raytracing, setup G ...
 ~~~ store parts of G ...
 ~~~ set units back for current iteration ...
 ~~~ determine number of unknowns for this iter. ...

 Number of unknowns (for array-indexing):  nvar =  386
 Number of effective unknowns        :  nvareff =  387
 Number of elements on/below main diagonal of matrix G = At*A : kvar =   74691

 ~~~ compute RMS and DATVAR ...

 $$$$$$$$$$$$$$$$$$$$$$$$$$$$$$$$$$$$$$$$$$$$$$$$$
 Events with  | AVRES | > 1.0 SEC are suspicious !

 Event#  10 >>>  160920 1607  AVRES =  1.66 NOBS =  2
 Event#  11 >>>  160925 1911  AVRES =  1.46 NOBS =  2
 Event#  57 >>>  170409 0856  AVRES =  1.12 NOBS =  6
 Event#  64 >>>  170414 0540  AVRES =  1.35 NOBS = 11

 ^^^^^^^^^ C H E C K   these events above ^^^^^^^^
 $$$$$$$$$$$$$$$$$$$$$$$$$$$$$$$$$$$$$$$$$$$$$$$$$

 ~~~ check solution (better? worse?) ...

 Iteration nr  3 obtained:
 DATVAR=    0.838684 mean sqrd residual=     0.360671  RMS RESIDUAL=     0.600559

 After  3 iterations we got:
 Average absolute & unweighted [and mean] residual of
   310 straight and direct rays =  0.20033 [ -0.17948]
   369 refracted           rays =  0.64883 [  0.36805]
     0 reflected           rays =  0.00000 [  0.00000]

   679 ALL                 RAYS =  0.44407 [  0.11808]      -21.70 %

 ~~~ iteration done; output results ...

  eq       ot     x      y      z      rms    avres   dot     dx     dy     dz
    1      9.04  38.50 111.97  22.92   0.31   0.21   -0.010 -0.137  0.024 -0.064
    2      9.24  38.17 110.66  22.82   0.31   0.18   -0.017 -0.057  0.131  0.050
    3     27.11-130.24  -7.63  12.04   0.51   0.33   -0.053 -0.065  0.262 -0.024
    4     15.51-131.13  -6.37  10.64   0.62   0.39   -0.041 -0.106  0.215 -0.008
    5     45.64 -40.28  38.58  23.89   0.24   0.02   -0.007  0.039 -0.145  0.042
    6     49.38 -36.50  40.60  17.56   0.12  -0.18   -0.040  0.125 -0.056  0.403
    7     13.74-134.33-119.27   5.80   0.85   0.63   -0.069  0.310 -0.088 -0.225
    8     30.23-141.12 -43.57   8.57   0.57   0.59   -0.043 -0.114  0.118 -0.018
    9     39.57  10.90  56.45  12.28   0.06  -0.25   -0.023 -0.020 -0.101  0.022
   10     17.97 -88.30-308.20  16.23   1.06   1.66   -0.100 -0.512  0.040  0.010
   11      5.10 -63.81-309.65  15.65   1.31   1.46   -0.160 -0.643 -0.008  0.016
   12     51.05  35.00  94.93  16.84   0.15  -0.08   -0.044 -0.083  0.142  0.399
   13     46.80  33.62  98.10  19.29   0.38   0.13   -0.024  0.083  0.122  0.086
   14     55.71  33.26  97.57  14.57   0.48  -0.00   -0.050 -0.088  0.018  0.189
   15     44.58  33.95  97.45  17.52   0.56   0.23   -0.031 -0.072  0.061  0.105
   16     44.75  34.81  96.31  18.59   0.61   0.29   -0.042 -0.118  0.226 -0.050
   17     21.97  -0.71  82.60  18.66   0.46  -0.01   -0.031  0.078  0.059  0.036
   18     36.33 -34.02   4.71  12.46   0.11  -0.20   -0.042  0.031  0.075  0.355
   19     33.23  41.09  64.09  10.19   0.11  -0.25    0.005 -0.077 -0.060  0.083
   20     45.84  37.79  85.05  16.15   0.41   0.08   -0.044 -0.043 -0.026 -0.106
   21     34.02  36.25  82.33  13.75   0.51  -0.05   -0.008 -0.162 -0.162 -0.356
   22     25.75  35.44  85.36  13.98   0.22  -0.17   -0.034 -0.184  0.008  0.105
   23     15.82  34.92  85.72  10.92   0.31  -0.18   -0.004 -0.222 -0.208 -0.109
   24      1.75  34.53  82.85   5.17   0.38  -0.36   -0.060 -0.125  0.314 -0.231
   25     48.64 -45.77  23.27  22.56   0.10  -0.04    0.020  0.064 -0.180  0.196
   26     27.51 -69.97  -4.23  10.62   0.06  -0.22   -0.011  0.143 -0.183  0.126
   27      0.11  -0.45  49.02  13.62   0.26  -0.10   -0.022  0.073 -0.188  0.220
   28     59.00  37.55  76.14  11.03   0.53   0.04   -0.013 -0.020 -0.017 -0.089
   29     20.05-148.48 -12.39  14.15   0.48   0.54   -0.033  0.140  0.233 -0.336
   30      2.85  35.62  76.59  12.36   0.64   0.14   -0.001 -0.144 -0.041 -0.360
   31     20.88  35.96  77.41  14.09   0.62   0.11   -0.026 -0.261 -0.003 -0.044
   32     50.69  36.68  76.82  15.44   0.15  -0.18   -0.029 -0.116 -0.092  0.109
   33      0.76  37.03  75.93  15.29   0.38  -0.05    0.001 -0.125 -0.104 -0.124
   34     55.42 -16.56  34.87  24.57   0.05  -0.06    0.010  0.203 -0.008  0.098
   35     39.18 -71.39  -8.57   4.53   0.29  -0.41    0.053  0.224  0.121  0.337
   36     59.03  36.30  77.69  15.02   0.54   0.07   -0.012 -0.133 -0.066 -0.014
   37      5.52  31.19  50.01  14.60   0.08  -0.21   -0.015 -0.092 -0.096 -0.097
   38     46.46  72.45  72.50  16.57   0.44   0.08    0.018 -0.313 -0.299 -0.231
   39     13.93   0.83  25.92   3.88   0.21  -0.47   -0.035  0.037 -0.121 -0.024
   40     14.50 -41.71  13.95  16.63   0.11  -0.18   -0.026  0.079  0.003 -0.104
   41     56.29  34.84  78.83   6.19   0.15  -0.44   -0.009 -0.025 -0.127  0.407
   42     34.25  -3.69  46.14  18.11   0.08  -0.14   -0.013  0.127 -0.074  0.054
   43     24.54-110.20 -39.12   6.25   0.36  -0.36    0.002  0.151  0.088  0.246
   44     49.59  30.18  50.47   8.33   0.09  -0.38    0.002 -0.106 -0.090 -0.094
   45     41.16-144.98  46.00  18.57   0.42   0.57    0.007 -0.009  0.160  0.078
   46     34.02 -57.34  -1.15  16.62   0.08  -0.15   -0.030  0.095 -0.171  0.223
   47      1.00  10.96  80.56  22.06   0.59   0.28    0.013  0.134 -0.002  0.021
   48     37.22  10.86  81.62  23.50   0.27   0.06    0.013  0.075  0.025  0.061
   49     35.65  54.39  84.41  22.55   0.36   0.01   -0.021 -0.168 -0.014  0.094
   50     36.02-102.02 -35.44  15.18   0.53   0.24   -0.015  0.285  0.042 -0.204
   51     52.99-100.52 -53.82   7.91   0.70   0.40   -0.036  0.301  0.431 -0.610
   52     43.02-115.86  43.85  15.66   0.54   0.28   -0.061 -0.229  0.245  0.003
   53      0.99  10.93  80.86  21.52   0.57   0.29    0.010  0.121  0.074  0.045
   54      2.01 -83.70 322.62  15.74   0.32   0.76   -0.455 -0.020 -0.066  0.045
   55      2.42 -89.57 304.23   0.57   0.18   0.74   -0.341  0.094 -0.017  0.051
   56     44.80  35.76  67.31  14.68   0.57   0.07   -0.017 -0.117 -0.179 -0.160
   57     46.96 -84.75 155.02  15.69   0.42   1.12   -0.071 -0.089  0.187  0.040
   58     45.47 -80.26 151.24  15.13   0.53   0.89   -0.029  0.296  0.265  0.048
   59      8.47 -81.83   0.53   3.51   0.70  -0.29    0.028  0.278  0.116  0.156
   60      3.38-110.60-118.03   3.17   0.97   0.57   -0.039  0.151  0.262 -0.223
   61      0.31-131.10 -55.18   1.49   0.53  -0.23   -0.067 -0.408 -0.156  0.591
   62     19.95  20.34 152.40  15.45   0.69   0.58   -0.028  0.330 -0.077 -0.047
   63     18.77 -47.08  29.61  20.62   0.19  -0.06    0.004  0.057 -0.121  0.095
   64      4.45-161.53 186.06   8.16   0.61   1.35   -0.109  0.893  1.201  0.087
   65     23.36 -47.63  20.21  16.01   0.08  -0.17   -0.008  0.159 -0.171  0.193
   66     32.78-152.46  43.66  18.34   0.39   0.50    0.015 -0.045  0.293  0.148
   67     41.85 -37.02  -5.32  18.98   0.28  -0.01   -0.010  0.054 -0.168 -0.135
   68     14.06  50.61 106.22  19.73   0.42   0.38   -0.034 -0.013  0.198 -0.246
   69     48.30-214.97-349.14  73.50   0.00   0.00    0.000  0.000  0.000  0.000
   70      5.38  34.03  97.13  19.41   0.58   0.34   -0.032  0.105  0.170  0.038
   71      4.04   6.30  56.32   0.96   0.56  -0.40    0.001  0.030 -0.027 -0.611
   72     55.52 132.61-297.70  96.96   0.22   0.46   -0.681 -0.050  0.066 -0.021
   73     12.87  50.78  81.49  23.14   0.47   0.36    0.003  0.170 -0.219  0.066
   74     36.10-102.68  70.72  22.44   0.34   0.45   -0.033 -0.092  0.152  0.052
   75     46.45-108.87   3.78   0.62   1.03  -0.17   -0.030 -0.473  0.438  0.308
   76     54.60-217.19 302.17   0.10   0.00   0.00    0.000  0.000  0.000  0.000
   77     43.99  50.80  93.75  16.82   0.37   0.09   -0.016 -0.079 -0.064 -0.041
   78     41.74  38.62  66.18  22.09   0.44   0.15   -0.009  0.088 -0.137  0.046
   79     58.52 -69.26  -4.73   0.92   0.47  -0.39    0.017  0.102 -0.151  0.270
   80     26.61 -69.82  -6.23   1.01   0.45  -0.37    0.014  0.036 -0.208  0.296
   81     26.80 -69.58  -4.91   0.42   0.49  -0.36    0.010  0.118 -0.176  0.050
   82     23.17 -69.52  -4.76   0.62   0.38  -0.50   -0.002  0.132 -0.178  0.082
   83     23.16 -70.70  -6.00   7.30   0.14  -0.38    0.014  0.145  0.037  0.113
   84     21.20 -42.92   8.20  21.15   0.05  -0.08    0.006  0.162 -0.237  0.034
   85     24.36-167.38 -46.43  10.51   0.60   0.68   -0.079  0.127 -0.085 -0.356
   86     44.01 -12.00  29.82  18.48   0.15  -0.11   -0.020  0.103 -0.149  0.048
   87     28.74 -61.41   6.51   3.72   0.16  -0.42    0.022  0.056 -0.199  0.386
   88     37.95-103.38 -28.24   8.55   0.51  -0.10   -0.026  0.142 -0.059  0.062
   89     47.72-141.90  89.78  20.41   0.29   0.82   -0.009 -0.020  0.218  0.119
   90     48.21-139.84  88.64  20.40   0.25   0.77   -0.011 -0.035  0.278  0.196
   91     33.97  33.69  85.10  19.56   0.56   0.29   -0.035  0.067  0.005  0.021

 A V E R A G E   of ADJUSTMENTS :                    -0.036  0.009  0.017  0.027
 A V E R A G E   of ABSOLUTE ADJUSTMENTS :            0.042  0.141  0.140  0.145


 Step length damping of 0.23260 was applied.


 Velocity adjustments:
     vp    dvp      hp   reflector
 Velocity model   1
   5.244  0.130   -5.000      
   5.756  0.116    4.950      
   5.757  0.000    9.600      
   6.211  0.014    9.790      
   6.212  0.000   11.500      
   6.581  0.016   18.940      
   7.364 -0.122   25.370      
   7.497 -0.183   29.170      
   7.622 -0.162   33.500      
   7.796 -0.200   38.460      

 Calculation of average velocity starts at layer #           1
 z = -5.00 ...  4.95    v = 5.24    AVEL = 5.24 downto z =   4.95
 z =  4.95 ...  9.60    v = 5.76    AVEL = 5.41 downto z =   9.60
 z =  9.60 ...  9.79    v = 5.76    AVEL = 5.41 downto z =   9.79
 z =  9.79 ... 11.50    v = 6.21    AVEL = 5.49 downto z =  11.50
 z = 11.50 ... 18.94    v = 6.21    AVEL = 5.72 downto z =  18.94
 z = 18.94 ... 25.37    v = 6.58    AVEL = 5.90 downto z =  25.37
 z = 25.37 ... 29.17    v = 7.36    AVEL = 6.06 downto z =  29.17
 z = 29.17 ... 33.50    v = 7.50    AVEL = 6.22 downto z =  33.50
 z = 33.50 ... 38.46    v = 7.62    AVEL = 6.38 downto z =  38.46


 Calculation of average velocity starts at layer #           2
 z =  4.95 ...  9.60    v = 5.76    AVEL = 5.76 downto z =   9.60
 z =  9.60 ...  9.79    v = 5.76    AVEL = 5.76 downto z =   9.79
 z =  9.79 ... 11.50    v = 6.21    AVEL = 5.88 downto z =  11.50
 z = 11.50 ... 18.94    v = 6.21    AVEL = 6.05 downto z =  18.94
 z = 18.94 ... 25.37    v = 6.58    AVEL = 6.22 downto z =  25.37
 z = 25.37 ... 29.17    v = 7.36    AVEL = 6.40 downto z =  29.17
 z = 29.17 ... 33.50    v = 7.50    AVEL = 6.57 downto z =  33.50
 z = 33.50 ... 38.46    v = 7.62    AVEL = 6.72 downto z =  38.46



 Adjusted station corrections:
   stn  ptcor  dpcor  
  624   0.000  0.000  628  -0.129 -0.043  630  -0.069 -0.021  627   0.030  0.015
  621   0.043  0.013  629   0.057  0.023  622   0.047  0.013  620   0.015 -0.005
  623   0.121  0.039  626   0.052  0.022  625   0.056  0.020  631   0.109  0.048
  632  -0.091 -0.020

 ~~~ another iteration? ...
 NITT = ITTMAX  --> stop iterations.
 ~~~ final solution reached ...

 ~~~ damp G & Chol.-Decomp.: NOT made (switch iresolcalc is NOT set !)

 Final rms values:  0.31 0.31 0.51 0.62 0.24 0.12 0.85 0.57 0.06 1.06
                    1.31 0.15 0.38 0.48 0.56 0.61 0.46 0.11 0.11 0.41
                    0.51 0.22 0.31 0.38 0.10 0.06 0.26 0.53 0.48 0.64
                    0.62 0.15 0.38 0.05 0.29 0.54 0.08 0.44 0.21 0.11
                    0.15 0.08 0.36 0.09 0.42 0.08 0.59 0.27 0.36 0.53
                    0.70 0.54 0.57 0.32 0.18 0.57 0.42 0.53 0.70 0.97
                    0.53 0.69 0.19 0.61 0.08 0.39 0.28 0.42 0.00 0.58
                    0.56 0.22 0.47 0.34 1.03 0.00 0.37 0.44 0.47 0.45
                    0.49 0.38 0.14 0.05 0.60 0.15 0.16 0.51 0.29 0.25
                    0.56



 ~~~ output final hypocenters ...

      date    origin   latitude longitude  depth  mag  no  rms      x      y      z
   1 160818 1613  9.04 73.0035N 124.8533E  22.92 1.40   6 0.307   38.50 111.97  22.92
   2 160818 1613  9.24 72.9917N 124.8633E  22.82 1.10   6 0.314   38.17 110.66  22.82
   3 160819 0959 27.11 71.9316N 129.7679E  12.04 4.00  12 0.505 -130.24  -7.63  12.04
   4 160820 1506 15.51 71.9429N 129.7947E  10.64 1.50   9 0.622 -131.13  -6.37  10.64
   5 160820 1904 45.64 72.3457N 127.1782E  23.89 1.20   6 0.242  -40.28  38.58  23.89
   6 160822 1318 49.38 72.3639N 127.0683E  17.56 0.60   8 0.117  -36.50  40.60  17.56
   7 160823 0652 13.74 70.9311N 129.7850E   5.80 2.90   6 0.846 -134.33-119.27   5.80
   8 160824 1510 30.23 71.6096N 130.0477E   8.57 1.50   9 0.566 -141.12 -43.57   8.57
   9 160906 1514 39.57 72.5059N 125.6797E  12.28 0.90   6 0.060   10.90  56.45  12.28
  10 160920 1607 17.97 69.2379N 128.3833E  16.23 2.60   2 1.060  -88.30-308.20  16.23
  11 160925 1911  5.10 69.2249N 127.7218E  15.65 2.30   2 1.313  -63.81-309.65  15.65
  12 161004 0841 51.05 72.8507N 124.9620E  16.84 0.20   6 0.152   35.00  94.93  16.84
  13 161005 1619 46.80 72.8791N 125.0020E  19.29 1.00   9 0.376   33.62  98.10  19.29
  14 161006 0156 55.71 72.8744N 125.0130E  14.57 1.00   7 0.482   33.26  97.57  14.57
  15 161009 0036 44.58 72.8734N 124.9926E  17.52 1.30   8 0.556   33.95  97.45  17.52
  16 161009 0036 44.75 72.8631N 124.9672E  18.59 1.20   7 0.609   34.81  96.31  18.59
  17 161012 0800 21.97 72.7402N 126.0211E  18.66 0.80   7 0.463   -0.71  82.60  18.66
  18 161015 1013 36.33 72.0422N 126.9870E  12.46 0.70   7 0.113  -34.02   4.71  12.46
  19 161021 0507 33.23 72.5744N 124.7905E  10.19 0.80   6 0.110   41.09  64.09  10.19
  20 161124 2250 45.84 72.7622N 124.8817E  16.15 3.10   4 0.409   37.79  85.05  16.15
  21 161125 0156 34.02 72.7378N 124.9283E  13.75 0.60   7 0.510   36.25  82.33  13.75
  22 161125 0517 25.75 72.7650N 124.9513E  13.98 1.60   6 0.225   35.44  85.36  13.98
  23 161125 0525 15.82 72.7682N 124.9665E  10.92 0.80   6 0.314   34.92  85.72  10.92
  24 161125 0556  1.75 72.7424N 124.9789E   5.17 0.20   6 0.385   34.53  82.85   5.17
  25 170117 0846 48.64 72.2086N 127.3341E  22.56 0.30   6 0.104  -45.77  23.27  22.56
  26 170122 1614 27.51 71.9621N 128.0259E  10.62 0.90   6 0.061  -69.97  -4.23  10.62
  27 170125 2244  0.11 72.4393N 126.0131E  13.62 0.80   6 0.262   -0.45  49.02  13.62
  28 170302 1359 59.00 72.6824N 124.8913E  11.03 0.50   7 0.531   37.55  76.14  11.03
  29 170302 2335 20.05 71.8890N 130.2907E  14.15 2.10   9 0.484 -148.48 -12.39  14.15
  30 170304 2135  2.85 72.6864N 124.9483E  12.36 1.30   7 0.635   35.62  76.59  12.36
  31 170307 0447 20.88 72.6937N 124.9381E  14.09 1.70  10 0.624   35.96  77.41  14.09
  32 170307 2016 50.69 72.6885N 124.9170E  15.44 1.10   6 0.151   36.68  76.82  15.44
  33 170309 1454  0.76 72.6805N 124.9069E  15.29 0.30   6 0.378   37.03  75.93  15.29
  34 170311 0430 55.42 72.3125N 126.4839E  24.57 0.30   6 0.047  -16.56  34.87  24.57
  35 170312 0416 39.18 71.9232N 128.0649E   4.53 2.10   6 0.291  -71.39  -8.57   4.53
  36 170313 0553 59.03 72.6962N 124.9278E  15.02 1.00   9 0.539   36.30  77.69  15.02
  37 170313 0809  5.52 72.4482N 125.0852E  14.60 1.20   7 0.081   31.19  50.01  14.60
  38 170315 0234 46.46 72.6497N 123.8629E  16.57 1.40   7 0.443   72.45  72.50  16.57
  39 170317 1007 13.93 72.2323N 125.9758E   3.88 0.50   7 0.210    0.83  25.92   3.88
  40 170320 0711 14.50 72.1250N 127.2130E  16.63 0.90   6 0.107  -41.71  13.95  16.63
  41 170320 0853 56.29 72.7064N 124.9708E   6.19 0.40   6 0.151   34.84  78.83   6.19
  42 170320 1900 34.25 72.4135N 126.1082E  18.11 0.60   7 0.080   -3.69  46.14  18.11
  43 170323 0519 24.54 71.6494N 129.1641E   6.25 1.20   6 0.364 -110.20 -39.12   6.25
  44 170323 1612 49.59 72.4523N 125.1146E   8.33 0.50   6 0.092   30.18  50.47   8.33
  45 170323 1906 41.16 72.4122N 130.2488E  18.57 1.00   6 0.424 -144.98  46.00  18.57
  46 170326 0836 34.02 71.9897N 127.6613E  16.62 1.50   7 0.079  -57.34  -1.15  16.62
  47 170402 0422  1.00 72.7219N 125.6760E  22.06 1.20  10 0.591   10.96  80.56  22.06
  48 170402 0636 37.22 72.7314N 125.6789E  23.50 0.70   6 0.269   10.86  81.62  23.50
  49 170404 2347 35.65 72.7565N 124.3910E  22.55 0.50   6 0.359   54.39  84.41  22.55
  50 170405 0307 36.02 71.6824N 128.9319E  15.18 1.00  10 0.532 -102.02 -35.44  15.18
  51 170405 1410 52.99 71.5177N 128.8761E   7.91 1.70  10 0.696 -100.52 -53.82   7.91
  52 170406 0838 43.02 72.3930N 129.3937E  15.66 0.90  10 0.538 -115.86  43.85  15.66
  53 170406 1728  0.99 72.7247N 125.6771E  21.52 0.90  10 0.570   10.93  80.86  21.52
  54 170407 1729  2.01 74.8913N 128.6307E  15.74 1.80   2 0.319  -83.70 322.62  15.74
  55 170407 1729  2.42 74.7265N 128.8017E   0.57 1.60   5 0.182  -89.57 304.23   0.57
  56 170408 1004 44.80 72.6032N 124.9464E  14.68 1.40  13 0.568   35.76  67.31  14.68
  57 170409 0856 46.96 73.3893N 128.5515E  15.69 2.50   6 0.419  -84.75 155.02  15.69
  58 170409 0902 45.47 73.3554N 128.4142E  15.13 1.10   7 0.533  -80.26 151.24  15.13
  59 170410 1520  8.47 72.0047N 128.3721E   3.51 1.00  10 0.700  -81.83   0.53   3.51
  60 170410 1813  3.38 70.9422N 129.1173E   3.17 2.20  13 0.968 -110.60-118.03   3.17
  61 170412 1507  0.31 71.5055N 129.7500E   1.49 0.70   6 0.530 -131.10 -55.18   1.49
  62 170413 0651 19.95 73.3658N 125.3881E  15.45 1.00  10 0.694   20.34 152.40  15.45
  63 170414 0459 18.77 72.2653N 127.3742E  20.62 0.50   7 0.187  -47.08  29.61  20.62
  64 170414 0540  4.45 73.6675N 130.9014E   8.16 1.80  11 0.607 -161.53 186.06   8.16
  65 170414 1656 23.36 72.1811N 127.3871E  16.01 0.20   6 0.075  -47.63  20.21  16.01
  66 170414 1753 32.78 72.3913N 130.4656E  18.34 0.70   6 0.388 -152.46  43.66  18.34
  67 170416 0523 41.85 71.9523N 127.0715E  18.98 1.60  13 0.281  -37.02  -5.32  18.98
  68 170416 1220 14.06 72.9519N 124.4948E  19.73 1.00  11 0.418   50.61 106.22  19.73
 WARNING: Event-# :          69 has zero observations!
  69 170416 1257 48.30 68.8710N 131.7500E  73.50 2.20   0 0.000 -214.97-349.14  73.50
  70 170416 1821  5.38 72.8704N 124.9902E  19.41 1.30  13 0.580   34.03  97.13  19.41
  71 170418 0606  4.04 72.5047N 125.8148E   0.96 0.20   6 0.559    6.30  56.32   0.96
  72 170418 1005 55.52 69.3321N 122.4124E  96.96 2.20   1 0.215  132.61-297.70  96.96
  73 170418 1500 12.87 72.7303N 124.4987E  23.14 1.30  12 0.468   50.78  81.49  23.14
  74 170420 1302 36.10 72.6338N 129.0274E  22.44 0.90  11 0.338 -102.68  70.72  22.44
  75 170420 2248 46.45 72.0339N 129.1581E   0.62 0.70  11 1.031 -108.87   3.78   0.62
 WARNING: Event-# :          76 has zero observations!
  76 170423 0850 54.60 74.7080N 132.7900E   0.10 1.90   0 0.000 -217.19 302.17   0.10
  77 170423 1455 43.99 72.8402N 124.4938E  16.82 0.60   8 0.366   50.80  93.75  16.82
  78 170423 2313 41.74 72.5931N 124.8627E  22.09 1.30  12 0.445   38.62  66.18  22.09
  79 170424 0609 58.52 71.9576N 128.0052E   0.92 1.10  12 0.470  -69.26  -4.73   0.92
  80 170424 0755 26.61 71.9442N 128.0205E   1.01 1.00  12 0.448  -69.82  -6.23   1.01
  81 170424 0755 26.80 71.9560N 128.0141E   0.42 1.00  12 0.492  -69.58  -4.91   0.42
  82 170425 0652 23.17 71.9573N 128.0127E   0.62 1.20   9 0.380  -69.52  -4.76   0.62
  83 170426 0051 23.16 71.9462N 128.0462E   7.30 0.70   6 0.142  -70.70  -6.00   7.30
  84 170426 1425 21.20 72.0735N 127.2465E  21.15 0.10   6 0.048  -42.92   8.20  21.15
  85 170426 1834 24.36 71.5839N 130.7977E  10.51 1.20   8 0.597 -167.38 -46.43  10.51
  86 170426 1840 44.01 72.2672N 126.3504E  18.48 1.30   8 0.149  -12.00  29.82  18.48
  87 170427 0912 28.74 72.0584N 127.7825E   3.72 0.90   8 0.162  -61.41   6.51   3.72
  88 170427 1041 37.95 71.7469N 128.9760E   8.55 0.70   7 0.510 -103.38 -28.24   8.55
  89 170427 2010 47.72 72.8046N 130.2034E  20.41 1.30   8 0.291 -141.90  89.78  20.41
  90 170427 2010 48.21 72.7943N 130.1412E  20.40 1.30   8 0.252 -139.84  88.64  20.40
  91 170427 2342 33.97 72.7627N 125.0031E  19.56 0.80   6 0.558   33.69  85.10  19.56

 ~~~ output final station residuals ...
 TURBO-option is set; residuals are NOT printed for each event!



   station statistics, remember nsp was set to: 1


 sta phase nobs avres  avwres    std    wsum    delay

 624    P  74 -0.0109 -0.0109  0.4119  74.0000  0.0000
 628    P  69 -0.1623 -0.1623  0.5044  69.0000 -0.1293
 630    P  53  0.1223  0.1223  0.4916  53.0000 -0.0690
 627    P  46  0.0434  0.0434  0.5814  46.0000  0.0302
 621    P  59  0.2374  0.2374  0.6159  59.0000  0.0429
 629    P  43  0.1289  0.1289  0.6197  43.0000  0.0570
 622    P  58  0.0441  0.0441  0.4924  58.0000  0.0469
 620    P  48  0.0110  0.0110  0.5703  48.0000  0.0149
 623    P  55  0.0988  0.0988  0.4479  55.0000  0.1213
 626    P  52  0.2680  0.2680  0.6259  52.0000  0.0523
 625    P  49  0.1049  0.1049  0.6094  49.0000  0.0557
 631    P  49  0.6147  0.6147  0.8487  49.0000  0.1092
 632    P  24  0.2681  0.2681  0.7948  24.0000 -0.0905


 ~~~ output statistics ...




 RAY-STATISTICS FOR  L A S T  ITERATION
 --------------------------------------

 NHYP : nr of hypocenters in this layer
 NREF : nr of headwaves in this layer
 %len : % of "refracted km" in this layer 
        with respect to all refracted kilometers
 NHIT : nr of rays passed thru this layer
 xy-km: average horizontal ray length [km] in layer
 z-km : average  vertical  ray length [km] in layer
 RFLX : number of reflections at bottom of this layer

 nlay   top ..... bottom     velocity   NHYP NREF %len  NHIT xy-km  z-km  RFLX

   1    -5.00...  4.95 km    5.24 km/s   14    0   0.0   773   6.5   4.6     0
   2     4.95...  9.60 km    5.76 km/s   10   23   3.4   783   8.5   4.3     0
   3     9.60...  9.79 km    5.76 km/s    0    0   0.0   743   0.3   0.2     0
   4     9.79... 11.50 km    6.21 km/s    6   71  17.2   686  11.0   1.5     0
   5    11.50... 18.94 km    6.21 km/s   38    0   0.0   706  12.8   6.0     0
   6    18.94... 25.37 km    6.58 km/s   21   15   2.3   628  12.3   5.4     0
   7    25.37... 29.17 km    7.36 km/s    0  118  31.6   403  28.6   2.7     0
   8    29.17... 33.50 km    7.50 km/s    0   88  25.2   197  37.6   2.4     0
   9    33.50... 38.46 km    7.62 km/s    0   26   7.8    83  35.5   3.4     0
  10    38.46...       km    7.80 km/s    2   28  12.6     0   0.0   0.0

 Total nr of events was   91

 Total nr of refracted rays =   369
 Total nr of reflected rays =     0
 Total nr of   other   rays =   310
                              ------
 Total nr of    all    rays =   679

 Average (absolute) error of the raytracers:
  Straight and direct rays :    7.29 meters
  Refracted           rays :    0.01 meters
  Reflected           rays :    0.00 meters


 ALL RAYS TOGETHER:
 Average horizontal ray length =   89.8 km   (Hypocenter --> Station) 
 Average  vertical  ray length =   19.7 km   (Deepest ray-point --> Station)



 ... and some more STATISTICS 
 ---------------------------- 
  GAP of final epicenters:

  Event# -> GAP  Event# -> GAP  Event# -> GAP  Event# -> GAP  Event# -> GAP
       1 -> 295       2 -> 294       3 -> 270       4 -> 274       5 -> 307
       6 ->  98       7 -> 320       8 -> 306       9 -> 168      10 -> 346
      11 -> 347      12 -> 260      13 -> 264      14 -> 263      15 -> 262
      16 -> 264      17 -> 253      18 -> 244      19 -> 161      20 -> 302
      21 -> 231      22 -> 239      23 -> 240      24 -> 231      25 -> 130
      26 -> 102      27 -> 154      28 -> 211      29 -> 305      30 -> 213
      31 -> 215      32 -> 214      33 -> 210      34 -> 132      35 -> 240
      36 -> 216      37 -> 132      38 -> 309      39 -> 117      40 -> 209
      41 -> 219      42 -> 122      43 -> 232      44 -> 134      45 -> 308
      46 -> 125      47 -> 224      48 -> 226      49 -> 287      50 -> 194
      51 -> 288      52 -> 271      53 -> 224      54 -> 354      55 -> 347
      56 -> 180      57 -> 310      58 -> 318      59 -> 164      60 -> 310
      61 -> 301      62 -> 306      63 -> 149      64 -> 322      65 -> 129
      66 -> 293      67 ->  86      68 -> 294      69 -> 170      70 -> 262
      71 -> 172      72 ->   0      73 -> 260      74 -> 299      75 -> 241
      76 ->  59      77 -> 283      78 -> 173      79 -> 164      80 -> 169
      81 -> 165      82 -> 165      83 -> 233      84 -> 115      85 -> 315
      86 ->  94      87 -> 114      88 -> 269      89 -> 318      90 -> 317
      91 -> 295

 GAPs were between   0 and 354
      (average GAP was 228)



  MAGNITUDES of INPUT-DATA:

 Magnitude (# of events)   ***average number of obs***

 MAG<= 1.0 ( 47) *******
 MAG = 1.1 (  4) ********
 MAG = 1.2 (  7) ********
 MAG = 1.3 (  8) *********1
 MAG = 1.4 (  3) *********
 MAG = 1.5 (  3) ********
 MAG = 1.6 (  3) ********
 MAG = 1.7 (  2) *********1
 MAG = 1.8 (  2) *******
 MAG = 1.9 (  1)  
 MAG = 2.0 (  0)  
 MAG = 2.1 (  2) ********
 MAG = 2.2 (  3) *****
 MAG = 2.3 (  1) **
 MAG = 2.4 (  0)  
 MAG = 2.5 (  1) ******
 MAG = 2.6 (  1) **
 MAG = 2.7 (  0)  
 MAG = 2.8 (  0)  
 MAG = 2.9 (  1) ******
 MAG = 3.0 (  0)  
 MAG = 3.1 (  1) ****
 MAG = 3.2 (  0)  
 MAG = 3.3 (  0)  
 MAG = 3.4 (  0)  
 MAG = 3.5 (  0)  
 MAG = 3.6 (  0)  
 MAG = 3.7 (  0)  
 MAG = 3.8 (  0)  
 MAG = 3.9 (  0)  
 MAG = 4.0 (  1) *********1**
 MAG = 4.1 (  0)  
 MAG = 4.2 (  0)  
 MAG = 4.3 (  0)  
 MAG = 4.4 (  0)  
 MAG = 4.5 (  0)  
 MAG = 4.6 (  0)  
 MAG = 4.7 (  0)  
 MAG = 4.8 (  0)  
 MAG = 4.9 (  0)  
 MAG = 5.0 (  0)  
 MAG = 5.1 (  0)  
 MAG = 5.2 (  0)  
 MAG = 5.3 (  0)  
 MAG = 5.4 (  0)  
 MAG = 5.5 (  0)  
 MAG = 5.6 (  0)  
 MAG = 5.7 (  0)  
 MAG = 5.8 (  0)  
 MAG = 5.9 (  0)  
 MAG>= 6.0 (  0)  





  DEPTHs of INPUT-DATA and of LAST ITERATION:
  ===========================================

       Depth       # of events  

 DEPTH ( input ) =  -4. km :   
 DEPTH (last_IT) =  -4. km :   
 DEPTH ( input ) =  -3. km :   
 DEPTH (last_IT) =  -3. km :   
 DEPTH ( input ) =  -2. km :   
 DEPTH (last_IT) =  -2. km :   
 DEPTH ( input ) =  -1. km :   
 DEPTH (last_IT) =  -1. km :   
 DEPTH ( input ) =   0. km :  ........
 DEPTH (last_IT) =   0. km :  **
 DEPTH ( input ) =   1. km :  .
 DEPTH (last_IT) =   1. km :  *******
 DEPTH ( input ) =   2. km :   
 DEPTH (last_IT) =   2. km :   
 DEPTH ( input ) =   3. km :  ...
 DEPTH (last_IT) =   3. km :  *
 DEPTH ( input ) =   4. km :  ..
 DEPTH (last_IT) =   4. km :  ***
 DEPTH ( input ) =   5. km :  ..
 DEPTH (last_IT) =   5. km :  **
 DEPTH ( input ) =   6. km :  ..
 DEPTH (last_IT) =   6. km :  ***
 DEPTH ( input ) =   7. km :  .
 DEPTH (last_IT) =   7. km :  *
 DEPTH ( input ) =   8. km :  ...
 DEPTH (last_IT) =   8. km :  ***
 DEPTH ( input ) =   9. km :  ..
 DEPTH (last_IT) =   9. km :  **
 DEPTH ( input ) =  10. km :  ..
 DEPTH (last_IT) =  10. km :  *
 DEPTH ( input ) =  11. km :  ...
 DEPTH (last_IT) =  11. km :  *****
 DEPTH ( input ) =  12. km :  ....
 DEPTH (last_IT) =  12. km :  ****
 DEPTH ( input ) =  13. km :  ..
 DEPTH (last_IT) =  13. km :   
 DEPTH ( input ) =  14. km :  ...
 DEPTH (last_IT) =  14. km :  *****
 DEPTH ( input ) =  15. km :  ........
 DEPTH (last_IT) =  15. km :  *********
 DEPTH ( input ) =  16. km :  .........1.
 DEPTH (last_IT) =  16. km :  *******
 DEPTH ( input ) =  17. km :  .....
 DEPTH (last_IT) =  17. km :  *****
 DEPTH ( input ) =  18. km :  ....
 DEPTH (last_IT) =  18. km :  *****
 DEPTH ( input ) =  19. km :  .....
 DEPTH (last_IT) =  19. km :  ******
 DEPTH ( input ) =  20. km :  .....
 DEPTH (last_IT) =  20. km :  ****
 DEPTH ( input ) =  21. km :  ..
 DEPTH (last_IT) =  21. km :  **
 DEPTH ( input ) =  22. km :  ....
 DEPTH (last_IT) =  22. km :  ****
 DEPTH ( input ) =  23. km :  ....
 DEPTH (last_IT) =  23. km :  *****
 DEPTH ( input ) =  24. km :  ..
 DEPTH (last_IT) =  24. km :  **
 DEPTH ( input ) =  25. km :  .
 DEPTH (last_IT) =  25. km :  *
 DEPTH ( input ) =  26. km :   
 DEPTH (last_IT) =  26. km :   
 DEPTH ( input ) =  27. km :   
 DEPTH (last_IT) =  27. km :   
 DEPTH ( input ) =  28. km :   
 DEPTH (last_IT) =  28. km :   
 DEPTH ( input ) =  29. km :   
 DEPTH (last_IT) =  29. km :   
 DEPTH ( input ) =  30. km :   
 DEPTH (last_IT) =  30. km :   
 DEPTH ( input ) =  31. km :   
 DEPTH (last_IT) =  31. km :   
 DEPTH ( input ) =  32. km :   
 DEPTH (last_IT) =  32. km :   
 DEPTH ( input ) =  33. km :   
 DEPTH (last_IT) =  33. km :   
 DEPTH ( input ) =  34. km :   
 DEPTH (last_IT) =  34. km :   
 DEPTH ( input ) =  35. km :   
 DEPTH (last_IT) =  35. km :   
 DEPTH ( input ) =  36. km :   
 DEPTH (last_IT) =  36. km :   
 DEPTH ( input ) =  37. km :   
 DEPTH (last_IT) =  37. km :   
 DEPTH ( input ) =  38. km :   
 DEPTH (last_IT) =  38. km :   
 DEPTH ( input ) =  39. km :   
 DEPTH (last_IT) =  39. km :   
 DEPTH ( input ) =  40. km :   
 DEPTH (last_IT) =  40. km :   
 DEPTH ( input ) =  41. km :   
 DEPTH (last_IT) =  41. km :   
 DEPTH ( input ) =  42. km :   
 DEPTH (last_IT) =  42. km :   
 DEPTH ( input ) =  43. km :   
 DEPTH (last_IT) =  43. km :   
 DEPTH ( input ) =  44. km :   
 DEPTH (last_IT) =  44. km :   
 DEPTH ( input ) =  45. km :   
 DEPTH (last_IT) =  45. km :   
 DEPTH ( input ) =  46. km :   
 DEPTH (last_IT) =  46. km :   
 DEPTH ( input ) =  47. km :   
 DEPTH (last_IT) =  47. km :   
 DEPTH ( input ) =  48. km :   
 DEPTH (last_IT) =  48. km :   
 DEPTH ( input ) =  49. km :   
 DEPTH (last_IT) =  49. km :   
 DEPTH ( input ) =  50. km :   
 DEPTH (last_IT) =  50. km :   
 DEPTH ( input ) =  51. km :   
 DEPTH (last_IT) =  51. km :   
 DEPTH ( input ) =  52. km :   
 DEPTH (last_IT) =  52. km :   
 DEPTH ( input ) =  53. km :   
 DEPTH (last_IT) =  53. km :   
 DEPTH ( input ) =  54. km :   
 DEPTH (last_IT) =  54. km :   
 DEPTH ( input ) =  55. km :   
 DEPTH (last_IT) =  55. km :   
 DEPTH ( input ) =  56. km :   
 DEPTH (last_IT) =  56. km :   
 DEPTH ( input ) =  57. km :   
 DEPTH (last_IT) =  57. km :   
 DEPTH ( input ) =  58. km :   
 DEPTH (last_IT) =  58. km :   
 DEPTH ( input ) =  59. km :   
 DEPTH (last_IT) =  59. km :   
 DEPTH ( input ) =  60. km :   
 DEPTH (last_IT) =  60. km :   
 DEPTH ( input ) =  61. km :   
 DEPTH (last_IT) =  61. km :   
 DEPTH ( input ) =  62. km :   
 DEPTH (last_IT) =  62. km :   
 DEPTH ( input ) =  63. km :   
 DEPTH (last_IT) =  63. km :   
 DEPTH ( input ) =  64. km :   
 DEPTH (last_IT) =  64. km :   
 DEPTH ( input ) =  65. km :   
 DEPTH (last_IT) =  65. km :   
 DEPTH ( input ) =  66. km :   
 DEPTH (last_IT) =  66. km :   
 DEPTH ( input ) =  67. km :   
 DEPTH (last_IT) =  67. km :   
 DEPTH ( input ) =  68. km :   
 DEPTH (last_IT) =  68. km :   
 DEPTH ( input ) =  69. km :   
 DEPTH (last_IT) =  69. km :   
 DEPTH ( input ) =  70. km :   
 DEPTH (last_IT) =  70. km :   
 DEPTH ( input ) =  71. km :   
 DEPTH (last_IT) =  71. km :   
 DEPTH ( input ) =  72. km :   
 DEPTH (last_IT) =  72. km :   
 DEPTH ( input ) =  73. km :   
 DEPTH (last_IT) =  73. km :   
 DEPTH ( input ) =  74. km :  .
 DEPTH (last_IT) =  74. km :  *
 DEPTH ( input ) =  75. km :   
 DEPTH (last_IT) =  75. km :   
 DEPTH ( input ) =  76. km :   
 DEPTH (last_IT) =  76. km :   
 DEPTH ( input ) =  77. km :   
 DEPTH (last_IT) =  77. km :   
 DEPTH ( input ) =  78. km :   
 DEPTH (last_IT) =  78. km :   
 DEPTH ( input ) =  79. km :   
 DEPTH (last_IT) =  79. km :   
 DEPTH ( input ) =  80. km :   
 DEPTH (last_IT) =  80. km :   
 DEPTH ( input ) =  81. km :   
 DEPTH (last_IT) =  81. km :   
 DEPTH ( input ) =  82. km :   
 DEPTH (last_IT) =  82. km :   
 DEPTH ( input ) =  83. km :   
 DEPTH (last_IT) =  83. km :   
 DEPTH ( input ) =  84. km :   
 DEPTH (last_IT) =  84. km :   
 DEPTH ( input ) =  85. km :   
 DEPTH (last_IT) =  85. km :   
 DEPTH ( input ) =  86. km :   
 DEPTH (last_IT) =  86. km :   
 DEPTH ( input ) =  87. km :   
 DEPTH (last_IT) =  87. km :   
 DEPTH ( input ) =  88. km :   
 DEPTH (last_IT) =  88. km :   
 DEPTH ( input ) =  89. km :   
 DEPTH (last_IT) =  89. km :   
 DEPTH ( input ) =  90. km :   
 DEPTH (last_IT) =  90. km :   
 DEPTH ( input ) =  91. km :   
 DEPTH (last_IT) =  91. km :   
 DEPTH ( input ) =  92. km :   
 DEPTH (last_IT) =  92. km :   
 DEPTH ( input ) =  93. km :   
 DEPTH (last_IT) =  93. km :   
 DEPTH ( input ) =  94. km :   
 DEPTH (last_IT) =  94. km :   
 DEPTH ( input ) =  95. km :   
 DEPTH (last_IT) =  95. km :   
 DEPTH ( input ) =  96. km :   
 DEPTH (last_IT) =  96. km :   
 DEPTH ( input ) =  97. km :  .
 DEPTH (last_IT) =  97. km :  *
 DEPTH ( input ) =  98. km :   
 DEPTH (last_IT) =  98. km :   
 DEPTH ( input ) =  99. km :   
 DEPTH (last_IT) =  99. km :   
 DEPTH ( input ) = 100. km :   
 DEPTH (last_IT) = 100. km :   
 DEPTH ( input ) > 100. km :   
 DEPTH (last_IT) > 100. km :   


 Residuals of the stations according to the azimuth:
 (RES  = total average residual at station)
 (RES1 = average residual of rays from 1st quadrant)
 (RES2 = average residual of rays from 2nd quadrant)
 (RES3 = average residual of rays from 3rd quadrant)
 (RES4 = average residual of rays from 4th quadrant)

 Stn#  Stn     RES          RES1         RES2         RES3         RES4
   1   624    -0.01(  74)  -0.12(  33)  -0.24(   5)   0.05(  29)   0.44(   7)
   2   628    -0.16(  69)  -0.29(  32)  -0.29(   5)  -0.20(  25)   0.62(   7)
   3   630     0.12(  53)   0.44(  24)  -0.16(  11)  -0.46(  10)   0.30(   8)
   4   627     0.04(  46)   0.22(  12)   0.00(   0)  -0.28(  22)   0.45(  12)
   5   621     0.24(  59)   0.10(   8)   0.00(   0)   0.49(  18)   0.13(  33)
   6   629     0.13(  43)   0.47(  15)   0.00(   0)  -0.27(   8)   0.03(  20)
   7   622     0.04(  58)  -0.19(  27)   0.00(   0)   0.25(  20)   0.24(  11)
   8   620     0.01(  48)   0.00(   0)  -0.09(   1)   0.36(  18)  -0.20(  29)
   9   623     0.10(  55)  -0.09(  30)   0.00(   0)   0.41(  17)   0.14(   8)
  10   626     0.27(  52)   0.27(  24)   0.00(   0)   0.15(   5)   0.29(  23)
  11   625     0.10(  49)   0.05(  14)   0.00(   0)  -0.01(  23)   0.39(  12)
  12   631     0.61(  49)   0.98(  18)   0.46(   1)   0.98(   4)   0.31(  26)
  13   632     0.27(  24)   0.67(  12)   0.72(   2)  -0.47(   3)  -0.24(   7)



 CPU - statistics:

 TOTAL CPU-sec          =    0.3     (CPU-minutes:  0.005)

 >>>   End of program VELEST at 25-06-02 12:51       <<< [ CPU-sec :     0.3]
