 >>> Start of program VELEST at 25-06-02 12:51       <<<                        

 ::::::::::::::::::::::::::::::::::::::                                         
  V E L E S T  - Version : January 3, 1995                                      
  (Authors: see source code)                                                    
 ::::::::::::::::::::::::::::::::::::::                                         


 Title of this VELEST run:

 model_2
 -------


 Current array-dimensions of program VELEST:

 Max. number of EARTHQUAKES for simult. inversion IEQ = ***
 Max. number of SHOTS for simult. inversion    INSHOT =  50
 Max. number of (different) 1D-MODELS      ITOTMODELS =   2
 Max. number of LAYERS per one 1D-model        INLTOT = 100
 Max. number of STATIONS in stationlist           IST = 650
 Max. number of OBSERVATIONS per event MAXOBSPEREVENT = 180






    INPUT - P A R A M E T E R S :



***
***  olat       olon   icoordsystem      zshift   itrial ztrial    ised
  72.000000-126.000000      0            0.000       0     0.00      0
***
*** neqs   nshot    rotate
     91      0      0.0
***
*** isingle   iresolcalc
       0          0
***
*** dmax    itopo    zmin     veladj    zadj   lowveloclay
   300.00     0      0.01       0.20    5.00       0
***
*** nsp    swtfac   vpvs       nmod
     1      1.00    1.730        1
***
***   othet   xythet    zthet    vthet   stathet
       0.01     0.01     0.01     1.00     0.01
***
*** nsinv   nshcor   nshfix     iuseelev    iusestacorr
       1       0       0           1            1
***
*** iturbo    icnvout   istaout   ismpout
       1         1         1         0
***
*** irayout   idrvout   ialeout   idspout   irflout   irfrout   iresout
       0         0         0         0         0         0         0
***
*** delmin   ittmax   invertratio
    0.010       3          1
***
*** Modelfile:
tmp/model_2/synthvel/model_160.mod
***
*** Stationfile:
./velinp/station.sta
***
*** Seismofile:
 
***
*** File with region names:
 
***
*** File with region coordinates:
 
***
*** File #1 with topo data:
 
***
*** File #2 with topo data:
 
***
*** DATA INPUT files:
***
*** File with Earthquake data:
./velinp/data.cnv
***
*** File with Shot data:
 
***
*** OUTPUT files:
***
*** Main print output file:
./velout/model_2/velest160.out
***
*** File with single event locations:
velout.vel
***
*** File with final hypocenters in *.cnv format:
./velout/model_2/final_loc160.cnv
***
*** File with new station corrections:
./velout/model_2/stations_corr160.sta
***
*** File with summary cards (e.g. for plotting):
velout.smp
***
*** File with raypoints:
velout.ray
***
*** File with derivatives:
velout.drv
***
*** File with ALEs:
velout.ale
***
*** File with Dirichlet spreads:
velout.dspr
***
*** File with reflection points:
velout.rfl
***
*** File with refraction points:
velout.rfr
***
*** File with residuals:
velout.res
***




 Origin of cartesian coordinates:
        72.00000N   126.00000E

  X,Y-AXES rotated clockwise from North
           Rotation angle (rotate):
            rotate=    0.0 degr.

 icoordsystem =            0
 normal SHORT DISTANCE CONVERSION will be made
 x is positive towards west, y is positive towards north


 SHORT DISTANCE CONVERSION on ELLIPSOIDE of WORLD GEODETIC SYSTEM 1972 (WGS72)
 =============================================================================

 Radius at equator (REARTH)= 6378.13500  km
   1. / (ellipticity)      =    298.260

 Origin of cartesian coordinates [degrees]:
   72.0000000 N     -126.0000000 W

  Rotation angle (in degr.) clockwise from
North  rotate=    0.0

 Radius of sphere at OLAT =   6358.817 km

 Conversion of GEOGRAPHICAL LATITUDE to GEOCENTRICAL LATITUDE:
 RLATC = TAN(GEOCENTR.LAT) / TAN(GEOGRAPH.LAT)
 RLATC =   0.99333486

          Short distance conversions:
          one min lat ~  1.8597 km 
          one min lon ~  0.5751 km 







    INPUT - M O D E L :



 Model(s) read from file :
 tmp/model_2/synthvel/model_160.mod                                              

 model file title: 
Model: model_160.mod                    
 Velocity structure for model   1 :

 layer    vel   depth   vdamp  reflector
   1      4.91  -5.00    1.00         P-VELOCITY MODEL                  
   2      5.39   1.23    1.00  
   3      5.80   2.30    1.00  
   4      5.80   8.97    1.00  
   5      6.16  11.60    1.00  
   6      6.23  20.34    1.00  
   7      6.84  21.23    1.00  
   8      6.89  27.17    1.00  
   9      7.39  36.32    1.00  
  10      7.94  41.47    1.00  

 Calculation of average velocity starts at layer #            1
 z = -5.00 ...  1.23    v = 4.91    AVEL = 4.91 downto z =   1.23
 z =  1.23 ...  2.30    v = 5.39    AVEL = 4.98 downto z =   2.30
 z =  2.30 ...  8.97    v = 5.80    AVEL = 5.37 downto z =   8.97
 z =  8.97 ... 11.60    v = 5.80    AVEL = 5.44 downto z =  11.60
 z = 11.60 ... 20.34    v = 6.16    AVEL = 5.69 downto z =  20.34
 z = 20.34 ... 21.23    v = 6.23    AVEL = 5.71 downto z =  21.23
 z = 21.23 ... 27.17    v = 6.84    AVEL = 5.92 downto z =  27.17
 z = 27.17 ... 36.32    v = 6.89    AVEL = 6.13 downto z =  36.32
 z = 36.32 ... 41.47    v = 7.39    AVEL = 6.27 downto z =  41.47


 Calculation of average velocity starts at layer #            2
 z =  1.23 ...  2.30    v = 5.39    AVEL = 5.39 downto z =   2.30
 z =  2.30 ...  8.97    v = 5.80    AVEL = 5.74 downto z =   8.97
 z =  8.97 ... 11.60    v = 5.80    AVEL = 5.76 downto z =  11.60
 z = 11.60 ... 20.34    v = 6.16    AVEL = 5.94 downto z =  20.34
 z = 20.34 ... 21.23    v = 6.23    AVEL = 5.95 downto z =  21.23
 z = 21.23 ... 27.17    v = 6.84    AVEL = 6.16 downto z =  27.17
 z = 27.17 ... 36.32    v = 6.89    AVEL = 6.35 downto z =  36.32
 z = 36.32 ... 41.47    v = 7.39    AVEL = 6.48 downto z =  41.47






    INPUT - S T A T I O N S :



 Station-parameters read from file :
 ./velinp/station.sta                                                            


     stn latitude longitude elev   x      y      z     ptcor stcor model icc
   1 624 72.4760N126.2750E     0  -9.37  53.11  -0.00   0.00  0.00   1  13
   2 628 72.4000N127.1470E     0 -39.15  44.63  -0.00   0.00  0.00   1  12
   3 630 72.0750N128.3250E     0 -80.06   8.37  -0.00   0.00  0.00   1  11
   4 627 72.1170N126.9820E     0 -33.78  13.06  -0.00   0.00  0.00   1  10
   5 621 72.1840N124.8890E     0  38.14  20.53  -0.00   0.00  0.00   1   9
   6 629 71.9290N127.3130E     0 -45.39  -7.92  -0.00   0.00  0.00   1   8
   7 622 72.4420N125.3130E     0  23.42  49.32  -0.00   0.00  0.00   1   7
   8 620 72.6540N124.3470E     0  56.03  72.98  -0.00   0.00  0.00   1   6
   9 623 72.3260N125.7600E     0   8.21  36.38  -0.00   0.00  0.00   1   5
  10 626 71.8880N126.0360E     0  -1.25 -12.50  -0.00   0.00  0.00   1   4
  11 625 72.1740N126.1070E     0  -3.67  19.42  -0.00   0.00  0.00   1   3
  12 631 71.3990N127.2470E     0 -43.72 -67.06  -0.00   0.00  0.00   1   2
  13 632 71.5740N129.0728E     0-107.23 -47.53  -0.00   0.00  0.00   1   1

 NO Seismo-parameter-file specified
 --> NO magnitudes calculated!




   neqs=   91  nshot=    0  nltot=   10

 ~~~ input parameters read.
 ~~~ set units for first iteration ...
 ~~~ determine number of unknowns ...

 Number of unknowns (for array-indexing):  nvar =  386
 Number of effective unknowns        :  nvareff =  374
 Number of elements on/below main diagonal of matrix G = At*A : kvar =   74691

 ~~~ reset G and RHT ...
 ~~~ input data, raytracing, setup G ...






    I N P U T - D A T A  

  eq    origin-time    latitude longitude depth    x      y      z    mag ifxOBS
   1 160818 1613  9.10 73.0030N 124.8500E  23.10  38.61 111.92  23.10 1.40 0   6
   2 160818 1613  9.30 72.9910N 124.8700E  22.80  37.95 110.58  22.80 1.10 0   6
   3 160819 0959 27.30 71.9230N 129.7600E  12.10-130.00  -8.59  12.10 4.00 0  12
   4 160820 1506 15.70 71.9380N 129.7900E  11.00-130.98  -6.92  11.00 1.50 0   9
   5 160820 1904 45.70 72.3480N 127.1800E  23.80 -40.33  38.83  23.80 1.20 0   6
   6 160822 1318 49.50 72.3650N 127.0800E  16.50 -36.90  40.73  16.50 0.60 0   8
   7 160823 0652 14.00 70.9330N 129.8100E   6.40-135.21-119.06   6.40 2.90 0   6
   8 160824 1510 30.40 71.6070N 130.0400E   8.60-140.86 -43.85   8.60 1.50 0   9
   9 160906 1514 39.70 72.5080N 125.6800E  12.10  10.89  56.68  12.10 0.90 0   6
 WARNING:
 epicentral distance: 303.3 > dmax ( 300.0) ==> skipping phase !
 WARNING:
 epicentral distance: 338.2 > dmax ( 300.0) ==> skipping phase !
  10 160920 1607 18.30 69.2370N 128.3500E  16.20 -87.07-308.31  16.20 2.60 0   2
 WARNING:
 epicentral distance: 318.5 > dmax ( 300.0) ==> skipping phase !
 WARNING:
 epicentral distance: 355.0 > dmax ( 300.0) ==> skipping phase !
  11 160925 1911  5.60 69.2250N 127.6800E  15.60 -62.26-309.64  15.60 2.30 0   2
  12 161004 0841 51.20 72.8480N 124.9600E  15.60  35.07  94.62  15.60 0.20 0   6
  13 161005 1619 46.90 72.8770N 125.0100E  19.00  33.35  97.86  19.00 1.00 0   9
  14 161006 0156 55.90 72.8740N 125.0100E  13.90  33.36  97.52  13.90 1.00 0   7
  15 161009 0036 44.70 72.8720N 124.9900E  17.20  34.03  97.30  17.20 1.30 0   8
  16 161009 0036 44.90 72.8580N 124.9600E  18.60  35.06  95.74  18.60 1.20 0   7
  17 161012 0800 22.10 72.7380N 126.0300E  18.50  -1.01  82.35  18.50 0.80 0   7
  18 161015 1013 36.50 72.0400N 126.9900E  11.20 -34.12   4.46  11.20 0.70 0   7
  19 161021 0507 33.30 72.5750N 124.7800E  10.10  41.44  64.16  10.10 0.80 0   6
  20 161124 2250 46.00 72.7630N 124.8800E  16.20  37.85  85.14  16.20 3.10 0   4
  21 161125 0156 34.10 72.7420N 124.9200E  14.50  36.52  82.80  14.50 0.60 0   7
  22 161125 0517 25.90 72.7650N 124.9400E  13.50  35.82  85.36  13.50 1.60 0   6
  23 161125 0525 15.90 72.7740N 124.9500E  11.60  35.48  86.37  11.60 0.80 0   6
  24 161125 0556  2.00 72.7350N 124.9700E   5.70  34.84  82.01   5.70 0.20 0   6
  25 170117 0846 48.60 72.2130N 127.3400E  22.00 -45.97  23.77  22.00 0.30 0   6
  26 170122 1614 27.60 71.9670N 128.0400E  10.30 -70.45  -3.68  10.30 0.90 0   6
  27 170125 2244  0.20 72.4440N 126.0200E  13.10  -0.68  49.54  13.10 0.80 0   6
  28 170302 1359 59.10 72.6830N 124.8900E  11.50  37.60  76.21  11.50 0.50 0   7
  29 170302 2335 20.20 71.8850N 130.3000E  14.80-148.82 -12.83  14.80 2.10 0   9
  30 170304 2135  2.90 72.6880N 124.9400E  13.40  35.90  76.77  13.40 1.30 0   7
  31 170307 0447 21.00 72.6940N 124.9200E  14.20  36.57  77.44  14.20 1.70 0  10
  32 170307 2016 50.80 72.6910N 124.9100E  15.30  36.91  77.10  15.30 1.10 0   6
  33 170309 1454  0.80 72.6830N 124.9000E  15.60  37.26  76.21  15.60 0.30 0   6
  34 170311 0430 55.40 72.3130N 126.5000E  24.50 -17.11  34.93  24.50 0.30 0   6
  35 170312 0416 39.20 71.9240N 128.0800E   3.40 -71.91  -8.48   3.40 2.10 0   6
  36 170313 0553 59.10 72.6980N 124.9200E  15.10  36.57  77.89  15.10 1.00 0   9
  37 170313 0809  5.60 72.4500N 125.0800E  14.90  31.36  50.21  14.90 1.20 0   7
  38 170315 0234 46.50 72.6540N 123.8400E  16.90  73.22  72.98  16.90 1.40 0   7
  39 170317 1007 14.10 72.2350N 125.9800E   3.90   0.69  26.22   3.90 0.50 0   7
  40 170320 0711 14.60 72.1250N 127.2200E  16.80 -41.95  13.95  16.80 0.90 0   6
  41 170320 0853 56.40 72.7090N 124.9700E   5.10  34.86  79.11   5.10 0.40 0   6
  42 170320 1900 34.30 72.4150N 126.1200E  18.00  -4.09  46.31  18.00 0.60 0   7
  43 170323 0519 24.60 71.6470N 129.1800E   5.20-110.76 -39.39   5.20 1.20 0   6
  44 170323 1612 49.70 72.4530N 125.1100E   8.30  30.33  50.55   8.30 0.50 0   6
  45 170323 1906 41.20 72.4070N 130.2500E  18.30-145.04  45.41  18.30 1.00 0   6
  46 170326 0836 34.10 71.9930N 127.6700E  16.10 -57.63  -0.78  16.10 1.50 0   7
  47 170402 0422  1.00 72.7220N 125.6900E  21.90  10.49  80.56  21.90 1.20 0  10
  48 170402 0636 37.20 72.7310N 125.6900E  23.50  10.49  81.57  23.50 0.70 0   6
  49 170404 2347 35.70 72.7580N 124.3800E  22.60  54.76  84.58  22.60 0.50 0   6
  50 170405 0307 36.10 71.6810N 128.9500E  15.30-102.66 -35.60  15.30 1.00 0  10
  51 170405 1410 53.20 71.5100N 128.9000E   9.30-101.37 -54.68   9.30 1.70 0  10
  52 170406 0838 43.20 72.3850N 129.3800E  15.50-115.42  42.96  15.50 0.90 0  10
  53 170406 1728  1.00 72.7230N 125.6900E  21.30  10.49  80.67  21.30 0.90 0  10
 WARNING:
 epicentral distance: 325.9 > dmax ( 300.0) ==> skipping phase !
 WARNING:
 epicentral distance: 332.9 > dmax ( 300.0) ==> skipping phase !
 WARNING:
 epicentral distance: 345.3 > dmax ( 300.0) ==> skipping phase !
 WARNING:
 epicentral distance: 391.9 > dmax ( 300.0) ==> skipping phase !
  54 170407 1729  3.40 74.8930N 128.6300E  15.60 -83.67 322.81  15.60 1.80 0   2
 WARNING:
 epicentral distance: 311.3 > dmax ( 300.0) ==> skipping phase !
 WARNING:
 epicentral distance: 315.4 > dmax ( 300.0) ==> skipping phase !
 WARNING:
 epicentral distance: 328.9 > dmax ( 300.0) ==> skipping phase !
 WARNING:
 epicentral distance: 374.2 > dmax ( 300.0) ==> skipping phase !
  55 170407 1729  3.50 74.7270N 128.8100E   0.40 -89.83 304.29   0.40 1.60 0   5
  56 170408 1004 44.90 72.6070N 124.9400E  15.00  35.98  67.73  15.00 1.40 0  13
  57 170409 0856 47.20 73.3850N 128.5500E  15.60 -84.71 154.54  15.60 2.50 0   6
  58 170409 0902 45.60 73.3500N 128.4400E  15.10 -81.13 150.64  15.10 1.10 0   7
  59 170410 1520  8.50 72.0030N 128.3900E   2.70 -82.46   0.33   2.70 1.00 0  10
  60 170410 1813  3.60 70.9360N 129.1200E   3.70-110.72-118.73   3.70 2.20 0  13
  61 170412 1507  0.60 71.5070N 129.7200E   0.00-130.05 -55.01   0.00 0.70 0   6
  62 170413 0651 20.10 73.3680N 125.4200E  15.60  19.28 152.65  15.60 1.00 0  10
  63 170414 0459 18.80 72.2680N 127.3800E  20.10 -47.27  29.90  20.10 0.50 0   7
  64 170414 0540  4.80 73.6400N 130.9700E   8.00-163.92 183.00   8.00 1.80 0  11
  65 170414 1656 23.40 72.1850N 127.4000E  15.50 -48.06  20.64  15.50 0.20 0   6
  66 170414 1753 32.80 72.3840N 130.4600E  17.90-152.30  42.85  17.90 0.70 0   6
  67 170416 0523 41.90 71.9560N 127.0800E  19.20 -37.31  -4.91  19.20 1.60 0  13
  68 170416 1220 14.20 72.9470N 124.4900E  20.40  50.77 105.67  20.40 1.00 0  11
 WARNING:
 epicentral distance: 320.3 > dmax ( 300.0) ==> skipping phase !
 WARNING:
 epicentral distance: 381.0 > dmax ( 300.0) ==> skipping phase !
 WARNING:
 epicentral distance: 398.8 > dmax ( 300.0) ==> skipping phase !
 WARNING:
 epicentral distance: 405.0 > dmax ( 300.0) ==> skipping phase !
 WARNING:
 epicentral distance: 424.8 > dmax ( 300.0) ==> skipping phase !
 WARNING:
 epicentral distance: 431.2 > dmax ( 300.0) ==> skipping phase !
 WARNING:
 epicentral distance: 445.5 > dmax ( 300.0) ==> skipping phase !
 WARNING:
 epicentral distance: 451.8 > dmax ( 300.0) ==> skipping phase !
 WARNING:
 epicentral distance: 464.3 > dmax ( 300.0) ==> skipping phase !
  69 170416 1257 48.30 68.8710N 131.7500E  73.50-214.97-349.14  73.50 2.20 0   0
  70 170416 1821  5.50 72.8670N 125.0000E  19.30  33.70  96.74  19.30 1.30 0  13
  71 170418 0606  4.10 72.5080N 125.8200E   1.30   6.13  56.68   1.30 0.20 0   6
 WARNING:
 epicentral distance: 315.2 > dmax ( 300.0) ==> skipping phase !
 WARNING:
 epicentral distance: 332.1 > dmax ( 300.0) ==> skipping phase !
 WARNING:
 epicentral distance: 345.3 > dmax ( 300.0) ==> skipping phase !
 WARNING:
 epicentral distance: 352.6 > dmax ( 300.0) ==> skipping phase !
 WARNING:
 epicentral distance: 346.7 > dmax ( 300.0) ==> skipping phase !
 WARNING:
 epicentral distance: 356.6 > dmax ( 300.0) ==> skipping phase !
 WARNING:
 epicentral distance: 363.9 > dmax ( 300.0) ==> skipping phase !
 WARNING:
 epicentral distance: 372.8 > dmax ( 300.0) ==> skipping phase !
 WARNING:
 epicentral distance: 378.6 > dmax ( 300.0) ==> skipping phase !
 WARNING:
 epicentral distance: 378.6 > dmax ( 300.0) ==> skipping phase !
  72 170418 1005 56.80 69.3310N 122.4100E  97.00 132.70-297.82  97.00 2.20 0   1
  73 170418 1500 12.90 72.7340N 124.5100E  23.10  50.40  81.90  23.10 1.30 0  12
  74 170420 1302 36.20 72.6290N 129.0200E  21.80-102.44  70.19  21.80 0.90 0  11
  75 170420 2248 46.70 72.0220N 129.1200E   0.00-107.59   2.46   0.00 0.70 0  11
 WARNING:
 epicentral distance: 313.1 > dmax ( 300.0) ==> skipping phase !
 WARNING:
 epicentral distance: 324.4 > dmax ( 300.0) ==> skipping phase !
 WARNING:
 epicentral distance: 324.2 > dmax ( 300.0) ==> skipping phase !
 WARNING:
 epicentral distance: 342.4 > dmax ( 300.0) ==> skipping phase !
 WARNING:
 epicentral distance: 349.0 > dmax ( 300.0) ==> skipping phase !
 WARNING:
 epicentral distance: 380.2 > dmax ( 300.0) ==> skipping phase !
 WARNING:
 epicentral distance: 381.6 > dmax ( 300.0) ==> skipping phase !
 WARNING:
 epicentral distance: 408.0 > dmax ( 300.0) ==> skipping phase !
  76 170423 0850 54.60 74.7080N 132.7900E   0.10-217.19 302.17   0.10 1.90 0   0
  77 170423 1455 44.10 72.8400N 124.4900E  16.80  50.92  93.73  16.80 0.60 0   8
  78 170423 2313 41.80 72.5960N 124.8700E  22.00  38.36  66.50  22.00 1.30 0  12
  79 170424 0609 58.60 71.9600N 128.0200E   0.10 -69.77  -4.46   0.10 1.10 0  12
  80 170424 0755 26.70 71.9480N 128.0300E   0.00 -70.14  -5.80   0.00 1.00 0  12
  81 170424 0755 26.90 71.9590N 128.0300E   0.00 -70.12  -4.57   0.00 1.00 0  12
  82 170425 0652 23.30 71.9600N 128.0300E   0.00 -70.12  -4.46   0.00 1.20 0   9
  83 170426 0051 23.20 71.9450N 128.0600E   6.60 -71.18  -6.14   6.60 0.70 0   6
  84 170426 1425 21.20 72.0790N 127.2600E  21.00 -43.38   8.82  21.00 0.10 0   6
  85 170426 1834 24.60 71.5840N 130.8000E  10.90-167.46 -46.42  10.90 1.20 0   8
  86 170426 1840 44.10 72.2710N 126.3600E  18.10 -12.33  30.24  18.10 1.30 0   8
  87 170427 0912 28.80 72.0640N 127.7900E   2.60 -61.65   7.14   2.60 0.90 0   8
  88 170427 1041 38.10 71.7480N 128.9900E   8.40-103.86 -28.12   8.40 0.70 0   7
  89 170427 2010 47.80 72.8010N 130.2000E  20.20-141.80  89.38  20.20 1.30 0   8
  90 170427 2010 48.30 72.7890N 130.1400E  20.10-139.82  88.04  20.10 1.30 0   8
  91 170427 2342 34.10 72.7630N 125.0100E  19.50  33.46  85.14  19.50 0.80 0   6

 readings for station 624  :  74
 readings for station 628  :  69
 readings for station 630  :  53
 readings for station 627  :  46
 readings for station 621  :  59
 readings for station 629  :  43
 readings for station 622  :  58
 readings for station 620  :  48
 readings for station 623  :  55
 readings for station 626  :  52
 readings for station 625  :  49
 readings for station 631  :  49
 readings for station 632  :  24

 Total number of stations with readings:  13

 Total number of readings:     679
 Total number of P readings:       0
 Total number of S readings:       0


 ~~~ store parts of G ...
 ~~~ compute RMS and DATVAR ...

 Total number of observations is:   679


 $$$$$$$$$$$$$$$$$$$$$$$$$$$$$$$$$$$$$$$$$$$$$$$$$
 Events with  | AVRES | > 1.0 SEC are suspicious !

 Event#  54 >>>  170407 1729  AVRES = -1.22 NOBS =  2

 ^^^^^^^^^ C H E C K   these events above ^^^^^^^^
 $$$$$$$$$$$$$$$$$$$$$$$$$$$$$$$$$$$$$$$$$$$$$$$$$

 ~~~ save initial datvar ...

 Iteration nr  0 obtained:
 DATVAR=    0.355175 mean sqrd residual=     0.159541  RMS RESIDUAL=     0.399426

 After  0 iterations we got:
 Average absolute & unweighted [and mean] residual of
   344 straight and direct rays =  0.27017 [ -0.22267]
   335 refracted           rays =  0.39326 [ -0.10922]
     0 reflected           rays =  0.00000 [  0.00000]

   679 ALL                 RAYS =  0.33090 [ -0.16670]        0.00 %




--------------------------------------------------------------------------------



           ITERATION no  1

 ~~~ set units for this iteration ...
 ~~~ determine number of unknowns for this iter. ...

 Number of unknowns (for array-indexing):  nvar =  386
 Number of effective unknowns        :  nvareff =  387
 Number of elements on/below main diagonal of matrix G = At*A : kvar =   74691

 Damping factors to be used in this iteration:
   Othet=   0.010   XYthet  =   0.010   Zthet=  0.010
 STAthet=   0.010   Vthet   =   1.000

 ~~~ damp G ...
 ~~~ solve G * b = RHT ...
 ~~~ fix units ...
 ~~~ apply eventually step-length damping ...
 ~~~ adjust model (hypocenters, stacorr & veloc.) ...

 doing velocity adjustments now...

 doing station-correction adjustments...

 ~~~ compute effective step-length ...

 (Applied) Step length =   5.174

 ~~~ set units for next iteration ...
 ~~~ determine number of unknowns for next iter. ...

 Number of unknowns (for array-indexing):  nvar =  386
 Number of effective unknowns        :  nvareff =  387
 Number of elements on/below main diagonal of matrix G = At*A : kvar =   74691

 ~~~ reset G and RHT ...
 ~~~ raytracing, setup G ...
 ~~~ store parts of G ...
 ~~~ set units back for current iteration ...
 ~~~ determine number of unknowns for this iter. ...

 Number of unknowns (for array-indexing):  nvar =  386
 Number of effective unknowns        :  nvareff =  387
 Number of elements on/below main diagonal of matrix G = At*A : kvar =   74691

 ~~~ compute RMS and DATVAR ...

 $$$$$$$$$$$$$$$$$$$$$$$$$$$$$$$$$$$$$$$$$$$$$$$$$
 Events with  | AVRES | > 1.0 SEC are suspicious !

 ZERO events of this kind found! (lucky guy!!!)

 ~~~ check solution (better? worse?) ...

 Iteration nr  1 obtained:
 DATVAR=    0.264608 mean sqrd residual=     0.113793  RMS RESIDUAL=     0.337333

 After  1 iterations we got:
 Average absolute & unweighted [and mean] residual of
   332 straight and direct rays =  0.20146 [ -0.16430]
   347 refracted           rays =  0.32535 [ -0.06475]
     0 reflected           rays =  0.00000 [  0.00000]

   679 ALL                 RAYS =  0.26477 [ -0.11342]      -19.98 %

 ~~~ iteration done; output results ...

  eq       ot     x      y      z      rms    avres   dot     dx     dy     dz
    1      9.06  38.56 111.94  23.07   0.17   0.04   -0.038 -0.050  0.023 -0.027
    2      9.26  37.96 110.64  22.75   0.18   0.04   -0.044  0.010  0.062 -0.054
    3     27.18-130.32  -8.12  12.30   0.32  -0.09   -0.117 -0.324  0.473  0.197
    4     15.58-131.15  -6.74  10.84   0.40  -0.10   -0.120 -0.169  0.177 -0.161
    5     45.65 -40.31  38.66  23.79   0.08  -0.05   -0.054  0.027 -0.170 -0.007
    6     49.43 -36.66  40.60  16.96   0.12  -0.18   -0.069  0.244 -0.129  0.459
    7     13.81-135.00-119.08   6.18   0.43  -0.16   -0.187  0.209 -0.025 -0.224
    8     30.32-140.91 -43.54   8.64   0.25  -0.04   -0.078 -0.051  0.314  0.044
    9     39.61  10.82  56.51  12.12   0.06  -0.24   -0.090 -0.075 -0.170  0.024
   10     18.12 -87.70-308.25  16.22   1.14   0.50   -0.178 -0.629  0.054  0.018
   11      5.32 -63.05-309.65  15.63   1.40   0.24   -0.282 -0.791 -0.002  0.029
   12     51.11  35.02  94.76  16.34   0.21  -0.17   -0.089 -0.042  0.137  0.740
   13     46.83  33.43  97.92  19.16   0.21  -0.09   -0.070  0.072  0.064  0.161
   14     55.79  33.37  97.53  14.43   0.16  -0.24   -0.115  0.013  0.005  0.532
   15     44.62  33.92  97.46  17.35   0.29  -0.10   -0.084 -0.112  0.158  0.145
   16     44.80  34.92  96.01  18.84   0.34  -0.04   -0.101 -0.137  0.267  0.237
   17     21.99  -0.95  82.50  18.88   0.20  -0.14   -0.110  0.060  0.155  0.380
   18     36.40 -33.90   4.44  11.44   0.17  -0.27   -0.100  0.218 -0.018  0.238
   19     33.23  41.26  64.00  10.17   0.18  -0.25   -0.069 -0.181 -0.157  0.071
   20     45.91  37.75  85.14  16.21   0.13  -0.21   -0.094 -0.098 -0.001  0.009
   21     34.06  36.39  82.58  13.98   0.33  -0.21   -0.045 -0.130 -0.220 -0.519
   22     25.82  35.60  85.36  13.62   0.22  -0.26   -0.081 -0.220 -0.004  0.121
   23     15.82  35.35  86.36  11.77   0.31  -0.29   -0.076 -0.121 -0.005  0.168
   24      1.83  34.61  82.51   5.31   0.46  -0.29   -0.166 -0.231  0.493 -0.387
   25     48.60 -45.82  23.48  22.34   0.11  -0.01    0.000  0.152 -0.290  0.338
   26     27.53 -70.11  -3.87  10.40   0.11  -0.25   -0.068  0.336 -0.193  0.105
   27      0.14  -0.56  49.21  13.19   0.12  -0.16   -0.056  0.125 -0.334  0.086
   28     59.03  37.64  76.30  11.43   0.27  -0.13   -0.073  0.047  0.093 -0.066
   29     20.11-148.73 -12.51  14.64   0.26  -0.02   -0.089  0.088  0.323 -0.163
   30      2.88  35.87  76.54  12.89   0.38  -0.07   -0.020 -0.030 -0.235 -0.507
   31     20.93  36.26  77.31  14.18   0.26  -0.19   -0.069 -0.308 -0.130 -0.024
   32     50.73  36.80  76.90  15.38   0.16  -0.23   -0.067 -0.112 -0.208  0.078
   33      0.78  37.14  76.07  15.42   0.20  -0.17   -0.023 -0.114 -0.139 -0.176
   34     55.39 -16.86  34.84  24.53   0.05  -0.01   -0.007  0.242 -0.088  0.030
   35     39.20 -71.11  -8.28   3.51   0.29  -0.20   -0.004  0.806  0.200  0.106
   36     59.05  36.46  77.75  15.14   0.27  -0.12   -0.046 -0.108 -0.136  0.040
   37      5.55  31.23  50.09  14.68   0.08  -0.21   -0.054 -0.131 -0.126 -0.225
   38     46.45  72.84  72.87  16.83   0.26  -0.13   -0.045 -0.382 -0.103 -0.071
   39     13.97   0.70  26.05   4.03   0.15  -0.25   -0.131  0.017 -0.173  0.128
   40     14.52 -41.89  13.91  16.73   0.08  -0.19   -0.082  0.062 -0.042 -0.068
   41     56.28  34.63  79.04   5.45   0.19  -0.34   -0.123 -0.230 -0.074  0.346
   42     34.26  -3.92  46.19  18.01   0.09  -0.12   -0.037  0.174 -0.117  0.008
   43     24.59-109.78 -38.98   5.01   0.28  -0.37   -0.011  0.980  0.413 -0.186
   44     49.58  30.18  50.46   8.56   0.17  -0.27   -0.124 -0.153 -0.086  0.264
   45     41.14-145.13  45.63  18.61   0.22   0.05   -0.055 -0.095  0.217  0.306
   46     34.05 -57.42  -0.90  16.26   0.11  -0.15   -0.052  0.213 -0.120  0.163
   47      0.98  10.66  80.52  21.54   0.23   0.06   -0.015  0.172 -0.043 -0.359
   48     37.20  10.68  81.57  23.53   0.08   0.01   -0.005  0.196  0.005  0.034
   49     35.65  54.56  84.61  22.65   0.19  -0.05   -0.051 -0.200  0.031  0.049
   50     36.05-102.33 -35.54  15.22   0.26  -0.11   -0.050  0.322  0.055 -0.085
   51     53.08-101.03 -54.41   8.51   0.43  -0.16   -0.122  0.347  0.262 -0.790
   52     43.11-115.62  43.50  15.70   0.33  -0.03   -0.089 -0.203  0.538  0.196
   53      0.98  10.67  80.77  21.09   0.22   0.07   -0.024  0.179  0.099 -0.207
   54      2.58 -83.69 322.70  15.68   0.33  -0.86   -0.817 -0.022 -0.116  0.084
   55      2.85 -89.73 304.23   0.50   0.19  -0.67   -0.650  0.102 -0.056  0.104
   56     44.84  35.83  67.46  14.77   0.27  -0.17   -0.057 -0.144 -0.267 -0.232
   57     47.04 -84.60 154.93  15.87   0.42   0.14   -0.164  0.107  0.389  0.267
   58     45.51 -80.68 151.08  15.31   0.39   0.13   -0.093  0.449  0.437  0.206
   59      8.44 -81.96   0.32   1.81   0.46  -0.27   -0.059  0.492 -0.019 -0.885
   60      3.50-110.30-118.09   3.18   0.65  -0.10   -0.099  0.414  0.636 -0.517
   61      0.41-130.60 -54.98   0.58   0.53  -0.39   -0.186 -0.556  0.035  0.472
   62     20.01  19.79 152.27  15.08   0.49   0.05   -0.086  0.509 -0.373 -0.521
   63     18.76 -47.11  29.74  20.32   0.14  -0.08   -0.035  0.165 -0.166  0.223
   64      4.59-162.64 184.52   8.03   0.64   0.23   -0.212  1.282  1.518  0.025
   65     23.37 -47.81  20.39  15.68   0.09  -0.15   -0.034  0.260 -0.255  0.185
   66     32.78-152.12  43.32  17.90   0.31   0.06   -0.020  0.180  0.472  0.001
   67     41.87 -37.06  -5.17  18.88   0.18  -0.07   -0.033  0.248 -0.259 -0.323
   68     14.11  50.54 106.02  19.95   0.32   0.06   -0.089 -0.238  0.352 -0.455
   69     48.30-214.97-349.14  73.50   0.00   0.00    0.000  0.000  0.000  0.000
   70      5.43  33.79  96.83  19.32   0.28   0.01   -0.075  0.091  0.090  0.019
   71      4.03   6.21  56.64   1.30   0.57  -0.14   -0.067  0.084 -0.048  0.005
   72     55.89 132.63-297.73  96.97   0.16  -0.39   -0.910 -0.068  0.089 -0.027
   73     12.80  50.79  82.09  23.75   0.20   0.07   -0.098  0.392  0.185  0.650
   74     36.13-102.47  70.39  21.84   0.16   0.07   -0.068 -0.030  0.209  0.041
   75     46.59-108.25   3.17   0.77   0.91  -0.18   -0.111 -0.660  0.715  0.657
   76     54.60-217.19 302.17   0.10   0.00   0.00    0.000  0.000  0.000  0.000
   77     44.03  50.86  93.85  16.87   0.12  -0.13   -0.073 -0.064  0.123  0.066
   78     41.75  38.53  66.23  22.09   0.19  -0.04   -0.052  0.163 -0.278  0.094
   79     58.51 -69.44  -4.53   0.24   0.38  -0.26   -0.086  0.328 -0.067  0.144
   80     26.60 -69.90  -5.95   0.13   0.29  -0.23   -0.103  0.242 -0.149  0.022
 ***** depth constrained for event    81
   81     26.79 -69.84  -4.69   0.11   0.36  -0.22   -0.108  0.274 -0.112 -0.100
   82     23.18 -69.79  -4.54   0.12   0.27  -0.32   -0.125  0.328 -0.080  0.014
   83     23.15 -70.64  -5.97   6.64   0.17  -0.31   -0.053  0.541  0.165  0.040
   84     21.17 -43.10   8.46  21.13   0.05  -0.07   -0.032  0.280 -0.356  0.134
   85     24.47-167.59 -46.26  10.93   0.36  -0.06   -0.129 -0.127  0.163  0.025
   86     44.04 -12.24  30.00  18.19   0.10  -0.15   -0.057  0.088 -0.239  0.092
   87     28.73 -61.35   6.86   2.64   0.20  -0.19   -0.070  0.305 -0.286  0.036
   88     37.99-103.48 -28.22   7.80   0.31  -0.34   -0.108  0.378 -0.104 -0.603
   89     47.74-141.95  89.73  20.61   0.24   0.17   -0.062 -0.156  0.352  0.412
   90     48.23-139.93  88.52  20.59   0.19   0.13   -0.072 -0.114  0.484  0.487
   91     33.98  33.80  85.17  19.68   0.31  -0.12   -0.119  0.341  0.031  0.177

 A V E R A G E   of ADJUSTMENTS :                    -0.102  0.063  0.047  0.028
 A V E R A G E   of ABSOLUTE ADJUSTMENTS :            0.102  0.230  0.196  0.203


 Step length damping of 0.28745 was applied.


 Velocity adjustments:
     vp    dvp      hp   reflector
 Velocity model   1
   4.922  0.012   -5.000      
   5.399  0.009    1.230      
   5.792 -0.008    2.300      
   5.913  0.113    8.970      
   6.165  0.005   11.600      
   6.205 -0.025   20.340      
   6.794 -0.046   21.230      
   6.973  0.083   27.170      
   7.445  0.055   36.320      
   7.740 -0.200   41.470      

 Calculation of average velocity starts at layer #           1
 z = -5.00 ...  1.23    v = 4.92    AVEL = 4.92 downto z =   1.23
 z =  1.23 ...  2.30    v = 5.40    AVEL = 4.99 downto z =   2.30
 z =  2.30 ...  8.97    v = 5.79    AVEL = 5.37 downto z =   8.97
 z =  8.97 ... 11.60    v = 5.91    AVEL = 5.46 downto z =  11.60
 z = 11.60 ... 20.34    v = 6.17    AVEL = 5.70 downto z =  20.34
 z = 20.34 ... 21.23    v = 6.20    AVEL = 5.72 downto z =  21.23
 z = 21.23 ... 27.17    v = 6.79    AVEL = 5.92 downto z =  27.17
 z = 27.17 ... 36.32    v = 6.97    AVEL = 6.15 downto z =  36.32
 z = 36.32 ... 41.47    v = 7.45    AVEL = 6.30 downto z =  41.47


 Calculation of average velocity starts at layer #           2
 z =  1.23 ...  2.30    v = 5.40    AVEL = 5.40 downto z =   2.30
 z =  2.30 ...  8.97    v = 5.79    AVEL = 5.74 downto z =   8.97
 z =  8.97 ... 11.60    v = 5.91    AVEL = 5.78 downto z =  11.60
 z = 11.60 ... 20.34    v = 6.17    AVEL = 5.96 downto z =  20.34
 z = 20.34 ... 21.23    v = 6.20    AVEL = 5.97 downto z =  21.23
 z = 21.23 ... 27.17    v = 6.79    AVEL = 6.16 downto z =  27.17
 z = 27.17 ... 36.32    v = 6.97    AVEL = 6.37 downto z =  36.32
 z = 36.32 ... 41.47    v = 7.45    AVEL = 6.51 downto z =  41.47



 Adjusted station corrections:
   stn  ptcor  dpcor  
  624   0.000  0.000  628  -0.069 -0.069  630  -0.042 -0.042  627   0.032  0.032
  621   0.014  0.014  629   0.042  0.042  622   0.021  0.021  620  -0.004 -0.004
  623   0.073  0.073  626   0.045  0.045  625   0.042  0.042  631   0.064  0.064
  632  -0.063 -0.063

 ~~~ another iteration? ...



--------------------------------------------------------------------------------



           ITERATION no  2

 ~~~ set units for this iteration ...
 ~~~ determine number of unknowns for this iter. ...

 Number of unknowns (for array-indexing):  nvar =  386
 Number of effective unknowns        :  nvareff =  387
 Number of elements on/below main diagonal of matrix G = At*A : kvar =   74691

 Damping factors to be used in this iteration:
   Othet=   0.010   XYthet  =   0.010   Zthet=  0.010
 STAthet=   0.010   Vthet   =   1.000

 ~~~ damp G ...
 ~~~ solve G * b = RHT ...
 ~~~ fix units ...
 ~~~ apply eventually step-length damping ...
 ~~~ adjust model (hypocenters, stacorr & veloc.) ...

 doing velocity adjustments now...
 WARNING: Tried to introduce a low-velocity-layer! (Layer 10)
 Setting DVP from -0.20 to 0.0 and VP to vp(layer_above)+0.001

 doing station-correction adjustments...

 ~~~ compute effective step-length ...

 (Applied) Step length =   5.872

 ~~~ set units for next iteration ...
 ~~~ determine number of unknowns for next iter. ...

 Number of unknowns (for array-indexing):  nvar =  386
 Number of effective unknowns        :  nvareff =  387
 Number of elements on/below main diagonal of matrix G = At*A : kvar =   74691

 ~~~ reset G and RHT ...
 ~~~ raytracing, setup G ...
 ~~~ store parts of G ...
 ~~~ set units back for current iteration ...
 ~~~ determine number of unknowns for this iter. ...

 Number of unknowns (for array-indexing):  nvar =  386
 Number of effective unknowns        :  nvareff =  387
 Number of elements on/below main diagonal of matrix G = At*A : kvar =   74691

 ~~~ compute RMS and DATVAR ...

 $$$$$$$$$$$$$$$$$$$$$$$$$$$$$$$$$$$$$$$$$$$$$$$$$
 Events with  | AVRES | > 1.0 SEC are suspicious !

 ZERO events of this kind found! (lucky guy!!!)

 ~~~ check solution (better? worse?) ...

 Iteration nr  2 obtained:
 DATVAR=    0.207166 mean sqrd residual=     0.089091  RMS RESIDUAL=     0.298481

 After  2 iterations we got:
 Average absolute & unweighted [and mean] residual of
   336 straight and direct rays =  0.14027 [ -0.10369]
   343 refracted           rays =  0.27754 [  0.00412]
     0 reflected           rays =  0.00000 [  0.00000]

   679 ALL                 RAYS =  0.20961 [ -0.04923]      -20.83 %

 ~~~ iteration done; output results ...

  eq       ot     x      y      z      rms    avres   dot     dx     dy     dz
    1      9.00  38.55 112.01  23.33   0.16   0.03   -0.062 -0.008  0.074  0.256
    2      9.19  38.01 110.76  22.95   0.17   0.02   -0.070  0.050  0.119  0.205
    3     27.05-130.73  -7.72  12.99   0.28  -0.03   -0.130 -0.405  0.404  0.693
    4     15.43-131.33  -6.42  10.54   0.33  -0.06   -0.148 -0.176  0.322 -0.300
    5     45.58 -40.26  38.47  23.82   0.06  -0.03   -0.069  0.051 -0.192  0.030
    6     49.34 -36.39  40.47  17.55   0.12  -0.11   -0.091  0.267 -0.126  0.591
    7     13.62-134.50-119.37   5.95   0.39   0.03   -0.192  0.509 -0.282 -0.223
    8     30.23-140.95 -43.21   8.82   0.27   0.02   -0.096 -0.037  0.329  0.173
    9     39.51  10.76  56.33  12.20   0.07  -0.15   -0.101 -0.056 -0.185  0.078
   10     17.91 -88.56-308.18  16.24   1.06   0.51   -0.208 -0.866  0.072  0.020
   11      5.01 -64.15-309.65  15.66   1.33   0.35   -0.310 -1.093 -0.008  0.030
   12     51.00  34.99  94.89  17.20   0.16  -0.11   -0.111 -0.031  0.126  0.865
   13     46.74  33.48  97.98  19.35   0.18  -0.05   -0.089  0.057  0.057  0.186
   14     55.65  33.35  97.53  15.02   0.15  -0.12   -0.133 -0.015 -0.004  0.587
   15     44.51  33.79  97.60  17.50   0.28  -0.03   -0.103 -0.133  0.138  0.156
   16     44.67  34.74  96.34  19.10   0.32   0.01   -0.129 -0.181  0.333  0.260
   17     21.86  -0.83  82.68  19.27   0.15  -0.09   -0.125  0.120  0.177  0.387
   18     36.29 -33.65   4.48  11.83   0.16  -0.17   -0.107  0.253  0.040  0.387
   19     33.16  41.07  63.88  10.36   0.13  -0.15   -0.073 -0.195 -0.120  0.191
   20     45.79  37.66  85.12  16.21   0.09  -0.12   -0.115 -0.097 -0.015  0.005
   21     34.00  36.20  82.30  13.40   0.28  -0.12   -0.055 -0.188 -0.273 -0.586
   22     25.72  35.34  85.34  13.78   0.18  -0.16   -0.098 -0.260 -0.015  0.154
   23     15.73  35.12  86.26  11.85   0.28  -0.18   -0.091 -0.236 -0.100  0.079
   24      1.68  34.44  82.96   5.08   0.41  -0.17   -0.155 -0.163  0.457 -0.235
   25     48.58 -45.65  23.17  22.76   0.10  -0.01   -0.016  0.166 -0.310  0.426
   26     27.45 -69.78  -4.15  10.70   0.08  -0.15   -0.084  0.329 -0.279  0.293
   27      0.07  -0.43  48.83  13.36   0.07  -0.10   -0.071  0.125 -0.380  0.178
   28     58.94  37.65  76.36  11.35   0.21  -0.08   -0.088  0.005  0.052 -0.085
   29     20.00-148.62 -12.23  14.45   0.20   0.01   -0.108  0.115  0.281 -0.191
   30      2.84  35.78  76.31  12.34   0.33  -0.04   -0.036 -0.091 -0.230 -0.557
   31     20.86  35.83  77.18  13.84   0.23  -0.09   -0.069 -0.434 -0.133 -0.340
   32     50.65  36.65  76.68  15.48   0.11  -0.14   -0.081 -0.151 -0.220  0.103
   33      0.74  36.99  75.90  15.25   0.16  -0.10   -0.038 -0.151 -0.169 -0.170
   34     55.37 -16.58  34.75  24.58   0.04  -0.01   -0.019  0.279 -0.089  0.050
   35     39.22 -70.30  -8.00   3.64   0.27  -0.13    0.027  0.812  0.275  0.132
   36     59.00  36.30  77.61  15.15   0.23  -0.07   -0.058 -0.154 -0.143  0.007
   37      5.48  31.08  49.95  14.42   0.06  -0.13   -0.067 -0.146 -0.139 -0.259
   38     46.41  72.32  72.69  16.78   0.22  -0.07   -0.042 -0.520 -0.183 -0.049
   39     13.85   0.75  25.87   4.14   0.12  -0.15   -0.117  0.045 -0.182  0.114
   40     14.42 -41.77  13.85  16.74   0.10  -0.12   -0.096  0.124 -0.054  0.012
   41     56.17  34.49  78.85   6.10   0.16  -0.20   -0.104 -0.141 -0.192  0.659
   42     34.21  -3.73  46.05  18.06   0.07  -0.07   -0.052  0.193 -0.142  0.049
   43     24.60-108.68 -38.54   4.57   0.24  -0.23    0.011  1.099  0.433 -0.447
   44     49.47  30.10  50.32   8.82   0.11  -0.16   -0.105 -0.077 -0.138  0.257
   45     41.07-145.20  45.94  18.96   0.16   0.06   -0.071 -0.068  0.313  0.357
   46     33.98 -57.20  -1.10  16.55   0.08  -0.09   -0.073  0.221 -0.201  0.284
   47      0.95  10.86  80.49  21.26   0.23   0.06   -0.031  0.195 -0.027 -0.286
   48     37.17  10.88  81.58  23.61   0.05   0.01   -0.022  0.196  0.005  0.071
   49     35.59  54.32  84.62  22.72   0.15  -0.03   -0.062 -0.240  0.005  0.073
   50     35.99-101.92 -35.50  15.13   0.22  -0.06   -0.065  0.416  0.042 -0.081
   51     52.96-100.38 -54.17   7.63   0.39  -0.07   -0.119  0.644  0.242 -0.883
   52     42.98-115.90  44.09  15.86   0.28  -0.02   -0.130 -0.285  0.592  0.167
   53      0.94  10.88  80.86  21.20   0.22   0.07   -0.034  0.217  0.083  0.104
   54      1.75 -83.73 322.57  15.77   0.28  -0.32   -0.832 -0.038 -0.126  0.082
   55      2.19 -89.59 304.18   0.61   0.11  -0.20   -0.663  0.141 -0.048  0.104
   56     44.77  35.67  67.16  14.53   0.26  -0.09   -0.069 -0.168 -0.305 -0.235
   57     46.85 -84.54 155.44  16.20   0.36   0.23   -0.183  0.062  0.512  0.334
   58     45.40 -80.13 151.39  15.22   0.35   0.16   -0.109  0.552  0.319 -0.089
   59      8.40 -81.52   0.30   1.98   0.43  -0.16   -0.042  0.441 -0.019  0.162
   60      3.43-109.79-117.34   2.80   0.63   0.02   -0.069  0.509  0.752 -0.383
   61      0.23-131.38 -54.98   1.41   0.49  -0.25   -0.179 -0.777 -0.001  0.826
   62     19.95  20.04 151.86  14.88   0.45   0.05   -0.062  0.255 -0.412 -0.195
   63     18.72 -46.95  29.55  20.60   0.11  -0.05   -0.049  0.158 -0.192  0.279
   64      4.35-161.33 186.65   8.49   0.54   0.33   -0.241  1.307  2.134  0.463
   65     23.32 -47.51  20.12  15.97   0.08  -0.09   -0.049  0.292 -0.265  0.283
   66     32.73-152.03  43.91  17.99   0.28   0.04   -0.048  0.089  0.587  0.090
   67     41.81 -36.79  -5.46  18.59   0.15  -0.04   -0.053  0.267 -0.291 -0.286
   68     14.00  50.39 106.42  19.52   0.26   0.05   -0.114 -0.142  0.403 -0.427
   69     48.30-214.97-349.14  73.50   0.00   0.00    0.000  0.000  0.000  0.000
   70      5.33  33.88  96.97  19.35   0.26   0.04   -0.098  0.086  0.142  0.034
   71      3.98   6.30  56.55   1.31   0.56  -0.09   -0.051  0.090 -0.085  0.003
   72     54.91 132.56-297.63  96.94   0.05  -0.23   -0.977 -0.074  0.097 -0.030
   73     12.71  51.21  82.08  24.18   0.18   0.06   -0.089  0.426 -0.006  0.434
   74     36.04-102.48  70.71  22.14   0.19   0.04   -0.088 -0.007  0.319  0.295
   75     46.46-108.83   3.91   1.06   0.91  -0.11   -0.129 -0.582  0.740  0.291
   76     54.60-217.19 302.17   0.10   0.00   0.00    0.000  0.000  0.000  0.000
   77     43.94  50.77  93.92  16.90   0.09  -0.08   -0.084 -0.089  0.069  0.036
   78     41.68  38.70  66.00  22.32   0.17  -0.01   -0.072  0.173 -0.230  0.227
   79     58.47 -69.17  -4.62   0.62   0.36  -0.16   -0.045  0.269 -0.089  0.377
   80     26.52 -69.70  -6.11   0.21   0.27  -0.14   -0.079  0.200 -0.162  0.079
   81     26.72 -69.62  -4.81   0.14   0.34  -0.13   -0.074  0.223 -0.126  0.027
   82     23.07 -69.51  -4.66   0.08   0.25  -0.20   -0.110  0.283 -0.114 -0.043
   83     23.11 -70.10  -5.75   6.89   0.13  -0.19   -0.038  0.541  0.218  0.248
   84     21.12 -42.79   8.06  21.32   0.05  -0.04   -0.048  0.313 -0.397  0.190
   85     24.31-167.71 -46.11  10.84   0.32   0.02   -0.162 -0.115  0.148 -0.080
   86     43.97 -12.13  29.74  18.38   0.06  -0.09   -0.078  0.108 -0.265  0.190
   87     28.68 -61.07   6.54   2.69   0.19  -0.11   -0.049  0.279 -0.315  0.050
   88     37.88-103.03 -28.41   7.49   0.27  -0.21   -0.116  0.452 -0.186 -0.305
   89     47.65-142.17  90.13  21.11   0.27   0.15   -0.086 -0.212  0.395  0.496
   90     48.13-140.10  89.09  21.20   0.21   0.13   -0.096 -0.165  0.562  0.614
   91     33.84  34.17  85.21  19.86   0.26  -0.04   -0.143  0.373  0.044  0.182

 A V E R A G E   of ADJUSTMENTS :                    -0.112  0.059  0.047  0.091
 A V E R A G E   of ABSOLUTE ADJUSTMENTS :            0.112  0.257  0.226  0.240


 Step length damping of 0.39221 was applied.


 Velocity adjustments:
     vp    dvp      hp   reflector
 Velocity model   1
   4.936  0.014   -5.000      
   5.412  0.013    1.230      
   5.799  0.007    2.300      
   5.938  0.025    8.970      
   6.155 -0.011   11.600      
   6.215  0.010   20.340      
   6.741 -0.053   21.230      
   6.945 -0.029   27.170      
   7.545  0.100   36.320      
   7.546  0.000   41.470      

 Calculation of average velocity starts at layer #           1
 z = -5.00 ...  1.23    v = 4.94    AVEL = 4.94 downto z =   1.23
 z =  1.23 ...  2.30    v = 5.41    AVEL = 5.01 downto z =   2.30
 z =  2.30 ...  8.97    v = 5.80    AVEL = 5.38 downto z =   8.97
 z =  8.97 ... 11.60    v = 5.94    AVEL = 5.47 downto z =  11.60
 z = 11.60 ... 20.34    v = 6.15    AVEL = 5.71 downto z =  20.34
 z = 20.34 ... 21.23    v = 6.21    AVEL = 5.72 downto z =  21.23
 z = 21.23 ... 27.17    v = 6.74    AVEL = 5.91 downto z =  27.17
 z = 27.17 ... 36.32    v = 6.94    AVEL = 6.14 downto z =  36.32
 z = 36.32 ... 41.47    v = 7.55    AVEL = 6.30 downto z =  41.47


 Calculation of average velocity starts at layer #           2
 z =  1.23 ...  2.30    v = 5.41    AVEL = 5.41 downto z =   2.30
 z =  2.30 ...  8.97    v = 5.80    AVEL = 5.75 downto z =   8.97
 z =  8.97 ... 11.60    v = 5.94    AVEL = 5.79 downto z =  11.60
 z = 11.60 ... 20.34    v = 6.15    AVEL = 5.96 downto z =  20.34
 z = 20.34 ... 21.23    v = 6.21    AVEL = 5.97 downto z =  21.23
 z = 21.23 ... 27.17    v = 6.74    AVEL = 6.15 downto z =  27.17
 z = 27.17 ... 36.32    v = 6.94    AVEL = 6.35 downto z =  36.32
 z = 36.32 ... 41.47    v = 7.55    AVEL = 6.51 downto z =  41.47



 Adjusted station corrections:
   stn  ptcor  dpcor  
  624   0.000  0.000  628  -0.137 -0.068  630  -0.088 -0.046  627   0.058  0.027
  621   0.033  0.019  629   0.084  0.042  622   0.042  0.021  620  -0.007 -0.003
  623   0.146  0.073  626   0.086  0.041  625   0.084  0.042  631   0.136  0.073
  632  -0.118 -0.055

 ~~~ another iteration? ...



--------------------------------------------------------------------------------



           ITERATION no  3

 ~~~ set units for this iteration ...
 ~~~ determine number of unknowns for this iter. ...

 Number of unknowns (for array-indexing):  nvar =  386
 Number of effective unknowns        :  nvareff =  387
 Number of elements on/below main diagonal of matrix G = At*A : kvar =   74691

 Damping factors to be used in this iteration:
   Othet=   0.010   XYthet  =   0.010   Zthet=  0.010
 STAthet=   0.010   Vthet   =   1.000

 ~~~ damp G ...
 ~~~ solve G * b = RHT ...
 ~~~ fix units ...
 ~~~ apply eventually step-length damping ...
 ~~~ adjust model (hypocenters, stacorr & veloc.) ...

 doing velocity adjustments now...

 doing station-correction adjustments...

 ~~~ compute effective step-length ...

 (Applied) Step length =   8.251

 ~~~ set units for next iteration ...
 ~~~ determine number of unknowns for next iter. ...

 Number of unknowns (for array-indexing):  nvar =  386
 Number of effective unknowns        :  nvareff =  387
 Number of elements on/below main diagonal of matrix G = At*A : kvar =   74691

 ~~~ reset G and RHT ...
 ~~~ raytracing, setup G ...
 ~~~ store parts of G ...
 ~~~ set units back for current iteration ...
 ~~~ determine number of unknowns for this iter. ...

 Number of unknowns (for array-indexing):  nvar =  386
 Number of effective unknowns        :  nvareff =  387
 Number of elements on/below main diagonal of matrix G = At*A : kvar =   74691

 ~~~ compute RMS and DATVAR ...

 $$$$$$$$$$$$$$$$$$$$$$$$$$$$$$$$$$$$$$$$$$$$$$$$$
 Events with  | AVRES | > 1.0 SEC are suspicious !

 ZERO events of this kind found! (lucky guy!!!)

 ~~~ check solution (better? worse?) ...

 Iteration nr  3 obtained:
 DATVAR=    0.148245 mean sqrd residual=     0.063752  RMS RESIDUAL=     0.252492

 After  3 iterations we got:
 Average absolute & unweighted [and mean] residual of
   344 straight and direct rays =  0.09844 [ -0.03258]
   335 refracted           rays =  0.22735 [  0.03811]
     0 reflected           rays =  0.00000 [  0.00000]

   679 ALL                 RAYS =  0.16204 [  0.00230]      -22.70 %

 ~~~ iteration done; output results ...

  eq       ot     x      y      z      rms    avres   dot     dx     dy     dz
    1      8.91  38.55 112.14  23.59   0.14   0.01   -0.092 -0.001  0.130  0.258
    2      9.08  38.08 110.97  23.15   0.14   0.01   -0.104  0.072  0.209  0.197
    3     26.89-131.19  -7.21  14.05   0.28   0.01   -0.162 -0.464  0.504  1.061
    4     15.23-131.69  -5.99  10.34   0.28   0.01   -0.205 -0.357  0.425 -0.195
    5     45.49 -40.13  38.29  24.02   0.06  -0.00   -0.091  0.125 -0.177  0.201
    6     49.23 -36.09  40.38  18.40   0.11  -0.04   -0.113  0.302 -0.093  0.846
    7     13.39-133.87-119.62   5.48   0.23   0.07   -0.226  0.629 -0.252 -0.469
    8     30.12-140.98 -42.88   9.03   0.20   0.03   -0.109 -0.032  0.326  0.218
    9     39.40  10.72  56.13  12.29   0.07  -0.04   -0.111 -0.041 -0.202  0.093
   10     17.69 -90.10-308.06  16.26   0.93   0.39   -0.224 -1.542  0.116  0.021
   11      4.67 -66.09-309.69  15.69   1.20   0.34   -0.333 -1.943 -0.033  0.031
   12     50.85  35.08  95.04  18.57   0.11  -0.04   -0.149  0.085  0.151  1.370
   13     46.64  33.67  97.95  19.75   0.14  -0.00   -0.101  0.182 -0.030  0.402
   14     55.50  33.40  97.49  15.89   0.07  -0.03   -0.152  0.044 -0.033  0.871
   15     44.39  33.76  97.73  17.86   0.21   0.01   -0.119 -0.024  0.135  0.357
   16     44.52  34.73  96.70  19.55   0.22   0.02   -0.148 -0.013  0.359  0.455
   17     21.72  -0.62  82.92  19.76   0.12  -0.03   -0.143  0.214  0.243  0.495
   18     36.16 -33.49   4.71  12.76   0.14  -0.05   -0.134  0.158  0.225  0.939
   19     33.08  40.88  63.72  10.57   0.10  -0.04   -0.082 -0.188 -0.162  0.206
   20     45.65  37.47  85.15  16.43   0.09  -0.01   -0.143 -0.190  0.023  0.220
   21     33.95  35.76  82.16  11.93   0.20  -0.04   -0.045 -0.441 -0.146 -1.461
   22     25.61  35.08  85.29  14.07   0.15  -0.04   -0.111 -0.263 -0.057  0.292
   23     15.64  34.87  86.11  11.92   0.25  -0.05   -0.095 -0.244 -0.154  0.075
   24      1.47  34.20  83.70   4.63   0.36  -0.05   -0.209 -0.248  0.733 -0.450
   25     48.55 -45.45  22.79  23.40   0.08  -0.01   -0.029  0.204 -0.372  0.638
   26     27.36 -69.42  -4.50  11.08   0.04  -0.05   -0.090  0.359 -0.342  0.386
   27     59.98  -0.27  48.41  13.75   0.03  -0.03   -0.092  0.162 -0.415  0.382
   28     58.84  37.65  76.43  11.13   0.16  -0.02   -0.094  0.004  0.070 -0.223
   29     19.85-148.60 -11.83  14.57   0.14   0.06   -0.154  0.024  0.400  0.121
   30      2.80  35.61  76.12  11.56   0.28  -0.01   -0.045 -0.169 -0.181 -0.777
   31     20.78  35.28  77.15  13.38   0.13  -0.02   -0.081 -0.550 -0.024 -0.461
   32     50.57  36.54  76.33  15.68   0.07  -0.04   -0.087 -0.112 -0.349  0.196
   33      0.69  36.83  75.70  15.20   0.11  -0.02   -0.054 -0.165 -0.207 -0.049
   34     55.35 -16.21  34.67  24.69   0.05  -0.00   -0.026  0.372 -0.080  0.113
   35     39.28 -69.19  -7.40   3.90   0.25  -0.04    0.057  1.106  0.601  0.259
   36     58.93  36.16  77.33  15.22   0.18   0.00   -0.067 -0.147 -0.278  0.074
   37      5.41  30.94  49.80  13.96   0.07  -0.04   -0.067 -0.146 -0.145 -0.453
   38     46.40  71.67  72.07  16.64   0.19  -0.00   -0.014 -0.647 -0.622 -0.143
   39     13.71   0.82  25.65   4.43   0.11  -0.05   -0.141  0.070 -0.216  0.290
   40     14.32 -41.58  13.78  16.77   0.12  -0.04   -0.097  0.183 -0.067  0.029
   41     56.07  34.37  78.47   6.55   0.15  -0.06   -0.102 -0.120 -0.378  0.449
   42     34.15  -3.47  45.92  18.13   0.05  -0.02   -0.057  0.256 -0.129  0.071
   43     24.63-107.16 -38.26   4.15   0.21  -0.07    0.026  1.520  0.285 -0.416
   44     49.34  30.06  50.16   9.10   0.06  -0.04   -0.126 -0.040 -0.165  0.274
   45     40.98-145.13  46.66  19.43   0.14   0.04   -0.095  0.072  0.711  0.468
   46     33.89 -56.96  -1.36  16.98   0.06  -0.03   -0.084  0.233 -0.258  0.432
   47      0.90  11.06  80.43  21.40   0.17   0.04   -0.055  0.202 -0.062  0.141
   48     37.15  11.21  81.55  23.64   0.03   0.00   -0.021  0.331 -0.033  0.035
   49     35.51  53.97  84.56  22.86   0.12  -0.00   -0.079 -0.346 -0.057  0.134
   50     35.91-101.45 -35.37  14.96   0.17  -0.01   -0.074  0.463  0.129 -0.176
   51     52.87 -99.62 -53.88   7.02   0.31   0.01   -0.091  0.763  0.293 -0.608
   52     42.78-116.42  44.97  16.13   0.25   0.01   -0.199 -0.516  0.884  0.263
   53      0.90  11.08  80.90  21.67   0.15   0.02   -0.043  0.201  0.042  0.477
   54      0.86 -83.82 322.42  15.85   0.26   0.26   -0.890 -0.090 -0.154  0.084
   55      1.49 -89.34 304.16   0.72   0.09   0.19   -0.701  0.251 -0.024  0.107
   56     44.69  35.47  66.87  14.31   0.21  -0.02   -0.081 -0.197 -0.286 -0.221
   57     46.62 -84.58 156.03  16.37   0.33   0.13   -0.234 -0.037  0.585  0.173
   58     45.21 -79.52 152.14  15.52   0.26   0.12   -0.185  0.610  0.747  0.302
   59      8.35 -81.05   0.29   2.42   0.40  -0.05   -0.051  0.475 -0.005  0.443
   60      3.40-108.71-116.29   1.96   0.52   0.04   -0.027  1.084  1.044 -0.836
   61      0.01-131.95 -54.83   2.05   0.44  -0.06   -0.226 -0.570  0.144  0.644
   62     19.87  20.66 151.47  15.23   0.37   0.05   -0.079  0.619 -0.391  0.348
   63     18.65 -46.75  29.33  21.11   0.07  -0.02   -0.066  0.202 -0.217  0.503
   64      4.04-159.10 189.53   8.52   0.48   0.22   -0.302  2.229  2.878  0.033
   65     23.26 -47.17  19.81  16.40   0.07  -0.03   -0.057  0.342 -0.309  0.430
   66     32.64-152.30  44.63  18.81   0.24   0.04   -0.089 -0.268  0.721  0.816
   67     41.74 -36.48  -5.80  18.48   0.11  -0.01   -0.072  0.314 -0.343 -0.115
   68     13.77  50.43 107.51  19.20   0.22   0.04   -0.230  0.030  1.082 -0.322
   69     48.30-214.97-349.14  73.50   0.00   0.00    0.000  0.000  0.000  0.000
   70      5.21  34.10  97.05  19.56   0.17   0.03   -0.113  0.223  0.078  0.209
   71      3.91   6.42  56.50   1.31   0.56  -0.03   -0.070  0.124 -0.050  0.005
   72     54.64 132.54-297.60  96.93   0.00  -0.06   -0.271 -0.021  0.028 -0.009
   73     12.61  51.60  82.01  24.46   0.21   0.05   -0.099  0.390 -0.070  0.273
   74     35.93-102.47  71.20  22.44   0.22   0.03   -0.111  0.003  0.491  0.299
   75     46.27-109.69   4.79   1.47   0.91  -0.04   -0.186 -0.863  0.881  0.409
   76     54.60-217.19 302.17   0.10   0.00   0.00    0.000  0.000  0.000  0.000
   77     43.85  50.72  93.96  17.01   0.06  -0.02   -0.096 -0.047  0.033  0.109
   78     41.59  38.95  65.53  22.47   0.17   0.01   -0.081  0.249 -0.463  0.147
   79     58.44 -68.80  -4.69   1.30   0.35  -0.05   -0.032  0.373 -0.075  0.683
   80     26.45 -69.44  -6.30   0.63   0.26  -0.04   -0.067  0.258 -0.185  0.419
   81     26.64 -69.32  -4.95   0.35   0.32  -0.04   -0.074  0.297 -0.137  0.215
 ***** depth constrained for event    82
   82     22.93 -69.14  -4.79   0.11   0.23  -0.05   -0.135  0.366 -0.132 -0.071
   83     23.08 -69.38  -5.35   7.15   0.08  -0.05   -0.024  0.718  0.403  0.263
   84     21.07 -42.36   7.60  21.56   0.06  -0.02   -0.048  0.427 -0.458  0.236
   85     24.11-167.71 -46.16  10.64   0.23   0.05   -0.201 -0.007 -0.053 -0.201
   86     43.87 -11.97  29.42  18.78   0.04  -0.03   -0.099  0.167 -0.317  0.401
   87     28.61 -60.70   6.17   2.80   0.20  -0.03   -0.067  0.370 -0.373  0.116
   88     37.79-102.27 -28.50   7.09   0.24  -0.06   -0.088  0.763 -0.092 -0.406
   89     47.54-142.53  90.71  22.07   0.26   0.06   -0.113 -0.363  0.581  0.963
   90     48.01-140.41  89.94  22.40   0.20   0.04   -0.127 -0.317  0.857  1.200
   91     33.65  34.58  85.35  20.20   0.21   0.03   -0.187  0.411  0.140  0.344

 A V E R A G E   of ADJUSTMENTS :                    -0.122  0.087  0.086  0.175
 A V E R A G E   of ABSOLUTE ADJUSTMENTS :            0.123  0.345  0.303  0.352


 Step length damping of 0.69120 was applied.


 Velocity adjustments:
     vp    dvp      hp   reflector
 Velocity model   1
   4.951  0.015   -5.000      
   5.416  0.004    1.230      
   5.791 -0.008    2.300      
   5.988  0.049    8.970      
   6.143 -0.011   11.600      
   6.246  0.032   20.340      
   6.646 -0.094   21.230      
   6.968  0.024   27.170      
   7.345 -0.200   36.320      
   7.557  0.011   41.470      

 Calculation of average velocity starts at layer #           1
 z = -5.00 ...  1.23    v = 4.95    AVEL = 4.95 downto z =   1.23
 z =  1.23 ...  2.30    v = 5.42    AVEL = 5.02 downto z =   2.30
 z =  2.30 ...  8.97    v = 5.79    AVEL = 5.39 downto z =   8.97
 z =  8.97 ... 11.60    v = 5.99    AVEL = 5.48 downto z =  11.60
 z = 11.60 ... 20.34    v = 6.14    AVEL = 5.71 downto z =  20.34
 z = 20.34 ... 21.23    v = 6.25    AVEL = 5.73 downto z =  21.23
 z = 21.23 ... 27.17    v = 6.65    AVEL = 5.90 downto z =  27.17
 z = 27.17 ... 36.32    v = 6.97    AVEL = 6.14 downto z =  36.32
 z = 36.32 ... 41.47    v = 7.35    AVEL = 6.27 downto z =  41.47


 Calculation of average velocity starts at layer #           2
 z =  1.23 ...  2.30    v = 5.42    AVEL = 5.42 downto z =   2.30
 z =  2.30 ...  8.97    v = 5.79    AVEL = 5.74 downto z =   8.97
 z =  8.97 ... 11.60    v = 5.99    AVEL = 5.80 downto z =  11.60
 z = 11.60 ... 20.34    v = 6.14    AVEL = 5.96 downto z =  20.34
 z = 20.34 ... 21.23    v = 6.25    AVEL = 5.97 downto z =  21.23
 z = 21.23 ... 27.17    v = 6.65    AVEL = 6.13 downto z =  27.17
 z = 27.17 ... 36.32    v = 6.97    AVEL = 6.35 downto z =  36.32
 z = 36.32 ... 41.47    v = 7.35    AVEL = 6.47 downto z =  41.47



 Adjusted station corrections:
   stn  ptcor  dpcor  
  624   0.000  0.000  628  -0.217 -0.080  630  -0.144 -0.056  627   0.081  0.023
  621   0.057  0.024  629   0.119  0.036  622   0.071  0.028  620  -0.006  0.002
  623   0.220  0.073  626   0.121  0.036  625   0.121  0.037  631   0.215  0.078
  632  -0.168 -0.050

 ~~~ another iteration? ...
 NITT = ITTMAX  --> stop iterations.
 ~~~ final solution reached ...

 ~~~ damp G & Chol.-Decomp.: NOT made (switch iresolcalc is NOT set !)

 Final rms values:  0.14 0.14 0.28 0.28 0.06 0.11 0.23 0.20 0.07 0.93
                    1.20 0.11 0.14 0.07 0.21 0.22 0.12 0.14 0.10 0.09
                    0.20 0.15 0.25 0.36 0.08 0.04 0.03 0.16 0.14 0.28
                    0.13 0.07 0.11 0.05 0.25 0.18 0.07 0.19 0.11 0.12
                    0.15 0.05 0.21 0.06 0.14 0.06 0.17 0.03 0.12 0.17
                    0.31 0.25 0.15 0.26 0.09 0.21 0.33 0.26 0.40 0.52
                    0.44 0.37 0.07 0.48 0.07 0.24 0.11 0.22 0.00 0.17
                    0.56 0.00 0.21 0.22 0.91 0.00 0.06 0.17 0.35 0.26
                    0.32 0.23 0.08 0.06 0.23 0.04 0.20 0.24 0.26 0.20
                    0.21



 ~~~ output final hypocenters ...

      date    origin   latitude longitude  depth  mag  no  rms      x      y      z
   1 160818 1613  8.91 73.0050N 124.8517E  23.59 1.40   6 0.136   38.55 112.14  23.59
   2 160818 1613  9.08 72.9945N 124.8660E  23.15 1.10   6 0.142   38.08 110.97  23.15
   3 160819 0959 26.89 71.9354N 129.7958E  14.05 4.00  12 0.282 -131.19  -7.21  14.05
   4 160820 1506 15.23 71.9463N 129.8111E  10.34 1.50   9 0.279 -131.69  -5.99  10.34
   5 160820 1904 45.49 72.3432N 127.1739E  24.02 1.20   6 0.057  -40.13  38.29  24.02
   6 160822 1318 49.23 72.3619N 127.0561E  18.40 0.60   8 0.115  -36.09  40.38  18.40
   7 160823 0652 13.39 70.9280N 129.7716E   5.48 2.90   6 0.230 -133.87-119.62   5.48
   8 160824 1510 30.12 71.6157N 130.0443E   9.03 1.50   9 0.198 -140.98 -42.88   9.03
   9 160906 1514 39.40 72.5030N 125.6851E  12.29 0.90   6 0.074   10.72  56.13  12.29
  10 160920 1607 17.69 69.2392N 128.4321E  16.26 2.60   2 0.934  -90.10-308.06  16.26
  11 160925 1911  4.67 69.2246N 127.7832E  15.69 2.30   2 1.195  -66.09-309.69  15.69
  12 161004 0841 50.85 72.8517N 124.9596E  18.57 0.20   6 0.107   35.08  95.04  18.57
  13 161005 1619 46.64 72.8778N 125.0007E  19.75 1.00   9 0.137   33.67  97.95  19.75
  14 161006 0156 55.50 72.8737N 125.0088E  15.89 1.00   7 0.070   33.40  97.49  15.89
  15 161009 0036 44.39 72.8759N 124.9978E  17.86 1.30   8 0.211   33.76  97.73  17.86
  16 161009 0036 44.52 72.8666N 124.9696E  19.55 1.20   7 0.225   34.73  96.70  19.55
  17 161012 0800 21.72 72.7431N 126.0183E  19.76 0.80   7 0.122   -0.62  82.92  19.76
  18 161015 1013 36.16 72.0422N 126.9718E  12.76 0.70   7 0.138  -33.49   4.71  12.76
  19 161021 0507 33.08 72.5711N 124.7967E  10.57 0.80   6 0.099   40.88  63.72  10.57
  20 161124 2250 45.65 72.7631N 124.8914E  16.43 3.10   4 0.087   37.47  85.15  16.43
  21 161125 0156 33.95 72.7363N 124.9426E  11.93 0.60   7 0.196   35.76  82.16  11.93
  22 161125 0517 25.61 72.7643N 124.9620E  14.07 1.60   6 0.154   35.08  85.29  14.07
  23 161125 0525 15.64 72.7717N 124.9679E  11.92 0.80   6 0.252   34.87  86.11  11.92
  24 161125 0556  1.47 72.7501N 124.9886E   4.63 0.20   6 0.359   34.20  83.70   4.63
  25 170117 0846 48.55 72.2043N 127.3245E  23.40 0.30   6 0.082  -45.45  22.79  23.40
  26 170122 1614 27.36 71.9597N 128.0099E  11.08 0.90   6 0.040  -69.42  -4.50  11.08
  27 170125 2243 59.98 72.4339N 126.0079E  13.75 0.80   6 0.033   -0.27  48.41  13.75
  28 170302 1359 58.84 72.6849N 124.8883E  11.13 0.50   7 0.158   37.65  76.43  11.13
  29 170302 2335 19.85 71.8940N 130.2945E  14.57 2.10   9 0.141 -148.60 -11.83  14.57
  30 170304 2135  2.80 72.6822N 124.9488E  11.56 1.30   7 0.278   35.61  76.12  11.56
  31 170307 0447 20.78 72.6914N 124.9582E  13.38 1.70  10 0.133   35.28  77.15  13.38
  32 170307 2016 50.57 72.6840N 124.9213E  15.68 1.10   6 0.070   36.54  76.33  15.68
  33 170309 1454  0.69 72.6784N 124.9128E  15.20 0.30   6 0.111   36.83  75.70  15.20
  34 170311 0430 55.35 72.3107N 126.4739E  24.69 0.30   6 0.052  -16.21  34.67  24.69
  35 170312 0416 39.28 71.9336N 128.0017E   3.90 2.10   6 0.248  -69.19  -7.40   3.90
  36 170313 0553 58.93 72.6930N 124.9322E  15.22 1.00   9 0.179   36.16  77.33  15.22
  37 170313 0809  5.41 72.4463N 125.0925E  13.96 1.20   7 0.075   30.94  49.80  13.96
  38 170315 0234 46.40 72.6459N 123.8861E  16.64 1.40   7 0.188   71.67  72.07  16.64
  39 170317 1007 13.71 72.2299N 125.9762E   4.43 0.50   7 0.112    0.82  25.65   4.43
  40 170320 0711 14.32 72.1235N 127.2092E  16.77 0.90   6 0.121  -41.58  13.78  16.77
  41 170320 0853 56.07 72.7032N 124.9846E   6.55 0.40   6 0.148   34.37  78.47   6.55
  42 170320 1900 34.15 72.4115N 126.1017E  18.13 0.60   7 0.047   -3.47  45.92  18.13
  43 170323 0519 24.63 71.6571N 129.0775E   4.15 1.20   6 0.215 -107.16 -38.26   4.15
  44 170323 1612 49.34 72.4495N 125.1180E   9.10 0.50   6 0.061   30.06  50.16   9.10
  45 170323 1906 40.98 72.4181N 130.2539E  19.43 1.00   6 0.143 -145.13  46.66  19.43
  46 170326 0836 33.89 71.9878N 127.6504E  16.98 1.50   7 0.062  -56.96  -1.36  16.98
  47 170402 0422  0.90 72.7208N 125.6732E  21.40 1.20  10 0.174   11.06  80.43  21.40
  48 170402 0636 37.15 72.7308N 125.6686E  23.64 0.70   6 0.026   11.21  81.55  23.64
  49 170404 2347 35.51 72.7578N 124.4033E  22.86 0.50   6 0.116   53.97  84.56  22.86
  50 170405 0307 35.91 71.6830N 128.9156E  14.96 1.00  10 0.165 -101.45 -35.37  14.96
  51 170405 1410 52.87 71.5171N 128.8504E   7.02 1.70  10 0.313  -99.62 -53.88   7.02
  52 170406 0838 42.78 72.4031N 129.4111E  16.13 0.90  10 0.248 -116.42  44.97  16.13
  53 170406 1728  0.90 72.7250N 125.6724E  21.67 0.90  10 0.153   11.08  80.90  21.67
  54 170407 1729  0.86 74.8895N 128.6344E  15.85 1.80   2 0.260  -83.82 322.42  15.85
  55 170407 1729  1.49 74.7258N 128.7944E   0.72 1.60   5 0.093  -89.34 304.16   0.72
  56 170408 1004 44.69 72.5993N 124.9552E  14.31 1.40  13 0.209   35.47  66.87  14.31
  57 170409 0856 46.62 73.3983N 128.5470E  16.37 2.50   6 0.325  -84.58 156.03  16.37
  58 170409 0902 45.21 73.3635N 128.3925E  15.52 1.10   7 0.257  -79.52 152.14  15.52
  59 170410 1520  8.35 72.0026N 128.3492E   2.42 1.00  10 0.399  -81.05   0.29   2.42
  60 170410 1813  3.40 70.9578N 129.0652E   1.96 2.20  13 0.519 -108.71-116.29   1.96
  61 170412 1507  0.01 71.5086N 129.7746E   2.05 0.70   6 0.440 -131.95 -54.83   2.05
  62 170413 0651 19.87 73.3575N 125.3785E  15.23 1.00  10 0.366   20.66 151.47  15.23
  63 170414 0459 18.65 72.2629N 127.3645E  21.11 0.50   7 0.071  -46.75  29.33  21.11
  64 170414 0540  4.04 73.6985N 130.8319E   8.52 1.80  11 0.477 -159.10 189.53   8.52
  65 170414 1656 23.26 72.1776N 127.3737E  16.40 0.20   6 0.066  -47.17  19.81  16.40
  66 170414 1753 32.64 72.4000N 130.4619E  18.81 0.70   6 0.239 -152.30  44.63  18.81
  67 170416 0523 41.74 71.9480N 127.0558E  18.48 1.60  13 0.114  -36.48  -5.80  18.48
  68 170416 1220 13.77 72.9635N 124.4997E  19.20 1.00  11 0.222   50.43 107.51  19.20
 WARNING: Event-# :          69 has zero observations!
  69 170416 1257 48.30 68.8710N 131.7500E  73.50 2.20   0 0.000 -214.97-349.14  73.50
  70 170416 1821  5.21 72.8698N 124.9881E  19.56 1.30  13 0.169   34.10  97.05  19.56
  71 170418 0606  3.91 72.5064N 125.8113E   1.31 0.20   6 0.558    6.42  56.50   1.31
  72 170418 1005 54.64 69.3329N 122.4143E  96.93 2.20   1 0.004  132.54-297.60  96.93
  73 170418 1500 12.61 72.7350N 124.4743E  24.46 1.30  12 0.207   51.60  82.01  24.46
  74 170420 1302 35.93 72.6381N 129.0217E  22.44 0.90  11 0.224 -102.47  71.20  22.44
  75 170420 2248 46.27 72.0429N 129.1828E   1.47 0.70  11 0.915 -109.69   4.79   1.47
 WARNING: Event-# :          76 has zero observations!
  76 170423 0850 54.60 74.7080N 132.7900E   0.10 1.90   0 0.000 -217.19 302.17   0.10
  77 170423 1455 43.85 72.8420N 124.4958E  17.01 0.60   8 0.064   50.72  93.96  17.01
  78 170423 2313 41.59 72.5873N 124.8530E  22.47 1.30  12 0.168   38.95  65.53  22.47
  79 170424 0609 58.44 71.9579N 127.9918E   1.30 1.10  12 0.349  -68.80  -4.69   1.30
  80 170424 0755 26.45 71.9436N 128.0095E   0.63 1.00  12 0.263  -69.44  -6.30   0.63
  81 170424 0755 26.64 71.9556N 128.0068E   0.35 1.00  12 0.321  -69.32  -4.95   0.35
  82 170425 0652 22.93 71.9571N 128.0016E   0.11 1.20   9 0.225  -69.14  -4.79   0.11
  83 170426 0051 23.08 71.9520N 128.0083E   7.15 0.70   6 0.080  -69.38  -5.35   7.15
  84 170426 1425 21.07 72.0681N 127.2300E  21.56 0.10   6 0.057  -42.36   7.60  21.56
  85 170426 1834 24.11 71.5863N 130.8074E  10.64 1.20   8 0.234 -167.71 -46.16  10.64
  86 170426 1840 43.87 72.2637N 126.3493E  18.78 1.30   8 0.042  -11.97  29.42  18.78
  87 170427 0912 28.61 72.0553N 127.7619E   2.80 0.90   8 0.198  -60.70   6.17   2.80
  88 170427 1041 37.79 71.7446N 128.9439E   7.09 0.70   7 0.240 -102.27 -28.50   7.09
  89 170427 2010 47.54 72.8129N 130.2230E  22.07 1.30   8 0.260 -142.53  90.71  22.07
  90 170427 2010 48.01 72.8061N 130.1596E  22.40 1.30   8 0.204 -140.41  89.94  22.40
  91 170427 2342 33.65 72.7649N 124.9767E  20.20 0.80   6 0.214   34.58  85.35  20.20

 ~~~ output final station residuals ...
 TURBO-option is set; residuals are NOT printed for each event!



   station statistics, remember nsp was set to: 1


 sta phase nobs avres  avwres    std    wsum    delay

 624    P  74 -0.0207 -0.0207  0.1631  74.0000  0.0000
 628    P  69 -0.0580 -0.0580  0.2523  69.0000 -0.2168
 630    P  53 -0.0158 -0.0158  0.2166  53.0000 -0.1442
 627    P  46 -0.0022 -0.0022  0.2208  46.0000  0.0808
 621    P  59  0.0164  0.0164  0.2140  59.0000  0.0568
 629    P  43  0.0069  0.0069  0.2768  43.0000  0.1194
 622    P  58  0.0028  0.0028  0.1818  58.0000  0.0705
 620    P  48 -0.0110 -0.0110  0.2830  48.0000 -0.0055
 623    P  55  0.0167  0.0167  0.2669  55.0000  0.2195
 626    P  52  0.0221  0.0221  0.3732  52.0000  0.1212
 625    P  49  0.0059  0.0059  0.2431  49.0000  0.1210
 631    P  49  0.0823  0.0823  0.3228  49.0000  0.2146
 632    P  24  0.0307  0.0307  0.2450  24.0000 -0.1676


 ~~~ output statistics ...




 RAY-STATISTICS FOR  L A S T  ITERATION
 --------------------------------------

 NHYP : nr of hypocenters in this layer
 NREF : nr of headwaves in this layer
 %len : % of "refracted km" in this layer 
        with respect to all refracted kilometers
 NHIT : nr of rays passed thru this layer
 xy-km: average horizontal ray length [km] in layer
 z-km : average  vertical  ray length [km] in layer
 RFLX : number of reflections at bottom of this layer

 nlay   top ..... bottom     velocity   NHYP NREF %len  NHIT xy-km  z-km  RFLX

   1    -5.00...  1.23 km    4.95 km/s    5    0   0.0   717   1.4   1.2     0
   2     1.23...  2.30 km    5.42 km/s    5    0   0.0   765   1.7   1.0     0
   3     2.30...  8.97 km    5.79 km/s   12   52  12.5   753  16.8   5.7     0
   4     8.97... 11.60 km    5.99 km/s    8    3   0.5   687   6.4   2.5     0
   5    11.60... 20.34 km    6.14 km/s   43   44   9.9   748  19.3   6.2     0
   6    20.34... 21.23 km    6.25 km/s    1    0   0.0   516   1.9   0.9     0
   7    21.23... 27.17 km    6.65 km/s   15   71  18.1   481  21.7   4.2     0
   8    27.17... 36.32 km    6.97 km/s    0  119  39.6   212  48.1   4.0     0
   9    36.32... 41.47 km    7.35 km/s    0   13   4.6    80  29.3   4.3     0
  10    41.47...       km    7.56 km/s    2   33  14.8     0   0.0   0.0

 Total nr of events was   91

 Total nr of refracted rays =   335
 Total nr of reflected rays =     0
 Total nr of   other   rays =   344
                              ------
 Total nr of    all    rays =   679

 Average (absolute) error of the raytracers:
  Straight and direct rays :    7.91 meters
  Refracted           rays :    0.01 meters
  Reflected           rays :    0.00 meters


 ALL RAYS TOGETHER:
 Average horizontal ray length =   89.8 km   (Hypocenter --> Station) 
 Average  vertical  ray length =   18.7 km   (Deepest ray-point --> Station)



 ... and some more STATISTICS 
 ---------------------------- 
  GAP of final epicenters:

  Event# -> GAP  Event# -> GAP  Event# -> GAP  Event# -> GAP  Event# -> GAP
       1 -> 295       2 -> 294       3 -> 271       4 -> 275       5 -> 307
       6 ->  99       7 -> 321       8 -> 306       9 -> 167      10 -> 347
      11 -> 347      12 -> 260      13 -> 264      14 -> 263      15 -> 264
      16 -> 265      17 -> 253      18 -> 241      19 -> 159      20 -> 302
      21 -> 230      22 -> 238      23 -> 240      24 -> 234      25 -> 128
      26 -> 102      27 -> 149      28 -> 212      29 -> 305      30 -> 210
      31 -> 214      32 -> 211      33 -> 210      34 -> 132      35 -> 232
      36 -> 215      37 -> 132      38 -> 307      39 -> 119      40 -> 209
      41 -> 218      42 -> 121      43 -> 209      44 -> 133      45 -> 309
      46 -> 125      47 -> 224      48 -> 226      49 -> 285      50 -> 191
      51 -> 288      52 -> 271      53 -> 224      54 -> 354      55 -> 347
      56 -> 179      57 -> 310      58 -> 317      59 -> 157      60 -> 309
      61 -> 302      62 -> 305      63 -> 148      64 -> 322      65 -> 126
      66 -> 293      67 ->  87      68 -> 295      69 -> 170      70 -> 262
      71 -> 173      72 ->   0      73 -> 265      74 -> 299      75 -> 243
      76 ->  60      77 -> 283      78 -> 170      79 -> 162      80 -> 168
      81 -> 165      82 -> 164      83 -> 227      84 -> 119      85 -> 315
      86 ->  94      87 -> 112      88 -> 268      89 -> 318      90 -> 317
      91 -> 294

 GAPs were between   0 and 354
      (average GAP was 227)



  MAGNITUDES of INPUT-DATA:

 Magnitude (# of events)   ***average number of obs***

 MAG<= 1.0 ( 47) *******
 MAG = 1.1 (  4) ********
 MAG = 1.2 (  7) ********
 MAG = 1.3 (  8) *********1
 MAG = 1.4 (  3) *********
 MAG = 1.5 (  3) ********
 MAG = 1.6 (  3) ********
 MAG = 1.7 (  2) *********1
 MAG = 1.8 (  2) *******
 MAG = 1.9 (  1)  
 MAG = 2.0 (  0)  
 MAG = 2.1 (  2) ********
 MAG = 2.2 (  3) *****
 MAG = 2.3 (  1) **
 MAG = 2.4 (  0)  
 MAG = 2.5 (  1) ******
 MAG = 2.6 (  1) **
 MAG = 2.7 (  0)  
 MAG = 2.8 (  0)  
 MAG = 2.9 (  1) ******
 MAG = 3.0 (  0)  
 MAG = 3.1 (  1) ****
 MAG = 3.2 (  0)  
 MAG = 3.3 (  0)  
 MAG = 3.4 (  0)  
 MAG = 3.5 (  0)  
 MAG = 3.6 (  0)  
 MAG = 3.7 (  0)  
 MAG = 3.8 (  0)  
 MAG = 3.9 (  0)  
 MAG = 4.0 (  1) *********1**
 MAG = 4.1 (  0)  
 MAG = 4.2 (  0)  
 MAG = 4.3 (  0)  
 MAG = 4.4 (  0)  
 MAG = 4.5 (  0)  
 MAG = 4.6 (  0)  
 MAG = 4.7 (  0)  
 MAG = 4.8 (  0)  
 MAG = 4.9 (  0)  
 MAG = 5.0 (  0)  
 MAG = 5.1 (  0)  
 MAG = 5.2 (  0)  
 MAG = 5.3 (  0)  
 MAG = 5.4 (  0)  
 MAG = 5.5 (  0)  
 MAG = 5.6 (  0)  
 MAG = 5.7 (  0)  
 MAG = 5.8 (  0)  
 MAG = 5.9 (  0)  
 MAG>= 6.0 (  0)  





  DEPTHs of INPUT-DATA and of LAST ITERATION:
  ===========================================

       Depth       # of events  

 DEPTH ( input ) =  -4. km :   
 DEPTH (last_IT) =  -4. km :   
 DEPTH ( input ) =  -3. km :   
 DEPTH (last_IT) =  -3. km :   
 DEPTH ( input ) =  -2. km :   
 DEPTH (last_IT) =  -2. km :   
 DEPTH ( input ) =  -1. km :   
 DEPTH (last_IT) =  -1. km :   
 DEPTH ( input ) =   0. km :  ........
 DEPTH (last_IT) =   0. km :  ***
 DEPTH ( input ) =   1. km :  .
 DEPTH (last_IT) =   1. km :  *****
 DEPTH ( input ) =   2. km :   
 DEPTH (last_IT) =   2. km :  ***
 DEPTH ( input ) =   3. km :  ...
 DEPTH (last_IT) =   3. km :  *
 DEPTH ( input ) =   4. km :  ..
 DEPTH (last_IT) =   4. km :  ***
 DEPTH ( input ) =   5. km :  ..
 DEPTH (last_IT) =   5. km :  **
 DEPTH ( input ) =   6. km :  ..
 DEPTH (last_IT) =   6. km :   
 DEPTH ( input ) =   7. km :  .
 DEPTH (last_IT) =   7. km :  ****
 DEPTH ( input ) =   8. km :  ...
 DEPTH (last_IT) =   8. km :   
 DEPTH ( input ) =   9. km :  ..
 DEPTH (last_IT) =   9. km :  ***
 DEPTH ( input ) =  10. km :  ..
 DEPTH (last_IT) =  10. km :  *
 DEPTH ( input ) =  11. km :  ...
 DEPTH (last_IT) =  11. km :  ****
 DEPTH ( input ) =  12. km :  ....
 DEPTH (last_IT) =  12. km :  ****
 DEPTH ( input ) =  13. km :  ..
 DEPTH (last_IT) =  13. km :  **
 DEPTH ( input ) =  14. km :  ...
 DEPTH (last_IT) =  14. km :  *****
 DEPTH ( input ) =  15. km :  ........
 DEPTH (last_IT) =  15. km :  *****
 DEPTH ( input ) =  16. km :  .........1.
 DEPTH (last_IT) =  16. km :  *********1
 DEPTH ( input ) =  17. km :  .....
 DEPTH (last_IT) =  17. km :  ****
 DEPTH ( input ) =  18. km :  ....
 DEPTH (last_IT) =  18. km :  ****
 DEPTH ( input ) =  19. km :  .....
 DEPTH (last_IT) =  19. km :  *****
 DEPTH ( input ) =  20. km :  .....
 DEPTH (last_IT) =  20. km :  *****
 DEPTH ( input ) =  21. km :  ..
 DEPTH (last_IT) =  21. km :  **
 DEPTH ( input ) =  22. km :  ....
 DEPTH (last_IT) =  22. km :  ******
 DEPTH ( input ) =  23. km :  ....
 DEPTH (last_IT) =  23. km :  ***
 DEPTH ( input ) =  24. km :  ..
 DEPTH (last_IT) =  24. km :  ****
 DEPTH ( input ) =  25. km :  .
 DEPTH (last_IT) =  25. km :  *
 DEPTH ( input ) =  26. km :   
 DEPTH (last_IT) =  26. km :   
 DEPTH ( input ) =  27. km :   
 DEPTH (last_IT) =  27. km :   
 DEPTH ( input ) =  28. km :   
 DEPTH (last_IT) =  28. km :   
 DEPTH ( input ) =  29. km :   
 DEPTH (last_IT) =  29. km :   
 DEPTH ( input ) =  30. km :   
 DEPTH (last_IT) =  30. km :   
 DEPTH ( input ) =  31. km :   
 DEPTH (last_IT) =  31. km :   
 DEPTH ( input ) =  32. km :   
 DEPTH (last_IT) =  32. km :   
 DEPTH ( input ) =  33. km :   
 DEPTH (last_IT) =  33. km :   
 DEPTH ( input ) =  34. km :   
 DEPTH (last_IT) =  34. km :   
 DEPTH ( input ) =  35. km :   
 DEPTH (last_IT) =  35. km :   
 DEPTH ( input ) =  36. km :   
 DEPTH (last_IT) =  36. km :   
 DEPTH ( input ) =  37. km :   
 DEPTH (last_IT) =  37. km :   
 DEPTH ( input ) =  38. km :   
 DEPTH (last_IT) =  38. km :   
 DEPTH ( input ) =  39. km :   
 DEPTH (last_IT) =  39. km :   
 DEPTH ( input ) =  40. km :   
 DEPTH (last_IT) =  40. km :   
 DEPTH ( input ) =  41. km :   
 DEPTH (last_IT) =  41. km :   
 DEPTH ( input ) =  42. km :   
 DEPTH (last_IT) =  42. km :   
 DEPTH ( input ) =  43. km :   
 DEPTH (last_IT) =  43. km :   
 DEPTH ( input ) =  44. km :   
 DEPTH (last_IT) =  44. km :   
 DEPTH ( input ) =  45. km :   
 DEPTH (last_IT) =  45. km :   
 DEPTH ( input ) =  46. km :   
 DEPTH (last_IT) =  46. km :   
 DEPTH ( input ) =  47. km :   
 DEPTH (last_IT) =  47. km :   
 DEPTH ( input ) =  48. km :   
 DEPTH (last_IT) =  48. km :   
 DEPTH ( input ) =  49. km :   
 DEPTH (last_IT) =  49. km :   
 DEPTH ( input ) =  50. km :   
 DEPTH (last_IT) =  50. km :   
 DEPTH ( input ) =  51. km :   
 DEPTH (last_IT) =  51. km :   
 DEPTH ( input ) =  52. km :   
 DEPTH (last_IT) =  52. km :   
 DEPTH ( input ) =  53. km :   
 DEPTH (last_IT) =  53. km :   
 DEPTH ( input ) =  54. km :   
 DEPTH (last_IT) =  54. km :   
 DEPTH ( input ) =  55. km :   
 DEPTH (last_IT) =  55. km :   
 DEPTH ( input ) =  56. km :   
 DEPTH (last_IT) =  56. km :   
 DEPTH ( input ) =  57. km :   
 DEPTH (last_IT) =  57. km :   
 DEPTH ( input ) =  58. km :   
 DEPTH (last_IT) =  58. km :   
 DEPTH ( input ) =  59. km :   
 DEPTH (last_IT) =  59. km :   
 DEPTH ( input ) =  60. km :   
 DEPTH (last_IT) =  60. km :   
 DEPTH ( input ) =  61. km :   
 DEPTH (last_IT) =  61. km :   
 DEPTH ( input ) =  62. km :   
 DEPTH (last_IT) =  62. km :   
 DEPTH ( input ) =  63. km :   
 DEPTH (last_IT) =  63. km :   
 DEPTH ( input ) =  64. km :   
 DEPTH (last_IT) =  64. km :   
 DEPTH ( input ) =  65. km :   
 DEPTH (last_IT) =  65. km :   
 DEPTH ( input ) =  66. km :   
 DEPTH (last_IT) =  66. km :   
 DEPTH ( input ) =  67. km :   
 DEPTH (last_IT) =  67. km :   
 DEPTH ( input ) =  68. km :   
 DEPTH (last_IT) =  68. km :   
 DEPTH ( input ) =  69. km :   
 DEPTH (last_IT) =  69. km :   
 DEPTH ( input ) =  70. km :   
 DEPTH (last_IT) =  70. km :   
 DEPTH ( input ) =  71. km :   
 DEPTH (last_IT) =  71. km :   
 DEPTH ( input ) =  72. km :   
 DEPTH (last_IT) =  72. km :   
 DEPTH ( input ) =  73. km :   
 DEPTH (last_IT) =  73. km :   
 DEPTH ( input ) =  74. km :  .
 DEPTH (last_IT) =  74. km :  *
 DEPTH ( input ) =  75. km :   
 DEPTH (last_IT) =  75. km :   
 DEPTH ( input ) =  76. km :   
 DEPTH (last_IT) =  76. km :   
 DEPTH ( input ) =  77. km :   
 DEPTH (last_IT) =  77. km :   
 DEPTH ( input ) =  78. km :   
 DEPTH (last_IT) =  78. km :   
 DEPTH ( input ) =  79. km :   
 DEPTH (last_IT) =  79. km :   
 DEPTH ( input ) =  80. km :   
 DEPTH (last_IT) =  80. km :   
 DEPTH ( input ) =  81. km :   
 DEPTH (last_IT) =  81. km :   
 DEPTH ( input ) =  82. km :   
 DEPTH (last_IT) =  82. km :   
 DEPTH ( input ) =  83. km :   
 DEPTH (last_IT) =  83. km :   
 DEPTH ( input ) =  84. km :   
 DEPTH (last_IT) =  84. km :   
 DEPTH ( input ) =  85. km :   
 DEPTH (last_IT) =  85. km :   
 DEPTH ( input ) =  86. km :   
 DEPTH (last_IT) =  86. km :   
 DEPTH ( input ) =  87. km :   
 DEPTH (last_IT) =  87. km :   
 DEPTH ( input ) =  88. km :   
 DEPTH (last_IT) =  88. km :   
 DEPTH ( input ) =  89. km :   
 DEPTH (last_IT) =  89. km :   
 DEPTH ( input ) =  90. km :   
 DEPTH (last_IT) =  90. km :   
 DEPTH ( input ) =  91. km :   
 DEPTH (last_IT) =  91. km :   
 DEPTH ( input ) =  92. km :   
 DEPTH (last_IT) =  92. km :   
 DEPTH ( input ) =  93. km :   
 DEPTH (last_IT) =  93. km :   
 DEPTH ( input ) =  94. km :   
 DEPTH (last_IT) =  94. km :   
 DEPTH ( input ) =  95. km :   
 DEPTH (last_IT) =  95. km :   
 DEPTH ( input ) =  96. km :   
 DEPTH (last_IT) =  96. km :   
 DEPTH ( input ) =  97. km :  .
 DEPTH (last_IT) =  97. km :  *
 DEPTH ( input ) =  98. km :   
 DEPTH (last_IT) =  98. km :   
 DEPTH ( input ) =  99. km :   
 DEPTH (last_IT) =  99. km :   
 DEPTH ( input ) = 100. km :   
 DEPTH (last_IT) = 100. km :   
 DEPTH ( input ) > 100. km :   
 DEPTH (last_IT) > 100. km :   


 Residuals of the stations according to the azimuth:
 (RES  = total average residual at station)
 (RES1 = average residual of rays from 1st quadrant)
 (RES2 = average residual of rays from 2nd quadrant)
 (RES3 = average residual of rays from 3rd quadrant)
 (RES4 = average residual of rays from 4th quadrant)

 Stn#  Stn     RES          RES1         RES2         RES3         RES4
   1   624    -0.02(  74)   0.02(  33)   0.03(   5)  -0.06(  29)  -0.10(   7)
   2   628    -0.06(  69)  -0.14(  32)  -0.05(   5)  -0.06(  24)   0.29(   8)
   3   630    -0.02(  53)  -0.01(  25)   0.01(  11)  -0.13(  10)   0.08(   7)
   4   627    -0.00(  46)   0.00(  12)  -0.04(   1)  -0.09(  21)   0.16(  12)
   5   621     0.02(  59)   0.07(   7)   0.00(   0)   0.07(  18)  -0.02(  34)
   6   629     0.01(  43)   0.13(  15)   0.00(   0)  -0.25(   7)   0.00(  21)
   7   622     0.00(  58)  -0.02(  27)   0.00(   0)   0.01(  20)   0.05(  11)
   8   620    -0.01(  48)   0.00(   0)   0.11(   1)   0.07(  18)  -0.06(  29)
   9   623     0.02(  55)  -0.05(  30)   0.00(   0)   0.19(  17)  -0.10(   8)
  10   626     0.02(  52)  -0.01(  24)   0.00(   0)  -0.16(   5)   0.10(  23)
  11   625     0.01(  49)   0.06(  15)   0.00(   0)  -0.07(  23)   0.10(  11)
  12   631     0.08(  49)   0.07(  18)  -0.06(   1)   0.49(   4)   0.03(  26)
  13   632     0.03(  24)   0.14(  13)  -0.38(   2)   0.03(   3)  -0.08(   6)



 CPU - statistics:

 TOTAL CPU-sec          =    0.4     (CPU-minutes:  0.007)

 >>>   End of program VELEST at 25-06-02 12:51       <<< [ CPU-sec :     0.4]
