 >>> Start of program VELEST at 25-06-02 12:55       <<<                        

 ::::::::::::::::::::::::::::::::::::::                                         
  V E L E S T  - Version : January 3, 1995                                      
  (Authors: see source code)                                                    
 ::::::::::::::::::::::::::::::::::::::                                         


 Title of this VELEST run:

 model_2
 -------


 Current array-dimensions of program VELEST:

 Max. number of EARTHQUAKES for simult. inversion IEQ = ***
 Max. number of SHOTS for simult. inversion    INSHOT =  50
 Max. number of (different) 1D-MODELS      ITOTMODELS =   2
 Max. number of LAYERS per one 1D-model        INLTOT = 100
 Max. number of STATIONS in stationlist           IST = 650
 Max. number of OBSERVATIONS per event MAXOBSPEREVENT = 180






    INPUT - P A R A M E T E R S :



***
***  olat       olon   icoordsystem      zshift   itrial ztrial    ised
  72.000000-126.000000      0            0.000       0     0.00      0
***
*** neqs   nshot    rotate
     91      0      0.0
***
*** isingle   iresolcalc
       0          0
***
*** dmax    itopo    zmin     veladj    zadj   lowveloclay
   300.00     0      0.01       0.20    5.00       0
***
*** nsp    swtfac   vpvs       nmod
     1      1.00    1.730        1
***
***   othet   xythet    zthet    vthet   stathet
       0.01     0.01     0.01     1.00     0.01
***
*** nsinv   nshcor   nshfix     iuseelev    iusestacorr
       1       0       0           1            1
***
*** iturbo    icnvout   istaout   ismpout
       1         1         1         0
***
*** irayout   idrvout   ialeout   idspout   irflout   irfrout   iresout
       0         0         0         0         0         0         0
***
*** delmin   ittmax   invertratio
    0.010       3          1
***
*** Modelfile:
tmp/model_2/synthvel/model_801.mod
***
*** Stationfile:
./velinp/station.sta
***
*** Seismofile:
 
***
*** File with region names:
 
***
*** File with region coordinates:
 
***
*** File #1 with topo data:
 
***
*** File #2 with topo data:
 
***
*** DATA INPUT files:
***
*** File with Earthquake data:
./velinp/data.cnv
***
*** File with Shot data:
 
***
*** OUTPUT files:
***
*** Main print output file:
./velout/model_2/velest801.out
***
*** File with single event locations:
velout.vel
***
*** File with final hypocenters in *.cnv format:
./velout/model_2/final_loc801.cnv
***
*** File with new station corrections:
./velout/model_2/stations_corr801.sta
***
*** File with summary cards (e.g. for plotting):
velout.smp
***
*** File with raypoints:
velout.ray
***
*** File with derivatives:
velout.drv
***
*** File with ALEs:
velout.ale
***
*** File with Dirichlet spreads:
velout.dspr
***
*** File with reflection points:
velout.rfl
***
*** File with refraction points:
velout.rfr
***
*** File with residuals:
velout.res
***




 Origin of cartesian coordinates:
        72.00000N   126.00000E

  X,Y-AXES rotated clockwise from North
           Rotation angle (rotate):
            rotate=    0.0 degr.

 icoordsystem =            0
 normal SHORT DISTANCE CONVERSION will be made
 x is positive towards west, y is positive towards north


 SHORT DISTANCE CONVERSION on ELLIPSOIDE of WORLD GEODETIC SYSTEM 1972 (WGS72)
 =============================================================================

 Radius at equator (REARTH)= 6378.13500  km
   1. / (ellipticity)      =    298.260

 Origin of cartesian coordinates [degrees]:
   72.0000000 N     -126.0000000 W

  Rotation angle (in degr.) clockwise from
North  rotate=    0.0

 Radius of sphere at OLAT =   6358.817 km

 Conversion of GEOGRAPHICAL LATITUDE to GEOCENTRICAL LATITUDE:
 RLATC = TAN(GEOCENTR.LAT) / TAN(GEOGRAPH.LAT)
 RLATC =   0.99333486

          Short distance conversions:
          one min lat ~  1.8597 km 
          one min lon ~  0.5751 km 







    INPUT - M O D E L :



 Model(s) read from file :
 tmp/model_2/synthvel/model_801.mod                                              

 model file title: 
Model: model_801.mod                    
 Velocity structure for model   1 :

 layer    vel   depth   vdamp  reflector
   1      5.41  -5.00    1.00         P-VELOCITY MODEL                  
   2      5.78  -2.39    1.00  
 WARNING:
 Only top of the first layer can be negative !!
   3      5.93   5.04    1.00  
   4      6.27   8.21    1.00  
   5      6.32  13.26    1.00  
   6      6.44  23.59    1.00  
   7      7.07  24.39    1.00  
   8      7.20  33.11    1.00  
   9      7.28  36.63    1.00  
  10      7.78  41.00    1.00  

 Calculation of average velocity starts at layer #            1
 z = -5.00 ... -2.39    v = 5.41    AVEL = 5.41 downto z =  -2.39
 z = -2.39 ...  5.04    v = 5.78    AVEL = 5.68 downto z =   5.04
 z =  5.04 ...  8.21    v = 5.93    AVEL = 5.74 downto z =   8.21
 z =  8.21 ... 13.26    v = 6.27    AVEL = 5.89 downto z =  13.26
 z = 13.26 ... 23.59    v = 6.32    AVEL = 6.04 downto z =  23.59
 z = 23.59 ... 24.39    v = 6.44    AVEL = 6.06 downto z =  24.39
 z = 24.39 ... 33.11    v = 7.07    AVEL = 6.29 downto z =  33.11
 z = 33.11 ... 36.63    v = 7.20    AVEL = 6.36 downto z =  36.63
 z = 36.63 ... 41.00    v = 7.28    AVEL = 6.45 downto z =  41.00


 Calculation of average velocity starts at layer #            2
 z = -2.39 ...  5.04    v = 5.78    AVEL = 5.78 downto z =   5.04
 z =  5.04 ...  8.21    v = 5.93    AVEL = 5.82 downto z =   8.21
 z =  8.21 ... 13.26    v = 6.27    AVEL = 5.97 downto z =  13.26
 z = 13.26 ... 23.59    v = 6.32    AVEL = 6.11 downto z =  23.59
 z = 23.59 ... 24.39    v = 6.44    AVEL = 6.12 downto z =  24.39
 z = 24.39 ... 33.11    v = 7.07    AVEL = 6.35 downto z =  33.11
 z = 33.11 ... 36.63    v = 7.20    AVEL = 6.43 downto z =  36.63
 z = 36.63 ... 41.00    v = 7.28    AVEL = 6.51 downto z =  41.00






    INPUT - S T A T I O N S :



 Station-parameters read from file :
 ./velinp/station.sta                                                            


     stn latitude longitude elev   x      y      z     ptcor stcor model icc
   1 624 72.4760N126.2750E     0  -9.37  53.11  -0.00   0.00  0.00   1  13
   2 628 72.4000N127.1470E     0 -39.15  44.63  -0.00   0.00  0.00   1  12
   3 630 72.0750N128.3250E     0 -80.06   8.37  -0.00   0.00  0.00   1  11
   4 627 72.1170N126.9820E     0 -33.78  13.06  -0.00   0.00  0.00   1  10
   5 621 72.1840N124.8890E     0  38.14  20.53  -0.00   0.00  0.00   1   9
   6 629 71.9290N127.3130E     0 -45.39  -7.92  -0.00   0.00  0.00   1   8
   7 622 72.4420N125.3130E     0  23.42  49.32  -0.00   0.00  0.00   1   7
   8 620 72.6540N124.3470E     0  56.03  72.98  -0.00   0.00  0.00   1   6
   9 623 72.3260N125.7600E     0   8.21  36.38  -0.00   0.00  0.00   1   5
  10 626 71.8880N126.0360E     0  -1.25 -12.50  -0.00   0.00  0.00   1   4
  11 625 72.1740N126.1070E     0  -3.67  19.42  -0.00   0.00  0.00   1   3
  12 631 71.3990N127.2470E     0 -43.72 -67.06  -0.00   0.00  0.00   1   2
  13 632 71.5740N129.0728E     0-107.23 -47.53  -0.00   0.00  0.00   1   1

 NO Seismo-parameter-file specified
 --> NO magnitudes calculated!




   neqs=   91  nshot=    0  nltot=   10

 ~~~ input parameters read.
 ~~~ set units for first iteration ...
 ~~~ determine number of unknowns ...

 Number of unknowns (for array-indexing):  nvar =  386
 Number of effective unknowns        :  nvareff =  374
 Number of elements on/below main diagonal of matrix G = At*A : kvar =   74691

 ~~~ reset G and RHT ...
 ~~~ input data, raytracing, setup G ...






    I N P U T - D A T A  

  eq    origin-time    latitude longitude depth    x      y      z    mag ifxOBS
   1 160818 1613  9.10 73.0030N 124.8500E  23.10  38.61 111.92  23.10 1.40 0   6
   2 160818 1613  9.30 72.9910N 124.8700E  22.80  37.95 110.58  22.80 1.10 0   6
   3 160819 0959 27.30 71.9230N 129.7600E  12.10-130.00  -8.59  12.10 4.00 0  12
   4 160820 1506 15.70 71.9380N 129.7900E  11.00-130.98  -6.92  11.00 1.50 0   9
   5 160820 1904 45.70 72.3480N 127.1800E  23.80 -40.33  38.83  23.80 1.20 0   6
   6 160822 1318 49.50 72.3650N 127.0800E  16.50 -36.90  40.73  16.50 0.60 0   8
   7 160823 0652 14.00 70.9330N 129.8100E   6.40-135.21-119.06   6.40 2.90 0   6
   8 160824 1510 30.40 71.6070N 130.0400E   8.60-140.86 -43.85   8.60 1.50 0   9
   9 160906 1514 39.70 72.5080N 125.6800E  12.10  10.89  56.68  12.10 0.90 0   6
 WARNING:
 epicentral distance: 303.3 > dmax ( 300.0) ==> skipping phase !
 WARNING:
 epicentral distance: 338.2 > dmax ( 300.0) ==> skipping phase !
  10 160920 1607 18.30 69.2370N 128.3500E  16.20 -87.07-308.31  16.20 2.60 0   2
 WARNING:
 epicentral distance: 318.5 > dmax ( 300.0) ==> skipping phase !
 WARNING:
 epicentral distance: 355.0 > dmax ( 300.0) ==> skipping phase !
  11 160925 1911  5.60 69.2250N 127.6800E  15.60 -62.26-309.64  15.60 2.30 0   2
  12 161004 0841 51.20 72.8480N 124.9600E  15.60  35.07  94.62  15.60 0.20 0   6
  13 161005 1619 46.90 72.8770N 125.0100E  19.00  33.35  97.86  19.00 1.00 0   9
  14 161006 0156 55.90 72.8740N 125.0100E  13.90  33.36  97.52  13.90 1.00 0   7
  15 161009 0036 44.70 72.8720N 124.9900E  17.20  34.03  97.30  17.20 1.30 0   8
  16 161009 0036 44.90 72.8580N 124.9600E  18.60  35.06  95.74  18.60 1.20 0   7
  17 161012 0800 22.10 72.7380N 126.0300E  18.50  -1.01  82.35  18.50 0.80 0   7
  18 161015 1013 36.50 72.0400N 126.9900E  11.20 -34.12   4.46  11.20 0.70 0   7
  19 161021 0507 33.30 72.5750N 124.7800E  10.10  41.44  64.16  10.10 0.80 0   6
  20 161124 2250 46.00 72.7630N 124.8800E  16.20  37.85  85.14  16.20 3.10 0   4
  21 161125 0156 34.10 72.7420N 124.9200E  14.50  36.52  82.80  14.50 0.60 0   7
  22 161125 0517 25.90 72.7650N 124.9400E  13.50  35.82  85.36  13.50 1.60 0   6
  23 161125 0525 15.90 72.7740N 124.9500E  11.60  35.48  86.37  11.60 0.80 0   6
  24 161125 0556  2.00 72.7350N 124.9700E   5.70  34.84  82.01   5.70 0.20 0   6
  25 170117 0846 48.60 72.2130N 127.3400E  22.00 -45.97  23.77  22.00 0.30 0   6
  26 170122 1614 27.60 71.9670N 128.0400E  10.30 -70.45  -3.68  10.30 0.90 0   6
  27 170125 2244  0.20 72.4440N 126.0200E  13.10  -0.68  49.54  13.10 0.80 0   6
  28 170302 1359 59.10 72.6830N 124.8900E  11.50  37.60  76.21  11.50 0.50 0   7
  29 170302 2335 20.20 71.8850N 130.3000E  14.80-148.82 -12.83  14.80 2.10 0   9
  30 170304 2135  2.90 72.6880N 124.9400E  13.40  35.90  76.77  13.40 1.30 0   7
  31 170307 0447 21.00 72.6940N 124.9200E  14.20  36.57  77.44  14.20 1.70 0  10
  32 170307 2016 50.80 72.6910N 124.9100E  15.30  36.91  77.10  15.30 1.10 0   6
  33 170309 1454  0.80 72.6830N 124.9000E  15.60  37.26  76.21  15.60 0.30 0   6
  34 170311 0430 55.40 72.3130N 126.5000E  24.50 -17.11  34.93  24.50 0.30 0   6
  35 170312 0416 39.20 71.9240N 128.0800E   3.40 -71.91  -8.48   3.40 2.10 0   6
  36 170313 0553 59.10 72.6980N 124.9200E  15.10  36.57  77.89  15.10 1.00 0   9
  37 170313 0809  5.60 72.4500N 125.0800E  14.90  31.36  50.21  14.90 1.20 0   7
  38 170315 0234 46.50 72.6540N 123.8400E  16.90  73.22  72.98  16.90 1.40 0   7
  39 170317 1007 14.10 72.2350N 125.9800E   3.90   0.69  26.22   3.90 0.50 0   7
  40 170320 0711 14.60 72.1250N 127.2200E  16.80 -41.95  13.95  16.80 0.90 0   6
  41 170320 0853 56.40 72.7090N 124.9700E   5.10  34.86  79.11   5.10 0.40 0   6
  42 170320 1900 34.30 72.4150N 126.1200E  18.00  -4.09  46.31  18.00 0.60 0   7
  43 170323 0519 24.60 71.6470N 129.1800E   5.20-110.76 -39.39   5.20 1.20 0   6
  44 170323 1612 49.70 72.4530N 125.1100E   8.30  30.33  50.55   8.30 0.50 0   6
  45 170323 1906 41.20 72.4070N 130.2500E  18.30-145.04  45.41  18.30 1.00 0   6
  46 170326 0836 34.10 71.9930N 127.6700E  16.10 -57.63  -0.78  16.10 1.50 0   7
  47 170402 0422  1.00 72.7220N 125.6900E  21.90  10.49  80.56  21.90 1.20 0  10
  48 170402 0636 37.20 72.7310N 125.6900E  23.50  10.49  81.57  23.50 0.70 0   6
  49 170404 2347 35.70 72.7580N 124.3800E  22.60  54.76  84.58  22.60 0.50 0   6
  50 170405 0307 36.10 71.6810N 128.9500E  15.30-102.66 -35.60  15.30 1.00 0  10
  51 170405 1410 53.20 71.5100N 128.9000E   9.30-101.37 -54.68   9.30 1.70 0  10
  52 170406 0838 43.20 72.3850N 129.3800E  15.50-115.42  42.96  15.50 0.90 0  10
  53 170406 1728  1.00 72.7230N 125.6900E  21.30  10.49  80.67  21.30 0.90 0  10
 WARNING:
 epicentral distance: 325.9 > dmax ( 300.0) ==> skipping phase !
 WARNING:
 epicentral distance: 332.9 > dmax ( 300.0) ==> skipping phase !
 WARNING:
 epicentral distance: 345.3 > dmax ( 300.0) ==> skipping phase !
 WARNING:
 epicentral distance: 391.9 > dmax ( 300.0) ==> skipping phase !
  54 170407 1729  3.40 74.8930N 128.6300E  15.60 -83.67 322.81  15.60 1.80 0   2
 WARNING:
 epicentral distance: 311.3 > dmax ( 300.0) ==> skipping phase !
 WARNING:
 epicentral distance: 315.4 > dmax ( 300.0) ==> skipping phase !
 WARNING:
 epicentral distance: 328.9 > dmax ( 300.0) ==> skipping phase !
 WARNING:
 epicentral distance: 374.2 > dmax ( 300.0) ==> skipping phase !
  55 170407 1729  3.50 74.7270N 128.8100E   0.40 -89.83 304.29   0.40 1.60 0   5
  56 170408 1004 44.90 72.6070N 124.9400E  15.00  35.98  67.73  15.00 1.40 0  13
  57 170409 0856 47.20 73.3850N 128.5500E  15.60 -84.71 154.54  15.60 2.50 0   6
  58 170409 0902 45.60 73.3500N 128.4400E  15.10 -81.13 150.64  15.10 1.10 0   7
  59 170410 1520  8.50 72.0030N 128.3900E   2.70 -82.46   0.33   2.70 1.00 0  10
  60 170410 1813  3.60 70.9360N 129.1200E   3.70-110.72-118.73   3.70 2.20 0  13
  61 170412 1507  0.60 71.5070N 129.7200E   0.00-130.05 -55.01   0.00 0.70 0   6
  62 170413 0651 20.10 73.3680N 125.4200E  15.60  19.28 152.65  15.60 1.00 0  10
  63 170414 0459 18.80 72.2680N 127.3800E  20.10 -47.27  29.90  20.10 0.50 0   7
  64 170414 0540  4.80 73.6400N 130.9700E   8.00-163.92 183.00   8.00 1.80 0  11
  65 170414 1656 23.40 72.1850N 127.4000E  15.50 -48.06  20.64  15.50 0.20 0   6
  66 170414 1753 32.80 72.3840N 130.4600E  17.90-152.30  42.85  17.90 0.70 0   6
  67 170416 0523 41.90 71.9560N 127.0800E  19.20 -37.31  -4.91  19.20 1.60 0  13
  68 170416 1220 14.20 72.9470N 124.4900E  20.40  50.77 105.67  20.40 1.00 0  11
 WARNING:
 epicentral distance: 320.3 > dmax ( 300.0) ==> skipping phase !
 WARNING:
 epicentral distance: 381.0 > dmax ( 300.0) ==> skipping phase !
 WARNING:
 epicentral distance: 398.8 > dmax ( 300.0) ==> skipping phase !
 WARNING:
 epicentral distance: 405.0 > dmax ( 300.0) ==> skipping phase !
 WARNING:
 epicentral distance: 424.8 > dmax ( 300.0) ==> skipping phase !
 WARNING:
 epicentral distance: 431.2 > dmax ( 300.0) ==> skipping phase !
 WARNING:
 epicentral distance: 445.5 > dmax ( 300.0) ==> skipping phase !
 WARNING:
 epicentral distance: 451.8 > dmax ( 300.0) ==> skipping phase !
 WARNING:
 epicentral distance: 464.3 > dmax ( 300.0) ==> skipping phase !
  69 170416 1257 48.30 68.8710N 131.7500E  73.50-214.97-349.14  73.50 2.20 0   0
  70 170416 1821  5.50 72.8670N 125.0000E  19.30  33.70  96.74  19.30 1.30 0  13
  71 170418 0606  4.10 72.5080N 125.8200E   1.30   6.13  56.68   1.30 0.20 0   6
 WARNING:
 epicentral distance: 315.2 > dmax ( 300.0) ==> skipping phase !
 WARNING:
 epicentral distance: 332.1 > dmax ( 300.0) ==> skipping phase !
 WARNING:
 epicentral distance: 345.3 > dmax ( 300.0) ==> skipping phase !
 WARNING:
 epicentral distance: 352.6 > dmax ( 300.0) ==> skipping phase !
 WARNING:
 epicentral distance: 346.7 > dmax ( 300.0) ==> skipping phase !
 WARNING:
 epicentral distance: 356.6 > dmax ( 300.0) ==> skipping phase !
 WARNING:
 epicentral distance: 363.9 > dmax ( 300.0) ==> skipping phase !
 WARNING:
 epicentral distance: 372.8 > dmax ( 300.0) ==> skipping phase !
 WARNING:
 epicentral distance: 378.6 > dmax ( 300.0) ==> skipping phase !
 WARNING:
 epicentral distance: 378.6 > dmax ( 300.0) ==> skipping phase !
  72 170418 1005 56.80 69.3310N 122.4100E  97.00 132.70-297.82  97.00 2.20 0   1
  73 170418 1500 12.90 72.7340N 124.5100E  23.10  50.40  81.90  23.10 1.30 0  12
  74 170420 1302 36.20 72.6290N 129.0200E  21.80-102.44  70.19  21.80 0.90 0  11
  75 170420 2248 46.70 72.0220N 129.1200E   0.00-107.59   2.46   0.00 0.70 0  11
 WARNING:
 epicentral distance: 313.1 > dmax ( 300.0) ==> skipping phase !
 WARNING:
 epicentral distance: 324.4 > dmax ( 300.0) ==> skipping phase !
 WARNING:
 epicentral distance: 324.2 > dmax ( 300.0) ==> skipping phase !
 WARNING:
 epicentral distance: 342.4 > dmax ( 300.0) ==> skipping phase !
 WARNING:
 epicentral distance: 349.0 > dmax ( 300.0) ==> skipping phase !
 WARNING:
 epicentral distance: 380.2 > dmax ( 300.0) ==> skipping phase !
 WARNING:
 epicentral distance: 381.6 > dmax ( 300.0) ==> skipping phase !
 WARNING:
 epicentral distance: 408.0 > dmax ( 300.0) ==> skipping phase !
  76 170423 0850 54.60 74.7080N 132.7900E   0.10-217.19 302.17   0.10 1.90 0   0
  77 170423 1455 44.10 72.8400N 124.4900E  16.80  50.92  93.73  16.80 0.60 0   8
  78 170423 2313 41.80 72.5960N 124.8700E  22.00  38.36  66.50  22.00 1.30 0  12
  79 170424 0609 58.60 71.9600N 128.0200E   0.10 -69.77  -4.46   0.10 1.10 0  12
  80 170424 0755 26.70 71.9480N 128.0300E   0.00 -70.14  -5.80   0.00 1.00 0  12
  81 170424 0755 26.90 71.9590N 128.0300E   0.00 -70.12  -4.57   0.00 1.00 0  12
  82 170425 0652 23.30 71.9600N 128.0300E   0.00 -70.12  -4.46   0.00 1.20 0   9
  83 170426 0051 23.20 71.9450N 128.0600E   6.60 -71.18  -6.14   6.60 0.70 0   6
  84 170426 1425 21.20 72.0790N 127.2600E  21.00 -43.38   8.82  21.00 0.10 0   6
  85 170426 1834 24.60 71.5840N 130.8000E  10.90-167.46 -46.42  10.90 1.20 0   8
  86 170426 1840 44.10 72.2710N 126.3600E  18.10 -12.33  30.24  18.10 1.30 0   8
  87 170427 0912 28.80 72.0640N 127.7900E   2.60 -61.65   7.14   2.60 0.90 0   8
  88 170427 1041 38.10 71.7480N 128.9900E   8.40-103.86 -28.12   8.40 0.70 0   7
  89 170427 2010 47.80 72.8010N 130.2000E  20.20-141.80  89.38  20.20 1.30 0   8
  90 170427 2010 48.30 72.7890N 130.1400E  20.10-139.82  88.04  20.10 1.30 0   8
  91 170427 2342 34.10 72.7630N 125.0100E  19.50  33.46  85.14  19.50 0.80 0   6

 readings for station 624  :  74
 readings for station 628  :  69
 readings for station 630  :  53
 readings for station 627  :  46
 readings for station 621  :  59
 readings for station 629  :  43
 readings for station 622  :  58
 readings for station 620  :  48
 readings for station 623  :  55
 readings for station 626  :  52
 readings for station 625  :  49
 readings for station 631  :  49
 readings for station 632  :  24

 Total number of stations with readings:  13

 Total number of readings:     679
 Total number of P readings:       0
 Total number of S readings:       0


 ~~~ store parts of G ...
 ~~~ compute RMS and DATVAR ...

 Total number of observations is:   679


 $$$$$$$$$$$$$$$$$$$$$$$$$$$$$$$$$$$$$$$$$$$$$$$$$
 Events with  | AVRES | > 1.0 SEC are suspicious !

 Event#  54 >>>  170407 1729  AVRES = -1.28 NOBS =  2
 Event#  71 >>>  170418 0606  AVRES =  1.25 NOBS =  6
 Event#  79 >>>  170424 0609  AVRES =  1.04 NOBS = 12
 Event#  80 >>>  170424 0755  AVRES =  1.08 NOBS = 12
 Event#  81 >>>  170424 0755  AVRES =  1.09 NOBS = 12
 Event#  82 >>>  170425 0652  AVRES =  1.08 NOBS =  9

 ^^^^^^^^^ C H E C K   these events above ^^^^^^^^
 $$$$$$$$$$$$$$$$$$$$$$$$$$$$$$$$$$$$$$$$$$$$$$$$$

 ~~~ save initial datvar ...

 Iteration nr  0 obtained:
 DATVAR=    0.489378 mean sqrd residual=     0.219824  RMS RESIDUAL=     0.468854

 After  0 iterations we got:
 Average absolute & unweighted [and mean] residual of
   426 straight and direct rays =  0.34842 [  0.29658]
   253 refracted           rays =  0.50279 [  0.39854]
     0 reflected           rays =  0.00000 [  0.00000]

   679 ALL                 RAYS =  0.40594 [  0.33457]        0.00 %




--------------------------------------------------------------------------------



           ITERATION no  1

 ~~~ set units for this iteration ...
 ~~~ determine number of unknowns for this iter. ...

 Number of unknowns (for array-indexing):  nvar =  386
 Number of effective unknowns        :  nvareff =  387
 Number of elements on/below main diagonal of matrix G = At*A : kvar =   74691

 Damping factors to be used in this iteration:
   Othet=   0.010   XYthet  =   0.010   Zthet=  0.010
 STAthet=   0.010   Vthet   =   1.000

 ~~~ damp G ...
 ~~~ solve G * b = RHT ...
 ~~~ fix units ...
 ~~~ apply eventually step-length damping ...
 ~~~ adjust model (hypocenters, stacorr & veloc.) ...

 doing velocity adjustments now...

 doing station-correction adjustments...

 ~~~ compute effective step-length ...

 (Applied) Step length =   5.487

 ~~~ set units for next iteration ...
 ~~~ determine number of unknowns for next iter. ...

 Number of unknowns (for array-indexing):  nvar =  386
 Number of effective unknowns        :  nvareff =  387
 Number of elements on/below main diagonal of matrix G = At*A : kvar =   74691

 ~~~ reset G and RHT ...
 ~~~ raytracing, setup G ...
 ~~~ store parts of G ...
 ~~~ set units back for current iteration ...
 ~~~ determine number of unknowns for this iter. ...

 Number of unknowns (for array-indexing):  nvar =  386
 Number of effective unknowns        :  nvareff =  387
 Number of elements on/below main diagonal of matrix G = At*A : kvar =   74691

 ~~~ compute RMS and DATVAR ...

 $$$$$$$$$$$$$$$$$$$$$$$$$$$$$$$$$$$$$$$$$$$$$$$$$
 Events with  | AVRES | > 1.0 SEC are suspicious !

 ZERO events of this kind found! (lucky guy!!!)

 ~~~ check solution (better? worse?) ...

 Iteration nr  1 obtained:
 DATVAR=    0.280717 mean sqrd residual=     0.120721  RMS RESIDUAL=     0.347449

 After  1 iterations we got:
 Average absolute & unweighted [and mean] residual of
   393 straight and direct rays =  0.22027 [  0.17153]
   286 refracted           rays =  0.37237 [  0.24606]
     0 reflected           rays =  0.00000 [  0.00000]

   679 ALL                 RAYS =  0.28434 [  0.20292]      -29.96 %

 ~~~ iteration done; output results ...

  eq       ot     x      y      z      rms    avres   dot     dx     dy     dz
    1      9.15  38.47 112.00  23.08   0.16   0.22    0.048 -0.137  0.080 -0.016
    2      9.34  37.87 110.72  22.84   0.17   0.21    0.036 -0.081  0.137  0.041
    3     27.30-130.37  -8.26  12.68   0.37   0.22    0.001 -0.372  0.329  0.585
    4     15.68-131.39  -6.81  11.00   0.39   0.22   -0.017 -0.406  0.105 -0.003
    5     45.73 -40.31  38.44  23.53   0.14   0.12    0.027  0.027 -0.391 -0.265
    6     49.53 -36.73  40.53  16.64   0.09   0.07    0.032  0.166 -0.200  0.143
    7     13.99-135.00-119.20   6.37   0.22   0.19   -0.013  0.215 -0.144 -0.027
    8     30.45-140.97 -43.83   8.86   0.26   0.31    0.048 -0.103  0.018  0.259
    9     39.74  10.69  56.36  11.86   0.08  -0.00    0.035 -0.197 -0.321 -0.239
   10     18.18 -87.78-308.25  16.21   1.15   0.48   -0.121 -0.712  0.051  0.011
   11      5.36 -63.15-309.66  15.62   1.41   0.23   -0.236 -0.888 -0.011  0.022
   12     51.26  34.94  94.53  16.01   0.23   0.12    0.059 -0.129 -0.093  0.407
   13     46.92  33.33  98.01  19.27   0.20   0.16    0.024 -0.025  0.151  0.270
   14     55.91  33.34  97.49  14.44   0.12   0.08    0.014 -0.017 -0.037  0.542
   15     44.70  33.96  97.58  17.79   0.25   0.16    0.005 -0.076  0.275  0.587
   16     44.89  34.85  96.12  18.90   0.30   0.21   -0.007 -0.206  0.379  0.301
   17     22.11  -1.13  82.38  18.59   0.18   0.13    0.014 -0.112  0.027  0.093
   18     36.51 -34.11   4.29  10.89   0.13   0.05    0.005  0.015 -0.172 -0.308
   19     33.38  41.33  63.98   9.98   0.13   0.06    0.076 -0.114 -0.182 -0.118
   20     46.01  37.72  85.14  16.22   0.09   0.08    0.013 -0.136 -0.004  0.017
   21     34.17  36.33  82.73  13.73   0.28   0.09    0.071 -0.187 -0.068 -0.773
   22     25.95  35.59  85.38  13.37   0.22   0.06    0.050 -0.235  0.021 -0.128
   23     15.96  35.30  86.33  11.48   0.33   0.07    0.062 -0.173 -0.038 -0.118
   24      2.00  34.79  82.47   4.97   0.46   0.37   -0.002 -0.044  0.456 -0.733
   25     48.65 -45.84  23.39  22.20   0.09   0.17    0.055  0.135 -0.380  0.195
   26     27.63 -70.18  -3.86  10.17   0.10   0.07    0.031  0.273 -0.176 -0.129
   27      0.24  -0.59  49.20  13.07   0.08   0.07    0.038  0.090 -0.345 -0.032
   28     59.15  37.75  76.34  11.44   0.28   0.21    0.052  0.156  0.131 -0.063
   29     20.22-148.77 -12.54  14.72   0.21   0.23    0.018  0.055  0.289 -0.078
   30      2.98  35.91  76.59  13.05   0.33   0.21    0.085  0.011 -0.181 -0.351
   31     21.04  36.27  77.34  14.12   0.19   0.10    0.042 -0.303 -0.095 -0.076
   32     50.85  36.83  76.91  15.27   0.14   0.06    0.050 -0.082 -0.190 -0.034
   33      0.88  37.20  76.08  15.53   0.12   0.10    0.080 -0.058 -0.136 -0.070
   34     55.44 -16.92  34.76  24.49   0.05   0.12    0.039  0.185 -0.169 -0.013
   35     39.55 -71.28  -8.16   3.93   0.52   0.32    0.351  0.637  0.318  0.534
   36     59.17  36.45  77.75  15.00   0.22   0.17    0.073 -0.113 -0.138 -0.095
   37      5.66  31.21  49.94  14.54   0.11   0.06    0.064 -0.147 -0.272 -0.361
   38     46.51  73.21  72.92  17.09   0.20   0.14    0.015 -0.004 -0.060  0.194
   39     14.34   0.70  25.79   3.11   0.38   0.42    0.241  0.012 -0.431 -0.790
   40     14.60 -42.06  13.72  16.37   0.15   0.06    0.001 -0.109 -0.229 -0.431
   41     56.47  35.05  78.82   5.00   0.46   0.28    0.073  0.191 -0.296 -0.100
   42     34.35  -3.97  46.17  17.83   0.09   0.09    0.053  0.125 -0.133 -0.173
   43     24.66-110.62 -39.60   5.37   0.33   0.04    0.056  0.135 -0.217  0.174
   44     49.74  30.24  50.25   8.07   0.06  -0.03    0.037 -0.095 -0.299 -0.234
   45     41.25-144.96  45.61  18.45   0.19   0.26    0.048  0.077  0.191  0.148
   46     34.14 -57.44  -0.91  15.90   0.10   0.12    0.037  0.193 -0.128 -0.204
   47      1.08  10.68  80.43  21.92   0.25   0.24    0.084  0.193 -0.136  0.023
   48     37.30  10.62  81.52  23.35   0.12   0.18    0.095  0.129 -0.052 -0.154
   49     35.76  54.45  84.50  22.38   0.20   0.10    0.055 -0.308 -0.083 -0.216
   50     36.14-102.39 -35.59  14.66   0.22   0.18    0.039  0.267  0.001 -0.643
   51     53.23-101.04 -54.78   8.67   0.35   0.24    0.034  0.332 -0.105 -0.626
   52     43.23-115.56  43.35  15.51   0.31   0.28    0.032 -0.148  0.388  0.005
   53      1.08  10.65  80.66  21.41   0.23   0.26    0.081  0.159 -0.014  0.112
   54      2.64 -83.72 322.69  15.67   0.32  -0.87   -0.756 -0.043 -0.117  0.070
   55      2.96 -89.80 304.22   0.46   0.16  -0.54   -0.544  0.036 -0.064  0.063
   56     44.94  35.91  67.48  14.92   0.25   0.11    0.040 -0.065 -0.253 -0.079
   57     47.11 -84.99 154.84  15.80   0.40   0.32   -0.086 -0.285  0.292  0.204
   58     45.63 -80.80 151.04  15.72   0.31   0.34    0.033  0.333  0.401  0.615
   59      8.78 -82.05   0.72   2.49   0.57   0.25    0.278  0.409  0.382 -0.211
   60      3.78-109.63-118.34   3.56   0.54   0.23    0.185  1.093  0.387 -0.139
   61      0.71-130.63 -55.02   1.07   0.56   0.23    0.111 -0.584 -0.011  0.958
   62     20.17  19.55 152.56  16.32   0.42   0.27    0.067  0.276 -0.088  0.723
   63     18.83 -47.18  29.60  20.20   0.08   0.11    0.032  0.095 -0.307  0.100
   64      4.69-162.73 184.70   8.24   0.59   0.36   -0.107  1.190  1.706  0.240
   65     23.46 -47.84  20.29  15.41   0.09   0.09    0.059  0.226 -0.351 -0.090
   66     32.86-152.38  43.18  18.23   0.29   0.28    0.064 -0.084  0.331  0.326
   67     41.98 -37.12  -5.28  18.29   0.16   0.17    0.082  0.186 -0.373 -0.906
   68     14.20  50.78 106.12  20.42   0.28   0.24   -0.000  0.002  0.451  0.019
   69     48.30-214.97-349.14  73.50   0.00   0.00    0.000  0.000  0.000  0.000
   70      5.51  33.69  96.95  19.44   0.22   0.22    0.011 -0.006  0.206  0.142
   71      4.50   6.13  56.52   1.15   0.57   0.83    0.405  0.005 -0.160 -0.148
   72     55.95 132.63-297.73  96.97   0.36  -0.60   -0.848 -0.064  0.084 -0.026
   73     12.97  50.52  81.60  22.98   0.24   0.25    0.070  0.125 -0.303 -0.117
   74     36.24-102.71  70.18  22.53   0.19   0.26    0.044 -0.271 -0.005  0.726
 ***** depth constrained for event    75
   75     46.90-107.88   3.18   0.11   0.88   0.50    0.196 -0.295  0.720 -0.100
   76     54.60-217.19 302.17   0.10   0.00   0.00    0.000  0.000  0.000  0.000
   77     44.12  51.00  93.90  17.05   0.14   0.15    0.022  0.073  0.172  0.249
   78     41.83  38.50  66.20  22.08   0.23   0.14    0.027  0.130 -0.308  0.083
   79     58.89 -69.24  -4.64   0.33   0.56   0.38    0.289  0.534 -0.179  0.234
   80     26.99 -69.71  -6.05   0.17   0.52   0.48    0.293  0.434 -0.244  0.063
   81     27.20 -69.67  -4.79   0.24   0.48   0.40    0.301  0.450 -0.214  0.134
   82     23.57 -69.60  -4.64   0.13   0.47   0.50    0.272  0.517 -0.179  0.025
   83     23.22 -71.03  -6.42   6.23   0.13   0.03    0.025  0.154 -0.280 -0.374
   84     21.25 -43.10   8.27  20.82   0.04   0.13    0.047  0.283 -0.544 -0.177
   85     24.59-167.49 -46.19  10.69   0.25   0.23   -0.006 -0.027  0.225 -0.208
   86     44.13 -12.26  29.86  17.96   0.06   0.08    0.031  0.073 -0.381 -0.143
   87     29.10 -61.49   6.70   3.65   0.43   0.33    0.302  0.166 -0.446  1.047
   88     38.15-103.62 -28.23   7.94   0.27   0.13    0.045  0.243 -0.107 -0.459
   89     47.82-141.98  89.43  20.30   0.21   0.33    0.022 -0.184  0.051  0.101
   90     48.31-139.95  88.27  20.33   0.17   0.30    0.008 -0.137  0.236  0.234
   91     34.10  33.61  85.07  19.61   0.26   0.13   -0.002  0.152 -0.067  0.110

 A V E R A G E   of ADJUSTMENTS :                     0.035  0.035 -0.021  0.004
 A V E R A G E   of ABSOLUTE ADJUSTMENTS :            0.095  0.206  0.219  0.241


 Step length damping of 0.32028 was applied.


 Velocity adjustments:
     vp    dvp      hp   reflector
 Velocity model   1
   5.396 -0.014   -5.000      
   5.789  0.009   -2.390      
   6.130  0.200    5.040      
   6.247 -0.023    8.210      
   6.287 -0.033   13.260      
   6.427 -0.013   23.590      
   7.027 -0.043   24.390      
   7.201  0.001   33.110      
   7.282  0.002   36.630      
   7.659 -0.121   41.000      

 Calculation of average velocity starts at layer #           1
 z = -5.00 ... -2.39    v = 5.40    AVEL = 5.40 downto z =  -2.39
 z = -2.39 ...  5.04    v = 5.79    AVEL = 5.69 downto z =   5.04
 z =  5.04 ...  8.21    v = 6.13    AVEL = 5.79 downto z =   8.21
 z =  8.21 ... 13.26    v = 6.25    AVEL = 5.92 downto z =  13.26
 z = 13.26 ... 23.59    v = 6.29    AVEL = 6.05 downto z =  23.59
 z = 23.59 ... 24.39    v = 6.43    AVEL = 6.06 downto z =  24.39
 z = 24.39 ... 33.11    v = 7.03    AVEL = 6.28 downto z =  33.11
 z = 33.11 ... 36.63    v = 7.20    AVEL = 6.36 downto z =  36.63
 z = 36.63 ... 41.00    v = 7.28    AVEL = 6.45 downto z =  41.00


 Calculation of average velocity starts at layer #           2
 z = -2.39 ...  5.04    v = 5.79    AVEL = 5.79 downto z =   5.04
 z =  5.04 ...  8.21    v = 6.13    AVEL = 5.89 downto z =   8.21
 z =  8.21 ... 13.26    v = 6.25    AVEL = 6.01 downto z =  13.26
 z = 13.26 ... 23.59    v = 6.29    AVEL = 6.12 downto z =  23.59
 z = 23.59 ... 24.39    v = 6.43    AVEL = 6.13 downto z =  24.39
 z = 24.39 ... 33.11    v = 7.03    AVEL = 6.35 downto z =  33.11
 z = 33.11 ... 36.63    v = 7.20    AVEL = 6.43 downto z =  36.63
 z = 36.63 ... 41.00    v = 7.28    AVEL = 6.51 downto z =  41.00



 Adjusted station corrections:
   stn  ptcor  dpcor  
  624   0.000  0.000  628  -0.055 -0.055  630  -0.014 -0.014  627   0.066  0.066
  621   0.030  0.030  629   0.093  0.093  622   0.013  0.013  620  -0.034 -0.034
  623   0.082  0.082  626   0.082  0.082  625   0.068  0.068  631   0.118  0.118
  632  -0.013 -0.013

 ~~~ another iteration? ...



--------------------------------------------------------------------------------



           ITERATION no  2

 ~~~ set units for this iteration ...
 ~~~ determine number of unknowns for this iter. ...

 Number of unknowns (for array-indexing):  nvar =  386
 Number of effective unknowns        :  nvareff =  387
 Number of elements on/below main diagonal of matrix G = At*A : kvar =   74691

 Damping factors to be used in this iteration:
   Othet=   0.010   XYthet  =   0.010   Zthet=  0.010
 STAthet=   0.010   Vthet   =   1.000

 ~~~ damp G ...
 ~~~ solve G * b = RHT ...
 ~~~ fix units ...
 ~~~ apply eventually step-length damping ...
 ~~~ adjust model (hypocenters, stacorr & veloc.) ...

 doing velocity adjustments now...
 WARNING: Tried to introduce a low-velocity-layer! (Layer  4)
 Setting DVP from -0.05 to 0.0 and VP to vp(layer_above)+0.001
 WARNING: Tried to introduce a low-velocity-layer! (Layer  5)
 Setting DVP from -0.06 to 0.0 and VP to vp(layer_above)+0.001

 doing station-correction adjustments...

 ~~~ compute effective step-length ...

 (Applied) Step length =   8.398

 ~~~ set units for next iteration ...
 ~~~ determine number of unknowns for next iter. ...

 Number of unknowns (for array-indexing):  nvar =  386
 Number of effective unknowns        :  nvareff =  387
 Number of elements on/below main diagonal of matrix G = At*A : kvar =   74691

 ~~~ reset G and RHT ...
 ~~~ raytracing, setup G ...
 ~~~ store parts of G ...
 ~~~ set units back for current iteration ...
 ~~~ determine number of unknowns for this iter. ...

 Number of unknowns (for array-indexing):  nvar =  386
 Number of effective unknowns        :  nvareff =  387
 Number of elements on/below main diagonal of matrix G = At*A : kvar =   74691

 ~~~ compute RMS and DATVAR ...

 $$$$$$$$$$$$$$$$$$$$$$$$$$$$$$$$$$$$$$$$$$$$$$$$$
 Events with  | AVRES | > 1.0 SEC are suspicious !

 ZERO events of this kind found! (lucky guy!!!)

 ~~~ check solution (better? worse?) ...

 Iteration nr  2 obtained:
 DATVAR=    0.224218 mean sqrd residual=     0.096424  RMS RESIDUAL=     0.310522

 After  2 iterations we got:
 Average absolute & unweighted [and mean] residual of
   443 straight and direct rays =  0.22688 [  0.18428]
   236 refracted           rays =  0.37997 [  0.23651]
     0 reflected           rays =  0.00000 [  0.00000]

   679 ALL                 RAYS =  0.28009 [  0.20243]       -1.49 %

 ~~~ iteration done; output results ...

  eq       ot     x      y      z      rms    avres   dot     dx     dy     dz
    1      9.20  38.27 112.13  22.92   0.13   0.22    0.052 -0.198  0.135 -0.162
    2      9.37  37.76 110.95  22.77   0.14   0.22    0.034 -0.111  0.231 -0.074
    3     27.29-130.99  -7.91  13.56   0.37   0.33   -0.009 -0.616  0.358  0.873
    4     15.68-131.84  -6.46  10.28   0.37   0.37   -0.007 -0.453  0.350 -0.720
    5     45.77 -40.23  37.97  23.18   0.11   0.17    0.039  0.075 -0.470 -0.351
    6     49.57 -36.53  40.36  16.84   0.10   0.13    0.043  0.206 -0.168  0.195
    7     14.01-134.64-119.59   6.49   0.13   0.30    0.024  0.363 -0.384  0.117
    8     30.51-141.17 -43.67   9.07   0.25   0.41    0.062 -0.208  0.168  0.214
    9     39.80  10.47  55.99  11.36   0.11   0.06    0.069 -0.219 -0.372 -0.506
   10     18.06 -88.96-308.18  16.22   1.02   0.35   -0.120 -1.182  0.078  0.011
   11      5.11 -64.64-309.69  15.64   1.30   0.24   -0.254 -1.486 -0.031  0.023
   12     51.33  34.85  94.38  16.69   0.17   0.21    0.067 -0.089 -0.153  0.687
   13     46.95  33.34  98.18  19.51   0.14   0.21    0.029  0.014  0.169  0.236
   14     55.93  33.41  97.39  15.29   0.08   0.20    0.017  0.070 -0.092  0.849
   15     44.71  33.94  97.89  18.42   0.20   0.22    0.008 -0.012  0.309  0.632
   16     44.88  34.64  96.63  19.18   0.23   0.22   -0.017 -0.214  0.516  0.283
   17     22.13  -1.24  82.41  18.70   0.09   0.19    0.014 -0.111  0.039  0.104
   18     36.55 -34.10   4.16  10.44   0.14   0.15    0.040  0.006 -0.130 -0.451
   19     33.49  41.22  63.78   9.68   0.14   0.12    0.116 -0.109 -0.203 -0.306
   20     46.04  37.52  85.12  16.20   0.07   0.21    0.031 -0.192 -0.016 -0.019
   21     34.27  36.08  82.66  12.58   0.26   0.22    0.100 -0.254 -0.063 -1.149
   22     26.02  35.33  85.42  13.13   0.21   0.19    0.073 -0.258  0.041 -0.237
   23     16.06  35.12  86.28  11.19   0.35   0.18    0.095 -0.178 -0.044 -0.294
   24      2.26  34.08  83.46   5.12   0.47  -0.01    0.264 -0.715  0.988  0.154
   25     48.72 -45.71  22.89  22.44   0.06   0.17    0.069  0.123 -0.494  0.242
   26     27.71 -69.84  -4.13   9.79   0.15   0.13    0.077  0.333 -0.276 -0.379
   27      0.29  -0.46  48.85  13.06   0.14   0.15    0.051  0.129 -0.348 -0.010
   28     59.22  38.02  76.57  11.48   0.24   0.24    0.065  0.266  0.233  0.038
   29     20.25-148.70 -12.24  14.50   0.18   0.34    0.028  0.067  0.303 -0.219
   30      3.10  35.99  76.32  12.54   0.31   0.26    0.119  0.077 -0.273 -0.505
   31     21.10  35.95  77.21  14.01   0.13   0.20    0.061 -0.314 -0.136 -0.113
   32     50.92  36.75  76.66  15.11   0.15   0.16    0.074 -0.080 -0.255 -0.153
   33      0.98  37.15  75.87  15.37   0.08   0.17    0.105 -0.050 -0.210 -0.162
   34     55.49 -16.64  34.64  24.48   0.06   0.14    0.050  0.279 -0.114 -0.011
   35     39.93 -70.68  -8.09   5.17   0.31  -0.22    0.381  0.600  0.074  1.239
   36     59.27  36.36  77.52  14.87   0.15   0.21    0.096 -0.097 -0.224 -0.138
   37      5.76  31.06  49.65  13.84   0.15   0.13    0.100 -0.155 -0.287 -0.696
   38     46.54  73.16  72.92  17.27   0.22   0.23    0.028 -0.058  0.002  0.180
   39     14.57   0.50  24.84   3.42   0.36  -0.01    0.230 -0.199 -0.947  0.313
   40     14.62 -42.21  13.46  15.77   0.19   0.13    0.015 -0.148 -0.262 -0.598
   41     56.83  34.67  78.70   6.66   0.21  -0.11    0.358 -0.387 -0.118  1.660
   42     34.43  -3.76  46.09  17.53   0.10   0.12    0.073  0.209 -0.080 -0.295
   43     24.82-110.77 -39.66   4.47   0.42   0.17    0.168 -0.144 -0.053 -0.899
   44     49.85  29.97  49.89   7.37   0.10   0.04    0.117 -0.269 -0.361 -0.701
   45     41.32-144.87  45.82  18.66   0.12   0.27    0.069  0.093  0.214  0.211
   46     34.20 -57.23  -1.15  15.51   0.11   0.16    0.067  0.211 -0.239 -0.391
   47      1.19  10.97  80.21  21.80   0.19   0.22    0.108  0.287 -0.216 -0.121
   48     37.41  10.82  81.41  23.03   0.05   0.19    0.118  0.201 -0.105 -0.319
   49     35.85  53.94  84.33  21.90   0.13   0.17    0.092 -0.514 -0.170 -0.480
   50     36.20-102.04 -35.60  13.86   0.17   0.29    0.059  0.350 -0.010 -0.792
   51     53.32-100.48 -55.07   8.03   0.39   0.43    0.089  0.561 -0.291 -0.643
   52     43.26-115.87  43.92  15.54   0.25   0.32    0.023 -0.306  0.574  0.039
   53      1.18  10.89  80.62  21.41   0.17   0.24    0.101  0.246 -0.043 -0.002
   54      1.78 -83.80 322.55  15.75   0.28  -0.26   -0.863 -0.088 -0.148  0.078
   55      2.35 -89.72 304.16   0.53   0.07  -0.06   -0.607  0.082 -0.061  0.069
   56     45.00  35.87  67.17  14.78   0.23   0.21    0.057 -0.039 -0.305 -0.141
   57     47.02 -85.41 155.34  16.11   0.33   0.29   -0.092 -0.413  0.500  0.310
   58     45.68 -80.29 151.65  16.60   0.23   0.33    0.051  0.506  0.607  0.886
   59      8.96 -82.86   0.89   2.69   0.66   0.16    0.177 -0.809  0.171  0.201
   60      3.99-109.12-117.35   2.72   0.40   0.37    0.209  0.502  0.988 -0.845
   61      0.98-131.40 -54.58   2.35   0.42   0.27    0.273 -0.765  0.442  1.287
   62     20.27  20.06 152.36  17.26   0.34   0.30    0.102  0.504 -0.193  0.938
   63     18.87 -47.06  29.23  20.38   0.08   0.17    0.037  0.121 -0.364  0.181
   64      4.56-160.98 187.23   8.57   0.48   0.35   -0.132  1.747  2.531  0.334
   65     23.55 -47.59  19.90  15.22   0.09   0.13    0.089  0.246 -0.391 -0.193
   66     32.94-152.59  43.62  18.60   0.25   0.29    0.072 -0.202  0.441  0.374
   67     42.09 -36.88  -5.75  17.14   0.16   0.21    0.104  0.240 -0.467 -1.158
   68     14.18  50.80 106.81  20.21   0.24   0.25   -0.016  0.020  0.690 -0.212
   69     48.30-214.97-349.14  73.50   0.00   0.00    0.000  0.000  0.000  0.000
   70      5.53  33.72  97.22  19.46   0.14   0.24    0.015  0.028  0.270  0.022
   71      5.02   6.17  56.27   0.85   0.57   0.28    0.518  0.035 -0.258 -0.304
   72     54.93 132.56-297.63  96.94   0.04  -0.20   -1.024 -0.079  0.103 -0.032
   73     13.07  50.62  81.12  22.64   0.21   0.23    0.105  0.097 -0.481 -0.344
   74     36.29-103.16  70.21  23.39   0.18   0.23    0.047 -0.450  0.025  0.861
 ***** depth constrained for event    75
   75     47.20-108.30   4.57   0.11   0.97   0.32    0.300 -0.419  1.391 -0.100
   76     54.60-217.19 302.17   0.10   0.00   0.00    0.000  0.000  0.000  0.000
   77     44.15  51.12  94.15  17.26   0.12   0.23    0.023  0.123  0.247  0.213
   78     41.87  38.67  65.80  22.06   0.20   0.18    0.039  0.179 -0.398 -0.026
   79     59.28 -68.99  -5.61   1.79   0.49   0.14    0.387  0.249 -0.970  1.459
   80     27.49 -69.15  -6.27   1.63   0.49   0.11    0.501  0.556 -0.227  1.461
   81     27.56 -69.41  -5.91   0.94   0.51   0.15    0.363  0.254 -1.119  0.692
   82     24.06 -68.94  -4.60   0.93   0.45   0.00    0.484  0.663  0.045  0.791
   83     23.26 -71.17  -7.39   5.64   0.21   0.09    0.034 -0.139 -0.971 -0.582
   84     21.31 -42.75   7.59  20.58   0.06   0.14    0.061  0.346 -0.686 -0.247
   85     24.59-167.50 -45.96  10.27   0.19   0.38   -0.003 -0.011  0.230 -0.418
   86     44.17 -12.16  29.39  17.85   0.09   0.15    0.037  0.101 -0.473 -0.111
   87     29.43 -61.32   6.11   5.19   0.26  -0.23    0.324  0.172 -0.586  1.541
   88     38.25-103.21 -28.44   7.57   0.35   0.32    0.101  0.413 -0.216 -0.367
   89     47.86-142.31  89.48  20.44   0.24   0.28    0.035 -0.334  0.046  0.138
   90     48.33-140.22  88.59  20.68   0.20   0.26    0.020 -0.271  0.314  0.343
   91     34.10  33.85  84.96  19.67   0.20   0.20    0.001  0.238 -0.115  0.062

 A V E R A G E   of ADJUSTMENTS :                     0.061 -0.013 -0.025  0.039
 A V E R A G E   of ABSOLUTE ADJUSTMENTS :            0.131  0.281  0.329  0.412


 Step length damping of 0.54604 was applied.


 Velocity adjustments:
     vp    dvp      hp   reflector
 Velocity model   1
   5.350 -0.046   -5.000      
   5.843  0.053   -2.390      
   6.330  0.200    5.040      
   6.331  0.000    8.210      
   6.332  0.000   13.260      
   6.403 -0.024   23.590      
   6.989 -0.038   24.390      
   7.218  0.017   33.110      
   7.304  0.022   36.630      
   7.514 -0.145   41.000      

 Calculation of average velocity starts at layer #           1
 z = -5.00 ... -2.39    v = 5.35    AVEL = 5.35 downto z =  -2.39
 z = -2.39 ...  5.04    v = 5.84    AVEL = 5.71 downto z =   5.04
 z =  5.04 ...  8.21    v = 6.33    AVEL = 5.86 downto z =   8.21
 z =  8.21 ... 13.26    v = 6.33    AVEL = 5.99 downto z =  13.26
 z = 13.26 ... 23.59    v = 6.33    AVEL = 6.11 downto z =  23.59
 z = 23.59 ... 24.39    v = 6.40    AVEL = 6.12 downto z =  24.39
 z = 24.39 ... 33.11    v = 6.99    AVEL = 6.32 downto z =  33.11
 z = 33.11 ... 36.63    v = 7.22    AVEL = 6.40 downto z =  36.63
 z = 36.63 ... 41.00    v = 7.30    AVEL = 6.48 downto z =  41.00


 Calculation of average velocity starts at layer #           2
 z = -2.39 ...  5.04    v = 5.84    AVEL = 5.84 downto z =   5.04
 z =  5.04 ...  8.21    v = 6.33    AVEL = 5.99 downto z =   8.21
 z =  8.21 ... 13.26    v = 6.33    AVEL = 6.10 downto z =  13.26
 z = 13.26 ... 23.59    v = 6.33    AVEL = 6.19 downto z =  23.59
 z = 23.59 ... 24.39    v = 6.40    AVEL = 6.20 downto z =  24.39
 z = 24.39 ... 33.11    v = 6.99    AVEL = 6.39 downto z =  33.11
 z = 33.11 ... 36.63    v = 7.22    AVEL = 6.47 downto z =  36.63
 z = 36.63 ... 41.00    v = 7.30    AVEL = 6.55 downto z =  41.00



 Adjusted station corrections:
   stn  ptcor  dpcor  
  624   0.000  0.000  628  -0.128 -0.074  630  -0.040 -0.026  627   0.131  0.065
  621   0.066  0.036  629   0.196  0.103  622   0.032  0.019  620  -0.072 -0.038
  623   0.179  0.096  626   0.154  0.072  625   0.120  0.052  631   0.267  0.149
  632  -0.038 -0.024

 ~~~ another iteration? ...



--------------------------------------------------------------------------------



           ITERATION no  3

 ~~~ set units for this iteration ...
 ~~~ determine number of unknowns for this iter. ...

 Number of unknowns (for array-indexing):  nvar =  386
 Number of effective unknowns        :  nvareff =  387
 Number of elements on/below main diagonal of matrix G = At*A : kvar =   74691

 Damping factors to be used in this iteration:
   Othet=   0.010   XYthet  =   0.010   Zthet=  0.010
 STAthet=   0.010   Vthet   =   1.000

 ~~~ damp G ...
 ~~~ solve G * b = RHT ...
 ~~~ fix units ...
 ~~~ apply eventually step-length damping ...
 ~~~ adjust model (hypocenters, stacorr & veloc.) ...

 doing velocity adjustments now...
 WARNING: Tried to introduce a low-velocity-layer! (Layer  5)
 Setting DVP from -0.16 to 0.0 and VP to vp(layer_above)+0.001
 WARNING: Tried to introduce a low-velocity-layer! (Layer  9)
 Setting DVP from -0.20 to 0.0 and VP to vp(layer_above)+0.001

 doing station-correction adjustments...

 ~~~ compute effective step-length ...

 (Applied) Step length =  12.202

 ~~~ set units for next iteration ...
 ~~~ determine number of unknowns for next iter. ...

 Number of unknowns (for array-indexing):  nvar =  386
 Number of effective unknowns        :  nvareff =  387
 Number of elements on/below main diagonal of matrix G = At*A : kvar =   74691

 ~~~ reset G and RHT ...
 ~~~ raytracing, setup G ...
 ~~~ store parts of G ...
 ~~~ set units back for current iteration ...
 ~~~ determine number of unknowns for this iter. ...

 Number of unknowns (for array-indexing):  nvar =  386
 Number of effective unknowns        :  nvareff =  387
 Number of elements on/below main diagonal of matrix G = At*A : kvar =   74691

 ~~~ compute RMS and DATVAR ...

 $$$$$$$$$$$$$$$$$$$$$$$$$$$$$$$$$$$$$$$$$$$$$$$$$
 Events with  | AVRES | > 1.0 SEC are suspicious !

 ZERO events of this kind found! (lucky guy!!!)

 ~~~ check solution (better? worse?) ...

 Iteration nr  3 obtained:
 DATVAR=    0.163225 mean sqrd residual=     0.070194  RMS RESIDUAL=     0.264941

 After  3 iterations we got:
 Average absolute & unweighted [and mean] residual of
   451 straight and direct rays =  0.16236 [  0.07903]
   228 refracted           rays =  0.22852 [  0.10166]
     0 reflected           rays =  0.00000 [  0.00000]

   679 ALL                 RAYS =  0.18458 [  0.08663]      -34.10 %

 ~~~ iteration done; output results ...

  eq       ot     x      y      z      rms    avres   dot     dx     dy     dz
    1      9.16  38.02 112.35  22.71   0.13   0.08   -0.039 -0.256  0.215 -0.210
    2      9.33  37.51 111.09  22.21   0.13   0.08   -0.036 -0.246  0.141 -0.558
    3     27.24-131.25  -7.15  13.85   0.34   0.12   -0.047 -0.258  0.756  0.295
    4     15.56-132.45  -5.83   9.94   0.26   0.14   -0.111 -0.609  0.632 -0.337
    5     45.78 -40.00  37.50  22.56   0.08   0.07    0.019  0.228 -0.470 -0.626
    6     49.57 -36.16  40.16  17.35   0.10   0.07    0.000  0.367 -0.197  0.511
    7     13.90-134.11-120.20   6.91   0.12   0.11   -0.113  0.529 -0.614  0.419
    8     30.49-141.16 -42.37   7.76   0.22   0.15   -0.018  0.012  1.295 -1.310
    9     39.82  10.45  55.73  10.97   0.09   0.07    0.011 -0.026 -0.267 -0.383
   10     17.83 -90.73-308.04  16.24   0.93   0.10   -0.224 -1.769  0.132  0.019
   11      4.79 -66.86-309.73  15.67   1.20   0.08   -0.317 -2.225 -0.042  0.027
   12     51.32  34.91  94.02  17.61   0.21   0.10   -0.005  0.065 -0.357  0.914
   13     46.93  33.50  98.24  19.61   0.13   0.09   -0.025  0.159  0.061  0.107
   14     55.90  33.59  97.16  16.08   0.08   0.09   -0.034  0.185 -0.231  0.793
   15     44.67  34.14  98.03  18.87   0.19   0.08   -0.041  0.199  0.148  0.456
   16     44.79  34.52  97.19  19.23   0.19   0.08   -0.083 -0.118  0.559  0.042
   17     22.09  -1.15  82.54  18.72   0.07   0.09   -0.039  0.090  0.123  0.023
   18     36.55 -33.76   4.20  10.28   0.11   0.10    0.009  0.339  0.036 -0.158
   19     33.53  41.19  63.47   9.32   0.12   0.09    0.035 -0.029 -0.303 -0.352
   20     46.03  37.39  84.97  16.06   0.05   0.10   -0.018 -0.131 -0.152 -0.138
   21     34.29  36.12  82.56  12.21   0.15   0.11    0.019  0.038 -0.104 -0.364
   22     26.05  35.21  85.27  12.85   0.16   0.10    0.030 -0.116 -0.153 -0.287
   23     16.10  35.03  86.02  10.77   0.26   0.11    0.040 -0.095 -0.265 -0.421
   24      2.00  34.88  84.03   5.11   0.34   0.08   -0.264  0.798  0.573 -0.012
   25     48.76 -45.43  22.36  22.90   0.06   0.07    0.033  0.279 -0.536  0.462
   26     27.75 -69.45  -4.36   9.54   0.08   0.09    0.043  0.395 -0.224 -0.253
   27      0.33  -0.21  48.37  12.80   0.08   0.08    0.041  0.251 -0.484 -0.263
   28     59.22  38.28  76.61  11.38   0.15   0.11    0.003  0.258  0.038 -0.099
   29     20.24-148.65 -11.99  15.07   0.14   0.12   -0.009  0.048  0.248  0.564
   30      3.12  36.41  76.04  13.07   0.23   0.10    0.018  0.423 -0.281  0.526
   31     21.10  35.68  77.12  13.91   0.08   0.09    0.001 -0.274 -0.084 -0.100
   32     50.96  36.77  76.26  14.92   0.08   0.09    0.033  0.019 -0.400 -0.194
   33      1.03  37.19  75.53  15.17   0.02   0.08    0.049  0.038 -0.331 -0.195
   34     55.51 -16.16  34.48  24.51   0.06   0.07    0.024  0.482 -0.167  0.037
   35     39.64 -70.30  -8.37   5.17   0.23   0.04   -0.290  0.378 -0.283 -0.003
   36     59.26  36.30  77.46  15.13   0.11   0.11   -0.008 -0.056 -0.061  0.262
   37      5.82  31.05  49.39  13.02   0.13   0.08    0.051 -0.011 -0.261 -0.828
   38     46.52  73.07  72.75  17.36   0.19   0.10   -0.027 -0.087 -0.169  0.086
   39     14.59  -0.67  24.33   4.69   0.36   0.07    0.017 -1.164 -0.511  1.269
   40     14.63 -42.04  13.35  15.39   0.15   0.08    0.013  0.171 -0.103 -0.382
   41     56.65  35.08  78.04   6.67   0.15   0.06   -0.184  0.413 -0.660  0.010
   42     34.48  -3.41  45.90  17.23   0.06   0.07    0.051  0.349 -0.190 -0.306
   43     25.05-109.64 -39.37   6.34   0.34  -0.09    0.226  1.124  0.290  1.863
   44     49.84  30.13  49.59   6.95   0.08   0.08   -0.016  0.160 -0.296 -0.411
   45     41.33-144.59  46.08  19.19   0.14   0.12    0.008  0.277  0.265  0.532
   46     34.25 -56.94  -1.30  15.34   0.08   0.08    0.044  0.287 -0.154 -0.163
   47      1.24  11.42  79.95  21.72   0.17   0.08    0.050  0.454 -0.265 -0.084
   48     37.47  11.16  81.30  22.72   0.02   0.08    0.057  0.346 -0.107 -0.307
   49     35.91  53.35  84.00  21.37   0.07   0.08    0.060 -0.590 -0.328 -0.532
   50     36.23-101.59 -35.52  13.64   0.07   0.11    0.035  0.445  0.087 -0.225
   51     53.35 -99.65 -54.82   7.24   0.32   0.19    0.030  0.833  0.253 -0.792
   52     43.20-116.03  44.67  15.42   0.24   0.12   -0.054 -0.157  0.748 -0.120
   53      1.22  11.32  80.54  21.43   0.14   0.08    0.037  0.423 -0.082  0.019
   54      0.98 -83.95 322.39  15.82   0.24  -0.01   -0.805 -0.143 -0.160  0.068
   55      1.73 -89.48 304.14   0.60   0.06   0.03   -0.619  0.232 -0.021  0.067
   56     45.04  35.71  66.72  13.92   0.19   0.10    0.047 -0.167 -0.449 -0.862
   57     46.84 -85.62 155.98  16.28   0.29   0.08   -0.179 -0.210  0.644  0.169
   58     45.60 -79.27 152.49  17.12   0.21   0.11   -0.084  1.027  0.843  0.519
   59      9.01 -83.33   1.29   4.96   0.36   0.16    0.058 -0.471  0.399  2.269
   60      3.98-107.87-115.89   0.07   0.46   0.30   -0.017  1.254  1.462 -2.642
   61      0.96-132.47 -54.56   4.74   0.37  -0.01   -0.022 -1.072  0.024  2.390
   62     20.29  20.62 151.73  17.23   0.29   0.10    0.022  0.563 -0.632 -0.037
   63     18.88 -46.73  28.83  20.83   0.03   0.09    0.007  0.330 -0.406  0.451
   64      4.27-158.72 190.97   9.53   0.43   0.11   -0.292  2.261  3.739  0.953
   65     23.60 -47.22  19.47  15.25   0.06   0.07    0.054  0.378 -0.429  0.031
   66     32.89-152.66  44.52  18.39   0.25   0.11   -0.048 -0.071  0.902 -0.211
   67     42.12 -36.44  -6.03  16.74   0.10   0.10    0.034  0.447 -0.278 -0.398
   68     14.08  50.95 107.53  19.84   0.21   0.08   -0.104  0.156  0.721 -0.371
   69     48.30-214.97-349.14  73.50   0.00   0.00    0.000  0.000  0.000  0.000
   70      5.49  33.89  97.38  19.36   0.11   0.09   -0.038  0.166  0.158 -0.107
   71      5.35   6.34  55.98   0.46   0.58  -0.06    0.323  0.177 -0.290 -0.391
   72     54.14 132.49-297.55  96.92   0.00   0.00   -0.785 -0.061  0.080 -0.026
   73     13.15  50.69  80.41  22.20   0.21   0.07    0.072  0.071 -0.711 -0.437
   74     36.27-103.59  70.50  24.35   0.19   0.08   -0.021 -0.425  0.294  0.961
 ***** depth constrained for event    75
   75     46.99-109.61   5.01   0.11   0.92   0.51   -0.207 -1.311  0.448 -0.100
   76     54.60-217.19 302.17   0.10   0.00   0.00    0.000  0.000  0.000  0.000
   77     44.12  51.26  94.03  17.37   0.09   0.11   -0.024  0.143 -0.121  0.109
   78     41.90  38.75  65.21  21.51   0.18   0.07    0.034  0.079 -0.587 -0.544
   79     59.43 -69.04  -5.56   5.21   0.49  -0.23    0.151 -0.053  0.050  3.422
   80     27.55 -69.69  -7.04   5.57   0.43  -0.26    0.061 -0.541 -0.765  3.938
   81     27.73 -69.38  -5.93   4.05   0.36   0.11    0.166  0.038 -0.022  3.116
   82     24.11 -69.09  -5.12   4.51   0.27  -0.05    0.056 -0.152 -0.527  3.585
   83     23.26 -70.74  -7.61   5.65   0.11   0.10   -0.001  0.427 -0.225  0.001
   84     21.34 -42.26   6.99  20.53   0.06   0.07    0.031  0.494 -0.594 -0.043
   85     24.50-167.81 -45.36  10.39   0.14   0.16   -0.091 -0.304  0.599  0.120
   86     44.18 -11.88  28.96  17.80   0.08   0.08    0.010  0.273 -0.423 -0.047
   87     29.11 -61.42   5.82   5.16   0.10   0.04   -0.318 -0.101 -0.286 -0.027
   88     38.29-102.68 -28.52   7.43   0.25   0.16    0.041  0.521 -0.073 -0.144
   89     47.83-142.59  89.72  20.54   0.29   0.07   -0.031 -0.275  0.241  0.105
   90     48.29-140.29  89.01  20.68   0.26   0.06   -0.036 -0.066  0.422  0.002
   91     34.06  34.23  84.79  19.60   0.19   0.08   -0.040  0.384 -0.169 -0.071

 A V E R A G E   of ADJUSTMENTS :                    -0.039  0.073  0.015  0.161
 A V E R A G E   of ABSOLUTE ADJUSTMENTS :            0.088  0.373  0.373  0.532


 Step length damping of 0.81463 was applied.


 Velocity adjustments:
     vp    dvp      hp   reflector
 Velocity model   1
   5.188 -0.162   -5.000      
   5.988  0.146   -2.390      
   6.146 -0.184    5.040      
   6.188 -0.143    8.210      
   6.189  0.000   13.260      
   6.288 -0.115   23.590      
   6.944 -0.046   24.390      
   7.147 -0.071   33.110      
   7.148  0.000   36.630      
   7.405 -0.108   41.000      

 Calculation of average velocity starts at layer #           1
 z = -5.00 ... -2.39    v = 5.19    AVEL = 5.19 downto z =  -2.39
 z = -2.39 ...  5.04    v = 5.99    AVEL = 5.78 downto z =   5.04
 z =  5.04 ...  8.21    v = 6.15    AVEL = 5.87 downto z =   8.21
 z =  8.21 ... 13.26    v = 6.19    AVEL = 5.96 downto z =  13.26
 z = 13.26 ... 23.59    v = 6.19    AVEL = 6.04 downto z =  23.59
 z = 23.59 ... 24.39    v = 6.29    AVEL = 6.05 downto z =  24.39
 z = 24.39 ... 33.11    v = 6.94    AVEL = 6.25 downto z =  33.11
 z = 33.11 ... 36.63    v = 7.15    AVEL = 6.33 downto z =  36.63
 z = 36.63 ... 41.00    v = 7.15    AVEL = 6.41 downto z =  41.00


 Calculation of average velocity starts at layer #           2
 z = -2.39 ...  5.04    v = 5.99    AVEL = 5.99 downto z =   5.04
 z =  5.04 ...  8.21    v = 6.15    AVEL = 6.04 downto z =   8.21
 z =  8.21 ... 13.26    v = 6.19    AVEL = 6.08 downto z =  13.26
 z = 13.26 ... 23.59    v = 6.19    AVEL = 6.13 downto z =  23.59
 z = 23.59 ... 24.39    v = 6.29    AVEL = 6.13 downto z =  24.39
 z = 24.39 ... 33.11    v = 6.94    AVEL = 6.33 downto z =  33.11
 z = 33.11 ... 36.63    v = 7.15    AVEL = 6.40 downto z =  36.63
 z = 36.63 ... 41.00    v = 7.15    AVEL = 6.48 downto z =  41.00



 Adjusted station corrections:
   stn  ptcor  dpcor  
  624   0.000  0.000  628  -0.240 -0.112  630  -0.101 -0.060  627   0.146  0.015
  621   0.106  0.040  629   0.221  0.025  622   0.057  0.025  620  -0.068  0.004
  623   0.239  0.060  626   0.199  0.044  625   0.160  0.040  631   0.300  0.034
  632  -0.109 -0.072

 ~~~ another iteration? ...
 NITT = ITTMAX  --> stop iterations.
 ~~~ final solution reached ...

 ~~~ damp G & Chol.-Decomp.: NOT made (switch iresolcalc is NOT set !)

 Final rms values:  0.13 0.13 0.34 0.26 0.08 0.10 0.12 0.22 0.09 0.93
                    1.20 0.21 0.13 0.08 0.19 0.19 0.07 0.11 0.12 0.05
                    0.15 0.16 0.26 0.34 0.06 0.08 0.08 0.15 0.14 0.23
                    0.08 0.08 0.02 0.06 0.23 0.11 0.13 0.19 0.36 0.15
                    0.15 0.06 0.34 0.08 0.14 0.08 0.17 0.02 0.07 0.07
                    0.32 0.24 0.14 0.24 0.06 0.19 0.29 0.21 0.36 0.46
                    0.37 0.29 0.03 0.43 0.06 0.25 0.10 0.21 0.00 0.11
                    0.58 0.00 0.21 0.19 0.92 0.00 0.09 0.18 0.49 0.43
                    0.36 0.27 0.11 0.06 0.14 0.08 0.10 0.25 0.29 0.26
                    0.19



 ~~~ output final hypocenters ...

      date    origin   latitude longitude  depth  mag  no  rms      x      y      z
   1 160818 1613  9.16 73.0068N 124.8675E  22.71 1.40   6 0.127   38.02 112.35  22.71
   2 160818 1613  9.33 72.9956N 124.8829E  22.21 1.10   6 0.130   37.51 111.09  22.21
   3 160819 0959 27.24 71.9359N 129.7973E  13.85 4.00  12 0.335 -131.25  -7.15  13.85
   4 160820 1506 15.56 71.9477N 129.8335E   9.94 1.50   9 0.264 -132.45  -5.83   9.94
   5 160820 1904 45.78 72.3361N 127.1700E  22.56 1.20   6 0.077  -40.00  37.50  22.56
   6 160822 1318 49.57 72.3599N 127.0582E  17.35 0.60   8 0.099  -36.16  40.16  17.35
   7 160823 0652 13.90 70.9228N 129.7778E   6.91 2.90   6 0.120 -134.11-120.20   6.91
   8 160824 1510 30.49 71.6203N 130.0500E   7.76 1.50   9 0.217 -141.16 -42.37   7.76
   9 160906 1514 39.82 72.4994N 125.6931E  10.97 0.90   6 0.086   10.45  55.73  10.97
  10 160920 1607 17.83 69.2393N 128.4490E  16.24 2.60   2 0.929  -90.73-308.04  16.24
  11 160925 1911  4.79 69.2242N 127.8041E  15.67 2.30   2 1.199  -66.86-309.73  15.67
  12 161004 0841 51.32 72.8426N 124.9647E  17.61 0.20   6 0.212   34.91  94.02  17.61
  13 161005 1619 46.93 72.8804N 125.0055E  19.61 1.00   9 0.127   33.50  98.24  19.61
  14 161006 0156 55.90 72.8708N 125.0030E  16.08 1.00   7 0.081   33.59  97.16  16.08
  15 161009 0036 44.67 72.8786N 124.9865E  18.87 1.30   8 0.186   34.14  98.03  18.87
  16 161009 0036 44.79 72.8710N 124.9756E  19.23 1.20   7 0.192   34.52  97.19  19.23
  17 161012 0800 22.09 72.7397N 126.0339E  18.72 0.80   7 0.067   -1.15  82.54  18.72
  18 161015 1013 36.55 72.0376N 126.9795E  10.28 0.70   7 0.113  -33.76   4.20  10.28
  19 161021 0507 33.53 72.5688N 124.7876E   9.32 0.80   6 0.118   41.19  63.47   9.32
  20 161124 2250 46.03 72.7615N 124.8936E  16.06 3.10   4 0.051   37.39  84.97  16.06
  21 161125 0156 34.29 72.7399N 124.9320E  12.21 0.60   7 0.152   36.12  82.56  12.21
  22 161125 0517 26.05 72.7642N 124.9581E  12.85 1.60   6 0.158   35.21  85.27  12.85
  23 161125 0525 16.10 72.7709N 124.9633E  10.77 0.80   6 0.263   35.03  86.02  10.77
  24 161125 0556  2.00 72.7531N 124.9683E   5.11 0.20   6 0.338   34.88  84.03   5.11
  25 170117 0846 48.76 72.2004N 127.3239E  22.90 0.30   6 0.065  -45.43  22.36  22.90
  26 170122 1614 27.75 71.9609N 128.0107E   9.54 0.90   6 0.080  -69.45  -4.36   9.54
  27 170125 2244  0.33 72.4335N 126.0062E  12.80 0.80   6 0.075   -0.21  48.37  12.80
  28 170302 1359 59.22 72.6866N 124.8698E  11.38 0.50   7 0.152   38.28  76.61  11.38
  29 170302 2335 20.24 71.8925N 130.2959E  15.07 2.10   9 0.136 -148.65 -11.99  15.07
  30 170304 2135  3.12 72.6814N 124.9251E  13.07 1.30   7 0.233   36.41  76.04  13.07
  31 170307 0447 21.10 72.6912N 124.9464E  13.91 1.70  10 0.078   35.68  77.12  13.91
  32 170307 2016 50.96 72.6834N 124.9144E  14.92 1.10   6 0.084   36.77  76.26  14.92
  33 170309 1454  1.03 72.6769N 124.9022E  15.17 0.30   6 0.025   37.19  75.53  15.17
  34 170311 0430 55.51 72.3090N 126.4723E  24.51 0.30   6 0.056  -16.16  34.48  24.51
  35 170312 0416 39.64 71.9250N 128.0333E   5.17 2.10   6 0.233  -70.30  -8.37   5.17
  36 170313 0553 59.26 72.6942N 124.9280E  15.13 1.00   9 0.113   36.30  77.46  15.13
  37 170313 0809  5.82 72.4426N 125.0893E  13.02 1.20   7 0.133   31.05  49.39  13.02
  38 170315 0234 46.52 72.6520N 123.8445E  17.36 1.40   7 0.186   73.07  72.75  17.36
  39 170317 1007 14.59 72.2181N 126.0194E   4.69 0.50   7 0.359   -0.67  24.33   4.69
  40 170320 0711 14.63 72.1197N 127.2223E  15.39 0.90   6 0.148  -42.04  13.35  15.39
  41 170320 0853 56.65 72.6994N 124.9639E   6.67 0.40   6 0.151   35.08  78.04   6.67
  42 170320 1900 34.48 72.4114N 126.1000E  17.23 0.60   7 0.064   -3.41  45.90  17.23
  43 170323 0519 25.05 71.6472N 129.1480E   6.34 1.20   6 0.342 -109.64 -39.37   6.34
  44 170323 1612 49.84 72.4444N 125.1162E   6.95 0.50   6 0.076   30.13  49.59   6.95
  45 170323 1906 41.33 72.4130N 130.2376E  19.19 1.00   6 0.142 -144.59  46.08  19.19
  46 170326 0836 34.25 71.9883N 127.6498E  15.34 1.50   7 0.077  -56.94  -1.30  15.34
  47 170402 0422  1.24 72.7165N 125.6624E  21.72 1.20  10 0.174   11.42  79.95  21.72
  48 170402 0636 37.47 72.7286N 125.6700E  22.72 0.70   6 0.022   11.16  81.30  22.72
  49 170404 2347 35.91 72.7528N 124.4220E  21.37 0.50   6 0.068   53.35  84.00  21.37
  50 170405 0307 36.23 71.6817N 128.9196E  13.64 1.00  10 0.069 -101.59 -35.52  13.64
  51 170405 1410 53.35 71.5087N 128.8505E   7.24 1.70  10 0.318  -99.65 -54.82   7.24
  52 170406 0838 43.20 72.4003N 129.3993E  15.42 0.90  10 0.237 -116.03  44.67  15.42
  53 170406 1728  1.22 72.7217N 125.6656E  21.43 0.90  10 0.144   11.32  80.54  21.43
  54 170407 1729  0.98 74.8892N 128.6383E  15.82 1.80   2 0.241  -83.95 322.39  15.82
  55 170407 1729  1.73 74.7257N 128.7989E   0.60 1.60   5 0.060  -89.48 304.14   0.60
  56 170408 1004 45.04 72.5980N 124.9482E  13.92 1.40  13 0.186   35.71  66.72  13.92
  57 170409 0856 46.84 73.3979N 128.5783E  16.28 2.50   6 0.294  -85.62 155.98  16.28
  58 170409 0902 45.60 73.3666N 128.3850E  17.12 1.10   7 0.208  -79.27 152.49  17.12
  59 170410 1520  9.01 72.0115N 128.4158E   4.96 1.00  10 0.363  -83.33   1.29   4.96
  60 170410 1813  3.98 70.9614N 129.0417E   0.07 2.20  13 0.459 -107.87-115.89   0.07
  61 170412 1507  0.96 71.5111N 129.7897E   4.74 0.70   6 0.370 -132.47 -54.56   4.74
  62 170413 0651 20.29 73.3598N 125.3797E  17.23 1.00  10 0.285   20.62 151.73  17.23
  63 170414 0459 18.88 72.2583N 127.3637E  20.83 0.50   7 0.028  -46.73  28.83  20.83
  64 170414 0540  4.27 73.7115N 130.8221E   9.53 1.80  11 0.430 -158.72 190.97   9.53
  65 170414 1656 23.60 72.1745N 127.3749E  15.25 0.20   6 0.059  -47.22  19.47  15.25
  66 170414 1753 32.89 72.3990N 130.4723E  18.39 0.70   6 0.251 -152.66  44.52  18.39
  67 170416 0523 42.12 71.9460N 127.0545E  16.74 1.60  13 0.098  -36.44  -6.03  16.74
  68 170416 1220 14.08 72.9637N 124.4840E  19.84 1.00  11 0.208   50.95 107.53  19.84
 WARNING: Event-# :          69 has zero observations!
  69 170416 1257 48.30 68.8710N 131.7500E  73.50 2.20   0 0.000 -214.97-349.14  73.50
  70 170416 1821  5.49 72.8727N 124.9943E  19.36 1.30  13 0.114   33.89  97.38  19.36
  71 170418 0606  5.35 72.5017N 125.8137E   0.46 0.20   6 0.579    6.34  55.98   0.46
  72 170418 1005 54.14 69.3334N 122.4153E  96.92 2.20   1 0.000  132.49-297.55  96.92
  73 170418 1500 13.15 72.7206N 124.5019E  22.20 1.30  12 0.207   50.69  80.41  22.20
  74 170420 1302 36.27 72.6318N 129.0540E  24.35 0.90  11 0.186 -103.59  70.50  24.35
  75 170420 2248 46.99 72.0449N 129.1807E   0.11 0.70  11 0.921 -109.61   5.01   0.11
 WARNING: Event-# :          76 has zero observations!
  76 170423 0850 54.60 74.7080N 132.7900E   0.10 1.90   0 0.000 -217.19 302.17   0.10
  77 170423 1455 44.12 72.8427N 124.4798E  17.37 0.60   8 0.093   51.26  94.03  17.37
  78 170423 2313 41.90 72.5844N 124.8589E  21.51 1.30  12 0.179   38.75  65.21  21.51
  79 170424 0609 59.43 71.9501N 127.9983E   5.21 1.10  12 0.490  -69.04  -5.56   5.21
  80 170424 0755 27.55 71.9369N 128.0164E   5.57 1.00  12 0.429  -69.69  -7.04   5.57
  81 170424 0755 27.73 71.9469N 128.0079E   4.05 1.00  12 0.359  -69.38  -5.93   4.05
  82 170425 0652 24.11 71.9541N 127.9999E   4.51 1.20   9 0.274  -69.09  -5.12   4.51
  83 170426 0051 23.26 71.9318N 128.0465E   5.65 0.70   6 0.108  -70.74  -7.61   5.65
  84 170426 1425 21.34 72.0627N 127.2268E  20.53 0.10   6 0.059  -42.26   6.99  20.53
  85 170426 1834 24.50 71.5935N 130.8110E  10.39 1.20   8 0.136 -167.81 -45.36  10.39
  86 170426 1840 44.18 72.2596N 126.3469E  17.80 1.30   8 0.076  -11.88  28.96  17.80
  87 170427 0912 29.11 72.0522N 127.7826E   5.16 0.90   8 0.103  -61.42   5.82   5.16
  88 170427 1041 38.29 71.7444N 128.9558E   7.43 0.70   7 0.251 -102.68 -28.52   7.43
  89 170427 2010 47.83 72.8040N 130.2238E  20.54 1.30   8 0.293 -142.59  89.72  20.54
  90 170427 2010 48.29 72.7977N 130.1550E  20.68 1.30   8 0.259 -140.29  89.01  20.68
  91 170427 2342 34.06 72.7599N 124.9872E  19.60 0.80   6 0.192   34.23  84.79  19.60

 ~~~ output final station residuals ...
 TURBO-option is set; residuals are NOT printed for each event!



   station statistics, remember nsp was set to: 1


 sta phase nobs avres  avwres    std    wsum    delay

 624    P  74  0.0805  0.0805  0.1795  74.0000  0.0000
 628    P  69  0.1242  0.1242  0.3025  69.0000 -0.2403
 630    P  53  0.0249  0.0249  0.2711  53.0000 -0.1005
 627    P  46  0.0631  0.0631  0.2442  46.0000  0.1460
 621    P  59  0.0915  0.0915  0.1704  59.0000  0.1057
 629    P  43  0.0513  0.0513  0.2445  43.0000  0.2208
 622    P  58  0.0728  0.0728  0.1559  58.0000  0.0571
 620    P  48  0.0688  0.0688  0.2335  48.0000 -0.0677
 623    P  55  0.0879  0.0879  0.2741  55.0000  0.2386
 626    P  52  0.1200  0.1200  0.3962  52.0000  0.1987
 625    P  49  0.0816  0.0816  0.2818  49.0000  0.1602
 631    P  49  0.1359  0.1359  0.3160  49.0000  0.3003
 632    P  24  0.1341  0.1341  0.3687  24.0000 -0.1093


 ~~~ output statistics ...




 RAY-STATISTICS FOR  L A S T  ITERATION
 --------------------------------------

 NHYP : nr of hypocenters in this layer
 NREF : nr of headwaves in this layer
 %len : % of "refracted km" in this layer 
        with respect to all refracted kilometers
 NHIT : nr of rays passed thru this layer
 xy-km: average horizontal ray length [km] in layer
 z-km : average  vertical  ray length [km] in layer
 RFLX : number of reflections at bottom of this layer

 nlay   top ..... bottom     velocity   NHYP NREF %len  NHIT xy-km  z-km  RFLX

   1    -5.00... -2.39 km    5.19 km/s    0    0   0.0     0   0.0   0.0     0
   2    -2.39...  5.04 km    5.99 km/s   10    0   0.0  1400  22.4   4.8     0
   3     5.04...  8.21 km    6.15 km/s   13   25   9.3   685  14.8   2.7     0
   4     8.21... 13.26 km    6.19 km/s   14   24   9.0   581  19.0   4.5     0
   5    13.26... 23.59 km    6.19 km/s   50    0   0.0   607  15.1   6.8     0
   6    23.59... 24.39 km    6.29 km/s    1    0   0.0   365   1.6   0.8     0
   7    24.39... 33.11 km    6.94 km/s    1  153  68.4   212  67.7   2.2     0
   8    33.11... 36.63 km    7.15 km/s    0   10   4.7    43  30.5   2.7     0
   9    36.63... 41.00 km    7.15 km/s    0    0   0.0    33  16.0   4.4     0
  10    41.00...       km    7.41 km/s    2   16   8.6     0   0.0   0.0

 Total nr of events was   91

 Total nr of refracted rays =   228
 Total nr of reflected rays =     0
 Total nr of   other   rays =   451
                              ------
 Total nr of    all    rays =   679

 Average (absolute) error of the raytracers:
  Straight and direct rays : ******* meters
  Refracted           rays :    0.01 meters
  Reflected           rays :    0.00 meters


 ALL RAYS TOGETHER:
 Average horizontal ray length =   89.9 km   (Hypocenter --> Station) 
 Average  vertical  ray length =   16.6 km   (Deepest ray-point --> Station)



 ... and some more STATISTICS 
 ---------------------------- 
  GAP of final epicenters:

  Event# -> GAP  Event# -> GAP  Event# -> GAP  Event# -> GAP  Event# -> GAP
       1 -> 296       2 -> 295       3 -> 271       4 -> 276       5 -> 306
       6 ->  97       7 -> 321       8 -> 305       9 -> 166      10 -> 346
      11 -> 347      12 -> 257      13 -> 264      14 -> 262      15 -> 264
      16 -> 265      17 -> 253      18 -> 243      19 -> 158      20 -> 302
      21 -> 231      22 -> 238      23 -> 240      24 -> 235      25 -> 126
      26 -> 102      27 -> 149      28 -> 213      29 -> 305      30 -> 210
      31 -> 214      32 -> 211      33 -> 209      34 -> 132      35 -> 237
      36 -> 215      37 -> 130      38 -> 311      39 -> 117      40 -> 210
      41 -> 217      42 -> 121      43 -> 228      44 -> 131      45 -> 309
      46 -> 125      47 -> 222      48 -> 226      49 -> 282      50 -> 191
      51 -> 289      52 -> 271      53 -> 224      54 -> 354      55 -> 347
      56 -> 178      57 -> 310      58 -> 317      59 -> 177      60 -> 308
      61 -> 301      62 -> 305      63 -> 146      64 -> 322      65 -> 128
      66 -> 293      67 ->  87      68 -> 295      69 -> 171      70 -> 262
      71 -> 171      72 ->   0      73 -> 255      74 -> 300      75 -> 243
      76 ->  60      77 -> 285      78 -> 169      79 -> 165      80 -> 171
      81 -> 167      82 -> 164      83 -> 240      84 -> 120      85 -> 316
      86 ->  94      87 -> 112      88 -> 268      89 -> 318      90 -> 317
      91 -> 294

 GAPs were between   0 and 354
      (average GAP was 227)



  MAGNITUDES of INPUT-DATA:

 Magnitude (# of events)   ***average number of obs***

 MAG<= 1.0 ( 47) *******
 MAG = 1.1 (  4) ********
 MAG = 1.2 (  7) ********
 MAG = 1.3 (  8) *********1
 MAG = 1.4 (  3) *********
 MAG = 1.5 (  3) ********
 MAG = 1.6 (  3) ********
 MAG = 1.7 (  2) *********1
 MAG = 1.8 (  2) *******
 MAG = 1.9 (  1)  
 MAG = 2.0 (  0)  
 MAG = 2.1 (  2) ********
 MAG = 2.2 (  3) *****
 MAG = 2.3 (  1) **
 MAG = 2.4 (  0)  
 MAG = 2.5 (  1) ******
 MAG = 2.6 (  1) **
 MAG = 2.7 (  0)  
 MAG = 2.8 (  0)  
 MAG = 2.9 (  1) ******
 MAG = 3.0 (  0)  
 MAG = 3.1 (  1) ****
 MAG = 3.2 (  0)  
 MAG = 3.3 (  0)  
 MAG = 3.4 (  0)  
 MAG = 3.5 (  0)  
 MAG = 3.6 (  0)  
 MAG = 3.7 (  0)  
 MAG = 3.8 (  0)  
 MAG = 3.9 (  0)  
 MAG = 4.0 (  1) *********1**
 MAG = 4.1 (  0)  
 MAG = 4.2 (  0)  
 MAG = 4.3 (  0)  
 MAG = 4.4 (  0)  
 MAG = 4.5 (  0)  
 MAG = 4.6 (  0)  
 MAG = 4.7 (  0)  
 MAG = 4.8 (  0)  
 MAG = 4.9 (  0)  
 MAG = 5.0 (  0)  
 MAG = 5.1 (  0)  
 MAG = 5.2 (  0)  
 MAG = 5.3 (  0)  
 MAG = 5.4 (  0)  
 MAG = 5.5 (  0)  
 MAG = 5.6 (  0)  
 MAG = 5.7 (  0)  
 MAG = 5.8 (  0)  
 MAG = 5.9 (  0)  
 MAG>= 6.0 (  0)  





  DEPTHs of INPUT-DATA and of LAST ITERATION:
  ===========================================

       Depth       # of events  

 DEPTH ( input ) =  -4. km :   
 DEPTH (last_IT) =  -4. km :   
 DEPTH ( input ) =  -3. km :   
 DEPTH (last_IT) =  -3. km :   
 DEPTH ( input ) =  -2. km :   
 DEPTH (last_IT) =  -2. km :   
 DEPTH ( input ) =  -1. km :   
 DEPTH (last_IT) =  -1. km :   
 DEPTH ( input ) =   0. km :  ........
 DEPTH (last_IT) =   0. km :  ****
 DEPTH ( input ) =   1. km :  .
 DEPTH (last_IT) =   1. km :  *
 DEPTH ( input ) =   2. km :   
 DEPTH (last_IT) =   2. km :   
 DEPTH ( input ) =   3. km :  ...
 DEPTH (last_IT) =   3. km :   
 DEPTH ( input ) =   4. km :  ..
 DEPTH (last_IT) =   4. km :  *
 DEPTH ( input ) =   5. km :  ..
 DEPTH (last_IT) =   5. km :  ********
 DEPTH ( input ) =   6. km :  ..
 DEPTH (last_IT) =   6. km :  ***
 DEPTH ( input ) =   7. km :  .
 DEPTH (last_IT) =   7. km :  *****
 DEPTH ( input ) =   8. km :  ...
 DEPTH (last_IT) =   8. km :  *
 DEPTH ( input ) =   9. km :  ..
 DEPTH (last_IT) =   9. km :  *
 DEPTH ( input ) =  10. km :  ..
 DEPTH (last_IT) =  10. km :  *****
 DEPTH ( input ) =  11. km :  ...
 DEPTH (last_IT) =  11. km :  ***
 DEPTH ( input ) =  12. km :  ....
 DEPTH (last_IT) =  12. km :  *
 DEPTH ( input ) =  13. km :  ..
 DEPTH (last_IT) =  13. km :  ****
 DEPTH ( input ) =  14. km :  ...
 DEPTH (last_IT) =  14. km :  ****
 DEPTH ( input ) =  15. km :  ........
 DEPTH (last_IT) =  15. km :  ********
 DEPTH ( input ) =  16. km :  .........1.
 DEPTH (last_IT) =  16. km :  ******
 DEPTH ( input ) =  17. km :  .....
 DEPTH (last_IT) =  17. km :  *******
 DEPTH ( input ) =  18. km :  ....
 DEPTH (last_IT) =  18. km :  ***
 DEPTH ( input ) =  19. km :  .....
 DEPTH (last_IT) =  19. km :  *****
 DEPTH ( input ) =  20. km :  .....
 DEPTH (last_IT) =  20. km :  ***
 DEPTH ( input ) =  21. km :  ..
 DEPTH (last_IT) =  21. km :  ******
 DEPTH ( input ) =  22. km :  ....
 DEPTH (last_IT) =  22. km :  ****
 DEPTH ( input ) =  23. km :  ....
 DEPTH (last_IT) =  23. km :  ****
 DEPTH ( input ) =  24. km :  ..
 DEPTH (last_IT) =  24. km :  *
 DEPTH ( input ) =  25. km :  .
 DEPTH (last_IT) =  25. km :  *
 DEPTH ( input ) =  26. km :   
 DEPTH (last_IT) =  26. km :   
 DEPTH ( input ) =  27. km :   
 DEPTH (last_IT) =  27. km :   
 DEPTH ( input ) =  28. km :   
 DEPTH (last_IT) =  28. km :   
 DEPTH ( input ) =  29. km :   
 DEPTH (last_IT) =  29. km :   
 DEPTH ( input ) =  30. km :   
 DEPTH (last_IT) =  30. km :   
 DEPTH ( input ) =  31. km :   
 DEPTH (last_IT) =  31. km :   
 DEPTH ( input ) =  32. km :   
 DEPTH (last_IT) =  32. km :   
 DEPTH ( input ) =  33. km :   
 DEPTH (last_IT) =  33. km :   
 DEPTH ( input ) =  34. km :   
 DEPTH (last_IT) =  34. km :   
 DEPTH ( input ) =  35. km :   
 DEPTH (last_IT) =  35. km :   
 DEPTH ( input ) =  36. km :   
 DEPTH (last_IT) =  36. km :   
 DEPTH ( input ) =  37. km :   
 DEPTH (last_IT) =  37. km :   
 DEPTH ( input ) =  38. km :   
 DEPTH (last_IT) =  38. km :   
 DEPTH ( input ) =  39. km :   
 DEPTH (last_IT) =  39. km :   
 DEPTH ( input ) =  40. km :   
 DEPTH (last_IT) =  40. km :   
 DEPTH ( input ) =  41. km :   
 DEPTH (last_IT) =  41. km :   
 DEPTH ( input ) =  42. km :   
 DEPTH (last_IT) =  42. km :   
 DEPTH ( input ) =  43. km :   
 DEPTH (last_IT) =  43. km :   
 DEPTH ( input ) =  44. km :   
 DEPTH (last_IT) =  44. km :   
 DEPTH ( input ) =  45. km :   
 DEPTH (last_IT) =  45. km :   
 DEPTH ( input ) =  46. km :   
 DEPTH (last_IT) =  46. km :   
 DEPTH ( input ) =  47. km :   
 DEPTH (last_IT) =  47. km :   
 DEPTH ( input ) =  48. km :   
 DEPTH (last_IT) =  48. km :   
 DEPTH ( input ) =  49. km :   
 DEPTH (last_IT) =  49. km :   
 DEPTH ( input ) =  50. km :   
 DEPTH (last_IT) =  50. km :   
 DEPTH ( input ) =  51. km :   
 DEPTH (last_IT) =  51. km :   
 DEPTH ( input ) =  52. km :   
 DEPTH (last_IT) =  52. km :   
 DEPTH ( input ) =  53. km :   
 DEPTH (last_IT) =  53. km :   
 DEPTH ( input ) =  54. km :   
 DEPTH (last_IT) =  54. km :   
 DEPTH ( input ) =  55. km :   
 DEPTH (last_IT) =  55. km :   
 DEPTH ( input ) =  56. km :   
 DEPTH (last_IT) =  56. km :   
 DEPTH ( input ) =  57. km :   
 DEPTH (last_IT) =  57. km :   
 DEPTH ( input ) =  58. km :   
 DEPTH (last_IT) =  58. km :   
 DEPTH ( input ) =  59. km :   
 DEPTH (last_IT) =  59. km :   
 DEPTH ( input ) =  60. km :   
 DEPTH (last_IT) =  60. km :   
 DEPTH ( input ) =  61. km :   
 DEPTH (last_IT) =  61. km :   
 DEPTH ( input ) =  62. km :   
 DEPTH (last_IT) =  62. km :   
 DEPTH ( input ) =  63. km :   
 DEPTH (last_IT) =  63. km :   
 DEPTH ( input ) =  64. km :   
 DEPTH (last_IT) =  64. km :   
 DEPTH ( input ) =  65. km :   
 DEPTH (last_IT) =  65. km :   
 DEPTH ( input ) =  66. km :   
 DEPTH (last_IT) =  66. km :   
 DEPTH ( input ) =  67. km :   
 DEPTH (last_IT) =  67. km :   
 DEPTH ( input ) =  68. km :   
 DEPTH (last_IT) =  68. km :   
 DEPTH ( input ) =  69. km :   
 DEPTH (last_IT) =  69. km :   
 DEPTH ( input ) =  70. km :   
 DEPTH (last_IT) =  70. km :   
 DEPTH ( input ) =  71. km :   
 DEPTH (last_IT) =  71. km :   
 DEPTH ( input ) =  72. km :   
 DEPTH (last_IT) =  72. km :   
 DEPTH ( input ) =  73. km :   
 DEPTH (last_IT) =  73. km :   
 DEPTH ( input ) =  74. km :  .
 DEPTH (last_IT) =  74. km :  *
 DEPTH ( input ) =  75. km :   
 DEPTH (last_IT) =  75. km :   
 DEPTH ( input ) =  76. km :   
 DEPTH (last_IT) =  76. km :   
 DEPTH ( input ) =  77. km :   
 DEPTH (last_IT) =  77. km :   
 DEPTH ( input ) =  78. km :   
 DEPTH (last_IT) =  78. km :   
 DEPTH ( input ) =  79. km :   
 DEPTH (last_IT) =  79. km :   
 DEPTH ( input ) =  80. km :   
 DEPTH (last_IT) =  80. km :   
 DEPTH ( input ) =  81. km :   
 DEPTH (last_IT) =  81. km :   
 DEPTH ( input ) =  82. km :   
 DEPTH (last_IT) =  82. km :   
 DEPTH ( input ) =  83. km :   
 DEPTH (last_IT) =  83. km :   
 DEPTH ( input ) =  84. km :   
 DEPTH (last_IT) =  84. km :   
 DEPTH ( input ) =  85. km :   
 DEPTH (last_IT) =  85. km :   
 DEPTH ( input ) =  86. km :   
 DEPTH (last_IT) =  86. km :   
 DEPTH ( input ) =  87. km :   
 DEPTH (last_IT) =  87. km :   
 DEPTH ( input ) =  88. km :   
 DEPTH (last_IT) =  88. km :   
 DEPTH ( input ) =  89. km :   
 DEPTH (last_IT) =  89. km :   
 DEPTH ( input ) =  90. km :   
 DEPTH (last_IT) =  90. km :   
 DEPTH ( input ) =  91. km :   
 DEPTH (last_IT) =  91. km :   
 DEPTH ( input ) =  92. km :   
 DEPTH (last_IT) =  92. km :   
 DEPTH ( input ) =  93. km :   
 DEPTH (last_IT) =  93. km :   
 DEPTH ( input ) =  94. km :   
 DEPTH (last_IT) =  94. km :   
 DEPTH ( input ) =  95. km :   
 DEPTH (last_IT) =  95. km :   
 DEPTH ( input ) =  96. km :   
 DEPTH (last_IT) =  96. km :   
 DEPTH ( input ) =  97. km :  .
 DEPTH (last_IT) =  97. km :  *
 DEPTH ( input ) =  98. km :   
 DEPTH (last_IT) =  98. km :   
 DEPTH ( input ) =  99. km :   
 DEPTH (last_IT) =  99. km :   
 DEPTH ( input ) = 100. km :   
 DEPTH (last_IT) = 100. km :   
 DEPTH ( input ) > 100. km :   
 DEPTH (last_IT) > 100. km :   


 Residuals of the stations according to the azimuth:
 (RES  = total average residual at station)
 (RES1 = average residual of rays from 1st quadrant)
 (RES2 = average residual of rays from 2nd quadrant)
 (RES3 = average residual of rays from 3rd quadrant)
 (RES4 = average residual of rays from 4th quadrant)

 Stn#  Stn     RES          RES1         RES2         RES3         RES4
   1   624     0.08(  74)   0.14(  33)   0.10(   5)   0.05(  29)  -0.10(   7)
   2   628     0.12(  69)   0.05(  32)   0.14(   5)   0.14(  24)   0.37(   8)
   3   630     0.02(  53)   0.05(  25)  -0.14(  11)   0.02(  10)   0.19(   7)
   4   627     0.06(  46)   0.08(  12)   0.00(   1)  -0.00(  21)   0.16(  12)
   5   621     0.09(  59)   0.13(   7)   0.00(   0)   0.14(  18)   0.06(  34)
   6   629     0.05(  43)   0.20(  15)   0.00(   0)  -0.05(   8)  -0.02(  20)
   7   622     0.07(  58)   0.06(  27)   0.00(   0)   0.10(  20)   0.05(  11)
   8   620     0.07(  48)   0.00(   0)   0.08(   1)   0.13(  18)   0.03(  29)
   9   623     0.09(  55)   0.06(  30)   0.00(   0)   0.22(  17)  -0.09(   8)
  10   626     0.12(  52)   0.08(  24)   0.00(   0)   0.10(   5)   0.17(  23)
  11   625     0.08(  49)   0.14(  15)   0.00(   0)   0.01(  23)   0.15(  11)
  12   631     0.14(  49)   0.04(  18)   0.00(   1)   0.71(   4)   0.12(  26)
  13   632     0.13(  24)   0.21(  12)  -0.66(   2)   0.45(   3)   0.09(   7)



 CPU - statistics:

 TOTAL CPU-sec          =    0.4     (CPU-minutes:  0.007)

 >>>   End of program VELEST at 25-06-02 12:55       <<< [ CPU-sec :     0.4]
