 >>> Start of program VELEST at 25-06-02 12:54       <<<                        

 ::::::::::::::::::::::::::::::::::::::                                         
  V E L E S T  - Version : January 3, 1995                                      
  (Authors: see source code)                                                    
 ::::::::::::::::::::::::::::::::::::::                                         


 Title of this VELEST run:

 model_2
 -------


 Current array-dimensions of program VELEST:

 Max. number of EARTHQUAKES for simult. inversion IEQ = ***
 Max. number of SHOTS for simult. inversion    INSHOT =  50
 Max. number of (different) 1D-MODELS      ITOTMODELS =   2
 Max. number of LAYERS per one 1D-model        INLTOT = 100
 Max. number of STATIONS in stationlist           IST = 650
 Max. number of OBSERVATIONS per event MAXOBSPEREVENT = 180






    INPUT - P A R A M E T E R S :



***
***  olat       olon   icoordsystem      zshift   itrial ztrial    ised
  72.000000-126.000000      0            0.000       0     0.00      0
***
*** neqs   nshot    rotate
     91      0      0.0
***
*** isingle   iresolcalc
       0          0
***
*** dmax    itopo    zmin     veladj    zadj   lowveloclay
   300.00     0      0.01       0.20    5.00       0
***
*** nsp    swtfac   vpvs       nmod
     1      1.00    1.730        1
***
***   othet   xythet    zthet    vthet   stathet
       0.01     0.01     0.01     1.00     0.01
***
*** nsinv   nshcor   nshfix     iuseelev    iusestacorr
       1       0       0           1            1
***
*** iturbo    icnvout   istaout   ismpout
       1         1         1         0
***
*** irayout   idrvout   ialeout   idspout   irflout   irfrout   iresout
       0         0         0         0         0         0         0
***
*** delmin   ittmax   invertratio
    0.010       3          1
***
*** Modelfile:
tmp/model_2/synthvel/model_571.mod
***
*** Stationfile:
./velinp/station.sta
***
*** Seismofile:
 
***
*** File with region names:
 
***
*** File with region coordinates:
 
***
*** File #1 with topo data:
 
***
*** File #2 with topo data:
 
***
*** DATA INPUT files:
***
*** File with Earthquake data:
./velinp/data.cnv
***
*** File with Shot data:
 
***
*** OUTPUT files:
***
*** Main print output file:
./velout/model_2/velest571.out
***
*** File with single event locations:
velout.vel
***
*** File with final hypocenters in *.cnv format:
./velout/model_2/final_loc571.cnv
***
*** File with new station corrections:
./velout/model_2/stations_corr571.sta
***
*** File with summary cards (e.g. for plotting):
velout.smp
***
*** File with raypoints:
velout.ray
***
*** File with derivatives:
velout.drv
***
*** File with ALEs:
velout.ale
***
*** File with Dirichlet spreads:
velout.dspr
***
*** File with reflection points:
velout.rfl
***
*** File with refraction points:
velout.rfr
***
*** File with residuals:
velout.res
***




 Origin of cartesian coordinates:
        72.00000N   126.00000E

  X,Y-AXES rotated clockwise from North
           Rotation angle (rotate):
            rotate=    0.0 degr.

 icoordsystem =            0
 normal SHORT DISTANCE CONVERSION will be made
 x is positive towards west, y is positive towards north


 SHORT DISTANCE CONVERSION on ELLIPSOIDE of WORLD GEODETIC SYSTEM 1972 (WGS72)
 =============================================================================

 Radius at equator (REARTH)= 6378.13500  km
   1. / (ellipticity)      =    298.260

 Origin of cartesian coordinates [degrees]:
   72.0000000 N     -126.0000000 W

  Rotation angle (in degr.) clockwise from
North  rotate=    0.0

 Radius of sphere at OLAT =   6358.817 km

 Conversion of GEOGRAPHICAL LATITUDE to GEOCENTRICAL LATITUDE:
 RLATC = TAN(GEOCENTR.LAT) / TAN(GEOGRAPH.LAT)
 RLATC =   0.99333486

          Short distance conversions:
          one min lat ~  1.8597 km 
          one min lon ~  0.5751 km 







    INPUT - M O D E L :



 Model(s) read from file :
 tmp/model_2/synthvel/model_571.mod                                              

 model file title: 
Model: model_571.mod                    
 Velocity structure for model   1 :

 layer    vel   depth   vdamp  reflector
   1      4.63  -5.00    1.00         P-VELOCITY MODEL                  
   2      5.55  -1.91    1.00  
 WARNING:
 Only top of the first layer can be negative !!
   3      5.99   3.82    1.00  
   4      6.00   6.64    1.00  
   5      6.27  13.85    1.00  
   6      6.90  18.64    1.00  
   7      7.09  26.23    1.00  
   8      7.37  28.26    1.00  
   9      7.89  34.75    1.00  
  10      8.36  36.41    1.00  

 Calculation of average velocity starts at layer #            1
 z = -5.00 ... -1.91    v = 4.63    AVEL = 4.63 downto z =  -1.91
 z = -1.91 ...  3.82    v = 5.55    AVEL = 5.23 downto z =   3.82
 z =  3.82 ...  6.64    v = 5.99    AVEL = 5.41 downto z =   6.64
 z =  6.64 ... 13.85    v = 6.00    AVEL = 5.64 downto z =  13.85
 z = 13.85 ... 18.64    v = 6.27    AVEL = 5.77 downto z =  18.64
 z = 18.64 ... 26.23    v = 6.90    AVEL = 6.04 downto z =  26.23
 z = 26.23 ... 28.26    v = 7.09    AVEL = 6.11 downto z =  28.26
 z = 28.26 ... 34.75    v = 7.37    AVEL = 6.31 downto z =  34.75
 z = 34.75 ... 36.41    v = 7.89    AVEL = 6.37 downto z =  36.41


 Calculation of average velocity starts at layer #            2
 z = -1.91 ...  3.82    v = 5.55    AVEL = 5.55 downto z =   3.82
 z =  3.82 ...  6.64    v = 5.99    AVEL = 5.70 downto z =   6.64
 z =  6.64 ... 13.85    v = 6.00    AVEL = 5.83 downto z =  13.85
 z = 13.85 ... 18.64    v = 6.27    AVEL = 5.94 downto z =  18.64
 z = 18.64 ... 26.23    v = 6.90    AVEL = 6.20 downto z =  26.23
 z = 26.23 ... 28.26    v = 7.09    AVEL = 6.26 downto z =  28.26
 z = 28.26 ... 34.75    v = 7.37    AVEL = 6.45 downto z =  34.75
 z = 34.75 ... 36.41    v = 7.89    AVEL = 6.52 downto z =  36.41






    INPUT - S T A T I O N S :



 Station-parameters read from file :
 ./velinp/station.sta                                                            


     stn latitude longitude elev   x      y      z     ptcor stcor model icc
   1 624 72.4760N126.2750E     0  -9.37  53.11  -0.00   0.00  0.00   1  13
   2 628 72.4000N127.1470E     0 -39.15  44.63  -0.00   0.00  0.00   1  12
   3 630 72.0750N128.3250E     0 -80.06   8.37  -0.00   0.00  0.00   1  11
   4 627 72.1170N126.9820E     0 -33.78  13.06  -0.00   0.00  0.00   1  10
   5 621 72.1840N124.8890E     0  38.14  20.53  -0.00   0.00  0.00   1   9
   6 629 71.9290N127.3130E     0 -45.39  -7.92  -0.00   0.00  0.00   1   8
   7 622 72.4420N125.3130E     0  23.42  49.32  -0.00   0.00  0.00   1   7
   8 620 72.6540N124.3470E     0  56.03  72.98  -0.00   0.00  0.00   1   6
   9 623 72.3260N125.7600E     0   8.21  36.38  -0.00   0.00  0.00   1   5
  10 626 71.8880N126.0360E     0  -1.25 -12.50  -0.00   0.00  0.00   1   4
  11 625 72.1740N126.1070E     0  -3.67  19.42  -0.00   0.00  0.00   1   3
  12 631 71.3990N127.2470E     0 -43.72 -67.06  -0.00   0.00  0.00   1   2
  13 632 71.5740N129.0728E     0-107.23 -47.53  -0.00   0.00  0.00   1   1

 NO Seismo-parameter-file specified
 --> NO magnitudes calculated!




   neqs=   91  nshot=    0  nltot=   10

 ~~~ input parameters read.
 ~~~ set units for first iteration ...
 ~~~ determine number of unknowns ...

 Number of unknowns (for array-indexing):  nvar =  386
 Number of effective unknowns        :  nvareff =  374
 Number of elements on/below main diagonal of matrix G = At*A : kvar =   74691

 ~~~ reset G and RHT ...
 ~~~ input data, raytracing, setup G ...






    I N P U T - D A T A  

  eq    origin-time    latitude longitude depth    x      y      z    mag ifxOBS
   1 160818 1613  9.10 73.0030N 124.8500E  23.10  38.61 111.92  23.10 1.40 0   6
   2 160818 1613  9.30 72.9910N 124.8700E  22.80  37.95 110.58  22.80 1.10 0   6
   3 160819 0959 27.30 71.9230N 129.7600E  12.10-130.00  -8.59  12.10 4.00 0  12
   4 160820 1506 15.70 71.9380N 129.7900E  11.00-130.98  -6.92  11.00 1.50 0   9
   5 160820 1904 45.70 72.3480N 127.1800E  23.80 -40.33  38.83  23.80 1.20 0   6
   6 160822 1318 49.50 72.3650N 127.0800E  16.50 -36.90  40.73  16.50 0.60 0   8
   7 160823 0652 14.00 70.9330N 129.8100E   6.40-135.21-119.06   6.40 2.90 0   6
   8 160824 1510 30.40 71.6070N 130.0400E   8.60-140.86 -43.85   8.60 1.50 0   9
   9 160906 1514 39.70 72.5080N 125.6800E  12.10  10.89  56.68  12.10 0.90 0   6
 WARNING:
 epicentral distance: 303.3 > dmax ( 300.0) ==> skipping phase !
 WARNING:
 epicentral distance: 338.2 > dmax ( 300.0) ==> skipping phase !
  10 160920 1607 18.30 69.2370N 128.3500E  16.20 -87.07-308.31  16.20 2.60 0   2
 WARNING:
 epicentral distance: 318.5 > dmax ( 300.0) ==> skipping phase !
 WARNING:
 epicentral distance: 355.0 > dmax ( 300.0) ==> skipping phase !
  11 160925 1911  5.60 69.2250N 127.6800E  15.60 -62.26-309.64  15.60 2.30 0   2
  12 161004 0841 51.20 72.8480N 124.9600E  15.60  35.07  94.62  15.60 0.20 0   6
  13 161005 1619 46.90 72.8770N 125.0100E  19.00  33.35  97.86  19.00 1.00 0   9
  14 161006 0156 55.90 72.8740N 125.0100E  13.90  33.36  97.52  13.90 1.00 0   7
  15 161009 0036 44.70 72.8720N 124.9900E  17.20  34.03  97.30  17.20 1.30 0   8
  16 161009 0036 44.90 72.8580N 124.9600E  18.60  35.06  95.74  18.60 1.20 0   7
  17 161012 0800 22.10 72.7380N 126.0300E  18.50  -1.01  82.35  18.50 0.80 0   7
  18 161015 1013 36.50 72.0400N 126.9900E  11.20 -34.12   4.46  11.20 0.70 0   7
  19 161021 0507 33.30 72.5750N 124.7800E  10.10  41.44  64.16  10.10 0.80 0   6
  20 161124 2250 46.00 72.7630N 124.8800E  16.20  37.85  85.14  16.20 3.10 0   4
  21 161125 0156 34.10 72.7420N 124.9200E  14.50  36.52  82.80  14.50 0.60 0   7
  22 161125 0517 25.90 72.7650N 124.9400E  13.50  35.82  85.36  13.50 1.60 0   6
  23 161125 0525 15.90 72.7740N 124.9500E  11.60  35.48  86.37  11.60 0.80 0   6
  24 161125 0556  2.00 72.7350N 124.9700E   5.70  34.84  82.01   5.70 0.20 0   6
  25 170117 0846 48.60 72.2130N 127.3400E  22.00 -45.97  23.77  22.00 0.30 0   6
  26 170122 1614 27.60 71.9670N 128.0400E  10.30 -70.45  -3.68  10.30 0.90 0   6
  27 170125 2244  0.20 72.4440N 126.0200E  13.10  -0.68  49.54  13.10 0.80 0   6
  28 170302 1359 59.10 72.6830N 124.8900E  11.50  37.60  76.21  11.50 0.50 0   7
  29 170302 2335 20.20 71.8850N 130.3000E  14.80-148.82 -12.83  14.80 2.10 0   9
  30 170304 2135  2.90 72.6880N 124.9400E  13.40  35.90  76.77  13.40 1.30 0   7
  31 170307 0447 21.00 72.6940N 124.9200E  14.20  36.57  77.44  14.20 1.70 0  10
  32 170307 2016 50.80 72.6910N 124.9100E  15.30  36.91  77.10  15.30 1.10 0   6
  33 170309 1454  0.80 72.6830N 124.9000E  15.60  37.26  76.21  15.60 0.30 0   6
  34 170311 0430 55.40 72.3130N 126.5000E  24.50 -17.11  34.93  24.50 0.30 0   6
  35 170312 0416 39.20 71.9240N 128.0800E   3.40 -71.91  -8.48   3.40 2.10 0   6
  36 170313 0553 59.10 72.6980N 124.9200E  15.10  36.57  77.89  15.10 1.00 0   9
  37 170313 0809  5.60 72.4500N 125.0800E  14.90  31.36  50.21  14.90 1.20 0   7
  38 170315 0234 46.50 72.6540N 123.8400E  16.90  73.22  72.98  16.90 1.40 0   7
  39 170317 1007 14.10 72.2350N 125.9800E   3.90   0.69  26.22   3.90 0.50 0   7
  40 170320 0711 14.60 72.1250N 127.2200E  16.80 -41.95  13.95  16.80 0.90 0   6
  41 170320 0853 56.40 72.7090N 124.9700E   5.10  34.86  79.11   5.10 0.40 0   6
  42 170320 1900 34.30 72.4150N 126.1200E  18.00  -4.09  46.31  18.00 0.60 0   7
  43 170323 0519 24.60 71.6470N 129.1800E   5.20-110.76 -39.39   5.20 1.20 0   6
  44 170323 1612 49.70 72.4530N 125.1100E   8.30  30.33  50.55   8.30 0.50 0   6
  45 170323 1906 41.20 72.4070N 130.2500E  18.30-145.04  45.41  18.30 1.00 0   6
  46 170326 0836 34.10 71.9930N 127.6700E  16.10 -57.63  -0.78  16.10 1.50 0   7
  47 170402 0422  1.00 72.7220N 125.6900E  21.90  10.49  80.56  21.90 1.20 0  10
  48 170402 0636 37.20 72.7310N 125.6900E  23.50  10.49  81.57  23.50 0.70 0   6
  49 170404 2347 35.70 72.7580N 124.3800E  22.60  54.76  84.58  22.60 0.50 0   6
  50 170405 0307 36.10 71.6810N 128.9500E  15.30-102.66 -35.60  15.30 1.00 0  10
  51 170405 1410 53.20 71.5100N 128.9000E   9.30-101.37 -54.68   9.30 1.70 0  10
  52 170406 0838 43.20 72.3850N 129.3800E  15.50-115.42  42.96  15.50 0.90 0  10
  53 170406 1728  1.00 72.7230N 125.6900E  21.30  10.49  80.67  21.30 0.90 0  10
 WARNING:
 epicentral distance: 325.9 > dmax ( 300.0) ==> skipping phase !
 WARNING:
 epicentral distance: 332.9 > dmax ( 300.0) ==> skipping phase !
 WARNING:
 epicentral distance: 345.3 > dmax ( 300.0) ==> skipping phase !
 WARNING:
 epicentral distance: 391.9 > dmax ( 300.0) ==> skipping phase !
  54 170407 1729  3.40 74.8930N 128.6300E  15.60 -83.67 322.81  15.60 1.80 0   2
 WARNING:
 epicentral distance: 311.3 > dmax ( 300.0) ==> skipping phase !
 WARNING:
 epicentral distance: 315.4 > dmax ( 300.0) ==> skipping phase !
 WARNING:
 epicentral distance: 328.9 > dmax ( 300.0) ==> skipping phase !
 WARNING:
 epicentral distance: 374.2 > dmax ( 300.0) ==> skipping phase !
  55 170407 1729  3.50 74.7270N 128.8100E   0.40 -89.83 304.29   0.40 1.60 0   5
  56 170408 1004 44.90 72.6070N 124.9400E  15.00  35.98  67.73  15.00 1.40 0  13
  57 170409 0856 47.20 73.3850N 128.5500E  15.60 -84.71 154.54  15.60 2.50 0   6
  58 170409 0902 45.60 73.3500N 128.4400E  15.10 -81.13 150.64  15.10 1.10 0   7
  59 170410 1520  8.50 72.0030N 128.3900E   2.70 -82.46   0.33   2.70 1.00 0  10
  60 170410 1813  3.60 70.9360N 129.1200E   3.70-110.72-118.73   3.70 2.20 0  13
  61 170412 1507  0.60 71.5070N 129.7200E   0.00-130.05 -55.01   0.00 0.70 0   6
  62 170413 0651 20.10 73.3680N 125.4200E  15.60  19.28 152.65  15.60 1.00 0  10
  63 170414 0459 18.80 72.2680N 127.3800E  20.10 -47.27  29.90  20.10 0.50 0   7
  64 170414 0540  4.80 73.6400N 130.9700E   8.00-163.92 183.00   8.00 1.80 0  11
  65 170414 1656 23.40 72.1850N 127.4000E  15.50 -48.06  20.64  15.50 0.20 0   6
  66 170414 1753 32.80 72.3840N 130.4600E  17.90-152.30  42.85  17.90 0.70 0   6
  67 170416 0523 41.90 71.9560N 127.0800E  19.20 -37.31  -4.91  19.20 1.60 0  13
  68 170416 1220 14.20 72.9470N 124.4900E  20.40  50.77 105.67  20.40 1.00 0  11
 WARNING:
 epicentral distance: 320.3 > dmax ( 300.0) ==> skipping phase !
 WARNING:
 epicentral distance: 381.0 > dmax ( 300.0) ==> skipping phase !
 WARNING:
 epicentral distance: 398.8 > dmax ( 300.0) ==> skipping phase !
 WARNING:
 epicentral distance: 405.0 > dmax ( 300.0) ==> skipping phase !
 WARNING:
 epicentral distance: 424.8 > dmax ( 300.0) ==> skipping phase !
 WARNING:
 epicentral distance: 431.2 > dmax ( 300.0) ==> skipping phase !
 WARNING:
 epicentral distance: 445.5 > dmax ( 300.0) ==> skipping phase !
 WARNING:
 epicentral distance: 451.8 > dmax ( 300.0) ==> skipping phase !
 WARNING:
 epicentral distance: 464.3 > dmax ( 300.0) ==> skipping phase !
  69 170416 1257 48.30 68.8710N 131.7500E  73.50-214.97-349.14  73.50 2.20 0   0
  70 170416 1821  5.50 72.8670N 125.0000E  19.30  33.70  96.74  19.30 1.30 0  13
  71 170418 0606  4.10 72.5080N 125.8200E   1.30   6.13  56.68   1.30 0.20 0   6
 WARNING:
 epicentral distance: 315.2 > dmax ( 300.0) ==> skipping phase !
 WARNING:
 epicentral distance: 332.1 > dmax ( 300.0) ==> skipping phase !
 WARNING:
 epicentral distance: 345.3 > dmax ( 300.0) ==> skipping phase !
 WARNING:
 epicentral distance: 352.6 > dmax ( 300.0) ==> skipping phase !
 WARNING:
 epicentral distance: 346.7 > dmax ( 300.0) ==> skipping phase !
 WARNING:
 epicentral distance: 356.6 > dmax ( 300.0) ==> skipping phase !
 WARNING:
 epicentral distance: 363.9 > dmax ( 300.0) ==> skipping phase !
 WARNING:
 epicentral distance: 372.8 > dmax ( 300.0) ==> skipping phase !
 WARNING:
 epicentral distance: 378.6 > dmax ( 300.0) ==> skipping phase !
 WARNING:
 epicentral distance: 378.6 > dmax ( 300.0) ==> skipping phase !
  72 170418 1005 56.80 69.3310N 122.4100E  97.00 132.70-297.82  97.00 2.20 0   1
  73 170418 1500 12.90 72.7340N 124.5100E  23.10  50.40  81.90  23.10 1.30 0  12
  74 170420 1302 36.20 72.6290N 129.0200E  21.80-102.44  70.19  21.80 0.90 0  11
  75 170420 2248 46.70 72.0220N 129.1200E   0.00-107.59   2.46   0.00 0.70 0  11
 WARNING:
 epicentral distance: 313.1 > dmax ( 300.0) ==> skipping phase !
 WARNING:
 epicentral distance: 324.4 > dmax ( 300.0) ==> skipping phase !
 WARNING:
 epicentral distance: 324.2 > dmax ( 300.0) ==> skipping phase !
 WARNING:
 epicentral distance: 342.4 > dmax ( 300.0) ==> skipping phase !
 WARNING:
 epicentral distance: 349.0 > dmax ( 300.0) ==> skipping phase !
 WARNING:
 epicentral distance: 380.2 > dmax ( 300.0) ==> skipping phase !
 WARNING:
 epicentral distance: 381.6 > dmax ( 300.0) ==> skipping phase !
 WARNING:
 epicentral distance: 408.0 > dmax ( 300.0) ==> skipping phase !
  76 170423 0850 54.60 74.7080N 132.7900E   0.10-217.19 302.17   0.10 1.90 0   0
  77 170423 1455 44.10 72.8400N 124.4900E  16.80  50.92  93.73  16.80 0.60 0   8
  78 170423 2313 41.80 72.5960N 124.8700E  22.00  38.36  66.50  22.00 1.30 0  12
  79 170424 0609 58.60 71.9600N 128.0200E   0.10 -69.77  -4.46   0.10 1.10 0  12
  80 170424 0755 26.70 71.9480N 128.0300E   0.00 -70.14  -5.80   0.00 1.00 0  12
  81 170424 0755 26.90 71.9590N 128.0300E   0.00 -70.12  -4.57   0.00 1.00 0  12
  82 170425 0652 23.30 71.9600N 128.0300E   0.00 -70.12  -4.46   0.00 1.20 0   9
  83 170426 0051 23.20 71.9450N 128.0600E   6.60 -71.18  -6.14   6.60 0.70 0   6
  84 170426 1425 21.20 72.0790N 127.2600E  21.00 -43.38   8.82  21.00 0.10 0   6
  85 170426 1834 24.60 71.5840N 130.8000E  10.90-167.46 -46.42  10.90 1.20 0   8
  86 170426 1840 44.10 72.2710N 126.3600E  18.10 -12.33  30.24  18.10 1.30 0   8
  87 170427 0912 28.80 72.0640N 127.7900E   2.60 -61.65   7.14   2.60 0.90 0   8
  88 170427 1041 38.10 71.7480N 128.9900E   8.40-103.86 -28.12   8.40 0.70 0   7
  89 170427 2010 47.80 72.8010N 130.2000E  20.20-141.80  89.38  20.20 1.30 0   8
  90 170427 2010 48.30 72.7890N 130.1400E  20.10-139.82  88.04  20.10 1.30 0   8
  91 170427 2342 34.10 72.7630N 125.0100E  19.50  33.46  85.14  19.50 0.80 0   6

 readings for station 624  :  74
 readings for station 628  :  69
 readings for station 630  :  53
 readings for station 627  :  46
 readings for station 621  :  59
 readings for station 629  :  43
 readings for station 622  :  58
 readings for station 620  :  48
 readings for station 623  :  55
 readings for station 626  :  52
 readings for station 625  :  49
 readings for station 631  :  49
 readings for station 632  :  24

 Total number of stations with readings:  13

 Total number of readings:     679
 Total number of P readings:       0
 Total number of S readings:       0


 ~~~ store parts of G ...
 ~~~ compute RMS and DATVAR ...

 Total number of observations is:   679


 $$$$$$$$$$$$$$$$$$$$$$$$$$$$$$$$$$$$$$$$$$$$$$$$$
 Events with  | AVRES | > 1.0 SEC are suspicious !

 Event#   7 >>>  160823 0652  AVRES =  1.29 NOBS =  6
 Event#   8 >>>  160824 1510  AVRES =  1.06 NOBS =  9
 Event#  10 >>>  160920 1607  AVRES =  3.05 NOBS =  2
 Event#  11 >>>  160925 1911  AVRES =  2.69 NOBS =  2
 Event#  45 >>>  170323 1906  AVRES =  1.12 NOBS =  6
 Event#  54 >>>  170407 1729  AVRES =  1.36 NOBS =  2
 Event#  55 >>>  170407 1729  AVRES =  1.53 NOBS =  5
 Event#  57 >>>  170409 0856  AVRES =  2.04 NOBS =  6
 Event#  58 >>>  170409 0902  AVRES =  1.59 NOBS =  7
 Event#  60 >>>  170410 1813  AVRES =  1.23 NOBS = 13
 Event#  62 >>>  170413 0651  AVRES =  1.08 NOBS = 10
 Event#  64 >>>  170414 0540  AVRES =  2.47 NOBS = 11
 Event#  72 >>>  170418 1005  AVRES =  1.67 NOBS =  1
 Event#  85 >>>  170426 1834  AVRES =  1.15 NOBS =  8
 Event#  89 >>>  170427 2010  AVRES =  1.41 NOBS =  8
 Event#  90 >>>  170427 2010  AVRES =  1.33 NOBS =  8

 ^^^^^^^^^ C H E C K   these events above ^^^^^^^^
 $$$$$$$$$$$$$$$$$$$$$$$$$$$$$$$$$$$$$$$$$$$$$$$$$

 ~~~ save initial datvar ...

 Iteration nr  0 obtained:
 DATVAR=    1.377778 mean sqrd residual=     0.618884  RMS RESIDUAL=     0.786692

 After  0 iterations we got:
 Average absolute & unweighted [and mean] residual of
   330 straight and direct rays =  0.26343 [  0.16670]
   349 refracted           rays =  0.96556 [  0.88417]
     0 reflected           rays =  0.00000 [  0.00000]

   679 ALL                 RAYS =  0.62432 [  0.53547]        0.00 %




--------------------------------------------------------------------------------



           ITERATION no  1

 ~~~ set units for this iteration ...
 ~~~ determine number of unknowns for this iter. ...

 Number of unknowns (for array-indexing):  nvar =  386
 Number of effective unknowns        :  nvareff =  387
 Number of elements on/below main diagonal of matrix G = At*A : kvar =   74691

 Damping factors to be used in this iteration:
   Othet=   0.010   XYthet  =   0.010   Zthet=  0.010
 STAthet=   0.010   Vthet   =   1.000

 ~~~ damp G ...
 ~~~ solve G * b = RHT ...
 ~~~ fix units ...
 ~~~ apply eventually step-length damping ...
 ~~~ adjust model (hypocenters, stacorr & veloc.) ...

 doing velocity adjustments now...

 doing station-correction adjustments...

 ~~~ compute effective step-length ...

 (Applied) Step length =   2.947

 ~~~ set units for next iteration ...
 ~~~ determine number of unknowns for next iter. ...

 Number of unknowns (for array-indexing):  nvar =  386
 Number of effective unknowns        :  nvareff =  387
 Number of elements on/below main diagonal of matrix G = At*A : kvar =   74691

 ~~~ reset G and RHT ...
 ~~~ raytracing, setup G ...
 ~~~ store parts of G ...
 ~~~ set units back for current iteration ...
 ~~~ determine number of unknowns for this iter. ...

 Number of unknowns (for array-indexing):  nvar =  386
 Number of effective unknowns        :  nvareff =  387
 Number of elements on/below main diagonal of matrix G = At*A : kvar =   74691

 ~~~ compute RMS and DATVAR ...

 $$$$$$$$$$$$$$$$$$$$$$$$$$$$$$$$$$$$$$$$$$$$$$$$$
 Events with  | AVRES | > 1.0 SEC are suspicious !

 Event#   7 >>>  160823 0652  AVRES =  1.12 NOBS =  6
 Event#  10 >>>  160920 1607  AVRES =  2.61 NOBS =  2
 Event#  11 >>>  160925 1911  AVRES =  2.30 NOBS =  2
 Event#  54 >>>  170407 1729  AVRES =  1.16 NOBS =  2
 Event#  55 >>>  170407 1729  AVRES =  1.31 NOBS =  5
 Event#  57 >>>  170409 0856  AVRES =  1.75 NOBS =  6
 Event#  58 >>>  170409 0902  AVRES =  1.37 NOBS =  7
 Event#  60 >>>  170410 1813  AVRES =  1.06 NOBS = 13
 Event#  64 >>>  170414 0540  AVRES =  2.12 NOBS = 11
 Event#  72 >>>  170418 1005  AVRES =  1.41 NOBS =  1
 Event#  89 >>>  170427 2010  AVRES =  1.22 NOBS =  8
 Event#  90 >>>  170427 2010  AVRES =  1.14 NOBS =  8

 ^^^^^^^^^ C H E C K   these events above ^^^^^^^^
 $$$$$$$$$$$$$$$$$$$$$$$$$$$$$$$$$$$$$$$$$$$$$$$$$

 ~~~ check solution (better? worse?) ...

 Iteration nr  1 obtained:
 DATVAR=    1.095435 mean sqrd residual=     0.471085  RMS RESIDUAL=     0.686357

 After  1 iterations we got:
 Average absolute & unweighted [and mean] residual of
   330 straight and direct rays =  0.22189 [  0.14211]
   349 refracted           rays =  0.84984 [  0.76799]
     0 reflected           rays =  0.00000 [  0.00000]

   679 ALL                 RAYS =  0.54465 [  0.46381]      -12.76 %

 ~~~ iteration done; output results ...

  eq       ot     x      y      z      rms    avres   dot     dx     dy     dz
    1      9.10  38.63 111.98  23.28   0.27   0.50   -0.002  0.015  0.060  0.181
    2      9.30  37.99 110.66  22.98   0.28   0.49   -0.004  0.043  0.078  0.175
    3     27.27-130.15  -8.35  12.11   0.62   0.58   -0.025 -0.147  0.241  0.008
    4     15.67-131.04  -6.74  10.80   0.71   0.59   -0.027 -0.052  0.174 -0.196
    5     45.72 -40.28  38.67  23.63   0.14   0.27    0.018  0.053 -0.161 -0.172
    6     49.51 -36.77  40.71  16.74   0.10   0.01    0.006  0.131 -0.018  0.238
    7     13.95-134.92-119.13   6.11   1.12   1.12   -0.050  0.291 -0.072 -0.293
    8     30.39-140.92 -43.93   8.75   0.73   0.92   -0.010 -0.061 -0.075  0.152
    9     39.69  10.85  56.60  12.04   0.05  -0.06   -0.005 -0.036 -0.082 -0.061
   10     18.24 -87.39-308.28  16.21   1.12   2.61   -0.060 -0.322  0.023  0.006
   11      5.49 -62.66-309.65  15.61   1.35   2.30   -0.112 -0.402 -0.006  0.012
   12     51.20  35.15  94.66  15.94   0.15   0.15    0.005  0.081  0.040  0.344
   13     46.90  33.43  97.91  19.25   0.34   0.45   -0.001  0.075  0.054  0.251
   14     55.89  33.43  97.55  14.10   0.64   0.24   -0.013  0.078  0.025  0.199
   15     44.70  34.10  97.40  17.43   0.65   0.56   -0.003  0.067  0.101  0.227
   16     44.88  34.94  95.97  18.63   0.73   0.66   -0.023 -0.113  0.234  0.032
   17     22.09  -0.98  82.43  18.57   0.54   0.32   -0.008  0.032  0.083  0.065
   18     36.48 -34.09   4.47  11.39   0.14  -0.02   -0.019  0.035  0.005  0.194
   19     33.31  41.41  64.09  10.05   0.20  -0.02    0.011 -0.037 -0.067 -0.051
   20     45.98  37.88  85.15  16.25   0.42   0.27   -0.018  0.027  0.009  0.048
   21     34.10  36.45  82.81  14.30   0.53   0.14   -0.002 -0.076  0.018 -0.204
   22     25.89  35.72  85.45  13.48   0.28   0.00   -0.010 -0.103  0.091 -0.022
   23     15.89  35.34  86.36  11.49   0.42  -0.03   -0.005 -0.139 -0.003 -0.114
   24      1.96  34.80  82.18   5.70   0.46   0.02   -0.043 -0.040  0.166 -0.002
   25     48.64 -45.89  23.60  22.15   0.09   0.27    0.040  0.084 -0.169  0.152
   26     27.61 -70.32  -3.81  10.32   0.07  -0.02    0.007  0.130 -0.127  0.022
   27      0.20  -0.59  49.41  13.14   0.28   0.07    0.005  0.091 -0.131  0.038
   28     59.09  37.62  76.29  11.43   0.66   0.27   -0.007  0.019  0.075 -0.071
   29     20.20-148.85 -12.71  14.93   0.64   0.84    0.001 -0.027  0.121  0.134
   30      2.91  35.90  76.80  13.36   0.75   0.37    0.006  0.005  0.028 -0.040
   31     20.99  36.46  77.48  14.22   0.76   0.35   -0.007 -0.114  0.044  0.016
   32     50.80  36.90  77.05  15.30   0.23   0.04    0.002 -0.008 -0.057  0.002
   33      0.81  37.27  76.19  15.64   0.34   0.16    0.012  0.009 -0.021  0.043
   34     55.43 -16.94  34.89  24.51   0.08   0.23    0.029  0.166 -0.033  0.010
   35     39.28 -71.60  -8.43   4.15   0.22   0.03    0.082  0.315  0.051  0.751
   36     59.11  36.56  77.89  15.15   0.60   0.33    0.008 -0.007  0.003  0.047
   37      5.60  31.31  50.12  14.84   0.09  -0.02    0.002 -0.050 -0.096 -0.062
   38     46.49  73.17  73.05  16.97   0.47   0.36   -0.006 -0.049  0.077  0.069
   39     14.07   0.73  26.11   3.95   0.12  -0.07   -0.030  0.043 -0.112  0.050
   40     14.60 -41.89  13.85  16.70   0.19   0.03    0.004  0.066 -0.093 -0.099
   41     56.39  34.81  78.94   5.14   0.12  -0.05   -0.013 -0.057 -0.174  0.037
   42     34.32  -3.95  46.24  17.97   0.12   0.08    0.018  0.145 -0.063 -0.034
   43     24.61-110.38 -39.24   5.13   0.26  -0.05    0.015  0.383  0.145 -0.070
   44     49.69  30.32  50.46   8.23   0.12  -0.07   -0.007 -0.012 -0.085 -0.069
   45     41.21-145.15  45.57  18.53   0.55   0.96    0.014 -0.110  0.152  0.234
   46     34.11 -57.58  -0.94  16.17   0.09   0.06    0.010  0.047 -0.153  0.066
   47      1.03  10.60  80.54  21.93   0.71   0.64    0.025  0.116 -0.020  0.025
   48     37.23  10.61  81.58  23.60   0.19   0.37    0.028  0.123  0.008  0.103
   49     35.73  54.60  84.58  22.35   0.28   0.28    0.026 -0.161 -0.000 -0.249
   50     36.10-102.62 -35.59  15.31   0.55   0.46   -0.003  0.033  0.001  0.009
   51     53.17-101.23 -54.48   8.96   0.81   0.61   -0.027  0.148  0.194 -0.344
   52     43.19-115.54  43.23  15.56   0.54   0.59   -0.011 -0.119  0.268  0.061
   53      1.04  10.66  80.62  21.24   0.68   0.66    0.040  0.172 -0.053 -0.056
   54      3.02 -83.68 322.76  15.64   0.40   1.16   -0.383 -0.007 -0.051  0.040
   55      3.22 -89.77 304.27   0.44   0.30   1.31   -0.279  0.068 -0.015  0.038
   56     44.90  35.95  67.62  14.91   0.69   0.32    0.003 -0.025 -0.112 -0.086
   57     47.17 -84.68 154.65  15.60   0.57   1.75   -0.033  0.024  0.110  0.003
   58     45.60 -80.98 150.87  15.24   0.84   1.37    0.002  0.150  0.233  0.136
   59      8.53 -82.21   0.25   2.95   0.62   0.15    0.030  0.248 -0.086  0.250
   60      3.57-110.63-118.56   3.48   1.21   1.06   -0.034  0.091  0.171 -0.216
   61      0.57-130.29 -55.03   0.47   0.54   0.16   -0.027 -0.237 -0.024  0.359
   62     20.10  19.57 152.66  15.71   0.93   0.92   -0.005  0.292  0.017  0.107
   63     18.82 -47.17  29.80  20.27   0.23   0.23    0.020  0.102 -0.103  0.166
   64      4.75-163.27 183.79   8.01   0.76   2.12   -0.054  0.652  0.790  0.006
   65     23.43 -47.95  20.51  15.54   0.08   0.03    0.030  0.120 -0.128  0.038
   66     32.83-152.45  43.15  18.21   0.41   0.85    0.025 -0.147  0.304  0.312
   67     41.92 -37.20  -5.07  19.08   0.29   0.30    0.017  0.112 -0.155 -0.117
   68     14.18  50.90 105.87  20.59   0.44   0.70   -0.016  0.130  0.198  0.187
   69     48.30-214.97-349.14  73.50   0.00   0.00    0.000  0.000  0.000  0.000
   70      5.50  33.78  96.81  19.35   0.71   0.74   -0.004  0.082  0.070  0.049
   71      4.16   6.18  56.83   1.79   0.67   0.34    0.060  0.051  0.148  0.491
   72     56.29 132.66-297.77  96.99   1.99   1.41   -0.509 -0.036  0.047 -0.015
   73     12.92  50.47  81.91  23.01   0.52   0.66    0.016  0.072  0.004 -0.094
   74     36.20-102.44  70.35  22.14   0.39   0.72   -0.003  0.003  0.164  0.338
   75     46.68-107.93   2.77   0.35   1.00   0.37   -0.017 -0.347  0.314  0.244
   76     54.60-217.19 302.17   0.10   0.00   0.00    0.000  0.000  0.000  0.000
   77     44.10  50.98  93.77  16.83   0.38   0.37   -0.002  0.060  0.040  0.028
   78     41.81  38.43  66.36  21.88   0.46   0.42    0.014  0.060 -0.140 -0.116
   79     58.63 -69.50  -4.53   0.31   0.46   0.22    0.035  0.268 -0.067  0.209
   80     26.74 -69.93  -5.92   0.39   0.42   0.26    0.036  0.208 -0.115  0.285
   81     26.93 -69.86  -4.67   0.19   0.45   0.27    0.034  0.262 -0.093  0.083
   82     23.32 -69.84  -4.54   0.29   0.41   0.16    0.024  0.281 -0.080  0.183
   83     23.20 -70.97  -6.14   6.63   0.11  -0.02    0.005  0.212 -0.007  0.034
   84     21.23 -43.22   8.59  21.00   0.05   0.19    0.029  0.164 -0.223  0.001
   85     24.57-167.41 -46.28  10.75   0.80   0.99   -0.026  0.050  0.134 -0.149
   86     44.11 -12.22  30.10  18.12   0.20   0.12    0.008  0.109 -0.144  0.025
   87     28.86 -61.54   6.98   3.43   0.30   0.19    0.061  0.116 -0.165  0.831
   88     38.09-103.68 -28.11   8.32   0.48   0.08   -0.005  0.181  0.008 -0.084
   89     47.81-141.91  89.53  20.68   0.56   1.22    0.014 -0.111  0.147  0.479
   90     48.31-139.88  88.24  20.56   0.51   1.14    0.008 -0.063  0.203  0.462
   91     34.08  33.60  85.15  19.74   0.59   0.60   -0.017  0.142  0.014  0.244

 A V E R A G E   of ADJUSTMENTS :                    -0.012  0.045  0.023  0.072
 A V E R A G E   of ABSOLUTE ADJUSTMENTS :            0.031  0.116  0.102  0.140


 Step length damping of 0.14522 was applied.


 Velocity adjustments:
     vp    dvp      hp   reflector
 Velocity model   1
   4.605 -0.025   -5.000      
   5.576  0.026   -1.910      
   5.967 -0.023    3.820      
   6.024  0.024    6.640      
   6.286  0.016   13.850      
   6.830 -0.070   18.640      
   7.076 -0.014   26.230      
   7.380  0.010   28.260      
   7.942  0.052   34.750      
   8.160 -0.200   36.410      

 Calculation of average velocity starts at layer #           1
 z = -5.00 ... -1.91    v = 4.61    AVEL = 4.61 downto z =  -1.91
 z = -1.91 ...  3.82    v = 5.58    AVEL = 5.24 downto z =   3.82
 z =  3.82 ...  6.64    v = 5.97    AVEL = 5.41 downto z =   6.64
 z =  6.64 ... 13.85    v = 6.02    AVEL = 5.65 downto z =  13.85
 z = 13.85 ... 18.64    v = 6.29    AVEL = 5.78 downto z =  18.64
 z = 18.64 ... 26.23    v = 6.83    AVEL = 6.03 downto z =  26.23
 z = 26.23 ... 28.26    v = 7.08    AVEL = 6.10 downto z =  28.26
 z = 28.26 ... 34.75    v = 7.38    AVEL = 6.31 downto z =  34.75
 z = 34.75 ... 36.41    v = 7.94    AVEL = 6.37 downto z =  36.41


 Calculation of average velocity starts at layer #           2
 z = -1.91 ...  3.82    v = 5.58    AVEL = 5.58 downto z =   3.82
 z =  3.82 ...  6.64    v = 5.97    AVEL = 5.70 downto z =   6.64
 z =  6.64 ... 13.85    v = 6.02    AVEL = 5.85 downto z =  13.85
 z = 13.85 ... 18.64    v = 6.29    AVEL = 5.95 downto z =  18.64
 z = 18.64 ... 26.23    v = 6.83    AVEL = 6.19 downto z =  26.23
 z = 26.23 ... 28.26    v = 7.08    AVEL = 6.25 downto z =  28.26
 z = 28.26 ... 34.75    v = 7.38    AVEL = 6.45 downto z =  34.75
 z = 34.75 ... 36.41    v = 7.94    AVEL = 6.51 downto z =  36.41



 Adjusted station corrections:
   stn  ptcor  dpcor  
  624   0.000  0.000  628  -0.044 -0.044  630  -0.024 -0.024  627   0.008  0.008
  621   0.015  0.015  629   0.023  0.023  622   0.013  0.013  620   0.003  0.003
  623   0.037  0.037  626   0.022  0.022  625   0.021  0.021  631   0.040  0.040
  632  -0.017 -0.017

 ~~~ another iteration? ...



--------------------------------------------------------------------------------



           ITERATION no  2

 ~~~ set units for this iteration ...
 ~~~ determine number of unknowns for this iter. ...

 Number of unknowns (for array-indexing):  nvar =  386
 Number of effective unknowns        :  nvareff =  387
 Number of elements on/below main diagonal of matrix G = At*A : kvar =   74691

 Damping factors to be used in this iteration:
   Othet=   0.010   XYthet  =   0.010   Zthet=  0.010
 STAthet=   0.010   Vthet   =   1.000

 ~~~ damp G ...
 ~~~ solve G * b = RHT ...
 ~~~ fix units ...
 ~~~ apply eventually step-length damping ...
 ~~~ adjust model (hypocenters, stacorr & veloc.) ...

 doing velocity adjustments now...
 WARNING: Tried to introduce a low-velocity-layer! (Layer 10)
 Setting DVP from -0.20 to 0.0 and VP to vp(layer_above)+0.001

 doing station-correction adjustments...

 ~~~ compute effective step-length ...

 (Applied) Step length =   3.140

 ~~~ set units for next iteration ...
 ~~~ determine number of unknowns for next iter. ...

 Number of unknowns (for array-indexing):  nvar =  386
 Number of effective unknowns        :  nvareff =  387
 Number of elements on/below main diagonal of matrix G = At*A : kvar =   74691

 ~~~ reset G and RHT ...
 ~~~ raytracing, setup G ...
 ~~~ store parts of G ...
 ~~~ set units back for current iteration ...
 ~~~ determine number of unknowns for this iter. ...

 Number of unknowns (for array-indexing):  nvar =  386
 Number of effective unknowns        :  nvareff =  387
 Number of elements on/below main diagonal of matrix G = At*A : kvar =   74691

 ~~~ compute RMS and DATVAR ...

 $$$$$$$$$$$$$$$$$$$$$$$$$$$$$$$$$$$$$$$$$$$$$$$$$
 Events with  | AVRES | > 1.0 SEC are suspicious !

 Event#   7 >>>  160823 0652  AVRES =  1.01 NOBS =  6
 Event#  10 >>>  160920 1607  AVRES =  2.31 NOBS =  2
 Event#  11 >>>  160925 1911  AVRES =  2.05 NOBS =  2
 Event#  54 >>>  170407 1729  AVRES =  1.13 NOBS =  2
 Event#  55 >>>  170407 1729  AVRES =  1.24 NOBS =  5
 Event#  57 >>>  170409 0856  AVRES =  1.56 NOBS =  6
 Event#  58 >>>  170409 0902  AVRES =  1.20 NOBS =  7
 Event#  64 >>>  170414 0540  AVRES =  1.88 NOBS = 11
 Event#  72 >>>  170418 1005  AVRES =  1.33 NOBS =  1
 Event#  89 >>>  170427 2010  AVRES =  1.08 NOBS =  8
 Event#  90 >>>  170427 2010  AVRES =  1.02 NOBS =  8

 ^^^^^^^^^ C H E C K   these events above ^^^^^^^^
 $$$$$$$$$$$$$$$$$$$$$$$$$$$$$$$$$$$$$$$$$$$$$$$$$

 ~~~ check solution (better? worse?) ...

 Iteration nr  2 obtained:
 DATVAR=    0.892245 mean sqrd residual=     0.383705  RMS RESIDUAL=     0.619439

 After  2 iterations we got:
 Average absolute & unweighted [and mean] residual of
   343 straight and direct rays =  0.18674 [  0.11742]
   336 refracted           rays =  0.78735 [  0.70586]
     0 reflected           rays =  0.00000 [  0.00000]

   679 ALL                 RAYS =  0.48395 [  0.40861]      -11.14 %

 ~~~ iteration done; output results ...

  eq       ot     x      y      z      rms    avres   dot     dx     dy     dz
    1      9.09  38.63 112.05  23.48   0.24   0.43   -0.010  0.009  0.069  0.202
    2      9.28  38.03 110.75  23.17   0.25   0.42   -0.013  0.039  0.091  0.193
    3     27.24-130.20  -8.16  11.89   0.55   0.51   -0.035 -0.050  0.190 -0.214
    4     15.62-131.09  -6.58  10.43   0.64   0.52   -0.051 -0.051  0.166 -0.370
    5     45.72 -40.23  38.54  23.54   0.12   0.23    0.002  0.048 -0.130 -0.086
    6     49.50 -36.64  40.64  16.92   0.09   0.01   -0.004  0.133 -0.072  0.181
    7     13.89-134.64-119.21   5.80   1.00   1.01   -0.059  0.283 -0.076 -0.304
    8     30.37-140.98 -44.03   8.90   0.67   0.82   -0.024 -0.058 -0.098  0.150
    9     39.66  10.83  56.51  12.06   0.05  -0.05   -0.030 -0.025 -0.094  0.018
   10     18.16 -87.78-308.25  16.21   1.09   2.31   -0.078 -0.390  0.030  0.008
   11      5.36 -63.15-309.66  15.63   1.33   2.05   -0.130 -0.487 -0.006  0.013
   12     51.20  35.22  94.68  16.27   0.12   0.13   -0.007  0.069  0.017  0.325
   13     46.89  33.51  97.98  19.52   0.31   0.40   -0.013  0.084  0.070  0.270
   14     55.86  33.53  97.52  14.24   0.56   0.22   -0.025  0.097 -0.025  0.144
   15     44.68  34.16  97.51  17.65   0.58   0.50   -0.015  0.062  0.108  0.224
   16     44.84  34.82  96.24  18.67   0.65   0.58   -0.035 -0.126  0.263  0.035
   17     22.07  -0.97  82.51  18.63   0.47   0.28   -0.018  0.009  0.079  0.064
   18     36.45 -33.95   4.52  11.54   0.14  -0.01   -0.029  0.136  0.054  0.149
   19     33.30  41.29  64.05  10.08   0.18  -0.01   -0.011 -0.122 -0.046  0.031
   20     45.96  37.78  85.20  16.29   0.37   0.24   -0.018 -0.095  0.057  0.040
   21     34.09  36.33  82.79  13.96   0.48   0.13   -0.010 -0.117 -0.021 -0.337
   22     25.87  35.55  85.51  13.33   0.25   0.01   -0.023 -0.170  0.054 -0.146
   23     15.88  35.14  86.28  11.26   0.38  -0.01   -0.016 -0.198 -0.080 -0.230
   24      1.92  34.79  82.38   5.84   0.43   0.02   -0.037 -0.006  0.199  0.145
   25     48.67 -45.81  23.42  22.32   0.09   0.22    0.027  0.078 -0.180  0.168
   26     27.58 -70.17  -4.00  10.44   0.06  -0.01   -0.025  0.152 -0.186  0.115
   27      0.20  -0.51  49.19  13.11   0.23   0.07   -0.008  0.083 -0.221 -0.028
   28     59.08  37.59  76.25  11.23   0.58   0.25   -0.013 -0.028 -0.035 -0.203
   29     20.19-148.88 -12.61  14.96   0.57   0.74   -0.010 -0.028  0.096  0.022
   30      2.90  35.88  76.75  13.23   0.68   0.34   -0.002 -0.025 -0.052 -0.127
   31     20.98  36.30  77.49  14.13   0.68   0.33   -0.016 -0.159  0.003 -0.086
   32     50.80  36.85  76.97  15.23   0.20   0.04   -0.007 -0.055 -0.079 -0.073
   33      0.82  37.25  76.12  15.64   0.32   0.15    0.005 -0.014 -0.067 -0.006
   34     55.45 -16.78  34.85  24.52   0.07   0.20    0.020  0.162 -0.043  0.005
   35     39.31 -71.27  -8.39   4.18   0.22   0.03    0.027  0.328  0.041  0.024
   36     59.11  36.52  77.84  15.12   0.54   0.30    0.000 -0.038 -0.051 -0.028
   37      5.60  31.29  50.05  14.56   0.09  -0.01    0.001 -0.021 -0.068 -0.277
   38     46.48  73.09  73.12  17.03   0.42   0.32   -0.011 -0.076  0.070  0.061
   39     14.04   0.77  26.00   3.94   0.11  -0.05   -0.026  0.046 -0.107 -0.012
   40     14.59 -41.82  13.78  16.56   0.17   0.03   -0.010  0.068 -0.073 -0.140
   41     56.38  34.77  78.76   5.23   0.12  -0.04   -0.004 -0.032 -0.178  0.092
   42     34.33  -3.85  46.16  17.90   0.10   0.07    0.011  0.101 -0.079 -0.066
   43     24.63-110.06 -39.10   5.06   0.25  -0.04    0.012  0.320  0.146 -0.069
   44     49.67  30.27  50.38   8.23   0.11  -0.05   -0.019 -0.050 -0.080  0.003
   45     41.22-145.26  45.71  18.79   0.48   0.84    0.004 -0.111  0.145  0.255
   46     34.10 -57.52  -1.06  16.23   0.08   0.06   -0.006  0.066 -0.125  0.061
   47      1.05  10.74  80.44  21.86   0.64   0.56    0.030  0.140 -0.103 -0.068
   48     37.26  10.76  81.55  23.50   0.16   0.31    0.037  0.153 -0.029 -0.108
   49     35.74  54.45  84.55  22.22   0.24   0.24    0.011 -0.152 -0.028 -0.127
   50     36.09-102.53 -35.61  15.22   0.49   0.41   -0.009  0.097 -0.020 -0.084
   51     53.13-101.01 -54.26   8.41   0.73   0.55   -0.046  0.220  0.221 -0.547
   52     43.17-115.66  43.48  15.53   0.50   0.51   -0.024 -0.129  0.252 -0.029
   53      1.07  10.78  80.60  21.24   0.61   0.57    0.025  0.116 -0.022 -0.007
   54      2.61 -83.69 322.70  15.68   0.37   1.13   -0.405 -0.011 -0.056  0.041
   55      2.91 -89.69 304.25   0.48   0.25   1.24   -0.307  0.071 -0.018  0.040
   56     44.90  35.91  67.46  14.73   0.62   0.29   -0.006 -0.047 -0.156 -0.186
   57     47.12 -84.69 154.77  15.61   0.51   1.56   -0.044 -0.009  0.119  0.004
   58     45.60 -80.84 151.13  15.41   0.75   1.20   -0.006  0.146  0.261  0.174
   59      8.56 -81.95   0.16   3.19   0.59   0.13    0.030  0.263 -0.089  0.241
   60      3.54-110.57-118.40   3.40   1.11   0.95   -0.031  0.056  0.154 -0.086
   61      0.55-130.61 -55.04   1.08   0.52   0.13   -0.024 -0.326 -0.009  0.611
   62     20.09  19.85 152.69  15.85   0.84   0.81   -0.008  0.279  0.025  0.142
   63     18.83 -47.08  29.68  20.42   0.19   0.20    0.008  0.086 -0.119  0.158
   64      4.67-162.57 184.65   8.01   0.69   1.88   -0.077  0.700  0.867  0.009
   65     23.44 -47.82  20.38  15.61   0.07   0.03    0.006  0.122 -0.139  0.076
   66     32.84-152.61  43.46  18.56   0.37   0.73    0.013 -0.160  0.311  0.347
   67     41.93 -37.09  -5.23  18.83   0.26   0.26    0.011  0.103 -0.169 -0.251
   68     14.15  51.04 106.11  20.79   0.41   0.61   -0.031  0.137  0.245  0.200
   69     48.30-214.97-349.14  73.50   0.00   0.00    0.000  0.000  0.000  0.000
   70      5.48  33.86  96.90  19.42   0.64   0.64   -0.015  0.079  0.090  0.071
   71      4.22   6.22  56.91   2.26   0.52   0.20    0.055  0.039  0.082  0.471
   72     55.73 132.62-297.72  96.97   1.77   1.33   -0.557 -0.040  0.053 -0.017
   73     12.92  50.54  81.86  22.99   0.46   0.57    0.007  0.069 -0.051 -0.016
   74     36.19-102.51  70.45  22.38   0.37   0.63   -0.009 -0.073  0.102  0.241
   75     46.67-108.35   3.12   0.73   0.99   0.32   -0.016 -0.413  0.348  0.377
   76     54.60-217.19 302.17   0.10   0.00   0.00    0.000  0.000  0.000  0.000
   77     44.09  51.03  93.81  16.83   0.34   0.32   -0.009  0.041  0.039  0.004
   78     41.82  38.47  66.20  21.82   0.41   0.37    0.004  0.045 -0.162 -0.065
   79     58.68 -69.27  -4.61   0.71   0.44   0.20    0.049  0.230 -0.078  0.401
   80     26.79 -69.77  -6.05   0.90   0.40   0.22    0.051  0.163 -0.133  0.504
   81     26.96 -69.61  -4.76   0.17   0.44   0.24    0.029  0.250 -0.094 -0.020
   82     23.36 -69.59  -4.64   0.54   0.38   0.14    0.032  0.247 -0.093  0.243
   83     23.21 -70.78  -6.15   6.74   0.09  -0.02    0.003  0.185 -0.004  0.103
   84     21.24 -43.05   8.36  21.01   0.05   0.16    0.016  0.163 -0.237  0.008
   85     24.54-167.35 -46.14  10.56   0.73   0.89   -0.036  0.062  0.145 -0.187
   86     44.11 -12.13  29.94  18.14   0.16   0.10   -0.003  0.092 -0.150  0.011
   87     28.91 -61.44   6.80   4.16   0.10  -0.01    0.051  0.099 -0.176  0.733
   88     38.07-103.43 -28.17   8.20   0.44   0.08   -0.022  0.253 -0.056 -0.115
   89     47.82-142.04  89.66  21.21   0.49   1.08    0.004 -0.136  0.137  0.529
   90     48.31-139.96  88.44  21.07   0.45   1.02   -0.002 -0.082  0.200  0.508
   91     34.06  33.76  85.20  19.84   0.52   0.53   -0.027  0.161  0.045  0.098

 A V E R A G E   of ADJUSTMENTS :                    -0.022  0.034  0.013  0.051
 A V E R A G E   of ABSOLUTE ADJUSTMENTS :            0.035  0.125  0.111  0.155


 Step length damping of 0.17234 was applied.


 Velocity adjustments:
     vp    dvp      hp   reflector
 Velocity model   1
   4.583 -0.023   -5.000      
   5.590  0.014   -1.910      
   5.958 -0.009    3.820      
   6.001 -0.023    6.640      
   6.322  0.036   13.850      
   6.762 -0.068   18.640      
   7.053 -0.023   26.230      
   7.343 -0.037   28.260      
   8.005  0.063   34.750      
   8.006  0.000   36.410      

 Calculation of average velocity starts at layer #           1
 z = -5.00 ... -1.91    v = 4.58    AVEL = 4.58 downto z =  -1.91
 z = -1.91 ...  3.82    v = 5.59    AVEL = 5.24 downto z =   3.82
 z =  3.82 ...  6.64    v = 5.96    AVEL = 5.41 downto z =   6.64
 z =  6.64 ... 13.85    v = 6.00    AVEL = 5.64 downto z =  13.85
 z = 13.85 ... 18.64    v = 6.32    AVEL = 5.78 downto z =  18.64
 z = 18.64 ... 26.23    v = 6.76    AVEL = 6.02 downto z =  26.23
 z = 26.23 ... 28.26    v = 7.05    AVEL = 6.08 downto z =  28.26
 z = 28.26 ... 34.75    v = 7.34    AVEL = 6.29 downto z =  34.75
 z = 34.75 ... 36.41    v = 8.00    AVEL = 6.35 downto z =  36.41


 Calculation of average velocity starts at layer #           2
 z = -1.91 ...  3.82    v = 5.59    AVEL = 5.59 downto z =   3.82
 z =  3.82 ...  6.64    v = 5.96    AVEL = 5.71 downto z =   6.64
 z =  6.64 ... 13.85    v = 6.00    AVEL = 5.84 downto z =  13.85
 z = 13.85 ... 18.64    v = 6.32    AVEL = 5.96 downto z =  18.64
 z = 18.64 ... 26.23    v = 6.76    AVEL = 6.17 downto z =  26.23
 z = 26.23 ... 28.26    v = 7.05    AVEL = 6.23 downto z =  28.26
 z = 28.26 ... 34.75    v = 7.34    AVEL = 6.43 downto z =  34.75
 z = 34.75 ... 36.41    v = 8.00    AVEL = 6.50 downto z =  36.41



 Adjusted station corrections:
   stn  ptcor  dpcor  
  624   0.000  0.000  628  -0.086 -0.042  630  -0.045 -0.021  627   0.019  0.011
  621   0.028  0.013  629   0.048  0.026  622   0.023  0.010  620   0.001 -0.002
  623   0.075  0.038  626   0.045  0.024  625   0.044  0.023  631   0.083  0.044
  632  -0.032 -0.014

 ~~~ another iteration? ...



--------------------------------------------------------------------------------



           ITERATION no  3

 ~~~ set units for this iteration ...
 ~~~ determine number of unknowns for this iter. ...

 Number of unknowns (for array-indexing):  nvar =  386
 Number of effective unknowns        :  nvareff =  387
 Number of elements on/below main diagonal of matrix G = At*A : kvar =   74691

 Damping factors to be used in this iteration:
   Othet=   0.010   XYthet  =   0.010   Zthet=  0.010
 STAthet=   0.010   Vthet   =   1.000

 ~~~ damp G ...
 ~~~ solve G * b = RHT ...
 ~~~ fix units ...
 ~~~ apply eventually step-length damping ...
 ~~~ adjust model (hypocenters, stacorr & veloc.) ...

 doing velocity adjustments now...

 doing station-correction adjustments...

 ~~~ compute effective step-length ...

 (Applied) Step length =   4.065

 ~~~ set units for next iteration ...
 ~~~ determine number of unknowns for next iter. ...

 Number of unknowns (for array-indexing):  nvar =  386
 Number of effective unknowns        :  nvareff =  387
 Number of elements on/below main diagonal of matrix G = At*A : kvar =   74691

 ~~~ reset G and RHT ...
 ~~~ raytracing, setup G ...
 ~~~ store parts of G ...
 ~~~ set units back for current iteration ...
 ~~~ determine number of unknowns for this iter. ...

 Number of unknowns (for array-indexing):  nvar =  386
 Number of effective unknowns        :  nvareff =  387
 Number of elements on/below main diagonal of matrix G = At*A : kvar =   74691

 ~~~ compute RMS and DATVAR ...

 $$$$$$$$$$$$$$$$$$$$$$$$$$$$$$$$$$$$$$$$$$$$$$$$$
 Events with  | AVRES | > 1.0 SEC are suspicious !

 Event#  10 >>>  160920 1607  AVRES =  2.17 NOBS =  2
 Event#  11 >>>  160925 1911  AVRES =  1.97 NOBS =  2
 Event#  54 >>>  170407 1729  AVRES =  1.37 NOBS =  2
 Event#  55 >>>  170407 1729  AVRES =  1.37 NOBS =  5
 Event#  57 >>>  170409 0856  AVRES =  1.39 NOBS =  6
 Event#  58 >>>  170409 0902  AVRES =  1.04 NOBS =  7
 Event#  64 >>>  170414 0540  AVRES =  1.74 NOBS = 11
 Event#  72 >>>  170418 1005  AVRES =  1.03 NOBS =  1

 ^^^^^^^^^ C H E C K   these events above ^^^^^^^^
 $$$$$$$$$$$$$$$$$$$$$$$$$$$$$$$$$$$$$$$$$$$$$$$$$

 ~~~ check solution (better? worse?) ...

 Iteration nr  3 obtained:
 DATVAR=    0.739604 mean sqrd residual=     0.318062  RMS RESIDUAL=     0.563970

 After  3 iterations we got:
 Average absolute & unweighted [and mean] residual of
   341 straight and direct rays =  0.15926 [  0.10422]
   338 refracted           rays =  0.69495 [  0.61764]
     0 reflected           rays =  0.00000 [  0.00000]

   679 ALL                 RAYS =  0.42592 [  0.35980]      -11.99 %

 ~~~ iteration done; output results ...

  eq       ot     x      y      z      rms    avres   dot     dx     dy     dz
    1      9.07  38.70 112.15  23.79   0.20   0.35   -0.017  0.069  0.098  0.307
    2      9.26  38.14 110.88  23.47   0.21   0.34   -0.022  0.107  0.130  0.302
    3     27.18-130.58  -7.82  11.85   0.47   0.44   -0.064 -0.383  0.344 -0.039
    4     15.57-131.23  -6.38  10.13   0.55   0.44   -0.054 -0.142  0.201 -0.306
    5     45.73 -40.16  38.39  23.49   0.09   0.19    0.006  0.072 -0.147 -0.054
    6     49.50 -36.47  40.57  17.13   0.09   0.02    0.002  0.160 -0.066  0.207
    7     13.85-134.41-119.27   5.52   0.91   0.92   -0.037  0.234 -0.060 -0.279
    8     30.34-141.07 -44.14   9.12   0.61   0.71   -0.025 -0.085 -0.117  0.218
    9     39.65  10.81  56.41  12.02   0.05  -0.02   -0.015 -0.018 -0.100 -0.042
   10     18.11 -88.33-308.22  16.22   1.04   2.17   -0.051 -0.547  0.035  0.005
   11      5.25 -63.83-309.67  15.64   1.28   1.97   -0.112 -0.680 -0.016  0.011
   12     51.19  35.31  94.71  16.71   0.10   0.11   -0.009  0.094  0.033  0.437
   13     46.86  33.67  98.10  19.90   0.26   0.33   -0.022  0.154  0.120  0.382
   14     55.84  33.62  97.52  14.47   0.48   0.20   -0.025  0.088 -0.008  0.228
   15     44.66  34.26  97.67  17.94   0.53   0.43   -0.022  0.098  0.164  0.293
   16     44.80  34.69  96.55  18.75   0.59   0.50   -0.046 -0.124  0.316  0.086
   17     22.05  -0.98  82.65  18.72   0.40   0.23   -0.020 -0.008  0.138  0.095
   18     36.42 -33.89   4.54  11.78   0.13   0.00   -0.030  0.059  0.016  0.238
   19     33.30  41.22  63.98  10.04   0.16   0.01    0.004 -0.064 -0.068 -0.035
   20     45.94  37.70  85.28  16.36   0.30   0.21   -0.022 -0.088  0.073  0.069
   21     34.08  36.21  82.79  13.60   0.41   0.12   -0.011 -0.116 -0.003 -0.363
   22     25.85  35.35  85.57  13.09   0.20   0.02   -0.017 -0.196  0.063 -0.239
   23     15.90  35.01  86.07  10.87   0.32   0.00    0.020 -0.129 -0.209 -0.381
   24      1.88  34.81  82.67   5.84   0.39   0.03   -0.042  0.017  0.289 -0.004
   25     48.70 -45.70  23.22  22.50   0.08   0.18    0.036  0.112 -0.195  0.181
   26     27.58 -70.00  -4.20  10.52   0.05   0.01   -0.004  0.163 -0.202  0.085
   27      0.20  -0.42  49.04  13.16   0.17   0.06   -0.001  0.091 -0.147  0.051
   28     59.08  37.68  76.19  11.06   0.48   0.22    0.002  0.094 -0.066 -0.165
   29     20.18-148.93 -12.48  15.04   0.49   0.63   -0.011 -0.051  0.133  0.088
   30      2.92  35.99  76.60  13.18   0.59   0.30    0.015  0.111 -0.141 -0.050
   31     20.96  36.14  77.53  14.10   0.60   0.30   -0.018 -0.161  0.040 -0.026
   32     50.79  36.81  76.90  15.17   0.16   0.04   -0.005 -0.034 -0.070 -0.055
   33      0.82  37.27  76.06  15.70   0.26   0.13    0.004  0.020 -0.062  0.060
   34     55.47 -16.60  34.81  24.53   0.05   0.16    0.024  0.179 -0.043  0.017
   35     39.35 -70.74  -8.26   4.23   0.22   0.05    0.043  0.528  0.129  0.053
   36     59.11  36.51  77.81  15.16   0.47   0.26   -0.000 -0.008 -0.028  0.041
   37      5.61  31.27  49.97  14.27   0.09   0.01    0.006 -0.019 -0.080 -0.286
   38     46.47  73.02  73.24  17.10   0.36   0.26   -0.014 -0.070  0.113  0.065
   39     14.01   0.81  25.85   4.01   0.10  -0.02   -0.034  0.038 -0.150  0.075
   40     14.59 -41.73  13.69  16.39   0.14   0.03   -0.003  0.091 -0.090 -0.174
   41     56.38  34.75  78.58   5.22   0.12  -0.01   -0.001 -0.022 -0.185 -0.011
   42     34.35  -3.72  46.09  17.81   0.08   0.06    0.018  0.127 -0.075 -0.093
   43     24.66-109.52 -39.10   4.98   0.26  -0.01    0.036  0.534 -0.001 -0.083
   44     49.66  30.26  50.28   8.16   0.09  -0.02   -0.012 -0.013 -0.099 -0.073
   45     41.22-145.32  45.89  19.23   0.43   0.71    0.001 -0.065  0.174  0.437
   46     34.11 -57.39  -1.16  16.23   0.07   0.06    0.011  0.125 -0.099  0.006
   47      1.09  10.94  80.33  21.78   0.57   0.47    0.036  0.193 -0.113 -0.081
   48     37.28  10.90  81.57  23.71   0.14   0.26    0.015  0.139  0.022  0.215
   49     35.75  54.29  84.50  22.03   0.20   0.19    0.017 -0.154 -0.052 -0.196
   50     36.08-102.38 -35.66  15.13   0.42   0.35   -0.009  0.141 -0.044 -0.097
   51     53.09-100.79 -54.00   7.89   0.66   0.49   -0.038  0.217  0.258 -0.517
   52     43.13-115.93  43.86  15.63   0.44   0.42   -0.038 -0.270  0.376  0.095
   53      1.10  10.94  80.59  21.23   0.54   0.48    0.030  0.165 -0.012 -0.002
   54      2.20 -83.71 322.64  15.72   0.35   1.37   -0.412 -0.023 -0.062  0.040
   55      2.61 -89.60 304.24   0.52   0.23   1.37   -0.301  0.092 -0.012  0.038
   56     44.89  35.91  67.28  14.57   0.55   0.25   -0.002  0.006 -0.187 -0.162
   57     47.08 -84.66 154.96  15.61   0.49   1.39   -0.048  0.038  0.192  0.005
   58     45.59 -80.64 151.48  15.64   0.70   1.04   -0.008  0.200  0.349  0.230
   59      8.59 -81.69   0.10   3.59   0.55   0.11    0.033  0.255 -0.060  0.396
   60      3.50-110.47-118.15   3.10   1.07   0.85   -0.040  0.104  0.248 -0.293
   61      0.52-131.06 -55.13   1.93   0.49   0.10   -0.027 -0.448 -0.082  0.845
   62     20.08  20.26 152.74  16.08   0.80   0.69   -0.011  0.409  0.048  0.231
   63     18.84 -46.96  29.55  20.59   0.14   0.16    0.014  0.126 -0.128  0.168
   64      4.61-161.64 185.81   8.02   0.66   1.74   -0.063  0.930  1.160  0.007
   65     23.46 -47.65  20.21  15.68   0.07   0.04    0.022  0.174 -0.164  0.065
   66     32.85-152.81  43.87  18.87   0.33   0.59    0.011 -0.200  0.402  0.307
   67     41.95 -36.96  -5.43  18.54   0.21   0.21    0.017  0.131 -0.200 -0.290
   68     14.11  51.28 106.45  21.08   0.36   0.51   -0.048  0.243  0.335  0.289
   69     48.30-214.97-349.14  73.50   0.00   0.00    0.000  0.000  0.000  0.000
   70      5.46  33.99  97.05  19.49   0.58   0.55   -0.022  0.128  0.148  0.073
   71      4.27   6.25  56.99   2.36   0.64   0.23    0.054  0.030  0.072  0.099
   72     55.92 132.64-297.73  96.97   1.05   1.03    0.182  0.013 -0.017  0.006
   73     12.93  50.65  81.81  22.95   0.40   0.48    0.006  0.112 -0.044 -0.038
   74     36.18-102.60  70.61  22.76   0.34   0.52   -0.011 -0.091  0.161  0.379
   75     46.66-108.90   3.51   1.44   0.98   0.26   -0.007 -0.549  0.391  0.713
   76     54.60-217.19 302.17   0.10   0.00   0.00    0.000  0.000  0.000  0.000
   77     44.08  51.10  93.87  16.81   0.28   0.27   -0.011  0.072  0.063 -0.018
   78     41.82  38.55  66.03  21.74   0.35   0.31    0.004  0.085 -0.172 -0.074
   79     58.77 -69.03  -4.71   1.66   0.42   0.15    0.088  0.247 -0.101  0.952
   80     26.87 -69.60  -6.21   1.95   0.37   0.17    0.086  0.170 -0.165  1.053
   81     26.99 -69.28  -4.86   0.07   0.37   0.26    0.032  0.323 -0.100 -0.107
   82     23.42 -69.32  -4.75   1.27   0.35   0.12    0.067  0.267 -0.110  0.739
   83     23.22 -70.56  -6.17   6.80   0.08   0.00    0.015  0.227 -0.026  0.064
   84     21.27 -42.84   8.08  20.98   0.05   0.14    0.026  0.210 -0.274 -0.025
   85     24.50-167.30 -45.95  10.34   0.68   0.77   -0.038  0.047  0.194 -0.224
   86     44.11 -12.03  29.78  18.11   0.11   0.09    0.008  0.095 -0.161 -0.024
   87     28.90 -61.24   6.57   4.24   0.11   0.02   -0.017  0.202 -0.229  0.071
   88     38.08-103.12 -28.25   8.24   0.38   0.09    0.004  0.303 -0.085  0.043
   89     47.83-142.33  89.79  21.93   0.46   0.93    0.013 -0.284  0.124  0.725
   90     48.31-140.13  88.67  21.66   0.41   0.88   -0.000 -0.170  0.227  0.594
   91     34.02  33.96  85.27  19.95   0.45   0.45   -0.032  0.202  0.071  0.110

 A V E R A G E   of ADJUSTMENTS :                    -0.010  0.049  0.025  0.084
 A V E R A G E   of ABSOLUTE ADJUSTMENTS :            0.032  0.163  0.138  0.192


 Step length damping of 0.24125 was applied.


 Velocity adjustments:
     vp    dvp      hp   reflector
 Velocity model   1
   4.527 -0.056   -5.000      
   5.641  0.051   -1.910      
   5.923 -0.035    3.820      
   6.008  0.007    6.640      
   6.322  0.000   13.850      
   6.683 -0.079   18.640      
   6.994 -0.059   26.230      
   7.305 -0.038   28.260      
   7.805 -0.200   34.750      
   7.999 -0.007   36.410      

 Calculation of average velocity starts at layer #           1
 z = -5.00 ... -1.91    v = 4.53    AVEL = 4.53 downto z =  -1.91
 z = -1.91 ...  3.82    v = 5.64    AVEL = 5.25 downto z =   3.82
 z =  3.82 ...  6.64    v = 5.92    AVEL = 5.41 downto z =   6.64
 z =  6.64 ... 13.85    v = 6.01    AVEL = 5.64 downto z =  13.85
 z = 13.85 ... 18.64    v = 6.32    AVEL = 5.78 downto z =  18.64
 z = 18.64 ... 26.23    v = 6.68    AVEL = 6.00 downto z =  26.23
 z = 26.23 ... 28.26    v = 6.99    AVEL = 6.06 downto z =  28.26
 z = 28.26 ... 34.75    v = 7.31    AVEL = 6.26 downto z =  34.75
 z = 34.75 ... 36.41    v = 7.80    AVEL = 6.32 downto z =  36.41


 Calculation of average velocity starts at layer #           2
 z = -1.91 ...  3.82    v = 5.64    AVEL = 5.64 downto z =   3.82
 z =  3.82 ...  6.64    v = 5.92    AVEL = 5.73 downto z =   6.64
 z =  6.64 ... 13.85    v = 6.01    AVEL = 5.86 downto z =  13.85
 z = 13.85 ... 18.64    v = 6.32    AVEL = 5.97 downto z =  18.64
 z = 18.64 ... 26.23    v = 6.68    AVEL = 6.16 downto z =  26.23
 z = 26.23 ... 28.26    v = 6.99    AVEL = 6.22 downto z =  28.26
 z = 28.26 ... 34.75    v = 7.31    AVEL = 6.41 downto z =  34.75
 z = 34.75 ... 36.41    v = 7.80    AVEL = 6.47 downto z =  36.41



 Adjusted station corrections:
   stn  ptcor  dpcor  
  624   0.000  0.000  628  -0.125 -0.040  630  -0.074 -0.029  627   0.037  0.018
  621   0.050  0.022  629   0.079  0.031  622   0.041  0.018  620   0.010  0.009
  623   0.121  0.046  626   0.076  0.031  625   0.071  0.026  631   0.138  0.055
  632  -0.039 -0.007

 ~~~ another iteration? ...
 NITT = ITTMAX  --> stop iterations.
 ~~~ final solution reached ...

 ~~~ damp G & Chol.-Decomp.: NOT made (switch iresolcalc is NOT set !)

 Final rms values:  0.20 0.21 0.47 0.55 0.09 0.09 0.91 0.61 0.05 1.04
                    1.28 0.10 0.26 0.48 0.53 0.59 0.40 0.13 0.16 0.30
                    0.41 0.20 0.32 0.39 0.08 0.05 0.17 0.48 0.49 0.59
                    0.60 0.16 0.26 0.05 0.22 0.47 0.09 0.36 0.10 0.14
                    0.12 0.08 0.26 0.09 0.43 0.07 0.57 0.14 0.20 0.42
                    0.66 0.44 0.54 0.35 0.23 0.55 0.49 0.70 0.55 1.07
                    0.49 0.80 0.14 0.66 0.07 0.33 0.21 0.36 0.00 0.58
                    0.64 1.05 0.40 0.34 0.98 0.00 0.28 0.35 0.42 0.37
                    0.37 0.35 0.08 0.05 0.68 0.11 0.11 0.38 0.46 0.41
                    0.45



 ~~~ output final hypocenters ...

      date    origin   latitude longitude  depth  mag  no  rms      x      y      z
   1 160818 1613  9.07 73.0050N 124.8472E  23.79 1.40   6 0.204   38.70 112.15  23.79
   2 160818 1613  9.26 72.9937N 124.8643E  23.47 1.10   6 0.211   38.14 110.88  23.47
   3 160819 0959 27.18 71.9299N 129.7775E  11.85 4.00  12 0.474 -130.58  -7.82  11.85
   4 160820 1506 15.57 71.9428N 129.7976E  10.13 1.50   9 0.549 -131.23  -6.38  10.13
   5 160820 1904 45.73 72.3441N 127.1748E  23.49 1.20   6 0.091  -40.16  38.39  23.49
   6 160822 1318 49.50 72.3636N 127.0676E  17.13 0.60   8 0.094  -36.47  40.57  17.13
   7 160823 0652 13.85 70.9311N 129.7871E   5.52 2.90   6 0.907 -134.41-119.27   5.52
   8 160824 1510 30.34 71.6044N 130.0456E   9.12 1.50   9 0.611 -141.07 -44.14   9.12
   9 160906 1514 39.65 72.5055N 125.6823E  12.02 0.90   6 0.054   10.81  56.41  12.02
  10 160920 1607 18.11 69.2378N 128.3840E  16.22 2.60   2 1.039  -88.33-308.22  16.22
  11 160925 1911  5.25 69.2248N 127.7223E  15.64 2.30   2 1.277  -63.83-309.67  15.64
  12 161004 0841 51.19 72.8488N 124.9528E  16.71 0.20   6 0.102   35.31  94.71  16.71
  13 161005 1619 46.86 72.8792N 125.0006E  19.90 1.00   9 0.258   33.67  98.10  19.90
  14 161006 0156 55.84 72.8739N 125.0022E  14.47 1.00   7 0.482   33.62  97.52  14.47
  15 161009 0036 44.66 72.8754N 124.9832E  17.94 1.30   8 0.534   34.26  97.67  17.94
  16 161009 0036 44.80 72.8653N 124.9706E  18.75 1.20   7 0.586   34.69  96.55  18.75
  17 161012 0800 22.05 72.7407N 126.0290E  18.72 0.80   7 0.402   -0.98  82.65  18.72
  18 161015 1013 36.42 72.0407N 126.9833E  11.78 0.70   7 0.128  -33.89   4.54  11.78
  19 161021 0507 33.30 72.5734N 124.7866E  10.04 0.80   6 0.159   41.22  63.98  10.04
  20 161124 2250 45.94 72.7643N 124.8846E  16.36 3.10   4 0.299   37.70  85.28  16.36
  21 161125 0156 34.08 72.7420N 124.9291E  13.60 0.60   7 0.409   36.21  82.79  13.60
  22 161125 0517 25.85 72.7669N 124.9538E  13.09 1.60   6 0.196   35.35  85.57  13.09
  23 161125 0525 15.90 72.7714N 124.9638E  10.87 0.80   6 0.321   35.01  86.07  10.87
  24 161125 0556  1.88 72.7409N 124.9707E   5.84 0.20   6 0.395   34.81  82.67   5.84
  25 170117 0846 48.70 72.2081N 127.3318E  22.50 0.30   6 0.076  -45.70  23.22  22.50
  26 170122 1614 27.58 71.9624N 128.0269E  10.52 0.90   6 0.050  -70.00  -4.20  10.52
  27 170125 2244  0.20 72.4395N 126.0122E  13.16 0.80   6 0.166   -0.42  49.04  13.16
  28 170302 1359 59.08 72.6828N 124.8875E  11.06 0.50   7 0.481   37.68  76.19  11.06
  29 170302 2335 20.18 71.8881N 130.3034E  15.04 2.10   9 0.493 -148.93 -12.48  15.04
  30 170304 2135  2.92 72.6865N 124.9374E  13.18 1.30   7 0.590   35.99  76.60  13.18
  31 170307 0447 20.96 72.6948N 124.9328E  14.10 1.70  10 0.599   36.14  77.53  14.10
  32 170307 2016 50.79 72.6892N 124.9129E  15.17 1.10   6 0.163   36.81  76.90  15.17
  33 170309 1454  0.82 72.6817N 124.8996E  15.70 0.30   6 0.262   37.27  76.06  15.70
  34 170311 0430 55.47 72.3119N 126.4852E  24.53 0.30   6 0.054  -16.60  34.81  24.53
  35 170312 0416 39.35 71.9260N 128.0462E   4.23 2.10   6 0.223  -70.74  -8.26   4.23
  36 170313 0553 59.11 72.6973N 124.9216E  15.16 1.00   9 0.467   36.51  77.81  15.16
  37 170313 0809  5.61 72.4478N 125.0827E  14.27 1.20   7 0.095   31.27  49.97  14.27
  38 170315 0234 46.47 72.6563N 123.8456E  17.10 1.40   7 0.363   73.02  73.24  17.10
  39 170317 1007 14.01 72.2317N 125.9763E   4.01 0.50   7 0.100    0.81  25.85   4.01
  40 170320 0711 14.59 72.1227N 127.2134E  16.39 0.90   6 0.144  -41.73  13.69  16.39
  41 170320 0853 56.38 72.7042N 124.9734E   5.22 0.40   6 0.124   34.75  78.58   5.22
  42 170320 1900 34.35 72.4130N 126.1091E  17.81 0.60   7 0.077   -3.72  46.09  17.81
  43 170323 0519 24.66 71.6496N 129.1447E   4.98 1.20   6 0.256 -109.52 -39.10   4.98
  44 170323 1612 49.66 72.4506N 125.1122E   8.16 0.50   6 0.085   30.26  50.28   8.16
  45 170323 1906 41.22 72.4112N 130.2589E  19.23 1.00   6 0.429 -145.32  45.89  19.23
  46 170326 0836 34.11 71.9896N 127.6629E  16.23 1.50   7 0.073  -57.39  -1.16  16.23
  47 170402 0422  1.09 72.7199N 125.6768E  21.78 1.20  10 0.568   10.94  80.33  21.78
  48 170402 0636 37.28 72.7310N 125.6777E  23.71 0.70   6 0.138   10.90  81.57  23.71
  49 170404 2347 35.75 72.7573N 124.3938E  22.03 0.50   6 0.195   54.29  84.50  22.03
  50 170405 0307 36.08 71.6804N 128.9422E  15.13 1.00  10 0.416 -102.38 -35.66  15.13
  51 170405 1410 53.09 71.5160N 128.8837E   7.89 1.70  10 0.656 -100.79 -54.00   7.89
  52 170406 0838 43.13 72.3930N 129.3959E  15.63 0.90  10 0.436 -115.93  43.86  15.63
  53 170406 1728  1.10 72.7222N 125.6766E  21.23 0.90  10 0.542   10.94  80.59  21.23
  54 170407 1729  2.20 74.8915N 128.6312E  15.72 1.80   2 0.355  -83.71 322.64  15.72
  55 170407 1729  2.61 74.7266N 128.8027E   0.52 1.60   5 0.226  -89.60 304.24   0.52
  56 170408 1004 44.89 72.6029N 124.9421E  14.57 1.40  13 0.549   35.91  67.28  14.57
  57 170409 0856 47.08 73.3888N 128.5487E  15.61 2.50   6 0.492  -84.66 154.96  15.61
  58 170409 0902 45.59 73.3576N 128.4256E  15.64 1.10   7 0.698  -80.64 151.48  15.64
  59 170410 1520  8.59 72.0009N 128.3677E   3.59 1.00  10 0.549  -81.69   0.10   3.59
  60 170410 1813  3.50 70.9411N 129.1133E   3.10 2.20  13 1.071 -110.47-118.15   3.10
  61 170412 1507  0.52 71.5060N 129.7488E   1.93 0.70   6 0.486 -131.06 -55.13   1.93
  62 170413 0651 20.08 73.3688N 125.3905E  16.08 1.00  10 0.804   20.26 152.74  16.08
  63 170414 0459 18.84 72.2649N 127.3707E  20.59 0.50   7 0.137  -46.96  29.55  20.59
  64 170414 0540  4.61 73.6652N 130.9043E   8.02 1.80  11 0.655 -161.64 185.81   8.02
  65 170414 1656 23.46 72.1811N 127.3878E  15.68 0.20   6 0.068  -47.65  20.21  15.68
  66 170414 1753 32.85 72.3931N 130.4760E  18.87 0.70   6 0.329 -152.81  43.87  18.87
  67 170416 0523 41.95 71.9513N 127.0698E  18.54 1.60  13 0.214  -36.96  -5.43  18.54
  68 170416 1220 14.11 72.9540N 124.4745E  21.08 1.00  11 0.361   51.28 106.45  21.08
 WARNING: Event-# :          69 has zero observations!
  69 170416 1257 48.30 68.8710N 131.7500E  73.50 2.20   0 0.000 -214.97-349.14  73.50
  70 170416 1821  5.46 72.8698N 124.9913E  19.49 1.30  13 0.581   33.99  97.05  19.49
  71 170418 0606  4.27 72.5107N 125.8165E   2.36 0.20   6 0.638    6.25  56.99   2.36
  72 170418 1005 55.92 69.3317N 122.4116E  96.97 2.20   1 1.054  132.64-297.73  96.97
  73 170418 1500 12.93 72.7332N 124.5026E  22.95 1.30  12 0.400   50.65  81.81  22.95
  74 170420 1302 36.18 72.6328N 129.0251E  22.76 0.90  11 0.341 -102.60  70.61  22.76
  75 170420 2248 46.66 72.0314N 129.1588E   1.44 0.70  11 0.976 -108.90   3.51   1.44
 WARNING: Event-# :          76 has zero observations!
  76 170423 0850 54.60 74.7080N 132.7900E   0.10 1.90   0 0.000 -217.19 302.17   0.10
  77 170423 1455 44.08 72.8413N 124.4848E  16.81 0.60   8 0.284   51.10  93.87  16.81
  78 170423 2313 41.82 72.5918N 124.8645E  21.74 1.30  12 0.350   38.55  66.03  21.74
  79 170424 0609 58.77 71.9578N 127.9983E   1.66 1.10  12 0.417  -69.03  -4.71   1.66
  80 170424 0755 26.87 71.9443N 128.0141E   1.95 1.00  12 0.366  -69.60  -6.21   1.95
  81 170424 0755 26.99 71.9564N 128.0057E   0.07 1.00  12 0.371  -69.28  -4.86   0.07
  82 170425 0652 23.42 71.9575N 128.0068E   1.27 1.20   9 0.352  -69.32  -4.75   1.27
  83 170426 0051 23.22 71.9447N 128.0419E   6.80 0.70   6 0.075  -70.56  -6.17   6.80
  84 170426 1425 21.27 72.0724N 127.2442E  20.98 0.10   6 0.047  -42.84   8.08  20.98
  85 170426 1834 24.50 71.5882N 130.7960E  10.34 1.20   8 0.676 -167.30 -45.95  10.34
  86 170426 1840 44.11 72.2669N 126.3513E  18.11 1.30   8 0.113  -12.03  29.78  18.11
  87 170427 0912 28.90 72.0589N 127.7776E   4.24 0.90   8 0.106  -61.24   6.57   4.24
  88 170427 1041 38.08 71.7468N 128.9687E   8.24 0.70   7 0.377 -103.12 -28.25   8.24
  89 170427 2010 47.83 72.8047N 130.2161E  21.93 1.30   8 0.461 -142.33  89.79  21.93
  90 170427 2010 48.31 72.7946N 130.1499E  21.66 1.30   8 0.413 -140.13  88.67  21.66
  91 170427 2342 34.02 72.7642N 124.9950E  19.95 0.80   6 0.450   33.96  85.27  19.95

 ~~~ output final station residuals ...
 TURBO-option is set; residuals are NOT printed for each event!



   station statistics, remember nsp was set to: 1


 sta phase nobs avres  avwres    std    wsum    delay

 624    P  74  0.2386  0.2386  0.3825  74.0000  0.0000
 628    P  69  0.0879  0.0879  0.4101  69.0000 -0.1253
 630    P  53  0.3229  0.3229  0.3734  53.0000 -0.0741
 627    P  46  0.3160  0.3160  0.4532  46.0000  0.0370
 621    P  59  0.4879  0.4879  0.6075  59.0000  0.0496
 629    P  43  0.3480  0.3480  0.4763  43.0000  0.0794
 622    P  58  0.3062  0.3062  0.5290  58.0000  0.0411
 620    P  48  0.2300  0.2300  0.5913  48.0000  0.0100
 623    P  55  0.3542  0.3542  0.4390  55.0000  0.1211
 626    P  52  0.4288  0.4288  0.5885  52.0000  0.0762
 625    P  49  0.3332  0.3332  0.5183  49.0000  0.0707
 631    P  49  0.8900  0.8900  0.8576  49.0000  0.1379
 632    P  24  0.6109  0.6109  0.7774  24.0000 -0.0388


 ~~~ output statistics ...




 RAY-STATISTICS FOR  L A S T  ITERATION
 --------------------------------------

 NHYP : nr of hypocenters in this layer
 NREF : nr of headwaves in this layer
 %len : % of "refracted km" in this layer 
        with respect to all refracted kilometers
 NHIT : nr of rays passed thru this layer
 xy-km: average horizontal ray length [km] in layer
 z-km : average  vertical  ray length [km] in layer
 RFLX : number of reflections at bottom of this layer

 nlay   top ..... bottom     velocity   NHYP NREF %len  NHIT xy-km  z-km  RFLX

   1    -5.00... -1.91 km    4.53 km/s    0    0   0.0     0   0.0   0.0     0
   2    -1.91...  3.82 km    5.64 km/s   11    0   0.0  1434   8.9   3.7     0
   3     3.82...  6.64 km    5.92 km/s    7   33   7.5   718   8.6   2.6     0
   4     6.64... 13.85 km    6.01 km/s   19   28   7.0   702  14.1   6.2     0
   5    13.85... 18.64 km    6.32 km/s   28   12   2.0   699   9.9   4.0     0
   6    18.64... 26.23 km    6.68 km/s   24   88  21.3   567  20.2   5.1     0
   7    26.23... 28.26 km    6.99 km/s    0    0   0.0   355   4.3   2.0     0
   8    28.26... 34.75 km    7.31 km/s    0   35   7.9   320  18.0   5.8     0
   9    34.75... 36.41 km    7.80 km/s    0    0   0.0   285   7.4   1.7     0
  10    36.41...       km    8.00 km/s    2  142  54.2     0   0.0   0.0

 Total nr of events was   91

 Total nr of refracted rays =   338
 Total nr of reflected rays =     0
 Total nr of   other   rays =   341
                              ------
 Total nr of    all    rays =   679

 Average (absolute) error of the raytracers:
  Straight and direct rays : 6377.68 meters
  Refracted           rays :    0.01 meters
  Reflected           rays :    0.00 meters


 ALL RAYS TOGETHER:
 Average horizontal ray length =   89.9 km   (Hypocenter --> Station) 
 Average  vertical  ray length =   19.9 km   (Deepest ray-point --> Station)



 ... and some more STATISTICS 
 ---------------------------- 
  GAP of final epicenters:

  Event# -> GAP  Event# -> GAP  Event# -> GAP  Event# -> GAP  Event# -> GAP
       1 -> 296       2 -> 294       3 -> 271       4 -> 274       5 -> 307
       6 ->  98       7 -> 320       8 -> 305       9 -> 168      10 -> 346
      11 -> 347      12 -> 259      13 -> 264      14 -> 263      15 -> 263
      16 -> 264      17 -> 253      18 -> 243      19 -> 160      20 -> 302
      21 -> 232      22 -> 239      23 -> 240      24 -> 231      25 -> 129
      26 -> 102      27 -> 154      28 -> 211      29 -> 305      30 -> 213
      31 -> 215      32 -> 214      33 -> 211      34 -> 132      35 -> 238
      36 -> 216      37 -> 132      38 -> 311      39 -> 117      40 -> 209
      41 -> 218      42 -> 121      43 -> 227      44 -> 133      45 -> 308
      46 -> 125      47 -> 224      48 -> 226      49 -> 287      50 -> 195
      51 -> 290      52 -> 271      53 -> 224      54 -> 354      55 -> 347
      56 -> 180      57 -> 310      58 -> 318      59 -> 162      60 -> 310
      61 -> 301      62 -> 306      63 -> 149      64 -> 322      65 -> 129
      66 -> 293      67 ->  86      68 -> 295      69 -> 171      70 -> 262
      71 -> 175      72 ->   0      73 -> 260      74 -> 299      75 -> 241
      76 ->  59      77 -> 284      78 -> 173      79 -> 163      80 -> 169
      81 -> 164      82 -> 164      83 -> 234      84 -> 117      85 -> 315
      86 ->  94      87 -> 114      88 -> 269      89 -> 318      90 -> 317
      91 -> 295

 GAPs were between   0 and 354
      (average GAP was 228)



  MAGNITUDES of INPUT-DATA:

 Magnitude (# of events)   ***average number of obs***

 MAG<= 1.0 ( 47) *******
 MAG = 1.1 (  4) ********
 MAG = 1.2 (  7) ********
 MAG = 1.3 (  8) *********1
 MAG = 1.4 (  3) *********
 MAG = 1.5 (  3) ********
 MAG = 1.6 (  3) ********
 MAG = 1.7 (  2) *********1
 MAG = 1.8 (  2) *******
 MAG = 1.9 (  1)  
 MAG = 2.0 (  0)  
 MAG = 2.1 (  2) ********
 MAG = 2.2 (  3) *****
 MAG = 2.3 (  1) **
 MAG = 2.4 (  0)  
 MAG = 2.5 (  1) ******
 MAG = 2.6 (  1) **
 MAG = 2.7 (  0)  
 MAG = 2.8 (  0)  
 MAG = 2.9 (  1) ******
 MAG = 3.0 (  0)  
 MAG = 3.1 (  1) ****
 MAG = 3.2 (  0)  
 MAG = 3.3 (  0)  
 MAG = 3.4 (  0)  
 MAG = 3.5 (  0)  
 MAG = 3.6 (  0)  
 MAG = 3.7 (  0)  
 MAG = 3.8 (  0)  
 MAG = 3.9 (  0)  
 MAG = 4.0 (  1) *********1**
 MAG = 4.1 (  0)  
 MAG = 4.2 (  0)  
 MAG = 4.3 (  0)  
 MAG = 4.4 (  0)  
 MAG = 4.5 (  0)  
 MAG = 4.6 (  0)  
 MAG = 4.7 (  0)  
 MAG = 4.8 (  0)  
 MAG = 4.9 (  0)  
 MAG = 5.0 (  0)  
 MAG = 5.1 (  0)  
 MAG = 5.2 (  0)  
 MAG = 5.3 (  0)  
 MAG = 5.4 (  0)  
 MAG = 5.5 (  0)  
 MAG = 5.6 (  0)  
 MAG = 5.7 (  0)  
 MAG = 5.8 (  0)  
 MAG = 5.9 (  0)  
 MAG>= 6.0 (  0)  





  DEPTHs of INPUT-DATA and of LAST ITERATION:
  ===========================================

       Depth       # of events  

 DEPTH ( input ) =  -4. km :   
 DEPTH (last_IT) =  -4. km :   
 DEPTH ( input ) =  -3. km :   
 DEPTH (last_IT) =  -3. km :   
 DEPTH ( input ) =  -2. km :   
 DEPTH (last_IT) =  -2. km :   
 DEPTH ( input ) =  -1. km :   
 DEPTH (last_IT) =  -1. km :   
 DEPTH ( input ) =   0. km :  ........
 DEPTH (last_IT) =   0. km :  **
 DEPTH ( input ) =   1. km :  .
 DEPTH (last_IT) =   1. km :  ***
 DEPTH ( input ) =   2. km :   
 DEPTH (last_IT) =   2. km :  ****
 DEPTH ( input ) =   3. km :  ...
 DEPTH (last_IT) =   3. km :  *
 DEPTH ( input ) =   4. km :  ..
 DEPTH (last_IT) =   4. km :  ****
 DEPTH ( input ) =   5. km :  ..
 DEPTH (last_IT) =   5. km :  **
 DEPTH ( input ) =   6. km :  ..
 DEPTH (last_IT) =   6. km :  **
 DEPTH ( input ) =   7. km :  .
 DEPTH (last_IT) =   7. km :  *
 DEPTH ( input ) =   8. km :  ...
 DEPTH (last_IT) =   8. km :  ****
 DEPTH ( input ) =   9. km :  ..
 DEPTH (last_IT) =   9. km :  *
 DEPTH ( input ) =  10. km :  ..
 DEPTH (last_IT) =  10. km :  ***
 DEPTH ( input ) =  11. km :  ...
 DEPTH (last_IT) =  11. km :  ***
 DEPTH ( input ) =  12. km :  ....
 DEPTH (last_IT) =  12. km :  ***
 DEPTH ( input ) =  13. km :  ..
 DEPTH (last_IT) =  13. km :  ***
 DEPTH ( input ) =  14. km :  ...
 DEPTH (last_IT) =  14. km :  ****
 DEPTH ( input ) =  15. km :  ........
 DEPTH (last_IT) =  15. km :  *****
 DEPTH ( input ) =  16. km :  .........1.
 DEPTH (last_IT) =  16. km :  *********1**
 DEPTH ( input ) =  17. km :  .....
 DEPTH (last_IT) =  17. km :  ****
 DEPTH ( input ) =  18. km :  ....
 DEPTH (last_IT) =  18. km :  ***
 DEPTH ( input ) =  19. km :  .....
 DEPTH (last_IT) =  19. km :  ******
 DEPTH ( input ) =  20. km :  .....
 DEPTH (last_IT) =  20. km :  **
 DEPTH ( input ) =  21. km :  ..
 DEPTH (last_IT) =  21. km :  ****
 DEPTH ( input ) =  22. km :  ....
 DEPTH (last_IT) =  22. km :  *****
 DEPTH ( input ) =  23. km :  ....
 DEPTH (last_IT) =  23. km :  *****
 DEPTH ( input ) =  24. km :  ..
 DEPTH (last_IT) =  24. km :  **
 DEPTH ( input ) =  25. km :  .
 DEPTH (last_IT) =  25. km :  *
 DEPTH ( input ) =  26. km :   
 DEPTH (last_IT) =  26. km :   
 DEPTH ( input ) =  27. km :   
 DEPTH (last_IT) =  27. km :   
 DEPTH ( input ) =  28. km :   
 DEPTH (last_IT) =  28. km :   
 DEPTH ( input ) =  29. km :   
 DEPTH (last_IT) =  29. km :   
 DEPTH ( input ) =  30. km :   
 DEPTH (last_IT) =  30. km :   
 DEPTH ( input ) =  31. km :   
 DEPTH (last_IT) =  31. km :   
 DEPTH ( input ) =  32. km :   
 DEPTH (last_IT) =  32. km :   
 DEPTH ( input ) =  33. km :   
 DEPTH (last_IT) =  33. km :   
 DEPTH ( input ) =  34. km :   
 DEPTH (last_IT) =  34. km :   
 DEPTH ( input ) =  35. km :   
 DEPTH (last_IT) =  35. km :   
 DEPTH ( input ) =  36. km :   
 DEPTH (last_IT) =  36. km :   
 DEPTH ( input ) =  37. km :   
 DEPTH (last_IT) =  37. km :   
 DEPTH ( input ) =  38. km :   
 DEPTH (last_IT) =  38. km :   
 DEPTH ( input ) =  39. km :   
 DEPTH (last_IT) =  39. km :   
 DEPTH ( input ) =  40. km :   
 DEPTH (last_IT) =  40. km :   
 DEPTH ( input ) =  41. km :   
 DEPTH (last_IT) =  41. km :   
 DEPTH ( input ) =  42. km :   
 DEPTH (last_IT) =  42. km :   
 DEPTH ( input ) =  43. km :   
 DEPTH (last_IT) =  43. km :   
 DEPTH ( input ) =  44. km :   
 DEPTH (last_IT) =  44. km :   
 DEPTH ( input ) =  45. km :   
 DEPTH (last_IT) =  45. km :   
 DEPTH ( input ) =  46. km :   
 DEPTH (last_IT) =  46. km :   
 DEPTH ( input ) =  47. km :   
 DEPTH (last_IT) =  47. km :   
 DEPTH ( input ) =  48. km :   
 DEPTH (last_IT) =  48. km :   
 DEPTH ( input ) =  49. km :   
 DEPTH (last_IT) =  49. km :   
 DEPTH ( input ) =  50. km :   
 DEPTH (last_IT) =  50. km :   
 DEPTH ( input ) =  51. km :   
 DEPTH (last_IT) =  51. km :   
 DEPTH ( input ) =  52. km :   
 DEPTH (last_IT) =  52. km :   
 DEPTH ( input ) =  53. km :   
 DEPTH (last_IT) =  53. km :   
 DEPTH ( input ) =  54. km :   
 DEPTH (last_IT) =  54. km :   
 DEPTH ( input ) =  55. km :   
 DEPTH (last_IT) =  55. km :   
 DEPTH ( input ) =  56. km :   
 DEPTH (last_IT) =  56. km :   
 DEPTH ( input ) =  57. km :   
 DEPTH (last_IT) =  57. km :   
 DEPTH ( input ) =  58. km :   
 DEPTH (last_IT) =  58. km :   
 DEPTH ( input ) =  59. km :   
 DEPTH (last_IT) =  59. km :   
 DEPTH ( input ) =  60. km :   
 DEPTH (last_IT) =  60. km :   
 DEPTH ( input ) =  61. km :   
 DEPTH (last_IT) =  61. km :   
 DEPTH ( input ) =  62. km :   
 DEPTH (last_IT) =  62. km :   
 DEPTH ( input ) =  63. km :   
 DEPTH (last_IT) =  63. km :   
 DEPTH ( input ) =  64. km :   
 DEPTH (last_IT) =  64. km :   
 DEPTH ( input ) =  65. km :   
 DEPTH (last_IT) =  65. km :   
 DEPTH ( input ) =  66. km :   
 DEPTH (last_IT) =  66. km :   
 DEPTH ( input ) =  67. km :   
 DEPTH (last_IT) =  67. km :   
 DEPTH ( input ) =  68. km :   
 DEPTH (last_IT) =  68. km :   
 DEPTH ( input ) =  69. km :   
 DEPTH (last_IT) =  69. km :   
 DEPTH ( input ) =  70. km :   
 DEPTH (last_IT) =  70. km :   
 DEPTH ( input ) =  71. km :   
 DEPTH (last_IT) =  71. km :   
 DEPTH ( input ) =  72. km :   
 DEPTH (last_IT) =  72. km :   
 DEPTH ( input ) =  73. km :   
 DEPTH (last_IT) =  73. km :   
 DEPTH ( input ) =  74. km :  .
 DEPTH (last_IT) =  74. km :  *
 DEPTH ( input ) =  75. km :   
 DEPTH (last_IT) =  75. km :   
 DEPTH ( input ) =  76. km :   
 DEPTH (last_IT) =  76. km :   
 DEPTH ( input ) =  77. km :   
 DEPTH (last_IT) =  77. km :   
 DEPTH ( input ) =  78. km :   
 DEPTH (last_IT) =  78. km :   
 DEPTH ( input ) =  79. km :   
 DEPTH (last_IT) =  79. km :   
 DEPTH ( input ) =  80. km :   
 DEPTH (last_IT) =  80. km :   
 DEPTH ( input ) =  81. km :   
 DEPTH (last_IT) =  81. km :   
 DEPTH ( input ) =  82. km :   
 DEPTH (last_IT) =  82. km :   
 DEPTH ( input ) =  83. km :   
 DEPTH (last_IT) =  83. km :   
 DEPTH ( input ) =  84. km :   
 DEPTH (last_IT) =  84. km :   
 DEPTH ( input ) =  85. km :   
 DEPTH (last_IT) =  85. km :   
 DEPTH ( input ) =  86. km :   
 DEPTH (last_IT) =  86. km :   
 DEPTH ( input ) =  87. km :   
 DEPTH (last_IT) =  87. km :   
 DEPTH ( input ) =  88. km :   
 DEPTH (last_IT) =  88. km :   
 DEPTH ( input ) =  89. km :   
 DEPTH (last_IT) =  89. km :   
 DEPTH ( input ) =  90. km :   
 DEPTH (last_IT) =  90. km :   
 DEPTH ( input ) =  91. km :   
 DEPTH (last_IT) =  91. km :   
 DEPTH ( input ) =  92. km :   
 DEPTH (last_IT) =  92. km :   
 DEPTH ( input ) =  93. km :   
 DEPTH (last_IT) =  93. km :   
 DEPTH ( input ) =  94. km :   
 DEPTH (last_IT) =  94. km :   
 DEPTH ( input ) =  95. km :   
 DEPTH (last_IT) =  95. km :   
 DEPTH ( input ) =  96. km :   
 DEPTH (last_IT) =  96. km :   
 DEPTH ( input ) =  97. km :  .
 DEPTH (last_IT) =  97. km :  *
 DEPTH ( input ) =  98. km :   
 DEPTH (last_IT) =  98. km :   
 DEPTH ( input ) =  99. km :   
 DEPTH (last_IT) =  99. km :   
 DEPTH ( input ) = 100. km :   
 DEPTH (last_IT) = 100. km :   
 DEPTH ( input ) > 100. km :   
 DEPTH (last_IT) > 100. km :   


 Residuals of the stations according to the azimuth:
 (RES  = total average residual at station)
 (RES1 = average residual of rays from 1st quadrant)
 (RES2 = average residual of rays from 2nd quadrant)
 (RES3 = average residual of rays from 3rd quadrant)
 (RES4 = average residual of rays from 4th quadrant)

 Stn#  Stn     RES          RES1         RES2         RES3         RES4
   1   624     0.24(  74)   0.14(  33)   0.05(   5)   0.29(  29)   0.64(   7)
   2   628     0.09(  69)  -0.06(  32)  -0.02(   5)   0.10(  25)   0.78(   7)
   3   630     0.32(  53)   0.49(  24)   0.23(  11)  -0.10(  10)   0.48(   8)
   4   627     0.32(  46)   0.36(  12)   0.00(   0)   0.12(  22)   0.63(  12)
   5   621     0.49(  59)   0.28(   7)   0.00(   0)   0.73(  18)   0.40(  34)
   6   629     0.35(  43)   0.54(  15)   0.00(   0)  -0.03(   8)   0.35(  20)
   7   622     0.31(  58)   0.05(  27)   0.00(   0)   0.51(  20)   0.57(  11)
   8   620     0.23(  48)   0.00(   1)   0.00(   0)   0.56(  18)   0.04(  29)
   9   623     0.35(  55)   0.17(  30)   0.00(   0)   0.63(  17)   0.45(   8)
  10   626     0.43(  52)   0.36(  24)   0.00(   0)   0.20(   5)   0.55(  23)
  11   625     0.33(  49)   0.28(  14)   0.00(   0)   0.25(  23)   0.57(  12)
  12   631     0.89(  49)   1.16(  18)   1.03(   1)   1.38(   4)   0.62(  26)
  13   632     0.61(  24)   0.97(  12)   1.25(   2)   0.05(   3)   0.05(   7)



 CPU - statistics:

 TOTAL CPU-sec          =    0.3     (CPU-minutes:  0.005)

 >>>   End of program VELEST at 25-06-02 12:54       <<< [ CPU-sec :     0.3]
