 >>> Start of program VELEST at 25-06-02 12:54       <<<                        

 ::::::::::::::::::::::::::::::::::::::                                         
  V E L E S T  - Version : January 3, 1995                                      
  (Authors: see source code)                                                    
 ::::::::::::::::::::::::::::::::::::::                                         


 Title of this VELEST run:

 model_2
 -------


 Current array-dimensions of program VELEST:

 Max. number of EARTHQUAKES for simult. inversion IEQ = ***
 Max. number of SHOTS for simult. inversion    INSHOT =  50
 Max. number of (different) 1D-MODELS      ITOTMODELS =   2
 Max. number of LAYERS per one 1D-model        INLTOT = 100
 Max. number of STATIONS in stationlist           IST = 650
 Max. number of OBSERVATIONS per event MAXOBSPEREVENT = 180






    INPUT - P A R A M E T E R S :



***
***  olat       olon   icoordsystem      zshift   itrial ztrial    ised
  72.000000-126.000000      0            0.000       0     0.00      0
***
*** neqs   nshot    rotate
     91      0      0.0
***
*** isingle   iresolcalc
       0          0
***
*** dmax    itopo    zmin     veladj    zadj   lowveloclay
   300.00     0      0.01       0.20    5.00       0
***
*** nsp    swtfac   vpvs       nmod
     1      1.00    1.730        1
***
***   othet   xythet    zthet    vthet   stathet
       0.01     0.01     0.01     1.00     0.01
***
*** nsinv   nshcor   nshfix     iuseelev    iusestacorr
       1       0       0           1            1
***
*** iturbo    icnvout   istaout   ismpout
       1         1         1         0
***
*** irayout   idrvout   ialeout   idspout   irflout   irfrout   iresout
       0         0         0         0         0         0         0
***
*** delmin   ittmax   invertratio
    0.010       3          1
***
*** Modelfile:
tmp/model_2/synthvel/model_651.mod
***
*** Stationfile:
./velinp/station.sta
***
*** Seismofile:
 
***
*** File with region names:
 
***
*** File with region coordinates:
 
***
*** File #1 with topo data:
 
***
*** File #2 with topo data:
 
***
*** DATA INPUT files:
***
*** File with Earthquake data:
./velinp/data.cnv
***
*** File with Shot data:
 
***
*** OUTPUT files:
***
*** Main print output file:
./velout/model_2/velest651.out
***
*** File with single event locations:
velout.vel
***
*** File with final hypocenters in *.cnv format:
./velout/model_2/final_loc651.cnv
***
*** File with new station corrections:
./velout/model_2/stations_corr651.sta
***
*** File with summary cards (e.g. for plotting):
velout.smp
***
*** File with raypoints:
velout.ray
***
*** File with derivatives:
velout.drv
***
*** File with ALEs:
velout.ale
***
*** File with Dirichlet spreads:
velout.dspr
***
*** File with reflection points:
velout.rfl
***
*** File with refraction points:
velout.rfr
***
*** File with residuals:
velout.res
***




 Origin of cartesian coordinates:
        72.00000N   126.00000E

  X,Y-AXES rotated clockwise from North
           Rotation angle (rotate):
            rotate=    0.0 degr.

 icoordsystem =            0
 normal SHORT DISTANCE CONVERSION will be made
 x is positive towards west, y is positive towards north


 SHORT DISTANCE CONVERSION on ELLIPSOIDE of WORLD GEODETIC SYSTEM 1972 (WGS72)
 =============================================================================

 Radius at equator (REARTH)= 6378.13500  km
   1. / (ellipticity)      =    298.260

 Origin of cartesian coordinates [degrees]:
   72.0000000 N     -126.0000000 W

  Rotation angle (in degr.) clockwise from
North  rotate=    0.0

 Radius of sphere at OLAT =   6358.817 km

 Conversion of GEOGRAPHICAL LATITUDE to GEOCENTRICAL LATITUDE:
 RLATC = TAN(GEOCENTR.LAT) / TAN(GEOGRAPH.LAT)
 RLATC =   0.99333486

          Short distance conversions:
          one min lat ~  1.8597 km 
          one min lon ~  0.5751 km 







    INPUT - M O D E L :



 Model(s) read from file :
 tmp/model_2/synthvel/model_651.mod                                              

 model file title: 
Model: model_651.mod                    
 Velocity structure for model   1 :

 layer    vel   depth   vdamp  reflector
   1      4.89  -5.00    1.00         P-VELOCITY MODEL                  
   2      5.42  -2.87    1.00  
 WARNING:
 Only top of the first layer can be negative !!
   3      5.46   9.30    1.00  
   4      5.82   9.63    1.00  
   5      6.01  16.56    1.00  
   6      6.57  17.83    1.00  
   7      7.05  29.06    1.00  
   8      7.13  29.09    1.00  
   9      7.46  33.40    1.00  
  10      7.49  43.95    1.00  

 Calculation of average velocity starts at layer #            1
 z = -5.00 ... -2.87    v = 4.89    AVEL = 4.89 downto z =  -2.87
 z = -2.87 ...  9.30    v = 5.42    AVEL = 5.34 downto z =   9.30
 z =  9.30 ...  9.63    v = 5.46    AVEL = 5.34 downto z =   9.63
 z =  9.63 ... 16.56    v = 5.82    AVEL = 5.50 downto z =  16.56
 z = 16.56 ... 17.83    v = 6.01    AVEL = 5.53 downto z =  17.83
 z = 17.83 ... 29.06    v = 6.57    AVEL = 5.87 downto z =  29.06
 z = 29.06 ... 29.09    v = 7.05    AVEL = 5.87 downto z =  29.09
 z = 29.09 ... 33.40    v = 7.13    AVEL = 6.01 downto z =  33.40
 z = 33.40 ... 43.95    v = 7.46    AVEL = 6.32 downto z =  43.95


 Calculation of average velocity starts at layer #            2
 z = -2.87 ...  9.30    v = 5.42    AVEL = 5.42 downto z =   9.30
 z =  9.30 ...  9.63    v = 5.46    AVEL = 5.42 downto z =   9.63
 z =  9.63 ... 16.56    v = 5.82    AVEL = 5.56 downto z =  16.56
 z = 16.56 ... 17.83    v = 6.01    AVEL = 5.59 downto z =  17.83
 z = 17.83 ... 29.06    v = 6.57    AVEL = 5.94 downto z =  29.06
 z = 29.06 ... 29.09    v = 7.05    AVEL = 5.94 downto z =  29.09
 z = 29.09 ... 33.40    v = 7.13    AVEL = 6.08 downto z =  33.40
 z = 33.40 ... 43.95    v = 7.46    AVEL = 6.39 downto z =  43.95






    INPUT - S T A T I O N S :



 Station-parameters read from file :
 ./velinp/station.sta                                                            


     stn latitude longitude elev   x      y      z     ptcor stcor model icc
   1 624 72.4760N126.2750E     0  -9.37  53.11  -0.00   0.00  0.00   1  13
   2 628 72.4000N127.1470E     0 -39.15  44.63  -0.00   0.00  0.00   1  12
   3 630 72.0750N128.3250E     0 -80.06   8.37  -0.00   0.00  0.00   1  11
   4 627 72.1170N126.9820E     0 -33.78  13.06  -0.00   0.00  0.00   1  10
   5 621 72.1840N124.8890E     0  38.14  20.53  -0.00   0.00  0.00   1   9
   6 629 71.9290N127.3130E     0 -45.39  -7.92  -0.00   0.00  0.00   1   8
   7 622 72.4420N125.3130E     0  23.42  49.32  -0.00   0.00  0.00   1   7
   8 620 72.6540N124.3470E     0  56.03  72.98  -0.00   0.00  0.00   1   6
   9 623 72.3260N125.7600E     0   8.21  36.38  -0.00   0.00  0.00   1   5
  10 626 71.8880N126.0360E     0  -1.25 -12.50  -0.00   0.00  0.00   1   4
  11 625 72.1740N126.1070E     0  -3.67  19.42  -0.00   0.00  0.00   1   3
  12 631 71.3990N127.2470E     0 -43.72 -67.06  -0.00   0.00  0.00   1   2
  13 632 71.5740N129.0728E     0-107.23 -47.53  -0.00   0.00  0.00   1   1

 NO Seismo-parameter-file specified
 --> NO magnitudes calculated!




   neqs=   91  nshot=    0  nltot=   10

 ~~~ input parameters read.
 ~~~ set units for first iteration ...
 ~~~ determine number of unknowns ...

 Number of unknowns (for array-indexing):  nvar =  386
 Number of effective unknowns        :  nvareff =  374
 Number of elements on/below main diagonal of matrix G = At*A : kvar =   74691

 ~~~ reset G and RHT ...
 ~~~ input data, raytracing, setup G ...






    I N P U T - D A T A  

  eq    origin-time    latitude longitude depth    x      y      z    mag ifxOBS
   1 160818 1613  9.10 73.0030N 124.8500E  23.10  38.61 111.92  23.10 1.40 0   6
   2 160818 1613  9.30 72.9910N 124.8700E  22.80  37.95 110.58  22.80 1.10 0   6
   3 160819 0959 27.30 71.9230N 129.7600E  12.10-130.00  -8.59  12.10 4.00 0  12
   4 160820 1506 15.70 71.9380N 129.7900E  11.00-130.98  -6.92  11.00 1.50 0   9
   5 160820 1904 45.70 72.3480N 127.1800E  23.80 -40.33  38.83  23.80 1.20 0   6
   6 160822 1318 49.50 72.3650N 127.0800E  16.50 -36.90  40.73  16.50 0.60 0   8
   7 160823 0652 14.00 70.9330N 129.8100E   6.40-135.21-119.06   6.40 2.90 0   6
   8 160824 1510 30.40 71.6070N 130.0400E   8.60-140.86 -43.85   8.60 1.50 0   9
   9 160906 1514 39.70 72.5080N 125.6800E  12.10  10.89  56.68  12.10 0.90 0   6
 WARNING:
 epicentral distance: 303.3 > dmax ( 300.0) ==> skipping phase !
 WARNING:
 epicentral distance: 338.2 > dmax ( 300.0) ==> skipping phase !
  10 160920 1607 18.30 69.2370N 128.3500E  16.20 -87.07-308.31  16.20 2.60 0   2
 WARNING:
 epicentral distance: 318.5 > dmax ( 300.0) ==> skipping phase !
 WARNING:
 epicentral distance: 355.0 > dmax ( 300.0) ==> skipping phase !
  11 160925 1911  5.60 69.2250N 127.6800E  15.60 -62.26-309.64  15.60 2.30 0   2
  12 161004 0841 51.20 72.8480N 124.9600E  15.60  35.07  94.62  15.60 0.20 0   6
  13 161005 1619 46.90 72.8770N 125.0100E  19.00  33.35  97.86  19.00 1.00 0   9
  14 161006 0156 55.90 72.8740N 125.0100E  13.90  33.36  97.52  13.90 1.00 0   7
  15 161009 0036 44.70 72.8720N 124.9900E  17.20  34.03  97.30  17.20 1.30 0   8
  16 161009 0036 44.90 72.8580N 124.9600E  18.60  35.06  95.74  18.60 1.20 0   7
  17 161012 0800 22.10 72.7380N 126.0300E  18.50  -1.01  82.35  18.50 0.80 0   7
  18 161015 1013 36.50 72.0400N 126.9900E  11.20 -34.12   4.46  11.20 0.70 0   7
  19 161021 0507 33.30 72.5750N 124.7800E  10.10  41.44  64.16  10.10 0.80 0   6
  20 161124 2250 46.00 72.7630N 124.8800E  16.20  37.85  85.14  16.20 3.10 0   4
  21 161125 0156 34.10 72.7420N 124.9200E  14.50  36.52  82.80  14.50 0.60 0   7
  22 161125 0517 25.90 72.7650N 124.9400E  13.50  35.82  85.36  13.50 1.60 0   6
  23 161125 0525 15.90 72.7740N 124.9500E  11.60  35.48  86.37  11.60 0.80 0   6
  24 161125 0556  2.00 72.7350N 124.9700E   5.70  34.84  82.01   5.70 0.20 0   6
  25 170117 0846 48.60 72.2130N 127.3400E  22.00 -45.97  23.77  22.00 0.30 0   6
  26 170122 1614 27.60 71.9670N 128.0400E  10.30 -70.45  -3.68  10.30 0.90 0   6
  27 170125 2244  0.20 72.4440N 126.0200E  13.10  -0.68  49.54  13.10 0.80 0   6
  28 170302 1359 59.10 72.6830N 124.8900E  11.50  37.60  76.21  11.50 0.50 0   7
  29 170302 2335 20.20 71.8850N 130.3000E  14.80-148.82 -12.83  14.80 2.10 0   9
  30 170304 2135  2.90 72.6880N 124.9400E  13.40  35.90  76.77  13.40 1.30 0   7
  31 170307 0447 21.00 72.6940N 124.9200E  14.20  36.57  77.44  14.20 1.70 0  10
  32 170307 2016 50.80 72.6910N 124.9100E  15.30  36.91  77.10  15.30 1.10 0   6
  33 170309 1454  0.80 72.6830N 124.9000E  15.60  37.26  76.21  15.60 0.30 0   6
  34 170311 0430 55.40 72.3130N 126.5000E  24.50 -17.11  34.93  24.50 0.30 0   6
  35 170312 0416 39.20 71.9240N 128.0800E   3.40 -71.91  -8.48   3.40 2.10 0   6
  36 170313 0553 59.10 72.6980N 124.9200E  15.10  36.57  77.89  15.10 1.00 0   9
  37 170313 0809  5.60 72.4500N 125.0800E  14.90  31.36  50.21  14.90 1.20 0   7
  38 170315 0234 46.50 72.6540N 123.8400E  16.90  73.22  72.98  16.90 1.40 0   7
  39 170317 1007 14.10 72.2350N 125.9800E   3.90   0.69  26.22   3.90 0.50 0   7
  40 170320 0711 14.60 72.1250N 127.2200E  16.80 -41.95  13.95  16.80 0.90 0   6
  41 170320 0853 56.40 72.7090N 124.9700E   5.10  34.86  79.11   5.10 0.40 0   6
  42 170320 1900 34.30 72.4150N 126.1200E  18.00  -4.09  46.31  18.00 0.60 0   7
  43 170323 0519 24.60 71.6470N 129.1800E   5.20-110.76 -39.39   5.20 1.20 0   6
  44 170323 1612 49.70 72.4530N 125.1100E   8.30  30.33  50.55   8.30 0.50 0   6
  45 170323 1906 41.20 72.4070N 130.2500E  18.30-145.04  45.41  18.30 1.00 0   6
  46 170326 0836 34.10 71.9930N 127.6700E  16.10 -57.63  -0.78  16.10 1.50 0   7
  47 170402 0422  1.00 72.7220N 125.6900E  21.90  10.49  80.56  21.90 1.20 0  10
  48 170402 0636 37.20 72.7310N 125.6900E  23.50  10.49  81.57  23.50 0.70 0   6
  49 170404 2347 35.70 72.7580N 124.3800E  22.60  54.76  84.58  22.60 0.50 0   6
  50 170405 0307 36.10 71.6810N 128.9500E  15.30-102.66 -35.60  15.30 1.00 0  10
  51 170405 1410 53.20 71.5100N 128.9000E   9.30-101.37 -54.68   9.30 1.70 0  10
  52 170406 0838 43.20 72.3850N 129.3800E  15.50-115.42  42.96  15.50 0.90 0  10
  53 170406 1728  1.00 72.7230N 125.6900E  21.30  10.49  80.67  21.30 0.90 0  10
 WARNING:
 epicentral distance: 325.9 > dmax ( 300.0) ==> skipping phase !
 WARNING:
 epicentral distance: 332.9 > dmax ( 300.0) ==> skipping phase !
 WARNING:
 epicentral distance: 345.3 > dmax ( 300.0) ==> skipping phase !
 WARNING:
 epicentral distance: 391.9 > dmax ( 300.0) ==> skipping phase !
  54 170407 1729  3.40 74.8930N 128.6300E  15.60 -83.67 322.81  15.60 1.80 0   2
 WARNING:
 epicentral distance: 311.3 > dmax ( 300.0) ==> skipping phase !
 WARNING:
 epicentral distance: 315.4 > dmax ( 300.0) ==> skipping phase !
 WARNING:
 epicentral distance: 328.9 > dmax ( 300.0) ==> skipping phase !
 WARNING:
 epicentral distance: 374.2 > dmax ( 300.0) ==> skipping phase !
  55 170407 1729  3.50 74.7270N 128.8100E   0.40 -89.83 304.29   0.40 1.60 0   5
  56 170408 1004 44.90 72.6070N 124.9400E  15.00  35.98  67.73  15.00 1.40 0  13
  57 170409 0856 47.20 73.3850N 128.5500E  15.60 -84.71 154.54  15.60 2.50 0   6
  58 170409 0902 45.60 73.3500N 128.4400E  15.10 -81.13 150.64  15.10 1.10 0   7
  59 170410 1520  8.50 72.0030N 128.3900E   2.70 -82.46   0.33   2.70 1.00 0  10
  60 170410 1813  3.60 70.9360N 129.1200E   3.70-110.72-118.73   3.70 2.20 0  13
  61 170412 1507  0.60 71.5070N 129.7200E   0.00-130.05 -55.01   0.00 0.70 0   6
  62 170413 0651 20.10 73.3680N 125.4200E  15.60  19.28 152.65  15.60 1.00 0  10
  63 170414 0459 18.80 72.2680N 127.3800E  20.10 -47.27  29.90  20.10 0.50 0   7
  64 170414 0540  4.80 73.6400N 130.9700E   8.00-163.92 183.00   8.00 1.80 0  11
  65 170414 1656 23.40 72.1850N 127.4000E  15.50 -48.06  20.64  15.50 0.20 0   6
  66 170414 1753 32.80 72.3840N 130.4600E  17.90-152.30  42.85  17.90 0.70 0   6
  67 170416 0523 41.90 71.9560N 127.0800E  19.20 -37.31  -4.91  19.20 1.60 0  13
  68 170416 1220 14.20 72.9470N 124.4900E  20.40  50.77 105.67  20.40 1.00 0  11
 WARNING:
 epicentral distance: 320.3 > dmax ( 300.0) ==> skipping phase !
 WARNING:
 epicentral distance: 381.0 > dmax ( 300.0) ==> skipping phase !
 WARNING:
 epicentral distance: 398.8 > dmax ( 300.0) ==> skipping phase !
 WARNING:
 epicentral distance: 405.0 > dmax ( 300.0) ==> skipping phase !
 WARNING:
 epicentral distance: 424.8 > dmax ( 300.0) ==> skipping phase !
 WARNING:
 epicentral distance: 431.2 > dmax ( 300.0) ==> skipping phase !
 WARNING:
 epicentral distance: 445.5 > dmax ( 300.0) ==> skipping phase !
 WARNING:
 epicentral distance: 451.8 > dmax ( 300.0) ==> skipping phase !
 WARNING:
 epicentral distance: 464.3 > dmax ( 300.0) ==> skipping phase !
  69 170416 1257 48.30 68.8710N 131.7500E  73.50-214.97-349.14  73.50 2.20 0   0
  70 170416 1821  5.50 72.8670N 125.0000E  19.30  33.70  96.74  19.30 1.30 0  13
  71 170418 0606  4.10 72.5080N 125.8200E   1.30   6.13  56.68   1.30 0.20 0   6
 WARNING:
 epicentral distance: 315.2 > dmax ( 300.0) ==> skipping phase !
 WARNING:
 epicentral distance: 332.1 > dmax ( 300.0) ==> skipping phase !
 WARNING:
 epicentral distance: 345.3 > dmax ( 300.0) ==> skipping phase !
 WARNING:
 epicentral distance: 352.6 > dmax ( 300.0) ==> skipping phase !
 WARNING:
 epicentral distance: 346.7 > dmax ( 300.0) ==> skipping phase !
 WARNING:
 epicentral distance: 356.6 > dmax ( 300.0) ==> skipping phase !
 WARNING:
 epicentral distance: 363.9 > dmax ( 300.0) ==> skipping phase !
 WARNING:
 epicentral distance: 372.8 > dmax ( 300.0) ==> skipping phase !
 WARNING:
 epicentral distance: 378.6 > dmax ( 300.0) ==> skipping phase !
 WARNING:
 epicentral distance: 378.6 > dmax ( 300.0) ==> skipping phase !
  72 170418 1005 56.80 69.3310N 122.4100E  97.00 132.70-297.82  97.00 2.20 0   1
  73 170418 1500 12.90 72.7340N 124.5100E  23.10  50.40  81.90  23.10 1.30 0  12
  74 170420 1302 36.20 72.6290N 129.0200E  21.80-102.44  70.19  21.80 0.90 0  11
  75 170420 2248 46.70 72.0220N 129.1200E   0.00-107.59   2.46   0.00 0.70 0  11
 WARNING:
 epicentral distance: 313.1 > dmax ( 300.0) ==> skipping phase !
 WARNING:
 epicentral distance: 324.4 > dmax ( 300.0) ==> skipping phase !
 WARNING:
 epicentral distance: 324.2 > dmax ( 300.0) ==> skipping phase !
 WARNING:
 epicentral distance: 342.4 > dmax ( 300.0) ==> skipping phase !
 WARNING:
 epicentral distance: 349.0 > dmax ( 300.0) ==> skipping phase !
 WARNING:
 epicentral distance: 380.2 > dmax ( 300.0) ==> skipping phase !
 WARNING:
 epicentral distance: 381.6 > dmax ( 300.0) ==> skipping phase !
 WARNING:
 epicentral distance: 408.0 > dmax ( 300.0) ==> skipping phase !
  76 170423 0850 54.60 74.7080N 132.7900E   0.10-217.19 302.17   0.10 1.90 0   0
  77 170423 1455 44.10 72.8400N 124.4900E  16.80  50.92  93.73  16.80 0.60 0   8
  78 170423 2313 41.80 72.5960N 124.8700E  22.00  38.36  66.50  22.00 1.30 0  12
  79 170424 0609 58.60 71.9600N 128.0200E   0.10 -69.77  -4.46   0.10 1.10 0  12
  80 170424 0755 26.70 71.9480N 128.0300E   0.00 -70.14  -5.80   0.00 1.00 0  12
  81 170424 0755 26.90 71.9590N 128.0300E   0.00 -70.12  -4.57   0.00 1.00 0  12
  82 170425 0652 23.30 71.9600N 128.0300E   0.00 -70.12  -4.46   0.00 1.20 0   9
  83 170426 0051 23.20 71.9450N 128.0600E   6.60 -71.18  -6.14   6.60 0.70 0   6
  84 170426 1425 21.20 72.0790N 127.2600E  21.00 -43.38   8.82  21.00 0.10 0   6
  85 170426 1834 24.60 71.5840N 130.8000E  10.90-167.46 -46.42  10.90 1.20 0   8
  86 170426 1840 44.10 72.2710N 126.3600E  18.10 -12.33  30.24  18.10 1.30 0   8
  87 170427 0912 28.80 72.0640N 127.7900E   2.60 -61.65   7.14   2.60 0.90 0   8
  88 170427 1041 38.10 71.7480N 128.9900E   8.40-103.86 -28.12   8.40 0.70 0   7
  89 170427 2010 47.80 72.8010N 130.2000E  20.20-141.80  89.38  20.20 1.30 0   8
  90 170427 2010 48.30 72.7890N 130.1400E  20.10-139.82  88.04  20.10 1.30 0   8
  91 170427 2342 34.10 72.7630N 125.0100E  19.50  33.46  85.14  19.50 0.80 0   6

 readings for station 624  :  74
 readings for station 628  :  69
 readings for station 630  :  53
 readings for station 627  :  46
 readings for station 621  :  59
 readings for station 629  :  43
 readings for station 622  :  58
 readings for station 620  :  48
 readings for station 623  :  55
 readings for station 626  :  52
 readings for station 625  :  49
 readings for station 631  :  49
 readings for station 632  :  24

 Total number of stations with readings:  13

 Total number of readings:     679
 Total number of P readings:       0
 Total number of S readings:       0


 ~~~ store parts of G ...
 ~~~ compute RMS and DATVAR ...

 Total number of observations is:   679


 $$$$$$$$$$$$$$$$$$$$$$$$$$$$$$$$$$$$$$$$$$$$$$$$$
 Events with  | AVRES | > 1.0 SEC are suspicious !

 Event#  54 >>>  170407 1729  AVRES = -2.06 NOBS =  2
 Event#  55 >>>  170407 1729  AVRES = -1.76 NOBS =  5
 Event#  72 >>>  170418 1005  AVRES = -2.28 NOBS =  1

 ^^^^^^^^^ C H E C K   these events above ^^^^^^^^
 $$$$$$$$$$$$$$$$$$$$$$$$$$$$$$$$$$$$$$$$$$$$$$$$$

 ~~~ save initial datvar ...

 Iteration nr  0 obtained:
 DATVAR=    0.613388 mean sqrd residual=     0.275528  RMS RESIDUAL=     0.524907

 After  0 iterations we got:
 Average absolute & unweighted [and mean] residual of
   410 straight and direct rays =  0.39884 [ -0.08166]
   269 refracted           rays =  0.44421 [ -0.29127]
     0 reflected           rays =  0.00000 [  0.00000]

   679 ALL                 RAYS =  0.41681 [ -0.16470]        0.00 %




--------------------------------------------------------------------------------



           ITERATION no  1

 ~~~ set units for this iteration ...
 ~~~ determine number of unknowns for this iter. ...

 Number of unknowns (for array-indexing):  nvar =  386
 Number of effective unknowns        :  nvareff =  387
 Number of elements on/below main diagonal of matrix G = At*A : kvar =   74691

 Damping factors to be used in this iteration:
   Othet=   0.010   XYthet  =   0.010   Zthet=  0.010
 STAthet=   0.010   Vthet   =   1.000

 ~~~ damp G ...
 ~~~ solve G * b = RHT ...
 ~~~ fix units ...
 ~~~ apply eventually step-length damping ...
 ~~~ adjust model (hypocenters, stacorr & veloc.) ...

 doing velocity adjustments now...
 WARNING: Tried to introduce a low-velocity-layer! (Layer  3)
 Setting DVP from  0.03 to 0.0 and VP to vp(layer_above)+0.001

 doing station-correction adjustments...

 ~~~ compute effective step-length ...

 (Applied) Step length =   5.639

 ~~~ set units for next iteration ...
 ~~~ determine number of unknowns for next iter. ...

 Number of unknowns (for array-indexing):  nvar =  386
 Number of effective unknowns        :  nvareff =  387
 Number of elements on/below main diagonal of matrix G = At*A : kvar =   74691

 ~~~ reset G and RHT ...
 ~~~ raytracing, setup G ...
 ~~~ store parts of G ...
 ~~~ set units back for current iteration ...
 ~~~ determine number of unknowns for this iter. ...

 Number of unknowns (for array-indexing):  nvar =  386
 Number of effective unknowns        :  nvareff =  387
 Number of elements on/below main diagonal of matrix G = At*A : kvar =   74691

 ~~~ compute RMS and DATVAR ...

 $$$$$$$$$$$$$$$$$$$$$$$$$$$$$$$$$$$$$$$$$$$$$$$$$
 Events with  | AVRES | > 1.0 SEC are suspicious !

 Event#  54 >>>  170407 1729  AVRES = -1.37 NOBS =  2
 Event#  55 >>>  170407 1729  AVRES = -1.16 NOBS =  5
 Event#  72 >>>  170418 1005  AVRES = -1.55 NOBS =  1

 ^^^^^^^^^ C H E C K   these events above ^^^^^^^^
 $$$$$$$$$$$$$$$$$$$$$$$$$$$$$$$$$$$$$$$$$$$$$$$$$

 ~~~ check solution (better? worse?) ...

 Iteration nr  1 obtained:
 DATVAR=    0.352098 mean sqrd residual=     0.151418  RMS RESIDUAL=     0.389124

 After  1 iterations we got:
 Average absolute & unweighted [and mean] residual of
   418 straight and direct rays =  0.27167 [ -0.08067]
   261 refracted           rays =  0.32996 [ -0.11764]
     0 reflected           rays =  0.00000 [  0.00000]

   679 ALL                 RAYS =  0.29407 [ -0.09488]      -29.45 %

 ~~~ iteration done; output results ...

  eq       ot     x      y      z      rms    avres   dot     dx     dy     dz
    1      9.16  38.49 112.04  23.46   0.10  -0.05    0.056 -0.120  0.118  0.359
    2      9.35  37.89 110.73  23.14   0.12  -0.05    0.051 -0.063  0.155  0.337
    3     27.31-130.08  -8.36  11.53   0.33  -0.21    0.014 -0.084  0.236 -0.572
    4     15.68-131.12  -6.83  10.04   0.40  -0.20   -0.017 -0.130  0.091 -0.958
    5     45.74 -40.35  38.61  23.74   0.06  -0.14    0.039 -0.013 -0.221 -0.060
    6     49.54 -36.81  40.64  16.71   0.14  -0.27    0.038  0.091 -0.090  0.206
    7     14.07-134.94-119.43   6.73   0.31  -0.20    0.072  0.277 -0.369  0.331
    8     30.52-141.12 -43.57   9.01   0.33  -0.08    0.124 -0.260  0.279  0.413
    9     39.74  10.65  56.39  11.78   0.07  -0.28    0.037 -0.238 -0.293 -0.322
   10     18.15 -87.85-308.25  16.22   1.23   0.14   -0.146 -0.787  0.059  0.016
   11      5.35 -63.24-309.66  15.63   1.52  -0.12   -0.255 -0.979 -0.012  0.027
   12     51.27  35.07  94.70  16.10   0.17  -0.28    0.073  0.008  0.081  0.495
   13     46.95  33.34  97.98  19.43   0.18  -0.11    0.047 -0.010  0.125  0.432
   14     55.94  33.54  97.47  14.49   0.20  -0.34    0.042  0.180 -0.055  0.592
   15     44.73  34.08  97.76  17.72   0.24  -0.15    0.033  0.046  0.457  0.523
   16     44.90  34.78  96.14  19.00   0.33  -0.04    0.004 -0.273  0.403  0.396
   17     22.12  -1.09  82.38  18.57   0.20  -0.14    0.022 -0.079  0.036  0.071
   18     36.50 -34.16   4.21  10.96   0.20  -0.36    0.001 -0.042 -0.248 -0.244
   19     33.38  41.48  63.82   9.81   0.24  -0.33    0.079  0.039 -0.343 -0.288
   20     46.01  37.67  85.28  16.19   0.18  -0.29    0.008 -0.182  0.141 -0.014
   21     34.17  36.57  82.58  14.26   0.33  -0.30    0.068  0.051 -0.218 -0.244
   22     25.94  35.63  85.60  13.59   0.23  -0.37    0.035 -0.189  0.243  0.087
   23     15.94  35.16  86.46  11.21   0.33  -0.40    0.044 -0.320  0.098 -0.387
   24      2.24  34.77  82.46   5.73   0.52   0.05    0.242 -0.063  0.448  0.030
   25     48.69 -45.89  23.44  22.21   0.12  -0.02    0.089  0.076 -0.324  0.213
   26     27.63 -70.31  -3.83  10.02   0.15  -0.34    0.035  0.140 -0.146 -0.280
   27      0.24  -0.60  49.38  13.01   0.13  -0.24    0.044  0.086 -0.166 -0.095
   28     59.14  37.60  76.43  11.25   0.30  -0.22    0.039  0.003  0.221 -0.252
   29     20.27-148.80 -12.62  14.92   0.32  -0.09    0.069  0.022  0.216  0.118
   30      2.98  36.18  76.53  13.63   0.43  -0.17    0.083  0.287 -0.236  0.226
   31     21.05  36.39  77.30  14.27   0.31  -0.27    0.052 -0.184 -0.137  0.070
   32     50.86  36.82  77.00  15.24   0.17  -0.31    0.064 -0.094 -0.109 -0.063
   33      0.89  37.36  75.94  15.76   0.19  -0.26    0.091  0.105 -0.270  0.158
   34     55.48 -16.88  34.87  24.47   0.05  -0.05    0.075  0.222 -0.057 -0.027
   35     39.58 -71.44  -8.40   3.59   0.41   0.21    0.384  0.471  0.075  0.189
   36     59.18  36.57  77.84  15.22   0.29  -0.21    0.078  0.003 -0.044  0.123
   37      5.66  31.16  49.95  14.66   0.09  -0.31    0.062 -0.200 -0.264 -0.241
   38     46.56  73.09  73.20  17.08   0.26  -0.17    0.058 -0.129  0.223  0.179
   39     14.38   0.71  25.88   3.15   0.17   0.29    0.282  0.020 -0.346 -0.751
   40     14.59 -42.10  13.99  16.50   0.14  -0.25   -0.008 -0.151  0.045 -0.297
   41     56.71  34.78  78.82   5.32   0.40   0.03    0.315 -0.083 -0.296  0.216
   42     34.35  -3.96  46.19  17.88   0.10  -0.15    0.054  0.139 -0.115 -0.123
   43     24.81-110.73 -39.61   5.14   0.29  -0.16    0.213  0.030 -0.224 -0.056
   44     49.99  30.12  50.31   7.37   0.26   0.10    0.292 -0.214 -0.243 -0.933
   45     41.27-145.11  45.51  18.73   0.20   0.04    0.069 -0.069  0.099  0.430
   46     34.12 -57.52  -1.01  16.12   0.13  -0.23    0.021  0.115 -0.227  0.022
   47      1.10  10.47  80.44  21.72   0.28   0.01    0.100 -0.021 -0.125 -0.180
   48     37.31  10.55  81.50  23.61   0.08  -0.04    0.110  0.067 -0.069  0.108
   49     35.75  54.57  84.55  22.74   0.13  -0.12    0.046 -0.188 -0.027  0.143
   50     36.12-102.46 -36.08  15.09   0.27  -0.18    0.023  0.198 -0.480 -0.207
   51     53.34-101.07 -54.21   9.00   0.37  -0.21    0.141  0.300  0.465 -0.300
   52     43.22-115.73  43.41  15.26   0.34  -0.10    0.016 -0.309  0.448 -0.242
   53      1.10  10.45  80.68  21.19   0.27   0.03    0.097 -0.041  0.006 -0.111
   54      2.61 -83.71 322.69  15.68   0.28  -1.37   -0.789 -0.033 -0.122  0.085
   55      2.95 -89.77 304.23   0.47   0.09  -1.16   -0.551  0.059 -0.061  0.070
   56     44.96  35.92  67.46  14.92   0.33  -0.24    0.057 -0.061 -0.269 -0.077
   57     47.17 -84.98 154.71  15.60   0.37   0.13   -0.032 -0.273  0.163  0.003
   58     45.66 -81.02 151.07  15.40   0.35   0.09    0.059  0.111  0.435  0.297
   59      8.79 -82.56   0.64   3.20   0.40  -0.04    0.291 -0.102  0.310  0.497
   60      3.81-110.59-118.24   4.46   0.64  -0.22    0.205  0.129  0.481  0.760
   61      0.74-130.35 -54.62   0.32   0.82  -0.17    0.144 -0.306  0.394  0.213
   62     20.18  19.47 152.61  15.67   0.43  -0.05    0.083  0.198 -0.034  0.072
   63     18.86 -47.22  29.64  20.21   0.08  -0.11    0.058  0.054 -0.261  0.107
   64      4.74-162.81 184.47   8.01   0.56   0.01   -0.060  1.111  1.470  0.008
   65     23.46 -47.90  20.28  15.67   0.11  -0.24    0.055  0.163 -0.359  0.168
   66     32.87-152.53  43.16  18.57   0.26   0.04    0.073 -0.227  0.316  0.667
   67     41.96 -37.26  -5.30  18.76   0.16  -0.09    0.057  0.051 -0.394 -0.444
   68     14.21  50.87 106.18  20.78   0.27  -0.02    0.013  0.100  0.508  0.381
   69     48.30-214.97-349.14  73.50   0.00   0.00    0.000  0.000  0.000  0.000
   70      5.53  33.72  96.94  19.50   0.25  -0.02    0.034  0.023  0.200  0.201
   71      4.53   6.12  56.55   1.12   0.56   0.54    0.433 -0.010 -0.136 -0.177
   72     56.15 132.65-297.75  96.98   2.41  -1.55   -0.652 -0.051  0.067 -0.022
   73     12.97  50.48  81.69  23.18   0.22  -0.00    0.073  0.081 -0.214  0.080
   74     36.23-102.46  70.32  21.94   0.21  -0.03    0.031 -0.022  0.133  0.138
   75     46.90-108.26   3.23   1.26   1.01   0.15    0.199 -0.675  0.779  1.149
   76     54.60-217.19 302.17   0.10   0.00   0.00    0.000  0.000  0.000  0.000
   77     44.16  50.91  93.85  16.75   0.11  -0.17    0.060 -0.010  0.121 -0.053
   78     41.87  38.37  66.15  21.92   0.19  -0.10    0.066  0.004 -0.358 -0.079
   79     58.93 -69.38  -4.63   1.22   0.51   0.24    0.333  0.394 -0.168  1.123
   80     27.03 -69.85  -6.04   1.06   0.43   0.26    0.333  0.289 -0.241  0.946
   81     27.24 -69.79  -4.77   0.82   0.45   0.27    0.343  0.331 -0.191  0.708
   82     23.62 -69.74  -4.67   0.12   0.33   0.30    0.320  0.375 -0.206  0.013
   83     23.44 -71.18  -6.33   6.55   0.26   0.06    0.239  0.000 -0.193 -0.048
   84     21.27 -43.15   8.35  20.89   0.04  -0.07    0.068  0.237 -0.461 -0.112
   85     24.62-167.42 -46.18  10.58   0.37  -0.15    0.024  0.043  0.239 -0.317
   86     44.13 -12.22  29.94  18.06   0.07  -0.17    0.032  0.114 -0.300 -0.042
   87     29.15 -61.54   6.73   2.84   0.38   0.25    0.349  0.118 -0.416  0.243
   88     38.29-103.59 -28.23   9.07   0.29  -0.25    0.194  0.268 -0.114  0.669
   89     47.86-142.11  89.49  21.08   0.23   0.09    0.065 -0.311  0.109  0.876
   90     48.35-140.02  88.27  20.92   0.18   0.06    0.053 -0.201  0.234  0.824
   91     34.10  33.69  85.17  20.02   0.25  -0.12   -0.000  0.232  0.028  0.522

 A V E R A G E   of ADJUSTMENTS :                     0.066 -0.004  0.006  0.096
 A V E R A G E   of ABSOLUTE ADJUSTMENTS :            0.121  0.168  0.231  0.285


 Step length damping of 0.30637 was applied.


 Velocity adjustments:
     vp    dvp      hp   reflector
 Velocity model   1
   4.799 -0.091   -5.000      
   5.528  0.108   -2.870      
   5.529  0.000    9.300      
   6.020  0.200    9.630      
   6.125  0.115   16.560      
   6.549 -0.021   17.830      
   7.051  0.001   29.060      
   7.284  0.154   29.090      
   7.338 -0.122   33.400      
   7.515  0.025   43.950      

 Calculation of average velocity starts at layer #           1
 z = -5.00 ... -2.87    v = 4.80    AVEL = 4.80 downto z =  -2.87
 z = -2.87 ...  9.30    v = 5.53    AVEL = 5.42 downto z =   9.30
 z =  9.30 ...  9.63    v = 5.53    AVEL = 5.42 downto z =   9.63
 z =  9.63 ... 16.56    v = 6.02    AVEL = 5.61 downto z =  16.56
 z = 16.56 ... 17.83    v = 6.12    AVEL = 5.64 downto z =  17.83
 z = 17.83 ... 29.06    v = 6.55    AVEL = 5.94 downto z =  29.06
 z = 29.06 ... 29.09    v = 7.05    AVEL = 5.94 downto z =  29.09
 z = 29.09 ... 33.40    v = 7.28    AVEL = 6.09 downto z =  33.40
 z = 33.40 ... 43.95    v = 7.34    AVEL = 6.36 downto z =  43.95


 Calculation of average velocity starts at layer #           2
 z = -2.87 ...  9.30    v = 5.53    AVEL = 5.53 downto z =   9.30
 z =  9.30 ...  9.63    v = 5.53    AVEL = 5.53 downto z =   9.63
 z =  9.63 ... 16.56    v = 6.02    AVEL = 5.70 downto z =  16.56
 z = 16.56 ... 17.83    v = 6.12    AVEL = 5.73 downto z =  17.83
 z = 17.83 ... 29.06    v = 6.55    AVEL = 6.02 downto z =  29.06
 z = 29.06 ... 29.09    v = 7.05    AVEL = 6.02 downto z =  29.09
 z = 29.09 ... 33.40    v = 7.28    AVEL = 6.17 downto z =  33.40
 z = 33.40 ... 43.95    v = 7.34    AVEL = 6.43 downto z =  43.95



 Adjusted station corrections:
   stn  ptcor  dpcor  
  624   0.000  0.000  628  -0.073 -0.073  630  -0.021 -0.021  627   0.036  0.036
  621   0.017  0.017  629   0.061  0.061  622  -0.003 -0.003  620  -0.052 -0.052
  623   0.070  0.070  626   0.053  0.053  625   0.039  0.039  631   0.118  0.118
  632   0.010  0.010

 ~~~ another iteration? ...



--------------------------------------------------------------------------------



           ITERATION no  2

 ~~~ set units for this iteration ...
 ~~~ determine number of unknowns for this iter. ...

 Number of unknowns (for array-indexing):  nvar =  386
 Number of effective unknowns        :  nvareff =  387
 Number of elements on/below main diagonal of matrix G = At*A : kvar =   74691

 Damping factors to be used in this iteration:
   Othet=   0.010   XYthet  =   0.010   Zthet=  0.010
 STAthet=   0.010   Vthet   =   1.000

 ~~~ damp G ...
 ~~~ solve G * b = RHT ...
 ~~~ fix units ...
 ~~~ apply eventually step-length damping ...
 ~~~ adjust model (hypocenters, stacorr & veloc.) ...

 doing velocity adjustments now...
 WARNING: Tried to introduce a low-velocity-layer! (Layer  3)
 Setting DVP from  0.05 to 0.0 and VP to vp(layer_above)+0.001

 doing station-correction adjustments...

 ~~~ compute effective step-length ...

 (Applied) Step length =   9.494

 ~~~ set units for next iteration ...
 ~~~ determine number of unknowns for next iter. ...

 Number of unknowns (for array-indexing):  nvar =  386
 Number of effective unknowns        :  nvareff =  387
 Number of elements on/below main diagonal of matrix G = At*A : kvar =   74691

 ~~~ reset G and RHT ...
 ~~~ raytracing, setup G ...
 ~~~ store parts of G ...
 ~~~ set units back for current iteration ...
 ~~~ determine number of unknowns for this iter. ...

 Number of unknowns (for array-indexing):  nvar =  386
 Number of effective unknowns        :  nvareff =  387
 Number of elements on/below main diagonal of matrix G = At*A : kvar =   74691

 ~~~ compute RMS and DATVAR ...

 $$$$$$$$$$$$$$$$$$$$$$$$$$$$$$$$$$$$$$$$$$$$$$$$$
 Events with  | AVRES | > 1.0 SEC are suspicious !

 ZERO events of this kind found! (lucky guy!!!)

 ~~~ check solution (better? worse?) ...

 Iteration nr  2 obtained:
 DATVAR=    0.170547 mean sqrd residual=     0.073343  RMS RESIDUAL=     0.270819

 After  2 iterations we got:
 Average absolute & unweighted [and mean] residual of
   442 straight and direct rays =  0.15875 [ -0.04270]
   237 refracted           rays =  0.23736 [ -0.02860]
     0 reflected           rays =  0.00000 [  0.00000]

   679 ALL                 RAYS =  0.18619 [ -0.03778]      -36.69 %

 ~~~ iteration done; output results ...

  eq       ot     x      y      z      rms    avres   dot     dx     dy     dz
    1      9.18  38.42 112.22  24.08   0.11   0.00    0.027 -0.071  0.184  0.621
    2      9.37  37.90 110.99  23.73   0.12   0.00    0.017  0.015  0.255  0.594
    3     27.26-130.74  -7.90  10.95   0.30  -0.03   -0.056 -0.657  0.456 -0.577
    4     15.59-131.52  -6.69   8.69   0.25   0.07   -0.088 -0.406  0.137 -1.353
    5     45.76 -40.32  38.37  23.64   0.04  -0.03    0.019  0.023 -0.239 -0.098
    6     49.56 -36.44  40.52  17.05   0.10  -0.10    0.025  0.366 -0.119  0.345
    7     14.03-134.20-119.98   6.56   0.24  -0.10   -0.039  0.734 -0.551 -0.172
    8     30.58-141.33 -43.67   9.57   0.29  -0.07    0.056 -0.208 -0.100  0.560
    9     39.74  10.43  55.99  11.43   0.05  -0.10   -0.002 -0.222 -0.405 -0.348
   10     17.92 -89.28-308.14  16.24   1.13   0.13   -0.235 -1.429  0.108  0.022
   11      4.97 -65.02-309.68  15.66   1.42   0.02   -0.373 -1.776 -0.026  0.035
   12     51.31  35.05  94.75  16.79   0.13  -0.11    0.035 -0.021  0.046  0.693
   13     46.96  33.53  98.19  20.18   0.14  -0.02    0.016  0.184  0.203  0.749
   14     55.94  33.66  97.40  15.05   0.07  -0.13   -0.001  0.124 -0.067  0.557
   15     44.73  34.09  98.17  18.25   0.19  -0.07   -0.005  0.010  0.411  0.524
   16     44.87  34.44  96.79  19.17   0.24   0.00   -0.038 -0.339  0.646  0.172
   17     22.13  -1.14  82.44  18.68   0.09  -0.03    0.005 -0.050  0.057  0.105
   18     36.48 -33.99   4.06  10.79   0.11  -0.13   -0.021  0.171 -0.159 -0.168
   19     33.42  41.41  63.39   9.51   0.11  -0.13    0.043 -0.078 -0.430 -0.302
   20     45.99  37.66  85.35  16.11   0.09  -0.10   -0.016 -0.007  0.074 -0.073
   21     34.20  36.15  82.70  13.40   0.25  -0.08    0.032 -0.418  0.120 -0.853
   22     25.93  35.30  85.84  13.60   0.16  -0.13   -0.004 -0.329  0.232  0.017
   23     16.07  35.00  85.81  10.04   0.29  -0.13    0.123 -0.159 -0.648 -1.173
   24      2.39  34.47  83.05   5.92   0.42  -0.05    0.149 -0.302  0.592  0.189
   25     48.78 -45.70  23.03  22.53   0.08   0.01    0.096  0.190 -0.413  0.320
   26     27.64 -70.00  -4.17   9.89   0.09  -0.13    0.004  0.308 -0.338 -0.131
   27      0.27  -0.43  49.02  12.81   0.05  -0.09    0.027  0.161 -0.354 -0.194
   28     59.21  37.89  76.20  10.80   0.19  -0.05    0.068  0.291 -0.231 -0.447
   29     20.33-148.76 -12.23  15.21   0.20  -0.02    0.058  0.041  0.385  0.295
   30      3.03  35.97  76.57  13.08   0.32  -0.01    0.052 -0.211  0.039 -0.549
   31     21.06  35.94  77.40  14.19   0.17  -0.08    0.012 -0.449  0.099 -0.077
   32     50.90  36.58  76.81  15.01   0.11  -0.11    0.040 -0.232 -0.181 -0.231
   33      0.96  37.22  75.78  15.71   0.12  -0.08    0.068 -0.145 -0.158 -0.049
   34     55.55 -16.54  34.81  24.39   0.04   0.00    0.078  0.346 -0.060 -0.082
   35     39.99 -70.36  -8.04   4.11   0.30  -0.00    0.403  1.079  0.363  0.521
   36     59.23  36.42  77.70  15.20   0.19  -0.06    0.055 -0.147 -0.140 -0.020
   37      5.74  31.05  49.71  13.76   0.09  -0.12    0.082 -0.114 -0.236 -0.897
   38     46.59  72.81  73.57  17.39   0.23  -0.06    0.032 -0.277  0.371  0.315
   39     14.62   0.71  25.43   2.64   0.12   0.08    0.236  0.005 -0.443 -0.507
   40     14.63 -41.92  13.68  15.81   0.12  -0.09    0.039  0.180 -0.311 -0.691
   41     56.97  34.51  78.27   5.83   0.30  -0.07    0.253 -0.270 -0.545  0.516
   42     34.40  -3.70  46.06  17.63   0.06  -0.04    0.050  0.255 -0.135 -0.248
   43     24.99-110.22 -39.59   5.41   0.19  -0.15    0.174  0.504  0.026  0.263
   44     50.25  29.78  50.06   6.42   0.17   0.01    0.254 -0.344 -0.242 -0.951
   45     41.34-145.21  45.82  19.64   0.12   0.04    0.067 -0.102  0.312  0.913
   46     34.15 -57.44  -1.41  16.16   0.07  -0.07    0.024  0.071 -0.397  0.039
   47      1.20  10.64  80.30  21.85   0.20   0.03    0.097  0.170 -0.140  0.125
   48     37.42  10.73  81.35  23.79   0.03   0.00    0.108  0.178 -0.146  0.178
   49     35.79  54.28  84.46  22.77   0.07  -0.03    0.048 -0.294 -0.092  0.027
   50     36.13-102.41 -36.07  14.60   0.17  -0.04    0.005  0.048  0.005 -0.491
   51     53.45-100.42 -53.45   8.03   0.28  -0.05    0.106  0.654  0.764 -0.968
   52     43.16-116.32  44.10  15.08   0.26  -0.01   -0.051 -0.600  0.689 -0.176
   53      1.18  10.58  80.74  21.46   0.17   0.04    0.087  0.135  0.064  0.267
   54      1.54 -83.77 322.51  15.79   0.30  -0.41   -1.070 -0.066 -0.175  0.102
   55      2.16 -89.63 304.16   0.56   0.05  -0.42   -0.790  0.148 -0.070  0.094
   56     45.00  35.74  67.07  14.39   0.22  -0.07    0.047 -0.172 -0.396 -0.533
   57     47.08 -85.31 155.03  15.61   0.33   0.08   -0.090 -0.325  0.325  0.004
   58     45.68 -80.79 151.77  15.91   0.26   0.05    0.018  0.235  0.700  0.510
   59      9.02 -82.28   0.91   3.82   0.34  -0.09    0.234  0.283  0.261  0.620
   60      3.90-110.55-117.90   5.28   0.55  -0.08    0.095  0.037  0.342  0.823
   61      0.93-130.79 -54.07   1.15   0.67  -0.17    0.187 -0.433  0.551  0.830
   62     20.23  20.00 152.72  16.29   0.33  -0.00    0.047  0.528  0.110  0.622
   63     18.92 -47.05  29.34  20.31   0.05  -0.02    0.066  0.168 -0.300  0.106
   64      4.57-160.82 187.16   8.09   0.47   0.05   -0.167  1.992  2.693  0.087
   65     23.53 -47.60  20.01  15.58   0.07  -0.09    0.072  0.297 -0.276 -0.085
   66     32.93-152.93  43.79  19.85   0.23   0.04    0.059 -0.405  0.628  1.281
   67     42.03 -37.07  -5.77  18.07   0.16  -0.00    0.069  0.184 -0.468 -0.688
   68     14.16  51.22 106.99  21.39   0.23   0.02   -0.050  0.347  0.812  0.610
   69     48.30-214.97-349.14  73.50   0.00   0.00    0.000  0.000  0.000  0.000
   70      5.54  33.90  97.30  19.79   0.16   0.01    0.002  0.182  0.353  0.292
   71      4.94   6.16  56.44   0.91   0.55   0.16    0.410  0.042 -0.109 -0.215
   72     55.31 132.58-297.66  96.95   0.45  -0.67   -0.841 -0.066  0.086 -0.028
   73     13.02  50.78  81.45  23.44   0.19   0.02    0.049  0.305 -0.241  0.258
   74     36.25-102.59  70.66  23.04   0.22   0.00    0.016 -0.130  0.338  1.104
   75     47.11-109.52   4.08   4.73   0.90  -0.04    0.214 -1.254  0.846  3.473
   76     54.60-217.19 302.17   0.10   0.00   0.00    0.000  0.000  0.000  0.000
   77     44.19  50.98  94.03  16.70   0.07  -0.06    0.032  0.061  0.180 -0.048
   78     41.91  38.49  65.69  21.92   0.14  -0.02    0.048  0.121 -0.457 -0.004
   79     59.30 -69.04  -4.80   3.36   0.38  -0.01    0.367  0.337 -0.165  2.136
   80     27.40 -69.58  -6.32   2.90   0.29   0.00    0.365  0.269 -0.279  1.841
   81     27.63 -69.44  -4.98   2.24   0.34   0.02    0.387  0.347 -0.215  1.422
   82     24.02 -69.31  -4.91   0.14   0.26   0.02    0.399  0.437 -0.242  0.013
   83     23.68 -70.69  -6.21   6.81   0.16  -0.05    0.245  0.487  0.121  0.257
   84     21.34 -42.71   7.72  20.76   0.04  -0.01    0.072  0.438 -0.640 -0.124
   85     24.62-167.42 -45.77  10.08   0.22  -0.01   -0.007  0.001  0.405 -0.499
   86     44.16 -12.01  29.61  17.85   0.03  -0.05    0.030  0.208 -0.333 -0.208
   87     29.45 -61.13   6.18   3.54   0.28   0.02    0.304  0.403 -0.545  0.700
   88     38.43-102.93 -28.34   9.58   0.30  -0.31    0.141  0.667 -0.107  0.512
   89     47.92-142.46  89.78  22.46   0.23   0.05    0.055 -0.356  0.292  1.388
   90     48.39-140.23  88.81  22.48   0.17   0.04    0.041 -0.208  0.538  1.552
   91     34.09  33.93  85.06  20.23   0.17  -0.03   -0.010  0.245 -0.110  0.204

 A V E R A G E   of ADJUSTMENTS :                     0.036  0.021  0.042  0.171
 A V E R A G E   of ABSOLUTE ADJUSTMENTS :            0.123  0.309  0.315  0.484


 Step length damping of 0.55529 was applied.


 Velocity adjustments:
     vp    dvp      hp   reflector
 Velocity model   1
   4.728 -0.071   -5.000      
   5.624  0.096   -2.870      
   5.625  0.000    9.300      
   6.220  0.200    9.630      
   6.240  0.116   16.560      
   6.523 -0.026   17.830      
   7.055  0.004   29.060      
   7.203 -0.081   29.090      
   7.205 -0.133   33.400      
   7.547  0.032   43.950      

 Calculation of average velocity starts at layer #           1
 z = -5.00 ... -2.87    v = 4.73    AVEL = 4.73 downto z =  -2.87
 z = -2.87 ...  9.30    v = 5.62    AVEL = 5.49 downto z =   9.30
 z =  9.30 ...  9.63    v = 5.63    AVEL = 5.49 downto z =   9.63
 z =  9.63 ... 16.56    v = 6.22    AVEL = 5.73 downto z =  16.56
 z = 16.56 ... 17.83    v = 6.24    AVEL = 5.76 downto z =  17.83
 z = 17.83 ... 29.06    v = 6.52    AVEL = 6.01 downto z =  29.06
 z = 29.06 ... 29.09    v = 7.05    AVEL = 6.01 downto z =  29.09
 z = 29.09 ... 33.40    v = 7.20    AVEL = 6.14 downto z =  33.40
 z = 33.40 ... 43.95    v = 7.20    AVEL = 6.37 downto z =  43.95


 Calculation of average velocity starts at layer #           2
 z = -2.87 ...  9.30    v = 5.62    AVEL = 5.62 downto z =   9.30
 z =  9.30 ...  9.63    v = 5.63    AVEL = 5.62 downto z =   9.63
 z =  9.63 ... 16.56    v = 6.22    AVEL = 5.84 downto z =  16.56
 z = 16.56 ... 17.83    v = 6.24    AVEL = 5.86 downto z =  17.83
 z = 17.83 ... 29.06    v = 6.52    AVEL = 6.09 downto z =  29.06
 z = 29.06 ... 29.09    v = 7.05    AVEL = 6.10 downto z =  29.09
 z = 29.09 ... 33.40    v = 7.20    AVEL = 6.23 downto z =  33.40
 z = 33.40 ... 43.95    v = 7.20    AVEL = 6.45 downto z =  43.95



 Adjusted station corrections:
   stn  ptcor  dpcor  
  624   0.000  0.000  628  -0.166 -0.093  630  -0.084 -0.063  627   0.070  0.034
  621   0.047  0.030  629   0.128  0.068  622   0.011  0.014  620  -0.101 -0.048
  623   0.164  0.094  626   0.110  0.057  625   0.096  0.056  631   0.242  0.124
  632   0.006 -0.004

 ~~~ another iteration? ...



--------------------------------------------------------------------------------



           ITERATION no  3

 ~~~ set units for this iteration ...
 ~~~ determine number of unknowns for this iter. ...

 Number of unknowns (for array-indexing):  nvar =  386
 Number of effective unknowns        :  nvareff =  387
 Number of elements on/below main diagonal of matrix G = At*A : kvar =   74691

 Damping factors to be used in this iteration:
   Othet=   0.010   XYthet  =   0.010   Zthet=  0.010
 STAthet=   0.010   Vthet   =   1.000

 ~~~ damp G ...
 ~~~ solve G * b = RHT ...
 ~~~ fix units ...
 ~~~ apply eventually step-length damping ...
 ~~~ adjust model (hypocenters, stacorr & veloc.) ...

 doing velocity adjustments now...

 doing station-correction adjustments...

 ~~~ compute effective step-length ...

 (Applied) Step length =  13.379

 ~~~ set units for next iteration ...
 ~~~ determine number of unknowns for next iter. ...

 Number of unknowns (for array-indexing):  nvar =  386
 Number of effective unknowns        :  nvareff =  387
 Number of elements on/below main diagonal of matrix G = At*A : kvar =   74691

 ~~~ reset G and RHT ...
 ~~~ raytracing, setup G ...
 ~~~ store parts of G ...
 ~~~ set units back for current iteration ...
 ~~~ determine number of unknowns for this iter. ...

 Number of unknowns (for array-indexing):  nvar =  386
 Number of effective unknowns        :  nvareff =  387
 Number of elements on/below main diagonal of matrix G = At*A : kvar =   74691

 ~~~ compute RMS and DATVAR ...

 $$$$$$$$$$$$$$$$$$$$$$$$$$$$$$$$$$$$$$$$$$$$$$$$$
 Events with  | AVRES | > 1.0 SEC are suspicious !

 ZERO events of this kind found! (lucky guy!!!)

 ~~~ check solution (better? worse?) ...

 Iteration nr  3 obtained:
 DATVAR=    0.136268 mean sqrd residual=     0.058601  RMS RESIDUAL=     0.242077

 After  3 iterations we got:
 Average absolute & unweighted [and mean] residual of
   465 straight and direct rays =  0.12667 [  0.00216]
   214 refracted           rays =  0.21490 [  0.01425]
     0 reflected           rays =  0.00000 [  0.00000]

   679 ALL                 RAYS =  0.15448 [  0.00597]      -17.03 %

 ~~~ iteration done; output results ...

  eq       ot     x      y      z      rms    avres   dot     dx     dy     dz
    1      9.08  38.53 112.51  25.03   0.13   0.01   -0.101  0.109  0.288  0.953
    2      9.25  38.12 111.41  24.66   0.14   0.01   -0.119  0.216  0.417  0.933
    3     27.14-131.76  -7.47  12.79   0.30   0.00   -0.115 -1.020  0.434  1.842
    4     15.68-132.16  -5.17   9.95   0.30  -0.10    0.090 -0.636  1.521  1.266
    5     45.71 -40.25  37.99  23.69   0.03   0.02   -0.045  0.076 -0.381  0.045
    6     49.50 -36.08  40.29  17.68   0.10   0.01   -0.068  0.367 -0.226  0.632
    7     13.88-133.10-120.86   6.57   0.14  -0.01   -0.148  1.101 -0.880  0.008
    8     30.40-141.40 -43.91   9.26   0.26   0.08   -0.182 -0.070 -0.233 -0.312
    9     39.68  10.44  55.65  11.27   0.07   0.02   -0.058  0.006 -0.337 -0.163
   10     17.77 -91.72-307.97  16.25   0.96   0.01   -0.145 -2.440  0.164  0.012
   11      4.71 -68.08-309.76  15.68   1.23   0.02   -0.260 -3.062 -0.075  0.021
   12     51.22  35.21  94.67  18.19   0.12   0.01   -0.090  0.157 -0.078  1.400
   13     46.85  33.95  98.55  21.28   0.12   0.01   -0.114  0.422  0.362  1.096
   14     55.84  33.72  97.14  15.83   0.06   0.01   -0.103  0.063 -0.265  0.781
   15     44.58  34.51  98.52  20.17   0.17   0.01   -0.149  0.418  0.356  1.927
   16     44.68  34.11  97.89  19.44   0.18   0.01   -0.187 -0.332  1.107  0.269
   17     22.04  -1.18  82.61  19.12   0.04   0.01   -0.087 -0.039  0.172  0.440
   18     36.44 -33.47   4.16  10.67   0.08   0.02   -0.039  0.519  0.102 -0.120
   19     33.39  40.98  63.03   9.02   0.20   0.49   -0.028 -0.426 -0.358 -0.494
   20     45.90  37.30  85.59  16.09   0.02   0.02   -0.088 -0.365  0.231 -0.027
   21     34.26  36.03  82.06  11.58   0.19   0.04    0.060 -0.122 -0.634 -1.827
   22     25.90  35.07  85.56  13.24   0.15   0.03   -0.027 -0.236 -0.274 -0.368
   23     16.01  34.81  85.78  10.01   0.28   0.02   -0.053 -0.188 -0.031 -0.029
   24      2.35  34.18  83.79   6.29   0.35  -0.04   -0.040 -0.296  0.741  0.368
   25     48.80 -45.42  22.60  23.02   0.06   0.01    0.016  0.283 -0.432  0.488
   26     27.58 -69.51  -4.67  10.03   0.05   0.02   -0.054  0.495 -0.504  0.145
   27      0.24  -0.26  48.35  12.79   0.04   0.01   -0.027  0.176 -0.672 -0.022
   28     59.14  38.00  76.47  10.87   0.16   0.01   -0.069  0.111  0.271  0.071
   29     20.22-148.68 -11.84  14.83   0.17   0.01   -0.104  0.079  0.391 -0.381
   30      3.11  36.31  75.59  12.07   0.29   0.01    0.074  0.335 -0.982 -1.003
   31     21.06  35.63  76.85  13.76   0.11   0.02   -0.009 -0.304 -0.548 -0.432
   32     50.91  36.41  76.27  14.47   0.08   0.02    0.001 -0.176 -0.547 -0.538
   33      0.96  37.17  75.47  15.55   0.08   0.02   -0.002 -0.045 -0.313 -0.159
   34     55.58 -16.14  34.66  24.29   0.06   0.01    0.025  0.400 -0.148 -0.099
   35     40.25 -69.05  -7.27   5.07   0.22  -0.06    0.264  1.310  0.775  0.955
   36     59.24  36.37  77.14  14.91   0.13   0.02    0.006 -0.047 -0.557 -0.294
   37      5.72  30.85  49.50  12.80   0.11   0.01   -0.026 -0.191 -0.218 -0.961
   38     46.54  72.35  73.74  17.49   0.23   0.01   -0.046 -0.461  0.170  0.102
   39     14.73   0.74  25.08   2.31   0.11  -0.03    0.110  0.026 -0.349 -0.329
   40     14.62 -41.49  13.55  15.12   0.15   0.03   -0.009  0.439 -0.129 -0.687
   41     57.05  34.39  77.53   6.80   0.24  -0.06    0.081 -0.123 -0.745  0.965
   42     34.44  -3.47  45.76  17.16   0.05   0.02    0.032  0.235 -0.297 -0.473
   43     25.09-109.22 -39.35   5.98   0.14  -0.05    0.103  1.003  0.235  0.574
   44     50.38  29.51  49.96   5.48   0.11  -0.01    0.134 -0.270 -0.102 -0.933
   45     41.30-145.33  46.28  21.15   0.12   0.01   -0.031 -0.124  0.454  1.507
   46     34.13 -57.04  -1.52  16.24   0.06   0.02   -0.020  0.403 -0.118  0.084
   47      1.23  10.79  80.03  21.46   0.17   0.02    0.033  0.154 -0.272 -0.389
   48     37.42  11.07  81.19  24.22   0.05   0.01    0.003  0.341 -0.167  0.435
   49     35.77  53.98  84.28  22.84   0.05   0.02   -0.023 -0.293 -0.181  0.068
   50     36.12-101.80 -36.16  14.15   0.10   0.02   -0.006  0.609 -0.093 -0.451
   51     53.52 -99.47 -52.56   7.05   0.23   0.03    0.074  0.947  0.891 -0.979
   52     43.02-116.76  45.04  14.47   0.22   0.03   -0.143 -0.437  0.946 -0.609
   53      1.20  10.71  80.71  21.17   0.14   0.02    0.016  0.133 -0.031 -0.284
   54      0.88 -83.98 322.35  15.85   0.26  -0.00   -0.662 -0.211 -0.163  0.060
   55      1.52 -89.22 304.15   0.60   0.08   0.01   -0.640  0.404 -0.011  0.033
   56     44.99  35.74  66.50  13.81   0.19   0.01   -0.013 -0.004 -0.562 -0.577
   57     46.85 -85.45 155.78  15.63   0.29  -0.00   -0.228 -0.139  0.752  0.018
   58     45.54 -80.19 152.95  16.81   0.24  -0.00   -0.132  0.597  1.180  0.906
   59      9.13 -81.74   1.20   4.18   0.31  -0.04    0.108  0.535  0.295  0.359
   60      4.07-109.38-116.56   5.65   0.47  -0.00    0.168  1.174  1.344  0.367
   61      0.91-131.49 -53.35   3.16   0.54  -0.03   -0.021 -0.707  0.718  2.010
   62     20.17  20.63 152.37  16.17   0.29   0.01   -0.057  0.623 -0.352 -0.125
   63     18.93 -46.78  29.02  20.54   0.02   0.02    0.002  0.271 -0.320  0.229
   64      4.29-158.07 190.97   8.14   0.41  -0.01   -0.287  2.744  3.813  0.041
   65     23.51 -47.14  19.61  15.73   0.06   0.01   -0.016  0.462 -0.399  0.146
   66     32.85-153.46  44.78  21.84   0.21   0.02   -0.077 -0.530  0.989  1.988
   67     42.04 -36.69  -6.13  17.40   0.13   0.02    0.017  0.380 -0.356 -0.667
   68     13.91  51.92 108.36  22.23   0.21   0.01   -0.249  0.700  1.373  0.838
   69     48.30-214.97-349.14  73.50   0.00   0.00    0.000  0.000  0.000  0.000
   70      5.41  34.25  97.82  20.31   0.12   0.01   -0.122  0.346  0.527  0.517
   71      5.16   6.31  56.39   0.63   0.55  -0.04    0.214  0.148 -0.047 -0.280
   72     54.27 132.50-297.56  96.92   0.00   0.00   -1.037 -0.081  0.106 -0.033
   73     12.96  51.23  81.18  23.91   0.20   0.01   -0.058  0.451 -0.267  0.471
   74     36.17-102.74  71.04  24.69   0.25   0.01   -0.081 -0.148  0.387  1.653
   75     47.05-110.80   5.01   8.47   0.92  -0.03   -0.067 -1.286  0.929  3.734
   76     54.60-217.19 302.17   0.10   0.00   0.00    0.000  0.000  0.000  0.000
   77     44.11  51.00  94.22  16.68   0.08   0.02   -0.079  0.024  0.189 -0.019
   78     41.90  38.63  65.14  21.74   0.14   0.02   -0.013  0.138 -0.546 -0.174
   79     59.37 -68.97  -4.89   6.34   0.34  -0.09    0.071  0.071 -0.098  2.980
   80     27.49 -69.49  -6.53   5.70   0.24  -0.08    0.090  0.093 -0.204  2.805
   81     27.76 -69.19  -5.11   4.40   0.31  -0.07    0.133  0.250 -0.132  2.158
   82     24.24 -68.76  -5.08   0.17   0.21  -0.10    0.222  0.542 -0.172  0.029
   83     23.83 -69.94  -5.79   7.30   0.07  -0.05    0.148  0.757  0.419  0.487
   84     21.35 -42.17   7.09  20.70   0.05   0.01    0.012  0.533 -0.625 -0.062
   85     24.49-167.71 -45.78   9.98   0.15   0.03   -0.125 -0.292 -0.002 -0.102
   86     44.15 -11.84  29.21  17.55   0.05   0.02   -0.008  0.168 -0.399 -0.298
   87     29.56 -60.71   5.66   4.99   0.20  -0.07    0.104  0.424 -0.526  1.451
   88     38.14-102.97 -28.60   9.05   0.22   0.22   -0.298 -0.044 -0.262 -0.528
   89     47.87-143.08  90.13  24.72   0.24   0.00   -0.052 -0.619  0.349  2.253
   90     48.32-140.54  89.55  24.75   0.18   0.01   -0.073 -0.310  0.741  2.272
   91     33.98  34.44  85.21  21.79   0.16   0.01   -0.113  0.507  0.149  1.567

 A V E R A G E   of ADJUSTMENTS :                    -0.054  0.079  0.084  0.346
 A V E R A G E   of ABSOLUTE ADJUSTMENTS :            0.107  0.432  0.450  0.681


NO step length damping applied


 Velocity adjustments:
     vp    dvp      hp   reflector
 Velocity model   1
   4.684 -0.044   -5.000      
   5.689  0.065   -2.870      
   5.708  0.083    9.300      
   6.252  0.032    9.630      
   6.286  0.046   16.560      
   6.467 -0.057   17.830      
   7.063  0.008   29.060      
   7.126 -0.077   29.090      
   7.167 -0.038   33.400      
   7.476 -0.071   43.950      

 Calculation of average velocity starts at layer #           1
 z = -5.00 ... -2.87    v = 4.68    AVEL = 4.68 downto z =  -2.87
 z = -2.87 ...  9.30    v = 5.69    AVEL = 5.54 downto z =   9.30
 z =  9.30 ...  9.63    v = 5.71    AVEL = 5.54 downto z =   9.63
 z =  9.63 ... 16.56    v = 6.25    AVEL = 5.77 downto z =  16.56
 z = 16.56 ... 17.83    v = 6.29    AVEL = 5.80 downto z =  17.83
 z = 17.83 ... 29.06    v = 6.47    AVEL = 6.02 downto z =  29.06
 z = 29.06 ... 29.09    v = 7.06    AVEL = 6.02 downto z =  29.09
 z = 29.09 ... 33.40    v = 7.13    AVEL = 6.14 downto z =  33.40
 z = 33.40 ... 43.95    v = 7.17    AVEL = 6.36 downto z =  43.95


 Calculation of average velocity starts at layer #           2
 z = -2.87 ...  9.30    v = 5.69    AVEL = 5.69 downto z =   9.30
 z =  9.30 ...  9.63    v = 5.71    AVEL = 5.69 downto z =   9.63
 z =  9.63 ... 16.56    v = 6.25    AVEL = 5.89 downto z =  16.56
 z = 16.56 ... 17.83    v = 6.29    AVEL = 5.91 downto z =  17.83
 z = 17.83 ... 29.06    v = 6.47    AVEL = 6.11 downto z =  29.06
 z = 29.06 ... 29.09    v = 7.06    AVEL = 6.11 downto z =  29.09
 z = 29.09 ... 33.40    v = 7.13    AVEL = 6.23 downto z =  33.40
 z = 33.40 ... 43.95    v = 7.17    AVEL = 6.44 downto z =  43.95



 Adjusted station corrections:
   stn  ptcor  dpcor  
  624   0.000  0.000  628  -0.233 -0.067  630  -0.137 -0.052  627   0.123  0.053
  621   0.082  0.035  629   0.173  0.045  622   0.051  0.041  620  -0.083  0.018
  623   0.262  0.098  626   0.173  0.063  625   0.160  0.065  631   0.340  0.099
  632  -0.049 -0.054

 ~~~ another iteration? ...
 NITT = ITTMAX  --> stop iterations.
 ~~~ final solution reached ...

 ~~~ damp G & Chol.-Decomp.: NOT made (switch iresolcalc is NOT set !)

 Final rms values:  0.13 0.14 0.30 0.30 0.03 0.10 0.14 0.26 0.07 0.96
                    1.23 0.12 0.12 0.06 0.17 0.18 0.04 0.08 0.20 0.02
                    0.19 0.15 0.28 0.35 0.06 0.05 0.04 0.16 0.17 0.29
                    0.11 0.08 0.08 0.06 0.22 0.13 0.11 0.23 0.11 0.15
                    0.24 0.05 0.14 0.11 0.12 0.06 0.17 0.05 0.05 0.10
                    0.23 0.22 0.14 0.26 0.08 0.19 0.29 0.24 0.31 0.47
                    0.54 0.29 0.02 0.41 0.06 0.21 0.13 0.21 0.00 0.12
                    0.55 0.00 0.20 0.25 0.92 0.00 0.08 0.14 0.34 0.24
                    0.31 0.21 0.07 0.05 0.15 0.05 0.20 0.22 0.24 0.18
                    0.16



 ~~~ output final hypocenters ...

      date    origin   latitude longitude  depth  mag  no  rms      x      y      z
   1 160818 1613  9.08 73.0083N 124.8523E  25.03 1.40   6 0.130   38.53 112.51  25.03
   2 160818 1613  9.25 72.9984N 124.8648E  24.66 1.10   6 0.138   38.12 111.41  24.66
   3 160819 0959 27.14 71.9331N 129.8120E  12.79 4.00  12 0.305 -131.76  -7.47  12.79
   4 160820 1506 15.68 71.9537N 129.8255E   9.95 1.50   9 0.300 -132.16  -5.17   9.95
   5 160820 1904 45.71 72.3405N 127.1773E  23.69 1.20   6 0.033  -40.25  37.99  23.69
   6 160822 1318 49.50 72.3611N 127.0558E  17.68 0.60   8 0.104  -36.08  40.29  17.68
   7 160823 0652 13.88 70.9169N 129.7489E   6.57 2.90   6 0.145 -133.10-120.86   6.57
   8 160824 1510 30.40 71.6065N 130.0554E   9.26 1.50   9 0.259 -141.40 -43.91   9.26
   9 160906 1514 39.68 72.4987N 125.6934E  11.27 0.90   6 0.073   10.44  55.65  11.27
  10 160920 1607 17.77 69.2400N 128.4759E  16.25 2.60   2 0.958  -91.72-307.97  16.25
  11 160925 1911  4.71 69.2240N 127.8369E  15.68 2.30   2 1.229  -68.08-309.76  15.68
  12 161004 0841 51.22 72.8484N 124.9557E  18.19 0.20   6 0.118   35.21  94.67  18.19
  13 161005 1619 46.85 72.8832N 124.9921E  21.28 1.00   9 0.121   33.95  98.55  21.28
  14 161006 0156 55.84 72.8705N 124.9992E  15.83 1.00   7 0.056   33.72  97.14  15.83
  15 161009 0036 44.58 72.8830N 124.9756E  20.17 1.30   8 0.169   34.51  98.52  20.17
  16 161009 0036 44.68 72.8773N 124.9875E  19.44 1.20   7 0.178   34.11  97.89  19.44
  17 161012 0800 22.04 72.7404N 126.0350E  19.12 0.80   7 0.038   -1.18  82.61  19.12
  18 161015 1013 36.44 72.0373N 126.9711E  10.67 0.70   7 0.085  -33.47   4.16  10.67
  19 161021 0507 33.39 72.5649N 124.7940E   9.02 0.80   6 0.198   40.98  63.03   9.02
  20 161124 2250 45.90 72.7670N 124.8963E  16.09 3.10   4 0.022   37.30  85.59  16.09
  21 161125 0156 34.26 72.7354N 124.9347E  11.58 0.60   7 0.193   36.03  82.06  11.58
  22 161125 0517 25.90 72.7668N 124.9622E  13.24 1.60   6 0.151   35.07  85.56  13.24
  23 161125 0525 16.01 72.7688N 124.9699E  10.01 0.80   6 0.284   34.81  85.78  10.01
  24 161125 0556  2.35 72.7510N 124.9891E   6.29 0.20   6 0.355   34.18  83.79   6.29
  25 170117 0846 48.80 72.2025N 127.3236E  23.02 0.30   6 0.065  -45.42  22.60  23.02
  26 170122 1614 27.58 71.9581N 128.0122E  10.03 0.90   6 0.051  -69.51  -4.67  10.03
  27 170125 2244  0.24 72.4333N 126.0076E  12.79 0.80   6 0.042   -0.26  48.35  12.79
  28 170302 1359 59.14 72.6853N 124.8780E  10.87 0.50   7 0.164   38.00  76.47  10.87
  29 170302 2335 20.22 71.8939N 130.2969E  14.83 2.10   9 0.166 -148.68 -11.84  14.83
  30 170304 2135  3.11 72.6774N 124.9282E  12.07 1.30   7 0.289   36.31  75.59  12.07
  31 170307 0447 21.06 72.6887N 124.9478E  13.76 1.70  10 0.114   35.63  76.85  13.76
  32 170307 2016 50.91 72.6835N 124.9250E  14.47 1.10   6 0.077   36.41  76.27  14.47
  33 170309 1454  0.96 72.6764N 124.9027E  15.55 0.30   6 0.081   37.17  75.47  15.55
  34 170311 0430 55.58 72.3106N 126.4717E  24.29 0.30   6 0.061  -16.14  34.66  24.29
  35 170312 0416 40.25 71.9349N 127.9979E   5.07 2.10   6 0.219  -69.05  -7.27   5.07
  36 170313 0553 59.24 72.6914N 124.9258E  14.91 1.00   9 0.131   36.37  77.14  14.91
  37 170313 0809  5.72 72.4436N 125.0950E  12.80 1.20   7 0.115   30.85  49.50  12.80
  38 170315 0234 46.54 72.6609N 123.8652E  17.49 1.40   7 0.226   72.35  73.74  17.49
  39 170317 1007 14.73 72.2248N 125.9785E   2.31 0.50   7 0.115    0.74  25.08   2.31
  40 170320 0711 14.62 72.1215N 127.2063E  15.12 0.90   6 0.150  -41.49  13.55  15.12
  41 170320 0853 57.05 72.6948N 124.9845E   6.80 0.40   6 0.236   34.39  77.53   6.80
  42 170320 1900 34.44 72.4101N 126.1015E  17.16 0.60   7 0.053   -3.47  45.76  17.16
  43 170323 0519 25.09 71.6473N 129.1359E   5.98 1.20   6 0.145 -109.22 -39.35   5.98
  44 170323 1612 50.38 72.4477N 125.1344E   5.48 0.50   6 0.113   29.51  49.96   5.48
  45 170323 1906 41.30 72.4147N 130.2595E  21.15 1.00   6 0.117 -145.33  46.28  21.15
  46 170326 0836 34.13 71.9864N 127.6526E  16.24 1.50   7 0.059  -57.04  -1.52  16.24
  47 170402 0422  1.23 72.7172N 125.6811E  21.46 1.20  10 0.172   10.79  80.03  21.46
  48 170402 0636 37.42 72.7276N 125.6727E  24.22 0.70   6 0.048   11.07  81.19  24.22
  49 170404 2347 35.77 72.7553N 124.4031E  22.84 0.50   6 0.049   53.98  84.28  22.84
  50 170405 0307 36.12 71.6759N 128.9250E  14.15 1.00  10 0.098 -101.80 -36.16  14.15
  51 170405 1410 53.52 71.5290N 128.8470E   7.05 1.70  10 0.231  -99.47 -52.56   7.05
  52 170406 0838 43.02 72.4037N 129.4211E  14.47 0.90  10 0.219 -116.76  45.04  14.47
  53 170406 1728  1.20 72.7233N 125.6833E  21.17 0.90  10 0.139   10.71  80.71  21.17
  54 170407 1729  0.88 74.8889N 128.6394E  15.85 1.80   2 0.258  -83.98 322.35  15.85
  55 170407 1729  1.52 74.7257N 128.7908E   0.60 1.60   5 0.076  -89.22 304.15   0.60
  56 170408 1004 44.99 72.5960N 124.9473E  13.81 1.40  13 0.186   35.74  66.50  13.81
  57 170409 0856 46.85 73.3961N 128.5730E  15.63 2.50   6 0.289  -85.45 155.78  15.63
  58 170409 0902 45.54 73.3707N 128.4131E  16.81 1.10   7 0.243  -80.19 152.95  16.81
  59 170410 1520  9.13 72.0108N 128.3698E   4.18 1.00  10 0.309  -81.74   1.20   4.18
  60 170410 1813  4.07 70.9554N 129.0838E   5.65 2.20  13 0.469 -109.38-116.56   5.65
  61 170412 1507  0.91 71.5219N 129.7628E   3.16 0.70   6 0.542 -131.49 -53.35   3.16
  62 170413 0651 20.17 73.3655N 125.3794E  16.17 1.00  10 0.295   20.63 152.37  16.17
  63 170414 0459 18.93 72.2601N 127.3653E  20.54 0.50   7 0.025  -46.78  29.02  20.54
  64 170414 0540  4.29 73.7115N 130.8024E   8.14 1.80  11 0.408 -158.07 190.97   8.14
  65 170414 1656 23.51 72.1757N 127.3728E  15.73 0.20   6 0.057  -47.14  19.61  15.73
  66 170414 1753 32.85 72.4013N 130.4962E  21.84 0.70   6 0.207 -153.46  44.78  21.84
  67 170416 0523 42.04 71.9451N 127.0619E  17.40 1.60  13 0.133  -36.69  -6.13  17.40
  68 170416 1220 13.91 72.9711N 124.4548E  22.23 1.00  11 0.209   51.92 108.36  22.23
 WARNING: Event-# :          69 has zero observations!
  69 170416 1257 48.30 68.8710N 131.7500E  73.50 2.20   0 0.000 -214.97-349.14  73.50
  70 170416 1821  5.41 72.8767N 124.9834E  20.31 1.30  13 0.121   34.25  97.82  20.31
  71 170418 0606  5.16 72.5054N 125.8147E   0.63 0.20   6 0.551    6.31  56.39   0.63
  72 170418 1005 54.27 69.3333N 122.4152E  96.92 2.20   1 0.000  132.50-297.56  96.92
  73 170418 1500 12.96 72.7275N 124.4856E  23.91 1.30  12 0.204   51.23  81.18  23.91
  74 170420 1302 36.17 72.6367N 129.0295E  24.69 0.90  11 0.249 -102.74  71.04  24.69
  75 170420 2248 47.05 72.0449N 129.2152E   8.47 0.70  11 0.918 -110.80   5.01   8.47
 WARNING: Event-# :          76 has zero observations!
  76 170423 0850 54.60 74.7080N 132.7900E   0.10 1.90   0 0.000 -217.19 302.17   0.10
  77 170423 1455 44.11 72.8444N 124.4876E  16.68 0.60   8 0.076   51.00  94.22  16.68
  78 170423 2313 41.90 72.5838N 124.8626E  21.74 1.30  12 0.142   38.63  65.14  21.74
  79 170424 0609 59.37 71.9561N 127.9966E   6.34 1.10  12 0.335  -68.97  -4.89   6.34
  80 170424 0755 27.49 71.9415N 128.0108E   5.70 1.00  12 0.241  -69.49  -6.53   5.70
  81 170424 0755 27.76 71.9542N 128.0029E   4.40 1.00  12 0.307  -69.19  -5.11   4.40
  82 170425 0652 24.24 71.9544N 127.9905E   0.17 1.20   9 0.214  -68.76  -5.08   0.17
  83 170426 0051 23.83 71.9481N 128.0242E   7.30 0.70   6 0.073  -69.94  -5.79   7.30
  84 170426 1425 21.35 72.0635N 127.2244E  20.70 0.10   6 0.048  -42.17   7.09  20.70
  85 170426 1834 24.49 71.5898N 130.8078E   9.98 1.20   8 0.147 -167.71 -45.78   9.98
  86 170426 1840 44.15 72.2617N 126.3456E  17.55 1.30   8 0.054  -11.84  29.21  17.55
  87 170427 0912 29.56 72.0507N 127.7619E   4.99 0.90   8 0.197  -60.71   5.66   4.99
  88 170427 1041 38.14 71.7437N 128.9640E   9.05 0.70   7 0.215 -102.97 -28.60   9.05
  89 170427 2010 47.87 72.8077N 130.2389E  24.72 1.30   8 0.237 -143.08  90.13  24.72
  90 170427 2010 48.32 72.8026N 130.1628E  24.75 1.30   8 0.183 -140.54  89.55  24.75
  91 170427 2342 33.98 72.7636N 124.9809E  21.79 0.80   6 0.164   34.44  85.21  21.79

 ~~~ output final station residuals ...
 TURBO-option is set; residuals are NOT printed for each event!



   station statistics, remember nsp was set to: 1


 sta phase nobs avres  avwres    std    wsum    delay

 624    P  74  0.0094  0.0094  0.1890  74.0000  0.0000
 628    P  69  0.0038  0.0038  0.2421  69.0000 -0.2330
 630    P  53 -0.0109 -0.0109  0.2419  53.0000 -0.1366
 627    P  46  0.0009  0.0009  0.1852  46.0000  0.1227
 621    P  59  0.0145  0.0145  0.2103  59.0000  0.0820
 629    P  43 -0.0004 -0.0004  0.2432  43.0000  0.1735
 622    P  58  0.0126  0.0126  0.1686  58.0000  0.0515
 620    P  48  0.0171  0.0171  0.2771  48.0000 -0.0827
 623    P  55  0.0142  0.0142  0.2659  55.0000  0.2619
 626    P  52  0.0127  0.0127  0.3666  52.0000  0.1730
 625    P  49 -0.0001 -0.0001  0.2358  49.0000  0.1605
 631    P  49 -0.0023 -0.0023  0.2304  49.0000  0.3402
 632    P  24 -0.0031 -0.0031  0.3227  24.0000 -0.0486


 ~~~ output statistics ...




 RAY-STATISTICS FOR  L A S T  ITERATION
 --------------------------------------

 NHYP : nr of hypocenters in this layer
 NREF : nr of headwaves in this layer
 %len : % of "refracted km" in this layer 
        with respect to all refracted kilometers
 NHIT : nr of rays passed thru this layer
 xy-km: average horizontal ray length [km] in layer
 z-km : average  vertical  ray length [km] in layer
 RFLX : number of reflections at bottom of this layer

 nlay   top ..... bottom     velocity   NHYP NREF %len  NHIT xy-km  z-km  RFLX

   1    -5.00... -2.87 km    4.68 km/s    0    0   0.0     0   0.0   0.0     0
   2    -2.87...  9.30 km    5.69 km/s   25    0   0.0  1420  24.4   6.9     0
   3     9.30...  9.63 km    5.71 km/s    0    0   0.0   607   0.6   0.3     0
   4     9.63... 16.56 km    6.25 km/s   31   24  13.5   654  23.6   5.4     0
   5    16.56... 17.83 km    6.29 km/s    7    0   0.0   504   3.2   1.2     0
   6    17.83... 29.06 km    6.47 km/s   26   54  17.0   473  26.4   7.2     0
   7    29.06... 29.09 km    7.06 km/s    0    0   0.0   273   0.2   0.0     0
   8    29.09... 33.40 km    7.13 km/s    0  124  62.8   149  78.9   0.7     0
   9    33.40... 43.95 km    7.17 km/s    0    5   2.5    20  48.0   7.9     0
  10    43.95...       km    7.48 km/s    2    7   4.2     0   0.0   0.0

 Total nr of events was   91

 Total nr of refracted rays =   214
 Total nr of reflected rays =     0
 Total nr of   other   rays =   465
                              ------
 Total nr of    all    rays =   679

 Average (absolute) error of the raytracers:
  Straight and direct rays : ******* meters
  Refracted           rays :    0.01 meters
  Reflected           rays :    0.00 meters


 ALL RAYS TOGETHER:
 Average horizontal ray length =   89.9 km   (Hypocenter --> Station) 
 Average  vertical  ray length =   17.4 km   (Deepest ray-point --> Station)



 ... and some more STATISTICS 
 ---------------------------- 
  GAP of final epicenters:

  Event# -> GAP  Event# -> GAP  Event# -> GAP  Event# -> GAP  Event# -> GAP
       1 -> 297       2 -> 295       3 -> 272       4 -> 275       5 -> 307
       6 ->  99       7 -> 321       8 -> 306       9 -> 166      10 -> 346
      11 -> 347      12 -> 259      13 -> 265      14 -> 262      15 -> 265
      16 -> 266      17 -> 253      18 -> 242      19 -> 157      20 -> 302
      21 -> 230      22 -> 238      23 -> 240      24 -> 234      25 -> 127
      26 -> 101      27 -> 149      28 -> 212      29 -> 305      30 -> 209
      31 -> 213      32 -> 211      33 -> 209      34 -> 132      35 -> 231
      36 -> 214      37 -> 130      38 -> 313      39 -> 122      40 -> 208
      41 -> 215      42 -> 120      43 -> 225      44 -> 134      45 -> 309
      46 -> 123      47 -> 223      48 -> 226      49 -> 285      50 -> 191
      51 -> 287      52 -> 271      53 -> 224      54 -> 354      55 -> 347
      56 -> 178      57 -> 310      58 -> 319      59 -> 165      60 -> 309
      61 -> 301      62 -> 305      63 -> 147      64 -> 322      65 -> 128
      66 -> 293      67 ->  87      68 -> 297      69 -> 173      70 -> 263
      71 -> 172      72 ->   0      73 -> 261      74 -> 299      75 -> 245
      76 ->  61      77 -> 284      78 -> 169      79 -> 164      80 -> 169
      81 -> 165      82 -> 163      83 -> 231      84 -> 121      85 -> 315
      86 ->  94      87 -> 112      88 -> 269      89 -> 318      90 -> 317
      91 -> 294

 GAPs were between   0 and 354
      (average GAP was 227)



  MAGNITUDES of INPUT-DATA:

 Magnitude (# of events)   ***average number of obs***

 MAG<= 1.0 ( 47) *******
 MAG = 1.1 (  4) ********
 MAG = 1.2 (  7) ********
 MAG = 1.3 (  8) *********1
 MAG = 1.4 (  3) *********
 MAG = 1.5 (  3) ********
 MAG = 1.6 (  3) ********
 MAG = 1.7 (  2) *********1
 MAG = 1.8 (  2) *******
 MAG = 1.9 (  1)  
 MAG = 2.0 (  0)  
 MAG = 2.1 (  2) ********
 MAG = 2.2 (  3) *****
 MAG = 2.3 (  1) **
 MAG = 2.4 (  0)  
 MAG = 2.5 (  1) ******
 MAG = 2.6 (  1) **
 MAG = 2.7 (  0)  
 MAG = 2.8 (  0)  
 MAG = 2.9 (  1) ******
 MAG = 3.0 (  0)  
 MAG = 3.1 (  1) ****
 MAG = 3.2 (  0)  
 MAG = 3.3 (  0)  
 MAG = 3.4 (  0)  
 MAG = 3.5 (  0)  
 MAG = 3.6 (  0)  
 MAG = 3.7 (  0)  
 MAG = 3.8 (  0)  
 MAG = 3.9 (  0)  
 MAG = 4.0 (  1) *********1**
 MAG = 4.1 (  0)  
 MAG = 4.2 (  0)  
 MAG = 4.3 (  0)  
 MAG = 4.4 (  0)  
 MAG = 4.5 (  0)  
 MAG = 4.6 (  0)  
 MAG = 4.7 (  0)  
 MAG = 4.8 (  0)  
 MAG = 4.9 (  0)  
 MAG = 5.0 (  0)  
 MAG = 5.1 (  0)  
 MAG = 5.2 (  0)  
 MAG = 5.3 (  0)  
 MAG = 5.4 (  0)  
 MAG = 5.5 (  0)  
 MAG = 5.6 (  0)  
 MAG = 5.7 (  0)  
 MAG = 5.8 (  0)  
 MAG = 5.9 (  0)  
 MAG>= 6.0 (  0)  





  DEPTHs of INPUT-DATA and of LAST ITERATION:
  ===========================================

       Depth       # of events  

 DEPTH ( input ) =  -4. km :   
 DEPTH (last_IT) =  -4. km :   
 DEPTH ( input ) =  -3. km :   
 DEPTH (last_IT) =  -3. km :   
 DEPTH ( input ) =  -2. km :   
 DEPTH (last_IT) =  -2. km :   
 DEPTH ( input ) =  -1. km :   
 DEPTH (last_IT) =  -1. km :   
 DEPTH ( input ) =   0. km :  ........
 DEPTH (last_IT) =   0. km :  **
 DEPTH ( input ) =   1. km :  .
 DEPTH (last_IT) =   1. km :  **
 DEPTH ( input ) =   2. km :   
 DEPTH (last_IT) =   2. km :  *
 DEPTH ( input ) =   3. km :  ...
 DEPTH (last_IT) =   3. km :  *
 DEPTH ( input ) =   4. km :  ..
 DEPTH (last_IT) =   4. km :  **
 DEPTH ( input ) =   5. km :  ..
 DEPTH (last_IT) =   5. km :  ***
 DEPTH ( input ) =   6. km :  ..
 DEPTH (last_IT) =   6. km :  *****
 DEPTH ( input ) =   7. km :  .
 DEPTH (last_IT) =   7. km :  ****
 DEPTH ( input ) =   8. km :  ...
 DEPTH (last_IT) =   8. km :  **
 DEPTH ( input ) =   9. km :  ..
 DEPTH (last_IT) =   9. km :  ***
 DEPTH ( input ) =  10. km :  ..
 DEPTH (last_IT) =  10. km :  ****
 DEPTH ( input ) =  11. km :  ...
 DEPTH (last_IT) =  11. km :  ***
 DEPTH ( input ) =  12. km :  ....
 DEPTH (last_IT) =  12. km :  **
 DEPTH ( input ) =  13. km :  ..
 DEPTH (last_IT) =  13. km :  ****
 DEPTH ( input ) =  14. km :  ...
 DEPTH (last_IT) =  14. km :  *****
 DEPTH ( input ) =  15. km :  ........
 DEPTH (last_IT) =  15. km :  ***
 DEPTH ( input ) =  16. km :  .........1.
 DEPTH (last_IT) =  16. km :  *********1
 DEPTH ( input ) =  17. km :  .....
 DEPTH (last_IT) =  17. km :  *****
 DEPTH ( input ) =  18. km :  ....
 DEPTH (last_IT) =  18. km :  ***
 DEPTH ( input ) =  19. km :  .....
 DEPTH (last_IT) =  19. km :  **
 DEPTH ( input ) =  20. km :  .....
 DEPTH (last_IT) =  20. km :  **
 DEPTH ( input ) =  21. km :  ..
 DEPTH (last_IT) =  21. km :  ******
 DEPTH ( input ) =  22. km :  ....
 DEPTH (last_IT) =  22. km :  ****
 DEPTH ( input ) =  23. km :  ....
 DEPTH (last_IT) =  23. km :  **
 DEPTH ( input ) =  24. km :  ..
 DEPTH (last_IT) =  24. km :  ****
 DEPTH ( input ) =  25. km :  .
 DEPTH (last_IT) =  25. km :  *****
 DEPTH ( input ) =  26. km :   
 DEPTH (last_IT) =  26. km :   
 DEPTH ( input ) =  27. km :   
 DEPTH (last_IT) =  27. km :   
 DEPTH ( input ) =  28. km :   
 DEPTH (last_IT) =  28. km :   
 DEPTH ( input ) =  29. km :   
 DEPTH (last_IT) =  29. km :   
 DEPTH ( input ) =  30. km :   
 DEPTH (last_IT) =  30. km :   
 DEPTH ( input ) =  31. km :   
 DEPTH (last_IT) =  31. km :   
 DEPTH ( input ) =  32. km :   
 DEPTH (last_IT) =  32. km :   
 DEPTH ( input ) =  33. km :   
 DEPTH (last_IT) =  33. km :   
 DEPTH ( input ) =  34. km :   
 DEPTH (last_IT) =  34. km :   
 DEPTH ( input ) =  35. km :   
 DEPTH (last_IT) =  35. km :   
 DEPTH ( input ) =  36. km :   
 DEPTH (last_IT) =  36. km :   
 DEPTH ( input ) =  37. km :   
 DEPTH (last_IT) =  37. km :   
 DEPTH ( input ) =  38. km :   
 DEPTH (last_IT) =  38. km :   
 DEPTH ( input ) =  39. km :   
 DEPTH (last_IT) =  39. km :   
 DEPTH ( input ) =  40. km :   
 DEPTH (last_IT) =  40. km :   
 DEPTH ( input ) =  41. km :   
 DEPTH (last_IT) =  41. km :   
 DEPTH ( input ) =  42. km :   
 DEPTH (last_IT) =  42. km :   
 DEPTH ( input ) =  43. km :   
 DEPTH (last_IT) =  43. km :   
 DEPTH ( input ) =  44. km :   
 DEPTH (last_IT) =  44. km :   
 DEPTH ( input ) =  45. km :   
 DEPTH (last_IT) =  45. km :   
 DEPTH ( input ) =  46. km :   
 DEPTH (last_IT) =  46. km :   
 DEPTH ( input ) =  47. km :   
 DEPTH (last_IT) =  47. km :   
 DEPTH ( input ) =  48. km :   
 DEPTH (last_IT) =  48. km :   
 DEPTH ( input ) =  49. km :   
 DEPTH (last_IT) =  49. km :   
 DEPTH ( input ) =  50. km :   
 DEPTH (last_IT) =  50. km :   
 DEPTH ( input ) =  51. km :   
 DEPTH (last_IT) =  51. km :   
 DEPTH ( input ) =  52. km :   
 DEPTH (last_IT) =  52. km :   
 DEPTH ( input ) =  53. km :   
 DEPTH (last_IT) =  53. km :   
 DEPTH ( input ) =  54. km :   
 DEPTH (last_IT) =  54. km :   
 DEPTH ( input ) =  55. km :   
 DEPTH (last_IT) =  55. km :   
 DEPTH ( input ) =  56. km :   
 DEPTH (last_IT) =  56. km :   
 DEPTH ( input ) =  57. km :   
 DEPTH (last_IT) =  57. km :   
 DEPTH ( input ) =  58. km :   
 DEPTH (last_IT) =  58. km :   
 DEPTH ( input ) =  59. km :   
 DEPTH (last_IT) =  59. km :   
 DEPTH ( input ) =  60. km :   
 DEPTH (last_IT) =  60. km :   
 DEPTH ( input ) =  61. km :   
 DEPTH (last_IT) =  61. km :   
 DEPTH ( input ) =  62. km :   
 DEPTH (last_IT) =  62. km :   
 DEPTH ( input ) =  63. km :   
 DEPTH (last_IT) =  63. km :   
 DEPTH ( input ) =  64. km :   
 DEPTH (last_IT) =  64. km :   
 DEPTH ( input ) =  65. km :   
 DEPTH (last_IT) =  65. km :   
 DEPTH ( input ) =  66. km :   
 DEPTH (last_IT) =  66. km :   
 DEPTH ( input ) =  67. km :   
 DEPTH (last_IT) =  67. km :   
 DEPTH ( input ) =  68. km :   
 DEPTH (last_IT) =  68. km :   
 DEPTH ( input ) =  69. km :   
 DEPTH (last_IT) =  69. km :   
 DEPTH ( input ) =  70. km :   
 DEPTH (last_IT) =  70. km :   
 DEPTH ( input ) =  71. km :   
 DEPTH (last_IT) =  71. km :   
 DEPTH ( input ) =  72. km :   
 DEPTH (last_IT) =  72. km :   
 DEPTH ( input ) =  73. km :   
 DEPTH (last_IT) =  73. km :   
 DEPTH ( input ) =  74. km :  .
 DEPTH (last_IT) =  74. km :  *
 DEPTH ( input ) =  75. km :   
 DEPTH (last_IT) =  75. km :   
 DEPTH ( input ) =  76. km :   
 DEPTH (last_IT) =  76. km :   
 DEPTH ( input ) =  77. km :   
 DEPTH (last_IT) =  77. km :   
 DEPTH ( input ) =  78. km :   
 DEPTH (last_IT) =  78. km :   
 DEPTH ( input ) =  79. km :   
 DEPTH (last_IT) =  79. km :   
 DEPTH ( input ) =  80. km :   
 DEPTH (last_IT) =  80. km :   
 DEPTH ( input ) =  81. km :   
 DEPTH (last_IT) =  81. km :   
 DEPTH ( input ) =  82. km :   
 DEPTH (last_IT) =  82. km :   
 DEPTH ( input ) =  83. km :   
 DEPTH (last_IT) =  83. km :   
 DEPTH ( input ) =  84. km :   
 DEPTH (last_IT) =  84. km :   
 DEPTH ( input ) =  85. km :   
 DEPTH (last_IT) =  85. km :   
 DEPTH ( input ) =  86. km :   
 DEPTH (last_IT) =  86. km :   
 DEPTH ( input ) =  87. km :   
 DEPTH (last_IT) =  87. km :   
 DEPTH ( input ) =  88. km :   
 DEPTH (last_IT) =  88. km :   
 DEPTH ( input ) =  89. km :   
 DEPTH (last_IT) =  89. km :   
 DEPTH ( input ) =  90. km :   
 DEPTH (last_IT) =  90. km :   
 DEPTH ( input ) =  91. km :   
 DEPTH (last_IT) =  91. km :   
 DEPTH ( input ) =  92. km :   
 DEPTH (last_IT) =  92. km :   
 DEPTH ( input ) =  93. km :   
 DEPTH (last_IT) =  93. km :   
 DEPTH ( input ) =  94. km :   
 DEPTH (last_IT) =  94. km :   
 DEPTH ( input ) =  95. km :   
 DEPTH (last_IT) =  95. km :   
 DEPTH ( input ) =  96. km :   
 DEPTH (last_IT) =  96. km :   
 DEPTH ( input ) =  97. km :  .
 DEPTH (last_IT) =  97. km :  *
 DEPTH ( input ) =  98. km :   
 DEPTH (last_IT) =  98. km :   
 DEPTH ( input ) =  99. km :   
 DEPTH (last_IT) =  99. km :   
 DEPTH ( input ) = 100. km :   
 DEPTH (last_IT) = 100. km :   
 DEPTH ( input ) > 100. km :   
 DEPTH (last_IT) > 100. km :   


 Residuals of the stations according to the azimuth:
 (RES  = total average residual at station)
 (RES1 = average residual of rays from 1st quadrant)
 (RES2 = average residual of rays from 2nd quadrant)
 (RES3 = average residual of rays from 3rd quadrant)
 (RES4 = average residual of rays from 4th quadrant)

 Stn#  Stn     RES          RES1         RES2         RES3         RES4
   1   624     0.01(  74)   0.09(  33)   0.07(   5)  -0.05(  29)  -0.16(   7)
   2   628     0.00(  69)  -0.05(  32)  -0.01(   5)  -0.02(  23)   0.24(   9)
   3   630    -0.01(  53)  -0.00(  24)  -0.03(  11)  -0.05(  10)   0.04(   8)
   4   627     0.00(  46)   0.01(  12)   0.01(   1)  -0.07(  21)   0.11(  12)
   5   621     0.01(  59)   0.21(   7)   0.00(   0)  -0.02(  18)  -0.01(  34)
   6   629    -0.00(  43)   0.08(  15)   0.00(   0)  -0.10(   7)  -0.02(  21)
   7   622     0.01(  58)   0.02(  27)   0.00(   0)  -0.00(  20)   0.02(  11)
   8   620     0.02(  48)   0.06(   1)   0.00(   0)   0.09(  18)  -0.03(  29)
   9   623     0.01(  55)  -0.01(  30)   0.00(   0)   0.14(  17)  -0.16(   8)
  10   626     0.01(  52)  -0.02(  24)   0.00(   0)  -0.16(   5)   0.08(  23)
  11   625    -0.00(  49)   0.08(  15)   0.00(   0)  -0.09(  23)   0.08(  11)
  12   631    -0.00(  49)  -0.06(  18)   0.00(   1)   0.35(   4)  -0.01(  26)
  13   632    -0.00(  24)   0.10(  12)  -0.76(   2)   0.21(   3)  -0.06(   7)



 CPU - statistics:

 TOTAL CPU-sec          =    0.3     (CPU-minutes:  0.005)

 >>>   End of program VELEST at 25-06-02 12:54       <<< [ CPU-sec :     0.3]
