 >>> Start of program VELEST at 25-06-02 12:53       <<<                        

 ::::::::::::::::::::::::::::::::::::::                                         
  V E L E S T  - Version : January 3, 1995                                      
  (Authors: see source code)                                                    
 ::::::::::::::::::::::::::::::::::::::                                         


 Title of this VELEST run:

 model_2
 -------


 Current array-dimensions of program VELEST:

 Max. number of EARTHQUAKES for simult. inversion IEQ = ***
 Max. number of SHOTS for simult. inversion    INSHOT =  50
 Max. number of (different) 1D-MODELS      ITOTMODELS =   2
 Max. number of LAYERS per one 1D-model        INLTOT = 100
 Max. number of STATIONS in stationlist           IST = 650
 Max. number of OBSERVATIONS per event MAXOBSPEREVENT = 180






    INPUT - P A R A M E T E R S :



***
***  olat       olon   icoordsystem      zshift   itrial ztrial    ised
  72.000000-126.000000      0            0.000       0     0.00      0
***
*** neqs   nshot    rotate
     91      0      0.0
***
*** isingle   iresolcalc
       0          0
***
*** dmax    itopo    zmin     veladj    zadj   lowveloclay
   300.00     0      0.01       0.20    5.00       0
***
*** nsp    swtfac   vpvs       nmod
     1      1.00    1.730        1
***
***   othet   xythet    zthet    vthet   stathet
       0.01     0.01     0.01     1.00     0.01
***
*** nsinv   nshcor   nshfix     iuseelev    iusestacorr
       1       0       0           1            1
***
*** iturbo    icnvout   istaout   ismpout
       1         1         1         0
***
*** irayout   idrvout   ialeout   idspout   irflout   irfrout   iresout
       0         0         0         0         0         0         0
***
*** delmin   ittmax   invertratio
    0.010       3          1
***
*** Modelfile:
tmp/model_2/synthvel/model_481.mod
***
*** Stationfile:
./velinp/station.sta
***
*** Seismofile:
 
***
*** File with region names:
 
***
*** File with region coordinates:
 
***
*** File #1 with topo data:
 
***
*** File #2 with topo data:
 
***
*** DATA INPUT files:
***
*** File with Earthquake data:
./velinp/data.cnv
***
*** File with Shot data:
 
***
*** OUTPUT files:
***
*** Main print output file:
./velout/model_2/velest481.out
***
*** File with single event locations:
velout.vel
***
*** File with final hypocenters in *.cnv format:
./velout/model_2/final_loc481.cnv
***
*** File with new station corrections:
./velout/model_2/stations_corr481.sta
***
*** File with summary cards (e.g. for plotting):
velout.smp
***
*** File with raypoints:
velout.ray
***
*** File with derivatives:
velout.drv
***
*** File with ALEs:
velout.ale
***
*** File with Dirichlet spreads:
velout.dspr
***
*** File with reflection points:
velout.rfl
***
*** File with refraction points:
velout.rfr
***
*** File with residuals:
velout.res
***




 Origin of cartesian coordinates:
        72.00000N   126.00000E

  X,Y-AXES rotated clockwise from North
           Rotation angle (rotate):
            rotate=    0.0 degr.

 icoordsystem =            0
 normal SHORT DISTANCE CONVERSION will be made
 x is positive towards west, y is positive towards north


 SHORT DISTANCE CONVERSION on ELLIPSOIDE of WORLD GEODETIC SYSTEM 1972 (WGS72)
 =============================================================================

 Radius at equator (REARTH)= 6378.13500  km
   1. / (ellipticity)      =    298.260

 Origin of cartesian coordinates [degrees]:
   72.0000000 N     -126.0000000 W

  Rotation angle (in degr.) clockwise from
North  rotate=    0.0

 Radius of sphere at OLAT =   6358.817 km

 Conversion of GEOGRAPHICAL LATITUDE to GEOCENTRICAL LATITUDE:
 RLATC = TAN(GEOCENTR.LAT) / TAN(GEOGRAPH.LAT)
 RLATC =   0.99333486

          Short distance conversions:
          one min lat ~  1.8597 km 
          one min lon ~  0.5751 km 







    INPUT - M O D E L :



 Model(s) read from file :
 tmp/model_2/synthvel/model_481.mod                                              

 model file title: 
Model: model_481.mod                    
 Velocity structure for model   1 :

 layer    vel   depth   vdamp  reflector
   1      5.01  -5.00    1.00         P-VELOCITY MODEL                  
   2      5.59  -2.32    1.00  
 WARNING:
 Only top of the first layer can be negative !!
   3      5.90   6.92    1.00  
   4      6.55  12.70    1.00  
   5      6.60  15.67    1.00  
   6      6.87  24.84    1.00  
   7      6.96  27.92    1.00  
   8      7.34  30.35    1.00  
   9      7.87  30.85    1.00  
  10      8.00  40.46    1.00  

 Calculation of average velocity starts at layer #            1
 z = -5.00 ... -2.32    v = 5.01    AVEL = 5.01 downto z =  -2.32
 z = -2.32 ...  6.92    v = 5.59    AVEL = 5.46 downto z =   6.92
 z =  6.92 ... 12.70    v = 5.90    AVEL = 5.60 downto z =  12.70
 z = 12.70 ... 15.67    v = 6.55    AVEL = 5.74 downto z =  15.67
 z = 15.67 ... 24.84    v = 6.60    AVEL = 6.00 downto z =  24.84
 z = 24.84 ... 27.92    v = 6.87    AVEL = 6.08 downto z =  27.92
 z = 27.92 ... 30.35    v = 6.96    AVEL = 6.15 downto z =  30.35
 z = 30.35 ... 30.85    v = 7.34    AVEL = 6.16 downto z =  30.85
 z = 30.85 ... 40.46    v = 7.87    AVEL = 6.52 downto z =  40.46


 Calculation of average velocity starts at layer #            2
 z = -2.32 ...  6.92    v = 5.59    AVEL = 5.59 downto z =   6.92
 z =  6.92 ... 12.70    v = 5.90    AVEL = 5.71 downto z =  12.70
 z = 12.70 ... 15.67    v = 6.55    AVEL = 5.85 downto z =  15.67
 z = 15.67 ... 24.84    v = 6.60    AVEL = 6.10 downto z =  24.84
 z = 24.84 ... 27.92    v = 6.87    AVEL = 6.18 downto z =  27.92
 z = 27.92 ... 30.35    v = 6.96    AVEL = 6.24 downto z =  30.35
 z = 30.35 ... 30.85    v = 7.34    AVEL = 6.25 downto z =  30.85
 z = 30.85 ... 40.46    v = 7.87    AVEL = 6.62 downto z =  40.46






    INPUT - S T A T I O N S :



 Station-parameters read from file :
 ./velinp/station.sta                                                            


     stn latitude longitude elev   x      y      z     ptcor stcor model icc
   1 624 72.4760N126.2750E     0  -9.37  53.11  -0.00   0.00  0.00   1  13
   2 628 72.4000N127.1470E     0 -39.15  44.63  -0.00   0.00  0.00   1  12
   3 630 72.0750N128.3250E     0 -80.06   8.37  -0.00   0.00  0.00   1  11
   4 627 72.1170N126.9820E     0 -33.78  13.06  -0.00   0.00  0.00   1  10
   5 621 72.1840N124.8890E     0  38.14  20.53  -0.00   0.00  0.00   1   9
   6 629 71.9290N127.3130E     0 -45.39  -7.92  -0.00   0.00  0.00   1   8
   7 622 72.4420N125.3130E     0  23.42  49.32  -0.00   0.00  0.00   1   7
   8 620 72.6540N124.3470E     0  56.03  72.98  -0.00   0.00  0.00   1   6
   9 623 72.3260N125.7600E     0   8.21  36.38  -0.00   0.00  0.00   1   5
  10 626 71.8880N126.0360E     0  -1.25 -12.50  -0.00   0.00  0.00   1   4
  11 625 72.1740N126.1070E     0  -3.67  19.42  -0.00   0.00  0.00   1   3
  12 631 71.3990N127.2470E     0 -43.72 -67.06  -0.00   0.00  0.00   1   2
  13 632 71.5740N129.0728E     0-107.23 -47.53  -0.00   0.00  0.00   1   1

 NO Seismo-parameter-file specified
 --> NO magnitudes calculated!




   neqs=   91  nshot=    0  nltot=   10

 ~~~ input parameters read.
 ~~~ set units for first iteration ...
 ~~~ determine number of unknowns ...

 Number of unknowns (for array-indexing):  nvar =  386
 Number of effective unknowns        :  nvareff =  374
 Number of elements on/below main diagonal of matrix G = At*A : kvar =   74691

 ~~~ reset G and RHT ...
 ~~~ input data, raytracing, setup G ...






    I N P U T - D A T A  

  eq    origin-time    latitude longitude depth    x      y      z    mag ifxOBS
   1 160818 1613  9.10 73.0030N 124.8500E  23.10  38.61 111.92  23.10 1.40 0   6
   2 160818 1613  9.30 72.9910N 124.8700E  22.80  37.95 110.58  22.80 1.10 0   6
   3 160819 0959 27.30 71.9230N 129.7600E  12.10-130.00  -8.59  12.10 4.00 0  12
   4 160820 1506 15.70 71.9380N 129.7900E  11.00-130.98  -6.92  11.00 1.50 0   9
   5 160820 1904 45.70 72.3480N 127.1800E  23.80 -40.33  38.83  23.80 1.20 0   6
   6 160822 1318 49.50 72.3650N 127.0800E  16.50 -36.90  40.73  16.50 0.60 0   8
   7 160823 0652 14.00 70.9330N 129.8100E   6.40-135.21-119.06   6.40 2.90 0   6
   8 160824 1510 30.40 71.6070N 130.0400E   8.60-140.86 -43.85   8.60 1.50 0   9
   9 160906 1514 39.70 72.5080N 125.6800E  12.10  10.89  56.68  12.10 0.90 0   6
 WARNING:
 epicentral distance: 303.3 > dmax ( 300.0) ==> skipping phase !
 WARNING:
 epicentral distance: 338.2 > dmax ( 300.0) ==> skipping phase !
  10 160920 1607 18.30 69.2370N 128.3500E  16.20 -87.07-308.31  16.20 2.60 0   2
 WARNING:
 epicentral distance: 318.5 > dmax ( 300.0) ==> skipping phase !
 WARNING:
 epicentral distance: 355.0 > dmax ( 300.0) ==> skipping phase !
  11 160925 1911  5.60 69.2250N 127.6800E  15.60 -62.26-309.64  15.60 2.30 0   2
  12 161004 0841 51.20 72.8480N 124.9600E  15.60  35.07  94.62  15.60 0.20 0   6
  13 161005 1619 46.90 72.8770N 125.0100E  19.00  33.35  97.86  19.00 1.00 0   9
  14 161006 0156 55.90 72.8740N 125.0100E  13.90  33.36  97.52  13.90 1.00 0   7
  15 161009 0036 44.70 72.8720N 124.9900E  17.20  34.03  97.30  17.20 1.30 0   8
  16 161009 0036 44.90 72.8580N 124.9600E  18.60  35.06  95.74  18.60 1.20 0   7
  17 161012 0800 22.10 72.7380N 126.0300E  18.50  -1.01  82.35  18.50 0.80 0   7
  18 161015 1013 36.50 72.0400N 126.9900E  11.20 -34.12   4.46  11.20 0.70 0   7
  19 161021 0507 33.30 72.5750N 124.7800E  10.10  41.44  64.16  10.10 0.80 0   6
  20 161124 2250 46.00 72.7630N 124.8800E  16.20  37.85  85.14  16.20 3.10 0   4
  21 161125 0156 34.10 72.7420N 124.9200E  14.50  36.52  82.80  14.50 0.60 0   7
  22 161125 0517 25.90 72.7650N 124.9400E  13.50  35.82  85.36  13.50 1.60 0   6
  23 161125 0525 15.90 72.7740N 124.9500E  11.60  35.48  86.37  11.60 0.80 0   6
  24 161125 0556  2.00 72.7350N 124.9700E   5.70  34.84  82.01   5.70 0.20 0   6
  25 170117 0846 48.60 72.2130N 127.3400E  22.00 -45.97  23.77  22.00 0.30 0   6
  26 170122 1614 27.60 71.9670N 128.0400E  10.30 -70.45  -3.68  10.30 0.90 0   6
  27 170125 2244  0.20 72.4440N 126.0200E  13.10  -0.68  49.54  13.10 0.80 0   6
  28 170302 1359 59.10 72.6830N 124.8900E  11.50  37.60  76.21  11.50 0.50 0   7
  29 170302 2335 20.20 71.8850N 130.3000E  14.80-148.82 -12.83  14.80 2.10 0   9
  30 170304 2135  2.90 72.6880N 124.9400E  13.40  35.90  76.77  13.40 1.30 0   7
  31 170307 0447 21.00 72.6940N 124.9200E  14.20  36.57  77.44  14.20 1.70 0  10
  32 170307 2016 50.80 72.6910N 124.9100E  15.30  36.91  77.10  15.30 1.10 0   6
  33 170309 1454  0.80 72.6830N 124.9000E  15.60  37.26  76.21  15.60 0.30 0   6
  34 170311 0430 55.40 72.3130N 126.5000E  24.50 -17.11  34.93  24.50 0.30 0   6
  35 170312 0416 39.20 71.9240N 128.0800E   3.40 -71.91  -8.48   3.40 2.10 0   6
  36 170313 0553 59.10 72.6980N 124.9200E  15.10  36.57  77.89  15.10 1.00 0   9
  37 170313 0809  5.60 72.4500N 125.0800E  14.90  31.36  50.21  14.90 1.20 0   7
  38 170315 0234 46.50 72.6540N 123.8400E  16.90  73.22  72.98  16.90 1.40 0   7
  39 170317 1007 14.10 72.2350N 125.9800E   3.90   0.69  26.22   3.90 0.50 0   7
  40 170320 0711 14.60 72.1250N 127.2200E  16.80 -41.95  13.95  16.80 0.90 0   6
  41 170320 0853 56.40 72.7090N 124.9700E   5.10  34.86  79.11   5.10 0.40 0   6
  42 170320 1900 34.30 72.4150N 126.1200E  18.00  -4.09  46.31  18.00 0.60 0   7
  43 170323 0519 24.60 71.6470N 129.1800E   5.20-110.76 -39.39   5.20 1.20 0   6
  44 170323 1612 49.70 72.4530N 125.1100E   8.30  30.33  50.55   8.30 0.50 0   6
  45 170323 1906 41.20 72.4070N 130.2500E  18.30-145.04  45.41  18.30 1.00 0   6
  46 170326 0836 34.10 71.9930N 127.6700E  16.10 -57.63  -0.78  16.10 1.50 0   7
  47 170402 0422  1.00 72.7220N 125.6900E  21.90  10.49  80.56  21.90 1.20 0  10
  48 170402 0636 37.20 72.7310N 125.6900E  23.50  10.49  81.57  23.50 0.70 0   6
  49 170404 2347 35.70 72.7580N 124.3800E  22.60  54.76  84.58  22.60 0.50 0   6
  50 170405 0307 36.10 71.6810N 128.9500E  15.30-102.66 -35.60  15.30 1.00 0  10
  51 170405 1410 53.20 71.5100N 128.9000E   9.30-101.37 -54.68   9.30 1.70 0  10
  52 170406 0838 43.20 72.3850N 129.3800E  15.50-115.42  42.96  15.50 0.90 0  10
  53 170406 1728  1.00 72.7230N 125.6900E  21.30  10.49  80.67  21.30 0.90 0  10
 WARNING:
 epicentral distance: 325.9 > dmax ( 300.0) ==> skipping phase !
 WARNING:
 epicentral distance: 332.9 > dmax ( 300.0) ==> skipping phase !
 WARNING:
 epicentral distance: 345.3 > dmax ( 300.0) ==> skipping phase !
 WARNING:
 epicentral distance: 391.9 > dmax ( 300.0) ==> skipping phase !
  54 170407 1729  3.40 74.8930N 128.6300E  15.60 -83.67 322.81  15.60 1.80 0   2
 WARNING:
 epicentral distance: 311.3 > dmax ( 300.0) ==> skipping phase !
 WARNING:
 epicentral distance: 315.4 > dmax ( 300.0) ==> skipping phase !
 WARNING:
 epicentral distance: 328.9 > dmax ( 300.0) ==> skipping phase !
 WARNING:
 epicentral distance: 374.2 > dmax ( 300.0) ==> skipping phase !
  55 170407 1729  3.50 74.7270N 128.8100E   0.40 -89.83 304.29   0.40 1.60 0   5
  56 170408 1004 44.90 72.6070N 124.9400E  15.00  35.98  67.73  15.00 1.40 0  13
  57 170409 0856 47.20 73.3850N 128.5500E  15.60 -84.71 154.54  15.60 2.50 0   6
  58 170409 0902 45.60 73.3500N 128.4400E  15.10 -81.13 150.64  15.10 1.10 0   7
  59 170410 1520  8.50 72.0030N 128.3900E   2.70 -82.46   0.33   2.70 1.00 0  10
  60 170410 1813  3.60 70.9360N 129.1200E   3.70-110.72-118.73   3.70 2.20 0  13
  61 170412 1507  0.60 71.5070N 129.7200E   0.00-130.05 -55.01   0.00 0.70 0   6
  62 170413 0651 20.10 73.3680N 125.4200E  15.60  19.28 152.65  15.60 1.00 0  10
  63 170414 0459 18.80 72.2680N 127.3800E  20.10 -47.27  29.90  20.10 0.50 0   7
  64 170414 0540  4.80 73.6400N 130.9700E   8.00-163.92 183.00   8.00 1.80 0  11
  65 170414 1656 23.40 72.1850N 127.4000E  15.50 -48.06  20.64  15.50 0.20 0   6
  66 170414 1753 32.80 72.3840N 130.4600E  17.90-152.30  42.85  17.90 0.70 0   6
  67 170416 0523 41.90 71.9560N 127.0800E  19.20 -37.31  -4.91  19.20 1.60 0  13
  68 170416 1220 14.20 72.9470N 124.4900E  20.40  50.77 105.67  20.40 1.00 0  11
 WARNING:
 epicentral distance: 320.3 > dmax ( 300.0) ==> skipping phase !
 WARNING:
 epicentral distance: 381.0 > dmax ( 300.0) ==> skipping phase !
 WARNING:
 epicentral distance: 398.8 > dmax ( 300.0) ==> skipping phase !
 WARNING:
 epicentral distance: 405.0 > dmax ( 300.0) ==> skipping phase !
 WARNING:
 epicentral distance: 424.8 > dmax ( 300.0) ==> skipping phase !
 WARNING:
 epicentral distance: 431.2 > dmax ( 300.0) ==> skipping phase !
 WARNING:
 epicentral distance: 445.5 > dmax ( 300.0) ==> skipping phase !
 WARNING:
 epicentral distance: 451.8 > dmax ( 300.0) ==> skipping phase !
 WARNING:
 epicentral distance: 464.3 > dmax ( 300.0) ==> skipping phase !
  69 170416 1257 48.30 68.8710N 131.7500E  73.50-214.97-349.14  73.50 2.20 0   0
  70 170416 1821  5.50 72.8670N 125.0000E  19.30  33.70  96.74  19.30 1.30 0  13
  71 170418 0606  4.10 72.5080N 125.8200E   1.30   6.13  56.68   1.30 0.20 0   6
 WARNING:
 epicentral distance: 315.2 > dmax ( 300.0) ==> skipping phase !
 WARNING:
 epicentral distance: 332.1 > dmax ( 300.0) ==> skipping phase !
 WARNING:
 epicentral distance: 345.3 > dmax ( 300.0) ==> skipping phase !
 WARNING:
 epicentral distance: 352.6 > dmax ( 300.0) ==> skipping phase !
 WARNING:
 epicentral distance: 346.7 > dmax ( 300.0) ==> skipping phase !
 WARNING:
 epicentral distance: 356.6 > dmax ( 300.0) ==> skipping phase !
 WARNING:
 epicentral distance: 363.9 > dmax ( 300.0) ==> skipping phase !
 WARNING:
 epicentral distance: 372.8 > dmax ( 300.0) ==> skipping phase !
 WARNING:
 epicentral distance: 378.6 > dmax ( 300.0) ==> skipping phase !
 WARNING:
 epicentral distance: 378.6 > dmax ( 300.0) ==> skipping phase !
  72 170418 1005 56.80 69.3310N 122.4100E  97.00 132.70-297.82  97.00 2.20 0   1
  73 170418 1500 12.90 72.7340N 124.5100E  23.10  50.40  81.90  23.10 1.30 0  12
  74 170420 1302 36.20 72.6290N 129.0200E  21.80-102.44  70.19  21.80 0.90 0  11
  75 170420 2248 46.70 72.0220N 129.1200E   0.00-107.59   2.46   0.00 0.70 0  11
 WARNING:
 epicentral distance: 313.1 > dmax ( 300.0) ==> skipping phase !
 WARNING:
 epicentral distance: 324.4 > dmax ( 300.0) ==> skipping phase !
 WARNING:
 epicentral distance: 324.2 > dmax ( 300.0) ==> skipping phase !
 WARNING:
 epicentral distance: 342.4 > dmax ( 300.0) ==> skipping phase !
 WARNING:
 epicentral distance: 349.0 > dmax ( 300.0) ==> skipping phase !
 WARNING:
 epicentral distance: 380.2 > dmax ( 300.0) ==> skipping phase !
 WARNING:
 epicentral distance: 381.6 > dmax ( 300.0) ==> skipping phase !
 WARNING:
 epicentral distance: 408.0 > dmax ( 300.0) ==> skipping phase !
  76 170423 0850 54.60 74.7080N 132.7900E   0.10-217.19 302.17   0.10 1.90 0   0
  77 170423 1455 44.10 72.8400N 124.4900E  16.80  50.92  93.73  16.80 0.60 0   8
  78 170423 2313 41.80 72.5960N 124.8700E  22.00  38.36  66.50  22.00 1.30 0  12
  79 170424 0609 58.60 71.9600N 128.0200E   0.10 -69.77  -4.46   0.10 1.10 0  12
  80 170424 0755 26.70 71.9480N 128.0300E   0.00 -70.14  -5.80   0.00 1.00 0  12
  81 170424 0755 26.90 71.9590N 128.0300E   0.00 -70.12  -4.57   0.00 1.00 0  12
  82 170425 0652 23.30 71.9600N 128.0300E   0.00 -70.12  -4.46   0.00 1.20 0   9
  83 170426 0051 23.20 71.9450N 128.0600E   6.60 -71.18  -6.14   6.60 0.70 0   6
  84 170426 1425 21.20 72.0790N 127.2600E  21.00 -43.38   8.82  21.00 0.10 0   6
  85 170426 1834 24.60 71.5840N 130.8000E  10.90-167.46 -46.42  10.90 1.20 0   8
  86 170426 1840 44.10 72.2710N 126.3600E  18.10 -12.33  30.24  18.10 1.30 0   8
  87 170427 0912 28.80 72.0640N 127.7900E   2.60 -61.65   7.14   2.60 0.90 0   8
  88 170427 1041 38.10 71.7480N 128.9900E   8.40-103.86 -28.12   8.40 0.70 0   7
  89 170427 2010 47.80 72.8010N 130.2000E  20.20-141.80  89.38  20.20 1.30 0   8
  90 170427 2010 48.30 72.7890N 130.1400E  20.10-139.82  88.04  20.10 1.30 0   8
  91 170427 2342 34.10 72.7630N 125.0100E  19.50  33.46  85.14  19.50 0.80 0   6

 readings for station 624  :  74
 readings for station 628  :  69
 readings for station 630  :  53
 readings for station 627  :  46
 readings for station 621  :  59
 readings for station 629  :  43
 readings for station 622  :  58
 readings for station 620  :  48
 readings for station 623  :  55
 readings for station 626  :  52
 readings for station 625  :  49
 readings for station 631  :  49
 readings for station 632  :  24

 Total number of stations with readings:  13

 Total number of readings:     679
 Total number of P readings:       0
 Total number of S readings:       0


 ~~~ store parts of G ...
 ~~~ compute RMS and DATVAR ...

 Total number of observations is:   679


 $$$$$$$$$$$$$$$$$$$$$$$$$$$$$$$$$$$$$$$$$$$$$$$$$
 Events with  | AVRES | > 1.0 SEC are suspicious !

 Event#  10 >>>  160920 1607  AVRES =  2.05 NOBS =  2
 Event#  11 >>>  160925 1911  AVRES =  1.69 NOBS =  2
 Event#  57 >>>  170409 0856  AVRES =  1.54 NOBS =  6
 Event#  58 >>>  170409 0902  AVRES =  1.25 NOBS =  7
 Event#  64 >>>  170414 0540  AVRES =  1.76 NOBS = 11
 Event#  89 >>>  170427 2010  AVRES =  1.10 NOBS =  8
 Event#  90 >>>  170427 2010  AVRES =  1.02 NOBS =  8

 ^^^^^^^^^ C H E C K   these events above ^^^^^^^^
 $$$$$$$$$$$$$$$$$$$$$$$$$$$$$$$$$$$$$$$$$$$$$$$$$

 ~~~ save initial datvar ...

 Iteration nr  0 obtained:
 DATVAR=    0.873898 mean sqrd residual=     0.392546  RMS RESIDUAL=     0.626535

 After  0 iterations we got:
 Average absolute & unweighted [and mean] residual of
   374 straight and direct rays =  0.29039 [  0.22324]
   305 refracted           rays =  0.85509 [  0.74581]
     0 reflected           rays =  0.00000 [  0.00000]

   679 ALL                 RAYS =  0.54405 [  0.45797]        0.00 %




--------------------------------------------------------------------------------



           ITERATION no  1

 ~~~ set units for this iteration ...
 ~~~ determine number of unknowns for this iter. ...

 Number of unknowns (for array-indexing):  nvar =  386
 Number of effective unknowns        :  nvareff =  387
 Number of elements on/below main diagonal of matrix G = At*A : kvar =   74691

 Damping factors to be used in this iteration:
   Othet=   0.010   XYthet  =   0.010   Zthet=  0.010
 STAthet=   0.010   Vthet   =   1.000

 ~~~ damp G ...
 ~~~ solve G * b = RHT ...
 ~~~ fix units ...
 ~~~ apply eventually step-length damping ...
 ~~~ adjust model (hypocenters, stacorr & veloc.) ...

 doing velocity adjustments now...

 doing station-correction adjustments...

 ~~~ compute effective step-length ...

 (Applied) Step length =   4.059

 ~~~ set units for next iteration ...
 ~~~ determine number of unknowns for next iter. ...

 Number of unknowns (for array-indexing):  nvar =  386
 Number of effective unknowns        :  nvareff =  387
 Number of elements on/below main diagonal of matrix G = At*A : kvar =   74691

 ~~~ reset G and RHT ...
 ~~~ raytracing, setup G ...
 ~~~ store parts of G ...
 ~~~ set units back for current iteration ...
 ~~~ determine number of unknowns for this iter. ...

 Number of unknowns (for array-indexing):  nvar =  386
 Number of effective unknowns        :  nvareff =  387
 Number of elements on/below main diagonal of matrix G = At*A : kvar =   74691

 ~~~ compute RMS and DATVAR ...

 $$$$$$$$$$$$$$$$$$$$$$$$$$$$$$$$$$$$$$$$$$$$$$$$$
 Events with  | AVRES | > 1.0 SEC are suspicious !

 Event#  10 >>>  160920 1607  AVRES =  1.61 NOBS =  2
 Event#  11 >>>  160925 1911  AVRES =  1.34 NOBS =  2
 Event#  57 >>>  170409 0856  AVRES =  1.20 NOBS =  6
 Event#  64 >>>  170414 0540  AVRES =  1.37 NOBS = 11

 ^^^^^^^^^ C H E C K   these events above ^^^^^^^^
 $$$$$$$$$$$$$$$$$$$$$$$$$$$$$$$$$$$$$$$$$$$$$$$$$

 ~~~ check solution (better? worse?) ...

 Iteration nr  1 obtained:
 DATVAR=    0.607595 mean sqrd residual=     0.261293  RMS RESIDUAL=     0.511168

 After  1 iterations we got:
 Average absolute & unweighted [and mean] residual of
   370 straight and direct rays =  0.21521 [  0.15118]
   309 refracted           rays =  0.68254 [  0.58332]
     0 reflected           rays =  0.00000 [  0.00000]

   679 ALL                 RAYS =  0.42788 [  0.34783]      -21.35 %

 ~~~ iteration done; output results ...

  eq       ot     x      y      z      rms    avres   dot     dx     dy     dz
    1      9.13  38.57 111.97  23.32   0.23   0.33    0.032 -0.044  0.048  0.221
    2      9.33  37.95 110.66  23.01   0.23   0.32    0.029  0.002  0.077  0.215
    3     27.33-130.28  -8.29  12.45   0.50   0.47    0.031 -0.276  0.298  0.348
    4     15.69-131.33  -6.86  11.06   0.65   0.45   -0.010 -0.344  0.062  0.065
    5     45.73 -40.27  38.65  23.69   0.13   0.16    0.033  0.067 -0.180 -0.108
    6     49.54 -36.76  40.65  16.67   0.09   0.04    0.035  0.136 -0.082  0.165
    7     14.00-135.01-119.08   6.18   0.81   0.72    0.004  0.207 -0.021 -0.220
    8     30.44-140.95 -43.84   8.65   0.56   0.69    0.043 -0.092  0.013  0.053
    9     39.72  10.85  56.46  12.02   0.05  -0.13    0.024 -0.042 -0.223 -0.083
   10     18.20 -87.61-308.27  16.21   1.14   1.61   -0.102 -0.542  0.040  0.008
   11      5.42 -62.94-309.65  15.62   1.40   1.34   -0.184 -0.678 -0.009  0.016
   12     51.26  34.97  94.56  15.78   0.16   0.15    0.060 -0.093 -0.060  0.179
   13     46.93  33.37  97.96  19.32   0.26   0.30    0.027  0.016  0.101  0.324
   14     55.92  33.29  97.48  14.16   0.43   0.21    0.020 -0.065 -0.043  0.262
   15     44.73  33.96  97.44  17.54   0.44   0.41    0.025 -0.070  0.141  0.341
   16     44.91  34.88  96.02  18.78   0.54   0.48    0.008 -0.172  0.280  0.182
   17     22.12  -1.04  82.38  18.58   0.40   0.24    0.023 -0.029  0.029  0.085
   18     36.52 -34.12   4.60  11.15   0.11  -0.07    0.022 -0.002  0.140 -0.049
   19     33.36  41.22  64.30   9.97   0.11  -0.09    0.059 -0.227  0.143 -0.131
   20     46.01  37.76  85.17  16.22   0.26   0.23    0.011 -0.088  0.035  0.020
   21     34.15  36.35  82.71  13.95   0.44   0.14    0.049 -0.172 -0.084 -0.552
   22     25.94  35.61  85.33  13.49   0.27   0.05    0.038 -0.209 -0.032 -0.005
   23     15.94  35.28  86.36  11.53   0.42  -0.02    0.045 -0.192 -0.007 -0.070
   24      2.07  34.85  82.42   6.37   0.46   0.02    0.071  0.013  0.406  0.670
   25     48.67 -45.86  23.54  22.13   0.09   0.20    0.070  0.108 -0.232  0.130
   26     27.63 -70.33  -3.89  10.30   0.09  -0.08    0.030  0.114 -0.206 -0.001
   27      0.24  -0.62  49.30  13.06   0.23   0.03    0.038  0.060 -0.243 -0.041
   28     59.14  37.66  76.27  11.44   0.56   0.23    0.039  0.061  0.054 -0.056
   29     20.22-148.86 -12.50  14.82   0.45   0.64    0.018 -0.036  0.332  0.022
   30      2.96  35.81  76.65  13.01   0.58   0.34    0.060 -0.091 -0.118 -0.389
   31     21.03  36.29  77.39  14.08   0.54   0.28    0.035 -0.278 -0.051 -0.115
   32     50.84  36.82  76.98  15.23   0.21   0.04    0.045 -0.092 -0.120 -0.066
   33      0.86  37.22  76.08  15.60   0.27   0.14    0.062 -0.036 -0.136  0.002
   34     55.45 -16.94  34.86  24.49   0.06   0.14    0.051  0.164 -0.070 -0.007
   35     39.40 -71.47  -8.34   3.95   0.57   0.12    0.204  0.442  0.142  0.545
   36     59.16  36.48  77.76  15.05   0.46   0.28    0.058 -0.085 -0.121 -0.047
   37      5.65  31.24  50.04  14.74   0.14   0.00    0.047 -0.117 -0.172 -0.160
   38     46.52  73.18  72.98  17.06   0.35   0.28    0.023 -0.042  0.002  0.158
   39     14.22   0.71  25.97   3.57   0.16   0.34    0.122  0.025 -0.254 -0.331
   40     14.62 -41.98  13.84  16.56   0.19   0.04    0.015 -0.022 -0.110 -0.235
   41     56.52  34.77  79.03   5.74   0.40  -0.06    0.117 -0.092 -0.086  0.644
   42     34.35  -3.96  46.25  17.88   0.12   0.07    0.051  0.136 -0.054 -0.120
   43     24.70-110.26 -39.53   5.56   0.41  -0.13    0.105  0.501 -0.139  0.362
   44     49.73  30.24  50.32   8.10   0.10  -0.17    0.031 -0.090 -0.231 -0.198
   45     41.24-145.03  45.59  18.60   0.41   0.66    0.045  0.002  0.172  0.301
   46     34.14 -57.49  -0.91  16.07   0.12   0.10    0.039  0.142 -0.123 -0.033
   47      1.08  10.59  80.43  21.84   0.55   0.46    0.077  0.103 -0.132 -0.059
   48     37.28  10.60  81.52  23.52   0.18   0.27    0.077  0.113 -0.047  0.021
   49     35.74  54.60  84.52  22.56   0.25   0.18    0.040 -0.157 -0.057 -0.045
   50     36.12-102.51 -35.59  15.05   0.42   0.39    0.025  0.149  0.001 -0.255
   51     53.21-101.03 -54.76   8.90   0.67   0.47    0.015  0.340 -0.085 -0.401
   52     43.23-115.55  43.29  15.65   0.45   0.50    0.030 -0.136  0.334  0.146
   53      1.07  10.58  80.64  21.32   0.53   0.48    0.075  0.088 -0.031  0.020
   54      2.85 -83.75 322.69  15.62   0.35   0.16   -0.552 -0.078 -0.117  0.022
   55      3.09 -89.78 304.25   0.45   0.22   0.40   -0.407  0.057 -0.036  0.051
   56     44.94  35.92  67.55  14.92   0.53   0.26    0.036 -0.057 -0.177 -0.076
   57     47.17 -84.77 154.69  15.60   0.43   1.20   -0.030 -0.063  0.146  0.003
   58     45.63 -80.91 150.95  15.39   0.61   0.97    0.033  0.224  0.317  0.287
   59      8.65 -82.10   0.51   2.61   0.45   0.26    0.153  0.355  0.173 -0.091
   60      3.67-110.45-118.69   3.86   0.97   0.66    0.069  0.273  0.033  0.160
   61      0.64-130.47 -55.06   0.92   0.58   0.05    0.041 -0.426 -0.052  0.812
   62     20.13  19.46 152.75  16.03   0.69   0.67    0.033  0.184  0.101  0.426
   63     18.85 -47.16  29.74  20.20   0.14   0.15    0.045  0.113 -0.163  0.100
   64      4.76-163.00 184.15   8.00   0.64   1.37   -0.043  0.922  1.157  0.005
   65     23.46 -47.86  20.41  15.51   0.09   0.04    0.058  0.203 -0.231  0.013
   66     32.85-152.31  43.22  18.05   0.36   0.60    0.051 -0.006  0.367  0.152
   67     41.96 -37.15  -5.14  18.75   0.23   0.23    0.063  0.157 -0.232 -0.449
   68     14.20  50.92 106.00  20.70   0.36   0.48    0.003  0.146  0.330  0.295
   69     48.30-214.97-349.14  73.50   0.00   0.00    0.000  0.000  0.000  0.000
   70      5.52  33.75  96.88  19.47   0.52   0.50    0.021  0.054  0.136  0.175
   71      4.33   6.16  56.61   1.20   0.56   0.63    0.225  0.038 -0.073 -0.095
   72     56.25 132.66-297.76  96.98   0.04   0.19   -0.547 -0.040  0.053 -0.017
   73     12.94  50.53  81.81  23.15   0.42   0.47    0.042  0.128 -0.096  0.053
   74     36.23-102.42  70.29  22.05   0.35   0.50    0.029  0.023  0.104  0.249
   75     46.79-107.88   2.89   0.22   0.86   0.40    0.092 -0.292  0.430  0.108
   76     54.60-217.19 302.17   0.10   0.00   0.00    0.000  0.000  0.000  0.000
   77     44.13  51.00  93.80  17.02   0.26   0.29    0.027  0.073  0.071  0.217
   78     41.84  38.38  66.24  21.89   0.38   0.28    0.045  0.010 -0.263 -0.107
   79     58.77 -69.44  -4.56   0.75   0.39   0.35    0.167  0.333 -0.096  0.655
   80     26.87 -69.86  -5.94   0.60   0.31   0.38    0.168  0.279 -0.139  0.489
   81     27.07 -69.82  -4.68   0.62   0.32   0.39    0.175  0.301 -0.110  0.509
   82     23.46 -69.75  -4.56   0.24   0.37   0.30    0.157  0.369 -0.101  0.131
   83     23.29 -71.07  -6.36   6.90   0.32   0.06    0.091  0.113 -0.226  0.305
   84     21.26 -43.16   8.46  20.88   0.04   0.14    0.061  0.219 -0.353 -0.125
   85     24.61-167.44 -46.23  10.74   0.55   0.74    0.010  0.021  0.185 -0.164
   86     44.14 -12.24  29.99  18.02   0.12   0.09    0.040  0.087 -0.245 -0.082
   87     28.97 -61.52   6.86   3.40   0.44   0.24    0.166  0.135 -0.279  0.801
   88     38.15-103.51 -28.30   8.28   0.46   0.04    0.049  0.352 -0.184 -0.121
   89     47.85-141.99  89.45  20.72   0.38   0.86    0.048 -0.191  0.076  0.523
   90     48.33-139.87  88.23  20.48   0.35   0.80    0.033 -0.057  0.189  0.380
   91     34.11  33.57  85.11  19.63   0.45   0.41    0.010  0.115 -0.025  0.134

 A V E R A G E   of ADJUSTMENTS :                     0.030  0.027 -0.000  0.082
 A V E R A G E   of ABSOLUTE ADJUSTMENTS :            0.071  0.155  0.148  0.194


 Step length damping of 0.22560 was applied.


 Velocity adjustments:
     vp    dvp      hp   reflector
 Velocity model   1
   4.979 -0.031   -5.000      
   5.626  0.036   -2.320      
   6.097  0.197    6.920      
   6.476 -0.074   12.700      
   6.532 -0.068   15.670      
   6.983  0.113   24.840      
   7.051  0.091   27.920      
   7.362  0.022   30.350      
   7.670 -0.200   30.850      
   7.863 -0.137   40.460      

 Calculation of average velocity starts at layer #           1
 z = -5.00 ... -2.32    v = 4.98    AVEL = 4.98 downto z =  -2.32
 z = -2.32 ...  6.92    v = 5.63    AVEL = 5.48 downto z =   6.92
 z =  6.92 ... 12.70    v = 6.10    AVEL = 5.68 downto z =  12.70
 z = 12.70 ... 15.67    v = 6.48    AVEL = 5.80 downto z =  15.67
 z = 15.67 ... 24.84    v = 6.53    AVEL = 6.02 downto z =  24.84
 z = 24.84 ... 27.92    v = 6.98    AVEL = 6.11 downto z =  27.92
 z = 27.92 ... 30.35    v = 7.05    AVEL = 6.18 downto z =  30.35
 z = 30.35 ... 30.85    v = 7.36    AVEL = 6.19 downto z =  30.85
 z = 30.85 ... 40.46    v = 7.67    AVEL = 6.51 downto z =  40.46


 Calculation of average velocity starts at layer #           2
 z = -2.32 ...  6.92    v = 5.63    AVEL = 5.63 downto z =   6.92
 z =  6.92 ... 12.70    v = 6.10    AVEL = 5.81 downto z =  12.70
 z = 12.70 ... 15.67    v = 6.48    AVEL = 5.92 downto z =  15.67
 z = 15.67 ... 24.84    v = 6.53    AVEL = 6.12 downto z =  24.84
 z = 24.84 ... 27.92    v = 6.98    AVEL = 6.21 downto z =  27.92
 z = 27.92 ... 30.35    v = 7.05    AVEL = 6.27 downto z =  30.35
 z = 30.35 ... 30.85    v = 7.36    AVEL = 6.29 downto z =  30.85
 z = 30.85 ... 40.46    v = 7.67    AVEL = 6.60 downto z =  40.46



 Adjusted station corrections:
   stn  ptcor  dpcor  
  624   0.000  0.000  628  -0.043 -0.043  630  -0.021 -0.021  627   0.037  0.037
  621   0.024  0.024  629   0.051  0.051  622   0.022  0.022  620  -0.017 -0.017
  623   0.060  0.060  626   0.047  0.047  625   0.042  0.042  631   0.072  0.072
  632  -0.015 -0.015

 ~~~ another iteration? ...



--------------------------------------------------------------------------------



           ITERATION no  2

 ~~~ set units for this iteration ...
 ~~~ determine number of unknowns for this iter. ...

 Number of unknowns (for array-indexing):  nvar =  386
 Number of effective unknowns        :  nvareff =  387
 Number of elements on/below main diagonal of matrix G = At*A : kvar =   74691

 Damping factors to be used in this iteration:
   Othet=   0.010   XYthet  =   0.010   Zthet=  0.010
 STAthet=   0.010   Vthet   =   1.000

 ~~~ damp G ...
 ~~~ solve G * b = RHT ...
 ~~~ fix units ...
 ~~~ apply eventually step-length damping ...
 ~~~ adjust model (hypocenters, stacorr & veloc.) ...

 doing velocity adjustments now...

 doing station-correction adjustments...

 ~~~ compute effective step-length ...

 (Applied) Step length =   4.768

 ~~~ set units for next iteration ...
 ~~~ determine number of unknowns for next iter. ...

 Number of unknowns (for array-indexing):  nvar =  386
 Number of effective unknowns        :  nvareff =  387
 Number of elements on/below main diagonal of matrix G = At*A : kvar =   74691

 ~~~ reset G and RHT ...
 ~~~ raytracing, setup G ...
 ~~~ store parts of G ...
 ~~~ set units back for current iteration ...
 ~~~ determine number of unknowns for this iter. ...

 Number of unknowns (for array-indexing):  nvar =  386
 Number of effective unknowns        :  nvareff =  387
 Number of elements on/below main diagonal of matrix G = At*A : kvar =   74691

 ~~~ compute RMS and DATVAR ...

 $$$$$$$$$$$$$$$$$$$$$$$$$$$$$$$$$$$$$$$$$$$$$$$$$
 Events with  | AVRES | > 1.0 SEC are suspicious !

 Event#  10 >>>  160920 1607  AVRES =  1.23 NOBS =  2
 Event#  11 >>>  160925 1911  AVRES =  1.03 NOBS =  2
 Event#  64 >>>  170414 0540  AVRES =  1.01 NOBS = 11

 ^^^^^^^^^ C H E C K   these events above ^^^^^^^^
 $$$$$$$$$$$$$$$$$$$$$$$$$$$$$$$$$$$$$$$$$$$$$$$$$

 ~~~ check solution (better? worse?) ...

 Iteration nr  2 obtained:
 DATVAR=    0.384264 mean sqrd residual=     0.165251  RMS RESIDUAL=     0.406510

 After  2 iterations we got:
 Average absolute & unweighted [and mean] residual of
   393 straight and direct rays =  0.16680 [  0.09737]
   286 refracted           rays =  0.54818 [  0.46853]
     0 reflected           rays =  0.00000 [  0.00000]

   679 ALL                 RAYS =  0.32744 [  0.25371]      -23.47 %

 ~~~ iteration done; output results ...

  eq       ot     x      y      z      rms    avres   dot     dx     dy     dz
    1      9.17  38.38 112.11  23.28   0.17   0.25    0.037 -0.182  0.140 -0.040
    2      9.36  37.84 110.82  23.00   0.18   0.24    0.031 -0.112  0.165 -0.017
    3     27.34-130.66  -8.07  12.88   0.42   0.34    0.012 -0.383  0.221  0.429
    4     15.64-131.75  -6.65  10.70   0.52   0.35   -0.045 -0.421  0.200 -0.361
    5     45.76 -40.24  38.42  23.40   0.12   0.13    0.031  0.025 -0.233 -0.288
    6     49.56 -36.63  40.49  16.70   0.09   0.04    0.024  0.131 -0.156  0.035
    7     14.00-134.67-119.34   6.13   0.60   0.53   -0.008  0.336 -0.255 -0.048
    8     30.46-141.02 -43.87   8.64   0.44   0.51    0.015 -0.067 -0.027 -0.012
    9     39.74  10.78  56.23  11.80   0.06  -0.07    0.016 -0.069 -0.234 -0.215
   10     18.14 -88.03-308.28  16.28   1.09   1.23   -0.057 -0.423 -0.012  0.069
   11      5.28 -63.53-309.72  15.72   1.35   1.03   -0.132 -0.586 -0.068  0.101
   12     51.30  34.83  94.54  15.91   0.16   0.12    0.045 -0.141 -0.019  0.131
   13     46.94  33.39  98.10  19.71   0.21   0.24    0.012  0.020  0.144  0.386
   14     55.93  33.31  97.45  14.59   0.30   0.16    0.014  0.014 -0.028  0.428
   15     44.73  33.90  97.65  17.99   0.33   0.31    0.006 -0.058  0.212  0.452
   16     44.90  34.72  96.36  19.05   0.42   0.36   -0.010 -0.160  0.340  0.267
   17     22.13  -1.15  82.39  18.71   0.29   0.19    0.012 -0.108  0.009  0.125
   18     36.51 -34.18   4.49  10.93   0.12  -0.03   -0.010 -0.052 -0.109 -0.224
   19     33.40  41.19  64.14  10.03   0.12  -0.06    0.042 -0.031 -0.165  0.064
   20     46.02  37.66  85.21  16.25   0.19   0.18    0.009 -0.099  0.038  0.028
   21     34.20  36.18  82.63  13.30   0.36   0.12    0.049 -0.170 -0.079 -0.648
   22     25.97  35.45  85.36  13.42   0.24   0.05    0.033 -0.160  0.032 -0.074
   23     15.98  35.07  86.32  11.23   0.37  -0.00    0.036 -0.219 -0.041 -0.297
   24      2.14  34.52  82.72   6.32   0.38   0.01    0.068 -0.330  0.302 -0.052
   25     48.71 -45.73  23.30  22.24   0.08   0.15    0.042  0.128 -0.233  0.108
   26     27.64 -70.05  -4.03  10.23   0.07  -0.05    0.011  0.285 -0.138 -0.068
   27      0.26  -0.57  49.07  12.98   0.17   0.04    0.022  0.057 -0.231 -0.084
   28     59.16  37.80  76.44  11.53   0.43   0.18    0.026  0.145  0.173  0.082
   29     20.24-148.88 -12.30  14.99   0.34   0.47    0.026 -0.026  0.198  0.165
   30      3.02  35.76  76.48  12.61   0.45   0.26    0.058 -0.046 -0.167 -0.396
   31     21.06  36.06  77.30  14.02   0.39   0.22    0.029 -0.229 -0.086 -0.069
   32     50.88  36.73  76.87  15.13   0.17   0.04    0.040 -0.092 -0.115 -0.104
   33      0.92  37.18  75.94  15.59   0.21   0.12    0.056 -0.038 -0.136 -0.017
   34     55.48 -16.84  34.73  24.45   0.05   0.11    0.031  0.103 -0.123 -0.044
   35     39.56 -71.08  -8.50   4.79   0.43   0.05    0.154  0.396 -0.160  0.846
   36     59.21  36.41  77.64  15.04   0.35   0.21    0.051 -0.067 -0.123 -0.015
   37      5.69  31.12  49.83  14.46   0.13   0.02    0.041 -0.120 -0.206 -0.277
   38     46.54  73.16  73.00  17.26   0.28   0.21    0.014 -0.014  0.022  0.204
   39     14.36   0.70  25.68   3.11   0.14   0.21    0.135 -0.008 -0.287 -0.455
   40     14.62 -42.02  13.66  16.19   0.18   0.04    0.002 -0.043 -0.175 -0.374
   41     56.64  34.72  78.80   6.74   0.29  -0.07    0.121 -0.048 -0.231  0.992
   42     34.39  -3.89  46.15  17.74   0.10   0.06    0.035  0.066 -0.105 -0.140
   43     24.77-109.94 -39.38   5.66   0.36  -0.09    0.066  0.313  0.150  0.093
   44     49.76  30.23  50.05   7.82   0.06  -0.11    0.027 -0.014 -0.270 -0.287
   45     41.28-145.04  45.73  18.95   0.28   0.49    0.035 -0.009  0.139  0.354
   46     34.16 -57.35  -1.01  15.94   0.10   0.08    0.017  0.142 -0.105 -0.126
   47      1.14  10.64  80.28  21.82   0.42   0.34    0.066  0.052 -0.150 -0.022
   48     37.35  10.66  81.47  23.51   0.14   0.20    0.068  0.058 -0.050 -0.016
   49     35.78  54.43  84.44  22.51   0.20   0.14    0.039 -0.170 -0.088 -0.042
   50     36.14-102.39 -35.61  14.62   0.32   0.29    0.012  0.116 -0.014 -0.427
   51     53.26-100.71 -54.61   8.53   0.55   0.37    0.046  0.321  0.155 -0.368
   52     43.25-115.74  43.58  15.75   0.37   0.37    0.017 -0.188  0.284  0.106
   53      1.14  10.61  80.61  21.38   0.40   0.36    0.061  0.036 -0.038  0.058
   54      2.45 -83.80 322.62  15.66   0.32   0.12   -0.401 -0.051 -0.071  0.035
   55      2.76 -89.87 304.11   0.43   0.17   0.35   -0.331 -0.091 -0.137 -0.019
   56     44.96  35.87  67.36  14.84   0.41   0.20    0.028 -0.053 -0.191 -0.088
   57     47.11 -84.95 154.84  15.61   0.38   0.88   -0.060 -0.178  0.152  0.005
   58     45.65 -80.73 151.33  15.84   0.45   0.71    0.021  0.181  0.373  0.449
   59      8.82 -81.69   0.62   2.36   0.40   0.18    0.165  0.416  0.115 -0.250
   60      3.68-110.52-118.52   3.76   0.83   0.49    0.007 -0.073  0.171 -0.100
   61      0.70-130.99 -54.96   1.75   0.50   0.03    0.059 -0.511  0.102  0.825
   62     20.16  19.62 152.84  16.63   0.57   0.50    0.027  0.160  0.097  0.605
   63     18.88 -47.08  29.53  20.15   0.10   0.12    0.033  0.081 -0.210 -0.049
   64      4.70-161.71 185.57   7.93   0.57   1.01   -0.054  1.286  1.412 -0.073
   65     23.50 -47.67  20.18  15.40   0.09   0.04    0.039  0.188 -0.230 -0.116
   66     32.89-152.35  43.58  18.23   0.29   0.45    0.036 -0.045  0.363  0.176
   67     42.01 -37.02  -5.40  18.10   0.19   0.18    0.052  0.127 -0.262 -0.650
   68     14.18  51.11 106.43  21.08   0.30   0.37   -0.021  0.193  0.428  0.387
   69     48.30-214.97-349.14  73.50   0.00   0.00    0.000  0.000  0.000  0.000
   70      5.52  33.80  97.07  19.74   0.39   0.37    0.002  0.046  0.194  0.269
   71      4.57   6.15  56.44   1.07   0.56   0.40    0.248 -0.013 -0.172 -0.132
   72     55.82 132.63-297.72  96.97   0.02   0.14   -0.435 -0.033  0.043 -0.014
   73     12.99  50.73  81.50  23.22   0.32   0.36    0.048  0.209 -0.304  0.070
   74     36.27-102.52  70.27  22.64   0.28   0.38    0.044 -0.106 -0.020  0.592
   75     46.91-108.37   3.83   0.18   0.83   0.25    0.115 -0.488  0.945 -0.041
   76     54.60-217.19 302.17   0.10   0.00   0.00    0.000  0.000  0.000  0.000
   77     44.14  51.11  93.93  17.27   0.20   0.22    0.014  0.114  0.124  0.250
   78     41.88  38.37  65.92  21.80   0.30   0.21    0.037 -0.003 -0.319 -0.094
   79     59.00 -69.12  -4.43   1.24   0.34   0.21    0.234  0.321  0.131  0.487
   80     27.10 -69.60  -5.87   1.04   0.24   0.23    0.235  0.265  0.071  0.440
   81     27.31 -69.50  -4.55   0.87   0.28   0.23    0.238  0.314  0.134  0.247
   82     23.70 -69.43  -4.46   0.95   0.28   0.14    0.244  0.319  0.100  0.713
   83     23.40 -70.89  -6.28   7.25   0.13  -0.22    0.105  0.178  0.087  0.350
   84     21.30 -42.92   8.07  20.69   0.05   0.11    0.037  0.246 -0.395 -0.185
   85     24.61-167.48 -46.05  10.64   0.41   0.55    0.002 -0.034  0.185 -0.095
   86     44.17 -12.19  29.73  17.79   0.09   0.08    0.026  0.056 -0.264 -0.223
   87     29.11 -61.44   6.53   4.53   0.34   0.05    0.140  0.085 -0.331  1.132
   88     38.20-103.24 -28.15   8.05   0.37   0.05    0.053  0.273  0.158 -0.233
   89     47.88-142.27  89.49  21.43   0.27   0.64    0.034 -0.279  0.032  0.703
   90     48.35-140.00  88.39  21.00   0.23   0.59    0.021 -0.122  0.164  0.523
   91     34.11  33.69  85.08  19.81   0.32   0.31   -0.002  0.119 -0.038  0.180

 A V E R A G E   of ADJUSTMENTS :                     0.029  0.011  0.010  0.066
 A V E R A G E   of ABSOLUTE ADJUSTMENTS :            0.063  0.164  0.177  0.241


 Step length damping of 0.28673 was applied.


 Velocity adjustments:
     vp    dvp      hp   reflector
 Velocity model   1
   4.940 -0.039   -5.000      
   5.683  0.057   -2.320      
   6.167  0.070    6.920      
   6.433 -0.042   12.700      
   6.475 -0.057   15.670      
   7.020  0.037   24.840      
   7.186  0.135   27.920      
   7.398  0.036   30.350      
   7.470 -0.200   30.850      
   7.772 -0.091   40.460      

 Calculation of average velocity starts at layer #           1
 z = -5.00 ... -2.32    v = 4.94    AVEL = 4.94 downto z =  -2.32
 z = -2.32 ...  6.92    v = 5.68    AVEL = 5.52 downto z =   6.92
 z =  6.92 ... 12.70    v = 6.17    AVEL = 5.73 downto z =  12.70
 z = 12.70 ... 15.67    v = 6.43    AVEL = 5.83 downto z =  15.67
 z = 15.67 ... 24.84    v = 6.47    AVEL = 6.03 downto z =  24.84
 z = 24.84 ... 27.92    v = 7.02    AVEL = 6.12 downto z =  27.92
 z = 27.92 ... 30.35    v = 7.19    AVEL = 6.19 downto z =  30.35
 z = 30.35 ... 30.85    v = 7.40    AVEL = 6.21 downto z =  30.85
 z = 30.85 ... 40.46    v = 7.47    AVEL = 6.48 downto z =  40.46


 Calculation of average velocity starts at layer #           2
 z = -2.32 ...  6.92    v = 5.68    AVEL = 5.68 downto z =   6.92
 z =  6.92 ... 12.70    v = 6.17    AVEL = 5.87 downto z =  12.70
 z = 12.70 ... 15.67    v = 6.43    AVEL = 5.96 downto z =  15.67
 z = 15.67 ... 24.84    v = 6.47    AVEL = 6.14 downto z =  24.84
 z = 24.84 ... 27.92    v = 7.02    AVEL = 6.23 downto z =  27.92
 z = 27.92 ... 30.35    v = 7.19    AVEL = 6.30 downto z =  30.35
 z = 30.35 ... 30.85    v = 7.40    AVEL = 6.31 downto z =  30.85
 z = 30.85 ... 40.46    v = 7.47    AVEL = 6.57 downto z =  40.46



 Adjusted station corrections:
   stn  ptcor  dpcor  
  624   0.000  0.000  628  -0.067 -0.024  630  -0.034 -0.013  627   0.092  0.055
  621   0.050  0.026  629   0.118  0.068  622   0.034  0.012  620  -0.044 -0.027
  623   0.117  0.057  626   0.105  0.058  625   0.101  0.060  631   0.162  0.090
  632  -0.005  0.010

 ~~~ another iteration? ...



--------------------------------------------------------------------------------



           ITERATION no  3

 ~~~ set units for this iteration ...
 ~~~ determine number of unknowns for this iter. ...

 Number of unknowns (for array-indexing):  nvar =  386
 Number of effective unknowns        :  nvareff =  387
 Number of elements on/below main diagonal of matrix G = At*A : kvar =   74691

 Damping factors to be used in this iteration:
   Othet=   0.010   XYthet  =   0.010   Zthet=  0.010
 STAthet=   0.010   Vthet   =   1.000

 ~~~ damp G ...
 ~~~ solve G * b = RHT ...
 ~~~ fix units ...
 ~~~ apply eventually step-length damping ...
 ~~~ adjust model (hypocenters, stacorr & veloc.) ...

 doing velocity adjustments now...
 WARNING: Tried to introduce a low-velocity-layer! (Layer  9)
 Setting DVP from -0.20 to 0.0 and VP to vp(layer_above)+0.001

 doing station-correction adjustments...

 ~~~ compute effective step-length ...

 (Applied) Step length =   6.204

 ~~~ set units for next iteration ...
 ~~~ determine number of unknowns for next iter. ...

 Number of unknowns (for array-indexing):  nvar =  386
 Number of effective unknowns        :  nvareff =  387
 Number of elements on/below main diagonal of matrix G = At*A : kvar =   74691

 ~~~ reset G and RHT ...
 ~~~ raytracing, setup G ...
 ~~~ store parts of G ...
 ~~~ set units back for current iteration ...
 ~~~ determine number of unknowns for this iter. ...

 Number of unknowns (for array-indexing):  nvar =  386
 Number of effective unknowns        :  nvareff =  387
 Number of elements on/below main diagonal of matrix G = At*A : kvar =   74691

 ~~~ compute RMS and DATVAR ...

 $$$$$$$$$$$$$$$$$$$$$$$$$$$$$$$$$$$$$$$$$$$$$$$$$
 Events with  | AVRES | > 1.0 SEC are suspicious !

 Event#  10 >>>  160920 1607  AVRES =  1.10 NOBS =  2

 ^^^^^^^^^ C H E C K   these events above ^^^^^^^^
 $$$$$$$$$$$$$$$$$$$$$$$$$$$$$$$$$$$$$$$$$$$$$$$$$

 ~~~ check solution (better? worse?) ...

 Iteration nr  3 obtained:
 DATVAR=    0.327445 mean sqrd residual=     0.140816  RMS RESIDUAL=     0.375254

 After  3 iterations we got:
 Average absolute & unweighted [and mean] residual of
   402 straight and direct rays =  0.12909 [  0.05717]
   277 refracted           rays =  0.50284 [  0.42593]
     0 reflected           rays =  0.00000 [  0.00000]

   679 ALL                 RAYS =  0.28157 [  0.20760]      -14.01 %

 ~~~ iteration done; output results ...

  eq       ot     x      y      z      rms    avres   dot     dx     dy     dz
    1      9.18  38.29 112.25  23.50   0.15   0.19    0.006 -0.090  0.142  0.214
    2      9.36  37.78 110.95  23.08   0.15   0.18    0.004 -0.056  0.131  0.083
    3     27.32-131.03  -7.81  13.42   0.40   0.28   -0.018 -0.366  0.268  0.545
    4     15.60-132.02  -6.42   9.85   0.43   0.28   -0.041 -0.267  0.239 -0.855
    5     45.77 -40.21  38.03  23.22   0.12   0.10    0.009  0.036 -0.384 -0.181
    6     49.58 -36.46  40.31  16.75   0.08   0.03    0.017  0.171 -0.182  0.054
    7     13.95-134.34-119.54   6.01   0.55   0.53   -0.047  0.330 -0.202 -0.119
    8     30.47-141.16 -43.90   8.84   0.41   0.44    0.008 -0.135 -0.030  0.198
    9     39.75  10.60  55.97  11.64   0.07  -0.03    0.007 -0.179 -0.255 -0.165
   10     17.98 -88.91-308.21  16.29   1.07   1.10   -0.159 -0.877  0.068  0.014
   11      5.05 -64.62-309.74  15.74   1.35   0.97   -0.239 -1.097 -0.015  0.020
   12     51.33  34.73  94.50  16.18   0.17   0.09    0.029 -0.101 -0.038  0.274
   13     46.93  33.40  98.27  20.03   0.19   0.19   -0.005  0.015  0.169  0.317
   14     55.93  33.38  97.40  15.05   0.26   0.15    0.000  0.073 -0.052  0.464
   15     44.72  33.89  97.89  18.42   0.32   0.28   -0.009 -0.017  0.236  0.430
   16     44.87  34.57  96.78  19.27   0.38   0.31   -0.031 -0.159  0.421  0.219
   17     22.13  -1.26  82.43  18.77   0.26   0.15   -0.003 -0.107  0.049  0.057
   18     36.49 -34.11   4.30  10.73   0.12  -0.01   -0.023  0.066 -0.190 -0.196
   19     33.42  41.08  63.96  10.11   0.12  -0.03    0.021 -0.107 -0.181  0.073
   20     46.03  37.51  85.24  16.24   0.17   0.16    0.006 -0.154  0.025 -0.012
   21     34.24  35.98  82.60  12.45   0.30   0.09    0.044 -0.202 -0.035 -0.847
   22     25.99  35.29  85.42  13.24   0.20   0.04    0.023 -0.168  0.057 -0.181
   23     16.01  34.89  86.20  10.87   0.33   0.01    0.032 -0.174 -0.115 -0.360
   24      2.14  33.98  83.30   6.41   0.32  -0.00    0.004 -0.543  0.582  0.095
   25     48.74 -45.57  23.04  22.39   0.06   0.10    0.032  0.166 -0.262  0.153
   26     27.65 -69.76  -4.14  10.17   0.06  -0.02    0.005  0.288 -0.110 -0.061
   27      0.28  -0.48  48.86  12.83   0.13   0.03    0.017  0.089 -0.209 -0.144
   28     59.19  37.76  76.50  11.03   0.34   0.14    0.026 -0.039  0.059 -0.492
   29     20.26-148.89 -12.02  15.19   0.30   0.38    0.019 -0.003  0.281  0.207
   30      3.07  35.88  76.26  12.57   0.41   0.20    0.056  0.115 -0.226 -0.045
   31     21.09  35.82  77.20  13.80   0.35   0.20    0.027 -0.245 -0.106 -0.217
   32     50.92  36.63  76.70  14.95   0.13   0.04    0.036 -0.092 -0.170 -0.176
   33      0.97  37.12  75.81  15.50   0.19   0.10    0.049 -0.062 -0.125 -0.081
   34     55.51 -16.73  34.59  24.39   0.04   0.08    0.025  0.111 -0.144 -0.061
   35     39.67 -70.64  -8.58   6.23   0.32  -0.01    0.113  0.437 -0.078  1.437
   36     59.26  36.31  77.51  14.88   0.30   0.18    0.047 -0.106 -0.129 -0.163
   37      5.72  30.99  49.66  14.08   0.12   0.02    0.034 -0.131 -0.177 -0.386
   38     46.54  73.13  73.01  17.45   0.25   0.16    0.003 -0.035  0.009  0.192
   39     14.49   0.68  25.42   2.62   0.12   0.11    0.136 -0.020 -0.257 -0.494
   40     14.62 -42.04  13.53  15.74   0.17   0.04    0.003 -0.021 -0.132 -0.447
   41     56.70  34.63  78.68   8.04   0.11  -0.26    0.065 -0.091 -0.113  1.301
   42     34.42  -3.84  46.02  17.57   0.09   0.05    0.031  0.057 -0.128 -0.172
   43     24.84-109.49 -39.28   6.15   0.33  -0.06    0.064  0.455  0.100  0.491
   44     49.76  30.12  49.88   7.69   0.05  -0.06    0.002 -0.107 -0.172 -0.121
   45     41.31-144.99  45.95  19.34   0.26   0.42    0.031  0.056  0.228  0.386
   46     34.18 -57.14  -1.04  15.76   0.08   0.06    0.023  0.207 -0.035 -0.178
   47      1.20  10.80  80.13  21.92   0.41   0.28    0.055  0.153 -0.151  0.106
   48     37.40  10.74  81.43  23.43   0.13   0.15    0.058  0.079 -0.045 -0.078
   49     35.82  54.17  84.35  22.42   0.17   0.11    0.037 -0.257 -0.088 -0.097
   50     36.16-102.17 -35.53  14.19   0.28   0.25    0.028  0.220  0.075 -0.428
   51     53.29-100.23 -54.66   7.32   0.49   0.29    0.025  0.481 -0.050 -1.211
   52     43.25-115.86  43.99  15.81   0.34   0.29    0.001 -0.122  0.414  0.063
   53      1.19  10.67  80.56  21.33   0.38   0.29    0.055  0.060 -0.046 -0.050
   54      1.77 -83.85 322.51  15.72   0.26   0.34   -0.673 -0.053 -0.109  0.059
   55      2.26 -89.84 304.05   0.49   0.06   0.56   -0.498  0.025 -0.060  0.060
   56     44.99  35.81  67.18  14.70   0.38   0.17    0.024 -0.054 -0.179 -0.137
   57     47.03 -85.13 155.04  15.61   0.34   0.83   -0.082 -0.177  0.196 -0.000
   58     45.65 -80.44 151.75  16.35   0.41   0.63   -0.008  0.291  0.418  0.519
   59      8.99 -81.20   0.84   2.34   0.37   0.10    0.170  0.483  0.221 -0.019
   60      3.65-110.34-118.19   3.30   0.78   0.47   -0.025  0.181  0.334 -0.456
   61      0.71-131.70 -54.93   2.95   0.45   0.00    0.007 -0.710  0.035  1.199
   62     20.18  19.78 152.84  17.24   0.53   0.43    0.023  0.160 -0.006  0.607
   63     18.91 -46.95  29.31  20.10   0.07   0.08    0.030  0.131 -0.222 -0.052
   64      4.56-160.53 187.36   8.19   0.47   0.95   -0.146  1.180  1.795  0.253
   65     23.53 -47.46  19.94  15.28   0.09   0.03    0.032  0.219 -0.242 -0.121
   66     32.91-152.36  44.10  18.46   0.26   0.37    0.026 -0.008  0.522  0.230
   67     42.07 -36.84  -5.61  17.37   0.17   0.13    0.056  0.188 -0.202 -0.734
   68     14.13  51.19 107.01  21.19   0.27   0.31   -0.051  0.080  0.578  0.112
   69     48.30-214.97-349.14  73.50   0.00   0.00    0.000  0.000  0.000  0.000
   70      5.51  33.83  97.29  19.90   0.37   0.32   -0.012  0.025  0.217  0.157
   71      4.81   6.14  56.25   0.90   0.55   0.19    0.239 -0.006 -0.184 -0.176
   72     54.99 132.56-297.64  96.94   0.02   0.16   -0.827 -0.063  0.082 -0.026
   73     13.02  50.80  81.33  23.26   0.30   0.29    0.030  0.064 -0.171  0.038
   74     36.30-102.65  70.28  23.48   0.29   0.32    0.031 -0.128  0.007  0.842
   75     47.02-109.18   5.03   1.03   0.83   0.10    0.114 -0.814  1.196  0.856
   76     54.60-217.19 302.17   0.10   0.00   0.00    0.000  0.000  0.000  0.000
   77     44.15  51.13  94.06  17.31   0.18   0.18    0.010  0.020  0.138  0.044
   78     41.92  38.33  65.58  21.60   0.28   0.18    0.036 -0.043 -0.340 -0.194
   79     59.22 -68.74  -4.18   1.91   0.30   0.09    0.219  0.377  0.245  0.673
   80     27.32 -69.28  -5.70   1.70   0.20   0.09    0.219  0.317  0.172  0.662
   81     27.54 -69.12  -4.29   1.27   0.25   0.10    0.231  0.387  0.258  0.407
   82     23.89 -69.05  -4.30   1.83   0.22   0.03    0.187  0.383  0.159  0.878
   83     23.31 -70.73  -6.61   7.23   0.13  -0.12   -0.081  0.160 -0.332 -0.029
   84     21.33 -42.62   7.67  20.51   0.04   0.08    0.030  0.293 -0.394 -0.177
   85     24.61-167.61 -45.66  10.64   0.39   0.48    0.001 -0.139  0.394 -0.000
   86     44.19 -12.14  29.48  17.50   0.07   0.06    0.026  0.043 -0.254 -0.294
   87     29.19 -61.30   6.19   6.10   0.21  -0.01    0.088  0.133 -0.344  1.568
   88     38.22-102.82 -28.08   7.15   0.32   0.06    0.022  0.421  0.064 -0.897
   89     47.88-142.45  89.64  21.70   0.25   0.58   -0.003 -0.181  0.158  0.279
   90     48.34-140.04  88.64  21.18   0.20   0.54   -0.012 -0.047  0.250  0.178
   91     34.10  33.79  85.04  19.94   0.29   0.28   -0.009  0.098 -0.031  0.125

 A V E R A G E   of ADJUSTMENTS :                     0.002  0.009  0.036  0.064
 A V E R A G E   of ABSOLUTE ADJUSTMENTS :            0.068  0.196  0.205  0.313


 Step length damping of 0.39340 was applied.


 Velocity adjustments:
     vp    dvp      hp   reflector
 Velocity model   1
   4.905 -0.035   -5.000      
   5.743  0.061   -2.320      
   6.164 -0.003    6.920      
   6.397 -0.036   12.700      
   6.411 -0.064   15.670      
   6.947 -0.073   24.840      
   7.263  0.077   27.920      
   7.436  0.039   30.350      
   7.437  0.000   30.850      
   7.578 -0.194   40.460      

 Calculation of average velocity starts at layer #           1
 z = -5.00 ... -2.32    v = 4.90    AVEL = 4.90 downto z =  -2.32
 z = -2.32 ...  6.92    v = 5.74    AVEL = 5.55 downto z =   6.92
 z =  6.92 ... 12.70    v = 6.16    AVEL = 5.75 downto z =  12.70
 z = 12.70 ... 15.67    v = 6.40    AVEL = 5.85 downto z =  15.67
 z = 15.67 ... 24.84    v = 6.41    AVEL = 6.02 downto z =  24.84
 z = 24.84 ... 27.92    v = 6.95    AVEL = 6.11 downto z =  27.92
 z = 27.92 ... 30.35    v = 7.26    AVEL = 6.19 downto z =  30.35
 z = 30.35 ... 30.85    v = 7.44    AVEL = 6.20 downto z =  30.85
 z = 30.85 ... 40.46    v = 7.44    AVEL = 6.46 downto z =  40.46


 Calculation of average velocity starts at layer #           2
 z = -2.32 ...  6.92    v = 5.74    AVEL = 5.74 downto z =   6.92
 z =  6.92 ... 12.70    v = 6.16    AVEL = 5.91 downto z =  12.70
 z = 12.70 ... 15.67    v = 6.40    AVEL = 5.99 downto z =  15.67
 z = 15.67 ... 24.84    v = 6.41    AVEL = 6.13 downto z =  24.84
 z = 24.84 ... 27.92    v = 6.95    AVEL = 6.21 downto z =  27.92
 z = 27.92 ... 30.35    v = 7.26    AVEL = 6.29 downto z =  30.35
 z = 30.35 ... 30.85    v = 7.44    AVEL = 6.31 downto z =  30.85
 z = 30.85 ... 40.46    v = 7.44    AVEL = 6.56 downto z =  40.46



 Adjusted station corrections:
   stn  ptcor  dpcor  
  624   0.000  0.000  628  -0.100 -0.033  630  -0.059 -0.025  627   0.142  0.050
  621   0.061  0.011  629   0.174  0.056  622   0.041  0.007  620  -0.070 -0.026
  623   0.166  0.049  626   0.158  0.053  625   0.154  0.053  631   0.224  0.062
  632  -0.037 -0.033

 ~~~ another iteration? ...
 NITT = ITTMAX  --> stop iterations.
 ~~~ final solution reached ...

 ~~~ damp G & Chol.-Decomp.: NOT made (switch iresolcalc is NOT set !)

 Final rms values:  0.15 0.15 0.40 0.43 0.12 0.08 0.55 0.41 0.07 1.07
                    1.35 0.17 0.19 0.26 0.32 0.38 0.26 0.12 0.12 0.17
                    0.30 0.20 0.33 0.32 0.06 0.06 0.13 0.34 0.30 0.41
                    0.35 0.13 0.19 0.04 0.32 0.30 0.12 0.25 0.12 0.17
                    0.11 0.09 0.33 0.05 0.26 0.08 0.41 0.13 0.17 0.28
                    0.49 0.34 0.38 0.26 0.06 0.38 0.34 0.41 0.37 0.78
                    0.45 0.53 0.07 0.47 0.09 0.26 0.17 0.27 0.00 0.37
                    0.55 0.02 0.30 0.29 0.83 0.00 0.18 0.28 0.30 0.20
                    0.25 0.22 0.13 0.04 0.39 0.07 0.21 0.32 0.25 0.20
                    0.29



 ~~~ output final hypocenters ...

      date    origin   latitude longitude  depth  mag  no  rms      x      y      z
   1 160818 1613  9.18 73.0060N 124.8593E  23.50 1.40   6 0.154   38.29 112.25  23.50
   2 160818 1613  9.36 72.9943N 124.8749E  23.08 1.10   6 0.150   37.78 110.95  23.08
   3 160819 0959 27.32 71.9300N 129.7904E  13.42 4.00  12 0.399 -131.03  -7.81  13.42
   4 160820 1506 15.60 71.9425N 129.8203E   9.85 1.50   9 0.433 -132.02  -6.42   9.85
   5 160820 1904 45.77 72.3409N 127.1760E  23.22 1.20   6 0.116  -40.21  38.03  23.22
   6 160822 1318 49.58 72.3612N 127.0670E  16.75 0.60   8 0.084  -36.46  40.31  16.75
   7 160823 0652 13.95 70.9287N 129.7850E   6.01 2.90   6 0.552 -134.34-119.54   6.01
   8 160824 1510 30.47 71.6066N 130.0484E   8.84 1.50   9 0.409 -141.16 -43.90   8.84
   9 160906 1514 39.75 72.5016N 125.6885E  11.64 0.90   6 0.069   10.60  55.97  11.64
  10 160920 1607 17.98 69.2379N 128.3998E  16.29 2.60   2 1.072  -88.91-308.21  16.29
  11 160925 1911  5.05 69.2242N 127.7436E  15.74 2.30   2 1.348  -64.62-309.74  15.74
  12 161004 0841 51.33 72.8469N 124.9700E  16.18 0.20   6 0.172   34.73  94.50  16.18
  13 161005 1619 46.93 72.8807N 125.0084E  20.03 1.00   9 0.193   33.40  98.27  20.03
  14 161006 0156 55.93 72.8729N 125.0094E  15.05 1.00   7 0.257   33.38  97.40  15.05
  15 161009 0036 44.72 72.8773N 124.9941E  18.42 1.30   8 0.325   33.89  97.89  18.42
  16 161009 0036 44.87 72.8673N 124.9743E  19.27 1.20   7 0.384   34.57  96.78  19.27
  17 161012 0800 22.13 72.7388N 126.0372E  18.77 0.80   7 0.259   -1.26  82.43  18.77
  18 161015 1013 36.49 72.0386N 126.9896E  10.73 0.70   7 0.118  -34.11   4.30  10.73
  19 161021 0507 33.42 72.5732N 124.7908E  10.11 0.80   6 0.121   41.08  63.96  10.11
  20 161124 2250 46.03 72.7639N 124.8901E  16.24 3.10   4 0.175   37.51  85.24  16.24
  21 161125 0156 34.24 72.7402N 124.9361E  12.45 0.60   7 0.304   35.98  82.60  12.45
  22 161125 0517 25.99 72.7655N 124.9559E  13.24 1.60   6 0.202   35.29  85.42  13.24
  23 161125 0525 16.01 72.7725N 124.9673E  10.87 0.80   6 0.329   34.89  86.20  10.87
  24 161125 0556  2.14 72.7466N 124.9951E   6.41 0.20   6 0.315   33.98  83.30   6.41
  25 170117 0846 48.74 72.2065N 127.3280E  22.39 0.30   6 0.065  -45.57  23.04  22.39
  26 170122 1614 27.65 71.9629N 128.0199E  10.17 0.90   6 0.058  -69.76  -4.14  10.17
  27 170125 2244  0.28 72.4379N 126.0140E  12.83 0.80   6 0.131   -0.48  48.86  12.83
  28 170302 1359 59.19 72.6856N 124.8850E  11.03 0.50   7 0.340   37.76  76.50  11.03
  29 170302 2335 20.26 71.8923N 130.3027E  15.19 2.10   9 0.303 -148.89 -12.02  15.19
  30 170304 2135  3.07 72.6834N 124.9408E  12.57 1.30   7 0.409   35.88  76.26  12.57
  31 170307 0447 21.09 72.6918N 124.9423E  13.80 1.70  10 0.354   35.82  77.20  13.80
  32 170307 2016 50.92 72.6874N 124.9183E  14.95 1.10   6 0.129   36.63  76.70  14.95
  33 170309 1454  0.97 72.6794N 124.9041E  15.50 0.30   6 0.188   37.12  75.81  15.50
  34 170311 0430 55.51 72.3100N 126.4889E  24.39 0.30   6 0.040  -16.73  34.59  24.39
  35 170312 0416 39.67 71.9231N 128.0431E   6.23 2.10   6 0.322  -70.64  -8.58   6.23
  36 170313 0553 59.26 72.6947N 124.9277E  14.88 1.00   9 0.299   36.31  77.51  14.88
  37 170313 0809  5.72 72.4450N 125.0909E  14.08 1.20   7 0.123   30.99  49.66  14.08
  38 170315 0234 46.54 72.6543N 123.8427E  17.45 1.40   7 0.248   73.13  73.01  17.45
  39 170317 1007 14.49 72.2278N 125.9801E   2.62 0.50   7 0.120    0.68  25.42   2.62
  40 170320 0711 14.62 72.1213N 127.2224E  15.74 0.90   6 0.173  -42.04  13.53  15.74
  41 170320 0853 56.70 72.7052N 124.9769E   8.04 0.40   6 0.115   34.63  78.68   8.04
  42 170320 1900 34.42 72.4124N 126.1124E  17.57 0.60   7 0.087   -3.84  46.02  17.57
  43 170323 0519 24.84 71.6480N 129.1436E   6.15 1.20   6 0.332 -109.49 -39.28   6.15
  44 170323 1612 49.76 72.4470N 125.1163E   7.69 0.50   6 0.049   30.12  49.88   7.69
  45 170323 1906 41.31 72.4118N 130.2491E  19.34 1.00   6 0.260 -144.99  45.95  19.34
  46 170326 0836 34.18 71.9906N 127.6556E  15.76 1.50   7 0.083  -57.14  -1.04  15.76
  47 170402 0422  1.20 72.7181N 125.6809E  21.92 1.20  10 0.415   10.80  80.13  21.92
  48 170402 0636 37.40 72.7297N 125.6826E  23.43 0.70   6 0.126   10.74  81.43  23.43
  49 170404 2347 35.82 72.7559N 124.3974E  22.42 0.50   6 0.168   54.17  84.35  22.42
  50 170405 0307 36.16 71.6816N 128.9361E  14.19 1.00  10 0.279 -102.17 -35.53  14.19
  51 170405 1410 53.29 71.5102N 128.8673E   7.32 1.70  10 0.493 -100.23 -54.66   7.32
  52 170406 0838 43.25 72.3942N 129.3939E  15.81 0.90  10 0.341 -115.86  43.99  15.81
  53 170406 1728  1.19 72.7220N 125.6846E  21.33 0.90  10 0.381   10.67  80.56  21.33
  54 170407 1729  1.77 74.8903N 128.6355E  15.72 1.80   2 0.260  -83.85 322.51  15.72
  55 170407 1729  2.26 74.7249N 128.8101E   0.49 1.60   5 0.059  -89.84 304.05   0.49
  56 170408 1004 44.99 72.6021N 124.9449E  14.70 1.40  13 0.385   35.81  67.18  14.70
  57 170409 0856 47.03 73.3894N 128.5629E  15.61 2.50   6 0.336  -85.13 155.04  15.61
  58 170409 0902 45.65 73.3599N 128.4197E  16.35 1.10   7 0.413  -80.44 151.75  16.35
  59 170410 1520  8.99 72.0076N 128.3540E   2.34 1.00  10 0.368  -81.20   0.84   2.34
  60 170410 1813  3.65 70.9408N 129.1096E   3.30 2.20  13 0.779 -110.34-118.19   3.30
  61 170412 1507  0.71 71.5078N 129.7672E   2.95 0.70   6 0.447 -131.70 -54.93   2.95
  62 170413 0651 20.18 73.3697N 125.4048E  17.24 1.00  10 0.529   19.78 152.84  17.24
  63 170414 0459 18.91 72.2627N 127.3703E  20.10 0.50   7 0.067  -46.95  29.31  20.10
  64 170414 0540  4.56 73.6791N 130.8727E   8.19 1.80  11 0.468 -160.53 187.36   8.19
  65 170414 1656 23.53 72.1787N 127.3820E  15.28 0.20   6 0.087  -47.46  19.94  15.28
  66 170414 1753 32.91 72.3952N 130.4631E  18.46 0.70   6 0.261 -152.36  44.10  18.46
  67 170416 0523 42.07 71.9498N 127.0662E  17.37 1.60  13 0.170  -36.84  -5.61  17.37
  68 170416 1220 14.13 72.9590N 124.4770E  21.19 1.00  11 0.265   51.19 107.01  21.19
 WARNING: Event-# :          69 has zero observations!
  69 170416 1257 48.30 68.8710N 131.7500E  73.50 2.20   0 0.000 -214.97-349.14  73.50
  70 170416 1821  5.51 72.8719N 124.9961E  19.90 1.30  13 0.368   33.83  97.29  19.90
  71 170418 0606  4.81 72.5042N 125.8195E   0.90 0.20   6 0.550    6.14  56.25   0.90
  72 170418 1005 54.99 69.3326N 122.4135E  96.94 2.20   1 0.024  132.56-297.64  96.94
  73 170418 1500 13.02 72.7289N 124.4983E  23.26 1.30  12 0.302   50.80  81.33  23.26
  74 170420 1302 36.30 72.6298N 129.0263E  23.48 0.90  11 0.290 -102.65  70.28  23.48
  75 170420 2248 47.02 72.0450N 129.1682E   1.03 0.70  11 0.833 -109.18   5.03   1.03
 WARNING: Event-# :          76 has zero observations!
  76 170423 0850 54.60 74.7080N 132.7900E   0.10 1.90   0 0.000 -217.19 302.17   0.10
  77 170423 1455 44.15 72.8430N 124.4837E  17.31 0.60   8 0.182   51.13  94.06  17.31
  78 170423 2313 41.92 72.5877N 124.8713E  21.60 1.30  12 0.284   38.33  65.58  21.60
  79 170424 0609 59.22 71.9625N 127.9903E   1.91 1.10  12 0.301  -68.74  -4.18   1.91
  80 170424 0755 27.32 71.9489N 128.0051E   1.70 1.00  12 0.199  -69.28  -5.70   1.70
  81 170424 0755 27.54 71.9615N 128.0011E   1.27 1.00  12 0.246  -69.12  -4.29   1.27
  82 170425 0652 23.89 71.9614N 127.9991E   1.83 1.20   9 0.216  -69.05  -4.30   1.83
  83 170426 0051 23.31 71.9408N 128.0467E   7.23 0.70   6 0.127  -70.73  -6.61   7.23
  84 170426 1425 21.33 72.0688N 127.2377E  20.51 0.10   6 0.044  -42.62   7.67  20.51
  85 170426 1834 24.61 71.5908N 130.8052E  10.64 1.20   8 0.385 -167.61 -45.66  10.64
  86 170426 1840 44.19 72.2642N 126.3545E  17.50 1.30   8 0.069  -12.14  29.48  17.50
  87 170427 0912 29.19 72.0555N 127.7793E   6.10 0.90   8 0.211  -61.30   6.19   6.10
  88 170427 1041 38.22 71.7483N 128.9599E   7.15 0.70   7 0.318 -102.82 -28.08   7.15
  89 170427 2010 47.88 72.8034N 130.2196E  21.70 1.30   8 0.250 -142.45  89.64  21.70
  90 170427 2010 48.34 72.7944N 130.1473E  21.18 1.30   8 0.196 -140.04  88.64  21.18
  91 170427 2342 34.10 72.7622N 125.0002E  19.94 0.80   6 0.290   33.79  85.04  19.94

 ~~~ output final station residuals ...
 TURBO-option is set; residuals are NOT printed for each event!



   station statistics, remember nsp was set to: 1


 sta phase nobs avres  avwres    std    wsum    delay

 624    P  74  0.1234  0.1234  0.2713  74.0000  0.0000
 628    P  69  0.0525  0.0525  0.2814  69.0000 -0.0999
 630    P  53  0.2000  0.2000  0.2946  53.0000 -0.0589
 627    P  46  0.1782  0.1782  0.2955  46.0000  0.1415
 621    P  59  0.2862  0.2862  0.3968  59.0000  0.0613
 629    P  43  0.2201  0.2201  0.3732  43.0000  0.1742
 622    P  58  0.1591  0.1591  0.3228  58.0000  0.0410
 620    P  48  0.1264  0.1264  0.4024  48.0000 -0.0705
 623    P  55  0.1964  0.1964  0.2945  55.0000  0.1660
 626    P  52  0.2711  0.2711  0.4294  52.0000  0.1579
 625    P  49  0.2031  0.2031  0.3601  49.0000  0.1545
 631    P  49  0.5144  0.5144  0.5345  49.0000  0.2240
 632    P  24  0.3213  0.3213  0.4965  24.0000 -0.0374


 ~~~ output statistics ...




 RAY-STATISTICS FOR  L A S T  ITERATION
 --------------------------------------

 NHYP : nr of hypocenters in this layer
 NREF : nr of headwaves in this layer
 %len : % of "refracted km" in this layer 
        with respect to all refracted kilometers
 NHIT : nr of rays passed thru this layer
 xy-km: average horizontal ray length [km] in layer
 z-km : average  vertical  ray length [km] in layer
 RFLX : number of reflections at bottom of this layer

 nlay   top ..... bottom     velocity   NHYP NREF %len  NHIT xy-km  z-km  RFLX

   1    -5.00... -2.32 km    4.90 km/s    0    0   0.0     0   0.0   0.0     0
   2    -2.32...  6.92 km    5.74 km/s   17    0   0.0  1433  12.2   5.5     0
   3     6.92... 12.70 km    6.16 km/s   17   42  14.0   715  16.3   4.9     0
   4    12.70... 15.67 km    6.40 km/s   14   43  14.9   597  15.4   2.5     0
   5    15.67... 24.84 km    6.41 km/s   41    0   0.0   580  14.2   6.5     0
   6    24.84... 27.92 km    6.95 km/s    0    5   0.9   380   8.5   3.0     0
   7    27.92... 30.35 km    7.26 km/s    0   11   2.2   364  11.7   2.4     0
   8    30.35... 30.85 km    7.44 km/s    0  153  55.8   200  55.3   0.1     0
   9    30.85... 40.46 km    7.44 km/s    0   23  12.3    24  89.9   0.4     0
  10    40.46...       km    7.58 km/s    2    0   0.0     0   0.0   0.0

 Total nr of events was   91

 Total nr of refracted rays =   277
 Total nr of reflected rays =     0
 Total nr of   other   rays =   402
                              ------
 Total nr of    all    rays =   679

 Average (absolute) error of the raytracers:
  Straight and direct rays : 3667.96 meters
  Refracted           rays :    0.01 meters
  Reflected           rays :    0.00 meters


 ALL RAYS TOGETHER:
 Average horizontal ray length =   89.9 km   (Hypocenter --> Station) 
 Average  vertical  ray length =   18.4 km   (Deepest ray-point --> Station)



 ... and some more STATISTICS 
 ---------------------------- 
  GAP of final epicenters:

  Event# -> GAP  Event# -> GAP  Event# -> GAP  Event# -> GAP  Event# -> GAP
       1 -> 296       2 -> 294       3 -> 271       4 -> 276       5 -> 306
       6 ->  95       7 -> 321       8 -> 306       9 -> 167      10 -> 346
      11 -> 347      12 -> 259      13 -> 264      14 -> 263      15 -> 264
      16 -> 264      17 -> 253      18 -> 245      19 -> 160      20 -> 302
      21 -> 231      22 -> 238      23 -> 241      24 -> 232      25 -> 129
      26 -> 103      27 -> 152      28 -> 212      29 -> 305      30 -> 211
      31 -> 214      32 -> 212      33 -> 210      34 -> 134      35 -> 238
      36 -> 215      37 -> 132      38 -> 312      39 -> 119      40 -> 210
      41 -> 218      42 -> 120      43 -> 227      44 -> 133      45 -> 308
      46 -> 125      47 -> 223      48 -> 226      49 -> 286      50 -> 195
      51 -> 289      52 -> 271      53 -> 224      54 -> 354      55 -> 347
      56 -> 180      57 -> 310      58 -> 318      59 -> 159      60 -> 310
      61 -> 302      62 -> 306      63 -> 148      64 -> 322      65 -> 127
      66 -> 293      67 ->  87      68 -> 295      69 -> 171      70 -> 262
      71 -> 172      72 ->   0      73 -> 259      74 -> 300      75 -> 243
      76 ->  60      77 -> 284      78 -> 171      79 -> 160      80 -> 166
      81 -> 163      82 -> 162      83 -> 237      84 -> 118      85 -> 315
      86 ->  94      87 -> 112      88 -> 268      89 -> 318      90 -> 317
      91 -> 294

 GAPs were between   0 and 354
      (average GAP was 227)



  MAGNITUDES of INPUT-DATA:

 Magnitude (# of events)   ***average number of obs***

 MAG<= 1.0 ( 47) *******
 MAG = 1.1 (  4) ********
 MAG = 1.2 (  7) ********
 MAG = 1.3 (  8) *********1
 MAG = 1.4 (  3) *********
 MAG = 1.5 (  3) ********
 MAG = 1.6 (  3) ********
 MAG = 1.7 (  2) *********1
 MAG = 1.8 (  2) *******
 MAG = 1.9 (  1)  
 MAG = 2.0 (  0)  
 MAG = 2.1 (  2) ********
 MAG = 2.2 (  3) *****
 MAG = 2.3 (  1) **
 MAG = 2.4 (  0)  
 MAG = 2.5 (  1) ******
 MAG = 2.6 (  1) **
 MAG = 2.7 (  0)  
 MAG = 2.8 (  0)  
 MAG = 2.9 (  1) ******
 MAG = 3.0 (  0)  
 MAG = 3.1 (  1) ****
 MAG = 3.2 (  0)  
 MAG = 3.3 (  0)  
 MAG = 3.4 (  0)  
 MAG = 3.5 (  0)  
 MAG = 3.6 (  0)  
 MAG = 3.7 (  0)  
 MAG = 3.8 (  0)  
 MAG = 3.9 (  0)  
 MAG = 4.0 (  1) *********1**
 MAG = 4.1 (  0)  
 MAG = 4.2 (  0)  
 MAG = 4.3 (  0)  
 MAG = 4.4 (  0)  
 MAG = 4.5 (  0)  
 MAG = 4.6 (  0)  
 MAG = 4.7 (  0)  
 MAG = 4.8 (  0)  
 MAG = 4.9 (  0)  
 MAG = 5.0 (  0)  
 MAG = 5.1 (  0)  
 MAG = 5.2 (  0)  
 MAG = 5.3 (  0)  
 MAG = 5.4 (  0)  
 MAG = 5.5 (  0)  
 MAG = 5.6 (  0)  
 MAG = 5.7 (  0)  
 MAG = 5.8 (  0)  
 MAG = 5.9 (  0)  
 MAG>= 6.0 (  0)  





  DEPTHs of INPUT-DATA and of LAST ITERATION:
  ===========================================

       Depth       # of events  

 DEPTH ( input ) =  -4. km :   
 DEPTH (last_IT) =  -4. km :   
 DEPTH ( input ) =  -3. km :   
 DEPTH (last_IT) =  -3. km :   
 DEPTH ( input ) =  -2. km :   
 DEPTH (last_IT) =  -2. km :   
 DEPTH ( input ) =  -1. km :   
 DEPTH (last_IT) =  -1. km :   
 DEPTH ( input ) =   0. km :  ........
 DEPTH (last_IT) =   0. km :  **
 DEPTH ( input ) =   1. km :  .
 DEPTH (last_IT) =   1. km :  ***
 DEPTH ( input ) =   2. km :   
 DEPTH (last_IT) =   2. km :  ****
 DEPTH ( input ) =   3. km :  ...
 DEPTH (last_IT) =   3. km :  ***
 DEPTH ( input ) =   4. km :  ..
 DEPTH (last_IT) =   4. km :   
 DEPTH ( input ) =   5. km :  ..
 DEPTH (last_IT) =   5. km :   
 DEPTH ( input ) =   6. km :  ..
 DEPTH (last_IT) =   6. km :  *****
 DEPTH ( input ) =   7. km :  .
 DEPTH (last_IT) =   7. km :  ***
 DEPTH ( input ) =   8. km :  ...
 DEPTH (last_IT) =   8. km :  ***
 DEPTH ( input ) =   9. km :  ..
 DEPTH (last_IT) =   9. km :  *
 DEPTH ( input ) =  10. km :  ..
 DEPTH (last_IT) =  10. km :  ***
 DEPTH ( input ) =  11. km :  ...
 DEPTH (last_IT) =  11. km :  ****
 DEPTH ( input ) =  12. km :  ....
 DEPTH (last_IT) =  12. km :  **
 DEPTH ( input ) =  13. km :  ..
 DEPTH (last_IT) =  13. km :  ****
 DEPTH ( input ) =  14. km :  ...
 DEPTH (last_IT) =  14. km :  ***
 DEPTH ( input ) =  15. km :  ........
 DEPTH (last_IT) =  15. km :  ******
 DEPTH ( input ) =  16. km :  .........1.
 DEPTH (last_IT) =  16. km :  *********1*
 DEPTH ( input ) =  17. km :  .....
 DEPTH (last_IT) =  17. km :  *****
 DEPTH ( input ) =  18. km :  ....
 DEPTH (last_IT) =  18. km :  ****
 DEPTH ( input ) =  19. km :  .....
 DEPTH (last_IT) =  19. km :  ***
 DEPTH ( input ) =  20. km :  .....
 DEPTH (last_IT) =  20. km :  ****
 DEPTH ( input ) =  21. km :  ..
 DEPTH (last_IT) =  21. km :  ****
 DEPTH ( input ) =  22. km :  ....
 DEPTH (last_IT) =  22. km :  *****
 DEPTH ( input ) =  23. km :  ....
 DEPTH (last_IT) =  23. km :  ******
 DEPTH ( input ) =  24. km :  ..
 DEPTH (last_IT) =  24. km :  *
 DEPTH ( input ) =  25. km :  .
 DEPTH (last_IT) =  25. km :   
 DEPTH ( input ) =  26. km :   
 DEPTH (last_IT) =  26. km :   
 DEPTH ( input ) =  27. km :   
 DEPTH (last_IT) =  27. km :   
 DEPTH ( input ) =  28. km :   
 DEPTH (last_IT) =  28. km :   
 DEPTH ( input ) =  29. km :   
 DEPTH (last_IT) =  29. km :   
 DEPTH ( input ) =  30. km :   
 DEPTH (last_IT) =  30. km :   
 DEPTH ( input ) =  31. km :   
 DEPTH (last_IT) =  31. km :   
 DEPTH ( input ) =  32. km :   
 DEPTH (last_IT) =  32. km :   
 DEPTH ( input ) =  33. km :   
 DEPTH (last_IT) =  33. km :   
 DEPTH ( input ) =  34. km :   
 DEPTH (last_IT) =  34. km :   
 DEPTH ( input ) =  35. km :   
 DEPTH (last_IT) =  35. km :   
 DEPTH ( input ) =  36. km :   
 DEPTH (last_IT) =  36. km :   
 DEPTH ( input ) =  37. km :   
 DEPTH (last_IT) =  37. km :   
 DEPTH ( input ) =  38. km :   
 DEPTH (last_IT) =  38. km :   
 DEPTH ( input ) =  39. km :   
 DEPTH (last_IT) =  39. km :   
 DEPTH ( input ) =  40. km :   
 DEPTH (last_IT) =  40. km :   
 DEPTH ( input ) =  41. km :   
 DEPTH (last_IT) =  41. km :   
 DEPTH ( input ) =  42. km :   
 DEPTH (last_IT) =  42. km :   
 DEPTH ( input ) =  43. km :   
 DEPTH (last_IT) =  43. km :   
 DEPTH ( input ) =  44. km :   
 DEPTH (last_IT) =  44. km :   
 DEPTH ( input ) =  45. km :   
 DEPTH (last_IT) =  45. km :   
 DEPTH ( input ) =  46. km :   
 DEPTH (last_IT) =  46. km :   
 DEPTH ( input ) =  47. km :   
 DEPTH (last_IT) =  47. km :   
 DEPTH ( input ) =  48. km :   
 DEPTH (last_IT) =  48. km :   
 DEPTH ( input ) =  49. km :   
 DEPTH (last_IT) =  49. km :   
 DEPTH ( input ) =  50. km :   
 DEPTH (last_IT) =  50. km :   
 DEPTH ( input ) =  51. km :   
 DEPTH (last_IT) =  51. km :   
 DEPTH ( input ) =  52. km :   
 DEPTH (last_IT) =  52. km :   
 DEPTH ( input ) =  53. km :   
 DEPTH (last_IT) =  53. km :   
 DEPTH ( input ) =  54. km :   
 DEPTH (last_IT) =  54. km :   
 DEPTH ( input ) =  55. km :   
 DEPTH (last_IT) =  55. km :   
 DEPTH ( input ) =  56. km :   
 DEPTH (last_IT) =  56. km :   
 DEPTH ( input ) =  57. km :   
 DEPTH (last_IT) =  57. km :   
 DEPTH ( input ) =  58. km :   
 DEPTH (last_IT) =  58. km :   
 DEPTH ( input ) =  59. km :   
 DEPTH (last_IT) =  59. km :   
 DEPTH ( input ) =  60. km :   
 DEPTH (last_IT) =  60. km :   
 DEPTH ( input ) =  61. km :   
 DEPTH (last_IT) =  61. km :   
 DEPTH ( input ) =  62. km :   
 DEPTH (last_IT) =  62. km :   
 DEPTH ( input ) =  63. km :   
 DEPTH (last_IT) =  63. km :   
 DEPTH ( input ) =  64. km :   
 DEPTH (last_IT) =  64. km :   
 DEPTH ( input ) =  65. km :   
 DEPTH (last_IT) =  65. km :   
 DEPTH ( input ) =  66. km :   
 DEPTH (last_IT) =  66. km :   
 DEPTH ( input ) =  67. km :   
 DEPTH (last_IT) =  67. km :   
 DEPTH ( input ) =  68. km :   
 DEPTH (last_IT) =  68. km :   
 DEPTH ( input ) =  69. km :   
 DEPTH (last_IT) =  69. km :   
 DEPTH ( input ) =  70. km :   
 DEPTH (last_IT) =  70. km :   
 DEPTH ( input ) =  71. km :   
 DEPTH (last_IT) =  71. km :   
 DEPTH ( input ) =  72. km :   
 DEPTH (last_IT) =  72. km :   
 DEPTH ( input ) =  73. km :   
 DEPTH (last_IT) =  73. km :   
 DEPTH ( input ) =  74. km :  .
 DEPTH (last_IT) =  74. km :  *
 DEPTH ( input ) =  75. km :   
 DEPTH (last_IT) =  75. km :   
 DEPTH ( input ) =  76. km :   
 DEPTH (last_IT) =  76. km :   
 DEPTH ( input ) =  77. km :   
 DEPTH (last_IT) =  77. km :   
 DEPTH ( input ) =  78. km :   
 DEPTH (last_IT) =  78. km :   
 DEPTH ( input ) =  79. km :   
 DEPTH (last_IT) =  79. km :   
 DEPTH ( input ) =  80. km :   
 DEPTH (last_IT) =  80. km :   
 DEPTH ( input ) =  81. km :   
 DEPTH (last_IT) =  81. km :   
 DEPTH ( input ) =  82. km :   
 DEPTH (last_IT) =  82. km :   
 DEPTH ( input ) =  83. km :   
 DEPTH (last_IT) =  83. km :   
 DEPTH ( input ) =  84. km :   
 DEPTH (last_IT) =  84. km :   
 DEPTH ( input ) =  85. km :   
 DEPTH (last_IT) =  85. km :   
 DEPTH ( input ) =  86. km :   
 DEPTH (last_IT) =  86. km :   
 DEPTH ( input ) =  87. km :   
 DEPTH (last_IT) =  87. km :   
 DEPTH ( input ) =  88. km :   
 DEPTH (last_IT) =  88. km :   
 DEPTH ( input ) =  89. km :   
 DEPTH (last_IT) =  89. km :   
 DEPTH ( input ) =  90. km :   
 DEPTH (last_IT) =  90. km :   
 DEPTH ( input ) =  91. km :   
 DEPTH (last_IT) =  91. km :   
 DEPTH ( input ) =  92. km :   
 DEPTH (last_IT) =  92. km :   
 DEPTH ( input ) =  93. km :   
 DEPTH (last_IT) =  93. km :   
 DEPTH ( input ) =  94. km :   
 DEPTH (last_IT) =  94. km :   
 DEPTH ( input ) =  95. km :   
 DEPTH (last_IT) =  95. km :   
 DEPTH ( input ) =  96. km :   
 DEPTH (last_IT) =  96. km :   
 DEPTH ( input ) =  97. km :  .
 DEPTH (last_IT) =  97. km :  *
 DEPTH ( input ) =  98. km :   
 DEPTH (last_IT) =  98. km :   
 DEPTH ( input ) =  99. km :   
 DEPTH (last_IT) =  99. km :   
 DEPTH ( input ) = 100. km :   
 DEPTH (last_IT) = 100. km :   
 DEPTH ( input ) > 100. km :   
 DEPTH (last_IT) > 100. km :   


 Residuals of the stations according to the azimuth:
 (RES  = total average residual at station)
 (RES1 = average residual of rays from 1st quadrant)
 (RES2 = average residual of rays from 2nd quadrant)
 (RES3 = average residual of rays from 3rd quadrant)
 (RES4 = average residual of rays from 4th quadrant)

 Stn#  Stn     RES          RES1         RES2         RES3         RES4
   1   624     0.12(  74)   0.11(  33)   0.08(   5)   0.12(  29)   0.26(   7)
   2   628     0.05(  69)  -0.06(  32)  -0.01(   5)   0.09(  25)   0.50(   7)
   3   630     0.20(  53)   0.33(  24)   0.13(  11)  -0.13(  10)   0.32(   8)
   4   627     0.18(  46)   0.21(  12)   0.00(   0)   0.06(  22)   0.37(  12)
   5   621     0.29(  59)   0.19(   7)   0.00(   0)   0.42(  18)   0.24(  34)
   6   629     0.22(  43)   0.40(  15)   0.00(   0)  -0.08(   8)   0.20(  20)
   7   622     0.16(  58)   0.01(  27)   0.00(   0)   0.30(  20)   0.26(  11)
   8   620     0.13(  48)   0.00(   1)   0.00(   0)   0.35(  18)  -0.01(  29)
   9   623     0.20(  55)   0.08(  30)   0.00(   0)   0.41(  17)   0.19(   8)
  10   626     0.27(  52)   0.21(  24)   0.00(   0)   0.10(   5)   0.37(  23)
  11   625     0.20(  49)   0.19(  14)   0.00(   0)   0.14(  23)   0.35(  12)
  12   631     0.51(  49)   0.69(  18)   0.16(   1)   0.87(   4)   0.35(  26)
  13   632     0.32(  24)   0.61(  12)   0.18(   2)  -0.01(   3)   0.00(   7)



 CPU - statistics:

 TOTAL CPU-sec          =    0.3     (CPU-minutes:  0.005)

 >>>   End of program VELEST at 25-06-02 12:53       <<< [ CPU-sec :     0.3]
