 >>> Start of program VELEST at 25-06-02 12:52       <<<                        

 ::::::::::::::::::::::::::::::::::::::                                         
  V E L E S T  - Version : January 3, 1995                                      
  (Authors: see source code)                                                    
 ::::::::::::::::::::::::::::::::::::::                                         


 Title of this VELEST run:

 model_2
 -------


 Current array-dimensions of program VELEST:

 Max. number of EARTHQUAKES for simult. inversion IEQ = ***
 Max. number of SHOTS for simult. inversion    INSHOT =  50
 Max. number of (different) 1D-MODELS      ITOTMODELS =   2
 Max. number of LAYERS per one 1D-model        INLTOT = 100
 Max. number of STATIONS in stationlist           IST = 650
 Max. number of OBSERVATIONS per event MAXOBSPEREVENT = 180






    INPUT - P A R A M E T E R S :



***
***  olat       olon   icoordsystem      zshift   itrial ztrial    ised
  72.000000-126.000000      0            0.000       0     0.00      0
***
*** neqs   nshot    rotate
     91      0      0.0
***
*** isingle   iresolcalc
       0          0
***
*** dmax    itopo    zmin     veladj    zadj   lowveloclay
   300.00     0      0.01       0.20    5.00       0
***
*** nsp    swtfac   vpvs       nmod
     1      1.00    1.730        1
***
***   othet   xythet    zthet    vthet   stathet
       0.01     0.01     0.01     1.00     0.01
***
*** nsinv   nshcor   nshfix     iuseelev    iusestacorr
       1       0       0           1            1
***
*** iturbo    icnvout   istaout   ismpout
       1         1         1         0
***
*** irayout   idrvout   ialeout   idspout   irflout   irfrout   iresout
       0         0         0         0         0         0         0
***
*** delmin   ittmax   invertratio
    0.010       3          1
***
*** Modelfile:
tmp/model_2/synthvel/model_266.mod
***
*** Stationfile:
./velinp/station.sta
***
*** Seismofile:
 
***
*** File with region names:
 
***
*** File with region coordinates:
 
***
*** File #1 with topo data:
 
***
*** File #2 with topo data:
 
***
*** DATA INPUT files:
***
*** File with Earthquake data:
./velinp/data.cnv
***
*** File with Shot data:
 
***
*** OUTPUT files:
***
*** Main print output file:
./velout/model_2/velest266.out
***
*** File with single event locations:
velout.vel
***
*** File with final hypocenters in *.cnv format:
./velout/model_2/final_loc266.cnv
***
*** File with new station corrections:
./velout/model_2/stations_corr266.sta
***
*** File with summary cards (e.g. for plotting):
velout.smp
***
*** File with raypoints:
velout.ray
***
*** File with derivatives:
velout.drv
***
*** File with ALEs:
velout.ale
***
*** File with Dirichlet spreads:
velout.dspr
***
*** File with reflection points:
velout.rfl
***
*** File with refraction points:
velout.rfr
***
*** File with residuals:
velout.res
***




 Origin of cartesian coordinates:
        72.00000N   126.00000E

  X,Y-AXES rotated clockwise from North
           Rotation angle (rotate):
            rotate=    0.0 degr.

 icoordsystem =            0
 normal SHORT DISTANCE CONVERSION will be made
 x is positive towards west, y is positive towards north


 SHORT DISTANCE CONVERSION on ELLIPSOIDE of WORLD GEODETIC SYSTEM 1972 (WGS72)
 =============================================================================

 Radius at equator (REARTH)= 6378.13500  km
   1. / (ellipticity)      =    298.260

 Origin of cartesian coordinates [degrees]:
   72.0000000 N     -126.0000000 W

  Rotation angle (in degr.) clockwise from
North  rotate=    0.0

 Radius of sphere at OLAT =   6358.817 km

 Conversion of GEOGRAPHICAL LATITUDE to GEOCENTRICAL LATITUDE:
 RLATC = TAN(GEOCENTR.LAT) / TAN(GEOGRAPH.LAT)
 RLATC =   0.99333486

          Short distance conversions:
          one min lat ~  1.8597 km 
          one min lon ~  0.5751 km 







    INPUT - M O D E L :



 Model(s) read from file :
 tmp/model_2/synthvel/model_266.mod                                              

 model file title: 
Model: model_266.mod                    
 Velocity structure for model   1 :

 layer    vel   depth   vdamp  reflector
   1      5.60  -5.00    1.00         P-VELOCITY MODEL                  
   2      5.97   4.64    1.00  
   3      6.31   6.68    1.00  
   4      6.47  10.62    1.00  
   5      6.85  16.79    1.00  
   6      7.02  17.91    1.00  
   7      7.28  22.02    1.00  
   8      7.29  29.30    1.00  
   9      7.38  32.33    1.00  
  10      7.42  40.98    1.00  

 Calculation of average velocity starts at layer #            1
 z = -5.00 ...  4.64    v = 5.60    AVEL = 5.60 downto z =   4.64
 z =  4.64 ...  6.68    v = 5.97    AVEL = 5.66 downto z =   6.68
 z =  6.68 ... 10.62    v = 6.31    AVEL = 5.83 downto z =  10.62
 z = 10.62 ... 16.79    v = 6.47    AVEL = 6.01 downto z =  16.79
 z = 16.79 ... 17.91    v = 6.85    AVEL = 6.05 downto z =  17.91
 z = 17.91 ... 22.02    v = 7.02    AVEL = 6.20 downto z =  22.02
 z = 22.02 ... 29.30    v = 7.28    AVEL = 6.43 downto z =  29.30
 z = 29.30 ... 32.33    v = 7.29    AVEL = 6.50 downto z =  32.33
 z = 32.33 ... 40.98    v = 7.38    AVEL = 6.66 downto z =  40.98


 Calculation of average velocity starts at layer #            2
 z =  4.64 ...  6.68    v = 5.97    AVEL = 5.97 downto z =   6.68
 z =  6.68 ... 10.62    v = 6.31    AVEL = 6.19 downto z =  10.62
 z = 10.62 ... 16.79    v = 6.47    AVEL = 6.33 downto z =  16.79
 z = 16.79 ... 17.91    v = 6.85    AVEL = 6.38 downto z =  17.91
 z = 17.91 ... 22.02    v = 7.02    AVEL = 6.53 downto z =  22.02
 z = 22.02 ... 29.30    v = 7.28    AVEL = 6.75 downto z =  29.30
 z = 29.30 ... 32.33    v = 7.29    AVEL = 6.81 downto z =  32.33
 z = 32.33 ... 40.98    v = 7.38    AVEL = 6.95 downto z =  40.98






    INPUT - S T A T I O N S :



 Station-parameters read from file :
 ./velinp/station.sta                                                            


     stn latitude longitude elev   x      y      z     ptcor stcor model icc
   1 624 72.4760N126.2750E     0  -9.37  53.11  -0.00   0.00  0.00   1  13
   2 628 72.4000N127.1470E     0 -39.15  44.63  -0.00   0.00  0.00   1  12
   3 630 72.0750N128.3250E     0 -80.06   8.37  -0.00   0.00  0.00   1  11
   4 627 72.1170N126.9820E     0 -33.78  13.06  -0.00   0.00  0.00   1  10
   5 621 72.1840N124.8890E     0  38.14  20.53  -0.00   0.00  0.00   1   9
   6 629 71.9290N127.3130E     0 -45.39  -7.92  -0.00   0.00  0.00   1   8
   7 622 72.4420N125.3130E     0  23.42  49.32  -0.00   0.00  0.00   1   7
   8 620 72.6540N124.3470E     0  56.03  72.98  -0.00   0.00  0.00   1   6
   9 623 72.3260N125.7600E     0   8.21  36.38  -0.00   0.00  0.00   1   5
  10 626 71.8880N126.0360E     0  -1.25 -12.50  -0.00   0.00  0.00   1   4
  11 625 72.1740N126.1070E     0  -3.67  19.42  -0.00   0.00  0.00   1   3
  12 631 71.3990N127.2470E     0 -43.72 -67.06  -0.00   0.00  0.00   1   2
  13 632 71.5740N129.0728E     0-107.23 -47.53  -0.00   0.00  0.00   1   1

 NO Seismo-parameter-file specified
 --> NO magnitudes calculated!




   neqs=   91  nshot=    0  nltot=   10

 ~~~ input parameters read.
 ~~~ set units for first iteration ...
 ~~~ determine number of unknowns ...

 Number of unknowns (for array-indexing):  nvar =  386
 Number of effective unknowns        :  nvareff =  374
 Number of elements on/below main diagonal of matrix G = At*A : kvar =   74691

 ~~~ reset G and RHT ...
 ~~~ input data, raytracing, setup G ...






    I N P U T - D A T A  

  eq    origin-time    latitude longitude depth    x      y      z    mag ifxOBS
   1 160818 1613  9.10 73.0030N 124.8500E  23.10  38.61 111.92  23.10 1.40 0   6
   2 160818 1613  9.30 72.9910N 124.8700E  22.80  37.95 110.58  22.80 1.10 0   6
   3 160819 0959 27.30 71.9230N 129.7600E  12.10-130.00  -8.59  12.10 4.00 0  12
   4 160820 1506 15.70 71.9380N 129.7900E  11.00-130.98  -6.92  11.00 1.50 0   9
   5 160820 1904 45.70 72.3480N 127.1800E  23.80 -40.33  38.83  23.80 1.20 0   6
   6 160822 1318 49.50 72.3650N 127.0800E  16.50 -36.90  40.73  16.50 0.60 0   8
   7 160823 0652 14.00 70.9330N 129.8100E   6.40-135.21-119.06   6.40 2.90 0   6
   8 160824 1510 30.40 71.6070N 130.0400E   8.60-140.86 -43.85   8.60 1.50 0   9
   9 160906 1514 39.70 72.5080N 125.6800E  12.10  10.89  56.68  12.10 0.90 0   6
 WARNING:
 epicentral distance: 303.3 > dmax ( 300.0) ==> skipping phase !
 WARNING:
 epicentral distance: 338.2 > dmax ( 300.0) ==> skipping phase !
  10 160920 1607 18.30 69.2370N 128.3500E  16.20 -87.07-308.31  16.20 2.60 0   2
 WARNING:
 epicentral distance: 318.5 > dmax ( 300.0) ==> skipping phase !
 WARNING:
 epicentral distance: 355.0 > dmax ( 300.0) ==> skipping phase !
  11 160925 1911  5.60 69.2250N 127.6800E  15.60 -62.26-309.64  15.60 2.30 0   2
  12 161004 0841 51.20 72.8480N 124.9600E  15.60  35.07  94.62  15.60 0.20 0   6
  13 161005 1619 46.90 72.8770N 125.0100E  19.00  33.35  97.86  19.00 1.00 0   9
  14 161006 0156 55.90 72.8740N 125.0100E  13.90  33.36  97.52  13.90 1.00 0   7
  15 161009 0036 44.70 72.8720N 124.9900E  17.20  34.03  97.30  17.20 1.30 0   8
  16 161009 0036 44.90 72.8580N 124.9600E  18.60  35.06  95.74  18.60 1.20 0   7
  17 161012 0800 22.10 72.7380N 126.0300E  18.50  -1.01  82.35  18.50 0.80 0   7
  18 161015 1013 36.50 72.0400N 126.9900E  11.20 -34.12   4.46  11.20 0.70 0   7
  19 161021 0507 33.30 72.5750N 124.7800E  10.10  41.44  64.16  10.10 0.80 0   6
  20 161124 2250 46.00 72.7630N 124.8800E  16.20  37.85  85.14  16.20 3.10 0   4
  21 161125 0156 34.10 72.7420N 124.9200E  14.50  36.52  82.80  14.50 0.60 0   7
  22 161125 0517 25.90 72.7650N 124.9400E  13.50  35.82  85.36  13.50 1.60 0   6
  23 161125 0525 15.90 72.7740N 124.9500E  11.60  35.48  86.37  11.60 0.80 0   6
  24 161125 0556  2.00 72.7350N 124.9700E   5.70  34.84  82.01   5.70 0.20 0   6
  25 170117 0846 48.60 72.2130N 127.3400E  22.00 -45.97  23.77  22.00 0.30 0   6
  26 170122 1614 27.60 71.9670N 128.0400E  10.30 -70.45  -3.68  10.30 0.90 0   6
  27 170125 2244  0.20 72.4440N 126.0200E  13.10  -0.68  49.54  13.10 0.80 0   6
  28 170302 1359 59.10 72.6830N 124.8900E  11.50  37.60  76.21  11.50 0.50 0   7
  29 170302 2335 20.20 71.8850N 130.3000E  14.80-148.82 -12.83  14.80 2.10 0   9
  30 170304 2135  2.90 72.6880N 124.9400E  13.40  35.90  76.77  13.40 1.30 0   7
  31 170307 0447 21.00 72.6940N 124.9200E  14.20  36.57  77.44  14.20 1.70 0  10
  32 170307 2016 50.80 72.6910N 124.9100E  15.30  36.91  77.10  15.30 1.10 0   6
  33 170309 1454  0.80 72.6830N 124.9000E  15.60  37.26  76.21  15.60 0.30 0   6
  34 170311 0430 55.40 72.3130N 126.5000E  24.50 -17.11  34.93  24.50 0.30 0   6
  35 170312 0416 39.20 71.9240N 128.0800E   3.40 -71.91  -8.48   3.40 2.10 0   6
  36 170313 0553 59.10 72.6980N 124.9200E  15.10  36.57  77.89  15.10 1.00 0   9
  37 170313 0809  5.60 72.4500N 125.0800E  14.90  31.36  50.21  14.90 1.20 0   7
  38 170315 0234 46.50 72.6540N 123.8400E  16.90  73.22  72.98  16.90 1.40 0   7
  39 170317 1007 14.10 72.2350N 125.9800E   3.90   0.69  26.22   3.90 0.50 0   7
  40 170320 0711 14.60 72.1250N 127.2200E  16.80 -41.95  13.95  16.80 0.90 0   6
  41 170320 0853 56.40 72.7090N 124.9700E   5.10  34.86  79.11   5.10 0.40 0   6
  42 170320 1900 34.30 72.4150N 126.1200E  18.00  -4.09  46.31  18.00 0.60 0   7
  43 170323 0519 24.60 71.6470N 129.1800E   5.20-110.76 -39.39   5.20 1.20 0   6
  44 170323 1612 49.70 72.4530N 125.1100E   8.30  30.33  50.55   8.30 0.50 0   6
  45 170323 1906 41.20 72.4070N 130.2500E  18.30-145.04  45.41  18.30 1.00 0   6
  46 170326 0836 34.10 71.9930N 127.6700E  16.10 -57.63  -0.78  16.10 1.50 0   7
  47 170402 0422  1.00 72.7220N 125.6900E  21.90  10.49  80.56  21.90 1.20 0  10
  48 170402 0636 37.20 72.7310N 125.6900E  23.50  10.49  81.57  23.50 0.70 0   6
  49 170404 2347 35.70 72.7580N 124.3800E  22.60  54.76  84.58  22.60 0.50 0   6
  50 170405 0307 36.10 71.6810N 128.9500E  15.30-102.66 -35.60  15.30 1.00 0  10
  51 170405 1410 53.20 71.5100N 128.9000E   9.30-101.37 -54.68   9.30 1.70 0  10
  52 170406 0838 43.20 72.3850N 129.3800E  15.50-115.42  42.96  15.50 0.90 0  10
  53 170406 1728  1.00 72.7230N 125.6900E  21.30  10.49  80.67  21.30 0.90 0  10
 WARNING:
 epicentral distance: 325.9 > dmax ( 300.0) ==> skipping phase !
 WARNING:
 epicentral distance: 332.9 > dmax ( 300.0) ==> skipping phase !
 WARNING:
 epicentral distance: 345.3 > dmax ( 300.0) ==> skipping phase !
 WARNING:
 epicentral distance: 391.9 > dmax ( 300.0) ==> skipping phase !
  54 170407 1729  3.40 74.8930N 128.6300E  15.60 -83.67 322.81  15.60 1.80 0   2
 WARNING:
 epicentral distance: 311.3 > dmax ( 300.0) ==> skipping phase !
 WARNING:
 epicentral distance: 315.4 > dmax ( 300.0) ==> skipping phase !
 WARNING:
 epicentral distance: 328.9 > dmax ( 300.0) ==> skipping phase !
 WARNING:
 epicentral distance: 374.2 > dmax ( 300.0) ==> skipping phase !
  55 170407 1729  3.50 74.7270N 128.8100E   0.40 -89.83 304.29   0.40 1.60 0   5
  56 170408 1004 44.90 72.6070N 124.9400E  15.00  35.98  67.73  15.00 1.40 0  13
  57 170409 0856 47.20 73.3850N 128.5500E  15.60 -84.71 154.54  15.60 2.50 0   6
  58 170409 0902 45.60 73.3500N 128.4400E  15.10 -81.13 150.64  15.10 1.10 0   7
  59 170410 1520  8.50 72.0030N 128.3900E   2.70 -82.46   0.33   2.70 1.00 0  10
  60 170410 1813  3.60 70.9360N 129.1200E   3.70-110.72-118.73   3.70 2.20 0  13
  61 170412 1507  0.60 71.5070N 129.7200E   0.00-130.05 -55.01   0.00 0.70 0   6
  62 170413 0651 20.10 73.3680N 125.4200E  15.60  19.28 152.65  15.60 1.00 0  10
  63 170414 0459 18.80 72.2680N 127.3800E  20.10 -47.27  29.90  20.10 0.50 0   7
  64 170414 0540  4.80 73.6400N 130.9700E   8.00-163.92 183.00   8.00 1.80 0  11
  65 170414 1656 23.40 72.1850N 127.4000E  15.50 -48.06  20.64  15.50 0.20 0   6
  66 170414 1753 32.80 72.3840N 130.4600E  17.90-152.30  42.85  17.90 0.70 0   6
  67 170416 0523 41.90 71.9560N 127.0800E  19.20 -37.31  -4.91  19.20 1.60 0  13
  68 170416 1220 14.20 72.9470N 124.4900E  20.40  50.77 105.67  20.40 1.00 0  11
 WARNING:
 epicentral distance: 320.3 > dmax ( 300.0) ==> skipping phase !
 WARNING:
 epicentral distance: 381.0 > dmax ( 300.0) ==> skipping phase !
 WARNING:
 epicentral distance: 398.8 > dmax ( 300.0) ==> skipping phase !
 WARNING:
 epicentral distance: 405.0 > dmax ( 300.0) ==> skipping phase !
 WARNING:
 epicentral distance: 424.8 > dmax ( 300.0) ==> skipping phase !
 WARNING:
 epicentral distance: 431.2 > dmax ( 300.0) ==> skipping phase !
 WARNING:
 epicentral distance: 445.5 > dmax ( 300.0) ==> skipping phase !
 WARNING:
 epicentral distance: 451.8 > dmax ( 300.0) ==> skipping phase !
 WARNING:
 epicentral distance: 464.3 > dmax ( 300.0) ==> skipping phase !
  69 170416 1257 48.30 68.8710N 131.7500E  73.50-214.97-349.14  73.50 2.20 0   0
  70 170416 1821  5.50 72.8670N 125.0000E  19.30  33.70  96.74  19.30 1.30 0  13
  71 170418 0606  4.10 72.5080N 125.8200E   1.30   6.13  56.68   1.30 0.20 0   6
 WARNING:
 epicentral distance: 315.2 > dmax ( 300.0) ==> skipping phase !
 WARNING:
 epicentral distance: 332.1 > dmax ( 300.0) ==> skipping phase !
 WARNING:
 epicentral distance: 345.3 > dmax ( 300.0) ==> skipping phase !
 WARNING:
 epicentral distance: 352.6 > dmax ( 300.0) ==> skipping phase !
 WARNING:
 epicentral distance: 346.7 > dmax ( 300.0) ==> skipping phase !
 WARNING:
 epicentral distance: 356.6 > dmax ( 300.0) ==> skipping phase !
 WARNING:
 epicentral distance: 363.9 > dmax ( 300.0) ==> skipping phase !
 WARNING:
 epicentral distance: 372.8 > dmax ( 300.0) ==> skipping phase !
 WARNING:
 epicentral distance: 378.6 > dmax ( 300.0) ==> skipping phase !
 WARNING:
 epicentral distance: 378.6 > dmax ( 300.0) ==> skipping phase !
  72 170418 1005 56.80 69.3310N 122.4100E  97.00 132.70-297.82  97.00 2.20 0   1
  73 170418 1500 12.90 72.7340N 124.5100E  23.10  50.40  81.90  23.10 1.30 0  12
  74 170420 1302 36.20 72.6290N 129.0200E  21.80-102.44  70.19  21.80 0.90 0  11
  75 170420 2248 46.70 72.0220N 129.1200E   0.00-107.59   2.46   0.00 0.70 0  11
 WARNING:
 epicentral distance: 313.1 > dmax ( 300.0) ==> skipping phase !
 WARNING:
 epicentral distance: 324.4 > dmax ( 300.0) ==> skipping phase !
 WARNING:
 epicentral distance: 324.2 > dmax ( 300.0) ==> skipping phase !
 WARNING:
 epicentral distance: 342.4 > dmax ( 300.0) ==> skipping phase !
 WARNING:
 epicentral distance: 349.0 > dmax ( 300.0) ==> skipping phase !
 WARNING:
 epicentral distance: 380.2 > dmax ( 300.0) ==> skipping phase !
 WARNING:
 epicentral distance: 381.6 > dmax ( 300.0) ==> skipping phase !
 WARNING:
 epicentral distance: 408.0 > dmax ( 300.0) ==> skipping phase !
  76 170423 0850 54.60 74.7080N 132.7900E   0.10-217.19 302.17   0.10 1.90 0   0
  77 170423 1455 44.10 72.8400N 124.4900E  16.80  50.92  93.73  16.80 0.60 0   8
  78 170423 2313 41.80 72.5960N 124.8700E  22.00  38.36  66.50  22.00 1.30 0  12
  79 170424 0609 58.60 71.9600N 128.0200E   0.10 -69.77  -4.46   0.10 1.10 0  12
  80 170424 0755 26.70 71.9480N 128.0300E   0.00 -70.14  -5.80   0.00 1.00 0  12
  81 170424 0755 26.90 71.9590N 128.0300E   0.00 -70.12  -4.57   0.00 1.00 0  12
  82 170425 0652 23.30 71.9600N 128.0300E   0.00 -70.12  -4.46   0.00 1.20 0   9
  83 170426 0051 23.20 71.9450N 128.0600E   6.60 -71.18  -6.14   6.60 0.70 0   6
  84 170426 1425 21.20 72.0790N 127.2600E  21.00 -43.38   8.82  21.00 0.10 0   6
  85 170426 1834 24.60 71.5840N 130.8000E  10.90-167.46 -46.42  10.90 1.20 0   8
  86 170426 1840 44.10 72.2710N 126.3600E  18.10 -12.33  30.24  18.10 1.30 0   8
  87 170427 0912 28.80 72.0640N 127.7900E   2.60 -61.65   7.14   2.60 0.90 0   8
  88 170427 1041 38.10 71.7480N 128.9900E   8.40-103.86 -28.12   8.40 0.70 0   7
  89 170427 2010 47.80 72.8010N 130.2000E  20.20-141.80  89.38  20.20 1.30 0   8
  90 170427 2010 48.30 72.7890N 130.1400E  20.10-139.82  88.04  20.10 1.30 0   8
  91 170427 2342 34.10 72.7630N 125.0100E  19.50  33.46  85.14  19.50 0.80 0   6

 readings for station 624  :  74
 readings for station 628  :  69
 readings for station 630  :  53
 readings for station 627  :  46
 readings for station 621  :  59
 readings for station 629  :  43
 readings for station 622  :  58
 readings for station 620  :  48
 readings for station 623  :  55
 readings for station 626  :  52
 readings for station 625  :  49
 readings for station 631  :  49
 readings for station 632  :  24

 Total number of stations with readings:  13

 Total number of readings:     679
 Total number of P readings:       0
 Total number of S readings:       0


 ~~~ store parts of G ...
 ~~~ compute RMS and DATVAR ...

 Total number of observations is:   679


 $$$$$$$$$$$$$$$$$$$$$$$$$$$$$$$$$$$$$$$$$$$$$$$$$
 Events with  | AVRES | > 1.0 SEC are suspicious !

 Event#   3 >>>  160819 0959  AVRES =  1.04 NOBS = 12
 Event#   4 >>>  160820 1506  AVRES =  1.11 NOBS =  9
 Event#   7 >>>  160823 0652  AVRES =  1.20 NOBS =  6
 Event#   8 >>>  160824 1510  AVRES =  1.38 NOBS =  9
 Event#  10 >>>  160920 1607  AVRES =  1.49 NOBS =  2
 Event#  11 >>>  160925 1911  AVRES =  1.13 NOBS =  2
 Event#  29 >>>  170302 2335  AVRES =  1.31 NOBS =  9
 Event#  45 >>>  170323 1906  AVRES =  1.35 NOBS =  6
 Event#  51 >>>  170405 1410  AVRES =  1.10 NOBS = 10
 Event#  52 >>>  170406 0838  AVRES =  1.11 NOBS = 10
 Event#  57 >>>  170409 0856  AVRES =  1.68 NOBS =  6
 Event#  58 >>>  170409 0902  AVRES =  1.64 NOBS =  7
 Event#  60 >>>  170410 1813  AVRES =  1.32 NOBS = 13
 Event#  62 >>>  170413 0651  AVRES =  1.36 NOBS = 10
 Event#  64 >>>  170414 0540  AVRES =  1.67 NOBS = 11
 Event#  66 >>>  170414 1753  AVRES =  1.36 NOBS =  6
 Event#  68 >>>  170416 1220  AVRES =  1.10 NOBS = 11
 Event#  70 >>>  170416 1821  AVRES =  1.02 NOBS = 13
 Event#  72 >>>  170418 1005  AVRES = -1.85 NOBS =  1
 Event#  74 >>>  170420 1302  AVRES =  1.18 NOBS = 11
 Event#  85 >>>  170426 1834  AVRES =  1.40 NOBS =  8
 Event#  89 >>>  170427 2010  AVRES =  1.51 NOBS =  8
 Event#  90 >>>  170427 2010  AVRES =  1.46 NOBS =  8

 ^^^^^^^^^ C H E C K   these events above ^^^^^^^^
 $$$$$$$$$$$$$$$$$$$$$$$$$$$$$$$$$$$$$$$$$$$$$$$$$

 ~~~ save initial datvar ...

 Iteration nr  0 obtained:
 DATVAR=    1.170764 mean sqrd residual=     0.525896  RMS RESIDUAL=     0.725187

 After  0 iterations we got:
 Average absolute & unweighted [and mean] residual of
   277 straight and direct rays =  0.33144 [  0.26047]
   402 refracted           rays =  1.02479 [  0.94810]
     0 reflected           rays =  0.00000 [  0.00000]

   679 ALL                 RAYS =  0.74194 [  0.66758]        0.00 %




--------------------------------------------------------------------------------



           ITERATION no  1

 ~~~ set units for this iteration ...
 ~~~ determine number of unknowns for this iter. ...

 Number of unknowns (for array-indexing):  nvar =  386
 Number of effective unknowns        :  nvareff =  387
 Number of elements on/below main diagonal of matrix G = At*A : kvar =   74691

 Damping factors to be used in this iteration:
   Othet=   0.010   XYthet  =   0.010   Zthet=  0.010
 STAthet=   0.010   Vthet   =   1.000

 ~~~ damp G ...
 ~~~ solve G * b = RHT ...
 ~~~ fix units ...
 ~~~ apply eventually step-length damping ...
 ~~~ adjust model (hypocenters, stacorr & veloc.) ...

 doing velocity adjustments now...
 WARNING: Tried to introduce a low-velocity-layer! (Layer  6)
 Setting DVP from -0.20 to 0.0 and VP to vp(layer_above)+0.001

 doing station-correction adjustments...

 ~~~ compute effective step-length ...

 (Applied) Step length =   4.576

 ~~~ set units for next iteration ...
 ~~~ determine number of unknowns for next iter. ...

 Number of unknowns (for array-indexing):  nvar =  386
 Number of effective unknowns        :  nvareff =  387
 Number of elements on/below main diagonal of matrix G = At*A : kvar =   74691

 ~~~ reset G and RHT ...
 ~~~ raytracing, setup G ...
 ~~~ store parts of G ...
 ~~~ set units back for current iteration ...
 ~~~ determine number of unknowns for this iter. ...

 Number of unknowns (for array-indexing):  nvar =  386
 Number of effective unknowns        :  nvareff =  387
 Number of elements on/below main diagonal of matrix G = At*A : kvar =   74691

 ~~~ compute RMS and DATVAR ...

 $$$$$$$$$$$$$$$$$$$$$$$$$$$$$$$$$$$$$$$$$$$$$$$$$
 Events with  | AVRES | > 1.0 SEC are suspicious !

 Event#   8 >>>  160824 1510  AVRES =  1.04 NOBS =  9
 Event#  10 >>>  160920 1607  AVRES =  1.42 NOBS =  2
 Event#  11 >>>  160925 1911  AVRES =  1.15 NOBS =  2
 Event#  29 >>>  170302 2335  AVRES =  1.00 NOBS =  9
 Event#  45 >>>  170323 1906  AVRES =  1.02 NOBS =  6
 Event#  57 >>>  170409 0856  AVRES =  1.29 NOBS =  6
 Event#  58 >>>  170409 0902  AVRES =  1.25 NOBS =  7
 Event#  60 >>>  170410 1813  AVRES =  1.01 NOBS = 13
 Event#  62 >>>  170413 0651  AVRES =  1.06 NOBS = 10
 Event#  64 >>>  170414 0540  AVRES =  1.38 NOBS = 11
 Event#  66 >>>  170414 1753  AVRES =  1.03 NOBS =  6
 Event#  72 >>>  170418 1005  AVRES = -1.35 NOBS =  1
 Event#  85 >>>  170426 1834  AVRES =  1.07 NOBS =  8
 Event#  89 >>>  170427 2010  AVRES =  1.14 NOBS =  8
 Event#  90 >>>  170427 2010  AVRES =  1.09 NOBS =  8

 ^^^^^^^^^ C H E C K   these events above ^^^^^^^^
 $$$$$$$$$$$$$$$$$$$$$$$$$$$$$$$$$$$$$$$$$$$$$$$$$

 ~~~ check solution (better? worse?) ...

 Iteration nr  1 obtained:
 DATVAR=    0.761016 mean sqrd residual=     0.327270  RMS RESIDUAL=     0.572075

 After  1 iterations we got:
 Average absolute & unweighted [and mean] residual of
   292 straight and direct rays =  0.26749 [  0.21055]
   387 refracted           rays =  0.81855 [  0.75860]
     0 reflected           rays =  0.00000 [  0.00000]

   679 ALL                 RAYS =  0.58157 [  0.52292]      -21.61 %

 ~~~ iteration done; output results ...

  eq       ot     x      y      z      rms    avres   dot     dx     dy     dz
    1      9.11  38.54 111.97  23.05   0.29   0.68    0.009 -0.072  0.053 -0.051
    2      9.30  37.93 110.67  22.72   0.31   0.67    0.004 -0.019  0.088 -0.081
    3     27.26-129.91  -7.95  11.75   0.56   0.81   -0.042  0.093  0.638 -0.348
    4     15.64-130.96  -6.56  10.39   0.69   0.84   -0.060  0.023  0.357 -0.609
    5     45.69 -40.34  38.67  23.71   0.24   0.46   -0.009 -0.004 -0.156 -0.088
    6     49.49 -36.55  40.62  16.72   0.13   0.15   -0.011  0.353 -0.107  0.225
    7     13.87-134.78-119.47   6.54   0.64   0.93   -0.130  0.430 -0.415  0.135
    8     30.37-141.05 -43.75   8.93   0.53   1.04   -0.031 -0.191  0.102  0.326
    9     39.65  10.79  56.54  12.09   0.09  -0.01   -0.049 -0.097 -0.149 -0.014
   10     17.99 -87.78-308.23  16.22   1.21   1.42   -0.312 -0.709  0.078  0.022
   11      5.19 -63.16-309.63  15.63   1.50   1.15   -0.410 -0.902  0.014  0.029
   12     51.17  34.99  94.67  15.94   0.20   0.38   -0.027 -0.071  0.048  0.338
   13     46.88  33.35  97.95  19.06   0.37   0.63   -0.022 -0.008  0.090  0.058
   14     55.84  33.27  97.46  14.10   0.45   0.39   -0.063 -0.086 -0.069  0.196
   15     44.66  33.93  97.56  17.43   0.45   0.66   -0.041 -0.104  0.255  0.225
   16     44.85  34.82  96.03  18.68   0.53   0.71   -0.052 -0.233  0.291  0.080
   17     22.05  -0.99  82.48  18.50   0.43   0.45   -0.048  0.028  0.135 -0.001
   18     36.44 -33.96   4.58  11.54   0.19   0.14   -0.058  0.165  0.122  0.340
   19     33.28  41.16  64.13  10.12   0.11   0.06   -0.017 -0.287 -0.030  0.025
   20     45.95  37.74  85.17  16.17   0.44   0.55   -0.050 -0.108  0.032 -0.032
   21     34.08  36.36  82.70  14.07   0.61   0.36   -0.023 -0.162 -0.097 -0.428
   22     25.85  35.55  85.44  13.63   0.35   0.23   -0.054 -0.275  0.074  0.134
   23     15.85  35.09  86.33  11.41   0.49   0.20   -0.049 -0.388 -0.031 -0.194
   24      1.93  34.68  82.28   5.66   0.48   0.08   -0.067 -0.161  0.261 -0.036
   25     48.63 -45.90  23.53  22.31   0.09   0.33    0.030  0.070 -0.242  0.312
   26     27.58 -70.14  -3.80  10.46   0.12   0.08   -0.025  0.313 -0.118  0.164
   27      0.19  -0.56  49.22  13.00   0.41   0.21   -0.011  0.119 -0.322 -0.097
   28     59.07  37.51  76.23  11.11   0.62   0.43   -0.026 -0.082  0.017 -0.387
   29     20.19-148.64 -12.36  14.68   0.45   1.00   -0.011  0.180  0.467 -0.117
   30      2.90  35.76  76.74  12.96   0.73   0.53   -0.002 -0.141 -0.029 -0.440
   31     20.97  36.21  77.40  14.06   0.58   0.48   -0.033 -0.362 -0.037 -0.136
   32     50.77  36.71  77.00  15.25   0.32   0.22   -0.032 -0.199 -0.108 -0.055
   33      0.81  37.15  76.07  15.46   0.44   0.33    0.006 -0.105 -0.144 -0.135
   34     55.43 -16.88  34.89  24.45   0.12   0.32    0.033  0.223 -0.040 -0.046
   35     39.22 -71.59  -8.51   4.01   0.22   0.05    0.017  0.326 -0.035  0.605
   36     59.09  36.41  77.79  14.96   0.56   0.48   -0.005 -0.155 -0.090 -0.141
   37      5.57  31.15  50.09  14.72   0.17   0.13   -0.027 -0.211 -0.125 -0.182
   38     46.49  72.98  73.12  17.01   0.51   0.61   -0.015 -0.244  0.146  0.114
   39     14.03   0.70  26.02   3.80   0.10  -0.16   -0.070  0.018 -0.203 -0.103
   40     14.56 -41.90  13.82  16.73   0.30   0.17   -0.043  0.057 -0.125 -0.075
   41     56.39  34.78  78.95   5.67   0.13  -0.02   -0.013 -0.083 -0.164  0.573
   42     34.30  -3.92  46.21  17.93   0.17   0.17    0.002  0.171 -0.101 -0.069
   43     24.61-110.34 -38.99   5.49   0.36   0.11    0.008  0.415  0.397  0.293
   44     49.66  30.17  50.46   8.44   0.06  -0.05   -0.043 -0.167 -0.089  0.137
   45     41.20-144.88  45.72  18.27   0.32   1.02    0.002  0.158  0.302 -0.025
   46     34.09 -57.42  -0.77  16.17   0.17   0.22   -0.013  0.215  0.010  0.070
   47      1.02  10.67  80.59  21.86   0.47   0.68    0.021  0.185  0.030 -0.038
   48     37.24  10.66  81.54  23.50   0.23   0.49    0.039  0.172 -0.026 -0.004
   49     35.69  54.55  84.67  22.60   0.37   0.47   -0.008 -0.204  0.089  0.001
   50     36.10-102.42 -35.66  15.40   0.55   0.72   -0.002  0.240 -0.066  0.102
   51     53.12-100.99 -54.48   8.42   0.67   0.86   -0.080  0.383  0.200 -0.885
   52     43.17-115.39  43.52  15.10   0.52   0.86   -0.033  0.022  0.563 -0.402
   53      1.02  10.64  80.80  21.30   0.46   0.70    0.018  0.149  0.128 -0.001
   54      2.37 -83.66 322.67  15.67   0.27  -0.08   -1.029  0.015 -0.144  0.073
   55      2.74 -89.73 304.21   0.49   0.11   0.34   -0.755  0.104 -0.076  0.086
   56     44.88  35.78  67.54  14.66   0.58   0.48   -0.021 -0.194 -0.189 -0.341
   57     47.07 -84.87 154.68  15.61   0.38   1.29   -0.127 -0.159  0.138  0.009
   58     45.56 -80.83 150.87  15.10   0.36   1.25   -0.039  0.301  0.233  0.003
   59      8.51 -82.09   0.46   2.76   0.79   0.25    0.007  0.364  0.122  0.060
   60      3.53-110.74-118.70   3.84   0.74   1.01   -0.071 -0.020  0.030  0.141
   61      0.53-130.56 -54.82   0.76   0.60   0.35   -0.068 -0.512  0.188  0.653
   62     20.07  19.57 152.58  15.61   0.47   1.06   -0.026  0.295 -0.067  0.013
   63     18.81 -47.11  29.80  20.21   0.30   0.36    0.008  0.161 -0.107  0.109
   64      4.53-162.69 184.55   8.02   0.59   1.38   -0.270  1.227  1.552  0.021
   65     23.39 -47.84  20.40  15.71   0.09   0.12   -0.015  0.228 -0.240  0.213
   66     32.84-152.10  43.37  17.92   0.33   1.03    0.039  0.202  0.523  0.025
   67     41.92 -37.10  -5.07  18.79   0.36   0.46    0.019  0.203 -0.156 -0.407
   68     14.17  50.57 106.04  19.94   0.42   0.83   -0.033 -0.206  0.376 -0.457
   69     48.30-214.97-349.14  73.50   0.00   0.00    0.000  0.000  0.000  0.000
   70      5.46  33.73  96.96  19.34   0.45   0.78   -0.040  0.026  0.212  0.037
   71      4.10   6.19  56.58   1.67   0.54  -0.05   -0.001  0.068 -0.104  0.367
   72     56.23 132.65-297.76  96.98   1.81  -1.35   -0.568 -0.045  0.058 -0.021
   73     12.91  50.51  81.75  23.11   0.38   0.75    0.013  0.109 -0.156  0.014
   74     36.19-102.46  70.40  21.80   0.24   0.88   -0.014 -0.024  0.215  0.001
   75     46.63-108.12   3.18   0.13   1.06   0.46   -0.068 -0.533  0.725  0.020
   76     54.60-217.19 302.17   0.10   0.00   0.00    0.000  0.000  0.000  0.000
   77     44.08  50.88  93.89  16.70   0.38   0.59   -0.022 -0.049  0.160 -0.097
   78     41.80  38.46  66.31  21.95   0.41   0.56   -0.002  0.095 -0.196 -0.053
   79     58.60 -69.50  -4.48   0.22   0.51   0.16   -0.003  0.273 -0.012  0.116
   80     26.70 -69.96  -5.91   0.35   0.49   0.20   -0.004  0.179 -0.107  0.243
 ***** depth constrained for event    81
   81     26.89 -69.85  -4.63   0.11   0.56   0.21   -0.011  0.264 -0.060 -0.100
   82     23.27 -69.82  -4.48   0.13   0.41   0.00   -0.028  0.293 -0.016  0.024
   83     23.20 -70.81  -6.03   6.82   0.14   0.03   -0.001  0.369  0.103  0.217
   84     21.21 -43.14   8.49  21.04   0.09   0.26    0.013  0.246 -0.327  0.044
   85     24.53-167.52 -46.09  10.81   0.44   1.07   -0.075 -0.054  0.333 -0.094
   86     44.09 -12.26  30.04  18.07   0.27   0.26   -0.012  0.073 -0.196 -0.028
   87     28.79 -61.52   6.94   3.01   0.13   0.03   -0.007  0.140 -0.203  0.415
   88     38.03-103.64 -28.04   8.13   0.57   0.36   -0.068  0.221  0.081 -0.273
   89     47.77-141.82  89.55  20.20   0.20   1.14   -0.029 -0.023  0.171  0.001
   90     48.26-139.75  88.33  20.10   0.17   1.09   -0.036  0.067  0.289  0.001
   91     34.05  33.58  85.10  19.49   0.47   0.71   -0.046  0.123 -0.037 -0.011

 A V E R A G E   of ADJUSTMENTS :                    -0.058  0.028  0.055  0.003
 A V E R A G E   of ABSOLUTE ADJUSTMENTS :            0.065  0.196  0.176  0.159


 Step length damping of 0.26594 was applied.


 Velocity adjustments:
     vp    dvp      hp   reflector
 Velocity model   1
   5.622  0.022   -5.000      
   6.088  0.118    4.640      
   6.208 -0.102    6.680      
   6.346 -0.124   10.620      
   6.872  0.022   16.790      
   6.873  0.000   17.910      
   7.118 -0.162   22.020      
   7.291  0.001   29.300      
   7.383  0.003   32.330      
   7.441  0.021   40.980      

 Calculation of average velocity starts at layer #           1
 z = -5.00 ...  4.64    v = 5.62    AVEL = 5.62 downto z =   4.64
 z =  4.64 ...  6.68    v = 6.09    AVEL = 5.70 downto z =   6.68
 z =  6.68 ... 10.62    v = 6.21    AVEL = 5.83 downto z =  10.62
 z = 10.62 ... 16.79    v = 6.35    AVEL = 5.98 downto z =  16.79
 z = 16.79 ... 17.91    v = 6.87    AVEL = 6.02 downto z =  17.91
 z = 17.91 ... 22.02    v = 6.87    AVEL = 6.15 downto z =  22.02
 z = 22.02 ... 29.30    v = 7.12    AVEL = 6.36 downto z =  29.30
 z = 29.30 ... 32.33    v = 7.29    AVEL = 6.43 downto z =  32.33
 z = 32.33 ... 40.98    v = 7.38    AVEL = 6.61 downto z =  40.98


 Calculation of average velocity starts at layer #           2
 z =  4.64 ...  6.68    v = 6.09    AVEL = 6.09 downto z =   6.68
 z =  6.68 ... 10.62    v = 6.21    AVEL = 6.17 downto z =  10.62
 z = 10.62 ... 16.79    v = 6.35    AVEL = 6.26 downto z =  16.79
 z = 16.79 ... 17.91    v = 6.87    AVEL = 6.31 downto z =  17.91
 z = 17.91 ... 22.02    v = 6.87    AVEL = 6.44 downto z =  22.02
 z = 22.02 ... 29.30    v = 7.12    AVEL = 6.64 downto z =  29.30
 z = 29.30 ... 32.33    v = 7.29    AVEL = 6.71 downto z =  32.33
 z = 32.33 ... 40.98    v = 7.38    AVEL = 6.87 downto z =  40.98



 Adjusted station corrections:
   stn  ptcor  dpcor  
  624   0.000  0.000  628  -0.070 -0.070  630  -0.033 -0.033  627   0.019  0.019
  621  -0.001 -0.001  629   0.032  0.032  622   0.012  0.012  620  -0.018 -0.018
  623   0.063  0.063  626   0.029  0.029  625   0.033  0.033  631   0.031  0.031
  632  -0.089 -0.089

 ~~~ another iteration? ...



--------------------------------------------------------------------------------



           ITERATION no  2

 ~~~ set units for this iteration ...
 ~~~ determine number of unknowns for this iter. ...

 Number of unknowns (for array-indexing):  nvar =  386
 Number of effective unknowns        :  nvareff =  387
 Number of elements on/below main diagonal of matrix G = At*A : kvar =   74691

 Damping factors to be used in this iteration:
   Othet=   0.010   XYthet  =   0.010   Zthet=  0.010
 STAthet=   0.010   Vthet   =   1.000

 ~~~ damp G ...
 ~~~ solve G * b = RHT ...
 ~~~ fix units ...
 ~~~ apply eventually step-length damping ...
 ~~~ adjust model (hypocenters, stacorr & veloc.) ...

 doing velocity adjustments now...
 WARNING: Tried to introduce a low-velocity-layer! (Layer  3)
 Setting DVP from -0.12 to 0.0 and VP to vp(layer_above)+0.001
 WARNING: Tried to introduce a low-velocity-layer! (Layer  6)
 Setting DVP from -0.20 to 0.0 and VP to vp(layer_above)+0.001

 doing station-correction adjustments...

 ~~~ compute effective step-length ...

 (Applied) Step length =   3.919

 ~~~ set units for next iteration ...
 ~~~ determine number of unknowns for next iter. ...

 Number of unknowns (for array-indexing):  nvar =  386
 Number of effective unknowns        :  nvareff =  387
 Number of elements on/below main diagonal of matrix G = At*A : kvar =   74691

 ~~~ reset G and RHT ...
 ~~~ raytracing, setup G ...
 ~~~ store parts of G ...
 ~~~ set units back for current iteration ...
 ~~~ determine number of unknowns for this iter. ...

 Number of unknowns (for array-indexing):  nvar =  386
 Number of effective unknowns        :  nvareff =  387
 Number of elements on/below main diagonal of matrix G = At*A : kvar =   74691

 ~~~ compute RMS and DATVAR ...

 $$$$$$$$$$$$$$$$$$$$$$$$$$$$$$$$$$$$$$$$$$$$$$$$$
 Events with  | AVRES | > 1.0 SEC are suspicious !

 Event#  10 >>>  160920 1607  AVRES =  1.11 NOBS =  2
 Event#  57 >>>  170409 0856  AVRES =  1.03 NOBS =  6
 Event#  64 >>>  170414 0540  AVRES =  1.09 NOBS = 11

 ^^^^^^^^^ C H E C K   these events above ^^^^^^^^
 $$$$$$$$$$$$$$$$$$$$$$$$$$$$$$$$$$$$$$$$$$$$$$$$$

 ~~~ check solution (better? worse?) ...

 Iteration nr  2 obtained:
 DATVAR=    0.510061 mean sqrd residual=     0.219349  RMS RESIDUAL=     0.468347

 After  2 iterations we got:
 Average absolute & unweighted [and mean] residual of
   314 straight and direct rays =  0.22355 [  0.17735]
   365 refracted           rays =  0.69829 [  0.65317]
     0 reflected           rays =  0.00000 [  0.00000]

   679 ALL                 RAYS =  0.47875 [  0.43313]      -17.68 %

 ~~~ iteration done; output results ...

  eq       ot     x      y      z      rms    avres   dot     dx     dy     dz
    1      9.12  38.51 112.02  22.99   0.23   0.54    0.008 -0.026  0.045 -0.060
    2      9.31  37.95 110.75  22.63   0.25   0.54    0.003  0.016  0.079 -0.090
    3     27.25-129.95  -7.53  11.59   0.47   0.65   -0.012 -0.042  0.426 -0.161
    4     15.60-131.03  -6.38  10.04   0.57   0.68   -0.041 -0.065  0.177 -0.346
    5     45.69 -40.33  38.52  23.64   0.20   0.38   -0.003  0.004 -0.151 -0.067
    6     49.49 -36.45  40.57  16.89   0.11   0.12    0.000  0.093 -0.053  0.169
    7     13.79-134.58-119.56   6.35   0.50   0.77   -0.080  0.202 -0.087 -0.187
    8     30.35-141.21 -43.56   9.08   0.42   0.83   -0.019 -0.155  0.191  0.156
    9     39.63  10.71  56.40  12.00   0.09   0.01   -0.017 -0.080 -0.134 -0.091
   10     17.89 -88.41-308.18  16.23   1.16   1.11   -0.098 -0.631  0.047  0.008
   11      5.02 -63.96-309.64  15.64   1.45   0.91   -0.166 -0.797 -0.012  0.013
   12     51.18  35.06  94.67  16.36   0.15   0.31    0.004  0.070  0.003  0.425
   13     46.86  33.28  98.06  19.06   0.30   0.51   -0.020 -0.064  0.113  0.000
   14     55.82  33.38  97.39  14.46   0.33   0.32   -0.015  0.107 -0.063  0.366
   15     44.64  33.87  97.74  17.65   0.37   0.53   -0.016 -0.063  0.180  0.223
   16     44.81  34.65  96.30  18.81   0.44   0.58   -0.041 -0.179  0.272  0.131
   17     22.02  -1.01  82.60  18.60   0.33   0.37   -0.032 -0.025  0.113  0.099
   18     36.42 -33.90   4.54  11.55   0.15   0.12   -0.025  0.057 -0.048  0.011
   19     33.29  41.08  63.95   9.96   0.11   0.08    0.003 -0.077 -0.183 -0.168
   20     45.93  37.62  85.25  16.16   0.36   0.44   -0.020 -0.125  0.082 -0.009
   21     34.08  36.26  82.75  13.72   0.52   0.29    0.001 -0.094  0.055 -0.357
   22     25.83  35.41  85.59  13.64   0.29   0.19   -0.015 -0.134  0.150  0.007
   23     15.84  34.87  86.37  11.05   0.41   0.18   -0.010 -0.216  0.037 -0.356
   24      1.86  34.44  82.76   5.51   0.44   0.13   -0.070 -0.239  0.487 -0.156
   25     48.65 -45.79  23.34  22.52   0.08   0.27    0.022  0.106 -0.188  0.208
   26     27.58 -69.90  -3.86  10.34   0.10   0.09    0.004  0.240 -0.059 -0.119
   27      0.19  -0.49  49.06  13.02   0.32   0.18   -0.003  0.069 -0.157  0.019
   28     59.08  37.61  76.22  10.82   0.49   0.35    0.009  0.090 -0.012 -0.291
   29     20.18-148.55 -12.04  14.64   0.38   0.80   -0.009  0.092  0.328 -0.042
   30      2.91  35.76  76.74  12.75   0.61   0.43    0.013  0.008 -0.005 -0.211
   31     20.96  36.06  77.36  14.09   0.48   0.39   -0.007 -0.149 -0.040  0.022
   32     50.77  36.64  76.95  15.15   0.25   0.18    0.005 -0.072 -0.045 -0.091
   33      0.83  37.13  76.02  15.45   0.36   0.27    0.021 -0.022 -0.045 -0.019
   34     55.45 -16.74  34.85  24.44   0.10   0.26    0.022  0.142 -0.039 -0.015
   35     39.27 -71.21  -8.42   4.31   0.21   0.10    0.051  0.377  0.096  0.308
   36     59.11  36.40  77.76  15.01   0.45   0.39    0.012 -0.012 -0.033  0.053
   37      5.58  31.04  49.99  14.54   0.13   0.11    0.006 -0.114 -0.102 -0.179
   38     46.48  72.89  73.14  17.11   0.42   0.48   -0.003 -0.084  0.024  0.100
   39     14.01   0.71  25.89   3.57   0.09  -0.10   -0.023  0.004 -0.133 -0.231
   40     14.53 -41.91  13.85  16.60   0.26   0.15   -0.023 -0.013  0.032 -0.124
   41     56.36  34.58  79.01   6.04   0.12   0.04   -0.028 -0.203  0.062  0.369
   42     34.32  -3.82  46.17  17.85   0.14   0.14    0.015  0.103 -0.037 -0.080
   43     24.63-109.70 -38.76   5.59   0.32   0.17    0.027  0.647  0.233  0.095
   44     49.62  30.02  50.40   8.53   0.06  -0.00   -0.032 -0.143 -0.058  0.094
   45     41.20-144.77  46.00  18.37   0.25   0.83   -0.002  0.113  0.279  0.093
   46     34.10 -57.24  -0.80  16.19   0.13   0.18    0.009  0.179 -0.030  0.015
   47      1.04  10.84  80.62  21.86   0.39   0.54    0.015  0.167  0.029  0.000
   48     37.27  10.80  81.53  23.49   0.18   0.40    0.030  0.140 -0.010 -0.004
   49     35.69  54.41  84.72  22.57   0.31   0.38   -0.003 -0.144  0.053 -0.026
   50     36.10-102.25 -35.69  15.41   0.46   0.57    0.006  0.167 -0.031  0.005
   51     53.08-100.66 -54.16   7.27   0.56   0.70   -0.041  0.330  0.319 -1.142
   52     43.16-115.40  43.97  14.93   0.43   0.68   -0.007 -0.002  0.448 -0.169
   53      1.03  10.77  80.89  21.29   0.37   0.56    0.011  0.132  0.092 -0.007
   54      1.83 -83.67 322.58  15.72   0.26  -0.00   -0.546 -0.017 -0.083  0.044
   55      2.36 -89.67 304.18   0.53   0.06   0.32   -0.388  0.063 -0.036  0.045
   56     44.88  35.72  67.46  14.52   0.48   0.39    0.000 -0.068 -0.086 -0.137
   57     46.99 -84.69 154.94  15.64   0.34   1.03   -0.080  0.177  0.256  0.028
   58     45.53 -80.42 151.14  15.09   0.29   0.99   -0.030  0.409  0.266 -0.013
   59      8.57 -81.72   0.75   2.79   0.69   0.24    0.059  0.368  0.299  0.034
   60      3.49-110.55-118.45   3.48   0.63   0.83   -0.039  0.183  0.248 -0.357
   61      0.49-130.93 -54.76   1.23   0.52   0.32   -0.038 -0.369  0.059  0.468
   62     20.07  19.72 152.54  15.70   0.40   0.83   -0.002  0.149 -0.036  0.086
   63     18.81 -46.93  29.71  20.32   0.24   0.30    0.004  0.177 -0.085  0.107
   64      4.41-161.76 185.82   8.09   0.54   1.09   -0.118  0.932  1.266  0.067
   65     23.40 -47.67  20.21  15.85   0.08   0.11    0.015  0.166 -0.192  0.135
   66     32.86-152.04  43.82  18.16   0.29   0.82    0.016  0.061  0.446  0.238
   67     41.94 -36.95  -5.20  18.47   0.31   0.37    0.019  0.153 -0.139 -0.322
   68     14.13  50.43 106.37  19.66   0.36   0.67   -0.034 -0.140  0.323 -0.287
   69     48.30-214.97-349.14  73.50   0.00   0.00    0.000  0.000  0.000  0.000
   70      5.44  33.73  97.06  19.26   0.36   0.64   -0.022  0.005  0.100 -0.082
   71      4.13   6.20  56.44   0.78   0.55  -0.03    0.032  0.005 -0.143 -0.885
   72     55.78 132.62-297.71  96.96   0.95  -0.97   -0.456 -0.036  0.047 -0.016
   73     12.90  50.74  81.79  23.36   0.32   0.59   -0.013  0.231  0.041  0.248
   74     36.18-102.51  70.56  21.80   0.19   0.69   -0.010 -0.041  0.157  0.000
   75     46.65-108.40   3.74   0.59   1.02   0.43    0.020 -0.279  0.561  0.465
   76     54.60-217.19 302.17   0.10   0.00   0.00    0.000  0.000  0.000  0.000
   77     44.08  50.82  93.96  16.63   0.30   0.47   -0.002 -0.051  0.065 -0.077
   78     41.80  38.53  66.12  21.83   0.33   0.45    0.004  0.068 -0.191 -0.120
   79     58.63 -69.30  -4.59   0.48   0.48   0.20    0.031  0.203 -0.110  0.261
   80     26.73 -69.83  -6.08   0.65   0.43   0.23    0.030  0.132 -0.171  0.298
   81     26.91 -69.66  -4.78   0.11   0.51   0.24    0.025  0.194 -0.144  0.002
   82     23.28 -69.60  -4.61   0.20   0.38   0.07    0.010  0.220 -0.130  0.069
   83     23.22 -70.34  -5.74   6.91   0.12   0.08    0.018  0.470  0.291  0.096
   84     21.22 -42.92   8.25  21.04   0.08   0.22    0.011  0.215 -0.236 -0.000
   85     24.49-167.56 -45.94  10.73   0.37   0.85   -0.037 -0.046  0.150 -0.074
   86     44.09 -12.19  29.85  18.07   0.22   0.22    0.001  0.070 -0.188  0.001
   87     28.82 -61.38   6.63   3.53   0.12   0.08    0.023  0.133 -0.308  0.514
   88     38.00-103.38 -28.10   7.64   0.47   0.34   -0.036  0.259 -0.061 -0.488
   89     47.77-141.84  89.75  20.37   0.20   0.90   -0.005 -0.022  0.199  0.171
   90     48.25-139.71  88.63  20.30   0.16   0.87   -0.011  0.042  0.297  0.199
   91     34.02  33.69  85.08  19.44   0.38   0.58   -0.039  0.103 -0.025 -0.046

 A V E R A G E   of ADJUSTMENTS :                    -0.024  0.042  0.059 -0.013
 A V E R A G E   of ABSOLUTE ADJUSTMENTS :            0.037  0.153  0.150  0.157


 Step length damping of 0.25779 was applied.


 Velocity adjustments:
     vp    dvp      hp   reflector
 Velocity model   1
   5.692  0.070   -5.000      
   6.146  0.058    4.640      
   6.147  0.000    6.680      
   6.336 -0.009   10.620      
   6.752 -0.120   16.790      
   6.753  0.000   17.910      
   7.017 -0.101   22.020      
   7.243 -0.048   29.300      
   7.278 -0.105   32.330      
   7.459  0.017   40.980      

 Calculation of average velocity starts at layer #           1
 z = -5.00 ...  4.64    v = 5.69    AVEL = 5.69 downto z =   4.64
 z =  4.64 ...  6.68    v = 6.15    AVEL = 5.77 downto z =   6.68
 z =  6.68 ... 10.62    v = 6.15    AVEL = 5.87 downto z =  10.62
 z = 10.62 ... 16.79    v = 6.34    AVEL = 6.00 downto z =  16.79
 z = 16.79 ... 17.91    v = 6.75    AVEL = 6.04 downto z =  17.91
 z = 17.91 ... 22.02    v = 6.75    AVEL = 6.15 downto z =  22.02
 z = 22.02 ... 29.30    v = 7.02    AVEL = 6.33 downto z =  29.30
 z = 29.30 ... 32.33    v = 7.24    AVEL = 6.40 downto z =  32.33
 z = 32.33 ... 40.98    v = 7.28    AVEL = 6.57 downto z =  40.98


 Calculation of average velocity starts at layer #           2
 z =  4.64 ...  6.68    v = 6.15    AVEL = 6.15 downto z =   6.68
 z =  6.68 ... 10.62    v = 6.15    AVEL = 6.15 downto z =  10.62
 z = 10.62 ... 16.79    v = 6.34    AVEL = 6.24 downto z =  16.79
 z = 16.79 ... 17.91    v = 6.75    AVEL = 6.29 downto z =  17.91
 z = 17.91 ... 22.02    v = 6.75    AVEL = 6.40 downto z =  22.02
 z = 22.02 ... 29.30    v = 7.02    AVEL = 6.58 downto z =  29.30
 z = 29.30 ... 32.33    v = 7.24    AVEL = 6.65 downto z =  32.33
 z = 32.33 ... 40.98    v = 7.28    AVEL = 6.80 downto z =  40.98



 Adjusted station corrections:
   stn  ptcor  dpcor  
  624   0.000  0.000  628  -0.107 -0.037  630  -0.060 -0.027  627   0.047  0.028
  621   0.010  0.011  629   0.062  0.030  622   0.024  0.012  620  -0.024 -0.006
  623   0.109  0.046  626   0.057  0.028  625   0.060  0.027  631   0.068  0.038
  632  -0.136 -0.047

 ~~~ another iteration? ...



--------------------------------------------------------------------------------



           ITERATION no  3

 ~~~ set units for this iteration ...
 ~~~ determine number of unknowns for this iter. ...

 Number of unknowns (for array-indexing):  nvar =  386
 Number of effective unknowns        :  nvareff =  387
 Number of elements on/below main diagonal of matrix G = At*A : kvar =   74691

 Damping factors to be used in this iteration:
   Othet=   0.010   XYthet  =   0.010   Zthet=  0.010
 STAthet=   0.010   Vthet   =   1.000

 ~~~ damp G ...
 ~~~ solve G * b = RHT ...
 ~~~ fix units ...
 ~~~ apply eventually step-length damping ...
 ~~~ adjust model (hypocenters, stacorr & veloc.) ...

 doing velocity adjustments now...
 WARNING: Tried to introduce a low-velocity-layer! (Layer  6)
 Setting DVP from -0.20 to 0.0 and VP to vp(layer_above)+0.001

 doing station-correction adjustments...

 ~~~ compute effective step-length ...

 (Applied) Step length =   4.020

 ~~~ set units for next iteration ...
 ~~~ determine number of unknowns for next iter. ...

 Number of unknowns (for array-indexing):  nvar =  386
 Number of effective unknowns        :  nvareff =  387
 Number of elements on/below main diagonal of matrix G = At*A : kvar =   74691

 ~~~ reset G and RHT ...
 ~~~ raytracing, setup G ...
 ~~~ store parts of G ...
 ~~~ set units back for current iteration ...
 ~~~ determine number of unknowns for this iter. ...

 Number of unknowns (for array-indexing):  nvar =  386
 Number of effective unknowns        :  nvareff =  387
 Number of elements on/below main diagonal of matrix G = At*A : kvar =   74691

 ~~~ compute RMS and DATVAR ...

 $$$$$$$$$$$$$$$$$$$$$$$$$$$$$$$$$$$$$$$$$$$$$$$$$
 Events with  | AVRES | > 1.0 SEC are suspicious !

 ZERO events of this kind found! (lucky guy!!!)

 ~~~ check solution (better? worse?) ...

 Iteration nr  3 obtained:
 DATVAR=    0.347707 mean sqrd residual=     0.149530  RMS RESIDUAL=     0.386690

 After  3 iterations we got:
 Average absolute & unweighted [and mean] residual of
   313 straight and direct rays =  0.18195 [  0.14112]
   366 refracted           rays =  0.54179 [  0.48994]
     0 reflected           rays =  0.00000 [  0.00000]

   679 ALL                 RAYS =  0.37591 [  0.32915]      -21.48 %

 ~~~ iteration done; output results ...

  eq       ot     x      y      z      rms    avres   dot     dx     dy     dz
    1      9.10  38.50 112.07  22.90   0.20   0.41   -0.016 -0.009  0.053 -0.084
    2      9.28  37.98 110.84  22.51   0.21   0.40   -0.022  0.032  0.093 -0.119
    3     27.20-130.07  -7.10  11.63   0.40   0.48   -0.042 -0.119  0.431  0.036
    4     15.55-131.07  -6.04   9.88   0.46   0.52   -0.052 -0.046  0.340 -0.164
    5     45.67 -40.32  38.39  23.59   0.16   0.29   -0.021  0.016 -0.137 -0.055
    6     49.46 -36.35  40.51  17.21   0.10   0.08   -0.025  0.105 -0.055  0.318
    7     13.72-134.51-119.55   6.20   0.36   0.59   -0.072  0.069  0.010 -0.147
    8     30.31-141.36 -43.36   9.29   0.34   0.63   -0.037 -0.148  0.203  0.213
    9     39.61  10.67  56.31  11.93   0.08   0.01   -0.022 -0.045 -0.096 -0.068
   10     17.76 -89.15-308.12  16.24   1.12   0.82   -0.129 -0.744  0.059  0.010
   11      4.84 -64.90-309.65  15.66   1.42   0.68   -0.189 -0.938 -0.012  0.015
   12     51.16  35.17  94.65  16.80   0.11   0.23   -0.020  0.102 -0.028  0.433
   13     46.82  33.26  98.17  19.05   0.24   0.40   -0.039 -0.024  0.105 -0.006
   14     55.79  33.43  97.33  14.73   0.24   0.23   -0.035  0.049 -0.066  0.268
   15     44.60  33.87  97.92  17.93   0.31   0.39   -0.043  0.004  0.184  0.280
   16     44.75  34.50  96.60  18.78   0.36   0.44   -0.060 -0.146  0.297 -0.028
   17     21.97  -1.01  82.73  18.71   0.25   0.28   -0.052  0.004  0.129  0.112
   18     36.38 -33.82   4.59  11.75   0.12   0.09   -0.032  0.080  0.058  0.195
   19     33.28  41.02  63.92  10.04   0.11   0.06   -0.006 -0.064 -0.030  0.079
   20     45.89  37.51  85.31  16.14   0.29   0.32   -0.041 -0.109  0.061 -0.017
   21     34.06  36.16  82.75  13.39   0.44   0.22   -0.018 -0.106  0.000 -0.327
   22     25.80  35.29  85.68  13.70   0.24   0.13   -0.035 -0.127  0.095  0.059
   23     15.85  34.73  86.16  10.60   0.34   0.13    0.010 -0.138 -0.212 -0.451
   24      1.76  34.36  83.23   5.13   0.40   0.11   -0.103 -0.074  0.466 -0.383
   25     48.66 -45.70  23.13  22.77   0.07   0.21    0.003  0.099 -0.210  0.253
   26     27.57 -69.71  -3.98  10.38   0.07   0.07   -0.006  0.187 -0.119  0.039
   27      0.17  -0.41  48.86  13.10   0.24   0.14   -0.013  0.083 -0.205  0.079
   28     59.07  37.63  76.21  10.66   0.38   0.26   -0.014  0.028 -0.008 -0.157
   29     20.15-148.45 -11.75  14.60   0.31   0.61   -0.027  0.103  0.290 -0.045
   30      2.92  35.74  76.60  12.36   0.51   0.32    0.011 -0.028 -0.136 -0.392
   31     20.94  35.88  77.36  14.04   0.38   0.29   -0.023 -0.182  0.002 -0.041
   32     50.76  36.56  76.88  15.07   0.19   0.13   -0.015 -0.080 -0.067 -0.082
   33      0.83  37.11  75.94  15.42   0.29   0.20   -0.001 -0.024 -0.084 -0.025
   34     55.46 -16.57  34.80  24.43   0.08   0.20    0.008  0.176 -0.046 -0.004
   35     39.28 -70.62  -8.22   4.31   0.22   0.09    0.007  0.593  0.194 -0.000
   36     59.10  36.38  77.69  15.06   0.37   0.29   -0.009 -0.019 -0.070  0.050
   37      5.56  30.94  49.89  14.39   0.12   0.09   -0.014 -0.092 -0.093 -0.147
   38     46.46  72.78  73.18  17.22   0.35   0.35   -0.021 -0.110  0.032  0.104
   39     13.94   0.73  25.81   3.73   0.08  -0.07   -0.071  0.024 -0.080  0.166
   40     14.50 -41.93  13.92  16.45   0.22   0.10   -0.033 -0.018  0.066 -0.147
   41     56.29  34.46  78.98   6.15   0.13   0.06   -0.067 -0.113 -0.033  0.105
   42     34.32  -3.70  46.11  17.77   0.11   0.10    0.001  0.121 -0.054 -0.078
   43     24.65-109.00 -38.51   5.34   0.31   0.17    0.017  0.697  0.254 -0.248
   44     49.60  30.01  50.30   8.48   0.06   0.00   -0.023 -0.010 -0.104 -0.055
   45     41.19-144.72  46.20  18.53   0.20   0.63   -0.014  0.045  0.207  0.162
   46     34.08 -57.09  -0.85  16.25   0.10   0.13   -0.011  0.145 -0.047  0.067
   47      1.04  11.03  80.61  21.76   0.30   0.41    0.000  0.193 -0.011 -0.099
   48     37.28  10.96  81.52  23.48   0.13   0.30    0.008  0.164 -0.014 -0.007
   49     35.67  54.26  84.77  22.54   0.25   0.29   -0.020 -0.151  0.047 -0.039
   50     36.09-102.03 -35.71  15.39   0.38   0.43   -0.012  0.220 -0.019 -0.020
   51     53.05-100.34 -53.77   6.35   0.45   0.53   -0.029  0.324  0.390 -0.925
   52     43.11-115.48  44.41  14.77   0.36   0.50   -0.047 -0.085  0.435 -0.156
   53      1.03  10.93  80.95  21.19   0.28   0.43   -0.004  0.164  0.054 -0.101
   54      1.33 -83.72 322.48  15.73   0.25   0.03   -0.495 -0.047 -0.106  0.009
   55      1.97 -89.57 304.15   0.57   0.02   0.27   -0.388  0.094 -0.028  0.042
   56     44.86  35.64  67.33  14.38   0.39   0.28   -0.016 -0.078 -0.124 -0.146
   57     46.90 -84.72 155.18  15.73   0.32   0.77   -0.091 -0.032  0.246  0.092
   58     45.48 -80.02 151.41  15.03   0.25   0.75   -0.054  0.401  0.271 -0.057
   59      8.53 -81.45   0.58   2.80   0.63   0.20   -0.038  0.274 -0.170  0.010
   60      3.43-110.37-118.12   3.01   0.55   0.63   -0.061  0.183  0.327 -0.471
   61      0.42-131.32 -54.72   1.75   0.47   0.25   -0.078 -0.387  0.041  0.522
   62     20.05  19.94 152.50  15.84   0.35   0.63   -0.025  0.222 -0.041  0.141
   63     18.80 -46.76  29.61  20.45   0.19   0.24   -0.011  0.174 -0.100  0.139
   64      4.27-160.79 187.24   8.25   0.50   0.81   -0.138  0.973  1.427  0.167
   65     23.40 -47.51  20.05  15.94   0.07   0.07    0.000  0.163 -0.163  0.088
   66     32.85-152.01  44.19  18.38   0.27   0.63   -0.008  0.029  0.378  0.212
   67     41.94 -36.80  -5.34  18.22   0.25   0.28    0.002  0.152 -0.136 -0.255
   68     14.07  50.32 106.69  19.36   0.31   0.51   -0.058 -0.104  0.326 -0.296
   69     48.30-214.97-349.14  73.50   0.00   0.00    0.000  0.000  0.000  0.000
   70      5.40  33.74  97.20  19.12   0.28   0.49   -0.043  0.010  0.141 -0.133
   71      4.12   6.27  56.55   1.36   0.56  -0.02   -0.013  0.069  0.114  0.579
   72     55.06 132.56-297.64  96.94   0.46  -0.68   -0.721 -0.057  0.074 -0.025
   73     12.87  50.99  81.75  23.54   0.26   0.44   -0.025  0.251 -0.035  0.179
   74     36.14-102.56  70.73  21.80   0.17   0.52   -0.031 -0.059  0.173  0.001
   75     46.57-108.95   4.17   0.95   0.99   0.34   -0.085 -0.548  0.427  0.357
   76     54.60-217.19 302.17   0.10   0.00   0.00    0.000  0.000  0.000  0.000
   77     44.05  50.79  94.01  16.56   0.22   0.34   -0.023 -0.033  0.052 -0.067
   78     41.79  38.60  65.92  21.70   0.27   0.34   -0.012  0.073 -0.197 -0.123
   79     58.62 -69.08  -4.60   0.95   0.44   0.17   -0.003  0.216 -0.019  0.476
   80     26.72 -69.69  -6.16   1.19   0.40   0.19   -0.006  0.143 -0.077  0.543
   81     26.91 -69.45  -4.83   0.28   0.46   0.20   -0.008  0.212 -0.047  0.172
   82     23.26 -69.38  -4.63   0.58   0.35   0.07   -0.019  0.228 -0.017  0.373
   83     23.20 -70.04  -5.63   7.00   0.11   0.10   -0.013  0.304  0.109  0.091
   84     21.21 -42.71   8.01  21.10   0.07   0.17   -0.009  0.209 -0.244  0.060
   85     24.42-167.60 -45.79  10.64   0.32   0.65   -0.073 -0.035  0.142 -0.091
   86     44.07 -12.11  29.68  18.11   0.17   0.16   -0.015  0.077 -0.179  0.037
   87     28.80 -61.24   6.49   4.10   0.09   0.08   -0.020  0.146 -0.145  0.567
   88     38.00-103.06 -28.11   7.45   0.39   0.27    0.002  0.318 -0.015 -0.192
   89     47.74-141.89  89.96  20.56   0.22   0.67   -0.025 -0.047  0.206  0.190
   90     48.22-139.69  88.93  20.52   0.19   0.65   -0.030  0.017  0.305  0.219
   91     33.96  33.80  85.11  19.41   0.31   0.45   -0.054  0.118  0.033 -0.033

 A V E R A G E   of ADJUSTMENTS :                    -0.046  0.041  0.060  0.020
 A V E R A G E   of ABSOLUTE ADJUSTMENTS :            0.048  0.154  0.145  0.163


 Step length damping of 0.29835 was applied.


 Velocity adjustments:
     vp    dvp      hp   reflector
 Velocity model   1
   5.724  0.032   -5.000      
   6.051 -0.095    4.640      
   6.144 -0.003    6.680      
   6.265 -0.071   10.620      
   6.645 -0.107   16.790      
   6.646  0.000   17.910      
   6.935 -0.083   22.020      
   7.166 -0.077   29.300      
   7.188 -0.090   32.330      
   7.389 -0.069   40.980      

 Calculation of average velocity starts at layer #           1
 z = -5.00 ...  4.64    v = 5.72    AVEL = 5.72 downto z =   4.64
 z =  4.64 ...  6.68    v = 6.05    AVEL = 5.78 downto z =   6.68
 z =  6.68 ... 10.62    v = 6.14    AVEL = 5.87 downto z =  10.62
 z = 10.62 ... 16.79    v = 6.27    AVEL = 5.98 downto z =  16.79
 z = 16.79 ... 17.91    v = 6.64    AVEL = 6.02 downto z =  17.91
 z = 17.91 ... 22.02    v = 6.65    AVEL = 6.11 downto z =  22.02
 z = 22.02 ... 29.30    v = 6.93    AVEL = 6.29 downto z =  29.30
 z = 29.30 ... 32.33    v = 7.17    AVEL = 6.36 downto z =  32.33
 z = 32.33 ... 40.98    v = 7.19    AVEL = 6.51 downto z =  40.98


 Calculation of average velocity starts at layer #           2
 z =  4.64 ...  6.68    v = 6.05    AVEL = 6.05 downto z =   6.68
 z =  6.68 ... 10.62    v = 6.14    AVEL = 6.11 downto z =  10.62
 z = 10.62 ... 16.79    v = 6.27    AVEL = 6.19 downto z =  16.79
 z = 16.79 ... 17.91    v = 6.64    AVEL = 6.23 downto z =  17.91
 z = 17.91 ... 22.02    v = 6.65    AVEL = 6.33 downto z =  22.02
 z = 22.02 ... 29.30    v = 6.93    AVEL = 6.51 downto z =  29.30
 z = 29.30 ... 32.33    v = 7.17    AVEL = 6.58 downto z =  32.33
 z = 32.33 ... 40.98    v = 7.19    AVEL = 6.72 downto z =  40.98



 Adjusted station corrections:
   stn  ptcor  dpcor  
  624   0.000  0.000  628  -0.150 -0.043  630  -0.086 -0.026  627   0.065  0.018
  621   0.020  0.010  629   0.087  0.026  622   0.035  0.011  620  -0.023  0.001
  623   0.149  0.040  626   0.080  0.023  625   0.082  0.022  631   0.097  0.029
  632  -0.170 -0.035

 ~~~ another iteration? ...
 NITT = ITTMAX  --> stop iterations.
 ~~~ final solution reached ...

 ~~~ damp G & Chol.-Decomp.: NOT made (switch iresolcalc is NOT set !)

 Final rms values:  0.20 0.21 0.40 0.46 0.16 0.10 0.36 0.34 0.08 1.12
                    1.42 0.11 0.24 0.24 0.31 0.36 0.25 0.12 0.11 0.29
                    0.44 0.24 0.34 0.40 0.07 0.07 0.24 0.38 0.31 0.51
                    0.38 0.19 0.29 0.08 0.22 0.37 0.12 0.35 0.08 0.22
                    0.13 0.11 0.31 0.06 0.20 0.10 0.30 0.13 0.25 0.38
                    0.45 0.36 0.28 0.25 0.02 0.39 0.32 0.25 0.63 0.55
                    0.47 0.35 0.19 0.50 0.07 0.27 0.25 0.31 0.00 0.28
                    0.56 0.46 0.26 0.17 0.99 0.00 0.22 0.27 0.44 0.40
                    0.46 0.35 0.11 0.07 0.32 0.17 0.09 0.39 0.22 0.19
                    0.31



 ~~~ output final hypocenters ...

      date    origin   latitude longitude  depth  mag  no  rms      x      y      z
   1 160818 1613  9.10 73.0044N 124.8531E  22.90 1.40   6 0.200   38.50 112.07  22.90
   2 160818 1613  9.28 72.9933N 124.8691E  22.51 1.10   6 0.210   37.98 110.84  22.51
   3 160819 0959 27.20 71.9364N 129.7633E  11.63 4.00  12 0.400 -130.07  -7.10  11.63
   4 160820 1506 15.55 71.9458N 129.7933E   9.88 1.50   9 0.459 -131.07  -6.04   9.88
   5 160820 1904 45.67 72.3440N 127.1794E  23.59 1.20   6 0.157  -40.32  38.39  23.59
   6 160822 1318 49.46 72.3631N 127.0638E  17.21 0.60   8 0.103  -36.35  40.51  17.21
   7 160823 0652 13.72 70.9286N 129.7898E   6.20 2.90   6 0.363 -134.51-119.55   6.20
   8 160824 1510 30.31 71.6114N 130.0547E   9.29 1.50   9 0.335 -141.36 -43.36   9.29
   9 160906 1514 39.61 72.5046N 125.6865E  11.93 0.90   6 0.084   10.67  56.31  11.93
  10 160920 1607 17.76 69.2386N 128.4064E  16.24 2.60   2 1.119  -89.15-308.12  16.24
  11 160925 1911  4.84 69.2249N 127.7511E  15.66 2.30   2 1.416  -64.90-309.65  15.66
  12 161004 0841 51.16 72.8482N 124.9570E  16.80 0.20   6 0.107   35.17  94.65  16.80
  13 161005 1619 46.82 72.8798N 125.0128E  19.05 1.00   9 0.242   33.26  98.17  19.05
  14 161006 0156 55.79 72.8722N 125.0080E  14.73 1.00   7 0.235   33.43  97.33  14.73
  15 161009 0036 44.60 72.8775N 124.9947E  17.93 1.30   8 0.307   33.87  97.92  17.93
  16 161009 0036 44.75 72.8657N 124.9763E  18.78 1.20   7 0.359   34.50  96.60  18.78
  17 161012 0800 21.97 72.7414N 126.0298E  18.71 0.80   7 0.254   -1.01  82.73  18.71
  18 161015 1013 36.38 72.0412N 126.9813E  11.75 0.70   7 0.120  -33.82   4.59  11.75
  19 161021 0507 33.28 72.5728N 124.7927E  10.04 0.80   6 0.107   41.02  63.92  10.04
  20 161124 2250 45.89 72.7646N 124.8901E  16.14 3.10   4 0.292   37.51  85.31  16.14
  21 161125 0156 34.06 72.7416N 124.9307E  13.39 0.60   7 0.437   36.16  82.75  13.39
  22 161125 0517 25.80 72.7679N 124.9558E  13.70 1.60   6 0.237   35.29  85.68  13.70
  23 161125 0525 15.85 72.7721N 124.9720E  10.60 0.80   6 0.338   34.73  86.16  10.60
  24 161125 0556  1.76 72.7459N 124.9837E   5.13 0.20   6 0.396   34.36  83.23   5.13
  25 170117 0846 48.66 72.2073N 127.3318E  22.77 0.30   6 0.066  -45.70  23.13  22.77
  26 170122 1614 27.57 71.9643N 128.0184E  10.38 0.90   6 0.074  -69.71  -3.98  10.38
  27 170125 2244  0.17 72.4379N 126.0121E  13.10 0.80   6 0.244   -0.41  48.86  13.10
  28 170302 1359 59.07 72.6830N 124.8889E  10.66 0.50   7 0.378   37.63  76.21  10.66
  29 170302 2335 20.15 71.8947N 130.2903E  14.60 2.10   9 0.309 -148.45 -11.75  14.60
  30 170304 2135  2.92 72.6865N 124.9448E  12.36 1.30   7 0.505   35.74  76.60  12.36
  31 170307 0447 20.94 72.6933N 124.9405E  14.04 1.70  10 0.384   35.88  77.36  14.04
  32 170307 2016 50.76 72.6890N 124.9204E  15.07 1.10   6 0.191   36.56  76.88  15.07
  33 170309 1454  0.83 72.6806N 124.9045E  15.42 0.30   6 0.291   37.11  75.94  15.42
  34 170311 0430 55.46 72.3119N 126.4842E  24.43 0.30   6 0.084  -16.57  34.80  24.43
  35 170312 0416 39.28 71.9263N 128.0426E   4.31 2.10   6 0.215  -70.62  -8.22   4.31
  36 170313 0553 59.10 72.6963N 124.9256E  15.06 1.00   9 0.367   36.38  77.69  15.06
  37 170313 0809  5.56 72.4471N 125.0923E  14.39 1.20   7 0.118   30.94  49.89  14.39
  38 170315 0234 46.46 72.6558N 123.8528E  17.22 1.40   7 0.354   72.78  73.18  17.22
  39 170317 1007 13.94 72.2313N 125.9787E   3.73 0.50   7 0.081    0.73  25.81   3.73
  40 170320 0711 14.50 72.1247N 127.2192E  16.45 0.90   6 0.221  -41.93  13.92  16.45
  41 170320 0853 56.29 72.7078N 124.9818E   6.15 0.40   6 0.131   34.46  78.98   6.15
  42 170320 1900 34.32 72.4133N 126.1084E  17.77 0.60   7 0.108   -3.70  46.11  17.77
  43 170323 0519 24.65 71.6549N 129.1301E   5.34 1.20   6 0.311 -109.00 -38.51   5.34
  44 170323 1612 49.60 72.4508N 125.1195E   8.48 0.50   6 0.056   30.01  50.30   8.48
  45 170323 1906 41.19 72.4141N 130.2416E  18.53 1.00   6 0.197 -144.72  46.20  18.53
  46 170326 0836 34.08 71.9924N 127.6544E  16.25 1.50   7 0.104  -57.09  -0.85  16.25
  47 170402 0422  1.04 72.7224N 125.6739E  21.76 1.20  10 0.304   11.03  80.61  21.76
  48 170402 0636 37.28 72.7306N 125.6759E  23.48 0.70   6 0.127   10.96  81.52  23.48
  49 170404 2347 35.67 72.7597N 124.3947E  22.54 0.50   6 0.252   54.26  84.77  22.54
  50 170405 0307 36.09 71.6800N 128.9319E  15.39 1.00  10 0.377 -102.03 -35.71  15.39
  51 170405 1410 53.05 71.5181N 128.8710E   6.35 1.70  10 0.451 -100.34 -53.77   6.35
  52 170406 0838 43.11 72.3980N 129.3831E  14.77 0.90  10 0.357 -115.48  44.41  14.77
  53 170406 1728  1.03 72.7254N 125.6768E  21.19 0.90  10 0.283   10.93  80.95  21.19
  54 170407 1729  1.33 74.8900N 128.6313E  15.73 1.80   2 0.254  -83.72 322.48  15.73
  55 170407 1729  1.97 74.7257N 128.8018E   0.57 1.60   5 0.023  -89.57 304.15   0.57
  56 170408 1004 44.86 72.6034N 124.9501E  14.38 1.40  13 0.386   35.64  67.33  14.38
  57 170409 0856 46.90 73.3907N 128.5508E  15.73 2.50   6 0.318  -84.72 155.18  15.73
  58 170409 0902 45.48 73.3569N 128.4070E  15.03 1.10   7 0.249  -80.02 151.41  15.03
  59 170410 1520  8.53 72.0052N 128.3610E   2.80 1.00  10 0.633  -81.45   0.58   2.80
  60 170410 1813  3.43 70.9414N 129.1107E   3.01 2.20  13 0.545 -110.37-118.12   3.01
  61 170412 1507  0.42 71.5096N 129.7565E   1.75 0.70   6 0.471 -131.32 -54.72   1.75
  62 170413 0651 20.05 73.3667N 125.4000E  15.84 1.00  10 0.348   19.94 152.50  15.84
  63 170414 0459 18.80 72.2654N 127.3649E  20.45 0.50   7 0.193  -46.76  29.61  20.45
  64 170414 0540  4.27 73.6780N 130.8803E   8.25 1.80  11 0.503 -160.79 187.24   8.25
  65 170414 1656 23.40 72.1797N 127.3836E  15.94 0.20   6 0.066  -47.51  20.05  15.94
  66 170414 1753 32.85 72.3961N 130.4529E  18.38 0.70   6 0.268 -152.01  44.19  18.38
  67 170416 0523 41.94 71.9521N 127.0652E  18.22 1.60  13 0.253  -36.80  -5.34  18.22
  68 170416 1220 14.07 72.9562N 124.5030E  19.36 1.00  11 0.310   50.32 106.69  19.36
 WARNING: Event-# :          69 has zero observations!
  69 170416 1257 48.30 68.8710N 131.7500E  73.50 2.20   0 0.000 -214.97-349.14  73.50
  70 170416 1821  5.40 72.8711N 124.9987E  19.12 1.30  13 0.281   33.74  97.20  19.12
  71 170418 0606  4.12 72.5068N 125.8159E   1.36 0.20   6 0.557    6.27  56.55   1.36
  72 170418 1005 55.06 69.3326N 122.4136E  96.94 2.20   1 0.458  132.56-297.64  96.94
  73 170418 1500 12.87 72.7327N 124.4926E  23.54 1.30  12 0.262   50.99  81.75  23.54
  74 170420 1302 36.14 72.6339N 129.0241E  21.80 0.90  11 0.173 -102.56  70.73  21.80
  75 170420 2248 46.57 72.0374N 129.1608E   0.95 0.70  11 0.990 -108.95   4.17   0.95
 WARNING: Event-# :          76 has zero observations!
  76 170423 0850 54.60 74.7080N 132.7900E   0.10 1.90   0 0.000 -217.19 302.17   0.10
  77 170423 1455 44.05 72.8425N 124.4938E  16.56 0.60   8 0.225   50.79  94.01  16.56
  78 170423 2313 41.79 72.5908N 124.8632E  21.70 1.30  12 0.267   38.60  65.92  21.70
  79 170424 0609 58.62 71.9587N 127.9999E   0.95 1.10  12 0.444  -69.08  -4.60   0.95
  80 170424 0755 26.72 71.9448N 128.0167E   1.19 1.00  12 0.400  -69.69  -6.16   1.19
  81 170424 0755 26.91 71.9568N 128.0105E   0.28 1.00  12 0.460  -69.45  -4.83   0.28
  82 170425 0652 23.26 71.9585N 128.0085E   0.58 1.20   9 0.349  -69.38  -4.63   0.58
  83 170426 0051 23.20 71.9495N 128.0272E   7.00 0.70   6 0.113  -70.04  -5.63   7.00
  84 170426 1425 21.21 72.0718N 127.2403E  21.10 0.10   6 0.070  -42.71   8.01  21.10
  85 170426 1834 24.42 71.5896N 130.8046E  10.64 1.20   8 0.318 -167.60 -45.79  10.64
  86 170426 1840 44.07 72.2660N 126.3535E  18.11 1.30   8 0.169  -12.11  29.68  18.11
  87 170427 0912 28.80 72.0581N 127.7776E   4.10 0.90   8 0.093  -61.24   6.49   4.10
  88 170427 1041 38.00 71.7480N 128.9670E   7.45 0.70   7 0.394 -103.06 -28.11   7.45
  89 170427 2010 47.74 72.8062N 130.2033E  20.56 1.30   8 0.224 -141.89  89.96  20.56
  90 170427 2010 48.22 72.7970N 130.1372E  20.52 1.30   8 0.185 -139.69  88.93  20.52
  91 170427 2342 33.96 72.7627N 124.9998E  19.41 0.80   6 0.311   33.80  85.11  19.41

 ~~~ output final station residuals ...
 TURBO-option is set; residuals are NOT printed for each event!



   station statistics, remember nsp was set to: 1


 sta phase nobs avres  avwres    std    wsum    delay

 624    P  74  0.2576  0.2576  0.2475  74.0000  0.0000
 628    P  69  0.2059  0.2059  0.3679  69.0000 -0.1504
 630    P  53  0.3053  0.3053  0.3583  53.0000 -0.0860
 627    P  46  0.2923  0.2923  0.3993  46.0000  0.0650
 621    P  59  0.4287  0.4287  0.3257  59.0000  0.0203
 629    P  43  0.3285  0.3285  0.4291  43.0000  0.0875
 622    P  58  0.2513  0.2513  0.3080  58.0000  0.0355
 620    P  48  0.2066  0.2066  0.4140  48.0000 -0.0227
 623    P  55  0.3457  0.3457  0.3735  55.0000  0.1492
 626    P  52  0.4716  0.4716  0.4444  52.0000  0.0802
 625    P  49  0.3395  0.3395  0.3982  49.0000  0.0819
 631    P  49  0.5861  0.5861  0.4422  49.0000  0.0974
 632    P  24  0.3246  0.3246  0.4456  24.0000 -0.1703


 ~~~ output statistics ...




 RAY-STATISTICS FOR  L A S T  ITERATION
 --------------------------------------

 NHYP : nr of hypocenters in this layer
 NREF : nr of headwaves in this layer
 %len : % of "refracted km" in this layer 
        with respect to all refracted kilometers
 NHIT : nr of rays passed thru this layer
 xy-km: average horizontal ray length [km] in layer
 z-km : average  vertical  ray length [km] in layer
 RFLX : number of reflections at bottom of this layer

 nlay   top ..... bottom     velocity   NHYP NREF %len  NHIT xy-km  z-km  RFLX

   1    -5.00...  4.64 km    5.72 km/s   14    0   0.0   771   8.3   4.3     0
   2     4.64...  6.68 km    6.05 km/s    5   30   4.4   743   6.3   1.9     0
   3     6.68... 10.62 km    6.14 km/s    9   47   9.7   696  11.6   3.5     0
   4    10.62... 16.79 km    6.27 km/s   30   15   2.7   726  12.9   5.0     0
   5    16.79... 17.91 km    6.64 km/s    4   57  11.1   565   9.0   1.0     0
   6    17.91... 22.02 km    6.65 km/s   19    0   0.0   567  11.0   3.4     0
   7    22.02... 29.30 km    6.93 km/s    8  158  47.2   329  45.7   2.8     0
   8    29.30... 32.33 km    7.17 km/s    0   55  23.2    64  85.8   0.4     0
   9    32.33... 40.98 km    7.19 km/s    0    3   1.2     6  59.6   4.3     0
  10    40.98...       km    7.39 km/s    2    1   0.5     0   0.0   0.0

 Total nr of events was   91

 Total nr of refracted rays =   366
 Total nr of reflected rays =     0
 Total nr of   other   rays =   313
                              ------
 Total nr of    all    rays =   679

 Average (absolute) error of the raytracers:
  Straight and direct rays :    8.03 meters
  Refracted           rays :    0.01 meters
  Reflected           rays :    0.00 meters


 ALL RAYS TOGETHER:
 Average horizontal ray length =   89.8 km   (Hypocenter --> Station) 
 Average  vertical  ray length =   17.3 km   (Deepest ray-point --> Station)



 ... and some more STATISTICS 
 ---------------------------- 
  GAP of final epicenters:

  Event# -> GAP  Event# -> GAP  Event# -> GAP  Event# -> GAP  Event# -> GAP
       1 -> 295       2 -> 294       3 -> 270       4 -> 274       5 -> 307
       6 ->  98       7 -> 321       8 -> 306       9 -> 168      10 -> 347
      11 -> 347      12 -> 259      13 -> 263      14 -> 262      15 -> 264
      16 -> 264      17 -> 253      18 -> 243      19 -> 160      20 -> 302
      21 -> 232      22 -> 239      23 -> 240      24 -> 232      25 -> 129
      26 -> 103      27 -> 152      28 -> 211      29 -> 305      30 -> 213
      31 -> 215      32 -> 214      33 -> 210      34 -> 132      35 -> 238
      36 -> 216      37 -> 132      38 -> 311      39 -> 117      40 -> 209
      41 -> 220      42 -> 121      43 -> 223      44 -> 133      45 -> 309
      46 -> 127      47 -> 224      48 -> 226      49 -> 287      50 -> 194
      51 -> 288      52 -> 271      53 -> 225      54 -> 354      55 -> 347
      56 -> 180      57 -> 310      58 -> 316      59 -> 161      60 -> 310
      61 -> 301      62 -> 306      63 -> 148      64 -> 322      65 -> 127
      66 -> 293      67 ->  86      68 -> 294      69 -> 170      70 -> 262
      71 -> 173      72 ->   0      73 -> 262      74 -> 299      75 -> 241
      76 ->  59      77 -> 284      78 -> 171      79 -> 163      80 -> 169
      81 -> 165      82 -> 164      83 -> 230      84 -> 117      85 -> 315
      86 ->  94      87 -> 114      88 -> 269      89 -> 318      90 -> 317
      91 -> 295

 GAPs were between   0 and 354
      (average GAP was 227)



  MAGNITUDES of INPUT-DATA:

 Magnitude (# of events)   ***average number of obs***

 MAG<= 1.0 ( 47) *******
 MAG = 1.1 (  4) ********
 MAG = 1.2 (  7) ********
 MAG = 1.3 (  8) *********1
 MAG = 1.4 (  3) *********
 MAG = 1.5 (  3) ********
 MAG = 1.6 (  3) ********
 MAG = 1.7 (  2) *********1
 MAG = 1.8 (  2) *******
 MAG = 1.9 (  1)  
 MAG = 2.0 (  0)  
 MAG = 2.1 (  2) ********
 MAG = 2.2 (  3) *****
 MAG = 2.3 (  1) **
 MAG = 2.4 (  0)  
 MAG = 2.5 (  1) ******
 MAG = 2.6 (  1) **
 MAG = 2.7 (  0)  
 MAG = 2.8 (  0)  
 MAG = 2.9 (  1) ******
 MAG = 3.0 (  0)  
 MAG = 3.1 (  1) ****
 MAG = 3.2 (  0)  
 MAG = 3.3 (  0)  
 MAG = 3.4 (  0)  
 MAG = 3.5 (  0)  
 MAG = 3.6 (  0)  
 MAG = 3.7 (  0)  
 MAG = 3.8 (  0)  
 MAG = 3.9 (  0)  
 MAG = 4.0 (  1) *********1**
 MAG = 4.1 (  0)  
 MAG = 4.2 (  0)  
 MAG = 4.3 (  0)  
 MAG = 4.4 (  0)  
 MAG = 4.5 (  0)  
 MAG = 4.6 (  0)  
 MAG = 4.7 (  0)  
 MAG = 4.8 (  0)  
 MAG = 4.9 (  0)  
 MAG = 5.0 (  0)  
 MAG = 5.1 (  0)  
 MAG = 5.2 (  0)  
 MAG = 5.3 (  0)  
 MAG = 5.4 (  0)  
 MAG = 5.5 (  0)  
 MAG = 5.6 (  0)  
 MAG = 5.7 (  0)  
 MAG = 5.8 (  0)  
 MAG = 5.9 (  0)  
 MAG>= 6.0 (  0)  





  DEPTHs of INPUT-DATA and of LAST ITERATION:
  ===========================================

       Depth       # of events  

 DEPTH ( input ) =  -4. km :   
 DEPTH (last_IT) =  -4. km :   
 DEPTH ( input ) =  -3. km :   
 DEPTH (last_IT) =  -3. km :   
 DEPTH ( input ) =  -2. km :   
 DEPTH (last_IT) =  -2. km :   
 DEPTH ( input ) =  -1. km :   
 DEPTH (last_IT) =  -1. km :   
 DEPTH ( input ) =   0. km :  ........
 DEPTH (last_IT) =   0. km :  **
 DEPTH ( input ) =   1. km :  .
 DEPTH (last_IT) =   1. km :  ******
 DEPTH ( input ) =   2. km :   
 DEPTH (last_IT) =   2. km :  *
 DEPTH ( input ) =   3. km :  ...
 DEPTH (last_IT) =   3. km :  **
 DEPTH ( input ) =   4. km :  ..
 DEPTH (last_IT) =   4. km :  ***
 DEPTH ( input ) =   5. km :  ..
 DEPTH (last_IT) =   5. km :  **
 DEPTH ( input ) =   6. km :  ..
 DEPTH (last_IT) =   6. km :  ***
 DEPTH ( input ) =   7. km :  .
 DEPTH (last_IT) =   7. km :  **
 DEPTH ( input ) =   8. km :  ...
 DEPTH (last_IT) =   8. km :  **
 DEPTH ( input ) =   9. km :  ..
 DEPTH (last_IT) =   9. km :  *
 DEPTH ( input ) =  10. km :  ..
 DEPTH (last_IT) =  10. km :  ***
 DEPTH ( input ) =  11. km :  ...
 DEPTH (last_IT) =  11. km :  ***
 DEPTH ( input ) =  12. km :  ....
 DEPTH (last_IT) =  12. km :  ****
 DEPTH ( input ) =  13. km :  ..
 DEPTH (last_IT) =  13. km :  **
 DEPTH ( input ) =  14. km :  ...
 DEPTH (last_IT) =  14. km :  ****
 DEPTH ( input ) =  15. km :  ........
 DEPTH (last_IT) =  15. km :  ********
 DEPTH ( input ) =  16. km :  .........1.
 DEPTH (last_IT) =  16. km :  *********
 DEPTH ( input ) =  17. km :  .....
 DEPTH (last_IT) =  17. km :  ****
 DEPTH ( input ) =  18. km :  ....
 DEPTH (last_IT) =  18. km :  *****
 DEPTH ( input ) =  19. km :  .....
 DEPTH (last_IT) =  19. km :  *******
 DEPTH ( input ) =  20. km :  .....
 DEPTH (last_IT) =  20. km :  *
 DEPTH ( input ) =  21. km :  ..
 DEPTH (last_IT) =  21. km :  ****
 DEPTH ( input ) =  22. km :  ....
 DEPTH (last_IT) =  22. km :  ***
 DEPTH ( input ) =  23. km :  ....
 DEPTH (last_IT) =  23. km :  *****
 DEPTH ( input ) =  24. km :  ..
 DEPTH (last_IT) =  24. km :  ***
 DEPTH ( input ) =  25. km :  .
 DEPTH (last_IT) =  25. km :   
 DEPTH ( input ) =  26. km :   
 DEPTH (last_IT) =  26. km :   
 DEPTH ( input ) =  27. km :   
 DEPTH (last_IT) =  27. km :   
 DEPTH ( input ) =  28. km :   
 DEPTH (last_IT) =  28. km :   
 DEPTH ( input ) =  29. km :   
 DEPTH (last_IT) =  29. km :   
 DEPTH ( input ) =  30. km :   
 DEPTH (last_IT) =  30. km :   
 DEPTH ( input ) =  31. km :   
 DEPTH (last_IT) =  31. km :   
 DEPTH ( input ) =  32. km :   
 DEPTH (last_IT) =  32. km :   
 DEPTH ( input ) =  33. km :   
 DEPTH (last_IT) =  33. km :   
 DEPTH ( input ) =  34. km :   
 DEPTH (last_IT) =  34. km :   
 DEPTH ( input ) =  35. km :   
 DEPTH (last_IT) =  35. km :   
 DEPTH ( input ) =  36. km :   
 DEPTH (last_IT) =  36. km :   
 DEPTH ( input ) =  37. km :   
 DEPTH (last_IT) =  37. km :   
 DEPTH ( input ) =  38. km :   
 DEPTH (last_IT) =  38. km :   
 DEPTH ( input ) =  39. km :   
 DEPTH (last_IT) =  39. km :   
 DEPTH ( input ) =  40. km :   
 DEPTH (last_IT) =  40. km :   
 DEPTH ( input ) =  41. km :   
 DEPTH (last_IT) =  41. km :   
 DEPTH ( input ) =  42. km :   
 DEPTH (last_IT) =  42. km :   
 DEPTH ( input ) =  43. km :   
 DEPTH (last_IT) =  43. km :   
 DEPTH ( input ) =  44. km :   
 DEPTH (last_IT) =  44. km :   
 DEPTH ( input ) =  45. km :   
 DEPTH (last_IT) =  45. km :   
 DEPTH ( input ) =  46. km :   
 DEPTH (last_IT) =  46. km :   
 DEPTH ( input ) =  47. km :   
 DEPTH (last_IT) =  47. km :   
 DEPTH ( input ) =  48. km :   
 DEPTH (last_IT) =  48. km :   
 DEPTH ( input ) =  49. km :   
 DEPTH (last_IT) =  49. km :   
 DEPTH ( input ) =  50. km :   
 DEPTH (last_IT) =  50. km :   
 DEPTH ( input ) =  51. km :   
 DEPTH (last_IT) =  51. km :   
 DEPTH ( input ) =  52. km :   
 DEPTH (last_IT) =  52. km :   
 DEPTH ( input ) =  53. km :   
 DEPTH (last_IT) =  53. km :   
 DEPTH ( input ) =  54. km :   
 DEPTH (last_IT) =  54. km :   
 DEPTH ( input ) =  55. km :   
 DEPTH (last_IT) =  55. km :   
 DEPTH ( input ) =  56. km :   
 DEPTH (last_IT) =  56. km :   
 DEPTH ( input ) =  57. km :   
 DEPTH (last_IT) =  57. km :   
 DEPTH ( input ) =  58. km :   
 DEPTH (last_IT) =  58. km :   
 DEPTH ( input ) =  59. km :   
 DEPTH (last_IT) =  59. km :   
 DEPTH ( input ) =  60. km :   
 DEPTH (last_IT) =  60. km :   
 DEPTH ( input ) =  61. km :   
 DEPTH (last_IT) =  61. km :   
 DEPTH ( input ) =  62. km :   
 DEPTH (last_IT) =  62. km :   
 DEPTH ( input ) =  63. km :   
 DEPTH (last_IT) =  63. km :   
 DEPTH ( input ) =  64. km :   
 DEPTH (last_IT) =  64. km :   
 DEPTH ( input ) =  65. km :   
 DEPTH (last_IT) =  65. km :   
 DEPTH ( input ) =  66. km :   
 DEPTH (last_IT) =  66. km :   
 DEPTH ( input ) =  67. km :   
 DEPTH (last_IT) =  67. km :   
 DEPTH ( input ) =  68. km :   
 DEPTH (last_IT) =  68. km :   
 DEPTH ( input ) =  69. km :   
 DEPTH (last_IT) =  69. km :   
 DEPTH ( input ) =  70. km :   
 DEPTH (last_IT) =  70. km :   
 DEPTH ( input ) =  71. km :   
 DEPTH (last_IT) =  71. km :   
 DEPTH ( input ) =  72. km :   
 DEPTH (last_IT) =  72. km :   
 DEPTH ( input ) =  73. km :   
 DEPTH (last_IT) =  73. km :   
 DEPTH ( input ) =  74. km :  .
 DEPTH (last_IT) =  74. km :  *
 DEPTH ( input ) =  75. km :   
 DEPTH (last_IT) =  75. km :   
 DEPTH ( input ) =  76. km :   
 DEPTH (last_IT) =  76. km :   
 DEPTH ( input ) =  77. km :   
 DEPTH (last_IT) =  77. km :   
 DEPTH ( input ) =  78. km :   
 DEPTH (last_IT) =  78. km :   
 DEPTH ( input ) =  79. km :   
 DEPTH (last_IT) =  79. km :   
 DEPTH ( input ) =  80. km :   
 DEPTH (last_IT) =  80. km :   
 DEPTH ( input ) =  81. km :   
 DEPTH (last_IT) =  81. km :   
 DEPTH ( input ) =  82. km :   
 DEPTH (last_IT) =  82. km :   
 DEPTH ( input ) =  83. km :   
 DEPTH (last_IT) =  83. km :   
 DEPTH ( input ) =  84. km :   
 DEPTH (last_IT) =  84. km :   
 DEPTH ( input ) =  85. km :   
 DEPTH (last_IT) =  85. km :   
 DEPTH ( input ) =  86. km :   
 DEPTH (last_IT) =  86. km :   
 DEPTH ( input ) =  87. km :   
 DEPTH (last_IT) =  87. km :   
 DEPTH ( input ) =  88. km :   
 DEPTH (last_IT) =  88. km :   
 DEPTH ( input ) =  89. km :   
 DEPTH (last_IT) =  89. km :   
 DEPTH ( input ) =  90. km :   
 DEPTH (last_IT) =  90. km :   
 DEPTH ( input ) =  91. km :   
 DEPTH (last_IT) =  91. km :   
 DEPTH ( input ) =  92. km :   
 DEPTH (last_IT) =  92. km :   
 DEPTH ( input ) =  93. km :   
 DEPTH (last_IT) =  93. km :   
 DEPTH ( input ) =  94. km :   
 DEPTH (last_IT) =  94. km :   
 DEPTH ( input ) =  95. km :   
 DEPTH (last_IT) =  95. km :   
 DEPTH ( input ) =  96. km :   
 DEPTH (last_IT) =  96. km :   
 DEPTH ( input ) =  97. km :  .
 DEPTH (last_IT) =  97. km :  *
 DEPTH ( input ) =  98. km :   
 DEPTH (last_IT) =  98. km :   
 DEPTH ( input ) =  99. km :   
 DEPTH (last_IT) =  99. km :   
 DEPTH ( input ) = 100. km :   
 DEPTH (last_IT) = 100. km :   
 DEPTH ( input ) > 100. km :   
 DEPTH (last_IT) > 100. km :   


 Residuals of the stations according to the azimuth:
 (RES  = total average residual at station)
 (RES1 = average residual of rays from 1st quadrant)
 (RES2 = average residual of rays from 2nd quadrant)
 (RES3 = average residual of rays from 3rd quadrant)
 (RES4 = average residual of rays from 4th quadrant)

 Stn#  Stn     RES          RES1         RES2         RES3         RES4
   1   624     0.26(  74)   0.22(  33)   0.06(   5)   0.33(  29)   0.31(   7)
   2   628     0.21(  69)   0.11(  32)   0.02(   5)   0.20(  25)   0.77(   7)
   3   630     0.31(  53)   0.49(  25)   0.06(  11)  -0.03(  10)   0.53(   7)
   4   627     0.29(  46)   0.46(  12)   0.00(   0)   0.10(  22)   0.48(  12)
   5   621     0.43(  59)   0.39(   7)   0.00(   0)   0.67(  18)   0.31(  34)
   6   629     0.33(  43)   0.57(  15)   0.00(   0)   0.12(   8)   0.23(  20)
   7   622     0.25(  58)   0.09(  27)   0.00(   0)   0.46(  20)   0.25(  11)
   8   620     0.21(  48)   0.02(   1)   0.00(   0)   0.49(  18)   0.03(  29)
   9   623     0.35(  55)   0.22(  30)   0.00(   0)   0.65(  17)   0.16(   8)
  10   626     0.47(  52)   0.47(  24)   0.00(   0)   0.44(   5)   0.48(  23)
  11   625     0.34(  49)   0.33(  14)   0.00(   0)   0.30(  23)   0.42(  12)
  12   631     0.59(  49)   0.74(  18)  -0.68(   1)   0.90(   4)   0.48(  26)
  13   632     0.32(  24)   0.58(  12)  -0.14(   2)   0.09(   3)   0.12(   7)



 CPU - statistics:

 TOTAL CPU-sec          =    0.4     (CPU-minutes:  0.007)

 >>>   End of program VELEST at 25-06-02 12:52       <<< [ CPU-sec :     0.4]
