 >>> Start of program VELEST at 25-06-02 12:53       <<<                        

 ::::::::::::::::::::::::::::::::::::::                                         
  V E L E S T  - Version : January 3, 1995                                      
  (Authors: see source code)                                                    
 ::::::::::::::::::::::::::::::::::::::                                         


 Title of this VELEST run:

 model_2
 -------


 Current array-dimensions of program VELEST:

 Max. number of EARTHQUAKES for simult. inversion IEQ = ***
 Max. number of SHOTS for simult. inversion    INSHOT =  50
 Max. number of (different) 1D-MODELS      ITOTMODELS =   2
 Max. number of LAYERS per one 1D-model        INLTOT = 100
 Max. number of STATIONS in stationlist           IST = 650
 Max. number of OBSERVATIONS per event MAXOBSPEREVENT = 180






    INPUT - P A R A M E T E R S :



***
***  olat       olon   icoordsystem      zshift   itrial ztrial    ised
  72.000000-126.000000      0            0.000       0     0.00      0
***
*** neqs   nshot    rotate
     91      0      0.0
***
*** isingle   iresolcalc
       0          0
***
*** dmax    itopo    zmin     veladj    zadj   lowveloclay
   300.00     0      0.01       0.20    5.00       0
***
*** nsp    swtfac   vpvs       nmod
     1      1.00    1.730        1
***
***   othet   xythet    zthet    vthet   stathet
       0.01     0.01     0.01     1.00     0.01
***
*** nsinv   nshcor   nshfix     iuseelev    iusestacorr
       1       0       0           1            1
***
*** iturbo    icnvout   istaout   ismpout
       1         1         1         0
***
*** irayout   idrvout   ialeout   idspout   irflout   irfrout   iresout
       0         0         0         0         0         0         0
***
*** delmin   ittmax   invertratio
    0.010       3          1
***
*** Modelfile:
tmp/model_2/synthvel/model_469.mod
***
*** Stationfile:
./velinp/station.sta
***
*** Seismofile:
 
***
*** File with region names:
 
***
*** File with region coordinates:
 
***
*** File #1 with topo data:
 
***
*** File #2 with topo data:
 
***
*** DATA INPUT files:
***
*** File with Earthquake data:
./velinp/data.cnv
***
*** File with Shot data:
 
***
*** OUTPUT files:
***
*** Main print output file:
./velout/model_2/velest469.out
***
*** File with single event locations:
velout.vel
***
*** File with final hypocenters in *.cnv format:
./velout/model_2/final_loc469.cnv
***
*** File with new station corrections:
./velout/model_2/stations_corr469.sta
***
*** File with summary cards (e.g. for plotting):
velout.smp
***
*** File with raypoints:
velout.ray
***
*** File with derivatives:
velout.drv
***
*** File with ALEs:
velout.ale
***
*** File with Dirichlet spreads:
velout.dspr
***
*** File with reflection points:
velout.rfl
***
*** File with refraction points:
velout.rfr
***
*** File with residuals:
velout.res
***




 Origin of cartesian coordinates:
        72.00000N   126.00000E

  X,Y-AXES rotated clockwise from North
           Rotation angle (rotate):
            rotate=    0.0 degr.

 icoordsystem =            0
 normal SHORT DISTANCE CONVERSION will be made
 x is positive towards west, y is positive towards north


 SHORT DISTANCE CONVERSION on ELLIPSOIDE of WORLD GEODETIC SYSTEM 1972 (WGS72)
 =============================================================================

 Radius at equator (REARTH)= 6378.13500  km
   1. / (ellipticity)      =    298.260

 Origin of cartesian coordinates [degrees]:
   72.0000000 N     -126.0000000 W

  Rotation angle (in degr.) clockwise from
North  rotate=    0.0

 Radius of sphere at OLAT =   6358.817 km

 Conversion of GEOGRAPHICAL LATITUDE to GEOCENTRICAL LATITUDE:
 RLATC = TAN(GEOCENTR.LAT) / TAN(GEOGRAPH.LAT)
 RLATC =   0.99333486

          Short distance conversions:
          one min lat ~  1.8597 km 
          one min lon ~  0.5751 km 







    INPUT - M O D E L :



 Model(s) read from file :
 tmp/model_2/synthvel/model_469.mod                                              

 model file title: 
Model: model_469.mod                    
 Velocity structure for model   1 :

 layer    vel   depth   vdamp  reflector
   1      5.30  -5.00    1.00         P-VELOCITY MODEL                  
   2      5.77  -1.23    1.00  
 WARNING:
 Only top of the first layer can be negative !!
   3      6.16   3.38    1.00  
   4      6.16  13.29    1.00  
   5      6.42  14.26    1.00  
   6      6.47  16.73    1.00  
   7      6.77  29.18    1.00  
   8      7.30  29.74    1.00  
   9      7.76  30.24    1.00  
  10      8.68  37.02    1.00  

 Calculation of average velocity starts at layer #            1
 z = -5.00 ... -1.23    v = 5.30    AVEL = 5.30 downto z =  -1.23
 z = -1.23 ...  3.38    v = 5.77    AVEL = 5.56 downto z =   3.38
 z =  3.38 ... 13.29    v = 6.16    AVEL = 5.88 downto z =  13.29
 z = 13.29 ... 14.26    v = 6.16    AVEL = 5.90 downto z =  14.26
 z = 14.26 ... 16.73    v = 6.42    AVEL = 5.96 downto z =  16.73
 z = 16.73 ... 29.18    v = 6.47    AVEL = 6.14 downto z =  29.18
 z = 29.18 ... 29.74    v = 6.77    AVEL = 6.15 downto z =  29.74
 z = 29.74 ... 30.24    v = 7.30    AVEL = 6.17 downto z =  30.24
 z = 30.24 ... 37.02    v = 7.76    AVEL = 6.43 downto z =  37.02


 Calculation of average velocity starts at layer #            2
 z = -1.23 ...  3.38    v = 5.77    AVEL = 5.77 downto z =   3.38
 z =  3.38 ... 13.29    v = 6.16    AVEL = 6.04 downto z =  13.29
 z = 13.29 ... 14.26    v = 6.16    AVEL = 6.04 downto z =  14.26
 z = 14.26 ... 16.73    v = 6.42    AVEL = 6.10 downto z =  16.73
 z = 16.73 ... 29.18    v = 6.47    AVEL = 6.25 downto z =  29.18
 z = 29.18 ... 29.74    v = 6.77    AVEL = 6.26 downto z =  29.74
 z = 29.74 ... 30.24    v = 7.30    AVEL = 6.27 downto z =  30.24
 z = 30.24 ... 37.02    v = 7.76    AVEL = 6.54 downto z =  37.02






    INPUT - S T A T I O N S :



 Station-parameters read from file :
 ./velinp/station.sta                                                            


     stn latitude longitude elev   x      y      z     ptcor stcor model icc
   1 624 72.4760N126.2750E     0  -9.37  53.11  -0.00   0.00  0.00   1  13
   2 628 72.4000N127.1470E     0 -39.15  44.63  -0.00   0.00  0.00   1  12
   3 630 72.0750N128.3250E     0 -80.06   8.37  -0.00   0.00  0.00   1  11
   4 627 72.1170N126.9820E     0 -33.78  13.06  -0.00   0.00  0.00   1  10
   5 621 72.1840N124.8890E     0  38.14  20.53  -0.00   0.00  0.00   1   9
   6 629 71.9290N127.3130E     0 -45.39  -7.92  -0.00   0.00  0.00   1   8
   7 622 72.4420N125.3130E     0  23.42  49.32  -0.00   0.00  0.00   1   7
   8 620 72.6540N124.3470E     0  56.03  72.98  -0.00   0.00  0.00   1   6
   9 623 72.3260N125.7600E     0   8.21  36.38  -0.00   0.00  0.00   1   5
  10 626 71.8880N126.0360E     0  -1.25 -12.50  -0.00   0.00  0.00   1   4
  11 625 72.1740N126.1070E     0  -3.67  19.42  -0.00   0.00  0.00   1   3
  12 631 71.3990N127.2470E     0 -43.72 -67.06  -0.00   0.00  0.00   1   2
  13 632 71.5740N129.0728E     0-107.23 -47.53  -0.00   0.00  0.00   1   1

 NO Seismo-parameter-file specified
 --> NO magnitudes calculated!




   neqs=   91  nshot=    0  nltot=   10

 ~~~ input parameters read.
 ~~~ set units for first iteration ...
 ~~~ determine number of unknowns ...

 Number of unknowns (for array-indexing):  nvar =  386
 Number of effective unknowns        :  nvareff =  374
 Number of elements on/below main diagonal of matrix G = At*A : kvar =   74691

 ~~~ reset G and RHT ...
 ~~~ input data, raytracing, setup G ...






    I N P U T - D A T A  

  eq    origin-time    latitude longitude depth    x      y      z    mag ifxOBS
   1 160818 1613  9.10 73.0030N 124.8500E  23.10  38.61 111.92  23.10 1.40 0   6
   2 160818 1613  9.30 72.9910N 124.8700E  22.80  37.95 110.58  22.80 1.10 0   6
   3 160819 0959 27.30 71.9230N 129.7600E  12.10-130.00  -8.59  12.10 4.00 0  12
   4 160820 1506 15.70 71.9380N 129.7900E  11.00-130.98  -6.92  11.00 1.50 0   9
   5 160820 1904 45.70 72.3480N 127.1800E  23.80 -40.33  38.83  23.80 1.20 0   6
   6 160822 1318 49.50 72.3650N 127.0800E  16.50 -36.90  40.73  16.50 0.60 0   8
   7 160823 0652 14.00 70.9330N 129.8100E   6.40-135.21-119.06   6.40 2.90 0   6
   8 160824 1510 30.40 71.6070N 130.0400E   8.60-140.86 -43.85   8.60 1.50 0   9
   9 160906 1514 39.70 72.5080N 125.6800E  12.10  10.89  56.68  12.10 0.90 0   6
 WARNING:
 epicentral distance: 303.3 > dmax ( 300.0) ==> skipping phase !
 WARNING:
 epicentral distance: 338.2 > dmax ( 300.0) ==> skipping phase !
  10 160920 1607 18.30 69.2370N 128.3500E  16.20 -87.07-308.31  16.20 2.60 0   2
 WARNING:
 epicentral distance: 318.5 > dmax ( 300.0) ==> skipping phase !
 WARNING:
 epicentral distance: 355.0 > dmax ( 300.0) ==> skipping phase !
  11 160925 1911  5.60 69.2250N 127.6800E  15.60 -62.26-309.64  15.60 2.30 0   2
  12 161004 0841 51.20 72.8480N 124.9600E  15.60  35.07  94.62  15.60 0.20 0   6
  13 161005 1619 46.90 72.8770N 125.0100E  19.00  33.35  97.86  19.00 1.00 0   9
  14 161006 0156 55.90 72.8740N 125.0100E  13.90  33.36  97.52  13.90 1.00 0   7
  15 161009 0036 44.70 72.8720N 124.9900E  17.20  34.03  97.30  17.20 1.30 0   8
  16 161009 0036 44.90 72.8580N 124.9600E  18.60  35.06  95.74  18.60 1.20 0   7
  17 161012 0800 22.10 72.7380N 126.0300E  18.50  -1.01  82.35  18.50 0.80 0   7
  18 161015 1013 36.50 72.0400N 126.9900E  11.20 -34.12   4.46  11.20 0.70 0   7
  19 161021 0507 33.30 72.5750N 124.7800E  10.10  41.44  64.16  10.10 0.80 0   6
  20 161124 2250 46.00 72.7630N 124.8800E  16.20  37.85  85.14  16.20 3.10 0   4
  21 161125 0156 34.10 72.7420N 124.9200E  14.50  36.52  82.80  14.50 0.60 0   7
  22 161125 0517 25.90 72.7650N 124.9400E  13.50  35.82  85.36  13.50 1.60 0   6
  23 161125 0525 15.90 72.7740N 124.9500E  11.60  35.48  86.37  11.60 0.80 0   6
  24 161125 0556  2.00 72.7350N 124.9700E   5.70  34.84  82.01   5.70 0.20 0   6
  25 170117 0846 48.60 72.2130N 127.3400E  22.00 -45.97  23.77  22.00 0.30 0   6
  26 170122 1614 27.60 71.9670N 128.0400E  10.30 -70.45  -3.68  10.30 0.90 0   6
  27 170125 2244  0.20 72.4440N 126.0200E  13.10  -0.68  49.54  13.10 0.80 0   6
  28 170302 1359 59.10 72.6830N 124.8900E  11.50  37.60  76.21  11.50 0.50 0   7
  29 170302 2335 20.20 71.8850N 130.3000E  14.80-148.82 -12.83  14.80 2.10 0   9
  30 170304 2135  2.90 72.6880N 124.9400E  13.40  35.90  76.77  13.40 1.30 0   7
  31 170307 0447 21.00 72.6940N 124.9200E  14.20  36.57  77.44  14.20 1.70 0  10
  32 170307 2016 50.80 72.6910N 124.9100E  15.30  36.91  77.10  15.30 1.10 0   6
  33 170309 1454  0.80 72.6830N 124.9000E  15.60  37.26  76.21  15.60 0.30 0   6
  34 170311 0430 55.40 72.3130N 126.5000E  24.50 -17.11  34.93  24.50 0.30 0   6
  35 170312 0416 39.20 71.9240N 128.0800E   3.40 -71.91  -8.48   3.40 2.10 0   6
  36 170313 0553 59.10 72.6980N 124.9200E  15.10  36.57  77.89  15.10 1.00 0   9
  37 170313 0809  5.60 72.4500N 125.0800E  14.90  31.36  50.21  14.90 1.20 0   7
  38 170315 0234 46.50 72.6540N 123.8400E  16.90  73.22  72.98  16.90 1.40 0   7
  39 170317 1007 14.10 72.2350N 125.9800E   3.90   0.69  26.22   3.90 0.50 0   7
  40 170320 0711 14.60 72.1250N 127.2200E  16.80 -41.95  13.95  16.80 0.90 0   6
  41 170320 0853 56.40 72.7090N 124.9700E   5.10  34.86  79.11   5.10 0.40 0   6
  42 170320 1900 34.30 72.4150N 126.1200E  18.00  -4.09  46.31  18.00 0.60 0   7
  43 170323 0519 24.60 71.6470N 129.1800E   5.20-110.76 -39.39   5.20 1.20 0   6
  44 170323 1612 49.70 72.4530N 125.1100E   8.30  30.33  50.55   8.30 0.50 0   6
  45 170323 1906 41.20 72.4070N 130.2500E  18.30-145.04  45.41  18.30 1.00 0   6
  46 170326 0836 34.10 71.9930N 127.6700E  16.10 -57.63  -0.78  16.10 1.50 0   7
  47 170402 0422  1.00 72.7220N 125.6900E  21.90  10.49  80.56  21.90 1.20 0  10
  48 170402 0636 37.20 72.7310N 125.6900E  23.50  10.49  81.57  23.50 0.70 0   6
  49 170404 2347 35.70 72.7580N 124.3800E  22.60  54.76  84.58  22.60 0.50 0   6
  50 170405 0307 36.10 71.6810N 128.9500E  15.30-102.66 -35.60  15.30 1.00 0  10
  51 170405 1410 53.20 71.5100N 128.9000E   9.30-101.37 -54.68   9.30 1.70 0  10
  52 170406 0838 43.20 72.3850N 129.3800E  15.50-115.42  42.96  15.50 0.90 0  10
  53 170406 1728  1.00 72.7230N 125.6900E  21.30  10.49  80.67  21.30 0.90 0  10
 WARNING:
 epicentral distance: 325.9 > dmax ( 300.0) ==> skipping phase !
 WARNING:
 epicentral distance: 332.9 > dmax ( 300.0) ==> skipping phase !
 WARNING:
 epicentral distance: 345.3 > dmax ( 300.0) ==> skipping phase !
 WARNING:
 epicentral distance: 391.9 > dmax ( 300.0) ==> skipping phase !
  54 170407 1729  3.40 74.8930N 128.6300E  15.60 -83.67 322.81  15.60 1.80 0   2
 WARNING:
 epicentral distance: 311.3 > dmax ( 300.0) ==> skipping phase !
 WARNING:
 epicentral distance: 315.4 > dmax ( 300.0) ==> skipping phase !
 WARNING:
 epicentral distance: 328.9 > dmax ( 300.0) ==> skipping phase !
 WARNING:
 epicentral distance: 374.2 > dmax ( 300.0) ==> skipping phase !
  55 170407 1729  3.50 74.7270N 128.8100E   0.40 -89.83 304.29   0.40 1.60 0   5
  56 170408 1004 44.90 72.6070N 124.9400E  15.00  35.98  67.73  15.00 1.40 0  13
  57 170409 0856 47.20 73.3850N 128.5500E  15.60 -84.71 154.54  15.60 2.50 0   6
  58 170409 0902 45.60 73.3500N 128.4400E  15.10 -81.13 150.64  15.10 1.10 0   7
  59 170410 1520  8.50 72.0030N 128.3900E   2.70 -82.46   0.33   2.70 1.00 0  10
  60 170410 1813  3.60 70.9360N 129.1200E   3.70-110.72-118.73   3.70 2.20 0  13
  61 170412 1507  0.60 71.5070N 129.7200E   0.00-130.05 -55.01   0.00 0.70 0   6
  62 170413 0651 20.10 73.3680N 125.4200E  15.60  19.28 152.65  15.60 1.00 0  10
  63 170414 0459 18.80 72.2680N 127.3800E  20.10 -47.27  29.90  20.10 0.50 0   7
  64 170414 0540  4.80 73.6400N 130.9700E   8.00-163.92 183.00   8.00 1.80 0  11
  65 170414 1656 23.40 72.1850N 127.4000E  15.50 -48.06  20.64  15.50 0.20 0   6
  66 170414 1753 32.80 72.3840N 130.4600E  17.90-152.30  42.85  17.90 0.70 0   6
  67 170416 0523 41.90 71.9560N 127.0800E  19.20 -37.31  -4.91  19.20 1.60 0  13
  68 170416 1220 14.20 72.9470N 124.4900E  20.40  50.77 105.67  20.40 1.00 0  11
 WARNING:
 epicentral distance: 320.3 > dmax ( 300.0) ==> skipping phase !
 WARNING:
 epicentral distance: 381.0 > dmax ( 300.0) ==> skipping phase !
 WARNING:
 epicentral distance: 398.8 > dmax ( 300.0) ==> skipping phase !
 WARNING:
 epicentral distance: 405.0 > dmax ( 300.0) ==> skipping phase !
 WARNING:
 epicentral distance: 424.8 > dmax ( 300.0) ==> skipping phase !
 WARNING:
 epicentral distance: 431.2 > dmax ( 300.0) ==> skipping phase !
 WARNING:
 epicentral distance: 445.5 > dmax ( 300.0) ==> skipping phase !
 WARNING:
 epicentral distance: 451.8 > dmax ( 300.0) ==> skipping phase !
 WARNING:
 epicentral distance: 464.3 > dmax ( 300.0) ==> skipping phase !
  69 170416 1257 48.30 68.8710N 131.7500E  73.50-214.97-349.14  73.50 2.20 0   0
  70 170416 1821  5.50 72.8670N 125.0000E  19.30  33.70  96.74  19.30 1.30 0  13
  71 170418 0606  4.10 72.5080N 125.8200E   1.30   6.13  56.68   1.30 0.20 0   6
 WARNING:
 epicentral distance: 315.2 > dmax ( 300.0) ==> skipping phase !
 WARNING:
 epicentral distance: 332.1 > dmax ( 300.0) ==> skipping phase !
 WARNING:
 epicentral distance: 345.3 > dmax ( 300.0) ==> skipping phase !
 WARNING:
 epicentral distance: 352.6 > dmax ( 300.0) ==> skipping phase !
 WARNING:
 epicentral distance: 346.7 > dmax ( 300.0) ==> skipping phase !
 WARNING:
 epicentral distance: 356.6 > dmax ( 300.0) ==> skipping phase !
 WARNING:
 epicentral distance: 363.9 > dmax ( 300.0) ==> skipping phase !
 WARNING:
 epicentral distance: 372.8 > dmax ( 300.0) ==> skipping phase !
 WARNING:
 epicentral distance: 378.6 > dmax ( 300.0) ==> skipping phase !
 WARNING:
 epicentral distance: 378.6 > dmax ( 300.0) ==> skipping phase !
  72 170418 1005 56.80 69.3310N 122.4100E  97.00 132.70-297.82  97.00 2.20 0   1
  73 170418 1500 12.90 72.7340N 124.5100E  23.10  50.40  81.90  23.10 1.30 0  12
  74 170420 1302 36.20 72.6290N 129.0200E  21.80-102.44  70.19  21.80 0.90 0  11
  75 170420 2248 46.70 72.0220N 129.1200E   0.00-107.59   2.46   0.00 0.70 0  11
 WARNING:
 epicentral distance: 313.1 > dmax ( 300.0) ==> skipping phase !
 WARNING:
 epicentral distance: 324.4 > dmax ( 300.0) ==> skipping phase !
 WARNING:
 epicentral distance: 324.2 > dmax ( 300.0) ==> skipping phase !
 WARNING:
 epicentral distance: 342.4 > dmax ( 300.0) ==> skipping phase !
 WARNING:
 epicentral distance: 349.0 > dmax ( 300.0) ==> skipping phase !
 WARNING:
 epicentral distance: 380.2 > dmax ( 300.0) ==> skipping phase !
 WARNING:
 epicentral distance: 381.6 > dmax ( 300.0) ==> skipping phase !
 WARNING:
 epicentral distance: 408.0 > dmax ( 300.0) ==> skipping phase !
  76 170423 0850 54.60 74.7080N 132.7900E   0.10-217.19 302.17   0.10 1.90 0   0
  77 170423 1455 44.10 72.8400N 124.4900E  16.80  50.92  93.73  16.80 0.60 0   8
  78 170423 2313 41.80 72.5960N 124.8700E  22.00  38.36  66.50  22.00 1.30 0  12
  79 170424 0609 58.60 71.9600N 128.0200E   0.10 -69.77  -4.46   0.10 1.10 0  12
  80 170424 0755 26.70 71.9480N 128.0300E   0.00 -70.14  -5.80   0.00 1.00 0  12
  81 170424 0755 26.90 71.9590N 128.0300E   0.00 -70.12  -4.57   0.00 1.00 0  12
  82 170425 0652 23.30 71.9600N 128.0300E   0.00 -70.12  -4.46   0.00 1.20 0   9
  83 170426 0051 23.20 71.9450N 128.0600E   6.60 -71.18  -6.14   6.60 0.70 0   6
  84 170426 1425 21.20 72.0790N 127.2600E  21.00 -43.38   8.82  21.00 0.10 0   6
  85 170426 1834 24.60 71.5840N 130.8000E  10.90-167.46 -46.42  10.90 1.20 0   8
  86 170426 1840 44.10 72.2710N 126.3600E  18.10 -12.33  30.24  18.10 1.30 0   8
  87 170427 0912 28.80 72.0640N 127.7900E   2.60 -61.65   7.14   2.60 0.90 0   8
  88 170427 1041 38.10 71.7480N 128.9900E   8.40-103.86 -28.12   8.40 0.70 0   7
  89 170427 2010 47.80 72.8010N 130.2000E  20.20-141.80  89.38  20.20 1.30 0   8
  90 170427 2010 48.30 72.7890N 130.1400E  20.10-139.82  88.04  20.10 1.30 0   8
  91 170427 2342 34.10 72.7630N 125.0100E  19.50  33.46  85.14  19.50 0.80 0   6

 readings for station 624  :  74
 readings for station 628  :  69
 readings for station 630  :  53
 readings for station 627  :  46
 readings for station 621  :  59
 readings for station 629  :  43
 readings for station 622  :  58
 readings for station 620  :  48
 readings for station 623  :  55
 readings for station 626  :  52
 readings for station 625  :  49
 readings for station 631  :  49
 readings for station 632  :  24

 Total number of stations with readings:  13

 Total number of readings:     679
 Total number of P readings:       0
 Total number of S readings:       0


 ~~~ store parts of G ...
 ~~~ compute RMS and DATVAR ...

 Total number of observations is:   679


 $$$$$$$$$$$$$$$$$$$$$$$$$$$$$$$$$$$$$$$$$$$$$$$$$
 Events with  | AVRES | > 1.0 SEC are suspicious !

 Event#   7 >>>  160823 0652  AVRES =  1.60 NOBS =  6
 Event#   8 >>>  160824 1510  AVRES =  1.17 NOBS =  9
 Event#  10 >>>  160920 1607  AVRES =  3.54 NOBS =  2
 Event#  11 >>>  160925 1911  AVRES =  3.19 NOBS =  2
 Event#  45 >>>  170323 1906  AVRES =  1.01 NOBS =  6
 Event#  54 >>>  170407 1729  AVRES =  2.00 NOBS =  2
 Event#  55 >>>  170407 1729  AVRES =  2.17 NOBS =  5
 Event#  57 >>>  170409 0856  AVRES =  2.24 NOBS =  6
 Event#  58 >>>  170409 0902  AVRES =  1.62 NOBS =  7
 Event#  60 >>>  170410 1813  AVRES =  1.48 NOBS = 13
 Event#  62 >>>  170413 0651  AVRES =  1.03 NOBS = 10
 Event#  64 >>>  170414 0540  AVRES =  2.86 NOBS = 11
 Event#  72 >>>  170418 1005  AVRES =  2.69 NOBS =  1
 Event#  85 >>>  170426 1834  AVRES =  1.20 NOBS =  8
 Event#  89 >>>  170427 2010  AVRES =  1.40 NOBS =  8
 Event#  90 >>>  170427 2010  AVRES =  1.30 NOBS =  8

 ^^^^^^^^^ C H E C K   these events above ^^^^^^^^
 $$$$$$$$$$$$$$$$$$$$$$$$$$$$$$$$$$$$$$$$$$$$$$$$$

 ~~~ save initial datvar ...

 Iteration nr  0 obtained:
 DATVAR=    1.532754 mean sqrd residual=     0.688498  RMS RESIDUAL=     0.829758

 After  0 iterations we got:
 Average absolute & unweighted [and mean] residual of
   396 straight and direct rays =  0.24214 [  0.20972]
   283 refracted           rays =  1.22648 [  1.19778]
     0 reflected           rays =  0.00000 [  0.00000]

   679 ALL                 RAYS =  0.65240 [  0.62153]        0.00 %




--------------------------------------------------------------------------------



           ITERATION no  1

 ~~~ set units for this iteration ...
 ~~~ determine number of unknowns for this iter. ...

 Number of unknowns (for array-indexing):  nvar =  386
 Number of effective unknowns        :  nvareff =  387
 Number of elements on/below main diagonal of matrix G = At*A : kvar =   74691

 Damping factors to be used in this iteration:
   Othet=   0.010   XYthet  =   0.010   Zthet=  0.010
 STAthet=   0.010   Vthet   =   1.000

 ~~~ damp G ...
 ~~~ solve G * b = RHT ...
 ~~~ fix units ...
 ~~~ apply eventually step-length damping ...
 ~~~ adjust model (hypocenters, stacorr & veloc.) ...

 doing velocity adjustments now...

 doing station-correction adjustments...

 ~~~ compute effective step-length ...

 (Applied) Step length =   2.073

 ~~~ set units for next iteration ...
 ~~~ determine number of unknowns for next iter. ...

 Number of unknowns (for array-indexing):  nvar =  386
 Number of effective unknowns        :  nvareff =  387
 Number of elements on/below main diagonal of matrix G = At*A : kvar =   74691

 ~~~ reset G and RHT ...
 ~~~ raytracing, setup G ...
 ~~~ store parts of G ...
 ~~~ set units back for current iteration ...
 ~~~ determine number of unknowns for this iter. ...

 Number of unknowns (for array-indexing):  nvar =  386
 Number of effective unknowns        :  nvareff =  387
 Number of elements on/below main diagonal of matrix G = At*A : kvar =   74691

 ~~~ compute RMS and DATVAR ...

 $$$$$$$$$$$$$$$$$$$$$$$$$$$$$$$$$$$$$$$$$$$$$$$$$
 Events with  | AVRES | > 1.0 SEC are suspicious !

 Event#   7 >>>  160823 0652  AVRES =  1.43 NOBS =  6
 Event#   8 >>>  160824 1510  AVRES =  1.05 NOBS =  9
 Event#  10 >>>  160920 1607  AVRES =  3.14 NOBS =  2
 Event#  11 >>>  160925 1911  AVRES =  2.82 NOBS =  2
 Event#  54 >>>  170407 1729  AVRES =  1.77 NOBS =  2
 Event#  55 >>>  170407 1729  AVRES =  1.92 NOBS =  5
 Event#  57 >>>  170409 0856  AVRES =  1.99 NOBS =  6
 Event#  58 >>>  170409 0902  AVRES =  1.44 NOBS =  7
 Event#  60 >>>  170410 1813  AVRES =  1.32 NOBS = 13
 Event#  64 >>>  170414 0540  AVRES =  2.54 NOBS = 11
 Event#  72 >>>  170418 1005  AVRES =  2.37 NOBS =  1
 Event#  85 >>>  170426 1834  AVRES =  1.07 NOBS =  8
 Event#  89 >>>  170427 2010  AVRES =  1.25 NOBS =  8
 Event#  90 >>>  170427 2010  AVRES =  1.17 NOBS =  8

 ^^^^^^^^^ C H E C K   these events above ^^^^^^^^
 $$$$$$$$$$$$$$$$$$$$$$$$$$$$$$$$$$$$$$$$$$$$$$$$$

 ~~~ check solution (better? worse?) ...

 Iteration nr  1 obtained:
 DATVAR=    1.291877 mean sqrd residual=     0.555564  RMS RESIDUAL=     0.745362

 After  1 iterations we got:
 Average absolute & unweighted [and mean] residual of
   384 straight and direct rays =  0.21912 [  0.18738]
   295 refracted           rays =  1.06653 [  1.03663]
     0 reflected           rays =  0.00000 [  0.00000]

   679 ALL                 RAYS =  0.58729 [  0.55635]       -9.98 %

 ~~~ iteration done; output results ...

  eq       ot     x      y      z      rms    avres   dot     dx     dy     dz
    1      9.09  38.61 111.96  23.23   0.29   0.40   -0.007 -0.001  0.039  0.133
    2      9.29  37.97 110.63  22.93   0.29   0.40   -0.009  0.021  0.055  0.130
    3     27.27-130.14  -8.49  12.22   0.64   0.64   -0.035 -0.145  0.102  0.117
    4     15.66-131.09  -6.84  11.01   0.72   0.64   -0.043 -0.106  0.074  0.013
    5     45.74 -40.21  38.66  23.38   0.10   0.19    0.038  0.119 -0.169 -0.419
    6     49.49 -36.79  40.70  16.68   0.10   0.12   -0.009  0.107 -0.026  0.184
    7     13.96-135.07-119.12   6.26   1.16   1.43   -0.036  0.144 -0.056 -0.141
    8     30.37-140.94 -43.76   8.65   0.80   1.05   -0.027 -0.076  0.096  0.052
    9     39.69  10.87  56.59  12.05   0.08   0.02   -0.009 -0.024 -0.093 -0.047
   10     18.25 -87.31-308.29  16.21   1.07   3.14   -0.052 -0.245  0.018  0.005
   11      5.51 -62.57-309.65  15.61   1.29   2.82   -0.094 -0.305 -0.004  0.010
   12     51.19  35.00  94.63  15.73   0.20   0.21   -0.007 -0.071  0.011  0.132
   13     46.89  33.43  97.88  19.18   0.33   0.40   -0.008  0.074  0.024  0.176
   14     55.88  33.36  97.50  14.02   0.68   0.34   -0.019  0.001 -0.028  0.116
   15     44.69  34.06  97.31  17.37   0.73   0.63   -0.007  0.027  0.012  0.166
   16     44.88  34.99  95.85  18.68   0.78   0.71   -0.018 -0.069  0.111  0.076
   17     22.09  -0.98  82.36  18.57   0.56   0.37   -0.012  0.030  0.007  0.074
   18     36.48 -34.06   4.50  11.37   0.15   0.08   -0.019  0.066  0.033  0.172
   19     33.30  41.39  64.08  10.08   0.16   0.11    0.005 -0.057 -0.076 -0.016
   20     45.98  37.83  85.17  16.18   0.33   0.31   -0.025 -0.025  0.036 -0.017
   21     34.10  36.41  82.71  14.23   0.48   0.21   -0.001 -0.109 -0.086 -0.266
   22     25.89  35.74  85.33  13.56   0.25   0.10   -0.010 -0.079 -0.034  0.057
   23     15.91  35.37  86.25  11.44   0.34   0.09    0.006 -0.108 -0.115 -0.163
   24      1.99  34.84  82.15   5.68   0.49   0.20   -0.013  0.002  0.136 -0.023
   25     48.62 -45.91  23.64  22.11   0.10   0.28    0.022  0.058 -0.124  0.107
   26     27.59 -70.36  -3.83  10.35   0.09   0.12   -0.005  0.086 -0.148  0.046
   27      0.18  -0.62  49.42  13.25   0.15   0.12   -0.016  0.059 -0.125  0.150
   28     59.10  37.63  76.19  11.47   0.65   0.42   -0.004  0.033 -0.026 -0.025
   29     20.18-148.85 -12.69  14.81   0.71   0.84   -0.021 -0.027  0.140  0.008
   30      2.90  35.85  76.73  13.31   0.72   0.48    0.003 -0.051 -0.043 -0.094
   31     20.99  36.43  77.40  14.18   0.79   0.46   -0.009 -0.135 -0.041 -0.017
   32     50.79  36.86  77.01  15.31   0.18   0.11   -0.006 -0.051 -0.091  0.007
   33      0.80  37.22  76.12  15.60   0.31   0.24    0.004 -0.036 -0.089 -0.001
   34     55.41 -16.97  34.91  24.52   0.07   0.20    0.012  0.132 -0.016  0.021
   35     39.24 -71.70  -8.48   3.40   0.20   0.27    0.036  0.214  0.003  0.001
   36     59.10  36.50  77.80  15.07   0.61   0.42    0.002 -0.062 -0.085 -0.031
   37      5.60  31.32  50.13  14.78   0.12   0.10   -0.002 -0.044 -0.087 -0.120
   38     46.49  73.15  73.03  16.98   0.41   0.34   -0.008 -0.065  0.057  0.083
   39     14.09   0.75  26.15   3.86   0.13   0.02   -0.013  0.062 -0.072 -0.041
   40     14.58 -41.94  13.93  16.77   0.17   0.11   -0.016  0.014 -0.019 -0.030
   41     56.41  34.85  78.98   5.11   0.10   0.13    0.009 -0.014 -0.134  0.015
   42     34.30  -3.99  46.29  17.97   0.12   0.16    0.005  0.107 -0.021 -0.034
   43     24.61-110.61 -39.41   5.29   0.30   0.18    0.008  0.144 -0.026  0.087
   44     49.70  30.31  50.45   8.23   0.09   0.03   -0.003 -0.026 -0.102 -0.069
   45     41.20-145.09  45.49  18.53   0.72   0.91    0.003 -0.054  0.078  0.233
   46     34.09 -57.58  -0.91  16.19   0.11   0.18   -0.008  0.052 -0.125  0.087
   47      1.02  10.57  80.50  21.92   0.81   0.65    0.016  0.078 -0.059  0.019
   48     37.22  10.57  81.54  23.56   0.20   0.35    0.018  0.086 -0.032  0.059
   49     35.70  54.69  84.53  22.63   0.27   0.23   -0.003 -0.067 -0.047  0.027
   50     36.08-102.55 -35.59  15.22   0.55   0.50   -0.019  0.105  0.005 -0.084
   51     53.16-101.34 -54.57   9.07   0.84   0.70   -0.038  0.035  0.110 -0.230
   52     43.18-115.56  43.09  15.61   0.55   0.60   -0.024 -0.142  0.131  0.108
   53      1.01  10.56  80.67  21.35   0.78   0.68    0.015  0.074 -0.009  0.053
   54      3.10 -83.68 322.77  15.63   0.45   1.77   -0.296 -0.006 -0.038  0.031
   55      3.28 -89.78 304.28   0.43   0.37   1.92   -0.219  0.054 -0.010  0.028
   56     44.89  35.96  67.62  15.00   0.71   0.39   -0.010 -0.015 -0.110 -0.002
   57     47.17 -84.71 154.63  15.60   0.65   1.99   -0.032 -0.004  0.083  0.003
   58     45.60 -80.99 150.82  15.24   1.06   1.44   -0.003  0.140  0.184  0.139
   59      8.53 -82.40   0.31   2.94   0.65   0.39    0.033  0.061 -0.024  0.237
   60      3.58-110.68-118.71   3.68   1.31   1.32   -0.024  0.042  0.019 -0.024
   61      0.61-130.15 -54.96   0.23   0.50   0.37    0.008 -0.100  0.049  0.122
   62     20.08  19.51 152.70  15.76   1.11   0.92   -0.015  0.235  0.058  0.164
   63     18.80 -47.21  29.82  20.22   0.12   0.21    0.004  0.062 -0.085  0.125
   64      4.75-163.43 183.58   8.01   0.86   2.54   -0.048  0.486  0.585  0.005
   65     23.41 -47.96  20.54  15.58   0.09   0.14    0.007  0.107 -0.104  0.078
   66     32.80-152.35  43.01  18.04   0.53   0.76    0.005 -0.053  0.159  0.137
   67     41.91 -37.21  -5.05  19.11   0.22   0.30    0.006  0.096 -0.143 -0.092
   68     14.18  50.90 105.85  20.54   0.49   0.64   -0.024  0.126  0.180  0.138
   69     48.30-214.97-349.14  73.50   0.00   0.00    0.000  0.000  0.000  0.000
   70      5.49  33.79  96.78  19.41   0.83   0.71   -0.009  0.094  0.039  0.108
   71      4.15   6.14  56.70   1.27   0.51   0.37    0.049  0.015  0.011 -0.029
   72     56.41 132.67-297.78  96.99   5.61   2.37   -0.392 -0.027  0.035 -0.011
   73     12.92  50.56  81.68  23.12   0.63   0.64    0.015  0.163 -0.221  0.018
   74     36.19-102.44  70.29  22.05   0.52   0.64   -0.005  0.000  0.104  0.248
   75     46.70-107.89   2.71   0.10   1.06   0.65   -0.002 -0.299  0.254 -0.010
   76     54.60-217.19 302.17   0.10   0.00   0.00    0.000  0.000  0.000  0.000
   77     44.09  51.00  93.71  16.92   0.38   0.39   -0.008  0.074 -0.024  0.116
   78     41.80  38.41  66.37  22.00   0.52   0.38   -0.000  0.044 -0.132  0.003
   79     58.65 -69.64  -4.55   0.21   0.45   0.46    0.046  0.127 -0.082  0.112
   80     26.75 -70.11  -5.93   0.56   0.39   0.50    0.050  0.028 -0.124  0.450
   81     26.95 -70.01  -4.68   0.16   0.44   0.51    0.046  0.105 -0.109  0.050
   82     23.34 -69.99  -4.56   0.22   0.37   0.38    0.037  0.122 -0.095  0.111
   83     23.21 -71.06  -6.16   6.62   0.12   0.13    0.011  0.119 -0.023  0.021
   84     21.22 -43.27   8.65  21.00   0.05   0.22    0.015  0.117 -0.161  0.000
   85     24.56-167.35 -46.39  10.65   0.95   1.07   -0.041  0.115  0.033 -0.250
   86     44.10 -12.25  30.13  18.13   0.10   0.15   -0.004  0.082 -0.111  0.031
   87     28.85 -61.55   7.03   2.99   0.17   0.33    0.054  0.104 -0.113  0.392
   88     38.09-103.73 -28.20   8.39   0.43   0.26   -0.008  0.136 -0.080 -0.006
   89     47.81-141.90  89.47  20.52   0.73   1.25    0.009 -0.106  0.090  0.321
   90     48.30-139.85  88.18  20.35   0.69   1.17    0.001 -0.032  0.145  0.250
   91     34.08  33.56  85.11  19.58   0.66   0.60   -0.018  0.097 -0.031  0.083

 A V E R A G E   of ADJUSTMENTS :                    -0.013  0.022 -0.008  0.043
 A V E R A G E   of ABSOLUTE ADJUSTMENTS :            0.026  0.085  0.081  0.094


 Step length damping of 0.11451 was applied.


 Velocity adjustments:
     vp    dvp      hp   reflector
 Velocity model   1
   5.274 -0.026   -5.000      
   5.793  0.023   -1.230      
   6.139 -0.021    3.380      
   6.148 -0.012   13.290      
   6.387 -0.033   14.260      
   6.466 -0.004   16.730      
   6.777  0.007   29.180      
   7.305  0.005   29.740      
   7.843  0.083   30.240      
   8.480 -0.200   37.020      

 Calculation of average velocity starts at layer #           1
 z = -5.00 ... -1.23    v = 5.27    AVEL = 5.27 downto z =  -1.23
 z = -1.23 ...  3.38    v = 5.79    AVEL = 5.56 downto z =   3.38
 z =  3.38 ... 13.29    v = 6.14    AVEL = 5.87 downto z =  13.29
 z = 13.29 ... 14.26    v = 6.15    AVEL = 5.89 downto z =  14.26
 z = 14.26 ... 16.73    v = 6.39    AVEL = 5.94 downto z =  16.73
 z = 16.73 ... 29.18    v = 6.47    AVEL = 6.13 downto z =  29.18
 z = 29.18 ... 29.74    v = 6.78    AVEL = 6.14 downto z =  29.74
 z = 29.74 ... 30.24    v = 7.31    AVEL = 6.16 downto z =  30.24
 z = 30.24 ... 37.02    v = 7.84    AVEL = 6.43 downto z =  37.02


 Calculation of average velocity starts at layer #           2
 z = -1.23 ...  3.38    v = 5.79    AVEL = 5.79 downto z =   3.38
 z =  3.38 ... 13.29    v = 6.14    AVEL = 6.03 downto z =  13.29
 z = 13.29 ... 14.26    v = 6.15    AVEL = 6.04 downto z =  14.26
 z = 14.26 ... 16.73    v = 6.39    AVEL = 6.08 downto z =  16.73
 z = 16.73 ... 29.18    v = 6.47    AVEL = 6.24 downto z =  29.18
 z = 29.18 ... 29.74    v = 6.78    AVEL = 6.25 downto z =  29.74
 z = 29.74 ... 30.24    v = 7.31    AVEL = 6.27 downto z =  30.24
 z = 30.24 ... 37.02    v = 7.84    AVEL = 6.55 downto z =  37.02



 Adjusted station corrections:
   stn  ptcor  dpcor  
  624   0.000  0.000  628  -0.032 -0.032  630  -0.020 -0.020  627   0.006  0.006
  621   0.016  0.016  629   0.016  0.016  622   0.012  0.012  620  -0.006 -0.006
  623   0.031  0.031  626   0.017  0.017  625   0.014  0.014  631   0.041  0.041
  632  -0.003 -0.003

 ~~~ another iteration? ...



--------------------------------------------------------------------------------



           ITERATION no  2

 ~~~ set units for this iteration ...
 ~~~ determine number of unknowns for this iter. ...

 Number of unknowns (for array-indexing):  nvar =  386
 Number of effective unknowns        :  nvareff =  387
 Number of elements on/below main diagonal of matrix G = At*A : kvar =   74691

 Damping factors to be used in this iteration:
   Othet=   0.010   XYthet  =   0.010   Zthet=  0.010
 STAthet=   0.010   Vthet   =   1.000

 ~~~ damp G ...
 ~~~ solve G * b = RHT ...
 ~~~ fix units ...
 ~~~ apply eventually step-length damping ...
 ~~~ adjust model (hypocenters, stacorr & veloc.) ...

 doing velocity adjustments now...

 doing station-correction adjustments...

 ~~~ compute effective step-length ...

 (Applied) Step length =   2.785

 ~~~ set units for next iteration ...
 ~~~ determine number of unknowns for next iter. ...

 Number of unknowns (for array-indexing):  nvar =  386
 Number of effective unknowns        :  nvareff =  387
 Number of elements on/below main diagonal of matrix G = At*A : kvar =   74691

 ~~~ reset G and RHT ...
 ~~~ raytracing, setup G ...
 ~~~ store parts of G ...
 ~~~ set units back for current iteration ...
 ~~~ determine number of unknowns for this iter. ...

 Number of unknowns (for array-indexing):  nvar =  386
 Number of effective unknowns        :  nvareff =  387
 Number of elements on/below main diagonal of matrix G = At*A : kvar =   74691

 ~~~ compute RMS and DATVAR ...

 $$$$$$$$$$$$$$$$$$$$$$$$$$$$$$$$$$$$$$$$$$$$$$$$$
 Events with  | AVRES | > 1.0 SEC are suspicious !

 Event#   7 >>>  160823 0652  AVRES =  1.19 NOBS =  6
 Event#  10 >>>  160920 1607  AVRES =  2.62 NOBS =  2
 Event#  11 >>>  160925 1911  AVRES =  2.35 NOBS =  2
 Event#  54 >>>  170407 1729  AVRES =  1.47 NOBS =  2
 Event#  55 >>>  170407 1729  AVRES =  1.60 NOBS =  5
 Event#  57 >>>  170409 0856  AVRES =  1.66 NOBS =  6
 Event#  58 >>>  170409 0902  AVRES =  1.20 NOBS =  7
 Event#  60 >>>  170410 1813  AVRES =  1.10 NOBS = 13
 Event#  64 >>>  170414 0540  AVRES =  2.12 NOBS = 11
 Event#  72 >>>  170418 1005  AVRES =  1.96 NOBS =  1
 Event#  89 >>>  170427 2010  AVRES =  1.05 NOBS =  8

 ^^^^^^^^^ C H E C K   these events above ^^^^^^^^
 $$$$$$$$$$$$$$$$$$$$$$$$$$$$$$$$$$$$$$$$$$$$$$$$$

 ~~~ check solution (better? worse?) ...

 Iteration nr  2 obtained:
 DATVAR=    0.949909 mean sqrd residual=     0.408503  RMS RESIDUAL=     0.639142

 After  2 iterations we got:
 Average absolute & unweighted [and mean] residual of
   387 straight and direct rays =  0.19382 [  0.16301]
   292 refracted           rays =  0.91041 [  0.87558]
     0 reflected           rays =  0.00000 [  0.00000]

   679 ALL                 RAYS =  0.50199 [  0.46945]      -14.53 %

 ~~~ iteration done; output results ...

  eq       ot     x      y      z      rms    avres   dot     dx     dy     dz
    1      9.07  38.64 112.01  23.49   0.24   0.34   -0.025  0.026  0.057  0.256
    2      9.26  38.03 110.72  23.19   0.24   0.34   -0.029  0.057  0.082  0.259
    3     27.21-130.41  -8.32  12.30   0.54   0.54   -0.056 -0.268  0.169  0.084
    4     15.59-131.40  -6.70  11.06   0.62   0.55   -0.068 -0.312  0.143  0.049
    5     45.73 -40.12  38.55  23.33   0.09   0.16   -0.004  0.094 -0.111 -0.047
    6     49.48 -36.64  40.68  16.89   0.09   0.11   -0.011  0.155 -0.017  0.211
    7     13.92-134.87-119.17   5.99   0.98   1.19   -0.042  0.199 -0.055 -0.265
    8     30.33-141.07 -43.60   8.76   0.69   0.89   -0.046 -0.128  0.157  0.105
    9     39.68  10.85  56.47  11.99   0.07   0.03   -0.015 -0.013 -0.118 -0.063
   10     18.22 -87.66-308.27  16.21   1.06   2.62   -0.025 -0.348  0.021  0.003
   11      5.43 -63.00-309.66  15.62   1.28   2.35   -0.079 -0.430 -0.010  0.008
   12     51.19  34.99  94.57  15.96   0.18   0.18   -0.006 -0.009 -0.063  0.230
   13     46.87  33.55  97.92  19.47   0.28   0.34   -0.022  0.119  0.039  0.296
   14     55.85  33.39  97.47  14.16   0.56   0.29   -0.028  0.029 -0.026  0.146
   15     44.68  34.11  97.34  17.61   0.62   0.54   -0.018  0.052  0.024  0.242
   16     44.84  34.89  96.03  18.79   0.67   0.60   -0.037 -0.094  0.181  0.110
   17     22.06  -0.93  82.38  18.72   0.46   0.31   -0.025  0.051  0.024  0.147
   18     36.45 -33.98   4.52  11.64   0.14   0.07   -0.032  0.080  0.027  0.270
   19     33.31  41.34  63.98  10.05   0.15   0.10    0.003 -0.051 -0.101 -0.038
   20     45.93  37.81  85.22  16.20   0.27   0.26   -0.040 -0.020  0.044  0.020
   21     34.09  36.29  82.59  14.01   0.42   0.19   -0.010 -0.122 -0.121 -0.226
   22     25.87  35.67  85.28  13.67   0.22   0.09   -0.019 -0.078 -0.051  0.118
   23     15.91  35.25  86.08  11.24   0.31   0.08    0.006 -0.114 -0.174 -0.194
   24      1.97  34.87  82.33   5.64   0.46   0.18   -0.021  0.028  0.179 -0.035
   25     48.65 -45.80  23.48  22.26   0.09   0.24    0.024  0.111 -0.164  0.157
   26     27.59 -70.24  -4.04  10.43   0.07   0.11   -0.007  0.118 -0.210  0.080
   27      0.17  -0.52  49.26  13.36   0.11   0.11   -0.014  0.100 -0.158  0.107
   28     59.08  37.71  76.15  11.49   0.54   0.36   -0.011  0.076 -0.038  0.018
   29     20.16-148.88 -12.66  14.87   0.59   0.71   -0.023 -0.029  0.034  0.062
   30      2.90  35.80  76.69  13.24   0.62   0.42   -0.007 -0.046 -0.033 -0.070
   31     20.97  36.28  77.35  14.20   0.67   0.39   -0.018 -0.152 -0.044  0.015
   32     50.78  36.78  76.94  15.24   0.16   0.10   -0.010 -0.076 -0.072 -0.070
   33      0.80  37.20  76.02  15.65   0.27   0.21   -0.004 -0.025 -0.102  0.052
   34     55.42 -16.80  34.87  24.57   0.06   0.18    0.008  0.177 -0.042  0.045
   35     39.28 -71.40  -8.48   3.40   0.20   0.23    0.049  0.303 -0.002  0.001
   36     59.10  36.46  77.72  15.09   0.51   0.36   -0.006 -0.040 -0.082  0.021
   37      5.59  31.28  50.01  14.63   0.11   0.09   -0.007 -0.039 -0.118 -0.154
   38     46.47  73.11  73.10  17.13   0.36   0.29   -0.024 -0.048  0.066  0.143
   39     14.07   0.84  26.05   3.78   0.12   0.03   -0.019  0.092 -0.098 -0.075
   40     14.56 -41.90  13.90  16.74   0.16   0.10   -0.022  0.041 -0.033 -0.026
   41     56.42  34.86  78.79   5.14   0.10   0.12    0.009  0.010 -0.190  0.022
   42     34.31  -3.84  46.24  17.94   0.11   0.14    0.001  0.146 -0.042 -0.028
   43     24.62-110.42 -39.48   5.40   0.29   0.15    0.010  0.197 -0.069  0.114
   44     49.69  30.30  50.32   8.12   0.08   0.03   -0.007 -0.013 -0.130 -0.112
   45     41.20-145.19  45.67  18.83   0.59   0.76   -0.006 -0.095  0.174  0.295
   46     34.08 -57.50  -1.09  16.34   0.10   0.15   -0.014  0.082 -0.186  0.154
   47      1.05  10.74  80.33  21.85   0.69   0.55    0.030  0.172 -0.175 -0.069
   48     37.23  10.70  81.51  23.71   0.19   0.31    0.008  0.125 -0.028  0.153
   49     35.71  54.53  84.43  22.44   0.23   0.20    0.015 -0.161 -0.100 -0.190
   50     36.04-102.50 -35.66  15.28   0.47   0.43   -0.037  0.051 -0.066  0.061
   51     53.12-101.23 -54.50   8.94   0.73   0.60   -0.043  0.108  0.062 -0.131
   52     43.14-115.75  43.33  15.93   0.49   0.52   -0.037 -0.190  0.241  0.322
   53      1.04  10.72  80.56  21.33   0.66   0.57    0.027  0.163 -0.106 -0.020
   54      2.79 -83.69 322.73  15.66   0.40   1.47   -0.315 -0.015 -0.044  0.032
   55      3.05 -89.70 304.27   0.46   0.31   1.60   -0.229  0.081 -0.005  0.029
   56     44.87  35.96  67.48  15.04   0.62   0.34   -0.020  0.000 -0.140  0.039
   57     47.13 -84.64 154.77  15.61   0.58   1.66   -0.039  0.072  0.147  0.004
   58     45.60 -80.85 151.11  15.54   0.90   1.20   -0.001  0.148  0.285  0.297
   59      8.57 -82.35   0.30   3.34   0.60   0.32    0.039  0.045 -0.011  0.406
   60      3.55-110.63-118.69   3.65   1.17   1.10   -0.030  0.043  0.020 -0.023
   61      0.62-130.27 -54.92   0.41   0.48   0.31    0.010 -0.120  0.038  0.174
   62     20.07  19.91 152.72  16.02   0.97   0.77   -0.011  0.400  0.012  0.261
   63     18.80 -47.09  29.70  20.42   0.10   0.18    0.000  0.119 -0.120  0.200
   64      4.71-162.75 184.40   8.01   0.77   2.12   -0.038  0.685  0.819  0.004
   65     23.42 -47.79  20.39  15.68   0.08   0.12    0.009  0.168 -0.145  0.106
   66     32.80-152.57  43.18  18.27   0.45   0.64   -0.004 -0.223  0.173  0.229
   67     41.90 -37.07  -5.25  19.09   0.21   0.26   -0.004  0.145 -0.200 -0.017
   68     14.14  51.16 105.99  20.75   0.41   0.54   -0.034  0.255  0.137  0.216
   69     48.30-214.97-349.14  73.50   0.00   0.00    0.000  0.000  0.000  0.000
   70      5.47  33.88  96.87  19.45   0.70   0.60   -0.020  0.089  0.090  0.047
   71      4.21   6.18  56.71   1.20   0.65   0.38    0.057  0.037  0.014 -0.071
   72     56.02 132.65-297.75  96.98   3.86   1.96   -0.384 -0.027  0.035 -0.011
   73     12.92  50.62  81.59  23.07   0.53   0.54    0.005  0.064 -0.089 -0.046
   74     36.18-102.49  70.41  22.34   0.44   0.54   -0.016 -0.052  0.121  0.295
   75     46.68-108.31   3.06   0.02   1.02   0.55   -0.017 -0.422  0.354 -0.080
   76     54.60-217.19 302.17   0.10   0.00   0.00    0.000  0.000  0.000  0.000
   77     44.08  51.04  93.70  16.91   0.31   0.33   -0.009  0.036 -0.006 -0.004
   78     41.80  38.47  66.18  21.92   0.44   0.33   -0.001  0.058 -0.193 -0.083
   79     58.71 -69.47  -4.66   0.46   0.44   0.39    0.065  0.173 -0.118  0.245
   80     26.82 -70.02  -6.11   1.07   0.37   0.41    0.073  0.090 -0.178  0.509
   81     27.00 -69.86  -4.83   0.19   0.43   0.43    0.056  0.152 -0.150  0.029
   82     23.39 -69.83  -4.69   0.44   0.35   0.32    0.052  0.161 -0.134  0.214
   83     23.23 -70.89  -6.19   6.65   0.10   0.11    0.017  0.175 -0.028  0.033
   84     21.23 -43.09   8.45  21.00   0.04   0.19    0.018  0.179 -0.207 -0.001
   85     24.51-167.31 -46.34  10.48   0.81   0.90   -0.044  0.041  0.045 -0.174
   86     44.09 -12.13  29.97  18.18   0.08   0.13   -0.009  0.123 -0.162  0.046
   87     28.92 -61.41   6.87   3.52   0.12   0.17    0.065  0.139 -0.163  0.530
   88     38.08-103.54 -28.33   8.50   0.36   0.23   -0.012  0.187 -0.126  0.102
   89     47.82-142.12  89.56  21.01   0.61   1.05    0.007 -0.218  0.095  0.491
   90     48.30-139.97  88.36  20.75   0.57   0.98   -0.005 -0.124  0.176  0.404
   91     34.05  33.69  85.07  19.75   0.55   0.51   -0.034  0.134 -0.034  0.168

 A V E R A G E   of ADJUSTMENTS :                    -0.017  0.031 -0.012  0.079
 A V E R A G E   of ABSOLUTE ADJUSTMENTS :            0.032  0.122  0.106  0.130


 Step length damping of 0.16533 was applied.


 Velocity adjustments:
     vp    dvp      hp   reflector
 Velocity model   1
   5.237 -0.037   -5.000      
   5.821  0.028   -1.230      
   6.113 -0.026    3.380      
   6.137 -0.012   13.290      
   6.339 -0.048   14.260      
   6.453 -0.013   16.730      
   6.785  0.008   29.180      
   7.308  0.003   29.740      
   7.803 -0.040   30.240      
   8.280 -0.200   37.020      

 Calculation of average velocity starts at layer #           1
 z = -5.00 ... -1.23    v = 5.24    AVEL = 5.24 downto z =  -1.23
 z = -1.23 ...  3.38    v = 5.82    AVEL = 5.56 downto z =   3.38
 z =  3.38 ... 13.29    v = 6.11    AVEL = 5.86 downto z =  13.29
 z = 13.29 ... 14.26    v = 6.14    AVEL = 5.87 downto z =  14.26
 z = 14.26 ... 16.73    v = 6.34    AVEL = 5.93 downto z =  16.73
 z = 16.73 ... 29.18    v = 6.45    AVEL = 6.12 downto z =  29.18
 z = 29.18 ... 29.74    v = 6.79    AVEL = 6.13 downto z =  29.74
 z = 29.74 ... 30.24    v = 7.31    AVEL = 6.15 downto z =  30.24
 z = 30.24 ... 37.02    v = 7.80    AVEL = 6.41 downto z =  37.02


 Calculation of average velocity starts at layer #           2
 z = -1.23 ...  3.38    v = 5.82    AVEL = 5.82 downto z =   3.38
 z =  3.38 ... 13.29    v = 6.11    AVEL = 6.02 downto z =  13.29
 z = 13.29 ... 14.26    v = 6.14    AVEL = 6.03 downto z =  14.26
 z = 14.26 ... 16.73    v = 6.34    AVEL = 6.07 downto z =  16.73
 z = 16.73 ... 29.18    v = 6.45    AVEL = 6.23 downto z =  29.18
 z = 29.18 ... 29.74    v = 6.79    AVEL = 6.24 downto z =  29.74
 z = 29.74 ... 30.24    v = 7.31    AVEL = 6.25 downto z =  30.24
 z = 30.24 ... 37.02    v = 7.80    AVEL = 6.53 downto z =  37.02



 Adjusted station corrections:
   stn  ptcor  dpcor  
  624   0.000  0.000  628  -0.071 -0.039  630  -0.050 -0.030  627   0.015  0.010
  621   0.041  0.025  629   0.035  0.020  622   0.031  0.020  620  -0.006  0.000
  623   0.074  0.043  626   0.045  0.028  625   0.035  0.021  631   0.097  0.057
  632   0.000  0.003

 ~~~ another iteration? ...



--------------------------------------------------------------------------------



           ITERATION no  3

 ~~~ set units for this iteration ...
 ~~~ determine number of unknowns for this iter. ...

 Number of unknowns (for array-indexing):  nvar =  386
 Number of effective unknowns        :  nvareff =  387
 Number of elements on/below main diagonal of matrix G = At*A : kvar =   74691

 Damping factors to be used in this iteration:
   Othet=   0.010   XYthet  =   0.010   Zthet=  0.010
 STAthet=   0.010   Vthet   =   1.000

 ~~~ damp G ...
 ~~~ solve G * b = RHT ...
 ~~~ fix units ...
 ~~~ apply eventually step-length damping ...
 ~~~ adjust model (hypocenters, stacorr & veloc.) ...

 doing velocity adjustments now...

 doing station-correction adjustments...

 ~~~ compute effective step-length ...

 (Applied) Step length =   3.269

 ~~~ set units for next iteration ...
 ~~~ determine number of unknowns for next iter. ...

 Number of unknowns (for array-indexing):  nvar =  386
 Number of effective unknowns        :  nvareff =  387
 Number of elements on/below main diagonal of matrix G = At*A : kvar =   74691

 ~~~ reset G and RHT ...
 ~~~ raytracing, setup G ...
 ~~~ store parts of G ...
 ~~~ set units back for current iteration ...
 ~~~ determine number of unknowns for this iter. ...

 Number of unknowns (for array-indexing):  nvar =  386
 Number of effective unknowns        :  nvareff =  387
 Number of elements on/below main diagonal of matrix G = At*A : kvar =   74691

 ~~~ compute RMS and DATVAR ...

 $$$$$$$$$$$$$$$$$$$$$$$$$$$$$$$$$$$$$$$$$$$$$$$$$
 Events with  | AVRES | > 1.0 SEC are suspicious !

 Event#  10 >>>  160920 1607  AVRES =  2.06 NOBS =  2
 Event#  11 >>>  160925 1911  AVRES =  1.85 NOBS =  2
 Event#  54 >>>  170407 1729  AVRES =  1.15 NOBS =  2
 Event#  55 >>>  170407 1729  AVRES =  1.26 NOBS =  5
 Event#  57 >>>  170409 0856  AVRES =  1.31 NOBS =  6
 Event#  64 >>>  170414 0540  AVRES =  1.67 NOBS = 11
 Event#  72 >>>  170418 1005  AVRES =  1.53 NOBS =  1

 ^^^^^^^^^ C H E C K   these events above ^^^^^^^^
 $$$$$$$$$$$$$$$$$$$$$$$$$$$$$$$$$$$$$$$$$$$$$$$$$

 ~~~ check solution (better? worse?) ...

 Iteration nr  3 obtained:
 DATVAR=    0.655153 mean sqrd residual=     0.281745  RMS RESIDUAL=     0.530796

 After  3 iterations we got:
 Average absolute & unweighted [and mean] residual of
   397 straight and direct rays =  0.17077 [  0.13157]
   282 refracted           rays =  0.74509 [  0.70757]
     0 reflected           rays =  0.00000 [  0.00000]

   679 ALL                 RAYS =  0.40930 [  0.37079]      -18.46 %

 ~~~ iteration done; output results ...

  eq       ot     x      y      z      rms    avres   dot     dx     dy     dz
    1      9.03  38.66 112.08  23.83   0.20   0.28   -0.039  0.022  0.071  0.343
    2      9.22  38.09 110.82  23.54   0.21   0.28   -0.043  0.058  0.102  0.349
    3     27.16-130.61  -8.17  12.44   0.44   0.43   -0.053 -0.194  0.151  0.135
    4     15.52-131.58  -6.62  11.17   0.53   0.44   -0.065 -0.181  0.083  0.111
    5     45.71 -40.03  38.46  23.45   0.08   0.12   -0.023  0.089 -0.088  0.113
    6     49.47 -36.48  40.63  17.17   0.09   0.08   -0.012  0.159 -0.053  0.273
    7     13.87-134.65-119.26   5.75   0.79   0.94   -0.052  0.222 -0.085 -0.244
    8     30.28-141.18 -43.42   8.82   0.57   0.71   -0.045 -0.117  0.179  0.067
    9     39.66  10.83  56.35  11.93   0.07   0.02   -0.019 -0.019 -0.126 -0.064
   10     18.18 -88.10-308.24  16.21   1.04   2.06   -0.039 -0.446  0.028  0.004
   11      5.33 -63.55-309.67  15.63   1.28   1.85   -0.096 -0.553 -0.013  0.010
   12     51.18  35.01  94.49  16.32   0.17   0.14   -0.010  0.022 -0.079  0.363
   13     46.84  33.62  97.99  19.67   0.23   0.27   -0.026  0.069  0.067  0.203
   14     55.82  33.45  97.42  14.39   0.43   0.22   -0.032  0.064 -0.054  0.231
   15     44.65  34.17  97.43  17.87   0.51   0.42   -0.026  0.062  0.094  0.260
   16     44.80  34.80  96.29  18.90   0.56   0.47   -0.047 -0.091  0.255  0.109
   17     22.03  -0.91  82.41  18.95   0.36   0.25   -0.035  0.027  0.035  0.230
   18     36.41 -33.90   4.54  11.87   0.14   0.06   -0.035  0.078  0.019  0.230
   19     33.31  41.28  63.87   9.99   0.14   0.08    0.001 -0.055 -0.117 -0.052
   20     45.88  37.76  85.30  16.33   0.24   0.22   -0.051 -0.047  0.078  0.129
   21     34.10  36.18  82.43  13.58   0.37   0.15    0.009 -0.114 -0.156 -0.426
   22     25.85  35.57  85.24  13.71   0.20   0.07   -0.018 -0.094 -0.038  0.037
   23     15.92  35.12  85.87  10.96   0.28   0.07    0.010 -0.129 -0.203 -0.287
   24      1.94  34.90  82.54   5.59   0.42   0.14   -0.030  0.037  0.214 -0.050
   25     48.67 -45.70  23.26  22.45   0.09   0.19    0.019  0.102 -0.217  0.187
   26     27.57 -70.10  -4.26  10.49   0.06   0.08   -0.013  0.143 -0.215  0.062
   27      0.15  -0.41  49.08  13.50   0.08   0.08   -0.019  0.108 -0.180  0.141
   28     59.06  37.80  76.15  11.60   0.43   0.28   -0.021  0.097  0.006  0.112
   29     20.11-148.94 -12.56  15.00   0.47   0.56   -0.042 -0.062  0.097  0.127
   30      2.90  35.83  76.53  13.11   0.51   0.33    0.006  0.024 -0.165 -0.129
   31     20.96  36.15  77.20  14.16   0.54   0.31   -0.010 -0.128 -0.157 -0.033
   32     50.78  36.73  76.81  15.16   0.14   0.07   -0.006 -0.052 -0.136 -0.074
   33      0.82  37.18  75.85  15.52   0.22   0.16    0.016 -0.013 -0.174 -0.133
   34     55.43 -16.59  34.82  24.62   0.05   0.14    0.006  0.210 -0.047  0.058
   35     39.33 -71.08  -8.48   3.40   0.20   0.18    0.043  0.313  0.003  0.001
   36     59.10  36.46  77.52  15.05   0.41   0.28    0.007 -0.007 -0.200 -0.039
   37      5.59  31.24  49.89  14.39   0.10   0.07   -0.005 -0.037 -0.122 -0.233
   38     46.43  73.09  73.18  17.39   0.31   0.24   -0.039 -0.012  0.084  0.262
   39     14.04   0.93  25.94   3.70   0.11   0.02   -0.027  0.094 -0.111 -0.086
   40     14.54 -41.87  13.83  16.72   0.14   0.08   -0.028  0.024 -0.062 -0.027
   41     56.42  34.88  78.57   5.16   0.10   0.09    0.006  0.024 -0.221  0.025
   42     34.31  -3.68  46.19  17.89   0.09   0.11    0.003  0.162 -0.050 -0.046
   43     24.63-110.17 -39.55   5.54   0.28   0.12    0.010  0.250 -0.065  0.143
   44     49.68  30.29  50.17   8.00   0.07   0.02   -0.011 -0.009 -0.141 -0.118
   45     41.17-145.30  45.82  19.27   0.45   0.61   -0.023 -0.116  0.156  0.442
   46     34.06 -57.40  -1.27  16.44   0.08   0.12   -0.013  0.092 -0.174  0.103
   47      1.06  10.89  80.17  21.89   0.56   0.43    0.017  0.154 -0.159  0.044
   48     37.25  10.86  81.45  23.66   0.15   0.24    0.025  0.165 -0.055 -0.050
   49     35.71  54.38  84.33  22.40   0.19   0.15   -0.004 -0.146 -0.105 -0.040
   50     36.02-102.34 -35.75  15.23   0.37   0.34   -0.024  0.159 -0.094 -0.050
   51     53.09-101.00 -54.47   8.66   0.60   0.48   -0.032  0.231  0.034 -0.279
   52     43.08-116.01  43.76  16.10   0.42   0.42   -0.055 -0.261  0.428  0.170
   53      1.06  10.87  80.48  21.43   0.54   0.45    0.014  0.144 -0.079  0.102
   54      2.44 -83.72 322.68  15.70   0.36   1.15   -0.349 -0.024 -0.052  0.035
   55      2.79 -89.60 304.27   0.49   0.25   1.26   -0.260  0.101 -0.004  0.032
   56     44.86  35.98  67.26  14.99   0.51   0.27   -0.014  0.017 -0.220 -0.046
   57     47.07 -84.55 154.96  15.61   0.51   1.31   -0.062  0.092  0.183  0.006
   58     45.57 -80.64 151.49  15.94   0.75   0.96   -0.025  0.207  0.382  0.400
   59      8.60 -82.29   0.29   3.78   0.57   0.22    0.025  0.058 -0.015  0.440
   60      3.51-110.58-118.67   3.69   1.02   0.88   -0.038  0.052  0.016  0.033
   61      0.61-130.47 -54.87   0.72   0.46   0.25   -0.010 -0.196  0.051  0.317
   62     20.05  20.13 152.69  16.13   0.83   0.61   -0.019  0.218 -0.024  0.109
   63     18.80 -46.98  29.54  20.67   0.07   0.14   -0.006  0.115 -0.159  0.243
   64      4.66-161.95 185.38   8.02   0.68   1.67   -0.058  0.803  0.978  0.006
   65     23.42 -47.63  20.22  15.80   0.07   0.09    0.006  0.164 -0.171  0.112
   66     32.77-152.79  43.47  18.62   0.37   0.50   -0.028 -0.215  0.290  0.354
   67     41.91 -36.92  -5.48  18.87   0.17   0.20    0.003  0.147 -0.225 -0.223
   68     14.09  51.32 106.29  20.88   0.34   0.42   -0.052  0.160  0.309  0.125
   69     48.30-214.97-349.14  73.50   0.00   0.00    0.000  0.000  0.000  0.000
   70      5.44  33.99  96.95  19.56   0.57   0.47   -0.027  0.111  0.082  0.103
   71      4.26   6.24  56.85   1.65   0.63   0.30    0.052  0.062  0.137  0.445
   72     55.62 132.62-297.71  96.97   2.34   1.53   -0.408 -0.029  0.038 -0.012
   73     12.90  50.71  81.52  23.18   0.43   0.43   -0.016  0.084 -0.068  0.103
   74     36.16-102.56  70.48  22.89   0.38   0.43   -0.017 -0.068  0.072  0.550
 ***** depth constrained for event    75
   75     46.64-108.79   3.44   0.11   1.00   0.45   -0.043 -0.485  0.381 -0.009
   76     54.60-217.19 302.17   0.10   0.00   0.00    0.000  0.000  0.000  0.000
   77     44.06  51.14  93.72  17.11   0.25   0.26   -0.027  0.104  0.023  0.193
   78     41.78  38.53  65.98  21.97   0.36   0.26   -0.016  0.068 -0.201  0.055
   79     58.77 -69.28  -4.80   0.94   0.42   0.31    0.060  0.190 -0.138  0.488
   80     26.88 -69.92  -6.30   1.64   0.38   0.29    0.053  0.103 -0.199  0.571
   81     27.06 -69.70  -5.01   0.52   0.41   0.34    0.057  0.166 -0.176  0.326
   82     23.43 -69.66  -4.85   0.87   0.33   0.25    0.045  0.174 -0.153  0.432
   83     23.24 -70.71  -6.26   6.67   0.08   0.09    0.007  0.177 -0.071  0.017
   84     21.24 -42.90   8.19  21.01   0.05   0.15    0.011  0.190 -0.262  0.006
   85     24.46-167.27 -46.28  10.31   0.67   0.72   -0.059  0.040  0.064 -0.170
   86     44.07 -12.01  29.77  18.25   0.06   0.10   -0.013  0.119 -0.200  0.073
   87     28.92 -61.34   6.62   3.53   0.10   0.14    0.001  0.074 -0.248  0.010
   88     38.06-103.31 -28.45   8.65   0.32   0.19   -0.016  0.229 -0.128  0.154
   89     47.78-142.23  89.66  21.16   0.48   0.85   -0.039 -0.106  0.099  0.148
   90     48.27-140.11  88.61  21.21   0.43   0.78   -0.025 -0.142  0.248  0.454
   91     34.00  33.87  85.10  19.93   0.44   0.41   -0.046  0.178  0.028  0.179

 A V E R A G E   of ADJUSTMENTS :                    -0.026  0.038 -0.012  0.096
 A V E R A G E   of ABSOLUTE ADJUSTMENTS :            0.037  0.129  0.134  0.161


 Step length damping of 0.21146 was applied.


 Velocity adjustments:
     vp    dvp      hp   reflector
 Velocity model   1
   5.244  0.007   -5.000      
   5.810 -0.011   -1.230      
   6.088 -0.025    3.380      
   6.122 -0.015   13.290      
   6.303 -0.036   14.260      
   6.428 -0.025   16.730      
   6.797  0.011   29.180      
   7.314  0.006   29.740      
   7.722 -0.081   30.240      
   8.080 -0.200   37.020      

 Calculation of average velocity starts at layer #           1
 z = -5.00 ... -1.23    v = 5.24    AVEL = 5.24 downto z =  -1.23
 z = -1.23 ...  3.38    v = 5.81    AVEL = 5.56 downto z =   3.38
 z =  3.38 ... 13.29    v = 6.09    AVEL = 5.84 downto z =  13.29
 z = 13.29 ... 14.26    v = 6.12    AVEL = 5.86 downto z =  14.26
 z = 14.26 ... 16.73    v = 6.30    AVEL = 5.91 downto z =  16.73
 z = 16.73 ... 29.18    v = 6.43    AVEL = 6.10 downto z =  29.18
 z = 29.18 ... 29.74    v = 6.80    AVEL = 6.11 downto z =  29.74
 z = 29.74 ... 30.24    v = 7.31    AVEL = 6.13 downto z =  30.24
 z = 30.24 ... 37.02    v = 7.72    AVEL = 6.38 downto z =  37.02


 Calculation of average velocity starts at layer #           2
 z = -1.23 ...  3.38    v = 5.81    AVEL = 5.81 downto z =   3.38
 z =  3.38 ... 13.29    v = 6.09    AVEL = 6.00 downto z =  13.29
 z = 13.29 ... 14.26    v = 6.12    AVEL = 6.01 downto z =  14.26
 z = 14.26 ... 16.73    v = 6.30    AVEL = 6.05 downto z =  16.73
 z = 16.73 ... 29.18    v = 6.43    AVEL = 6.20 downto z =  29.18
 z = 29.18 ... 29.74    v = 6.80    AVEL = 6.21 downto z =  29.74
 z = 29.74 ... 30.24    v = 7.31    AVEL = 6.23 downto z =  30.24
 z = 30.24 ... 37.02    v = 7.72    AVEL = 6.50 downto z =  37.02



 Adjusted station corrections:
   stn  ptcor  dpcor  
  624   0.000  0.000  628  -0.118 -0.047  630  -0.077 -0.027  627   0.029  0.013
  621   0.065  0.024  629   0.064  0.029  622   0.049  0.018  620  -0.007 -0.001
  623   0.118  0.044  626   0.073  0.028  625   0.056  0.021  631   0.155  0.058
  632  -0.002 -0.002

 ~~~ another iteration? ...
 NITT = ITTMAX  --> stop iterations.
 ~~~ final solution reached ...

 ~~~ damp G & Chol.-Decomp.: NOT made (switch iresolcalc is NOT set !)

 Final rms values:  0.20 0.21 0.44 0.53 0.08 0.09 0.79 0.57 0.07 1.04
                    1.28 0.17 0.23 0.43 0.51 0.56 0.36 0.14 0.14 0.24
                    0.37 0.20 0.28 0.42 0.09 0.06 0.08 0.43 0.47 0.51
                    0.54 0.14 0.22 0.05 0.20 0.41 0.10 0.31 0.11 0.14
                    0.10 0.09 0.28 0.07 0.45 0.08 0.56 0.15 0.19 0.37
                    0.60 0.42 0.54 0.36 0.25 0.51 0.51 0.75 0.57 1.02
                    0.46 0.83 0.07 0.68 0.07 0.37 0.17 0.34 0.00 0.57
                    0.63 2.34 0.43 0.38 1.00 0.00 0.25 0.36 0.42 0.38
                    0.41 0.33 0.08 0.05 0.67 0.06 0.10 0.32 0.48 0.43
                    0.44



 ~~~ output final hypocenters ...

      date    origin   latitude longitude  depth  mag  no  rms      x      y      z
   1 160818 1613  9.03 73.0045N 124.8485E  23.83 1.40   6 0.202   38.66 112.08  23.83
   2 160818 1613  9.22 72.9931N 124.8659E  23.54 1.10   6 0.207   38.09 110.82  23.54
   3 160819 0959 27.16 71.9268N 129.7779E  12.44 4.00  12 0.439 -130.61  -8.17  12.44
   4 160820 1506 15.52 71.9407N 129.8076E  11.17 1.50   9 0.527 -131.58  -6.62  11.17
   5 160820 1904 45.71 72.3447N 127.1711E  23.45 1.20   6 0.076  -40.03  38.46  23.45
   6 160822 1318 49.47 72.3641N 127.0676E  17.17 0.60   8 0.094  -36.48  40.63  17.17
   7 160823 0652 13.87 70.9312N 129.7939E   5.75 2.90   6 0.791 -134.65-119.26   5.75
   8 160824 1510 30.28 71.6109N 130.0496E   8.82 1.50   9 0.574 -141.18 -43.42   8.82
   9 160906 1514 39.66 72.5050N 125.6817E  11.93 0.90   6 0.068   10.83  56.35  11.93
  10 160920 1607 18.18 69.2376N 128.3781E  16.21 2.60   2 1.043  -88.10-308.24  16.21
  11 160925 1911  5.33 69.2248N 127.7148E  15.63 2.30   2 1.277  -63.55-309.67  15.63
  12 161004 0841 51.18 72.8468N 124.9617E  16.32 0.20   6 0.166   35.01  94.49  16.32
  13 161005 1619 46.84 72.8782N 125.0022E  19.67 1.00   9 0.228   33.62  97.99  19.67
  14 161006 0156 55.82 72.8730N 125.0072E  14.39 1.00   7 0.429   33.45  97.42  14.39
  15 161009 0036 44.65 72.8732N 124.9858E  17.87 1.30   8 0.507   34.17  97.43  17.87
  16 161009 0036 44.80 72.8629N 124.9674E  18.90 1.20   7 0.560   34.80  96.29  18.90
  17 161012 0800 22.03 72.7386N 126.0268E  18.95 0.80   7 0.363   -0.91  82.41  18.95
  18 161015 1013 36.41 72.0407N 126.9835E  11.87 0.70   7 0.140  -33.90   4.54  11.87
  19 161021 0507 33.31 72.5724N 124.7849E   9.99 0.80   6 0.138   41.28  63.87   9.99
  20 161124 2250 45.88 72.7644N 124.8827E  16.33 3.10   4 0.236   37.76  85.30  16.33
  21 161125 0156 34.10 72.7387N 124.9303E  13.58 0.60   7 0.367   36.18  82.43  13.58
  22 161125 0517 25.85 72.7639N 124.9475E  13.71 1.60   6 0.200   35.57  85.24  13.71
  23 161125 0525 15.92 72.7696N 124.9605E  10.96 0.80   6 0.279   35.12  85.87  10.96
  24 161125 0556  1.94 72.7397N 124.9679E   5.59 0.20   6 0.422   34.90  82.54   5.59
  25 170117 0846 48.67 72.2085N 127.3319E  22.45 0.30   6 0.087  -45.70  23.26  22.45
  26 170122 1614 27.57 71.9619N 128.0297E  10.49 0.90   6 0.057  -70.10  -4.26  10.49
  27 170125 2244  0.15 72.4398N 126.0122E  13.50 0.80   6 0.077   -0.41  49.08  13.50
  28 170302 1359 59.06 72.6825N 124.8839E  11.60 0.50   7 0.432   37.80  76.15  11.60
  29 170302 2335 20.11 71.8874N 130.3037E  15.00 2.10   9 0.467 -148.94 -12.56  15.00
  30 170304 2135  2.90 72.6858N 124.9422E  13.11 1.30   7 0.512   35.83  76.53  13.11
  31 170307 0447 20.96 72.6918N 124.9323E  14.16 1.70  10 0.537   36.15  77.20  14.16
  32 170307 2016 50.78 72.6883N 124.9154E  15.16 1.10   6 0.137   36.73  76.81  15.16
  33 170309 1454  0.82 72.6797N 124.9023E  15.52 0.30   6 0.225   37.18  75.85  15.52
  34 170311 0430 55.43 72.3121N 126.4848E  24.62 0.30   6 0.047  -16.59  34.82  24.62
  35 170312 0416 39.33 71.9240N 128.0560E   3.40 2.10   6 0.200  -71.08  -8.48   3.40
  36 170313 0553 59.10 72.6947N 124.9233E  15.05 1.00   9 0.412   36.46  77.52  15.05
  37 170313 0809  5.59 72.4471N 125.0836E  14.39 1.20   7 0.101   31.24  49.89  14.39
  38 170315 0234 46.43 72.6558N 123.8436E  17.39 1.40   7 0.312   73.09  73.18  17.39
  39 170317 1007 14.04 72.2325N 125.9728E   3.70 0.50   7 0.105    0.93  25.94   3.70
  40 170320 0711 14.54 72.1240N 127.2177E  16.72 0.90   6 0.145  -41.87  13.83  16.72
  41 170320 0853 56.42 72.7041N 124.9695E   5.16 0.40   6 0.098   34.88  78.57   5.16
  42 170320 1900 34.31 72.4140N 126.1078E  17.89 0.60   7 0.088   -3.68  46.19  17.89
  43 170323 0519 24.63 71.6456N 129.1629E   5.54 1.20   6 0.279 -110.17 -39.55   5.54
  44 170323 1612 49.68 72.4497N 125.1115E   8.00 0.50   6 0.068   30.29  50.17   8.00
  45 170323 1906 41.17 72.4107N 130.2582E  19.27 1.00   6 0.450 -145.30  45.82  19.27
  46 170326 0836 34.06 71.9887N 127.6632E  16.44 1.50   7 0.084  -57.40  -1.27  16.44
  47 170402 0422  1.06 72.7185N 125.6781E  21.89 1.20  10 0.563   10.89  80.17  21.89
  48 170402 0636 37.25 72.7300N 125.6789E  23.66 0.70   6 0.146   10.86  81.45  23.66
  49 170404 2347 35.71 72.7557N 124.3912E  22.40 0.50   6 0.192   54.38  84.33  22.40
  50 170405 0307 36.02 71.6796N 128.9409E  15.23 1.00  10 0.371 -102.34 -35.75  15.23
  51 170405 1410 53.09 71.5118N 128.8894E   8.66 1.70  10 0.602 -101.00 -54.47   8.66
  52 170406 0838 43.08 72.3922N 129.3980E  16.10 0.90  10 0.418 -116.01  43.76  16.10
  53 170406 1728  1.06 72.7213N 125.6788E  21.43 0.90  10 0.535   10.87  80.48  21.43
  54 170407 1729  2.44 74.8918N 128.6313E  15.70 1.80   2 0.362  -83.72 322.68  15.70
  55 170407 1729  2.79 74.7268N 128.8026E   0.49 1.60   5 0.248  -89.60 304.27   0.49
  56 170408 1004 44.86 72.6028N 124.9401E  14.99 1.40  13 0.510   35.98  67.26  14.99
  57 170409 0856 47.07 73.3887N 128.5454E  15.61 2.50   6 0.511  -84.55 154.96  15.61
  58 170409 0902 45.57 73.3576N 128.4257E  15.94 1.10   7 0.746  -80.64 151.49  15.94
  59 170410 1520  8.60 72.0026N 128.3852E   3.78 1.00  10 0.566  -82.29   0.29   3.78
  60 170410 1813  3.51 70.9365N 129.1162E   3.69 2.20  13 1.022 -110.58-118.67   3.69
  61 170412 1507  0.61 71.5083N 129.7320E   0.72 0.70   6 0.457 -130.47 -54.87   0.72
  62 170413 0651 20.05 73.3684N 125.3943E  16.13 1.00  10 0.827   20.13 152.69  16.13
  63 170414 0459 18.80 72.2647N 127.3712E  20.67 0.50   7 0.068  -46.98  29.54  20.67
  64 170414 0540  4.66 73.6613N 130.9131E   8.02 1.80  11 0.678 -161.95 185.38   8.02
  65 170414 1656 23.42 72.1812N 127.3871E  15.80 0.20   6 0.070  -47.63  20.22  15.80
  66 170414 1753 32.77 72.3896N 130.4751E  18.62 0.70   6 0.374 -152.79  43.47  18.62
  67 170416 0523 41.91 71.9509N 127.0687E  18.87 1.60  13 0.174  -36.92  -5.48  18.87
  68 170416 1220 14.09 72.9526N 124.4737E  20.88 1.00  11 0.339   51.32 106.29  20.88
 WARNING: Event-# :          69 has zero observations!
  69 170416 1257 48.30 68.8710N 131.7500E  73.50 2.20   0 0.000 -214.97-349.14  73.50
  70 170416 1821  5.44 72.8689N 124.9912E  19.56 1.30  13 0.575   33.99  96.95  19.56
  71 170418 0606  4.26 72.5095N 125.8166E   1.65 0.20   6 0.631    6.24  56.85   1.65
  72 170418 1005 55.62 69.3320N 122.4121E  96.97 2.20   1 2.336  132.62-297.71  96.97
  73 170418 1500 12.90 72.7306N 124.5009E  23.18 1.30  12 0.427   50.71  81.52  23.18
  74 170420 1302 36.16 72.6316N 129.0238E  22.89 0.90  11 0.380 -102.56  70.48  22.89
  75 170420 2248 46.64 72.0309N 129.1557E   0.11 0.70  11 0.999 -108.79   3.44   0.11
 WARNING: Event-# :          76 has zero observations!
  76 170423 0850 54.60 74.7080N 132.7900E   0.10 1.90   0 0.000 -217.19 302.17   0.10
  77 170423 1455 44.06 72.8399N 124.4837E  17.11 0.60   8 0.246   51.14  93.72  17.11
  78 170423 2313 41.78 72.5913N 124.8652E  21.97 1.30  12 0.362   38.53  65.98  21.97
  79 170424 0609 58.77 71.9570N 128.0056E   0.94 1.10  12 0.423  -69.28  -4.80   0.94
  80 170424 0755 26.88 71.9435N 128.0233E   1.64 1.00  12 0.384  -69.92  -6.30   1.64
  81 170424 0755 27.06 71.9551N 128.0175E   0.52 1.00  12 0.407  -69.70  -5.01   0.52
  82 170425 0652 23.43 71.9566N 128.0166E   0.87 1.20   9 0.332  -69.66  -4.85   0.87
  83 170426 0051 23.24 71.9439N 128.0463E   6.67 0.70   6 0.084  -70.71  -6.26   6.67
  84 170426 1425 21.24 72.0734N 127.2457E  21.01 0.10   6 0.046  -42.90   8.19  21.01
  85 170426 1834 24.46 71.5853N 130.7945E  10.31 1.20   8 0.665 -167.27 -46.28  10.31
  86 170426 1840 44.07 72.2668N 126.3505E  18.25 1.30   8 0.060  -12.01  29.77  18.25
  87 170427 0912 28.92 72.0593N 127.7806E   3.53 0.90   8 0.099  -61.34   6.62   3.53
  88 170427 1041 38.06 71.7450N 128.9739E   8.65 0.70   7 0.317 -103.31 -28.45   8.65
  89 170427 2010 47.78 72.8036N 130.2130E  21.16 1.30   8 0.478 -142.23  89.66  21.16
  90 170427 2010 48.27 72.7941N 130.1494E  21.21 1.30   8 0.435 -140.11  88.61  21.21
  91 170427 2342 34.00 72.7627N 124.9979E  19.93 0.80   6 0.437   33.87  85.10  19.93

 ~~~ output final station residuals ...
 TURBO-option is set; residuals are NOT printed for each event!



   station statistics, remember nsp was set to: 1


 sta phase nobs avres  avwres    std    wsum    delay

 624    P  74  0.2647  0.2647  0.3325  74.0000  0.0000
 628    P  69  0.0860  0.0860  0.3574  69.0000 -0.1177
 630    P  53  0.3058  0.3058  0.3319  53.0000 -0.0774
 627    P  46  0.3028  0.3028  0.4172  46.0000  0.0286
 621    P  59  0.4956  0.4956  0.5670  59.0000  0.0648
 629    P  43  0.3499  0.3499  0.4212  43.0000  0.0643
 622    P  58  0.3291  0.3291  0.4968  58.0000  0.0492
 620    P  48  0.2437  0.2437  0.5775  48.0000 -0.0073
 623    P  55  0.3881  0.3881  0.4474  55.0000  0.1181
 626    P  52  0.4397  0.4397  0.5912  52.0000  0.0726
 625    P  49  0.3586  0.3586  0.4537  49.0000  0.0563
 631    P  49  0.9124  0.9124  0.7939  49.0000  0.1555
 632    P  24  0.6064  0.6064  0.7138  24.0000 -0.0023


 ~~~ output statistics ...




 RAY-STATISTICS FOR  L A S T  ITERATION
 --------------------------------------

 NHYP : nr of hypocenters in this layer
 NREF : nr of headwaves in this layer
 %len : % of "refracted km" in this layer 
        with respect to all refracted kilometers
 NHIT : nr of rays passed thru this layer
 xy-km: average horizontal ray length [km] in layer
 z-km : average  vertical  ray length [km] in layer
 RFLX : number of reflections at bottom of this layer

 nlay   top ..... bottom     velocity   NHYP NREF %len  NHIT xy-km  z-km  RFLX

   1    -5.00... -1.23 km    5.24 km/s    0    0   0.0     0   0.0   0.0     0
   2    -1.23...  3.38 km    5.81 km/s    9    0   0.0  1414   6.0   2.9     0
   3     3.38... 13.29 km    6.09 km/s   25   50  17.1   733  26.2   7.8     0
   4    13.29... 14.26 km    6.12 km/s    4    0   0.0   569   1.8   0.9     0
   5    14.26... 16.73 km    6.30 km/s   20    7   1.1   619   6.0   2.1     0
   6    16.73... 29.18 km    6.43 km/s   31   37   7.2   589  18.6   8.6     0
   7    29.18... 29.74 km    6.80 km/s    0    0   0.0   377   1.0   0.6     0
   8    29.74... 30.24 km    7.31 km/s    0    0   0.0   377   1.3   0.5     0
   9    30.24... 37.02 km    7.72 km/s    0   90  30.3   287  36.5   4.7     0
  10    37.02...       km    8.08 km/s    2   98  44.3     0   0.0   0.0

 Total nr of events was   91

 Total nr of refracted rays =   282
 Total nr of reflected rays =     0
 Total nr of   other   rays =   397
                              ------
 Total nr of    all    rays =   679

 Average (absolute) error of the raytracers:
  Straight and direct rays : 1010.40 meters
  Refracted           rays :    0.01 meters
  Reflected           rays :    0.00 meters


 ALL RAYS TOGETHER:
 Average horizontal ray length =   89.9 km   (Hypocenter --> Station) 
 Average  vertical  ray length =   19.3 km   (Deepest ray-point --> Station)



 ... and some more STATISTICS 
 ---------------------------- 
  GAP of final epicenters:

  Event# -> GAP  Event# -> GAP  Event# -> GAP  Event# -> GAP  Event# -> GAP
       1 -> 296       2 -> 294       3 -> 271       4 -> 274       5 -> 307
       6 ->  98       7 -> 320       8 -> 306       9 -> 168      10 -> 346
      11 -> 347      12 -> 258      13 -> 264      14 -> 263      15 -> 263
      16 -> 264      17 -> 253      18 -> 243      19 -> 159      20 -> 302
      21 -> 231      22 -> 238      23 -> 240      24 -> 231      25 -> 130
      26 -> 102      27 -> 154      28 -> 211      29 -> 305      30 -> 212
      31 -> 214      32 -> 213      33 -> 210      34 -> 132      35 -> 239
      36 -> 216      37 -> 132      38 -> 311      39 -> 118      40 -> 209
      41 -> 218      42 -> 122      43 -> 233      44 -> 133      45 -> 308
      46 -> 124      47 -> 224      48 -> 226      49 -> 287      50 -> 195
      51 -> 289      52 -> 270      53 -> 224      54 -> 354      55 -> 347
      56 -> 180      57 -> 310      58 -> 318      59 -> 167      60 -> 310
      61 -> 301      62 -> 306      63 -> 149      64 -> 322      65 -> 129
      66 -> 293      67 ->  86      68 -> 295      69 -> 171      70 -> 262
      71 -> 175      72 ->   0      73 -> 260      74 -> 299      75 -> 241
      76 ->  59      77 -> 284      78 -> 173      79 -> 164      80 -> 170
      81 -> 166      82 -> 165      83 -> 235      84 -> 115      85 -> 315
      86 ->  94      87 -> 114      88 -> 270      89 -> 318      90 -> 317
      91 -> 294

 GAPs were between   0 and 354
      (average GAP was 228)



  MAGNITUDES of INPUT-DATA:

 Magnitude (# of events)   ***average number of obs***

 MAG<= 1.0 ( 47) *******
 MAG = 1.1 (  4) ********
 MAG = 1.2 (  7) ********
 MAG = 1.3 (  8) *********1
 MAG = 1.4 (  3) *********
 MAG = 1.5 (  3) ********
 MAG = 1.6 (  3) ********
 MAG = 1.7 (  2) *********1
 MAG = 1.8 (  2) *******
 MAG = 1.9 (  1)  
 MAG = 2.0 (  0)  
 MAG = 2.1 (  2) ********
 MAG = 2.2 (  3) *****
 MAG = 2.3 (  1) **
 MAG = 2.4 (  0)  
 MAG = 2.5 (  1) ******
 MAG = 2.6 (  1) **
 MAG = 2.7 (  0)  
 MAG = 2.8 (  0)  
 MAG = 2.9 (  1) ******
 MAG = 3.0 (  0)  
 MAG = 3.1 (  1) ****
 MAG = 3.2 (  0)  
 MAG = 3.3 (  0)  
 MAG = 3.4 (  0)  
 MAG = 3.5 (  0)  
 MAG = 3.6 (  0)  
 MAG = 3.7 (  0)  
 MAG = 3.8 (  0)  
 MAG = 3.9 (  0)  
 MAG = 4.0 (  1) *********1**
 MAG = 4.1 (  0)  
 MAG = 4.2 (  0)  
 MAG = 4.3 (  0)  
 MAG = 4.4 (  0)  
 MAG = 4.5 (  0)  
 MAG = 4.6 (  0)  
 MAG = 4.7 (  0)  
 MAG = 4.8 (  0)  
 MAG = 4.9 (  0)  
 MAG = 5.0 (  0)  
 MAG = 5.1 (  0)  
 MAG = 5.2 (  0)  
 MAG = 5.3 (  0)  
 MAG = 5.4 (  0)  
 MAG = 5.5 (  0)  
 MAG = 5.6 (  0)  
 MAG = 5.7 (  0)  
 MAG = 5.8 (  0)  
 MAG = 5.9 (  0)  
 MAG>= 6.0 (  0)  





  DEPTHs of INPUT-DATA and of LAST ITERATION:
  ===========================================

       Depth       # of events  

 DEPTH ( input ) =  -4. km :   
 DEPTH (last_IT) =  -4. km :   
 DEPTH ( input ) =  -3. km :   
 DEPTH (last_IT) =  -3. km :   
 DEPTH ( input ) =  -2. km :   
 DEPTH (last_IT) =  -2. km :   
 DEPTH ( input ) =  -1. km :   
 DEPTH (last_IT) =  -1. km :   
 DEPTH ( input ) =   0. km :  ........
 DEPTH (last_IT) =   0. km :  ***
 DEPTH ( input ) =   1. km :  .
 DEPTH (last_IT) =   1. km :  ****
 DEPTH ( input ) =   2. km :   
 DEPTH (last_IT) =   2. km :  **
 DEPTH ( input ) =   3. km :  ...
 DEPTH (last_IT) =   3. km :  *
 DEPTH ( input ) =   4. km :  ..
 DEPTH (last_IT) =   4. km :  ****
 DEPTH ( input ) =   5. km :  ..
 DEPTH (last_IT) =   5. km :  *
 DEPTH ( input ) =   6. km :  ..
 DEPTH (last_IT) =   6. km :  ***
 DEPTH ( input ) =   7. km :  .
 DEPTH (last_IT) =   7. km :  *
 DEPTH ( input ) =   8. km :  ...
 DEPTH (last_IT) =   8. km :  **
 DEPTH ( input ) =   9. km :  ..
 DEPTH (last_IT) =   9. km :  ***
 DEPTH ( input ) =  10. km :  ..
 DEPTH (last_IT) =  10. km :  ***
 DEPTH ( input ) =  11. km :  ...
 DEPTH (last_IT) =  11. km :  **
 DEPTH ( input ) =  12. km :  ....
 DEPTH (last_IT) =  12. km :  ****
 DEPTH ( input ) =  13. km :  ..
 DEPTH (last_IT) =  13. km :  **
 DEPTH ( input ) =  14. km :  ...
 DEPTH (last_IT) =  14. km :  *****
 DEPTH ( input ) =  15. km :  ........
 DEPTH (last_IT) =  15. km :  *****
 DEPTH ( input ) =  16. km :  .........1.
 DEPTH (last_IT) =  16. km :  *********1**
 DEPTH ( input ) =  17. km :  .....
 DEPTH (last_IT) =  17. km :  ****
 DEPTH ( input ) =  18. km :  ....
 DEPTH (last_IT) =  18. km :  ***
 DEPTH ( input ) =  19. km :  .....
 DEPTH (last_IT) =  19. km :  *****
 DEPTH ( input ) =  20. km :  .....
 DEPTH (last_IT) =  20. km :  ***
 DEPTH ( input ) =  21. km :  ..
 DEPTH (last_IT) =  21. km :  ******
 DEPTH ( input ) =  22. km :  ....
 DEPTH (last_IT) =  22. km :  ****
 DEPTH ( input ) =  23. km :  ....
 DEPTH (last_IT) =  23. km :  ***
 DEPTH ( input ) =  24. km :  ..
 DEPTH (last_IT) =  24. km :  ***
 DEPTH ( input ) =  25. km :  .
 DEPTH (last_IT) =  25. km :  *
 DEPTH ( input ) =  26. km :   
 DEPTH (last_IT) =  26. km :   
 DEPTH ( input ) =  27. km :   
 DEPTH (last_IT) =  27. km :   
 DEPTH ( input ) =  28. km :   
 DEPTH (last_IT) =  28. km :   
 DEPTH ( input ) =  29. km :   
 DEPTH (last_IT) =  29. km :   
 DEPTH ( input ) =  30. km :   
 DEPTH (last_IT) =  30. km :   
 DEPTH ( input ) =  31. km :   
 DEPTH (last_IT) =  31. km :   
 DEPTH ( input ) =  32. km :   
 DEPTH (last_IT) =  32. km :   
 DEPTH ( input ) =  33. km :   
 DEPTH (last_IT) =  33. km :   
 DEPTH ( input ) =  34. km :   
 DEPTH (last_IT) =  34. km :   
 DEPTH ( input ) =  35. km :   
 DEPTH (last_IT) =  35. km :   
 DEPTH ( input ) =  36. km :   
 DEPTH (last_IT) =  36. km :   
 DEPTH ( input ) =  37. km :   
 DEPTH (last_IT) =  37. km :   
 DEPTH ( input ) =  38. km :   
 DEPTH (last_IT) =  38. km :   
 DEPTH ( input ) =  39. km :   
 DEPTH (last_IT) =  39. km :   
 DEPTH ( input ) =  40. km :   
 DEPTH (last_IT) =  40. km :   
 DEPTH ( input ) =  41. km :   
 DEPTH (last_IT) =  41. km :   
 DEPTH ( input ) =  42. km :   
 DEPTH (last_IT) =  42. km :   
 DEPTH ( input ) =  43. km :   
 DEPTH (last_IT) =  43. km :   
 DEPTH ( input ) =  44. km :   
 DEPTH (last_IT) =  44. km :   
 DEPTH ( input ) =  45. km :   
 DEPTH (last_IT) =  45. km :   
 DEPTH ( input ) =  46. km :   
 DEPTH (last_IT) =  46. km :   
 DEPTH ( input ) =  47. km :   
 DEPTH (last_IT) =  47. km :   
 DEPTH ( input ) =  48. km :   
 DEPTH (last_IT) =  48. km :   
 DEPTH ( input ) =  49. km :   
 DEPTH (last_IT) =  49. km :   
 DEPTH ( input ) =  50. km :   
 DEPTH (last_IT) =  50. km :   
 DEPTH ( input ) =  51. km :   
 DEPTH (last_IT) =  51. km :   
 DEPTH ( input ) =  52. km :   
 DEPTH (last_IT) =  52. km :   
 DEPTH ( input ) =  53. km :   
 DEPTH (last_IT) =  53. km :   
 DEPTH ( input ) =  54. km :   
 DEPTH (last_IT) =  54. km :   
 DEPTH ( input ) =  55. km :   
 DEPTH (last_IT) =  55. km :   
 DEPTH ( input ) =  56. km :   
 DEPTH (last_IT) =  56. km :   
 DEPTH ( input ) =  57. km :   
 DEPTH (last_IT) =  57. km :   
 DEPTH ( input ) =  58. km :   
 DEPTH (last_IT) =  58. km :   
 DEPTH ( input ) =  59. km :   
 DEPTH (last_IT) =  59. km :   
 DEPTH ( input ) =  60. km :   
 DEPTH (last_IT) =  60. km :   
 DEPTH ( input ) =  61. km :   
 DEPTH (last_IT) =  61. km :   
 DEPTH ( input ) =  62. km :   
 DEPTH (last_IT) =  62. km :   
 DEPTH ( input ) =  63. km :   
 DEPTH (last_IT) =  63. km :   
 DEPTH ( input ) =  64. km :   
 DEPTH (last_IT) =  64. km :   
 DEPTH ( input ) =  65. km :   
 DEPTH (last_IT) =  65. km :   
 DEPTH ( input ) =  66. km :   
 DEPTH (last_IT) =  66. km :   
 DEPTH ( input ) =  67. km :   
 DEPTH (last_IT) =  67. km :   
 DEPTH ( input ) =  68. km :   
 DEPTH (last_IT) =  68. km :   
 DEPTH ( input ) =  69. km :   
 DEPTH (last_IT) =  69. km :   
 DEPTH ( input ) =  70. km :   
 DEPTH (last_IT) =  70. km :   
 DEPTH ( input ) =  71. km :   
 DEPTH (last_IT) =  71. km :   
 DEPTH ( input ) =  72. km :   
 DEPTH (last_IT) =  72. km :   
 DEPTH ( input ) =  73. km :   
 DEPTH (last_IT) =  73. km :   
 DEPTH ( input ) =  74. km :  .
 DEPTH (last_IT) =  74. km :  *
 DEPTH ( input ) =  75. km :   
 DEPTH (last_IT) =  75. km :   
 DEPTH ( input ) =  76. km :   
 DEPTH (last_IT) =  76. km :   
 DEPTH ( input ) =  77. km :   
 DEPTH (last_IT) =  77. km :   
 DEPTH ( input ) =  78. km :   
 DEPTH (last_IT) =  78. km :   
 DEPTH ( input ) =  79. km :   
 DEPTH (last_IT) =  79. km :   
 DEPTH ( input ) =  80. km :   
 DEPTH (last_IT) =  80. km :   
 DEPTH ( input ) =  81. km :   
 DEPTH (last_IT) =  81. km :   
 DEPTH ( input ) =  82. km :   
 DEPTH (last_IT) =  82. km :   
 DEPTH ( input ) =  83. km :   
 DEPTH (last_IT) =  83. km :   
 DEPTH ( input ) =  84. km :   
 DEPTH (last_IT) =  84. km :   
 DEPTH ( input ) =  85. km :   
 DEPTH (last_IT) =  85. km :   
 DEPTH ( input ) =  86. km :   
 DEPTH (last_IT) =  86. km :   
 DEPTH ( input ) =  87. km :   
 DEPTH (last_IT) =  87. km :   
 DEPTH ( input ) =  88. km :   
 DEPTH (last_IT) =  88. km :   
 DEPTH ( input ) =  89. km :   
 DEPTH (last_IT) =  89. km :   
 DEPTH ( input ) =  90. km :   
 DEPTH (last_IT) =  90. km :   
 DEPTH ( input ) =  91. km :   
 DEPTH (last_IT) =  91. km :   
 DEPTH ( input ) =  92. km :   
 DEPTH (last_IT) =  92. km :   
 DEPTH ( input ) =  93. km :   
 DEPTH (last_IT) =  93. km :   
 DEPTH ( input ) =  94. km :   
 DEPTH (last_IT) =  94. km :   
 DEPTH ( input ) =  95. km :   
 DEPTH (last_IT) =  95. km :   
 DEPTH ( input ) =  96. km :   
 DEPTH (last_IT) =  96. km :   
 DEPTH ( input ) =  97. km :  .
 DEPTH (last_IT) =  97. km :  *
 DEPTH ( input ) =  98. km :   
 DEPTH (last_IT) =  98. km :   
 DEPTH ( input ) =  99. km :   
 DEPTH (last_IT) =  99. km :   
 DEPTH ( input ) = 100. km :   
 DEPTH (last_IT) = 100. km :   
 DEPTH ( input ) > 100. km :   
 DEPTH (last_IT) > 100. km :   


 Residuals of the stations according to the azimuth:
 (RES  = total average residual at station)
 (RES1 = average residual of rays from 1st quadrant)
 (RES2 = average residual of rays from 2nd quadrant)
 (RES3 = average residual of rays from 3rd quadrant)
 (RES4 = average residual of rays from 4th quadrant)

 Stn#  Stn     RES          RES1         RES2         RES3         RES4
   1   624     0.26(  74)   0.16(  33)   0.09(   5)   0.35(  29)   0.50(   7)
   2   628     0.09(  69)  -0.05(  32)   0.01(   5)   0.12(  25)   0.63(   7)
   3   630     0.31(  53)   0.45(  24)   0.23(  11)  -0.04(  10)   0.41(   8)
   4   627     0.30(  46)   0.29(  12)   0.00(   0)   0.14(  22)   0.61(  12)
   5   621     0.50(  59)   0.23(   7)   0.00(   0)   0.80(  18)   0.39(  34)
   6   629     0.35(  43)   0.53(  15)   0.00(   0)   0.06(   9)   0.34(  19)
   7   622     0.33(  58)   0.08(  27)   0.00(   0)   0.57(  20)   0.52(  11)
   8   620     0.24(  48)   0.02(   1)   0.00(   0)   0.55(  18)   0.06(  29)
   9   623     0.39(  55)   0.19(  30)   0.00(   0)   0.71(  17)   0.44(   8)
  10   626     0.44(  52)   0.34(  24)   0.00(   0)   0.35(   6)   0.58(  22)
  11   625     0.36(  49)   0.28(  14)   0.00(   0)   0.30(  23)   0.56(  12)
  12   631     0.91(  49)   1.09(  18)   1.53(   1)   1.44(   4)   0.69(  26)
  13   632     0.61(  24)   0.95(  12)   1.13(   2)   0.15(   3)   0.07(   7)



 CPU - statistics:

 TOTAL CPU-sec          =    0.3     (CPU-minutes:  0.005)

 >>>   End of program VELEST at 25-06-02 12:53       <<< [ CPU-sec :     0.3]
