 >>> Start of program VELEST at 25-06-02 12:51       <<<                        

 ::::::::::::::::::::::::::::::::::::::                                         
  V E L E S T  - Version : January 3, 1995                                      
  (Authors: see source code)                                                    
 ::::::::::::::::::::::::::::::::::::::                                         


 Title of this VELEST run:

 model_2
 -------


 Current array-dimensions of program VELEST:

 Max. number of EARTHQUAKES for simult. inversion IEQ = ***
 Max. number of SHOTS for simult. inversion    INSHOT =  50
 Max. number of (different) 1D-MODELS      ITOTMODELS =   2
 Max. number of LAYERS per one 1D-model        INLTOT = 100
 Max. number of STATIONS in stationlist           IST = 650
 Max. number of OBSERVATIONS per event MAXOBSPEREVENT = 180






    INPUT - P A R A M E T E R S :



***
***  olat       olon   icoordsystem      zshift   itrial ztrial    ised
  72.000000-126.000000      0            0.000       0     0.00      0
***
*** neqs   nshot    rotate
     91      0      0.0
***
*** isingle   iresolcalc
       0          0
***
*** dmax    itopo    zmin     veladj    zadj   lowveloclay
   300.00     0      0.01       0.20    5.00       0
***
*** nsp    swtfac   vpvs       nmod
     1      1.00    1.730        1
***
***   othet   xythet    zthet    vthet   stathet
       0.01     0.01     0.01     1.00     0.01
***
*** nsinv   nshcor   nshfix     iuseelev    iusestacorr
       1       0       0           1            1
***
*** iturbo    icnvout   istaout   ismpout
       1         1         1         0
***
*** irayout   idrvout   ialeout   idspout   irflout   irfrout   iresout
       0         0         0         0         0         0         0
***
*** delmin   ittmax   invertratio
    0.010       3          1
***
*** Modelfile:
tmp/model_2/synthvel/model_230.mod
***
*** Stationfile:
./velinp/station.sta
***
*** Seismofile:
 
***
*** File with region names:
 
***
*** File with region coordinates:
 
***
*** File #1 with topo data:
 
***
*** File #2 with topo data:
 
***
*** DATA INPUT files:
***
*** File with Earthquake data:
./velinp/data.cnv
***
*** File with Shot data:
 
***
*** OUTPUT files:
***
*** Main print output file:
./velout/model_2/velest230.out
***
*** File with single event locations:
velout.vel
***
*** File with final hypocenters in *.cnv format:
./velout/model_2/final_loc230.cnv
***
*** File with new station corrections:
./velout/model_2/stations_corr230.sta
***
*** File with summary cards (e.g. for plotting):
velout.smp
***
*** File with raypoints:
velout.ray
***
*** File with derivatives:
velout.drv
***
*** File with ALEs:
velout.ale
***
*** File with Dirichlet spreads:
velout.dspr
***
*** File with reflection points:
velout.rfl
***
*** File with refraction points:
velout.rfr
***
*** File with residuals:
velout.res
***




 Origin of cartesian coordinates:
        72.00000N   126.00000E

  X,Y-AXES rotated clockwise from North
           Rotation angle (rotate):
            rotate=    0.0 degr.

 icoordsystem =            0
 normal SHORT DISTANCE CONVERSION will be made
 x is positive towards west, y is positive towards north


 SHORT DISTANCE CONVERSION on ELLIPSOIDE of WORLD GEODETIC SYSTEM 1972 (WGS72)
 =============================================================================

 Radius at equator (REARTH)= 6378.13500  km
   1. / (ellipticity)      =    298.260

 Origin of cartesian coordinates [degrees]:
   72.0000000 N     -126.0000000 W

  Rotation angle (in degr.) clockwise from
North  rotate=    0.0

 Radius of sphere at OLAT =   6358.817 km

 Conversion of GEOGRAPHICAL LATITUDE to GEOCENTRICAL LATITUDE:
 RLATC = TAN(GEOCENTR.LAT) / TAN(GEOGRAPH.LAT)
 RLATC =   0.99333486

          Short distance conversions:
          one min lat ~  1.8597 km 
          one min lon ~  0.5751 km 







    INPUT - M O D E L :



 Model(s) read from file :
 tmp/model_2/synthvel/model_230.mod                                              

 model file title: 
Model: model_230.mod                    
 Velocity structure for model   1 :

 layer    vel   depth   vdamp  reflector
   1      5.11  -5.00    1.00         P-VELOCITY MODEL                  
   2      5.84   1.40    1.00  
   3      6.29   8.77    1.00  
   4      6.59  14.80    1.00  
   5      7.00  14.85    1.00  
   6      7.26  19.95    1.00  
   7      7.43  25.18    1.00  
   8      7.72  28.35    1.00  
   9      7.79  39.76    1.00  
  10      8.43  43.59    1.00  

 Calculation of average velocity starts at layer #            1
 z = -5.00 ...  1.40    v = 5.11    AVEL = 5.11 downto z =   1.40
 z =  1.40 ...  8.77    v = 5.84    AVEL = 5.50 downto z =   8.77
 z =  8.77 ... 14.80    v = 6.29    AVEL = 5.74 downto z =  14.80
 z = 14.80 ... 14.85    v = 6.59    AVEL = 5.74 downto z =  14.85
 z = 14.85 ... 19.95    v = 7.00    AVEL = 6.00 downto z =  19.95
 z = 19.95 ... 25.18    v = 7.26    AVEL = 6.22 downto z =  25.18
 z = 25.18 ... 28.35    v = 7.43    AVEL = 6.33 downto z =  28.35
 z = 28.35 ... 39.76    v = 7.72    AVEL = 6.69 downto z =  39.76
 z = 39.76 ... 43.59    v = 7.79    AVEL = 6.77 downto z =  43.59


 Calculation of average velocity starts at layer #            2
 z =  1.40 ...  8.77    v = 5.84    AVEL = 5.84 downto z =   8.77
 z =  8.77 ... 14.80    v = 6.29    AVEL = 6.04 downto z =  14.80
 z = 14.80 ... 14.85    v = 6.59    AVEL = 6.04 downto z =  14.85
 z = 14.85 ... 19.95    v = 7.00    AVEL = 6.31 downto z =  19.95
 z = 19.95 ... 25.18    v = 7.26    AVEL = 6.52 downto z =  25.18
 z = 25.18 ... 28.35    v = 7.43    AVEL = 6.62 downto z =  28.35
 z = 28.35 ... 39.76    v = 7.72    AVEL = 6.95 downto z =  39.76
 z = 39.76 ... 43.59    v = 7.79    AVEL = 7.03 downto z =  43.59






    INPUT - S T A T I O N S :



 Station-parameters read from file :
 ./velinp/station.sta                                                            


     stn latitude longitude elev   x      y      z     ptcor stcor model icc
   1 624 72.4760N126.2750E     0  -9.37  53.11  -0.00   0.00  0.00   1  13
   2 628 72.4000N127.1470E     0 -39.15  44.63  -0.00   0.00  0.00   1  12
   3 630 72.0750N128.3250E     0 -80.06   8.37  -0.00   0.00  0.00   1  11
   4 627 72.1170N126.9820E     0 -33.78  13.06  -0.00   0.00  0.00   1  10
   5 621 72.1840N124.8890E     0  38.14  20.53  -0.00   0.00  0.00   1   9
   6 629 71.9290N127.3130E     0 -45.39  -7.92  -0.00   0.00  0.00   1   8
   7 622 72.4420N125.3130E     0  23.42  49.32  -0.00   0.00  0.00   1   7
   8 620 72.6540N124.3470E     0  56.03  72.98  -0.00   0.00  0.00   1   6
   9 623 72.3260N125.7600E     0   8.21  36.38  -0.00   0.00  0.00   1   5
  10 626 71.8880N126.0360E     0  -1.25 -12.50  -0.00   0.00  0.00   1   4
  11 625 72.1740N126.1070E     0  -3.67  19.42  -0.00   0.00  0.00   1   3
  12 631 71.3990N127.2470E     0 -43.72 -67.06  -0.00   0.00  0.00   1   2
  13 632 71.5740N129.0728E     0-107.23 -47.53  -0.00   0.00  0.00   1   1

 NO Seismo-parameter-file specified
 --> NO magnitudes calculated!




   neqs=   91  nshot=    0  nltot=   10

 ~~~ input parameters read.
 ~~~ set units for first iteration ...
 ~~~ determine number of unknowns ...

 Number of unknowns (for array-indexing):  nvar =  386
 Number of effective unknowns        :  nvareff =  374
 Number of elements on/below main diagonal of matrix G = At*A : kvar =   74691

 ~~~ reset G and RHT ...
 ~~~ input data, raytracing, setup G ...






    I N P U T - D A T A  

  eq    origin-time    latitude longitude depth    x      y      z    mag ifxOBS
   1 160818 1613  9.10 73.0030N 124.8500E  23.10  38.61 111.92  23.10 1.40 0   6
   2 160818 1613  9.30 72.9910N 124.8700E  22.80  37.95 110.58  22.80 1.10 0   6
   3 160819 0959 27.30 71.9230N 129.7600E  12.10-130.00  -8.59  12.10 4.00 0  12
   4 160820 1506 15.70 71.9380N 129.7900E  11.00-130.98  -6.92  11.00 1.50 0   9
   5 160820 1904 45.70 72.3480N 127.1800E  23.80 -40.33  38.83  23.80 1.20 0   6
   6 160822 1318 49.50 72.3650N 127.0800E  16.50 -36.90  40.73  16.50 0.60 0   8
   7 160823 0652 14.00 70.9330N 129.8100E   6.40-135.21-119.06   6.40 2.90 0   6
   8 160824 1510 30.40 71.6070N 130.0400E   8.60-140.86 -43.85   8.60 1.50 0   9
   9 160906 1514 39.70 72.5080N 125.6800E  12.10  10.89  56.68  12.10 0.90 0   6
 WARNING:
 epicentral distance: 303.3 > dmax ( 300.0) ==> skipping phase !
 WARNING:
 epicentral distance: 338.2 > dmax ( 300.0) ==> skipping phase !
  10 160920 1607 18.30 69.2370N 128.3500E  16.20 -87.07-308.31  16.20 2.60 0   2
 WARNING:
 epicentral distance: 318.5 > dmax ( 300.0) ==> skipping phase !
 WARNING:
 epicentral distance: 355.0 > dmax ( 300.0) ==> skipping phase !
  11 160925 1911  5.60 69.2250N 127.6800E  15.60 -62.26-309.64  15.60 2.30 0   2
  12 161004 0841 51.20 72.8480N 124.9600E  15.60  35.07  94.62  15.60 0.20 0   6
  13 161005 1619 46.90 72.8770N 125.0100E  19.00  33.35  97.86  19.00 1.00 0   9
  14 161006 0156 55.90 72.8740N 125.0100E  13.90  33.36  97.52  13.90 1.00 0   7
  15 161009 0036 44.70 72.8720N 124.9900E  17.20  34.03  97.30  17.20 1.30 0   8
  16 161009 0036 44.90 72.8580N 124.9600E  18.60  35.06  95.74  18.60 1.20 0   7
  17 161012 0800 22.10 72.7380N 126.0300E  18.50  -1.01  82.35  18.50 0.80 0   7
  18 161015 1013 36.50 72.0400N 126.9900E  11.20 -34.12   4.46  11.20 0.70 0   7
  19 161021 0507 33.30 72.5750N 124.7800E  10.10  41.44  64.16  10.10 0.80 0   6
  20 161124 2250 46.00 72.7630N 124.8800E  16.20  37.85  85.14  16.20 3.10 0   4
  21 161125 0156 34.10 72.7420N 124.9200E  14.50  36.52  82.80  14.50 0.60 0   7
  22 161125 0517 25.90 72.7650N 124.9400E  13.50  35.82  85.36  13.50 1.60 0   6
  23 161125 0525 15.90 72.7740N 124.9500E  11.60  35.48  86.37  11.60 0.80 0   6
  24 161125 0556  2.00 72.7350N 124.9700E   5.70  34.84  82.01   5.70 0.20 0   6
  25 170117 0846 48.60 72.2130N 127.3400E  22.00 -45.97  23.77  22.00 0.30 0   6
  26 170122 1614 27.60 71.9670N 128.0400E  10.30 -70.45  -3.68  10.30 0.90 0   6
  27 170125 2244  0.20 72.4440N 126.0200E  13.10  -0.68  49.54  13.10 0.80 0   6
  28 170302 1359 59.10 72.6830N 124.8900E  11.50  37.60  76.21  11.50 0.50 0   7
  29 170302 2335 20.20 71.8850N 130.3000E  14.80-148.82 -12.83  14.80 2.10 0   9
  30 170304 2135  2.90 72.6880N 124.9400E  13.40  35.90  76.77  13.40 1.30 0   7
  31 170307 0447 21.00 72.6940N 124.9200E  14.20  36.57  77.44  14.20 1.70 0  10
  32 170307 2016 50.80 72.6910N 124.9100E  15.30  36.91  77.10  15.30 1.10 0   6
  33 170309 1454  0.80 72.6830N 124.9000E  15.60  37.26  76.21  15.60 0.30 0   6
  34 170311 0430 55.40 72.3130N 126.5000E  24.50 -17.11  34.93  24.50 0.30 0   6
  35 170312 0416 39.20 71.9240N 128.0800E   3.40 -71.91  -8.48   3.40 2.10 0   6
  36 170313 0553 59.10 72.6980N 124.9200E  15.10  36.57  77.89  15.10 1.00 0   9
  37 170313 0809  5.60 72.4500N 125.0800E  14.90  31.36  50.21  14.90 1.20 0   7
  38 170315 0234 46.50 72.6540N 123.8400E  16.90  73.22  72.98  16.90 1.40 0   7
  39 170317 1007 14.10 72.2350N 125.9800E   3.90   0.69  26.22   3.90 0.50 0   7
  40 170320 0711 14.60 72.1250N 127.2200E  16.80 -41.95  13.95  16.80 0.90 0   6
  41 170320 0853 56.40 72.7090N 124.9700E   5.10  34.86  79.11   5.10 0.40 0   6
  42 170320 1900 34.30 72.4150N 126.1200E  18.00  -4.09  46.31  18.00 0.60 0   7
  43 170323 0519 24.60 71.6470N 129.1800E   5.20-110.76 -39.39   5.20 1.20 0   6
  44 170323 1612 49.70 72.4530N 125.1100E   8.30  30.33  50.55   8.30 0.50 0   6
  45 170323 1906 41.20 72.4070N 130.2500E  18.30-145.04  45.41  18.30 1.00 0   6
  46 170326 0836 34.10 71.9930N 127.6700E  16.10 -57.63  -0.78  16.10 1.50 0   7
  47 170402 0422  1.00 72.7220N 125.6900E  21.90  10.49  80.56  21.90 1.20 0  10
  48 170402 0636 37.20 72.7310N 125.6900E  23.50  10.49  81.57  23.50 0.70 0   6
  49 170404 2347 35.70 72.7580N 124.3800E  22.60  54.76  84.58  22.60 0.50 0   6
  50 170405 0307 36.10 71.6810N 128.9500E  15.30-102.66 -35.60  15.30 1.00 0  10
  51 170405 1410 53.20 71.5100N 128.9000E   9.30-101.37 -54.68   9.30 1.70 0  10
  52 170406 0838 43.20 72.3850N 129.3800E  15.50-115.42  42.96  15.50 0.90 0  10
  53 170406 1728  1.00 72.7230N 125.6900E  21.30  10.49  80.67  21.30 0.90 0  10
 WARNING:
 epicentral distance: 325.9 > dmax ( 300.0) ==> skipping phase !
 WARNING:
 epicentral distance: 332.9 > dmax ( 300.0) ==> skipping phase !
 WARNING:
 epicentral distance: 345.3 > dmax ( 300.0) ==> skipping phase !
 WARNING:
 epicentral distance: 391.9 > dmax ( 300.0) ==> skipping phase !
  54 170407 1729  3.40 74.8930N 128.6300E  15.60 -83.67 322.81  15.60 1.80 0   2
 WARNING:
 epicentral distance: 311.3 > dmax ( 300.0) ==> skipping phase !
 WARNING:
 epicentral distance: 315.4 > dmax ( 300.0) ==> skipping phase !
 WARNING:
 epicentral distance: 328.9 > dmax ( 300.0) ==> skipping phase !
 WARNING:
 epicentral distance: 374.2 > dmax ( 300.0) ==> skipping phase !
  55 170407 1729  3.50 74.7270N 128.8100E   0.40 -89.83 304.29   0.40 1.60 0   5
  56 170408 1004 44.90 72.6070N 124.9400E  15.00  35.98  67.73  15.00 1.40 0  13
  57 170409 0856 47.20 73.3850N 128.5500E  15.60 -84.71 154.54  15.60 2.50 0   6
  58 170409 0902 45.60 73.3500N 128.4400E  15.10 -81.13 150.64  15.10 1.10 0   7
  59 170410 1520  8.50 72.0030N 128.3900E   2.70 -82.46   0.33   2.70 1.00 0  10
  60 170410 1813  3.60 70.9360N 129.1200E   3.70-110.72-118.73   3.70 2.20 0  13
  61 170412 1507  0.60 71.5070N 129.7200E   0.00-130.05 -55.01   0.00 0.70 0   6
  62 170413 0651 20.10 73.3680N 125.4200E  15.60  19.28 152.65  15.60 1.00 0  10
  63 170414 0459 18.80 72.2680N 127.3800E  20.10 -47.27  29.90  20.10 0.50 0   7
  64 170414 0540  4.80 73.6400N 130.9700E   8.00-163.92 183.00   8.00 1.80 0  11
  65 170414 1656 23.40 72.1850N 127.4000E  15.50 -48.06  20.64  15.50 0.20 0   6
  66 170414 1753 32.80 72.3840N 130.4600E  17.90-152.30  42.85  17.90 0.70 0   6
  67 170416 0523 41.90 71.9560N 127.0800E  19.20 -37.31  -4.91  19.20 1.60 0  13
  68 170416 1220 14.20 72.9470N 124.4900E  20.40  50.77 105.67  20.40 1.00 0  11
 WARNING:
 epicentral distance: 320.3 > dmax ( 300.0) ==> skipping phase !
 WARNING:
 epicentral distance: 381.0 > dmax ( 300.0) ==> skipping phase !
 WARNING:
 epicentral distance: 398.8 > dmax ( 300.0) ==> skipping phase !
 WARNING:
 epicentral distance: 405.0 > dmax ( 300.0) ==> skipping phase !
 WARNING:
 epicentral distance: 424.8 > dmax ( 300.0) ==> skipping phase !
 WARNING:
 epicentral distance: 431.2 > dmax ( 300.0) ==> skipping phase !
 WARNING:
 epicentral distance: 445.5 > dmax ( 300.0) ==> skipping phase !
 WARNING:
 epicentral distance: 451.8 > dmax ( 300.0) ==> skipping phase !
 WARNING:
 epicentral distance: 464.3 > dmax ( 300.0) ==> skipping phase !
  69 170416 1257 48.30 68.8710N 131.7500E  73.50-214.97-349.14  73.50 2.20 0   0
  70 170416 1821  5.50 72.8670N 125.0000E  19.30  33.70  96.74  19.30 1.30 0  13
  71 170418 0606  4.10 72.5080N 125.8200E   1.30   6.13  56.68   1.30 0.20 0   6
 WARNING:
 epicentral distance: 315.2 > dmax ( 300.0) ==> skipping phase !
 WARNING:
 epicentral distance: 332.1 > dmax ( 300.0) ==> skipping phase !
 WARNING:
 epicentral distance: 345.3 > dmax ( 300.0) ==> skipping phase !
 WARNING:
 epicentral distance: 352.6 > dmax ( 300.0) ==> skipping phase !
 WARNING:
 epicentral distance: 346.7 > dmax ( 300.0) ==> skipping phase !
 WARNING:
 epicentral distance: 356.6 > dmax ( 300.0) ==> skipping phase !
 WARNING:
 epicentral distance: 363.9 > dmax ( 300.0) ==> skipping phase !
 WARNING:
 epicentral distance: 372.8 > dmax ( 300.0) ==> skipping phase !
 WARNING:
 epicentral distance: 378.6 > dmax ( 300.0) ==> skipping phase !
 WARNING:
 epicentral distance: 378.6 > dmax ( 300.0) ==> skipping phase !
  72 170418 1005 56.80 69.3310N 122.4100E  97.00 132.70-297.82  97.00 2.20 0   1
  73 170418 1500 12.90 72.7340N 124.5100E  23.10  50.40  81.90  23.10 1.30 0  12
  74 170420 1302 36.20 72.6290N 129.0200E  21.80-102.44  70.19  21.80 0.90 0  11
  75 170420 2248 46.70 72.0220N 129.1200E   0.00-107.59   2.46   0.00 0.70 0  11
 WARNING:
 epicentral distance: 313.1 > dmax ( 300.0) ==> skipping phase !
 WARNING:
 epicentral distance: 324.4 > dmax ( 300.0) ==> skipping phase !
 WARNING:
 epicentral distance: 324.2 > dmax ( 300.0) ==> skipping phase !
 WARNING:
 epicentral distance: 342.4 > dmax ( 300.0) ==> skipping phase !
 WARNING:
 epicentral distance: 349.0 > dmax ( 300.0) ==> skipping phase !
 WARNING:
 epicentral distance: 380.2 > dmax ( 300.0) ==> skipping phase !
 WARNING:
 epicentral distance: 381.6 > dmax ( 300.0) ==> skipping phase !
 WARNING:
 epicentral distance: 408.0 > dmax ( 300.0) ==> skipping phase !
  76 170423 0850 54.60 74.7080N 132.7900E   0.10-217.19 302.17   0.10 1.90 0   0
  77 170423 1455 44.10 72.8400N 124.4900E  16.80  50.92  93.73  16.80 0.60 0   8
  78 170423 2313 41.80 72.5960N 124.8700E  22.00  38.36  66.50  22.00 1.30 0  12
  79 170424 0609 58.60 71.9600N 128.0200E   0.10 -69.77  -4.46   0.10 1.10 0  12
  80 170424 0755 26.70 71.9480N 128.0300E   0.00 -70.14  -5.80   0.00 1.00 0  12
  81 170424 0755 26.90 71.9590N 128.0300E   0.00 -70.12  -4.57   0.00 1.00 0  12
  82 170425 0652 23.30 71.9600N 128.0300E   0.00 -70.12  -4.46   0.00 1.20 0   9
  83 170426 0051 23.20 71.9450N 128.0600E   6.60 -71.18  -6.14   6.60 0.70 0   6
  84 170426 1425 21.20 72.0790N 127.2600E  21.00 -43.38   8.82  21.00 0.10 0   6
  85 170426 1834 24.60 71.5840N 130.8000E  10.90-167.46 -46.42  10.90 1.20 0   8
  86 170426 1840 44.10 72.2710N 126.3600E  18.10 -12.33  30.24  18.10 1.30 0   8
  87 170427 0912 28.80 72.0640N 127.7900E   2.60 -61.65   7.14   2.60 0.90 0   8
  88 170427 1041 38.10 71.7480N 128.9900E   8.40-103.86 -28.12   8.40 0.70 0   7
  89 170427 2010 47.80 72.8010N 130.2000E  20.20-141.80  89.38  20.20 1.30 0   8
  90 170427 2010 48.30 72.7890N 130.1400E  20.10-139.82  88.04  20.10 1.30 0   8
  91 170427 2342 34.10 72.7630N 125.0100E  19.50  33.46  85.14  19.50 0.80 0   6

 readings for station 624  :  74
 readings for station 628  :  69
 readings for station 630  :  53
 readings for station 627  :  46
 readings for station 621  :  59
 readings for station 629  :  43
 readings for station 622  :  58
 readings for station 620  :  48
 readings for station 623  :  55
 readings for station 626  :  52
 readings for station 625  :  49
 readings for station 631  :  49
 readings for station 632  :  24

 Total number of stations with readings:  13

 Total number of readings:     679
 Total number of P readings:       0
 Total number of S readings:       0


 ~~~ store parts of G ...
 ~~~ compute RMS and DATVAR ...

 Total number of observations is:   679


 $$$$$$$$$$$$$$$$$$$$$$$$$$$$$$$$$$$$$$$$$$$$$$$$$
 Events with  | AVRES | > 1.0 SEC are suspicious !

 Event#   3 >>>  160819 0959  AVRES =  1.20 NOBS = 12
 Event#   4 >>>  160820 1506  AVRES =  1.23 NOBS =  9
 Event#   7 >>>  160823 0652  AVRES =  1.54 NOBS =  6
 Event#   8 >>>  160824 1510  AVRES =  1.59 NOBS =  9
 Event#  10 >>>  160920 1607  AVRES =  3.00 NOBS =  2
 Event#  11 >>>  160925 1911  AVRES =  2.65 NOBS =  2
 Event#  16 >>>  161009 0036  AVRES =  1.07 NOBS =  7
 Event#  29 >>>  170302 2335  AVRES =  1.58 NOBS =  9
 Event#  45 >>>  170323 1906  AVRES =  1.56 NOBS =  6
 Event#  47 >>>  170402 0422  AVRES =  1.01 NOBS = 10
 Event#  50 >>>  170405 0307  AVRES =  1.08 NOBS = 10
 Event#  51 >>>  170405 1410  AVRES =  1.25 NOBS = 10
 Event#  52 >>>  170406 0838  AVRES =  1.26 NOBS = 10
 Event#  53 >>>  170406 1728  AVRES =  1.04 NOBS = 10
 Event#  54 >>>  170407 1729  AVRES =  1.36 NOBS =  2
 Event#  55 >>>  170407 1729  AVRES =  1.56 NOBS =  5
 Event#  57 >>>  170409 0856  AVRES =  2.26 NOBS =  6
 Event#  58 >>>  170409 0902  AVRES =  2.04 NOBS =  7
 Event#  60 >>>  170410 1813  AVRES =  1.58 NOBS = 13
 Event#  62 >>>  170413 0651  AVRES =  1.63 NOBS = 10
 Event#  64 >>>  170414 0540  AVRES =  2.58 NOBS = 11
 Event#  66 >>>  170414 1753  AVRES =  1.51 NOBS =  6
 Event#  68 >>>  170416 1220  AVRES =  1.24 NOBS = 11
 Event#  70 >>>  170416 1821  AVRES =  1.19 NOBS = 13
 Event#  72 >>>  170418 1005  AVRES =  1.93 NOBS =  1
 Event#  73 >>>  170418 1500  AVRES =  1.11 NOBS = 12
 Event#  74 >>>  170420 1302  AVRES =  1.29 NOBS = 11
 Event#  85 >>>  170426 1834  AVRES =  1.70 NOBS =  8
 Event#  89 >>>  170427 2010  AVRES =  1.81 NOBS =  8
 Event#  90 >>>  170427 2010  AVRES =  1.74 NOBS =  8
 Event#  91 >>>  170427 2342  AVRES =  1.08 NOBS =  6

 ^^^^^^^^^ C H E C K   these events above ^^^^^^^^
 $$$$$$$$$$$$$$$$$$$$$$$$$$$$$$$$$$$$$$$$$$$$$$$$$

 ~~~ save initial datvar ...

 Iteration nr  0 obtained:
 DATVAR=    1.812671 mean sqrd residual=     0.814234  RMS RESIDUAL=     0.902349

 After  0 iterations we got:
 Average absolute & unweighted [and mean] residual of
   296 straight and direct rays =  0.39193 [  0.29095]
   383 refracted           rays =  1.26145 [  1.16059]
     0 reflected           rays =  0.00000 [  0.00000]

   679 ALL                 RAYS =  0.88240 [  0.78148]        0.00 %




--------------------------------------------------------------------------------



           ITERATION no  1

 ~~~ set units for this iteration ...
 ~~~ determine number of unknowns for this iter. ...

 Number of unknowns (for array-indexing):  nvar =  386
 Number of effective unknowns        :  nvareff =  387
 Number of elements on/below main diagonal of matrix G = At*A : kvar =   74691

 Damping factors to be used in this iteration:
   Othet=   0.010   XYthet  =   0.010   Zthet=  0.010
 STAthet=   0.010   Vthet   =   1.000

 ~~~ damp G ...
 ~~~ solve G * b = RHT ...
 ~~~ fix units ...
 ~~~ apply eventually step-length damping ...
 ~~~ adjust model (hypocenters, stacorr & veloc.) ...

 doing velocity adjustments now...

 doing station-correction adjustments...

 ~~~ compute effective step-length ...

 (Applied) Step length =   3.082

 ~~~ set units for next iteration ...
 ~~~ determine number of unknowns for next iter. ...

 Number of unknowns (for array-indexing):  nvar =  386
 Number of effective unknowns        :  nvareff =  387
 Number of elements on/below main diagonal of matrix G = At*A : kvar =   74691

 ~~~ reset G and RHT ...
 ~~~ raytracing, setup G ...
 ~~~ store parts of G ...
 ~~~ set units back for current iteration ...
 ~~~ determine number of unknowns for this iter. ...

 Number of unknowns (for array-indexing):  nvar =  386
 Number of effective unknowns        :  nvareff =  387
 Number of elements on/below main diagonal of matrix G = At*A : kvar =   74691

 ~~~ compute RMS and DATVAR ...

 $$$$$$$$$$$$$$$$$$$$$$$$$$$$$$$$$$$$$$$$$$$$$$$$$
 Events with  | AVRES | > 1.0 SEC are suspicious !

 Event#   4 >>>  160820 1506  AVRES =  1.00 NOBS =  9
 Event#   7 >>>  160823 0652  AVRES =  1.26 NOBS =  6
 Event#   8 >>>  160824 1510  AVRES =  1.30 NOBS =  9
 Event#  10 >>>  160920 1607  AVRES =  2.44 NOBS =  2
 Event#  11 >>>  160925 1911  AVRES =  2.16 NOBS =  2
 Event#  29 >>>  170302 2335  AVRES =  1.29 NOBS =  9
 Event#  45 >>>  170323 1906  AVRES =  1.27 NOBS =  6
 Event#  51 >>>  170405 1410  AVRES =  1.02 NOBS = 10
 Event#  52 >>>  170406 0838  AVRES =  1.03 NOBS = 10
 Event#  54 >>>  170407 1729  AVRES =  1.10 NOBS =  2
 Event#  55 >>>  170407 1729  AVRES =  1.27 NOBS =  5
 Event#  57 >>>  170409 0856  AVRES =  1.84 NOBS =  6
 Event#  58 >>>  170409 0902  AVRES =  1.66 NOBS =  7
 Event#  60 >>>  170410 1813  AVRES =  1.29 NOBS = 13
 Event#  62 >>>  170413 0651  AVRES =  1.33 NOBS = 10
 Event#  64 >>>  170414 0540  AVRES =  2.10 NOBS = 11
 Event#  66 >>>  170414 1753  AVRES =  1.23 NOBS =  6
 Event#  68 >>>  170416 1220  AVRES =  1.01 NOBS = 11
 Event#  72 >>>  170418 1005  AVRES =  1.55 NOBS =  1
 Event#  74 >>>  170420 1302  AVRES =  1.06 NOBS = 11
 Event#  85 >>>  170426 1834  AVRES =  1.39 NOBS =  8
 Event#  89 >>>  170427 2010  AVRES =  1.47 NOBS =  8
 Event#  90 >>>  170427 2010  AVRES =  1.42 NOBS =  8

 ^^^^^^^^^ C H E C K   these events above ^^^^^^^^
 $$$$$$$$$$$$$$$$$$$$$$$$$$$$$$$$$$$$$$$$$$$$$$$$$

 ~~~ check solution (better? worse?) ...

 Iteration nr  1 obtained:
 DATVAR=    1.300340 mean sqrd residual=     0.559204  RMS RESIDUAL=     0.747799

 After  1 iterations we got:
 Average absolute & unweighted [and mean] residual of
   298 straight and direct rays =  0.32560 [  0.23757]
   381 refracted           rays =  1.03894 [  0.95599]
     0 reflected           rays =  0.00000 [  0.00000]

   679 ALL                 RAYS =  0.72587 [  0.64069]      -17.74 %

 ~~~ iteration done; output results ...

  eq       ot     x      y      z      rms    avres   dot     dx     dy     dz
    1      9.09  38.59 111.96  23.28   0.35   0.79   -0.006 -0.016  0.043  0.183
    2      9.29  37.97 110.64  22.96   0.36   0.77   -0.009  0.019  0.063  0.162
    3     27.27-130.03  -8.21  12.05   0.71   0.99   -0.028 -0.028  0.387 -0.052
    4     15.67-130.98  -6.71  10.69   0.87   1.00   -0.033  0.009  0.207 -0.315
    5     45.69 -40.31  38.69  23.77   0.27   0.51   -0.010  0.022 -0.144 -0.030
    6     49.49 -36.76  40.63  16.69   0.14   0.15   -0.010  0.140 -0.093  0.189
    7     13.92-135.10-119.11   6.31   1.01   1.26   -0.081  0.111 -0.046 -0.087
    8     30.38-140.95 -43.74   8.62   0.73   1.30   -0.019 -0.090  0.115  0.024
    9     39.68  10.81  56.56  12.03   0.07  -0.11   -0.020 -0.081 -0.126 -0.072
   10     18.20 -87.44-308.28  16.21   1.09   2.44   -0.096 -0.372  0.030  0.008
   11      5.44 -62.73-309.65  15.61   1.32   2.16   -0.162 -0.464 -0.003  0.013
   12     51.19  35.02  94.62  15.88   0.27   0.45   -0.007 -0.047 -0.003  0.285
   13     46.88  33.34  97.96  19.07   0.45   0.73   -0.018 -0.012  0.098  0.070
   14     55.87  33.37  97.46  14.05   0.64   0.50   -0.027  0.010 -0.066  0.148
   15     44.67  33.95  97.48  17.37   0.60   0.81   -0.027 -0.086  0.178  0.170
   16     44.87  34.97  95.97  18.80   0.71   0.87   -0.034 -0.082  0.229  0.201
   17     22.07  -1.01  82.43  18.68   0.57   0.51   -0.030  0.005  0.086  0.177
   18     36.45 -34.16   4.41  11.47   0.25   0.07   -0.052 -0.038 -0.051  0.270
   19     33.29  41.37  64.14  10.28   0.10  -0.01   -0.012 -0.070 -0.019  0.183
   20     45.97  37.78  85.14  16.20   0.51   0.66   -0.028 -0.075  0.003 -0.004
   21     34.09  36.47  82.60  14.32   0.71   0.43   -0.008 -0.055 -0.193 -0.176
   22     25.88  35.62  85.35  13.39   0.43   0.24   -0.024 -0.203 -0.014 -0.106
   23     15.87  35.27  86.30  11.55   0.58   0.17   -0.028 -0.209 -0.068 -0.049
   24      1.93  34.88  82.37   6.10   0.53  -0.03   -0.067  0.040  0.361  0.401
   25     48.63 -45.85  23.59  22.17   0.10   0.36    0.026  0.117 -0.172  0.171
   26     27.58 -70.22  -3.76  10.55   0.14  -0.00   -0.020  0.225 -0.079  0.252
   27      0.19  -0.60  49.34  13.19   0.53   0.19   -0.015  0.082 -0.205  0.093
   28     59.08  37.71  76.23  11.48   0.80   0.46   -0.016  0.116  0.022 -0.019
   29     20.19-148.77 -12.62  14.81   0.55   1.29   -0.013  0.050  0.212  0.008
   30      2.90  36.03  76.67  13.52   0.88   0.62    0.002  0.135 -0.102  0.117
   31     20.98  36.41  77.42  14.22   0.78   0.61   -0.018 -0.159 -0.022  0.016
   32     50.79  36.86  76.97  15.30   0.39   0.25   -0.012 -0.053 -0.138  0.001
   33      0.81  37.23  76.10  15.51   0.51   0.39    0.010 -0.029 -0.108 -0.094
   34     55.42 -16.98  34.85  24.51   0.13   0.33    0.015  0.126 -0.080  0.008
   35     39.23 -71.54  -8.35   3.76   0.27  -0.06    0.032  0.369  0.129  0.356
   36     59.11  36.51  77.77  14.91   0.69   0.59    0.007 -0.059 -0.117 -0.189
   37      5.58  31.30  50.13  14.89   0.26   0.12   -0.019 -0.062 -0.083 -0.012
   38     46.49  73.11  72.95  16.87   0.58   0.69   -0.013 -0.109 -0.030 -0.028
   39     14.06   0.72  26.11   3.78   0.14  -0.21   -0.038  0.033 -0.115 -0.115
   40     14.57 -41.95  13.91  16.68   0.32   0.18   -0.026 -0.000 -0.035 -0.123
   41     56.36  34.81  79.09   5.45   0.18  -0.11   -0.037 -0.056 -0.024  0.355
   42     34.30  -4.01  46.24  17.98   0.18   0.16    0.002  0.089 -0.071 -0.019
   43     24.61-110.39 -39.20   5.22   0.47  -0.02    0.011  0.371  0.189  0.024
   44     49.66  30.23  50.47   8.38   0.05  -0.17   -0.035 -0.100 -0.080  0.083
   45     41.20-145.00  45.60  18.43   0.47   1.27   -0.003  0.037  0.183  0.129
   46     34.10 -57.47  -0.81  16.16   0.22   0.24   -0.005  0.157 -0.030  0.057
   47      1.02  10.60  80.54  21.92   0.66   0.83    0.016  0.111 -0.019  0.024
   48     37.22  10.59  81.60  23.53   0.31   0.55    0.023  0.106  0.030  0.035
   49     35.70  54.63  84.57  22.58   0.41   0.52   -0.004 -0.127 -0.010 -0.023
   50     36.09-102.51 -35.59  15.20   0.65   0.88   -0.008  0.143  0.009 -0.101
   51     53.18-101.21 -54.47   9.06   0.87   1.02   -0.024  0.168  0.207 -0.237
   52     43.20-115.43  43.28  15.66   0.60   1.03   -0.000 -0.012  0.318  0.157
   53      1.01  10.58  80.74  21.37   0.65   0.85    0.014  0.092  0.062  0.073
   54      2.92 -83.69 322.74  15.64   0.41   1.10   -0.483 -0.020 -0.067  0.038
   55      3.13 -89.79 304.25   0.46   0.31   1.27   -0.373  0.041 -0.035  0.058
   56     44.89  35.93  67.59  14.78   0.74   0.60   -0.012 -0.046 -0.143 -0.220
   57     47.13 -84.75 154.64  15.57   0.45   1.84   -0.074 -0.043  0.099 -0.035
   58     45.58 -80.90 150.85  15.22   0.56   1.66   -0.020  0.234  0.217  0.118
   59      8.51 -82.04   0.41   2.28   0.85   0.25    0.008  0.415  0.076 -0.420
   60      3.55-110.47-118.50   3.38   1.09   1.29   -0.046  0.244  0.226 -0.317
   61      0.54-130.41 -55.26   0.63   0.69   0.31   -0.057 -0.364 -0.255  0.521
   62     20.09  19.38 152.50  15.54   0.70   1.33   -0.007  0.106 -0.143 -0.058
   63     18.81 -47.15  29.79  20.22   0.36   0.40    0.005  0.125 -0.111  0.124
   64      4.70-163.13 184.13   8.17   0.72   2.10   -0.104  0.785  1.133  0.174
   65     23.40 -47.89  20.47  15.59   0.15   0.12    0.001  0.176 -0.174  0.090
   66     32.81-152.26  43.20  18.10   0.39   1.23    0.013  0.040  0.352  0.202
   67     41.90 -37.14  -5.09  19.00   0.41   0.50    0.002  0.164 -0.181 -0.200
   68     14.17  50.80 105.95  20.58   0.50   1.01   -0.031  0.022  0.284  0.177
   69     48.30-214.97-349.14  73.50   0.00   0.00    0.000  0.000  0.000  0.000
   70      5.47  33.74  96.88  19.38   0.63   0.97   -0.026  0.038  0.133  0.080
   71      4.12   6.16  56.58   1.30   0.57  -0.02    0.018  0.035 -0.103 -0.002
   72     56.34 132.67-297.77  96.99   2.41   1.55   -0.463 -0.032  0.042 -0.013
   73     12.90  50.48  81.83  23.17   0.52   0.91   -0.002  0.085 -0.069  0.069
   74     36.18-102.44  70.31  22.08   0.35   1.06   -0.015 -0.001  0.128  0.277
 ***** depth constrained for event    75
   75     46.68-107.64   2.69   0.11   1.11   0.49   -0.022 -0.052  0.235 -0.100
   76     54.60-217.19 302.17   0.10   0.00   0.00    0.000  0.000  0.000  0.000
   77     44.09  50.95  93.81  16.88   0.48   0.69   -0.015  0.021  0.082  0.085
   78     41.80  38.40  66.32  21.96   0.52   0.66   -0.003  0.038 -0.183 -0.042
 ***** depth constrained for event    79
   79     58.58 -69.55  -4.37   0.11   0.54   0.12   -0.016  0.224  0.093 -0.090
 ***** depth constrained for event    80
   80     26.69 -69.98  -5.71   0.11   0.52   0.16   -0.014  0.163  0.089 -0.100
 ***** depth constrained for event    81
   81     26.87 -69.93  -4.50   0.11   0.58   0.18   -0.027  0.193  0.071 -0.100
 ***** depth constrained for event    82
   82     23.27 -69.91  -4.42   0.11   0.40  -0.08   -0.029  0.206  0.040 -0.100
   83     23.19 -70.99  -6.11   6.70   0.18  -0.11   -0.009  0.195  0.026  0.101
   84     21.22 -43.18   8.59  20.97   0.11   0.27    0.015  0.199 -0.229 -0.026
   85     24.56-167.45 -46.33  10.82   0.59   1.39   -0.043  0.008  0.085 -0.077
   86     44.09 -12.26  30.06  18.08   0.33   0.27   -0.006  0.076 -0.176 -0.019
   87     28.81 -61.57   6.97   3.02   0.14  -0.03    0.005  0.089 -0.168  0.420
   88     38.04-103.78 -28.28   8.30   0.70   0.35   -0.055  0.080 -0.162 -0.098
   89     47.79-141.88  89.52  20.73   0.33   1.47   -0.013 -0.079  0.144  0.525
   90     48.28-139.83  88.26  20.59   0.29   1.42   -0.018 -0.011  0.222  0.488
   91     34.07  33.58  85.13  19.68   0.61   0.88   -0.033  0.122 -0.012  0.177

 A V E R A G E   of ADJUSTMENTS :                    -0.032  0.040  0.026  0.047
 A V E R A G E   of ABSOLUTE ADJUSTMENTS :            0.037  0.114  0.126  0.132


 Step length damping of 0.18371 was applied.


 Velocity adjustments:
     vp    dvp      hp   reflector
 Velocity model   1
   5.123  0.013   -5.000      
   5.867  0.027    1.400      
   6.282 -0.008    8.770      
   6.592  0.002   14.800      
   6.880 -0.120   14.850      
   7.102 -0.158   19.950      
   7.346 -0.084   25.180      
   7.549 -0.171   28.350      
   7.740 -0.050   39.760      
   8.230 -0.200   43.590      

 Calculation of average velocity starts at layer #           1
 z = -5.00 ...  1.40    v = 5.12    AVEL = 5.12 downto z =   1.40
 z =  1.40 ...  8.77    v = 5.87    AVEL = 5.52 downto z =   8.77
 z =  8.77 ... 14.80    v = 6.28    AVEL = 5.75 downto z =  14.80
 z = 14.80 ... 14.85    v = 6.59    AVEL = 5.76 downto z =  14.85
 z = 14.85 ... 19.95    v = 6.88    AVEL = 5.99 downto z =  19.95
 z = 19.95 ... 25.18    v = 7.10    AVEL = 6.18 downto z =  25.18
 z = 25.18 ... 28.35    v = 7.35    AVEL = 6.29 downto z =  28.35
 z = 28.35 ... 39.76    v = 7.55    AVEL = 6.61 downto z =  39.76
 z = 39.76 ... 43.59    v = 7.74    AVEL = 6.70 downto z =  43.59


 Calculation of average velocity starts at layer #           2
 z =  1.40 ...  8.77    v = 5.87    AVEL = 5.87 downto z =   8.77
 z =  8.77 ... 14.80    v = 6.28    AVEL = 6.05 downto z =  14.80
 z = 14.80 ... 14.85    v = 6.59    AVEL = 6.06 downto z =  14.85
 z = 14.85 ... 19.95    v = 6.88    AVEL = 6.28 downto z =  19.95
 z = 19.95 ... 25.18    v = 7.10    AVEL = 6.46 downto z =  25.18
 z = 25.18 ... 28.35    v = 7.35    AVEL = 6.57 downto z =  28.35
 z = 28.35 ... 39.76    v = 7.55    AVEL = 6.86 downto z =  39.76
 z = 39.76 ... 43.59    v = 7.74    AVEL = 6.94 downto z =  43.59



 Adjusted station corrections:
   stn  ptcor  dpcor  
  624   0.000  0.000  628  -0.035 -0.035  630  -0.022 -0.022  627   0.027  0.027
  621   0.013  0.013  629   0.029  0.029  622   0.012  0.012  620  -0.003 -0.003
  623   0.043  0.043  626   0.035  0.035  625   0.036  0.036  631   0.044  0.044
  632  -0.034 -0.034

 ~~~ another iteration? ...



--------------------------------------------------------------------------------



           ITERATION no  2

 ~~~ set units for this iteration ...
 ~~~ determine number of unknowns for this iter. ...

 Number of unknowns (for array-indexing):  nvar =  386
 Number of effective unknowns        :  nvareff =  387
 Number of elements on/below main diagonal of matrix G = At*A : kvar =   74691

 Damping factors to be used in this iteration:
   Othet=   0.010   XYthet  =   0.010   Zthet=  0.010
 STAthet=   0.010   Vthet   =   1.000

 ~~~ damp G ...
 ~~~ solve G * b = RHT ...
 ~~~ fix units ...
 ~~~ apply eventually step-length damping ...
 ~~~ adjust model (hypocenters, stacorr & veloc.) ...

 doing velocity adjustments now...

 doing station-correction adjustments...

 ~~~ compute effective step-length ...

 (Applied) Step length =   3.728

 ~~~ set units for next iteration ...
 ~~~ determine number of unknowns for next iter. ...

 Number of unknowns (for array-indexing):  nvar =  386
 Number of effective unknowns        :  nvareff =  387
 Number of elements on/below main diagonal of matrix G = At*A : kvar =   74691

 ~~~ reset G and RHT ...
 ~~~ raytracing, setup G ...
 ~~~ store parts of G ...
 ~~~ set units back for current iteration ...
 ~~~ determine number of unknowns for this iter. ...

 Number of unknowns (for array-indexing):  nvar =  386
 Number of effective unknowns        :  nvareff =  387
 Number of elements on/below main diagonal of matrix G = At*A : kvar =   74691

 ~~~ compute RMS and DATVAR ...

 $$$$$$$$$$$$$$$$$$$$$$$$$$$$$$$$$$$$$$$$$$$$$$$$$
 Events with  | AVRES | > 1.0 SEC are suspicious !

 Event#  10 >>>  160920 1607  AVRES =  1.87 NOBS =  2
 Event#  11 >>>  160925 1911  AVRES =  1.65 NOBS =  2
 Event#  57 >>>  170409 0856  AVRES =  1.41 NOBS =  6
 Event#  58 >>>  170409 0902  AVRES =  1.27 NOBS =  7
 Event#  60 >>>  170410 1813  AVRES =  1.01 NOBS = 13
 Event#  62 >>>  170413 0651  AVRES =  1.03 NOBS = 10
 Event#  64 >>>  170414 0540  AVRES =  1.60 NOBS = 11
 Event#  72 >>>  170418 1005  AVRES =  1.17 NOBS =  1
 Event#  85 >>>  170426 1834  AVRES =  1.06 NOBS =  8
 Event#  89 >>>  170427 2010  AVRES =  1.13 NOBS =  8
 Event#  90 >>>  170427 2010  AVRES =  1.09 NOBS =  8

 ^^^^^^^^^ C H E C K   these events above ^^^^^^^^
 $$$$$$$$$$$$$$$$$$$$$$$$$$$$$$$$$$$$$$$$$$$$$$$$$

 ~~~ check solution (better? worse?) ...

 Iteration nr  2 obtained:
 DATVAR=    0.819529 mean sqrd residual=     0.352434  RMS RESIDUAL=     0.593661

 After  2 iterations we got:
 Average absolute & unweighted [and mean] residual of
   290 straight and direct rays =  0.25860 [  0.18340]
   389 refracted           rays =  0.79486 [  0.72393]
     0 reflected           rays =  0.00000 [  0.00000]

   679 ALL                 RAYS =  0.56583 [  0.49307]      -22.05 %

 ~~~ iteration done; output results ...

  eq       ot     x      y      z      rms    avres   dot     dx     dy     dz
    1      9.08  38.53 112.01  23.35   0.27   0.60   -0.017 -0.063  0.046  0.062
    2      9.27  37.98 110.73  23.17   0.28   0.59   -0.026  0.014  0.084  0.210
    3     27.22-130.06  -7.84  11.76   0.57   0.76   -0.056 -0.033  0.361 -0.293
    4     15.59-130.98  -6.51  10.18   0.70   0.77   -0.073 -0.007  0.199 -0.509
    5     45.67 -40.28  38.52  23.71   0.21   0.39   -0.021  0.027 -0.163 -0.060
    6     49.46 -36.61  40.53  16.94   0.12   0.12   -0.030  0.144 -0.100  0.255
    7     13.82-134.82-119.29   6.20   0.79   0.96   -0.102  0.286 -0.185 -0.116
    8     30.33-141.05 -43.68   8.64   0.58   0.99   -0.051 -0.097  0.062  0.016
    9     39.63  10.75  56.43  12.06   0.06  -0.08   -0.048 -0.057 -0.129  0.028
   10     18.08 -87.92-308.24  16.22   1.06   1.87   -0.122 -0.477  0.039  0.010
   11      5.25 -63.32-309.65  15.63   1.29   1.65   -0.190 -0.597 -0.004  0.015
   12     51.17  34.96  94.63  16.22   0.19   0.34   -0.027 -0.057  0.006  0.334
   13     46.85  33.39  98.08  19.34   0.35   0.56   -0.035  0.053  0.124  0.270
   14     55.83  33.40  97.37  14.20   0.48   0.38   -0.045  0.038 -0.086  0.148
   15     44.63  33.86  97.66  17.56   0.47   0.62   -0.045 -0.082  0.180  0.192
   16     44.81  34.86  96.24  19.01   0.56   0.67   -0.057 -0.110  0.275  0.210
   17     22.02  -1.01  82.52  18.86   0.44   0.39   -0.048 -0.003  0.088  0.187
   18     36.38 -34.10   4.41  11.71   0.20   0.06   -0.065  0.056 -0.004  0.238
   19     33.25  41.24  64.09  10.53   0.10  -0.01   -0.034 -0.132 -0.049  0.248
   20     45.93  37.68  85.15  16.18   0.39   0.51   -0.046 -0.099  0.012 -0.016
   21     34.06  36.33  82.53  13.99   0.59   0.33   -0.028 -0.132 -0.067 -0.332
   22     25.83  35.35  85.36  13.19   0.34   0.18   -0.042 -0.264  0.010 -0.206
   23     15.84  35.11  86.21  11.52   0.50   0.13   -0.036 -0.154 -0.087 -0.026
   24      1.84  34.87  82.80   6.67   0.48  -0.03   -0.093 -0.007  0.423  0.570
   25     48.64 -45.75  23.40  22.38   0.08   0.27    0.010  0.104 -0.195  0.206
   26     27.53 -70.02  -3.93  10.87   0.09  -0.00   -0.052  0.199 -0.172  0.321
   27      0.15  -0.54  49.11  13.32   0.41   0.14   -0.034  0.063 -0.231  0.124
   28     59.05  37.62  76.29  11.20   0.63   0.35   -0.035 -0.091  0.057 -0.280
   29     20.16-148.74 -12.39  14.84   0.43   0.99   -0.025  0.035  0.233  0.029
   30      2.89  36.17  76.52  13.67   0.73   0.47   -0.014  0.134 -0.143  0.151
   31     20.95  36.20  77.37  14.19   0.62   0.47   -0.033 -0.210 -0.052 -0.023
   32     50.76  36.77  76.90  15.29   0.31   0.19   -0.028 -0.092 -0.067 -0.008
   33      0.81  37.17  75.98  15.42   0.40   0.30   -0.005 -0.055 -0.121 -0.084
   34     55.42 -16.84  34.77  24.52   0.10   0.25    0.004  0.143 -0.076  0.014
   35     39.25 -71.10  -8.22   4.36   0.26  -0.04    0.014  0.442  0.130  0.600
   36     59.10  36.41  77.63  14.71   0.54   0.45   -0.007 -0.093 -0.137 -0.199
   37      5.55  31.22  50.04  14.83   0.22   0.09   -0.035 -0.080 -0.090 -0.060
   38     46.47  73.00  72.85  16.83   0.46   0.53   -0.020 -0.108 -0.097 -0.042
   39     14.01   0.74  25.99   3.72   0.12  -0.16   -0.050  0.020 -0.121 -0.067
   40     14.53 -41.95  13.89  16.57   0.27   0.14   -0.044  0.000 -0.026 -0.102
   41     56.31  34.71  79.06   5.98   0.13  -0.08   -0.054 -0.100 -0.032  0.522
   42     34.29  -3.91  46.15  17.97   0.15   0.13   -0.012  0.093 -0.085 -0.011
   43     24.61-109.78 -39.04   5.35   0.41  -0.02   -0.001  0.612  0.157  0.130
   44     49.62  30.17  50.41   8.43   0.05  -0.13   -0.045 -0.068 -0.059  0.046
   45     41.18-144.98  45.78  18.60   0.34   0.97   -0.018  0.021  0.183  0.175
   46     34.07 -57.33  -0.88  16.25   0.17   0.19   -0.026  0.140 -0.064  0.090
   47      1.02  10.70  80.52  21.98   0.52   0.63    0.002  0.099 -0.028  0.052
   48     37.23  10.69  81.62  23.61   0.23   0.42    0.009  0.097  0.018  0.071
   49     35.68  54.46  84.56  22.56   0.32   0.40   -0.014 -0.168 -0.012 -0.013
   50     36.08-102.24 -35.65  14.97   0.52   0.68   -0.013  0.268 -0.065 -0.229
   51     53.13-100.87 -54.39   8.69   0.72   0.79   -0.048  0.333  0.082 -0.370
   52     43.17-115.50  43.60  15.78   0.49   0.79   -0.028 -0.071  0.323  0.127
   53      1.01  10.66  80.80  21.48   0.51   0.65   -0.001  0.080  0.064  0.106
   54      2.40 -83.72 322.67  15.68   0.37   0.83   -0.513 -0.031 -0.076  0.041
   55      2.72 -89.74 304.22   0.52   0.24   0.96   -0.412  0.051 -0.038  0.063
   56     44.86  35.92  67.45  14.81   0.61   0.46   -0.029 -0.008 -0.141  0.034
   57     47.03 -84.83 154.76  15.54   0.39   1.41   -0.092 -0.082  0.122 -0.029
   58     45.54 -80.67 151.11  15.39   0.44   1.27   -0.037  0.227  0.255  0.169
   59      8.50 -81.63   0.49   1.82   0.70   0.20   -0.013  0.415  0.076 -0.461
   60      3.48-110.38-118.05   2.88   0.90   1.01   -0.070  0.096  0.450 -0.505
   61      0.47-130.86 -55.39   1.22   0.58   0.24   -0.075 -0.443 -0.127  0.584
   62     20.07  19.51 152.37  15.57   0.57   1.03   -0.020  0.133 -0.132  0.024
   63     18.80 -47.04  29.66  20.36   0.28   0.30   -0.010  0.102 -0.138  0.141
   64      4.56-162.25 185.45   8.40   0.63   1.60   -0.136  0.882  1.324  0.230
   65     23.38 -47.72  20.29  15.71   0.12   0.09   -0.018  0.173 -0.180  0.122
   66     32.81-152.26  43.57  18.37   0.31   0.94   -0.005  0.003  0.374  0.265
   67     41.90 -37.00  -5.28  18.69   0.33   0.38   -0.004  0.145 -0.185 -0.305
   68     14.11  50.85 106.31  20.79   0.41   0.77   -0.055  0.053  0.353  0.217
   69     48.30-214.97-349.14  73.50   0.00   0.00    0.000  0.000  0.000  0.000
   70      5.43  33.78  97.04  19.48   0.49   0.74   -0.044  0.045  0.163  0.097
   71      4.13   6.19  56.49   1.30   0.57  -0.02    0.008  0.031 -0.092 -0.001
   72     55.83 132.63-297.73  96.97   1.37   1.17   -0.511 -0.037  0.048 -0.014
   73     12.89  50.61  81.72  23.30   0.41   0.70   -0.013  0.128 -0.109  0.133
   74     36.15-102.48  70.45  22.45   0.28   0.81   -0.033 -0.034  0.137  0.371
 ***** depth constrained for event    75
   75     46.63-107.73   2.93   0.11   1.02   0.40   -0.047 -0.089  0.243 -0.100
   76     54.60-217.19 302.17   0.10   0.00   0.00    0.000  0.000  0.000  0.000
   77     44.05  50.95  93.90  16.96   0.37   0.53   -0.031  0.002  0.087  0.075
   78     41.78  38.44  66.12  21.94   0.41   0.50   -0.014  0.032 -0.203 -0.022
   79     58.57 -69.36  -4.39   0.11   0.46   0.10   -0.009  0.184 -0.016  0.001
 ***** depth constrained for event    80
   80     26.66 -69.83  -5.73   0.11   0.43   0.14   -0.026  0.150 -0.020 -0.100
 ***** depth constrained for event    81
   81     26.86 -69.79  -4.55   0.11   0.49   0.15   -0.016  0.140 -0.050 -0.100
 ***** depth constrained for event    82
   82     23.23 -69.73  -4.48   0.11   0.34  -0.05   -0.038  0.178 -0.056 -0.100
   83     23.17 -70.73  -6.03   6.99   0.14  -0.08   -0.026  0.258  0.084  0.289
   84     21.21 -42.99   8.34  20.97   0.09   0.21   -0.000  0.196 -0.247 -0.004
   85     24.49-167.44 -46.23  10.69   0.47   1.06   -0.069  0.018  0.102 -0.135
   86     44.07 -12.19  29.88  18.09   0.25   0.21   -0.024  0.065 -0.181  0.014
   87     28.79 -61.47   6.74   3.69   0.12  -0.02   -0.017  0.098 -0.237  0.673
   88     37.98-103.58 -28.22   8.14   0.58   0.27   -0.062  0.205  0.062 -0.166
   89     47.76-141.99  89.67  21.37   0.25   1.13   -0.026 -0.114  0.148  0.643
   90     48.25-139.87  88.50  21.19   0.21   1.09   -0.032 -0.037  0.238  0.599
   91     34.02  33.69  85.08  19.75   0.47   0.67   -0.047  0.105 -0.047  0.071

 A V E R A G E   of ADJUSTMENTS :                    -0.050  0.036  0.026  0.061
 A V E R A G E   of ABSOLUTE ADJUSTMENTS :            0.051  0.132  0.137  0.173


 Step length damping of 0.23075 was applied.


 Velocity adjustments:
     vp    dvp      hp   reflector
 Velocity model   1
   5.137  0.014   -5.000      
   5.880  0.014    1.400      
   6.226 -0.056    8.770      
   6.596  0.004   14.800      
   6.758 -0.123   14.850      
   6.950 -0.152   19.950      
   7.216 -0.130   25.180      
   7.397 -0.153   28.350      
   7.679 -0.061   39.760      
   8.030 -0.200   43.590      

 Calculation of average velocity starts at layer #           1
 z = -5.00 ...  1.40    v = 5.14    AVEL = 5.14 downto z =   1.40
 z =  1.40 ...  8.77    v = 5.88    AVEL = 5.53 downto z =   8.77
 z =  8.77 ... 14.80    v = 6.23    AVEL = 5.75 downto z =  14.80
 z = 14.80 ... 14.85    v = 6.60    AVEL = 5.75 downto z =  14.85
 z = 14.85 ... 19.95    v = 6.76    AVEL = 5.95 downto z =  19.95
 z = 19.95 ... 25.18    v = 6.95    AVEL = 6.13 downto z =  25.18
 z = 25.18 ... 28.35    v = 7.22    AVEL = 6.23 downto z =  28.35
 z = 28.35 ... 39.76    v = 7.40    AVEL = 6.53 downto z =  39.76
 z = 39.76 ... 43.59    v = 7.68    AVEL = 6.62 downto z =  43.59


 Calculation of average velocity starts at layer #           2
 z =  1.40 ...  8.77    v = 5.88    AVEL = 5.88 downto z =   8.77
 z =  8.77 ... 14.80    v = 6.23    AVEL = 6.04 downto z =  14.80
 z = 14.80 ... 14.85    v = 6.60    AVEL = 6.04 downto z =  14.85
 z = 14.85 ... 19.95    v = 6.76    AVEL = 6.24 downto z =  19.95
 z = 19.95 ... 25.18    v = 6.95    AVEL = 6.39 downto z =  25.18
 z = 25.18 ... 28.35    v = 7.22    AVEL = 6.49 downto z =  28.35
 z = 28.35 ... 39.76    v = 7.40    AVEL = 6.76 downto z =  39.76
 z = 39.76 ... 43.59    v = 7.68    AVEL = 6.84 downto z =  43.59



 Adjusted station corrections:
   stn  ptcor  dpcor  
  624   0.000  0.000  628  -0.074 -0.039  630  -0.045 -0.022  627   0.052  0.025
  621   0.023  0.010  629   0.059  0.030  622   0.020  0.008  620  -0.012 -0.008
  623   0.088  0.045  626   0.069  0.034  625   0.067  0.031  631   0.095  0.051
  632  -0.062 -0.028

 ~~~ another iteration? ...



--------------------------------------------------------------------------------



           ITERATION no  3

 ~~~ set units for this iteration ...
 ~~~ determine number of unknowns for this iter. ...

 Number of unknowns (for array-indexing):  nvar =  386
 Number of effective unknowns        :  nvareff =  387
 Number of elements on/below main diagonal of matrix G = At*A : kvar =   74691

 Damping factors to be used in this iteration:
   Othet=   0.010   XYthet  =   0.010   Zthet=  0.010
 STAthet=   0.010   Vthet   =   1.000

 ~~~ damp G ...
 ~~~ solve G * b = RHT ...
 ~~~ fix units ...
 ~~~ apply eventually step-length damping ...
 ~~~ adjust model (hypocenters, stacorr & veloc.) ...

 doing velocity adjustments now...

 doing station-correction adjustments...

 ~~~ compute effective step-length ...

 (Applied) Step length =   4.378

 ~~~ set units for next iteration ...
 ~~~ determine number of unknowns for next iter. ...

 Number of unknowns (for array-indexing):  nvar =  386
 Number of effective unknowns        :  nvareff =  387
 Number of elements on/below main diagonal of matrix G = At*A : kvar =   74691

 ~~~ reset G and RHT ...
 ~~~ raytracing, setup G ...
 ~~~ store parts of G ...
 ~~~ set units back for current iteration ...
 ~~~ determine number of unknowns for this iter. ...

 Number of unknowns (for array-indexing):  nvar =  386
 Number of effective unknowns        :  nvareff =  387
 Number of elements on/below main diagonal of matrix G = At*A : kvar =   74691

 ~~~ compute RMS and DATVAR ...

 $$$$$$$$$$$$$$$$$$$$$$$$$$$$$$$$$$$$$$$$$$$$$$$$$
 Events with  | AVRES | > 1.0 SEC are suspicious !

 Event#  10 >>>  160920 1607  AVRES =  1.29 NOBS =  2
 Event#  11 >>>  160925 1911  AVRES =  1.14 NOBS =  2
 Event#  64 >>>  170414 0540  AVRES =  1.10 NOBS = 11

 ^^^^^^^^^ C H E C K   these events above ^^^^^^^^
 $$$$$$$$$$$$$$$$$$$$$$$$$$$$$$$$$$$$$$$$$$$$$$$$$

 ~~~ check solution (better? worse?) ...

 Iteration nr  3 obtained:
 DATVAR=    0.461749 mean sqrd residual=     0.198572  RMS RESIDUAL=     0.445615

 After  3 iterations we got:
 Average absolute & unweighted [and mean] residual of
   291 straight and direct rays =  0.18947 [  0.13740]
   388 refracted           rays =  0.57163 [  0.49825]
     0 reflected           rays =  0.00000 [  0.00000]

   679 ALL                 RAYS =  0.40785 [  0.34360]      -27.92 %

 ~~~ iteration done; output results ...

  eq       ot     x      y      z      rms    avres   dot     dx     dy     dz
    1      9.05  38.48 112.04  23.49   0.19   0.42   -0.023 -0.051  0.035  0.145
    2      9.24  37.98 110.79  23.29   0.21   0.41   -0.028  0.001  0.067  0.122
    3     27.16-130.14  -7.47  11.60   0.44   0.53   -0.052 -0.080  0.372 -0.157
    4     15.52-131.07  -6.26   9.72   0.52   0.53   -0.071 -0.084  0.255 -0.455
    5     45.64 -40.24  38.40  23.76   0.15   0.27   -0.028  0.043 -0.121  0.051
    6     49.43 -36.45  40.46  17.27   0.10   0.08   -0.031  0.166 -0.071  0.329
    7     13.72-134.40-119.63   6.13   0.57   0.67   -0.093  0.414 -0.343 -0.063
    8     30.28-141.17 -43.62   8.65   0.43   0.69   -0.052 -0.120  0.051  0.011
    9     39.60  10.67  56.27  11.97   0.07  -0.06   -0.035 -0.085 -0.162 -0.085
   10     17.94 -88.56-308.19  16.23   1.02   1.29   -0.138 -0.639  0.051  0.011
   11      5.04 -64.12-309.66  15.64   1.27   1.14   -0.207 -0.801 -0.009  0.017
   12     51.13  34.87  94.64  16.66   0.13   0.24   -0.033 -0.093  0.016  0.441
   13     46.81  33.47  98.21  19.67   0.25   0.38   -0.040  0.072  0.126  0.335
   14     55.79  33.40  97.27  14.42   0.31   0.27   -0.042 -0.008 -0.104  0.220
   15     44.58  33.78  97.81  17.81   0.34   0.43   -0.049 -0.083  0.154  0.243
   16     44.74  34.72  96.56  19.25   0.42   0.46   -0.069 -0.144  0.320  0.237
   17     21.97  -0.99  82.61  19.10   0.31   0.27   -0.052  0.018  0.085  0.232
   18     36.32 -34.08   4.37  12.04   0.15   0.04   -0.065  0.024 -0.034  0.327
   19     33.22  41.15  64.03  10.75   0.11  -0.01   -0.031 -0.096 -0.059  0.216
   20     45.87  37.57  85.16  16.17   0.27   0.35   -0.052 -0.105  0.010 -0.013
   21     34.04  36.17  82.45  13.67   0.46   0.23   -0.025 -0.159 -0.087 -0.327
   22     25.80  35.07  85.35  12.98   0.25   0.14   -0.037 -0.283 -0.010 -0.209
   23     15.81  35.01  86.08  11.54   0.42   0.10   -0.025 -0.101 -0.127  0.012
   24      1.72  34.77  83.26   6.85   0.41   0.00   -0.119 -0.103  0.459  0.176
   25     48.65 -45.64  23.18  22.63   0.07   0.19    0.012  0.110 -0.218  0.249
   26     27.49 -69.78  -4.09  11.16   0.07   0.01   -0.041  0.249 -0.157  0.285
   27      0.12  -0.44  48.88  13.46   0.28   0.10   -0.032  0.101 -0.230  0.141
   28     59.02  37.58  76.40  10.98   0.45   0.25   -0.032 -0.039  0.114 -0.216
   29     20.13-148.68 -12.16  14.89   0.32   0.68   -0.034  0.053  0.228  0.049
   30      2.88  36.33  76.35  13.89   0.58   0.33   -0.012  0.161 -0.172  0.217
   31     20.91  35.97  77.33  14.22   0.46   0.33   -0.035 -0.235 -0.034  0.030
   32     50.73  36.64  76.80  15.29   0.23   0.14   -0.026 -0.123 -0.101 -0.001
   33      0.80  37.09  75.85  15.38   0.28   0.21   -0.004 -0.084 -0.134 -0.047
   34     55.42 -16.65  34.72  24.54   0.08   0.18    0.006  0.188 -0.053  0.013
   35     39.25 -70.64  -8.28   4.53   0.25  -0.03    0.002  0.465 -0.056  0.175
   36     59.09  36.33  77.54  14.79   0.39   0.31   -0.014 -0.081 -0.088  0.081
   37      5.51  31.09  49.98  14.59   0.18   0.07   -0.032 -0.128 -0.064 -0.241
   38     46.44  72.84  72.84  17.01   0.35   0.37   -0.025 -0.163 -0.005  0.179
   39     13.93   0.75  25.85   3.80   0.11  -0.11   -0.084  0.012 -0.139  0.082
   40     14.49 -41.92  13.85  16.52   0.23   0.10   -0.044  0.029 -0.036 -0.057
   41     56.28  34.69  78.68   6.16   0.12  -0.06   -0.034 -0.013 -0.373  0.187
   42     34.28  -3.78  46.07  17.94   0.11   0.09   -0.009  0.131 -0.082 -0.034
   43     24.61-109.14 -38.76   5.21   0.35  -0.00   -0.001  0.634  0.279 -0.144
   44     49.57  30.19  50.25   8.34   0.03  -0.09   -0.052  0.028 -0.161 -0.093
   45     41.16-144.98  46.00  18.91   0.23   0.67   -0.022 -0.002  0.216  0.304
   46     34.05 -57.19  -1.01  16.37   0.12   0.13   -0.024  0.144 -0.138  0.125
   47      1.02  10.78  80.47  22.04   0.39   0.44    0.001  0.086 -0.042  0.068
   48     37.24  10.80  81.60  23.71   0.15   0.29    0.009  0.113 -0.018  0.107
   49     35.66  54.29  84.50  22.64   0.23   0.28   -0.019 -0.174 -0.055  0.073
   50     36.06-101.95 -35.65  14.69   0.37   0.47   -0.015  0.296  0.004 -0.278
   51     53.09-100.41 -54.25   7.98   0.57   0.55   -0.039  0.468  0.136 -0.710
   52     43.12-115.67  43.97  15.99   0.39   0.55   -0.053 -0.168  0.365  0.209
   53      1.01  10.73  80.86  21.60   0.37   0.45   -0.004  0.069  0.061  0.122
   54      1.86 -83.77 322.58  15.72   0.33   0.56   -0.542 -0.044 -0.086  0.043
   55      2.29 -89.65 304.18   0.58   0.18   0.66   -0.428  0.089 -0.031  0.064
   56     44.83  35.88  67.26  14.80   0.46   0.32   -0.027 -0.044 -0.192 -0.012
   57     46.93 -84.92 154.94  15.51   0.35   0.97   -0.109 -0.089  0.174 -0.031
   58     45.49 -80.41 151.44  15.63   0.33   0.88   -0.052  0.265  0.333  0.241
   59      8.46 -81.09   0.39   0.73   0.59   0.11   -0.039  0.533 -0.100 -1.087
   60      3.47-109.98-117.49   2.40   0.72   0.70   -0.011  0.399  0.559 -0.478
   61      0.37-131.28 -55.34   1.57   0.48   0.16   -0.101 -0.423  0.048  0.353
   62     20.06  19.82 152.21  15.96   0.46   0.71   -0.015  0.305 -0.161  0.391
   63     18.79 -46.93  29.51  20.56   0.19   0.21   -0.009  0.114 -0.145  0.191
   64      4.42-161.21 187.10   8.72   0.55   1.10   -0.142  1.043  1.642  0.311
   65     23.37 -47.51  20.10  15.88   0.09   0.07   -0.010  0.205 -0.186  0.172
   66     32.79-152.24  44.01  18.56   0.25   0.65   -0.016  0.015  0.439  0.198
   67     41.89 -36.82  -5.47  18.42   0.25   0.27   -0.007  0.179 -0.198 -0.272
   68     14.04  50.96 106.74  21.07   0.33   0.53   -0.072  0.112  0.432  0.273
   69     48.30-214.97-349.14  73.50   0.00   0.00    0.000  0.000  0.000  0.000
   70      5.38  33.86  97.22  19.65   0.35   0.51   -0.048  0.081  0.181  0.171
   71      4.10   6.24  56.44   1.30   0.56  -0.01   -0.023  0.048 -0.049  0.002
   72     55.28 132.59-297.67  96.96   0.62   0.79   -0.548 -0.040  0.053 -0.016
   73     12.86  50.77  81.60  23.54   0.31   0.48   -0.023  0.156 -0.120  0.233
   74     36.11-102.52  70.67  23.25   0.23   0.56   -0.037 -0.048  0.217  0.804
 ***** depth constrained for event    75
   75     46.51-107.92   3.43   0.11   0.96   0.35   -0.124 -0.194  0.498 -0.100
   76     54.60-217.19 302.17   0.10   0.00   0.00    0.000  0.000  0.000  0.000
   77     44.02  50.93  93.98  17.04   0.25   0.37   -0.035 -0.021  0.076  0.085
   78     41.77  38.48  65.88  21.97   0.30   0.35   -0.017  0.048 -0.235  0.037
   79     58.54 -69.17  -4.51   0.24   0.41   0.07   -0.030  0.192 -0.120  0.128
   80     26.61 -69.69  -5.93   0.01   0.36   0.10   -0.050  0.139 -0.199 -0.099
   81     26.82 -69.64  -4.71   0.05   0.43   0.11   -0.039  0.147 -0.157 -0.056
   82     23.17 -69.53  -4.59   0.05   0.30  -0.03   -0.061  0.204 -0.115 -0.061
   83     23.14 -70.42  -5.96   7.06   0.12  -0.05   -0.024  0.307  0.064  0.066
   84     21.22 -42.76   8.05  20.99   0.06   0.15    0.000  0.224 -0.291  0.024
   85     24.42-167.42 -46.11  10.50   0.36   0.74   -0.069  0.020  0.122 -0.189
   86     44.04 -12.10  29.69  18.16   0.17   0.15   -0.025  0.088 -0.196  0.067
   87     28.75 -61.30   6.63   4.32   0.10  -0.02   -0.037  0.171 -0.106  0.627
   88     37.95-103.33 -28.05   8.02   0.45   0.20   -0.028  0.245  0.171 -0.119
   89     47.73-142.14  89.84  22.08   0.21   0.78   -0.028 -0.154  0.173  0.714
   90     48.21-139.90  88.79  21.74   0.16   0.75   -0.039 -0.036  0.290  0.557
   91     33.97  33.81  85.03  19.92   0.33   0.47   -0.053  0.127 -0.048  0.171

 A V E R A G E   of ADJUSTMENTS :                    -0.055  0.046  0.029  0.067
 A V E R A G E   of ABSOLUTE ADJUSTMENTS :            0.055  0.163  0.166  0.191


 Step length damping of 0.30523 was applied.


 Velocity adjustments:
     vp    dvp      hp   reflector
 Velocity model   1
   5.164  0.026   -5.000      
   5.858 -0.022    1.400      
   6.225 -0.001    8.770      
   6.599  0.003   14.800      
   6.614 -0.143   14.850      
   6.800 -0.150   19.950      
   7.046 -0.170   25.180      
   7.264 -0.133   28.350      
   7.594 -0.085   39.760      
   7.830 -0.200   43.590      

 Calculation of average velocity starts at layer #           1
 z = -5.00 ...  1.40    v = 5.16    AVEL = 5.16 downto z =   1.40
 z =  1.40 ...  8.77    v = 5.86    AVEL = 5.54 downto z =   8.77
 z =  8.77 ... 14.80    v = 6.22    AVEL = 5.75 downto z =  14.80
 z = 14.80 ... 14.85    v = 6.60    AVEL = 5.75 downto z =  14.85
 z = 14.85 ... 19.95    v = 6.61    AVEL = 5.92 downto z =  19.95
 z = 19.95 ... 25.18    v = 6.80    AVEL = 6.08 downto z =  25.18
 z = 25.18 ... 28.35    v = 7.05    AVEL = 6.17 downto z =  28.35
 z = 28.35 ... 39.76    v = 7.26    AVEL = 6.45 downto z =  39.76
 z = 39.76 ... 43.59    v = 7.59    AVEL = 6.54 downto z =  43.59


 Calculation of average velocity starts at layer #           2
 z =  1.40 ...  8.77    v = 5.86    AVEL = 5.86 downto z =   8.77
 z =  8.77 ... 14.80    v = 6.22    AVEL = 6.02 downto z =  14.80
 z = 14.80 ... 14.85    v = 6.60    AVEL = 6.03 downto z =  14.85
 z = 14.85 ... 19.95    v = 6.61    AVEL = 6.19 downto z =  19.95
 z = 19.95 ... 25.18    v = 6.80    AVEL = 6.32 downto z =  25.18
 z = 25.18 ... 28.35    v = 7.05    AVEL = 6.41 downto z =  28.35
 z = 28.35 ... 39.76    v = 7.26    AVEL = 6.66 downto z =  39.76
 z = 39.76 ... 43.59    v = 7.59    AVEL = 6.75 downto z =  43.59



 Adjusted station corrections:
   stn  ptcor  dpcor  
  624   0.000  0.000  628  -0.120 -0.046  630  -0.075 -0.030  627   0.069  0.016
  621   0.036  0.013  629   0.090  0.031  622   0.032  0.012  620  -0.023 -0.011
  623   0.137  0.050  626   0.098  0.029  625   0.094  0.027  631   0.147  0.052
  632  -0.091 -0.029

 ~~~ another iteration? ...
 NITT = ITTMAX  --> stop iterations.
 ~~~ final solution reached ...

 ~~~ damp G & Chol.-Decomp.: NOT made (switch iresolcalc is NOT set !)

 Final rms values:  0.19 0.21 0.44 0.52 0.15 0.10 0.57 0.43 0.07 1.02
                    1.27 0.13 0.25 0.31 0.34 0.42 0.31 0.15 0.11 0.27
                    0.46 0.25 0.42 0.41 0.07 0.07 0.28 0.45 0.32 0.58
                    0.46 0.23 0.28 0.08 0.25 0.39 0.18 0.35 0.11 0.23
                    0.12 0.11 0.35 0.03 0.23 0.12 0.39 0.15 0.23 0.37
                    0.57 0.39 0.37 0.33 0.18 0.46 0.35 0.33 0.59 0.72
                    0.48 0.46 0.19 0.55 0.09 0.25 0.25 0.33 0.00 0.35
                    0.56 0.62 0.31 0.23 0.96 0.00 0.25 0.30 0.41 0.36
                    0.43 0.30 0.12 0.06 0.36 0.17 0.10 0.45 0.21 0.16
                    0.33



 ~~~ output final hypocenters ...

      date    origin   latitude longitude  depth  mag  no  rms      x      y      z
   1 160818 1613  9.05 73.0041N 124.8538E  23.49 1.40   6 0.190   38.48 112.04  23.49
   2 160818 1613  9.24 72.9929N 124.8689E  23.29 1.10   6 0.206   37.98 110.79  23.29
   3 160819 0959 27.16 71.9330N 129.7650E  11.60 4.00  12 0.438 -130.14  -7.47  11.60
   4 160820 1506 15.52 71.9439N 129.7930E   9.72 1.50   9 0.520 -131.07  -6.26   9.72
   5 160820 1904 45.64 72.3442N 127.1772E  23.76 1.20   6 0.147  -40.24  38.40  23.76
   6 160822 1318 49.43 72.3626N 127.0668E  17.27 0.60   8 0.099  -36.45  40.46  17.27
   7 160823 0652 13.72 70.9279N 129.7866E   6.13 2.90   6 0.575 -134.40-119.63   6.13
   8 160824 1510 30.28 71.6090N 130.0490E   8.65 1.50   9 0.432 -141.17 -43.62   8.65
   9 160906 1514 39.60 72.5043N 125.6866E  11.97 0.90   6 0.065   10.67  56.27  11.97
  10 160920 1607 17.94 69.2381N 128.3902E  16.23 2.60   2 1.020  -88.56-308.19  16.23
  11 160925 1911  5.04 69.2249N 127.7302E  15.64 2.30   2 1.270  -64.12-309.66  15.64
  12 161004 0841 51.13 72.8482N 124.9658E  16.66 0.20   6 0.127   34.87  94.64  16.66
  13 161005 1619 46.81 72.8801N 125.0066E  19.67 1.00   9 0.253   33.47  98.21  19.67
  14 161006 0156 55.79 72.8717N 125.0089E  14.42 1.00   7 0.314   33.40  97.27  14.42
  15 161009 0036 44.58 72.8766N 124.9973E  17.81 1.30   8 0.338   33.78  97.81  17.81
  16 161009 0036 44.74 72.8654N 124.9698E  19.25 1.20   7 0.419   34.72  96.56  19.25
  17 161012 0800 21.97 72.7403N 126.0294E  19.10 0.80   7 0.311   -0.99  82.61  19.10
  18 161015 1013 36.32 72.0392N 126.9888E  12.04 0.70   7 0.152  -34.08   4.37  12.04
  19 161021 0507 33.22 72.5739N 124.7888E  10.75 0.80   6 0.107   41.15  64.03  10.75
  20 161124 2250 45.87 72.7632N 124.8882E  16.17 3.10   4 0.272   37.57  85.16  16.17
  21 161125 0156 34.04 72.7389N 124.9303E  13.67 0.60   7 0.462   36.17  82.45  13.67
  22 161125 0517 25.80 72.7649N 124.9622E  12.98 1.60   6 0.252   35.07  85.35  12.98
  23 161125 0525 15.81 72.7715N 124.9638E  11.54 0.80   6 0.416   35.01  86.08  11.54
  24 161125 0556  1.72 72.7461N 124.9718E   6.85 0.20   6 0.415   34.77  83.26   6.85
  25 170117 0846 48.65 72.2077N 127.3302E  22.63 0.30   6 0.069  -45.64  23.18  22.63
  26 170122 1614 27.49 71.9633N 128.0203E  11.16 0.90   6 0.072  -69.78  -4.09  11.16
  27 170125 2244  0.12 72.4380N 126.0128E  13.46 0.80   6 0.281   -0.44  48.88  13.46
  28 170302 1359 59.02 72.6847N 124.8904E  10.98 0.50   7 0.452   37.58  76.40  10.98
  29 170302 2335 20.13 71.8910N 130.2967E  14.89 2.10   9 0.315 -148.68 -12.16  14.89
  30 170304 2135  2.88 72.6843N 124.9274E  13.89 1.30   7 0.579   36.33  76.35  13.89
  31 170307 0447 20.91 72.6930N 124.9379E  14.22 1.70  10 0.456   35.97  77.33  14.22
  32 170307 2016 50.73 72.6883N 124.9180E  15.29 1.10   6 0.234   36.64  76.80  15.29
  33 170309 1454  0.80 72.6797N 124.9051E  15.38 0.30   6 0.285   37.09  75.85  15.38
  34 170311 0430 55.42 72.3111N 126.4866E  24.54 0.30   6 0.077  -16.65  34.72  24.54
  35 170312 0416 39.25 71.9258N 128.0432E   4.53 2.10   6 0.252  -70.64  -8.28   4.53
  36 170313 0553 59.09 72.6949N 124.9270E  14.79 1.00   9 0.389   36.33  77.54  14.79
  37 170313 0809  5.51 72.4479N 125.0880E  14.59 1.20   7 0.177   31.09  49.98  14.59
  38 170315 0234 46.44 72.6528N 123.8513E  17.01 1.40   7 0.352   72.84  72.84  17.01
  39 170317 1007 13.93 72.2316N 125.9781E   3.80 0.50   7 0.111    0.75  25.85   3.80
  40 170320 0711 14.49 72.1241N 127.2191E  16.52 0.90   6 0.227  -41.92  13.85  16.52
  41 170320 0853 56.28 72.7052N 124.9751E   6.16 0.40   6 0.124   34.69  78.68   6.16
  42 170320 1900 34.28 72.4129N 126.1108E  17.94 0.60   7 0.114   -3.78  46.07  17.94
  43 170323 0519 24.61 71.6526N 129.1340E   5.21 1.20   6 0.353 -109.14 -38.76   5.21
  44 170323 1612 49.57 72.4503N 125.1142E   8.34 0.50   6 0.032   30.19  50.25   8.34
  45 170323 1906 41.16 72.4122N 130.2490E  18.91 1.00   6 0.225 -144.98  46.00  18.91
  46 170326 0836 34.05 71.9909N 127.6571E  16.37 1.50   7 0.124  -57.19  -1.01  16.37
  47 170402 0422  1.02 72.7212N 125.6813E  22.04 1.20  10 0.386   10.78  80.47  22.04
  48 170402 0636 37.24 72.7313N 125.6807E  23.71 0.70   6 0.153   10.80  81.60  23.71
  49 170404 2347 35.66 72.7573N 124.3939E  22.64 0.50   6 0.232   54.29  84.50  22.64
  50 170405 0307 36.06 71.6805N 128.9296E  14.69 1.00  10 0.373 -101.95 -35.65  14.69
  51 170405 1410 53.09 71.5138N 128.8726E   7.98 1.70  10 0.569 -100.41 -54.25   7.98
  52 170406 0838 43.12 72.3940N 129.3882E  15.99 0.90  10 0.389 -115.67  43.97  15.99
  53 170406 1728  1.01 72.7247N 125.6829E  21.60 0.90  10 0.370   10.73  80.86  21.60
  54 170407 1729  1.86 74.8910N 128.6328E  15.72 1.80   2 0.334  -83.77 322.58  15.72
  55 170407 1729  2.29 74.7261N 128.8042E   0.58 1.60   5 0.176  -89.65 304.18   0.58
  56 170408 1004 44.83 72.6027N 124.9430E  14.80 1.40  13 0.463   35.88  67.26  14.80
  57 170409 0856 46.93 73.3885N 128.5567E  15.51 2.50   6 0.345  -84.92 154.94  15.51
  58 170409 0902 45.49 73.3572N 128.4187E  15.63 1.10   7 0.327  -80.41 151.44  15.63
  59 170410 1520  8.46 72.0035N 128.3505E   0.73 1.00  10 0.587  -81.09   0.39   0.73
  60 170410 1813  3.47 70.9471N 129.1001E   2.40 2.20  13 0.721 -109.98-117.49   2.40
  61 170412 1507  0.37 71.5040N 129.7549E   1.57 0.70   6 0.483 -131.28 -55.34   1.57
  62 170413 0651 20.06 73.3641N 125.4037E  15.96 1.00  10 0.456   19.82 152.21  15.96
  63 170414 0459 18.79 72.2645N 127.3699E  20.56 0.50   7 0.191  -46.93  29.51  20.56
  64 170414 0540  4.42 73.6767N 130.8929E   8.72 1.80  11 0.553 -161.21 187.10   8.72
  65 170414 1656 23.37 72.1802N 127.3837E  15.88 0.20   6 0.090  -47.51  20.10  15.88
  66 170414 1753 32.79 72.3944N 130.4596E  18.56 0.70   6 0.252 -152.24  44.01  18.56
  67 170416 0523 41.89 71.9509N 127.0657E  18.42 1.60  13 0.252  -36.82  -5.47  18.42
  68 170416 1220 14.04 72.9566N 124.4840E  21.07 1.00  11 0.328   50.96 106.74  21.07
 WARNING: Event-# :          69 has zero observations!
  69 170416 1257 48.30 68.8710N 131.7500E  73.50 2.20   0 0.000 -214.97-349.14  73.50
  70 170416 1821  5.38 72.8713N 124.9950E  19.65 1.30  13 0.348   33.86  97.22  19.65
  71 170418 0606  4.10 72.5058N 125.8167E   1.30 0.20   6 0.564    6.24  56.44   1.30
  72 170418 1005 55.28 69.3323N 122.4128E  96.96 2.20   1 0.623  132.59-297.67  96.96
  73 170418 1500 12.86 72.7313N 124.4992E  23.54 1.30  12 0.307   50.77  81.60  23.54
  74 170420 1302 36.11 72.6333N 129.0228E  23.25 0.90  11 0.229 -102.52  70.67  23.25
  75 170420 2248 46.51 72.0308N 129.1304E   0.11 0.70  11 0.961 -107.92   3.43   0.11
 WARNING: Event-# :          76 has zero observations!
  76 170423 0850 54.60 74.7080N 132.7900E   0.10 1.90   0 0.000 -217.19 302.17   0.10
  77 170423 1455 44.02 72.8422N 124.4899E  17.04 0.60   8 0.252   50.93  93.98  17.04
  78 170423 2313 41.77 72.5904N 124.8667E  21.97 1.30  12 0.297   38.48  65.88  21.97
  79 170424 0609 58.54 71.9596N 128.0026E   0.24 1.10  12 0.405  -69.17  -4.51   0.24
  80 170424 0755 26.61 71.9468N 128.0168E   0.01 1.00  12 0.357  -69.69  -5.93   0.01
  81 170424 0755 26.82 71.9578N 128.0161E   0.05 1.00  12 0.428  -69.64  -4.71   0.05
  82 170425 0652 23.17 71.9588N 128.0129E   0.05 1.20   9 0.298  -69.53  -4.59   0.05
  83 170426 0051 23.14 71.9466N 128.0381E   7.06 0.70   6 0.118  -70.42  -5.96   7.06
  84 170426 1425 21.22 72.0721N 127.2418E  20.99 0.10   6 0.065  -42.76   8.05  20.99
  85 170426 1834 24.42 71.5868N 130.7990E  10.50 1.20   8 0.359 -167.42 -46.11  10.50
  86 170426 1840 44.04 72.2660N 126.3533E  18.16 1.30   8 0.167  -12.10  29.69  18.16
  87 170427 0912 28.75 72.0594N 127.7794E   4.32 0.90   8 0.099  -61.30   6.63   4.32
  88 170427 1041 37.95 71.7486N 128.9748E   8.02 0.70   7 0.447 -103.33 -28.05   8.02
  89 170427 2010 47.73 72.8052N 130.2107E  22.08 1.30   8 0.212 -142.14  89.84  22.08
  90 170427 2010 48.21 72.7957N 130.1433E  21.74 1.30   8 0.158 -139.90  88.79  21.74
  91 170427 2342 33.97 72.7621N 124.9996E  19.92 0.80   6 0.331   33.81  85.03  19.92

 ~~~ output final station residuals ...
 TURBO-option is set; residuals are NOT printed for each event!



   station statistics, remember nsp was set to: 1


 sta phase nobs avres  avwres    std    wsum    delay

 624    P  74  0.2436  0.2436  0.2985  74.0000  0.0000
 628    P  69  0.1912  0.1912  0.3782  69.0000 -0.1203
 630    P  53  0.3062  0.3062  0.3903  53.0000 -0.0753
 627    P  46  0.3077  0.3077  0.4336  46.0000  0.0685
 621    P  59  0.4601  0.4601  0.4132  59.0000  0.0364
 629    P  43  0.3326  0.3326  0.4738  43.0000  0.0901
 622    P  58  0.2661  0.2661  0.3707  58.0000  0.0323
 620    P  48  0.2100  0.2100  0.4718  48.0000 -0.0230
 623    P  55  0.3394  0.3394  0.3782  55.0000  0.1374
 626    P  52  0.5007  0.5007  0.4962  52.0000  0.0981
 625    P  49  0.3363  0.3363  0.4560  49.0000  0.0943
 631    P  49  0.6991  0.6991  0.5684  49.0000  0.1473
 632    P  24  0.3874  0.3874  0.5440  24.0000 -0.0911


 ~~~ output statistics ...




 RAY-STATISTICS FOR  L A S T  ITERATION
 --------------------------------------

 NHYP : nr of hypocenters in this layer
 NREF : nr of headwaves in this layer
 %len : % of "refracted km" in this layer 
        with respect to all refracted kilometers
 NHIT : nr of rays passed thru this layer
 xy-km: average horizontal ray length [km] in layer
 z-km : average  vertical  ray length [km] in layer
 RFLX : number of reflections at bottom of this layer

 nlay   top ..... bottom     velocity   NHYP NREF %len  NHIT xy-km  z-km  RFLX

   1    -5.00...  1.40 km    5.16 km/s    9    0   0.0   756   1.7   1.4     0
   2     1.40...  8.77 km    5.86 km/s   15   51  11.4   785  14.7   6.2     0
   3     8.77... 14.80 km    6.22 km/s   18   30   5.7   751  13.3   5.2     0
   4    14.80... 14.85 km    6.60 km/s    1    0   0.0   676   0.3   0.0     0
   5    14.85... 19.95 km    6.61 km/s   29   86  18.6   681  18.7   3.6     0
   6    19.95... 25.18 km    6.80 km/s   17   60  12.7   473  17.6   3.8     0
   7    25.18... 28.35 km    7.05 km/s    0    8   1.3   315  12.4   3.1     0
   8    28.35... 39.76 km    7.26 km/s    0  132  40.8   175  57.4   2.8     0
   9    39.76... 43.59 km    7.59 km/s    0    0   0.0    43  15.1   3.8     0
  10    43.59...       km    7.83 km/s    2   21   9.6     0   0.0   0.0

 Total nr of events was   91

 Total nr of refracted rays =   388
 Total nr of reflected rays =     0
 Total nr of   other   rays =   291
                              ------
 Total nr of    all    rays =   679

 Average (absolute) error of the raytracers:
  Straight and direct rays :    7.62 meters
  Refracted           rays :    0.01 meters
  Reflected           rays :    0.00 meters


 ALL RAYS TOGETHER:
 Average horizontal ray length =   89.8 km   (Hypocenter --> Station) 
 Average  vertical  ray length =   18.5 km   (Deepest ray-point --> Station)



 ... and some more STATISTICS 
 ---------------------------- 
  GAP of final epicenters:

  Event# -> GAP  Event# -> GAP  Event# -> GAP  Event# -> GAP  Event# -> GAP
       1 -> 295       2 -> 294       3 -> 270       4 -> 274       5 -> 307
       6 ->  96       7 -> 321       8 -> 306       9 -> 167      10 -> 346
      11 -> 347      12 -> 259      13 -> 264      14 -> 262      15 -> 264
      16 -> 264      17 -> 253      18 -> 245      19 -> 161      20 -> 302
      21 -> 231      22 -> 238      23 -> 240      24 -> 232      25 -> 129
      26 -> 103      27 -> 152      28 -> 212      29 -> 305      30 -> 211
      31 -> 215      32 -> 213      33 -> 210      34 -> 133      35 -> 238
      36 -> 216      37 -> 132      38 -> 310      39 -> 117      40 -> 209
      41 -> 218      42 -> 121      43 -> 224      44 -> 133      45 -> 308
      46 -> 126      47 -> 224      48 -> 226      49 -> 287      50 -> 194
      51 -> 289      52 -> 271      53 -> 224      54 -> 354      55 -> 347
      56 -> 180      57 -> 310      58 -> 318      59 -> 158      60 -> 310
      61 -> 301      62 -> 306      63 -> 149      64 -> 322      65 -> 127
      66 -> 293      67 ->  86      68 -> 295      69 -> 171      70 -> 262
      71 -> 173      72 ->   0      73 -> 260      74 -> 299      75 -> 240
      76 ->  59      77 -> 284      78 -> 171      79 -> 163      80 -> 169
      81 -> 165      82 -> 164      83 -> 233      84 -> 117      85 -> 315
      86 ->  94      87 -> 114      88 -> 269      89 -> 318      90 -> 317
      91 -> 294

 GAPs were between   0 and 354
      (average GAP was 227)



  MAGNITUDES of INPUT-DATA:

 Magnitude (# of events)   ***average number of obs***

 MAG<= 1.0 ( 47) *******
 MAG = 1.1 (  4) ********
 MAG = 1.2 (  7) ********
 MAG = 1.3 (  8) *********1
 MAG = 1.4 (  3) *********
 MAG = 1.5 (  3) ********
 MAG = 1.6 (  3) ********
 MAG = 1.7 (  2) *********1
 MAG = 1.8 (  2) *******
 MAG = 1.9 (  1)  
 MAG = 2.0 (  0)  
 MAG = 2.1 (  2) ********
 MAG = 2.2 (  3) *****
 MAG = 2.3 (  1) **
 MAG = 2.4 (  0)  
 MAG = 2.5 (  1) ******
 MAG = 2.6 (  1) **
 MAG = 2.7 (  0)  
 MAG = 2.8 (  0)  
 MAG = 2.9 (  1) ******
 MAG = 3.0 (  0)  
 MAG = 3.1 (  1) ****
 MAG = 3.2 (  0)  
 MAG = 3.3 (  0)  
 MAG = 3.4 (  0)  
 MAG = 3.5 (  0)  
 MAG = 3.6 (  0)  
 MAG = 3.7 (  0)  
 MAG = 3.8 (  0)  
 MAG = 3.9 (  0)  
 MAG = 4.0 (  1) *********1**
 MAG = 4.1 (  0)  
 MAG = 4.2 (  0)  
 MAG = 4.3 (  0)  
 MAG = 4.4 (  0)  
 MAG = 4.5 (  0)  
 MAG = 4.6 (  0)  
 MAG = 4.7 (  0)  
 MAG = 4.8 (  0)  
 MAG = 4.9 (  0)  
 MAG = 5.0 (  0)  
 MAG = 5.1 (  0)  
 MAG = 5.2 (  0)  
 MAG = 5.3 (  0)  
 MAG = 5.4 (  0)  
 MAG = 5.5 (  0)  
 MAG = 5.6 (  0)  
 MAG = 5.7 (  0)  
 MAG = 5.8 (  0)  
 MAG = 5.9 (  0)  
 MAG>= 6.0 (  0)  





  DEPTHs of INPUT-DATA and of LAST ITERATION:
  ===========================================

       Depth       # of events  

 DEPTH ( input ) =  -4. km :   
 DEPTH (last_IT) =  -4. km :   
 DEPTH ( input ) =  -3. km :   
 DEPTH (last_IT) =  -3. km :   
 DEPTH ( input ) =  -2. km :   
 DEPTH (last_IT) =  -2. km :   
 DEPTH ( input ) =  -1. km :   
 DEPTH (last_IT) =  -1. km :   
 DEPTH ( input ) =   0. km :  ........
 DEPTH (last_IT) =   0. km :  ******
 DEPTH ( input ) =   1. km :  .
 DEPTH (last_IT) =   1. km :  ***
 DEPTH ( input ) =   2. km :   
 DEPTH (last_IT) =   2. km :  **
 DEPTH ( input ) =   3. km :  ...
 DEPTH (last_IT) =   3. km :   
 DEPTH ( input ) =   4. km :  ..
 DEPTH (last_IT) =   4. km :  **
 DEPTH ( input ) =   5. km :  ..
 DEPTH (last_IT) =   5. km :  **
 DEPTH ( input ) =   6. km :  ..
 DEPTH (last_IT) =   6. km :  **
 DEPTH ( input ) =   7. km :  .
 DEPTH (last_IT) =   7. km :  **
 DEPTH ( input ) =   8. km :  ...
 DEPTH (last_IT) =   8. km :  ***
 DEPTH ( input ) =   9. km :  ..
 DEPTH (last_IT) =   9. km :  **
 DEPTH ( input ) =  10. km :  ..
 DEPTH (last_IT) =  10. km :  **
 DEPTH ( input ) =  11. km :  ...
 DEPTH (last_IT) =  11. km :  ***
 DEPTH ( input ) =  12. km :  ....
 DEPTH (last_IT) =  12. km :  ****
 DEPTH ( input ) =  13. km :  ..
 DEPTH (last_IT) =  13. km :  **
 DEPTH ( input ) =  14. km :  ...
 DEPTH (last_IT) =  14. km :  ****
 DEPTH ( input ) =  15. km :  ........
 DEPTH (last_IT) =  15. km :  *******
 DEPTH ( input ) =  16. km :  .........1.
 DEPTH (last_IT) =  16. km :  *********1
 DEPTH ( input ) =  17. km :  .....
 DEPTH (last_IT) =  17. km :  *****
 DEPTH ( input ) =  18. km :  ....
 DEPTH (last_IT) =  18. km :  ****
 DEPTH ( input ) =  19. km :  .....
 DEPTH (last_IT) =  19. km :  ****
 DEPTH ( input ) =  20. km :  .....
 DEPTH (last_IT) =  20. km :  ***
 DEPTH ( input ) =  21. km :  ..
 DEPTH (last_IT) =  21. km :  ***
 DEPTH ( input ) =  22. km :  ....
 DEPTH (last_IT) =  22. km :  *****
 DEPTH ( input ) =  23. km :  ....
 DEPTH (last_IT) =  23. km :  *****
 DEPTH ( input ) =  24. km :  ..
 DEPTH (last_IT) =  24. km :  ***
 DEPTH ( input ) =  25. km :  .
 DEPTH (last_IT) =  25. km :  *
 DEPTH ( input ) =  26. km :   
 DEPTH (last_IT) =  26. km :   
 DEPTH ( input ) =  27. km :   
 DEPTH (last_IT) =  27. km :   
 DEPTH ( input ) =  28. km :   
 DEPTH (last_IT) =  28. km :   
 DEPTH ( input ) =  29. km :   
 DEPTH (last_IT) =  29. km :   
 DEPTH ( input ) =  30. km :   
 DEPTH (last_IT) =  30. km :   
 DEPTH ( input ) =  31. km :   
 DEPTH (last_IT) =  31. km :   
 DEPTH ( input ) =  32. km :   
 DEPTH (last_IT) =  32. km :   
 DEPTH ( input ) =  33. km :   
 DEPTH (last_IT) =  33. km :   
 DEPTH ( input ) =  34. km :   
 DEPTH (last_IT) =  34. km :   
 DEPTH ( input ) =  35. km :   
 DEPTH (last_IT) =  35. km :   
 DEPTH ( input ) =  36. km :   
 DEPTH (last_IT) =  36. km :   
 DEPTH ( input ) =  37. km :   
 DEPTH (last_IT) =  37. km :   
 DEPTH ( input ) =  38. km :   
 DEPTH (last_IT) =  38. km :   
 DEPTH ( input ) =  39. km :   
 DEPTH (last_IT) =  39. km :   
 DEPTH ( input ) =  40. km :   
 DEPTH (last_IT) =  40. km :   
 DEPTH ( input ) =  41. km :   
 DEPTH (last_IT) =  41. km :   
 DEPTH ( input ) =  42. km :   
 DEPTH (last_IT) =  42. km :   
 DEPTH ( input ) =  43. km :   
 DEPTH (last_IT) =  43. km :   
 DEPTH ( input ) =  44. km :   
 DEPTH (last_IT) =  44. km :   
 DEPTH ( input ) =  45. km :   
 DEPTH (last_IT) =  45. km :   
 DEPTH ( input ) =  46. km :   
 DEPTH (last_IT) =  46. km :   
 DEPTH ( input ) =  47. km :   
 DEPTH (last_IT) =  47. km :   
 DEPTH ( input ) =  48. km :   
 DEPTH (last_IT) =  48. km :   
 DEPTH ( input ) =  49. km :   
 DEPTH (last_IT) =  49. km :   
 DEPTH ( input ) =  50. km :   
 DEPTH (last_IT) =  50. km :   
 DEPTH ( input ) =  51. km :   
 DEPTH (last_IT) =  51. km :   
 DEPTH ( input ) =  52. km :   
 DEPTH (last_IT) =  52. km :   
 DEPTH ( input ) =  53. km :   
 DEPTH (last_IT) =  53. km :   
 DEPTH ( input ) =  54. km :   
 DEPTH (last_IT) =  54. km :   
 DEPTH ( input ) =  55. km :   
 DEPTH (last_IT) =  55. km :   
 DEPTH ( input ) =  56. km :   
 DEPTH (last_IT) =  56. km :   
 DEPTH ( input ) =  57. km :   
 DEPTH (last_IT) =  57. km :   
 DEPTH ( input ) =  58. km :   
 DEPTH (last_IT) =  58. km :   
 DEPTH ( input ) =  59. km :   
 DEPTH (last_IT) =  59. km :   
 DEPTH ( input ) =  60. km :   
 DEPTH (last_IT) =  60. km :   
 DEPTH ( input ) =  61. km :   
 DEPTH (last_IT) =  61. km :   
 DEPTH ( input ) =  62. km :   
 DEPTH (last_IT) =  62. km :   
 DEPTH ( input ) =  63. km :   
 DEPTH (last_IT) =  63. km :   
 DEPTH ( input ) =  64. km :   
 DEPTH (last_IT) =  64. km :   
 DEPTH ( input ) =  65. km :   
 DEPTH (last_IT) =  65. km :   
 DEPTH ( input ) =  66. km :   
 DEPTH (last_IT) =  66. km :   
 DEPTH ( input ) =  67. km :   
 DEPTH (last_IT) =  67. km :   
 DEPTH ( input ) =  68. km :   
 DEPTH (last_IT) =  68. km :   
 DEPTH ( input ) =  69. km :   
 DEPTH (last_IT) =  69. km :   
 DEPTH ( input ) =  70. km :   
 DEPTH (last_IT) =  70. km :   
 DEPTH ( input ) =  71. km :   
 DEPTH (last_IT) =  71. km :   
 DEPTH ( input ) =  72. km :   
 DEPTH (last_IT) =  72. km :   
 DEPTH ( input ) =  73. km :   
 DEPTH (last_IT) =  73. km :   
 DEPTH ( input ) =  74. km :  .
 DEPTH (last_IT) =  74. km :  *
 DEPTH ( input ) =  75. km :   
 DEPTH (last_IT) =  75. km :   
 DEPTH ( input ) =  76. km :   
 DEPTH (last_IT) =  76. km :   
 DEPTH ( input ) =  77. km :   
 DEPTH (last_IT) =  77. km :   
 DEPTH ( input ) =  78. km :   
 DEPTH (last_IT) =  78. km :   
 DEPTH ( input ) =  79. km :   
 DEPTH (last_IT) =  79. km :   
 DEPTH ( input ) =  80. km :   
 DEPTH (last_IT) =  80. km :   
 DEPTH ( input ) =  81. km :   
 DEPTH (last_IT) =  81. km :   
 DEPTH ( input ) =  82. km :   
 DEPTH (last_IT) =  82. km :   
 DEPTH ( input ) =  83. km :   
 DEPTH (last_IT) =  83. km :   
 DEPTH ( input ) =  84. km :   
 DEPTH (last_IT) =  84. km :   
 DEPTH ( input ) =  85. km :   
 DEPTH (last_IT) =  85. km :   
 DEPTH ( input ) =  86. km :   
 DEPTH (last_IT) =  86. km :   
 DEPTH ( input ) =  87. km :   
 DEPTH (last_IT) =  87. km :   
 DEPTH ( input ) =  88. km :   
 DEPTH (last_IT) =  88. km :   
 DEPTH ( input ) =  89. km :   
 DEPTH (last_IT) =  89. km :   
 DEPTH ( input ) =  90. km :   
 DEPTH (last_IT) =  90. km :   
 DEPTH ( input ) =  91. km :   
 DEPTH (last_IT) =  91. km :   
 DEPTH ( input ) =  92. km :   
 DEPTH (last_IT) =  92. km :   
 DEPTH ( input ) =  93. km :   
 DEPTH (last_IT) =  93. km :   
 DEPTH ( input ) =  94. km :   
 DEPTH (last_IT) =  94. km :   
 DEPTH ( input ) =  95. km :   
 DEPTH (last_IT) =  95. km :   
 DEPTH ( input ) =  96. km :   
 DEPTH (last_IT) =  96. km :   
 DEPTH ( input ) =  97. km :  .
 DEPTH (last_IT) =  97. km :  *
 DEPTH ( input ) =  98. km :   
 DEPTH (last_IT) =  98. km :   
 DEPTH ( input ) =  99. km :   
 DEPTH (last_IT) =  99. km :   
 DEPTH ( input ) = 100. km :   
 DEPTH (last_IT) = 100. km :   
 DEPTH ( input ) > 100. km :   
 DEPTH (last_IT) > 100. km :   


 Residuals of the stations according to the azimuth:
 (RES  = total average residual at station)
 (RES1 = average residual of rays from 1st quadrant)
 (RES2 = average residual of rays from 2nd quadrant)
 (RES3 = average residual of rays from 3rd quadrant)
 (RES4 = average residual of rays from 4th quadrant)

 Stn#  Stn     RES          RES1         RES2         RES3         RES4
   1   624     0.24(  74)   0.19(  33)   0.01(   5)   0.30(  29)   0.45(   7)
   2   628     0.19(  69)   0.11(  32)  -0.02(   5)   0.18(  25)   0.77(   7)
   3   630     0.31(  53)   0.53(  24)   0.02(  11)  -0.09(  10)   0.54(   8)
   4   627     0.31(  46)   0.49(  12)   0.00(   0)   0.08(  22)   0.55(  12)
   5   621     0.46(  59)   0.38(   7)   0.00(   0)   0.70(  18)   0.35(  34)
   6   629     0.33(  43)   0.58(  15)   0.00(   0)   0.07(   8)   0.25(  20)
   7   622     0.27(  58)   0.07(  27)   0.00(   0)   0.49(  20)   0.35(  11)
   8   620     0.21(  48)   0.00(   0)   0.03(   1)   0.53(  18)   0.02(  29)
   9   623     0.34(  55)   0.21(  30)   0.00(   0)   0.62(  17)   0.25(   8)
  10   626     0.50(  52)   0.50(  24)   0.00(   0)   0.44(   5)   0.51(  23)
  11   625     0.34(  49)   0.32(  14)   0.00(   0)   0.28(  23)   0.47(  12)
  12   631     0.70(  49)   0.90(  18)   0.79(   1)   1.00(   4)   0.51(  26)
  13   632     0.39(  24)   0.68(  12)   0.40(   2)  -0.09(   3)   0.08(   7)



 CPU - statistics:

 TOTAL CPU-sec          =    0.2     (CPU-minutes:  0.004)

 >>>   End of program VELEST at 25-06-02 12:51       <<< [ CPU-sec :     0.2]
