 >>> Start of program VELEST at 25-06-02 12:50       <<<                        

 ::::::::::::::::::::::::::::::::::::::                                         
  V E L E S T  - Version : January 3, 1995                                      
  (Authors: see source code)                                                    
 ::::::::::::::::::::::::::::::::::::::                                         


 Title of this VELEST run:

 model_2
 -------


 Current array-dimensions of program VELEST:

 Max. number of EARTHQUAKES for simult. inversion IEQ = ***
 Max. number of SHOTS for simult. inversion    INSHOT =  50
 Max. number of (different) 1D-MODELS      ITOTMODELS =   2
 Max. number of LAYERS per one 1D-model        INLTOT = 100
 Max. number of STATIONS in stationlist           IST = 650
 Max. number of OBSERVATIONS per event MAXOBSPEREVENT = 180






    INPUT - P A R A M E T E R S :



***
***  olat       olon   icoordsystem      zshift   itrial ztrial    ised
  72.000000-126.000000      0            0.000       0     0.00      0
***
*** neqs   nshot    rotate
     91      0      0.0
***
*** isingle   iresolcalc
       0          0
***
*** dmax    itopo    zmin     veladj    zadj   lowveloclay
   300.00     0      0.01       0.20    5.00       0
***
*** nsp    swtfac   vpvs       nmod
     1      1.00    1.730        1
***
***   othet   xythet    zthet    vthet   stathet
       0.01     0.01     0.01     1.00     0.01
***
*** nsinv   nshcor   nshfix     iuseelev    iusestacorr
       1       0       0           1            1
***
*** iturbo    icnvout   istaout   ismpout
       1         1         1         0
***
*** irayout   idrvout   ialeout   idspout   irflout   irfrout   iresout
       0         0         0         0         0         0         0
***
*** delmin   ittmax   invertratio
    0.010       3          1
***
*** Modelfile:
tmp/model_2/synthvel/model_43.mod
***
*** Stationfile:
./velinp/station.sta
***
*** Seismofile:
 
***
*** File with region names:
 
***
*** File with region coordinates:
 
***
*** File #1 with topo data:
 
***
*** File #2 with topo data:
 
***
*** DATA INPUT files:
***
*** File with Earthquake data:
./velinp/data.cnv
***
*** File with Shot data:
 
***
*** OUTPUT files:
***
*** Main print output file:
./velout/model_2/velest43.out
***
*** File with single event locations:
velout.vel
***
*** File with final hypocenters in *.cnv format:
./velout/model_2/final_loc43.cnv
***
*** File with new station corrections:
./velout/model_2/stations_corr43.sta
***
*** File with summary cards (e.g. for plotting):
velout.smp
***
*** File with raypoints:
velout.ray
***
*** File with derivatives:
velout.drv
***
*** File with ALEs:
velout.ale
***
*** File with Dirichlet spreads:
velout.dspr
***
*** File with reflection points:
velout.rfl
***
*** File with refraction points:
velout.rfr
***
*** File with residuals:
velout.res
***




 Origin of cartesian coordinates:
        72.00000N   126.00000E

  X,Y-AXES rotated clockwise from North
           Rotation angle (rotate):
            rotate=    0.0 degr.

 icoordsystem =            0
 normal SHORT DISTANCE CONVERSION will be made
 x is positive towards west, y is positive towards north


 SHORT DISTANCE CONVERSION on ELLIPSOIDE of WORLD GEODETIC SYSTEM 1972 (WGS72)
 =============================================================================

 Radius at equator (REARTH)= 6378.13500  km
   1. / (ellipticity)      =    298.260

 Origin of cartesian coordinates [degrees]:
   72.0000000 N     -126.0000000 W

  Rotation angle (in degr.) clockwise from
North  rotate=    0.0

 Radius of sphere at OLAT =   6358.817 km

 Conversion of GEOGRAPHICAL LATITUDE to GEOCENTRICAL LATITUDE:
 RLATC = TAN(GEOCENTR.LAT) / TAN(GEOGRAPH.LAT)
 RLATC =   0.99333486

          Short distance conversions:
          one min lat ~  1.8597 km 
          one min lon ~  0.5751 km 







    INPUT - M O D E L :



 Model(s) read from file :
 tmp/model_2/synthvel/model_43.mod                                               

 model file title: 
Model: model_43.mod                     
 Velocity structure for model   1 :

 layer    vel   depth   vdamp  reflector
   1      5.49  -5.00    1.00         P-VELOCITY MODEL                  
   2      5.86   1.25    1.00  
   3      6.03   5.31    1.00  
   4      6.13  10.45    1.00  
   5      6.45  11.30    1.00  
   6      6.51  19.56    1.00  
   7      6.93  21.56    1.00  
   8      7.49  33.03    1.00  
   9      7.96  35.85    1.00  
  10      8.15  39.82    1.00  

 Calculation of average velocity starts at layer #            1
 z = -5.00 ...  1.25    v = 5.49    AVEL = 5.49 downto z =   1.25
 z =  1.25 ...  5.31    v = 5.86    AVEL = 5.64 downto z =   5.31
 z =  5.31 ... 10.45    v = 6.03    AVEL = 5.77 downto z =  10.45
 z = 10.45 ... 11.30    v = 6.13    AVEL = 5.79 downto z =  11.30
 z = 11.30 ... 19.56    v = 6.45    AVEL = 6.01 downto z =  19.56
 z = 19.56 ... 21.56    v = 6.51    AVEL = 6.05 downto z =  21.56
 z = 21.56 ... 33.03    v = 6.93    AVEL = 6.31 downto z =  33.03
 z = 33.03 ... 35.85    v = 7.49    AVEL = 6.39 downto z =  35.85
 z = 35.85 ... 39.82    v = 7.96    AVEL = 6.53 downto z =  39.82


 Calculation of average velocity starts at layer #            2
 z =  1.25 ...  5.31    v = 5.86    AVEL = 5.86 downto z =   5.31
 z =  5.31 ... 10.45    v = 6.03    AVEL = 5.95 downto z =  10.45
 z = 10.45 ... 11.30    v = 6.13    AVEL = 5.97 downto z =  11.30
 z = 11.30 ... 19.56    v = 6.45    AVEL = 6.19 downto z =  19.56
 z = 19.56 ... 21.56    v = 6.51    AVEL = 6.22 downto z =  21.56
 z = 21.56 ... 33.03    v = 6.93    AVEL = 6.48 downto z =  33.03
 z = 33.03 ... 35.85    v = 7.49    AVEL = 6.56 downto z =  35.85
 z = 35.85 ... 39.82    v = 7.96    AVEL = 6.70 downto z =  39.82






    INPUT - S T A T I O N S :



 Station-parameters read from file :
 ./velinp/station.sta                                                            


     stn latitude longitude elev   x      y      z     ptcor stcor model icc
   1 624 72.4760N126.2750E     0  -9.37  53.11  -0.00   0.00  0.00   1  13
   2 628 72.4000N127.1470E     0 -39.15  44.63  -0.00   0.00  0.00   1  12
   3 630 72.0750N128.3250E     0 -80.06   8.37  -0.00   0.00  0.00   1  11
   4 627 72.1170N126.9820E     0 -33.78  13.06  -0.00   0.00  0.00   1  10
   5 621 72.1840N124.8890E     0  38.14  20.53  -0.00   0.00  0.00   1   9
   6 629 71.9290N127.3130E     0 -45.39  -7.92  -0.00   0.00  0.00   1   8
   7 622 72.4420N125.3130E     0  23.42  49.32  -0.00   0.00  0.00   1   7
   8 620 72.6540N124.3470E     0  56.03  72.98  -0.00   0.00  0.00   1   6
   9 623 72.3260N125.7600E     0   8.21  36.38  -0.00   0.00  0.00   1   5
  10 626 71.8880N126.0360E     0  -1.25 -12.50  -0.00   0.00  0.00   1   4
  11 625 72.1740N126.1070E     0  -3.67  19.42  -0.00   0.00  0.00   1   3
  12 631 71.3990N127.2470E     0 -43.72 -67.06  -0.00   0.00  0.00   1   2
  13 632 71.5740N129.0728E     0-107.23 -47.53  -0.00   0.00  0.00   1   1

 NO Seismo-parameter-file specified
 --> NO magnitudes calculated!




   neqs=   91  nshot=    0  nltot=   10

 ~~~ input parameters read.
 ~~~ set units for first iteration ...
 ~~~ determine number of unknowns ...

 Number of unknowns (for array-indexing):  nvar =  386
 Number of effective unknowns        :  nvareff =  374
 Number of elements on/below main diagonal of matrix G = At*A : kvar =   74691

 ~~~ reset G and RHT ...
 ~~~ input data, raytracing, setup G ...






    I N P U T - D A T A  

  eq    origin-time    latitude longitude depth    x      y      z    mag ifxOBS
   1 160818 1613  9.10 73.0030N 124.8500E  23.10  38.61 111.92  23.10 1.40 0   6
   2 160818 1613  9.30 72.9910N 124.8700E  22.80  37.95 110.58  22.80 1.10 0   6
   3 160819 0959 27.30 71.9230N 129.7600E  12.10-130.00  -8.59  12.10 4.00 0  12
   4 160820 1506 15.70 71.9380N 129.7900E  11.00-130.98  -6.92  11.00 1.50 0   9
   5 160820 1904 45.70 72.3480N 127.1800E  23.80 -40.33  38.83  23.80 1.20 0   6
   6 160822 1318 49.50 72.3650N 127.0800E  16.50 -36.90  40.73  16.50 0.60 0   8
   7 160823 0652 14.00 70.9330N 129.8100E   6.40-135.21-119.06   6.40 2.90 0   6
   8 160824 1510 30.40 71.6070N 130.0400E   8.60-140.86 -43.85   8.60 1.50 0   9
   9 160906 1514 39.70 72.5080N 125.6800E  12.10  10.89  56.68  12.10 0.90 0   6
 WARNING:
 epicentral distance: 303.3 > dmax ( 300.0) ==> skipping phase !
 WARNING:
 epicentral distance: 338.2 > dmax ( 300.0) ==> skipping phase !
  10 160920 1607 18.30 69.2370N 128.3500E  16.20 -87.07-308.31  16.20 2.60 0   2
 WARNING:
 epicentral distance: 318.5 > dmax ( 300.0) ==> skipping phase !
 WARNING:
 epicentral distance: 355.0 > dmax ( 300.0) ==> skipping phase !
  11 160925 1911  5.60 69.2250N 127.6800E  15.60 -62.26-309.64  15.60 2.30 0   2
  12 161004 0841 51.20 72.8480N 124.9600E  15.60  35.07  94.62  15.60 0.20 0   6
  13 161005 1619 46.90 72.8770N 125.0100E  19.00  33.35  97.86  19.00 1.00 0   9
  14 161006 0156 55.90 72.8740N 125.0100E  13.90  33.36  97.52  13.90 1.00 0   7
  15 161009 0036 44.70 72.8720N 124.9900E  17.20  34.03  97.30  17.20 1.30 0   8
  16 161009 0036 44.90 72.8580N 124.9600E  18.60  35.06  95.74  18.60 1.20 0   7
  17 161012 0800 22.10 72.7380N 126.0300E  18.50  -1.01  82.35  18.50 0.80 0   7
  18 161015 1013 36.50 72.0400N 126.9900E  11.20 -34.12   4.46  11.20 0.70 0   7
  19 161021 0507 33.30 72.5750N 124.7800E  10.10  41.44  64.16  10.10 0.80 0   6
  20 161124 2250 46.00 72.7630N 124.8800E  16.20  37.85  85.14  16.20 3.10 0   4
  21 161125 0156 34.10 72.7420N 124.9200E  14.50  36.52  82.80  14.50 0.60 0   7
  22 161125 0517 25.90 72.7650N 124.9400E  13.50  35.82  85.36  13.50 1.60 0   6
  23 161125 0525 15.90 72.7740N 124.9500E  11.60  35.48  86.37  11.60 0.80 0   6
  24 161125 0556  2.00 72.7350N 124.9700E   5.70  34.84  82.01   5.70 0.20 0   6
  25 170117 0846 48.60 72.2130N 127.3400E  22.00 -45.97  23.77  22.00 0.30 0   6
  26 170122 1614 27.60 71.9670N 128.0400E  10.30 -70.45  -3.68  10.30 0.90 0   6
  27 170125 2244  0.20 72.4440N 126.0200E  13.10  -0.68  49.54  13.10 0.80 0   6
  28 170302 1359 59.10 72.6830N 124.8900E  11.50  37.60  76.21  11.50 0.50 0   7
  29 170302 2335 20.20 71.8850N 130.3000E  14.80-148.82 -12.83  14.80 2.10 0   9
  30 170304 2135  2.90 72.6880N 124.9400E  13.40  35.90  76.77  13.40 1.30 0   7
  31 170307 0447 21.00 72.6940N 124.9200E  14.20  36.57  77.44  14.20 1.70 0  10
  32 170307 2016 50.80 72.6910N 124.9100E  15.30  36.91  77.10  15.30 1.10 0   6
  33 170309 1454  0.80 72.6830N 124.9000E  15.60  37.26  76.21  15.60 0.30 0   6
  34 170311 0430 55.40 72.3130N 126.5000E  24.50 -17.11  34.93  24.50 0.30 0   6
  35 170312 0416 39.20 71.9240N 128.0800E   3.40 -71.91  -8.48   3.40 2.10 0   6
  36 170313 0553 59.10 72.6980N 124.9200E  15.10  36.57  77.89  15.10 1.00 0   9
  37 170313 0809  5.60 72.4500N 125.0800E  14.90  31.36  50.21  14.90 1.20 0   7
  38 170315 0234 46.50 72.6540N 123.8400E  16.90  73.22  72.98  16.90 1.40 0   7
  39 170317 1007 14.10 72.2350N 125.9800E   3.90   0.69  26.22   3.90 0.50 0   7
  40 170320 0711 14.60 72.1250N 127.2200E  16.80 -41.95  13.95  16.80 0.90 0   6
  41 170320 0853 56.40 72.7090N 124.9700E   5.10  34.86  79.11   5.10 0.40 0   6
  42 170320 1900 34.30 72.4150N 126.1200E  18.00  -4.09  46.31  18.00 0.60 0   7
  43 170323 0519 24.60 71.6470N 129.1800E   5.20-110.76 -39.39   5.20 1.20 0   6
  44 170323 1612 49.70 72.4530N 125.1100E   8.30  30.33  50.55   8.30 0.50 0   6
  45 170323 1906 41.20 72.4070N 130.2500E  18.30-145.04  45.41  18.30 1.00 0   6
  46 170326 0836 34.10 71.9930N 127.6700E  16.10 -57.63  -0.78  16.10 1.50 0   7
  47 170402 0422  1.00 72.7220N 125.6900E  21.90  10.49  80.56  21.90 1.20 0  10
  48 170402 0636 37.20 72.7310N 125.6900E  23.50  10.49  81.57  23.50 0.70 0   6
  49 170404 2347 35.70 72.7580N 124.3800E  22.60  54.76  84.58  22.60 0.50 0   6
  50 170405 0307 36.10 71.6810N 128.9500E  15.30-102.66 -35.60  15.30 1.00 0  10
  51 170405 1410 53.20 71.5100N 128.9000E   9.30-101.37 -54.68   9.30 1.70 0  10
  52 170406 0838 43.20 72.3850N 129.3800E  15.50-115.42  42.96  15.50 0.90 0  10
  53 170406 1728  1.00 72.7230N 125.6900E  21.30  10.49  80.67  21.30 0.90 0  10
 WARNING:
 epicentral distance: 325.9 > dmax ( 300.0) ==> skipping phase !
 WARNING:
 epicentral distance: 332.9 > dmax ( 300.0) ==> skipping phase !
 WARNING:
 epicentral distance: 345.3 > dmax ( 300.0) ==> skipping phase !
 WARNING:
 epicentral distance: 391.9 > dmax ( 300.0) ==> skipping phase !
  54 170407 1729  3.40 74.8930N 128.6300E  15.60 -83.67 322.81  15.60 1.80 0   2
 WARNING:
 epicentral distance: 311.3 > dmax ( 300.0) ==> skipping phase !
 WARNING:
 epicentral distance: 315.4 > dmax ( 300.0) ==> skipping phase !
 WARNING:
 epicentral distance: 328.9 > dmax ( 300.0) ==> skipping phase !
 WARNING:
 epicentral distance: 374.2 > dmax ( 300.0) ==> skipping phase !
  55 170407 1729  3.50 74.7270N 128.8100E   0.40 -89.83 304.29   0.40 1.60 0   5
  56 170408 1004 44.90 72.6070N 124.9400E  15.00  35.98  67.73  15.00 1.40 0  13
  57 170409 0856 47.20 73.3850N 128.5500E  15.60 -84.71 154.54  15.60 2.50 0   6
  58 170409 0902 45.60 73.3500N 128.4400E  15.10 -81.13 150.64  15.10 1.10 0   7
  59 170410 1520  8.50 72.0030N 128.3900E   2.70 -82.46   0.33   2.70 1.00 0  10
  60 170410 1813  3.60 70.9360N 129.1200E   3.70-110.72-118.73   3.70 2.20 0  13
  61 170412 1507  0.60 71.5070N 129.7200E   0.00-130.05 -55.01   0.00 0.70 0   6
  62 170413 0651 20.10 73.3680N 125.4200E  15.60  19.28 152.65  15.60 1.00 0  10
  63 170414 0459 18.80 72.2680N 127.3800E  20.10 -47.27  29.90  20.10 0.50 0   7
  64 170414 0540  4.80 73.6400N 130.9700E   8.00-163.92 183.00   8.00 1.80 0  11
  65 170414 1656 23.40 72.1850N 127.4000E  15.50 -48.06  20.64  15.50 0.20 0   6
  66 170414 1753 32.80 72.3840N 130.4600E  17.90-152.30  42.85  17.90 0.70 0   6
  67 170416 0523 41.90 71.9560N 127.0800E  19.20 -37.31  -4.91  19.20 1.60 0  13
  68 170416 1220 14.20 72.9470N 124.4900E  20.40  50.77 105.67  20.40 1.00 0  11
 WARNING:
 epicentral distance: 320.3 > dmax ( 300.0) ==> skipping phase !
 WARNING:
 epicentral distance: 381.0 > dmax ( 300.0) ==> skipping phase !
 WARNING:
 epicentral distance: 398.8 > dmax ( 300.0) ==> skipping phase !
 WARNING:
 epicentral distance: 405.0 > dmax ( 300.0) ==> skipping phase !
 WARNING:
 epicentral distance: 424.8 > dmax ( 300.0) ==> skipping phase !
 WARNING:
 epicentral distance: 431.2 > dmax ( 300.0) ==> skipping phase !
 WARNING:
 epicentral distance: 445.5 > dmax ( 300.0) ==> skipping phase !
 WARNING:
 epicentral distance: 451.8 > dmax ( 300.0) ==> skipping phase !
 WARNING:
 epicentral distance: 464.3 > dmax ( 300.0) ==> skipping phase !
  69 170416 1257 48.30 68.8710N 131.7500E  73.50-214.97-349.14  73.50 2.20 0   0
  70 170416 1821  5.50 72.8670N 125.0000E  19.30  33.70  96.74  19.30 1.30 0  13
  71 170418 0606  4.10 72.5080N 125.8200E   1.30   6.13  56.68   1.30 0.20 0   6
 WARNING:
 epicentral distance: 315.2 > dmax ( 300.0) ==> skipping phase !
 WARNING:
 epicentral distance: 332.1 > dmax ( 300.0) ==> skipping phase !
 WARNING:
 epicentral distance: 345.3 > dmax ( 300.0) ==> skipping phase !
 WARNING:
 epicentral distance: 352.6 > dmax ( 300.0) ==> skipping phase !
 WARNING:
 epicentral distance: 346.7 > dmax ( 300.0) ==> skipping phase !
 WARNING:
 epicentral distance: 356.6 > dmax ( 300.0) ==> skipping phase !
 WARNING:
 epicentral distance: 363.9 > dmax ( 300.0) ==> skipping phase !
 WARNING:
 epicentral distance: 372.8 > dmax ( 300.0) ==> skipping phase !
 WARNING:
 epicentral distance: 378.6 > dmax ( 300.0) ==> skipping phase !
 WARNING:
 epicentral distance: 378.6 > dmax ( 300.0) ==> skipping phase !
  72 170418 1005 56.80 69.3310N 122.4100E  97.00 132.70-297.82  97.00 2.20 0   1
  73 170418 1500 12.90 72.7340N 124.5100E  23.10  50.40  81.90  23.10 1.30 0  12
  74 170420 1302 36.20 72.6290N 129.0200E  21.80-102.44  70.19  21.80 0.90 0  11
  75 170420 2248 46.70 72.0220N 129.1200E   0.00-107.59   2.46   0.00 0.70 0  11
 WARNING:
 epicentral distance: 313.1 > dmax ( 300.0) ==> skipping phase !
 WARNING:
 epicentral distance: 324.4 > dmax ( 300.0) ==> skipping phase !
 WARNING:
 epicentral distance: 324.2 > dmax ( 300.0) ==> skipping phase !
 WARNING:
 epicentral distance: 342.4 > dmax ( 300.0) ==> skipping phase !
 WARNING:
 epicentral distance: 349.0 > dmax ( 300.0) ==> skipping phase !
 WARNING:
 epicentral distance: 380.2 > dmax ( 300.0) ==> skipping phase !
 WARNING:
 epicentral distance: 381.6 > dmax ( 300.0) ==> skipping phase !
 WARNING:
 epicentral distance: 408.0 > dmax ( 300.0) ==> skipping phase !
  76 170423 0850 54.60 74.7080N 132.7900E   0.10-217.19 302.17   0.10 1.90 0   0
  77 170423 1455 44.10 72.8400N 124.4900E  16.80  50.92  93.73  16.80 0.60 0   8
  78 170423 2313 41.80 72.5960N 124.8700E  22.00  38.36  66.50  22.00 1.30 0  12
  79 170424 0609 58.60 71.9600N 128.0200E   0.10 -69.77  -4.46   0.10 1.10 0  12
  80 170424 0755 26.70 71.9480N 128.0300E   0.00 -70.14  -5.80   0.00 1.00 0  12
  81 170424 0755 26.90 71.9590N 128.0300E   0.00 -70.12  -4.57   0.00 1.00 0  12
  82 170425 0652 23.30 71.9600N 128.0300E   0.00 -70.12  -4.46   0.00 1.20 0   9
  83 170426 0051 23.20 71.9450N 128.0600E   6.60 -71.18  -6.14   6.60 0.70 0   6
  84 170426 1425 21.20 72.0790N 127.2600E  21.00 -43.38   8.82  21.00 0.10 0   6
  85 170426 1834 24.60 71.5840N 130.8000E  10.90-167.46 -46.42  10.90 1.20 0   8
  86 170426 1840 44.10 72.2710N 126.3600E  18.10 -12.33  30.24  18.10 1.30 0   8
  87 170427 0912 28.80 72.0640N 127.7900E   2.60 -61.65   7.14   2.60 0.90 0   8
  88 170427 1041 38.10 71.7480N 128.9900E   8.40-103.86 -28.12   8.40 0.70 0   7
  89 170427 2010 47.80 72.8010N 130.2000E  20.20-141.80  89.38  20.20 1.30 0   8
  90 170427 2010 48.30 72.7890N 130.1400E  20.10-139.82  88.04  20.10 1.30 0   8
  91 170427 2342 34.10 72.7630N 125.0100E  19.50  33.46  85.14  19.50 0.80 0   6

 readings for station 624  :  74
 readings for station 628  :  69
 readings for station 630  :  53
 readings for station 627  :  46
 readings for station 621  :  59
 readings for station 629  :  43
 readings for station 622  :  58
 readings for station 620  :  48
 readings for station 623  :  55
 readings for station 626  :  52
 readings for station 625  :  49
 readings for station 631  :  49
 readings for station 632  :  24

 Total number of stations with readings:  13

 Total number of readings:     679
 Total number of P readings:       0
 Total number of S readings:       0


 ~~~ store parts of G ...
 ~~~ compute RMS and DATVAR ...

 Total number of observations is:   679


 $$$$$$$$$$$$$$$$$$$$$$$$$$$$$$$$$$$$$$$$$$$$$$$$$
 Events with  | AVRES | > 1.0 SEC are suspicious !

 Event#  10 >>>  160920 1607  AVRES =  2.10 NOBS =  2
 Event#  11 >>>  160925 1911  AVRES =  1.74 NOBS =  2
 Event#  57 >>>  170409 0856  AVRES =  1.30 NOBS =  6
 Event#  58 >>>  170409 0902  AVRES =  1.07 NOBS =  7
 Event#  64 >>>  170414 0540  AVRES =  1.70 NOBS = 11

 ^^^^^^^^^ C H E C K   these events above ^^^^^^^^
 $$$$$$$$$$$$$$$$$$$$$$$$$$$$$$$$$$$$$$$$$$$$$$$$$

 ~~~ save initial datvar ...

 Iteration nr  0 obtained:
 DATVAR=    0.711670 mean sqrd residual=     0.319675  RMS RESIDUAL=     0.565398

 After  0 iterations we got:
 Average absolute & unweighted [and mean] residual of
   349 straight and direct rays =  0.22921 [  0.16172]
   330 refracted           rays =  0.70650 [  0.61249]
     0 reflected           rays =  0.00000 [  0.00000]

   679 ALL                 RAYS =  0.46118 [  0.38080]        0.00 %




--------------------------------------------------------------------------------



           ITERATION no  1

 ~~~ set units for this iteration ...
 ~~~ determine number of unknowns for this iter. ...

 Number of unknowns (for array-indexing):  nvar =  386
 Number of effective unknowns        :  nvareff =  387
 Number of elements on/below main diagonal of matrix G = At*A : kvar =   74691

 Damping factors to be used in this iteration:
   Othet=   0.010   XYthet  =   0.010   Zthet=  0.010
 STAthet=   0.010   Vthet   =   1.000

 ~~~ damp G ...
 ~~~ solve G * b = RHT ...
 ~~~ fix units ...
 ~~~ apply eventually step-length damping ...
 ~~~ adjust model (hypocenters, stacorr & veloc.) ...

 doing velocity adjustments now...

 doing station-correction adjustments...

 ~~~ compute effective step-length ...

 (Applied) Step length =   3.541

 ~~~ set units for next iteration ...
 ~~~ determine number of unknowns for next iter. ...

 Number of unknowns (for array-indexing):  nvar =  386
 Number of effective unknowns        :  nvareff =  387
 Number of elements on/below main diagonal of matrix G = At*A : kvar =   74691

 ~~~ reset G and RHT ...
 ~~~ raytracing, setup G ...
 ~~~ store parts of G ...
 ~~~ set units back for current iteration ...
 ~~~ determine number of unknowns for this iter. ...

 Number of unknowns (for array-indexing):  nvar =  386
 Number of effective unknowns        :  nvareff =  387
 Number of elements on/below main diagonal of matrix G = At*A : kvar =   74691

 ~~~ compute RMS and DATVAR ...

 $$$$$$$$$$$$$$$$$$$$$$$$$$$$$$$$$$$$$$$$$$$$$$$$$
 Events with  | AVRES | > 1.0 SEC are suspicious !

 Event#  10 >>>  160920 1607  AVRES =  1.67 NOBS =  2
 Event#  11 >>>  160925 1911  AVRES =  1.38 NOBS =  2
 Event#  57 >>>  170409 0856  AVRES =  1.06 NOBS =  6
 Event#  64 >>>  170414 0540  AVRES =  1.36 NOBS = 11

 ^^^^^^^^^ C H E C K   these events above ^^^^^^^^
 $$$$$$$$$$$$$$$$$$$$$$$$$$$$$$$$$$$$$$$$$$$$$$$$$

 ~~~ check solution (better? worse?) ...

 Iteration nr  1 obtained:
 DATVAR=    0.530175 mean sqrd residual=     0.227999  RMS RESIDUAL=     0.477492

 After  1 iterations we got:
 Average absolute & unweighted [and mean] residual of
   362 straight and direct rays =  0.18875 [  0.11564]
   317 refracted           rays =  0.59803 [  0.52776]
     0 reflected           rays =  0.00000 [  0.00000]

   679 ALL                 RAYS =  0.37983 [  0.30804]      -17.64 %

 ~~~ iteration done; output results ...

  eq       ot     x      y      z      rms    avres   dot     dx     dy     dz
    1      9.08  38.65 112.02  23.37   0.19   0.36   -0.018  0.041  0.105  0.272
    2      9.29  37.95 110.61  22.77   0.21   0.36   -0.010  0.003  0.028 -0.031
    3     27.26-130.21  -8.33  12.63   0.43   0.46   -0.037 -0.208  0.261  0.528
    4     15.64-131.07  -6.86  10.88   0.53   0.43   -0.056 -0.088  0.055 -0.120
    5     45.68 -40.33  38.67  23.80   0.12   0.22   -0.022  0.008 -0.160  0.001
    6     49.48 -36.73  40.61  16.72   0.09   0.07   -0.019  0.171 -0.114  0.221
    7     13.90-135.02-119.08   6.20   0.74   0.72   -0.102  0.194 -0.024 -0.200
    8     30.37-140.94 -43.75   8.78   0.49   0.61   -0.032 -0.078  0.106  0.177
    9     39.66  10.82  56.53  12.09   0.07  -0.06   -0.040 -0.067 -0.157 -0.005
   10     18.20 -87.53-308.27  16.21   1.12   1.67   -0.097 -0.461  0.035  0.009
   11      5.42 -62.84-309.65  15.62   1.37   1.38   -0.175 -0.578 -0.006  0.017
   12     51.16  35.04  94.70  16.15   0.18   0.17   -0.036 -0.023  0.081  0.554
   13     46.87  33.46  97.93  19.25   0.24   0.27   -0.030  0.110  0.074  0.247
   14     55.85  33.38  97.53  14.26   0.36   0.21   -0.053  0.028  0.009  0.359
   15     44.66  34.05  97.47  17.48   0.43   0.35   -0.041  0.019  0.172  0.283
   16     44.85  35.02  95.97  18.82   0.51   0.41   -0.050 -0.035  0.229  0.216
   17     22.07  -0.98  82.42  18.43   0.31   0.21   -0.032  0.039  0.072 -0.070
   18     36.46 -33.96   4.42  11.20   0.12   0.03   -0.042  0.161 -0.042  0.003
   19     33.28  41.31  64.04  10.01   0.10  -0.02   -0.016 -0.133 -0.124 -0.093
   20     45.95  37.78  85.14  16.32   0.16   0.17   -0.047 -0.071  0.005  0.119
   21     34.09  36.42  82.75  13.97   0.38   0.14   -0.008 -0.097 -0.046 -0.531
   22     25.87  35.68  85.39  13.43   0.26   0.08   -0.025 -0.146  0.024 -0.070
   23     15.87  35.38  86.35  11.62   0.41   0.07   -0.026 -0.099 -0.016  0.015
   24      1.93  34.75  82.38   6.03   0.48   0.00   -0.073 -0.092  0.368  0.331
   25     48.62 -45.84  23.58  22.23   0.09   0.22    0.016  0.131 -0.188  0.234
   26     27.57 -70.22  -3.83  10.36   0.11   0.01   -0.028  0.226 -0.143  0.063
   27      0.18  -0.61  49.29  13.19   0.19   0.08   -0.023  0.072 -0.257  0.093
   28     59.08  37.66  76.29  11.26   0.44   0.27   -0.017  0.065  0.076 -0.241
   29     20.15-148.88 -12.64  14.88   0.37   0.53   -0.049 -0.061  0.197  0.078
   30      2.90  35.99  76.61  13.32   0.49   0.33   -0.003  0.096 -0.164 -0.084
   31     20.97  36.40  77.33  14.20   0.46   0.26   -0.026 -0.167 -0.106 -0.005
   32     50.78  36.84  77.01  15.28   0.18   0.07   -0.020 -0.066 -0.096 -0.021
   33      0.80  37.22  76.12  15.55   0.20   0.15    0.003 -0.039 -0.087 -0.054
   34     55.41 -16.96  34.83  24.50   0.07   0.19    0.010  0.147 -0.094  0.003
   35     39.24 -71.47  -8.44   3.92   0.24   0.00    0.043  0.442  0.040  0.524
   36     59.09  36.54  77.79  15.16   0.38   0.27   -0.010 -0.027 -0.091  0.062
   37      5.59  31.28  50.09  14.73   0.13   0.05   -0.014 -0.077 -0.121 -0.173
   38     46.47  73.13  72.95  16.98   0.28   0.24   -0.029 -0.087 -0.028  0.083
   39     14.07   0.69  25.98   3.89   0.12  -0.14   -0.031  0.006 -0.241 -0.011
   40     14.57 -41.91  13.89  16.65   0.17   0.07   -0.030  0.043 -0.062 -0.147
   41     56.37  34.69  79.01   5.31   0.09  -0.08   -0.030 -0.169 -0.101  0.208
   42     34.29  -3.99  46.21  17.98   0.11   0.10   -0.005  0.108 -0.092 -0.021
   43     24.61-110.19 -39.24   5.34   0.32  -0.04    0.010  0.573  0.147  0.144
   44     49.66  30.25  50.45   8.41   0.09  -0.11   -0.043 -0.080 -0.101  0.106
   45     41.19-144.99  45.73  18.45   0.33   0.58   -0.010  0.045  0.312  0.154
   46     34.08 -57.48  -0.87  16.19   0.11   0.13   -0.015  0.156 -0.084  0.090
   47      1.01  10.61  80.52  21.83   0.47   0.46    0.010  0.124 -0.042 -0.069
   48     37.21  10.60  81.60  23.55   0.11   0.28    0.015  0.111  0.034  0.052
   49     35.68  54.66  84.58  22.62   0.24   0.22   -0.018 -0.103 -0.005  0.025
   50     36.09-102.40 -35.55  14.98   0.33   0.31   -0.007  0.254  0.046 -0.318
   51     53.15-101.00 -54.76   8.84   0.56   0.43   -0.051  0.377 -0.087 -0.465
   52     43.18-115.44  43.32  15.54   0.39   0.43   -0.021 -0.026  0.364  0.044
   53      1.01  10.62  80.71  21.37   0.46   0.48    0.008  0.128  0.040  0.073
   54      2.84 -83.69 322.73  15.65   0.37   0.26   -0.558 -0.018 -0.078  0.053
   55      3.08 -89.78 304.25   0.46   0.25   0.53   -0.421  0.051 -0.039  0.057
   56     44.88  35.89  67.56  14.81   0.45   0.24   -0.017 -0.088 -0.172 -0.190
   57     47.11 -84.68 154.71  15.62   0.49   1.06   -0.085  0.027  0.167  0.021
   58     45.56 -80.86 150.91  15.22   0.61   0.87   -0.044  0.277  0.277  0.121
   59      8.53 -82.15   0.62   2.47   0.59   0.11    0.033  0.303  0.285 -0.227
   60      3.54-110.38-118.43   3.27   0.92   0.69   -0.064  0.340  0.292 -0.427
   61      0.55-130.34 -54.95   0.34   0.50   0.11   -0.054 -0.291  0.062  0.235
   62     20.09  19.59 152.53  15.93   0.70   0.59   -0.010  0.318 -0.118  0.332
   63     18.79 -47.13  29.78  20.24   0.17   0.17   -0.007  0.141 -0.122  0.143
   64      4.68-163.01 184.09   8.01   0.69   1.36   -0.115  0.913  1.091  0.013
   65     23.40 -47.87  20.44  15.57   0.09   0.08    0.001  0.200 -0.199  0.066
   66     32.80-152.40  43.19  18.39   0.33   0.53    0.004 -0.098  0.343  0.486
   67     41.89 -37.13  -5.15  18.97   0.21   0.23   -0.005  0.179 -0.236 -0.225
   68     14.14  50.80 106.06  20.27   0.31   0.46   -0.060  0.021  0.390 -0.130
   69     48.30-214.97-349.14  73.50   0.00   0.00    0.000  0.000  0.000  0.000
   70      5.47  33.82  96.82  19.42   0.49   0.47   -0.031  0.123  0.081  0.119
   71      4.16   6.17  56.51   1.29   0.57   0.04    0.060  0.044 -0.173 -0.006
   72     56.13 132.65-297.75  96.98   0.32   0.56   -0.668 -0.048  0.063 -0.020
   73     12.88  50.55  81.86  23.22   0.31   0.46   -0.017  0.153 -0.044  0.123
   74     36.19-102.34  70.37  21.71   0.21   0.47   -0.014  0.096  0.180 -0.087
 ***** depth constrained for event    75
   75     46.67-107.72   2.98   0.11   0.97   0.35   -0.034 -0.130  0.524 -0.100
   76     54.60-217.19 302.17   0.10   0.00   0.00    0.000  0.000  0.000  0.000
   77     44.08  50.95  93.78  16.86   0.21   0.27   -0.021  0.025  0.050  0.056
   78     41.77  38.53  66.37  22.26   0.30   0.29   -0.033  0.168 -0.132  0.264
   79     58.65 -69.61  -4.34   0.20   0.42   0.09    0.053  0.161  0.127  0.097
   80     26.74 -70.04  -5.74   0.10   0.35   0.13    0.044  0.098  0.061 -0.007
   81     26.95 -70.01  -4.48   0.07   0.43   0.13    0.046  0.111  0.092 -0.039
   82     23.32 -69.95  -4.40   0.09   0.33  -0.02    0.025  0.167  0.068 -0.018
   83     23.19 -70.85  -6.02   6.82   0.12  -0.06   -0.005  0.332  0.113  0.219
   84     21.21 -43.16   8.56  20.99   0.04   0.15    0.006  0.227 -0.253 -0.008
   85     24.55-167.56 -46.27  10.93   0.51   0.65   -0.055 -0.093  0.148  0.027
   86     44.08 -12.24  30.03  18.17   0.12   0.11   -0.022  0.093 -0.205  0.068
   87     28.82 -61.53   6.85   3.21   0.10   0.03    0.016  0.124 -0.290  0.614
   88     38.05-103.65 -28.25   8.23   0.38   0.10   -0.053  0.216 -0.135 -0.167
   89     47.77-141.83  89.61  20.42   0.40   0.75   -0.029 -0.038  0.232  0.224
   90     48.27-139.85  88.31  20.32   0.34   0.69   -0.031 -0.036  0.270  0.220
   91     34.04  33.65  85.21  19.72   0.42   0.33   -0.064  0.189  0.070  0.216

 A V E R A G E   of ADJUSTMENTS :                    -0.040  0.056  0.031  0.053
 A V E R A G E   of ABSOLUTE ADJUSTMENTS :            0.049  0.142  0.142  0.149


 Step length damping of 0.21517 was applied.


 Velocity adjustments:
     vp    dvp      hp   reflector
 Velocity model   1
   5.505  0.015   -5.000      
   5.915  0.055    1.250      
   5.975 -0.055    5.310      
   6.161  0.031   10.450      
   6.402 -0.048   11.300      
   6.450 -0.060   19.560      
   6.865 -0.065   21.560      
   7.505  0.015   33.030      
   7.887 -0.073   35.850      
   7.950 -0.200   39.820      

 Calculation of average velocity starts at layer #           1
 z = -5.00 ...  1.25    v = 5.50    AVEL = 5.50 downto z =   1.25
 z =  1.25 ...  5.31    v = 5.91    AVEL = 5.67 downto z =   5.31
 z =  5.31 ... 10.45    v = 5.98    AVEL = 5.77 downto z =  10.45
 z = 10.45 ... 11.30    v = 6.16    AVEL = 5.79 downto z =  11.30
 z = 11.30 ... 19.56    v = 6.40    AVEL = 6.00 downto z =  19.56
 z = 19.56 ... 21.56    v = 6.45    AVEL = 6.03 downto z =  21.56
 z = 21.56 ... 33.03    v = 6.86    AVEL = 6.28 downto z =  33.03
 z = 33.03 ... 35.85    v = 7.50    AVEL = 6.37 downto z =  35.85
 z = 35.85 ... 39.82    v = 7.89    AVEL = 6.50 downto z =  39.82


 Calculation of average velocity starts at layer #           2
 z =  1.25 ...  5.31    v = 5.91    AVEL = 5.91 downto z =   5.31
 z =  5.31 ... 10.45    v = 5.98    AVEL = 5.95 downto z =  10.45
 z = 10.45 ... 11.30    v = 6.16    AVEL = 5.97 downto z =  11.30
 z = 11.30 ... 19.56    v = 6.40    AVEL = 6.16 downto z =  19.56
 z = 19.56 ... 21.56    v = 6.45    AVEL = 6.19 downto z =  21.56
 z = 21.56 ... 33.03    v = 6.86    AVEL = 6.43 downto z =  33.03
 z = 33.03 ... 35.85    v = 7.50    AVEL = 6.52 downto z =  35.85
 z = 35.85 ... 39.82    v = 7.89    AVEL = 6.66 downto z =  39.82



 Adjusted station corrections:
   stn  ptcor  dpcor  
  624   0.000  0.000  628  -0.040 -0.040  630  -0.026 -0.026  627   0.031  0.031
  621   0.019  0.019  629   0.032  0.032  622   0.016  0.016  620  -0.002 -0.002
  623   0.053  0.053  626   0.044  0.044  625   0.043  0.043  631   0.064  0.064
  632  -0.029 -0.029

 ~~~ another iteration? ...



--------------------------------------------------------------------------------



           ITERATION no  2

 ~~~ set units for this iteration ...
 ~~~ determine number of unknowns for this iter. ...

 Number of unknowns (for array-indexing):  nvar =  386
 Number of effective unknowns        :  nvareff =  387
 Number of elements on/below main diagonal of matrix G = At*A : kvar =   74691

 Damping factors to be used in this iteration:
   Othet=   0.010   XYthet  =   0.010   Zthet=  0.010
 STAthet=   0.010   Vthet   =   1.000

 ~~~ damp G ...
 ~~~ solve G * b = RHT ...
 ~~~ fix units ...
 ~~~ apply eventually step-length damping ...
 ~~~ adjust model (hypocenters, stacorr & veloc.) ...

 doing velocity adjustments now...

 doing station-correction adjustments...

 ~~~ compute effective step-length ...

 (Applied) Step length =   3.975

 ~~~ set units for next iteration ...
 ~~~ determine number of unknowns for next iter. ...

 Number of unknowns (for array-indexing):  nvar =  386
 Number of effective unknowns        :  nvareff =  387
 Number of elements on/below main diagonal of matrix G = At*A : kvar =   74691

 ~~~ reset G and RHT ...
 ~~~ raytracing, setup G ...
 ~~~ store parts of G ...
 ~~~ set units back for current iteration ...
 ~~~ determine number of unknowns for this iter. ...

 Number of unknowns (for array-indexing):  nvar =  386
 Number of effective unknowns        :  nvareff =  387
 Number of elements on/below main diagonal of matrix G = At*A : kvar =   74691

 ~~~ compute RMS and DATVAR ...

 $$$$$$$$$$$$$$$$$$$$$$$$$$$$$$$$$$$$$$$$$$$$$$$$$
 Events with  | AVRES | > 1.0 SEC are suspicious !

 Event#  10 >>>  160920 1607  AVRES =  1.28 NOBS =  2
 Event#  11 >>>  160925 1911  AVRES =  1.07 NOBS =  2
 Event#  64 >>>  170414 0540  AVRES =  1.05 NOBS = 11

 ^^^^^^^^^ C H E C K   these events above ^^^^^^^^
 $$$$$$$$$$$$$$$$$$$$$$$$$$$$$$$$$$$$$$$$$$$$$$$$$

 ~~~ check solution (better? worse?) ...

 Iteration nr  2 obtained:
 DATVAR=    0.368905 mean sqrd residual=     0.158645  RMS RESIDUAL=     0.398303

 After  2 iterations we got:
 Average absolute & unweighted [and mean] residual of
   367 straight and direct rays =  0.15354 [  0.09058]
   312 refracted           rays =  0.48150 [  0.40434]
     0 reflected           rays =  0.00000 [  0.00000]

   679 ALL                 RAYS =  0.30424 [  0.23475]      -19.90 %

 ~~~ iteration done; output results ...

  eq       ot     x      y      z      rms    avres   dot     dx     dy     dz
    1      9.04  38.68 112.16  23.79   0.17   0.28   -0.038  0.032  0.135  0.421
    2      9.27  37.94 110.64  22.73   0.18   0.27   -0.019 -0.018  0.034 -0.034
    3     27.22-130.38  -8.09  13.06   0.37   0.35   -0.045 -0.173  0.240  0.434
    4     15.57-131.33  -6.71  10.97   0.45   0.33   -0.074 -0.261  0.151  0.091
    5     45.65 -40.30  38.53  23.81   0.09   0.16   -0.025  0.029 -0.141  0.011
    6     49.46 -36.53  40.53  17.03   0.09   0.05   -0.024  0.197 -0.081  0.307
    7     13.81-134.75-119.13   5.90   0.59   0.56   -0.088  0.275 -0.044 -0.300
    8     30.32-141.07 -43.59   8.94   0.41   0.46   -0.044 -0.134  0.160  0.165
    9     39.62  10.77  56.38  12.07   0.07  -0.04   -0.036 -0.051 -0.151 -0.027
   10     18.07 -88.10-308.22  16.22   1.10   1.28   -0.134 -0.577  0.047  0.012
   11      5.22 -63.56-309.66  15.64   1.36   1.07   -0.207 -0.722 -0.006  0.019
   12     51.12  35.00  94.78  16.77   0.16   0.13   -0.046 -0.044  0.080  0.617
   13     46.83  33.58  98.01  19.55   0.20   0.20   -0.044  0.113  0.078  0.308
   14     55.80  33.36  97.50  14.51   0.27   0.16   -0.049 -0.028 -0.031  0.255
   15     44.61  34.06  97.65  17.80   0.36   0.27   -0.052  0.004  0.172  0.317
   16     44.78  34.90  96.29  18.99   0.43   0.31   -0.070 -0.121  0.320  0.173
   17     22.01  -0.97  82.49  18.61   0.24   0.16   -0.056  0.003  0.065  0.185
   18     36.43 -33.76   4.47  11.27   0.11   0.02   -0.030  0.201  0.046  0.066
   19     33.27  41.14  63.97   9.93   0.09  -0.01   -0.012 -0.167 -0.071 -0.073
   20     45.90  37.72  85.13  16.42   0.12   0.13   -0.053 -0.058 -0.013  0.098
   21     34.09  36.29  82.65  13.40   0.32   0.10   -0.006 -0.135 -0.104 -0.565
   22     25.85  35.50  85.36  13.37   0.22   0.06   -0.025 -0.172 -0.025 -0.056
   23     15.85  35.25  86.28  11.65   0.36   0.05   -0.024 -0.131 -0.069  0.035
   24      1.85  34.77  82.75   6.32   0.44   0.00   -0.078  0.022  0.370  0.290
   25     48.63 -45.71  23.36  22.50   0.09   0.16    0.015  0.126 -0.216  0.270
   26     27.55 -70.03  -4.03  10.48   0.09   0.01   -0.023  0.194 -0.200  0.120
   27      0.15  -0.52  49.04  13.33   0.13   0.06   -0.024  0.087 -0.243  0.137
   28     59.05  37.74  76.33  11.32   0.35   0.21   -0.029  0.076  0.044  0.056
   29     20.10-148.91 -12.49  14.93   0.29   0.41   -0.055 -0.028  0.142  0.055
   30      2.90  36.03  76.44  13.14   0.41   0.25    0.002  0.038 -0.164 -0.176
   31     20.95  36.17  77.23  14.07   0.36   0.20   -0.020 -0.231 -0.100 -0.128
   32     50.76  36.76  76.87  15.28   0.14   0.05   -0.021 -0.085 -0.141  0.003
   33      0.80  37.16  76.00  15.49   0.16   0.11    0.001 -0.056 -0.120 -0.052
   34     55.42 -16.75  34.78  24.53   0.06   0.14    0.007  0.208 -0.053  0.031
   35     39.28 -70.90  -8.26   3.97   0.23   0.01    0.039  0.568  0.175  0.043
   36     59.08  36.46  77.67  15.12   0.30   0.20   -0.005 -0.078 -0.127 -0.044
   37      5.57  31.20  49.97  14.51   0.11   0.04   -0.013 -0.082 -0.125 -0.221
   38     46.43  73.00  72.96  17.18   0.25   0.18   -0.039 -0.127  0.010  0.198
   39     14.01   0.75  25.87   3.89   0.11  -0.10   -0.063  0.060 -0.112 -0.002
   40     14.54 -41.84  13.84  16.59   0.15   0.05   -0.034  0.066 -0.044 -0.066
   41     56.34  34.68  78.84   5.60   0.09  -0.06   -0.032 -0.012 -0.176  0.292
   42     34.29  -3.83  46.14  17.95   0.09   0.07   -0.005  0.151 -0.078 -0.031
   43     24.63-109.66 -39.04   5.06   0.29  -0.03    0.024  0.525  0.204 -0.287
   44     49.62  30.18  50.31   8.48   0.08  -0.08   -0.038 -0.072 -0.137  0.070
   45     41.16-145.07  45.89  18.68   0.25   0.44   -0.028 -0.073  0.163  0.226
   46     34.07 -57.34  -1.01  16.32   0.09   0.09   -0.017  0.139 -0.148  0.135
   47      1.02  10.77  80.44  21.62   0.39   0.35    0.012  0.163 -0.079 -0.212
   48     37.23  10.73  81.59  23.58   0.08   0.21    0.013  0.138 -0.015  0.033
   49     35.66  54.51  84.57  22.67   0.19   0.16   -0.022 -0.141 -0.010  0.044
   50     36.06-102.19 -35.53  14.91   0.26   0.24   -0.030  0.215  0.018 -0.068
   51     53.09-100.64 -54.81   8.51   0.48   0.33   -0.056  0.359 -0.051 -0.330
   52     43.13-115.55  43.76  15.56   0.34   0.32   -0.054 -0.108  0.437  0.015
   53      1.02  10.78  80.71  21.35   0.37   0.36    0.008  0.159  0.000 -0.022
   54      2.26 -83.71 322.65  15.71   0.32   0.22   -0.580 -0.024 -0.085  0.054
   55      2.64 -89.69 304.22   0.51   0.17   0.44   -0.439  0.090 -0.032  0.057
   56     44.86  35.85  67.33  14.73   0.37   0.18   -0.021 -0.041 -0.230 -0.076
   57     47.03 -84.60 154.90  15.62   0.42   0.82   -0.088  0.079  0.185  0.003
   58     45.51 -80.58 151.17  15.27   0.50   0.66   -0.047  0.276  0.257  0.048
   59      8.52 -81.69   0.47   1.49   0.51   0.08   -0.008  0.464 -0.148 -0.979
   60      3.52-110.05-118.01   2.90   0.80   0.53   -0.020  0.330  0.427 -0.373
   61      0.49-130.62 -54.90   0.66   0.46   0.08   -0.059 -0.279  0.050  0.319
   62     20.07  19.91 152.39  16.24   0.60   0.45   -0.024  0.312 -0.138  0.312
   63     18.78 -46.97  29.64  20.44   0.13   0.13   -0.009  0.162 -0.140  0.201
   64      4.56-161.96 185.42   8.05   0.60   1.05   -0.125  1.051  1.330  0.042
   65     23.40 -47.66  20.25  15.69   0.08   0.06    0.002  0.210 -0.190  0.123
   66     32.79-152.56  43.62  18.90   0.29   0.40   -0.018 -0.162  0.429  0.517
   67     41.89 -36.94  -5.37  18.70   0.18   0.17   -0.000  0.187 -0.222 -0.278
   68     14.07  50.84 106.43  20.15   0.27   0.34   -0.067  0.045  0.369 -0.115
   69     48.30-214.97-349.14  73.50   0.00   0.00    0.000  0.000  0.000  0.000
   70      5.43  33.90  96.94  19.47   0.40   0.35   -0.042  0.079  0.117  0.048
   71      4.16   6.23  56.45   1.29   0.57   0.03   -0.003  0.062 -0.056 -0.004
   72     55.42 132.60-297.68  96.96   0.16   0.40   -0.711 -0.053  0.069 -0.022
   73     12.87  50.68  81.73  23.29   0.25   0.35   -0.009  0.128 -0.124  0.066
   74     36.14-102.35  70.63  22.02   0.19   0.35   -0.042 -0.010  0.265  0.310
 ***** depth constrained for event    75
   75     46.59-108.06   3.47   0.11   0.94   0.30   -0.072 -0.346  0.487 -0.100
   76     54.60-217.19 302.17   0.10   0.00   0.00    0.000  0.000  0.000  0.000
   77     44.04  50.96  93.88  17.03   0.17   0.20   -0.042  0.006  0.103  0.172
   78     41.75  38.58  66.16  22.18   0.24   0.22   -0.015  0.051 -0.215 -0.080
   79     58.64 -69.42  -4.46   0.24   0.39   0.07   -0.010  0.194 -0.124  0.047
 ***** depth constrained for event    80
   80     26.72 -69.91  -5.93   0.11   0.32   0.10   -0.023  0.132 -0.184 -0.093
   81     26.93 -69.87  -4.65   0.01   0.40   0.10   -0.016  0.141 -0.166 -0.057
   82     23.29 -69.76  -4.53   0.03   0.30  -0.01   -0.035  0.188 -0.130 -0.067
   83     23.18 -70.58  -6.03   7.03   0.10  -0.04   -0.011  0.267 -0.006  0.214
   84     21.21 -42.92   8.31  21.03   0.04   0.11    0.001  0.237 -0.255  0.041
   85     24.47-167.61 -46.11  10.79   0.41   0.50   -0.072 -0.054  0.158 -0.140
   86     44.05 -12.12  29.84  18.32   0.09   0.08   -0.028  0.115 -0.190  0.150
   87     28.80 -61.37   6.63   3.58   0.10   0.02   -0.015  0.159 -0.220  0.369
   88     38.01-103.36 -28.41   8.15   0.32   0.08   -0.037  0.285 -0.152 -0.086
   89     47.75-142.04  89.95  21.04   0.34   0.58   -0.020 -0.201  0.340  0.615
   90     48.24-139.83  88.67  20.57   0.27   0.52   -0.033  0.028  0.359  0.249
   91     33.97  33.84  85.27  19.82   0.33   0.25   -0.067  0.193  0.061  0.105

 A V E R A G E   of ADJUSTMENTS :                    -0.050  0.050  0.022  0.049
 A V E R A G E   of ABSOLUTE ADJUSTMENTS :            0.053  0.161  0.156  0.162


 Step length damping of 0.25744 was applied.


 Velocity adjustments:
     vp    dvp      hp   reflector
 Velocity model   1
   5.528  0.024   -5.000      
   5.897 -0.018    1.250      
   5.977  0.002    5.310      
   6.160 -0.001   10.450      
   6.341 -0.061   11.300      
   6.370 -0.081   19.560      
   6.807 -0.058   21.560      
   7.619  0.115   33.030      
   7.722 -0.165   35.850      
   7.750 -0.200   39.820      

 Calculation of average velocity starts at layer #           1
 z = -5.00 ...  1.25    v = 5.53    AVEL = 5.53 downto z =   1.25
 z =  1.25 ...  5.31    v = 5.90    AVEL = 5.67 downto z =   5.31
 z =  5.31 ... 10.45    v = 5.98    AVEL = 5.77 downto z =  10.45
 z = 10.45 ... 11.30    v = 6.16    AVEL = 5.79 downto z =  11.30
 z = 11.30 ... 19.56    v = 6.34    AVEL = 5.98 downto z =  19.56
 z = 19.56 ... 21.56    v = 6.37    AVEL = 6.01 downto z =  21.56
 z = 21.56 ... 33.03    v = 6.81    AVEL = 6.25 downto z =  33.03
 z = 33.03 ... 35.85    v = 7.62    AVEL = 6.34 downto z =  35.85
 z = 35.85 ... 39.82    v = 7.72    AVEL = 6.47 downto z =  39.82


 Calculation of average velocity starts at layer #           2
 z =  1.25 ...  5.31    v = 5.90    AVEL = 5.90 downto z =   5.31
 z =  5.31 ... 10.45    v = 5.98    AVEL = 5.94 downto z =  10.45
 z = 10.45 ... 11.30    v = 6.16    AVEL = 5.96 downto z =  11.30
 z = 11.30 ... 19.56    v = 6.34    AVEL = 6.13 downto z =  19.56
 z = 19.56 ... 21.56    v = 6.37    AVEL = 6.16 downto z =  21.56
 z = 21.56 ... 33.03    v = 6.81    AVEL = 6.39 downto z =  33.03
 z = 33.03 ... 35.85    v = 7.62    AVEL = 6.49 downto z =  35.85
 z = 35.85 ... 39.82    v = 7.72    AVEL = 6.62 downto z =  39.82



 Adjusted station corrections:
   stn  ptcor  dpcor  
  624   0.000  0.000  628  -0.092 -0.052  630  -0.064 -0.037  627   0.047  0.016
  621   0.038  0.019  629   0.057  0.025  622   0.029  0.013  620  -0.009 -0.007
  623   0.106  0.054  626   0.076  0.032  625   0.069  0.026  631   0.118  0.054
  632  -0.056 -0.027

 ~~~ another iteration? ...



--------------------------------------------------------------------------------



           ITERATION no  3

 ~~~ set units for this iteration ...
 ~~~ determine number of unknowns for this iter. ...

 Number of unknowns (for array-indexing):  nvar =  386
 Number of effective unknowns        :  nvareff =  387
 Number of elements on/below main diagonal of matrix G = At*A : kvar =   74691

 Damping factors to be used in this iteration:
   Othet=   0.010   XYthet  =   0.010   Zthet=  0.010
 STAthet=   0.010   Vthet   =   1.000

 ~~~ damp G ...
 ~~~ solve G * b = RHT ...
 ~~~ fix units ...
 ~~~ apply eventually step-length damping ...
 ~~~ adjust model (hypocenters, stacorr & veloc.) ...

 doing velocity adjustments now...
 WARNING: Tried to introduce a low-velocity-layer! (Layer  9)
 Setting DVP from -0.20 to 0.0 and VP to vp(layer_above)+0.001

 doing station-correction adjustments...

 ~~~ compute effective step-length ...

 (Applied) Step length =   4.515

 ~~~ set units for next iteration ...
 ~~~ determine number of unknowns for next iter. ...

 Number of unknowns (for array-indexing):  nvar =  386
 Number of effective unknowns        :  nvareff =  387
 Number of elements on/below main diagonal of matrix G = At*A : kvar =   74691

 ~~~ reset G and RHT ...
 ~~~ raytracing, setup G ...
 ~~~ store parts of G ...
 ~~~ set units back for current iteration ...
 ~~~ determine number of unknowns for this iter. ...

 Number of unknowns (for array-indexing):  nvar =  386
 Number of effective unknowns        :  nvareff =  387
 Number of elements on/below main diagonal of matrix G = At*A : kvar =   74691

 ~~~ compute RMS and DATVAR ...

 $$$$$$$$$$$$$$$$$$$$$$$$$$$$$$$$$$$$$$$$$$$$$$$$$
 Events with  | AVRES | > 1.0 SEC are suspicious !

 Event#  10 >>>  160920 1607  AVRES =  1.18 NOBS =  2
 Event#  11 >>>  160925 1911  AVRES =  1.05 NOBS =  2

 ^^^^^^^^^ C H E C K   these events above ^^^^^^^^
 $$$$$$$$$$$$$$$$$$$$$$$$$$$$$$$$$$$$$$$$$$$$$$$$$

 ~~~ check solution (better? worse?) ...

 Iteration nr  3 obtained:
 DATVAR=    0.298874 mean sqrd residual=     0.128529  RMS RESIDUAL=     0.358509

 After  3 iterations we got:
 Average absolute & unweighted [and mean] residual of
   360 straight and direct rays =  0.11685 [  0.06348]
   319 refracted           rays =  0.40769 [  0.31777]
     0 reflected           rays =  0.00000 [  0.00000]

   679 ALL                 RAYS =  0.25349 [  0.18295]      -16.68 %

 ~~~ iteration done; output results ...

  eq       ot     x      y      z      rms    avres   dot     dx     dy     dz
    1      9.01  38.70 112.26  23.91   0.14   0.18   -0.031  0.017  0.108  0.117
    2      9.23  38.00 110.80  22.94   0.16   0.17   -0.039  0.063  0.156  0.209
    3     27.15-130.62  -7.74  13.65   0.33   0.26   -0.067 -0.235  0.350  0.592
    4     15.48-131.65  -6.44  11.15   0.40   0.24   -0.094 -0.315  0.273  0.183
    5     45.62 -40.25  38.39  23.86   0.07   0.11   -0.035  0.046 -0.145  0.045
    6     49.41 -36.35  40.45  17.43   0.09   0.03   -0.043  0.179 -0.079  0.406
    7     13.72-134.41-119.35   5.87   0.50   0.49   -0.093  0.332 -0.223 -0.029
    8     30.26-141.29 -43.33   9.26   0.37   0.37   -0.062 -0.213  0.255  0.320
    9     39.58  10.72  56.23  12.04   0.07  -0.03   -0.043 -0.048 -0.151 -0.030
   10     17.93 -88.90-308.16  16.23   1.01   1.18   -0.141 -0.794  0.061  0.013
   11      5.00 -64.56-309.67  15.66   1.27   1.05   -0.215 -0.997 -0.014  0.019
   12     51.05  34.97  94.90  17.55   0.15   0.08   -0.068 -0.029  0.116  0.774
   13     46.80  33.69  97.93  19.73   0.16   0.13   -0.029  0.113 -0.082  0.172
   14     55.73  33.33  97.46  14.89   0.22   0.13   -0.064 -0.025 -0.039  0.374
   15     44.56  34.07  97.72  18.05   0.32   0.20   -0.048  0.011  0.071  0.250
   16     44.72  34.85  96.44  19.10   0.38   0.22   -0.055 -0.051  0.149  0.110
   17     21.94  -0.97  82.57  18.84   0.21   0.12   -0.070  0.004  0.081  0.225
   18     36.40 -33.50   4.54  11.34   0.10   0.01   -0.033  0.256  0.073  0.073
   19     33.25  40.96  63.87   9.84   0.09  -0.00   -0.020 -0.182 -0.094 -0.097
   20     45.83  37.63  85.13  16.59   0.09   0.09   -0.067 -0.098  0.004  0.170
   21     34.07  36.09  82.53  12.76   0.25   0.07   -0.014 -0.196 -0.113 -0.639
   22     25.82  35.30  85.32  13.29   0.18   0.04   -0.032 -0.202 -0.043 -0.086
   23     15.82  35.10  86.19  11.69   0.32   0.04   -0.032 -0.148 -0.091  0.036
   24      1.75  34.77  83.18   6.66   0.40   0.00   -0.101  0.004  0.430  0.335
   25     48.63 -45.61  23.12  22.84   0.08   0.10    0.000  0.106 -0.248  0.338
   26     27.52 -69.80  -4.19  10.58   0.06   0.01   -0.029  0.227 -0.167  0.095
   27      0.12  -0.42  48.79  13.47   0.07   0.04   -0.032  0.104 -0.255  0.139
   28     59.01  37.80  76.38  11.39   0.29   0.15   -0.041  0.061  0.045  0.078
   29     20.04-148.90 -12.21  14.73   0.23   0.30   -0.059  0.013  0.284 -0.203
   30      2.89  36.04  76.27  12.98   0.35   0.18   -0.009  0.010 -0.168 -0.163
   31     20.92  35.91  77.15  14.00   0.31   0.16   -0.033 -0.259 -0.084 -0.072
   32     50.73  36.66  76.69  15.29   0.11   0.03   -0.027 -0.098 -0.172  0.005
   33      0.79  37.08  75.88  15.49   0.12   0.07   -0.011 -0.080 -0.127 -0.003
   34     55.42 -16.54  34.72  24.58   0.05   0.09    0.001  0.216 -0.062  0.042
   35     39.30 -70.38  -8.13   4.30   0.23   0.01    0.022  0.521  0.139  0.336
   36     59.07  36.36  77.54  15.11   0.25   0.15   -0.017 -0.103 -0.125 -0.003
   37      5.55  31.10  49.84  14.24   0.10   0.03   -0.018 -0.095 -0.126 -0.268
   38     46.42  72.76  72.84  17.14   0.21   0.12   -0.014 -0.246 -0.116 -0.042
   39     13.92   0.78  25.73   4.02   0.10  -0.06   -0.088  0.030 -0.141  0.136
   40     14.49 -41.78  13.78  16.53   0.14   0.03   -0.044  0.068 -0.064 -0.056
   41     56.30  34.67  78.60   6.03   0.10  -0.04   -0.041 -0.010 -0.232  0.429
   42     34.28  -3.68  46.05  17.93   0.07   0.05   -0.014  0.155 -0.086 -0.015
   43     24.66-109.00 -38.81   4.96   0.27  -0.02    0.023  0.666  0.230 -0.098
   44     49.57  30.11  50.18   8.57   0.07  -0.05   -0.051 -0.071 -0.130  0.091
   45     41.11-145.14  46.11  18.96   0.21   0.34   -0.051 -0.072  0.224  0.279
   46     34.04 -57.18  -1.12  16.44   0.07   0.06   -0.024  0.155 -0.107  0.112
   47      1.02  10.91  80.38  21.46   0.35   0.25   -0.002  0.133 -0.065 -0.159
   48     37.23  10.85  81.59  23.67   0.04   0.14   -0.001  0.116 -0.001  0.086
   49     35.63  54.33  84.54  22.73   0.15   0.11   -0.028 -0.180 -0.028  0.061
   50     36.07-101.77 -35.33  14.36   0.19   0.15    0.006  0.417  0.202 -0.555
   51     53.07-100.29 -54.49   8.18   0.44   0.25   -0.027  0.342  0.328 -0.330
   52     43.05-115.66  44.30  15.60   0.31   0.22   -0.075 -0.111  0.535  0.039
   53      1.01  10.92  80.74  21.40   0.34   0.26   -0.007  0.141  0.029  0.048
   54      1.65 -83.75 322.55  15.76   0.31   0.61   -0.617 -0.035 -0.096  0.056
   55      2.17 -89.57 304.19   0.57   0.15   0.65   -0.467  0.119 -0.028  0.059
   56     44.83  35.78  67.10  14.71   0.34   0.14   -0.032 -0.064 -0.229 -0.027
   57     46.90 -84.49 155.17  15.64   0.38   0.71   -0.130  0.111  0.276  0.012
   58     45.43 -80.22 151.53  15.36   0.45   0.53   -0.078  0.357  0.360  0.091
   59      8.49 -81.31   0.38   0.73   0.47   0.04   -0.039  0.377 -0.088 -0.760
   60      3.48-109.74-117.52   2.60   0.74   0.45   -0.038  0.308  0.489 -0.296
   61      0.38-131.05 -54.83   1.03   0.43   0.05   -0.108 -0.432  0.067  0.372
   62     20.05  20.39 152.11  16.52   0.56   0.33   -0.014  0.487 -0.277  0.275
   63     18.77 -46.81  29.50  20.64   0.10   0.08   -0.019  0.157 -0.147  0.197
   64      4.39-160.72 186.97   8.07   0.55   0.93   -0.170  1.233  1.555  0.018
   65     23.39 -47.46  20.04  15.86   0.07   0.04   -0.012  0.195 -0.211  0.175
   66     32.78-152.65  43.93  19.32   0.25   0.29   -0.010 -0.092  0.313  0.420
   67     41.89 -36.74  -5.55  18.39   0.14   0.11   -0.006  0.198 -0.186 -0.304
   68     13.97  50.87 106.96  20.07   0.23   0.25   -0.104  0.027  0.536 -0.090
   69     48.30-214.97-349.14  73.50   0.00   0.00    0.000  0.000  0.000  0.000
   70      5.39  34.02  96.92  19.53   0.35   0.26   -0.037  0.116 -0.019  0.061
   71      4.13   6.30  56.45   1.29   0.56   0.02   -0.026  0.067 -0.007 -0.004
   72     55.41 132.60-297.68  96.96   0.08   0.29   -0.014 -0.001  0.001 -0.000
   73     12.86  50.78  81.58  23.33   0.22   0.25   -0.014  0.107 -0.151  0.037
   74     36.08-102.38  70.94  22.42   0.21   0.26   -0.065 -0.025  0.307  0.399
 ***** depth constrained for event    75
   75     46.48-108.42   4.01   0.11   0.93   0.26   -0.110 -0.353  0.540 -0.100
   76     54.60-217.19 302.17   0.10   0.00   0.00    0.000  0.000  0.000  0.000
   77     43.97  50.97  94.03  17.29   0.14   0.15   -0.064  0.017  0.152  0.265
   78     41.74  38.64  65.81  21.95   0.21   0.16   -0.007  0.054 -0.346 -0.231
   79     58.61 -69.15  -4.56   0.23   0.37   0.05   -0.036  0.271 -0.096 -0.019
 ***** depth constrained for event    80
   80     26.67 -69.70  -6.08   0.11   0.30   0.08   -0.049  0.207 -0.156 -0.100
 ***** depth constrained for event    81
   81     26.89 -69.65  -4.79   0.11   0.37   0.08   -0.042  0.218 -0.140 -0.004
 ***** depth constrained for event    82
   82     23.23 -69.50  -4.61   0.11   0.27   0.01   -0.059  0.266 -0.087 -0.016
   83     23.17 -70.28  -5.97   7.13   0.07  -0.03   -0.015  0.301  0.055  0.094
   84     21.19 -42.68   8.01  21.12   0.05   0.07   -0.014  0.234 -0.300  0.083
   85     24.39-167.59 -45.99  10.60   0.36   0.39   -0.080  0.023  0.127 -0.191
   86     44.01 -12.03  29.65  18.47   0.06   0.05   -0.037  0.094 -0.196  0.147
   87     28.77 -61.19   6.54   4.12   0.10   0.02   -0.034  0.181 -0.095  0.537
   88     37.97-103.05 -28.49   7.94   0.27   0.06   -0.042  0.312 -0.082 -0.206
   89     47.72-142.28  90.23  21.64   0.30   0.45   -0.026 -0.245  0.281  0.604
   90     48.20-140.02  89.11  21.28   0.24   0.41   -0.038 -0.199  0.443  0.716
   91     33.89  34.14  85.29  19.94   0.27   0.19   -0.078  0.299  0.016  0.115

 A V E R A G E   of ADJUSTMENTS :                    -0.054  0.050  0.035  0.069
 A V E R A G E   of ABSOLUTE ADJUSTMENTS :            0.055  0.188  0.178  0.183


 Step length damping of 0.34716 was applied.


 Velocity adjustments:
     vp    dvp      hp   reflector
 Velocity model   1
   5.571  0.042   -5.000      
   5.852 -0.045    1.250      
   5.970 -0.007    5.310      
   6.153 -0.007   10.450      
   6.277 -0.064   11.300      
   6.304 -0.066   19.560      
   6.742 -0.065   21.560      
   7.615 -0.005   33.030      
   7.616  0.000   35.850      
   7.751  0.001   39.820      

 Calculation of average velocity starts at layer #           1
 z = -5.00 ...  1.25    v = 5.57    AVEL = 5.57 downto z =   1.25
 z =  1.25 ...  5.31    v = 5.85    AVEL = 5.68 downto z =   5.31
 z =  5.31 ... 10.45    v = 5.97    AVEL = 5.78 downto z =  10.45
 z = 10.45 ... 11.30    v = 6.15    AVEL = 5.80 downto z =  11.30
 z = 11.30 ... 19.56    v = 6.28    AVEL = 5.96 downto z =  19.56
 z = 19.56 ... 21.56    v = 6.30    AVEL = 5.98 downto z =  21.56
 z = 21.56 ... 33.03    v = 6.74    AVEL = 6.21 downto z =  33.03
 z = 33.03 ... 35.85    v = 7.61    AVEL = 6.31 downto z =  35.85
 z = 35.85 ... 39.82    v = 7.62    AVEL = 6.43 downto z =  39.82


 Calculation of average velocity starts at layer #           2
 z =  1.25 ...  5.31    v = 5.85    AVEL = 5.85 downto z =   5.31
 z =  5.31 ... 10.45    v = 5.97    AVEL = 5.92 downto z =  10.45
 z = 10.45 ... 11.30    v = 6.15    AVEL = 5.94 downto z =  11.30
 z = 11.30 ... 19.56    v = 6.28    AVEL = 6.09 downto z =  19.56
 z = 19.56 ... 21.56    v = 6.30    AVEL = 6.11 downto z =  21.56
 z = 21.56 ... 33.03    v = 6.74    AVEL = 6.34 downto z =  33.03
 z = 33.03 ... 35.85    v = 7.61    AVEL = 6.44 downto z =  35.85
 z = 35.85 ... 39.82    v = 7.62    AVEL = 6.56 downto z =  39.82



 Adjusted station corrections:
   stn  ptcor  dpcor  
  624   0.000  0.000  628  -0.145 -0.053  630  -0.093 -0.029  627   0.063  0.016
  621   0.054  0.016  629   0.090  0.033  622   0.045  0.016  620  -0.016 -0.008
  623   0.156  0.050  626   0.108  0.032  625   0.095  0.026  631   0.158  0.039
  632  -0.099 -0.044

 ~~~ another iteration? ...
 NITT = ITTMAX  --> stop iterations.
 ~~~ final solution reached ...

 ~~~ damp G & Chol.-Decomp.: NOT made (switch iresolcalc is NOT set !)

 Final rms values:  0.14 0.16 0.33 0.40 0.07 0.09 0.50 0.37 0.07 1.01
                    1.27 0.15 0.16 0.22 0.32 0.38 0.21 0.10 0.09 0.09
                    0.25 0.18 0.32 0.40 0.08 0.06 0.07 0.29 0.23 0.35
                    0.31 0.11 0.12 0.05 0.23 0.25 0.10 0.21 0.10 0.14
                    0.10 0.07 0.27 0.07 0.21 0.07 0.35 0.04 0.15 0.19
                    0.44 0.31 0.34 0.31 0.15 0.34 0.38 0.45 0.47 0.74
                    0.43 0.56 0.10 0.55 0.07 0.25 0.14 0.23 0.00 0.35
                    0.56 0.08 0.22 0.21 0.93 0.00 0.14 0.21 0.37 0.30
                    0.37 0.27 0.07 0.05 0.36 0.06 0.10 0.27 0.30 0.24
                    0.27



 ~~~ output final hypocenters ...

      date    origin   latitude longitude  depth  mag  no  rms      x      y      z
   1 160818 1613  9.01 73.0061N 124.8472E  23.91 1.40   6 0.143   38.70 112.26  23.91
   2 160818 1613  9.23 72.9930N 124.8685E  22.94 1.10   6 0.158   38.00 110.80  22.94
   3 160819 0959 27.15 71.9306N 129.7786E  13.65 4.00  12 0.333 -130.62  -7.74  13.65
   4 160820 1506 15.48 71.9423N 129.8096E  11.15 1.50   9 0.397 -131.65  -6.44  11.15
   5 160820 1904 45.62 72.3440N 127.1774E  23.86 1.20   6 0.070  -40.25  38.39  23.86
   6 160822 1318 49.41 72.3625N 127.0639E  17.43 0.60   8 0.093  -36.35  40.45  17.43
   7 160823 0652 13.72 70.9304N 129.7872E   5.87 2.90   6 0.498 -134.41-119.35   5.87
   8 160824 1510 30.26 71.6117N 130.0527E   9.26 1.50   9 0.374 -141.29 -43.33   9.26
   9 160906 1514 39.58 72.5039N 125.6849E  12.04 0.90   6 0.066   10.72  56.23  12.04
  10 160920 1607 17.93 69.2383N 128.3995E  16.23 2.60   2 1.014  -88.90-308.16  16.23
  11 160925 1911  5.00 69.2248N 127.7420E  15.66 2.30   2 1.267  -64.56-309.67  15.66
  12 161004 0841 51.05 72.8505N 124.9628E  17.55 0.20   6 0.150   34.97  94.90  17.55
  13 161005 1619 46.80 72.8776N 125.0000E  19.73 1.00   9 0.160   33.69  97.93  19.73
  14 161006 0156 55.73 72.8735N 125.0108E  14.89 1.00   7 0.224   33.33  97.46  14.89
  15 161009 0036 44.56 72.8757N 124.9889E  18.05 1.30   8 0.321   34.07  97.72  18.05
  16 161009 0036 44.72 72.8643N 124.9660E  19.10 1.20   7 0.376   34.85  96.44  19.10
  17 161012 0800 21.94 72.7400N 126.0286E  18.84 0.80   7 0.215   -0.97  82.57  18.84
  18 161015 1013 36.40 72.0407N 126.9721E  11.34 0.70   7 0.101  -33.50   4.54  11.34
  19 161021 0507 33.25 72.5724N 124.7943E   9.84 0.80   6 0.085   40.96  63.87   9.84
  20 161124 2250 45.83 72.7630N 124.8867E  16.59 3.10   4 0.094   37.63  85.13  16.59
  21 161125 0156 34.07 72.7396N 124.9327E  12.76 0.60   7 0.252   36.09  82.53  12.76
  22 161125 0517 25.82 72.7646N 124.9554E  13.29 1.60   6 0.181   35.30  85.32  13.29
  23 161125 0525 15.82 72.7724N 124.9612E  11.69 0.80   6 0.320   35.10  86.19  11.69
  24 161125 0556  1.75 72.7455N 124.9716E   6.66 0.20   6 0.398   34.77  83.18   6.66
  25 170117 0846 48.63 72.2072N 127.3292E  22.84 0.30   6 0.080  -45.61  23.12  22.84
  26 170122 1614 27.52 71.9624N 128.0210E  10.58 0.90   6 0.059  -69.80  -4.19  10.58
  27 170125 2244  0.12 72.4372N 126.0123E  13.47 0.80   6 0.072   -0.42  48.79  13.47
  28 170302 1359 59.01 72.6845N 124.8840E  11.39 0.50   7 0.292   37.80  76.38  11.39
  29 170302 2335 20.04 71.8906N 130.3028E  14.73 2.10   9 0.232 -148.90 -12.21  14.73
  30 170304 2135  2.89 72.6836N 124.9359E  12.98 1.30   7 0.353   36.04  76.27  12.98
  31 170307 0447 20.92 72.6914N 124.9395E  14.00 1.70  10 0.311   35.91  77.15  14.00
  32 170307 2016 50.73 72.6873N 124.9175E  15.29 1.10   6 0.105   36.66  76.69  15.29
  33 170309 1454  0.79 72.6800N 124.9053E  15.49 0.30   6 0.120   37.08  75.88  15.49
  34 170311 0430 55.42 72.3111N 126.4833E  24.58 0.30   6 0.047  -16.54  34.72  24.58
  35 170312 0416 39.30 71.9272N 128.0359E   4.30 2.10   6 0.229  -70.38  -8.13   4.30
  36 170313 0553 59.07 72.6949N 124.9262E  15.11 1.00   9 0.248   36.36  77.54  15.11
  37 170313 0809  5.55 72.4467N 125.0876E  14.24 1.20   7 0.102   31.10  49.84  14.24
  38 170315 0234 46.42 72.6528N 123.8536E  17.14 1.40   7 0.213   72.76  72.84  17.14
  39 170317 1007 13.92 72.2306N 125.9772E   4.02 0.50   7 0.103    0.78  25.73   4.02
  40 170320 0711 14.49 72.1235N 127.2148E  16.53 0.90   6 0.136  -41.78  13.78  16.53
  41 170320 0853 56.30 72.7044N 124.9758E   6.03 0.40   6 0.101   34.67  78.60   6.03
  42 170320 1900 34.28 72.4127N 126.1078E  17.93 0.60   7 0.070   -3.68  46.05  17.93
  43 170323 0519 24.66 71.6522N 129.1298E   4.96 1.20   6 0.270 -109.00 -38.81   4.96
  44 170323 1612 49.57 72.4497N 125.1166E   8.57 0.50   6 0.066   30.11  50.18   8.57
  45 170323 1906 41.11 72.4133N 130.2536E  18.96 1.00   6 0.209 -145.14  46.11  18.96
  46 170326 0836 34.04 71.9900N 127.6568E  16.44 1.50   7 0.072  -57.18  -1.12  16.44
  47 170402 0422  1.02 72.7203N 125.6776E  21.46 1.20  10 0.350   10.91  80.38  21.46
  48 170402 0636 37.23 72.7312N 125.6792E  23.67 0.70   6 0.044   10.85  81.59  23.67
  49 170404 2347 35.63 72.7576N 124.3925E  22.73 0.50   6 0.148   54.33  84.54  22.73
  50 170405 0307 36.07 71.6834N 128.9248E  14.36 1.00  10 0.187 -101.77 -35.33  14.36
  51 170405 1410 53.07 71.5117N 128.8693E   8.18 1.70  10 0.443 -100.29 -54.49   8.18
  52 170406 0838 43.05 72.3970N 129.3883E  15.60 0.90  10 0.310 -115.66  44.30  15.60
  53 170406 1728  1.01 72.7236N 125.6773E  21.40 0.90  10 0.339   10.92  80.74  21.40
  54 170407 1729  1.65 74.8907N 128.6322E  15.76 1.80   2 0.312  -83.75 322.55  15.76
  55 170407 1729  2.17 74.7261N 128.8018E   0.57 1.60   5 0.153  -89.57 304.19   0.57
  56 170408 1004 44.83 72.6013N 124.9458E  14.71 1.40  13 0.343   35.78  67.10  14.71
  57 170409 0856 46.90 73.3906N 128.5439E  15.64 2.50   6 0.382  -84.49 155.17  15.64
  58 170409 0902 45.43 73.3580N 128.4132E  15.36 1.10   7 0.446  -80.22 151.53  15.36
  59 170410 1520  8.49 72.0034N 128.3569E   0.73 1.00  10 0.467  -81.31   0.38   0.73
  60 170410 1813  3.48 70.9468N 129.0933E   2.60 2.20  13 0.738 -109.74-117.52   2.60
  61 170412 1507  0.38 71.5086N 129.7488E   1.03 0.70   6 0.429 -131.05 -54.83   1.03
  62 170413 0651 20.05 73.3632N 125.3865E  16.52 1.00  10 0.561   20.39 152.11  16.52
  63 170414 0459 18.77 72.2644N 127.3664E  20.64 0.50   7 0.097  -46.81  29.50  20.64
  64 170414 0540  4.39 73.6756N 130.8779E   8.07 1.80  11 0.550 -160.72 186.97   8.07
  65 170414 1656 23.39 72.1796N 127.3822E  15.86 0.20   6 0.067  -47.46  20.04  15.86
  66 170414 1753 32.78 72.3937N 130.4715E  19.32 0.70   6 0.248 -152.65  43.93  19.32
  67 170416 0523 41.89 71.9502N 127.0635E  18.39 1.60  13 0.140  -36.74  -5.55  18.39
  68 170416 1220 13.97 72.9586N 124.4867E  20.07 1.00  11 0.233   50.87 106.96  20.07
 WARNING: Event-# :          69 has zero observations!
  69 170416 1257 48.30 68.8710N 131.7500E  73.50 2.20   0 0.000 -214.97-349.14  73.50
  70 170416 1821  5.39 72.8686N 124.9905E  19.53 1.30  13 0.354   34.02  96.92  19.53
  71 170418 0606  4.13 72.5059N 125.8149E   1.29 0.20   6 0.565    6.30  56.45   1.29
  72 170418 1005 55.41 69.3322N 122.4127E  96.96 2.20   1 0.082  132.60-297.68  96.96
  73 170418 1500 12.86 72.7311N 124.4987E  23.33 1.30  12 0.218   50.78  81.58  23.33
  74 170420 1302 36.08 72.6357N 129.0188E  22.42 0.90  11 0.213 -102.38  70.94  22.42
  75 170420 2248 46.48 72.0359N 129.1452E   0.11 0.70  11 0.928 -108.42   4.01   0.11
 WARNING: Event-# :          76 has zero observations!
  76 170423 0850 54.60 74.7080N 132.7900E   0.10 1.90   0 0.000 -217.19 302.17   0.10
  77 170423 1455 43.97 72.8427N 124.4884E  17.29 0.60   8 0.140   50.97  94.03  17.29
  78 170423 2313 41.74 72.5898N 124.8622E  21.95 1.30  12 0.206   38.64  65.81  21.95
  79 170424 0609 58.61 71.9592N 128.0018E   0.23 1.10  12 0.372  -69.15  -4.56   0.23
  80 170424 0755 26.67 71.9455N 128.0172E   0.11 1.00  12 0.296  -69.70  -6.08   0.11
  81 170424 0755 26.89 71.9571N 128.0163E   0.11 1.00  12 0.367  -69.65  -4.79   0.11
  82 170425 0652 23.23 71.9587N 128.0120E   0.11 1.20   9 0.269  -69.50  -4.61   0.11
  83 170426 0051 23.17 71.9465N 128.0340E   7.13 0.70   6 0.072  -70.28  -5.97   7.13
  84 170426 1425 21.19 72.0718N 127.2395E  21.12 0.10   6 0.046  -42.68   8.01  21.12
  85 170426 1834 24.39 71.5879N 130.8041E  10.60 1.20   8 0.363 -167.59 -45.99  10.60
  86 170426 1840 44.01 72.2657N 126.3511E  18.47 1.30   8 0.060  -12.03  29.65  18.47
  87 170427 0912 28.77 72.0586N 127.7763E   4.12 0.90   8 0.101  -61.19   6.54   4.12
  88 170427 1041 37.97 71.7447N 128.9664E   7.94 0.70   7 0.271 -103.05 -28.49   7.94
  89 170427 2010 47.72 72.8086N 130.2152E  21.64 1.30   8 0.304 -142.28  90.23  21.64
  90 170427 2010 48.20 72.7986N 130.1472E  21.28 1.30   8 0.242 -140.02  89.11  21.28
  91 170427 2342 33.89 72.7643N 124.9898E  19.94 0.80   6 0.274   34.14  85.29  19.94

 ~~~ output final station residuals ...
 TURBO-option is set; residuals are NOT printed for each event!



   station statistics, remember nsp was set to: 1


 sta phase nobs avres  avwres    std    wsum    delay

 624    P  74  0.1172  0.1172  0.2106  74.0000  0.0000
 628    P  69  0.0321  0.0321  0.2993  69.0000 -0.1453
 630    P  53  0.1089  0.1089  0.2447  53.0000 -0.0928
 627    P  46  0.1452  0.1452  0.3086  46.0000  0.0634
 621    P  59  0.2634  0.2634  0.3368  59.0000  0.0542
 629    P  43  0.1495  0.1495  0.3099  43.0000  0.0897
 622    P  58  0.1584  0.1584  0.3027  58.0000  0.0447
 620    P  48  0.1203  0.1203  0.3920  48.0000 -0.0163
 623    P  55  0.2036  0.2036  0.3195  55.0000  0.1563
 626    P  52  0.2449  0.2449  0.4621  52.0000  0.1082
 625    P  49  0.1790  0.1790  0.3277  49.0000  0.0947
 631    P  49  0.4916  0.4916  0.5228  49.0000  0.1577
 632    P  24  0.2983  0.2983  0.4519  24.0000 -0.0995


 ~~~ output statistics ...




 RAY-STATISTICS FOR  L A S T  ITERATION
 --------------------------------------

 NHYP : nr of hypocenters in this layer
 NREF : nr of headwaves in this layer
 %len : % of "refracted km" in this layer 
        with respect to all refracted kilometers
 NHIT : nr of rays passed thru this layer
 xy-km: average horizontal ray length [km] in layer
 z-km : average  vertical  ray length [km] in layer
 RFLX : number of reflections at bottom of this layer

 nlay   top ..... bottom     velocity   NHYP NREF %len  NHIT xy-km  z-km  RFLX

   1    -5.00...  1.25 km    5.57 km/s    9    0   0.0   755   2.1   1.2     0
   2     1.25...  5.31 km    5.85 km/s    6   45  10.0   734  11.1   3.7     0
   3     5.31... 10.45 km    5.97 km/s   10   16   3.1   696  11.5   4.7     0
   4    10.45... 11.30 km    6.15 km/s    3    0   0.0   671   2.3   0.8     0
   5    11.30... 19.56 km    6.28 km/s   42   57  15.3   709  21.9   5.7     0
   6    19.56... 21.56 km    6.30 km/s    8    0   0.0   482   3.6   1.9     0
   7    21.56... 33.03 km    6.74 km/s   11   74  19.2   397  28.5   7.6     0
   8    33.03... 35.85 km    7.61 km/s    0  109  43.7   146  69.5   0.7     0
   9    35.85... 39.82 km    7.62 km/s    0    0   0.0    37  20.8   4.0     0
  10    39.82...       km    7.75 km/s    2   18   8.7     0   0.0   0.0

 Total nr of events was   91

 Total nr of refracted rays =   319
 Total nr of reflected rays =     0
 Total nr of   other   rays =   360
                              ------
 Total nr of    all    rays =   679

 Average (absolute) error of the raytracers:
  Straight and direct rays :    7.75 meters
  Refracted           rays :    0.01 meters
  Reflected           rays :    0.00 meters


 ALL RAYS TOGETHER:
 Average horizontal ray length =   89.8 km   (Hypocenter --> Station) 
 Average  vertical  ray length =   18.4 km   (Deepest ray-point --> Station)



 ... and some more STATISTICS 
 ---------------------------- 
  GAP of final epicenters:

  Event# -> GAP  Event# -> GAP  Event# -> GAP  Event# -> GAP  Event# -> GAP
       1 -> 296       2 -> 294       3 -> 271       4 -> 275       5 -> 307
       6 ->  97       7 -> 320       8 -> 306       9 -> 167      10 -> 346
      11 -> 347      12 -> 260      13 -> 264      14 -> 263      15 -> 263
      16 -> 264      17 -> 253      18 -> 242      19 -> 160      20 -> 302
      21 -> 231      22 -> 238      23 -> 241      24 -> 232      25 -> 129
      26 -> 103      27 -> 152      28 -> 212      29 -> 305      30 -> 211
      31 -> 214      32 -> 212      33 -> 210      34 -> 132      35 -> 237
      36 -> 216      37 -> 132      38 -> 310      39 -> 119      40 -> 209
      41 -> 218      42 -> 121      43 -> 223      44 -> 133      45 -> 309
      46 -> 125      47 -> 224      48 -> 226      49 -> 287      50 -> 193
      51 -> 289      52 -> 271      53 -> 224      54 -> 354      55 -> 347
      56 -> 179      57 -> 310      58 -> 318      59 -> 159      60 -> 310
      61 -> 301      62 -> 306      63 -> 148      64 -> 322      65 -> 127
      66 -> 293      67 ->  86      68 -> 295      69 -> 171      70 -> 262
      71 -> 173      72 ->   0      73 -> 260      74 -> 299      75 -> 241
      76 ->  59      77 -> 284      78 -> 171      79 -> 163      80 -> 169
      81 -> 165      82 -> 164      83 -> 232      84 -> 117      85 -> 315
      86 ->  94      87 -> 114      88 -> 268      89 -> 318      90 -> 317
      91 -> 295

 GAPs were between   0 and 354
      (average GAP was 227)



  MAGNITUDES of INPUT-DATA:

 Magnitude (# of events)   ***average number of obs***

 MAG<= 1.0 ( 47) *******
 MAG = 1.1 (  4) ********
 MAG = 1.2 (  7) ********
 MAG = 1.3 (  8) *********1
 MAG = 1.4 (  3) *********
 MAG = 1.5 (  3) ********
 MAG = 1.6 (  3) ********
 MAG = 1.7 (  2) *********1
 MAG = 1.8 (  2) *******
 MAG = 1.9 (  1)  
 MAG = 2.0 (  0)  
 MAG = 2.1 (  2) ********
 MAG = 2.2 (  3) *****
 MAG = 2.3 (  1) **
 MAG = 2.4 (  0)  
 MAG = 2.5 (  1) ******
 MAG = 2.6 (  1) **
 MAG = 2.7 (  0)  
 MAG = 2.8 (  0)  
 MAG = 2.9 (  1) ******
 MAG = 3.0 (  0)  
 MAG = 3.1 (  1) ****
 MAG = 3.2 (  0)  
 MAG = 3.3 (  0)  
 MAG = 3.4 (  0)  
 MAG = 3.5 (  0)  
 MAG = 3.6 (  0)  
 MAG = 3.7 (  0)  
 MAG = 3.8 (  0)  
 MAG = 3.9 (  0)  
 MAG = 4.0 (  1) *********1**
 MAG = 4.1 (  0)  
 MAG = 4.2 (  0)  
 MAG = 4.3 (  0)  
 MAG = 4.4 (  0)  
 MAG = 4.5 (  0)  
 MAG = 4.6 (  0)  
 MAG = 4.7 (  0)  
 MAG = 4.8 (  0)  
 MAG = 4.9 (  0)  
 MAG = 5.0 (  0)  
 MAG = 5.1 (  0)  
 MAG = 5.2 (  0)  
 MAG = 5.3 (  0)  
 MAG = 5.4 (  0)  
 MAG = 5.5 (  0)  
 MAG = 5.6 (  0)  
 MAG = 5.7 (  0)  
 MAG = 5.8 (  0)  
 MAG = 5.9 (  0)  
 MAG>= 6.0 (  0)  





  DEPTHs of INPUT-DATA and of LAST ITERATION:
  ===========================================

       Depth       # of events  

 DEPTH ( input ) =  -4. km :   
 DEPTH (last_IT) =  -4. km :   
 DEPTH ( input ) =  -3. km :   
 DEPTH (last_IT) =  -3. km :   
 DEPTH ( input ) =  -2. km :   
 DEPTH (last_IT) =  -2. km :   
 DEPTH ( input ) =  -1. km :   
 DEPTH (last_IT) =  -1. km :   
 DEPTH ( input ) =   0. km :  ........
 DEPTH (last_IT) =   0. km :  ******
 DEPTH ( input ) =   1. km :  .
 DEPTH (last_IT) =   1. km :  ****
 DEPTH ( input ) =   2. km :   
 DEPTH (last_IT) =   2. km :   
 DEPTH ( input ) =   3. km :  ...
 DEPTH (last_IT) =   3. km :  *
 DEPTH ( input ) =   4. km :  ..
 DEPTH (last_IT) =   4. km :  ***
 DEPTH ( input ) =   5. km :  ..
 DEPTH (last_IT) =   5. km :  *
 DEPTH ( input ) =   6. km :  ..
 DEPTH (last_IT) =   6. km :  **
 DEPTH ( input ) =   7. km :  .
 DEPTH (last_IT) =   7. km :  **
 DEPTH ( input ) =   8. km :  ...
 DEPTH (last_IT) =   8. km :  ***
 DEPTH ( input ) =   9. km :  ..
 DEPTH (last_IT) =   9. km :  **
 DEPTH ( input ) =  10. km :  ..
 DEPTH (last_IT) =  10. km :  *
 DEPTH ( input ) =  11. km :  ...
 DEPTH (last_IT) =  11. km :  *****
 DEPTH ( input ) =  12. km :  ....
 DEPTH (last_IT) =  12. km :  **
 DEPTH ( input ) =  13. km :  ..
 DEPTH (last_IT) =  13. km :  ****
 DEPTH ( input ) =  14. km :  ...
 DEPTH (last_IT) =  14. km :  ****
 DEPTH ( input ) =  15. km :  ........
 DEPTH (last_IT) =  15. km :  *******
 DEPTH ( input ) =  16. km :  .........1.
 DEPTH (last_IT) =  16. km :  *******
 DEPTH ( input ) =  17. km :  .....
 DEPTH (last_IT) =  17. km :  ******
 DEPTH ( input ) =  18. km :  ....
 DEPTH (last_IT) =  18. km :  *****
 DEPTH ( input ) =  19. km :  .....
 DEPTH (last_IT) =  19. km :  ****
 DEPTH ( input ) =  20. km :  .....
 DEPTH (last_IT) =  20. km :  ****
 DEPTH ( input ) =  21. km :  ..
 DEPTH (last_IT) =  21. km :  *****
 DEPTH ( input ) =  22. km :  ....
 DEPTH (last_IT) =  22. km :  ***
 DEPTH ( input ) =  23. km :  ....
 DEPTH (last_IT) =  23. km :  ****
 DEPTH ( input ) =  24. km :  ..
 DEPTH (last_IT) =  24. km :  ***
 DEPTH ( input ) =  25. km :  .
 DEPTH (last_IT) =  25. km :  *
 DEPTH ( input ) =  26. km :   
 DEPTH (last_IT) =  26. km :   
 DEPTH ( input ) =  27. km :   
 DEPTH (last_IT) =  27. km :   
 DEPTH ( input ) =  28. km :   
 DEPTH (last_IT) =  28. km :   
 DEPTH ( input ) =  29. km :   
 DEPTH (last_IT) =  29. km :   
 DEPTH ( input ) =  30. km :   
 DEPTH (last_IT) =  30. km :   
 DEPTH ( input ) =  31. km :   
 DEPTH (last_IT) =  31. km :   
 DEPTH ( input ) =  32. km :   
 DEPTH (last_IT) =  32. km :   
 DEPTH ( input ) =  33. km :   
 DEPTH (last_IT) =  33. km :   
 DEPTH ( input ) =  34. km :   
 DEPTH (last_IT) =  34. km :   
 DEPTH ( input ) =  35. km :   
 DEPTH (last_IT) =  35. km :   
 DEPTH ( input ) =  36. km :   
 DEPTH (last_IT) =  36. km :   
 DEPTH ( input ) =  37. km :   
 DEPTH (last_IT) =  37. km :   
 DEPTH ( input ) =  38. km :   
 DEPTH (last_IT) =  38. km :   
 DEPTH ( input ) =  39. km :   
 DEPTH (last_IT) =  39. km :   
 DEPTH ( input ) =  40. km :   
 DEPTH (last_IT) =  40. km :   
 DEPTH ( input ) =  41. km :   
 DEPTH (last_IT) =  41. km :   
 DEPTH ( input ) =  42. km :   
 DEPTH (last_IT) =  42. km :   
 DEPTH ( input ) =  43. km :   
 DEPTH (last_IT) =  43. km :   
 DEPTH ( input ) =  44. km :   
 DEPTH (last_IT) =  44. km :   
 DEPTH ( input ) =  45. km :   
 DEPTH (last_IT) =  45. km :   
 DEPTH ( input ) =  46. km :   
 DEPTH (last_IT) =  46. km :   
 DEPTH ( input ) =  47. km :   
 DEPTH (last_IT) =  47. km :   
 DEPTH ( input ) =  48. km :   
 DEPTH (last_IT) =  48. km :   
 DEPTH ( input ) =  49. km :   
 DEPTH (last_IT) =  49. km :   
 DEPTH ( input ) =  50. km :   
 DEPTH (last_IT) =  50. km :   
 DEPTH ( input ) =  51. km :   
 DEPTH (last_IT) =  51. km :   
 DEPTH ( input ) =  52. km :   
 DEPTH (last_IT) =  52. km :   
 DEPTH ( input ) =  53. km :   
 DEPTH (last_IT) =  53. km :   
 DEPTH ( input ) =  54. km :   
 DEPTH (last_IT) =  54. km :   
 DEPTH ( input ) =  55. km :   
 DEPTH (last_IT) =  55. km :   
 DEPTH ( input ) =  56. km :   
 DEPTH (last_IT) =  56. km :   
 DEPTH ( input ) =  57. km :   
 DEPTH (last_IT) =  57. km :   
 DEPTH ( input ) =  58. km :   
 DEPTH (last_IT) =  58. km :   
 DEPTH ( input ) =  59. km :   
 DEPTH (last_IT) =  59. km :   
 DEPTH ( input ) =  60. km :   
 DEPTH (last_IT) =  60. km :   
 DEPTH ( input ) =  61. km :   
 DEPTH (last_IT) =  61. km :   
 DEPTH ( input ) =  62. km :   
 DEPTH (last_IT) =  62. km :   
 DEPTH ( input ) =  63. km :   
 DEPTH (last_IT) =  63. km :   
 DEPTH ( input ) =  64. km :   
 DEPTH (last_IT) =  64. km :   
 DEPTH ( input ) =  65. km :   
 DEPTH (last_IT) =  65. km :   
 DEPTH ( input ) =  66. km :   
 DEPTH (last_IT) =  66. km :   
 DEPTH ( input ) =  67. km :   
 DEPTH (last_IT) =  67. km :   
 DEPTH ( input ) =  68. km :   
 DEPTH (last_IT) =  68. km :   
 DEPTH ( input ) =  69. km :   
 DEPTH (last_IT) =  69. km :   
 DEPTH ( input ) =  70. km :   
 DEPTH (last_IT) =  70. km :   
 DEPTH ( input ) =  71. km :   
 DEPTH (last_IT) =  71. km :   
 DEPTH ( input ) =  72. km :   
 DEPTH (last_IT) =  72. km :   
 DEPTH ( input ) =  73. km :   
 DEPTH (last_IT) =  73. km :   
 DEPTH ( input ) =  74. km :  .
 DEPTH (last_IT) =  74. km :  *
 DEPTH ( input ) =  75. km :   
 DEPTH (last_IT) =  75. km :   
 DEPTH ( input ) =  76. km :   
 DEPTH (last_IT) =  76. km :   
 DEPTH ( input ) =  77. km :   
 DEPTH (last_IT) =  77. km :   
 DEPTH ( input ) =  78. km :   
 DEPTH (last_IT) =  78. km :   
 DEPTH ( input ) =  79. km :   
 DEPTH (last_IT) =  79. km :   
 DEPTH ( input ) =  80. km :   
 DEPTH (last_IT) =  80. km :   
 DEPTH ( input ) =  81. km :   
 DEPTH (last_IT) =  81. km :   
 DEPTH ( input ) =  82. km :   
 DEPTH (last_IT) =  82. km :   
 DEPTH ( input ) =  83. km :   
 DEPTH (last_IT) =  83. km :   
 DEPTH ( input ) =  84. km :   
 DEPTH (last_IT) =  84. km :   
 DEPTH ( input ) =  85. km :   
 DEPTH (last_IT) =  85. km :   
 DEPTH ( input ) =  86. km :   
 DEPTH (last_IT) =  86. km :   
 DEPTH ( input ) =  87. km :   
 DEPTH (last_IT) =  87. km :   
 DEPTH ( input ) =  88. km :   
 DEPTH (last_IT) =  88. km :   
 DEPTH ( input ) =  89. km :   
 DEPTH (last_IT) =  89. km :   
 DEPTH ( input ) =  90. km :   
 DEPTH (last_IT) =  90. km :   
 DEPTH ( input ) =  91. km :   
 DEPTH (last_IT) =  91. km :   
 DEPTH ( input ) =  92. km :   
 DEPTH (last_IT) =  92. km :   
 DEPTH ( input ) =  93. km :   
 DEPTH (last_IT) =  93. km :   
 DEPTH ( input ) =  94. km :   
 DEPTH (last_IT) =  94. km :   
 DEPTH ( input ) =  95. km :   
 DEPTH (last_IT) =  95. km :   
 DEPTH ( input ) =  96. km :   
 DEPTH (last_IT) =  96. km :   
 DEPTH ( input ) =  97. km :  .
 DEPTH (last_IT) =  97. km :  *
 DEPTH ( input ) =  98. km :   
 DEPTH (last_IT) =  98. km :   
 DEPTH ( input ) =  99. km :   
 DEPTH (last_IT) =  99. km :   
 DEPTH ( input ) = 100. km :   
 DEPTH (last_IT) = 100. km :   
 DEPTH ( input ) > 100. km :   
 DEPTH (last_IT) > 100. km :   


 Residuals of the stations according to the azimuth:
 (RES  = total average residual at station)
 (RES1 = average residual of rays from 1st quadrant)
 (RES2 = average residual of rays from 2nd quadrant)
 (RES3 = average residual of rays from 3rd quadrant)
 (RES4 = average residual of rays from 4th quadrant)

 Stn#  Stn     RES          RES1         RES2         RES3         RES4
   1   624     0.12(  74)   0.10(  33)   0.04(   5)   0.13(  29)   0.20(   7)
   2   628     0.03(  69)  -0.07(  32)  -0.03(   5)   0.04(  25)   0.52(   7)
   3   630     0.11(  53)   0.17(  24)   0.04(  11)  -0.11(  10)   0.28(   8)
   4   627     0.15(  46)   0.18(  12)  -0.00(   1)   0.00(  21)   0.37(  12)
   5   621     0.26(  59)   0.19(   7)   0.00(   0)   0.42(  18)   0.19(  34)
   6   629     0.15(  43)   0.29(  15)   0.00(   0)  -0.06(   8)   0.13(  20)
   7   622     0.16(  58)   0.03(  27)   0.00(   0)   0.28(  20)   0.25(  11)
   8   620     0.12(  48)   0.00(   0)   0.04(   1)   0.33(  18)  -0.01(  29)
   9   623     0.20(  55)   0.10(  30)   0.00(   0)   0.42(  17)   0.15(   8)
  10   626     0.24(  52)   0.20(  24)   0.00(   0)   0.08(   5)   0.33(  23)
  11   625     0.18(  49)   0.18(  14)   0.00(   0)   0.11(  23)   0.31(  12)
  12   631     0.49(  49)   0.58(  18)   0.29(   1)   0.94(   4)   0.37(  26)
  13   632     0.30(  24)   0.55(  12)   0.31(   2)  -0.03(   3)   0.01(   7)



 CPU - statistics:

 TOTAL CPU-sec          =    0.3     (CPU-minutes:  0.005)

 >>>   End of program VELEST at 25-06-02 12:50       <<< [ CPU-sec :     0.3]
