 >>> Start of program VELEST at 25-06-02 12:52       <<<                        

 ::::::::::::::::::::::::::::::::::::::                                         
  V E L E S T  - Version : January 3, 1995                                      
  (Authors: see source code)                                                    
 ::::::::::::::::::::::::::::::::::::::                                         


 Title of this VELEST run:

 model_2
 -------


 Current array-dimensions of program VELEST:

 Max. number of EARTHQUAKES for simult. inversion IEQ = ***
 Max. number of SHOTS for simult. inversion    INSHOT =  50
 Max. number of (different) 1D-MODELS      ITOTMODELS =   2
 Max. number of LAYERS per one 1D-model        INLTOT = 100
 Max. number of STATIONS in stationlist           IST = 650
 Max. number of OBSERVATIONS per event MAXOBSPEREVENT = 180






    INPUT - P A R A M E T E R S :



***
***  olat       olon   icoordsystem      zshift   itrial ztrial    ised
  72.000000-126.000000      0            0.000       0     0.00      0
***
*** neqs   nshot    rotate
     91      0      0.0
***
*** isingle   iresolcalc
       0          0
***
*** dmax    itopo    zmin     veladj    zadj   lowveloclay
   300.00     0      0.01       0.20    5.00       0
***
*** nsp    swtfac   vpvs       nmod
     1      1.00    1.730        1
***
***   othet   xythet    zthet    vthet   stathet
       0.01     0.01     0.01     1.00     0.01
***
*** nsinv   nshcor   nshfix     iuseelev    iusestacorr
       1       0       0           1            1
***
*** iturbo    icnvout   istaout   ismpout
       1         1         1         0
***
*** irayout   idrvout   ialeout   idspout   irflout   irfrout   iresout
       0         0         0         0         0         0         0
***
*** delmin   ittmax   invertratio
    0.010       3          1
***
*** Modelfile:
tmp/model_2/synthvel/model_262.mod
***
*** Stationfile:
./velinp/station.sta
***
*** Seismofile:
 
***
*** File with region names:
 
***
*** File with region coordinates:
 
***
*** File #1 with topo data:
 
***
*** File #2 with topo data:
 
***
*** DATA INPUT files:
***
*** File with Earthquake data:
./velinp/data.cnv
***
*** File with Shot data:
 
***
*** OUTPUT files:
***
*** Main print output file:
./velout/model_2/velest262.out
***
*** File with single event locations:
velout.vel
***
*** File with final hypocenters in *.cnv format:
./velout/model_2/final_loc262.cnv
***
*** File with new station corrections:
./velout/model_2/stations_corr262.sta
***
*** File with summary cards (e.g. for plotting):
velout.smp
***
*** File with raypoints:
velout.ray
***
*** File with derivatives:
velout.drv
***
*** File with ALEs:
velout.ale
***
*** File with Dirichlet spreads:
velout.dspr
***
*** File with reflection points:
velout.rfl
***
*** File with refraction points:
velout.rfr
***
*** File with residuals:
velout.res
***




 Origin of cartesian coordinates:
        72.00000N   126.00000E

  X,Y-AXES rotated clockwise from North
           Rotation angle (rotate):
            rotate=    0.0 degr.

 icoordsystem =            0
 normal SHORT DISTANCE CONVERSION will be made
 x is positive towards west, y is positive towards north


 SHORT DISTANCE CONVERSION on ELLIPSOIDE of WORLD GEODETIC SYSTEM 1972 (WGS72)
 =============================================================================

 Radius at equator (REARTH)= 6378.13500  km
   1. / (ellipticity)      =    298.260

 Origin of cartesian coordinates [degrees]:
   72.0000000 N     -126.0000000 W

  Rotation angle (in degr.) clockwise from
North  rotate=    0.0

 Radius of sphere at OLAT =   6358.817 km

 Conversion of GEOGRAPHICAL LATITUDE to GEOCENTRICAL LATITUDE:
 RLATC = TAN(GEOCENTR.LAT) / TAN(GEOGRAPH.LAT)
 RLATC =   0.99333486

          Short distance conversions:
          one min lat ~  1.8597 km 
          one min lon ~  0.5751 km 







    INPUT - M O D E L :



 Model(s) read from file :
 tmp/model_2/synthvel/model_262.mod                                              

 model file title: 
Model: model_262.mod                    
 Velocity structure for model   1 :

 layer    vel   depth   vdamp  reflector
   1      4.83  -5.00    1.00         P-VELOCITY MODEL                  
   2      5.62  -2.23    1.00  
 WARNING:
 Only top of the first layer can be negative !!
   3      5.72   3.25    1.00  
   4      6.03  11.74    1.00  
   5      6.21  14.58    1.00  
   6      6.32  21.09    1.00  
   7      6.53  26.34    1.00  
   8      7.14  34.99    1.00  
   9      7.76  36.31    1.00  
  10      7.91  43.95    1.00  

 Calculation of average velocity starts at layer #            1
 z = -5.00 ... -2.23    v = 4.83    AVEL = 4.83 downto z =  -2.23
 z = -2.23 ...  3.25    v = 5.62    AVEL = 5.35 downto z =   3.25
 z =  3.25 ... 11.74    v = 5.72    AVEL = 5.54 downto z =  11.74
 z = 11.74 ... 14.58    v = 6.03    AVEL = 5.61 downto z =  14.58
 z = 14.58 ... 21.09    v = 6.21    AVEL = 5.76 downto z =  21.09
 z = 21.09 ... 26.34    v = 6.32    AVEL = 5.85 downto z =  26.34
 z = 26.34 ... 34.99    v = 6.53    AVEL = 6.00 downto z =  34.99
 z = 34.99 ... 36.31    v = 7.14    AVEL = 6.04 downto z =  36.31
 z = 36.31 ... 43.95    v = 7.76    AVEL = 6.31 downto z =  43.95


 Calculation of average velocity starts at layer #            2
 z = -2.23 ...  3.25    v = 5.62    AVEL = 5.62 downto z =   3.25
 z =  3.25 ... 11.74    v = 5.72    AVEL = 5.68 downto z =  11.74
 z = 11.74 ... 14.58    v = 6.03    AVEL = 5.74 downto z =  14.58
 z = 14.58 ... 21.09    v = 6.21    AVEL = 5.87 downto z =  21.09
 z = 21.09 ... 26.34    v = 6.32    AVEL = 5.95 downto z =  26.34
 z = 26.34 ... 34.99    v = 6.53    AVEL = 6.09 downto z =  34.99
 z = 34.99 ... 36.31    v = 7.14    AVEL = 6.12 downto z =  36.31
 z = 36.31 ... 43.95    v = 7.76    AVEL = 6.39 downto z =  43.95






    INPUT - S T A T I O N S :



 Station-parameters read from file :
 ./velinp/station.sta                                                            


     stn latitude longitude elev   x      y      z     ptcor stcor model icc
   1 624 72.4760N126.2750E     0  -9.37  53.11  -0.00   0.00  0.00   1  13
   2 628 72.4000N127.1470E     0 -39.15  44.63  -0.00   0.00  0.00   1  12
   3 630 72.0750N128.3250E     0 -80.06   8.37  -0.00   0.00  0.00   1  11
   4 627 72.1170N126.9820E     0 -33.78  13.06  -0.00   0.00  0.00   1  10
   5 621 72.1840N124.8890E     0  38.14  20.53  -0.00   0.00  0.00   1   9
   6 629 71.9290N127.3130E     0 -45.39  -7.92  -0.00   0.00  0.00   1   8
   7 622 72.4420N125.3130E     0  23.42  49.32  -0.00   0.00  0.00   1   7
   8 620 72.6540N124.3470E     0  56.03  72.98  -0.00   0.00  0.00   1   6
   9 623 72.3260N125.7600E     0   8.21  36.38  -0.00   0.00  0.00   1   5
  10 626 71.8880N126.0360E     0  -1.25 -12.50  -0.00   0.00  0.00   1   4
  11 625 72.1740N126.1070E     0  -3.67  19.42  -0.00   0.00  0.00   1   3
  12 631 71.3990N127.2470E     0 -43.72 -67.06  -0.00   0.00  0.00   1   2
  13 632 71.5740N129.0728E     0-107.23 -47.53  -0.00   0.00  0.00   1   1

 NO Seismo-parameter-file specified
 --> NO magnitudes calculated!




   neqs=   91  nshot=    0  nltot=   10

 ~~~ input parameters read.
 ~~~ set units for first iteration ...
 ~~~ determine number of unknowns ...

 Number of unknowns (for array-indexing):  nvar =  386
 Number of effective unknowns        :  nvareff =  374
 Number of elements on/below main diagonal of matrix G = At*A : kvar =   74691

 ~~~ reset G and RHT ...
 ~~~ input data, raytracing, setup G ...






    I N P U T - D A T A  

  eq    origin-time    latitude longitude depth    x      y      z    mag ifxOBS
   1 160818 1613  9.10 73.0030N 124.8500E  23.10  38.61 111.92  23.10 1.40 0   6
   2 160818 1613  9.30 72.9910N 124.8700E  22.80  37.95 110.58  22.80 1.10 0   6
   3 160819 0959 27.30 71.9230N 129.7600E  12.10-130.00  -8.59  12.10 4.00 0  12
   4 160820 1506 15.70 71.9380N 129.7900E  11.00-130.98  -6.92  11.00 1.50 0   9
   5 160820 1904 45.70 72.3480N 127.1800E  23.80 -40.33  38.83  23.80 1.20 0   6
   6 160822 1318 49.50 72.3650N 127.0800E  16.50 -36.90  40.73  16.50 0.60 0   8
   7 160823 0652 14.00 70.9330N 129.8100E   6.40-135.21-119.06   6.40 2.90 0   6
   8 160824 1510 30.40 71.6070N 130.0400E   8.60-140.86 -43.85   8.60 1.50 0   9
   9 160906 1514 39.70 72.5080N 125.6800E  12.10  10.89  56.68  12.10 0.90 0   6
 WARNING:
 epicentral distance: 303.3 > dmax ( 300.0) ==> skipping phase !
 WARNING:
 epicentral distance: 338.2 > dmax ( 300.0) ==> skipping phase !
  10 160920 1607 18.30 69.2370N 128.3500E  16.20 -87.07-308.31  16.20 2.60 0   2
 WARNING:
 epicentral distance: 318.5 > dmax ( 300.0) ==> skipping phase !
 WARNING:
 epicentral distance: 355.0 > dmax ( 300.0) ==> skipping phase !
  11 160925 1911  5.60 69.2250N 127.6800E  15.60 -62.26-309.64  15.60 2.30 0   2
  12 161004 0841 51.20 72.8480N 124.9600E  15.60  35.07  94.62  15.60 0.20 0   6
  13 161005 1619 46.90 72.8770N 125.0100E  19.00  33.35  97.86  19.00 1.00 0   9
  14 161006 0156 55.90 72.8740N 125.0100E  13.90  33.36  97.52  13.90 1.00 0   7
  15 161009 0036 44.70 72.8720N 124.9900E  17.20  34.03  97.30  17.20 1.30 0   8
  16 161009 0036 44.90 72.8580N 124.9600E  18.60  35.06  95.74  18.60 1.20 0   7
  17 161012 0800 22.10 72.7380N 126.0300E  18.50  -1.01  82.35  18.50 0.80 0   7
  18 161015 1013 36.50 72.0400N 126.9900E  11.20 -34.12   4.46  11.20 0.70 0   7
  19 161021 0507 33.30 72.5750N 124.7800E  10.10  41.44  64.16  10.10 0.80 0   6
  20 161124 2250 46.00 72.7630N 124.8800E  16.20  37.85  85.14  16.20 3.10 0   4
  21 161125 0156 34.10 72.7420N 124.9200E  14.50  36.52  82.80  14.50 0.60 0   7
  22 161125 0517 25.90 72.7650N 124.9400E  13.50  35.82  85.36  13.50 1.60 0   6
  23 161125 0525 15.90 72.7740N 124.9500E  11.60  35.48  86.37  11.60 0.80 0   6
  24 161125 0556  2.00 72.7350N 124.9700E   5.70  34.84  82.01   5.70 0.20 0   6
  25 170117 0846 48.60 72.2130N 127.3400E  22.00 -45.97  23.77  22.00 0.30 0   6
  26 170122 1614 27.60 71.9670N 128.0400E  10.30 -70.45  -3.68  10.30 0.90 0   6
  27 170125 2244  0.20 72.4440N 126.0200E  13.10  -0.68  49.54  13.10 0.80 0   6
  28 170302 1359 59.10 72.6830N 124.8900E  11.50  37.60  76.21  11.50 0.50 0   7
  29 170302 2335 20.20 71.8850N 130.3000E  14.80-148.82 -12.83  14.80 2.10 0   9
  30 170304 2135  2.90 72.6880N 124.9400E  13.40  35.90  76.77  13.40 1.30 0   7
  31 170307 0447 21.00 72.6940N 124.9200E  14.20  36.57  77.44  14.20 1.70 0  10
  32 170307 2016 50.80 72.6910N 124.9100E  15.30  36.91  77.10  15.30 1.10 0   6
  33 170309 1454  0.80 72.6830N 124.9000E  15.60  37.26  76.21  15.60 0.30 0   6
  34 170311 0430 55.40 72.3130N 126.5000E  24.50 -17.11  34.93  24.50 0.30 0   6
  35 170312 0416 39.20 71.9240N 128.0800E   3.40 -71.91  -8.48   3.40 2.10 0   6
  36 170313 0553 59.10 72.6980N 124.9200E  15.10  36.57  77.89  15.10 1.00 0   9
  37 170313 0809  5.60 72.4500N 125.0800E  14.90  31.36  50.21  14.90 1.20 0   7
  38 170315 0234 46.50 72.6540N 123.8400E  16.90  73.22  72.98  16.90 1.40 0   7
  39 170317 1007 14.10 72.2350N 125.9800E   3.90   0.69  26.22   3.90 0.50 0   7
  40 170320 0711 14.60 72.1250N 127.2200E  16.80 -41.95  13.95  16.80 0.90 0   6
  41 170320 0853 56.40 72.7090N 124.9700E   5.10  34.86  79.11   5.10 0.40 0   6
  42 170320 1900 34.30 72.4150N 126.1200E  18.00  -4.09  46.31  18.00 0.60 0   7
  43 170323 0519 24.60 71.6470N 129.1800E   5.20-110.76 -39.39   5.20 1.20 0   6
  44 170323 1612 49.70 72.4530N 125.1100E   8.30  30.33  50.55   8.30 0.50 0   6
  45 170323 1906 41.20 72.4070N 130.2500E  18.30-145.04  45.41  18.30 1.00 0   6
  46 170326 0836 34.10 71.9930N 127.6700E  16.10 -57.63  -0.78  16.10 1.50 0   7
  47 170402 0422  1.00 72.7220N 125.6900E  21.90  10.49  80.56  21.90 1.20 0  10
  48 170402 0636 37.20 72.7310N 125.6900E  23.50  10.49  81.57  23.50 0.70 0   6
  49 170404 2347 35.70 72.7580N 124.3800E  22.60  54.76  84.58  22.60 0.50 0   6
  50 170405 0307 36.10 71.6810N 128.9500E  15.30-102.66 -35.60  15.30 1.00 0  10
  51 170405 1410 53.20 71.5100N 128.9000E   9.30-101.37 -54.68   9.30 1.70 0  10
  52 170406 0838 43.20 72.3850N 129.3800E  15.50-115.42  42.96  15.50 0.90 0  10
  53 170406 1728  1.00 72.7230N 125.6900E  21.30  10.49  80.67  21.30 0.90 0  10
 WARNING:
 epicentral distance: 325.9 > dmax ( 300.0) ==> skipping phase !
 WARNING:
 epicentral distance: 332.9 > dmax ( 300.0) ==> skipping phase !
 WARNING:
 epicentral distance: 345.3 > dmax ( 300.0) ==> skipping phase !
 WARNING:
 epicentral distance: 391.9 > dmax ( 300.0) ==> skipping phase !
  54 170407 1729  3.40 74.8930N 128.6300E  15.60 -83.67 322.81  15.60 1.80 0   2
 WARNING:
 epicentral distance: 311.3 > dmax ( 300.0) ==> skipping phase !
 WARNING:
 epicentral distance: 315.4 > dmax ( 300.0) ==> skipping phase !
 WARNING:
 epicentral distance: 328.9 > dmax ( 300.0) ==> skipping phase !
 WARNING:
 epicentral distance: 374.2 > dmax ( 300.0) ==> skipping phase !
  55 170407 1729  3.50 74.7270N 128.8100E   0.40 -89.83 304.29   0.40 1.60 0   5
  56 170408 1004 44.90 72.6070N 124.9400E  15.00  35.98  67.73  15.00 1.40 0  13
  57 170409 0856 47.20 73.3850N 128.5500E  15.60 -84.71 154.54  15.60 2.50 0   6
  58 170409 0902 45.60 73.3500N 128.4400E  15.10 -81.13 150.64  15.10 1.10 0   7
  59 170410 1520  8.50 72.0030N 128.3900E   2.70 -82.46   0.33   2.70 1.00 0  10
  60 170410 1813  3.60 70.9360N 129.1200E   3.70-110.72-118.73   3.70 2.20 0  13
  61 170412 1507  0.60 71.5070N 129.7200E   0.00-130.05 -55.01   0.00 0.70 0   6
  62 170413 0651 20.10 73.3680N 125.4200E  15.60  19.28 152.65  15.60 1.00 0  10
  63 170414 0459 18.80 72.2680N 127.3800E  20.10 -47.27  29.90  20.10 0.50 0   7
  64 170414 0540  4.80 73.6400N 130.9700E   8.00-163.92 183.00   8.00 1.80 0  11
  65 170414 1656 23.40 72.1850N 127.4000E  15.50 -48.06  20.64  15.50 0.20 0   6
  66 170414 1753 32.80 72.3840N 130.4600E  17.90-152.30  42.85  17.90 0.70 0   6
  67 170416 0523 41.90 71.9560N 127.0800E  19.20 -37.31  -4.91  19.20 1.60 0  13
  68 170416 1220 14.20 72.9470N 124.4900E  20.40  50.77 105.67  20.40 1.00 0  11
 WARNING:
 epicentral distance: 320.3 > dmax ( 300.0) ==> skipping phase !
 WARNING:
 epicentral distance: 381.0 > dmax ( 300.0) ==> skipping phase !
 WARNING:
 epicentral distance: 398.8 > dmax ( 300.0) ==> skipping phase !
 WARNING:
 epicentral distance: 405.0 > dmax ( 300.0) ==> skipping phase !
 WARNING:
 epicentral distance: 424.8 > dmax ( 300.0) ==> skipping phase !
 WARNING:
 epicentral distance: 431.2 > dmax ( 300.0) ==> skipping phase !
 WARNING:
 epicentral distance: 445.5 > dmax ( 300.0) ==> skipping phase !
 WARNING:
 epicentral distance: 451.8 > dmax ( 300.0) ==> skipping phase !
 WARNING:
 epicentral distance: 464.3 > dmax ( 300.0) ==> skipping phase !
  69 170416 1257 48.30 68.8710N 131.7500E  73.50-214.97-349.14  73.50 2.20 0   0
  70 170416 1821  5.50 72.8670N 125.0000E  19.30  33.70  96.74  19.30 1.30 0  13
  71 170418 0606  4.10 72.5080N 125.8200E   1.30   6.13  56.68   1.30 0.20 0   6
 WARNING:
 epicentral distance: 315.2 > dmax ( 300.0) ==> skipping phase !
 WARNING:
 epicentral distance: 332.1 > dmax ( 300.0) ==> skipping phase !
 WARNING:
 epicentral distance: 345.3 > dmax ( 300.0) ==> skipping phase !
 WARNING:
 epicentral distance: 352.6 > dmax ( 300.0) ==> skipping phase !
 WARNING:
 epicentral distance: 346.7 > dmax ( 300.0) ==> skipping phase !
 WARNING:
 epicentral distance: 356.6 > dmax ( 300.0) ==> skipping phase !
 WARNING:
 epicentral distance: 363.9 > dmax ( 300.0) ==> skipping phase !
 WARNING:
 epicentral distance: 372.8 > dmax ( 300.0) ==> skipping phase !
 WARNING:
 epicentral distance: 378.6 > dmax ( 300.0) ==> skipping phase !
 WARNING:
 epicentral distance: 378.6 > dmax ( 300.0) ==> skipping phase !
  72 170418 1005 56.80 69.3310N 122.4100E  97.00 132.70-297.82  97.00 2.20 0   1
  73 170418 1500 12.90 72.7340N 124.5100E  23.10  50.40  81.90  23.10 1.30 0  12
  74 170420 1302 36.20 72.6290N 129.0200E  21.80-102.44  70.19  21.80 0.90 0  11
  75 170420 2248 46.70 72.0220N 129.1200E   0.00-107.59   2.46   0.00 0.70 0  11
 WARNING:
 epicentral distance: 313.1 > dmax ( 300.0) ==> skipping phase !
 WARNING:
 epicentral distance: 324.4 > dmax ( 300.0) ==> skipping phase !
 WARNING:
 epicentral distance: 324.2 > dmax ( 300.0) ==> skipping phase !
 WARNING:
 epicentral distance: 342.4 > dmax ( 300.0) ==> skipping phase !
 WARNING:
 epicentral distance: 349.0 > dmax ( 300.0) ==> skipping phase !
 WARNING:
 epicentral distance: 380.2 > dmax ( 300.0) ==> skipping phase !
 WARNING:
 epicentral distance: 381.6 > dmax ( 300.0) ==> skipping phase !
 WARNING:
 epicentral distance: 408.0 > dmax ( 300.0) ==> skipping phase !
  76 170423 0850 54.60 74.7080N 132.7900E   0.10-217.19 302.17   0.10 1.90 0   0
  77 170423 1455 44.10 72.8400N 124.4900E  16.80  50.92  93.73  16.80 0.60 0   8
  78 170423 2313 41.80 72.5960N 124.8700E  22.00  38.36  66.50  22.00 1.30 0  12
  79 170424 0609 58.60 71.9600N 128.0200E   0.10 -69.77  -4.46   0.10 1.10 0  12
  80 170424 0755 26.70 71.9480N 128.0300E   0.00 -70.14  -5.80   0.00 1.00 0  12
  81 170424 0755 26.90 71.9590N 128.0300E   0.00 -70.12  -4.57   0.00 1.00 0  12
  82 170425 0652 23.30 71.9600N 128.0300E   0.00 -70.12  -4.46   0.00 1.20 0   9
  83 170426 0051 23.20 71.9450N 128.0600E   6.60 -71.18  -6.14   6.60 0.70 0   6
  84 170426 1425 21.20 72.0790N 127.2600E  21.00 -43.38   8.82  21.00 0.10 0   6
  85 170426 1834 24.60 71.5840N 130.8000E  10.90-167.46 -46.42  10.90 1.20 0   8
  86 170426 1840 44.10 72.2710N 126.3600E  18.10 -12.33  30.24  18.10 1.30 0   8
  87 170427 0912 28.80 72.0640N 127.7900E   2.60 -61.65   7.14   2.60 0.90 0   8
  88 170427 1041 38.10 71.7480N 128.9900E   8.40-103.86 -28.12   8.40 0.70 0   7
  89 170427 2010 47.80 72.8010N 130.2000E  20.20-141.80  89.38  20.20 1.30 0   8
  90 170427 2010 48.30 72.7890N 130.1400E  20.10-139.82  88.04  20.10 1.30 0   8
  91 170427 2342 34.10 72.7630N 125.0100E  19.50  33.46  85.14  19.50 0.80 0   6

 readings for station 624  :  74
 readings for station 628  :  69
 readings for station 630  :  53
 readings for station 627  :  46
 readings for station 621  :  59
 readings for station 629  :  43
 readings for station 622  :  58
 readings for station 620  :  48
 readings for station 623  :  55
 readings for station 626  :  52
 readings for station 625  :  49
 readings for station 631  :  49
 readings for station 632  :  24

 Total number of stations with readings:  13

 Total number of readings:     679
 Total number of P readings:       0
 Total number of S readings:       0


 ~~~ store parts of G ...
 ~~~ compute RMS and DATVAR ...

 Total number of observations is:   679


 $$$$$$$$$$$$$$$$$$$$$$$$$$$$$$$$$$$$$$$$$$$$$$$$$
 Events with  | AVRES | > 1.0 SEC are suspicious !

 Event#  54 >>>  170407 1729  AVRES = -1.54 NOBS =  2
 Event#  55 >>>  170407 1729  AVRES = -1.29 NOBS =  5

 ^^^^^^^^^ C H E C K   these events above ^^^^^^^^
 $$$$$$$$$$$$$$$$$$$$$$$$$$$$$$$$$$$$$$$$$$$$$$$$$

 ~~~ save initial datvar ...

 Iteration nr  0 obtained:
 DATVAR=    0.426555 mean sqrd residual=     0.191604  RMS RESIDUAL=     0.437726

 After  0 iterations we got:
 Average absolute & unweighted [and mean] residual of
   442 straight and direct rays =  0.28550 [ -0.12221]
   237 refracted           rays =  0.48523 [ -0.30569]
     0 reflected           rays =  0.00000 [  0.00000]

   679 ALL                 RAYS =  0.35521 [ -0.18626]        0.00 %




--------------------------------------------------------------------------------



           ITERATION no  1

 ~~~ set units for this iteration ...
 ~~~ determine number of unknowns for this iter. ...

 Number of unknowns (for array-indexing):  nvar =  386
 Number of effective unknowns        :  nvareff =  387
 Number of elements on/below main diagonal of matrix G = At*A : kvar =   74691

 Damping factors to be used in this iteration:
   Othet=   0.010   XYthet  =   0.010   Zthet=  0.010
 STAthet=   0.010   Vthet   =   1.000

 ~~~ damp G ...
 ~~~ solve G * b = RHT ...
 ~~~ fix units ...
 ~~~ apply eventually step-length damping ...
 ~~~ adjust model (hypocenters, stacorr & veloc.) ...

 doing velocity adjustments now...

 doing station-correction adjustments...

 ~~~ compute effective step-length ...

 (Applied) Step length =   3.246

 ~~~ set units for next iteration ...
 ~~~ determine number of unknowns for next iter. ...

 Number of unknowns (for array-indexing):  nvar =  386
 Number of effective unknowns        :  nvareff =  387
 Number of elements on/below main diagonal of matrix G = At*A : kvar =   74691

 ~~~ reset G and RHT ...
 ~~~ raytracing, setup G ...
 ~~~ store parts of G ...
 ~~~ set units back for current iteration ...
 ~~~ determine number of unknowns for this iter. ...

 Number of unknowns (for array-indexing):  nvar =  386
 Number of effective unknowns        :  nvareff =  387
 Number of elements on/below main diagonal of matrix G = At*A : kvar =   74691

 ~~~ compute RMS and DATVAR ...

 $$$$$$$$$$$$$$$$$$$$$$$$$$$$$$$$$$$$$$$$$$$$$$$$$
 Events with  | AVRES | > 1.0 SEC are suspicious !

 Event#  54 >>>  170407 1729  AVRES = -1.26 NOBS =  2
 Event#  55 >>>  170407 1729  AVRES = -1.05 NOBS =  5

 ^^^^^^^^^ C H E C K   these events above ^^^^^^^^
 $$$$$$$$$$$$$$$$$$$$$$$$$$$$$$$$$$$$$$$$$$$$$$$$$

 ~~~ check solution (better? worse?) ...

 Iteration nr  1 obtained:
 DATVAR=    0.321422 mean sqrd residual=     0.138226  RMS RESIDUAL=     0.371787

 After  1 iterations we got:
 Average absolute & unweighted [and mean] residual of
   402 straight and direct rays =  0.22854 [ -0.11917]
   277 refracted           rays =  0.40458 [ -0.24422]
     0 reflected           rays =  0.00000 [  0.00000]

   679 ALL                 RAYS =  0.30036 [ -0.17018]      -15.44 %

 ~~~ iteration done; output results ...

  eq       ot     x      y      z      rms    avres   dot     dx     dy     dz
    1      9.11  38.62 112.05  23.41   0.16  -0.16    0.014  0.012  0.131  0.314
    2      9.31  37.99 110.73  23.10   0.18  -0.16    0.009  0.042  0.155  0.298
    3     27.30-130.17  -8.40  12.11   0.30  -0.25   -0.001 -0.168  0.197  0.006
    4     15.67-131.13  -6.77  10.61   0.32  -0.32   -0.028 -0.145  0.148 -0.393
    5     45.72 -40.36  38.69  23.73   0.12  -0.18    0.020 -0.021 -0.140 -0.072
    6     49.52 -36.78  40.65  16.62   0.12  -0.13    0.020  0.116 -0.081  0.122
    7     13.97-134.94-119.17   6.19   0.38  -0.31   -0.026  0.277 -0.107 -0.208
    8     30.41-140.92 -43.83   8.59   0.34  -0.28    0.006 -0.059  0.021 -0.005
    9     39.71  10.79  56.53  11.99   0.06  -0.20    0.008 -0.099 -0.152 -0.112
   10     18.24 -87.47-308.28  16.21   1.17   0.31   -0.056 -0.403  0.027  0.006
   11      5.48 -62.76-309.65  15.61   1.43   0.01   -0.121 -0.501 -0.008  0.012
   12     51.23  34.98  94.59  15.72   0.30  -0.18    0.033 -0.082 -0.032  0.118
   13     46.90  33.39  97.97  19.31   0.26  -0.23    0.003  0.036  0.116  0.314
   14     55.91  33.39  97.52  14.14   0.14  -0.27    0.005  0.036  0.001  0.244
   15     44.70  34.03  97.44  17.62   0.34  -0.22    0.001 -0.004  0.135  0.417
   16     44.89  34.94  96.00  18.79   0.42  -0.16   -0.012 -0.117  0.266  0.190
   17     22.10  -1.07  82.38  18.60   0.15  -0.15    0.004 -0.052  0.035  0.102
   18     36.50 -34.07   4.41  11.13   0.22  -0.28   -0.004  0.050 -0.051 -0.071
   19     33.33  41.38  64.05  10.05   0.25  -0.20    0.032 -0.064 -0.113 -0.049
   20     46.00  37.75  85.19  16.27   0.22  -0.37   -0.004 -0.099  0.055  0.075
   21     34.12  36.49  82.78  14.36   0.20  -0.26    0.019 -0.033 -0.014 -0.140
   22     25.92  35.71  85.35  13.43   0.23  -0.26    0.023 -0.116 -0.015 -0.070
   23     15.92  35.27  86.33  11.34   0.32  -0.29    0.023 -0.202 -0.035 -0.261
   24      1.99  34.83  82.28   5.62   0.47  -0.23   -0.014 -0.010  0.261 -0.076
   25     48.65 -45.89  23.58  22.12   0.13   0.04    0.046  0.083 -0.188  0.125
   26     27.61 -70.30  -3.84  10.23   0.14  -0.23    0.011  0.144 -0.158 -0.069
   27      0.22  -0.62  49.38  13.07   0.10  -0.17    0.020  0.058 -0.165 -0.027
   28     59.12  37.64  76.27  11.44   0.21  -0.16    0.016  0.041  0.061 -0.061
   29     20.21-148.84 -12.71  14.99   0.22  -0.25    0.011 -0.018  0.117  0.193
   30      2.93  36.05  76.66  13.54   0.29  -0.14    0.035  0.150 -0.109  0.141
   31     21.02  36.43  77.38  14.22   0.23  -0.26    0.019 -0.136 -0.059  0.019
   32     50.83  36.86  77.01  15.27   0.16  -0.21    0.025 -0.055 -0.089 -0.033
   33      0.83  37.23  76.15  15.65   0.18  -0.21    0.034 -0.026 -0.060  0.054
   34     55.44 -16.99  34.87  24.47   0.07  -0.01    0.042  0.120 -0.052 -0.034
   35     39.24 -71.65  -8.54   3.44   0.32  -0.11    0.041  0.264 -0.060  0.042
   36     59.13  36.54  77.84  15.18   0.22  -0.17    0.029 -0.030 -0.041  0.076
   37      5.63  31.28  50.08  14.71   0.09  -0.18    0.030 -0.083 -0.129 -0.193
   38     46.50  73.22  73.00  17.07   0.18  -0.23    0.002 -0.001  0.026  0.169
   39     14.08   0.72  26.12   3.81   0.16  -0.14   -0.021  0.036 -0.106 -0.095
   40     14.60 -41.99  13.87  16.61   0.08  -0.15    0.003 -0.033 -0.074 -0.188
   41     56.42  34.84  78.94   5.14   0.26  -0.28    0.021 -0.023 -0.170  0.038
   42     34.33  -4.01  46.25  17.89   0.09  -0.05    0.034  0.086 -0.059 -0.105
   43     24.63-110.50 -39.32   5.05   0.29  -0.37    0.033  0.256  0.065 -0.148
   44     49.71  30.27  50.41   8.23   0.21  -0.21    0.011 -0.063 -0.134 -0.074
   45     41.22-145.07  45.54  18.57   0.22  -0.22    0.021 -0.028  0.127  0.269
   46     34.12 -57.53  -0.88  16.07   0.11  -0.10    0.021  0.101 -0.095 -0.034
   47      1.06  10.54  80.47  21.80   0.30  -0.05    0.057  0.055 -0.095 -0.105
   48     37.25  10.55  81.55  23.54   0.19  -0.06    0.055  0.060 -0.021  0.040
   49     35.72  54.67  84.59  22.60   0.10  -0.19    0.023 -0.088  0.005  0.002
   50     36.11-102.57 -35.68  15.20   0.14  -0.27    0.008  0.085 -0.084 -0.102
   51     53.19-101.14 -54.61   8.71   0.35  -0.38   -0.005  0.235  0.068 -0.594
   52     43.21-115.44  43.24  15.16   0.33  -0.18    0.012 -0.021  0.277 -0.341
   53      1.05  10.54  80.65  21.23   0.28  -0.02    0.054  0.047 -0.021 -0.072
   54      2.98 -83.70 322.75  15.64   0.35  -1.26   -0.420 -0.025 -0.064  0.042
   55      3.19 -89.79 304.26   0.44   0.22  -1.05   -0.308  0.040 -0.030  0.039
   56     44.92  35.93  67.56  14.87   0.28  -0.23    0.025 -0.050 -0.173 -0.135
   57     47.17 -84.73 154.67  15.60   0.43  -0.04   -0.034 -0.022  0.122  0.003
   58     45.61 -80.95 150.89  15.33   0.48  -0.10    0.014  0.187  0.249  0.229
   59      8.58 -82.28   0.40   2.61   0.53  -0.18    0.079  0.179  0.062 -0.094
   60      3.64-110.49-118.32   3.32   0.69  -0.32    0.036  0.231  0.406 -0.378
   61      0.64-130.36 -55.00   0.89   0.71  -0.34    0.036 -0.314  0.015  0.782
   62     20.12  19.37 152.56  15.55   0.56  -0.22    0.019  0.091 -0.088 -0.045
   63     18.83 -47.20  29.75  20.18   0.08  -0.10    0.027  0.074 -0.158  0.078
   64      4.75-163.18 183.93   8.03   0.65   0.03   -0.047  0.735  0.932  0.028
   65     23.44 -47.92  20.47  15.50   0.09  -0.10    0.036  0.146 -0.175  0.004
   66     32.82-152.42  43.13  18.33   0.31  -0.22    0.018 -0.118  0.278  0.428
   67     41.94 -37.20  -5.12  18.80   0.11  -0.08    0.045  0.107 -0.208 -0.397
   68     14.18  50.93 105.99  20.57   0.28  -0.20   -0.017  0.158  0.316  0.175
   69     48.30-214.97-349.14  73.50   0.00   0.00    0.000  0.000  0.000  0.000
   70      5.51  33.72  96.83  19.39   0.31  -0.15    0.008  0.019  0.084  0.089
   71      4.23   6.14  56.68   1.26   0.56   0.63    0.134  0.017 -0.007 -0.042
   72     56.32 132.66-297.77  96.99   0.33  -0.57   -0.475 -0.035  0.046 -0.014
   73     12.93  50.52  81.84  23.18   0.18  -0.13    0.027  0.121 -0.066  0.078
   74     36.22-102.44  70.30  22.10   0.24  -0.27    0.017 -0.004  0.115  0.295
   75     46.78-107.87   2.80   0.58   0.94  -0.00    0.076 -0.280  0.347  0.469
   76     54.60-217.19 302.17   0.10   0.00   0.00    0.000  0.000  0.000  0.000
   77     44.11  50.96  93.81  16.90   0.18  -0.20    0.013  0.034  0.080  0.097
   78     41.83  38.41  66.33  21.97   0.17  -0.19    0.027  0.041 -0.174 -0.030
   79     58.74 -69.52  -4.53   0.61   0.56   0.01    0.140  0.252 -0.065  0.505
   80     26.83 -69.89  -5.89   0.32   0.51   0.05    0.134  0.249 -0.085  0.208
   81     27.04 -69.84  -4.63   0.11   0.51   0.11    0.138  0.281 -0.054  0.000
   82     23.42 -69.82  -4.53   0.08   0.46   0.14    0.122  0.300 -0.071 -0.030
   83     23.21 -71.03  -6.23   6.59   0.20  -0.24    0.013  0.150 -0.092 -0.013
   84     21.24 -43.21   8.55  20.94   0.05  -0.01    0.036  0.173 -0.269 -0.062
   85     24.59-167.51 -46.29  10.85   0.36  -0.32   -0.008 -0.051  0.126 -0.046
   86     44.12 -12.26  30.06  18.03   0.09  -0.13    0.021  0.066 -0.183 -0.068
   87     28.89 -61.50   6.93   3.21   0.51   0.09    0.087  0.151 -0.210  0.611
   88     38.11-103.70 -28.13   8.02   0.19  -0.43    0.008  0.165 -0.014 -0.385
   89     47.83-142.04  89.45  20.76   0.34  -0.18    0.028 -0.244  0.074  0.556
   90     48.32-140.00  88.20  20.60   0.29  -0.23    0.016 -0.179  0.157  0.497
   91     34.08  33.61  85.24  19.75   0.24  -0.32   -0.019  0.157  0.105  0.245

 A V E R A G E   of ADJUSTMENTS :                     0.008  0.026  0.010  0.037
 A V E R A G E   of ABSOLUTE ADJUSTMENTS :            0.043  0.117  0.118  0.157


 Step length damping of 0.17968 was applied.


 Velocity adjustments:
     vp    dvp      hp   reflector
 Velocity model   1
   4.833  0.003   -5.000      
   5.618 -0.002   -2.230      
   5.785  0.065    3.250      
   6.091  0.061   11.740      
   6.225  0.015   14.580      
   6.375  0.055   21.090      
   6.730  0.200   26.340      
   7.176  0.036   34.990      
   7.647 -0.113   36.310      
   7.808 -0.102   43.950      

 Calculation of average velocity starts at layer #           1
 z = -5.00 ... -2.23    v = 4.83    AVEL = 4.83 downto z =  -2.23
 z = -2.23 ...  3.25    v = 5.62    AVEL = 5.35 downto z =   3.25
 z =  3.25 ... 11.74    v = 5.78    AVEL = 5.57 downto z =  11.74
 z = 11.74 ... 14.58    v = 6.09    AVEL = 5.65 downto z =  14.58
 z = 14.58 ... 21.09    v = 6.22    AVEL = 5.79 downto z =  21.09
 z = 21.09 ... 26.34    v = 6.37    AVEL = 5.89 downto z =  26.34
 z = 26.34 ... 34.99    v = 6.73    AVEL = 6.07 downto z =  34.99
 z = 34.99 ... 36.31    v = 7.18    AVEL = 6.11 downto z =  36.31
 z = 36.31 ... 43.95    v = 7.65    AVEL = 6.35 downto z =  43.95


 Calculation of average velocity starts at layer #           2
 z = -2.23 ...  3.25    v = 5.62    AVEL = 5.62 downto z =   3.25
 z =  3.25 ... 11.74    v = 5.78    AVEL = 5.72 downto z =  11.74
 z = 11.74 ... 14.58    v = 6.09    AVEL = 5.78 downto z =  14.58
 z = 14.58 ... 21.09    v = 6.22    AVEL = 5.91 downto z =  21.09
 z = 21.09 ... 26.34    v = 6.37    AVEL = 5.99 downto z =  26.34
 z = 26.34 ... 34.99    v = 6.73    AVEL = 6.16 downto z =  34.99
 z = 34.99 ... 36.31    v = 7.18    AVEL = 6.20 downto z =  36.31
 z = 36.31 ... 43.95    v = 7.65    AVEL = 6.44 downto z =  43.95



 Adjusted station corrections:
   stn  ptcor  dpcor  
  624   0.000  0.000  628  -0.041 -0.041  630  -0.021 -0.021  627   0.024  0.024
  621   0.012  0.012  629   0.035  0.035  622   0.005  0.005  620  -0.018 -0.018
  623   0.042  0.042  626   0.037  0.037  625   0.029  0.029  631   0.058  0.058
  632  -0.011 -0.011

 ~~~ another iteration? ...



--------------------------------------------------------------------------------



           ITERATION no  2

 ~~~ set units for this iteration ...
 ~~~ determine number of unknowns for this iter. ...

 Number of unknowns (for array-indexing):  nvar =  386
 Number of effective unknowns        :  nvareff =  387
 Number of elements on/below main diagonal of matrix G = At*A : kvar =   74691

 Damping factors to be used in this iteration:
   Othet=   0.010   XYthet  =   0.010   Zthet=  0.010
 STAthet=   0.010   Vthet   =   1.000

 ~~~ damp G ...
 ~~~ solve G * b = RHT ...
 ~~~ fix units ...
 ~~~ apply eventually step-length damping ...
 ~~~ adjust model (hypocenters, stacorr & veloc.) ...

 doing velocity adjustments now...

 doing station-correction adjustments...

 ~~~ compute effective step-length ...

 (Applied) Step length =   7.086

 ~~~ set units for next iteration ...
 ~~~ determine number of unknowns for next iter. ...

 Number of unknowns (for array-indexing):  nvar =  386
 Number of effective unknowns        :  nvareff =  387
 Number of elements on/below main diagonal of matrix G = At*A : kvar =   74691

 ~~~ reset G and RHT ...
 ~~~ raytracing, setup G ...
 ~~~ store parts of G ...
 ~~~ set units back for current iteration ...
 ~~~ determine number of unknowns for this iter. ...

 Number of unknowns (for array-indexing):  nvar =  386
 Number of effective unknowns        :  nvareff =  387
 Number of elements on/below main diagonal of matrix G = At*A : kvar =   74691

 ~~~ compute RMS and DATVAR ...

 $$$$$$$$$$$$$$$$$$$$$$$$$$$$$$$$$$$$$$$$$$$$$$$$$
 Events with  | AVRES | > 1.0 SEC are suspicious !

 ZERO events of this kind found! (lucky guy!!!)

 ~~~ check solution (better? worse?) ...

 Iteration nr  2 obtained:
 DATVAR=    0.205054 mean sqrd residual=     0.088182  RMS RESIDUAL=     0.296955

 After  2 iterations we got:
 Average absolute & unweighted [and mean] residual of
   412 straight and direct rays =  0.14993 [ -0.06457]
   267 refracted           rays =  0.31088 [ -0.13413]
     0 reflected           rays =  0.00000 [  0.00000]

   679 ALL                 RAYS =  0.21322 [ -0.09192]      -29.01 %

 ~~~ iteration done; output results ...

  eq       ot     x      y      z      rms    avres   dot     dx     dy     dz
    1      9.07  38.62 112.20  24.04   0.13  -0.06   -0.040 -0.001  0.151  0.627
    2      9.26  38.06 110.94  23.73   0.13  -0.06   -0.048  0.071  0.210  0.631
    3     27.25-130.56  -8.12  12.17   0.29  -0.14   -0.047 -0.393  0.278  0.063
    4     15.56-131.59  -6.51   9.91   0.28  -0.18   -0.115 -0.463  0.256 -0.693
    5     45.73 -40.23  38.33  23.45   0.08  -0.09    0.013  0.127 -0.365 -0.280
    6     49.52 -36.55  40.50  16.96   0.11  -0.06    0.003  0.233 -0.152  0.338
    7     13.88-134.30-119.36   5.54   0.31  -0.16   -0.090  0.636 -0.194 -0.650
    8     30.36-141.12 -43.82   8.71   0.29  -0.15   -0.041 -0.198  0.008  0.113
    9     39.69  10.70  56.26  11.83   0.05  -0.10   -0.018 -0.091 -0.271 -0.159
   10     18.12 -88.36-308.22  16.22   1.12   0.23   -0.126 -0.892  0.062  0.012
   11      5.24 -63.87-309.67  15.64   1.39   0.05   -0.242 -1.104 -0.019  0.023
   12     51.26  34.89  94.48  16.00   0.26  -0.09    0.026 -0.098 -0.107  0.281
   13     46.86  33.52  98.25  19.88   0.20  -0.12   -0.040  0.126  0.277  0.565
   14     55.89  33.58  97.43  14.64   0.09  -0.16   -0.017  0.191 -0.097  0.497
   15     44.66  34.14  97.79  18.28   0.28  -0.11   -0.041  0.114  0.354  0.663
   16     44.81  34.79  96.63  19.17   0.34  -0.08   -0.077 -0.145  0.630  0.378
   17     22.06  -1.13  82.47  18.96   0.11  -0.07   -0.040 -0.066  0.087  0.363
   18     36.47 -33.92   4.37  11.08   0.16  -0.16   -0.028  0.155 -0.039 -0.053
   19     33.35  41.26  63.85  10.07   0.18  -0.11    0.021 -0.125 -0.200  0.023
   20     45.94  37.57  85.35  16.61   0.10  -0.18   -0.055 -0.184  0.161  0.330
   21     34.13  36.47  82.71  13.94   0.19  -0.15    0.016 -0.018 -0.068 -0.416
   22     25.93  35.51  85.36  13.28   0.19  -0.14    0.009 -0.200  0.013 -0.147
   23     15.96  34.99  86.08  10.76   0.27  -0.17    0.035 -0.284 -0.247 -0.576
   24      1.94  34.77  82.73   5.56   0.40  -0.12   -0.043 -0.061  0.456 -0.060
   25     48.70 -45.74  23.14  22.39   0.10   0.04    0.054  0.144 -0.435  0.263
   26     27.59 -70.03  -4.26  10.16   0.10  -0.13   -0.017  0.275 -0.418 -0.070
   27      0.23  -0.47  49.03  13.08   0.07  -0.09    0.007  0.152 -0.351  0.003
   28     59.12  37.89  76.35  11.54   0.16  -0.09    0.005  0.253  0.081  0.098
   29     20.19-148.86 -12.56  15.45   0.17  -0.12   -0.021 -0.021  0.155  0.456
   30      2.97  36.43  76.33  13.89   0.26  -0.07    0.034  0.387 -0.332  0.347
   31     21.02  36.25  77.18  14.26   0.17  -0.15    0.005 -0.184 -0.199  0.036
   32     50.84  36.77  76.80  15.16   0.11  -0.11    0.017 -0.088 -0.210 -0.110
   33      0.86  37.21  75.99  15.76   0.10  -0.10    0.030 -0.019 -0.164  0.107
   34     55.47 -16.68  34.76  24.51   0.05   0.01    0.031  0.306 -0.112  0.044
   35     39.35 -70.96  -8.51   3.52   0.26  -0.05    0.108  0.687  0.025  0.075
   36     59.14  36.53  77.71  15.42   0.16  -0.08    0.015 -0.005 -0.135  0.241
   37      5.65  31.16  49.86  14.26   0.07  -0.09    0.022 -0.119 -0.225 -0.449
   38     46.45  73.27  73.14  17.60   0.18  -0.11   -0.055  0.055  0.139  0.534
   39     14.06   0.79  25.83   3.63   0.12  -0.06   -0.023  0.066 -0.282 -0.175
   40     14.57 -42.05  13.69  16.31   0.10  -0.07   -0.029 -0.063 -0.181 -0.307
   41     56.45  34.76  78.54   5.29   0.21  -0.15    0.033 -0.076 -0.402  0.151
   42     34.37  -3.78  46.14  17.73   0.06  -0.02    0.035  0.226 -0.103 -0.160
   43     24.68-109.81 -39.20   4.84   0.24  -0.20    0.046  0.689  0.118 -0.215
   44     49.71  30.16  50.17   8.08   0.13  -0.11    0.001 -0.114 -0.239 -0.141
   45     41.21-145.18  45.73  19.21   0.11  -0.09   -0.013 -0.115  0.189  0.640
   46     34.13 -57.36  -1.15  16.00   0.08  -0.04    0.005  0.166 -0.273 -0.071
   47      1.13  10.79  80.13  21.78   0.24  -0.01    0.073  0.251 -0.337 -0.019
   48     37.33  10.81  81.47  23.35   0.11  -0.02    0.080  0.264 -0.075 -0.189
   49     35.75  54.33  84.52  22.35   0.08  -0.10    0.030 -0.343 -0.067 -0.252
   50     36.07-102.45 -35.90  15.19   0.11  -0.14   -0.038  0.119 -0.219 -0.005
   51     53.14-100.67 -54.53   7.58   0.32  -0.20   -0.053  0.470  0.080 -1.128
   52     43.17-115.59  43.77  14.59   0.27  -0.08   -0.038 -0.157  0.530 -0.566
   53      1.12  10.75  80.48  21.33   0.22   0.00    0.066  0.217 -0.176  0.098
   54      2.23 -83.75 322.63  15.72   0.31  -0.75   -0.754 -0.055 -0.120  0.073
   55      2.62 -89.68 304.21   0.51   0.11  -0.60   -0.575  0.111 -0.046  0.071
   56     44.93  35.88  67.20  14.71   0.24  -0.12    0.006 -0.046 -0.357 -0.157
   57     47.07 -84.69 154.96  15.61   0.37  -0.00   -0.092  0.038  0.299  0.009
   58     45.60 -80.65 151.40  15.83   0.37  -0.03   -0.018  0.299  0.516  0.501
   59      8.68 -82.25   0.42   3.43   0.42  -0.23    0.099  0.025  0.022  0.828
   60      3.67-109.96-117.42   2.49   0.61  -0.18    0.031  0.524  0.905 -0.833
   61      0.64-131.06 -54.97   2.33   0.57  -0.22    0.005 -0.695  0.023  1.436
   62     20.12  19.63 152.35  15.41   0.47  -0.10    0.003  0.266 -0.203 -0.145
   63     18.84 -47.04  29.42  20.47   0.05  -0.04    0.012  0.156 -0.327  0.289
   64      4.64-161.75 185.86   8.11   0.54   0.05   -0.114  1.436  1.934  0.085
   65     23.47 -47.65  20.12  15.52   0.07  -0.04    0.038  0.267 -0.347  0.021
   66     32.78-152.76  43.69  19.08   0.29  -0.09   -0.033 -0.342  0.566  0.755
   67     41.97 -36.99  -5.52  18.32   0.09  -0.03    0.027  0.216 -0.404 -0.479
   68     14.09  51.08 106.82  20.69   0.23  -0.10   -0.095  0.147  0.836  0.118
   69     48.30-214.97-349.14  73.50   0.00   0.00    0.000  0.000  0.000  0.000
   70      5.48  33.82  97.01  19.57   0.25  -0.07   -0.023  0.104  0.178  0.184
   71      4.56   6.22  56.53   1.06   0.56   0.34    0.325  0.082 -0.146 -0.198
   72     55.50 132.60-297.69  96.96   0.12  -0.34   -0.826 -0.062  0.082 -0.025
   73     12.93  50.58  81.83  23.21   0.15  -0.05    0.004  0.064 -0.009  0.036
   74     36.21-102.58  70.20  22.57   0.24  -0.14   -0.010 -0.134 -0.098  0.474
   75     46.85-108.58   3.90   1.27   0.94  -0.07    0.079 -0.714  1.100  0.694
   76     54.60-217.19 302.17   0.10   0.00   0.00    0.000  0.000  0.000  0.000
   77     44.09  51.08  93.97  17.18   0.14  -0.10   -0.022  0.116  0.158  0.281
   78     41.83  38.46  65.98  22.01   0.15  -0.09   -0.001  0.053 -0.355  0.041
   79     58.94 -69.09  -5.02   2.12   0.46  -0.07    0.199  0.426 -0.495  1.518
   80     27.02 -69.55  -6.51   1.71   0.42  -0.05    0.190  0.338 -0.619  1.388
   81     27.27 -69.21  -4.80   0.68   0.38   0.11    0.228  0.622 -0.172  0.567
   82     23.60 -69.21  -4.71   0.42   0.29   0.17    0.179  0.603 -0.179  0.340
   83     23.23 -70.67  -6.35   6.62   0.12  -0.13    0.017  0.365 -0.124  0.037
   84     21.27 -42.88   7.98  20.81   0.04   0.01    0.038  0.324 -0.564 -0.129
   85     24.54-167.62 -46.03  10.70   0.28  -0.18   -0.055 -0.102  0.264 -0.149
   86     44.13 -12.14  29.65  18.03   0.07  -0.06    0.004  0.122 -0.410 -0.002
   87     29.06 -61.27   6.55   5.02   0.15  -0.22    0.168  0.232 -0.377  1.813
   88     38.11-103.20 -28.30   7.19   0.18  -0.25   -0.003  0.502 -0.162 -0.829
   89     47.81-142.39  89.80  21.73   0.28  -0.07   -0.016 -0.345  0.346  0.978
   90     48.29-140.32  88.76  21.64   0.21  -0.10   -0.026 -0.324  0.559  1.047
   91     34.00  33.94  85.47  20.19   0.19  -0.16   -0.079  0.321  0.224  0.441

 A V E R A G E   of ADJUSTMENTS :                    -0.018  0.063  0.001  0.134
 A V E R A G E   of ABSOLUTE ADJUSTMENTS :            0.073  0.248  0.269  0.350


 Step length damping of 0.39523 was applied.


 Velocity adjustments:
     vp    dvp      hp   reflector
 Velocity model   1
   4.770 -0.063   -5.000      
   5.698  0.081   -2.230      
   5.843  0.058    3.250      
   6.158  0.067   11.740      
   6.250  0.025   14.580      
   6.368 -0.007   21.090      
   6.875  0.145   26.340      
   7.376  0.200   34.990      
   7.529 -0.118   36.310      
   7.659 -0.150   43.950      

 Calculation of average velocity starts at layer #           1
 z = -5.00 ... -2.23    v = 4.77    AVEL = 4.77 downto z =  -2.23
 z = -2.23 ...  3.25    v = 5.70    AVEL = 5.39 downto z =   3.25
 z =  3.25 ... 11.74    v = 5.84    AVEL = 5.62 downto z =  11.74
 z = 11.74 ... 14.58    v = 6.16    AVEL = 5.70 downto z =  14.58
 z = 14.58 ... 21.09    v = 6.25    AVEL = 5.83 downto z =  21.09
 z = 21.09 ... 26.34    v = 6.37    AVEL = 5.92 downto z =  26.34
 z = 26.34 ... 34.99    v = 6.88    AVEL = 6.13 downto z =  34.99
 z = 34.99 ... 36.31    v = 7.38    AVEL = 6.17 downto z =  36.31
 z = 36.31 ... 43.95    v = 7.53    AVEL = 6.38 downto z =  43.95


 Calculation of average velocity starts at layer #           2
 z = -2.23 ...  3.25    v = 5.70    AVEL = 5.70 downto z =   3.25
 z =  3.25 ... 11.74    v = 5.84    AVEL = 5.79 downto z =  11.74
 z = 11.74 ... 14.58    v = 6.16    AVEL = 5.85 downto z =  14.58
 z = 14.58 ... 21.09    v = 6.25    AVEL = 5.96 downto z =  21.09
 z = 21.09 ... 26.34    v = 6.37    AVEL = 6.04 downto z =  26.34
 z = 26.34 ... 34.99    v = 6.88    AVEL = 6.23 downto z =  34.99
 z = 34.99 ... 36.31    v = 7.38    AVEL = 6.27 downto z =  36.31
 z = 36.31 ... 43.95    v = 7.53    AVEL = 6.48 downto z =  43.95



 Adjusted station corrections:
   stn  ptcor  dpcor  
  624   0.000  0.000  628  -0.116 -0.075  630  -0.055 -0.033  627   0.076  0.053
  621   0.048  0.036  629   0.124  0.088  622   0.031  0.026  620  -0.031 -0.013
  623   0.131  0.090  626   0.102  0.065  625   0.079  0.049  631   0.182  0.124
  632  -0.003  0.008

 ~~~ another iteration? ...



--------------------------------------------------------------------------------



           ITERATION no  3

 ~~~ set units for this iteration ...
 ~~~ determine number of unknowns for this iter. ...

 Number of unknowns (for array-indexing):  nvar =  386
 Number of effective unknowns        :  nvareff =  387
 Number of elements on/below main diagonal of matrix G = At*A : kvar =   74691

 Damping factors to be used in this iteration:
   Othet=   0.010   XYthet  =   0.010   Zthet=  0.010
 STAthet=   0.010   Vthet   =   1.000

 ~~~ damp G ...
 ~~~ solve G * b = RHT ...
 ~~~ fix units ...
 ~~~ apply eventually step-length damping ...
 ~~~ adjust model (hypocenters, stacorr & veloc.) ...

 doing velocity adjustments now...
 WARNING: Tried to introduce a low-velocity-layer! (Layer  9)
 Setting DVP from -0.12 to 0.0 and VP to vp(layer_above)+0.001

 doing station-correction adjustments...

 ~~~ compute effective step-length ...

 (Applied) Step length =   5.500

 ~~~ set units for next iteration ...
 ~~~ determine number of unknowns for next iter. ...

 Number of unknowns (for array-indexing):  nvar =  386
 Number of effective unknowns        :  nvareff =  387
 Number of elements on/below main diagonal of matrix G = At*A : kvar =   74691

 ~~~ reset G and RHT ...
 ~~~ raytracing, setup G ...
 ~~~ store parts of G ...
 ~~~ set units back for current iteration ...
 ~~~ determine number of unknowns for this iter. ...

 Number of unknowns (for array-indexing):  nvar =  386
 Number of effective unknowns        :  nvareff =  387
 Number of elements on/below main diagonal of matrix G = At*A : kvar =   74691

 ~~~ compute RMS and DATVAR ...

 $$$$$$$$$$$$$$$$$$$$$$$$$$$$$$$$$$$$$$$$$$$$$$$$$
 Events with  | AVRES | > 1.0 SEC are suspicious !

 ZERO events of this kind found! (lucky guy!!!)

 ~~~ check solution (better? worse?) ...

 Iteration nr  3 obtained:
 DATVAR=    0.192087 mean sqrd residual=     0.082606  RMS RESIDUAL=     0.287412

 After  3 iterations we got:
 Average absolute & unweighted [and mean] residual of
   413 straight and direct rays =  0.12150 [ -0.03723]
   266 refracted           rays =  0.28026 [  0.02692]
     0 reflected           rays =  0.00000 [  0.00000]

   679 ALL                 RAYS =  0.18369 [ -0.01210]      -13.85 %

 ~~~ iteration done; output results ...

  eq       ot     x      y      z      rms    avres   dot     dx     dy     dz
    1      9.08  38.51 112.23  23.88   0.12  -0.03    0.002 -0.106  0.028 -0.157
    2      9.25  38.03 111.01  23.60   0.13  -0.03   -0.007 -0.033  0.070 -0.129
    3     27.19-130.92  -7.82  12.38   0.28  -0.04   -0.062 -0.354  0.302  0.212
    4     15.45-132.00  -6.21   9.49   0.28  -0.07   -0.109 -0.409  0.303 -0.427
    5     45.73 -40.12  38.13  23.39   0.06  -0.05   -0.005  0.109 -0.192 -0.062
    6     49.51 -36.39  40.38  17.25   0.10  -0.03   -0.015  0.163 -0.115  0.293
    7     13.79-133.93-119.53   5.28   0.37   0.10   -0.092  0.374 -0.167 -0.261
    8     30.31-141.35 -43.71   8.95   0.31   0.00   -0.050 -0.235  0.116  0.238
    9     39.67  10.66  56.09  11.76   0.06  -0.06   -0.025 -0.041 -0.169 -0.065
   10     18.00 -89.26-308.15  16.23   1.04   0.61   -0.122 -0.902  0.066  0.011
   11      5.11 -64.79-309.76  15.74   1.31   0.43   -0.129 -0.919 -0.084  0.105
   12     51.26  34.85  94.38  16.32   0.24  -0.05   -0.001 -0.036 -0.108  0.322
   13     46.81  33.61  98.45  20.40   0.14  -0.05   -0.054  0.098  0.200  0.524
   14     55.85  33.62  97.36  15.12   0.11  -0.05   -0.041  0.036 -0.067  0.477
   15     44.63  34.16  97.93  18.61   0.25  -0.01   -0.032  0.018  0.137  0.335
   16     44.72  34.65  97.16  19.47   0.30   0.02   -0.087 -0.147  0.530  0.299
   17     22.02  -1.17  82.56  19.25   0.12  -0.01   -0.045 -0.040  0.090  0.281
   18     36.42 -33.85   4.37  11.26   0.12  -0.09   -0.050  0.061 -0.000  0.188
   19     33.34  41.14  63.74  10.17   0.14  -0.06   -0.009 -0.114 -0.106  0.101
   20     45.93  37.50  85.31  16.51   0.07  -0.10   -0.014 -0.073 -0.040 -0.092
   21     34.15  36.26  82.60  13.20   0.17  -0.08    0.015 -0.210 -0.112 -0.741
   22     25.92  35.34  85.35  13.17   0.16  -0.08   -0.011 -0.163 -0.008 -0.116
   23     15.96  34.79  85.87  10.43   0.26  -0.10    0.006 -0.196 -0.212 -0.333
   24      1.89  34.67  83.07   5.55   0.37  -0.07   -0.058 -0.097  0.334 -0.015
   25     48.72 -45.63  22.85  22.61   0.09   0.03    0.020  0.115 -0.290  0.221
   26     27.57 -69.82  -4.50  10.21   0.07  -0.07   -0.025  0.213 -0.239  0.045
   27      0.22  -0.37  48.75  13.06   0.05  -0.05   -0.005  0.106 -0.274 -0.016
   28     59.10  38.02  76.46  11.67   0.17  -0.03   -0.024  0.132  0.109  0.132
   29     20.17-148.90 -12.32  15.70   0.18  -0.00   -0.020 -0.036  0.244  0.250
   30      2.98  36.62  76.05  14.00   0.27  -0.01    0.007  0.187 -0.278  0.112
   31     21.01  36.11  77.05  14.33   0.20  -0.04   -0.015 -0.143 -0.136  0.071
   32     50.84  36.70  76.63  15.05   0.09  -0.06    0.002 -0.066 -0.173 -0.106
   33      0.89  37.19  75.83  15.64   0.07  -0.05    0.023 -0.018 -0.161 -0.122
   34     55.49 -16.48  34.68  24.52   0.05   0.01    0.016  0.204 -0.086  0.013
   35     39.41 -70.40  -8.36   3.65   0.24  -0.02    0.064  0.559  0.151  0.131
   36     59.16  36.50  77.50  15.37   0.15  -0.02    0.013 -0.029 -0.204 -0.049
   37      5.66  31.05  49.72  13.75   0.07  -0.05    0.011 -0.107 -0.136 -0.506
   38     46.43  73.19  73.14  17.68   0.18  -0.06   -0.015 -0.085  0.004  0.075
   39     14.03   0.82  25.66   3.55   0.11  -0.03   -0.026  0.028 -0.178 -0.079
   40     14.55 -42.04  13.61  16.08   0.12  -0.04   -0.020  0.010 -0.081 -0.226
   41     56.46  34.69  78.21   5.49   0.19  -0.08    0.002 -0.075 -0.332  0.198
   42     34.38  -3.64  46.05  17.62   0.05  -0.00    0.014  0.143 -0.097 -0.113
   43     24.72-109.13 -39.04   4.67   0.23  -0.12    0.042  0.683  0.167 -0.172
   44     49.70  30.07  50.06   8.05   0.10  -0.06   -0.016 -0.091 -0.116 -0.032
   45     41.20-145.27  45.82  19.66   0.15   0.02   -0.007 -0.090  0.094  0.448
   46     34.12 -57.23  -1.27  15.97   0.07  -0.02   -0.004  0.139 -0.119 -0.023
   47      1.15  10.93  79.96  21.90   0.28   0.05    0.021  0.140 -0.172  0.125
   48     37.36  10.96  81.43  23.42   0.07  -0.01    0.022  0.148 -0.042  0.066
   49     35.76  54.09  84.42  22.26   0.07  -0.05    0.009 -0.240 -0.099 -0.089
   50     36.04-102.33 -35.96  15.26   0.11  -0.05   -0.026  0.119 -0.064  0.066
   51     53.12-100.25 -54.15   6.38   0.33  -0.09   -0.020  0.422  0.381 -1.196
   52     43.13-115.80  44.11  14.78   0.27  -0.03   -0.041 -0.203  0.348  0.188
   53      1.13  10.88  80.42  21.52   0.25   0.06    0.015  0.125 -0.055  0.198
   54      1.85 -83.83 322.55  15.75   0.28  -0.12   -0.378 -0.077 -0.078  0.035
   55      2.26 -89.48 304.20   0.52   0.09   0.05   -0.360  0.207 -0.017  0.009
   56     44.92  35.84  66.97  14.63   0.26  -0.03   -0.009 -0.039 -0.228 -0.081
   57     46.96 -84.72 155.23  15.62   0.36   0.27   -0.117 -0.026  0.263  0.010
   58     45.56 -80.19 151.87  16.29   0.40   0.14   -0.034  0.461  0.468  0.465
   59      8.66 -81.96   0.31   2.95   0.41   0.01   -0.021  0.292 -0.111 -0.483
   60      3.65-109.54-116.80   1.92   0.66   0.03   -0.016  0.422  0.614 -0.568
   61      0.59-131.61 -54.97   3.59   0.44  -0.24   -0.049 -0.553  0.008  1.257
   62     20.12  19.88 152.23  15.69   0.50   0.01    0.002  0.251 -0.123  0.278
   63     18.84 -46.91  29.21  20.66   0.04  -0.02   -0.002  0.136 -0.213  0.189
   64      4.50-160.28 187.58   8.09   0.50   0.38   -0.135  1.472  1.716 -0.025
   65     23.48 -47.46  19.88  15.57   0.06  -0.02    0.009  0.189 -0.242  0.048
   66     32.78-153.03  43.91  19.51   0.24  -0.00   -0.008 -0.272  0.220  0.428
   67     41.99 -36.82  -5.74  17.87   0.08  -0.01    0.020  0.164 -0.216 -0.456
   68     13.99  51.37 107.42  20.99   0.18  -0.02   -0.101  0.290  0.599  0.300
   69     48.30-214.97-349.14  73.50   0.00   0.00    0.000  0.000  0.000  0.000
   70      5.43  33.90  97.30  19.85   0.27   0.02   -0.056  0.077  0.298  0.273
   71      4.69   6.29  56.49   0.93   0.56   0.21    0.134  0.066 -0.039 -0.125
   72     55.27 132.58-297.67  96.95   0.02  -0.13   -0.233 -0.018  0.023 -0.007
   73     12.91  50.85  81.75  23.41   0.15   0.01   -0.018  0.264 -0.077  0.199
   74     36.18-102.67  70.42  23.34   0.24  -0.04   -0.024 -0.094  0.216  0.767
   75     46.88-108.84   4.43   2.36   0.93  -0.03    0.026 -0.264  0.525  1.091
   76     54.60-217.19 302.17   0.10   0.00   0.00    0.000  0.000  0.000  0.000
   77     44.05  51.18  94.11  17.46   0.10  -0.03   -0.041  0.100  0.146  0.280
   78     41.82  38.58  65.66  22.04   0.15  -0.03   -0.005  0.123 -0.310  0.025
   79     59.00 -68.88  -5.08   3.40   0.37  -0.19    0.059  0.214 -0.056  1.273
   80     27.08 -69.42  -6.65   3.17   0.36  -0.04    0.061  0.136 -0.147  1.462
   81     27.39 -68.80  -4.68   1.18   0.37   0.03    0.125  0.412  0.116  0.501
   82     23.70 -68.82  -4.70   0.70   0.25   0.13    0.101  0.397  0.011  0.279
   83     23.24 -70.34  -6.32   6.72   0.09  -0.07    0.006  0.325  0.037  0.096
   84     21.29 -42.65   7.62  20.75   0.05   0.01    0.012  0.240 -0.359 -0.059
   85     24.48-167.67 -45.89  10.65   0.31   0.00   -0.055 -0.056  0.135 -0.057
   86     44.12 -12.07  29.39  18.01   0.06  -0.03   -0.004  0.071 -0.255 -0.020
   87     28.99 -61.17   6.25   5.28   0.13  -0.13   -0.068  0.099 -0.309  0.258
   88     38.10-102.74 -28.32   6.55   0.19  -0.15   -0.006  0.454 -0.022 -0.641
   89     47.79-142.56  89.92  21.94   0.30   0.08   -0.023 -0.170  0.123  0.210
   90     48.26-140.54  88.94  22.20   0.23   0.05   -0.031 -0.220  0.188  0.559
   91     33.95  34.17  85.48  20.37   0.17  -0.05   -0.049  0.237  0.010  0.184

 A V E R A G E   of ADJUSTMENTS :                    -0.025  0.048  0.021  0.094
 A V E R A G E   of ABSOLUTE ADJUSTMENTS :            0.044  0.203  0.186  0.262


 Step length damping of 0.37909 was applied.


 Velocity adjustments:
     vp    dvp      hp   reflector
 Velocity model   1
   4.740 -0.029   -5.000      
   5.725  0.027   -2.230      
   5.858  0.015    3.250      
   6.188  0.029   11.740      
   6.262  0.013   14.580      
   6.377  0.009   21.090      
   6.913  0.038   26.340      
   7.576  0.200   34.990      
   7.577  0.000   36.310      
   7.646 -0.013   43.950      

 Calculation of average velocity starts at layer #           1
 z = -5.00 ... -2.23    v = 4.74    AVEL = 4.74 downto z =  -2.23
 z = -2.23 ...  3.25    v = 5.73    AVEL = 5.39 downto z =   3.25
 z =  3.25 ... 11.74    v = 5.86    AVEL = 5.63 downto z =  11.74
 z = 11.74 ... 14.58    v = 6.19    AVEL = 5.71 downto z =  14.58
 z = 14.58 ... 21.09    v = 6.26    AVEL = 5.85 downto z =  21.09
 z = 21.09 ... 26.34    v = 6.38    AVEL = 5.94 downto z =  26.34
 z = 26.34 ... 34.99    v = 6.91    AVEL = 6.15 downto z =  34.99
 z = 34.99 ... 36.31    v = 7.58    AVEL = 6.19 downto z =  36.31
 z = 36.31 ... 43.95    v = 7.58    AVEL = 6.41 downto z =  43.95


 Calculation of average velocity starts at layer #           2
 z = -2.23 ...  3.25    v = 5.73    AVEL = 5.73 downto z =   3.25
 z =  3.25 ... 11.74    v = 5.86    AVEL = 5.81 downto z =  11.74
 z = 11.74 ... 14.58    v = 6.19    AVEL = 5.87 downto z =  14.58
 z = 14.58 ... 21.09    v = 6.26    AVEL = 5.98 downto z =  21.09
 z = 21.09 ... 26.34    v = 6.38    AVEL = 6.05 downto z =  26.34
 z = 26.34 ... 34.99    v = 6.91    AVEL = 6.25 downto z =  34.99
 z = 34.99 ... 36.31    v = 7.58    AVEL = 6.30 downto z =  36.31
 z = 36.31 ... 43.95    v = 7.58    AVEL = 6.51 downto z =  43.95



 Adjusted station corrections:
   stn  ptcor  dpcor  
  624   0.000  0.000  628  -0.161 -0.046  630  -0.075 -0.021  627   0.109  0.033
  621   0.065  0.016  629   0.167  0.044  622   0.048  0.017  620  -0.034 -0.003
  623   0.183  0.052  626   0.140  0.039  625   0.110  0.032  631   0.235  0.053
  632  -0.019 -0.015

 ~~~ another iteration? ...
 NITT = ITTMAX  --> stop iterations.
 ~~~ final solution reached ...

 ~~~ damp G & Chol.-Decomp.: NOT made (switch iresolcalc is NOT set !)

 Final rms values:  0.12 0.13 0.28 0.28 0.06 0.10 0.37 0.31 0.06 1.04
                    1.31 0.24 0.14 0.11 0.25 0.30 0.12 0.12 0.14 0.07
                    0.17 0.16 0.26 0.37 0.09 0.07 0.05 0.17 0.18 0.27
                    0.20 0.09 0.07 0.05 0.24 0.15 0.07 0.18 0.11 0.12
                    0.19 0.05 0.23 0.10 0.15 0.07 0.28 0.07 0.07 0.11
                    0.33 0.27 0.25 0.28 0.09 0.26 0.36 0.40 0.41 0.66
                    0.44 0.50 0.04 0.50 0.06 0.24 0.08 0.18 0.00 0.27
                    0.56 0.02 0.15 0.24 0.93 0.00 0.10 0.15 0.37 0.36
                    0.37 0.25 0.09 0.05 0.31 0.06 0.13 0.19 0.30 0.23
                    0.17



 ~~~ output final hypocenters ...

      date    origin   latitude longitude  depth  mag  no  rms      x      y      z
   1 160818 1613  9.08 73.0058N 124.8528E  23.88 1.40   6 0.124   38.51 112.23  23.88
   2 160818 1613  9.25 72.9949N 124.8675E  23.60 1.10   6 0.129   38.03 111.01  23.60
   3 160819 0959 27.19 71.9300N 129.7872E  12.38 4.00  12 0.276 -130.92  -7.82  12.38
   4 160820 1506 15.45 71.9443N 129.8201E   9.49 1.50   9 0.276 -132.00  -6.21   9.49
   5 160820 1904 45.73 72.3418N 127.1735E  23.39 1.20   6 0.064  -40.12  38.13  23.39
   6 160822 1318 49.51 72.3619N 127.0649E  17.25 0.60   8 0.104  -36.39  40.38  17.25
   7 160823 0652 13.79 70.9288N 129.7733E   5.28 2.90   6 0.374 -133.93-119.53   5.28
   8 160824 1510 30.31 71.6083N 130.0542E   8.95 1.50   9 0.314 -141.35 -43.71   8.95
   9 160906 1514 39.67 72.5027N 125.6868E  11.76 0.90   6 0.059   10.66  56.09  11.76
  10 160920 1607 18.00 69.2384N 128.4094E  16.23 2.60   2 1.041  -89.26-308.15  16.23
  11 160925 1911  5.11 69.2240N 127.7481E  15.74 2.30   2 1.311  -64.79-309.76  15.74
  12 161004 0841 51.26 72.8458N 124.9664E  16.32 0.20   6 0.236   34.85  94.38  16.32
  13 161005 1619 46.81 72.8823N 125.0021E  20.40 1.00   9 0.135   33.61  98.45  20.40
  14 161006 0156 55.85 72.8725N 125.0022E  15.12 1.00   7 0.109   33.62  97.36  15.12
  15 161009 0036 44.63 72.8776N 124.9860E  18.61 1.30   8 0.252   34.16  97.93  18.61
  16 161009 0036 44.72 72.8708N 124.9718E  19.47 1.20   7 0.305   34.65  97.16  19.47
  17 161012 0800 22.02 72.7399N 126.0346E  19.25 0.80   7 0.120   -1.17  82.56  19.25
  18 161015 1013 36.42 72.0392N 126.9822E  11.26 0.70   7 0.124  -33.85   4.37  11.26
  19 161021 0507 33.34 72.5712N 124.7890E  10.17 0.80   6 0.137   41.14  63.74  10.17
  20 161124 2250 45.93 72.7646N 124.8905E  16.51 3.10   4 0.071   37.50  85.31  16.51
  21 161125 0156 34.15 72.7403N 124.9278E  13.20 0.60   7 0.175   36.26  82.60  13.20
  22 161125 0517 25.92 72.7649N 124.9542E  13.17 1.60   6 0.165   35.34  85.35  13.17
  23 161125 0525 15.96 72.7696N 124.9703E  10.43 0.80   6 0.257   34.79  85.87  10.43
  24 161125 0556  1.89 72.7444N 124.9747E   5.55 0.20   6 0.371   34.67  83.07   5.55
  25 170117 0846 48.72 72.2048N 127.3297E  22.61 0.30   6 0.086  -45.63  22.85  22.61
  26 170122 1614 27.57 71.9597N 128.0213E  10.21 0.90   6 0.070  -69.82  -4.50  10.21
  27 170125 2244  0.22 72.4369N 126.0107E  13.06 0.80   6 0.052   -0.37  48.75  13.06
  28 170302 1359 59.10 72.6853N 124.8773E  11.67 0.50   7 0.172   38.02  76.46  11.67
  29 170302 2335 20.17 71.8896N 130.3027E  15.70 2.10   9 0.178 -148.90 -12.32  15.70
  30 170304 2135  2.98 72.6816N 124.9188E  14.00 1.30   7 0.274   36.62  76.05  14.00
  31 170307 0447 21.01 72.6905N 124.9338E  14.33 1.70  10 0.199   36.11  77.05  14.33
  32 170307 2016 50.84 72.6868N 124.9163E  15.05 1.10   6 0.085   36.70  76.63  15.05
  33 170309 1454  0.89 72.6796N 124.9020E  15.64 0.30   6 0.071   37.19  75.83  15.64
  34 170311 0430 55.49 72.3108N 126.4816E  24.52 0.30   6 0.046  -16.48  34.68  24.52
  35 170312 0416 39.41 71.9251N 128.0364E   3.65 2.10   6 0.237  -70.40  -8.36   3.65
  36 170313 0553 59.16 72.6946N 124.9220E  15.37 1.00   9 0.151   36.50  77.50  15.37
  37 170313 0809  5.66 72.4456N 125.0892E  13.75 1.20   7 0.071   31.05  49.72  13.75
  38 170315 0234 46.43 72.6555N 123.8408E  17.68 1.40   7 0.183   73.19  73.14  17.68
  39 170317 1007 14.03 72.2299N 125.9762E   3.55 0.50   7 0.113    0.82  25.66   3.55
  40 170320 0711 14.55 72.1220N 127.2224E  16.08 0.90   6 0.122  -42.04  13.61  16.08
  41 170320 0853 56.46 72.7009N 124.9754E   5.49 0.40   6 0.192   34.69  78.21   5.49
  42 170320 1900 34.38 72.4127N 126.1067E  17.62 0.60   7 0.051   -3.64  46.05  17.62
  43 170323 0519 24.72 71.6501N 129.1335E   4.67 1.20   6 0.228 -109.13 -39.04   4.67
  44 170323 1612 49.70 72.4486N 125.1180E   8.05 0.50   6 0.100   30.07  50.06   8.05
  45 170323 1906 41.20 72.4107N 130.2572E  19.66 1.00   6 0.151 -145.27  45.82  19.66
  46 170326 0836 34.12 71.9886N 127.6580E  15.97 1.50   7 0.072  -57.23  -1.27  15.97
  47 170402 0422  1.15 72.7166N 125.6769E  21.90 1.20  10 0.278   10.93  79.96  21.90
  48 170402 0636 37.36 72.7298N 125.6761E  23.42 0.70   6 0.070   10.96  81.43  23.42
  49 170404 2347 35.76 72.7566N 124.3999E  22.26 0.50   6 0.066   54.09  84.42  22.26
  50 170405 0307 36.04 71.6777N 128.9405E  15.26 1.00  10 0.113 -102.33 -35.96  15.26
  51 170405 1410 53.12 71.5147N 128.8681E   6.38 1.70  10 0.326 -100.25 -54.15   6.38
  52 170406 0838 43.13 72.3954N 129.3921E  14.78 0.90  10 0.271 -115.80  44.11  14.78
  53 170406 1728  1.13 72.7207N 125.6785E  21.52 0.90  10 0.252   10.88  80.42  21.52
  54 170407 1729  1.85 74.8907N 128.6347E  15.75 1.80   2 0.279  -83.83 322.55  15.75
  55 170407 1729  2.26 74.7262N 128.7987E   0.52 1.60   5 0.090  -89.48 304.20   0.52
  56 170408 1004 44.92 72.6002N 124.9441E  14.63 1.40  13 0.258   35.84  66.97  14.63
  57 170409 0856 46.96 73.3911N 128.5508E  15.62 2.50   6 0.356  -84.72 155.23  15.62
  58 170409 0902 45.56 73.3611N 128.4123E  16.29 1.10   7 0.401  -80.19 151.87  16.29
  59 170410 1520  8.66 72.0028N 128.3756E   2.95 1.00  10 0.414  -81.96   0.31   2.95
  60 170410 1813  3.65 70.9532N 129.0882E   1.92 2.20  13 0.657 -109.54-116.80   1.92
  61 170412 1507  0.59 71.5074N 129.7648E   3.59 0.70   6 0.444 -131.61 -54.97   3.59
  62 170413 0651 20.12 73.3643N 125.4018E  15.69 1.00  10 0.503   19.88 152.23  15.69
  63 170414 0459 18.84 72.2617N 127.3691E  20.66 0.50   7 0.043  -46.91  29.21  20.66
  64 170414 0540  4.50 73.6811N 130.8652E   8.09 1.80  11 0.497 -160.28 187.58   8.09
  65 170414 1656 23.48 72.1781N 127.3822E  15.57 0.20   6 0.063  -47.46  19.88  15.57
  66 170414 1753 32.78 72.3935N 130.4826E  19.51 0.70   6 0.238 -153.03  43.91  19.51
  67 170416 0523 41.99 71.9486N 127.0657E  17.87 1.60  13 0.082  -36.82  -5.74  17.87
  68 170416 1220 13.99 72.9627N 124.4716E  20.99 1.00  11 0.181   51.37 107.42  20.99
 WARNING: Event-# :          69 has zero observations!
  69 170416 1257 48.30 68.8710N 131.7500E  73.50 2.20   0 0.000 -214.97-349.14  73.50
  70 170416 1821  5.43 72.8720N 124.9939E  19.85 1.30  13 0.268   33.90  97.30  19.85
  71 170418 0606  4.69 72.5063N 125.8152E   0.93 0.20   6 0.557    6.29  56.49   0.93
  72 170418 1005 55.27 69.3324N 122.4130E  96.95 2.20   1 0.017  132.58-297.67  96.95
  73 170418 1500 12.91 72.7326N 124.4968E  23.41 1.30  12 0.147   50.85  81.75  23.41
  74 170420 1302 36.18 72.6311N 129.0270E  23.34 0.90  11 0.245 -102.67  70.42  23.34
  75 170420 2248 46.88 72.0397N 129.1580E   2.36 0.70  11 0.927 -108.84   4.43   2.36
 WARNING: Event-# :          76 has zero observations!
  76 170423 0850 54.60 74.7080N 132.7900E   0.10 1.90   0 0.000 -217.19 302.17   0.10
  77 170423 1455 44.05 72.8434N 124.4824E  17.46 0.60   8 0.099   51.18  94.11  17.46
  78 170423 2313 41.82 72.5885N 124.8638E  22.04 1.30  12 0.153   38.58  65.66  22.04
  79 170424 0609 59.00 71.9545N 127.9939E   3.40 1.10  12 0.374  -68.88  -5.08   3.40
  80 170424 0755 27.08 71.9404N 128.0087E   3.17 1.00  12 0.359  -69.42  -6.65   3.17
  81 170424 0755 27.39 71.9580N 127.9918E   1.18 1.00  12 0.373  -68.80  -4.68   1.18
  82 170425 0652 23.70 71.9579N 127.9923E   0.70 1.20   9 0.248  -68.82  -4.70   0.70
  83 170426 0051 23.24 71.9434N 128.0356E   6.72 0.70   6 0.088  -70.34  -6.32   6.72
  84 170426 1425 21.29 72.0683N 127.2383E  20.75 0.10   6 0.048  -42.65   7.62  20.75
  85 170426 1834 24.48 71.5887N 130.8066E  10.65 1.20   8 0.312 -167.67 -45.89  10.65
  86 170426 1840 44.12 72.2634N 126.3524E  18.01 1.30   8 0.059  -12.07  29.39  18.01
  87 170427 0912 28.99 72.0560N 127.7756E   5.28 0.90   8 0.127  -61.17   6.25   5.28
  88 170427 1041 38.10 71.7462N 128.9576E   6.55 0.70   7 0.186 -102.74 -28.32   6.55
  89 170427 2010 47.79 72.8059N 130.2230E  21.94 1.30   8 0.297 -142.56  89.92  21.94
  90 170427 2010 48.26 72.7971N 130.1624E  22.20 1.30   8 0.229 -140.54  88.94  22.20
  91 170427 2342 33.95 72.7660N 124.9888E  20.37 0.80   6 0.166   34.17  85.48  20.37

 ~~~ output final station residuals ...
 TURBO-option is set; residuals are NOT printed for each event!



   station statistics, remember nsp was set to: 1


 sta phase nobs avres  avwres    std    wsum    delay

 624    P  74 -0.0495 -0.0495  0.2045  74.0000  0.0000
 628    P  69 -0.1314 -0.1314  0.2539  69.0000 -0.1612
 630    P  53 -0.0607 -0.0607  0.2446  53.0000 -0.0751
 627    P  46 -0.0259 -0.0259  0.2132  46.0000  0.1093
 621    P  59  0.0209  0.0209  0.2492  59.0000  0.0645
 629    P  43 -0.0263 -0.0263  0.2970  43.0000  0.1673
 622    P  58 -0.0064 -0.0064  0.2176  58.0000  0.0483
 620    P  48 -0.0103 -0.0103  0.3111  48.0000 -0.0340
 623    P  55  0.0270  0.0270  0.2444  55.0000  0.1833
 626    P  52 -0.0242 -0.0242  0.4103  52.0000  0.1403
 625    P  49 -0.0059 -0.0059  0.2868  49.0000  0.1103
 631    P  49  0.1679  0.1679  0.4004  49.0000  0.2353
 632    P  24  0.0633  0.0633  0.3213  24.0000 -0.0188


 ~~~ output statistics ...




 RAY-STATISTICS FOR  L A S T  ITERATION
 --------------------------------------

 NHYP : nr of hypocenters in this layer
 NREF : nr of headwaves in this layer
 %len : % of "refracted km" in this layer 
        with respect to all refracted kilometers
 NHIT : nr of rays passed thru this layer
 xy-km: average horizontal ray length [km] in layer
 z-km : average  vertical  ray length [km] in layer
 RFLX : number of reflections at bottom of this layer

 nlay   top ..... bottom     velocity   NHYP NREF %len  NHIT xy-km  z-km  RFLX

   1    -5.00... -2.23 km    4.74 km/s    0    0   0.0     0   0.0   0.0     0
   2    -2.23...  3.25 km    5.73 km/s    9    0   0.0  1411   8.6   3.7     0
   3     3.25... 11.74 km    5.86 km/s   22   30   9.4   747  19.1   7.0     0
   4    11.74... 14.58 km    6.19 km/s    8   26   6.3   622  10.8   2.6     0
   5    14.58... 21.09 km    6.26 km/s   36   39  11.3   593  18.0   4.5     0
   6    21.09... 26.34 km    6.38 km/s   14    2   0.2   408   8.7   4.5     0
   7    26.34... 34.99 km    6.91 km/s    0   49  14.0   290  25.1   7.2     0
   8    34.99... 36.31 km    7.58 km/s    0  120  58.9   121  91.9   0.0     0
   9    36.31... 43.95 km    7.58 km/s    0    0   0.0     1  26.5   7.6     0
  10    43.95...       km    7.65 km/s    2    0   0.0     0   0.0   0.0

 Total nr of events was   91

 Total nr of refracted rays =   266
 Total nr of reflected rays =     0
 Total nr of   other   rays =   413
                              ------
 Total nr of    all    rays =   679

 Average (absolute) error of the raytracers:
  Straight and direct rays : 2148.34 meters
  Refracted           rays :    0.01 meters
  Reflected           rays :    0.00 meters


 ALL RAYS TOGETHER:
 Average horizontal ray length =   89.9 km   (Hypocenter --> Station) 
 Average  vertical  ray length =   18.4 km   (Deepest ray-point --> Station)



 ... and some more STATISTICS 
 ---------------------------- 
  GAP of final epicenters:

  Event# -> GAP  Event# -> GAP  Event# -> GAP  Event# -> GAP  Event# -> GAP
       1 -> 295       2 -> 294       3 -> 271       4 -> 275       5 -> 307
       6 ->  97       7 -> 321       8 -> 306       9 -> 167      10 -> 347
      11 -> 347      12 -> 258      13 -> 264      14 -> 262      15 -> 264
      16 -> 265      17 -> 253      18 -> 243      19 -> 159      20 -> 302
      21 -> 231      22 -> 238      23 -> 240      24 -> 232      25 -> 128
      26 -> 102      27 -> 152      28 -> 212      29 -> 305      30 -> 211
      31 -> 214      32 -> 212      33 -> 210      34 -> 132      35 -> 238
      36 -> 216      37 -> 132      38 -> 311      39 -> 119      40 -> 210
      41 -> 217      42 -> 122      43 -> 224      44 -> 133      45 -> 308
      46 -> 125      47 -> 223      48 -> 226      49 -> 286      50 -> 195
      51 -> 289      52 -> 271      53 -> 224      54 -> 354      55 -> 347
      56 -> 179      57 -> 310      58 -> 318      59 -> 165      60 -> 309
      61 -> 302      62 -> 306      63 -> 148      64 -> 322      65 -> 127
      66 -> 293      67 ->  87      68 -> 296      69 -> 172      70 -> 262
      71 -> 173      72 ->   0      73 -> 261      74 -> 300      75 -> 242
      76 ->  60      77 -> 285      78 -> 171      79 -> 164      80 -> 169
      81 -> 162      82 -> 162      83 -> 234      84 -> 118      85 -> 315
      86 ->  94      87 -> 112      88 -> 268      89 -> 318      90 -> 317
      91 -> 295

 GAPs were between   0 and 354
      (average GAP was 227)



  MAGNITUDES of INPUT-DATA:

 Magnitude (# of events)   ***average number of obs***

 MAG<= 1.0 ( 47) *******
 MAG = 1.1 (  4) ********
 MAG = 1.2 (  7) ********
 MAG = 1.3 (  8) *********1
 MAG = 1.4 (  3) *********
 MAG = 1.5 (  3) ********
 MAG = 1.6 (  3) ********
 MAG = 1.7 (  2) *********1
 MAG = 1.8 (  2) *******
 MAG = 1.9 (  1)  
 MAG = 2.0 (  0)  
 MAG = 2.1 (  2) ********
 MAG = 2.2 (  3) *****
 MAG = 2.3 (  1) **
 MAG = 2.4 (  0)  
 MAG = 2.5 (  1) ******
 MAG = 2.6 (  1) **
 MAG = 2.7 (  0)  
 MAG = 2.8 (  0)  
 MAG = 2.9 (  1) ******
 MAG = 3.0 (  0)  
 MAG = 3.1 (  1) ****
 MAG = 3.2 (  0)  
 MAG = 3.3 (  0)  
 MAG = 3.4 (  0)  
 MAG = 3.5 (  0)  
 MAG = 3.6 (  0)  
 MAG = 3.7 (  0)  
 MAG = 3.8 (  0)  
 MAG = 3.9 (  0)  
 MAG = 4.0 (  1) *********1**
 MAG = 4.1 (  0)  
 MAG = 4.2 (  0)  
 MAG = 4.3 (  0)  
 MAG = 4.4 (  0)  
 MAG = 4.5 (  0)  
 MAG = 4.6 (  0)  
 MAG = 4.7 (  0)  
 MAG = 4.8 (  0)  
 MAG = 4.9 (  0)  
 MAG = 5.0 (  0)  
 MAG = 5.1 (  0)  
 MAG = 5.2 (  0)  
 MAG = 5.3 (  0)  
 MAG = 5.4 (  0)  
 MAG = 5.5 (  0)  
 MAG = 5.6 (  0)  
 MAG = 5.7 (  0)  
 MAG = 5.8 (  0)  
 MAG = 5.9 (  0)  
 MAG>= 6.0 (  0)  





  DEPTHs of INPUT-DATA and of LAST ITERATION:
  ===========================================

       Depth       # of events  

 DEPTH ( input ) =  -4. km :   
 DEPTH (last_IT) =  -4. km :   
 DEPTH ( input ) =  -3. km :   
 DEPTH (last_IT) =  -3. km :   
 DEPTH ( input ) =  -2. km :   
 DEPTH (last_IT) =  -2. km :   
 DEPTH ( input ) =  -1. km :   
 DEPTH (last_IT) =  -1. km :   
 DEPTH ( input ) =   0. km :  ........
 DEPTH (last_IT) =   0. km :  *
 DEPTH ( input ) =   1. km :  .
 DEPTH (last_IT) =   1. km :  ****
 DEPTH ( input ) =   2. km :   
 DEPTH (last_IT) =   2. km :  **
 DEPTH ( input ) =   3. km :  ...
 DEPTH (last_IT) =   3. km :  ***
 DEPTH ( input ) =   4. km :  ..
 DEPTH (last_IT) =   4. km :  ***
 DEPTH ( input ) =   5. km :  ..
 DEPTH (last_IT) =   5. km :  ****
 DEPTH ( input ) =   6. km :  ..
 DEPTH (last_IT) =   6. km :  **
 DEPTH ( input ) =   7. km :  .
 DEPTH (last_IT) =   7. km :  **
 DEPTH ( input ) =   8. km :  ...
 DEPTH (last_IT) =   8. km :  **
 DEPTH ( input ) =   9. km :  ..
 DEPTH (last_IT) =   9. km :  **
 DEPTH ( input ) =  10. km :  ..
 DEPTH (last_IT) =  10. km :  ***
 DEPTH ( input ) =  11. km :  ...
 DEPTH (last_IT) =  11. km :  **
 DEPTH ( input ) =  12. km :  ....
 DEPTH (last_IT) =  12. km :  ***
 DEPTH ( input ) =  13. km :  ..
 DEPTH (last_IT) =  13. km :  ***
 DEPTH ( input ) =  14. km :  ...
 DEPTH (last_IT) =  14. km :  ***
 DEPTH ( input ) =  15. km :  ........
 DEPTH (last_IT) =  15. km :  ******
 DEPTH ( input ) =  16. km :  .........1.
 DEPTH (last_IT) =  16. km :  *********1**
 DEPTH ( input ) =  17. km :  .....
 DEPTH (last_IT) =  17. km :  ***
 DEPTH ( input ) =  18. km :  ....
 DEPTH (last_IT) =  18. km :  ****
 DEPTH ( input ) =  19. km :  .....
 DEPTH (last_IT) =  19. km :  ***
 DEPTH ( input ) =  20. km :  .....
 DEPTH (last_IT) =  20. km :  *****
 DEPTH ( input ) =  21. km :  ..
 DEPTH (last_IT) =  21. km :  ***
 DEPTH ( input ) =  22. km :  ....
 DEPTH (last_IT) =  22. km :  ******
 DEPTH ( input ) =  23. km :  ....
 DEPTH (last_IT) =  23. km :  *****
 DEPTH ( input ) =  24. km :  ..
 DEPTH (last_IT) =  24. km :  **
 DEPTH ( input ) =  25. km :  .
 DEPTH (last_IT) =  25. km :  *
 DEPTH ( input ) =  26. km :   
 DEPTH (last_IT) =  26. km :   
 DEPTH ( input ) =  27. km :   
 DEPTH (last_IT) =  27. km :   
 DEPTH ( input ) =  28. km :   
 DEPTH (last_IT) =  28. km :   
 DEPTH ( input ) =  29. km :   
 DEPTH (last_IT) =  29. km :   
 DEPTH ( input ) =  30. km :   
 DEPTH (last_IT) =  30. km :   
 DEPTH ( input ) =  31. km :   
 DEPTH (last_IT) =  31. km :   
 DEPTH ( input ) =  32. km :   
 DEPTH (last_IT) =  32. km :   
 DEPTH ( input ) =  33. km :   
 DEPTH (last_IT) =  33. km :   
 DEPTH ( input ) =  34. km :   
 DEPTH (last_IT) =  34. km :   
 DEPTH ( input ) =  35. km :   
 DEPTH (last_IT) =  35. km :   
 DEPTH ( input ) =  36. km :   
 DEPTH (last_IT) =  36. km :   
 DEPTH ( input ) =  37. km :   
 DEPTH (last_IT) =  37. km :   
 DEPTH ( input ) =  38. km :   
 DEPTH (last_IT) =  38. km :   
 DEPTH ( input ) =  39. km :   
 DEPTH (last_IT) =  39. km :   
 DEPTH ( input ) =  40. km :   
 DEPTH (last_IT) =  40. km :   
 DEPTH ( input ) =  41. km :   
 DEPTH (last_IT) =  41. km :   
 DEPTH ( input ) =  42. km :   
 DEPTH (last_IT) =  42. km :   
 DEPTH ( input ) =  43. km :   
 DEPTH (last_IT) =  43. km :   
 DEPTH ( input ) =  44. km :   
 DEPTH (last_IT) =  44. km :   
 DEPTH ( input ) =  45. km :   
 DEPTH (last_IT) =  45. km :   
 DEPTH ( input ) =  46. km :   
 DEPTH (last_IT) =  46. km :   
 DEPTH ( input ) =  47. km :   
 DEPTH (last_IT) =  47. km :   
 DEPTH ( input ) =  48. km :   
 DEPTH (last_IT) =  48. km :   
 DEPTH ( input ) =  49. km :   
 DEPTH (last_IT) =  49. km :   
 DEPTH ( input ) =  50. km :   
 DEPTH (last_IT) =  50. km :   
 DEPTH ( input ) =  51. km :   
 DEPTH (last_IT) =  51. km :   
 DEPTH ( input ) =  52. km :   
 DEPTH (last_IT) =  52. km :   
 DEPTH ( input ) =  53. km :   
 DEPTH (last_IT) =  53. km :   
 DEPTH ( input ) =  54. km :   
 DEPTH (last_IT) =  54. km :   
 DEPTH ( input ) =  55. km :   
 DEPTH (last_IT) =  55. km :   
 DEPTH ( input ) =  56. km :   
 DEPTH (last_IT) =  56. km :   
 DEPTH ( input ) =  57. km :   
 DEPTH (last_IT) =  57. km :   
 DEPTH ( input ) =  58. km :   
 DEPTH (last_IT) =  58. km :   
 DEPTH ( input ) =  59. km :   
 DEPTH (last_IT) =  59. km :   
 DEPTH ( input ) =  60. km :   
 DEPTH (last_IT) =  60. km :   
 DEPTH ( input ) =  61. km :   
 DEPTH (last_IT) =  61. km :   
 DEPTH ( input ) =  62. km :   
 DEPTH (last_IT) =  62. km :   
 DEPTH ( input ) =  63. km :   
 DEPTH (last_IT) =  63. km :   
 DEPTH ( input ) =  64. km :   
 DEPTH (last_IT) =  64. km :   
 DEPTH ( input ) =  65. km :   
 DEPTH (last_IT) =  65. km :   
 DEPTH ( input ) =  66. km :   
 DEPTH (last_IT) =  66. km :   
 DEPTH ( input ) =  67. km :   
 DEPTH (last_IT) =  67. km :   
 DEPTH ( input ) =  68. km :   
 DEPTH (last_IT) =  68. km :   
 DEPTH ( input ) =  69. km :   
 DEPTH (last_IT) =  69. km :   
 DEPTH ( input ) =  70. km :   
 DEPTH (last_IT) =  70. km :   
 DEPTH ( input ) =  71. km :   
 DEPTH (last_IT) =  71. km :   
 DEPTH ( input ) =  72. km :   
 DEPTH (last_IT) =  72. km :   
 DEPTH ( input ) =  73. km :   
 DEPTH (last_IT) =  73. km :   
 DEPTH ( input ) =  74. km :  .
 DEPTH (last_IT) =  74. km :  *
 DEPTH ( input ) =  75. km :   
 DEPTH (last_IT) =  75. km :   
 DEPTH ( input ) =  76. km :   
 DEPTH (last_IT) =  76. km :   
 DEPTH ( input ) =  77. km :   
 DEPTH (last_IT) =  77. km :   
 DEPTH ( input ) =  78. km :   
 DEPTH (last_IT) =  78. km :   
 DEPTH ( input ) =  79. km :   
 DEPTH (last_IT) =  79. km :   
 DEPTH ( input ) =  80. km :   
 DEPTH (last_IT) =  80. km :   
 DEPTH ( input ) =  81. km :   
 DEPTH (last_IT) =  81. km :   
 DEPTH ( input ) =  82. km :   
 DEPTH (last_IT) =  82. km :   
 DEPTH ( input ) =  83. km :   
 DEPTH (last_IT) =  83. km :   
 DEPTH ( input ) =  84. km :   
 DEPTH (last_IT) =  84. km :   
 DEPTH ( input ) =  85. km :   
 DEPTH (last_IT) =  85. km :   
 DEPTH ( input ) =  86. km :   
 DEPTH (last_IT) =  86. km :   
 DEPTH ( input ) =  87. km :   
 DEPTH (last_IT) =  87. km :   
 DEPTH ( input ) =  88. km :   
 DEPTH (last_IT) =  88. km :   
 DEPTH ( input ) =  89. km :   
 DEPTH (last_IT) =  89. km :   
 DEPTH ( input ) =  90. km :   
 DEPTH (last_IT) =  90. km :   
 DEPTH ( input ) =  91. km :   
 DEPTH (last_IT) =  91. km :   
 DEPTH ( input ) =  92. km :   
 DEPTH (last_IT) =  92. km :   
 DEPTH ( input ) =  93. km :   
 DEPTH (last_IT) =  93. km :   
 DEPTH ( input ) =  94. km :   
 DEPTH (last_IT) =  94. km :   
 DEPTH ( input ) =  95. km :   
 DEPTH (last_IT) =  95. km :   
 DEPTH ( input ) =  96. km :   
 DEPTH (last_IT) =  96. km :   
 DEPTH ( input ) =  97. km :  .
 DEPTH (last_IT) =  97. km :  *
 DEPTH ( input ) =  98. km :   
 DEPTH (last_IT) =  98. km :   
 DEPTH ( input ) =  99. km :   
 DEPTH (last_IT) =  99. km :   
 DEPTH ( input ) = 100. km :   
 DEPTH (last_IT) = 100. km :   
 DEPTH ( input ) > 100. km :   
 DEPTH (last_IT) > 100. km :   


 Residuals of the stations according to the azimuth:
 (RES  = total average residual at station)
 (RES1 = average residual of rays from 1st quadrant)
 (RES2 = average residual of rays from 2nd quadrant)
 (RES3 = average residual of rays from 3rd quadrant)
 (RES4 = average residual of rays from 4th quadrant)

 Stn#  Stn     RES          RES1         RES2         RES3         RES4
   1   624    -0.05(  74)   0.02(  33)   0.03(   5)  -0.09(  29)  -0.24(   7)
   2   628    -0.13(  69)  -0.21(  32)  -0.05(   5)  -0.13(  25)   0.17(   7)
   3   630    -0.06(  53)  -0.11(  24)   0.07(  11)  -0.15(  10)   0.02(   8)
   4   627    -0.03(  46)  -0.08(  12)   0.00(   0)  -0.08(  22)   0.12(  12)
   5   621     0.02(  59)   0.05(   7)   0.00(   0)   0.04(  18)   0.00(  34)
   6   629    -0.03(  43)   0.03(  15)   0.00(   0)  -0.24(   8)   0.01(  20)
   7   622    -0.01(  58)  -0.03(  27)   0.00(   0)   0.00(  20)   0.04(  11)
   8   620    -0.01(  48)  -0.01(   1)   0.00(   0)   0.06(  18)  -0.06(  29)
   9   623     0.03(  55)  -0.02(  30)   0.00(   0)   0.15(  17)  -0.05(   8)
  10   626    -0.02(  52)  -0.10(  24)   0.00(   0)  -0.25(   5)   0.10(  23)
  11   625    -0.01(  49)   0.05(  15)   0.00(   0)  -0.11(  23)   0.14(  11)
  12   631     0.17(  49)   0.18(  18)  -0.13(   1)   0.56(   4)   0.11(  26)
  13   632     0.06(  24)   0.24(  12)  -0.31(   2)  -0.15(   3)  -0.05(   7)



 CPU - statistics:

 TOTAL CPU-sec          =    0.4     (CPU-minutes:  0.007)

 >>>   End of program VELEST at 25-06-02 12:52       <<< [ CPU-sec :     0.4]
