 >>> Start of program VELEST at 25-06-02 12:55       <<<                        

 ::::::::::::::::::::::::::::::::::::::                                         
  V E L E S T  - Version : January 3, 1995                                      
  (Authors: see source code)                                                    
 ::::::::::::::::::::::::::::::::::::::                                         


 Title of this VELEST run:

 model_2
 -------


 Current array-dimensions of program VELEST:

 Max. number of EARTHQUAKES for simult. inversion IEQ = ***
 Max. number of SHOTS for simult. inversion    INSHOT =  50
 Max. number of (different) 1D-MODELS      ITOTMODELS =   2
 Max. number of LAYERS per one 1D-model        INLTOT = 100
 Max. number of STATIONS in stationlist           IST = 650
 Max. number of OBSERVATIONS per event MAXOBSPEREVENT = 180






    INPUT - P A R A M E T E R S :



***
***  olat       olon   icoordsystem      zshift   itrial ztrial    ised
  72.000000-126.000000      0            0.000       0     0.00      0
***
*** neqs   nshot    rotate
     91      0      0.0
***
*** isingle   iresolcalc
       0          0
***
*** dmax    itopo    zmin     veladj    zadj   lowveloclay
   300.00     0      0.01       0.20    5.00       0
***
*** nsp    swtfac   vpvs       nmod
     1      1.00    1.730        1
***
***   othet   xythet    zthet    vthet   stathet
       0.01     0.01     0.01     1.00     0.01
***
*** nsinv   nshcor   nshfix     iuseelev    iusestacorr
       1       0       0           1            1
***
*** iturbo    icnvout   istaout   ismpout
       1         1         1         0
***
*** irayout   idrvout   ialeout   idspout   irflout   irfrout   iresout
       0         0         0         0         0         0         0
***
*** delmin   ittmax   invertratio
    0.010       3          1
***
*** Modelfile:
tmp/model_2/synthvel/model_725.mod
***
*** Stationfile:
./velinp/station.sta
***
*** Seismofile:
 
***
*** File with region names:
 
***
*** File with region coordinates:
 
***
*** File #1 with topo data:
 
***
*** File #2 with topo data:
 
***
*** DATA INPUT files:
***
*** File with Earthquake data:
./velinp/data.cnv
***
*** File with Shot data:
 
***
*** OUTPUT files:
***
*** Main print output file:
./velout/model_2/velest725.out
***
*** File with single event locations:
velout.vel
***
*** File with final hypocenters in *.cnv format:
./velout/model_2/final_loc725.cnv
***
*** File with new station corrections:
./velout/model_2/stations_corr725.sta
***
*** File with summary cards (e.g. for plotting):
velout.smp
***
*** File with raypoints:
velout.ray
***
*** File with derivatives:
velout.drv
***
*** File with ALEs:
velout.ale
***
*** File with Dirichlet spreads:
velout.dspr
***
*** File with reflection points:
velout.rfl
***
*** File with refraction points:
velout.rfr
***
*** File with residuals:
velout.res
***




 Origin of cartesian coordinates:
        72.00000N   126.00000E

  X,Y-AXES rotated clockwise from North
           Rotation angle (rotate):
            rotate=    0.0 degr.

 icoordsystem =            0
 normal SHORT DISTANCE CONVERSION will be made
 x is positive towards west, y is positive towards north


 SHORT DISTANCE CONVERSION on ELLIPSOIDE of WORLD GEODETIC SYSTEM 1972 (WGS72)
 =============================================================================

 Radius at equator (REARTH)= 6378.13500  km
   1. / (ellipticity)      =    298.260

 Origin of cartesian coordinates [degrees]:
   72.0000000 N     -126.0000000 W

  Rotation angle (in degr.) clockwise from
North  rotate=    0.0

 Radius of sphere at OLAT =   6358.817 km

 Conversion of GEOGRAPHICAL LATITUDE to GEOCENTRICAL LATITUDE:
 RLATC = TAN(GEOCENTR.LAT) / TAN(GEOGRAPH.LAT)
 RLATC =   0.99333486

          Short distance conversions:
          one min lat ~  1.8597 km 
          one min lon ~  0.5751 km 







    INPUT - M O D E L :



 Model(s) read from file :
 tmp/model_2/synthvel/model_725.mod                                              

 model file title: 
Model: model_725.mod                    
 Velocity structure for model   1 :

 layer    vel   depth   vdamp  reflector
   1      5.77  -5.00    1.00         P-VELOCITY MODEL                  
   2      5.86   1.76    1.00  
   3      5.99   3.58    1.00  
   4      6.16   5.56    1.00  
   5      6.24  14.63    1.00  
   6      6.34  15.53    1.00  
   7      6.86  25.64    1.00  
   8      6.99  33.85    1.00  
   9      7.42  33.90    1.00  
  10      8.06  42.85    1.00  

 Calculation of average velocity starts at layer #            1
 z = -5.00 ...  1.76    v = 5.77    AVEL = 5.77 downto z =   1.76
 z =  1.76 ...  3.58    v = 5.86    AVEL = 5.79 downto z =   3.58
 z =  3.58 ...  5.56    v = 5.99    AVEL = 5.83 downto z =   5.56
 z =  5.56 ... 14.63    v = 6.16    AVEL = 5.98 downto z =  14.63
 z = 14.63 ... 15.53    v = 6.24    AVEL = 5.99 downto z =  15.53
 z = 15.53 ... 25.64    v = 6.34    AVEL = 6.11 downto z =  25.64
 z = 25.64 ... 33.85    v = 6.86    AVEL = 6.27 downto z =  33.85
 z = 33.85 ... 33.90    v = 6.99    AVEL = 6.27 downto z =  33.90
 z = 33.90 ... 42.85    v = 7.42    AVEL = 6.48 downto z =  42.85


 Calculation of average velocity starts at layer #            2
 z =  1.76 ...  3.58    v = 5.86    AVEL = 5.86 downto z =   3.58
 z =  3.58 ...  5.56    v = 5.99    AVEL = 5.93 downto z =   5.56
 z =  5.56 ... 14.63    v = 6.16    AVEL = 6.09 downto z =  14.63
 z = 14.63 ... 15.53    v = 6.24    AVEL = 6.10 downto z =  15.53
 z = 15.53 ... 25.64    v = 6.34    AVEL = 6.20 downto z =  25.64
 z = 25.64 ... 33.85    v = 6.86    AVEL = 6.37 downto z =  33.85
 z = 33.85 ... 33.90    v = 6.99    AVEL = 6.37 downto z =  33.90
 z = 33.90 ... 42.85    v = 7.42    AVEL = 6.60 downto z =  42.85






    INPUT - S T A T I O N S :



 Station-parameters read from file :
 ./velinp/station.sta                                                            


     stn latitude longitude elev   x      y      z     ptcor stcor model icc
   1 624 72.4760N126.2750E     0  -9.37  53.11  -0.00   0.00  0.00   1  13
   2 628 72.4000N127.1470E     0 -39.15  44.63  -0.00   0.00  0.00   1  12
   3 630 72.0750N128.3250E     0 -80.06   8.37  -0.00   0.00  0.00   1  11
   4 627 72.1170N126.9820E     0 -33.78  13.06  -0.00   0.00  0.00   1  10
   5 621 72.1840N124.8890E     0  38.14  20.53  -0.00   0.00  0.00   1   9
   6 629 71.9290N127.3130E     0 -45.39  -7.92  -0.00   0.00  0.00   1   8
   7 622 72.4420N125.3130E     0  23.42  49.32  -0.00   0.00  0.00   1   7
   8 620 72.6540N124.3470E     0  56.03  72.98  -0.00   0.00  0.00   1   6
   9 623 72.3260N125.7600E     0   8.21  36.38  -0.00   0.00  0.00   1   5
  10 626 71.8880N126.0360E     0  -1.25 -12.50  -0.00   0.00  0.00   1   4
  11 625 72.1740N126.1070E     0  -3.67  19.42  -0.00   0.00  0.00   1   3
  12 631 71.3990N127.2470E     0 -43.72 -67.06  -0.00   0.00  0.00   1   2
  13 632 71.5740N129.0728E     0-107.23 -47.53  -0.00   0.00  0.00   1   1

 NO Seismo-parameter-file specified
 --> NO magnitudes calculated!




   neqs=   91  nshot=    0  nltot=   10

 ~~~ input parameters read.
 ~~~ set units for first iteration ...
 ~~~ determine number of unknowns ...

 Number of unknowns (for array-indexing):  nvar =  386
 Number of effective unknowns        :  nvareff =  374
 Number of elements on/below main diagonal of matrix G = At*A : kvar =   74691

 ~~~ reset G and RHT ...
 ~~~ input data, raytracing, setup G ...






    I N P U T - D A T A  

  eq    origin-time    latitude longitude depth    x      y      z    mag ifxOBS
   1 160818 1613  9.10 73.0030N 124.8500E  23.10  38.61 111.92  23.10 1.40 0   6
   2 160818 1613  9.30 72.9910N 124.8700E  22.80  37.95 110.58  22.80 1.10 0   6
   3 160819 0959 27.30 71.9230N 129.7600E  12.10-130.00  -8.59  12.10 4.00 0  12
   4 160820 1506 15.70 71.9380N 129.7900E  11.00-130.98  -6.92  11.00 1.50 0   9
   5 160820 1904 45.70 72.3480N 127.1800E  23.80 -40.33  38.83  23.80 1.20 0   6
   6 160822 1318 49.50 72.3650N 127.0800E  16.50 -36.90  40.73  16.50 0.60 0   8
   7 160823 0652 14.00 70.9330N 129.8100E   6.40-135.21-119.06   6.40 2.90 0   6
   8 160824 1510 30.40 71.6070N 130.0400E   8.60-140.86 -43.85   8.60 1.50 0   9
   9 160906 1514 39.70 72.5080N 125.6800E  12.10  10.89  56.68  12.10 0.90 0   6
 WARNING:
 epicentral distance: 303.3 > dmax ( 300.0) ==> skipping phase !
 WARNING:
 epicentral distance: 338.2 > dmax ( 300.0) ==> skipping phase !
  10 160920 1607 18.30 69.2370N 128.3500E  16.20 -87.07-308.31  16.20 2.60 0   2
 WARNING:
 epicentral distance: 318.5 > dmax ( 300.0) ==> skipping phase !
 WARNING:
 epicentral distance: 355.0 > dmax ( 300.0) ==> skipping phase !
  11 160925 1911  5.60 69.2250N 127.6800E  15.60 -62.26-309.64  15.60 2.30 0   2
  12 161004 0841 51.20 72.8480N 124.9600E  15.60  35.07  94.62  15.60 0.20 0   6
  13 161005 1619 46.90 72.8770N 125.0100E  19.00  33.35  97.86  19.00 1.00 0   9
  14 161006 0156 55.90 72.8740N 125.0100E  13.90  33.36  97.52  13.90 1.00 0   7
  15 161009 0036 44.70 72.8720N 124.9900E  17.20  34.03  97.30  17.20 1.30 0   8
  16 161009 0036 44.90 72.8580N 124.9600E  18.60  35.06  95.74  18.60 1.20 0   7
  17 161012 0800 22.10 72.7380N 126.0300E  18.50  -1.01  82.35  18.50 0.80 0   7
  18 161015 1013 36.50 72.0400N 126.9900E  11.20 -34.12   4.46  11.20 0.70 0   7
  19 161021 0507 33.30 72.5750N 124.7800E  10.10  41.44  64.16  10.10 0.80 0   6
  20 161124 2250 46.00 72.7630N 124.8800E  16.20  37.85  85.14  16.20 3.10 0   4
  21 161125 0156 34.10 72.7420N 124.9200E  14.50  36.52  82.80  14.50 0.60 0   7
  22 161125 0517 25.90 72.7650N 124.9400E  13.50  35.82  85.36  13.50 1.60 0   6
  23 161125 0525 15.90 72.7740N 124.9500E  11.60  35.48  86.37  11.60 0.80 0   6
  24 161125 0556  2.00 72.7350N 124.9700E   5.70  34.84  82.01   5.70 0.20 0   6
  25 170117 0846 48.60 72.2130N 127.3400E  22.00 -45.97  23.77  22.00 0.30 0   6
  26 170122 1614 27.60 71.9670N 128.0400E  10.30 -70.45  -3.68  10.30 0.90 0   6
  27 170125 2244  0.20 72.4440N 126.0200E  13.10  -0.68  49.54  13.10 0.80 0   6
  28 170302 1359 59.10 72.6830N 124.8900E  11.50  37.60  76.21  11.50 0.50 0   7
  29 170302 2335 20.20 71.8850N 130.3000E  14.80-148.82 -12.83  14.80 2.10 0   9
  30 170304 2135  2.90 72.6880N 124.9400E  13.40  35.90  76.77  13.40 1.30 0   7
  31 170307 0447 21.00 72.6940N 124.9200E  14.20  36.57  77.44  14.20 1.70 0  10
  32 170307 2016 50.80 72.6910N 124.9100E  15.30  36.91  77.10  15.30 1.10 0   6
  33 170309 1454  0.80 72.6830N 124.9000E  15.60  37.26  76.21  15.60 0.30 0   6
  34 170311 0430 55.40 72.3130N 126.5000E  24.50 -17.11  34.93  24.50 0.30 0   6
  35 170312 0416 39.20 71.9240N 128.0800E   3.40 -71.91  -8.48   3.40 2.10 0   6
  36 170313 0553 59.10 72.6980N 124.9200E  15.10  36.57  77.89  15.10 1.00 0   9
  37 170313 0809  5.60 72.4500N 125.0800E  14.90  31.36  50.21  14.90 1.20 0   7
  38 170315 0234 46.50 72.6540N 123.8400E  16.90  73.22  72.98  16.90 1.40 0   7
  39 170317 1007 14.10 72.2350N 125.9800E   3.90   0.69  26.22   3.90 0.50 0   7
  40 170320 0711 14.60 72.1250N 127.2200E  16.80 -41.95  13.95  16.80 0.90 0   6
  41 170320 0853 56.40 72.7090N 124.9700E   5.10  34.86  79.11   5.10 0.40 0   6
  42 170320 1900 34.30 72.4150N 126.1200E  18.00  -4.09  46.31  18.00 0.60 0   7
  43 170323 0519 24.60 71.6470N 129.1800E   5.20-110.76 -39.39   5.20 1.20 0   6
  44 170323 1612 49.70 72.4530N 125.1100E   8.30  30.33  50.55   8.30 0.50 0   6
  45 170323 1906 41.20 72.4070N 130.2500E  18.30-145.04  45.41  18.30 1.00 0   6
  46 170326 0836 34.10 71.9930N 127.6700E  16.10 -57.63  -0.78  16.10 1.50 0   7
  47 170402 0422  1.00 72.7220N 125.6900E  21.90  10.49  80.56  21.90 1.20 0  10
  48 170402 0636 37.20 72.7310N 125.6900E  23.50  10.49  81.57  23.50 0.70 0   6
  49 170404 2347 35.70 72.7580N 124.3800E  22.60  54.76  84.58  22.60 0.50 0   6
  50 170405 0307 36.10 71.6810N 128.9500E  15.30-102.66 -35.60  15.30 1.00 0  10
  51 170405 1410 53.20 71.5100N 128.9000E   9.30-101.37 -54.68   9.30 1.70 0  10
  52 170406 0838 43.20 72.3850N 129.3800E  15.50-115.42  42.96  15.50 0.90 0  10
  53 170406 1728  1.00 72.7230N 125.6900E  21.30  10.49  80.67  21.30 0.90 0  10
 WARNING:
 epicentral distance: 325.9 > dmax ( 300.0) ==> skipping phase !
 WARNING:
 epicentral distance: 332.9 > dmax ( 300.0) ==> skipping phase !
 WARNING:
 epicentral distance: 345.3 > dmax ( 300.0) ==> skipping phase !
 WARNING:
 epicentral distance: 391.9 > dmax ( 300.0) ==> skipping phase !
  54 170407 1729  3.40 74.8930N 128.6300E  15.60 -83.67 322.81  15.60 1.80 0   2
 WARNING:
 epicentral distance: 311.3 > dmax ( 300.0) ==> skipping phase !
 WARNING:
 epicentral distance: 315.4 > dmax ( 300.0) ==> skipping phase !
 WARNING:
 epicentral distance: 328.9 > dmax ( 300.0) ==> skipping phase !
 WARNING:
 epicentral distance: 374.2 > dmax ( 300.0) ==> skipping phase !
  55 170407 1729  3.50 74.7270N 128.8100E   0.40 -89.83 304.29   0.40 1.60 0   5
  56 170408 1004 44.90 72.6070N 124.9400E  15.00  35.98  67.73  15.00 1.40 0  13
  57 170409 0856 47.20 73.3850N 128.5500E  15.60 -84.71 154.54  15.60 2.50 0   6
  58 170409 0902 45.60 73.3500N 128.4400E  15.10 -81.13 150.64  15.10 1.10 0   7
  59 170410 1520  8.50 72.0030N 128.3900E   2.70 -82.46   0.33   2.70 1.00 0  10
  60 170410 1813  3.60 70.9360N 129.1200E   3.70-110.72-118.73   3.70 2.20 0  13
  61 170412 1507  0.60 71.5070N 129.7200E   0.00-130.05 -55.01   0.00 0.70 0   6
  62 170413 0651 20.10 73.3680N 125.4200E  15.60  19.28 152.65  15.60 1.00 0  10
  63 170414 0459 18.80 72.2680N 127.3800E  20.10 -47.27  29.90  20.10 0.50 0   7
  64 170414 0540  4.80 73.6400N 130.9700E   8.00-163.92 183.00   8.00 1.80 0  11
  65 170414 1656 23.40 72.1850N 127.4000E  15.50 -48.06  20.64  15.50 0.20 0   6
  66 170414 1753 32.80 72.3840N 130.4600E  17.90-152.30  42.85  17.90 0.70 0   6
  67 170416 0523 41.90 71.9560N 127.0800E  19.20 -37.31  -4.91  19.20 1.60 0  13
  68 170416 1220 14.20 72.9470N 124.4900E  20.40  50.77 105.67  20.40 1.00 0  11
 WARNING:
 epicentral distance: 320.3 > dmax ( 300.0) ==> skipping phase !
 WARNING:
 epicentral distance: 381.0 > dmax ( 300.0) ==> skipping phase !
 WARNING:
 epicentral distance: 398.8 > dmax ( 300.0) ==> skipping phase !
 WARNING:
 epicentral distance: 405.0 > dmax ( 300.0) ==> skipping phase !
 WARNING:
 epicentral distance: 424.8 > dmax ( 300.0) ==> skipping phase !
 WARNING:
 epicentral distance: 431.2 > dmax ( 300.0) ==> skipping phase !
 WARNING:
 epicentral distance: 445.5 > dmax ( 300.0) ==> skipping phase !
 WARNING:
 epicentral distance: 451.8 > dmax ( 300.0) ==> skipping phase !
 WARNING:
 epicentral distance: 464.3 > dmax ( 300.0) ==> skipping phase !
  69 170416 1257 48.30 68.8710N 131.7500E  73.50-214.97-349.14  73.50 2.20 0   0
  70 170416 1821  5.50 72.8670N 125.0000E  19.30  33.70  96.74  19.30 1.30 0  13
  71 170418 0606  4.10 72.5080N 125.8200E   1.30   6.13  56.68   1.30 0.20 0   6
 WARNING:
 epicentral distance: 315.2 > dmax ( 300.0) ==> skipping phase !
 WARNING:
 epicentral distance: 332.1 > dmax ( 300.0) ==> skipping phase !
 WARNING:
 epicentral distance: 345.3 > dmax ( 300.0) ==> skipping phase !
 WARNING:
 epicentral distance: 352.6 > dmax ( 300.0) ==> skipping phase !
 WARNING:
 epicentral distance: 346.7 > dmax ( 300.0) ==> skipping phase !
 WARNING:
 epicentral distance: 356.6 > dmax ( 300.0) ==> skipping phase !
 WARNING:
 epicentral distance: 363.9 > dmax ( 300.0) ==> skipping phase !
 WARNING:
 epicentral distance: 372.8 > dmax ( 300.0) ==> skipping phase !
 WARNING:
 epicentral distance: 378.6 > dmax ( 300.0) ==> skipping phase !
 WARNING:
 epicentral distance: 378.6 > dmax ( 300.0) ==> skipping phase !
  72 170418 1005 56.80 69.3310N 122.4100E  97.00 132.70-297.82  97.00 2.20 0   1
  73 170418 1500 12.90 72.7340N 124.5100E  23.10  50.40  81.90  23.10 1.30 0  12
  74 170420 1302 36.20 72.6290N 129.0200E  21.80-102.44  70.19  21.80 0.90 0  11
  75 170420 2248 46.70 72.0220N 129.1200E   0.00-107.59   2.46   0.00 0.70 0  11
 WARNING:
 epicentral distance: 313.1 > dmax ( 300.0) ==> skipping phase !
 WARNING:
 epicentral distance: 324.4 > dmax ( 300.0) ==> skipping phase !
 WARNING:
 epicentral distance: 324.2 > dmax ( 300.0) ==> skipping phase !
 WARNING:
 epicentral distance: 342.4 > dmax ( 300.0) ==> skipping phase !
 WARNING:
 epicentral distance: 349.0 > dmax ( 300.0) ==> skipping phase !
 WARNING:
 epicentral distance: 380.2 > dmax ( 300.0) ==> skipping phase !
 WARNING:
 epicentral distance: 381.6 > dmax ( 300.0) ==> skipping phase !
 WARNING:
 epicentral distance: 408.0 > dmax ( 300.0) ==> skipping phase !
  76 170423 0850 54.60 74.7080N 132.7900E   0.10-217.19 302.17   0.10 1.90 0   0
  77 170423 1455 44.10 72.8400N 124.4900E  16.80  50.92  93.73  16.80 0.60 0   8
  78 170423 2313 41.80 72.5960N 124.8700E  22.00  38.36  66.50  22.00 1.30 0  12
  79 170424 0609 58.60 71.9600N 128.0200E   0.10 -69.77  -4.46   0.10 1.10 0  12
  80 170424 0755 26.70 71.9480N 128.0300E   0.00 -70.14  -5.80   0.00 1.00 0  12
  81 170424 0755 26.90 71.9590N 128.0300E   0.00 -70.12  -4.57   0.00 1.00 0  12
  82 170425 0652 23.30 71.9600N 128.0300E   0.00 -70.12  -4.46   0.00 1.20 0   9
  83 170426 0051 23.20 71.9450N 128.0600E   6.60 -71.18  -6.14   6.60 0.70 0   6
  84 170426 1425 21.20 72.0790N 127.2600E  21.00 -43.38   8.82  21.00 0.10 0   6
  85 170426 1834 24.60 71.5840N 130.8000E  10.90-167.46 -46.42  10.90 1.20 0   8
  86 170426 1840 44.10 72.2710N 126.3600E  18.10 -12.33  30.24  18.10 1.30 0   8
  87 170427 0912 28.80 72.0640N 127.7900E   2.60 -61.65   7.14   2.60 0.90 0   8
  88 170427 1041 38.10 71.7480N 128.9900E   8.40-103.86 -28.12   8.40 0.70 0   7
  89 170427 2010 47.80 72.8010N 130.2000E  20.20-141.80  89.38  20.20 1.30 0   8
  90 170427 2010 48.30 72.7890N 130.1400E  20.10-139.82  88.04  20.10 1.30 0   8
  91 170427 2342 34.10 72.7630N 125.0100E  19.50  33.46  85.14  19.50 0.80 0   6

 readings for station 624  :  74
 readings for station 628  :  69
 readings for station 630  :  53
 readings for station 627  :  46
 readings for station 621  :  59
 readings for station 629  :  43
 readings for station 622  :  58
 readings for station 620  :  48
 readings for station 623  :  55
 readings for station 626  :  52
 readings for station 625  :  49
 readings for station 631  :  49
 readings for station 632  :  24

 Total number of stations with readings:  13

 Total number of readings:     679
 Total number of P readings:       0
 Total number of S readings:       0


 ~~~ store parts of G ...
 ~~~ compute RMS and DATVAR ...

 Total number of observations is:   679


 $$$$$$$$$$$$$$$$$$$$$$$$$$$$$$$$$$$$$$$$$$$$$$$$$
 Events with  | AVRES | > 1.0 SEC are suspicious !

 ZERO events of this kind found! (lucky guy!!!)

 ~~~ save initial datvar ...

 Iteration nr  0 obtained:
 DATVAR=    0.296472 mean sqrd residual=     0.133172  RMS RESIDUAL=     0.364928

 After  0 iterations we got:
 Average absolute & unweighted [and mean] residual of
   397 straight and direct rays =  0.15485 [  0.07013]
   282 refracted           rays =  0.37416 [  0.17862]
     0 reflected           rays =  0.00000 [  0.00000]

   679 ALL                 RAYS =  0.24593 [  0.11519]        0.00 %




--------------------------------------------------------------------------------



           ITERATION no  1

 ~~~ set units for this iteration ...
 ~~~ determine number of unknowns for this iter. ...

 Number of unknowns (for array-indexing):  nvar =  386
 Number of effective unknowns        :  nvareff =  387
 Number of elements on/below main diagonal of matrix G = At*A : kvar =   74691

 Damping factors to be used in this iteration:
   Othet=   0.010   XYthet  =   0.010   Zthet=  0.010
 STAthet=   0.010   Vthet   =   1.000

 ~~~ damp G ...
 ~~~ solve G * b = RHT ...
 ~~~ fix units ...
 ~~~ apply eventually step-length damping ...
 ~~~ adjust model (hypocenters, stacorr & veloc.) ...

 doing velocity adjustments now...
 WARNING: Tried to introduce a low-velocity-layer! (Layer  2)
 Setting DVP from  0.01 to 0.0 and VP to vp(layer_above)+0.001

 doing station-correction adjustments...

 ~~~ compute effective step-length ...

 (Applied) Step length =   6.465

 ~~~ set units for next iteration ...
 ~~~ determine number of unknowns for next iter. ...

 Number of unknowns (for array-indexing):  nvar =  386
 Number of effective unknowns        :  nvareff =  387
 Number of elements on/below main diagonal of matrix G = At*A : kvar =   74691

 ~~~ reset G and RHT ...
 ~~~ raytracing, setup G ...
 ~~~ store parts of G ...
 ~~~ set units back for current iteration ...
 ~~~ determine number of unknowns for this iter. ...

 Number of unknowns (for array-indexing):  nvar =  386
 Number of effective unknowns        :  nvareff =  387
 Number of elements on/below main diagonal of matrix G = At*A : kvar =   74691

 ~~~ compute RMS and DATVAR ...

 $$$$$$$$$$$$$$$$$$$$$$$$$$$$$$$$$$$$$$$$$$$$$$$$$
 Events with  | AVRES | > 1.0 SEC are suspicious !

 ZERO events of this kind found! (lucky guy!!!)

 ~~~ check solution (better? worse?) ...

 Iteration nr  1 obtained:
 DATVAR=    0.210945 mean sqrd residual=     0.090716  RMS RESIDUAL=     0.301191

 After  1 iterations we got:
 Average absolute & unweighted [and mean] residual of
   396 straight and direct rays =  0.12012 [  0.04817]
   283 refracted           rays =  0.30443 [  0.14630]
     0 reflected           rays =  0.00000 [  0.00000]

   679 ALL                 RAYS =  0.19694 [  0.08907]      -19.92 %

 ~~~ iteration done; output results ...

  eq       ot     x      y      z      rms    avres   dot     dx     dy     dz
    1      9.07  38.52 111.96  23.45   0.12   0.07   -0.031 -0.086  0.039  0.353
    2      9.26  37.94 110.67  23.13   0.13   0.07   -0.036 -0.009  0.090  0.330
    3     27.21-130.30  -8.11  12.70   0.29   0.10   -0.089 -0.299  0.478  0.596
    4     15.61-131.16  -6.50  10.66   0.31   0.05   -0.091 -0.175  0.421 -0.344
    5     45.68 -40.19  38.54  23.63   0.06   0.02   -0.015  0.146 -0.292 -0.170
    6     49.47 -36.55  40.60  17.05   0.09   0.03   -0.026  0.346 -0.130  0.555
    7     13.85-134.79-119.40   6.39   0.28   0.17   -0.151  0.422 -0.336 -0.010
    8     30.33-140.79 -43.18   8.58   0.27   0.14   -0.066  0.067  0.673 -0.015
    9     39.67  10.78  56.39  11.93   0.07  -0.01   -0.031 -0.115 -0.290 -0.168
   10     18.21 -87.85-308.26  16.21   1.07   0.62   -0.087 -0.787  0.050  0.009
   11      5.37 -63.25-309.66  15.62   1.32   0.39   -0.228 -0.987 -0.018  0.022
   12     51.20  34.91  94.47  15.88   0.21   0.06    0.002 -0.158 -0.158  0.278
   13     46.86  33.47  97.98  19.54   0.20   0.04   -0.040  0.120  0.117  0.542
   14     55.79  33.35  97.54  14.77   0.09   0.03   -0.107 -0.008  0.019  0.870
   15     44.66  33.99  97.39  17.88   0.28   0.06   -0.042 -0.045  0.089  0.681
   16     44.82  34.90  96.15  19.12   0.34   0.08   -0.084 -0.161  0.412  0.524
   17     22.05  -0.96  82.41  18.68   0.10   0.05   -0.049  0.051  0.059  0.175
   18     36.46 -33.76   4.60  11.44   0.16   0.01   -0.040  0.358  0.140  0.240
   19     33.32  41.22  63.97  10.04   0.14   0.04    0.019 -0.224 -0.190 -0.062
   20     45.93  37.73  85.16  16.11   0.13  -0.04   -0.066 -0.127  0.021 -0.094
   21     34.08  36.41  82.69  14.09   0.23   0.00   -0.019 -0.111 -0.107 -0.410
   22     25.87  35.47  85.34  13.49   0.20   0.01   -0.033 -0.351 -0.024 -0.014
   23     15.89  35.17  86.15  11.53   0.28   0.02   -0.010 -0.307 -0.211 -0.071
   24      1.95  34.82  82.48   5.69   0.43   0.10   -0.049 -0.020  0.462 -0.011
   25     48.66 -45.75  23.31  22.38   0.10   0.13    0.058  0.216 -0.457  0.379
   26     27.59 -70.07  -4.09  10.40   0.05   0.05   -0.008  0.379 -0.411  0.100
   27      0.17  -0.48  49.09  13.34   0.03   0.03   -0.028  0.206 -0.453  0.244
   28     59.09  37.69  76.22  11.39   0.19   0.11   -0.013  0.096  0.011 -0.108
   29     20.13-148.94 -12.60  14.97   0.20   0.07   -0.065 -0.119  0.227  0.168
   30      2.92  35.91  76.56  13.05   0.27   0.10    0.023  0.011 -0.205 -0.350
   31     20.97  36.10  77.35  14.11   0.16   0.00   -0.032 -0.470 -0.088 -0.093
   32     50.79  36.72  76.85  15.13   0.12   0.01   -0.009 -0.188 -0.250 -0.174
   33      0.81  37.23  75.94  15.72   0.06   0.02    0.013 -0.026 -0.272  0.121
   34     55.43 -16.70  34.81  24.58   0.05   0.08    0.026  0.409 -0.115  0.075
   35     39.31 -71.35  -8.54   3.69   0.20   0.12    0.112  0.567 -0.063  0.288
   36     59.11  36.47  77.66  15.10   0.16   0.06    0.009 -0.091 -0.227  0.000
   37      5.59  31.19  49.94  14.54   0.09   0.02   -0.008 -0.171 -0.277 -0.361
   38     46.47  73.03  72.97  17.09   0.20   0.04   -0.032 -0.189 -0.008  0.192
   39     14.07   0.71  25.96   3.68   0.10  -0.04   -0.033  0.020 -0.261 -0.219
   40     14.55 -41.93  13.85  16.61   0.13   0.02   -0.050  0.024 -0.094 -0.190
   41     56.43  34.77  78.64   5.20   0.10   0.04    0.034 -0.094 -0.474  0.104
   42     34.32  -3.78  46.20  17.88   0.08   0.06    0.016  0.314 -0.108 -0.123
   43     24.64-110.27 -39.44   5.76   0.28   0.06    0.042  0.488 -0.047  0.558
   44     49.69  30.22  50.26   8.08   0.07  -0.02   -0.007 -0.119 -0.291 -0.223
   45     41.18-145.09  45.77  19.09   0.13   0.09   -0.018 -0.057  0.357  0.793
   46     34.09 -57.37  -1.08  16.25   0.08   0.07   -0.012  0.264 -0.293  0.150
   47      1.05  10.70  80.30  21.82   0.24   0.14    0.054  0.208 -0.265 -0.077
   48     37.26  10.77  81.48  23.50   0.08   0.10    0.059  0.283 -0.084 -0.000
   49     35.70  54.39  84.48  22.46   0.10   0.03    0.002 -0.373 -0.105 -0.136
   50     36.08-102.18 -35.75  15.02   0.13   0.03   -0.019  0.475 -0.157 -0.277
   51     53.13-100.90 -54.46   8.61   0.29   0.08   -0.070  0.475  0.211 -0.695
   52     43.15-115.46  43.64  14.84   0.29   0.12   -0.054 -0.045  0.676 -0.659
   53      1.05  10.68  80.60  21.37   0.21   0.16    0.045  0.187 -0.079  0.070
   54      2.54 -83.73 322.68  15.68   0.34  -0.50   -0.862 -0.053 -0.130  0.084
   55      2.85 -89.66 304.25   0.48   0.20  -0.27   -0.648  0.174 -0.035  0.078
   56     44.89  35.81  67.32  14.68   0.24   0.03   -0.015 -0.170 -0.412 -0.321
   57     47.05 -84.49 155.20  15.94   0.42   0.21   -0.146  0.223  0.655  0.341
   58     45.52 -80.59 151.31  15.41   0.41   0.22   -0.081  0.546  0.670  0.307
   59      8.56 -82.34   0.48   2.92   0.54   0.17    0.061  0.121  0.144  0.218
   60      3.55-109.88-118.19   2.59   0.60   0.21   -0.048  0.840  0.537 -1.113
   61      0.60-130.34 -54.80   0.39   0.47   0.16    0.004 -0.291  0.206  0.278
   62     20.11  19.62 152.20  15.03   0.51   0.11    0.006  0.346 -0.448 -0.569
   63     18.80 -47.04  29.57  20.56   0.05   0.07   -0.001  0.234 -0.338  0.455
   64      4.63-162.27 184.94   8.02   0.63   0.39   -0.174  1.651  1.945  0.018
   65     23.41 -47.69  20.25  15.73   0.07   0.05    0.014  0.374 -0.388  0.235
   66     32.80-152.43  43.51  18.70   0.29   0.09    0.001 -0.133  0.666  0.797
   67     41.93 -36.96  -5.37  18.63   0.10   0.10    0.032  0.346 -0.462 -0.573
   68     14.06  51.04 106.58  20.94   0.25   0.09   -0.139  0.269  0.907  0.542
   69     48.30-214.97-349.14  73.50   0.00   0.00    0.000  0.000  0.000  0.000
   70      5.47  33.85  96.76  19.55   0.26   0.11   -0.033  0.145  0.021  0.247
   71      4.20   6.21  56.45   0.36   0.57   0.07    0.097  0.083 -0.238 -0.944
   72     55.97 132.64-297.74  96.98   0.00   0.02   -0.826 -0.061  0.079 -0.023
   73     12.88  50.84  81.69  23.33   0.17   0.09   -0.018  0.442 -0.217  0.232
   74     36.17-102.36  70.40  22.32   0.22   0.03   -0.026  0.079  0.219  0.523
 ***** depth constrained for event    75
   75     46.70-108.31   3.53   0.11   0.98   0.31   -0.000 -0.725  1.075 -0.100
   76     54.60-217.19 302.17   0.10   0.00   0.00    0.000  0.000  0.000  0.000
   77     44.09  50.93  93.72  16.84   0.13   0.06   -0.012  0.006 -0.008  0.039
   78     41.81  38.44  66.02  21.80   0.14   0.02    0.007  0.074 -0.485 -0.202
   79     58.68 -69.56  -4.71   0.09   0.44   0.20    0.079  0.214 -0.250 -0.010
   80     26.78 -70.11  -6.19   0.39   0.36   0.22    0.079  0.028 -0.391  0.277
 ***** depth constrained for event    81
   81     26.97 -69.99  -4.91   0.11   0.44   0.25    0.074  0.133 -0.336 -0.100
   82     23.34 -69.91  -4.73   0.06   0.35   0.13    0.043  0.204 -0.265 -0.050
   83     23.23 -70.75  -6.20   6.68   0.09   0.05    0.034  0.427 -0.067  0.078
   84     21.24 -42.98   8.26  20.99   0.04   0.09    0.038  0.404 -0.551 -0.007
   85     24.42-167.52 -46.49  10.55   0.30   0.09   -0.183 -0.053 -0.072 -0.352
   86     44.08 -12.11  29.81  18.20   0.05   0.04   -0.017  0.218 -0.427  0.103
   87     28.87 -61.46   6.56   3.05   0.09   0.12    0.069  0.194 -0.585  0.452
   88     38.07-103.32 -28.34   8.42   0.18   0.07   -0.026  0.539 -0.224  0.024
   89     47.78-142.09  89.61  21.25   0.27   0.12   -0.020 -0.292  0.234  1.049
   90     48.26-140.08  88.47  21.22   0.21   0.09   -0.045 -0.263  0.428  1.117
   91     33.99  33.94  85.20  20.12   0.21  -0.00   -0.110  0.478  0.062  0.615

 A V E R A G E   of ADJUSTMENTS :                    -0.045  0.077 -0.008  0.078
 A V E R A G E   of ABSOLUTE ADJUSTMENTS :            0.071  0.251  0.281  0.285


 Step length damping of 0.39290 was applied.


 Velocity adjustments:
     vp    dvp      hp   reflector
 Velocity model   1
   5.885  0.115   -5.000      
   5.886  0.000    1.760      
   6.082  0.092    3.580      
   6.089 -0.071    5.560      
   6.173 -0.067   14.630      
   6.335 -0.005   15.530      
   6.885  0.025   25.640      
   6.990  0.000   33.850      
   7.413 -0.007   33.900      
   7.860 -0.200   42.850      

 Calculation of average velocity starts at layer #           1
 z = -5.00 ...  1.76    v = 5.88    AVEL = 5.88 downto z =   1.76
 z =  1.76 ...  3.58    v = 5.89    AVEL = 5.89 downto z =   3.58
 z =  3.58 ...  5.56    v = 6.08    AVEL = 5.92 downto z =   5.56
 z =  5.56 ... 14.63    v = 6.09    AVEL = 6.00 downto z =  14.63
 z = 14.63 ... 15.53    v = 6.17    AVEL = 6.01 downto z =  15.53
 z = 15.53 ... 25.64    v = 6.34    AVEL = 6.12 downto z =  25.64
 z = 25.64 ... 33.85    v = 6.88    AVEL = 6.28 downto z =  33.85
 z = 33.85 ... 33.90    v = 6.99    AVEL = 6.28 downto z =  33.90
 z = 33.90 ... 42.85    v = 7.41    AVEL = 6.49 downto z =  42.85


 Calculation of average velocity starts at layer #           2
 z =  1.76 ...  3.58    v = 5.89    AVEL = 5.89 downto z =   3.58
 z =  3.58 ...  5.56    v = 6.08    AVEL = 5.99 downto z =   5.56
 z =  5.56 ... 14.63    v = 6.09    AVEL = 6.06 downto z =  14.63
 z = 14.63 ... 15.53    v = 6.17    AVEL = 6.07 downto z =  15.53
 z = 15.53 ... 25.64    v = 6.34    AVEL = 6.18 downto z =  25.64
 z = 25.64 ... 33.85    v = 6.88    AVEL = 6.36 downto z =  33.85
 z = 33.85 ... 33.90    v = 6.99    AVEL = 6.36 downto z =  33.90
 z = 33.90 ... 42.85    v = 7.41    AVEL = 6.59 downto z =  42.85



 Adjusted station corrections:
   stn  ptcor  dpcor  
  624   0.000  0.000  628  -0.108 -0.108  630  -0.062 -0.062  627   0.032  0.032
  621   0.037  0.037  629   0.061  0.061  622   0.034  0.034  620  -0.021 -0.021
  623   0.104  0.104  626   0.067  0.067  625   0.052  0.052  631   0.131  0.131
  632  -0.050 -0.050

 ~~~ another iteration? ...



--------------------------------------------------------------------------------



           ITERATION no  2

 ~~~ set units for this iteration ...
 ~~~ determine number of unknowns for this iter. ...

 Number of unknowns (for array-indexing):  nvar =  386
 Number of effective unknowns        :  nvareff =  387
 Number of elements on/below main diagonal of matrix G = At*A : kvar =   74691

 Damping factors to be used in this iteration:
   Othet=   0.010   XYthet  =   0.010   Zthet=  0.010
 STAthet=   0.010   Vthet   =   1.000

 ~~~ damp G ...
 ~~~ solve G * b = RHT ...
 ~~~ fix units ...
 ~~~ apply eventually step-length damping ...
 ~~~ adjust model (hypocenters, stacorr & veloc.) ...

 doing velocity adjustments now...
 WARNING: Tried to introduce a low-velocity-layer! (Layer  2)
 Setting DVP from  0.04 to 0.0 and VP to vp(layer_above)+0.001

 doing station-correction adjustments...

 ~~~ compute effective step-length ...

 (Applied) Step length =   7.181

 ~~~ set units for next iteration ...
 ~~~ determine number of unknowns for next iter. ...

 Number of unknowns (for array-indexing):  nvar =  386
 Number of effective unknowns        :  nvareff =  387
 Number of elements on/below main diagonal of matrix G = At*A : kvar =   74691

 ~~~ reset G and RHT ...
 ~~~ raytracing, setup G ...
 ~~~ store parts of G ...
 ~~~ set units back for current iteration ...
 ~~~ determine number of unknowns for this iter. ...

 Number of unknowns (for array-indexing):  nvar =  386
 Number of effective unknowns        :  nvareff =  387
 Number of elements on/below main diagonal of matrix G = At*A : kvar =   74691

 ~~~ compute RMS and DATVAR ...

 $$$$$$$$$$$$$$$$$$$$$$$$$$$$$$$$$$$$$$$$$$$$$$$$$
 Events with  | AVRES | > 1.0 SEC are suspicious !

 ZERO events of this kind found! (lucky guy!!!)

 ~~~ check solution (better? worse?) ...

 Iteration nr  2 obtained:
 DATVAR=    0.154367 mean sqrd residual=     0.066385  RMS RESIDUAL=     0.257652

 After  2 iterations we got:
 Average absolute & unweighted [and mean] residual of
   417 straight and direct rays =  0.11536 [  0.03903]
   262 refracted           rays =  0.23985 [  0.08582]
     0 reflected           rays =  0.00000 [  0.00000]

   679 ALL                 RAYS =  0.16339 [  0.05708]      -17.03 %

 ~~~ iteration done; output results ...

  eq       ot     x      y      z      rms    avres   dot     dx     dy     dz
    1      9.05  38.26 111.96  23.44   0.12   0.04   -0.016 -0.267  0.008 -0.015
    2      9.21  37.90 110.77  23.52   0.12   0.05   -0.052 -0.045  0.104  0.391
    3     27.09-130.82  -7.53  12.78   0.27   0.06   -0.122 -0.519  0.581  0.086
    4     15.47-131.56  -6.10  10.55   0.27   0.03   -0.135 -0.400  0.401 -0.110
    5     45.67 -39.97  38.18  23.41   0.06   0.01   -0.014  0.215 -0.363 -0.216
    6     49.44 -36.23  40.48  17.60   0.10   0.02   -0.036  0.319 -0.120  0.543
    7     13.74-134.24-119.71   6.07   0.19   0.11   -0.112  0.549 -0.317 -0.321
    8     30.29-140.90 -42.69   8.64   0.24   0.08   -0.043 -0.109  0.491  0.058
    9     39.64  10.66  56.06  11.74   0.07  -0.00   -0.026 -0.114 -0.332 -0.194
   10     18.04 -89.01-308.17  16.22   0.99   0.30   -0.173 -1.156  0.084  0.016
   11      5.08 -64.69-309.69  15.65   1.25   0.19   -0.292 -1.442 -0.025  0.027
   12     51.20  34.72  94.27  16.27   0.19   0.03   -0.001 -0.186 -0.195  0.391
   13     46.80  33.57  98.14  20.22   0.15   0.03   -0.062  0.093  0.159  0.677
   14     55.76  33.36  97.29  15.12   0.04   0.02   -0.032  0.015 -0.257  0.347
   15     44.60  33.98  97.59  18.52   0.22   0.04   -0.055 -0.006  0.198  0.636
   16     44.72  34.59  96.78  19.34   0.26   0.04   -0.099 -0.304  0.627  0.215
   17     21.99  -0.97  82.43  19.04   0.07   0.03   -0.063 -0.011  0.020  0.366
   18     36.42 -33.40   4.72  11.64   0.15   0.02   -0.038  0.360  0.120  0.198
   19     33.33  41.00  63.75   9.96   0.12   0.03    0.013 -0.223 -0.224 -0.076
   20     45.87  37.58  85.17  15.99   0.06  -0.01   -0.067 -0.141  0.006 -0.115
   21     34.06  36.22  82.55  13.69   0.21   0.01   -0.017 -0.194 -0.135 -0.398
   22     25.84  35.11  85.28  13.49   0.16   0.01   -0.030 -0.361 -0.060  0.000
   23     15.89  34.85  85.90  11.38   0.23   0.02    0.000 -0.323 -0.258 -0.148
   24      1.88  34.76  83.03   5.57   0.36   0.06   -0.071 -0.059  0.557 -0.121
   25     48.68 -45.52  22.91  22.83   0.09   0.06    0.026  0.236 -0.401  0.448
   26     27.57 -69.74  -4.48  10.53   0.02   0.03   -0.021  0.325 -0.383  0.129
   27      0.13  -0.31  48.68  13.59   0.04   0.02   -0.037  0.170 -0.409  0.249
   28     59.06  37.77  76.22  11.48   0.13   0.06   -0.027  0.076 -0.002  0.090
   29     20.10-148.98 -12.32  15.30   0.15   0.04   -0.038 -0.037  0.288  0.332
   30      2.94  35.90  76.27  12.82   0.26   0.05    0.015 -0.012 -0.291 -0.226
   31     20.95  35.65  77.14  13.90   0.14   0.01   -0.013 -0.450 -0.210 -0.203
   32     50.79  36.50  76.56  14.96   0.09   0.01   -0.006 -0.228 -0.291 -0.165
   33      0.82  37.17  75.64  15.91   0.06   0.03    0.006 -0.059 -0.296  0.189
   34     55.43 -16.32  34.70  24.66   0.05   0.04    0.006  0.383 -0.107  0.086
   35     39.41 -70.48  -8.40   3.71   0.21   0.08    0.098  0.867  0.142  0.025
   36     59.11  36.41  77.36  15.30   0.13   0.04   -0.001 -0.068 -0.298  0.195
   37      5.59  31.01  49.66  14.12   0.08   0.01   -0.001 -0.183 -0.279 -0.416
   38     46.44  72.78  72.91  17.36   0.20   0.02   -0.026 -0.251 -0.060  0.271
   39     14.00   0.90  25.74   3.51   0.10   0.00   -0.063  0.196 -0.219 -0.173
   40     14.50 -41.84  13.78  16.42   0.13   0.01   -0.048  0.087 -0.077 -0.192
   41     56.44  34.69  78.18   5.41   0.12   0.04    0.009 -0.078 -0.455  0.211
   42     34.32  -3.52  46.06  17.74   0.06   0.03    0.004  0.264 -0.134 -0.134
   43     24.66-109.68 -39.48   6.17   0.26   0.05    0.015  0.592 -0.044  0.409
   44     49.68  30.09  49.94   7.86   0.06   0.00   -0.013 -0.121 -0.319 -0.216
   45     41.14-145.17  46.13  20.11   0.08   0.08   -0.042 -0.080  0.363  1.019
   46     34.06 -57.14  -1.34  16.46   0.06   0.04   -0.025  0.223 -0.262  0.208
   47      1.11  10.95  79.88  21.68   0.21   0.07    0.060  0.258 -0.414 -0.148
   48     37.30  10.99  81.35  23.49   0.03   0.05    0.044  0.222 -0.137 -0.011
   49     35.72  53.91  84.27  22.33   0.08   0.02    0.013 -0.480 -0.205 -0.131
   50     36.04-101.81 -35.88  14.90   0.09   0.03   -0.046  0.366 -0.126 -0.123
   51     53.08-100.45 -54.27   8.04   0.28   0.07   -0.048  0.444  0.195 -0.569
   52     43.04-115.84  44.32  14.81   0.25   0.06   -0.102 -0.374  0.680 -0.032
   53      1.10  10.90  80.37  21.34   0.18   0.08    0.050  0.229 -0.229 -0.026
   54      1.70 -83.81 322.54  15.76   0.29  -0.22   -0.841 -0.085 -0.141  0.079
   55      2.20 -89.45 304.23   0.55   0.12  -0.10   -0.652  0.213 -0.027  0.073
   56     44.88  35.64  66.83  14.29   0.22   0.02   -0.004 -0.167 -0.486 -0.385
   57     46.90 -84.91 155.63  16.13   0.33   0.11   -0.156 -0.424  0.434  0.186
   58     45.48 -80.07 151.91  15.74   0.29   0.10   -0.035  0.515  0.605  0.328
   59      8.59 -82.18   0.55   3.48   0.47   0.09    0.030  0.151  0.073  0.559
   60      3.54-108.90-117.15   0.93   0.50   0.16   -0.008  0.975  1.041 -1.658
   61      0.57-130.62 -54.53   0.65   0.43   0.11   -0.032 -0.280  0.275  0.261
   62     20.08  19.94 151.62  14.48   0.40   0.05   -0.021  0.318 -0.580 -0.554
   63     18.78 -46.80  29.27  21.04   0.03   0.04   -0.018  0.241 -0.294  0.483
   64      4.42-160.14 187.69   8.27   0.50   0.21   -0.203  2.132  2.751  0.253
   65     23.42 -47.34  19.92  15.98   0.06   0.03    0.004  0.348 -0.336  0.247
   66     32.76-152.67  44.22  18.98   0.27   0.04   -0.045 -0.239  0.703  0.282
   67     41.94 -36.66  -5.78  18.09   0.09   0.05    0.010  0.307 -0.407 -0.541
   68     13.96  51.40 107.13  21.27   0.20   0.05   -0.101  0.360  0.553  0.333
   69     48.30-214.97-349.14  73.50   0.00   0.00    0.000  0.000  0.000  0.000
   70      5.41  33.83  96.94  19.66   0.19   0.07   -0.053 -0.019  0.180  0.112
   71      4.31   6.31  56.10   0.28   0.58   0.03    0.118  0.105 -0.342 -0.076
   72     55.12 132.57-297.65  96.95   0.00  -0.01   -0.859 -0.065  0.084 -0.025
   73     12.90  50.90  81.38  23.29   0.17   0.05    0.015  0.061 -0.306 -0.041
   74     36.12-102.35  70.62  22.96   0.23   0.03   -0.051  0.013  0.216  0.636
 ***** depth constrained for event    75
   75     46.68-108.94   4.58   0.11   0.95   0.22   -0.019 -0.629  1.053 -0.100
   76     54.60-217.19 302.17   0.10   0.00   0.00    0.000  0.000  0.000  0.000
   77     44.05  50.91  93.77  17.07   0.09   0.03   -0.035 -0.024  0.047  0.233
   78     41.80  38.49  65.46  21.68   0.15   0.01   -0.002  0.056 -0.555 -0.114
   79     58.74 -69.34  -4.91   0.04   0.39   0.15    0.063  0.215 -0.200 -0.047
   80     26.83 -70.04  -6.52   0.63   0.31   0.15    0.055  0.068 -0.324  0.245
 ***** depth constrained for event    81
   81     27.03 -69.86  -5.19   0.11   0.38   0.18    0.059  0.124 -0.280 -0.100
 ***** depth constrained for event    82
   82     23.38 -69.73  -4.96   0.11   0.29   0.12    0.032  0.184 -0.231 -0.050
   83     23.25 -70.35  -6.25   6.75   0.06   0.04    0.019  0.408 -0.043  0.073
   84     21.25 -42.55   7.75  21.02   0.05   0.04    0.014  0.424 -0.512  0.031
   85     24.31-167.46 -46.46  10.07   0.20   0.06   -0.105  0.059  0.034 -0.474
   86     44.06 -11.91  29.43  18.28   0.06   0.02   -0.028  0.206 -0.384  0.082
   87     28.91 -61.26   6.17   3.70   0.07   0.06    0.041  0.199 -0.383  0.650
   88     38.08-102.77 -28.49   8.17   0.17   0.05    0.004  0.550 -0.143 -0.255
   89     47.74-142.74  89.75  22.63   0.26   0.10   -0.040 -0.647  0.134  1.383
   90     48.18-140.64  88.86  22.45   0.20   0.09   -0.076 -0.563  0.397  1.232
   91     33.91  34.22  85.23  20.19   0.18   0.00   -0.078  0.285  0.032  0.075

 A V E R A G E   of ADJUSTMENTS :                    -0.052  0.039 -0.003  0.074
 A V E R A G E   of ABSOLUTE ADJUSTMENTS :            0.070  0.290  0.303  0.270


 Step length damping of 0.54528 was applied.


 Velocity adjustments:
     vp    dvp      hp   reflector
 Velocity model   1
   5.957  0.072   -5.000      
   5.958  0.000    1.760      
   6.012 -0.070    3.580      
   6.039 -0.051    5.560      
   6.107 -0.065   14.630      
   6.321 -0.014   15.530      
   6.906  0.021   25.640      
   6.993  0.003   33.850      
   7.366 -0.047   33.900      
   7.660 -0.200   42.850      

 Calculation of average velocity starts at layer #           1
 z = -5.00 ...  1.76    v = 5.96    AVEL = 5.96 downto z =   1.76
 z =  1.76 ...  3.58    v = 5.96    AVEL = 5.96 downto z =   3.58
 z =  3.58 ...  5.56    v = 6.01    AVEL = 5.97 downto z =   5.56
 z =  5.56 ... 14.63    v = 6.04    AVEL = 6.00 downto z =  14.63
 z = 14.63 ... 15.53    v = 6.11    AVEL = 6.01 downto z =  15.53
 z = 15.53 ... 25.64    v = 6.32    AVEL = 6.11 downto z =  25.64
 z = 25.64 ... 33.85    v = 6.91    AVEL = 6.28 downto z =  33.85
 z = 33.85 ... 33.90    v = 6.99    AVEL = 6.28 downto z =  33.90
 z = 33.90 ... 42.85    v = 7.37    AVEL = 6.48 downto z =  42.85


 Calculation of average velocity starts at layer #           2
 z =  1.76 ...  3.58    v = 5.96    AVEL = 5.96 downto z =   3.58
 z =  3.58 ...  5.56    v = 6.01    AVEL = 5.99 downto z =   5.56
 z =  5.56 ... 14.63    v = 6.04    AVEL = 6.02 downto z =  14.63
 z = 14.63 ... 15.53    v = 6.11    AVEL = 6.03 downto z =  15.53
 z = 15.53 ... 25.64    v = 6.32    AVEL = 6.15 downto z =  25.64
 z = 25.64 ... 33.85    v = 6.91    AVEL = 6.35 downto z =  33.85
 z = 33.85 ... 33.90    v = 6.99    AVEL = 6.35 downto z =  33.90
 z = 33.90 ... 42.85    v = 7.37    AVEL = 6.57 downto z =  42.85



 Adjusted station corrections:
   stn  ptcor  dpcor  
  624   0.000  0.000  628  -0.190 -0.083  630  -0.119 -0.058  627   0.064  0.031
  621   0.072  0.035  629   0.107  0.046  622   0.059  0.025  620  -0.052 -0.031
  623   0.194  0.090  626   0.124  0.057  625   0.101  0.049  631   0.234  0.103
  632  -0.073 -0.022

 ~~~ another iteration? ...



--------------------------------------------------------------------------------



           ITERATION no  3

 ~~~ set units for this iteration ...
 ~~~ determine number of unknowns for this iter. ...

 Number of unknowns (for array-indexing):  nvar =  386
 Number of effective unknowns        :  nvareff =  387
 Number of elements on/below main diagonal of matrix G = At*A : kvar =   74691

 Damping factors to be used in this iteration:
   Othet=   0.010   XYthet  =   0.010   Zthet=  0.010
 STAthet=   0.010   Vthet   =   1.000

 ~~~ damp G ...
 ~~~ solve G * b = RHT ...
 ~~~ fix units ...
 ~~~ apply eventually step-length damping ...
 ~~~ adjust model (hypocenters, stacorr & veloc.) ...

 doing velocity adjustments now...
 WARNING: Tried to introduce a low-velocity-layer! (Layer  5)
 Setting DVP from -0.07 to 0.0 and VP to vp(layer_above)+0.001

 doing station-correction adjustments...

 ~~~ compute effective step-length ...

 (Applied) Step length =   7.379

 ~~~ set units for next iteration ...
 ~~~ determine number of unknowns for next iter. ...

 Number of unknowns (for array-indexing):  nvar =  386
 Number of effective unknowns        :  nvareff =  387
 Number of elements on/below main diagonal of matrix G = At*A : kvar =   74691

 ~~~ reset G and RHT ...
 ~~~ raytracing, setup G ...
 ~~~ store parts of G ...
 ~~~ set units back for current iteration ...
 ~~~ determine number of unknowns for this iter. ...

 Number of unknowns (for array-indexing):  nvar =  386
 Number of effective unknowns        :  nvareff =  387
 Number of elements on/below main diagonal of matrix G = At*A : kvar =   74691

 ~~~ compute RMS and DATVAR ...

 $$$$$$$$$$$$$$$$$$$$$$$$$$$$$$$$$$$$$$$$$$$$$$$$$
 Events with  | AVRES | > 1.0 SEC are suspicious !

 ZERO events of this kind found! (lucky guy!!!)

 ~~~ check solution (better? worse?) ...

 Iteration nr  3 obtained:
 DATVAR=    0.140244 mean sqrd residual=     0.060311  RMS RESIDUAL=     0.245583

 After  3 iterations we got:
 Average absolute & unweighted [and mean] residual of
   385 straight and direct rays =  0.08892 [  0.01786]
   294 refracted           rays =  0.23589 [  0.07663]
     0 reflected           rays =  0.00000 [  0.00000]

   679 ALL                 RAYS =  0.15256 [  0.04331]       -6.63 %

 ~~~ iteration done; output results ...

  eq       ot     x      y      z      rms    avres   dot     dx     dy     dz
    1      9.03  38.13 111.98  23.32   0.13   0.02   -0.024 -0.130  0.018 -0.113
    2      9.18  37.83 110.88  23.30   0.13   0.02   -0.029 -0.063  0.106 -0.216
    3     27.01-131.15  -6.90  12.45   0.27   0.03   -0.078 -0.329  0.633 -0.333
    4     15.35-132.11  -5.69  10.42   0.25   0.03   -0.125 -0.552  0.403 -0.124
    5     45.66 -39.72  37.91  23.35   0.07   0.01   -0.006  0.254 -0.269 -0.066
    6     49.40 -36.03  40.40  18.05   0.10   0.01   -0.036  0.208 -0.073  0.449
    7     13.68-133.92-119.89   5.79   0.15   0.06   -0.056  0.318 -0.176 -0.283
    8     30.29-140.95 -42.37   8.75   0.20   0.05   -0.005 -0.045  0.323  0.111
    9     39.61  10.64  55.90  11.58   0.07   0.00   -0.035 -0.017 -0.161 -0.156
   10     17.79 -90.52-308.05  16.25   1.00   0.15   -0.254 -1.511  0.121  0.023
   11      4.76 -66.58-309.72  15.68   1.28   0.12   -0.323 -1.885 -0.029  0.029
   12     51.19  34.73  94.11  16.71   0.19   0.02   -0.016  0.013 -0.163  0.440
   13     46.76  33.67  98.22  20.29   0.13   0.01   -0.037  0.100  0.087  0.074
   14     55.73  33.58  97.06  15.61   0.04   0.02   -0.029  0.215 -0.222  0.489
   15     44.56  34.12  97.73  18.77   0.19   0.02   -0.042  0.134  0.141  0.255
   16     44.63  34.36  97.30  19.18   0.21   0.02   -0.086 -0.228  0.518 -0.154
   17     21.92  -0.94  82.55  19.36   0.06   0.02   -0.064  0.031  0.120  0.324
   18     36.35 -33.36   4.71  12.09   0.13   0.02   -0.069  0.043 -0.016  0.447
   19     33.31  40.91  63.61   9.81   0.11   0.02   -0.022 -0.088 -0.133 -0.153
   20     45.83  37.44  85.15  15.85   0.03   0.00   -0.037 -0.140 -0.012 -0.143
   21     34.11  35.89  82.20  12.36   0.17   0.01    0.049 -0.328 -0.355 -1.332
   22     25.81  34.97  85.25  13.40   0.15   0.01   -0.026 -0.138 -0.031 -0.084
   23     15.88  34.71  85.73  11.03   0.23   0.02   -0.005 -0.133 -0.168 -0.351
   24      1.73  34.77  83.60   5.21   0.34   0.06   -0.146  0.016  0.565 -0.360
   25     48.68 -45.34  22.62  23.24   0.08   0.02   -0.006  0.180 -0.289  0.418
   26     27.55 -69.47  -4.59  10.60   0.02   0.02   -0.020  0.276 -0.114  0.069
   27      0.12  -0.15  48.45  13.60   0.05   0.01   -0.017  0.159 -0.229  0.006
   28     59.02  37.90  76.32  11.48   0.12   0.04   -0.042  0.132  0.095  0.001
   29     20.08-149.09 -11.82  15.95   0.14   0.01   -0.016 -0.112  0.493  0.652
   30      2.94  36.00  75.98  12.56   0.26   0.03    0.004  0.108 -0.290 -0.260
   31     20.93  35.48  77.01  13.87   0.12   0.02   -0.026 -0.168 -0.133 -0.037
   32     50.77  36.42  76.35  14.78   0.07   0.01   -0.011 -0.075 -0.216 -0.180
   33      0.84  37.17  75.36  15.58   0.06   0.01    0.023 -0.002 -0.286 -0.333
   34     55.43 -16.06  34.63  24.73   0.05   0.01   -0.003  0.259 -0.070  0.065
   35     39.41 -69.46  -7.88   4.10   0.22   0.10    0.003  1.015  0.520  0.390
   36     59.11  36.41  77.07  15.21   0.12   0.02    0.006  0.001 -0.294 -0.087
   37      5.59  30.95  49.55  13.61   0.09   0.01    0.003 -0.058 -0.108 -0.513
   38     46.42  72.53  72.94  17.51   0.20   0.01   -0.017 -0.253  0.031  0.148
   39     13.87   0.95  25.56   3.81   0.10   0.01   -0.131  0.049 -0.182  0.305
   40     14.47 -41.75  13.71  16.22   0.14   0.01   -0.028  0.087 -0.070 -0.201
   41     56.38  34.67  77.82   5.28   0.14   0.06   -0.068 -0.020 -0.363 -0.133
   42     34.32  -3.34  45.97  17.61   0.05   0.01    0.001  0.176 -0.096 -0.133
   43     24.66-109.13 -39.44   6.53   0.28   0.07    0.001  0.547  0.040  0.368
   44     49.62  30.09  49.81   7.76   0.05   0.01   -0.063 -0.004 -0.132 -0.102
   45     41.14-145.20  46.45  20.65   0.09   0.04    0.003 -0.027  0.317  0.543
   46     34.05 -56.95  -1.36  16.53   0.06   0.02   -0.008  0.197 -0.027  0.067
   47      1.13  11.19  79.64  21.69   0.19   0.02    0.016  0.231 -0.247  0.017
   48     37.31  11.23  81.27  23.48   0.02   0.02    0.010  0.240 -0.076 -0.007
   49     35.74  53.52  84.05  22.08   0.07   0.01    0.021 -0.386 -0.220 -0.255
   50     36.04-101.50 -35.67  14.56   0.07   0.02    0.006  0.313  0.204 -0.340
   51     53.13 -99.80 -54.00   7.09   0.27   0.06    0.043  0.659  0.271 -0.941
   52     42.93-116.31  45.06  14.82   0.24   0.03   -0.111 -0.470  0.745  0.009
   53      1.10  11.12  80.28  21.45   0.16   0.03    0.004  0.214 -0.091  0.103
   54      0.97 -83.91 322.41  15.83   0.23  -0.05   -0.730 -0.101 -0.134  0.065
   55      1.63 -89.20 304.22   0.61   0.07   0.03   -0.575  0.248 -0.008  0.061
   56     44.87  35.48  66.62  13.92   0.19   0.02   -0.010 -0.159 -0.209 -0.374
   57     46.73 -84.80 156.08  16.09   0.30   0.07   -0.165  0.110  0.449 -0.040
   58     45.41 -79.47 152.67  16.59   0.26   0.06   -0.076  0.606  0.758  0.855
   59      8.50 -82.03   0.63   4.23   0.49   0.12   -0.092  0.152  0.077  0.754
 ***** depth constrained for event    60
   60      3.57-107.70-115.87   0.11   0.43   0.19    0.023  1.203  1.280 -0.919
   61      0.33-131.19 -54.58   1.26   0.40   0.17   -0.241 -0.571 -0.055  0.611
   62     20.06  20.26 151.20  14.38   0.36   0.05   -0.024  0.317 -0.415 -0.101
   63     18.76 -46.59  29.14  21.36   0.03   0.01   -0.016  0.212 -0.133  0.324
   64      4.18-158.19 190.73   8.74   0.42   0.12   -0.244  1.945  3.042  0.465
   65     23.41 -47.09  19.68  16.16   0.05   0.01   -0.005  0.248 -0.242  0.181
   66     32.69-152.97  44.92  19.37   0.26   0.03   -0.068 -0.301  0.705  0.395
   67     41.95 -36.41  -5.91  17.66   0.08   0.02    0.011  0.244 -0.128 -0.430
   68     13.82  51.59 107.93  21.10   0.20   0.02   -0.137  0.187  0.802 -0.173
   69     48.30-214.97-349.14  73.50   0.00   0.00    0.000  0.000  0.000  0.000
   70      5.37  33.97  97.12  19.66   0.15   0.03   -0.045  0.140  0.178  0.005
   71      4.17   6.44  56.26   0.24   0.56   0.01   -0.140  0.124  0.158 -0.039
   72     54.30 132.51-297.57  96.93   0.00  -0.02   -0.818 -0.063  0.082 -0.026
   73     12.88  51.01  81.21  23.31   0.18   0.02   -0.017  0.113 -0.170  0.020
   74     36.11-102.77  70.94  24.78   0.19   0.01   -0.010 -0.421  0.315  1.820
 ***** depth constrained for event    75
   75     46.42-109.69   5.13   0.11   0.95   0.20   -0.258 -0.750  0.543 -0.100
   76     54.60-217.19 302.17   0.10   0.00   0.00    0.000  0.000  0.000  0.000
   77     43.99  51.03  93.94  17.39   0.08   0.02   -0.065  0.122  0.166  0.315
   78     41.79  38.59  65.10  21.57   0.16   0.01   -0.014  0.100 -0.368 -0.115
   79     58.64 -68.72  -4.86   0.10   0.38   0.13   -0.098  0.626  0.051  0.053
   80     26.72 -69.46  -6.54   0.29   0.32   0.14   -0.112  0.583 -0.019 -0.343
 ***** depth constrained for event    81
   81     26.94 -69.31  -5.18   0.11   0.38   0.15   -0.093  0.548  0.008 -0.100
 ***** depth constrained for event    82
   82     23.26 -69.09  -4.91   0.11   0.28   0.11   -0.116  0.635  0.050 -0.100
   83     23.22 -69.98  -6.24   6.79   0.07   0.04   -0.032  0.365  0.002  0.041
   84     21.24 -42.21   7.34  21.07   0.05   0.02   -0.008  0.344 -0.412  0.047
   85     24.25-167.54 -46.09   9.65   0.16   0.04   -0.057 -0.082  0.366 -0.421
   86     44.04 -11.79  29.23  18.22   0.06   0.01   -0.013  0.116 -0.203 -0.062
   87     28.80 -60.84   6.00   4.17   0.08   0.10   -0.108  0.423 -0.177  0.465
   88     38.11-102.18 -28.41   7.62   0.18   0.05    0.035  0.593  0.078 -0.547
   89     47.72-142.73  90.24  22.83   0.26   0.04   -0.021  0.003  0.497  0.198
   90     48.15-140.58  89.58  22.83   0.21   0.03   -0.029  0.060  0.717  0.384
   91     33.84  34.49  85.29  20.29   0.18   0.01   -0.067  0.270  0.055  0.096

 A V E R A G E   of ADJUSTMENTS :                    -0.070  0.079  0.089  0.018
 A V E R A G E   of ABSOLUTE ADJUSTMENTS :            0.076  0.290  0.265  0.266


 Step length damping of 0.68104 was applied.


 Velocity adjustments:
     vp    dvp      hp   reflector
 Velocity model   1
   5.805 -0.152   -5.000      
   5.879 -0.079    1.760      
   5.884 -0.128    3.580      
   6.072  0.034    5.560      
   6.073  0.000   14.630      
   6.310 -0.011   15.530      
   6.920  0.014   25.640      
   6.995  0.002   33.850      
   7.287 -0.079   33.900      
   7.460 -0.200   42.850      

 Calculation of average velocity starts at layer #           1
 z = -5.00 ...  1.76    v = 5.81    AVEL = 5.81 downto z =   1.76
 z =  1.76 ...  3.58    v = 5.88    AVEL = 5.82 downto z =   3.58
 z =  3.58 ...  5.56    v = 5.88    AVEL = 5.83 downto z =   5.56
 z =  5.56 ... 14.63    v = 6.07    AVEL = 5.94 downto z =  14.63
 z = 14.63 ... 15.53    v = 6.07    AVEL = 5.95 downto z =  15.53
 z = 15.53 ... 25.64    v = 6.31    AVEL = 6.07 downto z =  25.64
 z = 25.64 ... 33.85    v = 6.92    AVEL = 6.25 downto z =  33.85
 z = 33.85 ... 33.90    v = 6.99    AVEL = 6.25 downto z =  33.90
 z = 33.90 ... 42.85    v = 7.29    AVEL = 6.44 downto z =  42.85


 Calculation of average velocity starts at layer #           2
 z =  1.76 ...  3.58    v = 5.88    AVEL = 5.88 downto z =   3.58
 z =  3.58 ...  5.56    v = 5.88    AVEL = 5.88 downto z =   5.56
 z =  5.56 ... 14.63    v = 6.07    AVEL = 6.02 downto z =  14.63
 z = 14.63 ... 15.53    v = 6.07    AVEL = 6.02 downto z =  15.53
 z = 15.53 ... 25.64    v = 6.31    AVEL = 6.14 downto z =  25.64
 z = 25.64 ... 33.85    v = 6.92    AVEL = 6.34 downto z =  33.85
 z = 33.85 ... 33.90    v = 6.99    AVEL = 6.34 downto z =  33.90
 z = 33.90 ... 42.85    v = 7.29    AVEL = 6.55 downto z =  42.85



 Adjusted station corrections:
   stn  ptcor  dpcor  
  624   0.000  0.000  628  -0.236 -0.046  630  -0.156 -0.037  627   0.091  0.027
  621   0.090  0.018  629   0.139  0.032  622   0.083  0.023  620  -0.040  0.012
  623   0.242  0.048  626   0.155  0.032  625   0.133  0.031  631   0.242  0.007
  632  -0.115 -0.042

 ~~~ another iteration? ...
 NITT = ITTMAX  --> stop iterations.
 ~~~ final solution reached ...

 ~~~ damp G & Chol.-Decomp.: NOT made (switch iresolcalc is NOT set !)

 Final rms values:  0.13 0.13 0.27 0.25 0.07 0.10 0.15 0.20 0.07 1.00
                    1.28 0.19 0.13 0.04 0.19 0.21 0.06 0.13 0.11 0.03
                    0.17 0.15 0.23 0.34 0.08 0.02 0.05 0.12 0.14 0.26
                    0.12 0.07 0.06 0.05 0.22 0.12 0.09 0.20 0.10 0.14
                    0.14 0.05 0.28 0.05 0.09 0.06 0.19 0.02 0.07 0.07
                    0.27 0.24 0.16 0.23 0.07 0.19 0.30 0.26 0.49 0.43
                    0.40 0.36 0.03 0.42 0.05 0.26 0.08 0.20 0.00 0.15
                    0.56 0.00 0.18 0.19 0.95 0.00 0.08 0.16 0.38 0.32
                    0.38 0.28 0.07 0.05 0.16 0.06 0.08 0.18 0.26 0.21
                    0.18



 ~~~ output final hypocenters ...

      date    origin   latitude longitude  depth  mag  no  rms      x      y      z
   1 160818 1613  9.03 73.0036N 124.8644E  23.32 1.40   6 0.129   38.13 111.98  23.32
   2 160818 1613  9.18 72.9937N 124.8734E  23.30 1.10   6 0.126   37.83 110.88  23.30
   3 160819 0959 27.01 71.9382N 129.7947E  12.45 4.00  12 0.274 -131.15  -6.90  12.45
   4 160820 1506 15.35 71.9490N 129.8237E  10.42 1.50   9 0.250 -132.11  -5.69  10.42
   5 160820 1904 45.66 72.3397N 127.1618E  23.35 1.20   6 0.066  -39.72  37.91  23.35
   6 160822 1318 49.40 72.3621N 127.0544E  18.05 0.60   8 0.104  -36.03  40.40  18.05
   7 160823 0652 13.68 70.9256N 129.7729E   5.79 2.90   6 0.152 -133.92-119.89   5.79
   8 160824 1510 30.29 71.6203N 130.0439E   8.75 1.50   9 0.199 -140.95 -42.37   8.75
   9 160906 1514 39.61 72.5010N 125.6873E  11.58 0.90   6 0.072   10.64  55.90  11.58
  10 160920 1607 17.79 69.2393N 128.4434E  16.25 2.60   2 0.996  -90.52-308.05  16.25
  11 160925 1911  4.76 69.2244N 127.7964E  15.68 2.30   2 1.277  -66.58-309.72  15.68
  12 161004 0841 51.19 72.8434N 124.9700E  16.71 0.20   6 0.192   34.73  94.11  16.71
  13 161005 1619 46.76 72.8803N 125.0006E  20.29 1.00   9 0.128   33.67  98.22  20.29
  14 161006 0156 55.73 72.8699N 125.0035E  15.61 1.00   7 0.045   33.58  97.06  15.61
  15 161009 0036 44.56 72.8758N 124.9874E  18.77 1.30   8 0.194   34.12  97.73  18.77
  16 161009 0036 44.63 72.8720N 124.9802E  19.18 1.20   7 0.213   34.36  97.30  19.18
  17 161012 0800 21.92 72.7398N 126.0279E  19.36 0.80   7 0.061   -0.94  82.55  19.36
  18 161015 1013 36.35 72.0422N 126.9680E  12.09 0.70   7 0.133  -33.36   4.71  12.09
  19 161021 0507 33.31 72.5701N 124.7959E   9.81 0.80   6 0.111   40.91  63.61   9.81
  20 161124 2250 45.83 72.7631N 124.8921E  15.85 3.10   4 0.033   37.44  85.15  15.85
  21 161125 0156 34.11 72.7367N 124.9389E  12.36 0.60   7 0.166   35.89  82.20  12.36
  22 161125 0517 25.81 72.7640N 124.9652E  13.40 1.60   6 0.153   34.97  85.25  13.40
  23 161125 0525 15.88 72.7683N 124.9727E  11.03 0.80   6 0.230   34.71  85.73  11.03
  24 161125 0556  1.73 72.7492N 124.9715E   5.21 0.20   6 0.340   34.77  83.60   5.21
  25 170117 0846 48.68 72.2027N 127.3212E  23.24 0.30   6 0.078  -45.34  22.62  23.24
  26 170122 1614 27.55 71.9589N 128.0112E  10.60 0.90   6 0.021  -69.47  -4.59  10.60
  27 170125 2244  0.12 72.4342N 126.0043E  13.60 0.80   6 0.053   -0.15  48.45  13.60
  28 170302 1359 59.02 72.6839N 124.8810E  11.48 0.50   7 0.120   37.90  76.32  11.48
  29 170302 2335 20.08 71.8940N 130.3088E  15.95 2.10   9 0.138 -149.09 -11.82  15.95
  30 170304 2135  2.94 72.6810N 124.9371E  12.56 1.30   7 0.258   36.00  75.98  12.56
  31 170307 0447 20.93 72.6901N 124.9522E  13.87 1.70  10 0.117   35.48  77.01  13.87
  32 170307 2016 50.77 72.6842N 124.9247E  14.78 1.10   6 0.074   36.42  76.35  14.78
  33 170309 1454  0.84 72.6754N 124.9028E  15.58 0.30   6 0.062   37.17  75.36  15.58
  34 170311 0430 55.43 72.3104N 126.4693E  24.73 0.30   6 0.053  -16.06  34.63  24.73
  35 170312 0416 39.41 71.9294N 128.0094E   4.10 2.10   6 0.220  -69.46  -7.88   4.10
  36 170313 0553 59.11 72.6907N 124.9249E  15.21 1.00   9 0.125   36.41  77.07  15.21
  37 170313 0809  5.59 72.4440N 125.0922E  13.61 1.20   7 0.093   30.95  49.55  13.61
  38 170315 0234 46.42 72.6537N 123.8604E  17.51 1.40   7 0.199   72.53  72.94  17.51
  39 170317 1007 13.87 72.2291N 125.9723E   3.81 0.50   7 0.099    0.95  25.56   3.81
  40 170320 0711 14.47 72.1228N 127.2142E  16.22 0.90   6 0.140  -41.75  13.71  16.22
  41 170320 0853 56.38 72.6974N 124.9760E   5.28 0.40   6 0.137   34.67  77.82   5.28
  42 170320 1900 34.32 72.4120N 126.0979E  17.61 0.60   7 0.050   -3.34  45.97  17.61
  43 170323 0519 24.66 71.6466N 129.1333E   6.53 1.20   6 0.281 -109.13 -39.44   6.53
  44 170323 1612 49.62 72.4464N 125.1173E   7.76 0.50   6 0.053   30.09  49.81   7.76
  45 170323 1906 41.14 72.4163N 130.2559E  20.65 1.00   6 0.088 -145.20  46.45  20.65
  46 170326 0836 34.05 71.9878N 127.6499E  16.53 1.50   7 0.060  -56.95  -1.36  16.53
  47 170402 0422  1.13 72.7137N 125.6695E  21.69 1.20  10 0.190   11.19  79.64  21.69
  48 170402 0636 37.31 72.7283N 125.6680E  23.48 0.70   6 0.019   11.23  81.27  23.48
  49 170404 2347 35.74 72.7533N 124.4168E  22.08 0.50   6 0.068   53.52  84.05  22.08
  50 170405 0307 36.04 71.6803N 128.9168E  14.56 1.00  10 0.073 -101.50 -35.67  14.56
  51 170405 1410 53.13 71.5161N 128.8553E   7.09 1.70  10 0.271  -99.80 -54.00   7.09
  52 170406 0838 42.93 72.4038N 129.4078E  14.82 0.90  10 0.236 -116.31  45.06  14.82
  53 170406 1728  1.10 72.7194N 125.6714E  21.45 0.90  10 0.157   11.12  80.28  21.45
  54 170407 1729  0.97 74.8894N 128.6372E  15.83 1.80   2 0.234  -83.91 322.41  15.83
  55 170407 1729  1.63 74.7264N 128.7901E   0.61 1.60   5 0.074  -89.20 304.22   0.61
  56 170408 1004 44.87 72.5971N 124.9549E  13.92 1.40  13 0.191   35.48  66.62  13.92
  57 170409 0856 46.73 73.3988N 128.5537E  16.09 2.50   6 0.295  -84.80 156.08  16.09
  58 170409 0902 45.41 73.3682N 128.3911E  16.59 1.10   7 0.255  -79.47 152.67  16.59
  59 170410 1520  8.50 72.0056N 128.3779E   4.23 1.00  10 0.487  -82.03   0.63   4.23
  60 170410 1813  3.57 70.9616N 129.0370E   0.11 2.20  13 0.430 -107.70-115.87   0.11
  61 170412 1507  0.33 71.5108N 129.7530E   1.26 0.70   6 0.396 -131.19 -54.58   1.26
  62 170413 0651 20.06 73.3551N 125.3907E  14.38 1.00  10 0.359   20.26 151.20  14.38
  63 170414 0459 18.76 72.2611N 127.3597E  21.36 0.50   7 0.026  -46.59  29.14  21.36
  64 170414 0540  4.18 73.7093N 130.8058E   8.74 1.80  11 0.418 -158.19 190.73   8.74
  65 170414 1656 23.41 72.1763N 127.3714E  16.16 0.20   6 0.054  -47.09  19.68  16.16
  66 170414 1753 32.69 72.4026N 130.4820E  19.37 0.70   6 0.262 -152.97  44.92  19.37
  67 170416 0523 41.95 71.9471N 127.0538E  17.66 1.60  13 0.085  -36.41  -5.91  17.66
  68 170416 1220 13.82 72.9673N 124.4649E  21.10 1.00  11 0.197   51.59 107.93  21.10
 WARNING: Event-# :          69 has zero observations!
  69 170416 1257 48.30 68.8710N 131.7500E  73.50 2.20   0 0.000 -214.97-349.14  73.50
  70 170416 1821  5.37 72.8704N 124.9920E  19.66 1.30  13 0.147   33.97  97.12  19.66
  71 170418 0606  4.17 72.5042N 125.8109E   0.24 0.20   6 0.560    6.44  56.26   0.24
  72 170418 1005 54.30 69.3332N 122.4149E  96.93 2.20   1 0.000  132.51-297.57  96.93
  73 170418 1500 12.88 72.7278N 124.4921E  23.31 1.30  12 0.181   51.01  81.21  23.31
  74 170420 1302 36.11 72.6357N 129.0303E  24.78 0.90  11 0.192 -102.77  70.94  24.78
  75 170420 2248 46.42 72.0459N 129.1831E   0.11 0.70  11 0.948 -109.69   5.13   0.11
 WARNING: Event-# :          76 has zero observations!
  76 170423 0850 54.60 74.7080N 132.7900E   0.10 1.90   0 0.000 -217.19 302.17   0.10
  77 170423 1455 43.99 72.8418N 124.4868E  17.39 0.60   8 0.078   51.03  93.94  17.39
  78 170423 2313 41.79 72.5834N 124.8636E  21.57 1.30  12 0.165   38.59  65.10  21.57
  79 170424 0609 58.64 71.9564N 127.9893E   0.10 1.10  12 0.385  -68.72  -4.86   0.10
  80 170424 0755 26.72 71.9414N 128.0100E   0.29 1.00  12 0.317  -69.46  -6.54   0.29
  81 170424 0755 26.94 71.9536N 128.0064E   0.11 1.00  12 0.375  -69.31  -5.18   0.11
  82 170425 0652 23.26 71.9560N 128.0002E   0.11 1.20   9 0.281  -69.09  -4.91   0.11
  83 170426 0051 23.22 71.9440N 128.0252E   6.79 0.70   6 0.069  -69.98  -6.24   6.79
  84 170426 1425 21.24 72.0658N 127.2255E  21.07 0.10   6 0.054  -42.21   7.34  21.07
  85 170426 1834 24.25 71.5869N 130.8026E   9.65 1.20   8 0.159 -167.54 -46.09   9.65
  86 170426 1840 44.04 72.2619N 126.3441E  18.22 1.30   8 0.060  -11.79  29.23  18.22
  87 170427 0912 28.80 72.0537N 127.7659E   4.17 0.90   8 0.081  -60.84   6.00   4.17
  88 170427 1041 38.11 71.7454N 128.9414E   7.62 0.70   7 0.185 -102.18 -28.41   7.62
  89 170427 2010 47.72 72.8087N 130.2286E  22.83 1.30   8 0.258 -142.73  90.24  22.83
  90 170427 2010 48.15 72.8028N 130.1643E  22.83 1.30   8 0.206 -140.58  89.58  22.83
  91 170427 2342 33.84 72.7643N 124.9794E  20.29 0.80   6 0.183   34.49  85.29  20.29

 ~~~ output final station residuals ...
 TURBO-option is set; residuals are NOT printed for each event!



   station statistics, remember nsp was set to: 1


 sta phase nobs avres  avwres    std    wsum    delay

 624    P  74  0.0392  0.0392  0.1723  74.0000  0.0000
 628    P  69  0.0170  0.0170  0.2337  69.0000 -0.2363
 630    P  53  0.0117  0.0117  0.2132  53.0000 -0.1559
 627    P  46  0.0275  0.0275  0.1808  46.0000  0.0909
 621    P  59  0.0609  0.0609  0.1784  59.0000  0.0900
 629    P  43  0.0306  0.0306  0.2305  43.0000  0.1389
 622    P  58  0.0422  0.0422  0.1945  58.0000  0.0825
 620    P  48  0.0374  0.0374  0.2696  48.0000 -0.0398
 623    P  55  0.0592  0.0592  0.3202  55.0000  0.2419
 626    P  52  0.0565  0.0565  0.4067  52.0000  0.1553
 625    P  49  0.0483  0.0483  0.2221  49.0000  0.1327
 631    P  49  0.1001  0.1001  0.2550  49.0000  0.2416
 632    P  24  0.0348  0.0348  0.2799  24.0000 -0.1147


 ~~~ output statistics ...




 RAY-STATISTICS FOR  L A S T  ITERATION
 --------------------------------------

 NHYP : nr of hypocenters in this layer
 NREF : nr of headwaves in this layer
 %len : % of "refracted km" in this layer 
        with respect to all refracted kilometers
 NHIT : nr of rays passed thru this layer
 xy-km: average horizontal ray length [km] in layer
 z-km : average  vertical  ray length [km] in layer
 RFLX : number of reflections at bottom of this layer

 nlay   top ..... bottom     velocity   NHYP NREF %len  NHIT xy-km  z-km  RFLX

   1    -5.00...  1.76 km    5.81 km/s   10    0   0.0   748   4.6   1.7     0
   2     1.76...  3.58 km    5.88 km/s    0   21   4.2   710   5.6   1.8     0
   3     3.58...  5.56 km    5.88 km/s    6    0   0.0   714   4.6   1.9     0
   4     5.56... 14.63 km    6.07 km/s   26   60  18.5   714  26.2   7.0     0
   5    14.63... 15.53 km    6.07 km/s    3    0   0.0   543   2.0   0.9     0
   6    15.53... 25.64 km    6.31 km/s   44   40  10.6   600  21.0   6.4     0
   7    25.64... 33.85 km    6.92 km/s    0  102  34.8   245  43.4   4.8     0
   8    33.85... 33.90 km    6.99 km/s    0    0   0.0   143   0.2   0.1     0
   9    33.90... 42.85 km    7.29 km/s    0   66  29.4    77  84.1   1.3     0
  10    42.85...       km    7.46 km/s    2    5   2.5     0   0.0   0.0

 Total nr of events was   91

 Total nr of refracted rays =   294
 Total nr of reflected rays =     0
 Total nr of   other   rays =   385
                              ------
 Total nr of    all    rays =   679

 Average (absolute) error of the raytracers:
  Straight and direct rays :    7.08 meters
  Refracted           rays :    0.01 meters
  Reflected           rays :    0.00 meters


 ALL RAYS TOGETHER:
 Average horizontal ray length =   89.8 km   (Hypocenter --> Station) 
 Average  vertical  ray length =   17.5 km   (Deepest ray-point --> Station)



 ... and some more STATISTICS 
 ---------------------------- 
  GAP of final epicenters:

  Event# -> GAP  Event# -> GAP  Event# -> GAP  Event# -> GAP  Event# -> GAP
       1 -> 296       2 -> 294       3 -> 271       4 -> 275       5 -> 306
       6 -> 100       7 -> 321       8 -> 305       9 -> 166      10 -> 347
      11 -> 347      12 -> 257      13 -> 264      14 -> 262      15 -> 263
      16 -> 265      17 -> 253      18 -> 240      19 -> 159      20 -> 302
      21 -> 230      22 -> 238      23 -> 239      24 -> 233      25 -> 127
      26 -> 102      27 -> 150      28 -> 212      29 -> 305      30 -> 210
      31 -> 214      32 -> 211      33 -> 208      34 -> 132      35 -> 234
      36 -> 214      37 -> 130      38 -> 310      39 -> 120      40 -> 209
      41 -> 216      42 -> 122      43 -> 225      44 -> 133      45 -> 309
      46 -> 125      47 -> 222      48 -> 226      49 -> 283      50 -> 191
      51 -> 288      52 -> 271      53 -> 224      54 -> 354      55 -> 347
      56 -> 178      57 -> 310      58 -> 317      59 -> 166      60 -> 308
      61 -> 301      62 -> 305      63 -> 146      64 -> 322      65 -> 127
      66 -> 293      67 ->  87      68 -> 296      69 -> 172      70 -> 262
      71 -> 172      72 ->   0      73 -> 260      74 -> 299      75 -> 243
      76 ->  60      77 -> 284      78 -> 169      79 -> 162      80 -> 169
      81 -> 165      82 -> 164      83 -> 233      84 -> 120      85 -> 315
      86 ->  94      87 -> 112      88 -> 268      89 -> 318      90 -> 317
      91 -> 294

 GAPs were between   0 and 354
      (average GAP was 227)



  MAGNITUDES of INPUT-DATA:

 Magnitude (# of events)   ***average number of obs***

 MAG<= 1.0 ( 47) *******
 MAG = 1.1 (  4) ********
 MAG = 1.2 (  7) ********
 MAG = 1.3 (  8) *********1
 MAG = 1.4 (  3) *********
 MAG = 1.5 (  3) ********
 MAG = 1.6 (  3) ********
 MAG = 1.7 (  2) *********1
 MAG = 1.8 (  2) *******
 MAG = 1.9 (  1)  
 MAG = 2.0 (  0)  
 MAG = 2.1 (  2) ********
 MAG = 2.2 (  3) *****
 MAG = 2.3 (  1) **
 MAG = 2.4 (  0)  
 MAG = 2.5 (  1) ******
 MAG = 2.6 (  1) **
 MAG = 2.7 (  0)  
 MAG = 2.8 (  0)  
 MAG = 2.9 (  1) ******
 MAG = 3.0 (  0)  
 MAG = 3.1 (  1) ****
 MAG = 3.2 (  0)  
 MAG = 3.3 (  0)  
 MAG = 3.4 (  0)  
 MAG = 3.5 (  0)  
 MAG = 3.6 (  0)  
 MAG = 3.7 (  0)  
 MAG = 3.8 (  0)  
 MAG = 3.9 (  0)  
 MAG = 4.0 (  1) *********1**
 MAG = 4.1 (  0)  
 MAG = 4.2 (  0)  
 MAG = 4.3 (  0)  
 MAG = 4.4 (  0)  
 MAG = 4.5 (  0)  
 MAG = 4.6 (  0)  
 MAG = 4.7 (  0)  
 MAG = 4.8 (  0)  
 MAG = 4.9 (  0)  
 MAG = 5.0 (  0)  
 MAG = 5.1 (  0)  
 MAG = 5.2 (  0)  
 MAG = 5.3 (  0)  
 MAG = 5.4 (  0)  
 MAG = 5.5 (  0)  
 MAG = 5.6 (  0)  
 MAG = 5.7 (  0)  
 MAG = 5.8 (  0)  
 MAG = 5.9 (  0)  
 MAG>= 6.0 (  0)  





  DEPTHs of INPUT-DATA and of LAST ITERATION:
  ===========================================

       Depth       # of events  

 DEPTH ( input ) =  -4. km :   
 DEPTH (last_IT) =  -4. km :   
 DEPTH ( input ) =  -3. km :   
 DEPTH (last_IT) =  -3. km :   
 DEPTH ( input ) =  -2. km :   
 DEPTH (last_IT) =  -2. km :   
 DEPTH ( input ) =  -1. km :   
 DEPTH (last_IT) =  -1. km :   
 DEPTH ( input ) =   0. km :  ........
 DEPTH (last_IT) =   0. km :  ********
 DEPTH ( input ) =   1. km :  .
 DEPTH (last_IT) =   1. km :  **
 DEPTH ( input ) =   2. km :   
 DEPTH (last_IT) =   2. km :   
 DEPTH ( input ) =   3. km :  ...
 DEPTH (last_IT) =   3. km :   
 DEPTH ( input ) =   4. km :  ..
 DEPTH (last_IT) =   4. km :  ****
 DEPTH ( input ) =   5. km :  ..
 DEPTH (last_IT) =   5. km :  **
 DEPTH ( input ) =   6. km :  ..
 DEPTH (last_IT) =   6. km :  *
 DEPTH ( input ) =   7. km :  .
 DEPTH (last_IT) =   7. km :  ***
 DEPTH ( input ) =   8. km :  ...
 DEPTH (last_IT) =   8. km :  **
 DEPTH ( input ) =   9. km :  ..
 DEPTH (last_IT) =   9. km :  **
 DEPTH ( input ) =  10. km :  ..
 DEPTH (last_IT) =  10. km :  ***
 DEPTH ( input ) =  11. km :  ...
 DEPTH (last_IT) =  11. km :  ***
 DEPTH ( input ) =  12. km :  ....
 DEPTH (last_IT) =  12. km :  ****
 DEPTH ( input ) =  13. km :  ..
 DEPTH (last_IT) =  13. km :  **
 DEPTH ( input ) =  14. km :  ...
 DEPTH (last_IT) =  14. km :  *****
 DEPTH ( input ) =  15. km :  ........
 DEPTH (last_IT) =  15. km :  ****
 DEPTH ( input ) =  16. km :  .........1.
 DEPTH (last_IT) =  16. km :  *********1
 DEPTH ( input ) =  17. km :  .....
 DEPTH (last_IT) =  17. km :  ****
 DEPTH ( input ) =  18. km :  ....
 DEPTH (last_IT) =  18. km :  *****
 DEPTH ( input ) =  19. km :  .....
 DEPTH (last_IT) =  19. km :  ****
 DEPTH ( input ) =  20. km :  .....
 DEPTH (last_IT) =  20. km :  ***
 DEPTH ( input ) =  21. km :  ..
 DEPTH (last_IT) =  21. km :  *****
 DEPTH ( input ) =  22. km :  ....
 DEPTH (last_IT) =  22. km :  ***
 DEPTH ( input ) =  23. km :  ....
 DEPTH (last_IT) =  23. km :  ********
 DEPTH ( input ) =  24. km :  ..
 DEPTH (last_IT) =  24. km :   
 DEPTH ( input ) =  25. km :  .
 DEPTH (last_IT) =  25. km :  **
 DEPTH ( input ) =  26. km :   
 DEPTH (last_IT) =  26. km :   
 DEPTH ( input ) =  27. km :   
 DEPTH (last_IT) =  27. km :   
 DEPTH ( input ) =  28. km :   
 DEPTH (last_IT) =  28. km :   
 DEPTH ( input ) =  29. km :   
 DEPTH (last_IT) =  29. km :   
 DEPTH ( input ) =  30. km :   
 DEPTH (last_IT) =  30. km :   
 DEPTH ( input ) =  31. km :   
 DEPTH (last_IT) =  31. km :   
 DEPTH ( input ) =  32. km :   
 DEPTH (last_IT) =  32. km :   
 DEPTH ( input ) =  33. km :   
 DEPTH (last_IT) =  33. km :   
 DEPTH ( input ) =  34. km :   
 DEPTH (last_IT) =  34. km :   
 DEPTH ( input ) =  35. km :   
 DEPTH (last_IT) =  35. km :   
 DEPTH ( input ) =  36. km :   
 DEPTH (last_IT) =  36. km :   
 DEPTH ( input ) =  37. km :   
 DEPTH (last_IT) =  37. km :   
 DEPTH ( input ) =  38. km :   
 DEPTH (last_IT) =  38. km :   
 DEPTH ( input ) =  39. km :   
 DEPTH (last_IT) =  39. km :   
 DEPTH ( input ) =  40. km :   
 DEPTH (last_IT) =  40. km :   
 DEPTH ( input ) =  41. km :   
 DEPTH (last_IT) =  41. km :   
 DEPTH ( input ) =  42. km :   
 DEPTH (last_IT) =  42. km :   
 DEPTH ( input ) =  43. km :   
 DEPTH (last_IT) =  43. km :   
 DEPTH ( input ) =  44. km :   
 DEPTH (last_IT) =  44. km :   
 DEPTH ( input ) =  45. km :   
 DEPTH (last_IT) =  45. km :   
 DEPTH ( input ) =  46. km :   
 DEPTH (last_IT) =  46. km :   
 DEPTH ( input ) =  47. km :   
 DEPTH (last_IT) =  47. km :   
 DEPTH ( input ) =  48. km :   
 DEPTH (last_IT) =  48. km :   
 DEPTH ( input ) =  49. km :   
 DEPTH (last_IT) =  49. km :   
 DEPTH ( input ) =  50. km :   
 DEPTH (last_IT) =  50. km :   
 DEPTH ( input ) =  51. km :   
 DEPTH (last_IT) =  51. km :   
 DEPTH ( input ) =  52. km :   
 DEPTH (last_IT) =  52. km :   
 DEPTH ( input ) =  53. km :   
 DEPTH (last_IT) =  53. km :   
 DEPTH ( input ) =  54. km :   
 DEPTH (last_IT) =  54. km :   
 DEPTH ( input ) =  55. km :   
 DEPTH (last_IT) =  55. km :   
 DEPTH ( input ) =  56. km :   
 DEPTH (last_IT) =  56. km :   
 DEPTH ( input ) =  57. km :   
 DEPTH (last_IT) =  57. km :   
 DEPTH ( input ) =  58. km :   
 DEPTH (last_IT) =  58. km :   
 DEPTH ( input ) =  59. km :   
 DEPTH (last_IT) =  59. km :   
 DEPTH ( input ) =  60. km :   
 DEPTH (last_IT) =  60. km :   
 DEPTH ( input ) =  61. km :   
 DEPTH (last_IT) =  61. km :   
 DEPTH ( input ) =  62. km :   
 DEPTH (last_IT) =  62. km :   
 DEPTH ( input ) =  63. km :   
 DEPTH (last_IT) =  63. km :   
 DEPTH ( input ) =  64. km :   
 DEPTH (last_IT) =  64. km :   
 DEPTH ( input ) =  65. km :   
 DEPTH (last_IT) =  65. km :   
 DEPTH ( input ) =  66. km :   
 DEPTH (last_IT) =  66. km :   
 DEPTH ( input ) =  67. km :   
 DEPTH (last_IT) =  67. km :   
 DEPTH ( input ) =  68. km :   
 DEPTH (last_IT) =  68. km :   
 DEPTH ( input ) =  69. km :   
 DEPTH (last_IT) =  69. km :   
 DEPTH ( input ) =  70. km :   
 DEPTH (last_IT) =  70. km :   
 DEPTH ( input ) =  71. km :   
 DEPTH (last_IT) =  71. km :   
 DEPTH ( input ) =  72. km :   
 DEPTH (last_IT) =  72. km :   
 DEPTH ( input ) =  73. km :   
 DEPTH (last_IT) =  73. km :   
 DEPTH ( input ) =  74. km :  .
 DEPTH (last_IT) =  74. km :  *
 DEPTH ( input ) =  75. km :   
 DEPTH (last_IT) =  75. km :   
 DEPTH ( input ) =  76. km :   
 DEPTH (last_IT) =  76. km :   
 DEPTH ( input ) =  77. km :   
 DEPTH (last_IT) =  77. km :   
 DEPTH ( input ) =  78. km :   
 DEPTH (last_IT) =  78. km :   
 DEPTH ( input ) =  79. km :   
 DEPTH (last_IT) =  79. km :   
 DEPTH ( input ) =  80. km :   
 DEPTH (last_IT) =  80. km :   
 DEPTH ( input ) =  81. km :   
 DEPTH (last_IT) =  81. km :   
 DEPTH ( input ) =  82. km :   
 DEPTH (last_IT) =  82. km :   
 DEPTH ( input ) =  83. km :   
 DEPTH (last_IT) =  83. km :   
 DEPTH ( input ) =  84. km :   
 DEPTH (last_IT) =  84. km :   
 DEPTH ( input ) =  85. km :   
 DEPTH (last_IT) =  85. km :   
 DEPTH ( input ) =  86. km :   
 DEPTH (last_IT) =  86. km :   
 DEPTH ( input ) =  87. km :   
 DEPTH (last_IT) =  87. km :   
 DEPTH ( input ) =  88. km :   
 DEPTH (last_IT) =  88. km :   
 DEPTH ( input ) =  89. km :   
 DEPTH (last_IT) =  89. km :   
 DEPTH ( input ) =  90. km :   
 DEPTH (last_IT) =  90. km :   
 DEPTH ( input ) =  91. km :   
 DEPTH (last_IT) =  91. km :   
 DEPTH ( input ) =  92. km :   
 DEPTH (last_IT) =  92. km :   
 DEPTH ( input ) =  93. km :   
 DEPTH (last_IT) =  93. km :   
 DEPTH ( input ) =  94. km :   
 DEPTH (last_IT) =  94. km :   
 DEPTH ( input ) =  95. km :   
 DEPTH (last_IT) =  95. km :   
 DEPTH ( input ) =  96. km :   
 DEPTH (last_IT) =  96. km :   
 DEPTH ( input ) =  97. km :  .
 DEPTH (last_IT) =  97. km :  *
 DEPTH ( input ) =  98. km :   
 DEPTH (last_IT) =  98. km :   
 DEPTH ( input ) =  99. km :   
 DEPTH (last_IT) =  99. km :   
 DEPTH ( input ) = 100. km :   
 DEPTH (last_IT) = 100. km :   
 DEPTH ( input ) > 100. km :   
 DEPTH (last_IT) > 100. km :   


 Residuals of the stations according to the azimuth:
 (RES  = total average residual at station)
 (RES1 = average residual of rays from 1st quadrant)
 (RES2 = average residual of rays from 2nd quadrant)
 (RES3 = average residual of rays from 3rd quadrant)
 (RES4 = average residual of rays from 4th quadrant)

 Stn#  Stn     RES          RES1         RES2         RES3         RES4
   1   624     0.04(  74)   0.08(  33)   0.05(   5)   0.04(  29)  -0.17(   7)
   2   628     0.02(  69)  -0.06(  32)  -0.01(   5)   0.04(  23)   0.23(   9)
   3   630     0.01(  53)  -0.03(  25)   0.04(  11)   0.00(  10)   0.11(   7)
   4   627     0.03(  46)   0.01(  12)  -0.04(   1)  -0.02(  21)   0.14(  12)
   5   621     0.06(  59)   0.09(   6)   0.00(   0)   0.17(  18)   0.00(  35)
   6   629     0.03(  43)   0.11(  16)   0.00(   0)  -0.10(   7)   0.01(  20)
   7   622     0.04(  58)   0.01(  27)   0.00(   0)   0.10(  20)   0.03(  11)
   8   620     0.04(  48)   0.00(   0)   0.04(   1)   0.13(  18)  -0.02(  29)
   9   623     0.06(  55)  -0.00(  30)   0.00(   0)   0.25(  17)  -0.12(   8)
  10   626     0.06(  52)  -0.01(  24)   0.00(   0)   0.03(   5)   0.14(  23)
  11   625     0.05(  49)   0.09(  15)   0.00(   0)  -0.00(  23)   0.10(  11)
  12   631     0.10(  49)   0.01(  18)  -0.02(   1)   0.54(   4)   0.10(  26)
  13   632     0.03(  24)   0.15(  12)  -0.67(   2)   0.15(   3)  -0.01(   7)



 CPU - statistics:

 TOTAL CPU-sec          =    0.3     (CPU-minutes:  0.005)

 >>>   End of program VELEST at 25-06-02 12:55       <<< [ CPU-sec :     0.3]
