 >>> Start of program VELEST at 25-06-02 12:52       <<<                        

 ::::::::::::::::::::::::::::::::::::::                                         
  V E L E S T  - Version : January 3, 1995                                      
  (Authors: see source code)                                                    
 ::::::::::::::::::::::::::::::::::::::                                         


 Title of this VELEST run:

 model_2
 -------


 Current array-dimensions of program VELEST:

 Max. number of EARTHQUAKES for simult. inversion IEQ = ***
 Max. number of SHOTS for simult. inversion    INSHOT =  50
 Max. number of (different) 1D-MODELS      ITOTMODELS =   2
 Max. number of LAYERS per one 1D-model        INLTOT = 100
 Max. number of STATIONS in stationlist           IST = 650
 Max. number of OBSERVATIONS per event MAXOBSPEREVENT = 180






    INPUT - P A R A M E T E R S :



***
***  olat       olon   icoordsystem      zshift   itrial ztrial    ised
  72.000000-126.000000      0            0.000       0     0.00      0
***
*** neqs   nshot    rotate
     91      0      0.0
***
*** isingle   iresolcalc
       0          0
***
*** dmax    itopo    zmin     veladj    zadj   lowveloclay
   300.00     0      0.01       0.20    5.00       0
***
*** nsp    swtfac   vpvs       nmod
     1      1.00    1.730        1
***
***   othet   xythet    zthet    vthet   stathet
       0.01     0.01     0.01     1.00     0.01
***
*** nsinv   nshcor   nshfix     iuseelev    iusestacorr
       1       0       0           1            1
***
*** iturbo    icnvout   istaout   ismpout
       1         1         1         0
***
*** irayout   idrvout   ialeout   idspout   irflout   irfrout   iresout
       0         0         0         0         0         0         0
***
*** delmin   ittmax   invertratio
    0.010       3          1
***
*** Modelfile:
tmp/model_2/synthvel/model_287.mod
***
*** Stationfile:
./velinp/station.sta
***
*** Seismofile:
 
***
*** File with region names:
 
***
*** File with region coordinates:
 
***
*** File #1 with topo data:
 
***
*** File #2 with topo data:
 
***
*** DATA INPUT files:
***
*** File with Earthquake data:
./velinp/data.cnv
***
*** File with Shot data:
 
***
*** OUTPUT files:
***
*** Main print output file:
./velout/model_2/velest287.out
***
*** File with single event locations:
velout.vel
***
*** File with final hypocenters in *.cnv format:
./velout/model_2/final_loc287.cnv
***
*** File with new station corrections:
./velout/model_2/stations_corr287.sta
***
*** File with summary cards (e.g. for plotting):
velout.smp
***
*** File with raypoints:
velout.ray
***
*** File with derivatives:
velout.drv
***
*** File with ALEs:
velout.ale
***
*** File with Dirichlet spreads:
velout.dspr
***
*** File with reflection points:
velout.rfl
***
*** File with refraction points:
velout.rfr
***
*** File with residuals:
velout.res
***




 Origin of cartesian coordinates:
        72.00000N   126.00000E

  X,Y-AXES rotated clockwise from North
           Rotation angle (rotate):
            rotate=    0.0 degr.

 icoordsystem =            0
 normal SHORT DISTANCE CONVERSION will be made
 x is positive towards west, y is positive towards north


 SHORT DISTANCE CONVERSION on ELLIPSOIDE of WORLD GEODETIC SYSTEM 1972 (WGS72)
 =============================================================================

 Radius at equator (REARTH)= 6378.13500  km
   1. / (ellipticity)      =    298.260

 Origin of cartesian coordinates [degrees]:
   72.0000000 N     -126.0000000 W

  Rotation angle (in degr.) clockwise from
North  rotate=    0.0

 Radius of sphere at OLAT =   6358.817 km

 Conversion of GEOGRAPHICAL LATITUDE to GEOCENTRICAL LATITUDE:
 RLATC = TAN(GEOCENTR.LAT) / TAN(GEOGRAPH.LAT)
 RLATC =   0.99333486

          Short distance conversions:
          one min lat ~  1.8597 km 
          one min lon ~  0.5751 km 







    INPUT - M O D E L :



 Model(s) read from file :
 tmp/model_2/synthvel/model_287.mod                                              

 model file title: 
Model: model_287.mod                    
 Velocity structure for model   1 :

 layer    vel   depth   vdamp  reflector
   1      5.20  -5.00    1.00         P-VELOCITY MODEL                  
   2      5.42  -3.06    1.00  
 WARNING:
 Only top of the first layer can be negative !!
   3      5.65   1.74    1.00  
   4      6.06  12.61    1.00  
   5      6.24  13.25    1.00  
   6      6.41  19.10    1.00  
   7      6.50  25.29    1.00  
   8      6.97  25.42    1.00  
   9      7.17  35.66    1.00  
  10      7.40  36.93    1.00  

 Calculation of average velocity starts at layer #            1
 z = -5.00 ... -3.06    v = 5.20    AVEL = 5.20 downto z =  -3.06
 z = -3.06 ...  1.74    v = 5.42    AVEL = 5.36 downto z =   1.74
 z =  1.74 ... 12.61    v = 5.65    AVEL = 5.54 downto z =  12.61
 z = 12.61 ... 13.25    v = 6.06    AVEL = 5.56 downto z =  13.25
 z = 13.25 ... 19.10    v = 6.24    AVEL = 5.72 downto z =  19.10
 z = 19.10 ... 25.29    v = 6.41    AVEL = 5.86 downto z =  25.29
 z = 25.29 ... 25.42    v = 6.50    AVEL = 5.87 downto z =  25.42
 z = 25.42 ... 35.66    v = 6.97    AVEL = 6.14 downto z =  35.66
 z = 35.66 ... 36.93    v = 7.17    AVEL = 6.17 downto z =  36.93


 Calculation of average velocity starts at layer #            2
 z = -3.06 ...  1.74    v = 5.42    AVEL = 5.42 downto z =   1.74
 z =  1.74 ... 12.61    v = 5.65    AVEL = 5.58 downto z =  12.61
 z = 12.61 ... 13.25    v = 6.06    AVEL = 5.60 downto z =  13.25
 z = 13.25 ... 19.10    v = 6.24    AVEL = 5.77 downto z =  19.10
 z = 19.10 ... 25.29    v = 6.41    AVEL = 5.91 downto z =  25.29
 z = 25.29 ... 25.42    v = 6.50    AVEL = 5.91 downto z =  25.42
 z = 25.42 ... 35.66    v = 6.97    AVEL = 6.19 downto z =  35.66
 z = 35.66 ... 36.93    v = 7.17    AVEL = 6.22 downto z =  36.93






    INPUT - S T A T I O N S :



 Station-parameters read from file :
 ./velinp/station.sta                                                            


     stn latitude longitude elev   x      y      z     ptcor stcor model icc
   1 624 72.4760N126.2750E     0  -9.37  53.11  -0.00   0.00  0.00   1  13
   2 628 72.4000N127.1470E     0 -39.15  44.63  -0.00   0.00  0.00   1  12
   3 630 72.0750N128.3250E     0 -80.06   8.37  -0.00   0.00  0.00   1  11
   4 627 72.1170N126.9820E     0 -33.78  13.06  -0.00   0.00  0.00   1  10
   5 621 72.1840N124.8890E     0  38.14  20.53  -0.00   0.00  0.00   1   9
   6 629 71.9290N127.3130E     0 -45.39  -7.92  -0.00   0.00  0.00   1   8
   7 622 72.4420N125.3130E     0  23.42  49.32  -0.00   0.00  0.00   1   7
   8 620 72.6540N124.3470E     0  56.03  72.98  -0.00   0.00  0.00   1   6
   9 623 72.3260N125.7600E     0   8.21  36.38  -0.00   0.00  0.00   1   5
  10 626 71.8880N126.0360E     0  -1.25 -12.50  -0.00   0.00  0.00   1   4
  11 625 72.1740N126.1070E     0  -3.67  19.42  -0.00   0.00  0.00   1   3
  12 631 71.3990N127.2470E     0 -43.72 -67.06  -0.00   0.00  0.00   1   2
  13 632 71.5740N129.0728E     0-107.23 -47.53  -0.00   0.00  0.00   1   1

 NO Seismo-parameter-file specified
 --> NO magnitudes calculated!




   neqs=   91  nshot=    0  nltot=   10

 ~~~ input parameters read.
 ~~~ set units for first iteration ...
 ~~~ determine number of unknowns ...

 Number of unknowns (for array-indexing):  nvar =  386
 Number of effective unknowns        :  nvareff =  374
 Number of elements on/below main diagonal of matrix G = At*A : kvar =   74691

 ~~~ reset G and RHT ...
 ~~~ input data, raytracing, setup G ...






    I N P U T - D A T A  

  eq    origin-time    latitude longitude depth    x      y      z    mag ifxOBS
   1 160818 1613  9.10 73.0030N 124.8500E  23.10  38.61 111.92  23.10 1.40 0   6
   2 160818 1613  9.30 72.9910N 124.8700E  22.80  37.95 110.58  22.80 1.10 0   6
   3 160819 0959 27.30 71.9230N 129.7600E  12.10-130.00  -8.59  12.10 4.00 0  12
   4 160820 1506 15.70 71.9380N 129.7900E  11.00-130.98  -6.92  11.00 1.50 0   9
   5 160820 1904 45.70 72.3480N 127.1800E  23.80 -40.33  38.83  23.80 1.20 0   6
   6 160822 1318 49.50 72.3650N 127.0800E  16.50 -36.90  40.73  16.50 0.60 0   8
   7 160823 0652 14.00 70.9330N 129.8100E   6.40-135.21-119.06   6.40 2.90 0   6
   8 160824 1510 30.40 71.6070N 130.0400E   8.60-140.86 -43.85   8.60 1.50 0   9
   9 160906 1514 39.70 72.5080N 125.6800E  12.10  10.89  56.68  12.10 0.90 0   6
 WARNING:
 epicentral distance: 303.3 > dmax ( 300.0) ==> skipping phase !
 WARNING:
 epicentral distance: 338.2 > dmax ( 300.0) ==> skipping phase !
  10 160920 1607 18.30 69.2370N 128.3500E  16.20 -87.07-308.31  16.20 2.60 0   2
 WARNING:
 epicentral distance: 318.5 > dmax ( 300.0) ==> skipping phase !
 WARNING:
 epicentral distance: 355.0 > dmax ( 300.0) ==> skipping phase !
  11 160925 1911  5.60 69.2250N 127.6800E  15.60 -62.26-309.64  15.60 2.30 0   2
  12 161004 0841 51.20 72.8480N 124.9600E  15.60  35.07  94.62  15.60 0.20 0   6
  13 161005 1619 46.90 72.8770N 125.0100E  19.00  33.35  97.86  19.00 1.00 0   9
  14 161006 0156 55.90 72.8740N 125.0100E  13.90  33.36  97.52  13.90 1.00 0   7
  15 161009 0036 44.70 72.8720N 124.9900E  17.20  34.03  97.30  17.20 1.30 0   8
  16 161009 0036 44.90 72.8580N 124.9600E  18.60  35.06  95.74  18.60 1.20 0   7
  17 161012 0800 22.10 72.7380N 126.0300E  18.50  -1.01  82.35  18.50 0.80 0   7
  18 161015 1013 36.50 72.0400N 126.9900E  11.20 -34.12   4.46  11.20 0.70 0   7
  19 161021 0507 33.30 72.5750N 124.7800E  10.10  41.44  64.16  10.10 0.80 0   6
  20 161124 2250 46.00 72.7630N 124.8800E  16.20  37.85  85.14  16.20 3.10 0   4
  21 161125 0156 34.10 72.7420N 124.9200E  14.50  36.52  82.80  14.50 0.60 0   7
  22 161125 0517 25.90 72.7650N 124.9400E  13.50  35.82  85.36  13.50 1.60 0   6
  23 161125 0525 15.90 72.7740N 124.9500E  11.60  35.48  86.37  11.60 0.80 0   6
  24 161125 0556  2.00 72.7350N 124.9700E   5.70  34.84  82.01   5.70 0.20 0   6
  25 170117 0846 48.60 72.2130N 127.3400E  22.00 -45.97  23.77  22.00 0.30 0   6
  26 170122 1614 27.60 71.9670N 128.0400E  10.30 -70.45  -3.68  10.30 0.90 0   6
  27 170125 2244  0.20 72.4440N 126.0200E  13.10  -0.68  49.54  13.10 0.80 0   6
  28 170302 1359 59.10 72.6830N 124.8900E  11.50  37.60  76.21  11.50 0.50 0   7
  29 170302 2335 20.20 71.8850N 130.3000E  14.80-148.82 -12.83  14.80 2.10 0   9
  30 170304 2135  2.90 72.6880N 124.9400E  13.40  35.90  76.77  13.40 1.30 0   7
  31 170307 0447 21.00 72.6940N 124.9200E  14.20  36.57  77.44  14.20 1.70 0  10
  32 170307 2016 50.80 72.6910N 124.9100E  15.30  36.91  77.10  15.30 1.10 0   6
  33 170309 1454  0.80 72.6830N 124.9000E  15.60  37.26  76.21  15.60 0.30 0   6
  34 170311 0430 55.40 72.3130N 126.5000E  24.50 -17.11  34.93  24.50 0.30 0   6
  35 170312 0416 39.20 71.9240N 128.0800E   3.40 -71.91  -8.48   3.40 2.10 0   6
  36 170313 0553 59.10 72.6980N 124.9200E  15.10  36.57  77.89  15.10 1.00 0   9
  37 170313 0809  5.60 72.4500N 125.0800E  14.90  31.36  50.21  14.90 1.20 0   7
  38 170315 0234 46.50 72.6540N 123.8400E  16.90  73.22  72.98  16.90 1.40 0   7
  39 170317 1007 14.10 72.2350N 125.9800E   3.90   0.69  26.22   3.90 0.50 0   7
  40 170320 0711 14.60 72.1250N 127.2200E  16.80 -41.95  13.95  16.80 0.90 0   6
  41 170320 0853 56.40 72.7090N 124.9700E   5.10  34.86  79.11   5.10 0.40 0   6
  42 170320 1900 34.30 72.4150N 126.1200E  18.00  -4.09  46.31  18.00 0.60 0   7
  43 170323 0519 24.60 71.6470N 129.1800E   5.20-110.76 -39.39   5.20 1.20 0   6
  44 170323 1612 49.70 72.4530N 125.1100E   8.30  30.33  50.55   8.30 0.50 0   6
  45 170323 1906 41.20 72.4070N 130.2500E  18.30-145.04  45.41  18.30 1.00 0   6
  46 170326 0836 34.10 71.9930N 127.6700E  16.10 -57.63  -0.78  16.10 1.50 0   7
  47 170402 0422  1.00 72.7220N 125.6900E  21.90  10.49  80.56  21.90 1.20 0  10
  48 170402 0636 37.20 72.7310N 125.6900E  23.50  10.49  81.57  23.50 0.70 0   6
  49 170404 2347 35.70 72.7580N 124.3800E  22.60  54.76  84.58  22.60 0.50 0   6
  50 170405 0307 36.10 71.6810N 128.9500E  15.30-102.66 -35.60  15.30 1.00 0  10
  51 170405 1410 53.20 71.5100N 128.9000E   9.30-101.37 -54.68   9.30 1.70 0  10
  52 170406 0838 43.20 72.3850N 129.3800E  15.50-115.42  42.96  15.50 0.90 0  10
  53 170406 1728  1.00 72.7230N 125.6900E  21.30  10.49  80.67  21.30 0.90 0  10
 WARNING:
 epicentral distance: 325.9 > dmax ( 300.0) ==> skipping phase !
 WARNING:
 epicentral distance: 332.9 > dmax ( 300.0) ==> skipping phase !
 WARNING:
 epicentral distance: 345.3 > dmax ( 300.0) ==> skipping phase !
 WARNING:
 epicentral distance: 391.9 > dmax ( 300.0) ==> skipping phase !
  54 170407 1729  3.40 74.8930N 128.6300E  15.60 -83.67 322.81  15.60 1.80 0   2
 WARNING:
 epicentral distance: 311.3 > dmax ( 300.0) ==> skipping phase !
 WARNING:
 epicentral distance: 315.4 > dmax ( 300.0) ==> skipping phase !
 WARNING:
 epicentral distance: 328.9 > dmax ( 300.0) ==> skipping phase !
 WARNING:
 epicentral distance: 374.2 > dmax ( 300.0) ==> skipping phase !
  55 170407 1729  3.50 74.7270N 128.8100E   0.40 -89.83 304.29   0.40 1.60 0   5
  56 170408 1004 44.90 72.6070N 124.9400E  15.00  35.98  67.73  15.00 1.40 0  13
  57 170409 0856 47.20 73.3850N 128.5500E  15.60 -84.71 154.54  15.60 2.50 0   6
  58 170409 0902 45.60 73.3500N 128.4400E  15.10 -81.13 150.64  15.10 1.10 0   7
  59 170410 1520  8.50 72.0030N 128.3900E   2.70 -82.46   0.33   2.70 1.00 0  10
  60 170410 1813  3.60 70.9360N 129.1200E   3.70-110.72-118.73   3.70 2.20 0  13
  61 170412 1507  0.60 71.5070N 129.7200E   0.00-130.05 -55.01   0.00 0.70 0   6
  62 170413 0651 20.10 73.3680N 125.4200E  15.60  19.28 152.65  15.60 1.00 0  10
  63 170414 0459 18.80 72.2680N 127.3800E  20.10 -47.27  29.90  20.10 0.50 0   7
  64 170414 0540  4.80 73.6400N 130.9700E   8.00-163.92 183.00   8.00 1.80 0  11
  65 170414 1656 23.40 72.1850N 127.4000E  15.50 -48.06  20.64  15.50 0.20 0   6
  66 170414 1753 32.80 72.3840N 130.4600E  17.90-152.30  42.85  17.90 0.70 0   6
  67 170416 0523 41.90 71.9560N 127.0800E  19.20 -37.31  -4.91  19.20 1.60 0  13
  68 170416 1220 14.20 72.9470N 124.4900E  20.40  50.77 105.67  20.40 1.00 0  11
 WARNING:
 epicentral distance: 320.3 > dmax ( 300.0) ==> skipping phase !
 WARNING:
 epicentral distance: 381.0 > dmax ( 300.0) ==> skipping phase !
 WARNING:
 epicentral distance: 398.8 > dmax ( 300.0) ==> skipping phase !
 WARNING:
 epicentral distance: 405.0 > dmax ( 300.0) ==> skipping phase !
 WARNING:
 epicentral distance: 424.8 > dmax ( 300.0) ==> skipping phase !
 WARNING:
 epicentral distance: 431.2 > dmax ( 300.0) ==> skipping phase !
 WARNING:
 epicentral distance: 445.5 > dmax ( 300.0) ==> skipping phase !
 WARNING:
 epicentral distance: 451.8 > dmax ( 300.0) ==> skipping phase !
 WARNING:
 epicentral distance: 464.3 > dmax ( 300.0) ==> skipping phase !
  69 170416 1257 48.30 68.8710N 131.7500E  73.50-214.97-349.14  73.50 2.20 0   0
  70 170416 1821  5.50 72.8670N 125.0000E  19.30  33.70  96.74  19.30 1.30 0  13
  71 170418 0606  4.10 72.5080N 125.8200E   1.30   6.13  56.68   1.30 0.20 0   6
 WARNING:
 epicentral distance: 315.2 > dmax ( 300.0) ==> skipping phase !
 WARNING:
 epicentral distance: 332.1 > dmax ( 300.0) ==> skipping phase !
 WARNING:
 epicentral distance: 345.3 > dmax ( 300.0) ==> skipping phase !
 WARNING:
 epicentral distance: 352.6 > dmax ( 300.0) ==> skipping phase !
 WARNING:
 epicentral distance: 346.7 > dmax ( 300.0) ==> skipping phase !
 WARNING:
 epicentral distance: 356.6 > dmax ( 300.0) ==> skipping phase !
 WARNING:
 epicentral distance: 363.9 > dmax ( 300.0) ==> skipping phase !
 WARNING:
 epicentral distance: 372.8 > dmax ( 300.0) ==> skipping phase !
 WARNING:
 epicentral distance: 378.6 > dmax ( 300.0) ==> skipping phase !
 WARNING:
 epicentral distance: 378.6 > dmax ( 300.0) ==> skipping phase !
  72 170418 1005 56.80 69.3310N 122.4100E  97.00 132.70-297.82  97.00 2.20 0   1
  73 170418 1500 12.90 72.7340N 124.5100E  23.10  50.40  81.90  23.10 1.30 0  12
  74 170420 1302 36.20 72.6290N 129.0200E  21.80-102.44  70.19  21.80 0.90 0  11
  75 170420 2248 46.70 72.0220N 129.1200E   0.00-107.59   2.46   0.00 0.70 0  11
 WARNING:
 epicentral distance: 313.1 > dmax ( 300.0) ==> skipping phase !
 WARNING:
 epicentral distance: 324.4 > dmax ( 300.0) ==> skipping phase !
 WARNING:
 epicentral distance: 324.2 > dmax ( 300.0) ==> skipping phase !
 WARNING:
 epicentral distance: 342.4 > dmax ( 300.0) ==> skipping phase !
 WARNING:
 epicentral distance: 349.0 > dmax ( 300.0) ==> skipping phase !
 WARNING:
 epicentral distance: 380.2 > dmax ( 300.0) ==> skipping phase !
 WARNING:
 epicentral distance: 381.6 > dmax ( 300.0) ==> skipping phase !
 WARNING:
 epicentral distance: 408.0 > dmax ( 300.0) ==> skipping phase !
  76 170423 0850 54.60 74.7080N 132.7900E   0.10-217.19 302.17   0.10 1.90 0   0
  77 170423 1455 44.10 72.8400N 124.4900E  16.80  50.92  93.73  16.80 0.60 0   8
  78 170423 2313 41.80 72.5960N 124.8700E  22.00  38.36  66.50  22.00 1.30 0  12
  79 170424 0609 58.60 71.9600N 128.0200E   0.10 -69.77  -4.46   0.10 1.10 0  12
  80 170424 0755 26.70 71.9480N 128.0300E   0.00 -70.14  -5.80   0.00 1.00 0  12
  81 170424 0755 26.90 71.9590N 128.0300E   0.00 -70.12  -4.57   0.00 1.00 0  12
  82 170425 0652 23.30 71.9600N 128.0300E   0.00 -70.12  -4.46   0.00 1.20 0   9
  83 170426 0051 23.20 71.9450N 128.0600E   6.60 -71.18  -6.14   6.60 0.70 0   6
  84 170426 1425 21.20 72.0790N 127.2600E  21.00 -43.38   8.82  21.00 0.10 0   6
  85 170426 1834 24.60 71.5840N 130.8000E  10.90-167.46 -46.42  10.90 1.20 0   8
  86 170426 1840 44.10 72.2710N 126.3600E  18.10 -12.33  30.24  18.10 1.30 0   8
  87 170427 0912 28.80 72.0640N 127.7900E   2.60 -61.65   7.14   2.60 0.90 0   8
  88 170427 1041 38.10 71.7480N 128.9900E   8.40-103.86 -28.12   8.40 0.70 0   7
  89 170427 2010 47.80 72.8010N 130.2000E  20.20-141.80  89.38  20.20 1.30 0   8
  90 170427 2010 48.30 72.7890N 130.1400E  20.10-139.82  88.04  20.10 1.30 0   8
  91 170427 2342 34.10 72.7630N 125.0100E  19.50  33.46  85.14  19.50 0.80 0   6

 readings for station 624  :  74
 readings for station 628  :  69
 readings for station 630  :  53
 readings for station 627  :  46
 readings for station 621  :  59
 readings for station 629  :  43
 readings for station 622  :  58
 readings for station 620  :  48
 readings for station 623  :  55
 readings for station 626  :  52
 readings for station 625  :  49
 readings for station 631  :  49
 readings for station 632  :  24

 Total number of stations with readings:  13

 Total number of readings:     679
 Total number of P readings:       0
 Total number of S readings:       0


 ~~~ store parts of G ...
 ~~~ compute RMS and DATVAR ...

 Total number of observations is:   679


 $$$$$$$$$$$$$$$$$$$$$$$$$$$$$$$$$$$$$$$$$$$$$$$$$
 Events with  | AVRES | > 1.0 SEC are suspicious !

 Event#  54 >>>  170407 1729  AVRES = -2.50 NOBS =  2
 Event#  55 >>>  170407 1729  AVRES = -2.06 NOBS =  5
 Event#  72 >>>  170418 1005  AVRES = -2.67 NOBS =  1

 ^^^^^^^^^ C H E C K   these events above ^^^^^^^^
 $$$$$$$$$$$$$$$$$$$$$$$$$$$$$$$$$$$$$$$$$$$$$$$$$

 ~~~ save initial datvar ...

 Iteration nr  0 obtained:
 DATVAR=    0.555003 mean sqrd residual=     0.249302  RMS RESIDUAL=     0.499301

 After  0 iterations we got:
 Average absolute & unweighted [and mean] residual of
   351 straight and direct rays =  0.37232 [ -0.22819]
   328 refracted           rays =  0.42101 [ -0.30774]
     0 reflected           rays =  0.00000 [  0.00000]

   679 ALL                 RAYS =  0.39584 [ -0.26662]        0.00 %




--------------------------------------------------------------------------------



           ITERATION no  1

 ~~~ set units for this iteration ...
 ~~~ determine number of unknowns for this iter. ...

 Number of unknowns (for array-indexing):  nvar =  386
 Number of effective unknowns        :  nvareff =  387
 Number of elements on/below main diagonal of matrix G = At*A : kvar =   74691

 Damping factors to be used in this iteration:
   Othet=   0.010   XYthet  =   0.010   Zthet=  0.010
 STAthet=   0.010   Vthet   =   1.000

 ~~~ damp G ...
 ~~~ solve G * b = RHT ...
 ~~~ fix units ...
 ~~~ apply eventually step-length damping ...
 ~~~ adjust model (hypocenters, stacorr & veloc.) ...

 doing velocity adjustments now...

 doing station-correction adjustments...

 ~~~ compute effective step-length ...

 (Applied) Step length =  15.269

 ~~~ set units for next iteration ...
 ~~~ determine number of unknowns for next iter. ...

 Number of unknowns (for array-indexing):  nvar =  386
 Number of effective unknowns        :  nvareff =  387
 Number of elements on/below main diagonal of matrix G = At*A : kvar =   74691

 ~~~ reset G and RHT ...
 ~~~ raytracing, setup G ...
 ~~~ store parts of G ...
 ~~~ set units back for current iteration ...
 ~~~ determine number of unknowns for this iter. ...

 Number of unknowns (for array-indexing):  nvar =  386
 Number of effective unknowns        :  nvareff =  387
 Number of elements on/below main diagonal of matrix G = At*A : kvar =   74691

 ~~~ compute RMS and DATVAR ...

 $$$$$$$$$$$$$$$$$$$$$$$$$$$$$$$$$$$$$$$$$$$$$$$$$
 Events with  | AVRES | > 1.0 SEC are suspicious !

 ZERO events of this kind found! (lucky guy!!!)

 ~~~ check solution (better? worse?) ...

 Iteration nr  1 obtained:
 DATVAR=    0.212919 mean sqrd residual=     0.091565  RMS RESIDUAL=     0.302597

 After  1 iterations we got:
 Average absolute & unweighted [and mean] residual of
   373 straight and direct rays =  0.14309 [ -0.04075]
   306 refracted           rays =  0.24246 [ -0.06889]
     0 reflected           rays =  0.00000 [  0.00000]

   679 ALL                 RAYS =  0.18787 [ -0.05343]      -52.54 %

 ~~~ iteration done; output results ...

  eq       ot     x      y      z      rms    avres   dot     dx     dy     dz
    1      8.94  38.25 112.08  23.41   0.14  -0.02   -0.163 -0.357  0.162  0.306
    2      9.12  37.76 110.82  23.13   0.13  -0.02   -0.181 -0.195  0.239  0.335
    3     27.10-131.01  -7.39  13.76   0.34  -0.13   -0.196 -1.008  1.207  1.656
    4     15.29-131.17  -6.00   9.40   0.29  -0.02   -0.413 -0.184  0.915 -1.600
    5     45.55 -40.07  38.30  23.65   0.08  -0.03   -0.153  0.268 -0.528 -0.153
    6     49.31 -36.26  40.39  17.74   0.12  -0.05   -0.187  0.634 -0.342  1.245
    7     13.50-134.31-119.40   5.79   0.16  -0.13   -0.500  0.908 -0.337 -0.613
    8     30.14-141.30 -43.22   9.21   0.18  -0.06   -0.259 -0.438  0.632  0.607
    9     39.43  10.72  56.11  12.14   0.08  -0.08   -0.274 -0.168 -0.570  0.041
   10     17.78 -88.84-308.15  16.24   1.06  -0.07   -0.521 -1.769  0.159  0.045
   11      4.81 -64.49-309.64  15.67   1.34  -0.17   -0.791 -2.224  0.002  0.068
   12     50.97  34.98  94.79  17.71   0.19  -0.07   -0.225 -0.086  0.166  2.106
   13     46.70  33.25  98.16  19.20   0.15  -0.05   -0.197 -0.104  0.302  0.198
   14     55.65  33.41  97.17  14.73   0.06  -0.08   -0.251  0.056 -0.351  0.833
   15     44.47  33.78  97.72  17.89   0.21  -0.05   -0.226 -0.248  0.415  0.686
   16     44.61  34.54  96.60  19.29   0.23  -0.03   -0.285 -0.518  0.859  0.691
   17     21.85  -0.92  82.61  19.10   0.10  -0.05   -0.253  0.094  0.261  0.596
   18     36.23 -33.32   4.52  11.66   0.10  -0.09   -0.267  0.798  0.059  0.460
   19     33.10  40.88  63.68  10.49   0.10  -0.08   -0.198 -0.565 -0.477  0.388
   20     45.74  37.52  85.10  16.22   0.06  -0.07   -0.256 -0.329 -0.040  0.017
   21     33.98  36.03  82.41  12.45   0.21  -0.09   -0.117 -0.491 -0.386 -2.046
   22     25.70  35.29  85.31  13.43   0.17  -0.07   -0.197 -0.531 -0.051 -0.073
   23     15.70  34.55  85.94  10.66   0.28  -0.10   -0.205 -0.922 -0.421 -0.945
   24      1.61  34.19  83.02   5.15   0.39  -0.09   -0.389 -0.642  1.011 -0.547
   25     48.59 -45.57  22.91  22.87   0.11   0.01   -0.013  0.396 -0.860  0.867
   26     27.35 -69.73  -4.43  10.81   0.09  -0.08   -0.251  0.719 -0.749  0.512
   27      0.02  -0.28  48.66  13.39   0.04  -0.05   -0.183  0.398 -0.879  0.287
   28     58.89  37.52  76.22  11.09   0.21  -0.06   -0.209 -0.079  0.006 -0.412
   29     19.95-148.67 -12.13  14.55   0.16  -0.02   -0.252  0.151  0.704 -0.250
   30      2.83  35.80  76.02  11.81   0.28  -0.04   -0.068 -0.093 -0.751 -1.587
   31     20.83  35.68  77.06  13.57   0.10  -0.07   -0.168 -0.891 -0.378 -0.634
   32     50.64  36.54  76.62  15.18   0.08  -0.07   -0.156 -0.366 -0.482 -0.121
   33      0.73  37.01  75.70  15.32   0.08  -0.05   -0.070 -0.251 -0.509 -0.285
   34     55.34 -16.40  34.64  24.73   0.06  -0.00   -0.056  0.708 -0.282  0.231
   35     39.22 -69.82  -7.94   3.96   0.29  -0.06    0.021  2.089  0.539  0.558
   36     59.02  36.17  77.33  14.53   0.13  -0.04   -0.084 -0.393 -0.555 -0.572
   37      5.44  31.05  49.85  14.23   0.09  -0.06   -0.164 -0.314 -0.366 -0.670
   38     46.33  72.83  72.39  16.86   0.20  -0.04   -0.167 -0.393 -0.582 -0.040
   39     13.79   0.75  25.74   4.32   0.13  -0.05   -0.314  0.068 -0.479  0.422
   40     14.37 -41.89  13.87  16.59   0.13  -0.05   -0.229  0.066 -0.079 -0.212
   41     56.10  34.29  78.77   6.70   0.18  -0.11   -0.297 -0.573 -0.341  1.600
   42     34.20  -3.59  46.03  18.03   0.05  -0.02   -0.104  0.506 -0.280  0.028
   43     24.60-108.05 -38.08   4.45   0.22  -0.14    0.005  2.712  1.310 -0.745
   44     49.41  29.91  50.26   8.91   0.13  -0.08   -0.289 -0.429 -0.283  0.611
   45     41.03-144.92  46.28  18.87   0.16  -0.03   -0.170  0.116  0.864  0.575
   46     33.96 -57.08  -1.03  16.45   0.07  -0.03   -0.143  0.554 -0.248  0.349
   47      0.94  11.08  80.36  22.42   0.16  -0.00   -0.063  0.591 -0.204  0.515
   48     37.18  10.97  81.51  23.59   0.03   0.00   -0.025  0.487 -0.058  0.088
   49     35.59  53.85  84.38  22.46   0.10  -0.03   -0.107 -0.908 -0.202 -0.139
   50     35.99-101.63 -35.34  14.53   0.10  -0.05   -0.106  1.028  0.252 -0.773
   51     52.91-100.27 -54.49   8.24   0.36  -0.09   -0.294  1.101  0.190 -1.063
   52     43.01-115.59  44.31  15.67   0.25  -0.02   -0.193 -0.170  1.348  0.169
   53      0.93  11.00  80.76  21.97   0.14   0.00   -0.070  0.511  0.084  0.669
   54      1.20 -83.72 322.48  15.79   0.22  -0.63   -2.202 -0.048 -0.329  0.190
   55      1.73 -89.53 304.13   0.62   0.05  -0.51   -1.774  0.307 -0.160  0.223
   56     44.73  35.78  67.13  14.65   0.20  -0.06   -0.171 -0.198 -0.601 -0.345
   57     46.75 -84.55 155.26  15.79   0.32  -0.05   -0.447  0.155  0.721  0.195
   58     45.34 -79.82 151.41  15.02   0.25   0.00   -0.256  1.314  0.774 -0.083
   59      8.38 -81.01   0.21   1.54   0.67   0.03   -0.119  1.447 -0.125 -1.161
   60      3.29-109.78-117.73   2.78   0.46  -0.11   -0.313  0.939  1.000 -0.916
   61      0.22-130.97 -54.70   1.82   0.46  -0.11   -0.379 -0.920  0.310  1.706
   62     19.95  20.36 152.44  16.97   0.33  -0.04   -0.155  1.082 -0.206  1.372
   63     18.68 -46.80  29.37  21.02   0.05  -0.03   -0.120  0.475 -0.538  0.918
   64      4.18-160.70 187.25   8.38   0.50  -0.10   -0.618  3.220  4.255  0.380
   65     23.29 -47.42  19.94  16.01   0.07  -0.04   -0.110  0.643 -0.697  0.510
   66     32.72-152.18  44.14  18.85   0.27  -0.03   -0.077  0.124  1.291  0.951
   67     41.81 -36.68  -5.54  18.41   0.10  -0.01   -0.090  0.627 -0.628 -0.786
   68     13.94  50.57 106.70  20.29   0.24  -0.02   -0.264 -0.208  1.032 -0.108
   69     48.30-214.97-349.14  73.50   0.00   0.00    0.000  0.000  0.000  0.000
   70      5.28  33.69  97.04  19.33   0.14  -0.02   -0.217 -0.008  0.301  0.031
 ***** depth constrained for event    71
   71      4.63   6.03  57.70   6.30   0.57  -0.77    0.527 -0.100  1.015  5.000
   72     54.24 132.49-297.55  96.91   0.46  -0.68   -2.560 -0.203  0.266 -0.087
   73     12.79  50.74  81.42  23.45   0.21  -0.01   -0.113  0.348 -0.478  0.351
   74     36.02-102.86  70.78  24.20   0.18  -0.03   -0.177 -0.420  0.596  2.401
   75     46.40-108.94   4.38   1.72   0.89  -0.02   -0.300 -1.357  1.925  1.609
   76     54.60-217.19 302.17   0.10   0.00   0.00    0.000  0.000  0.000  0.000
   77     43.91  50.85  93.95  17.26   0.08  -0.05   -0.194 -0.074  0.217  0.455
   78     41.65  38.53  65.76  22.28   0.17  -0.04   -0.151  0.168 -0.749  0.284
   79     58.63 -67.85  -4.98   1.56   0.57   0.07    0.025  1.925 -0.514  1.458
   80     26.76 -68.45  -6.46   2.03   0.27  -0.08    0.057  1.691 -0.655  1.924
   81     26.98 -68.05  -5.16   1.29   0.56   0.07    0.081  2.067 -0.586  1.179
   82     23.30 -67.78  -5.06   0.79   0.90   0.29    0.002  2.337 -0.596  0.681
   83     23.06 -69.82  -5.66   7.34   0.13  -0.10   -0.138  1.363  0.481  0.740
   84     21.14 -42.66   7.91  21.14   0.06  -0.01   -0.057  0.723 -0.901  0.135
   85     24.23-167.33 -46.44  10.59   0.20  -0.04   -0.370  0.132 -0.023 -0.306
   86     43.94 -12.07  29.54  18.46   0.05  -0.04   -0.163  0.264 -0.701  0.362
   87     28.65 -60.86   6.38   2.99   0.24  -0.04   -0.150  0.798 -0.766  0.390
   88     37.79-102.84 -28.45   7.57   0.27  -0.13   -0.309  1.025 -0.326 -0.833
   89     47.58-142.16  89.83  20.84   0.27  -0.01   -0.222 -0.360  0.454  0.636
   90     48.05-139.99  88.83  20.84   0.24  -0.03   -0.251 -0.168  0.789  0.736
   91     33.84  33.85  84.94  19.75   0.22  -0.06   -0.261  0.390 -0.200  0.252

 A V E R A G E   of ADJUSTMENTS :                    -0.252  0.207  0.058  0.272
 A V E R A G E   of ABSOLUTE ADJUSTMENTS :            0.268  0.640  0.538  0.670


 Step length damping of 0.75048 was applied.


 Velocity adjustments:
     vp    dvp      hp   reflector
 Velocity model   1
   5.145 -0.055   -5.000      
   5.348 -0.072   -3.060      
   5.729  0.079    1.740      
   6.260  0.200   12.610      
   6.279  0.039   13.250      
   6.377 -0.033   19.100      
   6.501  0.001   25.290      
   6.891 -0.079   25.420      
   7.241  0.071   35.660      
   7.298 -0.102   36.930      

 Calculation of average velocity starts at layer #           1
 z = -5.00 ... -3.06    v = 5.15    AVEL = 5.15 downto z =  -3.06
 z = -3.06 ...  1.74    v = 5.35    AVEL = 5.29 downto z =   1.74
 z =  1.74 ... 12.61    v = 5.73    AVEL = 5.56 downto z =  12.61
 z = 12.61 ... 13.25    v = 6.26    AVEL = 5.59 downto z =  13.25
 z = 13.25 ... 19.10    v = 6.28    AVEL = 5.75 downto z =  19.10
 z = 19.10 ... 25.29    v = 6.38    AVEL = 5.88 downto z =  25.29
 z = 25.29 ... 25.42    v = 6.50    AVEL = 5.88 downto z =  25.42
 z = 25.42 ... 35.66    v = 6.89    AVEL = 6.14 downto z =  35.66
 z = 35.66 ... 36.93    v = 7.24    AVEL = 6.17 downto z =  36.93


 Calculation of average velocity starts at layer #           2
 z = -3.06 ...  1.74    v = 5.35    AVEL = 5.35 downto z =   1.74
 z =  1.74 ... 12.61    v = 5.73    AVEL = 5.61 downto z =  12.61
 z = 12.61 ... 13.25    v = 6.26    AVEL = 5.64 downto z =  13.25
 z = 13.25 ... 19.10    v = 6.28    AVEL = 5.81 downto z =  19.10
 z = 19.10 ... 25.29    v = 6.38    AVEL = 5.93 downto z =  25.29
 z = 25.29 ... 25.42    v = 6.50    AVEL = 5.93 downto z =  25.42
 z = 25.42 ... 35.66    v = 6.89    AVEL = 6.19 downto z =  35.66
 z = 35.66 ... 36.93    v = 7.24    AVEL = 6.22 downto z =  36.93



 Adjusted station corrections:
   stn  ptcor  dpcor  
  624   0.000  0.000  628  -0.191 -0.191  630  -0.104 -0.104  627   0.089  0.089
  621   0.043  0.043  629   0.115  0.115  622   0.063  0.063  620  -0.031 -0.031
  623   0.195  0.195  626   0.125  0.125  625   0.101  0.101  631   0.169  0.169
  632  -0.157 -0.157

 ~~~ another iteration? ...



--------------------------------------------------------------------------------



           ITERATION no  2

 ~~~ set units for this iteration ...
 ~~~ determine number of unknowns for this iter. ...

 Number of unknowns (for array-indexing):  nvar =  386
 Number of effective unknowns        :  nvareff =  387
 Number of elements on/below main diagonal of matrix G = At*A : kvar =   74691

 Damping factors to be used in this iteration:
   Othet=   0.010   XYthet  =   0.010   Zthet=  0.010
 STAthet=   0.010   Vthet   =   1.000

 ~~~ damp G ...
 ~~~ solve G * b = RHT ...
 ~~~ fix units ...
 ~~~ apply eventually step-length damping ...
 ~~~ adjust model (hypocenters, stacorr & veloc.) ...

 doing velocity adjustments now...
 WARNING: Tried to introduce a low-velocity-layer! (Layer  5)
 Setting DVP from -0.03 to 0.0 and VP to vp(layer_above)+0.001
 WARNING: Tried to introduce a low-velocity-layer! (Layer 10)
 Setting DVP from -0.06 to 0.0 and VP to vp(layer_above)+0.001

 doing station-correction adjustments...

 ~~~ compute effective step-length ...

 (Applied) Step length =   7.036

 ~~~ set units for next iteration ...
 ~~~ determine number of unknowns for next iter. ...

 Number of unknowns (for array-indexing):  nvar =  386
 Number of effective unknowns        :  nvareff =  387
 Number of elements on/below main diagonal of matrix G = At*A : kvar =   74691

 ~~~ reset G and RHT ...
 ~~~ raytracing, setup G ...
 ~~~ store parts of G ...
 ~~~ set units back for current iteration ...
 ~~~ determine number of unknowns for this iter. ...

 Number of unknowns (for array-indexing):  nvar =  386
 Number of effective unknowns        :  nvareff =  387
 Number of elements on/below main diagonal of matrix G = At*A : kvar =   74691

 ~~~ compute RMS and DATVAR ...

 $$$$$$$$$$$$$$$$$$$$$$$$$$$$$$$$$$$$$$$$$$$$$$$$$
 Events with  | AVRES | > 1.0 SEC are suspicious !

 ZERO events of this kind found! (lucky guy!!!)

 ~~~ check solution (better? worse?) ...

 Iteration nr  2 obtained:
 DATVAR=    0.142009 mean sqrd residual=     0.061070  RMS RESIDUAL=     0.247123

 After  2 iterations we got:
 Average absolute & unweighted [and mean] residual of
   420 straight and direct rays =  0.13160 [  0.03907]
   259 refracted           rays =  0.21848 [  0.02491]
     0 reflected           rays =  0.00000 [  0.00000]

   679 ALL                 RAYS =  0.16474 [  0.03367]      -12.31 %

 ~~~ iteration done; output results ...

  eq       ot     x      y      z      rms    avres   dot     dx     dy     dz
    1      8.84  38.01 112.20  23.29   0.15   0.04   -0.101 -0.243  0.125 -0.114
    2      9.02  37.49 110.90  22.83   0.15   0.06   -0.103 -0.269  0.081 -0.307
    3     26.93-131.26  -7.17  14.31   0.32   0.02   -0.178 -0.256  0.214  0.559
    4     15.15-131.42  -5.51   8.53   0.24   0.05   -0.140 -0.246  0.497 -0.873
    5     45.48 -39.87  38.02  23.37   0.07   0.04   -0.065  0.195 -0.280 -0.274
    6     49.20 -36.08  40.24  18.35   0.11   0.06   -0.114  0.183 -0.145  0.608
    7     13.38-133.93-119.62   5.80   0.17   0.01   -0.116  0.375 -0.220  0.012
    8     30.05-141.50 -43.10   9.60   0.19   0.02   -0.093 -0.198  0.120  0.398
    9     39.38  10.57  55.86  11.92   0.09   0.01   -0.051 -0.156 -0.254 -0.226
   10     17.59 -89.97-308.06  16.26   0.97   0.17   -0.192 -1.139  0.091  0.016
   11      4.57 -65.93-309.67  15.69   1.25   0.12   -0.239 -1.448 -0.023  0.019
   12     50.83  34.96  94.94  18.70   0.18   0.05   -0.144 -0.025  0.156  0.990
   13     46.59  33.19  98.23  19.37   0.15   0.05   -0.114 -0.061  0.071  0.176
   14     55.54  33.33  97.02  15.25   0.08   0.06   -0.108 -0.083 -0.153  0.518
   15     44.36  33.72  97.82  18.17   0.21   0.06   -0.115 -0.064  0.106  0.288
   16     44.47  34.36  96.91  19.46   0.22   0.06   -0.146 -0.174  0.315  0.173
   17     21.73  -0.90  82.80  19.28   0.08   0.04   -0.118  0.020  0.192  0.182
   18     36.20 -32.90   4.47  11.40   0.09  -0.00   -0.033  0.426 -0.054 -0.261
   19     33.04  40.81  63.51  10.44   0.09   0.04   -0.062 -0.069 -0.177 -0.048
   20     45.64  37.39  84.99  16.06   0.06   0.05   -0.102 -0.131 -0.109 -0.160
   21     33.93  35.91  82.31  12.04   0.19   0.00   -0.052 -0.117 -0.097 -0.411
   22     25.62  35.05  85.21  13.36   0.16   0.06   -0.086 -0.241 -0.102 -0.070
   23     15.66  34.31  85.71   9.95   0.26   0.01   -0.035 -0.246 -0.236 -0.705
   24      1.48  34.18  83.43   4.70   0.35   0.05   -0.134 -0.019  0.402 -0.452
   25     48.49 -45.40  22.59  23.38   0.09   0.07   -0.097  0.174 -0.314  0.515
   26     27.30 -69.34  -4.45  10.71   0.07   0.01   -0.045  0.393 -0.023 -0.100
   27     59.94  -0.23  48.26  13.44   0.03   0.06   -0.075  0.054 -0.408  0.048
   28     58.84  37.38  76.06  10.45   0.15   0.03   -0.052 -0.138 -0.158 -0.639
   29     19.84-148.62 -11.85  14.91   0.16   0.09   -0.104  0.055  0.275  0.360
   30      2.80  36.30  75.73  12.45   0.27   0.02   -0.036  0.499 -0.289  0.637
   31     20.76  35.36  76.91  13.31   0.09   0.05   -0.076 -0.319 -0.156 -0.252
   32     50.57  36.40  76.36  15.20   0.07   0.06   -0.075 -0.143 -0.259  0.020
   33      0.67  36.86  75.52  15.21   0.05   0.05   -0.058 -0.144 -0.184 -0.103
   34     55.26 -16.17  34.48  24.87   0.06   0.07   -0.080  0.225 -0.161  0.136
   35     39.19 -69.35  -7.67   4.18   0.25   0.08   -0.027  0.471  0.274  0.224
   36     58.96  35.97  77.11  14.35   0.11   0.06   -0.061 -0.199 -0.224 -0.175
   37      5.36  30.92  49.71  13.94   0.10   0.06   -0.079 -0.124 -0.134 -0.293
   38     46.25  72.59  72.11  17.24   0.20   0.07   -0.082 -0.232 -0.281  0.377
   39     13.66   0.80  25.61   4.43   0.11   0.08   -0.124  0.045 -0.135  0.108
   40     14.27 -41.78  13.78  16.65   0.15   0.06   -0.104  0.109 -0.085  0.062
   41     56.01  34.32  78.63   7.23   0.16   0.04   -0.089  0.027 -0.139  0.526
   42     34.12  -3.48  45.82  18.10   0.05   0.06   -0.073  0.104 -0.203  0.074
   43     24.62-107.10 -38.04   3.83   0.20   0.02    0.017  0.945  0.035 -0.625
   44     49.33  29.97  50.10   8.99   0.10   0.04   -0.085  0.064 -0.163  0.078
   45     40.93-144.99  46.45  19.35   0.13   0.03   -0.095 -0.067  0.176  0.472
   46     33.86 -56.87  -1.16  16.70   0.06   0.07   -0.096  0.205 -0.134  0.251
   47      0.87  11.27  80.25  22.52   0.19   0.06   -0.071  0.192 -0.113  0.102
   48     37.11  11.10  81.47  23.56   0.04   0.07   -0.067  0.131 -0.038 -0.030
   49     35.55  53.32  84.17  22.31   0.07   0.06   -0.040 -0.528 -0.210 -0.151
   50     35.95-100.97 -35.17  13.99   0.07   0.06   -0.044  0.653  0.174 -0.532
   51     52.83 -99.68 -53.91   6.48   0.30   0.03   -0.078  0.598  0.576 -1.753
   52     42.85-115.80  44.83  15.56   0.24   0.07   -0.162 -0.216  0.517 -0.112
   53      0.85  11.17  80.76  22.13   0.16   0.07   -0.080  0.175  0.002  0.161
   54      0.70 -83.79 322.39  15.83   0.22  -0.06   -0.501 -0.070 -0.096  0.041
   55      1.33 -89.37 304.12   0.67   0.06  -0.04   -0.393  0.160 -0.010  0.050
   56     44.65  35.65  66.86  14.59   0.20   0.06   -0.082 -0.127 -0.272 -0.069
   57     46.56 -84.43 155.72  15.91   0.28   0.07   -0.198  0.125  0.451  0.111
   58     45.21 -79.17 151.97  15.57   0.26   0.08   -0.131  0.652  0.553  0.549
   59      8.62 -80.11  -0.46   3.40   0.41  -0.16    0.236  0.901 -0.668  1.865
   60      3.31-108.97-116.93   2.31   0.46   0.02    0.027  0.809  0.793 -0.479
   61      0.12-131.47 -54.80   2.73   0.43   0.03   -0.101 -0.497 -0.096  0.916
   62     19.86  20.85 152.20  17.42   0.35   0.04   -0.082  0.495 -0.244  0.452
   63     18.59 -46.58  29.18  21.30   0.05   0.05   -0.087  0.218 -0.189  0.286
   64      3.94-159.39 189.24   8.56   0.45   0.10   -0.244  1.313  1.990  0.177
   65     23.20 -47.20  19.70  16.37   0.06   0.06   -0.088  0.225 -0.240  0.361
   66     32.63-152.24  44.71  19.19   0.27   0.00   -0.089 -0.063  0.566  0.337
   67     41.74 -36.47  -5.73  18.06   0.09   0.08   -0.071  0.216 -0.191 -0.351
   68     13.78  50.50 107.16  20.10   0.24   0.04   -0.156 -0.065  0.457 -0.193
   69     48.30-214.97-349.14  73.50   0.00   0.00    0.000  0.000  0.000  0.000
   70      5.18  33.61  97.07  19.28   0.15   0.07   -0.106 -0.079  0.024 -0.054
   71      4.24   6.20  57.10   5.55   0.57  -0.28   -0.392  0.171 -0.603 -0.752
   72     53.55 132.44-297.48  96.89   0.01   0.07   -0.685 -0.055  0.072 -0.024
   73     12.74  50.75  81.07  23.43   0.19   0.04   -0.052  0.010 -0.353 -0.022
   74     35.91-103.21  70.90  24.91   0.19   0.01   -0.115 -0.350  0.119  0.713
   75     46.36-109.08   4.95   0.99   0.90   0.01   -0.042 -0.139  0.572 -0.731
   76     54.60-217.19 302.17   0.10   0.00   0.00    0.000  0.000  0.000  0.000
   77     43.80  50.71  94.04  17.38   0.09   0.06   -0.106 -0.136  0.095  0.129
   78     41.59  38.45  65.31  22.05   0.17   0.04   -0.058 -0.083 -0.451 -0.236
   79     58.83 -67.05  -5.10   2.59   0.37  -0.11    0.208  0.792 -0.127  1.028
   80     26.62 -68.87  -6.45   1.27   0.26   0.03   -0.139 -0.419  0.004 -0.768
   81     27.14 -67.38  -5.35   2.07   0.36  -0.08    0.162  0.674 -0.194  0.783
   82     23.42 -67.66  -5.03   2.21   0.26  -0.12    0.120  0.117  0.031  1.423
   83     23.01 -69.47  -5.58   7.23   0.09   0.04   -0.053  0.351  0.074 -0.110
   84     21.05 -42.37   7.57  21.36   0.06   0.07   -0.098  0.288 -0.349  0.226
   85     24.14-167.44 -45.91  10.52   0.18   0.03   -0.090 -0.111  0.530 -0.071
   86     43.84 -12.01  29.30  18.61   0.05   0.06   -0.094  0.055 -0.238  0.143
   87     28.57 -60.77   6.15   3.18   0.18   0.09   -0.082  0.084 -0.227  0.185
   88     37.76-102.27 -28.46   7.14   0.24   0.01   -0.035  0.570 -0.017 -0.429
   89     47.46-142.39  90.10  21.24   0.27   0.03   -0.117 -0.233  0.266  0.407
   90     47.93-140.14  89.24  21.31   0.23   0.02   -0.121 -0.158  0.416  0.472
   91     33.72  33.99  84.86  19.84   0.21   0.03   -0.123  0.141 -0.076  0.092

 A V E R A G E   of ADJUSTMENTS :                    -0.096  0.053  0.012  0.065
 A V E R A G E   of ABSOLUTE ADJUSTMENTS :            0.113  0.270  0.239  0.349


 Step length damping of 0.50493 was applied.


 Velocity adjustments:
     vp    dvp      hp   reflector
 Velocity model   1
   4.945 -0.200   -5.000      
   5.162 -0.186   -3.060      
   5.792  0.063    1.740      
   6.272  0.012   12.610      
   6.273  0.000   13.250      
   6.321 -0.056   19.100      
   6.487 -0.014   25.290      
   6.862 -0.029   25.420      
   7.319  0.077   35.660      
   7.320  0.000   36.930      

 Calculation of average velocity starts at layer #           1
 z = -5.00 ... -3.06    v = 4.95    AVEL = 4.95 downto z =  -3.06
 z = -3.06 ...  1.74    v = 5.16    AVEL = 5.10 downto z =   1.74
 z =  1.74 ... 12.61    v = 5.79    AVEL = 5.53 downto z =  12.61
 z = 12.61 ... 13.25    v = 6.27    AVEL = 5.55 downto z =  13.25
 z = 13.25 ... 19.10    v = 6.27    AVEL = 5.73 downto z =  19.10
 z = 19.10 ... 25.29    v = 6.32    AVEL = 5.85 downto z =  25.29
 z = 25.29 ... 25.42    v = 6.49    AVEL = 5.85 downto z =  25.42
 z = 25.42 ... 35.66    v = 6.86    AVEL = 6.11 downto z =  35.66
 z = 35.66 ... 36.93    v = 7.32    AVEL = 6.14 downto z =  36.93


 Calculation of average velocity starts at layer #           2
 z = -3.06 ...  1.74    v = 5.16    AVEL = 5.16 downto z =   1.74
 z =  1.74 ... 12.61    v = 5.79    AVEL = 5.60 downto z =  12.61
 z = 12.61 ... 13.25    v = 6.27    AVEL = 5.63 downto z =  13.25
 z = 13.25 ... 19.10    v = 6.27    AVEL = 5.80 downto z =  19.10
 z = 19.10 ... 25.29    v = 6.32    AVEL = 5.91 downto z =  25.29
 z = 25.29 ... 25.42    v = 6.49    AVEL = 5.91 downto z =  25.42
 z = 25.42 ... 35.66    v = 6.86    AVEL = 6.16 downto z =  35.66
 z = 35.66 ... 36.93    v = 7.32    AVEL = 6.20 downto z =  36.93



 Adjusted station corrections:
   stn  ptcor  dpcor  
  624   0.000  0.000  628  -0.224 -0.033  630  -0.123 -0.019  627   0.109  0.020
  621   0.052  0.009  629   0.158  0.043  622   0.069  0.006  620  -0.036 -0.005
  623   0.233  0.038  626   0.157  0.032  625   0.140  0.039  631   0.208  0.039
  632  -0.196 -0.038

 ~~~ another iteration? ...



--------------------------------------------------------------------------------



           ITERATION no  3

 ~~~ set units for this iteration ...
 ~~~ determine number of unknowns for this iter. ...

 Number of unknowns (for array-indexing):  nvar =  386
 Number of effective unknowns        :  nvareff =  387
 Number of elements on/below main diagonal of matrix G = At*A : kvar =   74691

 Damping factors to be used in this iteration:
   Othet=   0.010   XYthet  =   0.010   Zthet=  0.010
 STAthet=   0.010   Vthet   =   1.000

 ~~~ damp G ...
 ~~~ solve G * b = RHT ...
 ~~~ fix units ...
 ~~~ apply eventually step-length damping ...
 ~~~ adjust model (hypocenters, stacorr & veloc.) ...

 doing velocity adjustments now...
 WARNING: Tried to introduce a low-velocity-layer! (Layer  5)
 Setting DVP from -0.07 to 0.0 and VP to vp(layer_above)+0.001
 WARNING: Tried to introduce a low-velocity-layer! (Layer  6)
 Setting DVP from -0.02 to 0.0 and VP to vp(layer_above)+0.001

 doing station-correction adjustments...

 ~~~ compute effective step-length ...

 (Applied) Step length =  10.737

 ~~~ set units for next iteration ...
 ~~~ determine number of unknowns for next iter. ...

 Number of unknowns (for array-indexing):  nvar =  386
 Number of effective unknowns        :  nvareff =  387
 Number of elements on/below main diagonal of matrix G = At*A : kvar =   74691

 ~~~ reset G and RHT ...
 ~~~ raytracing, setup G ...
 ~~~ store parts of G ...
 ~~~ set units back for current iteration ...
 ~~~ determine number of unknowns for this iter. ...

 Number of unknowns (for array-indexing):  nvar =  386
 Number of effective unknowns        :  nvareff =  387
 Number of elements on/below main diagonal of matrix G = At*A : kvar =   74691

 ~~~ compute RMS and DATVAR ...

 $$$$$$$$$$$$$$$$$$$$$$$$$$$$$$$$$$$$$$$$$$$$$$$$$
 Events with  | AVRES | > 1.0 SEC are suspicious !

 ZERO events of this kind found! (lucky guy!!!)

 ~~~ check solution (better? worse?) ...

 Iteration nr  3 obtained:
 DATVAR=    0.146373 mean sqrd residual=     0.062947  RMS RESIDUAL=     0.250892

 After  3 iterations we got:
 Average absolute & unweighted [and mean] residual of
   396 straight and direct rays =  0.11817 [ -0.01891]
   283 refracted           rays =  0.22000 [  0.07553]
     0 reflected           rays =  0.00000 [  0.00000]

   679 ALL                 RAYS =  0.16061 [  0.02045]       -2.50 %


  eq       ot     x      y      z      rms    avres   dot     dx     dy     dz
    1      8.86  37.81 112.24  22.97   0.15   0.02    0.022 -0.197  0.031 -0.323
    2      9.03  37.47 111.04  22.69   0.14   0.02    0.014 -0.017  0.141 -0.136
    3     26.87-131.66  -6.91  15.37   0.34   0.09   -0.053 -0.397  0.266  1.051
    4     15.10-131.94  -4.72   7.47   0.22  -0.00   -0.051 -0.523  0.787 -1.056
    5     45.54 -39.49  37.65  23.55   0.07   0.01    0.062  0.380 -0.377  0.173
    6     49.21 -35.92  40.19  19.09   0.10  -0.01    0.015  0.158 -0.053  0.735
    7     13.35-132.99-120.21   5.53   0.17   0.08   -0.037  0.941 -0.595 -0.273
    8     30.09-141.72 -43.09  10.44   0.20   0.09    0.039 -0.222  0.010  0.838
    9     39.35  10.69  55.71  12.92   0.09  -0.03   -0.029  0.125 -0.154  1.006
   10     17.54 -92.14-307.92  16.26   0.86   0.25   -0.048 -2.168  0.141  0.004
   11      4.47 -68.69-309.74  15.70   1.13   0.25   -0.095 -2.758 -0.077  0.008
   12     50.76  35.24  95.28  20.42   0.09   0.02   -0.070  0.282  0.336  1.724
   13     46.59  33.35  98.37  19.92   0.12   0.03    0.004  0.160  0.142  0.549
   14     55.56  33.54  96.84  16.53   0.07   0.04    0.018  0.211 -0.176  1.278
   15     44.36  33.84  98.06  18.71   0.17   0.05   -0.002  0.120  0.234  0.534
   16     44.42  34.25  97.51  19.59   0.18   0.05   -0.045 -0.114  0.597  0.121
   17     21.71  -0.90  83.04  19.47   0.09   0.02   -0.022 -0.003  0.240  0.190
   18     36.25 -32.55   4.90  11.80   0.07  -0.03    0.052  0.347  0.433  0.403
   19     33.08  40.71  63.56  10.93   0.07  -0.07    0.043 -0.104  0.054  0.486
   20     45.71  37.13  84.87  15.88   0.06   0.05    0.068 -0.258 -0.123 -0.177
   21     33.98  35.76  82.02  11.54   0.21  -0.02    0.045 -0.149 -0.292 -0.504
   22     25.71  35.03  85.19  12.98   0.17  -0.04    0.096 -0.024 -0.018 -0.376
   23     15.73  34.11  85.27   9.81   0.27  -0.04    0.072 -0.199 -0.438 -0.145
   24      1.46  33.93  84.13   4.84   0.34  -0.07   -0.021 -0.247  0.702  0.139
   25     48.53 -45.22  22.22  24.01   0.06  -0.03    0.035  0.182 -0.373  0.633
   26     27.31 -69.10  -4.86  11.34   0.04  -0.03    0.009  0.239 -0.403  0.624
   27     60.04  -0.13  47.99  13.26   0.06  -0.04    0.096  0.101 -0.271 -0.171
   28     58.92  37.05  75.73   9.29   0.15  -0.04    0.077 -0.327 -0.326 -1.154
   29     19.91-148.62 -11.54  15.70   0.14   0.10    0.063 -0.009  0.317  0.791
   30      2.86  37.08  75.14  13.72   0.30  -0.04    0.068  0.779 -0.585  1.274
   31     20.82  35.32  76.86  13.44   0.13   0.01    0.066 -0.038 -0.049  0.130
   32     50.64  36.42  76.09  15.08   0.09  -0.01    0.075  0.020 -0.277 -0.116
   33      0.74  36.84  75.41  15.12   0.08  -0.00    0.073 -0.026 -0.105 -0.092
   34     55.33 -15.92  34.40  24.93   0.06  -0.02    0.070  0.252 -0.087  0.063
   35     39.43 -68.29  -6.86   4.80   0.24  -0.09    0.241  1.067  0.805  0.618
   36     59.04  35.90  76.97  14.15   0.11   0.01    0.080 -0.075 -0.132 -0.203
   37      5.44  30.89  49.68  13.28   0.13  -0.05    0.087 -0.034 -0.032 -0.653
   38     46.32  72.25  71.95  17.64   0.20   0.05    0.064 -0.344 -0.165  0.402
   39     13.74   0.76  25.28   4.86   0.13  -0.09    0.079 -0.043 -0.330  0.433
   40     14.31 -41.71  13.60  16.57   0.17  -0.01    0.042  0.064 -0.184 -0.080
   41     56.04  34.27  78.56   8.81   0.16  -0.04    0.031 -0.042 -0.071  1.581
   42     34.20  -3.34  45.67  18.00   0.06  -0.02    0.080  0.146 -0.153 -0.098
   43     24.82-105.43 -37.87   3.27   0.20  -0.08    0.198  1.673  0.173 -0.565
   44     49.37  29.77  50.16   9.36   0.07  -0.07    0.049 -0.199  0.058  0.368
   45     40.97-144.91  47.05  20.33   0.13   0.09    0.035  0.078  0.597  0.980
   46     33.92 -56.63  -1.36  16.84   0.06  -0.01    0.059  0.245 -0.195  0.141
   47      0.94  11.50  80.06  22.63   0.20   0.02    0.073  0.233 -0.183  0.111
   48     37.17  11.37  81.46  23.69   0.05  -0.01    0.061  0.263 -0.008  0.129
   49     35.66  52.84  83.88  21.98   0.07   0.00    0.111 -0.483 -0.291 -0.330
   50     36.05-100.43 -35.12  13.69   0.10   0.05    0.104  0.545  0.051 -0.301
   51     52.90 -98.69 -52.84   4.22   0.29   0.02    0.073  0.989  1.068 -2.268
   52     42.79-116.31  45.55  15.70   0.24   0.07   -0.059 -0.507  0.727  0.140
   53      0.90  11.41  80.78  22.37   0.17   0.02    0.053  0.236  0.018  0.237
   54      0.37 -83.95 322.28  15.86   0.20   0.31   -0.330 -0.165 -0.102  0.027
   55      1.05 -89.06 304.17   0.71   0.08   0.27   -0.285  0.310  0.048  0.039
   56     44.73  35.35  66.59  13.76   0.22   0.03    0.084 -0.301 -0.267 -0.830
   57     46.45 -84.45 156.88  16.65   0.25   0.15   -0.109 -0.023  1.160  0.742
   58     45.23 -78.34 152.75  16.45   0.21   0.13    0.017  0.832  0.784  0.889
   59      8.48 -79.83  -0.09   1.40   0.69   0.07   -0.141  0.277  0.367 -2.006
   60      3.54-107.45-115.40   1.77   0.44   0.08    0.226  1.524  1.533 -0.536
   61      0.02-132.64 -55.12   4.76   0.37  -0.04   -0.097 -1.174 -0.329  2.031
   62     19.94  21.27 151.45  16.80   0.32   0.10    0.074  0.414 -0.747 -0.625
   63     18.61 -46.40  28.84  22.07   0.06   0.01    0.012  0.176 -0.339  0.770
   64      3.72-157.19 192.49   8.58   0.41   0.22   -0.217  2.197  3.250  0.023
   65     23.27 -46.92  19.41  16.80   0.05  -0.03    0.064  0.274 -0.295  0.425
   66     32.59-152.67  45.09  19.47   0.24   0.06   -0.039 -0.435  0.384  0.279
   67     41.81 -36.22  -5.93  17.68   0.11   0.01    0.071  0.243 -0.200 -0.380
   68     13.67  51.06 108.04  20.73   0.20   0.05   -0.108  0.555  0.883  0.635
   69     48.30-214.97-349.14  73.50   0.00   0.00    0.000  0.000  0.000  0.000
   70      5.18  33.77  97.24  19.75   0.14   0.06   -0.001  0.153  0.171  0.477
   71      4.04   6.47  56.59   4.51   0.55  -0.09   -0.192  0.270 -0.505 -1.039
   72     53.61 132.44-297.49  96.89   0.00  -0.03    0.060  0.005 -0.006  0.002
   73     12.77  51.11  80.78  23.68   0.21   0.03    0.031  0.357 -0.292  0.246
   74     35.88-103.53  71.22  24.92   0.20   0.05   -0.027 -0.318  0.317  0.002
   75     46.23-110.09   5.46   1.95   0.89   0.01   -0.125 -1.008  0.512  0.965
   76     54.60-217.19 302.17   0.10   0.00   0.00    0.000  0.000  0.000  0.000
   77     43.82  50.81  94.14  17.55   0.09   0.04    0.017  0.096  0.103  0.166
   78     41.67  38.37  64.92  21.62   0.19   0.01    0.081 -0.077 -0.385 -0.426
   79     58.60 -68.08  -4.82   3.37   0.33  -0.05   -0.233 -1.027  0.288  0.788
   80     26.55 -68.89  -6.46   1.33   0.25   0.01   -0.072 -0.019 -0.004  0.060
   81     26.91 -68.60  -5.07   1.69   0.31  -0.08   -0.228 -1.218  0.280 -0.386
   82     23.21 -68.44  -4.88   2.23   0.21  -0.08   -0.211 -0.779  0.149  0.013
   83     23.14 -68.86  -5.19   7.93   0.07  -0.07    0.126  0.607  0.394  0.701
   84     21.08 -41.96   6.95  21.57   0.06  -0.02    0.032  0.406 -0.618  0.207
   85     24.14-167.90 -45.14  10.68   0.17   0.10    0.000 -0.463  0.775  0.159
   86     43.88 -11.92  28.80  18.84   0.06   0.00    0.034  0.093 -0.503  0.234
   87     28.69 -60.35   5.81   3.79   0.19  -0.08    0.119  0.424 -0.339  0.619
   88     37.90-101.05 -28.24   5.48   0.26  -0.06    0.143  1.219  0.222 -1.658
   89     47.44-143.08  90.47  22.12   0.28   0.08   -0.021 -0.694  0.376  0.873
   90     47.90-140.74  89.86  22.31   0.24   0.08   -0.028 -0.592  0.612  1.002
   91     33.70  34.40  84.91  20.64   0.18   0.07   -0.013  0.406  0.049  0.800

 A V E R A G E   of ADJUSTMENTS :                     0.010  0.032  0.100  0.156
 A V E R A G E   of ABSOLUTE ADJUSTMENTS :            0.076  0.423  0.352  0.527


NO step length damping applied


 Velocity adjustments:
     vp    dvp      hp   reflector
 Velocity model   1
   5.134  0.189   -5.000      
   5.283  0.121   -3.060      
   5.738 -0.054    1.740      
   6.313  0.041   12.610      
   6.314  0.000   13.250      
   6.315  0.000   19.100      
   6.474 -0.014   25.290      
   6.946  0.084   25.420      
   7.228 -0.091   35.660      
   7.317 -0.003   36.930      

 Calculation of average velocity starts at layer #           1
 z = -5.00 ... -3.06    v = 5.13    AVEL = 5.13 downto z =  -3.06
 z = -3.06 ...  1.74    v = 5.28    AVEL = 5.24 downto z =   1.74
 z =  1.74 ... 12.61    v = 5.74    AVEL = 5.55 downto z =  12.61
 z = 12.61 ... 13.25    v = 6.31    AVEL = 5.57 downto z =  13.25
 z = 13.25 ... 19.10    v = 6.31    AVEL = 5.75 downto z =  19.10
 z = 19.10 ... 25.29    v = 6.31    AVEL = 5.87 downto z =  25.29
 z = 25.29 ... 25.42    v = 6.47    AVEL = 5.87 downto z =  25.42
 z = 25.42 ... 35.66    v = 6.95    AVEL = 6.14 downto z =  35.66
 z = 35.66 ... 36.93    v = 7.23    AVEL = 6.17 downto z =  36.93


 Calculation of average velocity starts at layer #           2
 z = -3.06 ...  1.74    v = 5.28    AVEL = 5.28 downto z =   1.74
 z =  1.74 ... 12.61    v = 5.74    AVEL = 5.60 downto z =  12.61
 z = 12.61 ... 13.25    v = 6.31    AVEL = 5.63 downto z =  13.25
 z = 13.25 ... 19.10    v = 6.31    AVEL = 5.81 downto z =  19.10
 z = 19.10 ... 25.29    v = 6.31    AVEL = 5.92 downto z =  25.29
 z = 25.29 ... 25.42    v = 6.47    AVEL = 5.92 downto z =  25.42
 z = 25.42 ... 35.66    v = 6.95    AVEL = 6.19 downto z =  35.66
 z = 35.66 ... 36.93    v = 7.23    AVEL = 6.23 downto z =  36.93



 Adjusted station corrections:
   stn  ptcor  dpcor  
  624   0.000  0.000  628  -0.261 -0.037  630  -0.149 -0.026  627   0.133  0.024
  621   0.058  0.006  629   0.222  0.063  622   0.087  0.018  620   0.001  0.037
  623   0.275  0.042  626   0.180  0.023  625   0.177  0.037  631   0.250  0.042
  632  -0.229 -0.034

 msqrd res increased --> hypocenter and model backup.
 ~~~ solution is worse --> backup ...
 Velocity readjustments:
 Velocity model   1
   5.039  0.094 -5.000    
   5.223  0.060 -3.060    
   5.765 -0.027  1.740    
   6.292  0.021 12.610    
   6.314  0.000 13.250    
   6.315  0.000 19.100    
   6.480 -0.007 25.290    
   6.904  0.042 25.420    
   7.273 -0.046 35.660    
   7.319 -0.001 36.930    

 Calculation of average velocity starts at layer #            1
 z = -5.00 ... -3.06    v = 5.04    AVEL = 5.04 downto z =  -3.06
 z = -3.06 ...  1.74    v = 5.22    AVEL = 5.17 downto z =   1.74
 z =  1.74 ... 12.61    v = 5.77    AVEL = 5.54 downto z =  12.61
 z = 12.61 ... 13.25    v = 6.29    AVEL = 5.56 downto z =  13.25
 z = 13.25 ... 19.10    v = 6.31    AVEL = 5.75 downto z =  19.10
 z = 19.10 ... 25.29    v = 6.31    AVEL = 5.86 downto z =  25.29
 z = 25.29 ... 25.42    v = 6.48    AVEL = 5.86 downto z =  25.42
 z = 25.42 ... 35.66    v = 6.90    AVEL = 6.13 downto z =  35.66
 z = 35.66 ... 36.93    v = 7.27    AVEL = 6.16 downto z =  36.93


 Calculation of average velocity starts at layer #            2
 z = -3.06 ...  1.74    v = 5.22    AVEL = 5.22 downto z =   1.74
 z =  1.74 ... 12.61    v = 5.77    AVEL = 5.60 downto z =  12.61
 z = 12.61 ... 13.25    v = 6.29    AVEL = 5.63 downto z =  13.25
 z = 13.25 ... 19.10    v = 6.31    AVEL = 5.81 downto z =  19.10
 z = 19.10 ... 25.29    v = 6.31    AVEL = 5.92 downto z =  25.29
 z = 25.29 ... 25.42    v = 6.48    AVEL = 5.92 downto z =  25.42
 z = 25.42 ... 35.66    v = 6.90    AVEL = 6.18 downto z =  35.66
 z = 35.66 ... 36.93    v = 7.27    AVEL = 6.22 downto z =  36.93


  624   0.000  0.000  628  -0.242 -0.018  630  -0.136 -0.013  627   0.121  0.012  621   0.055  0.003
  629   0.190  0.032  622   0.078  0.009  620  -0.018  0.018  623   0.254  0.021  626   0.168  0.012
  625   0.159  0.019  631   0.229  0.021  632  -0.213 -0.017

 Half adjustments made

 (Applied) Step length =  -5.369

 ~~~ set units for next iteration ...
 ~~~ determine number of unknowns for next iter. ...

 Number of unknowns (for array-indexing):  nvar =  386
 Number of effective unknowns        :  nvareff =  387
 Number of elements on/below main diagonal of matrix G = At*A : kvar =   74691

 ~~~ reset G and RHT ...
 ~~~ raytracing, setup G ...
 ~~~ store parts of G ...
 ~~~ set units back for current iteration ...
 ~~~ determine number of unknowns for this iter. ...

 Number of unknowns (for array-indexing):  nvar =  386
 Number of effective unknowns        :  nvareff =  387
 Number of elements on/below main diagonal of matrix G = At*A : kvar =   74691

 ~~~ compute RMS and DATVAR ...

 $$$$$$$$$$$$$$$$$$$$$$$$$$$$$$$$$$$$$$$$$$$$$$$$$
 Events with  | AVRES | > 1.0 SEC are suspicious !

 ZERO events of this kind found! (lucky guy!!!)

 ~~~ check solution (better? worse?) ...

(Iteration nr  3)   BACKUP nr 1 obtained:
 DATVAR=    0.133618 mean sqrd residual=     0.057462  RMS RESIDUAL=     0.239712

 After  3 iterations we got:
 Average absolute & unweighted [and mean] residual of
   402 straight and direct rays =  0.11845 [  0.01747]
   277 refracted           rays =  0.21150 [  0.05897]
     0 reflected           rays =  0.00000 [  0.00000]

   679 ALL                 RAYS =  0.15641 [  0.03440]       -2.62 %

 ~~~ iteration done; output results ...

  eq       ot     x      y      z      rms    avres   dot     dx     dy     dz
    1      8.85  37.91 112.22  23.13   0.15   0.04    0.011 -0.099  0.016 -0.162
    2      9.02  37.48 110.97  22.76   0.14   0.05    0.007 -0.008  0.071 -0.068
    3     26.90-131.46  -7.04  14.84   0.33   0.07   -0.026 -0.199  0.133  0.526
    4     15.12-131.68  -5.11   8.00   0.23   0.05   -0.025 -0.262  0.394 -0.528
    5     45.51 -39.68  37.83  23.46   0.07   0.03    0.031  0.190 -0.189  0.086
    6     49.21 -36.00  40.21  18.72   0.10   0.03    0.008  0.079 -0.027  0.367
    7     13.37-133.46-119.91   5.66   0.16   0.05   -0.019  0.471 -0.297 -0.136
    8     30.07-141.61 -43.10  10.02   0.19   0.06    0.019 -0.111  0.005  0.419
    9     39.36  10.63  55.78  12.42   0.09  -0.01   -0.014  0.063 -0.077  0.503
   10     17.56 -91.06-307.99  16.26   0.92   0.21   -0.024 -1.084  0.070  0.002
   11      4.52 -67.31-309.70  15.69   1.19   0.19   -0.048 -1.379 -0.038  0.004
   12     50.80  35.10  95.11  19.56   0.14   0.05   -0.035  0.141  0.168  0.862
   13     46.59  33.27  98.30  19.65   0.13   0.05    0.002  0.080  0.071  0.275
   14     55.55  33.44  96.93  15.89   0.06   0.06    0.009  0.106 -0.088  0.639
   15     44.36  33.78  97.94  18.44   0.19   0.07   -0.001  0.060  0.117  0.267
   16     44.45  34.31  97.21  19.52   0.19   0.06   -0.022 -0.057  0.299  0.060
   17     21.72  -0.90  82.92  19.37   0.07   0.04   -0.011 -0.002  0.120  0.095
   18     36.23 -32.72   4.68  11.60   0.06  -0.01    0.026  0.173  0.216  0.201
   19     33.06  40.76  63.53  10.68   0.07  -0.01    0.021 -0.052  0.027  0.243
   20     45.68  37.26  84.93  15.97   0.05   0.07    0.034 -0.129 -0.061 -0.089
   21     33.95  35.84  82.17  11.79   0.21   0.00    0.023 -0.074 -0.146 -0.252
   22     25.66  35.04  85.20  13.17   0.17   0.02    0.048 -0.012 -0.009 -0.188
   23     15.70  34.21  85.49   9.88   0.27  -0.01    0.036 -0.099 -0.219 -0.072
   24      1.47  34.05  83.78   4.77   0.35  -0.01   -0.011 -0.124  0.351  0.069
   25     48.51 -45.31  22.41  23.70   0.07   0.03    0.018  0.091 -0.186  0.316
   26     27.31 -69.22  -4.66  11.02   0.04  -0.01    0.005  0.119 -0.201  0.312
   27     59.99  -0.18  48.12  13.35   0.06   0.02    0.048  0.050 -0.136 -0.086
   28     58.88  37.22  75.90   9.87   0.15   0.00    0.038 -0.163 -0.163 -0.577
   29     19.88-148.62 -11.69  15.31   0.16   0.11    0.031 -0.004  0.159  0.395
   30      2.83  36.69  75.44  13.09   0.29   0.01    0.034  0.390 -0.293  0.637
   31     20.79  35.34  76.88  13.38   0.10   0.04    0.033 -0.019 -0.024  0.065
   32     50.61  36.41  76.22  15.14   0.09   0.04    0.037  0.010 -0.139 -0.058
   33      0.71  36.85  75.47  15.17   0.05   0.04    0.036 -0.013 -0.052 -0.046
   34     55.30 -16.05  34.44  24.90   0.06   0.03    0.035  0.126 -0.043  0.031
   35     39.31 -68.82  -7.26   4.49   0.24  -0.01    0.120  0.533  0.403  0.309
   36     59.00  35.94  77.04  14.25   0.10   0.04    0.040 -0.038 -0.066 -0.102
   37      5.40  30.90  49.70  13.61   0.12   0.01    0.043 -0.017 -0.016 -0.326
   38     46.28  72.42  72.03  17.44   0.20   0.08    0.032 -0.172 -0.083  0.201
   39     13.70   0.78  25.44   4.65   0.12  -0.00    0.039 -0.022 -0.165  0.217
   40     14.29 -41.75  13.69  16.61   0.16   0.03    0.021  0.032 -0.092 -0.040
   41     56.03  34.30  78.60   8.02   0.14   0.00    0.016 -0.021 -0.036  0.790
   42     34.16  -3.41  45.75  18.05   0.06   0.03    0.040  0.073 -0.077 -0.049
   43     24.72-106.27 -37.96   3.55   0.20  -0.03    0.099  0.837  0.087 -0.283
   44     49.35  29.87  50.13   9.17   0.08  -0.02    0.024 -0.099  0.029  0.184
   45     40.95-144.95  46.75  19.84   0.13   0.06    0.018  0.039  0.299  0.490
   46     33.89 -56.75  -1.26  16.77   0.06   0.04    0.030  0.123 -0.097  0.071
   47      0.90  11.39  80.16  22.57   0.18   0.05    0.037  0.117 -0.091  0.056
   48     37.14  11.23  81.47  23.62   0.03   0.04    0.030  0.131 -0.004  0.065
   49     35.61  53.08  84.02  22.14   0.07   0.04    0.055 -0.241 -0.145 -0.165
   50     36.00-100.70 -35.14  13.84   0.09   0.08    0.052  0.273  0.025 -0.150
   51     52.86 -99.18 -53.38   5.35   0.30   0.04    0.037  0.494  0.534 -1.134
   52     42.82-116.06  45.19  15.63   0.24   0.08   -0.030 -0.254  0.363  0.070
   53      0.88  11.29  80.77  22.25   0.15   0.05    0.026  0.118  0.009  0.119
   54      0.53 -83.87 322.34  15.84   0.21   0.12   -0.165 -0.082 -0.051  0.014
   55      1.19 -89.21 304.14   0.69   0.07   0.12   -0.143  0.155  0.024  0.020
   56     44.69  35.50  66.72  14.17   0.20   0.06    0.042 -0.150 -0.133 -0.415
   57     46.50 -84.44 156.30  16.28   0.27   0.10   -0.054 -0.012  0.580  0.371
   58     45.22 -78.75 152.36  16.01   0.24   0.12    0.009  0.416  0.392  0.445
   59      8.55 -79.97  -0.28   2.40   0.39  -0.11   -0.071  0.138  0.183 -1.003
   60      3.43-108.21-116.17   2.04   0.44   0.06    0.113  0.762  0.767 -0.268
   61      0.07-132.05 -54.96   3.75   0.39   0.01   -0.049 -0.587 -0.164  1.015
   62     19.90  21.06 151.82  17.11   0.33   0.09    0.037  0.207 -0.374 -0.312
   63     18.60 -46.49  29.01  21.69   0.04   0.04    0.006  0.088 -0.170  0.385
   64      3.83-158.29 190.87   8.57   0.43   0.16   -0.109  1.099  1.625  0.011
   65     23.23 -47.06  19.56  16.58   0.06   0.02    0.032  0.137 -0.147  0.213
   66     32.61-152.46  44.90  19.33   0.25   0.05   -0.020 -0.218  0.192  0.139
   67     41.77 -36.34  -5.83  17.87   0.10   0.06    0.035  0.122 -0.100 -0.190
   68     13.73  50.78 107.60  20.42   0.21   0.06   -0.054  0.278  0.442  0.317
   69     48.30-214.97-349.14  73.50   0.00   0.00    0.000  0.000  0.000  0.000
   70      5.18  33.69  97.15  19.51   0.14   0.07   -0.000  0.077  0.086  0.238
   71      4.14   6.33  56.84   5.03   0.56  -0.19   -0.096  0.135 -0.253 -0.520
   72     53.58 132.44-297.48  96.89   0.00   0.03    0.030  0.002 -0.003  0.001
   73     12.75  50.93  80.93  23.55   0.20   0.04    0.015  0.179 -0.146  0.123
   74     35.89-103.37  71.06  24.92   0.19   0.04   -0.013 -0.159  0.158  0.001
   75     46.30-109.59   5.21   1.47   0.88   0.02   -0.062 -0.504  0.256  0.482
   76     54.60-217.19 302.17   0.10   0.00   0.00    0.000  0.000  0.000  0.000
   77     43.81  50.76  94.09  17.47   0.09   0.07    0.009  0.048  0.051  0.083
   78     41.63  38.41  65.11  21.84   0.17   0.04    0.040 -0.038 -0.192 -0.213
   79     58.72 -67.57  -4.96   2.98   0.35  -0.08   -0.117 -0.513  0.144  0.394
   80     26.58 -68.88  -6.46   1.30   0.25   0.02   -0.036 -0.009 -0.002  0.030
   81     27.03 -67.99  -5.21   1.88   0.33  -0.07   -0.114 -0.609  0.140 -0.193
   82     23.32 -68.05  -4.95   2.22   0.23  -0.10   -0.105 -0.390  0.074  0.007
   83     23.07 -69.16  -5.39   7.58   0.07  -0.02    0.063  0.303  0.197  0.350
   84     21.06 -42.17   7.26  21.47   0.06   0.03    0.016  0.203 -0.309  0.103
   85     24.14-167.67 -45.52  10.60   0.17   0.08    0.000 -0.231  0.387  0.079
   86     43.86 -11.97  29.05  18.72   0.05   0.04    0.017  0.046 -0.252  0.117
   87     28.63 -60.56   5.98   3.49   0.19   0.00    0.060  0.212 -0.169  0.310
   88     37.83-101.66 -28.35   6.31   0.26  -0.01    0.072  0.610  0.111 -0.829
   89     47.45-142.74  90.29  21.68   0.28   0.06   -0.011 -0.347  0.188  0.436
   90     47.91-140.44  89.55  21.81   0.24   0.05   -0.014 -0.296  0.306  0.501
   91     33.71  34.19  84.89  20.24   0.19   0.06   -0.006  0.203  0.025  0.400

 A V E R A G E   of ADJUSTMENTS :                     0.005  0.016  0.050  0.078
 A V E R A G E   of ABSOLUTE ADJUSTMENTS :            0.038  0.211  0.176  0.264


NO step length damping applied


 Velocity adjustments:
     vp    dvp      hp   reflector
 Velocity model   1
   5.039  0.094   -5.000      
   5.223  0.060   -3.060      
   5.765 -0.027    1.740      
   6.292  0.021   12.610      
   6.314  0.000   13.250      
   6.315  0.000   19.100      
   6.480 -0.007   25.290      
   6.904  0.042   25.420      
   7.273 -0.046   35.660      
   7.319 -0.001   36.930      

 Calculation of average velocity starts at layer #           1
 z = -5.00 ... -3.06    v = 5.04    AVEL = 5.04 downto z =  -3.06
 z = -3.06 ...  1.74    v = 5.22    AVEL = 5.17 downto z =   1.74
 z =  1.74 ... 12.61    v = 5.77    AVEL = 5.54 downto z =  12.61
 z = 12.61 ... 13.25    v = 6.29    AVEL = 5.56 downto z =  13.25
 z = 13.25 ... 19.10    v = 6.31    AVEL = 5.75 downto z =  19.10
 z = 19.10 ... 25.29    v = 6.31    AVEL = 5.86 downto z =  25.29
 z = 25.29 ... 25.42    v = 6.48    AVEL = 5.86 downto z =  25.42
 z = 25.42 ... 35.66    v = 6.90    AVEL = 6.13 downto z =  35.66
 z = 35.66 ... 36.93    v = 7.27    AVEL = 6.16 downto z =  36.93


 Calculation of average velocity starts at layer #           2
 z = -3.06 ...  1.74    v = 5.22    AVEL = 5.22 downto z =   1.74
 z =  1.74 ... 12.61    v = 5.77    AVEL = 5.60 downto z =  12.61
 z = 12.61 ... 13.25    v = 6.29    AVEL = 5.63 downto z =  13.25
 z = 13.25 ... 19.10    v = 6.31    AVEL = 5.81 downto z =  19.10
 z = 19.10 ... 25.29    v = 6.31    AVEL = 5.92 downto z =  25.29
 z = 25.29 ... 25.42    v = 6.48    AVEL = 5.92 downto z =  25.42
 z = 25.42 ... 35.66    v = 6.90    AVEL = 6.18 downto z =  35.66
 z = 35.66 ... 36.93    v = 7.27    AVEL = 6.22 downto z =  36.93



 Adjusted station corrections:
   stn  ptcor  dpcor  
  624   0.000  0.000  628  -0.242 -0.018  630  -0.136 -0.013  627   0.121  0.012
  621   0.055  0.003  629   0.190  0.032  622   0.078  0.009  620  -0.018  0.018
  623   0.254  0.021  626   0.168  0.012  625   0.159  0.019  631   0.229  0.021
  632  -0.213 -0.017

 ~~~ another iteration? ...
 NITT = ITTMAX  --> stop iterations.
 ~~~ final solution reached ...

 ~~~ damp G & Chol.-Decomp.: NOT made (switch iresolcalc is NOT set !)

 Final rms values:  0.15 0.14 0.33 0.23 0.07 0.10 0.16 0.19 0.09 0.92
                    1.19 0.14 0.13 0.06 0.19 0.19 0.07 0.06 0.07 0.05
                    0.21 0.17 0.27 0.35 0.07 0.04 0.06 0.15 0.16 0.29
                    0.10 0.09 0.05 0.06 0.24 0.10 0.12 0.20 0.12 0.16
                    0.14 0.06 0.20 0.08 0.13 0.06 0.18 0.03 0.07 0.09
                    0.30 0.24 0.15 0.21 0.07 0.20 0.27 0.24 0.39 0.44
                    0.39 0.33 0.04 0.43 0.06 0.25 0.10 0.21 0.00 0.14
                    0.56 0.00 0.20 0.19 0.88 0.00 0.09 0.17 0.35 0.25
                    0.33 0.23 0.07 0.06 0.17 0.05 0.19 0.26 0.28 0.24
                    0.19



 ~~~ output final hypocenters ...

      date    origin   latitude longitude  depth  mag  no  rms      x      y      z
   1 160818 1613  8.85 73.0057N 124.8707E  23.13 1.40   6 0.148   37.91 112.22  23.13
   2 160818 1613  9.02 72.9945N 124.8840E  22.76 1.10   6 0.143   37.48 110.97  22.76
   3 160819 0959 26.90 71.9369N 129.8037E  14.84 4.00  12 0.332 -131.46  -7.04  14.84
   4 160820 1506 15.12 71.9542N 129.8117E   8.00 1.50   9 0.233 -131.68  -5.11   8.00
   5 160820 1904 45.51 72.3391N 127.1606E  23.46 1.20   6 0.068  -39.68  37.83  23.46
   6 160822 1318 49.21 72.3604N 127.0536E  18.72 0.60   8 0.104  -36.00  40.21  18.72
   7 160823 0652 13.37 70.9253N 129.7599E   5.66 2.90   6 0.162 -133.46-119.91   5.66
   8 160824 1510 30.07 71.6138N 130.0621E  10.02 1.50   9 0.187 -141.61 -43.10  10.02
   9 160906 1514 39.36 72.4999N 125.6878E  12.42 0.90   6 0.085   10.63  55.78  12.42
  10 160920 1607 17.56 69.2399N 128.4579E  16.26 2.60   2 0.916  -91.06-307.99  16.26
  11 160925 1911  4.52 69.2245N 127.8163E  15.69 2.30   2 1.190  -67.31-309.70  15.69
  12 161004 0841 50.80 72.8524N 124.9590E  19.56 0.20   6 0.136   35.10  95.11  19.56
  13 161005 1619 46.59 72.8810N 125.0124E  19.65 1.00   9 0.130   33.27  98.30  19.65
  14 161006 0156 55.55 72.8687N 125.0078E  15.89 1.00   7 0.063   33.44  96.93  15.89
  15 161009 0036 44.36 72.8777N 124.9973E  18.44 1.30   8 0.185   33.78  97.94  18.44
  16 161009 0036 44.45 72.8712N 124.9818E  19.52 1.20   7 0.189   34.31  97.21  19.52
  17 161012 0800 21.72 72.7431N 126.0267E  19.37 0.80   7 0.069   -0.90  82.92  19.37
  18 161015 1013 36.23 72.0420N 126.9495E  11.60 0.70   7 0.064  -32.72   4.68  11.60
  19 161021 0507 33.06 72.5694N 124.8004E  10.68 0.80   6 0.072   40.76  63.53  10.68
  20 161124 2250 45.68 72.7611N 124.8975E  15.97 3.10   4 0.047   37.26  84.93  15.97
  21 161125 0156 33.95 72.7364N 124.9403E  11.79 0.60   7 0.211   35.84  82.17  11.79
  22 161125 0517 25.66 72.7635N 124.9633E  13.17 1.60   6 0.168   35.04  85.20  13.17
  23 161125 0525 15.70 72.7661N 124.9877E   9.88 0.80   6 0.269   34.21  85.49   9.88
  24 161125 0556  1.47 72.7508N 124.9928E   4.77 0.20   6 0.346   34.05  83.78   4.77
  25 170117 0846 48.51 72.2008N 127.3203E  23.70 0.30   6 0.074  -45.31  22.41  23.70
  26 170122 1614 27.31 71.9583N 128.0039E  11.02 0.90   6 0.040  -69.22  -4.66  11.02
  27 170125 2243 59.99 72.4313N 126.0052E  13.35 0.80   6 0.059   -0.18  48.12  13.35
  28 170302 1359 58.88 72.6802N 124.9013E   9.87 0.50   7 0.154   37.22  75.90   9.87
  29 170302 2335 19.88 71.8952N 130.2953E  15.31 2.10   9 0.160 -148.62 -11.69  15.31
  30 170304 2135  2.83 72.6761N 124.9169E  13.09 1.30   7 0.290   36.69  75.44  13.09
  31 170307 0447 20.79 72.6890N 124.9564E  13.38 1.70  10 0.102   35.34  76.88  13.38
  32 170307 2016 50.61 72.6831N 124.9250E  15.14 1.10   6 0.089   36.41  76.22  15.14
  33 170309 1454  0.71 72.6763N 124.9122E  15.17 0.30   6 0.053   36.85  75.47  15.17
  34 170311 0430 55.30 72.3086N 126.4690E  24.90 0.30   6 0.059  -16.05  34.44  24.90
  35 170312 0416 39.31 71.9349N 127.9911E   4.49 2.10   6 0.240  -68.82  -7.26   4.49
  36 170313 0553 59.00 72.6904N 124.9388E  14.25 1.00   9 0.103   35.94  77.04  14.25
  37 170313 0809  5.40 72.4454N 125.0935E  13.61 1.20   7 0.119   30.90  49.70  13.61
  38 170315 0234 46.28 72.6455N 123.8640E  17.44 1.40   7 0.202   72.42  72.03  17.44
  39 170317 1007 13.70 72.2280N 125.9773E   4.65 0.50   7 0.120    0.78  25.44   4.65
  40 170320 0711 14.29 72.1227N 127.2139E  16.61 0.90   6 0.164  -41.75  13.69  16.61
  41 170320 0853 56.03 72.7044N 124.9869E   8.02 0.40   6 0.139   34.30  78.60   8.02
  42 170320 1900 34.16 72.4100N 126.1000E  18.05 0.60   7 0.057   -3.41  45.75  18.05
  43 170323 0519 24.72 71.6598N 129.0520E   3.55 1.20   6 0.201 -106.27 -37.96   3.55
  44 170323 1612 49.35 72.4493N 125.1237E   9.17 0.50   6 0.082   29.87  50.13   9.17
  45 170323 1906 40.95 72.4190N 130.2488E  19.84 1.00   6 0.126 -144.95  46.75  19.84
  46 170326 0836 33.89 71.9887N 127.6442E  16.77 1.50   7 0.060  -56.75  -1.26  16.77
  47 170402 0422  0.90 72.7183N 125.6635E  22.57 1.20  10 0.184   11.39  80.16  22.57
  48 170402 0636 37.14 72.7301N 125.6679E  23.62 0.70   6 0.030   11.23  81.47  23.62
  49 170404 2347 35.61 72.7530N 124.4298E  22.14 0.50   6 0.066   53.08  84.02  22.14
  50 170405 0307 36.00 71.6850N 128.8942E  13.84 1.00  10 0.089 -100.70 -35.14  13.84
  51 170405 1410 52.86 71.5217N 128.8381E   5.35 1.70  10 0.301  -99.18 -53.38   5.35
  52 170406 0838 42.82 72.4050N 129.4006E  15.63 0.90  10 0.237 -116.06  45.19  15.63
  53 170406 1728  0.88 72.7239N 125.6662E  22.25 0.90  10 0.152   11.29  80.77  22.25
  54 170407 1729  0.53 74.8887N 128.6360E  15.84 1.80   2 0.211  -83.87 322.34  15.84
  55 170407 1729  1.19 74.7257N 128.7904E   0.69 1.60   5 0.067  -89.21 304.14   0.69
  56 170408 1004 44.69 72.5980N 124.9542E  14.17 1.40  13 0.201   35.50  66.72  14.17
  57 170409 0856 46.50 73.4007N 128.5431E  16.28 2.50   6 0.274  -84.44 156.30  16.28
  58 170409 0902 45.22 73.3654N 128.3694E  16.01 1.10   7 0.238  -78.75 152.36  16.01
  59 170410 1520  8.55 71.9975N 128.3176E   2.40 1.00  10 0.395  -79.97  -0.28   2.40
  60 170410 1813  3.43 70.9589N 129.0511E   2.04 2.20  13 0.440 -108.21-116.17   2.04
  61 170412 1507  0.07 71.5075N 129.7774E   3.75 0.70   6 0.391 -132.05 -54.96   3.75
  62 170413 0651 19.90 73.3606N 125.3664E  17.11 1.00  10 0.334   21.06 151.82  17.11
  63 170414 0459 18.60 72.2600N 127.3569E  21.69 0.50   7 0.039  -46.49  29.01  21.69
  64 170414 0540  3.83 73.7105N 130.8088E   8.57 1.80  11 0.429 -158.29 190.87   8.57
  65 170414 1656 23.23 72.1753N 127.3704E  16.58 0.20   6 0.056  -47.06  19.56  16.58
  66 170414 1753 32.61 72.4024N 130.4668E  19.33 0.70   6 0.254 -152.46  44.90  19.33
  67 170416 0523 41.77 71.9478N 127.0519E  17.87 1.60  13 0.101  -36.34  -5.83  17.87
  68 170416 1220 13.73 72.9643N 124.4891E  20.42 1.00  11 0.214   50.78 107.60  20.42
 WARNING: Event-# :          69 has zero observations!
  69 170416 1257 48.30 68.8710N 131.7500E  73.50 2.20   0 0.000 -214.97-349.14  73.50
  70 170416 1821  5.18 72.8707N 125.0002E  19.51 1.30  13 0.139   33.69  97.15  19.51
  71 170418 0606  4.14 72.5094N 125.8139E   5.03 0.20   6 0.558    6.33  56.84   5.03
  72 170418 1005 53.58 69.3340N 122.4167E  96.89 2.20   1 0.001  132.44-297.48  96.89
  73 170418 1500 12.75 72.7252N 124.4945E  23.55 1.30  12 0.201   50.93  80.93  23.55
  74 170420 1302 35.89 72.6368N 129.0480E  24.92 0.90  11 0.194 -103.37  71.06  24.92
  75 170420 2248 46.30 72.0467N 129.1801E   1.47 0.70  11 0.884 -109.59   5.21   1.47
 WARNING: Event-# :          76 has zero observations!
  76 170423 0850 54.60 74.7080N 132.7900E   0.10 1.90   0 0.000 -217.19 302.17   0.10
  77 170423 1455 43.81 72.8433N 124.4947E  17.47 0.60   8 0.086   50.76  94.09  17.47
  78 170423 2313 41.63 72.5835N 124.8690E  21.84 1.30  12 0.173   38.41  65.11  21.84
  79 170424 0609 58.72 71.9556N 127.9560E   2.98 1.10  12 0.346  -67.57  -4.96   2.98
  80 170424 0755 26.58 71.9421N 127.9932E   1.30 1.00  12 0.251  -68.88  -6.46   1.30
  81 170424 0755 27.03 71.9533N 127.9680E   1.88 1.00  12 0.327  -67.99  -5.21   1.88
  82 170425 0652 23.32 71.9556N 127.9700E   2.22 1.20   9 0.228  -68.05  -4.95   2.22
  83 170426 0051 23.07 71.9517N 128.0020E   7.58 0.70   6 0.073  -69.16  -5.39   7.58
  84 170426 1425 21.06 72.0650N 127.2243E  21.47 0.10   6 0.060  -42.17   7.26  21.47
  85 170426 1834 24.14 71.5920N 130.8070E  10.60 1.20   8 0.165 -167.67 -45.52  10.60
  86 170426 1840 43.86 72.2603N 126.3492E  18.72 1.30   8 0.055  -11.97  29.05  18.72
  87 170427 0912 28.63 72.0536N 127.7577E   3.49 0.90   8 0.192  -60.56   5.98   3.49
  88 170427 1041 37.83 71.7459N 128.9264E   6.31 0.70   7 0.259 -101.66 -28.35   6.31
  89 170427 2010 47.45 72.8091N 130.2288E  21.68 1.30   8 0.279 -142.74  90.29  21.68
  90 170427 2010 47.91 72.8025N 130.1600E  21.81 1.30   8 0.236 -140.44  89.55  21.81
  91 170427 2342 33.71 72.7607N 124.9883E  20.24 0.80   6 0.193   34.19  84.89  20.24

 ~~~ output final station residuals ...
 TURBO-option is set; residuals are NOT printed for each event!



   station statistics, remember nsp was set to: 1


 sta phase nobs avres  avwres    std    wsum    delay

 624    P  74  0.0265  0.0265  0.1791  74.0000  0.0000
 628    P  69  0.0233  0.0233  0.2653  69.0000 -0.2423
 630    P  53  0.0001  0.0001  0.2190  53.0000 -0.1359
 627    P  46  0.0320  0.0320  0.2087  46.0000  0.1208
 621    P  59  0.0537  0.0537  0.1885  59.0000  0.0553
 629    P  43  0.0252  0.0252  0.2599  43.0000  0.1900
 622    P  58  0.0303  0.0303  0.1542  58.0000  0.0781
 620    P  48  0.0248  0.0248  0.2497  48.0000 -0.0176
 623    P  55  0.0363  0.0363  0.2662  55.0000  0.2541
 626    P  52  0.0537  0.0537  0.3566  52.0000  0.1681
 625    P  49  0.0292  0.0292  0.2322  49.0000  0.1587
 631    P  49  0.0746  0.0746  0.2672  49.0000  0.2288
 632    P  24  0.0518  0.0518  0.2722  24.0000 -0.2126


 ~~~ output statistics ...




 RAY-STATISTICS FOR  L A S T  ITERATION
 --------------------------------------

 NHYP : nr of hypocenters in this layer
 NREF : nr of headwaves in this layer
 %len : % of "refracted km" in this layer 
        with respect to all refracted kilometers
 NHIT : nr of rays passed thru this layer
 xy-km: average horizontal ray length [km] in layer
 z-km : average  vertical  ray length [km] in layer
 RFLX : number of reflections at bottom of this layer

 nlay   top ..... bottom     velocity   NHYP NREF %len  NHIT xy-km  z-km  RFLX

   1    -5.00... -3.06 km    5.04 km/s    0    0   0.0     0   0.0   0.0     0
   2    -3.06...  1.74 km    5.22 km/s    4    0   0.0  1386   5.2   3.9     0
   3     1.74... 12.61 km    5.77 km/s   29   15   4.3   795  22.2   8.9     0
   4    12.61... 13.25 km    6.29 km/s    2    7   0.7   661   3.8   0.6     0
   5    13.25... 19.10 km    6.31 km/s   29   73  20.9   628  24.3   4.1     0
   6    19.10... 25.29 km    6.31 km/s   25    0   0.0   476  10.8   4.9     0
   7    25.29... 25.42 km    6.48 km/s    0    0   0.0   365   0.3   0.1     0
   8    25.42... 35.66 km    6.90 km/s    0  137  53.8   228  57.1   4.1     0
   9    35.66... 36.93 km    7.27 km/s    0    0   0.0    91  11.3   1.3     0
  10    36.93...       km    7.32 km/s    2   45  20.2     0   0.0   0.0

 Total nr of events was   91

 Total nr of refracted rays =   277
 Total nr of reflected rays =     0
 Total nr of   other   rays =   402
                              ------
 Total nr of    all    rays =   679

 Average (absolute) error of the raytracers:
  Straight and direct rays :    7.09 meters
  Refracted           rays :    0.01 meters
  Reflected           rays :    0.00 meters


 ALL RAYS TOGETHER:
 Average horizontal ray length =   89.6 km   (Hypocenter --> Station) 
 Average  vertical  ray length =   17.8 km   (Deepest ray-point --> Station)



 ... and some more STATISTICS 
 ---------------------------- 
  GAP of final epicenters:

  Event# -> GAP  Event# -> GAP  Event# -> GAP  Event# -> GAP  Event# -> GAP
       1 -> 296       2 -> 294       3 -> 271       4 -> 274       5 -> 306
       6 ->  99       7 -> 320       8 -> 306       9 -> 166      10 -> 346
      11 -> 347      12 -> 260      13 -> 264      14 -> 261      15 -> 264
      16 -> 265      17 -> 253      18 -> 235      19 -> 159      20 -> 302
      21 -> 230      22 -> 238      23 -> 238      24 -> 234      25 -> 126
      26 -> 102      27 -> 148      28 -> 210      29 -> 305      30 -> 209
      31 -> 213      32 -> 211      33 -> 209      34 -> 132      35 -> 231
      36 -> 214      37 -> 132      38 -> 308      39 -> 120      40 -> 209
      41 -> 218      42 -> 120      43 -> 203      44 -> 133      45 -> 309
      46 -> 125      47 -> 224      48 -> 226      49 -> 281      50 -> 189
      51 -> 288      52 -> 271      53 -> 224      54 -> 354      55 -> 347
      56 -> 179      57 -> 310      58 -> 317      59 -> 150      60 -> 308
      61 -> 302      62 -> 306      63 -> 146      64 -> 322      65 -> 128
      66 -> 293      67 ->  87      68 -> 295      69 -> 171      70 -> 262
      71 -> 175      72 ->   0      73 -> 258      74 -> 300      75 -> 243
      76 ->  60      77 -> 283      78 -> 169      79 -> 159      80 -> 166
      81 -> 161      82 -> 160      83 -> 226      84 -> 120      85 -> 315
      86 ->  93      87 -> 111      88 -> 267      89 -> 318      90 -> 317
      91 -> 294

 GAPs were between   0 and 354
      (average GAP was 226)



  MAGNITUDES of INPUT-DATA:

 Magnitude (# of events)   ***average number of obs***

 MAG<= 1.0 ( 47) *******
 MAG = 1.1 (  4) ********
 MAG = 1.2 (  7) ********
 MAG = 1.3 (  8) *********1
 MAG = 1.4 (  3) *********
 MAG = 1.5 (  3) ********
 MAG = 1.6 (  3) ********
 MAG = 1.7 (  2) *********1
 MAG = 1.8 (  2) *******
 MAG = 1.9 (  1)  
 MAG = 2.0 (  0)  
 MAG = 2.1 (  2) ********
 MAG = 2.2 (  3) *****
 MAG = 2.3 (  1) **
 MAG = 2.4 (  0)  
 MAG = 2.5 (  1) ******
 MAG = 2.6 (  1) **
 MAG = 2.7 (  0)  
 MAG = 2.8 (  0)  
 MAG = 2.9 (  1) ******
 MAG = 3.0 (  0)  
 MAG = 3.1 (  1) ****
 MAG = 3.2 (  0)  
 MAG = 3.3 (  0)  
 MAG = 3.4 (  0)  
 MAG = 3.5 (  0)  
 MAG = 3.6 (  0)  
 MAG = 3.7 (  0)  
 MAG = 3.8 (  0)  
 MAG = 3.9 (  0)  
 MAG = 4.0 (  1) *********1**
 MAG = 4.1 (  0)  
 MAG = 4.2 (  0)  
 MAG = 4.3 (  0)  
 MAG = 4.4 (  0)  
 MAG = 4.5 (  0)  
 MAG = 4.6 (  0)  
 MAG = 4.7 (  0)  
 MAG = 4.8 (  0)  
 MAG = 4.9 (  0)  
 MAG = 5.0 (  0)  
 MAG = 5.1 (  0)  
 MAG = 5.2 (  0)  
 MAG = 5.3 (  0)  
 MAG = 5.4 (  0)  
 MAG = 5.5 (  0)  
 MAG = 5.6 (  0)  
 MAG = 5.7 (  0)  
 MAG = 5.8 (  0)  
 MAG = 5.9 (  0)  
 MAG>= 6.0 (  0)  





  DEPTHs of INPUT-DATA and of LAST ITERATION:
  ===========================================

       Depth       # of events  

 DEPTH ( input ) =  -4. km :   
 DEPTH (last_IT) =  -4. km :   
 DEPTH ( input ) =  -3. km :   
 DEPTH (last_IT) =  -3. km :   
 DEPTH ( input ) =  -2. km :   
 DEPTH (last_IT) =  -2. km :   
 DEPTH ( input ) =  -1. km :   
 DEPTH (last_IT) =  -1. km :   
 DEPTH ( input ) =   0. km :  ........
 DEPTH (last_IT) =   0. km :  *
 DEPTH ( input ) =   1. km :  .
 DEPTH (last_IT) =   1. km :  ***
 DEPTH ( input ) =   2. km :   
 DEPTH (last_IT) =   2. km :  ****
 DEPTH ( input ) =   3. km :  ...
 DEPTH (last_IT) =   3. km :  **
 DEPTH ( input ) =   4. km :  ..
 DEPTH (last_IT) =   4. km :  ***
 DEPTH ( input ) =   5. km :  ..
 DEPTH (last_IT) =   5. km :  ****
 DEPTH ( input ) =   6. km :  ..
 DEPTH (last_IT) =   6. km :  **
 DEPTH ( input ) =   7. km :  .
 DEPTH (last_IT) =   7. km :   
 DEPTH ( input ) =   8. km :  ...
 DEPTH (last_IT) =   8. km :  ***
 DEPTH ( input ) =   9. km :  ..
 DEPTH (last_IT) =   9. km :  **
 DEPTH ( input ) =  10. km :  ..
 DEPTH (last_IT) =  10. km :  ***
 DEPTH ( input ) =  11. km :  ...
 DEPTH (last_IT) =  11. km :  ***
 DEPTH ( input ) =  12. km :  ....
 DEPTH (last_IT) =  12. km :  ***
 DEPTH ( input ) =  13. km :  ..
 DEPTH (last_IT) =  13. km :  ****
 DEPTH ( input ) =  14. km :  ...
 DEPTH (last_IT) =  14. km :  ****
 DEPTH ( input ) =  15. km :  ........
 DEPTH (last_IT) =  15. km :  ****
 DEPTH ( input ) =  16. km :  .........1.
 DEPTH (last_IT) =  16. km :  ********
 DEPTH ( input ) =  17. km :  .....
 DEPTH (last_IT) =  17. km :  ******
 DEPTH ( input ) =  18. km :  ....
 DEPTH (last_IT) =  18. km :  ***
 DEPTH ( input ) =  19. km :  .....
 DEPTH (last_IT) =  19. km :  ****
 DEPTH ( input ) =  20. km :  .....
 DEPTH (last_IT) =  20. km :  *******
 DEPTH ( input ) =  21. km :  ..
 DEPTH (last_IT) =  21. km :  *
 DEPTH ( input ) =  22. km :  ....
 DEPTH (last_IT) =  22. km :  ******
 DEPTH ( input ) =  23. km :  ....
 DEPTH (last_IT) =  23. km :  ****
 DEPTH ( input ) =  24. km :  ..
 DEPTH (last_IT) =  24. km :  ***
 DEPTH ( input ) =  25. km :  .
 DEPTH (last_IT) =  25. km :  **
 DEPTH ( input ) =  26. km :   
 DEPTH (last_IT) =  26. km :   
 DEPTH ( input ) =  27. km :   
 DEPTH (last_IT) =  27. km :   
 DEPTH ( input ) =  28. km :   
 DEPTH (last_IT) =  28. km :   
 DEPTH ( input ) =  29. km :   
 DEPTH (last_IT) =  29. km :   
 DEPTH ( input ) =  30. km :   
 DEPTH (last_IT) =  30. km :   
 DEPTH ( input ) =  31. km :   
 DEPTH (last_IT) =  31. km :   
 DEPTH ( input ) =  32. km :   
 DEPTH (last_IT) =  32. km :   
 DEPTH ( input ) =  33. km :   
 DEPTH (last_IT) =  33. km :   
 DEPTH ( input ) =  34. km :   
 DEPTH (last_IT) =  34. km :   
 DEPTH ( input ) =  35. km :   
 DEPTH (last_IT) =  35. km :   
 DEPTH ( input ) =  36. km :   
 DEPTH (last_IT) =  36. km :   
 DEPTH ( input ) =  37. km :   
 DEPTH (last_IT) =  37. km :   
 DEPTH ( input ) =  38. km :   
 DEPTH (last_IT) =  38. km :   
 DEPTH ( input ) =  39. km :   
 DEPTH (last_IT) =  39. km :   
 DEPTH ( input ) =  40. km :   
 DEPTH (last_IT) =  40. km :   
 DEPTH ( input ) =  41. km :   
 DEPTH (last_IT) =  41. km :   
 DEPTH ( input ) =  42. km :   
 DEPTH (last_IT) =  42. km :   
 DEPTH ( input ) =  43. km :   
 DEPTH (last_IT) =  43. km :   
 DEPTH ( input ) =  44. km :   
 DEPTH (last_IT) =  44. km :   
 DEPTH ( input ) =  45. km :   
 DEPTH (last_IT) =  45. km :   
 DEPTH ( input ) =  46. km :   
 DEPTH (last_IT) =  46. km :   
 DEPTH ( input ) =  47. km :   
 DEPTH (last_IT) =  47. km :   
 DEPTH ( input ) =  48. km :   
 DEPTH (last_IT) =  48. km :   
 DEPTH ( input ) =  49. km :   
 DEPTH (last_IT) =  49. km :   
 DEPTH ( input ) =  50. km :   
 DEPTH (last_IT) =  50. km :   
 DEPTH ( input ) =  51. km :   
 DEPTH (last_IT) =  51. km :   
 DEPTH ( input ) =  52. km :   
 DEPTH (last_IT) =  52. km :   
 DEPTH ( input ) =  53. km :   
 DEPTH (last_IT) =  53. km :   
 DEPTH ( input ) =  54. km :   
 DEPTH (last_IT) =  54. km :   
 DEPTH ( input ) =  55. km :   
 DEPTH (last_IT) =  55. km :   
 DEPTH ( input ) =  56. km :   
 DEPTH (last_IT) =  56. km :   
 DEPTH ( input ) =  57. km :   
 DEPTH (last_IT) =  57. km :   
 DEPTH ( input ) =  58. km :   
 DEPTH (last_IT) =  58. km :   
 DEPTH ( input ) =  59. km :   
 DEPTH (last_IT) =  59. km :   
 DEPTH ( input ) =  60. km :   
 DEPTH (last_IT) =  60. km :   
 DEPTH ( input ) =  61. km :   
 DEPTH (last_IT) =  61. km :   
 DEPTH ( input ) =  62. km :   
 DEPTH (last_IT) =  62. km :   
 DEPTH ( input ) =  63. km :   
 DEPTH (last_IT) =  63. km :   
 DEPTH ( input ) =  64. km :   
 DEPTH (last_IT) =  64. km :   
 DEPTH ( input ) =  65. km :   
 DEPTH (last_IT) =  65. km :   
 DEPTH ( input ) =  66. km :   
 DEPTH (last_IT) =  66. km :   
 DEPTH ( input ) =  67. km :   
 DEPTH (last_IT) =  67. km :   
 DEPTH ( input ) =  68. km :   
 DEPTH (last_IT) =  68. km :   
 DEPTH ( input ) =  69. km :   
 DEPTH (last_IT) =  69. km :   
 DEPTH ( input ) =  70. km :   
 DEPTH (last_IT) =  70. km :   
 DEPTH ( input ) =  71. km :   
 DEPTH (last_IT) =  71. km :   
 DEPTH ( input ) =  72. km :   
 DEPTH (last_IT) =  72. km :   
 DEPTH ( input ) =  73. km :   
 DEPTH (last_IT) =  73. km :   
 DEPTH ( input ) =  74. km :  .
 DEPTH (last_IT) =  74. km :  *
 DEPTH ( input ) =  75. km :   
 DEPTH (last_IT) =  75. km :   
 DEPTH ( input ) =  76. km :   
 DEPTH (last_IT) =  76. km :   
 DEPTH ( input ) =  77. km :   
 DEPTH (last_IT) =  77. km :   
 DEPTH ( input ) =  78. km :   
 DEPTH (last_IT) =  78. km :   
 DEPTH ( input ) =  79. km :   
 DEPTH (last_IT) =  79. km :   
 DEPTH ( input ) =  80. km :   
 DEPTH (last_IT) =  80. km :   
 DEPTH ( input ) =  81. km :   
 DEPTH (last_IT) =  81. km :   
 DEPTH ( input ) =  82. km :   
 DEPTH (last_IT) =  82. km :   
 DEPTH ( input ) =  83. km :   
 DEPTH (last_IT) =  83. km :   
 DEPTH ( input ) =  84. km :   
 DEPTH (last_IT) =  84. km :   
 DEPTH ( input ) =  85. km :   
 DEPTH (last_IT) =  85. km :   
 DEPTH ( input ) =  86. km :   
 DEPTH (last_IT) =  86. km :   
 DEPTH ( input ) =  87. km :   
 DEPTH (last_IT) =  87. km :   
 DEPTH ( input ) =  88. km :   
 DEPTH (last_IT) =  88. km :   
 DEPTH ( input ) =  89. km :   
 DEPTH (last_IT) =  89. km :   
 DEPTH ( input ) =  90. km :   
 DEPTH (last_IT) =  90. km :   
 DEPTH ( input ) =  91. km :   
 DEPTH (last_IT) =  91. km :   
 DEPTH ( input ) =  92. km :   
 DEPTH (last_IT) =  92. km :   
 DEPTH ( input ) =  93. km :   
 DEPTH (last_IT) =  93. km :   
 DEPTH ( input ) =  94. km :   
 DEPTH (last_IT) =  94. km :   
 DEPTH ( input ) =  95. km :   
 DEPTH (last_IT) =  95. km :   
 DEPTH ( input ) =  96. km :   
 DEPTH (last_IT) =  96. km :   
 DEPTH ( input ) =  97. km :  .
 DEPTH (last_IT) =  97. km :  *
 DEPTH ( input ) =  98. km :   
 DEPTH (last_IT) =  98. km :   
 DEPTH ( input ) =  99. km :   
 DEPTH (last_IT) =  99. km :   
 DEPTH ( input ) = 100. km :   
 DEPTH (last_IT) = 100. km :   
 DEPTH ( input ) > 100. km :   
 DEPTH (last_IT) > 100. km :   


 Residuals of the stations according to the azimuth:
 (RES  = total average residual at station)
 (RES1 = average residual of rays from 1st quadrant)
 (RES2 = average residual of rays from 2nd quadrant)
 (RES3 = average residual of rays from 3rd quadrant)
 (RES4 = average residual of rays from 4th quadrant)

 Stn#  Stn     RES          RES1         RES2         RES3         RES4
   1   624     0.03(  74)   0.09(  33)   0.06(   5)  -0.02(  29)  -0.08(   7)
   2   628     0.02(  69)  -0.04(  32)   0.01(   5)   0.01(  23)   0.31(   9)
   3   630     0.00(  53)   0.02(  25)  -0.05(  12)  -0.09(   9)   0.13(   7)
   4   627     0.03(  46)   0.05(  12)   0.01(   1)  -0.05(  21)   0.16(  12)
   5   621     0.05(  59)   0.12(   6)   0.00(   0)   0.09(  18)   0.02(  35)
   6   629     0.03(  43)   0.13(  16)   0.00(   0)  -0.16(   7)   0.01(  20)
   7   622     0.03(  58)   0.03(  27)   0.00(   0)   0.02(  20)   0.05(  11)
   8   620     0.02(  48)   0.00(   0)   0.09(   1)   0.08(  18)  -0.01(  29)
   9   623     0.04(  55)  -0.01(  30)   0.00(   0)   0.19(  17)  -0.13(   8)
  10   626     0.05(  52)   0.02(  24)   0.00(   0)  -0.05(   5)   0.11(  23)
  11   625     0.03(  49)   0.08(  15)   0.00(   0)  -0.05(  23)   0.12(  11)
  12   631     0.07(  49)   0.04(  18)   0.03(   1)   0.45(   4)   0.04(  26)
  13   632     0.05(  24)   0.16(  13)  -0.55(   2)   0.12(   3)  -0.02(   6)



 CPU - statistics:

 TOTAL CPU-sec          =    0.4     (CPU-minutes:  0.006)

 >>>   End of program VELEST at 25-06-02 12:52       <<< [ CPU-sec :     0.4]
