 >>> Start of program VELEST at 25-06-02 12:55       <<<                        

 ::::::::::::::::::::::::::::::::::::::                                         
  V E L E S T  - Version : January 3, 1995                                      
  (Authors: see source code)                                                    
 ::::::::::::::::::::::::::::::::::::::                                         


 Title of this VELEST run:

 model_2
 -------


 Current array-dimensions of program VELEST:

 Max. number of EARTHQUAKES for simult. inversion IEQ = ***
 Max. number of SHOTS for simult. inversion    INSHOT =  50
 Max. number of (different) 1D-MODELS      ITOTMODELS =   2
 Max. number of LAYERS per one 1D-model        INLTOT = 100
 Max. number of STATIONS in stationlist           IST = 650
 Max. number of OBSERVATIONS per event MAXOBSPEREVENT = 180






    INPUT - P A R A M E T E R S :



***
***  olat       olon   icoordsystem      zshift   itrial ztrial    ised
  72.000000-126.000000      0            0.000       0     0.00      0
***
*** neqs   nshot    rotate
     91      0      0.0
***
*** isingle   iresolcalc
       0          0
***
*** dmax    itopo    zmin     veladj    zadj   lowveloclay
   300.00     0      0.01       0.20    5.00       0
***
*** nsp    swtfac   vpvs       nmod
     1      1.00    1.730        1
***
***   othet   xythet    zthet    vthet   stathet
       0.01     0.01     0.01     1.00     0.01
***
*** nsinv   nshcor   nshfix     iuseelev    iusestacorr
       1       0       0           1            1
***
*** iturbo    icnvout   istaout   ismpout
       1         1         1         0
***
*** irayout   idrvout   ialeout   idspout   irflout   irfrout   iresout
       0         0         0         0         0         0         0
***
*** delmin   ittmax   invertratio
    0.010       3          1
***
*** Modelfile:
tmp/model_2/synthvel/model_704.mod
***
*** Stationfile:
./velinp/station.sta
***
*** Seismofile:
 
***
*** File with region names:
 
***
*** File with region coordinates:
 
***
*** File #1 with topo data:
 
***
*** File #2 with topo data:
 
***
*** DATA INPUT files:
***
*** File with Earthquake data:
./velinp/data.cnv
***
*** File with Shot data:
 
***
*** OUTPUT files:
***
*** Main print output file:
./velout/model_2/velest704.out
***
*** File with single event locations:
velout.vel
***
*** File with final hypocenters in *.cnv format:
./velout/model_2/final_loc704.cnv
***
*** File with new station corrections:
./velout/model_2/stations_corr704.sta
***
*** File with summary cards (e.g. for plotting):
velout.smp
***
*** File with raypoints:
velout.ray
***
*** File with derivatives:
velout.drv
***
*** File with ALEs:
velout.ale
***
*** File with Dirichlet spreads:
velout.dspr
***
*** File with reflection points:
velout.rfl
***
*** File with refraction points:
velout.rfr
***
*** File with residuals:
velout.res
***




 Origin of cartesian coordinates:
        72.00000N   126.00000E

  X,Y-AXES rotated clockwise from North
           Rotation angle (rotate):
            rotate=    0.0 degr.

 icoordsystem =            0
 normal SHORT DISTANCE CONVERSION will be made
 x is positive towards west, y is positive towards north


 SHORT DISTANCE CONVERSION on ELLIPSOIDE of WORLD GEODETIC SYSTEM 1972 (WGS72)
 =============================================================================

 Radius at equator (REARTH)= 6378.13500  km
   1. / (ellipticity)      =    298.260

 Origin of cartesian coordinates [degrees]:
   72.0000000 N     -126.0000000 W

  Rotation angle (in degr.) clockwise from
North  rotate=    0.0

 Radius of sphere at OLAT =   6358.817 km

 Conversion of GEOGRAPHICAL LATITUDE to GEOCENTRICAL LATITUDE:
 RLATC = TAN(GEOCENTR.LAT) / TAN(GEOGRAPH.LAT)
 RLATC =   0.99333486

          Short distance conversions:
          one min lat ~  1.8597 km 
          one min lon ~  0.5751 km 







    INPUT - M O D E L :



 Model(s) read from file :
 tmp/model_2/synthvel/model_704.mod                                              

 model file title: 
Model: model_704.mod                    
 Velocity structure for model   1 :

 layer    vel   depth   vdamp  reflector
   1      5.07  -5.00    1.00         P-VELOCITY MODEL                  
   2      5.77  -3.11    1.00  
 WARNING:
 Only top of the first layer can be negative !!
   3      6.17   3.34    1.00  
   4      6.24   8.49    1.00  
   5      6.35  18.59    1.00  
   6      6.77  23.94    1.00  
   7      6.84  24.63    1.00  
   8      7.03  26.19    1.00  
   9      7.06  34.57    1.00  
  10      8.46  35.97    1.00  

 Calculation of average velocity starts at layer #            1
 z = -5.00 ... -3.11    v = 5.07    AVEL = 5.07 downto z =  -3.11
 z = -3.11 ...  3.34    v = 5.77    AVEL = 5.61 downto z =   3.34
 z =  3.34 ...  8.49    v = 6.17    AVEL = 5.82 downto z =   8.49
 z =  8.49 ... 18.59    v = 6.24    AVEL = 6.00 downto z =  18.59
 z = 18.59 ... 23.94    v = 6.35    AVEL = 6.07 downto z =  23.94
 z = 23.94 ... 24.63    v = 6.77    AVEL = 6.08 downto z =  24.63
 z = 24.63 ... 26.19    v = 6.84    AVEL = 6.12 downto z =  26.19
 z = 26.19 ... 34.57    v = 7.03    AVEL = 6.31 downto z =  34.57
 z = 34.57 ... 35.97    v = 7.06    AVEL = 6.34 downto z =  35.97


 Calculation of average velocity starts at layer #            2
 z = -3.11 ...  3.34    v = 5.77    AVEL = 5.77 downto z =   3.34
 z =  3.34 ...  8.49    v = 6.17    AVEL = 5.95 downto z =   8.49
 z =  8.49 ... 18.59    v = 6.24    AVEL = 6.08 downto z =  18.59
 z = 18.59 ... 23.94    v = 6.35    AVEL = 6.14 downto z =  23.94
 z = 23.94 ... 24.63    v = 6.77    AVEL = 6.15 downto z =  24.63
 z = 24.63 ... 26.19    v = 6.84    AVEL = 6.19 downto z =  26.19
 z = 26.19 ... 34.57    v = 7.03    AVEL = 6.38 downto z =  34.57
 z = 34.57 ... 35.97    v = 7.06    AVEL = 6.40 downto z =  35.97






    INPUT - S T A T I O N S :



 Station-parameters read from file :
 ./velinp/station.sta                                                            


     stn latitude longitude elev   x      y      z     ptcor stcor model icc
   1 624 72.4760N126.2750E     0  -9.37  53.11  -0.00   0.00  0.00   1  13
   2 628 72.4000N127.1470E     0 -39.15  44.63  -0.00   0.00  0.00   1  12
   3 630 72.0750N128.3250E     0 -80.06   8.37  -0.00   0.00  0.00   1  11
   4 627 72.1170N126.9820E     0 -33.78  13.06  -0.00   0.00  0.00   1  10
   5 621 72.1840N124.8890E     0  38.14  20.53  -0.00   0.00  0.00   1   9
   6 629 71.9290N127.3130E     0 -45.39  -7.92  -0.00   0.00  0.00   1   8
   7 622 72.4420N125.3130E     0  23.42  49.32  -0.00   0.00  0.00   1   7
   8 620 72.6540N124.3470E     0  56.03  72.98  -0.00   0.00  0.00   1   6
   9 623 72.3260N125.7600E     0   8.21  36.38  -0.00   0.00  0.00   1   5
  10 626 71.8880N126.0360E     0  -1.25 -12.50  -0.00   0.00  0.00   1   4
  11 625 72.1740N126.1070E     0  -3.67  19.42  -0.00   0.00  0.00   1   3
  12 631 71.3990N127.2470E     0 -43.72 -67.06  -0.00   0.00  0.00   1   2
  13 632 71.5740N129.0728E     0-107.23 -47.53  -0.00   0.00  0.00   1   1

 NO Seismo-parameter-file specified
 --> NO magnitudes calculated!




   neqs=   91  nshot=    0  nltot=   10

 ~~~ input parameters read.
 ~~~ set units for first iteration ...
 ~~~ determine number of unknowns ...

 Number of unknowns (for array-indexing):  nvar =  386
 Number of effective unknowns        :  nvareff =  374
 Number of elements on/below main diagonal of matrix G = At*A : kvar =   74691

 ~~~ reset G and RHT ...
 ~~~ input data, raytracing, setup G ...






    I N P U T - D A T A  

  eq    origin-time    latitude longitude depth    x      y      z    mag ifxOBS
   1 160818 1613  9.10 73.0030N 124.8500E  23.10  38.61 111.92  23.10 1.40 0   6
   2 160818 1613  9.30 72.9910N 124.8700E  22.80  37.95 110.58  22.80 1.10 0   6
   3 160819 0959 27.30 71.9230N 129.7600E  12.10-130.00  -8.59  12.10 4.00 0  12
   4 160820 1506 15.70 71.9380N 129.7900E  11.00-130.98  -6.92  11.00 1.50 0   9
   5 160820 1904 45.70 72.3480N 127.1800E  23.80 -40.33  38.83  23.80 1.20 0   6
   6 160822 1318 49.50 72.3650N 127.0800E  16.50 -36.90  40.73  16.50 0.60 0   8
   7 160823 0652 14.00 70.9330N 129.8100E   6.40-135.21-119.06   6.40 2.90 0   6
   8 160824 1510 30.40 71.6070N 130.0400E   8.60-140.86 -43.85   8.60 1.50 0   9
   9 160906 1514 39.70 72.5080N 125.6800E  12.10  10.89  56.68  12.10 0.90 0   6
 WARNING:
 epicentral distance: 303.3 > dmax ( 300.0) ==> skipping phase !
 WARNING:
 epicentral distance: 338.2 > dmax ( 300.0) ==> skipping phase !
  10 160920 1607 18.30 69.2370N 128.3500E  16.20 -87.07-308.31  16.20 2.60 0   2
 WARNING:
 epicentral distance: 318.5 > dmax ( 300.0) ==> skipping phase !
 WARNING:
 epicentral distance: 355.0 > dmax ( 300.0) ==> skipping phase !
  11 160925 1911  5.60 69.2250N 127.6800E  15.60 -62.26-309.64  15.60 2.30 0   2
  12 161004 0841 51.20 72.8480N 124.9600E  15.60  35.07  94.62  15.60 0.20 0   6
  13 161005 1619 46.90 72.8770N 125.0100E  19.00  33.35  97.86  19.00 1.00 0   9
  14 161006 0156 55.90 72.8740N 125.0100E  13.90  33.36  97.52  13.90 1.00 0   7
  15 161009 0036 44.70 72.8720N 124.9900E  17.20  34.03  97.30  17.20 1.30 0   8
  16 161009 0036 44.90 72.8580N 124.9600E  18.60  35.06  95.74  18.60 1.20 0   7
  17 161012 0800 22.10 72.7380N 126.0300E  18.50  -1.01  82.35  18.50 0.80 0   7
  18 161015 1013 36.50 72.0400N 126.9900E  11.20 -34.12   4.46  11.20 0.70 0   7
  19 161021 0507 33.30 72.5750N 124.7800E  10.10  41.44  64.16  10.10 0.80 0   6
  20 161124 2250 46.00 72.7630N 124.8800E  16.20  37.85  85.14  16.20 3.10 0   4
  21 161125 0156 34.10 72.7420N 124.9200E  14.50  36.52  82.80  14.50 0.60 0   7
  22 161125 0517 25.90 72.7650N 124.9400E  13.50  35.82  85.36  13.50 1.60 0   6
  23 161125 0525 15.90 72.7740N 124.9500E  11.60  35.48  86.37  11.60 0.80 0   6
  24 161125 0556  2.00 72.7350N 124.9700E   5.70  34.84  82.01   5.70 0.20 0   6
  25 170117 0846 48.60 72.2130N 127.3400E  22.00 -45.97  23.77  22.00 0.30 0   6
  26 170122 1614 27.60 71.9670N 128.0400E  10.30 -70.45  -3.68  10.30 0.90 0   6
  27 170125 2244  0.20 72.4440N 126.0200E  13.10  -0.68  49.54  13.10 0.80 0   6
  28 170302 1359 59.10 72.6830N 124.8900E  11.50  37.60  76.21  11.50 0.50 0   7
  29 170302 2335 20.20 71.8850N 130.3000E  14.80-148.82 -12.83  14.80 2.10 0   9
  30 170304 2135  2.90 72.6880N 124.9400E  13.40  35.90  76.77  13.40 1.30 0   7
  31 170307 0447 21.00 72.6940N 124.9200E  14.20  36.57  77.44  14.20 1.70 0  10
  32 170307 2016 50.80 72.6910N 124.9100E  15.30  36.91  77.10  15.30 1.10 0   6
  33 170309 1454  0.80 72.6830N 124.9000E  15.60  37.26  76.21  15.60 0.30 0   6
  34 170311 0430 55.40 72.3130N 126.5000E  24.50 -17.11  34.93  24.50 0.30 0   6
  35 170312 0416 39.20 71.9240N 128.0800E   3.40 -71.91  -8.48   3.40 2.10 0   6
  36 170313 0553 59.10 72.6980N 124.9200E  15.10  36.57  77.89  15.10 1.00 0   9
  37 170313 0809  5.60 72.4500N 125.0800E  14.90  31.36  50.21  14.90 1.20 0   7
  38 170315 0234 46.50 72.6540N 123.8400E  16.90  73.22  72.98  16.90 1.40 0   7
  39 170317 1007 14.10 72.2350N 125.9800E   3.90   0.69  26.22   3.90 0.50 0   7
  40 170320 0711 14.60 72.1250N 127.2200E  16.80 -41.95  13.95  16.80 0.90 0   6
  41 170320 0853 56.40 72.7090N 124.9700E   5.10  34.86  79.11   5.10 0.40 0   6
  42 170320 1900 34.30 72.4150N 126.1200E  18.00  -4.09  46.31  18.00 0.60 0   7
  43 170323 0519 24.60 71.6470N 129.1800E   5.20-110.76 -39.39   5.20 1.20 0   6
  44 170323 1612 49.70 72.4530N 125.1100E   8.30  30.33  50.55   8.30 0.50 0   6
  45 170323 1906 41.20 72.4070N 130.2500E  18.30-145.04  45.41  18.30 1.00 0   6
  46 170326 0836 34.10 71.9930N 127.6700E  16.10 -57.63  -0.78  16.10 1.50 0   7
  47 170402 0422  1.00 72.7220N 125.6900E  21.90  10.49  80.56  21.90 1.20 0  10
  48 170402 0636 37.20 72.7310N 125.6900E  23.50  10.49  81.57  23.50 0.70 0   6
  49 170404 2347 35.70 72.7580N 124.3800E  22.60  54.76  84.58  22.60 0.50 0   6
  50 170405 0307 36.10 71.6810N 128.9500E  15.30-102.66 -35.60  15.30 1.00 0  10
  51 170405 1410 53.20 71.5100N 128.9000E   9.30-101.37 -54.68   9.30 1.70 0  10
  52 170406 0838 43.20 72.3850N 129.3800E  15.50-115.42  42.96  15.50 0.90 0  10
  53 170406 1728  1.00 72.7230N 125.6900E  21.30  10.49  80.67  21.30 0.90 0  10
 WARNING:
 epicentral distance: 325.9 > dmax ( 300.0) ==> skipping phase !
 WARNING:
 epicentral distance: 332.9 > dmax ( 300.0) ==> skipping phase !
 WARNING:
 epicentral distance: 345.3 > dmax ( 300.0) ==> skipping phase !
 WARNING:
 epicentral distance: 391.9 > dmax ( 300.0) ==> skipping phase !
  54 170407 1729  3.40 74.8930N 128.6300E  15.60 -83.67 322.81  15.60 1.80 0   2
 WARNING:
 epicentral distance: 311.3 > dmax ( 300.0) ==> skipping phase !
 WARNING:
 epicentral distance: 315.4 > dmax ( 300.0) ==> skipping phase !
 WARNING:
 epicentral distance: 328.9 > dmax ( 300.0) ==> skipping phase !
 WARNING:
 epicentral distance: 374.2 > dmax ( 300.0) ==> skipping phase !
  55 170407 1729  3.50 74.7270N 128.8100E   0.40 -89.83 304.29   0.40 1.60 0   5
  56 170408 1004 44.90 72.6070N 124.9400E  15.00  35.98  67.73  15.00 1.40 0  13
  57 170409 0856 47.20 73.3850N 128.5500E  15.60 -84.71 154.54  15.60 2.50 0   6
  58 170409 0902 45.60 73.3500N 128.4400E  15.10 -81.13 150.64  15.10 1.10 0   7
  59 170410 1520  8.50 72.0030N 128.3900E   2.70 -82.46   0.33   2.70 1.00 0  10
  60 170410 1813  3.60 70.9360N 129.1200E   3.70-110.72-118.73   3.70 2.20 0  13
  61 170412 1507  0.60 71.5070N 129.7200E   0.00-130.05 -55.01   0.00 0.70 0   6
  62 170413 0651 20.10 73.3680N 125.4200E  15.60  19.28 152.65  15.60 1.00 0  10
  63 170414 0459 18.80 72.2680N 127.3800E  20.10 -47.27  29.90  20.10 0.50 0   7
  64 170414 0540  4.80 73.6400N 130.9700E   8.00-163.92 183.00   8.00 1.80 0  11
  65 170414 1656 23.40 72.1850N 127.4000E  15.50 -48.06  20.64  15.50 0.20 0   6
  66 170414 1753 32.80 72.3840N 130.4600E  17.90-152.30  42.85  17.90 0.70 0   6
  67 170416 0523 41.90 71.9560N 127.0800E  19.20 -37.31  -4.91  19.20 1.60 0  13
  68 170416 1220 14.20 72.9470N 124.4900E  20.40  50.77 105.67  20.40 1.00 0  11
 WARNING:
 epicentral distance: 320.3 > dmax ( 300.0) ==> skipping phase !
 WARNING:
 epicentral distance: 381.0 > dmax ( 300.0) ==> skipping phase !
 WARNING:
 epicentral distance: 398.8 > dmax ( 300.0) ==> skipping phase !
 WARNING:
 epicentral distance: 405.0 > dmax ( 300.0) ==> skipping phase !
 WARNING:
 epicentral distance: 424.8 > dmax ( 300.0) ==> skipping phase !
 WARNING:
 epicentral distance: 431.2 > dmax ( 300.0) ==> skipping phase !
 WARNING:
 epicentral distance: 445.5 > dmax ( 300.0) ==> skipping phase !
 WARNING:
 epicentral distance: 451.8 > dmax ( 300.0) ==> skipping phase !
 WARNING:
 epicentral distance: 464.3 > dmax ( 300.0) ==> skipping phase !
  69 170416 1257 48.30 68.8710N 131.7500E  73.50-214.97-349.14  73.50 2.20 0   0
  70 170416 1821  5.50 72.8670N 125.0000E  19.30  33.70  96.74  19.30 1.30 0  13
  71 170418 0606  4.10 72.5080N 125.8200E   1.30   6.13  56.68   1.30 0.20 0   6
 WARNING:
 epicentral distance: 315.2 > dmax ( 300.0) ==> skipping phase !
 WARNING:
 epicentral distance: 332.1 > dmax ( 300.0) ==> skipping phase !
 WARNING:
 epicentral distance: 345.3 > dmax ( 300.0) ==> skipping phase !
 WARNING:
 epicentral distance: 352.6 > dmax ( 300.0) ==> skipping phase !
 WARNING:
 epicentral distance: 346.7 > dmax ( 300.0) ==> skipping phase !
 WARNING:
 epicentral distance: 356.6 > dmax ( 300.0) ==> skipping phase !
 WARNING:
 epicentral distance: 363.9 > dmax ( 300.0) ==> skipping phase !
 WARNING:
 epicentral distance: 372.8 > dmax ( 300.0) ==> skipping phase !
 WARNING:
 epicentral distance: 378.6 > dmax ( 300.0) ==> skipping phase !
 WARNING:
 epicentral distance: 378.6 > dmax ( 300.0) ==> skipping phase !
  72 170418 1005 56.80 69.3310N 122.4100E  97.00 132.70-297.82  97.00 2.20 0   1
  73 170418 1500 12.90 72.7340N 124.5100E  23.10  50.40  81.90  23.10 1.30 0  12
  74 170420 1302 36.20 72.6290N 129.0200E  21.80-102.44  70.19  21.80 0.90 0  11
  75 170420 2248 46.70 72.0220N 129.1200E   0.00-107.59   2.46   0.00 0.70 0  11
 WARNING:
 epicentral distance: 313.1 > dmax ( 300.0) ==> skipping phase !
 WARNING:
 epicentral distance: 324.4 > dmax ( 300.0) ==> skipping phase !
 WARNING:
 epicentral distance: 324.2 > dmax ( 300.0) ==> skipping phase !
 WARNING:
 epicentral distance: 342.4 > dmax ( 300.0) ==> skipping phase !
 WARNING:
 epicentral distance: 349.0 > dmax ( 300.0) ==> skipping phase !
 WARNING:
 epicentral distance: 380.2 > dmax ( 300.0) ==> skipping phase !
 WARNING:
 epicentral distance: 381.6 > dmax ( 300.0) ==> skipping phase !
 WARNING:
 epicentral distance: 408.0 > dmax ( 300.0) ==> skipping phase !
  76 170423 0850 54.60 74.7080N 132.7900E   0.10-217.19 302.17   0.10 1.90 0   0
  77 170423 1455 44.10 72.8400N 124.4900E  16.80  50.92  93.73  16.80 0.60 0   8
  78 170423 2313 41.80 72.5960N 124.8700E  22.00  38.36  66.50  22.00 1.30 0  12
  79 170424 0609 58.60 71.9600N 128.0200E   0.10 -69.77  -4.46   0.10 1.10 0  12
  80 170424 0755 26.70 71.9480N 128.0300E   0.00 -70.14  -5.80   0.00 1.00 0  12
  81 170424 0755 26.90 71.9590N 128.0300E   0.00 -70.12  -4.57   0.00 1.00 0  12
  82 170425 0652 23.30 71.9600N 128.0300E   0.00 -70.12  -4.46   0.00 1.20 0   9
  83 170426 0051 23.20 71.9450N 128.0600E   6.60 -71.18  -6.14   6.60 0.70 0   6
  84 170426 1425 21.20 72.0790N 127.2600E  21.00 -43.38   8.82  21.00 0.10 0   6
  85 170426 1834 24.60 71.5840N 130.8000E  10.90-167.46 -46.42  10.90 1.20 0   8
  86 170426 1840 44.10 72.2710N 126.3600E  18.10 -12.33  30.24  18.10 1.30 0   8
  87 170427 0912 28.80 72.0640N 127.7900E   2.60 -61.65   7.14   2.60 0.90 0   8
  88 170427 1041 38.10 71.7480N 128.9900E   8.40-103.86 -28.12   8.40 0.70 0   7
  89 170427 2010 47.80 72.8010N 130.2000E  20.20-141.80  89.38  20.20 1.30 0   8
  90 170427 2010 48.30 72.7890N 130.1400E  20.10-139.82  88.04  20.10 1.30 0   8
  91 170427 2342 34.10 72.7630N 125.0100E  19.50  33.46  85.14  19.50 0.80 0   6

 readings for station 624  :  74
 readings for station 628  :  69
 readings for station 630  :  53
 readings for station 627  :  46
 readings for station 621  :  59
 readings for station 629  :  43
 readings for station 622  :  58
 readings for station 620  :  48
 readings for station 623  :  55
 readings for station 626  :  52
 readings for station 625  :  49
 readings for station 631  :  49
 readings for station 632  :  24

 Total number of stations with readings:  13

 Total number of readings:     679
 Total number of P readings:       0
 Total number of S readings:       0


 ~~~ store parts of G ...
 ~~~ compute RMS and DATVAR ...

 Total number of observations is:   679


 $$$$$$$$$$$$$$$$$$$$$$$$$$$$$$$$$$$$$$$$$$$$$$$$$
 Events with  | AVRES | > 1.0 SEC are suspicious !

 Event#   7 >>>  160823 0652  AVRES =  1.40 NOBS =  6
 Event#   8 >>>  160824 1510  AVRES =  1.03 NOBS =  9
 Event#  10 >>>  160920 1607  AVRES =  2.98 NOBS =  2
 Event#  11 >>>  160925 1911  AVRES =  2.62 NOBS =  2
 Event#  54 >>>  170407 1729  AVRES =  1.34 NOBS =  2
 Event#  55 >>>  170407 1729  AVRES =  1.59 NOBS =  5
 Event#  57 >>>  170409 0856  AVRES =  1.88 NOBS =  6
 Event#  58 >>>  170409 0902  AVRES =  1.36 NOBS =  7
 Event#  60 >>>  170410 1813  AVRES =  1.29 NOBS = 13
 Event#  64 >>>  170414 0540  AVRES =  2.41 NOBS = 11
 Event#  72 >>>  170418 1005  AVRES =  1.94 NOBS =  1
 Event#  85 >>>  170426 1834  AVRES =  1.05 NOBS =  8
 Event#  89 >>>  170427 2010  AVRES =  1.19 NOBS =  8
 Event#  90 >>>  170427 2010  AVRES =  1.10 NOBS =  8

 ^^^^^^^^^ C H E C K   these events above ^^^^^^^^
 $$$$$$$$$$$$$$$$$$$$$$$$$$$$$$$$$$$$$$$$$$$$$$$$$

 ~~~ save initial datvar ...

 Iteration nr  0 obtained:
 DATVAR=    1.064019 mean sqrd residual=     0.477947  RMS RESIDUAL=     0.691337

 After  0 iterations we got:
 Average absolute & unweighted [and mean] residual of
   417 straight and direct rays =  0.33934 [  0.32554]
   262 refracted           rays =  1.12280 [  1.10913]
     0 reflected           rays =  0.00000 [  0.00000]

   679 ALL                 RAYS =  0.64165 [  0.62790]        0.00 %




--------------------------------------------------------------------------------



           ITERATION no  1

 ~~~ set units for this iteration ...
 ~~~ determine number of unknowns for this iter. ...

 Number of unknowns (for array-indexing):  nvar =  386
 Number of effective unknowns        :  nvareff =  387
 Number of elements on/below main diagonal of matrix G = At*A : kvar =   74691

 Damping factors to be used in this iteration:
   Othet=   0.010   XYthet  =   0.010   Zthet=  0.010
 STAthet=   0.010   Vthet   =   1.000

 ~~~ damp G ...
 ~~~ solve G * b = RHT ...
 ~~~ fix units ...
 ~~~ apply eventually step-length damping ...
 ~~~ adjust model (hypocenters, stacorr & veloc.) ...

 doing velocity adjustments now...
 WARNING: Tried to introduce a low-velocity-layer! (Layer  7)
 Setting DVP from -0.10 to 0.0 and VP to vp(layer_above)+0.001

 doing station-correction adjustments...

 ~~~ compute effective step-length ...

 (Applied) Step length =   3.443

 ~~~ set units for next iteration ...
 ~~~ determine number of unknowns for next iter. ...

 Number of unknowns (for array-indexing):  nvar =  386
 Number of effective unknowns        :  nvareff =  387
 Number of elements on/below main diagonal of matrix G = At*A : kvar =   74691

 ~~~ reset G and RHT ...
 ~~~ raytracing, setup G ...
 ~~~ store parts of G ...
 ~~~ set units back for current iteration ...
 ~~~ determine number of unknowns for this iter. ...

 Number of unknowns (for array-indexing):  nvar =  386
 Number of effective unknowns        :  nvareff =  387
 Number of elements on/below main diagonal of matrix G = At*A : kvar =   74691

 ~~~ compute RMS and DATVAR ...

 $$$$$$$$$$$$$$$$$$$$$$$$$$$$$$$$$$$$$$$$$$$$$$$$$
 Events with  | AVRES | > 1.0 SEC are suspicious !

 Event#   7 >>>  160823 0652  AVRES =  1.16 NOBS =  6
 Event#  10 >>>  160920 1607  AVRES =  2.46 NOBS =  2
 Event#  11 >>>  160925 1911  AVRES =  2.16 NOBS =  2
 Event#  54 >>>  170407 1729  AVRES =  1.10 NOBS =  2
 Event#  55 >>>  170407 1729  AVRES =  1.31 NOBS =  5
 Event#  57 >>>  170409 0856  AVRES =  1.55 NOBS =  6
 Event#  58 >>>  170409 0902  AVRES =  1.13 NOBS =  7
 Event#  60 >>>  170410 1813  AVRES =  1.08 NOBS = 13
 Event#  64 >>>  170414 0540  AVRES =  1.99 NOBS = 11
 Event#  72 >>>  170418 1005  AVRES =  1.59 NOBS =  1

 ^^^^^^^^^ C H E C K   these events above ^^^^^^^^
 $$$$$$$$$$$$$$$$$$$$$$$$$$$$$$$$$$$$$$$$$$$$$$$$$

 ~~~ check solution (better? worse?) ...

 Iteration nr  1 obtained:
 DATVAR=    0.803006 mean sqrd residual=     0.345328  RMS RESIDUAL=     0.587646

 After  1 iterations we got:
 Average absolute & unweighted [and mean] residual of
   430 straight and direct rays =  0.29954 [  0.28438]
   249 refracted           rays =  0.95906 [  0.94531]
     0 reflected           rays =  0.00000 [  0.00000]

   679 ALL                 RAYS =  0.54140 [  0.52675]      -15.62 %

 ~~~ iteration done; output results ...

  eq       ot     x      y      z      rms    avres   dot     dx     dy     dz
    1      9.09  38.60 112.04  23.26   0.22   0.38   -0.010 -0.011  0.118  0.156
    2      9.29  37.97 110.71  22.91   0.21   0.37   -0.013  0.024  0.127  0.111
    3     27.28-130.19  -8.51  12.56   0.48   0.58   -0.019 -0.185  0.082  0.457
    4     15.65-131.30  -6.87  11.33   0.58   0.56   -0.047 -0.315  0.044  0.332
    5     45.71 -40.26  38.60  23.75   0.10   0.21    0.010  0.076 -0.228 -0.046
    6     49.51 -36.70  40.69  16.69   0.10   0.20    0.012  0.195 -0.042  0.193
    7     13.98-135.03-119.10   6.16   0.87   1.16   -0.022  0.184 -0.039 -0.236
    8     30.39-140.96 -43.87   8.88   0.62   0.86   -0.013 -0.103 -0.017  0.276
    9     39.71  10.87  56.55  11.99   0.10   0.13    0.005 -0.020 -0.134 -0.105
   10     18.29 -87.43-308.29  16.20   1.09   2.46   -0.014 -0.367  0.020  0.002
   11      5.52 -62.72-309.66  15.61   1.32   2.16   -0.078 -0.454 -0.012  0.008
   12     51.21  35.05  94.51  15.84   0.25   0.26    0.011 -0.020 -0.109  0.239
   13     46.89  33.48  97.91  19.15   0.24   0.36   -0.008  0.128  0.055  0.146
   14     55.89  33.41  97.50  14.15   0.48   0.38   -0.014  0.053 -0.025  0.253
   15     44.69  34.07  97.33  17.41   0.56   0.54   -0.007  0.037  0.026  0.213
   16     44.88  34.99  95.89  18.70   0.63   0.60   -0.023 -0.068  0.152  0.096
   17     22.08  -0.94  82.37  18.64   0.42   0.36   -0.016  0.079  0.025  0.136
   18     36.51 -33.98   4.49  11.26   0.15   0.20    0.007  0.141  0.027  0.065
   19     33.33  41.43  64.04  10.02   0.15   0.23    0.027 -0.011 -0.124 -0.085
   20     45.98  37.83  85.12  16.26   0.18   0.28   -0.022 -0.019 -0.022  0.063
   21     34.11  36.46  82.75  14.21   0.35   0.26    0.012 -0.061 -0.045 -0.294
   22     25.91  35.76  85.31  13.46   0.23   0.21    0.012 -0.062 -0.051 -0.043
   23     15.92  35.43  86.28  11.51   0.34   0.23    0.021 -0.041 -0.087 -0.089
   24      2.00  34.90  82.23   5.65   0.48   0.31   -0.000  0.059  0.213 -0.047
   25     48.64 -45.84  23.58  22.17   0.10   0.30    0.045  0.133 -0.184  0.167
   26     27.62 -70.33  -3.92  10.36   0.10   0.24    0.019  0.122 -0.236  0.059
   27      0.21  -0.58  49.32  13.17   0.08   0.21    0.008  0.101 -0.226  0.067
   28     59.10  37.76  76.25  11.61   0.48   0.48    0.005  0.166  0.042  0.106
   29     20.18-148.87 -12.85  14.92   0.54   0.67   -0.023 -0.051 -0.017  0.121
   30      2.92  35.94  76.71  13.36   0.51   0.49    0.016  0.040 -0.065 -0.044
   31     21.00  36.47  77.40  14.26   0.58   0.44   -0.003 -0.101 -0.036  0.059
   32     50.81  36.92  76.97  15.27   0.16   0.19    0.010  0.005 -0.133 -0.032
   33      0.81  37.29  76.11  15.68   0.18   0.27    0.015  0.032 -0.106  0.076
   34     55.43 -16.90  34.89  24.54   0.06   0.23    0.026  0.207 -0.040  0.040
   35     39.28 -71.57  -8.50   3.40   0.20   0.38    0.083  0.346 -0.024  0.004
   36     59.11  36.58  77.80  15.17   0.44   0.42    0.012  0.012 -0.088  0.067
   37      5.62  31.36  50.08  14.69   0.12   0.20    0.020  0.001 -0.131 -0.213
   38     46.48  73.23  72.93  17.00   0.30   0.32   -0.021  0.007 -0.047  0.099
   39     14.10   0.80  26.09   3.77   0.13   0.13    0.002  0.117 -0.132 -0.131
   40     14.60 -41.89  13.86  16.76   0.15   0.18   -0.003  0.064 -0.085 -0.045
   41     56.43  34.90  78.91   5.12   0.10   0.24    0.033  0.033 -0.200  0.022
   42     34.32  -3.92  46.27  17.95   0.11   0.21    0.017  0.178 -0.038 -0.047
   43     24.63-110.57 -39.51   5.31   0.30   0.28    0.032  0.189 -0.122  0.109
   44     49.72  30.35  50.39   8.08   0.10   0.13    0.017  0.017 -0.161 -0.225
   45     41.20-145.13  45.69  18.51   0.56   0.72   -0.002 -0.088  0.277  0.213
   46     34.11 -57.54  -0.99  16.20   0.11   0.25    0.012  0.093 -0.207  0.098
   47      1.03  10.65  80.54  21.97   0.66   0.57    0.025  0.164 -0.026  0.070
   48     37.23  10.65  81.55  23.64   0.13   0.33    0.027  0.161 -0.019  0.140
   49     35.68  54.75  84.53  22.72   0.21   0.23   -0.016 -0.006 -0.054  0.122
   50     36.07-102.66 -35.66  15.39   0.39   0.42   -0.031 -0.007 -0.060  0.088
   51     53.18-101.28 -54.72   9.36   0.63   0.63   -0.021  0.092 -0.045  0.058
   52     43.16-115.70  43.26  15.87   0.44   0.53   -0.037 -0.282  0.302  0.374
   53      1.03  10.64  80.66  21.39   0.63   0.60    0.026  0.148 -0.014  0.094
   54      3.04 -83.69 322.76  15.64   0.41   1.10   -0.355 -0.015 -0.049  0.038
   55      3.25 -89.74 304.28   0.43   0.32   1.31   -0.249  0.091 -0.004  0.032
   56     44.89  36.04  67.59  15.10   0.55   0.38   -0.007  0.060 -0.139  0.102
   57     47.17 -84.62 154.71  15.60   0.59   1.55   -0.029  0.088  0.164  0.003
   58     45.60 -80.82 150.87  15.12   0.89   1.13   -0.004  0.309  0.232  0.024
   59      8.60 -82.38   0.28   3.37   0.61   0.41    0.101  0.073 -0.056  0.666
   60      3.59-110.67-118.73   3.71   1.09   1.08   -0.013  0.050 -0.008  0.006
   61      0.65-130.19 -54.99   0.31   0.55   0.55    0.054 -0.138  0.023  0.197
   62     20.08  19.56 152.64  15.80   0.96   0.73   -0.020  0.287 -0.002  0.196
   63     18.81 -47.13  29.76  20.35   0.09   0.23    0.012  0.140 -0.142  0.252
   64      4.78-163.15 183.91   8.00   0.78   1.99   -0.022  0.768  0.915  0.002
   65     23.44 -47.87  20.48  15.57   0.09   0.23    0.038  0.191 -0.157  0.067
   66     32.80-152.53  42.88  18.17   0.43   0.60    0.004 -0.233  0.034  0.271
   67     41.91 -37.13  -5.17  19.18   0.16   0.31    0.008  0.173 -0.255 -0.016
   68     14.17  51.05 105.86  20.46   0.37   0.53   -0.026  0.273  0.192  0.056
   69     48.30-214.97-349.14  73.50   0.00   0.00    0.000  0.000  0.000  0.000
   70      5.49  33.79  96.85  19.23   0.66   0.60   -0.007  0.093  0.105 -0.072
   71      4.26   6.18  57.04   2.01   0.78   0.76    0.160  0.050  0.351  0.710
   72     56.36 132.67-297.78  96.99   2.54   1.59   -0.444 -0.031  0.041 -0.012
   73     12.92  50.54  81.76  22.99   0.48   0.55    0.024  0.148 -0.146 -0.113
   74     36.20-102.60  70.41  22.42   0.41   0.52    0.001 -0.161  0.225  0.619
   75     46.73-108.11   2.85   0.26   0.99   0.82    0.035 -0.528  0.393  0.147
   76     54.60-217.19 302.17   0.10   0.00   0.00    0.000  0.000  0.000  0.000
   77     44.10  50.95  93.79  16.76   0.27   0.35   -0.000  0.024  0.063 -0.045
   78     41.80  38.48  66.30  22.01   0.41   0.34    0.001  0.114 -0.205  0.012
   79     58.72 -69.45  -4.61   0.24   0.53   0.68    0.122  0.326 -0.143  0.143
   80     26.83 -69.90  -6.01   0.43   0.49   0.71    0.126  0.237 -0.210  0.323
   81     27.03 -69.83  -4.76   0.21   0.50   0.72    0.126  0.293 -0.187  0.102
   82     23.41 -69.80  -4.63   0.31   0.48   0.64    0.112  0.320 -0.168  0.196
   83     23.24 -71.00  -6.19   6.63   0.12   0.23    0.042  0.183 -0.058  0.033
   84     21.24 -43.17   8.56  20.99   0.05   0.25    0.037  0.215 -0.252 -0.010
   85     24.57-167.46 -46.40  10.76   0.71   0.88   -0.030  0.005  0.022 -0.140
   86     44.10 -12.17  30.00  18.21   0.07   0.19   -0.003  0.164 -0.235  0.112
   87     28.97 -61.53   6.95   3.88   0.14   0.27    0.169  0.123 -0.189  1.278
   88     38.12-103.78 -28.28   8.60   0.29   0.33    0.017  0.083 -0.157  0.205
   89     47.82-142.06  89.67  20.74   0.60   0.99    0.024 -0.266  0.293  0.543
   90     48.31-140.04  88.23  20.58   0.55   0.92    0.010 -0.227  0.189  0.481
   91     34.08  33.62  85.09  19.63   0.50   0.48   -0.025  0.159 -0.053  0.132

 A V E R A G E   of ADJUSTMENTS :                     0.001  0.050 -0.016  0.108
 A V E R A G E   of ABSOLUTE ADJUSTMENTS :            0.038  0.135  0.121  0.154


 Step length damping of 0.17409 was applied.


 Velocity adjustments:
     vp    dvp      hp   reflector
 Velocity model   1
   5.028 -0.042   -5.000      
   5.812  0.042   -3.110      
   6.139 -0.031    3.340      
   6.211 -0.029    8.490      
   6.361  0.011   18.590      
   6.742 -0.028   23.940      
   6.743  0.000   24.630      
   7.056  0.026   26.190      
   7.161  0.101   34.570      
   8.260 -0.200   35.970      

 Calculation of average velocity starts at layer #           1
 z = -5.00 ... -3.11    v = 5.03    AVEL = 5.03 downto z =  -3.11
 z = -3.11 ...  3.34    v = 5.81    AVEL = 5.63 downto z =   3.34
 z =  3.34 ...  8.49    v = 6.14    AVEL = 5.83 downto z =   8.49
 z =  8.49 ... 18.59    v = 6.21    AVEL = 5.99 downto z =  18.59
 z = 18.59 ... 23.94    v = 6.36    AVEL = 6.06 downto z =  23.94
 z = 23.94 ... 24.63    v = 6.74    AVEL = 6.08 downto z =  24.63
 z = 24.63 ... 26.19    v = 6.74    AVEL = 6.11 downto z =  26.19
 z = 26.19 ... 34.57    v = 7.06    AVEL = 6.31 downto z =  34.57
 z = 34.57 ... 35.97    v = 7.16    AVEL = 6.34 downto z =  35.97


 Calculation of average velocity starts at layer #           2
 z = -3.11 ...  3.34    v = 5.81    AVEL = 5.81 downto z =   3.34
 z =  3.34 ...  8.49    v = 6.14    AVEL = 5.96 downto z =   8.49
 z =  8.49 ... 18.59    v = 6.21    AVEL = 6.08 downto z =  18.59
 z = 18.59 ... 23.94    v = 6.36    AVEL = 6.13 downto z =  23.94
 z = 23.94 ... 24.63    v = 6.74    AVEL = 6.15 downto z =  24.63
 z = 24.63 ... 26.19    v = 6.74    AVEL = 6.18 downto z =  26.19
 z = 26.19 ... 34.57    v = 7.06    AVEL = 6.37 downto z =  34.57
 z = 34.57 ... 35.97    v = 7.16    AVEL = 6.40 downto z =  35.97



 Adjusted station corrections:
   stn  ptcor  dpcor  
  624   0.000  0.000  628  -0.047 -0.047  630  -0.038 -0.038  627   0.008  0.008
  621   0.034  0.034  629   0.024  0.024  622   0.023  0.023  620   0.005  0.005
  623   0.050  0.050  626   0.033  0.033  625   0.027  0.027  631   0.071  0.071
  632   0.006  0.006

 ~~~ another iteration? ...



--------------------------------------------------------------------------------



           ITERATION no  2

 ~~~ set units for this iteration ...
 ~~~ determine number of unknowns for this iter. ...

 Number of unknowns (for array-indexing):  nvar =  386
 Number of effective unknowns        :  nvareff =  387
 Number of elements on/below main diagonal of matrix G = At*A : kvar =   74691

 Damping factors to be used in this iteration:
   Othet=   0.010   XYthet  =   0.010   Zthet=  0.010
 STAthet=   0.010   Vthet   =   1.000

 ~~~ damp G ...
 ~~~ solve G * b = RHT ...
 ~~~ fix units ...
 ~~~ apply eventually step-length damping ...
 ~~~ adjust model (hypocenters, stacorr & veloc.) ...

 doing velocity adjustments now...
 WARNING: Tried to introduce a low-velocity-layer! (Layer  7)
 Setting DVP from -0.08 to 0.0 and VP to vp(layer_above)+0.001

 doing station-correction adjustments...

 ~~~ compute effective step-length ...

 (Applied) Step length =   3.877

 ~~~ set units for next iteration ...
 ~~~ determine number of unknowns for next iter. ...

 Number of unknowns (for array-indexing):  nvar =  386
 Number of effective unknowns        :  nvareff =  387
 Number of elements on/below main diagonal of matrix G = At*A : kvar =   74691

 ~~~ reset G and RHT ...
 ~~~ raytracing, setup G ...
 ~~~ store parts of G ...
 ~~~ set units back for current iteration ...
 ~~~ determine number of unknowns for this iter. ...

 Number of unknowns (for array-indexing):  nvar =  386
 Number of effective unknowns        :  nvareff =  387
 Number of elements on/below main diagonal of matrix G = At*A : kvar =   74691

 ~~~ compute RMS and DATVAR ...

 $$$$$$$$$$$$$$$$$$$$$$$$$$$$$$$$$$$$$$$$$$$$$$$$$
 Events with  | AVRES | > 1.0 SEC are suspicious !

 Event#  10 >>>  160920 1607  AVRES =  1.90 NOBS =  2
 Event#  11 >>>  160925 1911  AVRES =  1.67 NOBS =  2
 Event#  55 >>>  170407 1729  AVRES =  1.01 NOBS =  5
 Event#  57 >>>  170409 0856  AVRES =  1.20 NOBS =  6
 Event#  64 >>>  170414 0540  AVRES =  1.54 NOBS = 11
 Event#  72 >>>  170418 1005  AVRES =  1.23 NOBS =  1

 ^^^^^^^^^ C H E C K   these events above ^^^^^^^^
 $$$$$$$$$$$$$$$$$$$$$$$$$$$$$$$$$$$$$$$$$$$$$$$$$

 ~~~ check solution (better? worse?) ...

 Iteration nr  2 obtained:
 DATVAR=    0.529891 mean sqrd residual=     0.227877  RMS RESIDUAL=     0.477364

 After  2 iterations we got:
 Average absolute & unweighted [and mean] residual of
   435 straight and direct rays =  0.26590 [  0.25079]
   244 refracted           rays =  0.76990 [  0.75301]
     0 reflected           rays =  0.00000 [  0.00000]

   679 ALL                 RAYS =  0.44701 [  0.43127]      -17.43 %

 ~~~ iteration done; output results ...

  eq       ot     x      y      z      rms    avres   dot     dx     dy     dz
    1      9.08  38.63 112.19  23.42   0.16   0.31   -0.008  0.027  0.154  0.167
    2      9.27  38.01 110.85  23.07   0.16   0.30   -0.013  0.034  0.147  0.157
    3     27.26-130.41  -8.44  13.04   0.40   0.47   -0.022 -0.223  0.068  0.485
    4     15.60-131.70  -6.83  11.68   0.49   0.46   -0.057 -0.398  0.042  0.347
    5     45.73 -40.17  38.42  23.64   0.09   0.18    0.018  0.085 -0.186 -0.115
    6     49.53 -36.51  40.62  16.90   0.09   0.18    0.014  0.194 -0.064  0.207
    7     13.95-134.76-119.17   5.74   0.68   0.91   -0.026  0.273 -0.071 -0.420
    8     30.38-141.07 -43.93   9.17   0.51   0.68   -0.011 -0.102 -0.064  0.294
    9     39.72  10.85  56.39  11.85   0.09   0.13    0.014 -0.024 -0.164 -0.146
   10     18.28 -87.92-308.26  16.20   1.07   1.90   -0.009 -0.488  0.026  0.001
   11      5.44 -63.32-309.67  15.62   1.30   1.67   -0.078 -0.603 -0.018  0.008
   12     51.23  35.03  94.37  16.16   0.24   0.23    0.017 -0.011 -0.140  0.323
   13     46.89  33.63  97.97  19.39   0.19   0.30   -0.007  0.153  0.060  0.244
   14     55.88  33.47  97.46  14.48   0.35   0.31   -0.010  0.062 -0.035  0.322
   15     44.69  34.12  97.36  17.69   0.45   0.43   -0.005  0.048  0.035  0.274
   16     44.85  34.91  96.10  18.84   0.52   0.48   -0.026 -0.081  0.213  0.143
   17     22.07  -0.86  82.39  18.85   0.32   0.30   -0.013  0.075  0.018  0.218
   18     36.52 -33.85   4.49  11.29   0.15   0.18    0.010  0.131  0.002  0.024
   19     33.36  41.43  63.89   9.90   0.14   0.20    0.036 -0.008 -0.147 -0.115
   20     45.96  37.81  85.09  16.37   0.13   0.24   -0.021 -0.020 -0.029  0.104
   21     34.13  36.39  82.70  13.89   0.28   0.22    0.018 -0.070 -0.051 -0.320
   22     25.93  35.69  85.24  13.40   0.21   0.19    0.020 -0.070 -0.070 -0.053
   23     15.95  35.39  86.16  11.40   0.31   0.21    0.031 -0.049 -0.115 -0.116
   24      2.00  34.95  82.48   5.60   0.44   0.27    0.005  0.055  0.251 -0.057
   25     48.69 -45.70  23.36  22.36   0.09   0.26    0.045  0.137 -0.218  0.189
   26     27.64 -70.20  -4.18  10.40   0.08   0.21    0.020  0.123 -0.264  0.042
   27      0.22  -0.47  49.06  13.25   0.06   0.19    0.011  0.108 -0.256  0.079
   28     59.11  37.96  76.30  11.76   0.37   0.40    0.008  0.196  0.046  0.153
   29     20.16-148.91 -12.99  15.00   0.41   0.53   -0.018 -0.038 -0.139  0.076
   30      2.94  35.99  76.63  13.34   0.39   0.40    0.021  0.052 -0.073 -0.018
   31     21.00  36.36  77.36  14.35   0.45   0.36    0.001 -0.107 -0.040  0.092
   32     50.83  36.93  76.80  15.23   0.13   0.17    0.018  0.011 -0.168 -0.038
   33      0.83  37.34  75.98  15.79   0.13   0.23    0.019  0.045 -0.127  0.118
   34     55.45 -16.68  34.83  24.59   0.05   0.20    0.027  0.223 -0.057  0.052
   35     39.38 -71.18  -8.52   3.41   0.20   0.32    0.097  0.387 -0.017  0.007
   36     59.13  36.60  77.69  15.27   0.34   0.34    0.016  0.019 -0.104  0.105
   37      5.65  31.36  49.92  14.42   0.12   0.18    0.029  0.001 -0.162 -0.272
   38     46.46  73.25  72.87  17.13   0.25   0.27   -0.021  0.028 -0.054  0.129
   39     14.11   0.92  25.93   3.58   0.12   0.13    0.009  0.122 -0.162 -0.186
   40     14.60 -41.82  13.74  16.66   0.14   0.16    0.002  0.066 -0.119 -0.095
   41     56.48  34.93  78.66   5.16   0.10   0.22    0.046  0.035 -0.248  0.040
   42     34.34  -3.73  46.22  17.89   0.09   0.19    0.022  0.190 -0.050 -0.060
   43     24.67-110.36 -39.67   5.43   0.28   0.25    0.034  0.215 -0.163  0.125
   44     49.74  30.37  50.19   7.78   0.09   0.12    0.028  0.019 -0.193 -0.295
   45     41.20-145.36  45.80  18.85   0.41   0.57    0.006 -0.234  0.111  0.338
   46     34.12 -57.44  -1.22  16.29   0.09   0.22    0.012  0.093 -0.234  0.088
   47      1.08  10.90  80.34  21.95   0.53   0.46    0.055  0.250 -0.200 -0.018
   48     37.26  10.82  81.52  23.83   0.11   0.29    0.030  0.172 -0.032  0.189
   49     35.72  54.61  84.43  22.45   0.17   0.20    0.034 -0.146 -0.097 -0.268
   50     36.04-102.68 -35.75  15.46   0.30   0.35   -0.034 -0.018 -0.093  0.075
   51     53.16-101.15 -54.79   9.40   0.53   0.52   -0.016  0.129 -0.070  0.039
   52     43.12-116.06  43.58  16.31   0.39   0.43   -0.045 -0.357  0.322  0.436
   53      1.08  10.87  80.55  21.43   0.50   0.48    0.052  0.234 -0.113  0.032
   54      2.68 -83.71 322.71  15.68   0.36   0.84   -0.367 -0.025 -0.055  0.039
   55      3.00 -89.64 304.28   0.46   0.25   1.01   -0.252  0.106 -0.001  0.031
   56     44.89  36.11  67.43  15.24   0.46   0.32   -0.005  0.073 -0.163  0.139
   57     47.14 -84.53 154.92  15.61   0.51   1.20   -0.031  0.086  0.209  0.003
   58     45.59 -80.48 151.16  15.18   0.72   0.89   -0.003  0.346  0.288  0.053
   59      8.63 -82.42   0.32   3.65   0.55   0.35    0.030 -0.033  0.044  0.280
   60      3.61-110.41-118.47   3.17   0.93   0.85    0.025  0.260  0.263 -0.538
   61      0.72-130.38 -54.97   0.63   0.51   0.44    0.070 -0.195  0.018  0.321
   62     20.09  20.07 152.52  16.01   0.82   0.58    0.007  0.511 -0.126  0.214
   63     18.83 -46.99  29.59  20.61   0.06   0.20    0.014  0.140 -0.170  0.262
   64      4.76-162.25 185.01   8.00   0.68   1.54   -0.018  0.898  1.096  0.002
   65     23.48 -47.67  20.29  15.62   0.08   0.20    0.042  0.199 -0.197  0.051
   66     32.83-152.64  43.13  18.57   0.34   0.49    0.027 -0.109  0.246  0.402
   67     41.92 -36.96  -5.46  19.12   0.15   0.27    0.010  0.177 -0.298 -0.064
   68     14.14  51.35 106.11  20.56   0.29   0.42   -0.032  0.301  0.252  0.108
   69     48.30-214.97-349.14  73.50   0.00   0.00    0.000  0.000  0.000  0.000
   70      5.49  33.91  96.94  19.22   0.52   0.48   -0.004  0.118  0.091 -0.007
   71      4.42   6.22  57.39   2.71   0.72   0.54    0.165  0.043  0.356  0.696
   72     55.89 132.63-297.73  96.97   1.52   1.23   -0.470 -0.034  0.044 -0.014
   73     12.95  50.71  81.59  22.89   0.36   0.44    0.027  0.168 -0.166 -0.101
   74     36.20-102.88  70.73  23.21   0.32   0.42   -0.005 -0.279  0.316  0.791
   75     46.76-108.81   3.28   0.23   0.97   0.67    0.021 -0.698  0.429 -0.025
   76     54.60-217.19 302.17   0.10   0.00   0.00    0.000  0.000  0.000  0.000
   77     44.10  51.01  93.84  16.79   0.21   0.29   -0.000  0.061  0.051  0.032
   78     41.82  38.59  66.04  21.89   0.32   0.28    0.017  0.110 -0.259 -0.123
   79     58.87 -69.15  -4.78   0.52   0.47   0.62    0.147  0.292 -0.178  0.276
   80     27.00 -69.74  -6.28   1.33   0.45   0.54    0.174  0.164 -0.266  0.899
   81     27.16 -69.56  -4.98   0.15   0.40   0.66    0.132  0.270 -0.220 -0.064
   82     23.56 -69.53  -4.84   0.75   0.35   0.61    0.144  0.262 -0.206  0.446
   83     23.29 -70.82  -6.27   6.66   0.10   0.21    0.046  0.182 -0.080  0.022
   84     21.28 -42.94   8.26  20.95   0.05   0.21    0.039  0.230 -0.304 -0.036
   85     24.54-167.45 -46.37  10.56   0.56   0.69   -0.030  0.004  0.025 -0.196
   86     44.10 -12.00  29.82  18.32   0.07   0.17    0.003  0.167 -0.184  0.104
   87     29.01 -61.42   6.65   3.95   0.11   0.24    0.037  0.114 -0.304  0.069
   88     38.13-103.58 -28.49   8.81   0.24   0.28    0.012  0.203 -0.218  0.207
   89     47.84-142.35  89.97  21.32   0.47   0.77    0.019 -0.289  0.293  0.573
   90     48.32-140.24  88.61  21.12   0.42   0.72    0.010 -0.196  0.378  0.540
   91     34.05  33.81  85.03  19.82   0.38   0.40   -0.025  0.193 -0.058  0.193

 A V E R A G E   of ADJUSTMENTS :                     0.004  0.052 -0.024  0.096
 A V E R A G E   of ABSOLUTE ADJUSTMENTS :            0.041  0.160  0.153  0.178


 Step length damping of 0.22875 was applied.


 Velocity adjustments:
     vp    dvp      hp   reflector
 Velocity model   1
   4.961 -0.067   -5.000      
   5.872  0.060   -3.110      
   6.103 -0.036    3.340      
   6.181 -0.030    8.490      
   6.367  0.005   18.590      
   6.705 -0.037   23.940      
   6.706  0.000   24.630      
   7.044 -0.013   26.190      
   7.282  0.121   34.570      
   8.060 -0.200   35.970      

 Calculation of average velocity starts at layer #           1
 z = -5.00 ... -3.11    v = 4.96    AVEL = 4.96 downto z =  -3.11
 z = -3.11 ...  3.34    v = 5.87    AVEL = 5.67 downto z =   3.34
 z =  3.34 ...  8.49    v = 6.10    AVEL = 5.83 downto z =   8.49
 z =  8.49 ... 18.59    v = 6.18    AVEL = 5.98 downto z =  18.59
 z = 18.59 ... 23.94    v = 6.37    AVEL = 6.05 downto z =  23.94
 z = 23.94 ... 24.63    v = 6.71    AVEL = 6.07 downto z =  24.63
 z = 24.63 ... 26.19    v = 6.71    AVEL = 6.10 downto z =  26.19
 z = 26.19 ... 34.57    v = 7.04    AVEL = 6.30 downto z =  34.57
 z = 34.57 ... 35.97    v = 7.28    AVEL = 6.33 downto z =  35.97


 Calculation of average velocity starts at layer #           2
 z = -3.11 ...  3.34    v = 5.87    AVEL = 5.87 downto z =   3.34
 z =  3.34 ...  8.49    v = 6.10    AVEL = 5.97 downto z =   8.49
 z =  8.49 ... 18.59    v = 6.18    AVEL = 6.07 downto z =  18.59
 z = 18.59 ... 23.94    v = 6.37    AVEL = 6.13 downto z =  23.94
 z = 23.94 ... 24.63    v = 6.71    AVEL = 6.14 downto z =  24.63
 z = 24.63 ... 26.19    v = 6.71    AVEL = 6.17 downto z =  26.19
 z = 26.19 ... 34.57    v = 7.04    AVEL = 6.37 downto z =  34.57
 z = 34.57 ... 35.97    v = 7.28    AVEL = 6.40 downto z =  35.97



 Adjusted station corrections:
   stn  ptcor  dpcor  
  624   0.000  0.000  628  -0.094 -0.047  630  -0.071 -0.033  627   0.024  0.016
  621   0.073  0.039  629   0.056  0.032  622   0.049  0.025  620   0.008  0.004
  623   0.105  0.055  626   0.075  0.042  625   0.059  0.031  631   0.156  0.085
  632   0.023  0.016

 ~~~ another iteration? ...



--------------------------------------------------------------------------------



           ITERATION no  3

 ~~~ set units for this iteration ...
 ~~~ determine number of unknowns for this iter. ...

 Number of unknowns (for array-indexing):  nvar =  386
 Number of effective unknowns        :  nvareff =  387
 Number of elements on/below main diagonal of matrix G = At*A : kvar =   74691

 Damping factors to be used in this iteration:
   Othet=   0.010   XYthet  =   0.010   Zthet=  0.010
 STAthet=   0.010   Vthet   =   1.000

 ~~~ damp G ...
 ~~~ solve G * b = RHT ...
 ~~~ fix units ...
 ~~~ apply eventually step-length damping ...
 ~~~ adjust model (hypocenters, stacorr & veloc.) ...

 doing velocity adjustments now...
 WARNING: Tried to introduce a low-velocity-layer! (Layer  7)
 Setting DVP from -0.07 to 0.0 and VP to vp(layer_above)+0.001

 doing station-correction adjustments...

 ~~~ compute effective step-length ...

 (Applied) Step length =   4.789

 ~~~ set units for next iteration ...
 ~~~ determine number of unknowns for next iter. ...

 Number of unknowns (for array-indexing):  nvar =  386
 Number of effective unknowns        :  nvareff =  387
 Number of elements on/below main diagonal of matrix G = At*A : kvar =   74691

 ~~~ reset G and RHT ...
 ~~~ raytracing, setup G ...
 ~~~ store parts of G ...
 ~~~ set units back for current iteration ...
 ~~~ determine number of unknowns for this iter. ...

 Number of unknowns (for array-indexing):  nvar =  386
 Number of effective unknowns        :  nvareff =  387
 Number of elements on/below main diagonal of matrix G = At*A : kvar =   74691

 ~~~ compute RMS and DATVAR ...

 $$$$$$$$$$$$$$$$$$$$$$$$$$$$$$$$$$$$$$$$$$$$$$$$$
 Events with  | AVRES | > 1.0 SEC are suspicious !

 Event#  10 >>>  160920 1607  AVRES =  1.32 NOBS =  2
 Event#  11 >>>  160925 1911  AVRES =  1.16 NOBS =  2
 Event#  64 >>>  170414 0540  AVRES =  1.07 NOBS = 11

 ^^^^^^^^^ C H E C K   these events above ^^^^^^^^
 $$$$$$$$$$$$$$$$$$$$$$$$$$$$$$$$$$$$$$$$$$$$$$$$$

 ~~~ check solution (better? worse?) ...

 Iteration nr  3 obtained:
 DATVAR=    0.337856 mean sqrd residual=     0.145293  RMS RESIDUAL=     0.381173

 After  3 iterations we got:
 Average absolute & unweighted [and mean] residual of
   439 straight and direct rays =  0.23389 [  0.20777]
   240 refracted           rays =  0.56062 [  0.53826]
     0 reflected           rays =  0.00000 [  0.00000]

   679 ALL                 RAYS =  0.34938 [  0.32459]      -21.84 %

 ~~~ iteration done; output results ...

  eq       ot     x      y      z      rms    avres   dot     dx     dy     dz
    1      9.08  38.67 112.38  23.72   0.12   0.23   -0.003  0.043  0.188  0.299
    2      9.27  38.07 111.04  23.33   0.13   0.23   -0.007  0.065  0.185  0.265
    3     27.26-130.60  -8.41  13.49   0.33   0.35    0.004 -0.189  0.034  0.447
    4     15.56-132.04  -6.67  11.59   0.39   0.34   -0.038 -0.339  0.157 -0.090
    5     45.76 -40.09  38.24  23.58   0.08   0.14    0.028  0.087 -0.176 -0.057
    6     49.55 -36.34  40.54  17.09   0.09   0.14    0.029  0.171 -0.084  0.187
    7     13.95-134.53-119.27   5.47   0.50   0.65    0.002  0.228 -0.098 -0.277
    8     30.38-141.19 -43.88   9.37   0.41   0.49    0.008 -0.119  0.051  0.200
    9     39.76  10.80  56.21  11.63   0.09   0.11    0.039 -0.051 -0.175 -0.215
   10     18.27 -88.59-308.22  16.20   1.04   1.32   -0.010 -0.669  0.037  0.001
   11      5.36 -64.15-309.70  15.63   1.29   1.16   -0.082 -0.827 -0.025  0.008
   12     51.26  35.05  94.22  16.60   0.24   0.18    0.034  0.014 -0.158  0.438
   13     46.88  33.81  98.09  19.80   0.15   0.22   -0.001  0.173  0.113  0.411
   14     55.88  33.56  97.43  14.92   0.24   0.24    0.004  0.088 -0.031  0.447
   15     44.69  34.19  97.45  18.09   0.35   0.32    0.002  0.072  0.084  0.403
   16     44.82  34.81  96.45  19.07   0.41   0.36   -0.027 -0.101  0.347  0.229
   17     22.07  -0.83  82.43  19.14   0.22   0.23   -0.000  0.026  0.035  0.283
   18     36.54 -33.78   4.46  11.22   0.15   0.15    0.027  0.074 -0.036 -0.064
   19     33.43  41.43  63.75   9.73   0.13   0.16    0.063  0.002 -0.142 -0.166
   20     45.95  37.76  85.08  16.56   0.08   0.19   -0.005 -0.050 -0.011  0.189
   21     34.16  36.32  82.69  13.58   0.22   0.18    0.033 -0.070 -0.004 -0.304
   22     25.98  35.62  85.18  13.32   0.18   0.16    0.043 -0.070 -0.056 -0.082
   23     16.01  35.34  86.05  11.22   0.29   0.17    0.059 -0.048 -0.112 -0.171
   24      2.04  35.06  82.82   5.48   0.40   0.21    0.033  0.109  0.342 -0.112
   25     48.75 -45.57  23.11  22.54   0.08   0.19    0.056  0.127 -0.251  0.187
   26     27.68 -70.09  -4.44  10.37   0.07   0.17    0.041  0.119 -0.254 -0.028
   27      0.25  -0.38  48.81  13.31   0.06   0.15    0.031  0.095 -0.256  0.060
   28     59.13  38.20  76.39  12.01   0.27   0.29    0.021  0.241  0.091  0.250
   29     20.15-148.97 -13.06  15.14   0.28   0.39   -0.007 -0.057 -0.075  0.143
   30      3.00  36.19  76.41  13.27   0.30   0.30    0.061  0.204 -0.226 -0.068
   31     21.01  36.27  77.35  14.54   0.32   0.28    0.012 -0.090 -0.014  0.186
   32     50.87  36.95  76.62  15.18   0.11   0.14    0.040  0.025 -0.183 -0.054
   33      0.86  37.40  75.87  15.99   0.11   0.19    0.031  0.067 -0.111  0.200
   34     55.49 -16.45  34.77  24.63   0.04   0.16    0.040  0.222 -0.054  0.042
   35     39.50 -70.84  -8.55   3.43   0.20   0.25    0.125  0.337 -0.035  0.016
   36     59.16  36.63  77.61  15.46   0.25   0.26    0.029  0.035 -0.086  0.188
   37      5.70  31.35  49.75  14.05   0.11   0.15    0.055 -0.006 -0.172 -0.367
   38     46.45  73.26  72.96  17.31   0.21   0.21   -0.004  0.004  0.084  0.182
   39     14.15   1.04  25.77   3.23   0.29   0.70    0.040  0.120 -0.162 -0.354
   40     14.62 -41.79  13.60  16.46   0.13   0.13    0.020  0.037 -0.141 -0.196
   41     56.56  35.03  78.41   5.20   0.10   0.18    0.082  0.099 -0.258  0.041
   42     34.38  -3.55  46.16  17.79   0.07   0.15    0.042  0.176 -0.055 -0.108
   43     24.73-110.20 -39.93   5.50   0.28   0.20    0.063  0.158 -0.259  0.067
   44     49.80  30.37  49.98   7.45   0.08   0.11    0.056 -0.001 -0.211 -0.332
   45     41.22-145.55  46.00  19.36   0.27   0.41    0.015 -0.189  0.202  0.508
   46     34.15 -57.36  -1.45  16.31   0.08   0.17    0.028  0.089 -0.230  0.028
   47      1.14  11.13  80.12  22.04   0.40   0.33    0.065  0.226 -0.215  0.088
   48     37.33  11.03  81.45  23.69   0.07   0.22    0.078  0.213 -0.068 -0.138
   49     35.76  54.48  84.32  22.27   0.13   0.15    0.042 -0.128 -0.110 -0.186
   50     36.04-102.61 -35.93  15.30   0.21   0.26    0.005  0.075 -0.185 -0.160
   51     53.20-100.81 -54.95   9.28   0.43   0.38    0.040  0.342 -0.155 -0.120
   52     43.07-116.54  43.99  16.68   0.34   0.32   -0.045 -0.488  0.405  0.365
   53      1.14  11.08  80.43  21.57   0.37   0.35    0.061  0.208 -0.113  0.146
   54      2.30 -83.76 322.64  15.72   0.31   0.59   -0.377 -0.043 -0.064  0.039
   55      2.74 -89.52 304.28   0.49   0.18   0.71   -0.256  0.115 -0.000  0.030
   56     44.92  36.20  67.16  15.25   0.36   0.24    0.029  0.090 -0.269  0.004
   57     47.10 -84.48 155.18  15.61   0.44   0.84   -0.035  0.055  0.264  0.004
   58     45.60 -80.11 151.53  15.34   0.56   0.63    0.004  0.367  0.377  0.160
   59      8.71 -82.54   0.33   3.46   0.52   0.26    0.074 -0.126  0.006 -0.187
   60      3.67-110.07-118.25   2.78   0.76   0.60    0.061  0.338  0.216 -0.392
   61      0.83-130.73 -54.97   1.18   0.48   0.30    0.107 -0.344 -0.004  0.552
   62     20.12  20.58 152.39  16.39   0.67   0.43    0.027  0.507 -0.129  0.379
   63     18.86 -46.87  29.39  20.83   0.05   0.16    0.031  0.126 -0.202  0.212
   64      4.74-161.21 186.33   8.01   0.58   1.07   -0.023  1.048  1.322  0.002
   65     23.54 -47.48  20.06  15.62   0.07   0.16    0.058  0.194 -0.230  0.000
   66     32.85-153.10  43.53  19.12   0.28   0.34    0.018 -0.459  0.398  0.552
   67     41.96 -36.80  -5.80  18.66   0.13   0.20    0.046  0.153 -0.339 -0.461
   68     14.10  51.68 106.50  20.80   0.23   0.32   -0.038  0.334  0.385  0.233
   69     48.30-214.97-349.14  73.50   0.00   0.00    0.000  0.000  0.000  0.000
   70      5.49  34.06  97.08  19.37   0.39   0.35    0.001  0.147  0.138  0.145
   71      4.59   6.23  57.77   3.36   0.61  -0.13    0.162  0.011  0.384  0.654
   72     55.40 132.60-297.69  96.96   0.73   0.85   -0.489 -0.036  0.047 -0.015
   73     12.98  50.93  81.43  22.93   0.26   0.32    0.028  0.220 -0.158  0.040
   74     36.21-103.12  70.91  24.06   0.26   0.30    0.017 -0.235  0.179  0.846
   75     46.89-109.25   3.90   0.70   0.88   0.55    0.138 -0.434  0.618  0.465
   76     54.60-217.19 302.17   0.10   0.00   0.00    0.000  0.000  0.000  0.000
   77     44.10  51.14  93.92  16.97   0.16   0.22    0.004  0.131  0.079  0.179
   78     41.84  38.72  65.77  21.84   0.23   0.21    0.025  0.127 -0.270 -0.046
   79     59.10 -68.95  -5.22   1.62   0.47   0.48    0.228  0.200 -0.438  1.105
   80     27.20 -69.74  -6.61   2.75   0.40   0.35    0.201  0.003 -0.335  1.414
   81     27.34 -69.34  -5.33   0.07   0.30   0.71    0.180  0.215 -0.345 -0.080
   82     23.76 -69.40  -5.32   1.67   0.32   0.48    0.206  0.135 -0.483  0.922
   83     23.35 -70.71  -6.46   6.59   0.08   0.17    0.063  0.104 -0.187 -0.061
   84     21.33 -42.70   7.91  20.87   0.05   0.17    0.051  0.237 -0.354 -0.089
   85     24.52-167.50 -46.31  10.42   0.42   0.50   -0.019 -0.046  0.057 -0.143
   86     44.11 -11.85  29.62  18.43   0.07   0.13    0.014  0.153 -0.206  0.117
   87     29.07 -61.37   6.32   4.03   0.09   0.19    0.065  0.047 -0.327  0.080
   88     38.17-103.34 -28.70   9.11   0.20   0.22    0.041  0.239 -0.211  0.294
   89     47.86-142.68  90.25  21.94   0.36   0.54    0.014 -0.327  0.288  0.621
   90     48.33-140.46  89.00  21.70   0.30   0.51    0.005 -0.215  0.395  0.583
   91     34.03  34.13  85.15  20.04   0.27   0.29   -0.025  0.319  0.117  0.215

 A V E R A G E   of ADJUSTMENTS :                     0.022  0.046 -0.021  0.123
 A V E R A G E   of ABSOLUTE ADJUSTMENTS :            0.055  0.173  0.189  0.236


 Step length damping of 0.30695 was applied.


 Velocity adjustments:
     vp    dvp      hp   reflector
 Velocity model   1
   4.910 -0.050   -5.000      
   5.929  0.057   -3.110      
   6.083 -0.020    3.340      
   6.147 -0.034    8.490      
   6.370  0.004   18.590      
   6.679 -0.026   23.940      
   6.680  0.000   24.630      
   7.009 -0.035   26.190      
   7.449  0.167   34.570      
   7.860 -0.200   35.970      

 Calculation of average velocity starts at layer #           1
 z = -5.00 ... -3.11    v = 4.91    AVEL = 4.91 downto z =  -3.11
 z = -3.11 ...  3.34    v = 5.93    AVEL = 5.70 downto z =   3.34
 z =  3.34 ...  8.49    v = 6.08    AVEL = 5.85 downto z =   8.49
 z =  8.49 ... 18.59    v = 6.15    AVEL = 5.97 downto z =  18.59
 z = 18.59 ... 23.94    v = 6.37    AVEL = 6.05 downto z =  23.94
 z = 23.94 ... 24.63    v = 6.68    AVEL = 6.06 downto z =  24.63
 z = 24.63 ... 26.19    v = 6.68    AVEL = 6.09 downto z =  26.19
 z = 26.19 ... 34.57    v = 7.01    AVEL = 6.29 downto z =  34.57
 z = 34.57 ... 35.97    v = 7.45    AVEL = 6.33 downto z =  35.97


 Calculation of average velocity starts at layer #           2
 z = -3.11 ...  3.34    v = 5.93    AVEL = 5.93 downto z =   3.34
 z =  3.34 ...  8.49    v = 6.08    AVEL = 6.00 downto z =   8.49
 z =  8.49 ... 18.59    v = 6.15    AVEL = 6.07 downto z =  18.59
 z = 18.59 ... 23.94    v = 6.37    AVEL = 6.13 downto z =  23.94
 z = 23.94 ... 24.63    v = 6.68    AVEL = 6.14 downto z =  24.63
 z = 24.63 ... 26.19    v = 6.68    AVEL = 6.17 downto z =  26.19
 z = 26.19 ... 34.57    v = 7.01    AVEL = 6.36 downto z =  34.57
 z = 34.57 ... 35.97    v = 7.45    AVEL = 6.40 downto z =  35.97



 Adjusted station corrections:
   stn  ptcor  dpcor  
  624   0.000  0.000  628  -0.143 -0.048  630  -0.100 -0.028  627   0.050  0.026
  621   0.110  0.036  629   0.094  0.038  622   0.066  0.017  620   0.008 -0.001
  623   0.158  0.054  626   0.120  0.046  625   0.087  0.028  631   0.245  0.089
  632   0.043  0.021

 ~~~ another iteration? ...
 NITT = ITTMAX  --> stop iterations.
 ~~~ final solution reached ...

 ~~~ damp G & Chol.-Decomp.: NOT made (switch iresolcalc is NOT set !)

 Final rms values:  0.12 0.13 0.33 0.39 0.08 0.09 0.50 0.41 0.09 1.04
                    1.29 0.24 0.15 0.24 0.35 0.41 0.22 0.15 0.13 0.08
                    0.22 0.18 0.29 0.40 0.08 0.07 0.06 0.27 0.28 0.30
                    0.32 0.11 0.11 0.04 0.20 0.25 0.11 0.21 0.29 0.13
                    0.10 0.07 0.28 0.08 0.27 0.08 0.40 0.07 0.13 0.21
                    0.43 0.34 0.37 0.31 0.18 0.36 0.44 0.56 0.52 0.76
                    0.48 0.67 0.05 0.58 0.07 0.28 0.13 0.23 0.00 0.39
                    0.61 0.73 0.26 0.26 0.88 0.00 0.16 0.23 0.47 0.40
                    0.30 0.32 0.08 0.05 0.42 0.07 0.09 0.20 0.36 0.30
                    0.27



 ~~~ output final hypocenters ...

      date    origin   latitude longitude  depth  mag  no  rms      x      y      z
   1 160818 1613  9.08 73.0071N 124.8481E  23.72 1.40   6 0.124   38.67 112.38  23.72
   2 160818 1613  9.27 72.9951N 124.8662E  23.33 1.10   6 0.126   38.07 111.04  23.33
   3 160819 0959 27.26 71.9247N 129.7774E  13.49 4.00  12 0.327 -130.60  -8.41  13.49
   4 160820 1506 15.56 71.9402N 129.8207E  11.59 1.50   9 0.390 -132.04  -6.67  11.59
   5 160820 1904 45.76 72.3427N 127.1726E  23.58 1.20   6 0.079  -40.09  38.24  23.58
   6 160822 1318 49.55 72.3633N 127.0636E  17.09 0.60   8 0.094  -36.34  40.54  17.09
   7 160823 0652 13.95 70.9311N 129.7905E   5.47 2.90   6 0.501 -134.53-119.27   5.47
   8 160824 1510 30.38 71.6067N 130.0493E   9.37 1.50   9 0.408 -141.19 -43.88   9.37
   9 160906 1514 39.76 72.5038N 125.6828E  11.63 0.90   6 0.086   10.80  56.21  11.63
  10 160920 1607 18.27 69.2377N 128.3912E  16.20 2.60   2 1.040  -88.59-308.22  16.20
  11 160925 1911  5.36 69.2245N 127.7308E  15.63 2.30   2 1.288  -64.15-309.70  15.63
  12 161004 0841 51.26 72.8444N 124.9606E  16.60 0.20   6 0.241   35.05  94.22  16.60
  13 161005 1619 46.88 72.8791N 124.9965E  19.80 1.00   9 0.150   33.81  98.09  19.80
  14 161006 0156 55.88 72.8732N 125.0040E  14.92 1.00   7 0.236   33.56  97.43  14.92
  15 161009 0036 44.69 72.8733N 124.9853E  18.09 1.30   8 0.350   34.19  97.45  18.09
  16 161009 0036 44.82 72.8644N 124.9672E  19.07 1.20   7 0.406   34.81  96.45  19.07
  17 161012 0800 22.07 72.7387N 126.0247E  19.14 0.80   7 0.223   -0.83  82.43  19.14
  18 161015 1013 36.54 72.0399N 126.9799E  11.22 0.70   7 0.147  -33.78   4.46  11.22
  19 161021 0507 33.43 72.5713N 124.7806E   9.73 0.80   6 0.132   41.43  63.75   9.73
  20 161124 2250 45.95 72.7625N 124.8827E  16.56 3.10   4 0.081   37.76  85.08  16.56
  21 161125 0156 34.16 72.7411N 124.9259E  13.58 0.60   7 0.223   36.32  82.69  13.58
  22 161125 0517 25.98 72.7634N 124.9460E  13.32 1.60   6 0.183   35.62  85.18  13.32
  23 161125 0525 16.01 72.7712N 124.9542E  11.22 0.80   6 0.286   35.34  86.05  11.22
  24 161125 0556  2.04 72.7422N 124.9632E   5.48 0.20   6 0.399   35.06  82.82   5.48
  25 170117 0846 48.75 72.2071N 127.3282E  22.54 0.30   6 0.080  -45.57  23.11  22.54
  26 170122 1614 27.68 71.9602N 128.0291E  10.37 0.90   6 0.067  -70.09  -4.44  10.37
  27 170125 2244  0.25 72.4374N 126.0111E  13.31 0.80   6 0.062   -0.38  48.81  13.31
  28 170302 1359 59.13 72.6846N 124.8721E  12.01 0.50   7 0.265   38.20  76.39  12.01
  29 170302 2335 20.15 71.8829N 130.3040E  15.14 2.10   9 0.278 -148.97 -13.06  15.14
  30 170304 2135  3.00 72.6847N 124.9314E  13.27 1.30   7 0.298   36.19  76.41  13.27
  31 170307 0447 21.01 72.6932N 124.9288E  14.54 1.70  10 0.323   36.27  77.35  14.54
  32 170307 2016 50.87 72.6867N 124.9089E  15.18 1.10   6 0.108   36.95  76.62  15.18
  33 170309 1454  0.86 72.6799N 124.8958E  15.99 0.30   6 0.105   37.40  75.87  15.99
  34 170311 0430 55.49 72.3116N 126.4809E  24.63 0.30   6 0.041  -16.45  34.77  24.63
  35 170312 0416 39.50 71.9233N 128.0490E   3.43 2.10   6 0.204  -70.84  -8.55   3.43
  36 170313 0553 59.16 72.6955N 124.9181E  15.46 1.00   9 0.248   36.63  77.61  15.46
  37 170313 0809  5.70 72.4458N 125.0802E  14.05 1.20   7 0.114   31.35  49.75  14.05
  38 170315 0234 46.45 72.6538N 123.8389E  17.31 1.40   7 0.208   73.26  72.96  17.31
  39 170317 1007 14.15 72.2309N 125.9696E   3.23 0.50   7 0.293    1.04  25.77   3.23
  40 170320 0711 14.62 72.1219N 127.2150E  16.46 0.90   6 0.128  -41.79  13.60  16.46
  41 170320 0853 56.56 72.7027N 124.9652E   5.20 0.40   6 0.104   35.03  78.41   5.20
  42 170320 1900 34.38 72.4137N 126.1041E  17.79 0.60   7 0.074   -3.55  46.16  17.79
  43 170323 0519 24.73 71.6421N 129.1635E   5.50 1.20   6 0.278 -110.20 -39.93   5.50
  44 170323 1612 49.80 72.4480N 125.1091E   7.45 0.50   6 0.078   30.37  49.98   7.45
  45 170323 1906 41.22 72.4123N 130.2656E  19.36 1.00   6 0.269 -145.55  46.00  19.36
  46 170326 0836 34.15 71.9870N 127.6617E  16.31 1.50   7 0.081  -57.36  -1.45  16.31
  47 170402 0422  1.14 72.7180N 125.6711E  22.04 1.20  10 0.399   11.13  80.12  22.04
  48 170402 0636 37.33 72.7299N 125.6739E  23.69 0.70   6 0.072   11.03  81.45  23.69
  49 170404 2347 35.76 72.7557N 124.3884E  22.27 0.50   6 0.133   54.48  84.32  22.27
  50 170405 0307 36.04 71.6780N 128.9483E  15.30 1.00  10 0.213 -102.61 -35.93  15.30
  51 170405 1410 53.20 71.5076N 128.8837E   9.28 1.70  10 0.433 -100.81 -54.95   9.28
  52 170406 0838 43.07 72.3942N 129.4139E  16.68 0.90  10 0.335 -116.54  43.99  16.68
  53 170406 1728  1.14 72.7208N 125.6726E  21.57 0.90  10 0.371   11.08  80.43  21.57
  54 170407 1729  2.30 74.8915N 128.6325E  15.72 1.80   2 0.315  -83.76 322.64  15.72
  55 170407 1729  2.74 74.7269N 128.8002E   0.49 1.60   5 0.183  -89.52 304.28   0.49
  56 170408 1004 44.92 72.6019N 124.9336E  15.25 1.40  13 0.357   36.20  67.16  15.25
  57 170409 0856 47.10 73.3907N 128.5435E  15.61 2.50   6 0.437  -84.48 155.18  15.61
  58 170409 0902 45.60 73.3580N 128.4098E  15.34 1.10   7 0.558  -80.11 151.53  15.34
  59 170410 1520  8.71 72.0029N 128.3925E   3.46 1.00  10 0.519  -82.54   0.33   3.46
  60 170410 1813  3.67 70.9402N 129.1021E   2.78 2.20  13 0.765 -110.07-118.25   2.78
  61 170412 1507  0.83 71.5073N 129.7394E   1.18 0.70   6 0.476 -130.73 -54.97   1.18
  62 170413 0651 20.12 73.3657N 125.3808E  16.39 1.00  10 0.668   20.58 152.39  16.39
  63 170414 0459 18.86 72.2634N 127.3680E  20.83 0.50   7 0.045  -46.87  29.39  20.83
  64 170414 0540  4.74 73.6699N 130.8918E   8.01 1.80  11 0.585 -161.21 186.33   8.01
  65 170414 1656 23.54 72.1798N 127.3828E  15.62 0.20   6 0.075  -47.48  20.06  15.62
  66 170414 1753 32.85 72.3901N 130.4842E  19.12 0.70   6 0.284 -153.10  43.53  19.12
  67 170416 0523 41.96 71.9480N 127.0652E  18.66 1.60  13 0.128  -36.80  -5.80  18.66
  68 170416 1220 14.10 72.9544N 124.4627E  20.80 1.00  11 0.234   51.68 106.50  20.80
 WARNING: Event-# :          69 has zero observations!
  69 170416 1257 48.30 68.8710N 131.7500E  73.50 2.20   0 0.000 -214.97-349.14  73.50
  70 170416 1821  5.49 72.8700N 124.9893E  19.37 1.30  13 0.393   34.06  97.08  19.37
  71 170418 0606  4.59 72.5178N 125.8169E   3.36 0.20   6 0.608    6.23  57.77   3.36
  72 170418 1005 55.40 69.3322N 122.4126E  96.96 2.20   1 0.730  132.60-297.69  96.96
  73 170418 1500 12.98 72.7298N 124.4943E  22.93 1.30  12 0.257   50.93  81.43  22.93
  74 170420 1302 36.21 72.6355N 129.0405E  24.06 0.90  11 0.257 -103.12  70.91  24.06
  75 170420 2248 46.89 72.0349N 129.1692E   0.70 0.70  11 0.884 -109.25   3.90   0.70
 WARNING: Event-# :          76 has zero observations!
  76 170423 0850 54.60 74.7080N 132.7900E   0.10 1.90   0 0.000 -217.19 302.17   0.10
  77 170423 1455 44.10 72.8417N 124.4835E  16.97 0.60   8 0.157   51.14  93.92  16.97
  78 170423 2313 41.84 72.5894N 124.8599E  21.84 1.30  12 0.233   38.72  65.77  21.84
  79 170424 0609 59.10 71.9532N 127.9959E   1.62 1.10  12 0.475  -68.95  -5.22   1.62
  80 170424 0755 27.20 71.9407N 128.0179E   2.75 1.00  12 0.396  -69.74  -6.61   2.75
  81 170424 0755 27.34 71.9523N 128.0071E   0.07 1.00  12 0.297  -69.34  -5.33   0.07
  82 170425 0652 23.76 71.9523N 128.0088E   1.67 1.20   9 0.321  -69.40  -5.32   1.67
  83 170426 0051 23.35 71.9421N 128.0463E   6.59 0.70   6 0.083  -70.71  -6.46   6.59
  84 170426 1425 21.33 72.0708N 127.2399E  20.87 0.10   6 0.050  -42.70   7.91  20.87
  85 170426 1834 24.52 71.5849N 130.8012E  10.42 1.20   8 0.419 -167.50 -46.31  10.42
  86 170426 1840 44.11 72.2654N 126.3458E  18.43 1.30   8 0.065  -11.85  29.62  18.43
  87 170427 0912 29.07 72.0567N 127.7814E   4.03 0.90   8 0.088  -61.37   6.32   4.03
  88 170427 1041 38.17 71.7428N 128.9745E   9.11 0.70   7 0.196 -103.34 -28.70   9.11
  89 170427 2010 47.86 72.8088N 130.2270E  21.94 1.30   8 0.362 -142.68  90.25  21.94
  90 170427 2010 48.33 72.7976N 130.1599E  21.70 1.30   8 0.303 -140.46  89.00  21.70
  91 170427 2342 34.03 72.7631N 124.9901E  20.04 0.80   6 0.274   34.13  85.15  20.04

 ~~~ output final station residuals ...
 TURBO-option is set; residuals are NOT printed for each event!



   station statistics, remember nsp was set to: 1


 sta phase nobs avres  avwres    std    wsum    delay

 624    P  74  0.2392  0.2392  0.2376  74.0000  0.0000
 628    P  69  0.1551  0.1551  0.2899  69.0000 -0.1425
 630    P  53  0.2651  0.2651  0.2454  53.0000 -0.0995
 627    P  46  0.3005  0.3005  0.2956  46.0000  0.0502
 621    P  59  0.3994  0.3994  0.3737  59.0000  0.1095
 629    P  43  0.3373  0.3373  0.3028  43.0000  0.0938
 622    P  58  0.2833  0.2833  0.3438  58.0000  0.0662
 620    P  48  0.2252  0.2252  0.4179  48.0000  0.0075
 623    P  55  0.3344  0.3344  0.3808  55.0000  0.1585
 626    P  52  0.3641  0.3641  0.4912  52.0000  0.1205
 625    P  49  0.3193  0.3193  0.2987  49.0000  0.0870
 631    P  49  0.6983  0.6983  0.5465  49.0000  0.2447
 632    P  24  0.4839  0.4839  0.4622  24.0000  0.0435


 ~~~ output statistics ...




 RAY-STATISTICS FOR  L A S T  ITERATION
 --------------------------------------

 NHYP : nr of hypocenters in this layer
 NREF : nr of headwaves in this layer
 %len : % of "refracted km" in this layer 
        with respect to all refracted kilometers
 NHIT : nr of rays passed thru this layer
 xy-km: average horizontal ray length [km] in layer
 z-km : average  vertical  ray length [km] in layer
 RFLX : number of reflections at bottom of this layer

 nlay   top ..... bottom     velocity   NHYP NREF %len  NHIT xy-km  z-km  RFLX

   1    -5.00... -3.11 km    4.91 km/s    0    0   0.0     0   0.0   0.0     0
   2    -3.11...  3.34 km    5.93 km/s   10    0   0.0  1415  22.2   4.6     0
   3     3.34...  8.49 km    6.08 km/s   11   44  17.5   677  18.5   4.4     0
   4     8.49... 18.59 km    6.15 km/s   43    0   0.0   656  20.2   7.8     0
   5    18.59... 23.94 km    6.37 km/s   23    2   0.3   503   8.5   4.3     0
   6    23.94... 24.63 km    6.68 km/s    1    3   0.3   394   1.6   0.7     0
   7    24.63... 26.19 km    6.68 km/s    1    0   0.0   389   3.2   1.5     0
   8    26.19... 34.57 km    7.01 km/s    0   60  16.1   323  22.3   6.8     0
   9    34.57... 35.97 km    7.45 km/s    0    0   0.0   263   4.2   1.4     0
  10    35.97...       km    7.86 km/s    2  131  65.8     0   0.0   0.0

 Total nr of events was   91

 Total nr of refracted rays =   240
 Total nr of reflected rays =     0
 Total nr of   other   rays =   439
                              ------
 Total nr of    all    rays =   679

 Average (absolute) error of the raytracers:
  Straight and direct rays : ******* meters
  Refracted           rays :    0.01 meters
  Reflected           rays :    0.00 meters


 ALL RAYS TOGETHER:
 Average horizontal ray length =   90.0 km   (Hypocenter --> Station) 
 Average  vertical  ray length =   18.8 km   (Deepest ray-point --> Station)



 ... and some more STATISTICS 
 ---------------------------- 
  GAP of final epicenters:

  Event# -> GAP  Event# -> GAP  Event# -> GAP  Event# -> GAP  Event# -> GAP
       1 -> 296       2 -> 294       3 -> 270       4 -> 276       5 -> 307
       6 ->  99       7 -> 320       8 -> 306       9 -> 167      10 -> 346
      11 -> 347      12 -> 258      13 -> 264      14 -> 262      15 -> 263
      16 -> 264      17 -> 253      18 -> 243      19 -> 158      20 -> 302
      21 -> 232      22 -> 238      23 -> 241      24 -> 232      25 -> 129
      26 -> 102      27 -> 152      28 -> 212      29 -> 305      30 -> 211
      31 -> 215      32 -> 212      33 -> 210      34 -> 132      35 -> 239
      36 -> 216      37 -> 131      38 -> 311      39 -> 119      40 -> 209
      41 -> 218      42 -> 122      43 -> 233      44 -> 133      45 -> 310
      46 -> 124      47 -> 224      48 -> 226      49 -> 288      50 -> 196
      51 -> 290      52 -> 271      53 -> 224      54 -> 354      55 -> 347
      56 -> 179      57 -> 310      58 -> 318      59 -> 169      60 -> 310
      61 -> 301      62 -> 305      63 -> 148      64 -> 322      65 -> 127
      66 -> 293      67 ->  87      68 -> 296      69 -> 172      70 -> 262
      71 -> 179      72 ->   0      73 -> 260      74 -> 300      75 -> 242
      76 ->  59      77 -> 284      78 -> 171      79 -> 164      80 -> 170
      81 -> 165      82 -> 166      83 -> 235      84 -> 117      85 -> 315
      86 ->  94      87 -> 113      88 -> 270      89 -> 318      90 -> 317
      91 -> 294

 GAPs were between   0 and 354
      (average GAP was 228)



  MAGNITUDES of INPUT-DATA:

 Magnitude (# of events)   ***average number of obs***

 MAG<= 1.0 ( 47) *******
 MAG = 1.1 (  4) ********
 MAG = 1.2 (  7) ********
 MAG = 1.3 (  8) *********1
 MAG = 1.4 (  3) *********
 MAG = 1.5 (  3) ********
 MAG = 1.6 (  3) ********
 MAG = 1.7 (  2) *********1
 MAG = 1.8 (  2) *******
 MAG = 1.9 (  1)  
 MAG = 2.0 (  0)  
 MAG = 2.1 (  2) ********
 MAG = 2.2 (  3) *****
 MAG = 2.3 (  1) **
 MAG = 2.4 (  0)  
 MAG = 2.5 (  1) ******
 MAG = 2.6 (  1) **
 MAG = 2.7 (  0)  
 MAG = 2.8 (  0)  
 MAG = 2.9 (  1) ******
 MAG = 3.0 (  0)  
 MAG = 3.1 (  1) ****
 MAG = 3.2 (  0)  
 MAG = 3.3 (  0)  
 MAG = 3.4 (  0)  
 MAG = 3.5 (  0)  
 MAG = 3.6 (  0)  
 MAG = 3.7 (  0)  
 MAG = 3.8 (  0)  
 MAG = 3.9 (  0)  
 MAG = 4.0 (  1) *********1**
 MAG = 4.1 (  0)  
 MAG = 4.2 (  0)  
 MAG = 4.3 (  0)  
 MAG = 4.4 (  0)  
 MAG = 4.5 (  0)  
 MAG = 4.6 (  0)  
 MAG = 4.7 (  0)  
 MAG = 4.8 (  0)  
 MAG = 4.9 (  0)  
 MAG = 5.0 (  0)  
 MAG = 5.1 (  0)  
 MAG = 5.2 (  0)  
 MAG = 5.3 (  0)  
 MAG = 5.4 (  0)  
 MAG = 5.5 (  0)  
 MAG = 5.6 (  0)  
 MAG = 5.7 (  0)  
 MAG = 5.8 (  0)  
 MAG = 5.9 (  0)  
 MAG>= 6.0 (  0)  





  DEPTHs of INPUT-DATA and of LAST ITERATION:
  ===========================================

       Depth       # of events  

 DEPTH ( input ) =  -4. km :   
 DEPTH (last_IT) =  -4. km :   
 DEPTH ( input ) =  -3. km :   
 DEPTH (last_IT) =  -3. km :   
 DEPTH ( input ) =  -2. km :   
 DEPTH (last_IT) =  -2. km :   
 DEPTH ( input ) =  -1. km :   
 DEPTH (last_IT) =  -1. km :   
 DEPTH ( input ) =   0. km :  ........
 DEPTH (last_IT) =   0. km :  ***
 DEPTH ( input ) =   1. km :  .
 DEPTH (last_IT) =   1. km :  **
 DEPTH ( input ) =   2. km :   
 DEPTH (last_IT) =   2. km :  **
 DEPTH ( input ) =   3. km :  ...
 DEPTH (last_IT) =   3. km :  ******
 DEPTH ( input ) =   4. km :  ..
 DEPTH (last_IT) =   4. km :  *
 DEPTH ( input ) =   5. km :  ..
 DEPTH (last_IT) =   5. km :  ***
 DEPTH ( input ) =   6. km :  ..
 DEPTH (last_IT) =   6. km :  *
 DEPTH ( input ) =   7. km :  .
 DEPTH (last_IT) =   7. km :  **
 DEPTH ( input ) =   8. km :  ...
 DEPTH (last_IT) =   8. km :  *
 DEPTH ( input ) =   9. km :  ..
 DEPTH (last_IT) =   9. km :  ***
 DEPTH ( input ) =  10. km :  ..
 DEPTH (last_IT) =  10. km :  ***
 DEPTH ( input ) =  11. km :  ...
 DEPTH (last_IT) =  11. km :  **
 DEPTH ( input ) =  12. km :  ....
 DEPTH (last_IT) =  12. km :  ***
 DEPTH ( input ) =  13. km :  ..
 DEPTH (last_IT) =  13. km :  ****
 DEPTH ( input ) =  14. km :  ...
 DEPTH (last_IT) =  14. km :  **
 DEPTH ( input ) =  15. km :  ........
 DEPTH (last_IT) =  15. km :  ********
 DEPTH ( input ) =  16. km :  .........1.
 DEPTH (last_IT) =  16. km :  *********
 DEPTH ( input ) =  17. km :  .....
 DEPTH (last_IT) =  17. km :  ******
 DEPTH ( input ) =  18. km :  ....
 DEPTH (last_IT) =  18. km :  ***
 DEPTH ( input ) =  19. km :  .....
 DEPTH (last_IT) =  19. km :  ******
 DEPTH ( input ) =  20. km :  .....
 DEPTH (last_IT) =  20. km :  **
 DEPTH ( input ) =  21. km :  ..
 DEPTH (last_IT) =  21. km :  ***
 DEPTH ( input ) =  22. km :  ....
 DEPTH (last_IT) =  22. km :  ******
 DEPTH ( input ) =  23. km :  ....
 DEPTH (last_IT) =  23. km :  ***
 DEPTH ( input ) =  24. km :  ..
 DEPTH (last_IT) =  24. km :  ****
 DEPTH ( input ) =  25. km :  .
 DEPTH (last_IT) =  25. km :  *
 DEPTH ( input ) =  26. km :   
 DEPTH (last_IT) =  26. km :   
 DEPTH ( input ) =  27. km :   
 DEPTH (last_IT) =  27. km :   
 DEPTH ( input ) =  28. km :   
 DEPTH (last_IT) =  28. km :   
 DEPTH ( input ) =  29. km :   
 DEPTH (last_IT) =  29. km :   
 DEPTH ( input ) =  30. km :   
 DEPTH (last_IT) =  30. km :   
 DEPTH ( input ) =  31. km :   
 DEPTH (last_IT) =  31. km :   
 DEPTH ( input ) =  32. km :   
 DEPTH (last_IT) =  32. km :   
 DEPTH ( input ) =  33. km :   
 DEPTH (last_IT) =  33. km :   
 DEPTH ( input ) =  34. km :   
 DEPTH (last_IT) =  34. km :   
 DEPTH ( input ) =  35. km :   
 DEPTH (last_IT) =  35. km :   
 DEPTH ( input ) =  36. km :   
 DEPTH (last_IT) =  36. km :   
 DEPTH ( input ) =  37. km :   
 DEPTH (last_IT) =  37. km :   
 DEPTH ( input ) =  38. km :   
 DEPTH (last_IT) =  38. km :   
 DEPTH ( input ) =  39. km :   
 DEPTH (last_IT) =  39. km :   
 DEPTH ( input ) =  40. km :   
 DEPTH (last_IT) =  40. km :   
 DEPTH ( input ) =  41. km :   
 DEPTH (last_IT) =  41. km :   
 DEPTH ( input ) =  42. km :   
 DEPTH (last_IT) =  42. km :   
 DEPTH ( input ) =  43. km :   
 DEPTH (last_IT) =  43. km :   
 DEPTH ( input ) =  44. km :   
 DEPTH (last_IT) =  44. km :   
 DEPTH ( input ) =  45. km :   
 DEPTH (last_IT) =  45. km :   
 DEPTH ( input ) =  46. km :   
 DEPTH (last_IT) =  46. km :   
 DEPTH ( input ) =  47. km :   
 DEPTH (last_IT) =  47. km :   
 DEPTH ( input ) =  48. km :   
 DEPTH (last_IT) =  48. km :   
 DEPTH ( input ) =  49. km :   
 DEPTH (last_IT) =  49. km :   
 DEPTH ( input ) =  50. km :   
 DEPTH (last_IT) =  50. km :   
 DEPTH ( input ) =  51. km :   
 DEPTH (last_IT) =  51. km :   
 DEPTH ( input ) =  52. km :   
 DEPTH (last_IT) =  52. km :   
 DEPTH ( input ) =  53. km :   
 DEPTH (last_IT) =  53. km :   
 DEPTH ( input ) =  54. km :   
 DEPTH (last_IT) =  54. km :   
 DEPTH ( input ) =  55. km :   
 DEPTH (last_IT) =  55. km :   
 DEPTH ( input ) =  56. km :   
 DEPTH (last_IT) =  56. km :   
 DEPTH ( input ) =  57. km :   
 DEPTH (last_IT) =  57. km :   
 DEPTH ( input ) =  58. km :   
 DEPTH (last_IT) =  58. km :   
 DEPTH ( input ) =  59. km :   
 DEPTH (last_IT) =  59. km :   
 DEPTH ( input ) =  60. km :   
 DEPTH (last_IT) =  60. km :   
 DEPTH ( input ) =  61. km :   
 DEPTH (last_IT) =  61. km :   
 DEPTH ( input ) =  62. km :   
 DEPTH (last_IT) =  62. km :   
 DEPTH ( input ) =  63. km :   
 DEPTH (last_IT) =  63. km :   
 DEPTH ( input ) =  64. km :   
 DEPTH (last_IT) =  64. km :   
 DEPTH ( input ) =  65. km :   
 DEPTH (last_IT) =  65. km :   
 DEPTH ( input ) =  66. km :   
 DEPTH (last_IT) =  66. km :   
 DEPTH ( input ) =  67. km :   
 DEPTH (last_IT) =  67. km :   
 DEPTH ( input ) =  68. km :   
 DEPTH (last_IT) =  68. km :   
 DEPTH ( input ) =  69. km :   
 DEPTH (last_IT) =  69. km :   
 DEPTH ( input ) =  70. km :   
 DEPTH (last_IT) =  70. km :   
 DEPTH ( input ) =  71. km :   
 DEPTH (last_IT) =  71. km :   
 DEPTH ( input ) =  72. km :   
 DEPTH (last_IT) =  72. km :   
 DEPTH ( input ) =  73. km :   
 DEPTH (last_IT) =  73. km :   
 DEPTH ( input ) =  74. km :  .
 DEPTH (last_IT) =  74. km :  *
 DEPTH ( input ) =  75. km :   
 DEPTH (last_IT) =  75. km :   
 DEPTH ( input ) =  76. km :   
 DEPTH (last_IT) =  76. km :   
 DEPTH ( input ) =  77. km :   
 DEPTH (last_IT) =  77. km :   
 DEPTH ( input ) =  78. km :   
 DEPTH (last_IT) =  78. km :   
 DEPTH ( input ) =  79. km :   
 DEPTH (last_IT) =  79. km :   
 DEPTH ( input ) =  80. km :   
 DEPTH (last_IT) =  80. km :   
 DEPTH ( input ) =  81. km :   
 DEPTH (last_IT) =  81. km :   
 DEPTH ( input ) =  82. km :   
 DEPTH (last_IT) =  82. km :   
 DEPTH ( input ) =  83. km :   
 DEPTH (last_IT) =  83. km :   
 DEPTH ( input ) =  84. km :   
 DEPTH (last_IT) =  84. km :   
 DEPTH ( input ) =  85. km :   
 DEPTH (last_IT) =  85. km :   
 DEPTH ( input ) =  86. km :   
 DEPTH (last_IT) =  86. km :   
 DEPTH ( input ) =  87. km :   
 DEPTH (last_IT) =  87. km :   
 DEPTH ( input ) =  88. km :   
 DEPTH (last_IT) =  88. km :   
 DEPTH ( input ) =  89. km :   
 DEPTH (last_IT) =  89. km :   
 DEPTH ( input ) =  90. km :   
 DEPTH (last_IT) =  90. km :   
 DEPTH ( input ) =  91. km :   
 DEPTH (last_IT) =  91. km :   
 DEPTH ( input ) =  92. km :   
 DEPTH (last_IT) =  92. km :   
 DEPTH ( input ) =  93. km :   
 DEPTH (last_IT) =  93. km :   
 DEPTH ( input ) =  94. km :   
 DEPTH (last_IT) =  94. km :   
 DEPTH ( input ) =  95. km :   
 DEPTH (last_IT) =  95. km :   
 DEPTH ( input ) =  96. km :   
 DEPTH (last_IT) =  96. km :   
 DEPTH ( input ) =  97. km :  .
 DEPTH (last_IT) =  97. km :  *
 DEPTH ( input ) =  98. km :   
 DEPTH (last_IT) =  98. km :   
 DEPTH ( input ) =  99. km :   
 DEPTH (last_IT) =  99. km :   
 DEPTH ( input ) = 100. km :   
 DEPTH (last_IT) = 100. km :   
 DEPTH ( input ) > 100. km :   
 DEPTH (last_IT) > 100. km :   


 Residuals of the stations according to the azimuth:
 (RES  = total average residual at station)
 (RES1 = average residual of rays from 1st quadrant)
 (RES2 = average residual of rays from 2nd quadrant)
 (RES3 = average residual of rays from 3rd quadrant)
 (RES4 = average residual of rays from 4th quadrant)

 Stn#  Stn     RES          RES1         RES2         RES3         RES4
   1   624     0.24(  74)   0.21(  33)   0.31(   5)   0.27(  29)   0.21(   7)
   2   628     0.16(  69)   0.03(  32)   0.22(   5)   0.22(  25)   0.47(   7)
   3   630     0.27(  53)   0.28(  24)   0.34(  11)   0.11(  10)   0.32(   8)
   4   627     0.30(  46)   0.25(  12)   0.06(   1)   0.26(  21)   0.45(  12)
   5   621     0.40(  59)   0.24(   8)   0.00(   0)   0.57(  18)   0.34(  33)
   6   629     0.34(  43)   0.39(  15)   0.00(   0)   0.14(   9)   0.39(  19)
   7   622     0.28(  58)   0.13(  27)   0.00(   0)   0.48(  20)   0.29(  11)
   8   620     0.23(  48)   0.00(   0)   0.08(   1)   0.44(  18)   0.10(  29)
   9   623     0.33(  55)   0.22(  30)   0.00(   0)   0.61(  17)   0.19(   8)
  10   626     0.36(  52)   0.26(  24)   0.00(   0)   0.25(   6)   0.51(  22)
  11   625     0.32(  49)   0.29(  15)   0.00(   0)   0.27(  23)   0.46(  11)
  12   631     0.70(  49)   0.71(  18)   0.85(   1)   1.12(   4)   0.62(  26)
  13   632     0.48(  24)   0.70(  12)   0.42(   2)   0.32(   3)   0.20(   7)



 CPU - statistics:

 TOTAL CPU-sec          =    0.3     (CPU-minutes:  0.005)

 >>>   End of program VELEST at 25-06-02 12:55       <<< [ CPU-sec :     0.3]
