 >>> Start of program VELEST at 25-06-02 12:53       <<<                        

 ::::::::::::::::::::::::::::::::::::::                                         
  V E L E S T  - Version : January 3, 1995                                      
  (Authors: see source code)                                                    
 ::::::::::::::::::::::::::::::::::::::                                         


 Title of this VELEST run:

 model_2
 -------


 Current array-dimensions of program VELEST:

 Max. number of EARTHQUAKES for simult. inversion IEQ = ***
 Max. number of SHOTS for simult. inversion    INSHOT =  50
 Max. number of (different) 1D-MODELS      ITOTMODELS =   2
 Max. number of LAYERS per one 1D-model        INLTOT = 100
 Max. number of STATIONS in stationlist           IST = 650
 Max. number of OBSERVATIONS per event MAXOBSPEREVENT = 180






    INPUT - P A R A M E T E R S :



***
***  olat       olon   icoordsystem      zshift   itrial ztrial    ised
  72.000000-126.000000      0            0.000       0     0.00      0
***
*** neqs   nshot    rotate
     91      0      0.0
***
*** isingle   iresolcalc
       0          0
***
*** dmax    itopo    zmin     veladj    zadj   lowveloclay
   300.00     0      0.01       0.20    5.00       0
***
*** nsp    swtfac   vpvs       nmod
     1      1.00    1.730        1
***
***   othet   xythet    zthet    vthet   stathet
       0.01     0.01     0.01     1.00     0.01
***
*** nsinv   nshcor   nshfix     iuseelev    iusestacorr
       1       0       0           1            1
***
*** iturbo    icnvout   istaout   ismpout
       1         1         1         0
***
*** irayout   idrvout   ialeout   idspout   irflout   irfrout   iresout
       0         0         0         0         0         0         0
***
*** delmin   ittmax   invertratio
    0.010       3          1
***
*** Modelfile:
tmp/model_2/synthvel/model_534.mod
***
*** Stationfile:
./velinp/station.sta
***
*** Seismofile:
 
***
*** File with region names:
 
***
*** File with region coordinates:
 
***
*** File #1 with topo data:
 
***
*** File #2 with topo data:
 
***
*** DATA INPUT files:
***
*** File with Earthquake data:
./velinp/data.cnv
***
*** File with Shot data:
 
***
*** OUTPUT files:
***
*** Main print output file:
./velout/model_2/velest534.out
***
*** File with single event locations:
velout.vel
***
*** File with final hypocenters in *.cnv format:
./velout/model_2/final_loc534.cnv
***
*** File with new station corrections:
./velout/model_2/stations_corr534.sta
***
*** File with summary cards (e.g. for plotting):
velout.smp
***
*** File with raypoints:
velout.ray
***
*** File with derivatives:
velout.drv
***
*** File with ALEs:
velout.ale
***
*** File with Dirichlet spreads:
velout.dspr
***
*** File with reflection points:
velout.rfl
***
*** File with refraction points:
velout.rfr
***
*** File with residuals:
velout.res
***




 Origin of cartesian coordinates:
        72.00000N   126.00000E

  X,Y-AXES rotated clockwise from North
           Rotation angle (rotate):
            rotate=    0.0 degr.

 icoordsystem =            0
 normal SHORT DISTANCE CONVERSION will be made
 x is positive towards west, y is positive towards north


 SHORT DISTANCE CONVERSION on ELLIPSOIDE of WORLD GEODETIC SYSTEM 1972 (WGS72)
 =============================================================================

 Radius at equator (REARTH)= 6378.13500  km
   1. / (ellipticity)      =    298.260

 Origin of cartesian coordinates [degrees]:
   72.0000000 N     -126.0000000 W

  Rotation angle (in degr.) clockwise from
North  rotate=    0.0

 Radius of sphere at OLAT =   6358.817 km

 Conversion of GEOGRAPHICAL LATITUDE to GEOCENTRICAL LATITUDE:
 RLATC = TAN(GEOCENTR.LAT) / TAN(GEOGRAPH.LAT)
 RLATC =   0.99333486

          Short distance conversions:
          one min lat ~  1.8597 km 
          one min lon ~  0.5751 km 







    INPUT - M O D E L :



 Model(s) read from file :
 tmp/model_2/synthvel/model_534.mod                                              

 model file title: 
Model: model_534.mod                    
 Velocity structure for model   1 :

 layer    vel   depth   vdamp  reflector
   1      5.25  -5.00    1.00         P-VELOCITY MODEL                  
   2      5.27  -1.45    1.00  
 WARNING:
 Only top of the first layer can be negative !!
   3      5.52   2.62    1.00  
   4      5.77   6.39    1.00  
   5      5.80  15.37    1.00  
   6      5.88  18.57    1.00  
   7      6.30  26.24    1.00  
   8      6.39  28.45    1.00  
   9      6.90  38.98    1.00  
  10      7.42  43.52    1.00  

 Calculation of average velocity starts at layer #            1
 z = -5.00 ... -1.45    v = 5.25    AVEL = 5.25 downto z =  -1.45
 z = -1.45 ...  2.62    v = 5.27    AVEL = 5.26 downto z =   2.62
 z =  2.62 ...  6.39    v = 5.52    AVEL = 5.35 downto z =   6.39
 z =  6.39 ... 15.37    v = 5.77    AVEL = 5.53 downto z =  15.37
 z = 15.37 ... 18.57    v = 5.80    AVEL = 5.57 downto z =  18.57
 z = 18.57 ... 26.24    v = 5.88    AVEL = 5.65 downto z =  26.24
 z = 26.24 ... 28.45    v = 6.30    AVEL = 5.69 downto z =  28.45
 z = 28.45 ... 38.98    v = 6.39    AVEL = 5.86 downto z =  38.98
 z = 38.98 ... 43.52    v = 6.90    AVEL = 5.95 downto z =  43.52


 Calculation of average velocity starts at layer #            2
 z = -1.45 ...  2.62    v = 5.27    AVEL = 5.27 downto z =   2.62
 z =  2.62 ...  6.39    v = 5.52    AVEL = 5.39 downto z =   6.39
 z =  6.39 ... 15.37    v = 5.77    AVEL = 5.59 downto z =  15.37
 z = 15.37 ... 18.57    v = 5.80    AVEL = 5.63 downto z =  18.57
 z = 18.57 ... 26.24    v = 5.88    AVEL = 5.70 downto z =  26.24
 z = 26.24 ... 28.45    v = 6.30    AVEL = 5.74 downto z =  28.45
 z = 28.45 ... 38.98    v = 6.39    AVEL = 5.91 downto z =  38.98
 z = 38.98 ... 43.52    v = 6.90    AVEL = 6.01 downto z =  43.52






    INPUT - S T A T I O N S :



 Station-parameters read from file :
 ./velinp/station.sta                                                            


     stn latitude longitude elev   x      y      z     ptcor stcor model icc
   1 624 72.4760N126.2750E     0  -9.37  53.11  -0.00   0.00  0.00   1  13
   2 628 72.4000N127.1470E     0 -39.15  44.63  -0.00   0.00  0.00   1  12
   3 630 72.0750N128.3250E     0 -80.06   8.37  -0.00   0.00  0.00   1  11
   4 627 72.1170N126.9820E     0 -33.78  13.06  -0.00   0.00  0.00   1  10
   5 621 72.1840N124.8890E     0  38.14  20.53  -0.00   0.00  0.00   1   9
   6 629 71.9290N127.3130E     0 -45.39  -7.92  -0.00   0.00  0.00   1   8
   7 622 72.4420N125.3130E     0  23.42  49.32  -0.00   0.00  0.00   1   7
   8 620 72.6540N124.3470E     0  56.03  72.98  -0.00   0.00  0.00   1   6
   9 623 72.3260N125.7600E     0   8.21  36.38  -0.00   0.00  0.00   1   5
  10 626 71.8880N126.0360E     0  -1.25 -12.50  -0.00   0.00  0.00   1   4
  11 625 72.1740N126.1070E     0  -3.67  19.42  -0.00   0.00  0.00   1   3
  12 631 71.3990N127.2470E     0 -43.72 -67.06  -0.00   0.00  0.00   1   2
  13 632 71.5740N129.0728E     0-107.23 -47.53  -0.00   0.00  0.00   1   1

 NO Seismo-parameter-file specified
 --> NO magnitudes calculated!




   neqs=   91  nshot=    0  nltot=   10

 ~~~ input parameters read.
 ~~~ set units for first iteration ...
 ~~~ determine number of unknowns ...

 Number of unknowns (for array-indexing):  nvar =  386
 Number of effective unknowns        :  nvareff =  374
 Number of elements on/below main diagonal of matrix G = At*A : kvar =   74691

 ~~~ reset G and RHT ...
 ~~~ input data, raytracing, setup G ...






    I N P U T - D A T A  

  eq    origin-time    latitude longitude depth    x      y      z    mag ifxOBS
   1 160818 1613  9.10 73.0030N 124.8500E  23.10  38.61 111.92  23.10 1.40 0   6
   2 160818 1613  9.30 72.9910N 124.8700E  22.80  37.95 110.58  22.80 1.10 0   6
   3 160819 0959 27.30 71.9230N 129.7600E  12.10-130.00  -8.59  12.10 4.00 0  12
   4 160820 1506 15.70 71.9380N 129.7900E  11.00-130.98  -6.92  11.00 1.50 0   9
   5 160820 1904 45.70 72.3480N 127.1800E  23.80 -40.33  38.83  23.80 1.20 0   6
   6 160822 1318 49.50 72.3650N 127.0800E  16.50 -36.90  40.73  16.50 0.60 0   8
   7 160823 0652 14.00 70.9330N 129.8100E   6.40-135.21-119.06   6.40 2.90 0   6
   8 160824 1510 30.40 71.6070N 130.0400E   8.60-140.86 -43.85   8.60 1.50 0   9
   9 160906 1514 39.70 72.5080N 125.6800E  12.10  10.89  56.68  12.10 0.90 0   6
 WARNING:
 epicentral distance: 303.3 > dmax ( 300.0) ==> skipping phase !
 WARNING:
 epicentral distance: 338.2 > dmax ( 300.0) ==> skipping phase !
  10 160920 1607 18.30 69.2370N 128.3500E  16.20 -87.07-308.31  16.20 2.60 0   2
 WARNING:
 epicentral distance: 318.5 > dmax ( 300.0) ==> skipping phase !
 WARNING:
 epicentral distance: 355.0 > dmax ( 300.0) ==> skipping phase !
  11 160925 1911  5.60 69.2250N 127.6800E  15.60 -62.26-309.64  15.60 2.30 0   2
  12 161004 0841 51.20 72.8480N 124.9600E  15.60  35.07  94.62  15.60 0.20 0   6
  13 161005 1619 46.90 72.8770N 125.0100E  19.00  33.35  97.86  19.00 1.00 0   9
  14 161006 0156 55.90 72.8740N 125.0100E  13.90  33.36  97.52  13.90 1.00 0   7
  15 161009 0036 44.70 72.8720N 124.9900E  17.20  34.03  97.30  17.20 1.30 0   8
  16 161009 0036 44.90 72.8580N 124.9600E  18.60  35.06  95.74  18.60 1.20 0   7
  17 161012 0800 22.10 72.7380N 126.0300E  18.50  -1.01  82.35  18.50 0.80 0   7
  18 161015 1013 36.50 72.0400N 126.9900E  11.20 -34.12   4.46  11.20 0.70 0   7
  19 161021 0507 33.30 72.5750N 124.7800E  10.10  41.44  64.16  10.10 0.80 0   6
  20 161124 2250 46.00 72.7630N 124.8800E  16.20  37.85  85.14  16.20 3.10 0   4
  21 161125 0156 34.10 72.7420N 124.9200E  14.50  36.52  82.80  14.50 0.60 0   7
  22 161125 0517 25.90 72.7650N 124.9400E  13.50  35.82  85.36  13.50 1.60 0   6
  23 161125 0525 15.90 72.7740N 124.9500E  11.60  35.48  86.37  11.60 0.80 0   6
  24 161125 0556  2.00 72.7350N 124.9700E   5.70  34.84  82.01   5.70 0.20 0   6
  25 170117 0846 48.60 72.2130N 127.3400E  22.00 -45.97  23.77  22.00 0.30 0   6
  26 170122 1614 27.60 71.9670N 128.0400E  10.30 -70.45  -3.68  10.30 0.90 0   6
  27 170125 2244  0.20 72.4440N 126.0200E  13.10  -0.68  49.54  13.10 0.80 0   6
  28 170302 1359 59.10 72.6830N 124.8900E  11.50  37.60  76.21  11.50 0.50 0   7
  29 170302 2335 20.20 71.8850N 130.3000E  14.80-148.82 -12.83  14.80 2.10 0   9
  30 170304 2135  2.90 72.6880N 124.9400E  13.40  35.90  76.77  13.40 1.30 0   7
  31 170307 0447 21.00 72.6940N 124.9200E  14.20  36.57  77.44  14.20 1.70 0  10
  32 170307 2016 50.80 72.6910N 124.9100E  15.30  36.91  77.10  15.30 1.10 0   6
  33 170309 1454  0.80 72.6830N 124.9000E  15.60  37.26  76.21  15.60 0.30 0   6
  34 170311 0430 55.40 72.3130N 126.5000E  24.50 -17.11  34.93  24.50 0.30 0   6
  35 170312 0416 39.20 71.9240N 128.0800E   3.40 -71.91  -8.48   3.40 2.10 0   6
  36 170313 0553 59.10 72.6980N 124.9200E  15.10  36.57  77.89  15.10 1.00 0   9
  37 170313 0809  5.60 72.4500N 125.0800E  14.90  31.36  50.21  14.90 1.20 0   7
  38 170315 0234 46.50 72.6540N 123.8400E  16.90  73.22  72.98  16.90 1.40 0   7
  39 170317 1007 14.10 72.2350N 125.9800E   3.90   0.69  26.22   3.90 0.50 0   7
  40 170320 0711 14.60 72.1250N 127.2200E  16.80 -41.95  13.95  16.80 0.90 0   6
  41 170320 0853 56.40 72.7090N 124.9700E   5.10  34.86  79.11   5.10 0.40 0   6
  42 170320 1900 34.30 72.4150N 126.1200E  18.00  -4.09  46.31  18.00 0.60 0   7
  43 170323 0519 24.60 71.6470N 129.1800E   5.20-110.76 -39.39   5.20 1.20 0   6
  44 170323 1612 49.70 72.4530N 125.1100E   8.30  30.33  50.55   8.30 0.50 0   6
  45 170323 1906 41.20 72.4070N 130.2500E  18.30-145.04  45.41  18.30 1.00 0   6
  46 170326 0836 34.10 71.9930N 127.6700E  16.10 -57.63  -0.78  16.10 1.50 0   7
  47 170402 0422  1.00 72.7220N 125.6900E  21.90  10.49  80.56  21.90 1.20 0  10
  48 170402 0636 37.20 72.7310N 125.6900E  23.50  10.49  81.57  23.50 0.70 0   6
  49 170404 2347 35.70 72.7580N 124.3800E  22.60  54.76  84.58  22.60 0.50 0   6
  50 170405 0307 36.10 71.6810N 128.9500E  15.30-102.66 -35.60  15.30 1.00 0  10
  51 170405 1410 53.20 71.5100N 128.9000E   9.30-101.37 -54.68   9.30 1.70 0  10
  52 170406 0838 43.20 72.3850N 129.3800E  15.50-115.42  42.96  15.50 0.90 0  10
  53 170406 1728  1.00 72.7230N 125.6900E  21.30  10.49  80.67  21.30 0.90 0  10
 WARNING:
 epicentral distance: 325.9 > dmax ( 300.0) ==> skipping phase !
 WARNING:
 epicentral distance: 332.9 > dmax ( 300.0) ==> skipping phase !
 WARNING:
 epicentral distance: 345.3 > dmax ( 300.0) ==> skipping phase !
 WARNING:
 epicentral distance: 391.9 > dmax ( 300.0) ==> skipping phase !
  54 170407 1729  3.40 74.8930N 128.6300E  15.60 -83.67 322.81  15.60 1.80 0   2
 WARNING:
 epicentral distance: 311.3 > dmax ( 300.0) ==> skipping phase !
 WARNING:
 epicentral distance: 315.4 > dmax ( 300.0) ==> skipping phase !
 WARNING:
 epicentral distance: 328.9 > dmax ( 300.0) ==> skipping phase !
 WARNING:
 epicentral distance: 374.2 > dmax ( 300.0) ==> skipping phase !
  55 170407 1729  3.50 74.7270N 128.8100E   0.40 -89.83 304.29   0.40 1.60 0   5
  56 170408 1004 44.90 72.6070N 124.9400E  15.00  35.98  67.73  15.00 1.40 0  13
  57 170409 0856 47.20 73.3850N 128.5500E  15.60 -84.71 154.54  15.60 2.50 0   6
  58 170409 0902 45.60 73.3500N 128.4400E  15.10 -81.13 150.64  15.10 1.10 0   7
  59 170410 1520  8.50 72.0030N 128.3900E   2.70 -82.46   0.33   2.70 1.00 0  10
  60 170410 1813  3.60 70.9360N 129.1200E   3.70-110.72-118.73   3.70 2.20 0  13
  61 170412 1507  0.60 71.5070N 129.7200E   0.00-130.05 -55.01   0.00 0.70 0   6
  62 170413 0651 20.10 73.3680N 125.4200E  15.60  19.28 152.65  15.60 1.00 0  10
  63 170414 0459 18.80 72.2680N 127.3800E  20.10 -47.27  29.90  20.10 0.50 0   7
  64 170414 0540  4.80 73.6400N 130.9700E   8.00-163.92 183.00   8.00 1.80 0  11
  65 170414 1656 23.40 72.1850N 127.4000E  15.50 -48.06  20.64  15.50 0.20 0   6
  66 170414 1753 32.80 72.3840N 130.4600E  17.90-152.30  42.85  17.90 0.70 0   6
  67 170416 0523 41.90 71.9560N 127.0800E  19.20 -37.31  -4.91  19.20 1.60 0  13
  68 170416 1220 14.20 72.9470N 124.4900E  20.40  50.77 105.67  20.40 1.00 0  11
 WARNING:
 epicentral distance: 320.3 > dmax ( 300.0) ==> skipping phase !
 WARNING:
 epicentral distance: 381.0 > dmax ( 300.0) ==> skipping phase !
 WARNING:
 epicentral distance: 398.8 > dmax ( 300.0) ==> skipping phase !
 WARNING:
 epicentral distance: 405.0 > dmax ( 300.0) ==> skipping phase !
 WARNING:
 epicentral distance: 424.8 > dmax ( 300.0) ==> skipping phase !
 WARNING:
 epicentral distance: 431.2 > dmax ( 300.0) ==> skipping phase !
 WARNING:
 epicentral distance: 445.5 > dmax ( 300.0) ==> skipping phase !
 WARNING:
 epicentral distance: 451.8 > dmax ( 300.0) ==> skipping phase !
 WARNING:
 epicentral distance: 464.3 > dmax ( 300.0) ==> skipping phase !
  69 170416 1257 48.30 68.8710N 131.7500E  73.50-214.97-349.14  73.50 2.20 0   0
  70 170416 1821  5.50 72.8670N 125.0000E  19.30  33.70  96.74  19.30 1.30 0  13
  71 170418 0606  4.10 72.5080N 125.8200E   1.30   6.13  56.68   1.30 0.20 0   6
 WARNING:
 epicentral distance: 315.2 > dmax ( 300.0) ==> skipping phase !
 WARNING:
 epicentral distance: 332.1 > dmax ( 300.0) ==> skipping phase !
 WARNING:
 epicentral distance: 345.3 > dmax ( 300.0) ==> skipping phase !
 WARNING:
 epicentral distance: 352.6 > dmax ( 300.0) ==> skipping phase !
 WARNING:
 epicentral distance: 346.7 > dmax ( 300.0) ==> skipping phase !
 WARNING:
 epicentral distance: 356.6 > dmax ( 300.0) ==> skipping phase !
 WARNING:
 epicentral distance: 363.9 > dmax ( 300.0) ==> skipping phase !
 WARNING:
 epicentral distance: 372.8 > dmax ( 300.0) ==> skipping phase !
 WARNING:
 epicentral distance: 378.6 > dmax ( 300.0) ==> skipping phase !
 WARNING:
 epicentral distance: 378.6 > dmax ( 300.0) ==> skipping phase !
  72 170418 1005 56.80 69.3310N 122.4100E  97.00 132.70-297.82  97.00 2.20 0   1
  73 170418 1500 12.90 72.7340N 124.5100E  23.10  50.40  81.90  23.10 1.30 0  12
  74 170420 1302 36.20 72.6290N 129.0200E  21.80-102.44  70.19  21.80 0.90 0  11
  75 170420 2248 46.70 72.0220N 129.1200E   0.00-107.59   2.46   0.00 0.70 0  11
 WARNING:
 epicentral distance: 313.1 > dmax ( 300.0) ==> skipping phase !
 WARNING:
 epicentral distance: 324.4 > dmax ( 300.0) ==> skipping phase !
 WARNING:
 epicentral distance: 324.2 > dmax ( 300.0) ==> skipping phase !
 WARNING:
 epicentral distance: 342.4 > dmax ( 300.0) ==> skipping phase !
 WARNING:
 epicentral distance: 349.0 > dmax ( 300.0) ==> skipping phase !
 WARNING:
 epicentral distance: 380.2 > dmax ( 300.0) ==> skipping phase !
 WARNING:
 epicentral distance: 381.6 > dmax ( 300.0) ==> skipping phase !
 WARNING:
 epicentral distance: 408.0 > dmax ( 300.0) ==> skipping phase !
  76 170423 0850 54.60 74.7080N 132.7900E   0.10-217.19 302.17   0.10 1.90 0   0
  77 170423 1455 44.10 72.8400N 124.4900E  16.80  50.92  93.73  16.80 0.60 0   8
  78 170423 2313 41.80 72.5960N 124.8700E  22.00  38.36  66.50  22.00 1.30 0  12
  79 170424 0609 58.60 71.9600N 128.0200E   0.10 -69.77  -4.46   0.10 1.10 0  12
  80 170424 0755 26.70 71.9480N 128.0300E   0.00 -70.14  -5.80   0.00 1.00 0  12
  81 170424 0755 26.90 71.9590N 128.0300E   0.00 -70.12  -4.57   0.00 1.00 0  12
  82 170425 0652 23.30 71.9600N 128.0300E   0.00 -70.12  -4.46   0.00 1.20 0   9
  83 170426 0051 23.20 71.9450N 128.0600E   6.60 -71.18  -6.14   6.60 0.70 0   6
  84 170426 1425 21.20 72.0790N 127.2600E  21.00 -43.38   8.82  21.00 0.10 0   6
  85 170426 1834 24.60 71.5840N 130.8000E  10.90-167.46 -46.42  10.90 1.20 0   8
  86 170426 1840 44.10 72.2710N 126.3600E  18.10 -12.33  30.24  18.10 1.30 0   8
  87 170427 0912 28.80 72.0640N 127.7900E   2.60 -61.65   7.14   2.60 0.90 0   8
  88 170427 1041 38.10 71.7480N 128.9900E   8.40-103.86 -28.12   8.40 0.70 0   7
  89 170427 2010 47.80 72.8010N 130.2000E  20.20-141.80  89.38  20.20 1.30 0   8
  90 170427 2010 48.30 72.7890N 130.1400E  20.10-139.82  88.04  20.10 1.30 0   8
  91 170427 2342 34.10 72.7630N 125.0100E  19.50  33.46  85.14  19.50 0.80 0   6

 readings for station 624  :  74
 readings for station 628  :  69
 readings for station 630  :  53
 readings for station 627  :  46
 readings for station 621  :  59
 readings for station 629  :  43
 readings for station 622  :  58
 readings for station 620  :  48
 readings for station 623  :  55
 readings for station 626  :  52
 readings for station 625  :  49
 readings for station 631  :  49
 readings for station 632  :  24

 Total number of stations with readings:  13

 Total number of readings:     679
 Total number of P readings:       0
 Total number of S readings:       0


 ~~~ store parts of G ...
 ~~~ compute RMS and DATVAR ...

 Total number of observations is:   679


 $$$$$$$$$$$$$$$$$$$$$$$$$$$$$$$$$$$$$$$$$$$$$$$$$
 Events with  | AVRES | > 1.0 SEC are suspicious !

 Event#   3 >>>  160819 0959  AVRES = -1.38 NOBS = 12
 Event#   4 >>>  160820 1506  AVRES = -1.47 NOBS =  9
 Event#   7 >>>  160823 0652  AVRES = -2.14 NOBS =  6
 Event#   8 >>>  160824 1510  AVRES = -1.69 NOBS =  9
 Event#  10 >>>  160920 1607  AVRES = -2.42 NOBS =  2
 Event#  11 >>>  160925 1911  AVRES = -2.80 NOBS =  2
 Event#  13 >>>  161005 1619  AVRES = -1.11 NOBS =  9
 Event#  14 >>>  161006 0156  AVRES = -1.12 NOBS =  7
 Event#  15 >>>  161009 0036  AVRES = -1.28 NOBS =  8
 Event#  16 >>>  161009 0036  AVRES = -1.24 NOBS =  7
 Event#  20 >>>  161124 2250  AVRES = -1.31 NOBS =  4
 Event#  29 >>>  170302 2335  AVRES = -1.71 NOBS =  9
 Event#  31 >>>  170307 0447  AVRES = -1.22 NOBS = 10
 Event#  38 >>>  170315 0234  AVRES = -1.07 NOBS =  7
 Event#  45 >>>  170323 1906  AVRES = -1.64 NOBS =  6
 Event#  50 >>>  170405 0307  AVRES = -1.31 NOBS = 10
 Event#  51 >>>  170405 1410  AVRES = -1.52 NOBS = 10
 Event#  52 >>>  170406 0838  AVRES = -1.22 NOBS = 10
 Event#  54 >>>  170407 1729  AVRES = -4.62 NOBS =  2
 Event#  55 >>>  170407 1729  AVRES = -4.26 NOBS =  5
 Event#  56 >>>  170408 1004  AVRES = -1.10 NOBS = 13
 Event#  57 >>>  170409 0856  AVRES = -2.37 NOBS =  6
 Event#  58 >>>  170409 0902  AVRES = -1.97 NOBS =  7
 Event#  60 >>>  170410 1813  AVRES = -1.96 NOBS = 13
 Event#  62 >>>  170413 0651  AVRES = -1.66 NOBS = 10
 Event#  64 >>>  170414 0540  AVRES = -2.59 NOBS = 11
 Event#  66 >>>  170414 1753  AVRES = -1.53 NOBS =  6
 Event#  68 >>>  170416 1220  AVRES = -1.31 NOBS = 11
 Event#  70 >>>  170416 1821  AVRES = -1.26 NOBS = 13
 Event#  72 >>>  170418 1005  AVRES = -3.51 NOBS =  1
 Event#  73 >>>  170418 1500  AVRES = -1.16 NOBS = 12
 Event#  74 >>>  170420 1302  AVRES = -1.47 NOBS = 11
 Event#  77 >>>  170423 1455  AVRES = -1.06 NOBS =  8
 Event#  78 >>>  170423 2313  AVRES = -1.03 NOBS = 12
 Event#  85 >>>  170426 1834  AVRES = -1.99 NOBS =  8
 Event#  88 >>>  170427 1041  AVRES = -1.01 NOBS =  7
 Event#  89 >>>  170427 2010  AVRES = -1.84 NOBS =  8
 Event#  90 >>>  170427 2010  AVRES = -1.86 NOBS =  8
 Event#  91 >>>  170427 2342  AVRES = -1.50 NOBS =  6

 ^^^^^^^^^ C H E C K   these events above ^^^^^^^^
 $$$$$$$$$$$$$$$$$$$$$$$$$$$$$$$$$$$$$$$$$$$$$$$$$

 ~~~ save initial datvar ...

 Iteration nr  0 obtained:
 DATVAR=    1.974808 mean sqrd residual=     0.887064  RMS RESIDUAL=     0.941841

 After  0 iterations we got:
 Average absolute & unweighted [and mean] residual of
   453 straight and direct rays =  0.87388 [ -0.72145]
   226 refracted           rays =  1.74243 [ -1.71856]
     0 reflected           rays =  0.00000 [  0.00000]

   679 ALL                 RAYS =  1.16297 [ -1.05333]        0.00 %




--------------------------------------------------------------------------------



           ITERATION no  1

 ~~~ set units for this iteration ...
 ~~~ determine number of unknowns for this iter. ...

 Number of unknowns (for array-indexing):  nvar =  386
 Number of effective unknowns        :  nvareff =  387
 Number of elements on/below main diagonal of matrix G = At*A : kvar =   74691

 Damping factors to be used in this iteration:
   Othet=   0.010   XYthet  =   0.010   Zthet=  0.010
 STAthet=   0.010   Vthet   =   1.000

 ~~~ damp G ...
 ~~~ solve G * b = RHT ...
 ~~~ fix units ...
 ~~~ apply eventually step-length damping ...
 ~~~ adjust model (hypocenters, stacorr & veloc.) ...

 doing velocity adjustments now...

 doing station-correction adjustments...

 ~~~ compute effective step-length ...

 (Applied) Step length =   3.690

 ~~~ set units for next iteration ...
 ~~~ determine number of unknowns for next iter. ...

 Number of unknowns (for array-indexing):  nvar =  386
 Number of effective unknowns        :  nvareff =  387
 Number of elements on/below main diagonal of matrix G = At*A : kvar =   74691

 ~~~ reset G and RHT ...
 ~~~ raytracing, setup G ...
 ~~~ store parts of G ...
 ~~~ set units back for current iteration ...
 ~~~ determine number of unknowns for this iter. ...

 Number of unknowns (for array-indexing):  nvar =  386
 Number of effective unknowns        :  nvareff =  387
 Number of elements on/below main diagonal of matrix G = At*A : kvar =   74691

 ~~~ compute RMS and DATVAR ...

 $$$$$$$$$$$$$$$$$$$$$$$$$$$$$$$$$$$$$$$$$$$$$$$$$
 Events with  | AVRES | > 1.0 SEC are suspicious !

 Event#   3 >>>  160819 0959  AVRES = -1.10 NOBS = 12
 Event#   4 >>>  160820 1506  AVRES = -1.16 NOBS =  9
 Event#   7 >>>  160823 0652  AVRES = -1.73 NOBS =  6
 Event#   8 >>>  160824 1510  AVRES = -1.35 NOBS =  9
 Event#  10 >>>  160920 1607  AVRES = -1.96 NOBS =  2
 Event#  11 >>>  160925 1911  AVRES = -2.27 NOBS =  2
 Event#  15 >>>  161009 0036  AVRES = -1.03 NOBS =  8
 Event#  20 >>>  161124 2250  AVRES = -1.03 NOBS =  4
 Event#  29 >>>  170302 2335  AVRES = -1.36 NOBS =  9
 Event#  45 >>>  170323 1906  AVRES = -1.33 NOBS =  6
 Event#  50 >>>  170405 0307  AVRES = -1.05 NOBS = 10
 Event#  51 >>>  170405 1410  AVRES = -1.20 NOBS = 10
 Event#  54 >>>  170407 1729  AVRES = -3.75 NOBS =  2
 Event#  55 >>>  170407 1729  AVRES = -3.46 NOBS =  5
 Event#  57 >>>  170409 0856  AVRES = -1.93 NOBS =  6
 Event#  58 >>>  170409 0902  AVRES = -1.58 NOBS =  7
 Event#  60 >>>  170410 1813  AVRES = -1.58 NOBS = 13
 Event#  62 >>>  170413 0651  AVRES = -1.32 NOBS = 10
 Event#  64 >>>  170414 0540  AVRES = -2.10 NOBS = 11
 Event#  66 >>>  170414 1753  AVRES = -1.23 NOBS =  6
 Event#  68 >>>  170416 1220  AVRES = -1.05 NOBS = 11
 Event#  70 >>>  170416 1821  AVRES = -1.00 NOBS = 13
 Event#  72 >>>  170418 1005  AVRES = -2.84 NOBS =  1
 Event#  74 >>>  170420 1302  AVRES = -1.18 NOBS = 11
 Event#  85 >>>  170426 1834  AVRES = -1.59 NOBS =  8
 Event#  89 >>>  170427 2010  AVRES = -1.49 NOBS =  8
 Event#  90 >>>  170427 2010  AVRES = -1.50 NOBS =  8
 Event#  91 >>>  170427 2342  AVRES = -1.20 NOBS =  6

 ^^^^^^^^^ C H E C K   these events above ^^^^^^^^
 $$$$$$$$$$$$$$$$$$$$$$$$$$$$$$$$$$$$$$$$$$$$$$$$$

 ~~~ check solution (better? worse?) ...

 Iteration nr  1 obtained:
 DATVAR=    1.123955 mean sqrd residual=     0.483350  RMS RESIDUAL=     0.695234

 After  1 iterations we got:
 Average absolute & unweighted [and mean] residual of
   436 straight and direct rays =  0.60331 [ -0.56221]
   243 refracted           rays =  1.42925 [ -1.40182]
     0 reflected           rays =  0.00000 [  0.00000]

   679 ALL                 RAYS =  0.89890 [ -0.86269]      -22.71 %

 ~~~ iteration done; output results ...

  eq       ot     x      y      z      rms    avres   dot     dx     dy     dz
    1      9.10  38.59 111.94  23.32   0.39  -0.79   -0.003 -0.020  0.026  0.217
    2      9.29  37.97 110.63  23.01   0.39  -0.77   -0.007  0.016  0.053  0.213
    3     27.27-130.17  -8.27  12.48   0.65  -1.10   -0.034 -0.167  0.323  0.384
    4     15.65-131.14  -6.58  10.81   0.53  -1.16   -0.046 -0.156  0.337 -0.189
    5     45.69 -40.29  38.72  23.83   0.32  -0.67   -0.006  0.046 -0.106  0.025
    6     49.51 -36.73  40.67  16.65   0.20  -0.41    0.007  0.165 -0.053  0.153
    7     13.95-135.07-119.23   6.56   0.66  -1.73   -0.048  0.141 -0.172  0.159
    8     30.39-140.87 -43.32   8.50   0.60  -1.35   -0.014 -0.012  0.537 -0.099
    9     39.70  10.82  56.53  11.97   0.08  -0.36    0.002 -0.067 -0.151 -0.126
   10     18.25 -87.47-308.28  16.20   1.23  -1.96   -0.046 -0.407  0.027  0.005
   11      5.49 -62.77-309.65  15.61   1.51  -2.27   -0.113 -0.512 -0.009  0.012
   12     51.20  35.00  94.55  15.91   0.50  -0.62    0.005 -0.071 -0.073  0.309
   13     46.89  33.41  97.93  19.28   0.58  -0.88   -0.006  0.061  0.068  0.281
   14     55.87  33.36  97.52  14.37   0.59  -0.88   -0.034  0.000 -0.001  0.475
   15     44.69  34.05  97.39  17.52   0.75  -1.03   -0.011  0.020  0.092  0.323
   16     44.87  34.92  95.96  18.89   0.76  -0.99   -0.034 -0.134  0.219  0.290
   17     22.09  -1.01  82.36  18.63   0.48  -0.70   -0.009  0.000  0.011  0.125
   18     36.50 -34.01   4.48  11.20   0.40  -0.53   -0.002  0.109  0.016  0.004
   19     33.33  41.38  64.06  10.04   0.31  -0.40    0.025 -0.065 -0.105 -0.061
   20     45.97  37.73  85.18  16.27   0.56  -1.03   -0.030 -0.126  0.041  0.069
   21     34.09  36.47  82.79  14.41   0.33  -0.73   -0.005 -0.052 -0.009 -0.091
   22     25.91  35.69  85.33  13.47   0.34  -0.61    0.005 -0.130 -0.032 -0.032
   23     15.92  35.37  86.30  11.53   0.30  -0.60    0.015 -0.105 -0.068 -0.067
   24      2.01  34.89  82.29   5.63   0.46  -0.52    0.012  0.053  0.275 -0.065
   25     48.64 -45.85  23.60  22.15   0.20  -0.25    0.040  0.116 -0.171  0.146
   26     27.62 -70.27  -3.83  10.30   0.18  -0.41    0.020  0.176 -0.149  0.001
   27      0.20  -0.62  49.32  13.13   0.36  -0.47    0.003  0.066 -0.220  0.034
   28     59.11  37.68  76.25  11.50   0.46  -0.64    0.007  0.087  0.041  0.000
   29     20.16-148.79 -12.84  14.90   0.46  -1.36   -0.036  0.037 -0.011  0.095
   30      2.91  35.95  76.73  13.46   0.55  -0.71    0.012  0.056 -0.044  0.059
   31     20.99  36.36  77.43  14.19   0.63  -0.97   -0.006 -0.210 -0.009 -0.015
   32     50.80  36.85  76.97  15.30   0.29  -0.57    0.004 -0.056 -0.130 -0.001
   33      0.81  37.23  76.12  15.66   0.48  -0.64    0.015 -0.026 -0.096  0.063
   34     55.42 -16.94  34.89  24.53   0.15  -0.32    0.019  0.168 -0.037  0.027
   35     39.28 -71.83  -8.60   3.40   0.37  -0.45    0.076  0.086 -0.118 -0.002
   36     59.10  36.48  77.86  15.15   0.54  -0.75    0.005 -0.086 -0.030  0.046
   37      5.62  31.30  50.08  14.69   0.15  -0.45    0.016 -0.060 -0.132 -0.209
   38     46.49  73.17  72.95  16.98   0.45  -0.85   -0.006 -0.050 -0.020  0.083
   39     14.12   0.78  26.07   3.49   0.20  -0.42    0.021  0.099 -0.152 -0.413
   40     14.59 -41.93  13.88  16.67   0.14  -0.44   -0.006  0.019 -0.063 -0.126
   41     56.45  34.95  78.99   5.24   0.27  -0.59    0.052  0.091 -0.120  0.144
   42     34.32  -3.97  46.28  17.91   0.14  -0.30    0.020  0.128 -0.030 -0.086
   43     24.66-110.66 -39.52   5.32   0.36  -0.66    0.055  0.096 -0.131  0.116
   44     49.71  30.29  50.39   8.15   0.23  -0.40    0.011 -0.044 -0.161 -0.153
   45     41.20-145.20  45.59  18.82   0.50  -1.33    0.002 -0.162  0.180  0.519
   46     34.11 -57.50  -0.90  16.12   0.21  -0.40    0.015  0.134 -0.115  0.018
   47      1.03  10.54  80.46  21.92   0.54  -0.78    0.033  0.054 -0.108  0.021
   48     37.24  10.59  81.53  23.51   0.42  -0.52    0.040  0.108 -0.043  0.011
   49     35.70  54.67  84.52  22.67   0.29  -0.68   -0.002 -0.092 -0.056  0.073
   50     36.11-102.47 -35.60  15.11   0.47  -1.05    0.006  0.190 -0.009 -0.185
   51     53.20-101.12 -54.63   9.09   0.43  -1.20   -0.001  0.258  0.047 -0.211
   52     43.18-115.46  43.32  15.29   0.48  -0.96   -0.022 -0.048  0.363 -0.214
   53      1.03  10.50  80.65  21.29   0.56  -0.74    0.031  0.014 -0.022 -0.006
   54      2.98 -83.70 322.74  15.65   0.28  -3.75   -0.425 -0.027 -0.069  0.046
   55      3.20 -89.76 304.27   0.44   0.13  -3.46   -0.304  0.076 -0.021  0.041
   56     44.91  35.88  67.56  14.84   0.54  -0.87    0.006 -0.102 -0.169 -0.164
   57     47.13 -84.60 154.93  15.89   0.40  -1.93   -0.067  0.108  0.384  0.292
   58     45.56 -80.69 150.96  15.21   0.45  -1.58   -0.037  0.439  0.319  0.105
   59      8.61 -82.41   0.72   2.03   0.59  -0.62    0.110  0.046  0.390 -0.674
   60      3.64-110.32-118.61   3.43   0.57  -1.58    0.036  0.397  0.112 -0.267
   61      0.67-130.20 -54.95   0.17   0.89  -0.76    0.069 -0.151  0.062  0.059
   62     20.12  19.36 152.32  15.25   0.50  -1.32    0.020  0.088 -0.326 -0.354
   63     18.82 -47.16  29.78  20.23   0.24  -0.47    0.019  0.113 -0.129  0.130
   64      4.72-163.11 183.96   8.01   0.60  -2.10   -0.082  0.815  0.966  0.009
   65     23.43 -47.89  20.49  15.54   0.14  -0.34    0.026  0.178 -0.150  0.044
   66     32.82-152.45  43.09  18.41   0.60  -1.23    0.017 -0.152  0.242  0.509
   67     41.93 -37.14  -5.10  18.92   0.25  -0.50    0.035  0.171 -0.192 -0.285
   68     14.13  50.97 106.14  20.75   0.62  -1.05   -0.067  0.191  0.470  0.350
   69     48.30-214.97-349.14  73.50   0.00   0.00    0.000  0.000  0.000  0.000
   70      5.50  33.77  96.77  19.46   0.55  -1.00   -0.003  0.075  0.026  0.158
   71      4.35   6.04  56.73   1.86   0.65  -0.00    0.249 -0.088  0.046  0.564
   72     56.37 132.66-297.77  96.99   8.05  -2.84   -0.432 -0.034  0.045 -0.013
   73     12.89  50.61  81.87  23.29   0.53  -0.93   -0.014  0.214 -0.036  0.192
   74     36.20-102.30  70.35  22.06   0.46  -1.18   -0.003  0.143  0.164  0.259
 ***** depth constrained for event    75
   75     46.73-107.93   3.04   0.11   1.07  -0.57    0.025 -0.342  0.588 -0.100
   76     54.60-217.19 302.17   0.10   0.00   0.00    0.000  0.000  0.000  0.000
   77     44.10  50.94  93.74  16.85   0.57  -0.84    0.003  0.012  0.010  0.052
   78     41.82  38.41  66.26  21.91   0.49  -0.82    0.016  0.041 -0.248 -0.093
 ***** depth constrained for event    79
   79     58.75 -69.27  -4.78   0.11   0.71  -0.43    0.147  0.505 -0.316 -0.090
   80     26.86 -69.74  -6.16   0.30   0.68  -0.42    0.162  0.401 -0.359  0.186
   81     27.07 -69.60  -4.92   0.04   0.66  -0.41    0.165  0.518 -0.343 -0.069
   82     23.45 -69.56  -4.77   0.18   0.67  -0.39    0.153  0.559 -0.311  0.066
   83     23.23 -71.00  -6.19   6.62   0.22  -0.47    0.033  0.182 -0.050  0.021
   84     21.23 -43.18   8.57  20.96   0.13  -0.28    0.034  0.202 -0.242 -0.040
   85     24.53-167.61 -46.23  10.86   0.49  -1.59   -0.066 -0.151  0.186 -0.042
   86     44.11 -12.21  30.07  18.08   0.27  -0.47    0.008  0.117 -0.168 -0.019
   87     28.96 -61.29   6.78   2.84   0.25  -0.48    0.161  0.367 -0.359  0.243
   88     38.12-103.66 -28.22   8.39   0.25  -0.79    0.016  0.199 -0.097 -0.006
   89     47.80-141.94  89.59  20.85   0.41  -1.49   -0.003 -0.144  0.209  0.651
   90     48.29-139.93  88.33  20.77   0.41  -1.50   -0.014 -0.116  0.294  0.666
   91     34.06  33.68  85.15  19.98   0.60  -1.20   -0.042  0.220  0.008  0.477

 A V E R A G E   of ADJUSTMENTS :                    -0.000  0.053  0.007  0.055
 A V E R A G E   of ABSOLUTE ADJUSTMENTS :            0.046  0.144  0.151  0.156


 Step length damping of 0.18743 was applied.


 Velocity adjustments:
     vp    dvp      hp   reflector
 Velocity model   1
   5.141 -0.109   -5.000      
   5.300  0.030   -1.450      
   5.720  0.200    2.620      
   5.823  0.053    6.390      
   5.901  0.101   15.370      
   5.955  0.075   18.570      
   6.369  0.069   26.240      
   6.505  0.115   28.450      
   7.069  0.169   38.980      
   7.437  0.017   43.520      

 Calculation of average velocity starts at layer #           1
 z = -5.00 ... -1.45    v = 5.14    AVEL = 5.14 downto z =  -1.45
 z = -1.45 ...  2.62    v = 5.30    AVEL = 5.23 downto z =   2.62
 z =  2.62 ...  6.39    v = 5.72    AVEL = 5.39 downto z =   6.39
 z =  6.39 ... 15.37    v = 5.82    AVEL = 5.58 downto z =  15.37
 z = 15.37 ... 18.57    v = 5.90    AVEL = 5.62 downto z =  18.57
 z = 18.57 ... 26.24    v = 5.96    AVEL = 5.71 downto z =  26.24
 z = 26.24 ... 28.45    v = 6.37    AVEL = 5.75 downto z =  28.45
 z = 28.45 ... 38.98    v = 6.51    AVEL = 5.93 downto z =  38.98
 z = 38.98 ... 43.52    v = 7.07    AVEL = 6.04 downto z =  43.52


 Calculation of average velocity starts at layer #           2
 z = -1.45 ...  2.62    v = 5.30    AVEL = 5.30 downto z =   2.62
 z =  2.62 ...  6.39    v = 5.72    AVEL = 5.50 downto z =   6.39
 z =  6.39 ... 15.37    v = 5.82    AVEL = 5.67 downto z =  15.37
 z = 15.37 ... 18.57    v = 5.90    AVEL = 5.71 downto z =  18.57
 z = 18.57 ... 26.24    v = 5.96    AVEL = 5.78 downto z =  26.24
 z = 26.24 ... 28.45    v = 6.37    AVEL = 5.82 downto z =  28.45
 z = 28.45 ... 38.98    v = 6.51    AVEL = 6.00 downto z =  38.98
 z = 38.98 ... 43.52    v = 7.07    AVEL = 6.11 downto z =  43.52



 Adjusted station corrections:
   stn  ptcor  dpcor  
  624   0.000  0.000  628  -0.046 -0.046  630  -0.038 -0.038  627   0.015  0.015
  621   0.023  0.023  629   0.024  0.024  622   0.013  0.013  620  -0.014 -0.014
  623   0.048  0.048  626   0.032  0.032  625   0.025  0.025  631   0.058  0.058
  632  -0.031 -0.031

 ~~~ another iteration? ...



--------------------------------------------------------------------------------



           ITERATION no  2

 ~~~ set units for this iteration ...
 ~~~ determine number of unknowns for this iter. ...

 Number of unknowns (for array-indexing):  nvar =  386
 Number of effective unknowns        :  nvareff =  387
 Number of elements on/below main diagonal of matrix G = At*A : kvar =   74691

 Damping factors to be used in this iteration:
   Othet=   0.010   XYthet  =   0.010   Zthet=  0.010
 STAthet=   0.010   Vthet   =   1.000

 ~~~ damp G ...
 ~~~ solve G * b = RHT ...
 ~~~ fix units ...
 ~~~ apply eventually step-length damping ...
 ~~~ adjust model (hypocenters, stacorr & veloc.) ...

 doing velocity adjustments now...

 doing station-correction adjustments...

 ~~~ compute effective step-length ...

 (Applied) Step length =   4.546

 ~~~ set units for next iteration ...
 ~~~ determine number of unknowns for next iter. ...

 Number of unknowns (for array-indexing):  nvar =  386
 Number of effective unknowns        :  nvareff =  387
 Number of elements on/below main diagonal of matrix G = At*A : kvar =   74691

 ~~~ reset G and RHT ...
 ~~~ raytracing, setup G ...
 ~~~ store parts of G ...
 ~~~ set units back for current iteration ...
 ~~~ determine number of unknowns for this iter. ...

 Number of unknowns (for array-indexing):  nvar =  386
 Number of effective unknowns        :  nvareff =  387
 Number of elements on/below main diagonal of matrix G = At*A : kvar =   74691

 ~~~ compute RMS and DATVAR ...

 $$$$$$$$$$$$$$$$$$$$$$$$$$$$$$$$$$$$$$$$$$$$$$$$$
 Events with  | AVRES | > 1.0 SEC are suspicious !

 Event#   7 >>>  160823 0652  AVRES = -1.24 NOBS =  6
 Event#  10 >>>  160920 1607  AVRES = -1.42 NOBS =  2
 Event#  11 >>>  160925 1911  AVRES = -1.65 NOBS =  2
 Event#  54 >>>  170407 1729  AVRES = -2.74 NOBS =  2
 Event#  55 >>>  170407 1729  AVRES = -2.52 NOBS =  5
 Event#  57 >>>  170409 0856  AVRES = -1.40 NOBS =  6
 Event#  58 >>>  170409 0902  AVRES = -1.14 NOBS =  7
 Event#  60 >>>  170410 1813  AVRES = -1.14 NOBS = 13
 Event#  64 >>>  170414 0540  AVRES = -1.52 NOBS = 11
 Event#  72 >>>  170418 1005  AVRES = -2.08 NOBS =  1
 Event#  85 >>>  170426 1834  AVRES = -1.15 NOBS =  8
 Event#  89 >>>  170427 2010  AVRES = -1.09 NOBS =  8
 Event#  90 >>>  170427 2010  AVRES = -1.10 NOBS =  8

 ^^^^^^^^^ C H E C K   these events above ^^^^^^^^
 $$$$$$$$$$$$$$$$$$$$$$$$$$$$$$$$$$$$$$$$$$$$$$$$$

 ~~~ check solution (better? worse?) ...

 Iteration nr  2 obtained:
 DATVAR=    0.654904 mean sqrd residual=     0.281638  RMS RESIDUAL=     0.530695

 After  2 iterations we got:
 Average absolute & unweighted [and mean] residual of
   430 straight and direct rays =  0.42024 [ -0.39702]
   249 refracted           rays =  1.06462 [ -1.02914]
     0 reflected           rays =  0.00000 [  0.00000]

   679 ALL                 RAYS =  0.65654 [ -0.62883]      -26.96 %

 ~~~ iteration done; output results ...

  eq       ot     x      y      z      rms    avres   dot     dx     dy     dz
    1      9.06  38.55 111.98  23.60   0.31  -0.58   -0.034 -0.039  0.032  0.278
    2      9.25  37.97 110.70  23.29   0.31  -0.56   -0.039  0.007  0.069  0.274
    3     27.19-130.39  -7.90  12.88   0.52  -0.79   -0.078 -0.222  0.371  0.394
    4     15.58-131.34  -6.31  10.57   0.43  -0.85   -0.077 -0.203  0.273 -0.238
    5     45.65 -40.22  38.64  24.03   0.24  -0.48   -0.044  0.071 -0.083  0.207
    6     49.48 -36.53  40.60  17.00   0.17  -0.29   -0.029  0.203 -0.072  0.350
    7     13.87-134.86-119.44   6.68   0.49  -1.24   -0.087  0.211 -0.207  0.124
    8     30.35-140.83 -42.69   8.31   0.48  -0.97   -0.040  0.046  0.624 -0.193
    9     39.67  10.76  56.36  11.87   0.06  -0.26   -0.029 -0.063 -0.171 -0.104
   10     18.15 -88.06-308.24  16.22   1.15  -1.42   -0.106 -0.582  0.044  0.011
   11      5.30 -63.51-309.66  15.63   1.43  -1.65   -0.183 -0.733 -0.008  0.019
   12     51.19  34.94  94.43  16.26   0.41  -0.44   -0.015 -0.060 -0.116  0.354
   13     46.86  33.50  97.98  19.61   0.45  -0.64   -0.035  0.080  0.051  0.328
   14     55.80  33.37  97.47  14.92   0.44  -0.63   -0.066  0.014 -0.051  0.549
   15     44.65  34.08  97.45  17.99   0.58  -0.75   -0.042  0.032  0.061  0.464
   16     44.80  34.76  96.20  19.22   0.58  -0.71   -0.069 -0.166  0.246  0.330
   17     22.05  -0.97  82.38  18.78   0.36  -0.50   -0.041  0.044  0.023  0.156
   18     36.47 -33.79   4.51  11.31   0.32  -0.38   -0.029  0.221  0.028  0.104
   19     33.32  41.29  63.91   9.95   0.23  -0.28   -0.001 -0.091 -0.150 -0.087
   20     45.91  37.57  85.24  16.34   0.42  -0.73   -0.063 -0.161  0.060  0.072
   21     34.10  36.38  82.64  13.91   0.24  -0.53    0.003 -0.093 -0.145 -0.494
   22     25.89  35.52  85.25  13.42   0.27  -0.44   -0.019 -0.169 -0.082 -0.044
   23     15.91  35.24  86.17  11.42   0.26  -0.43   -0.009 -0.135 -0.128 -0.117
   24      1.96  34.87  82.58   5.16   0.42  -0.37   -0.054 -0.019  0.288 -0.476
   25     48.66 -45.72  23.35  22.43   0.17  -0.17    0.018  0.130 -0.246  0.282
   26     27.61 -70.07  -4.04  10.33   0.13  -0.29   -0.013  0.201 -0.208  0.028
   27      0.18  -0.51  49.01  13.22   0.28  -0.34   -0.024  0.104 -0.317  0.084
   28     59.09  37.77  76.26  11.46   0.35  -0.46   -0.018  0.084  0.010 -0.041
   29     20.12-148.87 -12.70  15.00   0.36  -0.99   -0.048 -0.089  0.144  0.107
   30      2.90  35.99  76.65  13.50   0.42  -0.51   -0.013  0.040 -0.077  0.044
   31     20.97  36.14  77.33  14.13   0.46  -0.70   -0.022 -0.219 -0.104 -0.051
   32     50.79  36.73  76.84  15.16   0.22  -0.41   -0.011 -0.120 -0.135 -0.137
   33      0.81  37.20  75.96  15.74   0.35  -0.46   -0.004 -0.030 -0.155  0.074
   34     55.42 -16.70  34.82  24.58   0.11  -0.23    0.006  0.240 -0.073  0.053
   35     39.32 -71.42  -8.58   3.24   0.31  -0.32    0.040  0.403  0.018 -0.154
   36     59.10  36.43  77.71  15.10   0.41  -0.54    0.000 -0.047 -0.148 -0.051
   37      5.61  31.23  49.92  14.44   0.10  -0.32   -0.009 -0.074 -0.158 -0.256
   38     46.47  73.05  72.90  17.08   0.35  -0.61   -0.028 -0.118 -0.051  0.102
   39     14.07   0.89  25.97   3.35   0.15  -0.29   -0.055  0.110 -0.100 -0.137
   40     14.56 -41.88  13.84  16.60   0.11  -0.32   -0.034  0.058 -0.048 -0.069
   41     56.45  34.96  78.71   5.13   0.22  -0.42   -0.005  0.003 -0.279 -0.114
   42     34.32  -3.79  46.20  17.85   0.10  -0.21   -0.001  0.178 -0.077 -0.061
   43     24.67-110.42 -39.59   5.61   0.31  -0.49    0.013  0.243 -0.070  0.298
   44     49.69  30.26  50.20   8.01   0.16  -0.28   -0.024 -0.030 -0.184 -0.136
   45     41.17-145.26  45.83  19.39   0.39  -0.97   -0.030 -0.062  0.233  0.571
   46     34.10 -57.35  -1.06  16.24   0.16  -0.28   -0.018  0.143 -0.161  0.125
   47      1.05  10.66  80.29  21.95   0.41  -0.56    0.017  0.117 -0.164  0.033
   48     37.26  10.74  81.47  23.61   0.31  -0.37    0.016  0.150 -0.058  0.098
   49     35.68  54.48  84.44  22.70   0.22  -0.49   -0.014 -0.191 -0.087  0.027
   50     36.09-102.22 -35.68  15.01   0.35  -0.77   -0.018  0.243 -0.080 -0.103
   51     53.17-100.74 -54.59   8.80   0.35  -0.87   -0.027  0.373  0.043 -0.285
   52     43.15-115.48  43.68  15.38   0.41  -0.69   -0.032 -0.020  0.360  0.093
   53      1.04  10.53  80.62  21.28   0.43  -0.54    0.008  0.025 -0.029 -0.010
   54      2.42 -83.73 322.65  15.70   0.27  -2.74   -0.553 -0.033 -0.089  0.057
   55      2.77 -89.63 304.24   0.50   0.10  -2.52   -0.424  0.132 -0.022  0.056
   56     44.89  35.81  67.30  14.66   0.41  -0.63   -0.014 -0.062 -0.263 -0.174
   57     47.02 -84.53 155.43  16.30   0.37  -1.40   -0.109  0.067  0.499  0.408
   58     45.50 -80.44 151.41  15.51   0.39  -1.14   -0.064  0.259  0.456  0.304
   59      8.68 -82.15   0.49   2.57   0.50  -0.47    0.072  0.259 -0.230  0.548
   60      3.62-109.71-118.31   2.84   0.51  -1.14   -0.014  0.614  0.301 -0.595
   61      0.67-130.57 -54.87   0.81   0.70  -0.59   -0.003 -0.365  0.073  0.638
   62     20.12  19.62 151.96  15.02   0.44  -0.97    0.005  0.253 -0.361 -0.224
   63     18.81 -47.02  29.60  20.54   0.19  -0.34   -0.014  0.135 -0.174  0.310
   64      4.58-162.06 185.24   8.02   0.56  -1.52   -0.137  1.049  1.279  0.015
   65     23.42 -47.68  20.28  15.72   0.12  -0.24   -0.003  0.202 -0.211  0.174
   66     32.81-152.52  43.51  19.01   0.49  -0.91   -0.003 -0.066  0.422  0.597
   67     41.94 -36.93  -5.35  18.71   0.18  -0.36    0.000  0.205 -0.251 -0.208
   68     14.06  51.07 106.50  20.91   0.49  -0.76   -0.068  0.108  0.363  0.157
   69     48.30-214.97-349.14  73.50   0.00   0.00    0.000  0.000  0.000  0.000
   70      5.47  33.86  96.77  19.64   0.42  -0.73   -0.031  0.087 -0.003  0.179
   71      4.42   6.07  56.75   2.10   0.70  -0.21    0.066  0.036  0.021  0.238
   72     55.77 132.62-297.71  96.97   4.34  -2.08   -0.598 -0.048  0.062 -0.018
   73     12.85  50.83  81.78  23.48   0.41  -0.67   -0.031  0.219 -0.084  0.190
   74     36.17-102.23  70.49  22.59   0.39  -0.86   -0.031  0.064  0.138  0.529
 ***** depth constrained for event    75
   75     46.67-108.50   3.50   0.11   1.00  -0.41   -0.051 -0.575  0.461 -0.100
   76     54.60-217.19 302.17   0.10   0.00   0.00    0.000  0.000  0.000  0.000
   77     44.08  50.93  93.72  16.92   0.43  -0.60   -0.021 -0.003 -0.022  0.072
   78     41.81  38.44  65.94  21.81   0.38  -0.60   -0.005  0.032 -0.318 -0.097
   79     58.83 -68.99  -4.89   0.66   0.56  -0.34    0.082  0.278 -0.112  0.553
   80     26.98 -69.56  -6.35   1.47   0.39  -0.41    0.120  0.176 -0.186  1.173
 ***** depth constrained for event    81
   81     27.02 -69.49  -5.14   0.11   0.54  -0.24   -0.047  0.115 -0.219 -0.031
   82     23.54 -69.26  -4.87   0.97   0.48  -0.33    0.084  0.295 -0.100  0.796
   83     23.23 -70.82  -6.28   6.64   0.16  -0.33   -0.006  0.180 -0.094  0.021
   84     21.24 -42.95   8.27  21.01   0.10  -0.20    0.008  0.233 -0.299  0.051
   85     24.43-167.80 -46.02  10.75   0.37  -1.15   -0.107 -0.185  0.213 -0.107
   86     44.08 -12.07  29.84  18.18   0.21  -0.33   -0.024  0.139 -0.230  0.096
   87     28.94 -61.28   6.56   2.89   0.20  -0.34   -0.017  0.005 -0.220  0.049
   88     38.10-103.43 -28.34   8.37   0.20  -0.57   -0.017  0.232 -0.124 -0.029
   89     47.76-142.17  89.80  21.63   0.35  -1.09   -0.033 -0.228  0.217  0.784
   90     48.24-140.12  88.66  21.56   0.34  -1.10   -0.046 -0.187  0.327  0.791
   91     33.98  33.95  85.15  20.54   0.45  -0.87   -0.078  0.272  0.005  0.561

 A V E R A G E   of ADJUSTMENTS :                    -0.040  0.043 -0.000  0.115
 A V E R A G E   of ABSOLUTE ADJUSTMENTS :            0.052  0.164  0.172  0.223


 Step length damping of 0.26385 was applied.


 Velocity adjustments:
     vp    dvp      hp   reflector
 Velocity model   1
   5.082 -0.060   -5.000      
   5.339  0.039   -1.450      
   5.802  0.082    2.620      
   5.888  0.064    6.390      
   6.003  0.103   15.370      
   6.053  0.098   18.570      
   6.423  0.054   26.240      
   6.656  0.151   28.450      
   7.269  0.200   38.980      
   7.434 -0.004   43.520      

 Calculation of average velocity starts at layer #           1
 z = -5.00 ... -1.45    v = 5.08    AVEL = 5.08 downto z =  -1.45
 z = -1.45 ...  2.62    v = 5.34    AVEL = 5.22 downto z =   2.62
 z =  2.62 ...  6.39    v = 5.80    AVEL = 5.41 downto z =   6.39
 z =  6.39 ... 15.37    v = 5.89    AVEL = 5.62 downto z =  15.37
 z = 15.37 ... 18.57    v = 6.00    AVEL = 5.67 downto z =  18.57
 z = 18.57 ... 26.24    v = 6.05    AVEL = 5.77 downto z =  26.24
 z = 26.24 ... 28.45    v = 6.42    AVEL = 5.81 downto z =  28.45
 z = 28.45 ... 38.98    v = 6.66    AVEL = 6.01 downto z =  38.98
 z = 38.98 ... 43.52    v = 7.27    AVEL = 6.13 downto z =  43.52


 Calculation of average velocity starts at layer #           2
 z = -1.45 ...  2.62    v = 5.34    AVEL = 5.34 downto z =   2.62
 z =  2.62 ...  6.39    v = 5.80    AVEL = 5.56 downto z =   6.39
 z =  6.39 ... 15.37    v = 5.89    AVEL = 5.74 downto z =  15.37
 z = 15.37 ... 18.57    v = 6.00    AVEL = 5.78 downto z =  18.57
 z = 18.57 ... 26.24    v = 6.05    AVEL = 5.85 downto z =  26.24
 z = 26.24 ... 28.45    v = 6.42    AVEL = 5.90 downto z =  28.45
 z = 28.45 ... 38.98    v = 6.66    AVEL = 6.09 downto z =  38.98
 z = 38.98 ... 43.52    v = 7.27    AVEL = 6.21 downto z =  43.52



 Adjusted station corrections:
   stn  ptcor  dpcor  
  624   0.000  0.000  628  -0.109 -0.063  630  -0.074 -0.036  627   0.024  0.009
  621   0.045  0.022  629   0.050  0.025  622   0.031  0.018  620  -0.027 -0.013
  623   0.103  0.055  626   0.071  0.039  625   0.054  0.029  631   0.125  0.067
  632  -0.062 -0.031

 ~~~ another iteration? ...



--------------------------------------------------------------------------------



           ITERATION no  3

 ~~~ set units for this iteration ...
 ~~~ determine number of unknowns for this iter. ...

 Number of unknowns (for array-indexing):  nvar =  386
 Number of effective unknowns        :  nvareff =  387
 Number of elements on/below main diagonal of matrix G = At*A : kvar =   74691

 Damping factors to be used in this iteration:
   Othet=   0.010   XYthet  =   0.010   Zthet=  0.010
 STAthet=   0.010   Vthet   =   1.000

 ~~~ damp G ...
 ~~~ solve G * b = RHT ...
 ~~~ fix units ...
 ~~~ apply eventually step-length damping ...
 ~~~ adjust model (hypocenters, stacorr & veloc.) ...

 doing velocity adjustments now...

 doing station-correction adjustments...

 ~~~ compute effective step-length ...

 (Applied) Step length =   8.037

 ~~~ set units for next iteration ...
 ~~~ determine number of unknowns for next iter. ...

 Number of unknowns (for array-indexing):  nvar =  386
 Number of effective unknowns        :  nvareff =  387
 Number of elements on/below main diagonal of matrix G = At*A : kvar =   74691

 ~~~ reset G and RHT ...
 ~~~ raytracing, setup G ...
 ~~~ store parts of G ...
 ~~~ set units back for current iteration ...
 ~~~ determine number of unknowns for this iter. ...

 Number of unknowns (for array-indexing):  nvar =  386
 Number of effective unknowns        :  nvareff =  387
 Number of elements on/below main diagonal of matrix G = At*A : kvar =   74691

 ~~~ compute RMS and DATVAR ...

 $$$$$$$$$$$$$$$$$$$$$$$$$$$$$$$$$$$$$$$$$$$$$$$$$
 Events with  | AVRES | > 1.0 SEC are suspicious !

 Event#  54 >>>  170407 1729  AVRES = -1.30 NOBS =  2
 Event#  55 >>>  170407 1729  AVRES = -1.17 NOBS =  5
 Event#  72 >>>  170418 1005  AVRES = -1.03 NOBS =  1

 ^^^^^^^^^ C H E C K   these events above ^^^^^^^^
 $$$$$$$$$$$$$$$$$$$$$$$$$$$$$$$$$$$$$$$$$$$$$$$$$

 ~~~ check solution (better? worse?) ...

 Iteration nr  3 obtained:
 DATVAR=    0.253379 mean sqrd residual=     0.108964  RMS RESIDUAL=     0.330097

 After  3 iterations we got:
 Average absolute & unweighted [and mean] residual of
   407 straight and direct rays =  0.20357 [ -0.18726]
   272 refracted           rays =  0.54423 [ -0.49219]
     0 reflected           rays =  0.00000 [  0.00000]

   679 ALL                 RAYS =  0.34004 [ -0.30941]      -48.21 %

 ~~~ iteration done; output results ...

  eq       ot     x      y      z      rms    avres   dot     dx     dy     dz
    1      9.00  38.50 112.05  24.11   0.20  -0.28   -0.066 -0.048  0.069  0.512
    2      9.18  38.00 110.84  23.79   0.20  -0.27   -0.075  0.026  0.138  0.501
    3     27.05-131.03  -7.54  13.93   0.35  -0.36   -0.142 -0.637  0.361  1.050
    4     15.43-131.69  -5.83  10.16   0.32  -0.41   -0.145 -0.344  0.481 -0.414
    5     45.61 -40.07  38.37  24.07   0.13  -0.23   -0.043  0.148 -0.267  0.039
    6     49.42 -36.21  40.48  17.58   0.13  -0.13   -0.057  0.318 -0.120  0.580
    7     13.73-134.45-119.76   6.77   0.26  -0.58   -0.132  0.407 -0.326  0.090
    8     30.30-140.68 -41.77   7.57   0.32  -0.47   -0.042  0.151  0.925 -0.738
    9     39.62  10.68  56.09  11.75   0.05  -0.12   -0.057 -0.081 -0.270 -0.117
   10     17.94 -89.17-308.15  16.24   1.04  -0.62   -0.210 -1.111  0.088  0.021
   11      4.99 -64.90-309.68  15.66   1.32  -0.73   -0.318 -1.396 -0.016  0.031
   12     51.16  34.85  94.23  16.87   0.30  -0.21   -0.034 -0.081 -0.205  0.604
   13     46.79  33.63  98.06  20.17   0.27  -0.31   -0.069  0.139  0.080  0.562
   14     55.74  33.52  97.22  15.38   0.25  -0.31   -0.057  0.146 -0.249  0.459
   15     44.56  34.18  97.57  18.91   0.33  -0.34   -0.089  0.098  0.114  0.922
   16     44.70  34.49  96.62  19.29   0.36  -0.35   -0.092 -0.264  0.421  0.065
   17     21.98  -0.89  82.42  19.04   0.20  -0.24   -0.075  0.076  0.042  0.263
   18     36.42 -33.39   4.59  11.51   0.22  -0.18   -0.053  0.401  0.082  0.199
   19     33.31  41.12  63.68   9.83   0.15  -0.13   -0.017 -0.165 -0.226 -0.125
   20     45.83  37.49  85.18  16.25   0.22  -0.36   -0.072 -0.077 -0.060 -0.096
   21     34.09  36.15  82.39  13.06   0.15  -0.26   -0.006 -0.225 -0.249 -0.857
   22     25.84  35.23  85.09  13.37   0.19  -0.21   -0.043 -0.289 -0.153 -0.055
   23     15.88  34.99  85.94  11.22   0.22  -0.20   -0.026 -0.243 -0.232 -0.200
   24      1.84  34.90  83.06   5.21   0.35  -0.18   -0.118  0.032  0.487  0.056
   25     48.67 -45.50  22.97  22.91   0.13  -0.08    0.008  0.224 -0.381  0.484
   26     27.57 -69.74  -4.36  10.42   0.07  -0.13   -0.037  0.336 -0.316  0.087
   27      0.13  -0.32  48.62  13.36   0.17  -0.16   -0.044  0.189 -0.386  0.142
   28     59.05  37.85  76.25  11.36   0.20  -0.22   -0.042  0.083 -0.011 -0.098
   29     20.05-148.97 -12.37  15.06   0.23  -0.50   -0.070 -0.099  0.332  0.053
   30      2.91  36.05  76.31  13.12   0.30  -0.25    0.009  0.055 -0.336 -0.385
   31     20.95  35.73  77.11  13.79   0.25  -0.35   -0.025 -0.413 -0.221 -0.343
   32     50.77  36.57  76.56  14.98   0.12  -0.20   -0.023 -0.160 -0.284 -0.187
   33      0.79  37.16  75.70  15.90   0.18  -0.21   -0.020 -0.046 -0.258  0.159
   34     55.42 -16.34  34.69  24.65   0.07  -0.11   -0.001  0.361 -0.123  0.074
   35     39.35 -70.65  -8.50   3.00   0.25  -0.15    0.036  0.770  0.081 -0.245
   36     59.09  36.32  77.48  15.03   0.23  -0.26   -0.016 -0.115 -0.223 -0.066
   37      5.58  31.09  49.68  14.02   0.06  -0.15   -0.026 -0.133 -0.238 -0.417
   38     46.41  72.84  72.80  17.31   0.24  -0.30   -0.052 -0.214 -0.108  0.225
   39     13.96   1.02  25.79   3.24   0.10  -0.13   -0.109  0.121 -0.181 -0.111
   40     14.50 -41.76  13.75  16.52   0.11  -0.15   -0.064  0.117 -0.084 -0.089
   41     56.41  34.90  78.26   4.98   0.16  -0.20   -0.036 -0.057 -0.458 -0.150
   42     34.30  -3.53  46.05  17.78   0.06  -0.10   -0.016  0.255 -0.155 -0.076
   43     24.66-109.96 -39.64   6.17   0.28  -0.25   -0.005  0.463 -0.046  0.551
   44     49.63  30.21  49.94   7.86   0.08  -0.13   -0.054 -0.049 -0.265 -0.149
   45     41.11-145.33  46.26  20.43   0.22  -0.46   -0.059 -0.065  0.435  1.042
   46     34.06 -57.12  -1.28  16.47   0.10  -0.13   -0.041  0.239 -0.226  0.229
   47      1.07  10.88  79.99  21.91   0.26  -0.28    0.025  0.220 -0.300 -0.043
   48     37.27  10.98  81.37  23.78   0.17  -0.18    0.011  0.231 -0.099  0.176
   49     35.66  54.15  84.27  22.74   0.12  -0.24   -0.024 -0.322 -0.168  0.042
   50     36.05-101.81 -35.72  14.84   0.18  -0.38   -0.039  0.413 -0.033 -0.174
   51     53.12-100.12 -54.40   8.49   0.27  -0.40   -0.051  0.624  0.186 -0.318
   52     43.03-115.69  44.45  14.46   0.33  -0.36   -0.114 -0.205  0.764 -0.918
   53      1.06  10.61  80.51  21.11   0.27  -0.26    0.017  0.080 -0.112 -0.176
   54      1.58 -83.80 322.51  15.79   0.24  -1.30   -0.845 -0.070 -0.143  0.083
   55      2.10 -89.39 304.22   0.58   0.07  -1.17   -0.670  0.233 -0.028  0.087
   56     44.87  35.67  66.85  14.23   0.26  -0.31   -0.020 -0.146 -0.449 -0.428
   57     46.84 -84.87 156.04  16.80   0.33  -0.67   -0.179 -0.335  0.610  0.499
   58     45.43 -79.78 152.09  16.10   0.31  -0.55   -0.070  0.654  0.673  0.594
   59      8.73 -81.85   0.26   3.49   0.42  -0.33    0.047  0.307 -0.231  0.913
   60      3.62-108.64-117.41   1.47   0.45  -0.60    0.002  1.064  0.906 -1.372
   61      0.60-131.23 -54.78   2.11   0.45  -0.40   -0.064 -0.666  0.093  1.301
   62     20.10  19.89 151.40  14.55   0.39  -0.48   -0.027  0.275 -0.561 -0.476
   63     18.77 -46.80  29.34  21.02   0.11  -0.16   -0.031  0.230 -0.258  0.483
   64      4.34-160.05 187.72   8.13   0.48  -0.68   -0.245  2.006  2.474  0.110
   65     23.40 -47.35  19.96  16.04   0.09  -0.11   -0.021  0.333 -0.319  0.321
   66     32.75-152.74  44.14  20.08   0.34  -0.44   -0.059 -0.218  0.631  1.073
   67     41.92 -36.62  -5.71  18.39   0.10  -0.17   -0.017  0.311 -0.355 -0.320
   68     13.93  51.28 107.16  21.21   0.32  -0.37   -0.134  0.205  0.661  0.306
   69     48.30-214.97-349.14  73.50   0.00   0.00    0.000  0.000  0.000  0.000
   70      5.40  33.92  96.85  19.80   0.25  -0.35   -0.064  0.059  0.081  0.166
   71      4.47   6.26  56.27   3.80   0.57  -0.37    0.055  0.182 -0.484  1.700
   72     54.88 132.55-297.62  96.94   1.07  -1.03   -0.891 -0.071  0.093 -0.028
   73     12.83  50.98  81.58  23.61   0.27  -0.33   -0.027  0.152 -0.203  0.125
   74     36.11-102.22  70.71  23.43   0.30  -0.43   -0.057  0.012  0.220  0.842
 ***** depth constrained for event    75
   75     46.48-109.36   4.33   0.11   0.95  -0.18   -0.194 -0.859  0.830 -0.100
   76     54.60-217.19 302.17   0.10   0.00   0.00    0.000  0.000  0.000  0.000
   77     44.04  50.91  93.67  17.06   0.24  -0.29   -0.045 -0.027 -0.046  0.134
   78     41.79  38.48  65.44  21.69   0.24  -0.29   -0.018  0.038 -0.501 -0.117
   79     58.94 -68.60  -4.98   2.24   0.40  -0.24    0.114  0.391 -0.089  1.573
   80     27.01 -68.97  -6.74   1.84   0.32  -0.22    0.029  0.596 -0.389  0.374
   81     27.05 -69.15  -5.34   0.32   0.44  -0.10    0.032  0.332 -0.207  0.210
   82     23.61 -68.92  -4.95   2.52   0.27  -0.31    0.072  0.339 -0.080  1.543
   83     23.20 -70.48  -6.41   6.69   0.09  -0.15   -0.026  0.342 -0.130  0.053
   84     21.24 -42.55   7.79  21.12   0.08  -0.09   -0.006  0.394 -0.482  0.111
   85     24.29-167.83 -46.08  10.56   0.23  -0.56   -0.138 -0.036 -0.061 -0.189
   86     44.04 -11.87  29.48  18.32   0.12  -0.15   -0.049  0.204 -0.357  0.144
   87     28.89 -61.19   6.24   3.01   0.14  -0.16   -0.057  0.098 -0.320  0.118
   88     38.07-102.95 -28.47   8.32   0.17  -0.27   -0.029  0.483 -0.129 -0.041
   89     47.68-142.63  90.19  23.11   0.27  -0.50   -0.080 -0.464  0.389  1.477
   90     48.14-140.51  89.23  23.02   0.24  -0.51   -0.100 -0.394  0.571  1.467
   91     33.88  34.27  85.15  20.74   0.30  -0.43   -0.095  0.319 -0.002  0.203

 A V E R A G E   of ADJUSTMENTS :                    -0.075  0.068  0.001  0.172
 A V E R A G E   of ABSOLUTE ADJUSTMENTS :            0.085  0.290  0.292  0.383


 Step length damping of 0.49956 was applied.


 Velocity adjustments:
     vp    dvp      hp   reflector
 Velocity model   1
   5.009 -0.072   -5.000      
   5.364  0.025   -1.450      
   5.887  0.086    2.620      
   5.975  0.088    6.390      
   6.141  0.137   15.370      
   6.205  0.152   18.570      
   6.483  0.060   26.240      
   6.856  0.200   28.450      
   7.397  0.128   38.980      
   7.421 -0.013   43.520      

 Calculation of average velocity starts at layer #           1
 z = -5.00 ... -1.45    v = 5.01    AVEL = 5.01 downto z =  -1.45
 z = -1.45 ...  2.62    v = 5.36    AVEL = 5.20 downto z =   2.62
 z =  2.62 ...  6.39    v = 5.89    AVEL = 5.43 downto z =   6.39
 z =  6.39 ... 15.37    v = 5.98    AVEL = 5.67 downto z =  15.37
 z = 15.37 ... 18.57    v = 6.14    AVEL = 5.73 downto z =  18.57
 z = 18.57 ... 26.24    v = 6.20    AVEL = 5.85 downto z =  26.24
 z = 26.24 ... 28.45    v = 6.48    AVEL = 5.89 downto z =  28.45
 z = 28.45 ... 38.98    v = 6.86    AVEL = 6.12 downto z =  38.98
 z = 38.98 ... 43.52    v = 7.40    AVEL = 6.24 downto z =  43.52


 Calculation of average velocity starts at layer #           2
 z = -1.45 ...  2.62    v = 5.36    AVEL = 5.36 downto z =   2.62
 z =  2.62 ...  6.39    v = 5.89    AVEL = 5.62 downto z =   6.39
 z =  6.39 ... 15.37    v = 5.98    AVEL = 5.81 downto z =  15.37
 z = 15.37 ... 18.57    v = 6.14    AVEL = 5.86 downto z =  18.57
 z = 18.57 ... 26.24    v = 6.20    AVEL = 5.96 downto z =  26.24
 z = 26.24 ... 28.45    v = 6.48    AVEL = 6.00 downto z =  28.45
 z = 28.45 ... 38.98    v = 6.86    AVEL = 6.22 downto z =  38.98
 z = 38.98 ... 43.52    v = 7.40    AVEL = 6.34 downto z =  43.52



 Adjusted station corrections:
   stn  ptcor  dpcor  
  624   0.000  0.000  628  -0.193 -0.084  630  -0.128 -0.054  627   0.041  0.017
  621   0.076  0.031  629   0.094  0.044  622   0.057  0.026  620  -0.042 -0.015
  623   0.182  0.079  626   0.125  0.055  625   0.103  0.049  631   0.207  0.081
  632  -0.105 -0.043

 ~~~ another iteration? ...
 NITT = ITTMAX  --> stop iterations.
 ~~~ final solution reached ...

 ~~~ damp G & Chol.-Decomp.: NOT made (switch iresolcalc is NOT set !)

 Final rms values:  0.20 0.20 0.35 0.32 0.13 0.13 0.26 0.32 0.05 1.04
                    1.32 0.30 0.27 0.25 0.33 0.36 0.20 0.22 0.15 0.22
                    0.15 0.19 0.22 0.35 0.13 0.07 0.17 0.20 0.23 0.30
                    0.25 0.12 0.18 0.07 0.25 0.23 0.06 0.24 0.10 0.11
                    0.16 0.06 0.28 0.08 0.22 0.10 0.26 0.17 0.12 0.18
                    0.27 0.33 0.27 0.24 0.07 0.26 0.33 0.31 0.42 0.45
                    0.45 0.39 0.11 0.48 0.09 0.34 0.10 0.32 0.00 0.25
                    0.57 1.07 0.27 0.30 0.95 0.00 0.24 0.24 0.40 0.32
                    0.44 0.27 0.09 0.08 0.23 0.12 0.14 0.17 0.27 0.24
                    0.30



 ~~~ output final hypocenters ...

      date    origin   latitude longitude  depth  mag  no  rms      x      y      z
   1 160818 1613  9.00 73.0041N 124.8532E  24.11 1.40   6 0.195   38.50 112.05  24.11
   2 160818 1613  9.18 72.9933N 124.8685E  23.79 1.10   6 0.200   38.00 110.84  23.79
   3 160819 0959 27.05 71.9325N 129.7906E  13.93 4.00  12 0.345 -131.03  -7.54  13.93
   4 160820 1506 15.43 71.9478N 129.8113E  10.16 1.50   9 0.317 -131.69  -5.83  10.16
   5 160820 1904 45.61 72.3439N 127.1721E  24.07 1.20   6 0.133  -40.07  38.37  24.07
   6 160822 1318 49.42 72.3628N 127.0599E  17.58 0.60   8 0.127  -36.21  40.48  17.58
   7 160823 0652 13.73 70.9267N 129.7880E   6.77 2.90   6 0.264 -134.45-119.76   6.77
   8 160824 1510 30.30 71.6257N 130.0367E   7.57 1.50   9 0.324 -140.68 -41.77   7.57
   9 160906 1514 39.62 72.5027N 125.6862E  11.75 0.90   6 0.055   10.68  56.09  11.75
  10 160920 1607 17.94 69.2384N 128.4068E  16.24 2.60   2 1.038  -89.17-308.15  16.24
  11 160925 1911  4.99 69.2247N 127.7512E  15.66 2.30   2 1.317  -64.90-309.68  15.66
  12 161004 0841 51.16 72.8445N 124.9664E  16.87 0.20   6 0.302   34.85  94.23  16.87
  13 161005 1619 46.79 72.8788N 125.0016E  20.17 1.00   9 0.265   33.63  98.06  20.17
  14 161006 0156 55.74 72.8713N 125.0053E  15.38 1.00   7 0.245   33.52  97.22  15.38
  15 161009 0036 44.56 72.8744N 124.9855E  18.91 1.30   8 0.327   34.18  97.57  18.91
  16 161009 0036 44.70 72.8659N 124.9765E  19.29 1.20   7 0.355   34.49  96.62  19.29
  17 161012 0800 21.98 72.7387N 126.0264E  19.04 0.80   7 0.199   -0.89  82.42  19.04
  18 161015 1013 36.42 72.0411N 126.9688E  11.51 0.70   7 0.219  -33.39   4.59  11.51
  19 161021 0507 33.31 72.5707N 124.7896E   9.83 0.80   6 0.148   41.12  63.68   9.83
  20 161124 2250 45.83 72.7634N 124.8908E  16.25 3.10   4 0.215   37.49  85.18  16.25
  21 161125 0156 34.09 72.7384N 124.9310E  13.06 0.60   7 0.154   36.15  82.39  13.06
  22 161125 0517 25.84 72.7626N 124.9575E  13.37 1.60   6 0.191   35.23  85.09  13.37
  23 161125 0525 15.88 72.7702N 124.9644E  11.22 0.80   6 0.218   34.99  85.94  11.22
  24 161125 0556  1.84 72.7444N 124.9678E   5.21 0.20   6 0.353   34.90  83.06   5.21
  25 170117 0846 48.67 72.2058N 127.3261E  22.91 0.30   6 0.127  -45.50  22.97  22.91
  26 170122 1614 27.57 71.9610N 128.0190E  10.42 0.90   6 0.072  -69.74  -4.36  10.42
  27 170125 2244  0.13 72.4357N 126.0094E  13.36 0.80   6 0.167   -0.32  48.62  13.36
  28 170302 1359 59.05 72.6834N 124.8825E  11.36 0.50   7 0.198   37.85  76.25  11.36
  29 170302 2335 20.05 71.8892N 130.3048E  15.06 2.10   9 0.231 -148.97 -12.37  15.06
  30 170304 2135  2.91 72.6839N 124.9357E  13.12 1.30   7 0.296   36.05  76.31  13.12
  31 170307 0447 20.95 72.6910N 124.9450E  13.79 1.70  10 0.250   35.73  77.11  13.79
  32 170307 2016 50.77 72.6861N 124.9201E  14.98 1.10   6 0.118   36.57  76.56  14.98
  33 170309 1454  0.79 72.6784N 124.9031E  15.90 0.30   6 0.176   37.16  75.70  15.90
  34 170311 0430 55.42 72.3109N 126.4775E  24.65 0.30   6 0.069  -16.34  34.69  24.65
  35 170312 0416 39.35 71.9238N 128.0436E   3.00 2.10   6 0.249  -70.65  -8.50   3.00
  36 170313 0553 59.09 72.6944N 124.9274E  15.03 1.00   9 0.230   36.32  77.48  15.03
  37 170313 0809  5.58 72.4453N 125.0880E  14.02 1.20   7 0.058   31.09  49.68  14.02
  38 170315 0234 46.41 72.6524N 123.8514E  17.31 1.40   7 0.239   72.84  72.80  17.31
  39 170317 1007 13.96 72.2311N 125.9704E   3.24 0.50   7 0.102    1.02  25.79   3.24
  40 170320 0711 14.50 72.1233N 127.2143E  16.52 0.90   6 0.107  -41.76  13.75  16.52
  41 170320 0853 56.41 72.7013N 124.9691E   4.98 0.40   6 0.164   34.90  78.26   4.98
  42 170320 1900 34.30 72.4127N 126.1035E  17.78 0.60   7 0.056   -3.53  46.05  17.78
  43 170323 0519 24.66 71.6448N 129.1568E   6.17 1.20   6 0.276 -109.96 -39.64   6.17
  44 170323 1612 49.63 72.4475N 125.1138E   7.86 0.50   6 0.076   30.21  49.94   7.86
  45 170323 1906 41.11 72.4146N 130.2593E  20.43 1.00   6 0.223 -145.33  46.26  20.43
  46 170326 0836 34.06 71.9885N 127.6549E  16.47 1.50   7 0.095  -57.12  -1.28  16.47
  47 170402 0422  1.07 72.7169N 125.6785E  21.91 1.20  10 0.262   10.88  79.99  21.91
  48 170402 0636 37.27 72.7292N 125.6755E  23.78 0.70   6 0.166   10.98  81.37  23.78
  49 170404 2347 35.66 72.7552N 124.3980E  22.74 0.50   6 0.120   54.15  84.27  22.74
  50 170405 0307 36.05 71.6799N 128.9256E  14.84 1.00  10 0.180 -101.81 -35.72  14.84
  51 170405 1410 53.12 71.5125N 128.8643E   8.49 1.70  10 0.268 -100.12 -54.40   8.49
  52 170406 0838 43.03 72.3983N 129.3893E  14.46 0.90  10 0.328 -115.69  44.45  14.46
  53 170406 1728  1.06 72.7215N 125.6865E  21.11 0.90  10 0.272   10.61  80.51  21.11
  54 170407 1729  1.58 74.8903N 128.6339E  15.79 1.80   2 0.242  -83.80 322.51  15.79
  55 170407 1729  2.10 74.7264N 128.7961E   0.58 1.60   5 0.075  -89.39 304.22   0.58
  56 170408 1004 44.87 72.5991N 124.9494E  14.23 1.40  13 0.261   35.67  66.85  14.23
  57 170409 0856 46.84 73.3984N 128.5558E  16.80 2.50   6 0.332  -84.87 156.04  16.80
  58 170409 0902 45.43 73.3630N 128.4002E  16.10 1.10   7 0.311  -79.78 152.09  16.10
  59 170410 1520  8.73 72.0024N 128.3722E   3.49 1.00  10 0.423  -81.85   0.26   3.49
  60 170410 1813  3.62 70.9478N 129.0625E   1.47 2.20  13 0.454 -108.64-117.41   1.47
  61 170412 1507  0.60 71.5091N 129.7540E   2.11 0.70   6 0.449 -131.23 -54.78   2.11
  62 170413 0651 20.10 73.3568N 125.4016E  14.55 1.00  10 0.388   19.89 151.40  14.55
  63 170414 0459 18.77 72.2630N 127.3659E  21.02 0.50   7 0.115  -46.80  29.34  21.02
  64 170414 0540  4.34 73.6823N 130.8584E   8.13 1.80  11 0.482 -160.05 187.72   8.13
  65 170414 1656 23.40 72.1789N 127.3790E  16.04 0.20   6 0.090  -47.35  19.96  16.04
  66 170414 1753 32.75 72.3956N 130.4742E  20.08 0.70   6 0.342 -152.74  44.14  20.08
  67 170416 0523 41.92 71.9489N 127.0599E  18.39 1.60  13 0.099  -36.62  -5.71  18.39
  68 170416 1220 13.93 72.9604N 124.4745E  21.21 1.00  11 0.317   51.28 107.16  21.21
 WARNING: Event-# :          69 has zero observations!
  69 170416 1257 48.30 68.8710N 131.7500E  73.50 2.20   0 0.000 -214.97-349.14  73.50
  70 170416 1821  5.40 72.8679N 124.9934E  19.80 1.30  13 0.250   33.92  96.85  19.80
  71 170418 0606  4.47 72.5043N 125.8162E   3.80 0.20   6 0.570    6.26  56.27   3.80
  72 170418 1005 54.88 69.3328N 122.4140E  96.94 2.20   1 1.071  132.55-297.62  96.94
  73 170418 1500 12.83 72.7311N 124.4928E  23.61 1.30  12 0.273   50.98  81.58  23.61
  74 170420 1302 36.11 72.6337N 129.0139E  23.43 0.90  11 0.303 -102.22  70.71  23.43
  75 170420 2248 46.48 72.0388N 129.1729E   0.11 0.70  11 0.947 -109.36   4.33   0.11
 WARNING: Event-# :          76 has zero observations!
  76 170423 0850 54.60 74.7080N 132.7900E   0.10 1.90   0 0.000 -217.19 302.17   0.10
  77 170423 1455 44.04 72.8395N 124.4905E  17.06 0.60   8 0.238   50.91  93.67  17.06
  78 170423 2313 41.79 72.5864N 124.8670E  21.69 1.30  12 0.238   38.48  65.44  21.69
  79 170424 0609 58.94 71.9554N 127.9858E   2.24 1.10  12 0.396  -68.60  -4.98   2.24
  80 170424 0755 27.01 71.9396N 127.9956E   1.84 1.00  12 0.317  -68.97  -6.74   1.84
  81 170424 0755 27.05 71.9521N 128.0017E   0.32 1.00  12 0.442  -69.15  -5.34   0.32
  82 170425 0652 23.61 71.9556N 127.9952E   2.52 1.20   9 0.269  -68.92  -4.95   2.52
  83 170426 0051 23.20 71.9426N 128.0395E   6.69 0.70   6 0.089  -70.48  -6.41   6.69
  84 170426 1425 21.24 72.0698N 127.2356E  21.12 0.10   6 0.076  -42.55   7.79  21.12
  85 170426 1834 24.29 71.5870N 130.8110E  10.56 1.20   8 0.225 -167.83 -46.08  10.56
  86 170426 1840 44.04 72.2642N 126.3465E  18.32 1.30   8 0.123  -11.87  29.48  18.32
  87 170427 0912 28.89 72.0559N 127.7760E   3.01 0.90   8 0.142  -61.19   6.24   3.01
  88 170427 1041 38.07 71.7449N 128.9635E   8.32 0.70   7 0.168 -102.95 -28.47   8.32
  89 170427 2010 47.68 72.8083N 130.2256E  23.11 1.30   8 0.268 -142.63  90.19  23.11
  90 170427 2010 48.14 72.7997N 130.1619E  23.02 1.30   8 0.237 -140.51  89.23  23.02
  91 170427 2342 33.88 72.7631N 124.9860E  20.74 0.80   6 0.297   34.27  85.15  20.74

 ~~~ output final station residuals ...
 TURBO-option is set; residuals are NOT printed for each event!



   station statistics, remember nsp was set to: 1


 sta phase nobs avres  avwres    std    wsum    delay

 624    P  74 -0.3015 -0.3015  0.3414  74.0000  0.0000
 628    P  69 -0.3628 -0.3628  0.3053  69.0000 -0.1927
 630    P  53 -0.3622 -0.3622  0.3522  53.0000 -0.1281
 627    P  46 -0.2768 -0.2768  0.2514  46.0000  0.0407
 621    P  59 -0.3398 -0.3398  0.2688  59.0000  0.0757
 629    P  43 -0.2923 -0.2923  0.2869  43.0000  0.0936
 622    P  58 -0.2698 -0.2698  0.3199  58.0000  0.0571
 620    P  48 -0.2216 -0.2216  0.3234  48.0000 -0.0419
 623    P  55 -0.2092 -0.2092  0.3745  55.0000  0.1819
 626    P  52 -0.3304 -0.3304  0.4297  52.0000  0.1254
 625    P  49 -0.2828 -0.2828  0.2909  49.0000  0.1029
 631    P  49 -0.4017 -0.4017  0.3042  49.0000  0.2067
 632    P  24 -0.4039 -0.4039  0.4056  24.0000 -0.1052


 ~~~ output statistics ...




 RAY-STATISTICS FOR  L A S T  ITERATION
 --------------------------------------

 NHYP : nr of hypocenters in this layer
 NREF : nr of headwaves in this layer
 %len : % of "refracted km" in this layer 
        with respect to all refracted kilometers
 NHIT : nr of rays passed thru this layer
 xy-km: average horizontal ray length [km] in layer
 z-km : average  vertical  ray length [km] in layer
 RFLX : number of reflections at bottom of this layer

 nlay   top ..... bottom     velocity   NHYP NREF %len  NHIT xy-km  z-km  RFLX

   1    -5.00... -1.45 km    5.01 km/s    0    0   0.0     0   0.0   0.0     0
   2    -1.45...  2.62 km    5.36 km/s    9    0   0.0  1434   4.3   2.7     0
   3     2.62...  6.39 km    5.89 km/s    8   42  11.9   724  14.5   3.4     0
   4     6.39... 15.37 km    5.98 km/s   29   37  13.6   696  26.0   6.9     0
   5    15.37... 18.57 km    6.14 km/s   18   43  12.2   501  12.8   2.6     0
   6    18.57... 26.24 km    6.20 km/s   25    5   1.0   431  14.1   5.7     0
   7    26.24... 28.45 km    6.48 km/s    0    0   0.0   291   5.5   2.2     0
   8    28.45... 38.98 km    6.86 km/s    0   92  33.0   199  45.8   5.7     0
   9    38.98... 43.52 km    7.40 km/s    0   53  28.4    54 101.3   0.1     0
  10    43.52...       km    7.42 km/s    2    0   0.0     0   0.0   0.0

 Total nr of events was   91

 Total nr of refracted rays =   272
 Total nr of reflected rays =     0
 Total nr of   other   rays =   407
                              ------
 Total nr of    all    rays =   679

 Average (absolute) error of the raytracers:
  Straight and direct rays :  234.03 meters
  Refracted           rays :    0.01 meters
  Reflected           rays :    0.00 meters


 ALL RAYS TOGETHER:
 Average horizontal ray length =   89.8 km   (Hypocenter --> Station) 
 Average  vertical  ray length =   17.8 km   (Deepest ray-point --> Station)



 ... and some more STATISTICS 
 ---------------------------- 
  GAP of final epicenters:

  Event# -> GAP  Event# -> GAP  Event# -> GAP  Event# -> GAP  Event# -> GAP
       1 -> 295       2 -> 294       3 -> 271       4 -> 275       5 -> 307
       6 ->  99       7 -> 321       8 -> 305       9 -> 167      10 -> 347
      11 -> 347      12 -> 258      13 -> 264      14 -> 262      15 -> 263
      16 -> 264      17 -> 253      18 -> 241      19 -> 159      20 -> 302
      21 -> 231      22 -> 238      23 -> 240      24 -> 232      25 -> 128
      26 -> 103      27 -> 151      28 -> 212      29 -> 305      30 -> 211
      31 -> 214      32 -> 212      33 -> 210      34 -> 132      35 -> 238
      36 -> 215      37 -> 131      38 -> 310      39 -> 119      40 -> 209
      41 -> 218      42 -> 122      43 -> 231      44 -> 133      45 -> 309
      46 -> 125      47 -> 223      48 -> 226      49 -> 286      50 -> 192
      51 -> 289      52 -> 271      53 -> 224      54 -> 354      55 -> 347
      56 -> 179      57 -> 310      58 -> 317      59 -> 164      60 -> 309
      61 -> 302      62 -> 306      63 -> 148      64 -> 322      65 -> 127
      66 -> 293      67 ->  87      68 -> 296      69 -> 172      70 -> 262
      71 -> 172      72 ->   0      73 -> 261      74 -> 299      75 -> 243
      76 ->  60      77 -> 284      78 -> 170      79 -> 162      80 -> 167
      81 -> 165      82 -> 164      83 -> 235      84 -> 118      85 -> 315
      86 ->  94      87 -> 112      88 -> 268      89 -> 318      90 -> 317
      91 -> 294

 GAPs were between   0 and 354
      (average GAP was 227)



  MAGNITUDES of INPUT-DATA:

 Magnitude (# of events)   ***average number of obs***

 MAG<= 1.0 ( 47) *******
 MAG = 1.1 (  4) ********
 MAG = 1.2 (  7) ********
 MAG = 1.3 (  8) *********1
 MAG = 1.4 (  3) *********
 MAG = 1.5 (  3) ********
 MAG = 1.6 (  3) ********
 MAG = 1.7 (  2) *********1
 MAG = 1.8 (  2) *******
 MAG = 1.9 (  1)  
 MAG = 2.0 (  0)  
 MAG = 2.1 (  2) ********
 MAG = 2.2 (  3) *****
 MAG = 2.3 (  1) **
 MAG = 2.4 (  0)  
 MAG = 2.5 (  1) ******
 MAG = 2.6 (  1) **
 MAG = 2.7 (  0)  
 MAG = 2.8 (  0)  
 MAG = 2.9 (  1) ******
 MAG = 3.0 (  0)  
 MAG = 3.1 (  1) ****
 MAG = 3.2 (  0)  
 MAG = 3.3 (  0)  
 MAG = 3.4 (  0)  
 MAG = 3.5 (  0)  
 MAG = 3.6 (  0)  
 MAG = 3.7 (  0)  
 MAG = 3.8 (  0)  
 MAG = 3.9 (  0)  
 MAG = 4.0 (  1) *********1**
 MAG = 4.1 (  0)  
 MAG = 4.2 (  0)  
 MAG = 4.3 (  0)  
 MAG = 4.4 (  0)  
 MAG = 4.5 (  0)  
 MAG = 4.6 (  0)  
 MAG = 4.7 (  0)  
 MAG = 4.8 (  0)  
 MAG = 4.9 (  0)  
 MAG = 5.0 (  0)  
 MAG = 5.1 (  0)  
 MAG = 5.2 (  0)  
 MAG = 5.3 (  0)  
 MAG = 5.4 (  0)  
 MAG = 5.5 (  0)  
 MAG = 5.6 (  0)  
 MAG = 5.7 (  0)  
 MAG = 5.8 (  0)  
 MAG = 5.9 (  0)  
 MAG>= 6.0 (  0)  





  DEPTHs of INPUT-DATA and of LAST ITERATION:
  ===========================================

       Depth       # of events  

 DEPTH ( input ) =  -4. km :   
 DEPTH (last_IT) =  -4. km :   
 DEPTH ( input ) =  -3. km :   
 DEPTH (last_IT) =  -3. km :   
 DEPTH ( input ) =  -2. km :   
 DEPTH (last_IT) =  -2. km :   
 DEPTH ( input ) =  -1. km :   
 DEPTH (last_IT) =  -1. km :   
 DEPTH ( input ) =   0. km :  ........
 DEPTH (last_IT) =   0. km :  ***
 DEPTH ( input ) =   1. km :  .
 DEPTH (last_IT) =   1. km :  **
 DEPTH ( input ) =   2. km :   
 DEPTH (last_IT) =   2. km :  ***
 DEPTH ( input ) =   3. km :  ...
 DEPTH (last_IT) =   3. km :  *****
 DEPTH ( input ) =   4. km :  ..
 DEPTH (last_IT) =   4. km :  *
 DEPTH ( input ) =   5. km :  ..
 DEPTH (last_IT) =   5. km :  **
 DEPTH ( input ) =   6. km :  ..
 DEPTH (last_IT) =   6. km :  *
 DEPTH ( input ) =   7. km :  .
 DEPTH (last_IT) =   7. km :  **
 DEPTH ( input ) =   8. km :  ...
 DEPTH (last_IT) =   8. km :  *****
 DEPTH ( input ) =   9. km :  ..
 DEPTH (last_IT) =   9. km :   
 DEPTH ( input ) =  10. km :  ..
 DEPTH (last_IT) =  10. km :  ***
 DEPTH ( input ) =  11. km :  ...
 DEPTH (last_IT) =  11. km :  ***
 DEPTH ( input ) =  12. km :  ....
 DEPTH (last_IT) =  12. km :  **
 DEPTH ( input ) =  13. km :  ..
 DEPTH (last_IT) =  13. km :  ****
 DEPTH ( input ) =  14. km :  ...
 DEPTH (last_IT) =  14. km :  *****
 DEPTH ( input ) =  15. km :  ........
 DEPTH (last_IT) =  15. km :  ******
 DEPTH ( input ) =  16. km :  .........1.
 DEPTH (last_IT) =  16. km :  ********
 DEPTH ( input ) =  17. km :  .....
 DEPTH (last_IT) =  17. km :  *****
 DEPTH ( input ) =  18. km :  ....
 DEPTH (last_IT) =  18. km :  ****
 DEPTH ( input ) =  19. km :  .....
 DEPTH (last_IT) =  19. km :  ***
 DEPTH ( input ) =  20. km :  .....
 DEPTH (last_IT) =  20. km :  ****
 DEPTH ( input ) =  21. km :  ..
 DEPTH (last_IT) =  21. km :  *****
 DEPTH ( input ) =  22. km :  ....
 DEPTH (last_IT) =  22. km :  **
 DEPTH ( input ) =  23. km :  ....
 DEPTH (last_IT) =  23. km :  *****
 DEPTH ( input ) =  24. km :  ..
 DEPTH (last_IT) =  24. km :  *****
 DEPTH ( input ) =  25. km :  .
 DEPTH (last_IT) =  25. km :  *
 DEPTH ( input ) =  26. km :   
 DEPTH (last_IT) =  26. km :   
 DEPTH ( input ) =  27. km :   
 DEPTH (last_IT) =  27. km :   
 DEPTH ( input ) =  28. km :   
 DEPTH (last_IT) =  28. km :   
 DEPTH ( input ) =  29. km :   
 DEPTH (last_IT) =  29. km :   
 DEPTH ( input ) =  30. km :   
 DEPTH (last_IT) =  30. km :   
 DEPTH ( input ) =  31. km :   
 DEPTH (last_IT) =  31. km :   
 DEPTH ( input ) =  32. km :   
 DEPTH (last_IT) =  32. km :   
 DEPTH ( input ) =  33. km :   
 DEPTH (last_IT) =  33. km :   
 DEPTH ( input ) =  34. km :   
 DEPTH (last_IT) =  34. km :   
 DEPTH ( input ) =  35. km :   
 DEPTH (last_IT) =  35. km :   
 DEPTH ( input ) =  36. km :   
 DEPTH (last_IT) =  36. km :   
 DEPTH ( input ) =  37. km :   
 DEPTH (last_IT) =  37. km :   
 DEPTH ( input ) =  38. km :   
 DEPTH (last_IT) =  38. km :   
 DEPTH ( input ) =  39. km :   
 DEPTH (last_IT) =  39. km :   
 DEPTH ( input ) =  40. km :   
 DEPTH (last_IT) =  40. km :   
 DEPTH ( input ) =  41. km :   
 DEPTH (last_IT) =  41. km :   
 DEPTH ( input ) =  42. km :   
 DEPTH (last_IT) =  42. km :   
 DEPTH ( input ) =  43. km :   
 DEPTH (last_IT) =  43. km :   
 DEPTH ( input ) =  44. km :   
 DEPTH (last_IT) =  44. km :   
 DEPTH ( input ) =  45. km :   
 DEPTH (last_IT) =  45. km :   
 DEPTH ( input ) =  46. km :   
 DEPTH (last_IT) =  46. km :   
 DEPTH ( input ) =  47. km :   
 DEPTH (last_IT) =  47. km :   
 DEPTH ( input ) =  48. km :   
 DEPTH (last_IT) =  48. km :   
 DEPTH ( input ) =  49. km :   
 DEPTH (last_IT) =  49. km :   
 DEPTH ( input ) =  50. km :   
 DEPTH (last_IT) =  50. km :   
 DEPTH ( input ) =  51. km :   
 DEPTH (last_IT) =  51. km :   
 DEPTH ( input ) =  52. km :   
 DEPTH (last_IT) =  52. km :   
 DEPTH ( input ) =  53. km :   
 DEPTH (last_IT) =  53. km :   
 DEPTH ( input ) =  54. km :   
 DEPTH (last_IT) =  54. km :   
 DEPTH ( input ) =  55. km :   
 DEPTH (last_IT) =  55. km :   
 DEPTH ( input ) =  56. km :   
 DEPTH (last_IT) =  56. km :   
 DEPTH ( input ) =  57. km :   
 DEPTH (last_IT) =  57. km :   
 DEPTH ( input ) =  58. km :   
 DEPTH (last_IT) =  58. km :   
 DEPTH ( input ) =  59. km :   
 DEPTH (last_IT) =  59. km :   
 DEPTH ( input ) =  60. km :   
 DEPTH (last_IT) =  60. km :   
 DEPTH ( input ) =  61. km :   
 DEPTH (last_IT) =  61. km :   
 DEPTH ( input ) =  62. km :   
 DEPTH (last_IT) =  62. km :   
 DEPTH ( input ) =  63. km :   
 DEPTH (last_IT) =  63. km :   
 DEPTH ( input ) =  64. km :   
 DEPTH (last_IT) =  64. km :   
 DEPTH ( input ) =  65. km :   
 DEPTH (last_IT) =  65. km :   
 DEPTH ( input ) =  66. km :   
 DEPTH (last_IT) =  66. km :   
 DEPTH ( input ) =  67. km :   
 DEPTH (last_IT) =  67. km :   
 DEPTH ( input ) =  68. km :   
 DEPTH (last_IT) =  68. km :   
 DEPTH ( input ) =  69. km :   
 DEPTH (last_IT) =  69. km :   
 DEPTH ( input ) =  70. km :   
 DEPTH (last_IT) =  70. km :   
 DEPTH ( input ) =  71. km :   
 DEPTH (last_IT) =  71. km :   
 DEPTH ( input ) =  72. km :   
 DEPTH (last_IT) =  72. km :   
 DEPTH ( input ) =  73. km :   
 DEPTH (last_IT) =  73. km :   
 DEPTH ( input ) =  74. km :  .
 DEPTH (last_IT) =  74. km :  *
 DEPTH ( input ) =  75. km :   
 DEPTH (last_IT) =  75. km :   
 DEPTH ( input ) =  76. km :   
 DEPTH (last_IT) =  76. km :   
 DEPTH ( input ) =  77. km :   
 DEPTH (last_IT) =  77. km :   
 DEPTH ( input ) =  78. km :   
 DEPTH (last_IT) =  78. km :   
 DEPTH ( input ) =  79. km :   
 DEPTH (last_IT) =  79. km :   
 DEPTH ( input ) =  80. km :   
 DEPTH (last_IT) =  80. km :   
 DEPTH ( input ) =  81. km :   
 DEPTH (last_IT) =  81. km :   
 DEPTH ( input ) =  82. km :   
 DEPTH (last_IT) =  82. km :   
 DEPTH ( input ) =  83. km :   
 DEPTH (last_IT) =  83. km :   
 DEPTH ( input ) =  84. km :   
 DEPTH (last_IT) =  84. km :   
 DEPTH ( input ) =  85. km :   
 DEPTH (last_IT) =  85. km :   
 DEPTH ( input ) =  86. km :   
 DEPTH (last_IT) =  86. km :   
 DEPTH ( input ) =  87. km :   
 DEPTH (last_IT) =  87. km :   
 DEPTH ( input ) =  88. km :   
 DEPTH (last_IT) =  88. km :   
 DEPTH ( input ) =  89. km :   
 DEPTH (last_IT) =  89. km :   
 DEPTH ( input ) =  90. km :   
 DEPTH (last_IT) =  90. km :   
 DEPTH ( input ) =  91. km :   
 DEPTH (last_IT) =  91. km :   
 DEPTH ( input ) =  92. km :   
 DEPTH (last_IT) =  92. km :   
 DEPTH ( input ) =  93. km :   
 DEPTH (last_IT) =  93. km :   
 DEPTH ( input ) =  94. km :   
 DEPTH (last_IT) =  94. km :   
 DEPTH ( input ) =  95. km :   
 DEPTH (last_IT) =  95. km :   
 DEPTH ( input ) =  96. km :   
 DEPTH (last_IT) =  96. km :   
 DEPTH ( input ) =  97. km :  .
 DEPTH (last_IT) =  97. km :  *
 DEPTH ( input ) =  98. km :   
 DEPTH (last_IT) =  98. km :   
 DEPTH ( input ) =  99. km :   
 DEPTH (last_IT) =  99. km :   
 DEPTH ( input ) = 100. km :   
 DEPTH (last_IT) = 100. km :   
 DEPTH ( input ) > 100. km :   
 DEPTH (last_IT) > 100. km :   


 Residuals of the stations according to the azimuth:
 (RES  = total average residual at station)
 (RES1 = average residual of rays from 1st quadrant)
 (RES2 = average residual of rays from 2nd quadrant)
 (RES3 = average residual of rays from 3rd quadrant)
 (RES4 = average residual of rays from 4th quadrant)

 Stn#  Stn     RES          RES1         RES2         RES3         RES4
   1   624    -0.30(  74)  -0.13(  33)  -0.06(   5)  -0.38(  29)  -0.94(   7)
   2   628    -0.36(  69)  -0.39(  32)  -0.14(   5)  -0.38(  25)  -0.32(   7)
   3   630    -0.36(  53)  -0.55(  25)  -0.01(  11)  -0.36(  10)  -0.25(   7)
   4   627    -0.28(  46)  -0.34(  12)  -0.04(   1)  -0.29(  21)  -0.21(  12)
   5   621    -0.34(  59)  -0.13(   7)   0.00(   0)  -0.42(  18)  -0.34(  34)
   6   629    -0.29(  43)  -0.29(  15)   0.00(   0)  -0.36(   8)  -0.27(  20)
   7   622    -0.27(  58)  -0.13(  27)   0.00(   0)  -0.36(  20)  -0.45(  11)
   8   620    -0.22(  48)   0.00(   0)  -0.03(   1)  -0.31(  18)  -0.17(  29)
   9   623    -0.21(  55)  -0.16(  30)   0.00(   0)  -0.15(  17)  -0.52(   8)
  10   626    -0.33(  52)  -0.40(  24)   0.00(   0)  -0.47(   5)  -0.23(  23)
  11   625    -0.28(  49)  -0.15(  15)   0.00(   0)  -0.39(  23)  -0.25(  11)
  12   631    -0.40(  49)  -0.61(  18)  -1.03(   1)  -0.07(   4)  -0.29(  26)
  13   632    -0.40(  24)  -0.38(  12)  -1.51(   2)  -0.26(   3)  -0.20(   7)



 CPU - statistics:

 TOTAL CPU-sec          =    0.3     (CPU-minutes:  0.005)

 >>>   End of program VELEST at 25-06-02 12:53       <<< [ CPU-sec :     0.3]
