 >>> Start of program VELEST at 25-06-02 12:53       <<<                        

 ::::::::::::::::::::::::::::::::::::::                                         
  V E L E S T  - Version : January 3, 1995                                      
  (Authors: see source code)                                                    
 ::::::::::::::::::::::::::::::::::::::                                         


 Title of this VELEST run:

 model_2
 -------


 Current array-dimensions of program VELEST:

 Max. number of EARTHQUAKES for simult. inversion IEQ = ***
 Max. number of SHOTS for simult. inversion    INSHOT =  50
 Max. number of (different) 1D-MODELS      ITOTMODELS =   2
 Max. number of LAYERS per one 1D-model        INLTOT = 100
 Max. number of STATIONS in stationlist           IST = 650
 Max. number of OBSERVATIONS per event MAXOBSPEREVENT = 180






    INPUT - P A R A M E T E R S :



***
***  olat       olon   icoordsystem      zshift   itrial ztrial    ised
  72.000000-126.000000      0            0.000       0     0.00      0
***
*** neqs   nshot    rotate
     91      0      0.0
***
*** isingle   iresolcalc
       0          0
***
*** dmax    itopo    zmin     veladj    zadj   lowveloclay
   300.00     0      0.01       0.20    5.00       0
***
*** nsp    swtfac   vpvs       nmod
     1      1.00    1.730        1
***
***   othet   xythet    zthet    vthet   stathet
       0.01     0.01     0.01     1.00     0.01
***
*** nsinv   nshcor   nshfix     iuseelev    iusestacorr
       1       0       0           1            1
***
*** iturbo    icnvout   istaout   ismpout
       1         1         1         0
***
*** irayout   idrvout   ialeout   idspout   irflout   irfrout   iresout
       0         0         0         0         0         0         0
***
*** delmin   ittmax   invertratio
    0.010       3          1
***
*** Modelfile:
tmp/model_2/synthvel/model_398.mod
***
*** Stationfile:
./velinp/station.sta
***
*** Seismofile:
 
***
*** File with region names:
 
***
*** File with region coordinates:
 
***
*** File #1 with topo data:
 
***
*** File #2 with topo data:
 
***
*** DATA INPUT files:
***
*** File with Earthquake data:
./velinp/data.cnv
***
*** File with Shot data:
 
***
*** OUTPUT files:
***
*** Main print output file:
./velout/model_2/velest398.out
***
*** File with single event locations:
velout.vel
***
*** File with final hypocenters in *.cnv format:
./velout/model_2/final_loc398.cnv
***
*** File with new station corrections:
./velout/model_2/stations_corr398.sta
***
*** File with summary cards (e.g. for plotting):
velout.smp
***
*** File with raypoints:
velout.ray
***
*** File with derivatives:
velout.drv
***
*** File with ALEs:
velout.ale
***
*** File with Dirichlet spreads:
velout.dspr
***
*** File with reflection points:
velout.rfl
***
*** File with refraction points:
velout.rfr
***
*** File with residuals:
velout.res
***




 Origin of cartesian coordinates:
        72.00000N   126.00000E

  X,Y-AXES rotated clockwise from North
           Rotation angle (rotate):
            rotate=    0.0 degr.

 icoordsystem =            0
 normal SHORT DISTANCE CONVERSION will be made
 x is positive towards west, y is positive towards north


 SHORT DISTANCE CONVERSION on ELLIPSOIDE of WORLD GEODETIC SYSTEM 1972 (WGS72)
 =============================================================================

 Radius at equator (REARTH)= 6378.13500  km
   1. / (ellipticity)      =    298.260

 Origin of cartesian coordinates [degrees]:
   72.0000000 N     -126.0000000 W

  Rotation angle (in degr.) clockwise from
North  rotate=    0.0

 Radius of sphere at OLAT =   6358.817 km

 Conversion of GEOGRAPHICAL LATITUDE to GEOCENTRICAL LATITUDE:
 RLATC = TAN(GEOCENTR.LAT) / TAN(GEOGRAPH.LAT)
 RLATC =   0.99333486

          Short distance conversions:
          one min lat ~  1.8597 km 
          one min lon ~  0.5751 km 







    INPUT - M O D E L :



 Model(s) read from file :
 tmp/model_2/synthvel/model_398.mod                                              

 model file title: 
Model: model_398.mod                    
 Velocity structure for model   1 :

 layer    vel   depth   vdamp  reflector
   1      5.27  -5.00    1.00         P-VELOCITY MODEL                  
   2      5.63  -2.91    1.00  
 WARNING:
 Only top of the first layer can be negative !!
   3      5.92   2.86    1.00  
   4      6.49  10.63    1.00  
   5      6.75  12.37    1.00  
   6      7.28  16.15    1.00  
   7      7.29  21.00    1.00  
   8      7.37  27.31    1.00  
   9      7.80  37.09    1.00  
  10      7.85  38.36    1.00  

 Calculation of average velocity starts at layer #            1
 z = -5.00 ... -2.91    v = 5.27    AVEL = 5.27 downto z =  -2.91
 z = -2.91 ...  2.86    v = 5.63    AVEL = 5.53 downto z =   2.86
 z =  2.86 ... 10.63    v = 5.92    AVEL = 5.73 downto z =  10.63
 z = 10.63 ... 12.37    v = 6.49    AVEL = 5.80 downto z =  12.37
 z = 12.37 ... 16.15    v = 6.75    AVEL = 5.97 downto z =  16.15
 z = 16.15 ... 21.00    v = 7.28    AVEL = 6.22 downto z =  21.00
 z = 21.00 ... 27.31    v = 7.29    AVEL = 6.43 downto z =  27.31
 z = 27.31 ... 37.09    v = 7.37    AVEL = 6.65 downto z =  37.09
 z = 37.09 ... 38.36    v = 7.80    AVEL = 6.68 downto z =  38.36


 Calculation of average velocity starts at layer #            2
 z = -2.91 ...  2.86    v = 5.63    AVEL = 5.63 downto z =   2.86
 z =  2.86 ... 10.63    v = 5.92    AVEL = 5.80 downto z =  10.63
 z = 10.63 ... 12.37    v = 6.49    AVEL = 5.88 downto z =  12.37
 z = 12.37 ... 16.15    v = 6.75    AVEL = 6.05 downto z =  16.15
 z = 16.15 ... 21.00    v = 7.28    AVEL = 6.30 downto z =  21.00
 z = 21.00 ... 27.31    v = 7.29    AVEL = 6.51 downto z =  27.31
 z = 27.31 ... 37.09    v = 7.37    AVEL = 6.72 downto z =  37.09
 z = 37.09 ... 38.36    v = 7.80    AVEL = 6.75 downto z =  38.36






    INPUT - S T A T I O N S :



 Station-parameters read from file :
 ./velinp/station.sta                                                            


     stn latitude longitude elev   x      y      z     ptcor stcor model icc
   1 624 72.4760N126.2750E     0  -9.37  53.11  -0.00   0.00  0.00   1  13
   2 628 72.4000N127.1470E     0 -39.15  44.63  -0.00   0.00  0.00   1  12
   3 630 72.0750N128.3250E     0 -80.06   8.37  -0.00   0.00  0.00   1  11
   4 627 72.1170N126.9820E     0 -33.78  13.06  -0.00   0.00  0.00   1  10
   5 621 72.1840N124.8890E     0  38.14  20.53  -0.00   0.00  0.00   1   9
   6 629 71.9290N127.3130E     0 -45.39  -7.92  -0.00   0.00  0.00   1   8
   7 622 72.4420N125.3130E     0  23.42  49.32  -0.00   0.00  0.00   1   7
   8 620 72.6540N124.3470E     0  56.03  72.98  -0.00   0.00  0.00   1   6
   9 623 72.3260N125.7600E     0   8.21  36.38  -0.00   0.00  0.00   1   5
  10 626 71.8880N126.0360E     0  -1.25 -12.50  -0.00   0.00  0.00   1   4
  11 625 72.1740N126.1070E     0  -3.67  19.42  -0.00   0.00  0.00   1   3
  12 631 71.3990N127.2470E     0 -43.72 -67.06  -0.00   0.00  0.00   1   2
  13 632 71.5740N129.0728E     0-107.23 -47.53  -0.00   0.00  0.00   1   1

 NO Seismo-parameter-file specified
 --> NO magnitudes calculated!




   neqs=   91  nshot=    0  nltot=   10

 ~~~ input parameters read.
 ~~~ set units for first iteration ...
 ~~~ determine number of unknowns ...

 Number of unknowns (for array-indexing):  nvar =  386
 Number of effective unknowns        :  nvareff =  374
 Number of elements on/below main diagonal of matrix G = At*A : kvar =   74691

 ~~~ reset G and RHT ...
 ~~~ input data, raytracing, setup G ...






    I N P U T - D A T A  

  eq    origin-time    latitude longitude depth    x      y      z    mag ifxOBS
   1 160818 1613  9.10 73.0030N 124.8500E  23.10  38.61 111.92  23.10 1.40 0   6
   2 160818 1613  9.30 72.9910N 124.8700E  22.80  37.95 110.58  22.80 1.10 0   6
   3 160819 0959 27.30 71.9230N 129.7600E  12.10-130.00  -8.59  12.10 4.00 0  12
   4 160820 1506 15.70 71.9380N 129.7900E  11.00-130.98  -6.92  11.00 1.50 0   9
   5 160820 1904 45.70 72.3480N 127.1800E  23.80 -40.33  38.83  23.80 1.20 0   6
   6 160822 1318 49.50 72.3650N 127.0800E  16.50 -36.90  40.73  16.50 0.60 0   8
   7 160823 0652 14.00 70.9330N 129.8100E   6.40-135.21-119.06   6.40 2.90 0   6
   8 160824 1510 30.40 71.6070N 130.0400E   8.60-140.86 -43.85   8.60 1.50 0   9
   9 160906 1514 39.70 72.5080N 125.6800E  12.10  10.89  56.68  12.10 0.90 0   6
 WARNING:
 epicentral distance: 303.3 > dmax ( 300.0) ==> skipping phase !
 WARNING:
 epicentral distance: 338.2 > dmax ( 300.0) ==> skipping phase !
  10 160920 1607 18.30 69.2370N 128.3500E  16.20 -87.07-308.31  16.20 2.60 0   2
 WARNING:
 epicentral distance: 318.5 > dmax ( 300.0) ==> skipping phase !
 WARNING:
 epicentral distance: 355.0 > dmax ( 300.0) ==> skipping phase !
  11 160925 1911  5.60 69.2250N 127.6800E  15.60 -62.26-309.64  15.60 2.30 0   2
  12 161004 0841 51.20 72.8480N 124.9600E  15.60  35.07  94.62  15.60 0.20 0   6
  13 161005 1619 46.90 72.8770N 125.0100E  19.00  33.35  97.86  19.00 1.00 0   9
  14 161006 0156 55.90 72.8740N 125.0100E  13.90  33.36  97.52  13.90 1.00 0   7
  15 161009 0036 44.70 72.8720N 124.9900E  17.20  34.03  97.30  17.20 1.30 0   8
  16 161009 0036 44.90 72.8580N 124.9600E  18.60  35.06  95.74  18.60 1.20 0   7
  17 161012 0800 22.10 72.7380N 126.0300E  18.50  -1.01  82.35  18.50 0.80 0   7
  18 161015 1013 36.50 72.0400N 126.9900E  11.20 -34.12   4.46  11.20 0.70 0   7
  19 161021 0507 33.30 72.5750N 124.7800E  10.10  41.44  64.16  10.10 0.80 0   6
  20 161124 2250 46.00 72.7630N 124.8800E  16.20  37.85  85.14  16.20 3.10 0   4
  21 161125 0156 34.10 72.7420N 124.9200E  14.50  36.52  82.80  14.50 0.60 0   7
  22 161125 0517 25.90 72.7650N 124.9400E  13.50  35.82  85.36  13.50 1.60 0   6
  23 161125 0525 15.90 72.7740N 124.9500E  11.60  35.48  86.37  11.60 0.80 0   6
  24 161125 0556  2.00 72.7350N 124.9700E   5.70  34.84  82.01   5.70 0.20 0   6
  25 170117 0846 48.60 72.2130N 127.3400E  22.00 -45.97  23.77  22.00 0.30 0   6
  26 170122 1614 27.60 71.9670N 128.0400E  10.30 -70.45  -3.68  10.30 0.90 0   6
  27 170125 2244  0.20 72.4440N 126.0200E  13.10  -0.68  49.54  13.10 0.80 0   6
  28 170302 1359 59.10 72.6830N 124.8900E  11.50  37.60  76.21  11.50 0.50 0   7
  29 170302 2335 20.20 71.8850N 130.3000E  14.80-148.82 -12.83  14.80 2.10 0   9
  30 170304 2135  2.90 72.6880N 124.9400E  13.40  35.90  76.77  13.40 1.30 0   7
  31 170307 0447 21.00 72.6940N 124.9200E  14.20  36.57  77.44  14.20 1.70 0  10
  32 170307 2016 50.80 72.6910N 124.9100E  15.30  36.91  77.10  15.30 1.10 0   6
  33 170309 1454  0.80 72.6830N 124.9000E  15.60  37.26  76.21  15.60 0.30 0   6
  34 170311 0430 55.40 72.3130N 126.5000E  24.50 -17.11  34.93  24.50 0.30 0   6
  35 170312 0416 39.20 71.9240N 128.0800E   3.40 -71.91  -8.48   3.40 2.10 0   6
  36 170313 0553 59.10 72.6980N 124.9200E  15.10  36.57  77.89  15.10 1.00 0   9
  37 170313 0809  5.60 72.4500N 125.0800E  14.90  31.36  50.21  14.90 1.20 0   7
  38 170315 0234 46.50 72.6540N 123.8400E  16.90  73.22  72.98  16.90 1.40 0   7
  39 170317 1007 14.10 72.2350N 125.9800E   3.90   0.69  26.22   3.90 0.50 0   7
  40 170320 0711 14.60 72.1250N 127.2200E  16.80 -41.95  13.95  16.80 0.90 0   6
  41 170320 0853 56.40 72.7090N 124.9700E   5.10  34.86  79.11   5.10 0.40 0   6
  42 170320 1900 34.30 72.4150N 126.1200E  18.00  -4.09  46.31  18.00 0.60 0   7
  43 170323 0519 24.60 71.6470N 129.1800E   5.20-110.76 -39.39   5.20 1.20 0   6
  44 170323 1612 49.70 72.4530N 125.1100E   8.30  30.33  50.55   8.30 0.50 0   6
  45 170323 1906 41.20 72.4070N 130.2500E  18.30-145.04  45.41  18.30 1.00 0   6
  46 170326 0836 34.10 71.9930N 127.6700E  16.10 -57.63  -0.78  16.10 1.50 0   7
  47 170402 0422  1.00 72.7220N 125.6900E  21.90  10.49  80.56  21.90 1.20 0  10
  48 170402 0636 37.20 72.7310N 125.6900E  23.50  10.49  81.57  23.50 0.70 0   6
  49 170404 2347 35.70 72.7580N 124.3800E  22.60  54.76  84.58  22.60 0.50 0   6
  50 170405 0307 36.10 71.6810N 128.9500E  15.30-102.66 -35.60  15.30 1.00 0  10
  51 170405 1410 53.20 71.5100N 128.9000E   9.30-101.37 -54.68   9.30 1.70 0  10
  52 170406 0838 43.20 72.3850N 129.3800E  15.50-115.42  42.96  15.50 0.90 0  10
  53 170406 1728  1.00 72.7230N 125.6900E  21.30  10.49  80.67  21.30 0.90 0  10
 WARNING:
 epicentral distance: 325.9 > dmax ( 300.0) ==> skipping phase !
 WARNING:
 epicentral distance: 332.9 > dmax ( 300.0) ==> skipping phase !
 WARNING:
 epicentral distance: 345.3 > dmax ( 300.0) ==> skipping phase !
 WARNING:
 epicentral distance: 391.9 > dmax ( 300.0) ==> skipping phase !
  54 170407 1729  3.40 74.8930N 128.6300E  15.60 -83.67 322.81  15.60 1.80 0   2
 WARNING:
 epicentral distance: 311.3 > dmax ( 300.0) ==> skipping phase !
 WARNING:
 epicentral distance: 315.4 > dmax ( 300.0) ==> skipping phase !
 WARNING:
 epicentral distance: 328.9 > dmax ( 300.0) ==> skipping phase !
 WARNING:
 epicentral distance: 374.2 > dmax ( 300.0) ==> skipping phase !
  55 170407 1729  3.50 74.7270N 128.8100E   0.40 -89.83 304.29   0.40 1.60 0   5
  56 170408 1004 44.90 72.6070N 124.9400E  15.00  35.98  67.73  15.00 1.40 0  13
  57 170409 0856 47.20 73.3850N 128.5500E  15.60 -84.71 154.54  15.60 2.50 0   6
  58 170409 0902 45.60 73.3500N 128.4400E  15.10 -81.13 150.64  15.10 1.10 0   7
  59 170410 1520  8.50 72.0030N 128.3900E   2.70 -82.46   0.33   2.70 1.00 0  10
  60 170410 1813  3.60 70.9360N 129.1200E   3.70-110.72-118.73   3.70 2.20 0  13
  61 170412 1507  0.60 71.5070N 129.7200E   0.00-130.05 -55.01   0.00 0.70 0   6
  62 170413 0651 20.10 73.3680N 125.4200E  15.60  19.28 152.65  15.60 1.00 0  10
  63 170414 0459 18.80 72.2680N 127.3800E  20.10 -47.27  29.90  20.10 0.50 0   7
  64 170414 0540  4.80 73.6400N 130.9700E   8.00-163.92 183.00   8.00 1.80 0  11
  65 170414 1656 23.40 72.1850N 127.4000E  15.50 -48.06  20.64  15.50 0.20 0   6
  66 170414 1753 32.80 72.3840N 130.4600E  17.90-152.30  42.85  17.90 0.70 0   6
  67 170416 0523 41.90 71.9560N 127.0800E  19.20 -37.31  -4.91  19.20 1.60 0  13
  68 170416 1220 14.20 72.9470N 124.4900E  20.40  50.77 105.67  20.40 1.00 0  11
 WARNING:
 epicentral distance: 320.3 > dmax ( 300.0) ==> skipping phase !
 WARNING:
 epicentral distance: 381.0 > dmax ( 300.0) ==> skipping phase !
 WARNING:
 epicentral distance: 398.8 > dmax ( 300.0) ==> skipping phase !
 WARNING:
 epicentral distance: 405.0 > dmax ( 300.0) ==> skipping phase !
 WARNING:
 epicentral distance: 424.8 > dmax ( 300.0) ==> skipping phase !
 WARNING:
 epicentral distance: 431.2 > dmax ( 300.0) ==> skipping phase !
 WARNING:
 epicentral distance: 445.5 > dmax ( 300.0) ==> skipping phase !
 WARNING:
 epicentral distance: 451.8 > dmax ( 300.0) ==> skipping phase !
 WARNING:
 epicentral distance: 464.3 > dmax ( 300.0) ==> skipping phase !
  69 170416 1257 48.30 68.8710N 131.7500E  73.50-214.97-349.14  73.50 2.20 0   0
  70 170416 1821  5.50 72.8670N 125.0000E  19.30  33.70  96.74  19.30 1.30 0  13
  71 170418 0606  4.10 72.5080N 125.8200E   1.30   6.13  56.68   1.30 0.20 0   6
 WARNING:
 epicentral distance: 315.2 > dmax ( 300.0) ==> skipping phase !
 WARNING:
 epicentral distance: 332.1 > dmax ( 300.0) ==> skipping phase !
 WARNING:
 epicentral distance: 345.3 > dmax ( 300.0) ==> skipping phase !
 WARNING:
 epicentral distance: 352.6 > dmax ( 300.0) ==> skipping phase !
 WARNING:
 epicentral distance: 346.7 > dmax ( 300.0) ==> skipping phase !
 WARNING:
 epicentral distance: 356.6 > dmax ( 300.0) ==> skipping phase !
 WARNING:
 epicentral distance: 363.9 > dmax ( 300.0) ==> skipping phase !
 WARNING:
 epicentral distance: 372.8 > dmax ( 300.0) ==> skipping phase !
 WARNING:
 epicentral distance: 378.6 > dmax ( 300.0) ==> skipping phase !
 WARNING:
 epicentral distance: 378.6 > dmax ( 300.0) ==> skipping phase !
  72 170418 1005 56.80 69.3310N 122.4100E  97.00 132.70-297.82  97.00 2.20 0   1
  73 170418 1500 12.90 72.7340N 124.5100E  23.10  50.40  81.90  23.10 1.30 0  12
  74 170420 1302 36.20 72.6290N 129.0200E  21.80-102.44  70.19  21.80 0.90 0  11
  75 170420 2248 46.70 72.0220N 129.1200E   0.00-107.59   2.46   0.00 0.70 0  11
 WARNING:
 epicentral distance: 313.1 > dmax ( 300.0) ==> skipping phase !
 WARNING:
 epicentral distance: 324.4 > dmax ( 300.0) ==> skipping phase !
 WARNING:
 epicentral distance: 324.2 > dmax ( 300.0) ==> skipping phase !
 WARNING:
 epicentral distance: 342.4 > dmax ( 300.0) ==> skipping phase !
 WARNING:
 epicentral distance: 349.0 > dmax ( 300.0) ==> skipping phase !
 WARNING:
 epicentral distance: 380.2 > dmax ( 300.0) ==> skipping phase !
 WARNING:
 epicentral distance: 381.6 > dmax ( 300.0) ==> skipping phase !
 WARNING:
 epicentral distance: 408.0 > dmax ( 300.0) ==> skipping phase !
  76 170423 0850 54.60 74.7080N 132.7900E   0.10-217.19 302.17   0.10 1.90 0   0
  77 170423 1455 44.10 72.8400N 124.4900E  16.80  50.92  93.73  16.80 0.60 0   8
  78 170423 2313 41.80 72.5960N 124.8700E  22.00  38.36  66.50  22.00 1.30 0  12
  79 170424 0609 58.60 71.9600N 128.0200E   0.10 -69.77  -4.46   0.10 1.10 0  12
  80 170424 0755 26.70 71.9480N 128.0300E   0.00 -70.14  -5.80   0.00 1.00 0  12
  81 170424 0755 26.90 71.9590N 128.0300E   0.00 -70.12  -4.57   0.00 1.00 0  12
  82 170425 0652 23.30 71.9600N 128.0300E   0.00 -70.12  -4.46   0.00 1.20 0   9
  83 170426 0051 23.20 71.9450N 128.0600E   6.60 -71.18  -6.14   6.60 0.70 0   6
  84 170426 1425 21.20 72.0790N 127.2600E  21.00 -43.38   8.82  21.00 0.10 0   6
  85 170426 1834 24.60 71.5840N 130.8000E  10.90-167.46 -46.42  10.90 1.20 0   8
  86 170426 1840 44.10 72.2710N 126.3600E  18.10 -12.33  30.24  18.10 1.30 0   8
  87 170427 0912 28.80 72.0640N 127.7900E   2.60 -61.65   7.14   2.60 0.90 0   8
  88 170427 1041 38.10 71.7480N 128.9900E   8.40-103.86 -28.12   8.40 0.70 0   7
  89 170427 2010 47.80 72.8010N 130.2000E  20.20-141.80  89.38  20.20 1.30 0   8
  90 170427 2010 48.30 72.7890N 130.1400E  20.10-139.82  88.04  20.10 1.30 0   8
  91 170427 2342 34.10 72.7630N 125.0100E  19.50  33.46  85.14  19.50 0.80 0   6

 readings for station 624  :  74
 readings for station 628  :  69
 readings for station 630  :  53
 readings for station 627  :  46
 readings for station 621  :  59
 readings for station 629  :  43
 readings for station 622  :  58
 readings for station 620  :  48
 readings for station 623  :  55
 readings for station 626  :  52
 readings for station 625  :  49
 readings for station 631  :  49
 readings for station 632  :  24

 Total number of stations with readings:  13

 Total number of readings:     679
 Total number of P readings:       0
 Total number of S readings:       0


 ~~~ store parts of G ...
 ~~~ compute RMS and DATVAR ...

 Total number of observations is:   679


 $$$$$$$$$$$$$$$$$$$$$$$$$$$$$$$$$$$$$$$$$$$$$$$$$
 Events with  | AVRES | > 1.0 SEC are suspicious !

 Event#   1 >>>  160818 1613  AVRES =  1.16 NOBS =  6
 Event#   2 >>>  160818 1613  AVRES =  1.15 NOBS =  6
 Event#   3 >>>  160819 0959  AVRES =  1.57 NOBS = 12
 Event#   4 >>>  160820 1506  AVRES =  1.61 NOBS =  9
 Event#   7 >>>  160823 0652  AVRES =  1.66 NOBS =  6
 Event#   8 >>>  160824 1510  AVRES =  1.90 NOBS =  9
 Event#  10 >>>  160920 1607  AVRES =  2.26 NOBS =  2
 Event#  11 >>>  160925 1911  AVRES =  1.91 NOBS =  2
 Event#  13 >>>  161005 1619  AVRES =  1.16 NOBS =  9
 Event#  15 >>>  161009 0036  AVRES =  1.24 NOBS =  8
 Event#  16 >>>  161009 0036  AVRES =  1.28 NOBS =  7
 Event#  20 >>>  161124 2250  AVRES =  1.16 NOBS =  4
 Event#  29 >>>  170302 2335  AVRES =  1.89 NOBS =  9
 Event#  30 >>>  170304 2135  AVRES =  1.02 NOBS =  7
 Event#  38 >>>  170315 0234  AVRES =  1.16 NOBS =  7
 Event#  45 >>>  170323 1906  AVRES =  1.79 NOBS =  6
 Event#  47 >>>  170402 0422  AVRES =  1.15 NOBS = 10
 Event#  50 >>>  170405 0307  AVRES =  1.41 NOBS = 10
 Event#  51 >>>  170405 1410  AVRES =  1.60 NOBS = 10
 Event#  52 >>>  170406 0838  AVRES =  1.63 NOBS = 10
 Event#  53 >>>  170406 1728  AVRES =  1.19 NOBS = 10
 Event#  57 >>>  170409 0856  AVRES =  2.26 NOBS =  6
 Event#  58 >>>  170409 0902  AVRES =  2.23 NOBS =  7
 Event#  60 >>>  170410 1813  AVRES =  1.80 NOBS = 13
 Event#  62 >>>  170413 0651  AVRES =  1.94 NOBS = 10
 Event#  64 >>>  170414 0540  AVRES =  2.30 NOBS = 11
 Event#  66 >>>  170414 1753  AVRES =  1.82 NOBS =  6
 Event#  68 >>>  170416 1220  AVRES =  1.44 NOBS = 11
 Event#  70 >>>  170416 1821  AVRES =  1.38 NOBS = 13
 Event#  73 >>>  170418 1500  AVRES =  1.25 NOBS = 12
 Event#  74 >>>  170420 1302  AVRES =  1.48 NOBS = 11
 Event#  75 >>>  170420 2248  AVRES =  1.02 NOBS = 11
 Event#  77 >>>  170423 1455  AVRES =  1.15 NOBS =  8
 Event#  85 >>>  170426 1834  AVRES =  2.03 NOBS =  8
 Event#  89 >>>  170427 2010  AVRES =  1.89 NOBS =  8
 Event#  90 >>>  170427 2010  AVRES =  1.84 NOBS =  8
 Event#  91 >>>  170427 2342  AVRES =  1.29 NOBS =  6

 ^^^^^^^^^ C H E C K   these events above ^^^^^^^^
 $$$$$$$$$$$$$$$$$$$$$$$$$$$$$$$$$$$$$$$$$$$$$$$$$

 ~~~ save initial datvar ...

 Iteration nr  0 obtained:
 DATVAR=    1.683433 mean sqrd residual=     0.756181  RMS RESIDUAL=     0.869587

 After  0 iterations we got:
 Average absolute & unweighted [and mean] residual of
   363 straight and direct rays =  0.89632 [  0.87064]
   316 refracted           rays =  1.26906 [  1.21095]
     0 reflected           rays =  0.00000 [  0.00000]

   679 ALL                 RAYS =  1.06979 [  1.02902]        0.00 %




--------------------------------------------------------------------------------



           ITERATION no  1

 ~~~ set units for this iteration ...
 ~~~ determine number of unknowns for this iter. ...

 Number of unknowns (for array-indexing):  nvar =  386
 Number of effective unknowns        :  nvareff =  387
 Number of elements on/below main diagonal of matrix G = At*A : kvar =   74691

 Damping factors to be used in this iteration:
   Othet=   0.010   XYthet  =   0.010   Zthet=  0.010
 STAthet=   0.010   Vthet   =   1.000

 ~~~ damp G ...
 ~~~ solve G * b = RHT ...
 ~~~ fix units ...
 ~~~ apply eventually step-length damping ...
 ~~~ adjust model (hypocenters, stacorr & veloc.) ...

 doing velocity adjustments now...
 WARNING: Tried to introduce a low-velocity-layer! (Layer  8)
 Setting DVP from -0.20 to 0.0 and VP to vp(layer_above)+0.001
 WARNING: Tried to introduce a low-velocity-layer! (Layer 10)
 Setting DVP from -0.14 to 0.0 and VP to vp(layer_above)+0.001

 doing station-correction adjustments...

 ~~~ compute effective step-length ...

 (Applied) Step length =   4.010

 ~~~ set units for next iteration ...
 ~~~ determine number of unknowns for next iter. ...

 Number of unknowns (for array-indexing):  nvar =  386
 Number of effective unknowns        :  nvareff =  387
 Number of elements on/below main diagonal of matrix G = At*A : kvar =   74691

 ~~~ reset G and RHT ...
 ~~~ raytracing, setup G ...
 ~~~ store parts of G ...
 ~~~ set units back for current iteration ...
 ~~~ determine number of unknowns for this iter. ...

 Number of unknowns (for array-indexing):  nvar =  386
 Number of effective unknowns        :  nvareff =  387
 Number of elements on/below main diagonal of matrix G = At*A : kvar =   74691

 ~~~ compute RMS and DATVAR ...

 $$$$$$$$$$$$$$$$$$$$$$$$$$$$$$$$$$$$$$$$$$$$$$$$$
 Events with  | AVRES | > 1.0 SEC are suspicious !

 Event#   3 >>>  160819 0959  AVRES =  1.26 NOBS = 12
 Event#   4 >>>  160820 1506  AVRES =  1.29 NOBS =  9
 Event#   7 >>>  160823 0652  AVRES =  1.36 NOBS =  6
 Event#   8 >>>  160824 1510  AVRES =  1.53 NOBS =  9
 Event#  10 >>>  160920 1607  AVRES =  1.88 NOBS =  2
 Event#  11 >>>  160925 1911  AVRES =  1.60 NOBS =  2
 Event#  15 >>>  161009 0036  AVRES =  1.02 NOBS =  8
 Event#  16 >>>  161009 0036  AVRES =  1.06 NOBS =  7
 Event#  29 >>>  170302 2335  AVRES =  1.52 NOBS =  9
 Event#  45 >>>  170323 1906  AVRES =  1.47 NOBS =  6
 Event#  50 >>>  170405 0307  AVRES =  1.13 NOBS = 10
 Event#  51 >>>  170405 1410  AVRES =  1.29 NOBS = 10
 Event#  52 >>>  170406 0838  AVRES =  1.30 NOBS = 10
 Event#  57 >>>  170409 0856  AVRES =  1.84 NOBS =  6
 Event#  58 >>>  170409 0902  AVRES =  1.80 NOBS =  7
 Event#  60 >>>  170410 1813  AVRES =  1.45 NOBS = 13
 Event#  62 >>>  170413 0651  AVRES =  1.56 NOBS = 10
 Event#  64 >>>  170414 0540  AVRES =  1.89 NOBS = 11
 Event#  66 >>>  170414 1753  AVRES =  1.48 NOBS =  6
 Event#  68 >>>  170416 1220  AVRES =  1.20 NOBS = 11
 Event#  70 >>>  170416 1821  AVRES =  1.15 NOBS = 13
 Event#  73 >>>  170418 1500  AVRES =  1.03 NOBS = 12
 Event#  74 >>>  170420 1302  AVRES =  1.23 NOBS = 11
 Event#  85 >>>  170426 1834  AVRES =  1.63 NOBS =  8
 Event#  89 >>>  170427 2010  AVRES =  1.59 NOBS =  8
 Event#  90 >>>  170427 2010  AVRES =  1.55 NOBS =  8
 Event#  91 >>>  170427 2342  AVRES =  1.07 NOBS =  6

 ^^^^^^^^^ C H E C K   these events above ^^^^^^^^
 $$$$$$$$$$$$$$$$$$$$$$$$$$$$$$$$$$$$$$$$$$$$$$$$$

 ~~~ check solution (better? worse?) ...

 Iteration nr  1 obtained:
 DATVAR=    1.205061 mean sqrd residual=     0.518229  RMS RESIDUAL=     0.719881

 After  1 iterations we got:
 Average absolute & unweighted [and mean] residual of
   337 straight and direct rays =  0.59142 [  0.56556]
   342 refracted           rays =  1.14854 [  1.10391]
     0 reflected           rays =  0.00000 [  0.00000]

   679 ALL                 RAYS =  0.87203 [  0.83672]      -18.49 %

 ~~~ iteration done; output results ...

  eq       ot     x      y      z      rms    avres   dot     dx     dy     dz
    1      9.20  38.60 111.95  23.12   0.34   0.96    0.101 -0.009  0.034  0.022
    2      9.40  37.98 110.64  22.80   0.36   0.95    0.096  0.030  0.059  0.004
    3     27.41-129.97  -8.12  11.82   0.75   1.26    0.107  0.026  0.476 -0.284
    4     15.80-131.02  -6.85  10.64   0.94   1.29    0.097 -0.036  0.065 -0.362
    5     45.78 -40.41  38.61  23.62   0.30   0.68    0.079 -0.080 -0.218 -0.176
    6     49.55 -36.83  40.63  16.53   0.20   0.33    0.050  0.066 -0.100  0.030
    7     14.03-135.14-119.11   6.40   0.84   1.36    0.032  0.069 -0.049 -0.003
    8     30.52-140.94 -43.76   8.57   0.71   1.53    0.119 -0.076  0.094 -0.031
    9     39.76  10.73  56.48  11.78   0.11   0.02    0.059 -0.160 -0.208 -0.315
   10     18.21 -87.52-308.27  16.20   1.17   1.88   -0.087 -0.449  0.034  0.004
   11      5.44 -62.83-309.65  15.61   1.43   1.60   -0.157 -0.566 -0.007  0.012
   12     51.29  35.02  94.66  15.61   0.34   0.67    0.089 -0.042  0.035  0.009
   13     46.96  33.31  98.06  19.01   0.46   0.95    0.060 -0.047  0.199  0.015
   14     55.97  33.41  97.52  14.01   0.63   0.70    0.066  0.051 -0.008  0.107
   15     44.75  33.85  97.53  17.22   0.56   1.02    0.049 -0.185  0.233  0.020
   16     44.93  34.80  96.08  18.63   0.65   1.06    0.031 -0.261  0.346  0.032
   17     22.15  -1.07  82.42  18.52   0.55   0.71    0.055 -0.053  0.073  0.019
   18     36.54 -34.08   4.32  10.85   0.37   0.26    0.038  0.037 -0.139 -0.351
   19     33.37  41.32  64.18   9.93   0.14   0.11    0.073 -0.128  0.023 -0.166
   20     46.06  37.77  85.20  16.20   0.57   0.95    0.056 -0.082  0.065 -0.000
   21     34.17  36.59  82.80  14.24   0.79   0.64    0.070  0.068  0.007 -0.263
   22     25.96  35.64  85.46  13.24   0.50   0.46    0.056 -0.177  0.103 -0.257
   23     15.97  35.49  86.37  11.61   0.67   0.38    0.073  0.012  0.005  0.012
   24      2.03  35.02  82.46   6.11   0.58   0.17    0.026  0.186  0.444  0.413
   25     48.69 -45.90  23.63  22.06   0.12   0.50    0.086  0.069 -0.139  0.062
   26     27.66 -70.15  -3.62  10.14   0.22   0.16    0.064  0.297  0.067 -0.155
   27      0.27  -0.59  49.41  12.85   0.65   0.37    0.066  0.090 -0.130 -0.246
   28     59.17  37.68  76.52  11.22   0.85   0.67    0.065  0.088  0.306 -0.275
   29     20.32-148.71 -12.34  14.79   0.53   1.52    0.120  0.116  0.492 -0.007
   30      2.99  36.13  76.72  13.34   0.94   0.82    0.094  0.235 -0.050 -0.061
   31     21.06  36.50  77.46  14.18   0.78   0.80    0.065 -0.066  0.024 -0.023
   32     50.87  36.84  77.10  15.17   0.47   0.44    0.065 -0.069 -0.004 -0.133
   33      0.89  37.35  76.14  15.58   0.60   0.58    0.092  0.094 -0.073 -0.021
   34     55.49 -17.07  34.87  24.37   0.17   0.46    0.085  0.034 -0.060 -0.125
   35     39.31 -71.73  -8.26   3.56   0.26   0.13    0.111  0.184  0.219  0.163
   36     59.19  36.63  77.85  15.03   0.73   0.78    0.087  0.061 -0.034 -0.070
   37      5.67  31.24  50.03  14.75   0.29   0.28    0.071 -0.119 -0.184 -0.145
   38     46.57  73.14  73.10  16.86   0.64   0.95    0.070 -0.081  0.123 -0.037
   39     14.14   0.75  26.13   3.38   0.12  -0.06    0.045  0.060 -0.088 -0.524
   40     14.63 -42.04  13.87  16.51   0.41   0.36    0.032 -0.082 -0.076 -0.288
   41     56.46  34.93  79.13   5.44   0.22   0.09    0.056  0.066  0.016  0.342
   42     34.36  -4.06  46.23  17.87   0.23   0.31    0.065  0.031 -0.075 -0.132
   43     24.70-110.49 -39.26   5.12   0.54   0.19    0.101  0.269  0.129 -0.085
   44     49.75  30.19  50.40   8.36   0.05  -0.03    0.048 -0.146 -0.144  0.057
   45     41.28-144.92  45.68  18.32   0.39   1.47    0.083  0.122  0.264  0.024
   46     34.18 -57.41  -0.66  15.85   0.29   0.42    0.077  0.218  0.118 -0.249
   47      1.10  10.57  80.58  21.86   0.57   0.95    0.102  0.082  0.019 -0.036
   48     37.31  10.56  81.56  23.50   0.30   0.70    0.114  0.075 -0.009 -0.005
   49     35.78  54.75  84.65  22.49   0.44   0.70    0.075 -0.008  0.065 -0.107
   50     36.19-102.65 -35.75  15.26   0.70   1.13    0.093  0.005 -0.156 -0.036
   51     53.30-101.25 -54.81   9.30   0.88   1.29    0.104  0.121 -0.133 -0.004
   52     43.34-115.27  43.30  15.49   0.63   1.30    0.138  0.151  0.343 -0.008
   53      1.10  10.54  80.78  21.30   0.57   0.99    0.098  0.054  0.101  0.003
   54      2.84 -83.69 322.73  15.64   0.34   0.35   -0.560 -0.019 -0.081  0.042
   55      3.13 -89.83 304.24   0.45   0.20   0.73   -0.373  0.003 -0.049  0.046
   56     44.97  36.04  67.65  14.85   0.77   0.80    0.070  0.066 -0.080 -0.149
   57     47.18 -84.87 154.64  15.60   0.37   1.84   -0.018 -0.160  0.092  0.001
   58     45.67 -80.99 150.79  15.10   0.35   1.80    0.073  0.149  0.149 -0.004
   59      8.68 -81.84   0.30   2.37   0.96   0.54    0.179  0.617 -0.034 -0.327
   60      3.72-110.44-118.86   3.97   0.89   1.45    0.125  0.281 -0.136  0.271
   61      0.73-130.49 -55.32   0.90   0.71   0.79    0.129 -0.437 -0.308  0.793
   62     20.20  19.26 152.61  15.59   0.48   1.56    0.103 -0.018 -0.038 -0.006
   63     18.88 -47.24  29.85  19.92   0.42   0.57    0.081  0.030 -0.053 -0.181
   64      4.73-162.80 184.29   7.95   0.62   1.89   -0.070  1.122  1.291 -0.046
   65     23.47 -47.88  20.45  15.43   0.17   0.26    0.069  0.186 -0.192 -0.067
   66     32.93-152.02  43.35  17.92   0.36   1.48    0.129  0.277  0.500  0.019
   67     42.01 -37.20  -4.99  18.53   0.48   0.70    0.110  0.112 -0.075 -0.670
   68     14.25  50.60 106.08  20.32   0.50   1.20    0.045 -0.173  0.407 -0.084
   69     48.30-214.97-349.14  73.50   0.00   0.00    0.000  0.000  0.000  0.000
   70      5.54  33.63  97.01  19.36   0.54   1.15    0.041 -0.067  0.265  0.060
   71      4.34   6.06  56.98   2.07   0.61   0.47    0.241 -0.069  0.300  0.772
   72     56.13 132.65-297.75  96.98   0.01   0.11   -0.665 -0.050  0.065 -0.022
   73     12.98  50.58  81.88  23.11   0.46   1.03    0.077  0.186 -0.019  0.013
   74     36.28-102.43  70.28  21.95   0.27   1.23    0.075  0.010  0.093  0.153
 ***** depth constrained for event    75
   75     46.86-107.57   2.55   0.11   1.11   0.84    0.163  0.016  0.095 -0.100
   76     54.60-217.19 302.17   0.10   0.00   0.00    0.000  0.000  0.000  0.000
   77     44.17  50.94  93.85  16.68   0.52   0.94    0.071  0.015  0.120 -0.125
   78     41.87  38.48  66.39  21.96   0.50   0.81    0.071  0.119 -0.116 -0.040
   79     58.81 -69.25  -4.16   0.08   0.67   0.61    0.210  0.518  0.306 -0.023
   80     26.91 -69.72  -5.59   0.17   0.68   0.65    0.213  0.419  0.212  0.059
 ***** depth constrained for event    81
   81     27.11 -69.61  -4.29   0.11   0.68   0.66    0.213  0.512  0.282 -0.100
   82     23.50 -69.61  -4.20   0.37   0.60   0.48    0.200  0.503  0.263  0.256
   83     23.23 -71.14  -6.28   6.66   0.23   0.08    0.028  0.046 -0.148  0.064
   84     21.28 -43.22   8.51  20.83   0.15   0.42    0.076  0.166 -0.309 -0.167
   85     24.69-167.56 -46.03  10.89   0.46   1.63    0.093 -0.093  0.393 -0.006
   86     44.17 -12.29  30.16  17.80   0.41   0.46    0.070  0.041 -0.077 -0.304
   87     29.03 -61.63   7.04   3.68   0.20   0.04    0.230  0.027 -0.100  1.085
   88     38.15-103.89 -28.22   8.25   0.80   0.59    0.046 -0.028 -0.097 -0.150
   89     47.83-141.80  89.53  20.28   0.21   1.59    0.026 -0.005  0.148  0.083
   90     48.32-139.75  88.28  20.18   0.18   1.55    0.024  0.063  0.237  0.083
   91     34.15  33.51  85.07  19.55   0.55   1.07    0.048  0.054 -0.064  0.053

 A V E R A G E   of ADJUSTMENTS :                     0.058  0.050  0.063 -0.026
 A V E R A G E   of ABSOLUTE ADJUSTMENTS :            0.100  0.139  0.152  0.140


 Step length damping of 0.20067 was applied.


 Velocity adjustments:
     vp    dvp      hp   reflector
 Velocity model   1
   5.208 -0.062   -5.000      
   5.688  0.058   -2.910      
   6.017  0.097    2.860      
   6.504  0.014   10.630      
   6.728 -0.022   12.370      
   7.114 -0.166   16.150      
   7.191 -0.099   21.000      
   7.192  0.000   27.310      
   7.729 -0.071   37.090      
   7.730  0.000   38.360      

 Calculation of average velocity starts at layer #           1
 z = -5.00 ... -2.91    v = 5.21    AVEL = 5.21 downto z =  -2.91
 z = -2.91 ...  2.86    v = 5.69    AVEL = 5.56 downto z =   2.86
 z =  2.86 ... 10.63    v = 6.02    AVEL = 5.79 downto z =  10.63
 z = 10.63 ... 12.37    v = 6.50    AVEL = 5.86 downto z =  12.37
 z = 12.37 ... 16.15    v = 6.73    AVEL = 6.01 downto z =  16.15
 z = 16.15 ... 21.00    v = 7.11    AVEL = 6.22 downto z =  21.00
 z = 21.00 ... 27.31    v = 7.19    AVEL = 6.41 downto z =  27.31
 z = 27.31 ... 37.09    v = 7.19    AVEL = 6.59 downto z =  37.09
 z = 37.09 ... 38.36    v = 7.73    AVEL = 6.62 downto z =  38.36


 Calculation of average velocity starts at layer #           2
 z = -2.91 ...  2.86    v = 5.69    AVEL = 5.69 downto z =   2.86
 z =  2.86 ... 10.63    v = 6.02    AVEL = 5.88 downto z =  10.63
 z = 10.63 ... 12.37    v = 6.50    AVEL = 5.95 downto z =  12.37
 z = 12.37 ... 16.15    v = 6.73    AVEL = 6.10 downto z =  16.15
 z = 16.15 ... 21.00    v = 7.11    AVEL = 6.31 downto z =  21.00
 z = 21.00 ... 27.31    v = 7.19    AVEL = 6.49 downto z =  27.31
 z = 27.31 ... 37.09    v = 7.19    AVEL = 6.66 downto z =  37.09
 z = 37.09 ... 38.36    v = 7.73    AVEL = 6.70 downto z =  38.36



 Adjusted station corrections:
   stn  ptcor  dpcor  
  624   0.000  0.000  628  -0.023 -0.023  630  -0.005 -0.005  627   0.038  0.038
  621   0.012  0.012  629   0.042  0.042  622   0.004  0.004  620  -0.016 -0.016
  623   0.047  0.047  626   0.052  0.052  625   0.046  0.046  631   0.025  0.025
  632  -0.067 -0.067

 ~~~ another iteration? ...



--------------------------------------------------------------------------------



           ITERATION no  2

 ~~~ set units for this iteration ...
 ~~~ determine number of unknowns for this iter. ...

 Number of unknowns (for array-indexing):  nvar =  386
 Number of effective unknowns        :  nvareff =  387
 Number of elements on/below main diagonal of matrix G = At*A : kvar =   74691

 Damping factors to be used in this iteration:
   Othet=   0.010   XYthet  =   0.010   Zthet=  0.010
 STAthet=   0.010   Vthet   =   1.000

 ~~~ damp G ...
 ~~~ solve G * b = RHT ...
 ~~~ fix units ...
 ~~~ apply eventually step-length damping ...
 ~~~ adjust model (hypocenters, stacorr & veloc.) ...

 doing velocity adjustments now...
 WARNING: Tried to introduce a low-velocity-layer! (Layer  8)
 Setting DVP from -0.12 to 0.0 and VP to vp(layer_above)+0.001

 doing station-correction adjustments...

 ~~~ compute effective step-length ...

 (Applied) Step length =   3.974

 ~~~ set units for next iteration ...
 ~~~ determine number of unknowns for next iter. ...

 Number of unknowns (for array-indexing):  nvar =  386
 Number of effective unknowns        :  nvareff =  387
 Number of elements on/below main diagonal of matrix G = At*A : kvar =   74691

 ~~~ reset G and RHT ...
 ~~~ raytracing, setup G ...
 ~~~ store parts of G ...
 ~~~ set units back for current iteration ...
 ~~~ determine number of unknowns for this iter. ...

 Number of unknowns (for array-indexing):  nvar =  386
 Number of effective unknowns        :  nvareff =  387
 Number of elements on/below main diagonal of matrix G = At*A : kvar =   74691

 ~~~ compute RMS and DATVAR ...

 $$$$$$$$$$$$$$$$$$$$$$$$$$$$$$$$$$$$$$$$$$$$$$$$$
 Events with  | AVRES | > 1.0 SEC are suspicious !

 Event#   7 >>>  160823 0652  AVRES =  1.03 NOBS =  6
 Event#   8 >>>  160824 1510  AVRES =  1.17 NOBS =  9
 Event#  10 >>>  160920 1607  AVRES =  1.63 NOBS =  2
 Event#  11 >>>  160925 1911  AVRES =  1.42 NOBS =  2
 Event#  29 >>>  170302 2335  AVRES =  1.16 NOBS =  9
 Event#  45 >>>  170323 1906  AVRES =  1.13 NOBS =  6
 Event#  57 >>>  170409 0856  AVRES =  1.42 NOBS =  6
 Event#  58 >>>  170409 0902  AVRES =  1.38 NOBS =  7
 Event#  60 >>>  170410 1813  AVRES =  1.12 NOBS = 13
 Event#  62 >>>  170413 0651  AVRES =  1.20 NOBS = 10
 Event#  64 >>>  170414 0540  AVRES =  1.51 NOBS = 11
 Event#  66 >>>  170414 1753  AVRES =  1.14 NOBS =  6
 Event#  85 >>>  170426 1834  AVRES =  1.25 NOBS =  8
 Event#  89 >>>  170427 2010  AVRES =  1.20 NOBS =  8
 Event#  90 >>>  170427 2010  AVRES =  1.16 NOBS =  8

 ^^^^^^^^^ C H E C K   these events above ^^^^^^^^
 $$$$$$$$$$$$$$$$$$$$$$$$$$$$$$$$$$$$$$$$$$$$$$$$$

 ~~~ check solution (better? worse?) ...

 Iteration nr  2 obtained:
 DATVAR=    0.753466 mean sqrd residual=     0.324024  RMS RESIDUAL=     0.569231

 After  2 iterations we got:
 Average absolute & unweighted [and mean] residual of
   344 straight and direct rays =  0.42540 [  0.40954]
   335 refracted           rays =  0.95088 [  0.90569]
     0 reflected           rays =  0.00000 [  0.00000]

   679 ALL                 RAYS =  0.68466 [  0.65432]      -21.49 %

 ~~~ iteration done; output results ...

  eq       ot     x      y      z      rms    avres   dot     dx     dy     dz
    1      9.27  38.53 112.01  23.12   0.27   0.75    0.074 -0.073  0.063 -0.001
    2      9.46  37.95 110.74  22.77   0.29   0.74    0.069 -0.030  0.098 -0.031
    3     27.46-129.96  -7.74  11.65   0.61   0.96    0.053  0.011  0.375 -0.170
    4     15.82-131.12  -6.66  10.35   0.75   0.99    0.027 -0.098  0.193 -0.293
    5     45.84 -40.48  38.44  23.42   0.25   0.54    0.056 -0.068 -0.172 -0.202
    6     49.59 -36.74  40.56  16.71   0.15   0.27    0.035  0.090 -0.072  0.180
    7     14.05-134.88-119.37   6.38   0.65   1.03    0.016  0.268 -0.262 -0.021
    8     30.57-141.06 -43.62   8.56   0.55   1.17    0.048 -0.123  0.138 -0.009
    9     39.81  10.58  56.32  11.48   0.10   0.04    0.046 -0.147 -0.159 -0.305
   10     18.16 -88.11-308.23  16.21   1.10   1.63   -0.052 -0.594  0.038  0.003
   11      5.32 -63.57-309.67  15.62   1.36   1.42   -0.124 -0.739 -0.017  0.009
   12     51.36  34.93  94.67  15.65   0.22   0.51    0.066 -0.093  0.014  0.046
   13     47.01  33.32  98.16  19.00   0.36   0.74    0.050  0.011  0.106 -0.013
   14     56.00  33.38  97.49  14.13   0.45   0.54    0.039 -0.026 -0.027  0.124
   15     44.76  33.56  97.82  17.30   0.43   0.81    0.014 -0.285  0.282  0.077
   16     44.97  34.75  96.32  18.60   0.51   0.81    0.040 -0.047  0.237 -0.028
   17     22.19  -1.06  82.52  18.40   0.42   0.56    0.037  0.008  0.100 -0.123
   18     36.57 -34.05   4.24  10.59   0.27   0.22    0.034  0.039 -0.086 -0.256
   19     33.44  41.10  64.27   9.80   0.12   0.11    0.064 -0.220  0.086 -0.137
   20     46.06  37.56  85.32  16.20   0.43   0.75    0.008 -0.209  0.117  0.000
   21     34.23  36.57  82.75  13.92   0.63   0.51    0.055 -0.023 -0.051 -0.315
   22     26.01  35.50  85.48  13.16   0.39   0.37    0.050 -0.146  0.018 -0.087
   23     16.02  35.23  86.46  11.27   0.54   0.30    0.047 -0.260  0.085 -0.337
   24      2.02  35.10  82.95   6.69   0.50   0.17   -0.002  0.074  0.487  0.575
   25     48.76 -45.84  23.42  22.20   0.10   0.40    0.076  0.060 -0.212  0.134
   26     27.72 -70.03  -3.72   9.87   0.16   0.14    0.058  0.121 -0.102 -0.279
   27      0.32  -0.55  49.24  12.62   0.48   0.30    0.058  0.038 -0.172 -0.230
   28     59.21  37.72  76.70  11.11   0.66   0.53    0.043  0.033  0.184 -0.117
   29     20.38-148.59 -11.95  14.80   0.43   1.16    0.059  0.119  0.395  0.005
   30      3.06  36.34  76.55  13.56   0.76   0.64    0.066  0.211 -0.170  0.224
   31     21.11  36.38  77.36  14.20   0.60   0.62    0.049 -0.122 -0.106  0.018
   32     50.92  36.74  77.05  15.07   0.35   0.35    0.051 -0.101 -0.055 -0.093
   33      0.96  37.35  76.10  15.61   0.46   0.45    0.067 -0.005 -0.042  0.034
   34     55.56 -16.96  34.83  24.27   0.14   0.37    0.076  0.112 -0.033 -0.106
   35     39.43 -71.41  -8.02   3.77   0.22   0.14    0.116  0.316  0.236  0.204
   36     59.25  36.67  77.77  15.25   0.57   0.61    0.060  0.044 -0.077  0.215
   37      5.73  31.09  49.90  14.44   0.22   0.24    0.061 -0.147 -0.128 -0.316
   38     46.60  73.04  73.08  16.99   0.51   0.75    0.032 -0.093 -0.019  0.123
   39     14.18   0.78  26.03   3.03   0.11  -0.01    0.036  0.031 -0.106 -0.351
   40     14.65 -42.11  13.85  16.31   0.35   0.30    0.015 -0.079 -0.023 -0.199
   41     56.52  34.99  78.90   5.79   0.14   0.09    0.068  0.059 -0.227  0.344
   42     34.42  -3.99  46.16  17.71   0.18   0.26    0.058  0.076 -0.072 -0.162
   43     24.77-110.06 -39.19   5.13   0.43   0.20    0.070  0.427  0.068  0.010
   44     49.81  30.08  50.26   8.16   0.06   0.01    0.058 -0.112 -0.143 -0.199
   45     41.37-144.77  45.86  18.34   0.30   1.13    0.086  0.147  0.182  0.017
   46     34.23 -57.29  -0.71  15.68   0.21   0.33    0.055  0.123 -0.042 -0.166
   47      1.19  10.67  80.58  21.83   0.44   0.74    0.084  0.098 -0.002 -0.035
   48     37.41  10.65  81.53  23.47   0.23   0.55    0.096  0.088 -0.033 -0.028
   49     35.83  54.64  84.74  22.41   0.35   0.55    0.055 -0.114  0.097 -0.083
   50     36.23-102.61 -35.86  15.23   0.56   0.86    0.037  0.038 -0.105 -0.037
   51     53.35-100.97 -54.88   8.99   0.73   0.99    0.043  0.280 -0.076 -0.302
   52     43.39-115.28  43.69  15.49   0.51   0.99    0.055 -0.018  0.386 -0.003
   53      1.18  10.63  80.87  21.28   0.44   0.77    0.081  0.091  0.095 -0.025
   54      2.35 -83.73 322.65  15.68   0.34   0.56   -0.493 -0.042 -0.081  0.036
   55      2.80 -89.79 304.20   0.49   0.18   0.78   -0.328  0.037 -0.035  0.039
   56     45.02  36.01  67.50  14.73   0.61   0.62    0.053 -0.029 -0.156 -0.119
   57     47.16 -84.96 154.78  15.59   0.37   1.42   -0.022 -0.094  0.149 -0.011
   58     45.71 -80.99 150.91  15.11   0.30   1.38    0.034 -0.001  0.126  0.016
   59      8.83 -81.34   0.22   2.45   0.80   0.42    0.150  0.504 -0.078  0.078
   60      3.81-110.35-118.57   4.00   0.77   1.12    0.085  0.082  0.297  0.025
   61      0.85-131.19 -55.41   2.34   0.57   0.55    0.120 -0.701 -0.089  1.433
   62     20.26  19.29 152.56  15.59   0.43   1.20    0.058  0.029 -0.048  0.000
   63     18.94 -47.17  29.70  19.94   0.33   0.46    0.057  0.068 -0.150  0.022
   64      4.69-161.85 185.68   8.16   0.57   1.51   -0.039  0.951  1.396  0.210
   65     23.53 -47.74  20.26  15.40   0.13   0.22    0.062  0.142 -0.195 -0.032
   66     33.01-151.97  43.64  18.10   0.31   1.14    0.080  0.049  0.293  0.182
   67     42.08 -37.09  -5.17  18.10   0.39   0.56    0.069  0.105 -0.181 -0.432
   68     14.30  50.67 106.38  19.89   0.41   0.91    0.054  0.067  0.305 -0.426
   69     48.30-214.97-349.14  73.50   0.00   0.00    0.000  0.000  0.000  0.000
   70      5.58  33.67  97.25  19.20   0.41   0.88    0.039  0.040  0.237 -0.161
   71      4.55   5.96  57.00   2.44   0.52   0.28    0.210 -0.094  0.021  0.366
   72     56.02 132.64-297.74  96.97   0.01   0.11   -0.117 -0.009  0.012 -0.004
   73     13.04  50.75  81.81  23.14   0.37   0.80    0.063  0.171 -0.078  0.028
   74     36.34-102.51  70.36  22.10   0.21   0.95    0.060 -0.077  0.086  0.145
   75     46.98-107.76   2.77   0.14   1.01   0.65    0.119 -0.192  0.216  0.031
   76     54.60-217.19 302.17   0.10   0.00   0.00    0.000  0.000  0.000  0.000
   77     44.22  50.92  93.90  16.60   0.38   0.73    0.050 -0.018  0.050 -0.074
   78     41.93  38.60  66.23  21.89   0.40   0.64    0.060  0.113 -0.157 -0.075
 ***** depth constrained for event    79
   79     58.98 -68.78  -4.12   0.11   0.55   0.51    0.167  0.473  0.039 -0.067
   80     27.14 -69.47  -5.71   0.88   0.54   0.47    0.229  0.248 -0.125  0.708
   81     27.31 -69.22  -4.33   0.13   0.56   0.51    0.199  0.384 -0.040  0.015
   82     23.74 -69.36  -4.29   1.23   0.46   0.32    0.240  0.255 -0.087  0.862
   83     23.26 -71.09  -6.45   6.80   0.16   0.09    0.034  0.048 -0.168  0.138
   84     21.34 -43.03   8.19  20.74   0.12   0.34    0.061  0.183 -0.320 -0.095
   85     24.72-167.65 -45.72  10.90   0.38   1.25    0.028 -0.097  0.301  0.004
   86     44.22 -12.24  29.99  17.65   0.31   0.37    0.048  0.046 -0.174 -0.141
   87     29.08 -61.64   6.86   4.03   0.14   0.06    0.049 -0.009 -0.179  0.347
   88     38.20-103.78 -28.08   8.25   0.65   0.46    0.053  0.111  0.137  0.003
   89     47.92-141.88  89.63  20.28   0.19   1.20    0.095 -0.078  0.106 -0.002
   90     48.41-139.75  88.48  20.18   0.16   1.16    0.088 -0.000  0.206 -0.002
   91     34.19  33.65  85.11  19.36   0.44   0.82    0.042  0.133  0.032 -0.197

 A V E R A G E   of ADJUSTMENTS :                     0.047  0.020  0.032  0.001
 A V E R A G E   of ABSOLUTE ADJUSTMENTS :            0.073  0.139  0.145  0.153


 Step length damping of 0.25372 was applied.


 Velocity adjustments:
     vp    dvp      hp   reflector
 Velocity model   1
   5.117 -0.091   -5.000      
   5.781  0.094   -2.910      
   6.061  0.044    2.860      
   6.501 -0.003   10.630      
   6.633 -0.095   12.370      
   6.914 -0.200   16.150      
   7.074 -0.117   21.000      
   7.075  0.000   27.310      
   7.605 -0.124   37.090      
   7.734  0.005   38.360      

 Calculation of average velocity starts at layer #           1
 z = -5.00 ... -2.91    v = 5.12    AVEL = 5.12 downto z =  -2.91
 z = -2.91 ...  2.86    v = 5.78    AVEL = 5.60 downto z =   2.86
 z =  2.86 ... 10.63    v = 6.06    AVEL = 5.83 downto z =  10.63
 z = 10.63 ... 12.37    v = 6.50    AVEL = 5.90 downto z =  12.37
 z = 12.37 ... 16.15    v = 6.63    AVEL = 6.03 downto z =  16.15
 z = 16.15 ... 21.00    v = 6.91    AVEL = 6.19 downto z =  21.00
 z = 21.00 ... 27.31    v = 7.07    AVEL = 6.37 downto z =  27.31
 z = 27.31 ... 37.09    v = 7.07    AVEL = 6.53 downto z =  37.09
 z = 37.09 ... 38.36    v = 7.60    AVEL = 6.56 downto z =  38.36


 Calculation of average velocity starts at layer #           2
 z = -2.91 ...  2.86    v = 5.78    AVEL = 5.78 downto z =   2.86
 z =  2.86 ... 10.63    v = 6.06    AVEL = 5.94 downto z =  10.63
 z = 10.63 ... 12.37    v = 6.50    AVEL = 6.01 downto z =  12.37
 z = 12.37 ... 16.15    v = 6.63    AVEL = 6.13 downto z =  16.15
 z = 16.15 ... 21.00    v = 6.91    AVEL = 6.29 downto z =  21.00
 z = 21.00 ... 27.31    v = 7.07    AVEL = 6.45 downto z =  27.31
 z = 27.31 ... 37.09    v = 7.07    AVEL = 6.60 downto z =  37.09
 z = 37.09 ... 38.36    v = 7.60    AVEL = 6.64 downto z =  38.36



 Adjusted station corrections:
   stn  ptcor  dpcor  
  624   0.000  0.000  628  -0.073 -0.050  630  -0.026 -0.021  627   0.055  0.017
  621   0.010 -0.002  629   0.075  0.033  622  -0.002 -0.005  620  -0.044 -0.028
  623   0.086  0.039  626   0.087  0.034  625   0.068  0.022  631   0.064  0.038
  632  -0.100 -0.033

 ~~~ another iteration? ...



--------------------------------------------------------------------------------



           ITERATION no  3

 ~~~ set units for this iteration ...
 ~~~ determine number of unknowns for this iter. ...

 Number of unknowns (for array-indexing):  nvar =  386
 Number of effective unknowns        :  nvareff =  387
 Number of elements on/below main diagonal of matrix G = At*A : kvar =   74691

 Damping factors to be used in this iteration:
   Othet=   0.010   XYthet  =   0.010   Zthet=  0.010
 STAthet=   0.010   Vthet   =   1.000

 ~~~ damp G ...
 ~~~ solve G * b = RHT ...
 ~~~ fix units ...
 ~~~ apply eventually step-length damping ...
 ~~~ adjust model (hypocenters, stacorr & veloc.) ...

 doing velocity adjustments now...
 WARNING: Tried to introduce a low-velocity-layer! (Layer  8)
 Setting DVP from -0.14 to 0.0 and VP to vp(layer_above)+0.001

 doing station-correction adjustments...

 ~~~ compute effective step-length ...

 (Applied) Step length =   5.121

 ~~~ set units for next iteration ...
 ~~~ determine number of unknowns for next iter. ...

 Number of unknowns (for array-indexing):  nvar =  386
 Number of effective unknowns        :  nvareff =  387
 Number of elements on/below main diagonal of matrix G = At*A : kvar =   74691

 ~~~ reset G and RHT ...
 ~~~ raytracing, setup G ...
 ~~~ store parts of G ...
 ~~~ set units back for current iteration ...
 ~~~ determine number of unknowns for this iter. ...

 Number of unknowns (for array-indexing):  nvar =  386
 Number of effective unknowns        :  nvareff =  387
 Number of elements on/below main diagonal of matrix G = At*A : kvar =   74691

 ~~~ compute RMS and DATVAR ...

 $$$$$$$$$$$$$$$$$$$$$$$$$$$$$$$$$$$$$$$$$$$$$$$$$
 Events with  | AVRES | > 1.0 SEC are suspicious !

 Event#  10 >>>  160920 1607  AVRES =  1.10 NOBS =  2
 Event#  64 >>>  170414 0540  AVRES =  1.01 NOBS = 11

 ^^^^^^^^^ C H E C K   these events above ^^^^^^^^
 $$$$$$$$$$$$$$$$$$$$$$$$$$$$$$$$$$$$$$$$$$$$$$$$$

 ~~~ check solution (better? worse?) ...

 Iteration nr  3 obtained:
 DATVAR=    0.413409 mean sqrd residual=     0.177784  RMS RESIDUAL=     0.421645

 After  3 iterations we got:
 Average absolute & unweighted [and mean] residual of
   371 straight and direct rays =  0.31839 [  0.30345]
   308 refracted           rays =  0.71568 [  0.66442]
     0 reflected           rays =  0.00000 [  0.00000]

   679 ALL                 RAYS =  0.49860 [  0.46719]      -27.18 %

 ~~~ iteration done; output results ...

  eq       ot     x      y      z      rms    avres   dot     dx     dy     dz
    1      9.33  38.42 112.07  23.11   0.21   0.52    0.051 -0.110  0.060 -0.007
    2      9.51  37.89 110.84  22.73   0.22   0.52    0.046 -0.061  0.105 -0.047
    3     27.50-129.95  -7.18  11.42   0.47   0.67    0.041  0.018  0.558 -0.228
    4     15.85-131.19  -6.34  10.03   0.56   0.67    0.030 -0.069  0.324 -0.316
    5     45.87 -40.53  38.26  23.20   0.20   0.38    0.035 -0.050 -0.185 -0.224
    6     49.61 -36.64  40.52  16.92   0.13   0.21    0.025  0.100 -0.037  0.205
    7     14.02-134.53-119.76   6.51   0.40   0.71   -0.023  0.346 -0.390  0.138
    8     30.61-141.21 -43.55   8.71   0.38   0.80    0.041 -0.154  0.071  0.148
    9     39.85  10.41  56.12  11.12   0.10   0.05    0.043 -0.175 -0.200 -0.361
   10     18.08 -88.82-308.19  16.21   1.04   1.10   -0.078 -0.710  0.049  0.005
   11      5.17 -64.47-309.69  15.63   1.31   0.96   -0.149 -0.898 -0.018  0.012
   12     51.40  34.92  94.69  16.04   0.13   0.35    0.046 -0.010  0.017  0.381
   13     47.04  33.30  98.31  18.92   0.25   0.51    0.033 -0.019  0.145 -0.084
   14     56.03  33.40  97.42  14.50   0.27   0.38    0.025  0.019 -0.067  0.363
   15     44.79  33.51  98.01  17.49   0.31   0.56    0.024 -0.053  0.189  0.196
   16     44.97  34.58  96.66  18.69   0.36   0.56   -0.000 -0.173  0.337  0.089
   17     22.21  -1.12  82.58  18.33   0.28   0.40    0.020 -0.062  0.064 -0.068
   18     36.61 -33.97   4.20  10.34   0.18   0.16    0.035  0.075 -0.042 -0.255
   19     33.51  40.97  64.11   9.37   0.10   0.10    0.073 -0.122 -0.158 -0.430
   20     46.09  37.49  85.33  16.09   0.30   0.53    0.027 -0.067  0.005 -0.113
   21     34.28  36.44  82.78  13.41   0.48   0.36    0.052 -0.124  0.026 -0.513
   22     26.04  35.32  85.64  13.16   0.29   0.28    0.031 -0.183  0.160  0.007
   23     16.05  34.96  86.53  10.87   0.43   0.26    0.034 -0.268  0.072 -0.404
   24      2.03  35.14  83.22   6.91   0.44   0.15    0.001  0.040  0.271  0.222
   25     48.83 -45.81  23.19  22.30   0.07   0.29    0.065  0.035 -0.228  0.102
   26     27.79 -69.73  -3.74   9.47   0.13   0.12    0.063  0.304 -0.024 -0.397
   27      0.37  -0.49  49.06  12.41   0.32   0.23    0.050  0.066 -0.183 -0.219
   28     59.27  37.88  76.68  10.74   0.47   0.39    0.064  0.160 -0.018 -0.368
   29     20.43-148.50 -11.57  14.85   0.32   0.78    0.052  0.090  0.377  0.050
   30      3.13  36.32  76.50  13.09   0.57   0.46    0.068 -0.029 -0.054 -0.470
   31     21.16  36.14  77.32  13.99   0.42   0.44    0.042 -0.239 -0.036 -0.209
   32     50.96  36.65  76.95  14.91   0.25   0.26    0.049 -0.092 -0.097 -0.169
   33      1.02  37.35  75.99  15.58   0.33   0.32    0.062  0.001 -0.110 -0.030
   34     55.63 -16.77  34.85  24.11   0.11   0.27    0.068  0.189  0.015 -0.158
   35     39.54 -70.96  -7.85   3.54   0.21   0.14    0.110  0.456  0.179 -0.229
   36     59.30  36.65  77.70  15.19   0.41   0.43    0.057 -0.019 -0.079 -0.057
   37      5.79  30.92  49.78  14.00   0.19   0.20    0.055 -0.175 -0.122 -0.441
   38     46.64  72.89  73.16  17.05   0.38   0.53    0.038 -0.156  0.081  0.060
   39     14.19   0.80  25.91   2.74   0.42   0.54    0.013  0.020 -0.123 -0.282
   40     14.66 -42.18  13.82  16.06   0.28   0.23    0.009 -0.070 -0.027 -0.251
   41     56.57  34.96  78.61   6.07   0.13   0.11    0.047 -0.025 -0.294  0.285
   42     34.48  -3.86  46.11  17.42   0.14   0.20    0.059  0.125 -0.046 -0.282
   43     24.87-109.65 -38.75   4.54   0.36   0.18    0.099  0.415  0.442 -0.588
   44     49.84  29.96  50.10   7.95   0.06   0.04    0.036 -0.115 -0.157 -0.210
   45     41.44-144.63  46.07  18.27   0.22   0.76    0.071  0.136  0.209 -0.071
   46     34.28 -57.13  -0.72  15.45   0.15   0.24    0.051  0.161 -0.016 -0.239
   47      1.25  10.74  80.54  21.81   0.32   0.52    0.067  0.076 -0.042 -0.016
   48     37.49  10.74  81.43  23.46   0.15   0.39    0.078  0.088 -0.091 -0.004
   49     35.87  54.46  84.84  22.32   0.26   0.39    0.041 -0.174  0.097 -0.086
   50     36.28-102.44 -35.91  15.11   0.41   0.59    0.055  0.178 -0.058 -0.116
   51     53.39-100.73 -54.67   8.58   0.58   0.68    0.043  0.243  0.212 -0.417
   52     43.43-115.25  44.12  14.99   0.39   0.67    0.035  0.033  0.429 -0.501
   53      1.24  10.70  80.94  21.27   0.31   0.54    0.064  0.063  0.067 -0.011
   54      1.82 -83.79 322.56  15.72   0.31   0.38   -0.529 -0.056 -0.091  0.041
   55      2.41 -89.73 304.17   0.53   0.11   0.53   -0.392  0.065 -0.036  0.045
   56     45.07  35.91  67.37  14.48   0.44   0.43    0.045 -0.109 -0.122 -0.250
   57     47.11 -85.12 154.98  15.53   0.34   0.95   -0.050 -0.160  0.197 -0.056
   58     45.73 -80.60 151.31  15.33   0.24   0.93    0.019  0.390  0.397  0.214
   59      8.95 -80.63  -0.12   1.96   0.66   0.39    0.118  0.701 -0.342 -0.492
   60      3.89-110.15-118.12   3.98   0.59   0.77    0.076  0.204  0.442 -0.011
   61      0.92-131.98 -55.18   3.92   0.54   0.20    0.067 -0.796  0.226  1.581
   62     20.31  19.38 152.39  15.38   0.34   0.81    0.052  0.088 -0.171 -0.211
   63     19.00 -47.08  29.60  19.70   0.24   0.33    0.066  0.090 -0.102 -0.242
   64      4.58-160.80 187.37   8.54   0.51   1.01   -0.107  1.049  1.690  0.375
   65     23.58 -47.62  20.03  15.37   0.11   0.18    0.053  0.119 -0.223 -0.033
   66     33.10-151.92  43.96  18.18   0.27   0.78    0.088  0.055  0.322  0.074
   67     42.16 -36.95  -5.30  17.36   0.30   0.40    0.081  0.140 -0.134 -0.739
   68     14.31  50.49 106.87  19.40   0.33   0.62    0.013 -0.181  0.493 -0.493
   69     48.30-214.97-349.14  73.50   0.00   0.00    0.000  0.000  0.000  0.000
   70      5.59  33.66  97.51  19.05   0.28   0.61    0.015 -0.012  0.266 -0.144
   71      4.69   5.90  57.01   2.77   0.71   0.27    0.142 -0.060  0.007  0.332
   72     55.28 132.58-297.67  96.95   0.01   0.08   -0.742 -0.056  0.074 -0.024
   73     13.08  50.88  81.70  23.25   0.28   0.56    0.039  0.125 -0.111  0.107
   74     36.36-102.59  70.52  22.28   0.17   0.66    0.023 -0.085  0.159  0.183
   75     47.05-108.11   3.51   0.06   0.95   0.55    0.070 -0.352  0.739 -0.083
   76     54.60-217.19 302.17   0.10   0.00   0.00    0.000  0.000  0.000  0.000
   77     44.25  50.86  94.01  16.57   0.26   0.52    0.030 -0.060  0.112 -0.035
   78     41.98  38.68  66.04  21.83   0.29   0.45    0.044  0.080 -0.194 -0.060
   79     59.13 -68.55  -4.26   0.50   0.46   0.45    0.154  0.229 -0.143  0.385
   80     27.34 -69.41  -5.94   2.38   0.45   0.30    0.199  0.061 -0.226  1.501
   81     27.46 -69.00  -4.48   0.52   0.48   0.38    0.151  0.224 -0.147  0.394
   82     23.91 -69.26  -4.42   2.50   0.38   0.18    0.172  0.098 -0.131  1.268
   83     23.30 -70.93  -6.61   6.66   0.13   0.10    0.033  0.153 -0.161 -0.139
   84     21.39 -42.83   7.83  20.63   0.09   0.25    0.049  0.199 -0.352 -0.113
   85     24.74-167.69 -45.52  10.82   0.29   0.84    0.016 -0.041  0.209 -0.077
   86     44.26 -12.21  29.79  17.47   0.21   0.28    0.042  0.037 -0.195 -0.183
   87     29.10 -61.58   6.66   4.42   0.12   0.08    0.018  0.055 -0.202  0.391
   88     38.23-103.64 -27.98   7.91   0.50   0.36    0.034  0.136  0.096 -0.343
   89     47.95-141.97  89.78  20.28   0.23   0.80    0.031 -0.094  0.145 -0.001
   90     48.44-139.76  88.74  20.18   0.20   0.78    0.027 -0.005  0.259 -0.001
   91     34.21  33.76  85.09  19.29   0.32   0.56    0.017  0.115 -0.021 -0.063

 A V E R A G E   of ADJUSTMENTS :                     0.025  0.015  0.048 -0.039
 A V E R A G E   of ABSOLUTE ADJUSTMENTS :            0.070  0.157  0.180  0.240


 Step length damping of 0.33114 was applied.


 Velocity adjustments:
     vp    dvp      hp   reflector
 Velocity model   1
   5.045 -0.072   -5.000      
   5.854  0.073   -2.910      
   6.059 -0.001    2.860      
   6.505  0.004   10.630      
   6.522 -0.111   12.370      
   6.714 -0.200   16.150      
   6.938 -0.136   21.000      
   6.939  0.000   27.310      
   7.569 -0.036   37.090      
   7.576 -0.158   38.360      

 Calculation of average velocity starts at layer #           1
 z = -5.00 ... -2.91    v = 5.05    AVEL = 5.05 downto z =  -2.91
 z = -2.91 ...  2.86    v = 5.85    AVEL = 5.64 downto z =   2.86
 z =  2.86 ... 10.63    v = 6.06    AVEL = 5.85 downto z =  10.63
 z = 10.63 ... 12.37    v = 6.51    AVEL = 5.91 downto z =  12.37
 z = 12.37 ... 16.15    v = 6.52    AVEL = 6.02 downto z =  16.15
 z = 16.15 ... 21.00    v = 6.71    AVEL = 6.15 downto z =  21.00
 z = 21.00 ... 27.31    v = 6.94    AVEL = 6.31 downto z =  27.31
 z = 27.31 ... 37.09    v = 6.94    AVEL = 6.45 downto z =  37.09
 z = 37.09 ... 38.36    v = 7.57    AVEL = 6.49 downto z =  38.36


 Calculation of average velocity starts at layer #           2
 z = -2.91 ...  2.86    v = 5.85    AVEL = 5.85 downto z =   2.86
 z =  2.86 ... 10.63    v = 6.06    AVEL = 5.97 downto z =  10.63
 z = 10.63 ... 12.37    v = 6.51    AVEL = 6.03 downto z =  12.37
 z = 12.37 ... 16.15    v = 6.52    AVEL = 6.13 downto z =  16.15
 z = 16.15 ... 21.00    v = 6.71    AVEL = 6.25 downto z =  21.00
 z = 21.00 ... 27.31    v = 6.94    AVEL = 6.39 downto z =  27.31
 z = 27.31 ... 37.09    v = 6.94    AVEL = 6.53 downto z =  37.09
 z = 37.09 ... 38.36    v = 7.57    AVEL = 6.56 downto z =  38.36



 Adjusted station corrections:
   stn  ptcor  dpcor  
  624   0.000  0.000  628  -0.127 -0.055  630  -0.046 -0.020  627   0.078  0.023
  621   0.010  0.000  629   0.108  0.034  622  -0.000  0.001  620  -0.073 -0.029
  623   0.139  0.053  626   0.100  0.014  625   0.090  0.021  631   0.096  0.033
  632  -0.170 -0.070

 ~~~ another iteration? ...
 NITT = ITTMAX  --> stop iterations.
 ~~~ final solution reached ...

 ~~~ damp G & Chol.-Decomp.: NOT made (switch iresolcalc is NOT set !)

 Final rms values:  0.21 0.22 0.47 0.56 0.20 0.13 0.40 0.38 0.10 1.04
                    1.31 0.13 0.25 0.27 0.31 0.36 0.28 0.18 0.10 0.30
                    0.48 0.29 0.43 0.44 0.07 0.13 0.32 0.47 0.32 0.57
                    0.42 0.25 0.33 0.11 0.21 0.41 0.19 0.38 0.42 0.28
                    0.13 0.14 0.36 0.06 0.22 0.15 0.32 0.15 0.26 0.41
                    0.58 0.39 0.31 0.31 0.11 0.44 0.34 0.24 0.66 0.59
                    0.54 0.34 0.24 0.51 0.11 0.27 0.30 0.33 0.00 0.28
                    0.71 0.01 0.28 0.17 0.95 0.00 0.26 0.29 0.46 0.45
                    0.48 0.38 0.13 0.09 0.29 0.21 0.12 0.50 0.23 0.20
                    0.32



 ~~~ output final hypocenters ...

      date    origin   latitude longitude  depth  mag  no  rms      x      y      z
   1 160818 1613  9.33 73.0044N 124.8557E  23.11 1.40   6 0.211   38.42 112.07  23.11
   2 160818 1613  9.51 72.9934N 124.8718E  22.73 1.10   6 0.223   37.89 110.84  22.73
   3 160819 0959 27.50 71.9356N 129.7597E  11.42 4.00  12 0.468 -129.95  -7.18  11.42
   4 160820 1506 15.85 71.9432N 129.7964E  10.03 1.50   9 0.565 -131.19  -6.34  10.03
   5 160820 1904 45.87 72.3429N 127.1856E  23.20 1.20   6 0.196  -40.53  38.26  23.20
   6 160822 1318 49.61 72.3631N 127.0724E  16.92 0.60   8 0.125  -36.64  40.52  16.92
   7 160823 0652 14.02 70.9267N 129.7901E   6.51 2.90   6 0.401 -134.53-119.76   6.51
   8 160824 1510 30.61 71.6097N 130.0504E   8.71 1.50   9 0.377 -141.21 -43.55   8.71
   9 160906 1514 39.85 72.5029N 125.6942E  11.12 0.90   6 0.099   10.41  56.12  11.12
  10 160920 1607 18.08 69.2381N 128.3974E  16.21 2.60   2 1.043  -88.82-308.19  16.21
  11 160925 1911  5.17 69.2246N 127.7394E  15.63 2.30   2 1.309  -64.47-309.69  15.63
  12 161004 0841 51.40 72.8486N 124.9643E  16.04 0.20   6 0.126   34.92  94.69  16.04
  13 161005 1619 47.04 72.8810N 125.0115E  18.92 1.00   9 0.254   33.30  98.31  18.92
  14 161006 0156 56.03 72.8731N 125.0087E  14.50 1.00   7 0.268   33.40  97.42  14.50
  15 161009 0036 44.79 72.8783N 125.0053E  17.49 1.30   8 0.314   33.51  98.01  17.49
  16 161009 0036 44.97 72.8662N 124.9740E  18.69 1.20   7 0.363   34.58  96.66  18.69
  17 161012 0800 22.21 72.7401N 126.0332E  18.33 0.80   7 0.280   -1.12  82.58  18.33
  18 161015 1013 36.61 72.0376N 126.9856E  10.34 0.70   7 0.180  -33.97   4.20  10.34
  19 161021 0507 33.51 72.5746N 124.7939E   9.37 0.80   6 0.099   40.97  64.11   9.37
  20 161124 2250 46.09 72.7647N 124.8905E  16.09 3.10   4 0.301   37.49  85.33  16.09
  21 161125 0156 34.28 72.7418N 124.9223E  13.41 0.60   7 0.478   36.44  82.78  13.41
  22 161125 0517 26.04 72.7675N 124.9549E  13.16 1.60   6 0.289   35.32  85.64  13.16
  23 161125 0525 16.05 72.7755N 124.9652E  10.87 0.80   6 0.428   34.96  86.53  10.87
  24 161125 0556  2.03 72.7458N 124.9608E   6.91 0.20   6 0.438   35.14  83.22   6.91
  25 170117 0846 48.83 72.2078N 127.3350E  22.30 0.30   6 0.074  -45.81  23.19  22.30
  26 170122 1614 27.79 71.9665N 128.0190E   9.47 0.90   6 0.130  -69.73  -3.74   9.47
  27 170125 2244  0.37 72.4397N 126.0143E  12.41 0.80   6 0.321   -0.49  49.06  12.41
  28 170302 1359 59.27 72.6872N 124.8816E  10.74 0.50   7 0.467   37.88  76.68  10.74
  29 170302 2335 20.43 71.8963N 130.2919E  14.85 2.10   9 0.324 -148.50 -11.57  14.85
  30 170304 2135  3.13 72.6856N 124.9277E  13.09 1.30   7 0.569   36.32  76.50  13.09
  31 170307 0447 21.16 72.6930N 124.9326E  13.99 1.70  10 0.421   36.14  77.32  13.99
  32 170307 2016 50.96 72.6896N 124.9178E  14.91 1.10   6 0.248   36.65  76.95  14.91
  33 170309 1454  1.02 72.6810N 124.8974E  15.58 0.30   6 0.326   37.35  75.99  15.58
  34 170311 0430 55.63 72.3123N 126.4902E  24.11 0.30   6 0.109  -16.77  34.85  24.11
  35 170312 0416 39.54 71.9297N 128.0527E   3.54 2.10   6 0.210  -70.96  -7.85   3.54
  36 170313 0553 59.30 72.6963N 124.9175E  15.19 1.00   9 0.408   36.65  77.70  15.19
  37 170313 0809  5.79 72.4461N 125.0930E  14.00 1.20   7 0.186   30.92  49.78  14.00
  38 170315 0234 46.64 72.6557N 123.8496E  17.05 1.40   7 0.381   72.89  73.16  17.05
  39 170317 1007 14.19 72.2322N 125.9768E   2.74 0.50   7 0.423    0.80  25.91   2.74
  40 170320 0711 14.66 72.1239N 127.2267E  16.06 0.90   6 0.278  -42.18  13.82  16.06
  41 170320 0853 56.57 72.7045N 124.9672E   6.07 0.40   6 0.128   34.96  78.61   6.07
  42 170320 1900 34.48 72.4133N 126.1132E  17.42 0.60   7 0.142   -3.86  46.11  17.42
  43 170323 0519 24.87 71.6527N 129.1486E   4.54 1.20   6 0.355 -109.65 -38.75   4.54
  44 170323 1612 49.84 72.4490N 125.1210E   7.95 0.50   6 0.062   29.96  50.10   7.95
  45 170323 1906 41.44 72.4129N 130.2388E  18.27 1.00   6 0.220 -144.63  46.07  18.27
  46 170326 0836 34.28 71.9935N 127.6555E  15.45 1.50   7 0.154  -57.13  -0.72  15.45
  47 170402 0422  1.25 72.7218N 125.6824E  21.81 1.20  10 0.316   10.74  80.54  21.81
  48 170402 0636 37.49 72.7298N 125.6826E  23.46 0.70   6 0.147   10.74  81.43  23.46
  49 170404 2347 35.87 72.7603N 124.3887E  22.32 0.50   6 0.261   54.46  84.84  22.32
  50 170405 0307 36.28 71.6781N 128.9435E  15.11 1.00  10 0.410 -102.44 -35.91  15.11
  51 170405 1410 53.39 71.5100N 128.8816E   8.58 1.70  10 0.577 -100.73 -54.67   8.58
  52 170406 0838 43.43 72.3954N 129.3761E  14.99 0.90  10 0.389 -115.25  44.12  14.99
  53 170406 1728  1.24 72.7254N 125.6838E  21.27 0.90  10 0.309   10.70  80.94  21.27
  54 170407 1729  1.82 74.8907N 128.6335E  15.72 1.80   2 0.314  -83.79 322.56  15.72
  55 170407 1729  2.41 74.7259N 128.8066E   0.53 1.60   5 0.113  -89.73 304.17   0.53
  56 170408 1004 45.07 72.6038N 124.9422E  14.48 1.40  13 0.440   35.91  67.37  14.48
  57 170409 0856 47.11 73.3889N 128.5627E  15.53 2.50   6 0.342  -85.12 154.98  15.53
  58 170409 0902 45.73 73.3560N 128.4242E  15.33 1.10   7 0.238  -80.60 151.31  15.33
  59 170410 1520  8.95 71.9989N 128.3369E   1.96 1.00  10 0.659  -80.63  -0.12   1.96
  60 170410 1813  3.89 70.9414N 129.1044E   3.98 2.20  13 0.594 -110.15-118.12   3.98
  61 170412 1507  0.92 71.5055N 129.7751E   3.92 0.70   6 0.539 -131.98 -55.18   3.92
  62 170413 0651 20.31 73.3657N 125.4170E  15.38 1.00  10 0.345   19.38 152.39  15.38
  63 170414 0459 19.00 72.2653N 127.3744E  19.70 0.50   7 0.236  -47.08  29.60  19.70
  64 170414 0540  4.58 73.6792N 130.8808E   8.54 1.80  11 0.514 -160.80 187.37   8.54
  65 170414 1656 23.58 72.1795N 127.3868E  15.37 0.20   6 0.108  -47.62  20.03  15.37
  66 170414 1753 33.10 72.3940N 130.4501E  18.18 0.70   6 0.273 -151.92  43.96  18.18
  67 170416 0523 42.16 71.9525N 127.0696E  17.36 1.60  13 0.300  -36.95  -5.30  17.36
  68 170416 1220 14.31 72.9578N 124.4981E  19.40 1.00  11 0.328   50.49 106.87  19.40
 WARNING: Event-# :          69 has zero observations!
  69 170416 1257 48.30 68.8710N 131.7500E  73.50 2.20   0 0.000 -214.97-349.14  73.50
  70 170416 1821  5.59 72.8739N 125.0010E  19.05 1.30  13 0.278   33.66  97.51  19.05
  71 170418 0606  4.69 72.5109N 125.8265E   2.77 0.20   6 0.712    5.90  57.01   2.77
  72 170418 1005 55.28 69.3324N 122.4130E  96.95 2.20   1 0.006  132.58-297.67  96.95
  73 170418 1500 13.08 72.7321N 124.4958E  23.25 1.30  12 0.281   50.88  81.70  23.25
  74 170420 1302 36.36 72.6320N 129.0247E  22.28 0.90  11 0.170 -102.59  70.52  22.28
  75 170420 2248 47.05 72.0314N 129.1361E   0.06 0.70  11 0.946 -108.11   3.51   0.06
 WARNING: Event-# :          76 has zero observations!
  76 170423 0850 54.60 74.7080N 132.7900E   0.10 1.90   0 0.000 -217.19 302.17   0.10
  77 170423 1455 44.25 72.8425N 124.4918E  16.57 0.60   8 0.258   50.86  94.01  16.57
  78 170423 2313 41.98 72.5918N 124.8609E  21.83 1.30  12 0.289   38.68  66.04  21.83
  79 170424 0609 59.13 71.9618N 127.9848E   0.50 1.10  12 0.457  -68.55  -4.26   0.50
  80 170424 0755 27.34 71.9468N 128.0089E   2.38 1.00  12 0.448  -69.41  -5.94   2.38
  81 170424 0755 27.46 71.9599N 127.9976E   0.52 1.00  12 0.482  -69.00  -4.48   0.52
  82 170425 0652 23.91 71.9604N 128.0052E   2.50 1.20   9 0.377  -69.26  -4.42   2.50
  83 170426 0051 23.30 71.9407N 128.0526E   6.66 0.70   6 0.130  -70.93  -6.61   6.66
  84 170426 1425 21.39 72.0702N 127.2438E  20.63 0.10   6 0.094  -42.83   7.83  20.63
  85 170426 1834 24.74 71.5921N 130.8076E  10.82 1.20   8 0.291 -167.69 -45.52  10.82
  86 170426 1840 44.26 72.2670N 126.3563E  17.47 1.30   8 0.215  -12.21  29.79  17.47
  87 170427 0912 29.10 72.0597N 127.7877E   4.42 0.90   8 0.118  -61.58   6.66   4.42
  88 170427 1041 38.23 71.7492N 128.9838E   7.91 0.70   7 0.500 -103.64 -27.98   7.91
  89 170427 2010 47.95 72.8046N 130.2057E  20.28 1.30   8 0.231 -141.97  89.78  20.28
  90 170427 2010 48.44 72.7953N 130.1390E  20.18 1.30   8 0.202 -139.76  88.74  20.18
  91 170427 2342 34.21 72.7625N 125.0011E  19.29 0.80   6 0.322   33.76  85.09  19.29

 ~~~ output final station residuals ...
 TURBO-option is set; residuals are NOT printed for each event!



   station statistics, remember nsp was set to: 1


 sta phase nobs avres  avwres    std    wsum    delay

 624    P  74  0.3741  0.3741  0.2915  74.0000  0.0000
 628    P  69  0.3370  0.3370  0.4068  69.0000 -0.1275
 630    P  53  0.4597  0.4597  0.3872  53.0000 -0.0462
 627    P  46  0.4652  0.4652  0.4108  46.0000  0.0777
 621    P  59  0.5821  0.5821  0.3484  59.0000  0.0101
 629    P  43  0.5001  0.5001  0.4746  43.0000  0.1084
 622    P  58  0.3895  0.3895  0.3519  58.0000 -0.0003
 620    P  48  0.3046  0.3046  0.4512  48.0000 -0.0728
 623    P  55  0.4700  0.4700  0.3598  55.0000  0.1390
 626    P  52  0.6191  0.6191  0.4701  52.0000  0.1004
 625    P  49  0.4710  0.4710  0.4649  49.0000  0.0897
 631    P  49  0.7276  0.7276  0.4995  49.0000  0.0963
 632    P  24  0.4454  0.4454  0.4815  24.0000 -0.1699


 ~~~ output statistics ...




 RAY-STATISTICS FOR  L A S T  ITERATION
 --------------------------------------

 NHYP : nr of hypocenters in this layer
 NREF : nr of headwaves in this layer
 %len : % of "refracted km" in this layer 
        with respect to all refracted kilometers
 NHIT : nr of rays passed thru this layer
 xy-km: average horizontal ray length [km] in layer
 z-km : average  vertical  ray length [km] in layer
 RFLX : number of reflections at bottom of this layer

 nlay   top ..... bottom     velocity   NHYP NREF %len  NHIT xy-km  z-km  RFLX

   1    -5.00... -2.91 km    5.05 km/s    0    0   0.0     0   0.0   0.0     0
   2    -2.91...  2.86 km    5.85 km/s   10    0   0.0  1416  11.1   4.2     0
   3     2.86... 10.63 km    6.06 km/s   18   35   8.5   759  16.2   6.6     0
   4    10.63... 12.37 km    6.51 km/s    5   43  10.5   646   9.2   1.6     0
   5    12.37... 16.15 km    6.52 km/s   24    1   0.2   669  10.0   3.2     0
   6    16.15... 21.00 km    6.71 km/s   20   61  14.2   589  18.8   3.6     0
   7    21.00... 27.31 km    6.94 km/s   12  144  56.0   290  51.2   1.6     0
   8    27.31... 37.09 km    6.94 km/s    0    0   0.0    49  22.3   9.8     0
   9    37.09... 38.36 km    7.57 km/s    0    8   4.1    41  42.5   1.0     0
  10    38.36...       km    7.58 km/s    2   16   6.6     0   0.0   0.0

 Total nr of events was   91

 Total nr of refracted rays =   308
 Total nr of reflected rays =     0
 Total nr of   other   rays =   371
                              ------
 Total nr of    all    rays =   679

 Average (absolute) error of the raytracers:
  Straight and direct rays : 7336.48 meters
  Refracted           rays :    0.01 meters
  Reflected           rays :    0.00 meters


 ALL RAYS TOGETHER:
 Average horizontal ray length =   89.9 km   (Hypocenter --> Station) 
 Average  vertical  ray length =   16.6 km   (Deepest ray-point --> Station)



 ... and some more STATISTICS 
 ---------------------------- 
  GAP of final epicenters:

  Event# -> GAP  Event# -> GAP  Event# -> GAP  Event# -> GAP  Event# -> GAP
       1 -> 295       2 -> 294       3 -> 270       4 -> 274       5 -> 307
       6 ->  96       7 -> 321       8 -> 306       9 -> 167      10 -> 346
      11 -> 347      12 -> 259      13 -> 264      14 -> 263      15 -> 264
      16 -> 264      17 -> 253      18 -> 244      19 -> 161      20 -> 302
      21 -> 232      22 -> 239      23 -> 241      24 -> 233      25 -> 130
      26 -> 104      27 -> 154      28 -> 213      29 -> 305      30 -> 212
      31 -> 215      32 -> 214      33 -> 211      34 -> 133      35 -> 238
      36 -> 216      37 -> 132      38 -> 311      39 -> 117      40 -> 210
      41 -> 218      42 -> 121      43 -> 228      44 -> 133      45 -> 309
      46 -> 127      47 -> 224      48 -> 226      49 -> 288      50 -> 195
      51 -> 289      52 -> 270      53 -> 225      54 -> 354      55 -> 347
      56 -> 180      57 -> 310      58 -> 318      59 -> 153      60 -> 310
      61 -> 302      62 -> 306      63 -> 149      64 -> 322      65 -> 127
      66 -> 293      67 ->  86      68 -> 294      69 -> 170      70 -> 262
      71 -> 176      72 ->   0      73 -> 261      74 -> 299      75 -> 240
      76 ->  59      77 -> 284      78 -> 173      79 -> 160      80 -> 167
      81 -> 162      82 -> 163      83 -> 237      84 -> 117      85 -> 315
      86 ->  94      87 -> 114      88 -> 269      89 -> 318      90 -> 317
      91 -> 295

 GAPs were between   0 and 354
      (average GAP was 228)



  MAGNITUDES of INPUT-DATA:

 Magnitude (# of events)   ***average number of obs***

 MAG<= 1.0 ( 47) *******
 MAG = 1.1 (  4) ********
 MAG = 1.2 (  7) ********
 MAG = 1.3 (  8) *********1
 MAG = 1.4 (  3) *********
 MAG = 1.5 (  3) ********
 MAG = 1.6 (  3) ********
 MAG = 1.7 (  2) *********1
 MAG = 1.8 (  2) *******
 MAG = 1.9 (  1)  
 MAG = 2.0 (  0)  
 MAG = 2.1 (  2) ********
 MAG = 2.2 (  3) *****
 MAG = 2.3 (  1) **
 MAG = 2.4 (  0)  
 MAG = 2.5 (  1) ******
 MAG = 2.6 (  1) **
 MAG = 2.7 (  0)  
 MAG = 2.8 (  0)  
 MAG = 2.9 (  1) ******
 MAG = 3.0 (  0)  
 MAG = 3.1 (  1) ****
 MAG = 3.2 (  0)  
 MAG = 3.3 (  0)  
 MAG = 3.4 (  0)  
 MAG = 3.5 (  0)  
 MAG = 3.6 (  0)  
 MAG = 3.7 (  0)  
 MAG = 3.8 (  0)  
 MAG = 3.9 (  0)  
 MAG = 4.0 (  1) *********1**
 MAG = 4.1 (  0)  
 MAG = 4.2 (  0)  
 MAG = 4.3 (  0)  
 MAG = 4.4 (  0)  
 MAG = 4.5 (  0)  
 MAG = 4.6 (  0)  
 MAG = 4.7 (  0)  
 MAG = 4.8 (  0)  
 MAG = 4.9 (  0)  
 MAG = 5.0 (  0)  
 MAG = 5.1 (  0)  
 MAG = 5.2 (  0)  
 MAG = 5.3 (  0)  
 MAG = 5.4 (  0)  
 MAG = 5.5 (  0)  
 MAG = 5.6 (  0)  
 MAG = 5.7 (  0)  
 MAG = 5.8 (  0)  
 MAG = 5.9 (  0)  
 MAG>= 6.0 (  0)  





  DEPTHs of INPUT-DATA and of LAST ITERATION:
  ===========================================

       Depth       # of events  

 DEPTH ( input ) =  -4. km :   
 DEPTH (last_IT) =  -4. km :   
 DEPTH ( input ) =  -3. km :   
 DEPTH (last_IT) =  -3. km :   
 DEPTH ( input ) =  -2. km :   
 DEPTH (last_IT) =  -2. km :   
 DEPTH ( input ) =  -1. km :   
 DEPTH (last_IT) =  -1. km :   
 DEPTH ( input ) =   0. km :  ........
 DEPTH (last_IT) =   0. km :  ***
 DEPTH ( input ) =   1. km :  .
 DEPTH (last_IT) =   1. km :  **
 DEPTH ( input ) =   2. km :   
 DEPTH (last_IT) =   2. km :  ***
 DEPTH ( input ) =   3. km :  ...
 DEPTH (last_IT) =   3. km :  **
 DEPTH ( input ) =   4. km :  ..
 DEPTH (last_IT) =   4. km :  ****
 DEPTH ( input ) =   5. km :  ..
 DEPTH (last_IT) =   5. km :  *
 DEPTH ( input ) =   6. km :  ..
 DEPTH (last_IT) =   6. km :  *
 DEPTH ( input ) =   7. km :  .
 DEPTH (last_IT) =   7. km :  ***
 DEPTH ( input ) =   8. km :  ...
 DEPTH (last_IT) =   8. km :  **
 DEPTH ( input ) =   9. km :  ..
 DEPTH (last_IT) =   9. km :  *****
 DEPTH ( input ) =  10. km :  ..
 DEPTH (last_IT) =  10. km :  **
 DEPTH ( input ) =  11. km :  ...
 DEPTH (last_IT) =  11. km :  *****
 DEPTH ( input ) =  12. km :  ....
 DEPTH (last_IT) =  12. km :  *
 DEPTH ( input ) =  13. km :  ..
 DEPTH (last_IT) =  13. km :  ***
 DEPTH ( input ) =  14. km :  ...
 DEPTH (last_IT) =  14. km :  ****
 DEPTH ( input ) =  15. km :  ........
 DEPTH (last_IT) =  15. km :  *********
 DEPTH ( input ) =  16. km :  .........1.
 DEPTH (last_IT) =  16. km :  ********
 DEPTH ( input ) =  17. km :  .....
 DEPTH (last_IT) =  17. km :  *******
 DEPTH ( input ) =  18. km :  ....
 DEPTH (last_IT) =  18. km :  ***
 DEPTH ( input ) =  19. km :  .....
 DEPTH (last_IT) =  19. km :  *****
 DEPTH ( input ) =  20. km :  .....
 DEPTH (last_IT) =  20. km :  ***
 DEPTH ( input ) =  21. km :  ..
 DEPTH (last_IT) =  21. km :  **
 DEPTH ( input ) =  22. km :  ....
 DEPTH (last_IT) =  22. km :  *****
 DEPTH ( input ) =  23. km :  ....
 DEPTH (last_IT) =  23. km :  *****
 DEPTH ( input ) =  24. km :  ..
 DEPTH (last_IT) =  24. km :  *
 DEPTH ( input ) =  25. km :  .
 DEPTH (last_IT) =  25. km :   
 DEPTH ( input ) =  26. km :   
 DEPTH (last_IT) =  26. km :   
 DEPTH ( input ) =  27. km :   
 DEPTH (last_IT) =  27. km :   
 DEPTH ( input ) =  28. km :   
 DEPTH (last_IT) =  28. km :   
 DEPTH ( input ) =  29. km :   
 DEPTH (last_IT) =  29. km :   
 DEPTH ( input ) =  30. km :   
 DEPTH (last_IT) =  30. km :   
 DEPTH ( input ) =  31. km :   
 DEPTH (last_IT) =  31. km :   
 DEPTH ( input ) =  32. km :   
 DEPTH (last_IT) =  32. km :   
 DEPTH ( input ) =  33. km :   
 DEPTH (last_IT) =  33. km :   
 DEPTH ( input ) =  34. km :   
 DEPTH (last_IT) =  34. km :   
 DEPTH ( input ) =  35. km :   
 DEPTH (last_IT) =  35. km :   
 DEPTH ( input ) =  36. km :   
 DEPTH (last_IT) =  36. km :   
 DEPTH ( input ) =  37. km :   
 DEPTH (last_IT) =  37. km :   
 DEPTH ( input ) =  38. km :   
 DEPTH (last_IT) =  38. km :   
 DEPTH ( input ) =  39. km :   
 DEPTH (last_IT) =  39. km :   
 DEPTH ( input ) =  40. km :   
 DEPTH (last_IT) =  40. km :   
 DEPTH ( input ) =  41. km :   
 DEPTH (last_IT) =  41. km :   
 DEPTH ( input ) =  42. km :   
 DEPTH (last_IT) =  42. km :   
 DEPTH ( input ) =  43. km :   
 DEPTH (last_IT) =  43. km :   
 DEPTH ( input ) =  44. km :   
 DEPTH (last_IT) =  44. km :   
 DEPTH ( input ) =  45. km :   
 DEPTH (last_IT) =  45. km :   
 DEPTH ( input ) =  46. km :   
 DEPTH (last_IT) =  46. km :   
 DEPTH ( input ) =  47. km :   
 DEPTH (last_IT) =  47. km :   
 DEPTH ( input ) =  48. km :   
 DEPTH (last_IT) =  48. km :   
 DEPTH ( input ) =  49. km :   
 DEPTH (last_IT) =  49. km :   
 DEPTH ( input ) =  50. km :   
 DEPTH (last_IT) =  50. km :   
 DEPTH ( input ) =  51. km :   
 DEPTH (last_IT) =  51. km :   
 DEPTH ( input ) =  52. km :   
 DEPTH (last_IT) =  52. km :   
 DEPTH ( input ) =  53. km :   
 DEPTH (last_IT) =  53. km :   
 DEPTH ( input ) =  54. km :   
 DEPTH (last_IT) =  54. km :   
 DEPTH ( input ) =  55. km :   
 DEPTH (last_IT) =  55. km :   
 DEPTH ( input ) =  56. km :   
 DEPTH (last_IT) =  56. km :   
 DEPTH ( input ) =  57. km :   
 DEPTH (last_IT) =  57. km :   
 DEPTH ( input ) =  58. km :   
 DEPTH (last_IT) =  58. km :   
 DEPTH ( input ) =  59. km :   
 DEPTH (last_IT) =  59. km :   
 DEPTH ( input ) =  60. km :   
 DEPTH (last_IT) =  60. km :   
 DEPTH ( input ) =  61. km :   
 DEPTH (last_IT) =  61. km :   
 DEPTH ( input ) =  62. km :   
 DEPTH (last_IT) =  62. km :   
 DEPTH ( input ) =  63. km :   
 DEPTH (last_IT) =  63. km :   
 DEPTH ( input ) =  64. km :   
 DEPTH (last_IT) =  64. km :   
 DEPTH ( input ) =  65. km :   
 DEPTH (last_IT) =  65. km :   
 DEPTH ( input ) =  66. km :   
 DEPTH (last_IT) =  66. km :   
 DEPTH ( input ) =  67. km :   
 DEPTH (last_IT) =  67. km :   
 DEPTH ( input ) =  68. km :   
 DEPTH (last_IT) =  68. km :   
 DEPTH ( input ) =  69. km :   
 DEPTH (last_IT) =  69. km :   
 DEPTH ( input ) =  70. km :   
 DEPTH (last_IT) =  70. km :   
 DEPTH ( input ) =  71. km :   
 DEPTH (last_IT) =  71. km :   
 DEPTH ( input ) =  72. km :   
 DEPTH (last_IT) =  72. km :   
 DEPTH ( input ) =  73. km :   
 DEPTH (last_IT) =  73. km :   
 DEPTH ( input ) =  74. km :  .
 DEPTH (last_IT) =  74. km :  *
 DEPTH ( input ) =  75. km :   
 DEPTH (last_IT) =  75. km :   
 DEPTH ( input ) =  76. km :   
 DEPTH (last_IT) =  76. km :   
 DEPTH ( input ) =  77. km :   
 DEPTH (last_IT) =  77. km :   
 DEPTH ( input ) =  78. km :   
 DEPTH (last_IT) =  78. km :   
 DEPTH ( input ) =  79. km :   
 DEPTH (last_IT) =  79. km :   
 DEPTH ( input ) =  80. km :   
 DEPTH (last_IT) =  80. km :   
 DEPTH ( input ) =  81. km :   
 DEPTH (last_IT) =  81. km :   
 DEPTH ( input ) =  82. km :   
 DEPTH (last_IT) =  82. km :   
 DEPTH ( input ) =  83. km :   
 DEPTH (last_IT) =  83. km :   
 DEPTH ( input ) =  84. km :   
 DEPTH (last_IT) =  84. km :   
 DEPTH ( input ) =  85. km :   
 DEPTH (last_IT) =  85. km :   
 DEPTH ( input ) =  86. km :   
 DEPTH (last_IT) =  86. km :   
 DEPTH ( input ) =  87. km :   
 DEPTH (last_IT) =  87. km :   
 DEPTH ( input ) =  88. km :   
 DEPTH (last_IT) =  88. km :   
 DEPTH ( input ) =  89. km :   
 DEPTH (last_IT) =  89. km :   
 DEPTH ( input ) =  90. km :   
 DEPTH (last_IT) =  90. km :   
 DEPTH ( input ) =  91. km :   
 DEPTH (last_IT) =  91. km :   
 DEPTH ( input ) =  92. km :   
 DEPTH (last_IT) =  92. km :   
 DEPTH ( input ) =  93. km :   
 DEPTH (last_IT) =  93. km :   
 DEPTH ( input ) =  94. km :   
 DEPTH (last_IT) =  94. km :   
 DEPTH ( input ) =  95. km :   
 DEPTH (last_IT) =  95. km :   
 DEPTH ( input ) =  96. km :   
 DEPTH (last_IT) =  96. km :   
 DEPTH ( input ) =  97. km :  .
 DEPTH (last_IT) =  97. km :  *
 DEPTH ( input ) =  98. km :   
 DEPTH (last_IT) =  98. km :   
 DEPTH ( input ) =  99. km :   
 DEPTH (last_IT) =  99. km :   
 DEPTH ( input ) = 100. km :   
 DEPTH (last_IT) = 100. km :   
 DEPTH ( input ) > 100. km :   
 DEPTH (last_IT) > 100. km :   


 Residuals of the stations according to the azimuth:
 (RES  = total average residual at station)
 (RES1 = average residual of rays from 1st quadrant)
 (RES2 = average residual of rays from 2nd quadrant)
 (RES3 = average residual of rays from 3rd quadrant)
 (RES4 = average residual of rays from 4th quadrant)

 Stn#  Stn     RES          RES1         RES2         RES3         RES4
   1   624     0.37(  74)   0.32(  33)   0.28(   5)   0.42(  29)   0.49(   7)
   2   628     0.34(  69)   0.26(  32)   0.10(   5)   0.32(  25)   0.92(   7)
   3   630     0.46(  53)   0.63(  24)   0.27(  11)   0.11(  10)   0.66(   8)
   4   627     0.47(  46)   0.62(  12)   0.00(   0)   0.30(  22)   0.60(  12)
   5   621     0.58(  59)   0.51(   7)   0.00(   0)   0.82(  18)   0.47(  34)
   6   629     0.50(  43)   0.70(  15)   0.00(   0)   0.15(   7)   0.48(  21)
   7   622     0.39(  58)   0.18(  27)   0.00(   0)   0.66(  20)   0.42(  11)
   8   620     0.30(  48)   0.09(   1)   0.00(   0)   0.62(  18)   0.12(  29)
   9   623     0.47(  55)   0.33(  30)   0.00(   0)   0.79(  17)   0.33(   8)
  10   626     0.62(  52)   0.64(  24)   0.00(   0)   0.60(   5)   0.60(  23)
  11   625     0.47(  49)   0.53(  14)   0.00(   0)   0.40(  23)   0.53(  12)
  12   631     0.73(  49)   0.92(  18)   0.08(   1)   1.05(   4)   0.57(  26)
  13   632     0.45(  24)   0.69(  12)   0.20(   2)  -0.04(   3)   0.31(   7)



 CPU - statistics:

 TOTAL CPU-sec          =    0.3     (CPU-minutes:  0.005)

 >>>   End of program VELEST at 25-06-02 12:53       <<< [ CPU-sec :     0.3]
