 >>> Start of program VELEST at 25-06-02 12:50       <<<                        

 ::::::::::::::::::::::::::::::::::::::                                         
  V E L E S T  - Version : January 3, 1995                                      
  (Authors: see source code)                                                    
 ::::::::::::::::::::::::::::::::::::::                                         


 Title of this VELEST run:

 model_2
 -------


 Current array-dimensions of program VELEST:

 Max. number of EARTHQUAKES for simult. inversion IEQ = ***
 Max. number of SHOTS for simult. inversion    INSHOT =  50
 Max. number of (different) 1D-MODELS      ITOTMODELS =   2
 Max. number of LAYERS per one 1D-model        INLTOT = 100
 Max. number of STATIONS in stationlist           IST = 650
 Max. number of OBSERVATIONS per event MAXOBSPEREVENT = 180






    INPUT - P A R A M E T E R S :



***
***  olat       olon   icoordsystem      zshift   itrial ztrial    ised
  72.000000-126.000000      0            0.000       0     0.00      0
***
*** neqs   nshot    rotate
     91      0      0.0
***
*** isingle   iresolcalc
       0          0
***
*** dmax    itopo    zmin     veladj    zadj   lowveloclay
   300.00     0      0.01       0.20    5.00       0
***
*** nsp    swtfac   vpvs       nmod
     1      1.00    1.730        1
***
***   othet   xythet    zthet    vthet   stathet
       0.01     0.01     0.01     1.00     0.01
***
*** nsinv   nshcor   nshfix     iuseelev    iusestacorr
       1       0       0           1            1
***
*** iturbo    icnvout   istaout   ismpout
       1         1         1         0
***
*** irayout   idrvout   ialeout   idspout   irflout   irfrout   iresout
       0         0         0         0         0         0         0
***
*** delmin   ittmax   invertratio
    0.010       3          1
***
*** Modelfile:
tmp/model_2/synthvel/model_58.mod
***
*** Stationfile:
./velinp/station.sta
***
*** Seismofile:
 
***
*** File with region names:
 
***
*** File with region coordinates:
 
***
*** File #1 with topo data:
 
***
*** File #2 with topo data:
 
***
*** DATA INPUT files:
***
*** File with Earthquake data:
./velinp/data.cnv
***
*** File with Shot data:
 
***
*** OUTPUT files:
***
*** Main print output file:
./velout/model_2/velest58.out
***
*** File with single event locations:
velout.vel
***
*** File with final hypocenters in *.cnv format:
./velout/model_2/final_loc58.cnv
***
*** File with new station corrections:
./velout/model_2/stations_corr58.sta
***
*** File with summary cards (e.g. for plotting):
velout.smp
***
*** File with raypoints:
velout.ray
***
*** File with derivatives:
velout.drv
***
*** File with ALEs:
velout.ale
***
*** File with Dirichlet spreads:
velout.dspr
***
*** File with reflection points:
velout.rfl
***
*** File with refraction points:
velout.rfr
***
*** File with residuals:
velout.res
***




 Origin of cartesian coordinates:
        72.00000N   126.00000E

  X,Y-AXES rotated clockwise from North
           Rotation angle (rotate):
            rotate=    0.0 degr.

 icoordsystem =            0
 normal SHORT DISTANCE CONVERSION will be made
 x is positive towards west, y is positive towards north


 SHORT DISTANCE CONVERSION on ELLIPSOIDE of WORLD GEODETIC SYSTEM 1972 (WGS72)
 =============================================================================

 Radius at equator (REARTH)= 6378.13500  km
   1. / (ellipticity)      =    298.260

 Origin of cartesian coordinates [degrees]:
   72.0000000 N     -126.0000000 W

  Rotation angle (in degr.) clockwise from
North  rotate=    0.0

 Radius of sphere at OLAT =   6358.817 km

 Conversion of GEOGRAPHICAL LATITUDE to GEOCENTRICAL LATITUDE:
 RLATC = TAN(GEOCENTR.LAT) / TAN(GEOGRAPH.LAT)
 RLATC =   0.99333486

          Short distance conversions:
          one min lat ~  1.8597 km 
          one min lon ~  0.5751 km 







    INPUT - M O D E L :



 Model(s) read from file :
 tmp/model_2/synthvel/model_58.mod                                               

 model file title: 
Model: model_58.mod                     
 Velocity structure for model   1 :

 layer    vel   depth   vdamp  reflector
   1      5.16  -5.00    1.00         P-VELOCITY MODEL                  
   2      5.27   3.12    1.00  
   3      5.69   9.26    1.00  
   4      6.03  11.33    1.00  
   5      6.07  15.23    1.00  
   6      6.53  24.65    1.00  
   7      7.09  25.58    1.00  
   8      7.66  27.98    1.00  
   9      8.02  33.91    1.00  
  10      8.16  43.29    1.00  

 Calculation of average velocity starts at layer #            1
 z = -5.00 ...  3.12    v = 5.16    AVEL = 5.16 downto z =   3.12
 z =  3.12 ...  9.26    v = 5.27    AVEL = 5.21 downto z =   9.26
 z =  9.26 ... 11.33    v = 5.69    AVEL = 5.27 downto z =  11.33
 z = 11.33 ... 15.23    v = 6.03    AVEL = 5.42 downto z =  15.23
 z = 15.23 ... 24.65    v = 6.07    AVEL = 5.62 downto z =  24.65
 z = 24.65 ... 25.58    v = 6.53    AVEL = 5.65 downto z =  25.58
 z = 25.58 ... 27.98    v = 7.09    AVEL = 5.76 downto z =  27.98
 z = 27.98 ... 33.91    v = 7.66    AVEL = 6.05 downto z =  33.91
 z = 33.91 ... 43.29    v = 8.02    AVEL = 6.43 downto z =  43.29


 Calculation of average velocity starts at layer #            2
 z =  3.12 ...  9.26    v = 5.27    AVEL = 5.27 downto z =   9.26
 z =  9.26 ... 11.33    v = 5.69    AVEL = 5.38 downto z =  11.33
 z = 11.33 ... 15.23    v = 6.03    AVEL = 5.59 downto z =  15.23
 z = 15.23 ... 24.65    v = 6.07    AVEL = 5.80 downto z =  24.65
 z = 24.65 ... 25.58    v = 6.53    AVEL = 5.83 downto z =  25.58
 z = 25.58 ... 27.98    v = 7.09    AVEL = 5.95 downto z =  27.98
 z = 27.98 ... 33.91    v = 7.66    AVEL = 6.28 downto z =  33.91
 z = 33.91 ... 43.29    v = 8.02    AVEL = 6.69 downto z =  43.29






    INPUT - S T A T I O N S :



 Station-parameters read from file :
 ./velinp/station.sta                                                            


     stn latitude longitude elev   x      y      z     ptcor stcor model icc
   1 624 72.4760N126.2750E     0  -9.37  53.11  -0.00   0.00  0.00   1  13
   2 628 72.4000N127.1470E     0 -39.15  44.63  -0.00   0.00  0.00   1  12
   3 630 72.0750N128.3250E     0 -80.06   8.37  -0.00   0.00  0.00   1  11
   4 627 72.1170N126.9820E     0 -33.78  13.06  -0.00   0.00  0.00   1  10
   5 621 72.1840N124.8890E     0  38.14  20.53  -0.00   0.00  0.00   1   9
   6 629 71.9290N127.3130E     0 -45.39  -7.92  -0.00   0.00  0.00   1   8
   7 622 72.4420N125.3130E     0  23.42  49.32  -0.00   0.00  0.00   1   7
   8 620 72.6540N124.3470E     0  56.03  72.98  -0.00   0.00  0.00   1   6
   9 623 72.3260N125.7600E     0   8.21  36.38  -0.00   0.00  0.00   1   5
  10 626 71.8880N126.0360E     0  -1.25 -12.50  -0.00   0.00  0.00   1   4
  11 625 72.1740N126.1070E     0  -3.67  19.42  -0.00   0.00  0.00   1   3
  12 631 71.3990N127.2470E     0 -43.72 -67.06  -0.00   0.00  0.00   1   2
  13 632 71.5740N129.0728E     0-107.23 -47.53  -0.00   0.00  0.00   1   1

 NO Seismo-parameter-file specified
 --> NO magnitudes calculated!




   neqs=   91  nshot=    0  nltot=   10

 ~~~ input parameters read.
 ~~~ set units for first iteration ...
 ~~~ determine number of unknowns ...

 Number of unknowns (for array-indexing):  nvar =  386
 Number of effective unknowns        :  nvareff =  374
 Number of elements on/below main diagonal of matrix G = At*A : kvar =   74691

 ~~~ reset G and RHT ...
 ~~~ input data, raytracing, setup G ...






    I N P U T - D A T A  

  eq    origin-time    latitude longitude depth    x      y      z    mag ifxOBS
   1 160818 1613  9.10 73.0030N 124.8500E  23.10  38.61 111.92  23.10 1.40 0   6
   2 160818 1613  9.30 72.9910N 124.8700E  22.80  37.95 110.58  22.80 1.10 0   6
   3 160819 0959 27.30 71.9230N 129.7600E  12.10-130.00  -8.59  12.10 4.00 0  12
   4 160820 1506 15.70 71.9380N 129.7900E  11.00-130.98  -6.92  11.00 1.50 0   9
   5 160820 1904 45.70 72.3480N 127.1800E  23.80 -40.33  38.83  23.80 1.20 0   6
   6 160822 1318 49.50 72.3650N 127.0800E  16.50 -36.90  40.73  16.50 0.60 0   8
   7 160823 0652 14.00 70.9330N 129.8100E   6.40-135.21-119.06   6.40 2.90 0   6
   8 160824 1510 30.40 71.6070N 130.0400E   8.60-140.86 -43.85   8.60 1.50 0   9
   9 160906 1514 39.70 72.5080N 125.6800E  12.10  10.89  56.68  12.10 0.90 0   6
 WARNING:
 epicentral distance: 303.3 > dmax ( 300.0) ==> skipping phase !
 WARNING:
 epicentral distance: 338.2 > dmax ( 300.0) ==> skipping phase !
  10 160920 1607 18.30 69.2370N 128.3500E  16.20 -87.07-308.31  16.20 2.60 0   2
 WARNING:
 epicentral distance: 318.5 > dmax ( 300.0) ==> skipping phase !
 WARNING:
 epicentral distance: 355.0 > dmax ( 300.0) ==> skipping phase !
  11 160925 1911  5.60 69.2250N 127.6800E  15.60 -62.26-309.64  15.60 2.30 0   2
  12 161004 0841 51.20 72.8480N 124.9600E  15.60  35.07  94.62  15.60 0.20 0   6
  13 161005 1619 46.90 72.8770N 125.0100E  19.00  33.35  97.86  19.00 1.00 0   9
  14 161006 0156 55.90 72.8740N 125.0100E  13.90  33.36  97.52  13.90 1.00 0   7
  15 161009 0036 44.70 72.8720N 124.9900E  17.20  34.03  97.30  17.20 1.30 0   8
  16 161009 0036 44.90 72.8580N 124.9600E  18.60  35.06  95.74  18.60 1.20 0   7
  17 161012 0800 22.10 72.7380N 126.0300E  18.50  -1.01  82.35  18.50 0.80 0   7
  18 161015 1013 36.50 72.0400N 126.9900E  11.20 -34.12   4.46  11.20 0.70 0   7
  19 161021 0507 33.30 72.5750N 124.7800E  10.10  41.44  64.16  10.10 0.80 0   6
  20 161124 2250 46.00 72.7630N 124.8800E  16.20  37.85  85.14  16.20 3.10 0   4
  21 161125 0156 34.10 72.7420N 124.9200E  14.50  36.52  82.80  14.50 0.60 0   7
  22 161125 0517 25.90 72.7650N 124.9400E  13.50  35.82  85.36  13.50 1.60 0   6
  23 161125 0525 15.90 72.7740N 124.9500E  11.60  35.48  86.37  11.60 0.80 0   6
  24 161125 0556  2.00 72.7350N 124.9700E   5.70  34.84  82.01   5.70 0.20 0   6
  25 170117 0846 48.60 72.2130N 127.3400E  22.00 -45.97  23.77  22.00 0.30 0   6
  26 170122 1614 27.60 71.9670N 128.0400E  10.30 -70.45  -3.68  10.30 0.90 0   6
  27 170125 2244  0.20 72.4440N 126.0200E  13.10  -0.68  49.54  13.10 0.80 0   6
  28 170302 1359 59.10 72.6830N 124.8900E  11.50  37.60  76.21  11.50 0.50 0   7
  29 170302 2335 20.20 71.8850N 130.3000E  14.80-148.82 -12.83  14.80 2.10 0   9
  30 170304 2135  2.90 72.6880N 124.9400E  13.40  35.90  76.77  13.40 1.30 0   7
  31 170307 0447 21.00 72.6940N 124.9200E  14.20  36.57  77.44  14.20 1.70 0  10
  32 170307 2016 50.80 72.6910N 124.9100E  15.30  36.91  77.10  15.30 1.10 0   6
  33 170309 1454  0.80 72.6830N 124.9000E  15.60  37.26  76.21  15.60 0.30 0   6
  34 170311 0430 55.40 72.3130N 126.5000E  24.50 -17.11  34.93  24.50 0.30 0   6
  35 170312 0416 39.20 71.9240N 128.0800E   3.40 -71.91  -8.48   3.40 2.10 0   6
  36 170313 0553 59.10 72.6980N 124.9200E  15.10  36.57  77.89  15.10 1.00 0   9
  37 170313 0809  5.60 72.4500N 125.0800E  14.90  31.36  50.21  14.90 1.20 0   7
  38 170315 0234 46.50 72.6540N 123.8400E  16.90  73.22  72.98  16.90 1.40 0   7
  39 170317 1007 14.10 72.2350N 125.9800E   3.90   0.69  26.22   3.90 0.50 0   7
  40 170320 0711 14.60 72.1250N 127.2200E  16.80 -41.95  13.95  16.80 0.90 0   6
  41 170320 0853 56.40 72.7090N 124.9700E   5.10  34.86  79.11   5.10 0.40 0   6
  42 170320 1900 34.30 72.4150N 126.1200E  18.00  -4.09  46.31  18.00 0.60 0   7
  43 170323 0519 24.60 71.6470N 129.1800E   5.20-110.76 -39.39   5.20 1.20 0   6
  44 170323 1612 49.70 72.4530N 125.1100E   8.30  30.33  50.55   8.30 0.50 0   6
  45 170323 1906 41.20 72.4070N 130.2500E  18.30-145.04  45.41  18.30 1.00 0   6
  46 170326 0836 34.10 71.9930N 127.6700E  16.10 -57.63  -0.78  16.10 1.50 0   7
  47 170402 0422  1.00 72.7220N 125.6900E  21.90  10.49  80.56  21.90 1.20 0  10
  48 170402 0636 37.20 72.7310N 125.6900E  23.50  10.49  81.57  23.50 0.70 0   6
  49 170404 2347 35.70 72.7580N 124.3800E  22.60  54.76  84.58  22.60 0.50 0   6
  50 170405 0307 36.10 71.6810N 128.9500E  15.30-102.66 -35.60  15.30 1.00 0  10
  51 170405 1410 53.20 71.5100N 128.9000E   9.30-101.37 -54.68   9.30 1.70 0  10
  52 170406 0838 43.20 72.3850N 129.3800E  15.50-115.42  42.96  15.50 0.90 0  10
  53 170406 1728  1.00 72.7230N 125.6900E  21.30  10.49  80.67  21.30 0.90 0  10
 WARNING:
 epicentral distance: 325.9 > dmax ( 300.0) ==> skipping phase !
 WARNING:
 epicentral distance: 332.9 > dmax ( 300.0) ==> skipping phase !
 WARNING:
 epicentral distance: 345.3 > dmax ( 300.0) ==> skipping phase !
 WARNING:
 epicentral distance: 391.9 > dmax ( 300.0) ==> skipping phase !
  54 170407 1729  3.40 74.8930N 128.6300E  15.60 -83.67 322.81  15.60 1.80 0   2
 WARNING:
 epicentral distance: 311.3 > dmax ( 300.0) ==> skipping phase !
 WARNING:
 epicentral distance: 315.4 > dmax ( 300.0) ==> skipping phase !
 WARNING:
 epicentral distance: 328.9 > dmax ( 300.0) ==> skipping phase !
 WARNING:
 epicentral distance: 374.2 > dmax ( 300.0) ==> skipping phase !
  55 170407 1729  3.50 74.7270N 128.8100E   0.40 -89.83 304.29   0.40 1.60 0   5
  56 170408 1004 44.90 72.6070N 124.9400E  15.00  35.98  67.73  15.00 1.40 0  13
  57 170409 0856 47.20 73.3850N 128.5500E  15.60 -84.71 154.54  15.60 2.50 0   6
  58 170409 0902 45.60 73.3500N 128.4400E  15.10 -81.13 150.64  15.10 1.10 0   7
  59 170410 1520  8.50 72.0030N 128.3900E   2.70 -82.46   0.33   2.70 1.00 0  10
  60 170410 1813  3.60 70.9360N 129.1200E   3.70-110.72-118.73   3.70 2.20 0  13
  61 170412 1507  0.60 71.5070N 129.7200E   0.00-130.05 -55.01   0.00 0.70 0   6
  62 170413 0651 20.10 73.3680N 125.4200E  15.60  19.28 152.65  15.60 1.00 0  10
  63 170414 0459 18.80 72.2680N 127.3800E  20.10 -47.27  29.90  20.10 0.50 0   7
  64 170414 0540  4.80 73.6400N 130.9700E   8.00-163.92 183.00   8.00 1.80 0  11
  65 170414 1656 23.40 72.1850N 127.4000E  15.50 -48.06  20.64  15.50 0.20 0   6
  66 170414 1753 32.80 72.3840N 130.4600E  17.90-152.30  42.85  17.90 0.70 0   6
  67 170416 0523 41.90 71.9560N 127.0800E  19.20 -37.31  -4.91  19.20 1.60 0  13
  68 170416 1220 14.20 72.9470N 124.4900E  20.40  50.77 105.67  20.40 1.00 0  11
 WARNING:
 epicentral distance: 320.3 > dmax ( 300.0) ==> skipping phase !
 WARNING:
 epicentral distance: 381.0 > dmax ( 300.0) ==> skipping phase !
 WARNING:
 epicentral distance: 398.8 > dmax ( 300.0) ==> skipping phase !
 WARNING:
 epicentral distance: 405.0 > dmax ( 300.0) ==> skipping phase !
 WARNING:
 epicentral distance: 424.8 > dmax ( 300.0) ==> skipping phase !
 WARNING:
 epicentral distance: 431.2 > dmax ( 300.0) ==> skipping phase !
 WARNING:
 epicentral distance: 445.5 > dmax ( 300.0) ==> skipping phase !
 WARNING:
 epicentral distance: 451.8 > dmax ( 300.0) ==> skipping phase !
 WARNING:
 epicentral distance: 464.3 > dmax ( 300.0) ==> skipping phase !
  69 170416 1257 48.30 68.8710N 131.7500E  73.50-214.97-349.14  73.50 2.20 0   0
  70 170416 1821  5.50 72.8670N 125.0000E  19.30  33.70  96.74  19.30 1.30 0  13
  71 170418 0606  4.10 72.5080N 125.8200E   1.30   6.13  56.68   1.30 0.20 0   6
 WARNING:
 epicentral distance: 315.2 > dmax ( 300.0) ==> skipping phase !
 WARNING:
 epicentral distance: 332.1 > dmax ( 300.0) ==> skipping phase !
 WARNING:
 epicentral distance: 345.3 > dmax ( 300.0) ==> skipping phase !
 WARNING:
 epicentral distance: 352.6 > dmax ( 300.0) ==> skipping phase !
 WARNING:
 epicentral distance: 346.7 > dmax ( 300.0) ==> skipping phase !
 WARNING:
 epicentral distance: 356.6 > dmax ( 300.0) ==> skipping phase !
 WARNING:
 epicentral distance: 363.9 > dmax ( 300.0) ==> skipping phase !
 WARNING:
 epicentral distance: 372.8 > dmax ( 300.0) ==> skipping phase !
 WARNING:
 epicentral distance: 378.6 > dmax ( 300.0) ==> skipping phase !
 WARNING:
 epicentral distance: 378.6 > dmax ( 300.0) ==> skipping phase !
  72 170418 1005 56.80 69.3310N 122.4100E  97.00 132.70-297.82  97.00 2.20 0   1
  73 170418 1500 12.90 72.7340N 124.5100E  23.10  50.40  81.90  23.10 1.30 0  12
  74 170420 1302 36.20 72.6290N 129.0200E  21.80-102.44  70.19  21.80 0.90 0  11
  75 170420 2248 46.70 72.0220N 129.1200E   0.00-107.59   2.46   0.00 0.70 0  11
 WARNING:
 epicentral distance: 313.1 > dmax ( 300.0) ==> skipping phase !
 WARNING:
 epicentral distance: 324.4 > dmax ( 300.0) ==> skipping phase !
 WARNING:
 epicentral distance: 324.2 > dmax ( 300.0) ==> skipping phase !
 WARNING:
 epicentral distance: 342.4 > dmax ( 300.0) ==> skipping phase !
 WARNING:
 epicentral distance: 349.0 > dmax ( 300.0) ==> skipping phase !
 WARNING:
 epicentral distance: 380.2 > dmax ( 300.0) ==> skipping phase !
 WARNING:
 epicentral distance: 381.6 > dmax ( 300.0) ==> skipping phase !
 WARNING:
 epicentral distance: 408.0 > dmax ( 300.0) ==> skipping phase !
  76 170423 0850 54.60 74.7080N 132.7900E   0.10-217.19 302.17   0.10 1.90 0   0
  77 170423 1455 44.10 72.8400N 124.4900E  16.80  50.92  93.73  16.80 0.60 0   8
  78 170423 2313 41.80 72.5960N 124.8700E  22.00  38.36  66.50  22.00 1.30 0  12
  79 170424 0609 58.60 71.9600N 128.0200E   0.10 -69.77  -4.46   0.10 1.10 0  12
  80 170424 0755 26.70 71.9480N 128.0300E   0.00 -70.14  -5.80   0.00 1.00 0  12
  81 170424 0755 26.90 71.9590N 128.0300E   0.00 -70.12  -4.57   0.00 1.00 0  12
  82 170425 0652 23.30 71.9600N 128.0300E   0.00 -70.12  -4.46   0.00 1.20 0   9
  83 170426 0051 23.20 71.9450N 128.0600E   6.60 -71.18  -6.14   6.60 0.70 0   6
  84 170426 1425 21.20 72.0790N 127.2600E  21.00 -43.38   8.82  21.00 0.10 0   6
  85 170426 1834 24.60 71.5840N 130.8000E  10.90-167.46 -46.42  10.90 1.20 0   8
  86 170426 1840 44.10 72.2710N 126.3600E  18.10 -12.33  30.24  18.10 1.30 0   8
  87 170427 0912 28.80 72.0640N 127.7900E   2.60 -61.65   7.14   2.60 0.90 0   8
  88 170427 1041 38.10 71.7480N 128.9900E   8.40-103.86 -28.12   8.40 0.70 0   7
  89 170427 2010 47.80 72.8010N 130.2000E  20.20-141.80  89.38  20.20 1.30 0   8
  90 170427 2010 48.30 72.7890N 130.1400E  20.10-139.82  88.04  20.10 1.30 0   8
  91 170427 2342 34.10 72.7630N 125.0100E  19.50  33.46  85.14  19.50 0.80 0   6

 readings for station 624  :  74
 readings for station 628  :  69
 readings for station 630  :  53
 readings for station 627  :  46
 readings for station 621  :  59
 readings for station 629  :  43
 readings for station 622  :  58
 readings for station 620  :  48
 readings for station 623  :  55
 readings for station 626  :  52
 readings for station 625  :  49
 readings for station 631  :  49
 readings for station 632  :  24

 Total number of stations with readings:  13

 Total number of readings:     679
 Total number of P readings:       0
 Total number of S readings:       0


 ~~~ store parts of G ...
 ~~~ compute RMS and DATVAR ...

 Total number of observations is:   679


 $$$$$$$$$$$$$$$$$$$$$$$$$$$$$$$$$$$$$$$$$$$$$$$$$
 Events with  | AVRES | > 1.0 SEC are suspicious !

 Event#  10 >>>  160920 1607  AVRES =  1.75 NOBS =  2
 Event#  11 >>>  160925 1911  AVRES =  1.38 NOBS =  2
 Event#  24 >>>  161125 0556  AVRES = -1.04 NOBS =  6
 Event#  41 >>>  170320 0853  AVRES = -1.10 NOBS =  6
 Event#  43 >>>  170323 0519  AVRES = -1.19 NOBS =  6
 Event#  57 >>>  170409 0856  AVRES =  1.07 NOBS =  6
 Event#  61 >>>  170412 1507  AVRES = -1.08 NOBS =  6
 Event#  64 >>>  170414 0540  AVRES =  1.25 NOBS = 11
 Event#  79 >>>  170424 0609  AVRES = -1.08 NOBS = 12
 Event#  80 >>>  170424 0755  AVRES = -1.04 NOBS = 12
 Event#  81 >>>  170424 0755  AVRES = -1.03 NOBS = 12
 Event#  82 >>>  170425 0652  AVRES = -1.17 NOBS =  9

 ^^^^^^^^^ C H E C K   these events above ^^^^^^^^
 $$$$$$$$$$$$$$$$$$$$$$$$$$$$$$$$$$$$$$$$$$$$$$$$$

 ~~~ save initial datvar ...

 Iteration nr  0 obtained:
 DATVAR=    1.365112 mean sqrd residual=     0.613195  RMS RESIDUAL=     0.783067

 After  0 iterations we got:
 Average absolute & unweighted [and mean] residual of
   308 straight and direct rays =  0.63311 [ -0.62892]
   371 refracted           rays =  0.79402 [ -0.10412]
     0 reflected           rays =  0.00000 [  0.00000]

   679 ALL                 RAYS =  0.72103 [ -0.34217]        0.00 %




--------------------------------------------------------------------------------



           ITERATION no  1

 ~~~ set units for this iteration ...
 ~~~ determine number of unknowns for this iter. ...

 Number of unknowns (for array-indexing):  nvar =  386
 Number of effective unknowns        :  nvareff =  387
 Number of elements on/below main diagonal of matrix G = At*A : kvar =   74691

 Damping factors to be used in this iteration:
   Othet=   0.010   XYthet  =   0.010   Zthet=  0.010
 STAthet=   0.010   Vthet   =   1.000

 ~~~ damp G ...
 ~~~ solve G * b = RHT ...
 ~~~ fix units ...
 ~~~ apply eventually step-length damping ...
 ~~~ adjust model (hypocenters, stacorr & veloc.) ...

 doing velocity adjustments now...

 doing station-correction adjustments...

 ~~~ compute effective step-length ...

 (Applied) Step length =   3.940

 ~~~ set units for next iteration ...
 ~~~ determine number of unknowns for next iter. ...

 Number of unknowns (for array-indexing):  nvar =  386
 Number of effective unknowns        :  nvareff =  387
 Number of elements on/below main diagonal of matrix G = At*A : kvar =   74691

 ~~~ reset G and RHT ...
 ~~~ raytracing, setup G ...
 ~~~ store parts of G ...
 ~~~ set units back for current iteration ...
 ~~~ determine number of unknowns for this iter. ...

 Number of unknowns (for array-indexing):  nvar =  386
 Number of effective unknowns        :  nvareff =  387
 Number of elements on/below main diagonal of matrix G = At*A : kvar =   74691

 ~~~ compute RMS and DATVAR ...

 $$$$$$$$$$$$$$$$$$$$$$$$$$$$$$$$$$$$$$$$$$$$$$$$$
 Events with  | AVRES | > 1.0 SEC are suspicious !

 Event#  10 >>>  160920 1607  AVRES =  1.42 NOBS =  2
 Event#  11 >>>  160925 1911  AVRES =  1.13 NOBS =  2
 Event#  64 >>>  170414 0540  AVRES =  1.01 NOBS = 11

 ^^^^^^^^^ C H E C K   these events above ^^^^^^^^
 $$$$$$$$$$$$$$$$$$$$$$$$$$$$$$$$$$$$$$$$$$$$$$$$$

 ~~~ check solution (better? worse?) ...

 Iteration nr  1 obtained:
 DATVAR=    0.973560 mean sqrd residual=     0.418674  RMS RESIDUAL=     0.647050

 After  1 iterations we got:
 Average absolute & unweighted [and mean] residual of
   301 straight and direct rays =  0.48952 [ -0.48505]
   378 refracted           rays =  0.66140 [ -0.09320]
     0 reflected           rays =  0.00000 [  0.00000]

   679 ALL                 RAYS =  0.58521 [ -0.26691]      -18.84 %

 ~~~ iteration done; output results ...

  eq       ot     x      y      z      rms    avres   dot     dx     dy     dz
    1      9.07  38.47 111.94  23.11   0.34  -0.14   -0.031 -0.142  0.023  0.010
    2      9.26  37.94 110.71  22.93   0.34  -0.18   -0.036 -0.013  0.132  0.132
    3     27.21-130.11  -8.26  11.98   0.56  -0.15   -0.094 -0.111  0.329 -0.124
    4     15.59-131.12  -6.76  10.78   0.67  -0.09   -0.111 -0.131  0.155 -0.220
    5     45.67 -40.30  38.66  23.90   0.24  -0.32   -0.026  0.029 -0.171  0.095
    6     49.47 -36.74  40.64  16.81   0.18  -0.46   -0.035  0.154 -0.085  0.309
    7     13.87-134.85-119.01   6.01   1.07   0.11   -0.132  0.368  0.047 -0.388
    8     30.35-140.92 -43.92   8.90   0.66   0.14   -0.045 -0.058 -0.072  0.297
    9     39.64  10.89  56.56  12.21   0.11  -0.51   -0.060 -0.002 -0.126  0.115
   10     18.16 -87.53-308.27  16.22   1.13   1.42   -0.140 -0.463  0.041  0.015
   11      5.39 -62.84-309.65  15.62   1.37   1.13   -0.212 -0.580 -0.001  0.023
   12     51.15  35.08  94.71  16.07   0.26  -0.49   -0.049  0.014  0.090  0.467
   13     46.85  33.46  98.01  19.32   0.39  -0.27   -0.046  0.109  0.147  0.318
   14     55.82  33.28  97.55  14.11   0.56  -0.43   -0.083 -0.075  0.026  0.206
   15     44.64  33.96  97.51  17.44   0.61  -0.15   -0.061 -0.073  0.205  0.242
   16     44.83  34.95  96.04  18.80   0.67  -0.03   -0.069 -0.109  0.305  0.195
   17     22.05  -0.99  82.44  18.65   0.52  -0.35   -0.050  0.027  0.095  0.145
   18     36.43 -34.07   4.50  11.53   0.23  -0.59   -0.071  0.047  0.038  0.326
   19     33.26  41.31  64.05  10.26   0.25  -0.60   -0.042 -0.137 -0.108  0.163
   20     45.93  37.79  85.17  16.33   0.36  -0.39   -0.066 -0.063  0.034  0.131
   21     34.06  36.37  82.65  14.24   0.51  -0.46   -0.045 -0.155 -0.147 -0.258
   22     25.83  35.64  85.37  13.68   0.26  -0.60   -0.066 -0.186  0.004  0.179
   23     15.86  35.25  86.10  11.43   0.31  -0.64   -0.043 -0.222 -0.263 -0.172
   24      1.91  34.91  82.35   6.37   0.45  -0.84   -0.086  0.072  0.335  0.668
   25     48.62 -45.87  23.57  22.19   0.19  -0.27    0.019  0.101 -0.202  0.191
   26     27.55 -70.27  -3.86  10.61   0.18  -0.59   -0.053  0.179 -0.180  0.308
   27      0.17  -0.60  49.26  13.18   0.23  -0.40   -0.033  0.080 -0.283  0.084
   28     59.05  37.58  76.18  11.37   0.57  -0.35   -0.047 -0.018 -0.030 -0.135
   29     20.13-148.64 -12.70  14.51   0.59   0.10   -0.067  0.178  0.130 -0.293
   30      2.87  35.74  76.73  13.06   0.69  -0.20   -0.033 -0.159 -0.040 -0.337
   31     20.94  36.29  77.44  14.21   0.69  -0.28   -0.060 -0.284  0.004  0.012
   32     50.76  36.90  76.88  15.47   0.21  -0.56   -0.042 -0.010 -0.224  0.173
   33      0.78  37.23  76.09  15.64   0.39  -0.39   -0.018 -0.025 -0.126  0.043
   34     55.42 -16.94  34.84  24.40   0.11  -0.31    0.023  0.167 -0.088 -0.096
   35     39.20 -71.57  -8.52   4.22   0.53  -0.78    0.005  0.347 -0.038  0.821
   36     59.07  36.51  77.76  15.21   0.58  -0.29   -0.032 -0.054 -0.126  0.111
   37      5.56  31.27  50.10  14.83   0.11  -0.52   -0.044 -0.093 -0.108 -0.069
   38     46.47  73.12  72.78  16.91   0.44  -0.35   -0.034 -0.097 -0.193  0.008
   39     14.06   0.75  26.11   3.77   0.35  -0.66   -0.043  0.062 -0.110 -0.135
   40     14.56 -41.92  13.91  16.72   0.12  -0.47   -0.042  0.029 -0.041 -0.081
   41     56.36  34.85  79.01   5.69   0.34  -0.89   -0.044 -0.011 -0.107  0.587
   42     34.29  -3.96  46.23  17.98   0.14  -0.35   -0.008  0.131 -0.075 -0.017
   43     24.58-110.27 -39.38   5.70   0.49  -0.96   -0.016  0.494  0.012  0.495
   44     49.65  30.19  50.50   8.45   0.27  -0.66   -0.048 -0.143 -0.044  0.146
   45     41.18-145.07  45.63  18.49   0.56   0.20   -0.025 -0.029  0.211  0.186
   46     34.07 -57.50  -0.88  16.24   0.17  -0.44   -0.031  0.131 -0.101  0.137
   47      1.01  10.67  80.51  22.00   0.68  -0.01    0.011  0.185 -0.049  0.096
   48     37.21  10.61  81.60  23.54   0.30  -0.24    0.011  0.123  0.034  0.036
   49     35.66  54.61  84.62  22.71   0.39  -0.36   -0.042 -0.145  0.038  0.111
   50     36.06-102.47 -35.64  15.34   0.56  -0.20   -0.042  0.190 -0.050  0.038
   51     53.08-100.94 -54.43   8.66   0.81  -0.16   -0.121  0.432  0.244 -0.641
   52     43.15-115.60  43.32  15.74   0.59  -0.16   -0.049 -0.183  0.357  0.243
   53      1.01  10.66  80.70  21.43   0.65   0.00    0.009  0.170  0.025  0.131
   54      2.87 -83.75 322.70  15.64   0.37  -0.03   -0.530 -0.076 -0.113  0.037
   55      3.04 -89.76 304.25   0.47   0.27  -0.03   -0.457  0.073 -0.038  0.068
   56     44.86  35.92  67.58  14.95   0.61  -0.32   -0.044 -0.055 -0.155 -0.053
   57     47.11 -84.70 154.68  15.61   0.47   0.86   -0.093  0.012  0.140  0.010
   58     45.55 -80.96 150.84  15.15   0.70   0.56   -0.047  0.175  0.201  0.045
   59      8.50 -82.09   0.42   2.95   0.64  -0.78   -0.005  0.363  0.083  0.253
   60      3.47-110.75-118.38   3.36   1.12   0.05   -0.128 -0.036  0.342 -0.343
   61      0.48-130.46 -55.05   0.72   0.60  -0.86   -0.122 -0.410 -0.037  0.614
   62     20.06  19.63 152.64  15.88   0.83   0.14   -0.037  0.352 -0.004  0.285
   63     18.79 -47.18  29.77  20.30   0.19  -0.37   -0.010  0.096 -0.131  0.205
   64      4.66-163.04 184.07   8.02   0.68   1.01   -0.141  0.881  1.073  0.020
   65     23.38 -47.88  20.45  15.68   0.14  -0.42   -0.020  0.184 -0.193  0.180
   66     32.80-152.41  43.15  18.21   0.48   0.09   -0.004 -0.112  0.300  0.306
   67     41.87 -37.18  -5.15  19.24   0.28  -0.36   -0.026  0.128 -0.240  0.042
   68     14.14  50.76 105.89  20.37   0.46   0.01   -0.060 -0.019  0.218 -0.028
   69     48.30-214.97-349.14  73.50   0.00   0.00    0.000  0.000  0.000  0.000
   70      5.45  33.82  96.97  19.50   0.68  -0.02   -0.055  0.116  0.224  0.205
   71      4.10   6.17  56.61   1.17   0.60  -0.49   -0.001  0.041 -0.074 -0.130
   72     56.37 132.67-297.78  96.99   0.10   0.31   -0.432 -0.031  0.041 -0.013
   73     12.88  50.50  81.88  23.16   0.54   0.05   -0.017  0.104 -0.019  0.063
   74     36.18-102.65  70.35  22.41   0.44   0.08   -0.016 -0.210  0.167  0.609
   75     46.58-108.12   3.03   0.19   0.95  -0.68   -0.122 -0.535  0.578  0.083
   76     54.60-217.19 302.17   0.10   0.00   0.00    0.000  0.000  0.000  0.000
   77     44.05  50.96  93.88  16.91   0.35  -0.31   -0.049  0.035  0.148  0.108
   78     41.77  38.47  66.40  22.14   0.48  -0.18   -0.030  0.101 -0.106  0.139
   79     58.60 -69.54  -4.33   0.53   0.48  -0.86    0.005  0.236  0.137  0.430
   80     26.70 -69.95  -5.72   0.46   0.45  -0.83    0.000  0.189  0.086  0.346
   81     26.90 -69.86  -4.44   0.25   0.47  -0.82    0.002  0.260  0.138  0.142
   82     23.28 -69.82  -4.37   0.28   0.44  -0.93   -0.016  0.295  0.092  0.172
   83     23.17 -70.97  -6.08   7.09   0.33  -0.78   -0.031  0.209  0.058  0.489
   84     21.21 -43.19   8.55  21.00   0.11  -0.31    0.008  0.194 -0.267 -0.003
   85     24.50-167.36 -46.25  10.62   0.76   0.19   -0.099  0.106  0.165 -0.281
   86     44.07 -12.23  30.05  18.27   0.15  -0.40   -0.031  0.100 -0.191  0.171
   87     28.78 -61.60   6.83   3.40   0.42  -0.76   -0.019  0.056 -0.315  0.799
   88     38.01-103.58 -28.20   8.41   0.53  -0.72   -0.090  0.283 -0.084  0.008
   89     47.76-141.89  89.52  20.34   0.42   0.53   -0.037 -0.091  0.141  0.140
   90     48.25-139.83  88.26  20.23   0.39   0.46   -0.047 -0.015  0.221  0.129
   91     34.04  33.56  85.25  19.67   0.66  -0.13   -0.062  0.099  0.106  0.171

 A V E R A G E   of ADJUSTMENTS :                    -0.060  0.035  0.028  0.115
 A V E R A G E   of ABSOLUTE ADJUSTMENTS :            0.062  0.152  0.141  0.199


 Step length damping of 0.20059 was applied.


 Velocity adjustments:
     vp    dvp      hp   reflector
 Velocity model   1
   5.263  0.103   -5.000      
   5.402  0.132    3.120      
   5.719  0.029    9.260      
   6.039  0.009   11.330      
   6.144  0.074   15.230      
   6.570  0.040   24.650      
   7.200  0.110   25.580      
   7.525 -0.135   27.980      
   7.820 -0.200   33.910      
   8.033 -0.127   43.290      

 Calculation of average velocity starts at layer #           1
 z = -5.00 ...  3.12    v = 5.26    AVEL = 5.26 downto z =   3.12
 z =  3.12 ...  9.26    v = 5.40    AVEL = 5.32 downto z =   9.26
 z =  9.26 ... 11.33    v = 5.72    AVEL = 5.37 downto z =  11.33
 z = 11.33 ... 15.23    v = 6.04    AVEL = 5.50 downto z =  15.23
 z = 15.23 ... 24.65    v = 6.14    AVEL = 5.71 downto z =  24.65
 z = 24.65 ... 25.58    v = 6.57    AVEL = 5.73 downto z =  25.58
 z = 25.58 ... 27.98    v = 7.20    AVEL = 5.84 downto z =  27.98
 z = 27.98 ... 33.91    v = 7.52    AVEL = 6.10 downto z =  33.91
 z = 33.91 ... 43.29    v = 7.82    AVEL = 6.43 downto z =  43.29


 Calculation of average velocity starts at layer #           2
 z =  3.12 ...  9.26    v = 5.40    AVEL = 5.40 downto z =   9.26
 z =  9.26 ... 11.33    v = 5.72    AVEL = 5.48 downto z =  11.33
 z = 11.33 ... 15.23    v = 6.04    AVEL = 5.66 downto z =  15.23
 z = 15.23 ... 24.65    v = 6.14    AVEL = 5.87 downto z =  24.65
 z = 24.65 ... 25.58    v = 6.57    AVEL = 5.90 downto z =  25.58
 z = 25.58 ... 27.98    v = 7.20    AVEL = 6.03 downto z =  27.98
 z = 27.98 ... 33.91    v = 7.52    AVEL = 6.32 downto z =  33.91
 z = 33.91 ... 43.29    v = 7.82    AVEL = 6.67 downto z =  43.29



 Adjusted station corrections:
   stn  ptcor  dpcor  
  624   0.000  0.000  628  -0.044 -0.044  630  -0.022 -0.022  627   0.025  0.025
  621   0.020  0.020  629   0.036  0.036  622   0.021  0.021  620   0.005  0.005
  623   0.055  0.055  626   0.037  0.037  625   0.038  0.038  631   0.059  0.059
  632  -0.021 -0.021

 ~~~ another iteration? ...



--------------------------------------------------------------------------------



           ITERATION no  2

 ~~~ set units for this iteration ...
 ~~~ determine number of unknowns for this iter. ...

 Number of unknowns (for array-indexing):  nvar =  386
 Number of effective unknowns        :  nvareff =  387
 Number of elements on/below main diagonal of matrix G = At*A : kvar =   74691

 Damping factors to be used in this iteration:
   Othet=   0.010   XYthet  =   0.010   Zthet=  0.010
 STAthet=   0.010   Vthet   =   1.000

 ~~~ damp G ...
 ~~~ solve G * b = RHT ...
 ~~~ fix units ...
 ~~~ apply eventually step-length damping ...
 ~~~ adjust model (hypocenters, stacorr & veloc.) ...

 doing velocity adjustments now...

 doing station-correction adjustments...

 ~~~ compute effective step-length ...

 (Applied) Step length =   4.574

 ~~~ set units for next iteration ...
 ~~~ determine number of unknowns for next iter. ...

 Number of unknowns (for array-indexing):  nvar =  386
 Number of effective unknowns        :  nvareff =  387
 Number of elements on/below main diagonal of matrix G = At*A : kvar =   74691

 ~~~ reset G and RHT ...
 ~~~ raytracing, setup G ...
 ~~~ store parts of G ...
 ~~~ set units back for current iteration ...
 ~~~ determine number of unknowns for this iter. ...

 Number of unknowns (for array-indexing):  nvar =  386
 Number of effective unknowns        :  nvareff =  387
 Number of elements on/below main diagonal of matrix G = At*A : kvar =   74691

 ~~~ compute RMS and DATVAR ...

 $$$$$$$$$$$$$$$$$$$$$$$$$$$$$$$$$$$$$$$$$$$$$$$$$
 Events with  | AVRES | > 1.0 SEC are suspicious !

 Event#  10 >>>  160920 1607  AVRES =  1.12 NOBS =  2

 ^^^^^^^^^ C H E C K   these events above ^^^^^^^^
 $$$$$$$$$$$$$$$$$$$$$$$$$$$$$$$$$$$$$$$$$$$$$$$$$

 ~~~ check solution (better? worse?) ...

 Iteration nr  2 obtained:
 DATVAR=    0.612856 mean sqrd residual=     0.263555  RMS RESIDUAL=     0.513376

 After  2 iterations we got:
 Average absolute & unweighted [and mean] residual of
   292 straight and direct rays =  0.36042 [ -0.35887]
   387 refracted           rays =  0.51173 [ -0.05227]
     0 reflected           rays =  0.00000 [  0.00000]

   679 ALL                 RAYS =  0.44666 [ -0.18412]      -23.67 %

 ~~~ iteration done; output results ...

  eq       ot     x      y      z      rms    avres   dot     dx     dy     dz
    1      9.03  38.31 112.00  23.01   0.26  -0.07   -0.041 -0.158  0.058 -0.095
    2      9.21  37.91 110.84  23.01   0.27  -0.09   -0.051 -0.028  0.124  0.080
    3     27.10-130.16  -7.94  11.83   0.43  -0.08   -0.105 -0.048  0.320 -0.147
    4     15.47-131.15  -6.66  10.49   0.55  -0.04   -0.120 -0.029  0.099 -0.289
    5     45.64 -40.27  38.44  23.89   0.20  -0.22   -0.035  0.034 -0.215 -0.006
    6     49.42 -36.59  40.55  17.16   0.16  -0.34   -0.047  0.152 -0.097  0.347
    7     13.71-134.51-118.99   5.66   0.83   0.09   -0.154  0.334  0.021 -0.355
    8     30.28-141.05 -43.83   9.20   0.52   0.13   -0.078 -0.134  0.098  0.299
    9     39.57  10.88  56.42  12.33   0.09  -0.38   -0.069 -0.006 -0.135  0.119
   10     18.05 -87.91-308.27  16.28   1.08   1.12   -0.105 -0.382 -0.007  0.060
   11      5.21 -63.36-309.70  15.71   1.33   0.89   -0.175 -0.520 -0.058  0.088
   12     51.08  35.13  94.84  16.74   0.21  -0.36   -0.067  0.049  0.126  0.676
   13     46.78  33.55  98.20  19.69   0.31  -0.18   -0.071  0.087  0.199  0.369
   14     55.74  33.31  97.45  14.51   0.41  -0.31   -0.078  0.032 -0.100  0.408
   15     44.55  33.85  97.83  17.73   0.47  -0.09   -0.090 -0.108  0.324  0.285
   16     44.74  34.80  96.43  18.99   0.53  -0.01   -0.094 -0.144  0.387  0.193
   17     21.98  -0.99  82.55  18.84   0.40  -0.26   -0.071  0.001  0.103  0.192
   18     36.33 -34.03   4.56  12.05   0.19  -0.43   -0.102  0.041  0.064  0.524
   19     33.20  41.14  63.95  10.45   0.21  -0.44   -0.053 -0.163 -0.103  0.189
   20     45.87  37.76  85.14  16.48   0.30  -0.27   -0.068 -0.025 -0.029  0.150
   21     34.02  36.30  82.34  14.02   0.45  -0.33   -0.033 -0.062 -0.304 -0.221
   22     25.77  35.53  85.26  13.99   0.21  -0.44   -0.062 -0.102 -0.104  0.315
   23     15.81  34.99  85.80  11.28   0.28  -0.46   -0.049 -0.268 -0.306 -0.146
   24      1.80  34.96  82.73   7.15   0.42  -0.62   -0.112  0.054  0.385  0.777
   25     48.62 -45.77  23.33  22.41   0.16  -0.20    0.001  0.102 -0.239  0.217
   26     27.48 -70.08  -4.03  10.95   0.14  -0.44   -0.066  0.187 -0.166  0.338
   27      0.12  -0.52  48.97  13.35   0.18  -0.29   -0.047  0.081 -0.288  0.161
   28     58.99  37.54  76.14  11.25   0.44  -0.26   -0.058 -0.042 -0.040 -0.112
   29     20.06-148.49 -12.52  14.43   0.45   0.11   -0.076  0.158  0.184 -0.074
   30      2.84  35.58  76.62  12.62   0.56  -0.14   -0.031 -0.158 -0.115 -0.442
   31     20.90  36.05  77.28  14.10   0.52  -0.20   -0.044 -0.239 -0.166 -0.112
   32     50.71  36.93  76.60  15.73   0.16  -0.40   -0.050  0.026 -0.278  0.260
   33      0.77  37.19  75.92  15.55   0.31  -0.28   -0.014 -0.044 -0.164 -0.095
   34     55.43 -16.75  34.75  24.35   0.09  -0.23    0.002  0.186 -0.092 -0.050
   35     39.19 -71.17  -8.50   5.11   0.45  -0.58   -0.014  0.397  0.015  0.893
   36     59.03  36.48  77.64  15.36   0.46  -0.20   -0.036 -0.029 -0.124  0.150
   37      5.52  31.17  50.01  14.52   0.08  -0.39   -0.039 -0.098 -0.098 -0.312
   38     46.42  73.04  72.54  17.00   0.36  -0.23   -0.051 -0.087 -0.245  0.088
   39     13.99   0.81  26.00   3.68   0.26  -0.49   -0.063  0.059 -0.109 -0.089
   40     14.50 -41.90  13.87  16.61   0.11  -0.35   -0.055  0.024 -0.036 -0.105
   41     56.30  34.82  78.86   6.36   0.28  -0.66   -0.061 -0.027 -0.144  0.673
   42     34.27  -3.82  46.15  17.98   0.11  -0.26   -0.021  0.140 -0.079  0.001
   43     24.55-109.69 -39.32   6.19   0.40  -0.71   -0.030  0.578  0.059  0.495
   44     49.59  30.10  50.40   8.73   0.21  -0.49   -0.063 -0.092 -0.101  0.280
   45     41.13-145.09  45.78  18.71   0.39   0.17   -0.042 -0.020  0.153  0.227
   46     34.03 -57.37  -0.94  16.34   0.14  -0.32   -0.038  0.126 -0.061  0.105
   47      0.99  10.84  80.48  22.16   0.53  -0.00   -0.016  0.167 -0.030  0.168
   48     37.22  10.78  81.59  23.51   0.23  -0.17    0.004  0.172 -0.008 -0.026
   49     35.62  54.31  84.73  22.68   0.32  -0.25   -0.036 -0.302  0.114 -0.034
   50     36.00-102.37 -35.62  15.45   0.46  -0.12   -0.062  0.092  0.022  0.114
   51     52.95-100.44 -54.04   7.83   0.67  -0.08   -0.131  0.497  0.389 -0.834
   52     43.09-115.75  43.77  15.98   0.48  -0.10   -0.064 -0.153  0.456  0.234
   53      0.99  10.81  80.75  21.64   0.50   0.01   -0.018  0.150  0.055  0.213
   54      2.42 -83.79 322.63  15.68   0.34  -0.02   -0.451 -0.040 -0.072  0.047
   55      2.65 -89.64 304.18   0.49   0.21   0.01   -0.388  0.118 -0.066  0.019
   56     44.81  35.89  67.38  14.96   0.48  -0.23   -0.051 -0.031 -0.196  0.011
   57     46.97 -84.71 154.86  15.62   0.41   0.65   -0.136 -0.018  0.178  0.014
   58     45.48 -80.58 151.11  15.18   0.52   0.43   -0.075  0.381  0.270  0.039
   59      8.47 -81.65   0.42   3.00   0.56  -0.57   -0.022  0.448 -0.002  0.051
   60      3.42-110.60-118.27   3.72   0.95   0.06   -0.056  0.158  0.113  0.361
   61      0.32-130.95 -55.04   1.36   0.54  -0.61   -0.155 -0.490  0.010  0.637
   62     20.01  19.83 152.62  16.18   0.67   0.14   -0.056  0.197 -0.020  0.297
   63     18.76 -47.06  29.62  20.52   0.16  -0.27   -0.026  0.118 -0.155  0.213
   64      4.50-161.70 185.47   7.97   0.62   0.77   -0.159  1.340  1.400 -0.052
   65     23.35 -47.71  20.25  15.82   0.11  -0.31   -0.027  0.173 -0.204  0.141
   66     32.76-152.55  43.52  18.64   0.37   0.09   -0.038 -0.134  0.371  0.435
   67     41.84 -37.12  -5.34  19.23   0.23  -0.25   -0.037  0.062 -0.193 -0.016
   68     14.05  50.65 106.23  20.28   0.35   0.04   -0.088 -0.110  0.339 -0.093
   69     48.30-214.97-349.14  73.50   0.00   0.00    0.000  0.000  0.000  0.000
   70      5.36  33.92  97.25  19.78   0.52   0.01   -0.083  0.105  0.285  0.276
   71      4.08   6.24  56.43   1.33   0.56  -0.36   -0.017  0.076 -0.177  0.161
   72     56.01 132.64-297.74  96.98   0.05   0.23   -0.359 -0.026  0.034 -0.011
   73     12.86  50.60  81.74  23.19   0.40   0.06   -0.021  0.104 -0.145  0.031
   74     36.14-102.93  70.50  22.96   0.31   0.09   -0.048 -0.284  0.146  0.550
   75     46.38-108.93   3.70   0.02   0.90  -0.48   -0.193 -0.805  0.665 -0.169
   76     54.60-217.19 302.17   0.10   0.00   0.00    0.000  0.000  0.000  0.000
   77     43.98  51.02  94.09  17.16   0.26  -0.22   -0.076  0.058  0.216  0.255
   78     41.72  38.59  66.23  22.32   0.38  -0.12   -0.046  0.123 -0.163  0.178
   79     58.59 -69.20  -4.19   0.73   0.40  -0.63   -0.018  0.338  0.134  0.204
   80     26.68 -69.67  -5.64   0.63   0.36  -0.61   -0.021  0.279  0.072  0.176
   81     26.88 -69.50  -4.30   0.15   0.39  -0.60   -0.022  0.361  0.133 -0.104
   82     23.24 -69.45  -4.29   0.36   0.34  -0.68   -0.040  0.369  0.083  0.079
   83     23.13 -70.71  -5.97   7.60   0.26  -0.58   -0.043  0.268  0.104  0.510
   84     21.20 -42.99   8.27  20.99   0.09  -0.23   -0.009  0.202 -0.276 -0.003
   85     24.37-167.28 -46.09  10.32   0.59   0.17   -0.128  0.081  0.167 -0.295
   86     44.02 -12.15  29.83  18.47   0.11  -0.29   -0.046  0.082 -0.215  0.199
   87     28.76 -61.51   6.52   4.33   0.34  -0.57   -0.026  0.092 -0.307  0.936
   88     37.92-103.24 -28.23   8.38   0.47  -0.51   -0.093  0.342 -0.025 -0.028
   89     47.69-141.98  89.72  20.51   0.29   0.43   -0.069 -0.096  0.198  0.170
   90     48.19-139.84  88.49  20.33   0.25   0.37   -0.064 -0.007  0.229  0.106
   91     33.96  33.69  85.31  19.87   0.50  -0.07   -0.080  0.128  0.063  0.201

 A V E R A G E   of ADJUSTMENTS :                    -0.070  0.049  0.030  0.128
 A V E R A G E   of ABSOLUTE ADJUSTMENTS :            0.071  0.170  0.167  0.223


 Step length damping of 0.25638 was applied.


 Velocity adjustments:
     vp    dvp      hp   reflector
 Velocity model   1
   5.338  0.075   -5.000      
   5.539  0.137    3.120      
   5.742  0.023    9.260      
   6.041  0.002   11.330      
   6.201  0.057   15.230      
   6.606  0.036   24.650      
   7.282  0.083   25.580      
   7.354 -0.171   27.980      
   7.620 -0.200   33.910      
   7.935 -0.099   43.290      

 Calculation of average velocity starts at layer #           1
 z = -5.00 ...  3.12    v = 5.34    AVEL = 5.34 downto z =   3.12
 z =  3.12 ...  9.26    v = 5.54    AVEL = 5.42 downto z =   9.26
 z =  9.26 ... 11.33    v = 5.74    AVEL = 5.46 downto z =  11.33
 z = 11.33 ... 15.23    v = 6.04    AVEL = 5.58 downto z =  15.23
 z = 15.23 ... 24.65    v = 6.20    AVEL = 5.77 downto z =  24.65
 z = 24.65 ... 25.58    v = 6.61    AVEL = 5.80 downto z =  25.58
 z = 25.58 ... 27.98    v = 7.28    AVEL = 5.91 downto z =  27.98
 z = 27.98 ... 33.91    v = 7.35    AVEL = 6.13 downto z =  33.91
 z = 33.91 ... 43.29    v = 7.62    AVEL = 6.42 downto z =  43.29


 Calculation of average velocity starts at layer #           2
 z =  3.12 ...  9.26    v = 5.54    AVEL = 5.54 downto z =   9.26
 z =  9.26 ... 11.33    v = 5.74    AVEL = 5.59 downto z =  11.33
 z = 11.33 ... 15.23    v = 6.04    AVEL = 5.74 downto z =  15.23
 z = 15.23 ... 24.65    v = 6.20    AVEL = 5.94 downto z =  24.65
 z = 24.65 ... 25.58    v = 6.61    AVEL = 5.97 downto z =  25.58
 z = 25.58 ... 27.98    v = 7.28    AVEL = 6.09 downto z =  27.98
 z = 27.98 ... 33.91    v = 7.35    AVEL = 6.34 downto z =  33.91
 z = 33.91 ... 43.29    v = 7.62    AVEL = 6.64 downto z =  43.29



 Adjusted station corrections:
   stn  ptcor  dpcor  
  624   0.000  0.000  628  -0.089 -0.044  630  -0.042 -0.020  627   0.060  0.035
  621   0.039  0.019  629   0.075  0.039  622   0.041  0.020  620   0.008  0.003
  623   0.112  0.057  626   0.073  0.036  625   0.071  0.033  631   0.105  0.046
  632  -0.040 -0.018

 ~~~ another iteration? ...



--------------------------------------------------------------------------------



           ITERATION no  3

 ~~~ set units for this iteration ...
 ~~~ determine number of unknowns for this iter. ...

 Number of unknowns (for array-indexing):  nvar =  386
 Number of effective unknowns        :  nvareff =  387
 Number of elements on/below main diagonal of matrix G = At*A : kvar =   74691

 Damping factors to be used in this iteration:
   Othet=   0.010   XYthet  =   0.010   Zthet=  0.010
 STAthet=   0.010   Vthet   =   1.000

 ~~~ damp G ...
 ~~~ solve G * b = RHT ...
 ~~~ fix units ...
 ~~~ apply eventually step-length damping ...
 ~~~ adjust model (hypocenters, stacorr & veloc.) ...

 doing velocity adjustments now...
 WARNING: Tried to introduce a low-velocity-layer! (Layer  8)
 Setting DVP from -0.15 to 0.0 and VP to vp(layer_above)+0.001

 doing station-correction adjustments...

 ~~~ compute effective step-length ...

 (Applied) Step length =   4.748

 ~~~ set units for next iteration ...
 ~~~ determine number of unknowns for next iter. ...

 Number of unknowns (for array-indexing):  nvar =  386
 Number of effective unknowns        :  nvareff =  387
 Number of elements on/below main diagonal of matrix G = At*A : kvar =   74691

 ~~~ reset G and RHT ...
 ~~~ raytracing, setup G ...
 ~~~ store parts of G ...
 ~~~ set units back for current iteration ...
 ~~~ determine number of unknowns for this iter. ...

 Number of unknowns (for array-indexing):  nvar =  386
 Number of effective unknowns        :  nvareff =  387
 Number of elements on/below main diagonal of matrix G = At*A : kvar =   74691

 ~~~ compute RMS and DATVAR ...

 $$$$$$$$$$$$$$$$$$$$$$$$$$$$$$$$$$$$$$$$$$$$$$$$$
 Events with  | AVRES | > 1.0 SEC are suspicious !

 ZERO events of this kind found! (lucky guy!!!)

 ~~~ check solution (better? worse?) ...

 Iteration nr  3 obtained:
 DATVAR=    0.374170 mean sqrd residual=     0.160910  RMS RESIDUAL=     0.401136

 After  3 iterations we got:
 Average absolute & unweighted [and mean] residual of
   307 straight and direct rays =  0.25159 [ -0.24383]
   372 refracted           rays =  0.39772 [ -0.00786]
     0 reflected           rays =  0.00000 [  0.00000]

   679 ALL                 RAYS =  0.33165 [ -0.11455]      -25.75 %

 ~~~ iteration done; output results ...

  eq       ot     x      y      z      rms    avres   dot     dx     dy     dz
    1      8.98  38.09 112.02  22.89   0.20  -0.03   -0.043 -0.223  0.020 -0.127
    2      9.16  37.68 110.88  22.83   0.21  -0.04   -0.058 -0.232  0.046 -0.186
    3     27.03-130.35  -7.56  12.08   0.36  -0.03   -0.073 -0.195  0.382  0.246
    4     15.37-131.22  -6.45  10.29   0.44   0.01   -0.100 -0.079  0.213 -0.197
    5     45.60 -40.19  38.27  23.86   0.18  -0.15   -0.038  0.079 -0.177 -0.032
    6     49.37 -36.43  40.47  17.59   0.14  -0.23   -0.051  0.160 -0.080  0.431
    7     13.58-134.18-119.06   5.37   0.60   0.07   -0.130  0.332 -0.064 -0.286
    8     30.21-141.18 -43.61   9.38   0.39   0.12   -0.068 -0.124  0.216  0.180
    9     39.52  10.84  56.31  12.38   0.08  -0.26   -0.054 -0.046 -0.112  0.041
   10     17.86 -88.62-308.21  16.30   1.05   0.75   -0.198 -0.711  0.063  0.020
   11      4.95 -64.25-309.71  15.74   1.31   0.60   -0.268 -0.884 -0.004  0.027
   12     51.01  35.07  95.00  17.35   0.16  -0.24   -0.069 -0.059  0.164  0.608
   13     46.73  33.59  98.29  19.90   0.25  -0.11   -0.057  0.039  0.080  0.216
   14     55.67  33.35  97.41  14.94   0.27  -0.21   -0.067  0.034 -0.040  0.430
   15     44.48  33.71  98.04  17.90   0.36  -0.05   -0.072 -0.138  0.205  0.172
   16     44.66  34.62  96.71  19.07   0.41   0.01   -0.080 -0.188  0.283  0.081
   17     21.90  -1.02  82.65  19.03   0.31  -0.16   -0.079 -0.036  0.108  0.195
   18     36.24 -34.02   4.64  12.53   0.16  -0.30   -0.086  0.018  0.079  0.483
   19     33.17  40.96  63.88  10.52   0.17  -0.30   -0.036 -0.184 -0.074  0.068
   20     45.80  37.66  85.15  16.59   0.24  -0.17   -0.066 -0.100  0.004  0.104
   21     33.99  36.16  82.13  13.81   0.39  -0.21   -0.029 -0.140 -0.215 -0.208
   22     25.72  35.38  85.22  14.29   0.17  -0.29   -0.056 -0.150 -0.042  0.299
   23     15.77  34.78  85.74  11.35   0.26  -0.31   -0.037 -0.211 -0.057  0.067
   24      1.68  34.88  83.10   7.65   0.37  -0.43   -0.120 -0.085  0.362  0.501
   25     48.61 -45.65  23.06  22.69   0.13  -0.14   -0.010  0.116 -0.265  0.280
   26     27.44 -69.87  -4.16  11.20   0.10  -0.30   -0.046  0.214 -0.133  0.251
   27      0.09  -0.42  48.72  13.39   0.13  -0.20   -0.030  0.103 -0.256  0.043
   28     58.95  37.45  76.13  11.10   0.34  -0.17   -0.042 -0.087 -0.008 -0.156
   29     20.00-148.32 -12.12  14.29   0.33   0.11   -0.053  0.168  0.398 -0.147
   30      2.81  35.46  76.51  12.39   0.47  -0.07   -0.022 -0.119 -0.102 -0.228
   31     20.86  35.76  77.18  14.05   0.39  -0.12   -0.040 -0.284 -0.100 -0.053
   32     50.66  36.88  76.36  15.96   0.12  -0.27   -0.044 -0.048 -0.242  0.230
   33      0.75  37.07  75.80  15.49   0.25  -0.18   -0.016 -0.117 -0.118 -0.057
   34     55.40 -16.52  34.68  24.47   0.08  -0.16   -0.023  0.237 -0.063  0.119
   35     39.20 -70.62  -8.32   5.85   0.37  -0.40    0.007  0.547  0.179  0.740
   36     59.02  36.32  77.47  15.19   0.36  -0.12   -0.016 -0.165 -0.161 -0.175
   37      5.49  31.02  49.92  14.28   0.06  -0.26   -0.029 -0.144 -0.091 -0.239
   38     46.40  72.72  72.25  16.93   0.29  -0.14   -0.011 -0.316 -0.287 -0.070
   39     13.92   0.79  25.86   3.85   0.21  -0.33   -0.076 -0.013 -0.139  0.172
   40     14.45 -41.86  13.86  16.56   0.12  -0.24   -0.054  0.040 -0.008 -0.058
   41     56.23  34.68  78.65   6.80   0.23  -0.45   -0.063 -0.143 -0.208  0.437
   42     34.25  -3.69  46.08  17.98   0.08  -0.18   -0.019  0.137 -0.076 -0.007
   43     24.55-108.97 -39.10   6.42   0.34  -0.49   -0.008  0.722  0.214  0.233
   44     49.52  30.03  50.33   8.90   0.15  -0.34   -0.069 -0.073 -0.074  0.176
   45     41.10-145.03  46.06  18.80   0.26   0.13   -0.037  0.060  0.284  0.090
   46     34.00 -57.23  -1.03  16.49   0.11  -0.22   -0.035  0.141 -0.084  0.151
   47      0.97  10.98  80.46  22.23   0.40   0.01   -0.021  0.138 -0.022  0.062
   48     37.19  10.89  81.61  23.58   0.18  -0.11   -0.022  0.105  0.012  0.068
   49     35.57  54.05  84.71  22.82   0.28  -0.16   -0.050 -0.263 -0.027  0.139
   50     35.95-102.17 -35.50  15.42   0.38  -0.06   -0.042  0.202  0.126 -0.029
   51     52.85-100.03 -53.57   6.85   0.53  -0.01   -0.094  0.412  0.477 -0.975
   52     43.01-115.95  44.22  16.14   0.40  -0.05   -0.081 -0.198  0.447  0.166
   53      0.97  10.93  80.82  21.76   0.37   0.02   -0.025  0.120  0.069  0.119
   54      1.76 -83.82 322.53  15.75   0.30  -0.02   -0.660 -0.034 -0.099  0.066
   55      2.13 -89.54 304.15   0.56   0.14   0.00   -0.528  0.106 -0.039  0.073
   56     44.77  35.76  67.22  14.91   0.38  -0.15   -0.040 -0.133 -0.162 -0.047
   57     46.84 -84.80 155.04  15.64   0.36   0.47   -0.133 -0.088  0.180  0.021
   58     45.40 -80.26 151.43  15.27   0.37   0.31   -0.073  0.321  0.320  0.082
   59      8.44 -81.18   0.33   3.04   0.50  -0.38   -0.033  0.463 -0.086  0.036
   60      3.35-110.38-117.91   3.81   0.76   0.06   -0.064  0.213  0.359  0.086
   61      0.22-131.54 -55.22   2.44   0.49  -0.41   -0.105 -0.591 -0.178  1.079
   62     19.95  20.05 152.51  16.36   0.52   0.12   -0.055  0.222 -0.114  0.176
   63     18.74 -46.87  29.48  20.68   0.13  -0.18   -0.024  0.187 -0.143  0.160
   64      4.30-160.61 187.06   8.13   0.54   0.52   -0.198  1.085  1.590  0.165
   65     23.33 -47.52  20.04  16.00   0.09  -0.21   -0.022  0.191 -0.205  0.183
   66     32.73-152.55  43.86  18.95   0.30   0.09   -0.025 -0.007  0.341  0.314
   67     41.83 -36.92  -5.47  18.88   0.19  -0.17   -0.007  0.197 -0.124 -0.345
   68     13.97  50.52 106.59  20.09   0.29   0.05   -0.085 -0.123  0.360 -0.192
   69     48.30-214.97-349.14  73.50   0.00   0.00    0.000  0.000  0.000  0.000
   70      5.30  34.00  97.38  19.93   0.39   0.02   -0.065  0.079  0.131  0.154
   71      4.06   6.29  56.51   0.72   0.56  -0.24   -0.023  0.048  0.074 -0.613
   72     55.28 132.59-297.67  96.96   0.02   0.13   -0.726 -0.054  0.071 -0.022
   73     12.83  50.75  81.56  23.29   0.32   0.05   -0.027  0.143 -0.182  0.091
   74     36.05-103.05  70.70  23.02   0.25   0.09   -0.087 -0.111  0.197  0.063
   75     46.32-109.44   4.21   0.60   0.89  -0.32   -0.066 -0.511  0.512  0.573
   76     54.60-217.19 302.17   0.10   0.00   0.00    0.000  0.000  0.000  0.000
   77     43.92  51.01  94.20  17.35   0.20  -0.14   -0.059 -0.011  0.105  0.183
   78     41.69  38.64  66.06  22.41   0.32  -0.07   -0.040  0.048 -0.180  0.092
   79     58.59 -69.01  -4.30   1.49   0.36  -0.43    0.002  0.188 -0.112  0.752
   80     26.68 -69.46  -5.77   1.18   0.31  -0.41   -0.003  0.213 -0.125  0.544
   81     26.88 -69.31  -4.45   0.62   0.35  -0.41    0.001  0.187 -0.143  0.468
   82     23.23 -69.22  -4.40   0.63   0.29  -0.47   -0.018  0.236 -0.115  0.271
   83     23.10 -70.35  -5.83   7.92   0.19  -0.39   -0.031  0.355  0.140  0.323
   84     21.18 -42.76   8.01  21.05   0.08  -0.16   -0.019  0.222 -0.260  0.056
   85     24.28-167.25 -45.88  10.13   0.44   0.14   -0.091  0.024  0.209 -0.197
   86     43.98 -12.10  29.65  18.60   0.07  -0.20   -0.039  0.047 -0.188  0.129
   87     28.72 -61.30   6.37   4.98   0.28  -0.39   -0.038  0.210 -0.149  0.647
   88     37.89-102.69 -28.25   8.16   0.40  -0.34   -0.027  0.546 -0.025 -0.221
   89     47.64-142.07  89.91  20.67   0.21   0.32   -0.049 -0.091  0.193  0.159
   90     48.13-139.86  88.80  20.52   0.16   0.28   -0.060 -0.021  0.313  0.188
   91     33.87  33.80  85.37  20.03   0.38  -0.03   -0.085  0.114  0.060  0.163

 A V E R A G E   of ADJUSTMENTS :                    -0.073  0.025  0.040  0.111
 A V E R A G E   of ABSOLUTE ADJUSTMENTS :            0.073  0.190  0.171  0.218


 Step length damping of 0.31872 was applied.


 Velocity adjustments:
     vp    dvp      hp   reflector
 Velocity model   1
   5.461  0.124   -5.000      
   5.608  0.069    3.120      
   5.847  0.105    9.260      
   6.042  0.001   11.330      
   6.220  0.019   15.230      
   6.626  0.020   24.650      
   7.204 -0.078   25.580      
   7.205  0.000   27.980      
   7.464 -0.156   33.910      
   7.735 -0.200   43.290      

 Calculation of average velocity starts at layer #           1
 z = -5.00 ...  3.12    v = 5.46    AVEL = 5.46 downto z =   3.12
 z =  3.12 ...  9.26    v = 5.61    AVEL = 5.52 downto z =   9.26
 z =  9.26 ... 11.33    v = 5.85    AVEL = 5.57 downto z =  11.33
 z = 11.33 ... 15.23    v = 6.04    AVEL = 5.66 downto z =  15.23
 z = 15.23 ... 24.65    v = 6.22    AVEL = 5.84 downto z =  24.65
 z = 24.65 ... 25.58    v = 6.63    AVEL = 5.86 downto z =  25.58
 z = 25.58 ... 27.98    v = 7.20    AVEL = 5.96 downto z =  27.98
 z = 27.98 ... 33.91    v = 7.21    AVEL = 6.15 downto z =  33.91
 z = 33.91 ... 43.29    v = 7.46    AVEL = 6.40 downto z =  43.29


 Calculation of average velocity starts at layer #           2
 z =  3.12 ...  9.26    v = 5.61    AVEL = 5.61 downto z =   9.26
 z =  9.26 ... 11.33    v = 5.85    AVEL = 5.67 downto z =  11.33
 z = 11.33 ... 15.23    v = 6.04    AVEL = 5.79 downto z =  15.23
 z = 15.23 ... 24.65    v = 6.22    AVEL = 5.98 downto z =  24.65
 z = 24.65 ... 25.58    v = 6.63    AVEL = 6.00 downto z =  25.58
 z = 25.58 ... 27.98    v = 7.20    AVEL = 6.12 downto z =  27.98
 z = 27.98 ... 33.91    v = 7.21    AVEL = 6.33 downto z =  33.91
 z = 33.91 ... 43.29    v = 7.46    AVEL = 6.59 downto z =  43.29



 Adjusted station corrections:
   stn  ptcor  dpcor  
  624   0.000  0.000  628  -0.143 -0.054  630  -0.073 -0.030  627   0.084  0.024
  621   0.040  0.001  629   0.103  0.027  622   0.055  0.013  620  -0.003 -0.011
  623   0.158  0.046  626   0.096  0.023  625   0.090  0.019  631   0.135  0.029
  632  -0.082 -0.042

 ~~~ another iteration? ...
 NITT = ITTMAX  --> stop iterations.
 ~~~ final solution reached ...

 ~~~ damp G & Chol.-Decomp.: NOT made (switch iresolcalc is NOT set !)

 Final rms values:  0.20 0.21 0.36 0.44 0.18 0.14 0.60 0.39 0.08 1.05
                    1.31 0.16 0.25 0.27 0.36 0.41 0.31 0.16 0.17 0.24
                    0.39 0.17 0.26 0.37 0.13 0.10 0.13 0.34 0.33 0.47
                    0.39 0.12 0.25 0.08 0.37 0.36 0.06 0.29 0.21 0.12
                    0.23 0.08 0.34 0.15 0.26 0.11 0.40 0.18 0.28 0.38
                    0.53 0.40 0.37 0.30 0.14 0.38 0.36 0.37 0.50 0.76
                    0.49 0.52 0.13 0.54 0.09 0.30 0.19 0.29 0.00 0.39
                    0.56 0.02 0.32 0.25 0.89 0.00 0.20 0.32 0.36 0.31
                    0.35 0.29 0.19 0.08 0.44 0.07 0.28 0.40 0.21 0.16
                    0.38



 ~~~ output final hypocenters ...

      date    origin   latitude longitude  depth  mag  no  rms      x      y      z
   1 160818 1613  8.98 73.0039N 124.8656E  22.89 1.40   6 0.203   38.09 112.02  22.89
   2 160818 1613  9.16 72.9937N 124.8781E  22.83 1.10   6 0.209   37.68 110.88  22.83
   3 160819 0959 27.03 71.9322N 129.7712E  12.08 4.00  12 0.356 -130.35  -7.56  12.08
   4 160820 1506 15.37 71.9422N 129.7974E  10.29 1.50   9 0.444 -131.22  -6.45  10.29
   5 160820 1904 45.60 72.3429N 127.1757E  23.86 1.20   6 0.180  -40.19  38.27  23.86
   6 160822 1318 49.37 72.3626N 127.0663E  17.59 0.60   8 0.139  -36.43  40.47  17.59
   7 160823 0652 13.58 70.9330N 129.7809E   5.37 2.90   6 0.596 -134.18-119.06   5.37
   8 160824 1510 30.21 71.6092N 130.0493E   9.38 1.50   9 0.386 -141.18 -43.61   9.38
   9 160906 1514 39.52 72.5047N 125.6816E  12.38 0.90   6 0.081   10.84  56.31  12.38
  10 160920 1607 17.86 69.2379N 128.3921E  16.30 2.60   2 1.052  -88.62-308.21  16.30
  11 160925 1911  4.95 69.2244N 127.7335E  15.74 2.30   2 1.307  -64.25-309.71  15.74
  12 161004 0841 51.01 72.8514N 124.9598E  17.35 0.20   6 0.161   35.07  95.00  17.35
  13 161005 1619 46.73 72.8808N 125.0029E  19.90 1.00   9 0.253   33.59  98.29  19.90
  14 161006 0156 55.67 72.8730N 125.0103E  14.94 1.00   7 0.275   33.35  97.41  14.94
  15 161009 0036 44.48 72.8786N 124.9993E  17.90 1.30   8 0.359   33.71  98.04  17.90
  16 161009 0036 44.66 72.8667N 124.9728E  19.07 1.20   7 0.406   34.62  96.71  19.07
  17 161012 0800 21.90 72.7407N 126.0302E  19.03 0.80   7 0.311   -1.02  82.65  19.03
  18 161015 1013 36.24 72.0416N 126.9870E  12.53 0.70   7 0.162  -34.02   4.64  12.53
  19 161021 0507 33.17 72.5725N 124.7943E  10.52 0.80   6 0.166   40.96  63.88  10.52
  20 161124 2250 45.80 72.7631N 124.8856E  16.59 3.10   4 0.237   37.66  85.15  16.59
  21 161125 0156 33.99 72.7360N 124.9307E  13.81 0.60   7 0.386   36.16  82.13  13.81
  22 161125 0517 25.72 72.7637N 124.9530E  14.29 1.60   6 0.173   35.38  85.22  14.29
  23 161125 0525 15.77 72.7684N 124.9709E  11.35 0.80   6 0.259   34.78  85.74  11.35
  24 161125 0556  1.68 72.7447N 124.9685E   7.65 0.20   6 0.374   34.88  83.10   7.65
  25 170117 0846 48.61 72.2067N 127.3305E  22.69 0.30   6 0.134  -45.65  23.06  22.69
  26 170122 1614 27.44 71.9627N 128.0229E  11.20 0.90   6 0.102  -69.87  -4.16  11.20
  27 170125 2244  0.09 72.4366N 126.0122E  13.39 0.80   6 0.127   -0.42  48.72  13.39
  28 170302 1359 58.95 72.6823N 124.8944E  11.10 0.50   7 0.342   37.45  76.13  11.10
  29 170302 2335 20.00 71.8914N 130.2862E  14.29 2.10   9 0.330 -148.32 -12.12  14.29
  30 170304 2135  2.81 72.6857N 124.9529E  12.39 1.30   7 0.473   35.46  76.51  12.39
  31 170307 0447 20.86 72.6917N 124.9439E  14.05 1.70  10 0.394   35.76  77.18  14.05
  32 170307 2016 50.66 72.6843N 124.9112E  15.96 1.10   6 0.116   36.88  76.36  15.96
  33 170309 1454  0.75 72.6793N 124.9056E  15.49 0.30   6 0.246   37.07  75.80  15.49
  34 170311 0430 55.40 72.3108N 126.4827E  24.47 0.30   6 0.076  -16.52  34.68  24.47
  35 170312 0416 39.20 71.9254N 128.0427E   5.85 2.10   6 0.373  -70.62  -8.32   5.85
  36 170313 0553 59.02 72.6943N 124.9274E  15.19 1.00   9 0.358   36.32  77.47  15.19
  37 170313 0809  5.49 72.4473N 125.0899E  14.28 1.20   7 0.059   31.02  49.92  14.28
  38 170315 0234 46.40 72.6475N 123.8551E  16.93 1.40   7 0.289   72.72  72.25  16.93
  39 170317 1007 13.92 72.2318N 125.9768E   3.85 0.50   7 0.207    0.79  25.86   3.85
  40 170320 0711 14.45 72.1242N 127.2173E  16.56 0.90   6 0.115  -41.86  13.86  16.56
  41 170320 0853 56.23 72.7049N 124.9755E   6.80 0.40   6 0.230   34.68  78.65   6.80
  42 170320 1900 34.25 72.4129N 126.1080E  17.98 0.60   7 0.079   -3.69  46.08  17.98
  43 170323 0519 24.55 71.6496N 129.1287E   6.42 1.20   6 0.335 -108.97 -39.10   6.42
  44 170323 1612 49.52 72.4510N 125.1191E   8.90 0.50   6 0.150   30.03  50.33   8.90
  45 170323 1906 41.10 72.4128N 130.2504E  18.80 1.00   6 0.265 -145.03  46.06  18.80
  46 170326 0836 34.00 71.9908N 127.6583E  16.49 1.50   7 0.107  -57.23  -1.03  16.49
  47 170402 0422  0.97 72.7211N 125.6755E  22.23 1.20  10 0.397   10.98  80.46  22.23
  48 170402 0636 37.19 72.7313N 125.6782E  23.58 0.70   6 0.182   10.89  81.61  23.58
  49 170404 2347 35.57 72.7591N 124.4009E  22.82 0.50   6 0.275   54.05  84.71  22.82
  50 170405 0307 35.95 71.6819N 128.9362E  15.42 1.00  10 0.385 -102.17 -35.50  15.42
  51 170405 1410 52.85 71.5199N 128.8624E   6.85 1.70  10 0.532 -100.03 -53.57   6.85
  52 170406 0838 43.01 72.3963N 129.3967E  16.14 0.90  10 0.404 -115.95  44.22  16.14
  53 170406 1728  0.97 72.7243N 125.6770E  21.76 0.90  10 0.373   10.93  80.82  21.76
  54 170407 1729  1.76 74.8905N 128.6345E  15.75 1.80   2 0.302  -83.82 322.53  15.75
  55 170407 1729  2.13 74.7257N 128.8006E   0.56 1.60   5 0.142  -89.54 304.15   0.56
  56 170408 1004 44.77 72.6024N 124.9466E  14.91 1.40  13 0.379   35.76  67.22  14.91
  57 170409 0856 46.84 73.3895N 128.5532E  15.64 2.50   6 0.357  -84.80 155.04  15.64
  58 170409 0902 45.40 73.3571N 128.4141E  15.27 1.10   7 0.373  -80.26 151.43  15.27
  59 170410 1520  8.44 72.0030N 128.3531E   3.04 1.00  10 0.496  -81.18   0.33   3.04
  60 170410 1813  3.35 70.9433N 129.1111E   3.81 2.20  13 0.764 -110.38-117.91   3.81
  61 170412 1507  0.22 71.5052N 129.7625E   2.44 0.70   6 0.495 -131.54 -55.22   2.44
  62 170413 0651 19.95 73.3668N 125.3968E  16.36 1.00  10 0.516   20.05 152.51  16.36
  63 170414 0459 18.74 72.2642N 127.3682E  20.68 0.50   7 0.129  -46.87  29.48  20.68
  64 170414 0540  4.30 73.6764N 130.8748E   8.13 1.80  11 0.541 -160.61 187.06   8.13
  65 170414 1656 23.33 72.1796N 127.3838E  16.00 0.20   6 0.092  -47.52  20.04  16.00
  66 170414 1753 32.73 72.3931N 130.4685E  18.95 0.70   6 0.297 -152.55  43.86  18.95
  67 170416 0523 41.83 71.9510N 127.0686E  18.88 1.60  13 0.188  -36.92  -5.47  18.88
  68 170416 1220 13.97 72.9552N 124.4971E  20.09 1.00  11 0.292   50.52 106.59  20.09
 WARNING: Event-# :          69 has zero observations!
  69 170416 1257 48.30 68.8710N 131.7500E  73.50 2.20   0 0.000 -214.97-349.14  73.50
  70 170416 1821  5.30 72.8727N 124.9909E  19.93 1.30  13 0.386   34.00  97.38  19.93
  71 170418 0606  4.06 72.5064N 125.8152E   0.72 0.20   6 0.557    6.29  56.51   0.72
  72 170418 1005 55.28 69.3323N 122.4129E  96.96 2.20   1 0.017  132.59-297.67  96.96
  73 170418 1500 12.83 72.7309N 124.4998E  23.29 1.30  12 0.323   50.75  81.56  23.29
  74 170420 1302 36.05 72.6336N 129.0382E  23.02 0.90  11 0.250 -103.05  70.70  23.02
  75 170420 2248 46.32 72.0377N 129.1750E   0.60 0.70  11 0.891 -109.44   4.21   0.60
 WARNING: Event-# :          76 has zero observations!
  76 170423 0850 54.60 74.7080N 132.7900E   0.10 1.90   0 0.000 -217.19 302.17   0.10
  77 170423 1455 43.92 72.8442N 124.4874E  17.35 0.60   8 0.199   51.01  94.20  17.35
  78 170423 2313 41.69 72.5920N 124.8621E  22.41 1.30  12 0.315   38.64  66.06  22.41
  79 170424 0609 58.59 71.9614N 127.9980E   1.49 1.10  12 0.363  -69.01  -4.30   1.49
  80 170424 0755 26.68 71.9483N 128.0103E   1.18 1.00  12 0.313  -69.46  -5.77   1.18
  81 170424 0755 26.88 71.9601N 128.0067E   0.62 1.00  12 0.350  -69.31  -4.45   0.62
  82 170425 0652 23.23 71.9605N 128.0040E   0.63 1.20   9 0.287  -69.22  -4.40   0.63
  83 170426 0051 23.10 71.9477N 128.0361E   7.92 0.70   6 0.190  -70.35  -5.83   7.92
  84 170426 1425 21.18 72.0718N 127.2418E  21.05 0.10   6 0.078  -42.76   8.01  21.05
  85 170426 1834 24.28 71.5889N 130.7946E  10.13 1.20   8 0.443 -167.25 -45.88  10.13
  86 170426 1840 43.98 72.2657N 126.3533E  18.60 1.30   8 0.070  -12.10  29.65  18.60
  87 170427 0912 28.72 72.0571N 127.7793E   4.98 0.90   8 0.277  -61.30   6.37   4.98
  88 170427 1041 37.89 71.7468N 128.9562E   8.16 0.70   7 0.405 -102.69 -28.25   8.16
  89 170427 2010 47.64 72.8058N 130.2088E  20.67 1.30   8 0.214 -142.07  89.91  20.67
  90 170427 2010 48.13 72.7958N 130.1421E  20.52 1.30   8 0.160 -139.86  88.80  20.52
  91 170427 2342 33.87 72.7651N 124.9999E  20.03 0.80   6 0.384   33.80  85.37  20.03

 ~~~ output final station residuals ...
 TURBO-option is set; residuals are NOT printed for each event!



   station statistics, remember nsp was set to: 1


 sta phase nobs avres  avwres    std    wsum    delay

 624    P  74 -0.2009 -0.2009  0.2705  74.0000  0.0000
 628    P  69 -0.3300 -0.3300  0.3571  69.0000 -0.1426
 630    P  53 -0.0876 -0.0876  0.3303  53.0000 -0.0726
 627    P  46 -0.1412 -0.1412  0.3601  46.0000  0.0844
 621    P  59 -0.0687 -0.0687  0.4174  59.0000  0.0398
 629    P  43 -0.0692 -0.0692  0.4390  43.0000  0.1025
 622    P  58 -0.1483 -0.1483  0.2972  58.0000  0.0547
 620    P  48 -0.1294 -0.1294  0.3802  48.0000 -0.0026
 623    P  55 -0.1098 -0.1098  0.2703  55.0000  0.1576
 626    P  52 -0.0568 -0.0568  0.4644  52.0000  0.0961
 625    P  49 -0.1151 -0.1151  0.4123  49.0000  0.0899
 631    P  49  0.1682  0.1682  0.5878  49.0000  0.1348
 632    P  24 -0.0321 -0.0321  0.4955  24.0000 -0.0815


 ~~~ output statistics ...




 RAY-STATISTICS FOR  L A S T  ITERATION
 --------------------------------------

 NHYP : nr of hypocenters in this layer
 NREF : nr of headwaves in this layer
 %len : % of "refracted km" in this layer 
        with respect to all refracted kilometers
 NHIT : nr of rays passed thru this layer
 xy-km: average horizontal ray length [km] in layer
 z-km : average  vertical  ray length [km] in layer
 RFLX : number of reflections at bottom of this layer

 nlay   top ..... bottom     velocity   NHYP NREF %len  NHIT xy-km  z-km  RFLX

   1    -5.00...  3.12 km    5.46 km/s   10    0   0.0   742   5.9   3.0     0
   2     3.12...  9.26 km    5.61 km/s   13   33   6.4   748  12.0   5.4     0
   3     9.26... 11.33 km    5.85 km/s    6    1   0.1   711   4.2   2.0     0
   4    11.33... 15.23 km    6.04 km/s   14   44   6.9   714  10.3   3.3     0
   5    15.23... 24.65 km    6.22 km/s   46   38   5.9   734  16.2   6.7     0
   6    24.65... 25.58 km    6.63 km/s    0    0   0.0   513   2.1   0.9     0
   7    25.58... 27.98 km    7.20 km/s    0  198  59.5   315  49.3   0.9     0
   8    27.98... 33.91 km    7.21 km/s    0    0   0.0   117  20.1   5.9     0
   9    33.91... 43.29 km    7.46 km/s    0   43  14.9    74  63.8   3.9     0
  10    43.29...       km    7.73 km/s    2   15   6.3     0   0.0   0.0

 Total nr of events was   91

 Total nr of refracted rays =   372
 Total nr of reflected rays =     0
 Total nr of   other   rays =   307
                              ------
 Total nr of    all    rays =   679

 Average (absolute) error of the raytracers:
  Straight and direct rays :    7.52 meters
  Refracted           rays :    0.01 meters
  Reflected           rays :    0.00 meters


 ALL RAYS TOGETHER:
 Average horizontal ray length =   89.8 km   (Hypocenter --> Station) 
 Average  vertical  ray length =   19.3 km   (Deepest ray-point --> Station)



 ... and some more STATISTICS 
 ---------------------------- 
  GAP of final epicenters:

  Event# -> GAP  Event# -> GAP  Event# -> GAP  Event# -> GAP  Event# -> GAP
       1 -> 296       2 -> 294       3 -> 271       4 -> 274       5 -> 307
       6 ->  97       7 -> 320       8 -> 306       9 -> 167      10 -> 346
      11 -> 347      12 -> 260      13 -> 264      14 -> 263      15 -> 264
      16 -> 264      17 -> 253      18 -> 244      19 -> 160      20 -> 302
      21 -> 230      22 -> 238      23 -> 239      24 -> 232      25 -> 129
      26 -> 103      27 -> 151      28 -> 211      29 -> 305      30 -> 212
      31 -> 214      32 -> 212      33 -> 210      34 -> 132      35 -> 238
      36 -> 215      37 -> 132      38 -> 309      39 -> 117      40 -> 209
      41 -> 218      42 -> 121      43 -> 223      44 -> 133      45 -> 309
      46 -> 126      47 -> 224      48 -> 226      49 -> 286      50 -> 195
      51 -> 288      52 -> 271      53 -> 224      54 -> 354      55 -> 347
      56 -> 180      57 -> 310      58 -> 318      59 -> 158      60 -> 310
      61 -> 301      62 -> 306      63 -> 148      64 -> 322      65 -> 127
      66 -> 293      67 ->  86      68 -> 294      69 -> 170      70 -> 262
      71 -> 173      72 ->   0      73 -> 260      74 -> 300      75 -> 243
      76 ->  60      77 -> 284      78 -> 173      79 -> 161      80 -> 167
      81 -> 164      82 -> 163      83 -> 232      84 -> 117      85 -> 315
      86 ->  94      87 -> 113      88 -> 268      89 -> 318      90 -> 317
      91 -> 295

 GAPs were between   0 and 354
      (average GAP was 227)



  MAGNITUDES of INPUT-DATA:

 Magnitude (# of events)   ***average number of obs***

 MAG<= 1.0 ( 47) *******
 MAG = 1.1 (  4) ********
 MAG = 1.2 (  7) ********
 MAG = 1.3 (  8) *********1
 MAG = 1.4 (  3) *********
 MAG = 1.5 (  3) ********
 MAG = 1.6 (  3) ********
 MAG = 1.7 (  2) *********1
 MAG = 1.8 (  2) *******
 MAG = 1.9 (  1)  
 MAG = 2.0 (  0)  
 MAG = 2.1 (  2) ********
 MAG = 2.2 (  3) *****
 MAG = 2.3 (  1) **
 MAG = 2.4 (  0)  
 MAG = 2.5 (  1) ******
 MAG = 2.6 (  1) **
 MAG = 2.7 (  0)  
 MAG = 2.8 (  0)  
 MAG = 2.9 (  1) ******
 MAG = 3.0 (  0)  
 MAG = 3.1 (  1) ****
 MAG = 3.2 (  0)  
 MAG = 3.3 (  0)  
 MAG = 3.4 (  0)  
 MAG = 3.5 (  0)  
 MAG = 3.6 (  0)  
 MAG = 3.7 (  0)  
 MAG = 3.8 (  0)  
 MAG = 3.9 (  0)  
 MAG = 4.0 (  1) *********1**
 MAG = 4.1 (  0)  
 MAG = 4.2 (  0)  
 MAG = 4.3 (  0)  
 MAG = 4.4 (  0)  
 MAG = 4.5 (  0)  
 MAG = 4.6 (  0)  
 MAG = 4.7 (  0)  
 MAG = 4.8 (  0)  
 MAG = 4.9 (  0)  
 MAG = 5.0 (  0)  
 MAG = 5.1 (  0)  
 MAG = 5.2 (  0)  
 MAG = 5.3 (  0)  
 MAG = 5.4 (  0)  
 MAG = 5.5 (  0)  
 MAG = 5.6 (  0)  
 MAG = 5.7 (  0)  
 MAG = 5.8 (  0)  
 MAG = 5.9 (  0)  
 MAG>= 6.0 (  0)  





  DEPTHs of INPUT-DATA and of LAST ITERATION:
  ===========================================

       Depth       # of events  

 DEPTH ( input ) =  -4. km :   
 DEPTH (last_IT) =  -4. km :   
 DEPTH ( input ) =  -3. km :   
 DEPTH (last_IT) =  -3. km :   
 DEPTH ( input ) =  -2. km :   
 DEPTH (last_IT) =  -2. km :   
 DEPTH ( input ) =  -1. km :   
 DEPTH (last_IT) =  -1. km :   
 DEPTH ( input ) =   0. km :  ........
 DEPTH (last_IT) =   0. km :  *
 DEPTH ( input ) =   1. km :  .
 DEPTH (last_IT) =   1. km :  *******
 DEPTH ( input ) =   2. km :   
 DEPTH (last_IT) =   2. km :  *
 DEPTH ( input ) =   3. km :  ...
 DEPTH (last_IT) =   3. km :  *
 DEPTH ( input ) =   4. km :  ..
 DEPTH (last_IT) =   4. km :  **
 DEPTH ( input ) =   5. km :  ..
 DEPTH (last_IT) =   5. km :  **
 DEPTH ( input ) =   6. km :  ..
 DEPTH (last_IT) =   6. km :  **
 DEPTH ( input ) =   7. km :  .
 DEPTH (last_IT) =   7. km :  **
 DEPTH ( input ) =   8. km :  ...
 DEPTH (last_IT) =   8. km :  ****
 DEPTH ( input ) =   9. km :  ..
 DEPTH (last_IT) =   9. km :  **
 DEPTH ( input ) =  10. km :  ..
 DEPTH (last_IT) =  10. km :  **
 DEPTH ( input ) =  11. km :  ...
 DEPTH (last_IT) =  11. km :  ****
 DEPTH ( input ) =  12. km :  ....
 DEPTH (last_IT) =  12. km :  ***
 DEPTH ( input ) =  13. km :  ..
 DEPTH (last_IT) =  13. km :  **
 DEPTH ( input ) =  14. km :  ...
 DEPTH (last_IT) =  14. km :  *****
 DEPTH ( input ) =  15. km :  ........
 DEPTH (last_IT) =  15. km :  ******
 DEPTH ( input ) =  16. km :  .........1.
 DEPTH (last_IT) =  16. km :  *********
 DEPTH ( input ) =  17. km :  .....
 DEPTH (last_IT) =  17. km :  *****
 DEPTH ( input ) =  18. km :  ....
 DEPTH (last_IT) =  18. km :  ***
 DEPTH ( input ) =  19. km :  .....
 DEPTH (last_IT) =  19. km :  ******
 DEPTH ( input ) =  20. km :  .....
 DEPTH (last_IT) =  20. km :  ****
 DEPTH ( input ) =  21. km :  ..
 DEPTH (last_IT) =  21. km :  ****
 DEPTH ( input ) =  22. km :  ....
 DEPTH (last_IT) =  22. km :  ***
 DEPTH ( input ) =  23. km :  ....
 DEPTH (last_IT) =  23. km :  ******
 DEPTH ( input ) =  24. km :  ..
 DEPTH (last_IT) =  24. km :  ***
 DEPTH ( input ) =  25. km :  .
 DEPTH (last_IT) =  25. km :   
 DEPTH ( input ) =  26. km :   
 DEPTH (last_IT) =  26. km :   
 DEPTH ( input ) =  27. km :   
 DEPTH (last_IT) =  27. km :   
 DEPTH ( input ) =  28. km :   
 DEPTH (last_IT) =  28. km :   
 DEPTH ( input ) =  29. km :   
 DEPTH (last_IT) =  29. km :   
 DEPTH ( input ) =  30. km :   
 DEPTH (last_IT) =  30. km :   
 DEPTH ( input ) =  31. km :   
 DEPTH (last_IT) =  31. km :   
 DEPTH ( input ) =  32. km :   
 DEPTH (last_IT) =  32. km :   
 DEPTH ( input ) =  33. km :   
 DEPTH (last_IT) =  33. km :   
 DEPTH ( input ) =  34. km :   
 DEPTH (last_IT) =  34. km :   
 DEPTH ( input ) =  35. km :   
 DEPTH (last_IT) =  35. km :   
 DEPTH ( input ) =  36. km :   
 DEPTH (last_IT) =  36. km :   
 DEPTH ( input ) =  37. km :   
 DEPTH (last_IT) =  37. km :   
 DEPTH ( input ) =  38. km :   
 DEPTH (last_IT) =  38. km :   
 DEPTH ( input ) =  39. km :   
 DEPTH (last_IT) =  39. km :   
 DEPTH ( input ) =  40. km :   
 DEPTH (last_IT) =  40. km :   
 DEPTH ( input ) =  41. km :   
 DEPTH (last_IT) =  41. km :   
 DEPTH ( input ) =  42. km :   
 DEPTH (last_IT) =  42. km :   
 DEPTH ( input ) =  43. km :   
 DEPTH (last_IT) =  43. km :   
 DEPTH ( input ) =  44. km :   
 DEPTH (last_IT) =  44. km :   
 DEPTH ( input ) =  45. km :   
 DEPTH (last_IT) =  45. km :   
 DEPTH ( input ) =  46. km :   
 DEPTH (last_IT) =  46. km :   
 DEPTH ( input ) =  47. km :   
 DEPTH (last_IT) =  47. km :   
 DEPTH ( input ) =  48. km :   
 DEPTH (last_IT) =  48. km :   
 DEPTH ( input ) =  49. km :   
 DEPTH (last_IT) =  49. km :   
 DEPTH ( input ) =  50. km :   
 DEPTH (last_IT) =  50. km :   
 DEPTH ( input ) =  51. km :   
 DEPTH (last_IT) =  51. km :   
 DEPTH ( input ) =  52. km :   
 DEPTH (last_IT) =  52. km :   
 DEPTH ( input ) =  53. km :   
 DEPTH (last_IT) =  53. km :   
 DEPTH ( input ) =  54. km :   
 DEPTH (last_IT) =  54. km :   
 DEPTH ( input ) =  55. km :   
 DEPTH (last_IT) =  55. km :   
 DEPTH ( input ) =  56. km :   
 DEPTH (last_IT) =  56. km :   
 DEPTH ( input ) =  57. km :   
 DEPTH (last_IT) =  57. km :   
 DEPTH ( input ) =  58. km :   
 DEPTH (last_IT) =  58. km :   
 DEPTH ( input ) =  59. km :   
 DEPTH (last_IT) =  59. km :   
 DEPTH ( input ) =  60. km :   
 DEPTH (last_IT) =  60. km :   
 DEPTH ( input ) =  61. km :   
 DEPTH (last_IT) =  61. km :   
 DEPTH ( input ) =  62. km :   
 DEPTH (last_IT) =  62. km :   
 DEPTH ( input ) =  63. km :   
 DEPTH (last_IT) =  63. km :   
 DEPTH ( input ) =  64. km :   
 DEPTH (last_IT) =  64. km :   
 DEPTH ( input ) =  65. km :   
 DEPTH (last_IT) =  65. km :   
 DEPTH ( input ) =  66. km :   
 DEPTH (last_IT) =  66. km :   
 DEPTH ( input ) =  67. km :   
 DEPTH (last_IT) =  67. km :   
 DEPTH ( input ) =  68. km :   
 DEPTH (last_IT) =  68. km :   
 DEPTH ( input ) =  69. km :   
 DEPTH (last_IT) =  69. km :   
 DEPTH ( input ) =  70. km :   
 DEPTH (last_IT) =  70. km :   
 DEPTH ( input ) =  71. km :   
 DEPTH (last_IT) =  71. km :   
 DEPTH ( input ) =  72. km :   
 DEPTH (last_IT) =  72. km :   
 DEPTH ( input ) =  73. km :   
 DEPTH (last_IT) =  73. km :   
 DEPTH ( input ) =  74. km :  .
 DEPTH (last_IT) =  74. km :  *
 DEPTH ( input ) =  75. km :   
 DEPTH (last_IT) =  75. km :   
 DEPTH ( input ) =  76. km :   
 DEPTH (last_IT) =  76. km :   
 DEPTH ( input ) =  77. km :   
 DEPTH (last_IT) =  77. km :   
 DEPTH ( input ) =  78. km :   
 DEPTH (last_IT) =  78. km :   
 DEPTH ( input ) =  79. km :   
 DEPTH (last_IT) =  79. km :   
 DEPTH ( input ) =  80. km :   
 DEPTH (last_IT) =  80. km :   
 DEPTH ( input ) =  81. km :   
 DEPTH (last_IT) =  81. km :   
 DEPTH ( input ) =  82. km :   
 DEPTH (last_IT) =  82. km :   
 DEPTH ( input ) =  83. km :   
 DEPTH (last_IT) =  83. km :   
 DEPTH ( input ) =  84. km :   
 DEPTH (last_IT) =  84. km :   
 DEPTH ( input ) =  85. km :   
 DEPTH (last_IT) =  85. km :   
 DEPTH ( input ) =  86. km :   
 DEPTH (last_IT) =  86. km :   
 DEPTH ( input ) =  87. km :   
 DEPTH (last_IT) =  87. km :   
 DEPTH ( input ) =  88. km :   
 DEPTH (last_IT) =  88. km :   
 DEPTH ( input ) =  89. km :   
 DEPTH (last_IT) =  89. km :   
 DEPTH ( input ) =  90. km :   
 DEPTH (last_IT) =  90. km :   
 DEPTH ( input ) =  91. km :   
 DEPTH (last_IT) =  91. km :   
 DEPTH ( input ) =  92. km :   
 DEPTH (last_IT) =  92. km :   
 DEPTH ( input ) =  93. km :   
 DEPTH (last_IT) =  93. km :   
 DEPTH ( input ) =  94. km :   
 DEPTH (last_IT) =  94. km :   
 DEPTH ( input ) =  95. km :   
 DEPTH (last_IT) =  95. km :   
 DEPTH ( input ) =  96. km :   
 DEPTH (last_IT) =  96. km :   
 DEPTH ( input ) =  97. km :  .
 DEPTH (last_IT) =  97. km :  *
 DEPTH ( input ) =  98. km :   
 DEPTH (last_IT) =  98. km :   
 DEPTH ( input ) =  99. km :   
 DEPTH (last_IT) =  99. km :   
 DEPTH ( input ) = 100. km :   
 DEPTH (last_IT) = 100. km :   
 DEPTH ( input ) > 100. km :   
 DEPTH (last_IT) > 100. km :   


 Residuals of the stations according to the azimuth:
 (RES  = total average residual at station)
 (RES1 = average residual of rays from 1st quadrant)
 (RES2 = average residual of rays from 2nd quadrant)
 (RES3 = average residual of rays from 3rd quadrant)
 (RES4 = average residual of rays from 4th quadrant)

 Stn#  Stn     RES          RES1         RES2         RES3         RES4
   1   624    -0.20(  74)  -0.22(  33)  -0.17(   5)  -0.21(  29)  -0.09(   7)
   2   628    -0.33(  69)  -0.46(  32)  -0.27(   5)  -0.33(  25)   0.21(   7)
   3   630    -0.09(  53)   0.07(  24)  -0.11(  11)  -0.50(  10)  -0.03(   8)
   4   627    -0.14(  46)  -0.08(  12)   0.00(   0)  -0.33(  22)   0.14(  12)
   5   621    -0.07(  59)  -0.20(   6)   0.00(   0)   0.03(  18)  -0.10(  35)
   6   629    -0.07(  43)   0.17(  15)   0.00(   0)  -0.47(   8)  -0.09(  20)
   7   622    -0.15(  58)  -0.23(  27)   0.00(   0)  -0.09(  20)  -0.05(  11)
   8   620    -0.13(  48)   0.00(   0)  -0.11(   1)   0.05(  18)  -0.24(  29)
   9   623    -0.11(  55)  -0.22(  30)   0.00(   0)   0.10(  17)  -0.14(   8)
  10   626    -0.06(  52)  -0.08(  24)   0.00(   0)  -0.26(   5)   0.01(  23)
  11   625    -0.12(  49)  -0.11(  14)   0.00(   0)  -0.24(  23)   0.11(  12)
  12   631     0.17(  49)   0.41(  18)   0.13(   1)   0.41(   4)  -0.03(  26)
  13   632    -0.03(  24)   0.24(  12)  -0.16(   2)  -0.46(   3)  -0.28(   7)



 CPU - statistics:

 TOTAL CPU-sec          =    0.2     (CPU-minutes:  0.004)

 >>>   End of program VELEST at 25-06-02 12:50       <<< [ CPU-sec :     0.2]
