 >>> Start of program VELEST at 25-06-02 12:53       <<<                        

 ::::::::::::::::::::::::::::::::::::::                                         
  V E L E S T  - Version : January 3, 1995                                      
  (Authors: see source code)                                                    
 ::::::::::::::::::::::::::::::::::::::                                         


 Title of this VELEST run:

 model_2
 -------


 Current array-dimensions of program VELEST:

 Max. number of EARTHQUAKES for simult. inversion IEQ = ***
 Max. number of SHOTS for simult. inversion    INSHOT =  50
 Max. number of (different) 1D-MODELS      ITOTMODELS =   2
 Max. number of LAYERS per one 1D-model        INLTOT = 100
 Max. number of STATIONS in stationlist           IST = 650
 Max. number of OBSERVATIONS per event MAXOBSPEREVENT = 180






    INPUT - P A R A M E T E R S :



***
***  olat       olon   icoordsystem      zshift   itrial ztrial    ised
  72.000000-126.000000      0            0.000       0     0.00      0
***
*** neqs   nshot    rotate
     91      0      0.0
***
*** isingle   iresolcalc
       0          0
***
*** dmax    itopo    zmin     veladj    zadj   lowveloclay
   300.00     0      0.01       0.20    5.00       0
***
*** nsp    swtfac   vpvs       nmod
     1      1.00    1.730        1
***
***   othet   xythet    zthet    vthet   stathet
       0.01     0.01     0.01     1.00     0.01
***
*** nsinv   nshcor   nshfix     iuseelev    iusestacorr
       1       0       0           1            1
***
*** iturbo    icnvout   istaout   ismpout
       1         1         1         0
***
*** irayout   idrvout   ialeout   idspout   irflout   irfrout   iresout
       0         0         0         0         0         0         0
***
*** delmin   ittmax   invertratio
    0.010       3          1
***
*** Modelfile:
tmp/model_2/synthvel/model_441.mod
***
*** Stationfile:
./velinp/station.sta
***
*** Seismofile:
 
***
*** File with region names:
 
***
*** File with region coordinates:
 
***
*** File #1 with topo data:
 
***
*** File #2 with topo data:
 
***
*** DATA INPUT files:
***
*** File with Earthquake data:
./velinp/data.cnv
***
*** File with Shot data:
 
***
*** OUTPUT files:
***
*** Main print output file:
./velout/model_2/velest441.out
***
*** File with single event locations:
velout.vel
***
*** File with final hypocenters in *.cnv format:
./velout/model_2/final_loc441.cnv
***
*** File with new station corrections:
./velout/model_2/stations_corr441.sta
***
*** File with summary cards (e.g. for plotting):
velout.smp
***
*** File with raypoints:
velout.ray
***
*** File with derivatives:
velout.drv
***
*** File with ALEs:
velout.ale
***
*** File with Dirichlet spreads:
velout.dspr
***
*** File with reflection points:
velout.rfl
***
*** File with refraction points:
velout.rfr
***
*** File with residuals:
velout.res
***




 Origin of cartesian coordinates:
        72.00000N   126.00000E

  X,Y-AXES rotated clockwise from North
           Rotation angle (rotate):
            rotate=    0.0 degr.

 icoordsystem =            0
 normal SHORT DISTANCE CONVERSION will be made
 x is positive towards west, y is positive towards north


 SHORT DISTANCE CONVERSION on ELLIPSOIDE of WORLD GEODETIC SYSTEM 1972 (WGS72)
 =============================================================================

 Radius at equator (REARTH)= 6378.13500  km
   1. / (ellipticity)      =    298.260

 Origin of cartesian coordinates [degrees]:
   72.0000000 N     -126.0000000 W

  Rotation angle (in degr.) clockwise from
North  rotate=    0.0

 Radius of sphere at OLAT =   6358.817 km

 Conversion of GEOGRAPHICAL LATITUDE to GEOCENTRICAL LATITUDE:
 RLATC = TAN(GEOCENTR.LAT) / TAN(GEOGRAPH.LAT)
 RLATC =   0.99333486

          Short distance conversions:
          one min lat ~  1.8597 km 
          one min lon ~  0.5751 km 







    INPUT - M O D E L :



 Model(s) read from file :
 tmp/model_2/synthvel/model_441.mod                                              

 model file title: 
Model: model_441.mod                    
 Velocity structure for model   1 :

 layer    vel   depth   vdamp  reflector
   1      5.43  -5.00    1.00         P-VELOCITY MODEL                  
   2      5.59   0.30    1.00  
   3      6.13   4.25    1.00  
   4      6.29  11.66    1.00  
   5      6.42  13.33    1.00  
   6      6.51  21.02    1.00  
   7      6.52  22.14    1.00  
   8      6.56  30.35    1.00  
   9      7.10  31.86    1.00  
  10      7.22  43.95    1.00  

 Calculation of average velocity starts at layer #            1
 z = -5.00 ...  0.30    v = 5.43    AVEL = 5.43 downto z =   0.30
 z =  0.30 ...  4.25    v = 5.59    AVEL = 5.50 downto z =   4.25
 z =  4.25 ... 11.66    v = 6.13    AVEL = 5.78 downto z =  11.66
 z = 11.66 ... 13.33    v = 6.29    AVEL = 5.83 downto z =  13.33
 z = 13.33 ... 21.02    v = 6.42    AVEL = 6.00 downto z =  21.02
 z = 21.02 ... 22.14    v = 6.51    AVEL = 6.02 downto z =  22.14
 z = 22.14 ... 30.35    v = 6.52    AVEL = 6.14 downto z =  30.35
 z = 30.35 ... 31.86    v = 6.56    AVEL = 6.16 downto z =  31.86
 z = 31.86 ... 43.95    v = 7.10    AVEL = 6.39 downto z =  43.95


 Calculation of average velocity starts at layer #            2
 z =  0.30 ...  4.25    v = 5.59    AVEL = 5.59 downto z =   4.25
 z =  4.25 ... 11.66    v = 6.13    AVEL = 5.94 downto z =  11.66
 z = 11.66 ... 13.33    v = 6.29    AVEL = 5.99 downto z =  13.33
 z = 13.33 ... 21.02    v = 6.42    AVEL = 6.15 downto z =  21.02
 z = 21.02 ... 22.14    v = 6.51    AVEL = 6.17 downto z =  22.14
 z = 22.14 ... 30.35    v = 6.52    AVEL = 6.26 downto z =  30.35
 z = 30.35 ... 31.86    v = 6.56    AVEL = 6.28 downto z =  31.86
 z = 31.86 ... 43.95    v = 7.10    AVEL = 6.50 downto z =  43.95






    INPUT - S T A T I O N S :



 Station-parameters read from file :
 ./velinp/station.sta                                                            


     stn latitude longitude elev   x      y      z     ptcor stcor model icc
   1 624 72.4760N126.2750E     0  -9.37  53.11  -0.00   0.00  0.00   1  13
   2 628 72.4000N127.1470E     0 -39.15  44.63  -0.00   0.00  0.00   1  12
   3 630 72.0750N128.3250E     0 -80.06   8.37  -0.00   0.00  0.00   1  11
   4 627 72.1170N126.9820E     0 -33.78  13.06  -0.00   0.00  0.00   1  10
   5 621 72.1840N124.8890E     0  38.14  20.53  -0.00   0.00  0.00   1   9
   6 629 71.9290N127.3130E     0 -45.39  -7.92  -0.00   0.00  0.00   1   8
   7 622 72.4420N125.3130E     0  23.42  49.32  -0.00   0.00  0.00   1   7
   8 620 72.6540N124.3470E     0  56.03  72.98  -0.00   0.00  0.00   1   6
   9 623 72.3260N125.7600E     0   8.21  36.38  -0.00   0.00  0.00   1   5
  10 626 71.8880N126.0360E     0  -1.25 -12.50  -0.00   0.00  0.00   1   4
  11 625 72.1740N126.1070E     0  -3.67  19.42  -0.00   0.00  0.00   1   3
  12 631 71.3990N127.2470E     0 -43.72 -67.06  -0.00   0.00  0.00   1   2
  13 632 71.5740N129.0728E     0-107.23 -47.53  -0.00   0.00  0.00   1   1

 NO Seismo-parameter-file specified
 --> NO magnitudes calculated!




   neqs=   91  nshot=    0  nltot=   10

 ~~~ input parameters read.
 ~~~ set units for first iteration ...
 ~~~ determine number of unknowns ...

 Number of unknowns (for array-indexing):  nvar =  386
 Number of effective unknowns        :  nvareff =  374
 Number of elements on/below main diagonal of matrix G = At*A : kvar =   74691

 ~~~ reset G and RHT ...
 ~~~ input data, raytracing, setup G ...






    I N P U T - D A T A  

  eq    origin-time    latitude longitude depth    x      y      z    mag ifxOBS
   1 160818 1613  9.10 73.0030N 124.8500E  23.10  38.61 111.92  23.10 1.40 0   6
   2 160818 1613  9.30 72.9910N 124.8700E  22.80  37.95 110.58  22.80 1.10 0   6
   3 160819 0959 27.30 71.9230N 129.7600E  12.10-130.00  -8.59  12.10 4.00 0  12
   4 160820 1506 15.70 71.9380N 129.7900E  11.00-130.98  -6.92  11.00 1.50 0   9
   5 160820 1904 45.70 72.3480N 127.1800E  23.80 -40.33  38.83  23.80 1.20 0   6
   6 160822 1318 49.50 72.3650N 127.0800E  16.50 -36.90  40.73  16.50 0.60 0   8
   7 160823 0652 14.00 70.9330N 129.8100E   6.40-135.21-119.06   6.40 2.90 0   6
   8 160824 1510 30.40 71.6070N 130.0400E   8.60-140.86 -43.85   8.60 1.50 0   9
   9 160906 1514 39.70 72.5080N 125.6800E  12.10  10.89  56.68  12.10 0.90 0   6
 WARNING:
 epicentral distance: 303.3 > dmax ( 300.0) ==> skipping phase !
 WARNING:
 epicentral distance: 338.2 > dmax ( 300.0) ==> skipping phase !
  10 160920 1607 18.30 69.2370N 128.3500E  16.20 -87.07-308.31  16.20 2.60 0   2
 WARNING:
 epicentral distance: 318.5 > dmax ( 300.0) ==> skipping phase !
 WARNING:
 epicentral distance: 355.0 > dmax ( 300.0) ==> skipping phase !
  11 160925 1911  5.60 69.2250N 127.6800E  15.60 -62.26-309.64  15.60 2.30 0   2
  12 161004 0841 51.20 72.8480N 124.9600E  15.60  35.07  94.62  15.60 0.20 0   6
  13 161005 1619 46.90 72.8770N 125.0100E  19.00  33.35  97.86  19.00 1.00 0   9
  14 161006 0156 55.90 72.8740N 125.0100E  13.90  33.36  97.52  13.90 1.00 0   7
  15 161009 0036 44.70 72.8720N 124.9900E  17.20  34.03  97.30  17.20 1.30 0   8
  16 161009 0036 44.90 72.8580N 124.9600E  18.60  35.06  95.74  18.60 1.20 0   7
  17 161012 0800 22.10 72.7380N 126.0300E  18.50  -1.01  82.35  18.50 0.80 0   7
  18 161015 1013 36.50 72.0400N 126.9900E  11.20 -34.12   4.46  11.20 0.70 0   7
  19 161021 0507 33.30 72.5750N 124.7800E  10.10  41.44  64.16  10.10 0.80 0   6
  20 161124 2250 46.00 72.7630N 124.8800E  16.20  37.85  85.14  16.20 3.10 0   4
  21 161125 0156 34.10 72.7420N 124.9200E  14.50  36.52  82.80  14.50 0.60 0   7
  22 161125 0517 25.90 72.7650N 124.9400E  13.50  35.82  85.36  13.50 1.60 0   6
  23 161125 0525 15.90 72.7740N 124.9500E  11.60  35.48  86.37  11.60 0.80 0   6
  24 161125 0556  2.00 72.7350N 124.9700E   5.70  34.84  82.01   5.70 0.20 0   6
  25 170117 0846 48.60 72.2130N 127.3400E  22.00 -45.97  23.77  22.00 0.30 0   6
  26 170122 1614 27.60 71.9670N 128.0400E  10.30 -70.45  -3.68  10.30 0.90 0   6
  27 170125 2244  0.20 72.4440N 126.0200E  13.10  -0.68  49.54  13.10 0.80 0   6
  28 170302 1359 59.10 72.6830N 124.8900E  11.50  37.60  76.21  11.50 0.50 0   7
  29 170302 2335 20.20 71.8850N 130.3000E  14.80-148.82 -12.83  14.80 2.10 0   9
  30 170304 2135  2.90 72.6880N 124.9400E  13.40  35.90  76.77  13.40 1.30 0   7
  31 170307 0447 21.00 72.6940N 124.9200E  14.20  36.57  77.44  14.20 1.70 0  10
  32 170307 2016 50.80 72.6910N 124.9100E  15.30  36.91  77.10  15.30 1.10 0   6
  33 170309 1454  0.80 72.6830N 124.9000E  15.60  37.26  76.21  15.60 0.30 0   6
  34 170311 0430 55.40 72.3130N 126.5000E  24.50 -17.11  34.93  24.50 0.30 0   6
  35 170312 0416 39.20 71.9240N 128.0800E   3.40 -71.91  -8.48   3.40 2.10 0   6
  36 170313 0553 59.10 72.6980N 124.9200E  15.10  36.57  77.89  15.10 1.00 0   9
  37 170313 0809  5.60 72.4500N 125.0800E  14.90  31.36  50.21  14.90 1.20 0   7
  38 170315 0234 46.50 72.6540N 123.8400E  16.90  73.22  72.98  16.90 1.40 0   7
  39 170317 1007 14.10 72.2350N 125.9800E   3.90   0.69  26.22   3.90 0.50 0   7
  40 170320 0711 14.60 72.1250N 127.2200E  16.80 -41.95  13.95  16.80 0.90 0   6
  41 170320 0853 56.40 72.7090N 124.9700E   5.10  34.86  79.11   5.10 0.40 0   6
  42 170320 1900 34.30 72.4150N 126.1200E  18.00  -4.09  46.31  18.00 0.60 0   7
  43 170323 0519 24.60 71.6470N 129.1800E   5.20-110.76 -39.39   5.20 1.20 0   6
  44 170323 1612 49.70 72.4530N 125.1100E   8.30  30.33  50.55   8.30 0.50 0   6
  45 170323 1906 41.20 72.4070N 130.2500E  18.30-145.04  45.41  18.30 1.00 0   6
  46 170326 0836 34.10 71.9930N 127.6700E  16.10 -57.63  -0.78  16.10 1.50 0   7
  47 170402 0422  1.00 72.7220N 125.6900E  21.90  10.49  80.56  21.90 1.20 0  10
  48 170402 0636 37.20 72.7310N 125.6900E  23.50  10.49  81.57  23.50 0.70 0   6
  49 170404 2347 35.70 72.7580N 124.3800E  22.60  54.76  84.58  22.60 0.50 0   6
  50 170405 0307 36.10 71.6810N 128.9500E  15.30-102.66 -35.60  15.30 1.00 0  10
  51 170405 1410 53.20 71.5100N 128.9000E   9.30-101.37 -54.68   9.30 1.70 0  10
  52 170406 0838 43.20 72.3850N 129.3800E  15.50-115.42  42.96  15.50 0.90 0  10
  53 170406 1728  1.00 72.7230N 125.6900E  21.30  10.49  80.67  21.30 0.90 0  10
 WARNING:
 epicentral distance: 325.9 > dmax ( 300.0) ==> skipping phase !
 WARNING:
 epicentral distance: 332.9 > dmax ( 300.0) ==> skipping phase !
 WARNING:
 epicentral distance: 345.3 > dmax ( 300.0) ==> skipping phase !
 WARNING:
 epicentral distance: 391.9 > dmax ( 300.0) ==> skipping phase !
  54 170407 1729  3.40 74.8930N 128.6300E  15.60 -83.67 322.81  15.60 1.80 0   2
 WARNING:
 epicentral distance: 311.3 > dmax ( 300.0) ==> skipping phase !
 WARNING:
 epicentral distance: 315.4 > dmax ( 300.0) ==> skipping phase !
 WARNING:
 epicentral distance: 328.9 > dmax ( 300.0) ==> skipping phase !
 WARNING:
 epicentral distance: 374.2 > dmax ( 300.0) ==> skipping phase !
  55 170407 1729  3.50 74.7270N 128.8100E   0.40 -89.83 304.29   0.40 1.60 0   5
  56 170408 1004 44.90 72.6070N 124.9400E  15.00  35.98  67.73  15.00 1.40 0  13
  57 170409 0856 47.20 73.3850N 128.5500E  15.60 -84.71 154.54  15.60 2.50 0   6
  58 170409 0902 45.60 73.3500N 128.4400E  15.10 -81.13 150.64  15.10 1.10 0   7
  59 170410 1520  8.50 72.0030N 128.3900E   2.70 -82.46   0.33   2.70 1.00 0  10
  60 170410 1813  3.60 70.9360N 129.1200E   3.70-110.72-118.73   3.70 2.20 0  13
  61 170412 1507  0.60 71.5070N 129.7200E   0.00-130.05 -55.01   0.00 0.70 0   6
  62 170413 0651 20.10 73.3680N 125.4200E  15.60  19.28 152.65  15.60 1.00 0  10
  63 170414 0459 18.80 72.2680N 127.3800E  20.10 -47.27  29.90  20.10 0.50 0   7
  64 170414 0540  4.80 73.6400N 130.9700E   8.00-163.92 183.00   8.00 1.80 0  11
  65 170414 1656 23.40 72.1850N 127.4000E  15.50 -48.06  20.64  15.50 0.20 0   6
  66 170414 1753 32.80 72.3840N 130.4600E  17.90-152.30  42.85  17.90 0.70 0   6
  67 170416 0523 41.90 71.9560N 127.0800E  19.20 -37.31  -4.91  19.20 1.60 0  13
  68 170416 1220 14.20 72.9470N 124.4900E  20.40  50.77 105.67  20.40 1.00 0  11
 WARNING:
 epicentral distance: 320.3 > dmax ( 300.0) ==> skipping phase !
 WARNING:
 epicentral distance: 381.0 > dmax ( 300.0) ==> skipping phase !
 WARNING:
 epicentral distance: 398.8 > dmax ( 300.0) ==> skipping phase !
 WARNING:
 epicentral distance: 405.0 > dmax ( 300.0) ==> skipping phase !
 WARNING:
 epicentral distance: 424.8 > dmax ( 300.0) ==> skipping phase !
 WARNING:
 epicentral distance: 431.2 > dmax ( 300.0) ==> skipping phase !
 WARNING:
 epicentral distance: 445.5 > dmax ( 300.0) ==> skipping phase !
 WARNING:
 epicentral distance: 451.8 > dmax ( 300.0) ==> skipping phase !
 WARNING:
 epicentral distance: 464.3 > dmax ( 300.0) ==> skipping phase !
  69 170416 1257 48.30 68.8710N 131.7500E  73.50-214.97-349.14  73.50 2.20 0   0
  70 170416 1821  5.50 72.8670N 125.0000E  19.30  33.70  96.74  19.30 1.30 0  13
  71 170418 0606  4.10 72.5080N 125.8200E   1.30   6.13  56.68   1.30 0.20 0   6
 WARNING:
 epicentral distance: 315.2 > dmax ( 300.0) ==> skipping phase !
 WARNING:
 epicentral distance: 332.1 > dmax ( 300.0) ==> skipping phase !
 WARNING:
 epicentral distance: 345.3 > dmax ( 300.0) ==> skipping phase !
 WARNING:
 epicentral distance: 352.6 > dmax ( 300.0) ==> skipping phase !
 WARNING:
 epicentral distance: 346.7 > dmax ( 300.0) ==> skipping phase !
 WARNING:
 epicentral distance: 356.6 > dmax ( 300.0) ==> skipping phase !
 WARNING:
 epicentral distance: 363.9 > dmax ( 300.0) ==> skipping phase !
 WARNING:
 epicentral distance: 372.8 > dmax ( 300.0) ==> skipping phase !
 WARNING:
 epicentral distance: 378.6 > dmax ( 300.0) ==> skipping phase !
 WARNING:
 epicentral distance: 378.6 > dmax ( 300.0) ==> skipping phase !
  72 170418 1005 56.80 69.3310N 122.4100E  97.00 132.70-297.82  97.00 2.20 0   1
  73 170418 1500 12.90 72.7340N 124.5100E  23.10  50.40  81.90  23.10 1.30 0  12
  74 170420 1302 36.20 72.6290N 129.0200E  21.80-102.44  70.19  21.80 0.90 0  11
  75 170420 2248 46.70 72.0220N 129.1200E   0.00-107.59   2.46   0.00 0.70 0  11
 WARNING:
 epicentral distance: 313.1 > dmax ( 300.0) ==> skipping phase !
 WARNING:
 epicentral distance: 324.4 > dmax ( 300.0) ==> skipping phase !
 WARNING:
 epicentral distance: 324.2 > dmax ( 300.0) ==> skipping phase !
 WARNING:
 epicentral distance: 342.4 > dmax ( 300.0) ==> skipping phase !
 WARNING:
 epicentral distance: 349.0 > dmax ( 300.0) ==> skipping phase !
 WARNING:
 epicentral distance: 380.2 > dmax ( 300.0) ==> skipping phase !
 WARNING:
 epicentral distance: 381.6 > dmax ( 300.0) ==> skipping phase !
 WARNING:
 epicentral distance: 408.0 > dmax ( 300.0) ==> skipping phase !
  76 170423 0850 54.60 74.7080N 132.7900E   0.10-217.19 302.17   0.10 1.90 0   0
  77 170423 1455 44.10 72.8400N 124.4900E  16.80  50.92  93.73  16.80 0.60 0   8
  78 170423 2313 41.80 72.5960N 124.8700E  22.00  38.36  66.50  22.00 1.30 0  12
  79 170424 0609 58.60 71.9600N 128.0200E   0.10 -69.77  -4.46   0.10 1.10 0  12
  80 170424 0755 26.70 71.9480N 128.0300E   0.00 -70.14  -5.80   0.00 1.00 0  12
  81 170424 0755 26.90 71.9590N 128.0300E   0.00 -70.12  -4.57   0.00 1.00 0  12
  82 170425 0652 23.30 71.9600N 128.0300E   0.00 -70.12  -4.46   0.00 1.20 0   9
  83 170426 0051 23.20 71.9450N 128.0600E   6.60 -71.18  -6.14   6.60 0.70 0   6
  84 170426 1425 21.20 72.0790N 127.2600E  21.00 -43.38   8.82  21.00 0.10 0   6
  85 170426 1834 24.60 71.5840N 130.8000E  10.90-167.46 -46.42  10.90 1.20 0   8
  86 170426 1840 44.10 72.2710N 126.3600E  18.10 -12.33  30.24  18.10 1.30 0   8
  87 170427 0912 28.80 72.0640N 127.7900E   2.60 -61.65   7.14   2.60 0.90 0   8
  88 170427 1041 38.10 71.7480N 128.9900E   8.40-103.86 -28.12   8.40 0.70 0   7
  89 170427 2010 47.80 72.8010N 130.2000E  20.20-141.80  89.38  20.20 1.30 0   8
  90 170427 2010 48.30 72.7890N 130.1400E  20.10-139.82  88.04  20.10 1.30 0   8
  91 170427 2342 34.10 72.7630N 125.0100E  19.50  33.46  85.14  19.50 0.80 0   6

 readings for station 624  :  74
 readings for station 628  :  69
 readings for station 630  :  53
 readings for station 627  :  46
 readings for station 621  :  59
 readings for station 629  :  43
 readings for station 622  :  58
 readings for station 620  :  48
 readings for station 623  :  55
 readings for station 626  :  52
 readings for station 625  :  49
 readings for station 631  :  49
 readings for station 632  :  24

 Total number of stations with readings:  13

 Total number of readings:     679
 Total number of P readings:       0
 Total number of S readings:       0


 ~~~ store parts of G ...
 ~~~ compute RMS and DATVAR ...

 Total number of observations is:   679


 $$$$$$$$$$$$$$$$$$$$$$$$$$$$$$$$$$$$$$$$$$$$$$$$$
 Events with  | AVRES | > 1.0 SEC are suspicious !

 Event#  11 >>>  160925 1911  AVRES = -1.17 NOBS =  2
 Event#  54 >>>  170407 1729  AVRES = -3.18 NOBS =  2
 Event#  55 >>>  170407 1729  AVRES = -2.32 NOBS =  5
 Event#  72 >>>  170418 1005  AVRES = -3.40 NOBS =  1

 ^^^^^^^^^ C H E C K   these events above ^^^^^^^^
 $$$$$$$$$$$$$$$$$$$$$$$$$$$$$$$$$$$$$$$$$$$$$$$$$

 ~~~ save initial datvar ...

 Iteration nr  0 obtained:
 DATVAR=    0.478022 mean sqrd residual=     0.214723  RMS RESIDUAL=     0.463382

 After  0 iterations we got:
 Average absolute & unweighted [and mean] residual of
   441 straight and direct rays =  0.19411 [  0.08029]
   238 refracted           rays =  0.41548 [ -0.08346]
     0 reflected           rays =  0.00000 [  0.00000]

   679 ALL                 RAYS =  0.27170 [  0.02289]        0.00 %




--------------------------------------------------------------------------------



           ITERATION no  1

 ~~~ set units for this iteration ...
 ~~~ determine number of unknowns for this iter. ...

 Number of unknowns (for array-indexing):  nvar =  386
 Number of effective unknowns        :  nvareff =  387
 Number of elements on/below main diagonal of matrix G = At*A : kvar =   74691

 Damping factors to be used in this iteration:
   Othet=   0.010   XYthet  =   0.010   Zthet=  0.010
 STAthet=   0.010   Vthet   =   1.000

 ~~~ damp G ...
 ~~~ solve G * b = RHT ...
 ~~~ fix units ...
 ~~~ apply eventually step-length damping ...
 ~~~ adjust model (hypocenters, stacorr & veloc.) ...

 doing velocity adjustments now...
 WARNING: Tried to introduce a low-velocity-layer! (Layer  7)
 Setting DVP from  0.16 to 0.0 and VP to vp(layer_above)+0.001
 WARNING: Tried to introduce a low-velocity-layer! (Layer  8)
 Setting DVP from  0.05 to 0.0 and VP to vp(layer_above)+0.001

 doing station-correction adjustments...

 ~~~ compute effective step-length ...

 (Applied) Step length =  13.396

 ~~~ set units for next iteration ...
 ~~~ determine number of unknowns for next iter. ...

 Number of unknowns (for array-indexing):  nvar =  386
 Number of effective unknowns        :  nvareff =  387
 Number of elements on/below main diagonal of matrix G = At*A : kvar =   74691

 ~~~ reset G and RHT ...
 ~~~ raytracing, setup G ...
 ~~~ store parts of G ...
 ~~~ set units back for current iteration ...
 ~~~ determine number of unknowns for this iter. ...

 Number of unknowns (for array-indexing):  nvar =  386
 Number of effective unknowns        :  nvareff =  387
 Number of elements on/below main diagonal of matrix G = At*A : kvar =   74691

 ~~~ compute RMS and DATVAR ...

 $$$$$$$$$$$$$$$$$$$$$$$$$$$$$$$$$$$$$$$$$$$$$$$$$
 Events with  | AVRES | > 1.0 SEC are suspicious !

 ZERO events of this kind found! (lucky guy!!!)

 ~~~ check solution (better? worse?) ...

 Iteration nr  1 obtained:
 DATVAR=    0.184799 mean sqrd residual=     0.079472  RMS RESIDUAL=     0.281907

 After  1 iterations we got:
 Average absolute & unweighted [and mean] residual of
   398 straight and direct rays =  0.12009 [  0.03848]
   281 refracted           rays =  0.29738 [  0.09975]
     0 reflected           rays =  0.00000 [  0.00000]

   679 ALL                 RAYS =  0.19346 [  0.06384]      -28.80 %

 ~~~ iteration done; output results ...

  eq       ot     x      y      z      rms    avres   dot     dx     dy     dz
    1      9.10  38.52 112.01  23.22   0.19   0.10   -0.002 -0.093  0.089  0.117
    2      9.28  37.99 110.78  22.82   0.19   0.10   -0.018  0.043  0.198  0.025
    3     27.12-130.92  -7.38  12.63   0.42   0.12   -0.179 -0.923  1.214  0.530
    4     15.47-131.35  -6.20   8.97   0.32   0.11   -0.229 -0.363  0.714 -2.030
    5     45.67 -40.33  38.44  23.64   0.06   0.05   -0.035  0.002 -0.387 -0.163
    6     49.41 -36.30  40.41  17.36   0.10   0.02   -0.090  0.599 -0.319  0.861
    7     13.59-134.02-119.47   5.53   0.10   0.08   -0.414  1.195 -0.411 -0.871
    8     30.26-141.06 -42.92   9.16   0.18   0.22   -0.141 -0.200  0.936  0.563
    9     39.49  10.74  56.29  12.27   0.07  -0.03   -0.214 -0.149 -0.393  0.168
   10     17.75 -88.92-308.14  16.24   1.12  -0.15   -0.548 -1.853  0.170  0.036
   11      4.79 -64.60-309.64  15.65   1.42  -0.25   -0.806 -2.336  0.003  0.054
   12     51.15  34.95  94.51  16.01   0.15   0.06   -0.054 -0.111 -0.115  0.408
   13     46.79  33.41  98.10  19.57   0.18   0.12   -0.106  0.060  0.245  0.574
   14     55.74  33.75  97.21  14.64   0.05   0.03   -0.157  0.393 -0.311  0.736
   15     44.52  33.56  98.06  17.67   0.24   0.10   -0.177 -0.472  0.756  0.469
   16     44.63  33.74  97.27  18.37   0.24   0.12   -0.274 -1.317  1.536 -0.225
   17     21.96  -0.91  82.69  18.54   0.08   0.04   -0.136  0.105  0.343  0.042
   18     36.28 -33.65   4.48  11.67   0.07   0.00   -0.215  0.473  0.013  0.472
   19     33.18  40.97  63.86  10.45   0.09  -0.00   -0.123 -0.472 -0.304  0.351
   20     45.85  37.36  85.39  16.20   0.10   0.08   -0.153 -0.488  0.253 -0.003
   21     34.02  36.73  82.73  13.76   0.32   0.04   -0.075  0.213 -0.064 -0.738
   22     25.79  35.43  85.50  13.05   0.20   0.01   -0.112 -0.389  0.136 -0.450
   23     15.76  34.81  86.06  10.68   0.32   0.02   -0.136 -0.664 -0.305 -0.917
   24      1.69  34.57  82.93   5.70   0.38   0.03   -0.306 -0.269  0.917 -0.005
   25     48.68 -45.59  23.06  22.63   0.08   0.07    0.079  0.379 -0.706  0.630
   26     27.43 -69.56  -4.34  10.85   0.04   0.02   -0.171  0.885 -0.653  0.552
   27      0.11  -0.33  48.96  13.01   0.13   0.02   -0.090  0.348 -0.585 -0.093
   28     58.95  37.69  76.39  11.12   0.26   0.09   -0.149  0.091  0.179 -0.383
   29     20.15-148.55 -11.55  15.43   0.22   0.17   -0.052  0.272  1.279  0.631
   30      2.89  36.77  75.87  13.71   0.36   0.11   -0.010  0.874 -0.902  0.310
   31     20.94  36.10  76.79  13.49   0.14   0.04   -0.056 -0.468 -0.649 -0.705
   32     50.72  36.69  76.81  14.96   0.12   0.02   -0.075 -0.220 -0.297 -0.335
   33      0.79  37.31  75.87  15.57   0.14   0.06   -0.012  0.050 -0.342 -0.026
   34     55.47 -16.58  34.73  24.44   0.06   0.05    0.067  0.524 -0.194 -0.056
   35     39.26 -70.27  -8.29   4.20   0.22   0.01    0.061  1.645  0.186  0.797
   36     59.07  36.64  77.28  15.24   0.19   0.10   -0.030  0.076 -0.601  0.137
   37      5.52  31.11  49.91  14.09   0.12   0.01   -0.079 -0.253 -0.299 -0.812
   38     46.41  72.85  73.02  17.06   0.23   0.10   -0.090 -0.367  0.045  0.159
   39     13.86   0.77  25.88   3.94   0.10  -0.04   -0.240  0.085 -0.347  0.036
   40     14.47 -42.00  13.90  16.28   0.16   0.01   -0.125 -0.049 -0.051 -0.517
   41     56.24  34.50  78.33   5.20   0.15  -0.00   -0.165 -0.357 -0.780  0.103
   42     34.28  -3.68  46.08  17.84   0.07   0.03   -0.020  0.410 -0.232 -0.163
   43     24.54-109.27 -38.44   6.07   0.27   0.04   -0.058  1.484  0.949  0.875
   44     49.51  30.00  50.28   8.64   0.08  -0.03   -0.194 -0.331 -0.272  0.340
   45     41.03-145.41  45.77  19.58   0.26   0.26   -0.167 -0.375  0.358  1.278
   46     34.06 -57.05  -0.86  16.19   0.08   0.04   -0.039  0.582 -0.076  0.091
   47      1.06  10.96  80.37  21.78   0.11   0.09    0.062  0.475 -0.190 -0.124
   48     37.29  10.98  81.55  23.57   0.03   0.08    0.089  0.498 -0.014  0.071
   49     35.67  54.34  84.70  22.40   0.12   0.06   -0.030 -0.421  0.121 -0.198
   50     36.05-102.11 -35.77  15.38   0.19   0.13   -0.051  0.544 -0.171  0.081
   51     53.00-100.51 -54.54   6.31   0.34   0.06   -0.199  0.865  0.136 -2.990
   52     43.15-115.35  44.44  15.37   0.26   0.17   -0.048  0.068  1.481 -0.133
   53      1.05  10.93  80.77  21.27   0.09   0.11    0.049  0.441  0.100 -0.031
   54      1.13 -83.70 322.47  15.75   0.21  -0.81   -2.268 -0.023 -0.344  0.151
   55      1.79 -89.59 304.11   0.59   0.05  -0.57   -1.712  0.249 -0.177  0.189
   56     44.87  35.83  66.99  13.52   0.20   0.04   -0.029 -0.144 -0.743 -1.484
   57     46.82 -84.54 155.02  15.83   0.35   0.10   -0.381  0.166  0.479  0.229
   58     45.45 -80.67 151.34  15.85   0.25   0.17   -0.145  0.468  0.702  0.750
   59      8.48 -81.67   0.45   3.72   0.51   0.06   -0.024  0.788  0.114  1.020
   60      3.34-109.41-117.42   1.40   0.33   0.16   -0.264  1.310  1.310 -2.299
   61      0.36-131.23 -54.67   1.11   0.42   0.01   -0.242 -1.184  0.337  0.997
   62     20.07  19.62 151.95  13.95   0.26   0.12   -0.027  0.345 -0.699 -1.647
   63     18.79 -46.86  29.44  20.51   0.11   0.07   -0.010  0.414 -0.461  0.407
   64      4.19-161.36 186.50   8.06   0.54  -0.02   -0.612  2.561  3.498  0.056
   65     23.37 -47.44  20.00  15.81   0.07   0.02   -0.030  0.621 -0.645  0.309
   66     32.79-151.89  44.82  18.71   0.30   0.23   -0.012  0.405  1.971  0.808
   67     41.95 -36.70  -5.44  18.10   0.15   0.07    0.054  0.610 -0.528 -1.097
   68     13.94  51.25 107.29  21.30   0.32   0.18   -0.257  0.473  1.619  0.897
   69     48.30-214.97-349.14  73.50   0.00   0.00    0.000  0.000  0.000  0.000
   70      5.38  33.85  97.06  19.40   0.16   0.12   -0.116  0.146  0.317  0.103
   71      4.00   6.26  56.66   0.14   0.56   0.04   -0.104  0.132 -0.026 -1.161
   72     54.60 132.52-297.58  96.92   0.89  -0.94   -2.199 -0.179  0.234 -0.077
   73     12.76  51.47  82.11  24.42   0.23   0.09   -0.144  1.077  0.203  1.323
   74     36.14-102.43  70.64  23.02   0.21   0.11   -0.057  0.010  0.450  1.224
   75     46.49-109.10   4.21   0.58   0.91   0.10   -0.212 -1.516  1.754  0.466
   76     54.60-217.19 302.17   0.10   0.00   0.00    0.000  0.000  0.000  0.000
   77     43.99  50.66  94.22  16.63   0.11   0.10   -0.107 -0.262  0.494 -0.166
   78     41.73  38.92  65.95  22.36   0.16   0.07   -0.068  0.560 -0.553  0.358
   79     58.59 -68.94  -4.65   0.94   0.38   0.03   -0.007  0.834 -0.185  0.840
   80     26.70 -69.63  -6.25   1.36   0.31   0.03    0.002  0.509 -0.449  1.246
   81     26.87 -69.43  -4.91   0.55   0.38   0.06   -0.027  0.693 -0.336  0.442
   82     23.23 -69.25  -4.59   0.94   0.28  -0.01   -0.069  0.871 -0.131  0.829
   83     23.14 -69.96  -5.73   6.92   0.06  -0.00   -0.058  1.217  0.402  0.323
   84     21.23 -42.68   7.95  20.95   0.05   0.04    0.032  0.699 -0.862 -0.054
   85     24.39-167.81 -44.99  10.63   0.21   0.15   -0.209 -0.345  1.432 -0.265
   86     44.06 -12.08  29.70  17.89   0.06   0.03   -0.038  0.252 -0.536 -0.214
   87     28.76 -61.17   6.49   4.03   0.09  -0.01   -0.038  0.482 -0.649  1.426
   88     37.90-103.25 -28.20   6.40   0.28   0.02   -0.203  0.616 -0.080 -2.004
   89     47.73-142.12  89.99  22.45   0.32   0.12   -0.070 -0.324  0.610  2.253
   90     48.20-139.97  88.99  22.41   0.30   0.12   -0.097 -0.150  0.946  2.308
   91     33.93  33.95  85.06  20.66   0.28   0.11   -0.170  0.489 -0.079  1.161

 A V E R A G E   of ADJUSTMENTS :                    -0.180  0.150  0.129  0.101
 A V E R A G E   of ABSOLUTE ADJUSTMENTS :            0.191  0.525  0.513  0.594


 Step length damping of 0.72281 was applied.


 Velocity adjustments:
     vp    dvp      hp   reflector
 Velocity model   1
   5.403 -0.027   -5.000      
   5.711  0.121    0.300      
   5.941 -0.189    4.250      
   6.097 -0.193   11.660      
   6.395 -0.025   13.330      
   6.710  0.200   21.020      
   6.711  0.000   22.140      
   6.712  0.000   30.350      
   7.068 -0.032   31.860      
   7.308  0.088   43.950      

 Calculation of average velocity starts at layer #           1
 z = -5.00 ...  0.30    v = 5.40    AVEL = 5.40 downto z =   0.30
 z =  0.30 ...  4.25    v = 5.71    AVEL = 5.53 downto z =   4.25
 z =  4.25 ... 11.66    v = 5.94    AVEL = 5.72 downto z =  11.66
 z = 11.66 ... 13.33    v = 6.10    AVEL = 5.75 downto z =  13.33
 z = 13.33 ... 21.02    v = 6.39    AVEL = 5.94 downto z =  21.02
 z = 21.02 ... 22.14    v = 6.71    AVEL = 5.97 downto z =  22.14
 z = 22.14 ... 30.35    v = 6.71    AVEL = 6.14 downto z =  30.35
 z = 30.35 ... 31.86    v = 6.71    AVEL = 6.17 downto z =  31.86
 z = 31.86 ... 43.95    v = 7.07    AVEL = 6.39 downto z =  43.95


 Calculation of average velocity starts at layer #           2
 z =  0.30 ...  4.25    v = 5.71    AVEL = 5.71 downto z =   4.25
 z =  4.25 ... 11.66    v = 5.94    AVEL = 5.86 downto z =  11.66
 z = 11.66 ... 13.33    v = 6.10    AVEL = 5.89 downto z =  13.33
 z = 13.33 ... 21.02    v = 6.39    AVEL = 6.08 downto z =  21.02
 z = 21.02 ... 22.14    v = 6.71    AVEL = 6.11 downto z =  22.14
 z = 22.14 ... 30.35    v = 6.71    AVEL = 6.27 downto z =  30.35
 z = 30.35 ... 31.86    v = 6.71    AVEL = 6.30 downto z =  31.86
 z = 31.86 ... 43.95    v = 7.07    AVEL = 6.51 downto z =  43.95



 Adjusted station corrections:
   stn  ptcor  dpcor  
  624   0.000  0.000  628  -0.164 -0.164  630  -0.103 -0.103  627   0.085  0.085
  621   0.036  0.036  629   0.096  0.096  622   0.045  0.045  620  -0.009 -0.009
  623   0.187  0.187  626   0.135  0.135  625   0.101  0.101  631   0.145  0.145
  632  -0.167 -0.167

 ~~~ another iteration? ...



--------------------------------------------------------------------------------



           ITERATION no  2

 ~~~ set units for this iteration ...
 ~~~ determine number of unknowns for this iter. ...

 Number of unknowns (for array-indexing):  nvar =  386
 Number of effective unknowns        :  nvareff =  387
 Number of elements on/below main diagonal of matrix G = At*A : kvar =   74691

 Damping factors to be used in this iteration:
   Othet=   0.010   XYthet  =   0.010   Zthet=  0.010
 STAthet=   0.010   Vthet   =   1.000

 ~~~ damp G ...
 ~~~ solve G * b = RHT ...
 ~~~ fix units ...
 ~~~ apply eventually step-length damping ...
 ~~~ adjust model (hypocenters, stacorr & veloc.) ...

 doing velocity adjustments now...
 WARNING: Tried to introduce a low-velocity-layer! (Layer  3)
 Setting DVP from -0.13 to 0.0 and VP to vp(layer_above)+0.001
 WARNING: Tried to introduce a low-velocity-layer! (Layer  8)
 Setting DVP from -0.00 to 0.0 and VP to vp(layer_above)+0.001

 doing station-correction adjustments...

 ~~~ compute effective step-length ...

 (Applied) Step length =  13.159

 ~~~ set units for next iteration ...
 ~~~ determine number of unknowns for next iter. ...

 Number of unknowns (for array-indexing):  nvar =  386
 Number of effective unknowns        :  nvareff =  387
 Number of elements on/below main diagonal of matrix G = At*A : kvar =   74691

 ~~~ reset G and RHT ...
 ~~~ raytracing, setup G ...
 ~~~ store parts of G ...
 ~~~ set units back for current iteration ...
 ~~~ determine number of unknowns for this iter. ...

 Number of unknowns (for array-indexing):  nvar =  386
 Number of effective unknowns        :  nvareff =  387
 Number of elements on/below main diagonal of matrix G = At*A : kvar =   74691

 ~~~ compute RMS and DATVAR ...

 $$$$$$$$$$$$$$$$$$$$$$$$$$$$$$$$$$$$$$$$$$$$$$$$$
 Events with  | AVRES | > 1.0 SEC are suspicious !

 ZERO events of this kind found! (lucky guy!!!)

 ~~~ check solution (better? worse?) ...

 Iteration nr  2 obtained:
 DATVAR=    0.137489 mean sqrd residual=     0.059126  RMS RESIDUAL=     0.243159

 After  2 iterations we got:
 Average absolute & unweighted [and mean] residual of
   434 straight and direct rays =  0.13617 [  0.07184]
   245 refracted           rays =  0.21637 [  0.09863]
     0 reflected           rays =  0.00000 [  0.00000]

   679 ALL                 RAYS =  0.16511 [  0.08151]      -14.65 %

 ~~~ iteration done; output results ...

  eq       ot     x      y      z      rms    avres   dot     dx     dy     dz
    1      9.08  38.47 112.16  23.05   0.19   0.05   -0.015 -0.046  0.153 -0.166
    2      9.24  38.04 111.06  22.56   0.18   0.05   -0.039  0.049  0.282 -0.264
    3     26.99-131.81  -6.57  13.24   0.35   0.07   -0.133 -0.885  0.812  0.609
    4     15.28-131.48  -5.00   7.24   0.22   0.11   -0.193 -0.135  1.206 -1.732
    5     45.64 -40.33  38.01  23.36   0.07   0.03   -0.029 -0.002 -0.437 -0.279
    6     49.35 -36.03  40.26  18.08   0.11   0.03   -0.064  0.265 -0.146  0.714
    7     13.49-133.20-119.98   5.50   0.12   0.13   -0.092  0.819 -0.513 -0.031
    8     30.24-141.51 -42.65   9.76   0.16   0.13   -0.020 -0.451  0.265  0.596
    9     39.43  10.60  56.00  12.32   0.09   0.05   -0.053 -0.138 -0.287  0.054
   10     17.58 -91.32-307.97  16.25   0.94   0.03   -0.171 -2.400  0.162  0.011
   11      4.52 -67.64-309.72  15.67   1.24   0.03   -0.275 -3.047 -0.076  0.018
   12     51.04  34.86  94.85  17.61   0.12   0.04   -0.107 -0.094  0.343  1.607
   13     46.73  33.74  98.36  19.84   0.14   0.07   -0.067  0.323  0.251  0.270
   14     55.66  33.60  96.91  15.72   0.06   0.07   -0.079 -0.151 -0.307  1.089
   15     44.44  33.78  98.48  18.06   0.19   0.06   -0.081  0.218  0.425  0.391
   16     44.48  33.87  98.05  18.90   0.20   0.10   -0.148  0.126  0.775  0.521
   17     21.82  -1.09  83.00  18.97   0.09   0.06   -0.140 -0.182  0.305  0.424
   18     36.23 -33.37   4.51  11.91   0.09   0.07   -0.057  0.277  0.037  0.236
   19     33.13  40.77  63.72  10.83   0.10   0.06   -0.044 -0.207 -0.140  0.382
   20     45.80  37.25  85.25  15.79   0.09   0.07   -0.047 -0.116 -0.146 -0.406
   21     34.05  36.11  82.36  11.50   0.23   0.04    0.026 -0.620 -0.374 -2.261
   22     25.74  34.58  85.41  11.77   0.15   0.08   -0.048 -0.856 -0.092 -1.285
   23     15.75  34.26  85.78   9.89   0.26   0.08   -0.012 -0.547 -0.283 -0.790
   24      1.54  34.12  84.02   5.03   0.33   0.12   -0.157 -0.446  1.091 -0.662
   25     48.68 -45.40  22.63  23.16   0.06   0.02   -0.003  0.189 -0.432  0.529
   26     27.41 -69.18  -4.49  11.00   0.04   0.08   -0.022  0.385 -0.152  0.148
   27      0.09  -0.23  48.39  13.04   0.06   0.05   -0.020  0.104 -0.569  0.037
   28     58.96  37.16  76.20   9.16   0.12   0.09    0.009 -0.532 -0.191 -1.959
   29     20.15-147.94 -10.77  14.45   0.18   0.10    0.005  0.612  0.786 -0.979
   30      2.96  36.43  75.31  11.84   0.32   0.06    0.069 -0.340 -0.555 -1.866
   31     20.91  35.42  76.71  12.88   0.12   0.08   -0.031 -0.676 -0.077 -0.617
   32     50.70  36.42  76.53  14.79   0.08   0.05   -0.023 -0.267 -0.277 -0.179
   33      0.82  37.08  75.57  14.96   0.11   0.06    0.035 -0.232 -0.300 -0.614
   34     55.49 -16.24  34.66  24.26   0.07   0.02    0.025  0.339 -0.070 -0.187
   35     39.40 -68.84  -7.42   4.19   0.21   0.13    0.144  1.424  0.875 -0.007
   36     59.11  36.24  77.03  14.27   0.15   0.07    0.040 -0.405 -0.250 -0.972
   37      5.51  30.85  49.78  13.36   0.11   0.05   -0.015 -0.259 -0.136 -0.727
   38     46.43  72.12  73.13  17.08   0.20   0.06    0.021 -0.733  0.113  0.021
   39     13.80   0.72  25.52   4.00   0.12   0.08   -0.061 -0.050 -0.353  0.065
   40     14.41 -41.91  13.79  15.98   0.16   0.04   -0.063  0.093 -0.105 -0.306
   41     56.20  34.20  78.24   6.94   0.16   0.08   -0.038 -0.304 -0.090  1.740
   42     34.28  -3.49  45.89  17.65   0.06   0.03   -0.001  0.192 -0.183 -0.183
   43     24.73-107.06 -38.04   5.28   0.22   0.13    0.190  2.210  0.395 -0.792
   44     49.44  29.76  50.15   8.97   0.07   0.06   -0.061 -0.245 -0.126  0.333
   45     41.12-145.36  46.37  19.86   0.22   0.09    0.092  0.052  0.598  0.285
   46     34.04 -56.69  -0.96  16.20   0.06   0.04   -0.019  0.356 -0.103  0.013
   47      1.08  11.15  80.26  20.93   0.14   0.05    0.023  0.185 -0.115 -0.850
   48     37.31  11.30  81.45  23.59   0.03   0.03    0.022  0.316 -0.105  0.021
   49     35.66  53.88  84.77  22.26   0.12   0.04   -0.012 -0.455  0.070 -0.147
   50     36.14-100.99 -35.31  13.79   0.13   0.07    0.093  1.124  0.460 -1.588
   51     52.89 -99.60 -53.03   3.54   0.25   0.14   -0.106  0.904  1.505 -2.773
   52     43.02-115.73  45.52  14.88   0.22   0.08   -0.131 -0.387  1.074 -0.492
   53      1.00  11.02  81.10  21.78   0.12   0.08   -0.052  0.089  0.326  0.511
   54      0.22 -83.73 322.29  15.76   0.18   0.09   -0.917 -0.039 -0.178  0.007
   55      1.14 -89.35 304.08   0.66   0.10   0.06   -0.647  0.235 -0.027  0.067
   56     44.81  35.67  66.82  13.86   0.19   0.07   -0.066 -0.164 -0.170  0.342
   57     46.62 -83.81 156.07  15.96   0.28   0.14   -0.204  0.736  1.046  0.134
   58     45.35 -79.12 152.38  15.75   0.23   0.12   -0.105  1.550  1.037 -0.100
   59      8.49 -80.77   0.40   3.12   0.42   0.17    0.013  0.895 -0.050 -0.601
   60      3.41-108.31-116.30   0.39   0.38   0.20    0.079  1.103  1.116 -1.007
   61      0.20-132.61 -54.58   3.44   0.42   0.09   -0.160 -1.381  0.091  2.334
   62     20.03  19.97 151.54  14.33   0.27   0.09   -0.043  0.348 -0.411  0.382
   63     18.81 -46.52  29.21  20.26   0.08   0.03    0.021  0.335 -0.234 -0.244
   64      3.87-158.40 190.69   8.18   0.44   0.08   -0.318  2.957  4.198  0.122
   65     23.36 -47.07  19.64  16.05   0.05   0.04   -0.009  0.371 -0.357  0.246
   66     32.87-151.66  45.68  19.14   0.28   0.10    0.079  0.234  0.862  0.432
   67     41.97 -36.35  -5.67  16.91   0.12   0.05    0.016  0.344 -0.229 -1.191
   68     13.80  51.22 108.65  20.00   0.26   0.04   -0.139 -0.029  1.367 -1.300
   69     48.30-214.97-349.14  73.50   0.00   0.00    0.000  0.000  0.000  0.000
   70      5.28  34.11  97.67  19.37   0.13   0.06   -0.101  0.261  0.614 -0.034
   71      4.21   6.38  56.29   0.13   0.57  -0.00    0.217  0.119 -0.368 -0.013
   72     53.33 132.42-297.45  96.88   0.00   0.01   -1.269 -0.102  0.134 -0.043
   73     12.60  52.45  82.62  25.62   0.20   0.05   -0.158  0.972  0.515  1.197
   74     36.07-102.63  71.10  23.77   0.23   0.07   -0.074 -0.200  0.463  0.745
   75     46.48-109.75   5.71   1.71   0.92   0.16   -0.012 -0.643  1.505  1.135
   76     54.60-217.19 302.17   0.10   0.00   0.00    0.000  0.000  0.000  0.000
   77     43.91  50.66  94.64  16.61   0.08   0.07   -0.080 -0.001  0.416 -0.026
   78     41.72  39.09  65.52  22.25   0.17   0.06   -0.014  0.161 -0.433 -0.111
   79     58.66 -68.56  -4.65   1.99   0.37   0.15    0.068  0.381  0.002  1.048
   80     26.74 -69.39  -6.34   2.57   0.28   0.14    0.041  0.244 -0.087  1.214
   81     26.94 -69.02  -4.95   0.56   0.35   0.20    0.067  0.407 -0.042  0.006
   82     23.26 -68.85  -4.66   1.31   0.25   0.16    0.033  0.395 -0.068  0.375
   83     23.19 -69.10  -5.14   7.34   0.05   0.10    0.047  0.860  0.597  0.415
   84     21.18 -42.18   7.23  21.18   0.05   0.02   -0.053  0.507 -0.721  0.231
   85     24.29-167.84 -44.56  10.18   0.19   0.11   -0.100 -0.028  0.425 -0.456
   86     44.03 -12.03  29.32  17.77   0.05   0.04   -0.032  0.054 -0.380 -0.118
   87     28.76 -60.84   6.06   5.67   0.08   0.04   -0.001  0.336 -0.434  1.643
   88     37.90-101.89 -27.93   4.65   0.23   0.15    0.003  1.352  0.268 -1.751
   89     47.68-142.18  90.76  24.19   0.32   0.09   -0.049 -0.060  0.773  1.732
   90     48.14-139.85  90.05  24.42   0.28   0.09   -0.058  0.115  1.066  2.016
   91     33.86  34.46  84.73  20.36   0.25   0.09   -0.066  0.508 -0.334 -0.300

 A V E R A G E   of ADJUSTMENTS :                    -0.065  0.094  0.190 -0.044
 A V E R A G E   of ABSOLUTE ADJUSTMENTS :            0.098  0.487  0.443  0.625


NO step length damping applied


 Velocity adjustments:
     vp    dvp      hp   reflector
 Velocity model   1
   5.416  0.013   -5.000      
   5.880  0.169    0.300      
   5.881  0.000    4.250      
   6.231  0.134   11.660      
   6.278 -0.117   13.330      
   6.652 -0.058   21.020      
   6.729  0.018   22.140      
   6.730  0.000   30.350      
   7.074  0.006   31.860      
   7.237 -0.071   43.950      

 Calculation of average velocity starts at layer #           1
 z = -5.00 ...  0.30    v = 5.42    AVEL = 5.42 downto z =   0.30
 z =  0.30 ...  4.25    v = 5.88    AVEL = 5.61 downto z =   4.25
 z =  4.25 ... 11.66    v = 5.88    AVEL = 5.73 downto z =  11.66
 z = 11.66 ... 13.33    v = 6.23    AVEL = 5.78 downto z =  13.33
 z = 13.33 ... 21.02    v = 6.28    AVEL = 5.93 downto z =  21.02
 z = 21.02 ... 22.14    v = 6.65    AVEL = 5.96 downto z =  22.14
 z = 22.14 ... 30.35    v = 6.73    AVEL = 6.14 downto z =  30.35
 z = 30.35 ... 31.86    v = 6.73    AVEL = 6.16 downto z =  31.86
 z = 31.86 ... 43.95    v = 7.07    AVEL = 6.39 downto z =  43.95


 Calculation of average velocity starts at layer #           2
 z =  0.30 ...  4.25    v = 5.88    AVEL = 5.88 downto z =   4.25
 z =  4.25 ... 11.66    v = 5.88    AVEL = 5.88 downto z =  11.66
 z = 11.66 ... 13.33    v = 6.23    AVEL = 5.93 downto z =  13.33
 z = 13.33 ... 21.02    v = 6.28    AVEL = 6.06 downto z =  21.02
 z = 21.02 ... 22.14    v = 6.65    AVEL = 6.09 downto z =  22.14
 z = 22.14 ... 30.35    v = 6.73    AVEL = 6.26 downto z =  30.35
 z = 30.35 ... 31.86    v = 6.73    AVEL = 6.29 downto z =  31.86
 z = 31.86 ... 43.95    v = 7.07    AVEL = 6.50 downto z =  43.95



 Adjusted station corrections:
   stn  ptcor  dpcor  
  624   0.000  0.000  628  -0.225 -0.061  630  -0.146 -0.044  627   0.134  0.050
  621   0.044  0.009  629   0.169  0.073  622   0.060  0.015  620  -0.022 -0.013
  623   0.256  0.069  626   0.155  0.020  625   0.153  0.053  631   0.189  0.044
  632  -0.278 -0.110

 ~~~ another iteration? ...



--------------------------------------------------------------------------------



           ITERATION no  3

 ~~~ set units for this iteration ...
 ~~~ determine number of unknowns for this iter. ...

 Number of unknowns (for array-indexing):  nvar =  386
 Number of effective unknowns        :  nvareff =  387
 Number of elements on/below main diagonal of matrix G = At*A : kvar =   74691

 Damping factors to be used in this iteration:
   Othet=   0.010   XYthet  =   0.010   Zthet=  0.010
 STAthet=   0.010   Vthet   =   1.000

 ~~~ damp G ...
 ~~~ solve G * b = RHT ...
 ~~~ fix units ...
 ~~~ apply eventually step-length damping ...
 ~~~ adjust model (hypocenters, stacorr & veloc.) ...

 doing velocity adjustments now...
 WARNING: Tried to introduce a low-velocity-layer! (Layer  5)
 Setting DVP from -0.12 to 0.0 and VP to vp(layer_above)+0.001
 WARNING: Tried to introduce a low-velocity-layer! (Layer  8)
 Setting DVP from -0.05 to 0.0 and VP to vp(layer_above)+0.001

 doing station-correction adjustments...

 ~~~ compute effective step-length ...

 (Applied) Step length =   8.728

 ~~~ set units for next iteration ...
 ~~~ determine number of unknowns for next iter. ...

 Number of unknowns (for array-indexing):  nvar =  386
 Number of effective unknowns        :  nvareff =  387
 Number of elements on/below main diagonal of matrix G = At*A : kvar =   74691

 ~~~ reset G and RHT ...
 ~~~ raytracing, setup G ...
 ~~~ store parts of G ...
 ~~~ set units back for current iteration ...
 ~~~ determine number of unknowns for this iter. ...

 Number of unknowns (for array-indexing):  nvar =  386
 Number of effective unknowns        :  nvareff =  387
 Number of elements on/below main diagonal of matrix G = At*A : kvar =   74691

 ~~~ compute RMS and DATVAR ...

 $$$$$$$$$$$$$$$$$$$$$$$$$$$$$$$$$$$$$$$$$$$$$$$$$
 Events with  | AVRES | > 1.0 SEC are suspicious !

 ZERO events of this kind found! (lucky guy!!!)

 ~~~ check solution (better? worse?) ...

 Iteration nr  3 obtained:
 DATVAR=    0.140260 mean sqrd residual=     0.060318  RMS RESIDUAL=     0.245597

 After  3 iterations we got:
 Average absolute & unweighted [and mean] residual of
   386 straight and direct rays =  0.12306 [  0.08302]
   293 refracted           rays =  0.26389 [  0.16865]
     0 reflected           rays =  0.00000 [  0.00000]

   679 ALL                 RAYS =  0.18383 [  0.11997]       11.34 %


  eq       ot     x      y      z      rms    avres   dot     dx     dy     dz
    1      9.03  38.44 112.28  22.82   0.18   0.10   -0.052 -0.030  0.122 -0.230
    2      9.18  38.05 111.29  22.23   0.18   0.10   -0.066  0.008  0.228 -0.326
    3     26.92-132.28  -6.28  14.57   0.35   0.17   -0.070 -0.472  0.284  1.333
    4     15.17-132.18  -4.43   7.13   0.23   0.20   -0.107 -0.701  0.571 -0.103
    5     45.60 -40.28  37.75  23.24   0.07   0.09   -0.035  0.055 -0.255 -0.118
    6     49.32 -35.95  40.28  18.44   0.10   0.07   -0.026  0.087  0.017  0.364
    7     13.52-132.99-120.06   5.49   0.11   0.18    0.024  0.214 -0.078 -0.007
    8     30.22-141.76 -42.45  10.01   0.17   0.20   -0.023 -0.244  0.197  0.251
    9     39.50  10.49  55.87  12.04   0.09   0.01    0.071 -0.111 -0.137 -0.283
   10     17.54 -93.28-307.84  16.25   0.89   0.13   -0.039 -1.962  0.137  0.003
   11      4.48 -70.15-309.78  15.68   1.17   0.13   -0.043 -2.502 -0.058  0.003
   12     50.92  34.94  95.30  18.89   0.10   0.12   -0.122  0.079  0.447  1.280
   13     46.69  34.04  98.25  20.21   0.14   0.13   -0.040  0.305 -0.103  0.368
   14     55.64  33.63  96.96  16.68   0.06   0.13   -0.025  0.036  0.051  0.954
   15     44.39  33.78  98.66  18.06   0.19   0.14   -0.054 -0.002  0.172  0.004
   16     44.43  34.00  98.39  18.62   0.18   0.13   -0.050  0.133  0.343 -0.280
   17     21.78  -1.07  83.16  19.04   0.07   0.11   -0.045  0.019  0.162  0.075
   18     36.32 -33.18   4.47  11.62   0.10   0.05    0.089  0.189 -0.045 -0.288
   19     33.21  40.95  63.56  10.38   0.09   0.01    0.075  0.185 -0.153 -0.456
   20     45.79  37.28  85.04  16.09   0.09   0.16   -0.007  0.035 -0.207  0.299
   21     34.12  35.73  82.03  10.58   0.23   0.07    0.070 -0.387 -0.325 -0.917
   22     25.86  34.92  85.13  11.71   0.17   0.05    0.117  0.340 -0.279 -0.054
   23     15.88  34.31  85.34   9.05   0.28   0.05    0.129  0.044 -0.440 -0.839
   24      1.45  34.07  84.40   5.16   0.34   0.15   -0.085 -0.049  0.376  0.131
   25     48.63 -45.27  22.55  23.57   0.05   0.06   -0.042  0.127 -0.082  0.408
   26     27.52 -69.07  -4.37  10.52   0.03   0.01    0.109  0.108  0.121 -0.479
   27      0.12  -0.20  48.15  13.09   0.10   0.06    0.032  0.026 -0.240  0.042
   28     59.05  37.26  75.77   8.45   0.14   0.07    0.090  0.100 -0.429 -0.709
   29     20.13-147.67 -10.75  14.18   0.18   0.21   -0.024  0.265  0.013 -0.276
   30      3.02  36.40  75.05  11.30   0.31   0.07    0.064 -0.034 -0.261 -0.541
   31     20.92  35.35  76.81  13.22   0.12   0.12    0.009 -0.074  0.097  0.343
   32     50.72  36.40  76.32  14.79   0.11   0.09    0.021 -0.026 -0.213  0.003
   33      0.84  36.89  75.55  14.74   0.11   0.09    0.018 -0.188 -0.021 -0.217
   34     55.48 -16.10  34.59  24.18   0.07   0.06   -0.014  0.146 -0.074 -0.081
   35     39.46 -68.30  -6.67   4.79   0.21   0.14    0.052  0.541  0.749  0.601
   36     59.12  36.00  77.04  14.06   0.14   0.11    0.015 -0.241  0.010 -0.203
   37      5.56  30.79  49.69  12.85   0.13   0.04    0.058 -0.059 -0.089 -0.509
   38     46.47  71.57  72.96  17.21   0.20   0.14    0.039 -0.551 -0.175  0.130
   39     13.75   0.74  25.40   4.28   0.11   0.06   -0.048  0.018 -0.119  0.278
   40     14.44 -41.68  13.69  15.95   0.17   0.07    0.024  0.229 -0.102 -0.022
   41     56.19  34.37  78.56   7.16   0.13   0.05   -0.003  0.171  0.312  0.221
   42     34.29  -3.44  45.78  17.55   0.07   0.05    0.011  0.049 -0.114 -0.104
   43     24.86-106.02 -38.18   4.01   0.25   0.11    0.129  1.043 -0.137 -1.269
   44     49.47  29.84  50.05   8.90   0.06   0.02    0.028  0.081 -0.098 -0.071
   45     41.11-145.28  46.61  20.24   0.21   0.14   -0.013  0.076  0.237  0.376
   46     34.05 -56.64  -1.12  16.33   0.07   0.07    0.003  0.058 -0.158  0.124
   47      1.05  11.40  80.23  21.41   0.15   0.10   -0.037  0.253 -0.034  0.483
   48     37.29  11.42  81.36  23.59   0.04   0.08   -0.023  0.121 -0.091  0.002
   49     35.64  53.61  84.75  22.20   0.12   0.09   -0.014 -0.268 -0.018 -0.060
   50     36.16-100.49 -34.83  13.09   0.10   0.17    0.020  0.492  0.480 -0.702
   51     52.98 -98.46 -52.15   1.20   0.28   0.19    0.089  1.144  0.887 -2.336
   52     42.85-116.37  46.14  14.83   0.21   0.19   -0.172 -0.640  0.629 -0.047
   53      0.98  11.28  81.16  21.27   0.11   0.10   -0.013  0.266  0.056 -0.507
   54      0.24 -83.89 322.24  15.76   0.18   0.14    0.021 -0.154 -0.048 -0.002
   55      1.12 -89.15 304.14   0.66   0.10   0.16   -0.018  0.206  0.056  0.002
   56     44.81  35.59  66.77  14.19   0.20   0.13   -0.000 -0.075 -0.049  0.329
   57     46.52 -83.88 156.77  16.01   0.27   0.17   -0.092 -0.069  0.703  0.047
   58     45.27 -78.42 153.01  15.74   0.22   0.18   -0.084  0.694  0.636 -0.009
   59      8.51 -80.19   0.25   0.94   0.46   0.12    0.018  0.583 -0.148 -2.178
 ***** depth constrained for event    60
   60      3.61-107.22-114.61   0.11   0.33   0.30    0.198  1.084  1.690 -0.384
   61      0.04-133.14 -54.95   4.02   0.38   0.23   -0.156 -0.522 -0.371  0.584
   62     20.05  20.58 151.35  15.96   0.27   0.20    0.017  0.606 -0.186  1.627
   63     18.77 -46.25  29.24  20.63   0.08   0.09   -0.042  0.271  0.027  0.364
   64      3.75-157.12 193.53   8.82   0.40   0.16   -0.120  1.283  2.833  0.644
   65     23.38 -46.94  19.58  16.23   0.06   0.05    0.014  0.137 -0.060  0.179
   66     32.82-151.83  45.83  19.32   0.28   0.15   -0.047 -0.171  0.153  0.180
   67     41.95 -36.21  -5.76  16.88   0.12   0.10   -0.016  0.147 -0.092 -0.035
   68     13.63  50.83 109.36  18.77   0.24   0.14   -0.176 -0.390  0.704 -1.222
   69     48.30-214.97-349.14  73.50   0.00   0.00    0.000  0.000  0.000  0.000
   70      5.22  34.23  97.84  19.48   0.13   0.12   -0.065  0.120  0.164  0.112
   71      4.10   6.42  56.38   0.13   0.55  -0.00   -0.111  0.043  0.086  0.008
   72     53.31 132.42-297.45  96.88   0.00   0.06   -0.024 -0.002  0.003 -0.001
   73     12.52  52.96  82.76  25.88   0.19   0.09   -0.084  0.517  0.139  0.263
   74     36.00-102.85  71.40  24.32   0.23   0.10   -0.066 -0.224  0.299  0.555
   75     46.33-110.48   5.57   3.40   0.93   0.25   -0.149 -0.734 -0.145  1.686
   76     54.60-217.19 302.17   0.10   0.00   0.00    0.000  0.000  0.000  0.000
   77     43.85  50.79  94.84  16.92   0.09   0.14   -0.062  0.130  0.199  0.317
   78     41.71  39.16  65.36  22.09   0.17   0.09   -0.008  0.070 -0.158 -0.155
   79     58.61 -68.35  -4.63   2.64   0.38   0.17   -0.047  0.204  0.015  0.656
   80     26.69 -69.08  -6.31   2.49   0.32   0.17   -0.050  0.310  0.032 -0.075
   81     26.93 -68.84  -4.90   0.21   0.36   0.09   -0.011  0.175  0.055 -0.345
   82     23.23 -68.63  -4.66   1.35   0.27   0.09   -0.029  0.217 -0.000  0.032
   83     23.23 -69.02  -5.08   7.43   0.07   0.06    0.046  0.085  0.062  0.091
   84     21.14 -41.92   7.05  21.46   0.05   0.07   -0.042  0.260 -0.178  0.281
   85     24.24-167.74 -44.61   9.79   0.17   0.23   -0.049  0.098 -0.045 -0.386
   86     44.01 -11.94  29.17  18.01   0.07   0.08   -0.024  0.087 -0.155  0.237
   87     28.73 -60.94   6.00   5.76   0.06   0.05   -0.030 -0.102 -0.062  0.090
   88     38.01-100.89 -27.85   3.86   0.22   0.18    0.107  1.007  0.078 -0.785
   89     47.66-142.35  91.15  25.22   0.31   0.10   -0.018 -0.172  0.388  1.040
   90     48.13-139.97  90.58  25.88   0.26   0.10   -0.019 -0.121  0.531  1.460
   91     33.82  34.61  84.77  20.14   0.24   0.13   -0.040  0.150  0.040 -0.224

 A V E R A G E   of ADJUSTMENTS :                    -0.013  0.047  0.103  0.011
 A V E R A G E   of ABSOLUTE ADJUSTMENTS :            0.053  0.295  0.240  0.403


 Step length damping of 0.86933 was applied.


 Velocity adjustments:
     vp    dvp      hp   reflector
 Velocity model   1
   5.432  0.016   -5.000      
   5.769 -0.112    0.300      
   5.935  0.054    4.250      
   6.320  0.089   11.660      
   6.321  0.000   13.330      
   6.452 -0.200   21.020      
   6.738  0.008   22.140      
   6.739  0.000   30.350      
   7.088  0.015   31.860      
   7.238  0.001   43.950      

 Calculation of average velocity starts at layer #           1
 z = -5.00 ...  0.30    v = 5.43    AVEL = 5.43 downto z =   0.30
 z =  0.30 ...  4.25    v = 5.77    AVEL = 5.58 downto z =   4.25
 z =  4.25 ... 11.66    v = 5.94    AVEL = 5.74 downto z =  11.66
 z = 11.66 ... 13.33    v = 6.32    AVEL = 5.79 downto z =  13.33
 z = 13.33 ... 21.02    v = 6.32    AVEL = 5.95 downto z =  21.02
 z = 21.02 ... 22.14    v = 6.45    AVEL = 5.97 downto z =  22.14
 z = 22.14 ... 30.35    v = 6.74    AVEL = 6.15 downto z =  30.35
 z = 30.35 ... 31.86    v = 6.74    AVEL = 6.17 downto z =  31.86
 z = 31.86 ... 43.95    v = 7.09    AVEL = 6.40 downto z =  43.95


 Calculation of average velocity starts at layer #           2
 z =  0.30 ...  4.25    v = 5.77    AVEL = 5.77 downto z =   4.25
 z =  4.25 ... 11.66    v = 5.94    AVEL = 5.88 downto z =  11.66
 z = 11.66 ... 13.33    v = 6.32    AVEL = 5.93 downto z =  13.33
 z = 13.33 ... 21.02    v = 6.32    AVEL = 6.08 downto z =  21.02
 z = 21.02 ... 22.14    v = 6.45    AVEL = 6.10 downto z =  22.14
 z = 22.14 ... 30.35    v = 6.74    AVEL = 6.27 downto z =  30.35
 z = 30.35 ... 31.86    v = 6.74    AVEL = 6.29 downto z =  31.86
 z = 31.86 ... 43.95    v = 7.09    AVEL = 6.51 downto z =  43.95



 Adjusted station corrections:
   stn  ptcor  dpcor  
  624   0.000  0.000  628  -0.233 -0.008  630  -0.170 -0.024  627   0.119 -0.015
  621   0.054  0.010  629   0.168 -0.000  622   0.063  0.002  620  -0.018  0.004
  623   0.258  0.002  626   0.152 -0.002  625   0.168  0.015  631   0.191  0.002
  632  -0.270  0.007

 msqrd res increased --> hypocenter and model backup.
 ~~~ solution is worse --> backup ...
 Velocity readjustments:
 Velocity model   1
   5.424  0.008 -5.000    
   5.825 -0.056  0.300    
   5.908  0.027  4.250    
   6.276  0.044 11.660    
   6.321  0.000 13.330    
   6.552 -0.100 21.020    
   6.734  0.004 22.140    
   6.739  0.000 30.350    
   7.081  0.007 31.860    
   7.238  0.000 43.950    

 Calculation of average velocity starts at layer #            1
 z = -5.00 ...  0.30    v = 5.42    AVEL = 5.42 downto z =   0.30
 z =  0.30 ...  4.25    v = 5.82    AVEL = 5.59 downto z =   4.25
 z =  4.25 ... 11.66    v = 5.91    AVEL = 5.73 downto z =  11.66
 z = 11.66 ... 13.33    v = 6.28    AVEL = 5.78 downto z =  13.33
 z = 13.33 ... 21.02    v = 6.32    AVEL = 5.94 downto z =  21.02
 z = 21.02 ... 22.14    v = 6.55    AVEL = 5.97 downto z =  22.14
 z = 22.14 ... 30.35    v = 6.73    AVEL = 6.15 downto z =  30.35
 z = 30.35 ... 31.86    v = 6.74    AVEL = 6.17 downto z =  31.86
 z = 31.86 ... 43.95    v = 7.08    AVEL = 6.39 downto z =  43.95


 Calculation of average velocity starts at layer #            2
 z =  0.30 ...  4.25    v = 5.82    AVEL = 5.82 downto z =   4.25
 z =  4.25 ... 11.66    v = 5.91    AVEL = 5.88 downto z =  11.66
 z = 11.66 ... 13.33    v = 6.28    AVEL = 5.93 downto z =  13.33
 z = 13.33 ... 21.02    v = 6.32    AVEL = 6.08 downto z =  21.02
 z = 21.02 ... 22.14    v = 6.55    AVEL = 6.10 downto z =  22.14
 z = 22.14 ... 30.35    v = 6.73    AVEL = 6.27 downto z =  30.35
 z = 30.35 ... 31.86    v = 6.74    AVEL = 6.30 downto z =  31.86
 z = 31.86 ... 43.95    v = 7.08    AVEL = 6.51 downto z =  43.95


  624   0.000  0.000  628  -0.229 -0.004  630  -0.158 -0.012  627   0.127 -0.008  621   0.049  0.005
  629   0.169 -0.000  622   0.061  0.001  620  -0.020  0.002  623   0.257  0.001  626   0.153 -0.001
  625   0.161  0.007  631   0.190  0.001  632  -0.274  0.004

 Half adjustments made

 (Applied) Step length =  -4.364

 ~~~ set units for next iteration ...
 ~~~ determine number of unknowns for next iter. ...

 Number of unknowns (for array-indexing):  nvar =  386
 Number of effective unknowns        :  nvareff =  387
 Number of elements on/below main diagonal of matrix G = At*A : kvar =   74691

 ~~~ reset G and RHT ...
 ~~~ raytracing, setup G ...
 ~~~ store parts of G ...
 ~~~ set units back for current iteration ...
 ~~~ determine number of unknowns for this iter. ...

 Number of unknowns (for array-indexing):  nvar =  386
 Number of effective unknowns        :  nvareff =  387
 Number of elements on/below main diagonal of matrix G = At*A : kvar =   74691

 ~~~ compute RMS and DATVAR ...

 $$$$$$$$$$$$$$$$$$$$$$$$$$$$$$$$$$$$$$$$$$$$$$$$$
 Events with  | AVRES | > 1.0 SEC are suspicious !

 ZERO events of this kind found! (lucky guy!!!)

 ~~~ check solution (better? worse?) ...

(Iteration nr  3)   BACKUP nr 1 obtained:
 DATVAR=    0.134534 mean sqrd residual=     0.057855  RMS RESIDUAL=     0.240531

 After  3 iterations we got:
 Average absolute & unweighted [and mean] residual of
   408 straight and direct rays =  0.12080 [  0.07397]
   271 refracted           rays =  0.25614 [  0.15344]
     0 reflected           rays =  0.00000 [  0.00000]

   679 ALL                 RAYS =  0.17482 [  0.10569]       -4.90 %

 ~~~ iteration done; output results ...

  eq       ot     x      y      z      rms    avres   dot     dx     dy     dz
    1      9.06  38.46 112.22  22.94   0.19   0.08   -0.026 -0.015  0.061 -0.115
    2      9.21  38.05 111.17  22.40   0.18   0.08   -0.033  0.004  0.114 -0.163
    3     26.95-132.04  -6.42  13.90   0.35   0.14   -0.035 -0.236  0.142  0.666
    4     15.22-131.83  -4.71   7.19   0.22   0.16   -0.053 -0.351  0.286 -0.052
    5     45.62 -40.31  37.88  23.30   0.07   0.07   -0.018  0.027 -0.127 -0.059
    6     49.33 -35.99  40.27  18.26   0.10   0.06   -0.013  0.044  0.008  0.182
    7     13.51-133.09-120.02   5.50   0.11   0.17    0.012  0.107 -0.039 -0.003
    8     30.23-141.63 -42.55   9.88   0.17   0.18   -0.012 -0.122  0.099  0.126
    9     39.47  10.55  55.94  12.18   0.09   0.03    0.035 -0.056 -0.068 -0.141
   10     17.56 -92.30-307.91  16.25   0.92   0.09   -0.019 -0.981  0.069  0.001
   11      4.50 -68.90-309.75  15.67   1.20   0.10   -0.022 -1.251 -0.029  0.002
   12     50.98  34.90  95.07  18.25   0.11   0.09   -0.061  0.040  0.224  0.640
   13     46.71  33.89  98.30  20.03   0.14   0.11   -0.020  0.153 -0.052  0.184
   14     55.65  33.62  96.93  16.20   0.06   0.11   -0.013  0.018  0.025  0.477
   15     44.42  33.78  98.57  18.06   0.19   0.11   -0.027 -0.001  0.086  0.002
   16     44.45  33.93  98.22  18.76   0.19   0.12   -0.025  0.067  0.171 -0.140
   17     21.80  -1.08  83.08  19.00   0.08   0.10   -0.023  0.010  0.081  0.037
   18     36.27 -33.28   4.49  11.76   0.09   0.06    0.044  0.094 -0.023 -0.144
   19     33.17  40.86  63.64  10.60   0.09   0.04    0.038  0.093 -0.076 -0.228
   20     45.80  37.27  85.14  15.94   0.09   0.13   -0.004  0.017 -0.103  0.149
   21     34.09  35.92  82.20  11.04   0.23   0.06    0.035 -0.193 -0.162 -0.459
   22     25.80  34.75  85.27  11.74   0.16   0.07    0.059  0.170 -0.140 -0.027
   23     15.82  34.29  85.56   9.47   0.27   0.07    0.064  0.022 -0.220 -0.419
   24      1.49  34.10  84.21   5.10   0.33   0.12   -0.042 -0.025  0.188  0.066
   25     48.65 -45.34  22.59  23.36   0.05   0.05   -0.021  0.064 -0.041  0.204
   26     27.46 -69.12  -4.43  10.76   0.03   0.05    0.055  0.054  0.061 -0.240
   27      0.11  -0.22  48.27  13.06   0.08   0.06    0.016  0.013 -0.120  0.021
   28     59.00  37.21  75.99   8.80   0.14   0.08    0.045  0.050 -0.214 -0.354
   29     20.14-147.81 -10.76  14.31   0.18   0.17   -0.012  0.132  0.006 -0.138
   30      2.99  36.41  75.18  11.57   0.31   0.07    0.032 -0.017 -0.130 -0.271
   31     20.92  35.39  76.76  13.05   0.12   0.11    0.004 -0.037  0.049  0.172
   32     50.71  36.41  76.42  14.79   0.10   0.08    0.010 -0.013 -0.106  0.001
   33      0.83  36.98  75.56  14.85   0.11   0.08    0.009 -0.094 -0.010 -0.109
   34     55.48 -16.17  34.62  24.22   0.07   0.05   -0.007  0.073 -0.037 -0.040
   35     39.43 -68.57  -7.04   4.49   0.21   0.12    0.026  0.270  0.374  0.301
   36     59.12  36.12  77.04  14.16   0.15   0.10    0.007 -0.121  0.005 -0.102
   37      5.54  30.82  49.73  13.11   0.12   0.05    0.029 -0.030 -0.044 -0.255
   38     46.45  71.84  73.05  17.15   0.20   0.12    0.019 -0.276 -0.087  0.065
   39     13.77   0.73  25.46   4.14   0.11   0.05   -0.024  0.009 -0.059  0.139
   40     14.42 -41.79  13.74  15.97   0.17   0.06    0.012  0.115 -0.051 -0.011
   41     56.20  34.29  78.40   7.05   0.13   0.06   -0.002  0.086  0.156  0.111
   42     34.28  -3.47  45.83  17.60   0.07   0.05    0.005  0.025 -0.057 -0.052
   43     24.80-106.54 -38.11   4.65   0.23   0.11    0.065  0.522 -0.069 -0.635
   44     49.46  29.80  50.10   8.94   0.07   0.04    0.014  0.040 -0.049 -0.035
   45     41.12-145.32  46.49  20.05   0.21   0.13   -0.006  0.038  0.119  0.188
   46     34.04 -56.66  -1.04  16.27   0.07   0.06    0.002  0.029 -0.079  0.062
   47      1.07  11.27  80.24  21.17   0.14   0.08   -0.019  0.127 -0.017  0.241
   48     37.30  11.36  81.40  23.59   0.04   0.06   -0.011  0.060 -0.046  0.001
   49     35.65  53.75  84.76  22.23   0.12   0.08   -0.007 -0.134 -0.009 -0.030
   50     36.15-100.74 -35.07  13.44   0.11   0.13    0.010  0.246  0.240 -0.351
   51     52.94 -99.03 -52.59   2.37   0.27   0.17    0.044  0.572  0.443 -1.168
   52     42.94-116.05  45.83  14.85   0.22   0.15   -0.086 -0.320  0.314 -0.024
   53      0.99  11.15  81.13  21.53   0.11   0.10   -0.006  0.133  0.028 -0.253
   54      0.23 -83.81 322.27  15.76   0.18   0.13    0.011 -0.077 -0.024 -0.001
   55      1.13 -89.25 304.11   0.66   0.10   0.13   -0.009  0.103  0.028  0.001
   56     44.81  35.63  66.79  14.02   0.20   0.11   -0.000 -0.038 -0.024  0.164
   57     46.57 -83.84 156.42  15.99   0.28   0.17   -0.046 -0.035  0.352  0.023
   58     45.31 -78.77 152.69  15.75   0.23   0.16   -0.042  0.347  0.318 -0.004
   59      8.50 -80.48   0.32   2.03   0.44   0.14    0.009  0.291 -0.074 -1.089
 ***** depth constrained for event    60
   60      3.51-107.76-115.45   0.30   0.35   0.26    0.099  0.542  0.845 -0.192
   61      0.12-132.87 -54.77   3.73   0.38   0.15   -0.078 -0.261 -0.185  0.292
   62     20.04  20.27 151.44  15.15   0.27   0.17    0.008  0.303 -0.093  0.813
   63     18.79 -46.39  29.22  20.44   0.08   0.07   -0.021  0.135  0.014  0.182
   64      3.81-157.76 192.11   8.50   0.42   0.14   -0.060  0.641  1.417  0.322
   65     23.37 -47.00  19.61  16.14   0.06   0.05    0.007  0.068 -0.030  0.090
   66     32.84-151.75  45.76  19.23   0.28   0.14   -0.023 -0.086  0.076  0.090
   67     41.96 -36.28  -5.71  16.89   0.12   0.08   -0.008  0.074 -0.046 -0.017
   68     13.72  51.02 109.01  19.39   0.25   0.09   -0.088 -0.195  0.352 -0.611
   69     48.30-214.97-349.14  73.50   0.00   0.00    0.000  0.000  0.000  0.000
   70      5.25  34.17  97.76  19.43   0.13   0.10   -0.033  0.060  0.082  0.056
   71      4.16   6.40  56.33   0.13   0.56  -0.00   -0.056  0.021  0.043  0.004
   72     53.32 132.42-297.45  96.88   0.00   0.05   -0.012 -0.001  0.001 -0.000
   73     12.56  52.70  82.69  25.75   0.20   0.08   -0.042  0.258  0.070  0.131
   74     36.04-102.74  71.25  24.05   0.23   0.10   -0.033 -0.112  0.150  0.278
   75     46.40-110.11   5.64   2.55   0.91   0.17   -0.075 -0.367 -0.073  0.843
   76     54.60-217.19 302.17   0.10   0.00   0.00    0.000  0.000  0.000  0.000
   77     43.88  50.73  94.74  16.77   0.09   0.12   -0.031  0.065  0.099  0.158
   78     41.71  39.12  65.44  22.17   0.17   0.08   -0.004  0.035 -0.079 -0.078
   79     58.64 -68.45  -4.64   2.32   0.36   0.12   -0.023  0.102  0.008  0.328
   80     26.72 -69.23  -6.32   2.53   0.29   0.12   -0.025  0.155  0.016 -0.038
   81     26.93 -68.93  -4.93   0.39   0.33   0.13   -0.005  0.088  0.027 -0.173
   82     23.25 -68.74  -4.66   1.33   0.24   0.10   -0.015  0.109 -0.000  0.016
   83     23.21 -69.06  -5.11   7.38   0.05   0.07    0.023  0.043  0.031  0.046
   84     21.16 -42.05   7.14  21.32   0.05   0.05   -0.021  0.130 -0.089  0.140
   85     24.27-167.79 -44.58   9.99   0.18   0.19   -0.024  0.049 -0.022 -0.193
   86     44.02 -11.98  29.25  17.89   0.06   0.06   -0.012  0.043 -0.078  0.119
   87     28.75 -60.89   6.03   5.71   0.07   0.04   -0.015 -0.051 -0.031  0.045
   88     37.95-101.39 -27.89   4.25   0.22   0.16    0.054  0.504  0.039 -0.392
   89     47.67-142.27  90.96  24.70   0.31   0.10   -0.009 -0.086  0.194  0.520
   90     48.14-139.91  90.32  25.15   0.27   0.10   -0.010 -0.061  0.266  0.730
   91     33.84  34.53  84.75  20.25   0.24   0.12   -0.020  0.075  0.020 -0.112

 A V E R A G E   of ADJUSTMENTS :                    -0.006  0.023  0.051  0.006
 A V E R A G E   of ABSOLUTE ADJUSTMENTS :            0.026  0.147  0.120  0.202


 Step length damping of 0.86933 was applied.


 Velocity adjustments:
     vp    dvp      hp   reflector
 Velocity model   1
   5.424  0.008   -5.000      
   5.825 -0.056    0.300      
   5.908  0.027    4.250      
   6.276  0.044   11.660      
   6.321  0.000   13.330      
   6.552 -0.100   21.020      
   6.734  0.004   22.140      
   6.739  0.000   30.350      
   7.081  0.007   31.860      
   7.238  0.000   43.950      

 Calculation of average velocity starts at layer #           1
 z = -5.00 ...  0.30    v = 5.42    AVEL = 5.42 downto z =   0.30
 z =  0.30 ...  4.25    v = 5.82    AVEL = 5.59 downto z =   4.25
 z =  4.25 ... 11.66    v = 5.91    AVEL = 5.73 downto z =  11.66
 z = 11.66 ... 13.33    v = 6.28    AVEL = 5.78 downto z =  13.33
 z = 13.33 ... 21.02    v = 6.32    AVEL = 5.94 downto z =  21.02
 z = 21.02 ... 22.14    v = 6.55    AVEL = 5.97 downto z =  22.14
 z = 22.14 ... 30.35    v = 6.73    AVEL = 6.15 downto z =  30.35
 z = 30.35 ... 31.86    v = 6.74    AVEL = 6.17 downto z =  31.86
 z = 31.86 ... 43.95    v = 7.08    AVEL = 6.39 downto z =  43.95


 Calculation of average velocity starts at layer #           2
 z =  0.30 ...  4.25    v = 5.82    AVEL = 5.82 downto z =   4.25
 z =  4.25 ... 11.66    v = 5.91    AVEL = 5.88 downto z =  11.66
 z = 11.66 ... 13.33    v = 6.28    AVEL = 5.93 downto z =  13.33
 z = 13.33 ... 21.02    v = 6.32    AVEL = 6.08 downto z =  21.02
 z = 21.02 ... 22.14    v = 6.55    AVEL = 6.10 downto z =  22.14
 z = 22.14 ... 30.35    v = 6.73    AVEL = 6.27 downto z =  30.35
 z = 30.35 ... 31.86    v = 6.74    AVEL = 6.30 downto z =  31.86
 z = 31.86 ... 43.95    v = 7.08    AVEL = 6.51 downto z =  43.95



 Adjusted station corrections:
   stn  ptcor  dpcor  
  624   0.000  0.000  628  -0.229 -0.004  630  -0.158 -0.012  627   0.127 -0.008
  621   0.049  0.005  629   0.169 -0.000  622   0.061  0.001  620  -0.020  0.002
  623   0.257  0.001  626   0.153 -0.001  625   0.161  0.007  631   0.190  0.001
  632  -0.274  0.004

 ~~~ another iteration? ...
 NITT = ITTMAX  --> stop iterations.
 ~~~ final solution reached ...

 ~~~ damp G & Chol.-Decomp.: NOT made (switch iresolcalc is NOT set !)

 Final rms values:  0.19 0.18 0.35 0.22 0.07 0.10 0.11 0.17 0.09 0.92
                    1.20 0.11 0.14 0.06 0.19 0.19 0.08 0.09 0.09 0.09
                    0.23 0.16 0.27 0.33 0.05 0.03 0.08 0.14 0.18 0.31
                    0.12 0.10 0.11 0.07 0.21 0.15 0.12 0.20 0.11 0.17
                    0.13 0.07 0.23 0.07 0.21 0.07 0.14 0.04 0.12 0.11
                    0.27 0.22 0.11 0.18 0.10 0.20 0.28 0.23 0.44 0.35
                    0.38 0.27 0.08 0.42 0.06 0.28 0.12 0.25 0.00 0.13
                    0.56 0.00 0.20 0.23 0.91 0.00 0.09 0.17 0.36 0.29
                    0.33 0.24 0.05 0.05 0.18 0.06 0.07 0.22 0.31 0.27
                    0.24



 ~~~ output final hypocenters ...

      date    origin   latitude longitude  depth  mag  no  rms      x      y      z
   1 160818 1613  9.06 73.0057N 124.8545E  22.94 1.40   6 0.188   38.46 112.22  22.94
   2 160818 1613  9.21 72.9963N 124.8670E  22.40 1.10   6 0.181   38.05 111.17  22.40
   3 160819 0959 26.95 71.9424N 129.8211E  13.90 4.00  12 0.354 -132.04  -6.42  13.90
   4 160820 1506 15.22 71.9578N 129.8166E   7.19 1.50   9 0.225 -131.83  -4.71   7.19
   5 160820 1904 45.62 72.3395N 127.1789E  23.30 1.20   6 0.073  -40.31  37.88  23.30
   6 160822 1318 49.33 72.3609N 127.0533E  18.26 0.60   8 0.104  -35.99  40.27  18.26
   7 160823 0652 13.51 70.9244N 129.7494E   5.50 2.90   6 0.110 -133.09-120.02   5.50
   8 160824 1510 30.23 71.6186N 130.0634E   9.88 1.50   9 0.166 -141.63 -42.55   9.88
   9 160906 1514 39.47 72.5013N 125.6901E  12.18 0.90   6 0.091   10.55  55.94  12.18
  10 160920 1607 17.56 69.2406N 128.4915E  16.25 2.60   2 0.919  -92.30-307.91  16.25
  11 160925 1911  4.50 69.2241N 127.8590E  15.67 2.30   2 1.204  -68.90-309.75  15.67
  12 161004 0841 50.98 72.8520N 124.9648E  18.25 0.20   6 0.107   34.90  95.07  18.25
  13 161005 1619 46.71 72.8810N 124.9940E  20.03 1.00   9 0.141   33.89  98.30  20.03
  14 161006 0156 55.65 72.8687N 125.0024E  16.20 1.00   7 0.056   33.62  96.93  16.20
  15 161009 0036 44.42 72.8834N 124.9972E  18.06 1.30   8 0.190   33.78  98.57  18.06
  16 161009 0036 44.45 72.8802N 124.9927E  18.76 1.20   7 0.187   33.93  98.22  18.76
  17 161012 0800 21.80 72.7445N 126.0320E  19.00 0.80   7 0.075   -1.08  83.08  19.00
  18 161015 1013 36.27 72.0403N 126.9655E  11.76 0.70   7 0.094  -33.28   4.49  11.76
  19 161021 0507 33.17 72.5703N 124.7974E  10.60 0.80   6 0.090   40.86  63.64  10.60
  20 161124 2250 45.80 72.7630N 124.8973E  15.94 3.10   4 0.087   37.27  85.14  15.94
  21 161125 0156 34.09 72.7366N 124.9379E  11.04 0.60   7 0.229   35.92  82.20  11.04
  22 161125 0517 25.80 72.7641N 124.9718E  11.74 1.60   6 0.158   34.75  85.27  11.74
  23 161125 0525 15.82 72.7668N 124.9854E   9.47 0.80   6 0.270   34.29  85.56   9.47
  24 161125 0556  1.49 72.7547N 124.9913E   5.10 0.20   6 0.332   34.10  84.21   5.10
  25 170117 0846 48.65 72.2024N 127.3212E  23.36 0.30   6 0.054  -45.34  22.59  23.36
  26 170122 1614 27.46 71.9603N 128.0013E  10.76 0.90   6 0.034  -69.12  -4.43  10.76
  27 170125 2244  0.11 72.4326N 126.0064E  13.06 0.80   6 0.084   -0.22  48.27  13.06
  28 170302 1359 59.00 72.6810N 124.9016E   8.80 0.50   7 0.135   37.21  75.99   8.80
  29 170302 2335 20.14 71.9036N 130.2728E  14.31 2.10   9 0.176 -147.81 -10.76  14.31
  30 170304 2135  2.99 72.6738N 124.9252E  11.57 1.30   7 0.310   36.41  75.18  11.57
  31 170307 0447 20.92 72.6879N 124.9551E  13.05 1.70  10 0.125   35.39  76.76  13.05
  32 170307 2016 50.71 72.6849N 124.9249E  14.79 1.10   6 0.101   36.41  76.42  14.79
  33 170309 1454  0.83 72.6771N 124.9083E  14.85 0.30   6 0.109   36.98  75.56  14.85
  34 170311 0430 55.48 72.3103N 126.4726E  24.22 0.30   6 0.068  -16.17  34.62  24.22
  35 170312 0416 39.43 71.9369N 127.9841E   4.49 2.10   6 0.211  -68.57  -7.04   4.49
  36 170313 0553 59.12 72.6904N 124.9335E  14.16 1.00   9 0.146   36.12  77.04  14.16
  37 170313 0809  5.54 72.4457N 125.0960E  13.11 1.20   7 0.123   30.82  49.73  13.11
  38 170315 0234 46.45 72.6546N 123.8805E  17.15 1.40   7 0.203   71.84  73.05  17.15
  39 170317 1007 13.77 72.2282N 125.9787E   4.14 0.50   7 0.109    0.73  25.46   4.14
  40 170320 0711 14.42 72.1231N 127.2153E  15.97 0.90   6 0.170  -41.79  13.74  15.97
  41 170320 0853 56.20 72.7026N 124.9872E   7.05 0.40   6 0.133   34.29  78.40   7.05
  42 170320 1900 34.28 72.4108N 126.1016E  17.60 0.60   7 0.069   -3.47  45.83  17.60
  43 170323 0519 24.80 71.6584N 129.0599E   4.65 1.20   6 0.234 -106.54 -38.11   4.65
  44 170323 1612 49.46 72.4490N 125.1258E   8.94 0.50   6 0.070   29.80  50.10   8.94
  45 170323 1906 41.12 72.4166N 130.2595E  20.05 1.00   6 0.213 -145.32  46.49  20.05
  46 170326 0836 34.04 71.9907N 127.6419E  16.27 1.50   7 0.069  -56.66  -1.04  16.27
  47 170402 0422  1.07 72.7191N 125.6668E  21.17 1.20  10 0.143   11.27  80.24  21.17
  48 170402 0636 37.30 72.7295N 125.6642E  23.59 0.70   6 0.035   11.36  81.40  23.59
  49 170404 2347 35.65 72.7596N 124.4098E  22.23 0.50   6 0.119   53.75  84.76  22.23
  50 170405 0307 36.15 71.6857N 128.8954E  13.44 1.00  10 0.109 -100.74 -35.07  13.44
  51 170405 1410 52.94 71.5287N 128.8344E   2.37 1.70  10 0.268  -99.03 -52.59   2.37
  52 170406 0838 42.94 72.4107N 129.4011E  14.85 0.90  10 0.217 -116.05  45.83  14.85
  53 170406 1728  0.99 72.7271N 125.6704E  21.53 0.90  10 0.114   11.15  81.13  21.53
  54 170407 1729  0.23 74.8881N 128.6340E  15.76 1.80   2 0.178  -83.81 322.27  15.76
  55 170407 1729  1.13 74.7254N 128.7915E   0.66 1.60   5 0.097  -89.25 304.11   0.66
  56 170408 1004 44.81 72.5986N 124.9504E  14.02 1.40  13 0.200   35.63  66.79  14.02
  57 170409 0856 46.57 73.4018N 128.5251E  15.99 2.50   6 0.275  -83.84 156.42  15.99
  58 170409 0902 45.31 73.3684N 128.3701E  15.75 1.10   7 0.225  -78.77 152.69  15.75
  59 170410 1520  8.50 72.0029N 128.3328E   2.03 1.00  10 0.435  -80.48   0.32   2.03
  60 170410 1813  3.51 70.9653N 129.0390E   0.30 2.20  13 0.350 -107.76-115.45   0.30
  61 170412 1507  0.12 71.5092N 129.8011E   3.73 0.70   6 0.382 -132.87 -54.77   3.73
  62 170413 0651 20.04 73.3572N 125.3902E  15.15 1.00  10 0.274   20.27 151.44  15.15
  63 170414 0459 18.79 72.2619N 127.3540E  20.44 0.50   7 0.079  -46.39  29.22  20.44
  64 170414 0540  3.81 73.7217N 130.7943E   8.50 1.80  11 0.422 -157.76 192.11   8.50
  65 170414 1656 23.37 72.1757N 127.3688E  16.14 0.20   6 0.058  -47.00  19.61  16.14
  66 170414 1753 32.84 72.4101N 130.4470E  19.23 0.70   6 0.278 -151.75  45.76  19.23
  67 170416 0523 41.96 71.9488N 127.0500E  16.89 1.60  13 0.123  -36.28  -5.71  16.89
  68 170416 1220 13.72 72.9769N 124.4813E  19.39 1.00  11 0.248   51.02 109.01  19.39
 WARNING: Event-# :          69 has zero observations!
  69 170416 1257 48.30 68.8710N 131.7500E  73.50 2.20   0 0.000 -214.97-349.14  73.50
  70 170416 1821  5.25 72.8761N 124.9859E  19.43 1.30  13 0.128   34.17  97.76  19.43
  71 170418 0606  4.16 72.5049N 125.8120E   0.13 0.20   6 0.559    6.40  56.33   0.13
  72 170418 1005 53.32 69.3343N 122.4173E  96.88 2.20   1 0.002  132.42-297.45  96.88
  73 170418 1500 12.56 72.7411N 124.4415E  25.75 1.30  12 0.197   52.70  82.69  25.75
  74 170420 1302 36.04 72.6385N 129.0297E  24.05 0.90  11 0.225 -102.74  71.25  24.05
  75 170420 2248 46.40 72.0506N 129.1957E   2.55 0.70  11 0.915 -110.11   5.64   2.55
 WARNING: Event-# :          76 has zero observations!
  76 170423 0850 54.60 74.7080N 132.7900E   0.10 1.90   0 0.000 -217.19 302.17   0.10
  77 170423 1455 43.88 72.8490N 124.4955E  16.77 0.60   8 0.090   50.73  94.74  16.77
  78 170423 2313 41.71 72.5865N 124.8480E  22.17 1.30  12 0.170   39.12  65.44  22.17
  79 170424 0609 58.64 71.9584N 127.9818E   2.32 1.10  12 0.360  -68.45  -4.64   2.32
  80 170424 0755 26.72 71.9433N 128.0035E   2.53 1.00  12 0.292  -69.23  -6.32   2.53
  81 170424 0755 26.93 71.9559N 127.9954E   0.39 1.00  12 0.335  -68.93  -4.93   0.39
  82 170425 0652 23.25 71.9582N 127.9901E   1.33 1.20   9 0.239  -68.74  -4.66   1.33
  83 170426 0051 23.21 71.9542N 127.9991E   7.38 0.70   6 0.051  -69.06  -5.11   7.38
  84 170426 1425 21.16 72.0640N 127.2207E  21.32 0.10   6 0.049  -42.05   7.14  21.32
  85 170426 1834 24.27 71.6004N 130.8114E   9.99 1.20   8 0.177 -167.79 -44.58   9.99
  86 170426 1840 44.02 72.2621N 126.3497E  17.89 1.30   8 0.059  -11.98  29.25  17.89
  87 170427 0912 28.75 72.0540N 127.7672E   5.71 0.90   8 0.069  -60.89   6.03   5.71
  88 170427 1041 37.95 71.7500N 128.9190E   4.25 0.70   7 0.221 -101.39 -27.89   4.25
  89 170427 2010 47.67 72.8151N 130.2155E  24.70 1.30   8 0.314 -142.27  90.96  24.70
  90 170427 2010 48.14 72.8094N 130.1451E  25.15 1.30   8 0.267 -139.91  90.32  25.15
  91 170427 2342 33.84 72.7595N 124.9784E  20.25 0.80   6 0.242   34.53  84.75  20.25

 ~~~ output final station residuals ...
 TURBO-option is set; residuals are NOT printed for each event!



   station statistics, remember nsp was set to: 1


 sta phase nobs avres  avwres    std    wsum    delay

 624    P  74  0.1039  0.1039  0.1619  74.0000  0.0000
 628    P  69  0.1095  0.1095  0.2588  69.0000 -0.2292
 630    P  53  0.1004  0.1004  0.2220  53.0000 -0.1584
 627    P  46  0.0950  0.0950  0.2033  46.0000  0.1268
 621    P  59  0.1228  0.1228  0.1838  59.0000  0.0490
 629    P  43  0.0999  0.0999  0.2544  43.0000  0.1686
 622    P  58  0.0926  0.0926  0.1592  58.0000  0.0615
 620    P  48  0.0717  0.0717  0.2694  48.0000 -0.0199
 623    P  55  0.0969  0.0969  0.2984  55.0000  0.2572
 626    P  52  0.1374  0.1374  0.3630  52.0000  0.1533
 625    P  49  0.1027  0.1027  0.2352  49.0000  0.1608
 631    P  49  0.1363  0.1363  0.2250  49.0000  0.1900
 632    P  24  0.0959  0.0959  0.2987  24.0000 -0.2740


 ~~~ output statistics ...




 RAY-STATISTICS FOR  L A S T  ITERATION
 --------------------------------------

 NHYP : nr of hypocenters in this layer
 NREF : nr of headwaves in this layer
 %len : % of "refracted km" in this layer 
        with respect to all refracted kilometers
 NHIT : nr of rays passed thru this layer
 xy-km: average horizontal ray length [km] in layer
 z-km : average  vertical  ray length [km] in layer
 RFLX : number of reflections at bottom of this layer

 nlay   top ..... bottom     velocity   NHYP NREF %len  NHIT xy-km  z-km  RFLX

   1    -5.00...  0.30 km    5.42 km/s    2    0   0.0   685   0.5   0.3     0
   2     0.30...  4.25 km    5.82 km/s   11    6   1.0   747  10.9   3.6     0
   3     4.25... 11.66 km    5.91 km/s   19   28   7.0   741  16.4   6.3     0
   4    11.66... 13.33 km    6.28 km/s    6   20   4.4   639   7.8   1.6     0
   5    13.33... 21.02 km    6.32 km/s   36   46  12.1   644  21.3   5.4     0
   6    21.02... 22.14 km    6.55 km/s    3    0   0.0   437   4.0   1.1     0
   7    22.14... 30.35 km    6.73 km/s   12  119  45.8   309  44.7   3.1     0
   8    30.35... 31.86 km    6.74 km/s    0    0   0.0   105   4.7   1.5     0
   9    31.86... 43.95 km    7.08 km/s    0   52  29.7    53 103.3   0.2     0
  10    43.95...       km    7.24 km/s    2    0   0.0     0   0.0   0.0

 Total nr of events was   91

 Total nr of refracted rays =   271
 Total nr of reflected rays =     0
 Total nr of   other   rays =   408
                              ------
 Total nr of    all    rays =   679

 Average (absolute) error of the raytracers:
  Straight and direct rays :    8.96 meters
  Refracted           rays :    0.01 meters
  Reflected           rays :    0.00 meters


 ALL RAYS TOGETHER:
 Average horizontal ray length =   89.8 km   (Hypocenter --> Station) 
 Average  vertical  ray length =   16.9 km   (Deepest ray-point --> Station)



 ... and some more STATISTICS 
 ---------------------------- 
  GAP of final epicenters:

  Event# -> GAP  Event# -> GAP  Event# -> GAP  Event# -> GAP  Event# -> GAP
       1 -> 296       2 -> 294       3 -> 273       4 -> 274       5 -> 307
       6 ->  99       7 -> 320       8 -> 305       9 -> 167      10 -> 346
      11 -> 347      12 -> 260      13 -> 264      14 -> 261      15 -> 264
      16 -> 266      17 -> 254      18 -> 240      19 -> 159      20 -> 302
      21 -> 230      22 -> 238      23 -> 239      24 -> 235      25 -> 127
      26 -> 103      27 -> 149      28 -> 211      29 -> 304      30 -> 208
      31 -> 213      32 -> 211      33 -> 209      34 -> 132      35 -> 230
      36 -> 214      37 -> 132      38 -> 311      39 -> 120      40 -> 209
      41 -> 218      42 -> 121      43 -> 204      44 -> 133      45 -> 309
      46 -> 126      47 -> 224      48 -> 226      49 -> 285      50 -> 189
      51 -> 287      52 -> 272      53 -> 225      54 -> 354      55 -> 347
      56 -> 179      57 -> 311      58 -> 317      59 -> 153      60 -> 308
      61 -> 302      62 -> 305      63 -> 146      64 -> 322      65 -> 127
      66 -> 293      67 ->  87      68 -> 297      69 -> 172      70 -> 263
      71 -> 172      72 ->   0      73 -> 273      74 -> 299      75 -> 245
      76 ->  61      77 -> 285      78 -> 169      79 -> 161      80 -> 167
      81 -> 164      82 -> 162      83 -> 225      84 -> 121      85 -> 315
      86 ->  93      87 -> 112      88 -> 266      89 -> 317      90 -> 317
      91 -> 294

 GAPs were between   0 and 354
      (average GAP was 227)



  MAGNITUDES of INPUT-DATA:

 Magnitude (# of events)   ***average number of obs***

 MAG<= 1.0 ( 47) *******
 MAG = 1.1 (  4) ********
 MAG = 1.2 (  7) ********
 MAG = 1.3 (  8) *********1
 MAG = 1.4 (  3) *********
 MAG = 1.5 (  3) ********
 MAG = 1.6 (  3) ********
 MAG = 1.7 (  2) *********1
 MAG = 1.8 (  2) *******
 MAG = 1.9 (  1)  
 MAG = 2.0 (  0)  
 MAG = 2.1 (  2) ********
 MAG = 2.2 (  3) *****
 MAG = 2.3 (  1) **
 MAG = 2.4 (  0)  
 MAG = 2.5 (  1) ******
 MAG = 2.6 (  1) **
 MAG = 2.7 (  0)  
 MAG = 2.8 (  0)  
 MAG = 2.9 (  1) ******
 MAG = 3.0 (  0)  
 MAG = 3.1 (  1) ****
 MAG = 3.2 (  0)  
 MAG = 3.3 (  0)  
 MAG = 3.4 (  0)  
 MAG = 3.5 (  0)  
 MAG = 3.6 (  0)  
 MAG = 3.7 (  0)  
 MAG = 3.8 (  0)  
 MAG = 3.9 (  0)  
 MAG = 4.0 (  1) *********1**
 MAG = 4.1 (  0)  
 MAG = 4.2 (  0)  
 MAG = 4.3 (  0)  
 MAG = 4.4 (  0)  
 MAG = 4.5 (  0)  
 MAG = 4.6 (  0)  
 MAG = 4.7 (  0)  
 MAG = 4.8 (  0)  
 MAG = 4.9 (  0)  
 MAG = 5.0 (  0)  
 MAG = 5.1 (  0)  
 MAG = 5.2 (  0)  
 MAG = 5.3 (  0)  
 MAG = 5.4 (  0)  
 MAG = 5.5 (  0)  
 MAG = 5.6 (  0)  
 MAG = 5.7 (  0)  
 MAG = 5.8 (  0)  
 MAG = 5.9 (  0)  
 MAG>= 6.0 (  0)  





  DEPTHs of INPUT-DATA and of LAST ITERATION:
  ===========================================

       Depth       # of events  

 DEPTH ( input ) =  -4. km :   
 DEPTH (last_IT) =  -4. km :   
 DEPTH ( input ) =  -3. km :   
 DEPTH (last_IT) =  -3. km :   
 DEPTH ( input ) =  -2. km :   
 DEPTH (last_IT) =  -2. km :   
 DEPTH ( input ) =  -1. km :   
 DEPTH (last_IT) =  -1. km :   
 DEPTH ( input ) =   0. km :  ........
 DEPTH (last_IT) =   0. km :  ****
 DEPTH ( input ) =   1. km :  .
 DEPTH (last_IT) =   1. km :  **
 DEPTH ( input ) =   2. km :   
 DEPTH (last_IT) =   2. km :  ***
 DEPTH ( input ) =   3. km :  ...
 DEPTH (last_IT) =   3. km :  **
 DEPTH ( input ) =   4. km :  ..
 DEPTH (last_IT) =   4. km :  ****
 DEPTH ( input ) =   5. km :  ..
 DEPTH (last_IT) =   5. km :  ***
 DEPTH ( input ) =   6. km :  ..
 DEPTH (last_IT) =   6. km :  *
 DEPTH ( input ) =   7. km :  .
 DEPTH (last_IT) =   7. km :  ***
 DEPTH ( input ) =   8. km :  ...
 DEPTH (last_IT) =   8. km :  *
 DEPTH ( input ) =   9. km :  ..
 DEPTH (last_IT) =   9. km :  ***
 DEPTH ( input ) =  10. km :  ..
 DEPTH (last_IT) =  10. km :  **
 DEPTH ( input ) =  11. km :  ...
 DEPTH (last_IT) =  11. km :  ***
 DEPTH ( input ) =  12. km :  ....
 DEPTH (last_IT) =  12. km :  ****
 DEPTH ( input ) =  13. km :  ..
 DEPTH (last_IT) =  13. km :  ****
 DEPTH ( input ) =  14. km :  ...
 DEPTH (last_IT) =  14. km :  ****
 DEPTH ( input ) =  15. km :  ........
 DEPTH (last_IT) =  15. km :  ****
 DEPTH ( input ) =  16. km :  .........1.
 DEPTH (last_IT) =  16. km :  *********1
 DEPTH ( input ) =  17. km :  .....
 DEPTH (last_IT) =  17. km :  ***
 DEPTH ( input ) =  18. km :  ....
 DEPTH (last_IT) =  18. km :  *****
 DEPTH ( input ) =  19. km :  .....
 DEPTH (last_IT) =  19. km :  *****
 DEPTH ( input ) =  20. km :  .....
 DEPTH (last_IT) =  20. km :  ****
 DEPTH ( input ) =  21. km :  ..
 DEPTH (last_IT) =  21. km :  **
 DEPTH ( input ) =  22. km :  ....
 DEPTH (last_IT) =  22. km :  ****
 DEPTH ( input ) =  23. km :  ....
 DEPTH (last_IT) =  23. km :  ***
 DEPTH ( input ) =  24. km :  ..
 DEPTH (last_IT) =  24. km :  ***
 DEPTH ( input ) =  25. km :  .
 DEPTH (last_IT) =  25. km :  **
 DEPTH ( input ) =  26. km :   
 DEPTH (last_IT) =  26. km :  *
 DEPTH ( input ) =  27. km :   
 DEPTH (last_IT) =  27. km :   
 DEPTH ( input ) =  28. km :   
 DEPTH (last_IT) =  28. km :   
 DEPTH ( input ) =  29. km :   
 DEPTH (last_IT) =  29. km :   
 DEPTH ( input ) =  30. km :   
 DEPTH (last_IT) =  30. km :   
 DEPTH ( input ) =  31. km :   
 DEPTH (last_IT) =  31. km :   
 DEPTH ( input ) =  32. km :   
 DEPTH (last_IT) =  32. km :   
 DEPTH ( input ) =  33. km :   
 DEPTH (last_IT) =  33. km :   
 DEPTH ( input ) =  34. km :   
 DEPTH (last_IT) =  34. km :   
 DEPTH ( input ) =  35. km :   
 DEPTH (last_IT) =  35. km :   
 DEPTH ( input ) =  36. km :   
 DEPTH (last_IT) =  36. km :   
 DEPTH ( input ) =  37. km :   
 DEPTH (last_IT) =  37. km :   
 DEPTH ( input ) =  38. km :   
 DEPTH (last_IT) =  38. km :   
 DEPTH ( input ) =  39. km :   
 DEPTH (last_IT) =  39. km :   
 DEPTH ( input ) =  40. km :   
 DEPTH (last_IT) =  40. km :   
 DEPTH ( input ) =  41. km :   
 DEPTH (last_IT) =  41. km :   
 DEPTH ( input ) =  42. km :   
 DEPTH (last_IT) =  42. km :   
 DEPTH ( input ) =  43. km :   
 DEPTH (last_IT) =  43. km :   
 DEPTH ( input ) =  44. km :   
 DEPTH (last_IT) =  44. km :   
 DEPTH ( input ) =  45. km :   
 DEPTH (last_IT) =  45. km :   
 DEPTH ( input ) =  46. km :   
 DEPTH (last_IT) =  46. km :   
 DEPTH ( input ) =  47. km :   
 DEPTH (last_IT) =  47. km :   
 DEPTH ( input ) =  48. km :   
 DEPTH (last_IT) =  48. km :   
 DEPTH ( input ) =  49. km :   
 DEPTH (last_IT) =  49. km :   
 DEPTH ( input ) =  50. km :   
 DEPTH (last_IT) =  50. km :   
 DEPTH ( input ) =  51. km :   
 DEPTH (last_IT) =  51. km :   
 DEPTH ( input ) =  52. km :   
 DEPTH (last_IT) =  52. km :   
 DEPTH ( input ) =  53. km :   
 DEPTH (last_IT) =  53. km :   
 DEPTH ( input ) =  54. km :   
 DEPTH (last_IT) =  54. km :   
 DEPTH ( input ) =  55. km :   
 DEPTH (last_IT) =  55. km :   
 DEPTH ( input ) =  56. km :   
 DEPTH (last_IT) =  56. km :   
 DEPTH ( input ) =  57. km :   
 DEPTH (last_IT) =  57. km :   
 DEPTH ( input ) =  58. km :   
 DEPTH (last_IT) =  58. km :   
 DEPTH ( input ) =  59. km :   
 DEPTH (last_IT) =  59. km :   
 DEPTH ( input ) =  60. km :   
 DEPTH (last_IT) =  60. km :   
 DEPTH ( input ) =  61. km :   
 DEPTH (last_IT) =  61. km :   
 DEPTH ( input ) =  62. km :   
 DEPTH (last_IT) =  62. km :   
 DEPTH ( input ) =  63. km :   
 DEPTH (last_IT) =  63. km :   
 DEPTH ( input ) =  64. km :   
 DEPTH (last_IT) =  64. km :   
 DEPTH ( input ) =  65. km :   
 DEPTH (last_IT) =  65. km :   
 DEPTH ( input ) =  66. km :   
 DEPTH (last_IT) =  66. km :   
 DEPTH ( input ) =  67. km :   
 DEPTH (last_IT) =  67. km :   
 DEPTH ( input ) =  68. km :   
 DEPTH (last_IT) =  68. km :   
 DEPTH ( input ) =  69. km :   
 DEPTH (last_IT) =  69. km :   
 DEPTH ( input ) =  70. km :   
 DEPTH (last_IT) =  70. km :   
 DEPTH ( input ) =  71. km :   
 DEPTH (last_IT) =  71. km :   
 DEPTH ( input ) =  72. km :   
 DEPTH (last_IT) =  72. km :   
 DEPTH ( input ) =  73. km :   
 DEPTH (last_IT) =  73. km :   
 DEPTH ( input ) =  74. km :  .
 DEPTH (last_IT) =  74. km :  *
 DEPTH ( input ) =  75. km :   
 DEPTH (last_IT) =  75. km :   
 DEPTH ( input ) =  76. km :   
 DEPTH (last_IT) =  76. km :   
 DEPTH ( input ) =  77. km :   
 DEPTH (last_IT) =  77. km :   
 DEPTH ( input ) =  78. km :   
 DEPTH (last_IT) =  78. km :   
 DEPTH ( input ) =  79. km :   
 DEPTH (last_IT) =  79. km :   
 DEPTH ( input ) =  80. km :   
 DEPTH (last_IT) =  80. km :   
 DEPTH ( input ) =  81. km :   
 DEPTH (last_IT) =  81. km :   
 DEPTH ( input ) =  82. km :   
 DEPTH (last_IT) =  82. km :   
 DEPTH ( input ) =  83. km :   
 DEPTH (last_IT) =  83. km :   
 DEPTH ( input ) =  84. km :   
 DEPTH (last_IT) =  84. km :   
 DEPTH ( input ) =  85. km :   
 DEPTH (last_IT) =  85. km :   
 DEPTH ( input ) =  86. km :   
 DEPTH (last_IT) =  86. km :   
 DEPTH ( input ) =  87. km :   
 DEPTH (last_IT) =  87. km :   
 DEPTH ( input ) =  88. km :   
 DEPTH (last_IT) =  88. km :   
 DEPTH ( input ) =  89. km :   
 DEPTH (last_IT) =  89. km :   
 DEPTH ( input ) =  90. km :   
 DEPTH (last_IT) =  90. km :   
 DEPTH ( input ) =  91. km :   
 DEPTH (last_IT) =  91. km :   
 DEPTH ( input ) =  92. km :   
 DEPTH (last_IT) =  92. km :   
 DEPTH ( input ) =  93. km :   
 DEPTH (last_IT) =  93. km :   
 DEPTH ( input ) =  94. km :   
 DEPTH (last_IT) =  94. km :   
 DEPTH ( input ) =  95. km :   
 DEPTH (last_IT) =  95. km :   
 DEPTH ( input ) =  96. km :   
 DEPTH (last_IT) =  96. km :   
 DEPTH ( input ) =  97. km :  .
 DEPTH (last_IT) =  97. km :  *
 DEPTH ( input ) =  98. km :   
 DEPTH (last_IT) =  98. km :   
 DEPTH ( input ) =  99. km :   
 DEPTH (last_IT) =  99. km :   
 DEPTH ( input ) = 100. km :   
 DEPTH (last_IT) = 100. km :   
 DEPTH ( input ) > 100. km :   
 DEPTH (last_IT) > 100. km :   


 Residuals of the stations according to the azimuth:
 (RES  = total average residual at station)
 (RES1 = average residual of rays from 1st quadrant)
 (RES2 = average residual of rays from 2nd quadrant)
 (RES3 = average residual of rays from 3rd quadrant)
 (RES4 = average residual of rays from 4th quadrant)

 Stn#  Stn     RES          RES1         RES2         RES3         RES4
   1   624     0.10(  74)   0.13(  33)   0.10(   5)   0.10(  29)   0.01(   7)
   2   628     0.11(  69)   0.02(  32)   0.03(   5)   0.12(  23)   0.43(   9)
   3   630     0.10(  53)   0.11(  25)   0.04(  11)   0.06(  10)   0.20(   7)
   4   627     0.10(  46)   0.13(  12)  -0.02(   1)   0.03(  21)   0.18(  12)
   5   621     0.12(  59)   0.19(   7)   0.00(   0)   0.22(  18)   0.06(  34)
   6   629     0.10(  43)   0.21(  16)   0.00(   0)  -0.00(   7)   0.05(  20)
   7   622     0.09(  58)   0.05(  27)   0.00(   0)   0.15(  20)   0.09(  11)
   8   620     0.07(  48)   0.11(   1)   0.00(   0)   0.18(  18)   0.00(  29)
   9   623     0.10(  55)   0.03(  30)   0.00(   0)   0.31(  17)  -0.09(   8)
  10   626     0.14(  52)   0.11(  24)   0.00(   0)   0.10(   5)   0.18(  23)
  11   625     0.10(  49)   0.13(  15)   0.00(   0)   0.06(  23)   0.14(  11)
  12   631     0.14(  49)   0.09(  18)   0.05(   1)   0.53(   4)   0.11(  26)
  13   632     0.10(  24)   0.19(  13)  -0.66(   2)   0.28(   3)   0.04(   6)



 CPU - statistics:

 TOTAL CPU-sec          =    0.3     (CPU-minutes:  0.005)

 >>>   End of program VELEST at 25-06-02 12:53       <<< [ CPU-sec :     0.3]
