 >>> Start of program VELEST at 25-06-02 12:56       <<<                        

 ::::::::::::::::::::::::::::::::::::::                                         
  V E L E S T  - Version : January 3, 1995                                      
  (Authors: see source code)                                                    
 ::::::::::::::::::::::::::::::::::::::                                         


 Title of this VELEST run:

 model_2
 -------


 Current array-dimensions of program VELEST:

 Max. number of EARTHQUAKES for simult. inversion IEQ = ***
 Max. number of SHOTS for simult. inversion    INSHOT =  50
 Max. number of (different) 1D-MODELS      ITOTMODELS =   2
 Max. number of LAYERS per one 1D-model        INLTOT = 100
 Max. number of STATIONS in stationlist           IST = 650
 Max. number of OBSERVATIONS per event MAXOBSPEREVENT = 180






    INPUT - P A R A M E T E R S :



***
***  olat       olon   icoordsystem      zshift   itrial ztrial    ised
  72.000000-126.000000      0            0.000       0     0.00      0
***
*** neqs   nshot    rotate
     91      0      0.0
***
*** isingle   iresolcalc
       0          0
***
*** dmax    itopo    zmin     veladj    zadj   lowveloclay
   300.00     0      0.01       0.20    5.00       0
***
*** nsp    swtfac   vpvs       nmod
     1      1.00    1.730        1
***
***   othet   xythet    zthet    vthet   stathet
       0.01     0.01     0.01     1.00     0.01
***
*** nsinv   nshcor   nshfix     iuseelev    iusestacorr
       1       0       0           1            1
***
*** iturbo    icnvout   istaout   ismpout
       1         1         1         0
***
*** irayout   idrvout   ialeout   idspout   irflout   irfrout   iresout
       0         0         0         0         0         0         0
***
*** delmin   ittmax   invertratio
    0.010       3          1
***
*** Modelfile:
tmp/model_2/synthvel/model_880.mod
***
*** Stationfile:
./velinp/station.sta
***
*** Seismofile:
 
***
*** File with region names:
 
***
*** File with region coordinates:
 
***
*** File #1 with topo data:
 
***
*** File #2 with topo data:
 
***
*** DATA INPUT files:
***
*** File with Earthquake data:
./velinp/data.cnv
***
*** File with Shot data:
 
***
*** OUTPUT files:
***
*** Main print output file:
./velout/model_2/velest880.out
***
*** File with single event locations:
velout.vel
***
*** File with final hypocenters in *.cnv format:
./velout/model_2/final_loc880.cnv
***
*** File with new station corrections:
./velout/model_2/stations_corr880.sta
***
*** File with summary cards (e.g. for plotting):
velout.smp
***
*** File with raypoints:
velout.ray
***
*** File with derivatives:
velout.drv
***
*** File with ALEs:
velout.ale
***
*** File with Dirichlet spreads:
velout.dspr
***
*** File with reflection points:
velout.rfl
***
*** File with refraction points:
velout.rfr
***
*** File with residuals:
velout.res
***




 Origin of cartesian coordinates:
        72.00000N   126.00000E

  X,Y-AXES rotated clockwise from North
           Rotation angle (rotate):
            rotate=    0.0 degr.

 icoordsystem =            0
 normal SHORT DISTANCE CONVERSION will be made
 x is positive towards west, y is positive towards north


 SHORT DISTANCE CONVERSION on ELLIPSOIDE of WORLD GEODETIC SYSTEM 1972 (WGS72)
 =============================================================================

 Radius at equator (REARTH)= 6378.13500  km
   1. / (ellipticity)      =    298.260

 Origin of cartesian coordinates [degrees]:
   72.0000000 N     -126.0000000 W

  Rotation angle (in degr.) clockwise from
North  rotate=    0.0

 Radius of sphere at OLAT =   6358.817 km

 Conversion of GEOGRAPHICAL LATITUDE to GEOCENTRICAL LATITUDE:
 RLATC = TAN(GEOCENTR.LAT) / TAN(GEOGRAPH.LAT)
 RLATC =   0.99333486

          Short distance conversions:
          one min lat ~  1.8597 km 
          one min lon ~  0.5751 km 







    INPUT - M O D E L :



 Model(s) read from file :
 tmp/model_2/synthvel/model_880.mod                                              

 model file title: 
Model: model_880.mod                    
 Velocity structure for model   1 :

 layer    vel   depth   vdamp  reflector
   1      5.17  -5.00    1.00         P-VELOCITY MODEL                  
   2      5.18  -2.19    1.00  
 WARNING:
 Only top of the first layer can be negative !!
   3      5.76   6.34    1.00  
   4      6.05   6.89    1.00  
   5      6.42  14.64    1.00  
   6      6.71  15.89    1.00  
   7      6.83  27.44    1.00  
   8      7.45  31.65    1.00  
   9      7.94  33.07    1.00  
  10      7.98  35.14    1.00  

 Calculation of average velocity starts at layer #            1
 z = -5.00 ... -2.19    v = 5.17    AVEL = 5.17 downto z =  -2.19
 z = -2.19 ...  6.34    v = 5.18    AVEL = 5.18 downto z =   6.34
 z =  6.34 ...  6.89    v = 5.76    AVEL = 5.20 downto z =   6.89
 z =  6.89 ... 14.64    v = 6.05    AVEL = 5.54 downto z =  14.64
 z = 14.64 ... 15.89    v = 6.42    AVEL = 5.59 downto z =  15.89
 z = 15.89 ... 27.44    v = 6.71    AVEL = 5.99 downto z =  27.44
 z = 27.44 ... 31.65    v = 6.83    AVEL = 6.09 downto z =  31.65
 z = 31.65 ... 33.07    v = 7.45    AVEL = 6.14 downto z =  33.07
 z = 33.07 ... 35.14    v = 7.94    AVEL = 6.23 downto z =  35.14


 Calculation of average velocity starts at layer #            2
 z = -2.19 ...  6.34    v = 5.18    AVEL = 5.18 downto z =   6.34
 z =  6.34 ...  6.89    v = 5.76    AVEL = 5.22 downto z =   6.89
 z =  6.89 ... 14.64    v = 6.05    AVEL = 5.60 downto z =  14.64
 z = 14.64 ... 15.89    v = 6.42    AVEL = 5.66 downto z =  15.89
 z = 15.89 ... 27.44    v = 6.71    AVEL = 6.07 downto z =  27.44
 z = 27.44 ... 31.65    v = 6.83    AVEL = 6.16 downto z =  31.65
 z = 31.65 ... 33.07    v = 7.45    AVEL = 6.21 downto z =  33.07
 z = 33.07 ... 35.14    v = 7.94    AVEL = 6.31 downto z =  35.14






    INPUT - S T A T I O N S :



 Station-parameters read from file :
 ./velinp/station.sta                                                            


     stn latitude longitude elev   x      y      z     ptcor stcor model icc
   1 624 72.4760N126.2750E     0  -9.37  53.11  -0.00   0.00  0.00   1  13
   2 628 72.4000N127.1470E     0 -39.15  44.63  -0.00   0.00  0.00   1  12
   3 630 72.0750N128.3250E     0 -80.06   8.37  -0.00   0.00  0.00   1  11
   4 627 72.1170N126.9820E     0 -33.78  13.06  -0.00   0.00  0.00   1  10
   5 621 72.1840N124.8890E     0  38.14  20.53  -0.00   0.00  0.00   1   9
   6 629 71.9290N127.3130E     0 -45.39  -7.92  -0.00   0.00  0.00   1   8
   7 622 72.4420N125.3130E     0  23.42  49.32  -0.00   0.00  0.00   1   7
   8 620 72.6540N124.3470E     0  56.03  72.98  -0.00   0.00  0.00   1   6
   9 623 72.3260N125.7600E     0   8.21  36.38  -0.00   0.00  0.00   1   5
  10 626 71.8880N126.0360E     0  -1.25 -12.50  -0.00   0.00  0.00   1   4
  11 625 72.1740N126.1070E     0  -3.67  19.42  -0.00   0.00  0.00   1   3
  12 631 71.3990N127.2470E     0 -43.72 -67.06  -0.00   0.00  0.00   1   2
  13 632 71.5740N129.0728E     0-107.23 -47.53  -0.00   0.00  0.00   1   1

 NO Seismo-parameter-file specified
 --> NO magnitudes calculated!




   neqs=   91  nshot=    0  nltot=   10

 ~~~ input parameters read.
 ~~~ set units for first iteration ...
 ~~~ determine number of unknowns ...

 Number of unknowns (for array-indexing):  nvar =  386
 Number of effective unknowns        :  nvareff =  374
 Number of elements on/below main diagonal of matrix G = At*A : kvar =   74691

 ~~~ reset G and RHT ...
 ~~~ input data, raytracing, setup G ...






    I N P U T - D A T A  

  eq    origin-time    latitude longitude depth    x      y      z    mag ifxOBS
   1 160818 1613  9.10 73.0030N 124.8500E  23.10  38.61 111.92  23.10 1.40 0   6
   2 160818 1613  9.30 72.9910N 124.8700E  22.80  37.95 110.58  22.80 1.10 0   6
   3 160819 0959 27.30 71.9230N 129.7600E  12.10-130.00  -8.59  12.10 4.00 0  12
   4 160820 1506 15.70 71.9380N 129.7900E  11.00-130.98  -6.92  11.00 1.50 0   9
   5 160820 1904 45.70 72.3480N 127.1800E  23.80 -40.33  38.83  23.80 1.20 0   6
   6 160822 1318 49.50 72.3650N 127.0800E  16.50 -36.90  40.73  16.50 0.60 0   8
   7 160823 0652 14.00 70.9330N 129.8100E   6.40-135.21-119.06   6.40 2.90 0   6
   8 160824 1510 30.40 71.6070N 130.0400E   8.60-140.86 -43.85   8.60 1.50 0   9
   9 160906 1514 39.70 72.5080N 125.6800E  12.10  10.89  56.68  12.10 0.90 0   6
 WARNING:
 epicentral distance: 303.3 > dmax ( 300.0) ==> skipping phase !
 WARNING:
 epicentral distance: 338.2 > dmax ( 300.0) ==> skipping phase !
  10 160920 1607 18.30 69.2370N 128.3500E  16.20 -87.07-308.31  16.20 2.60 0   2
 WARNING:
 epicentral distance: 318.5 > dmax ( 300.0) ==> skipping phase !
 WARNING:
 epicentral distance: 355.0 > dmax ( 300.0) ==> skipping phase !
  11 160925 1911  5.60 69.2250N 127.6800E  15.60 -62.26-309.64  15.60 2.30 0   2
  12 161004 0841 51.20 72.8480N 124.9600E  15.60  35.07  94.62  15.60 0.20 0   6
  13 161005 1619 46.90 72.8770N 125.0100E  19.00  33.35  97.86  19.00 1.00 0   9
  14 161006 0156 55.90 72.8740N 125.0100E  13.90  33.36  97.52  13.90 1.00 0   7
  15 161009 0036 44.70 72.8720N 124.9900E  17.20  34.03  97.30  17.20 1.30 0   8
  16 161009 0036 44.90 72.8580N 124.9600E  18.60  35.06  95.74  18.60 1.20 0   7
  17 161012 0800 22.10 72.7380N 126.0300E  18.50  -1.01  82.35  18.50 0.80 0   7
  18 161015 1013 36.50 72.0400N 126.9900E  11.20 -34.12   4.46  11.20 0.70 0   7
  19 161021 0507 33.30 72.5750N 124.7800E  10.10  41.44  64.16  10.10 0.80 0   6
  20 161124 2250 46.00 72.7630N 124.8800E  16.20  37.85  85.14  16.20 3.10 0   4
  21 161125 0156 34.10 72.7420N 124.9200E  14.50  36.52  82.80  14.50 0.60 0   7
  22 161125 0517 25.90 72.7650N 124.9400E  13.50  35.82  85.36  13.50 1.60 0   6
  23 161125 0525 15.90 72.7740N 124.9500E  11.60  35.48  86.37  11.60 0.80 0   6
  24 161125 0556  2.00 72.7350N 124.9700E   5.70  34.84  82.01   5.70 0.20 0   6
  25 170117 0846 48.60 72.2130N 127.3400E  22.00 -45.97  23.77  22.00 0.30 0   6
  26 170122 1614 27.60 71.9670N 128.0400E  10.30 -70.45  -3.68  10.30 0.90 0   6
  27 170125 2244  0.20 72.4440N 126.0200E  13.10  -0.68  49.54  13.10 0.80 0   6
  28 170302 1359 59.10 72.6830N 124.8900E  11.50  37.60  76.21  11.50 0.50 0   7
  29 170302 2335 20.20 71.8850N 130.3000E  14.80-148.82 -12.83  14.80 2.10 0   9
  30 170304 2135  2.90 72.6880N 124.9400E  13.40  35.90  76.77  13.40 1.30 0   7
  31 170307 0447 21.00 72.6940N 124.9200E  14.20  36.57  77.44  14.20 1.70 0  10
  32 170307 2016 50.80 72.6910N 124.9100E  15.30  36.91  77.10  15.30 1.10 0   6
  33 170309 1454  0.80 72.6830N 124.9000E  15.60  37.26  76.21  15.60 0.30 0   6
  34 170311 0430 55.40 72.3130N 126.5000E  24.50 -17.11  34.93  24.50 0.30 0   6
  35 170312 0416 39.20 71.9240N 128.0800E   3.40 -71.91  -8.48   3.40 2.10 0   6
  36 170313 0553 59.10 72.6980N 124.9200E  15.10  36.57  77.89  15.10 1.00 0   9
  37 170313 0809  5.60 72.4500N 125.0800E  14.90  31.36  50.21  14.90 1.20 0   7
  38 170315 0234 46.50 72.6540N 123.8400E  16.90  73.22  72.98  16.90 1.40 0   7
  39 170317 1007 14.10 72.2350N 125.9800E   3.90   0.69  26.22   3.90 0.50 0   7
  40 170320 0711 14.60 72.1250N 127.2200E  16.80 -41.95  13.95  16.80 0.90 0   6
  41 170320 0853 56.40 72.7090N 124.9700E   5.10  34.86  79.11   5.10 0.40 0   6
  42 170320 1900 34.30 72.4150N 126.1200E  18.00  -4.09  46.31  18.00 0.60 0   7
  43 170323 0519 24.60 71.6470N 129.1800E   5.20-110.76 -39.39   5.20 1.20 0   6
  44 170323 1612 49.70 72.4530N 125.1100E   8.30  30.33  50.55   8.30 0.50 0   6
  45 170323 1906 41.20 72.4070N 130.2500E  18.30-145.04  45.41  18.30 1.00 0   6
  46 170326 0836 34.10 71.9930N 127.6700E  16.10 -57.63  -0.78  16.10 1.50 0   7
  47 170402 0422  1.00 72.7220N 125.6900E  21.90  10.49  80.56  21.90 1.20 0  10
  48 170402 0636 37.20 72.7310N 125.6900E  23.50  10.49  81.57  23.50 0.70 0   6
  49 170404 2347 35.70 72.7580N 124.3800E  22.60  54.76  84.58  22.60 0.50 0   6
  50 170405 0307 36.10 71.6810N 128.9500E  15.30-102.66 -35.60  15.30 1.00 0  10
  51 170405 1410 53.20 71.5100N 128.9000E   9.30-101.37 -54.68   9.30 1.70 0  10
  52 170406 0838 43.20 72.3850N 129.3800E  15.50-115.42  42.96  15.50 0.90 0  10
  53 170406 1728  1.00 72.7230N 125.6900E  21.30  10.49  80.67  21.30 0.90 0  10
 WARNING:
 epicentral distance: 325.9 > dmax ( 300.0) ==> skipping phase !
 WARNING:
 epicentral distance: 332.9 > dmax ( 300.0) ==> skipping phase !
 WARNING:
 epicentral distance: 345.3 > dmax ( 300.0) ==> skipping phase !
 WARNING:
 epicentral distance: 391.9 > dmax ( 300.0) ==> skipping phase !
  54 170407 1729  3.40 74.8930N 128.6300E  15.60 -83.67 322.81  15.60 1.80 0   2
 WARNING:
 epicentral distance: 311.3 > dmax ( 300.0) ==> skipping phase !
 WARNING:
 epicentral distance: 315.4 > dmax ( 300.0) ==> skipping phase !
 WARNING:
 epicentral distance: 328.9 > dmax ( 300.0) ==> skipping phase !
 WARNING:
 epicentral distance: 374.2 > dmax ( 300.0) ==> skipping phase !
  55 170407 1729  3.50 74.7270N 128.8100E   0.40 -89.83 304.29   0.40 1.60 0   5
  56 170408 1004 44.90 72.6070N 124.9400E  15.00  35.98  67.73  15.00 1.40 0  13
  57 170409 0856 47.20 73.3850N 128.5500E  15.60 -84.71 154.54  15.60 2.50 0   6
  58 170409 0902 45.60 73.3500N 128.4400E  15.10 -81.13 150.64  15.10 1.10 0   7
  59 170410 1520  8.50 72.0030N 128.3900E   2.70 -82.46   0.33   2.70 1.00 0  10
  60 170410 1813  3.60 70.9360N 129.1200E   3.70-110.72-118.73   3.70 2.20 0  13
  61 170412 1507  0.60 71.5070N 129.7200E   0.00-130.05 -55.01   0.00 0.70 0   6
  62 170413 0651 20.10 73.3680N 125.4200E  15.60  19.28 152.65  15.60 1.00 0  10
  63 170414 0459 18.80 72.2680N 127.3800E  20.10 -47.27  29.90  20.10 0.50 0   7
  64 170414 0540  4.80 73.6400N 130.9700E   8.00-163.92 183.00   8.00 1.80 0  11
  65 170414 1656 23.40 72.1850N 127.4000E  15.50 -48.06  20.64  15.50 0.20 0   6
  66 170414 1753 32.80 72.3840N 130.4600E  17.90-152.30  42.85  17.90 0.70 0   6
  67 170416 0523 41.90 71.9560N 127.0800E  19.20 -37.31  -4.91  19.20 1.60 0  13
  68 170416 1220 14.20 72.9470N 124.4900E  20.40  50.77 105.67  20.40 1.00 0  11
 WARNING:
 epicentral distance: 320.3 > dmax ( 300.0) ==> skipping phase !
 WARNING:
 epicentral distance: 381.0 > dmax ( 300.0) ==> skipping phase !
 WARNING:
 epicentral distance: 398.8 > dmax ( 300.0) ==> skipping phase !
 WARNING:
 epicentral distance: 405.0 > dmax ( 300.0) ==> skipping phase !
 WARNING:
 epicentral distance: 424.8 > dmax ( 300.0) ==> skipping phase !
 WARNING:
 epicentral distance: 431.2 > dmax ( 300.0) ==> skipping phase !
 WARNING:
 epicentral distance: 445.5 > dmax ( 300.0) ==> skipping phase !
 WARNING:
 epicentral distance: 451.8 > dmax ( 300.0) ==> skipping phase !
 WARNING:
 epicentral distance: 464.3 > dmax ( 300.0) ==> skipping phase !
  69 170416 1257 48.30 68.8710N 131.7500E  73.50-214.97-349.14  73.50 2.20 0   0
  70 170416 1821  5.50 72.8670N 125.0000E  19.30  33.70  96.74  19.30 1.30 0  13
  71 170418 0606  4.10 72.5080N 125.8200E   1.30   6.13  56.68   1.30 0.20 0   6
 WARNING:
 epicentral distance: 315.2 > dmax ( 300.0) ==> skipping phase !
 WARNING:
 epicentral distance: 332.1 > dmax ( 300.0) ==> skipping phase !
 WARNING:
 epicentral distance: 345.3 > dmax ( 300.0) ==> skipping phase !
 WARNING:
 epicentral distance: 352.6 > dmax ( 300.0) ==> skipping phase !
 WARNING:
 epicentral distance: 346.7 > dmax ( 300.0) ==> skipping phase !
 WARNING:
 epicentral distance: 356.6 > dmax ( 300.0) ==> skipping phase !
 WARNING:
 epicentral distance: 363.9 > dmax ( 300.0) ==> skipping phase !
 WARNING:
 epicentral distance: 372.8 > dmax ( 300.0) ==> skipping phase !
 WARNING:
 epicentral distance: 378.6 > dmax ( 300.0) ==> skipping phase !
 WARNING:
 epicentral distance: 378.6 > dmax ( 300.0) ==> skipping phase !
  72 170418 1005 56.80 69.3310N 122.4100E  97.00 132.70-297.82  97.00 2.20 0   1
  73 170418 1500 12.90 72.7340N 124.5100E  23.10  50.40  81.90  23.10 1.30 0  12
  74 170420 1302 36.20 72.6290N 129.0200E  21.80-102.44  70.19  21.80 0.90 0  11
  75 170420 2248 46.70 72.0220N 129.1200E   0.00-107.59   2.46   0.00 0.70 0  11
 WARNING:
 epicentral distance: 313.1 > dmax ( 300.0) ==> skipping phase !
 WARNING:
 epicentral distance: 324.4 > dmax ( 300.0) ==> skipping phase !
 WARNING:
 epicentral distance: 324.2 > dmax ( 300.0) ==> skipping phase !
 WARNING:
 epicentral distance: 342.4 > dmax ( 300.0) ==> skipping phase !
 WARNING:
 epicentral distance: 349.0 > dmax ( 300.0) ==> skipping phase !
 WARNING:
 epicentral distance: 380.2 > dmax ( 300.0) ==> skipping phase !
 WARNING:
 epicentral distance: 381.6 > dmax ( 300.0) ==> skipping phase !
 WARNING:
 epicentral distance: 408.0 > dmax ( 300.0) ==> skipping phase !
  76 170423 0850 54.60 74.7080N 132.7900E   0.10-217.19 302.17   0.10 1.90 0   0
  77 170423 1455 44.10 72.8400N 124.4900E  16.80  50.92  93.73  16.80 0.60 0   8
  78 170423 2313 41.80 72.5960N 124.8700E  22.00  38.36  66.50  22.00 1.30 0  12
  79 170424 0609 58.60 71.9600N 128.0200E   0.10 -69.77  -4.46   0.10 1.10 0  12
  80 170424 0755 26.70 71.9480N 128.0300E   0.00 -70.14  -5.80   0.00 1.00 0  12
  81 170424 0755 26.90 71.9590N 128.0300E   0.00 -70.12  -4.57   0.00 1.00 0  12
  82 170425 0652 23.30 71.9600N 128.0300E   0.00 -70.12  -4.46   0.00 1.20 0   9
  83 170426 0051 23.20 71.9450N 128.0600E   6.60 -71.18  -6.14   6.60 0.70 0   6
  84 170426 1425 21.20 72.0790N 127.2600E  21.00 -43.38   8.82  21.00 0.10 0   6
  85 170426 1834 24.60 71.5840N 130.8000E  10.90-167.46 -46.42  10.90 1.20 0   8
  86 170426 1840 44.10 72.2710N 126.3600E  18.10 -12.33  30.24  18.10 1.30 0   8
  87 170427 0912 28.80 72.0640N 127.7900E   2.60 -61.65   7.14   2.60 0.90 0   8
  88 170427 1041 38.10 71.7480N 128.9900E   8.40-103.86 -28.12   8.40 0.70 0   7
  89 170427 2010 47.80 72.8010N 130.2000E  20.20-141.80  89.38  20.20 1.30 0   8
  90 170427 2010 48.30 72.7890N 130.1400E  20.10-139.82  88.04  20.10 1.30 0   8
  91 170427 2342 34.10 72.7630N 125.0100E  19.50  33.46  85.14  19.50 0.80 0   6

 readings for station 624  :  74
 readings for station 628  :  69
 readings for station 630  :  53
 readings for station 627  :  46
 readings for station 621  :  59
 readings for station 629  :  43
 readings for station 622  :  58
 readings for station 620  :  48
 readings for station 623  :  55
 readings for station 626  :  52
 readings for station 625  :  49
 readings for station 631  :  49
 readings for station 632  :  24

 Total number of stations with readings:  13

 Total number of readings:     679
 Total number of P readings:       0
 Total number of S readings:       0


 ~~~ store parts of G ...
 ~~~ compute RMS and DATVAR ...

 Total number of observations is:   679


 $$$$$$$$$$$$$$$$$$$$$$$$$$$$$$$$$$$$$$$$$$$$$$$$$
 Events with  | AVRES | > 1.0 SEC are suspicious !

 Event#  10 >>>  160920 1607  AVRES =  1.87 NOBS =  2
 Event#  11 >>>  160925 1911  AVRES =  1.51 NOBS =  2
 Event#  57 >>>  170409 0856  AVRES =  1.25 NOBS =  6
 Event#  64 >>>  170414 0540  AVRES =  1.50 NOBS = 11
 Event#  71 >>>  170418 0606  AVRES =  3.03 NOBS =  6
 Event#  79 >>>  170424 0609  AVRES =  1.12 NOBS = 12
 Event#  80 >>>  170424 0755  AVRES =  1.16 NOBS = 12
 Event#  81 >>>  170424 0755  AVRES =  1.17 NOBS = 12
 Event#  82 >>>  170425 0652  AVRES =  1.54 NOBS =  9

 ^^^^^^^^^ C H E C K   these events above ^^^^^^^^
 $$$$$$$$$$$$$$$$$$$$$$$$$$$$$$$$$$$$$$$$$$$$$$$$$

 ~~~ save initial datvar ...

 Iteration nr  0 obtained:
 DATVAR=    3.032748 mean sqrd residual=     1.362280  RMS RESIDUAL=     1.167168

 After  0 iterations we got:
 Average absolute & unweighted [and mean] residual of
   318 straight and direct rays =  0.64722 [  0.36585]
   361 refracted           rays =  0.67248 [  0.27080]
     0 reflected           rays =  0.00000 [  0.00000]

   679 ALL                 RAYS =  0.66065 [  0.31531]        0.00 %




--------------------------------------------------------------------------------



           ITERATION no  1

 ~~~ set units for this iteration ...
 ~~~ determine number of unknowns for this iter. ...

 Number of unknowns (for array-indexing):  nvar =  386
 Number of effective unknowns        :  nvareff =  387
 Number of elements on/below main diagonal of matrix G = At*A : kvar =   74691

 Damping factors to be used in this iteration:
   Othet=   0.010   XYthet  =   0.010   Zthet=  0.010
 STAthet=   0.010   Vthet   =   1.000

 ~~~ damp G ...
 ~~~ solve G * b = RHT ...
 ~~~ fix units ...
 ~~~ apply eventually step-length damping ...
 ~~~ adjust model (hypocenters, stacorr & veloc.) ...

 doing velocity adjustments now...
 WARNING: Tried to introduce a low-velocity-layer! (Layer 10)
 Setting DVP from -0.20 to 0.0 and VP to vp(layer_above)+0.001

 doing station-correction adjustments...

 ~~~ compute effective step-length ...

 (Applied) Step length =   8.612

 ~~~ set units for next iteration ...
 ~~~ determine number of unknowns for next iter. ...

 Number of unknowns (for array-indexing):  nvar =  386
 Number of effective unknowns        :  nvareff =  387
 Number of elements on/below main diagonal of matrix G = At*A : kvar =   74691

 ~~~ reset G and RHT ...
 ~~~ raytracing, setup G ...
 ~~~ store parts of G ...
 ~~~ set units back for current iteration ...
 ~~~ determine number of unknowns for this iter. ...

 Number of unknowns (for array-indexing):  nvar =  386
 Number of effective unknowns        :  nvareff =  387
 Number of elements on/below main diagonal of matrix G = At*A : kvar =   74691

 ~~~ compute RMS and DATVAR ...

 $$$$$$$$$$$$$$$$$$$$$$$$$$$$$$$$$$$$$$$$$$$$$$$$$
 Events with  | AVRES | > 1.0 SEC are suspicious !

 Event#  10 >>>  160920 1607  AVRES =  1.60 NOBS =  2
 Event#  11 >>>  160925 1911  AVRES =  1.32 NOBS =  2
 Event#  57 >>>  170409 0856  AVRES =  1.05 NOBS =  6
 Event#  64 >>>  170414 0540  AVRES =  1.28 NOBS = 11

 ^^^^^^^^^ C H E C K   these events above ^^^^^^^^
 $$$$$$$$$$$$$$$$$$$$$$$$$$$$$$$$$$$$$$$$$$$$$$$$$

 ~~~ check solution (better? worse?) ...

 Iteration nr  1 obtained:
 DATVAR=    0.721392 mean sqrd residual=     0.310230  RMS RESIDUAL=     0.556983

 After  1 iterations we got:
 Average absolute & unweighted [and mean] residual of
   329 straight and direct rays =  0.20082 [  0.00190]
   350 refracted           rays =  0.58435 [  0.24471]
     0 reflected           rays =  0.00000 [  0.00000]

   679 ALL                 RAYS =  0.39852 [  0.12706]      -39.68 %

 ~~~ iteration done; output results ...

  eq       ot     x      y      z      rms    avres   dot     dx     dy     dz
    1      9.13  38.54 111.96  23.13   0.17   0.21    0.028 -0.072  0.047  0.028
    2      9.32  37.92 110.66  22.84   0.19   0.20    0.023 -0.026  0.078  0.036
    3     27.33-130.11  -8.36  11.79   0.49   0.28    0.026 -0.108  0.235 -0.307
    4     15.70-131.16  -6.75  10.41   0.60   0.26    0.002 -0.176  0.171 -0.588
    5     45.70 -40.32  38.73  23.85   0.07   0.05    0.001  0.017 -0.101  0.051
    6     49.50 -36.88  40.74  16.86   0.09  -0.09   -0.001  0.021  0.012  0.356
    7     14.05-134.75-119.55   6.54   0.84   0.56    0.053  0.467 -0.494  0.143
    8     30.44-140.88 -44.03   8.41   0.55   0.48    0.043 -0.016 -0.179 -0.185
    9     39.74  10.69  56.49  11.74   0.04  -0.27    0.035 -0.198 -0.194 -0.357
   10     18.22 -87.59-308.27  16.21   1.15   1.60   -0.081 -0.524  0.037  0.007
   11      5.44 -62.92-309.66  15.61   1.40   1.32   -0.162 -0.654 -0.010  0.015
   12     51.26  35.03  94.63  15.62   0.14  -0.00    0.063 -0.033  0.009  0.016
   13     46.92  33.41  97.95  19.32   0.23   0.17    0.016  0.055  0.088  0.323
   14     55.93  33.53  97.51  14.17   0.44   0.00    0.035  0.170 -0.009  0.267
   15     44.71  33.96  97.40  17.51   0.43   0.26    0.015 -0.068  0.098  0.307
   16     44.90  34.90  95.98  18.77   0.53   0.31   -0.004 -0.153  0.242  0.170
   17     22.11  -0.99  82.40  18.61   0.36   0.12    0.008  0.028  0.047  0.110
   18     36.51 -34.15   4.27  11.24   0.14  -0.22    0.007 -0.027 -0.188  0.037
   19     33.34  41.45  64.12  10.10   0.16  -0.24    0.041  0.009 -0.043 -0.001
   20     45.99  37.74  85.17  16.14   0.24   0.09   -0.010 -0.111  0.035 -0.064
   21     34.13  36.41  82.81  14.13   0.42  -0.05    0.030 -0.113  0.019 -0.367
   22     25.93  35.62  85.41  13.20   0.26  -0.15    0.031 -0.200  0.048 -0.304
   23     15.95  35.49  86.28  11.47   0.42  -0.20    0.049  0.011 -0.083 -0.131
   24      2.21  34.74  81.64   5.98   0.49  -0.28    0.209 -0.092 -0.373  0.280
   25     48.63 -46.03  23.45  22.30   0.09   0.10    0.033 -0.064 -0.316  0.302
   26     27.63 -70.26  -3.57  10.04   0.10  -0.23    0.028  0.185  0.109 -0.256
   27      0.23  -0.55  49.38  13.03   0.25  -0.12    0.027  0.130 -0.163 -0.067
   28     59.13  37.77  76.47  11.40   0.52   0.03    0.032  0.169  0.258 -0.098
   29     20.25-148.81 -12.69  14.91   0.45   0.47    0.055  0.013  0.147  0.110
   30      2.96  36.20  76.65  13.58   0.58   0.12    0.056  0.299 -0.121  0.183
   31     21.03  36.50  77.39  14.23   0.54   0.08    0.031 -0.072 -0.047  0.032
   32     50.84  36.87  77.01  15.12   0.23  -0.12    0.044 -0.044 -0.089 -0.178
   33      0.85  37.28  76.16  15.62   0.20  -0.04    0.055  0.021 -0.056  0.016
   34     55.44 -16.94  34.86  24.51   0.06   0.06    0.036  0.170 -0.062  0.008
   35     39.52 -71.83  -8.48   4.98   0.57  -0.28    0.316  0.086  0.002  1.581
   36     59.15  36.62  77.83  15.14   0.43   0.09    0.053  0.059 -0.052  0.036
   37      5.64  31.25  50.05  14.54   0.14  -0.17    0.042 -0.106 -0.159 -0.364
   38     46.51  73.14  73.00  17.06   0.34   0.16    0.009 -0.079  0.027  0.162
   39     14.33  -0.27  25.71   4.08   0.46  -0.16    0.225 -0.955 -0.514  0.175
   40     14.56 -42.14  13.76  16.85   0.20  -0.07   -0.038 -0.191 -0.191  0.049
   41     56.65  35.10  79.03   6.62   0.10  -0.54    0.250  0.243 -0.079  1.521
   42     34.33  -3.97  46.24  17.90   0.12  -0.04    0.032  0.121 -0.071 -0.096
   43     24.69-110.66 -39.17   5.08   0.45  -0.31    0.088  0.094  0.222 -0.118
   44     49.73  30.41  50.26   7.90   0.08  -0.31    0.027  0.071 -0.285 -0.402
   45     41.24-144.91  45.46  18.20   0.37   0.51    0.040  0.131  0.050 -0.101
   46     34.11 -57.57  -1.04  15.94   0.12  -0.03    0.006  0.056 -0.259 -0.164
   47      1.05  10.56  80.48  21.88   0.53   0.32    0.053  0.077 -0.085 -0.015
   48     37.25  10.57  81.56  23.59   0.10   0.14    0.054  0.086 -0.013  0.093
   49     35.73  54.56  84.55  22.55   0.17   0.05    0.026 -0.194 -0.035 -0.053
   50     36.13-102.51 -35.86  14.94   0.39   0.21    0.033  0.147 -0.261 -0.362
   51     53.26-101.03 -54.53   8.45   0.64   0.25    0.062  0.346  0.148 -0.849
   52     43.25-115.56  43.12  15.45   0.44   0.32    0.053 -0.143  0.157 -0.053
   53      1.05  10.55  80.69  21.37   0.51   0.34    0.050  0.059  0.017  0.065
   54      2.85 -83.70 322.73  15.65   0.36   0.18   -0.554 -0.023 -0.081  0.051
   55      3.14 -89.74 304.27   0.45   0.23   0.29   -0.360  0.094 -0.020  0.053
   56     44.94  35.93  67.57  14.72   0.52   0.09    0.038 -0.051 -0.160 -0.278
   57     47.18 -84.93 154.63  15.61   0.47   1.05   -0.023 -0.223  0.086  0.007
   58     45.64 -81.08 150.99  15.51   0.62   0.82    0.038  0.056  0.355  0.407
   59      8.69 -83.49   1.26   3.98   0.68  -0.27    0.191 -1.033  0.927  1.277
   60      3.68-110.87-118.55   3.85   1.00   0.45    0.079 -0.157  0.180  0.153
   61      0.82-131.25 -54.99   2.39   0.56  -0.29    0.223 -1.204  0.020  2.283
   62     20.17  19.51 152.59  15.67   0.70   0.52    0.067  0.238 -0.058  0.073
   63     18.81 -47.34  29.70  20.35   0.16   0.06    0.009 -0.067 -0.202  0.253
   64      4.78-163.11 184.07   8.00   0.67   1.28   -0.021  0.813  1.077  0.002
   65     23.44 -48.07  20.46  15.54   0.09  -0.14    0.045 -0.004 -0.178  0.044
   66     32.84-152.43  42.99  18.22   0.32   0.46    0.040 -0.129  0.139  0.323
   67     41.93 -37.27  -5.23  18.83   0.21   0.11    0.025  0.036 -0.320 -0.374
   68     14.19  50.79 106.07  20.43   0.32   0.33   -0.008  0.012  0.398  0.031
   69     48.30-214.97-349.14  73.50   0.00   0.00    0.000  0.000  0.000  0.000
   70      5.52  33.76  96.81  19.36   0.50   0.37    0.015  0.055  0.066  0.056
   71      4.70   7.11  58.31   2.45   0.88  -0.33    0.598  0.980  1.622  1.149
   72     55.97 132.64-297.74  96.97   0.06   0.24   -0.835 -0.062  0.080 -0.026
   73     12.93  50.43  81.83  23.09   0.36   0.31    0.031  0.034 -0.068 -0.012
   74     36.20-102.55  70.15  21.86   0.31   0.32    0.004 -0.114 -0.040  0.059
   75     46.59-109.50   2.37   0.25   1.02  -0.01   -0.108 -1.916 -0.081  0.136
   76     54.60-217.19 302.17   0.10   0.00   0.00    0.000  0.000  0.000  0.000
   77     44.11  50.93  93.83  16.96   0.24   0.19    0.009  0.006  0.101  0.162
   78     41.82  38.42  66.26  22.01   0.32   0.14    0.022  0.054 -0.245  0.008
   79     59.09 -68.18  -4.62   1.70   0.62  -0.25    0.493  1.590 -0.153  1.602
   80     27.23 -68.79  -6.10   2.25   0.58  -0.25    0.530  1.354 -0.294  2.141
   81     27.44 -68.61  -4.82   2.08   0.59  -0.24    0.541  1.508 -0.242  1.965
   82     23.83 -68.57  -4.69   2.16   0.58  -0.35    0.526  1.550 -0.231  2.051
   83     23.18 -71.70  -7.03   6.60   0.12  -0.38   -0.016 -0.515 -0.892  0.001
   84     21.21 -43.30   8.32  21.07   0.04   0.04    0.014  0.086 -0.499  0.070
   85     24.63-167.31 -46.21  10.53   0.58   0.53    0.027  0.151  0.211 -0.372
   86     44.11 -12.28  29.98  18.21   0.13  -0.02    0.005  0.052 -0.264  0.113
   87     29.23 -61.94   6.27   5.63   0.40  -0.37    0.433 -0.288 -0.870  3.030
   88     38.17-103.67 -27.83   8.03   0.39  -0.15    0.068  0.193  0.290 -0.370
   89     47.83-142.03  89.32  20.49   0.42   0.66    0.034 -0.237 -0.063  0.294
   90     48.32-139.98  88.07  20.39   0.37   0.60    0.024 -0.165  0.031  0.285
   91     34.09  33.57  85.09  19.65   0.38   0.23   -0.009  0.111 -0.048  0.147

 A V E R A G E   of ADJUSTMENTS :                     0.049  0.019 -0.018  0.196
 A V E R A G E   of ABSOLUTE ADJUSTMENTS :            0.098  0.252  0.191  0.347


 Step length damping of 0.22560 was applied.


 Velocity adjustments:
     vp    dvp      hp   reflector
 Velocity model   1
   4.979 -0.191   -5.000      
   5.276  0.096   -2.190      
   5.946  0.186    6.340      
   6.175  0.125    6.890      
   6.447  0.027   14.640      
   6.629 -0.081   15.890      
   6.844  0.014   27.440      
   7.455  0.005   31.650      
   7.839 -0.101   33.070      
   7.840  0.000   35.140      

 Calculation of average velocity starts at layer #           1
 z = -5.00 ... -2.19    v = 4.98    AVEL = 4.98 downto z =  -2.19
 z = -2.19 ...  6.34    v = 5.28    AVEL = 5.20 downto z =   6.34
 z =  6.34 ...  6.89    v = 5.95    AVEL = 5.24 downto z =   6.89
 z =  6.89 ... 14.64    v = 6.18    AVEL = 5.61 downto z =  14.64
 z = 14.64 ... 15.89    v = 6.45    AVEL = 5.66 downto z =  15.89
 z = 15.89 ... 27.44    v = 6.63    AVEL = 6.00 downto z =  27.44
 z = 27.44 ... 31.65    v = 6.84    AVEL = 6.10 downto z =  31.65
 z = 31.65 ... 33.07    v = 7.46    AVEL = 6.15 downto z =  33.07
 z = 33.07 ... 35.14    v = 7.84    AVEL = 6.24 downto z =  35.14


 Calculation of average velocity starts at layer #           2
 z = -2.19 ...  6.34    v = 5.28    AVEL = 5.28 downto z =   6.34
 z =  6.34 ...  6.89    v = 5.95    AVEL = 5.32 downto z =   6.89
 z =  6.89 ... 14.64    v = 6.18    AVEL = 5.71 downto z =  14.64
 z = 14.64 ... 15.89    v = 6.45    AVEL = 5.76 downto z =  15.89
 z = 15.89 ... 27.44    v = 6.63    AVEL = 6.10 downto z =  27.44
 z = 27.44 ... 31.65    v = 6.84    AVEL = 6.19 downto z =  31.65
 z = 31.65 ... 33.07    v = 7.46    AVEL = 6.24 downto z =  33.07
 z = 33.07 ... 35.14    v = 7.84    AVEL = 6.33 downto z =  35.14



 Adjusted station corrections:
   stn  ptcor  dpcor  
  624   0.000  0.000  628  -0.055 -0.055  630   0.009  0.009  627  -0.011 -0.011
  621   0.013  0.013  629   0.093  0.093  622   0.006  0.006  620  -0.025 -0.025
  623   0.048  0.048  626   0.040  0.040  625   0.030  0.030  631   0.084  0.084
  632  -0.002 -0.002

 ~~~ another iteration? ...



--------------------------------------------------------------------------------



           ITERATION no  2

 ~~~ set units for this iteration ...
 ~~~ determine number of unknowns for this iter. ...

 Number of unknowns (for array-indexing):  nvar =  386
 Number of effective unknowns        :  nvareff =  387
 Number of elements on/below main diagonal of matrix G = At*A : kvar =   74691

 Damping factors to be used in this iteration:
   Othet=   0.010   XYthet  =   0.010   Zthet=  0.010
 STAthet=   0.010   Vthet   =   1.000

 ~~~ damp G ...
 ~~~ solve G * b = RHT ...
 ~~~ fix units ...
 ~~~ apply eventually step-length damping ...
 ~~~ adjust model (hypocenters, stacorr & veloc.) ...

 doing velocity adjustments now...

 doing station-correction adjustments...

 ~~~ compute effective step-length ...

 (Applied) Step length =   5.914

 ~~~ set units for next iteration ...
 ~~~ determine number of unknowns for next iter. ...

 Number of unknowns (for array-indexing):  nvar =  386
 Number of effective unknowns        :  nvareff =  387
 Number of elements on/below main diagonal of matrix G = At*A : kvar =   74691

 ~~~ reset G and RHT ...
 ~~~ raytracing, setup G ...
 ~~~ store parts of G ...
 ~~~ set units back for current iteration ...
 ~~~ determine number of unknowns for this iter. ...

 Number of unknowns (for array-indexing):  nvar =  386
 Number of effective unknowns        :  nvareff =  387
 Number of elements on/below main diagonal of matrix G = At*A : kvar =   74691

 ~~~ compute RMS and DATVAR ...

 $$$$$$$$$$$$$$$$$$$$$$$$$$$$$$$$$$$$$$$$$$$$$$$$$
 Events with  | AVRES | > 1.0 SEC are suspicious !

 Event#  10 >>>  160920 1607  AVRES =  1.64 NOBS =  2
 Event#  11 >>>  160925 1911  AVRES =  1.43 NOBS =  2
 Event#  57 >>>  170409 0856  AVRES =  1.01 NOBS =  6
 Event#  64 >>>  170414 0540  AVRES =  1.29 NOBS = 11

 ^^^^^^^^^ C H E C K   these events above ^^^^^^^^
 $$$$$$$$$$$$$$$$$$$$$$$$$$$$$$$$$$$$$$$$$$$$$$$$$

 ~~~ check solution (better? worse?) ...

 Iteration nr  2 obtained:
 DATVAR=    0.626354 mean sqrd residual=     0.269360  RMS RESIDUAL=     0.518999

 After  2 iterations we got:
 Average absolute & unweighted [and mean] residual of
   328 straight and direct rays =  0.15423 [  0.00230]
   351 refracted           rays =  0.54757 [  0.24988]
     0 reflected           rays =  0.00000 [  0.00000]

   679 ALL                 RAYS =  0.35756 [  0.13028]      -10.28 %

 ~~~ iteration done; output results ...

  eq       ot     x      y      z      rms    avres   dot     dx     dy     dz
    1      9.05  38.52 112.03  23.40   0.15   0.19   -0.077 -0.019  0.068  0.272
    2      9.24  37.95 110.76  23.10   0.16   0.18   -0.081  0.027  0.102  0.267
    3     27.21-130.33  -8.00  11.69   0.43   0.25   -0.112 -0.226  0.359 -0.106
    4     15.57-131.34  -6.49  10.00   0.51   0.24   -0.134 -0.183  0.259 -0.412
    5     45.63 -40.22  38.71  24.06   0.05   0.06   -0.073  0.096 -0.015  0.209
    6     49.44 -36.67  40.65  17.28   0.09  -0.05   -0.055  0.207 -0.092  0.422
    7     13.91-134.35-119.73   6.32   0.78   0.60   -0.139  0.399 -0.180 -0.223
    8     30.35-141.03 -43.99   8.63   0.52   0.44   -0.095 -0.152  0.042  0.216
    9     39.65  10.70  56.39  11.80   0.05  -0.17   -0.087  0.004 -0.097  0.059
   10     18.05 -88.19-308.22  16.22   1.08   1.64   -0.168 -0.601  0.053  0.014
   11      5.20 -63.67-309.66  15.64   1.33   1.43   -0.240 -0.755 -0.003  0.021
   12     51.22  35.01  94.58  15.66   0.12   0.00   -0.046 -0.022 -0.055  0.040
   13     46.84  33.49  98.05  19.71   0.19   0.16   -0.080  0.085  0.105  0.387
   14     55.85  33.65  97.37  14.32   0.38   0.04   -0.083  0.120 -0.140  0.151
   15     44.64  33.99  97.53  17.88   0.41   0.26   -0.079  0.029  0.127  0.374
   16     44.79  34.75  96.31  18.94   0.49   0.30   -0.104 -0.154  0.330  0.174
   17     22.02  -0.96  82.51  18.75   0.31   0.12   -0.087  0.026  0.113  0.144
   18     36.42 -33.93   4.37  11.49   0.12  -0.14   -0.083  0.214  0.096  0.253
   19     33.28  41.30  64.00  10.09   0.13  -0.15   -0.059 -0.157 -0.116 -0.007
   20     45.90  37.62  85.23  16.16   0.19   0.10   -0.090 -0.121  0.056  0.024
   21     34.08  36.40  82.68  13.82   0.36  -0.03   -0.053 -0.005 -0.134 -0.312
   22     25.87  35.46  85.33  13.01   0.21  -0.10   -0.064 -0.164 -0.080 -0.188
   23     15.88  35.21  86.17  11.01   0.37  -0.13   -0.067 -0.277 -0.113 -0.455
   24      2.16  34.39  81.77   6.15   0.43  -0.21   -0.051 -0.352  0.126  0.173
   25     48.63 -45.89  23.18  22.57   0.08   0.09   -0.005  0.144 -0.271  0.267
   26     27.56 -70.04  -3.90  10.16   0.08  -0.15   -0.070  0.226 -0.324  0.116
   27      0.17  -0.44  49.08  13.08   0.18  -0.07   -0.053  0.115 -0.300  0.042
   28     59.06  37.71  76.43  11.11   0.43   0.06   -0.070 -0.051 -0.040 -0.288
   29     20.20-148.87 -12.51  15.29   0.41   0.41   -0.058 -0.058  0.171  0.382
   30      2.92  36.37  76.40  13.67   0.51   0.12   -0.041  0.178 -0.245  0.083
   31     20.97  36.32  77.22  14.12   0.49   0.11   -0.058 -0.178 -0.168 -0.109
   32     50.79  36.79  76.87  14.99   0.18  -0.07   -0.051 -0.080 -0.142 -0.134
   33      0.82  37.29  76.02  15.65   0.17  -0.02   -0.036  0.016 -0.139  0.034
   34     55.42 -16.68  34.79  24.60   0.05   0.07   -0.020  0.254 -0.071  0.090
   35     39.56 -71.49  -8.46   6.44   0.20  -0.47    0.043  0.341  0.013  1.457
   36     59.11  36.63  77.69  15.16   0.37   0.10   -0.043  0.002 -0.142  0.025
   37      5.59  31.17  49.96  14.18   0.11  -0.11   -0.055 -0.080 -0.093 -0.358
   38     46.44  73.04  73.04  17.29   0.30   0.16   -0.072 -0.098  0.036  0.223
   39     14.29  -0.32  25.40   4.78   0.41  -0.31   -0.040 -0.051 -0.309  0.700
   40     14.49 -42.11  13.76  16.84   0.18  -0.03   -0.070  0.036  0.002 -0.011
   41     56.54  35.09  78.78   6.63   0.10  -0.40   -0.111 -0.016 -0.253  0.005
   42     34.30  -3.79  46.16  17.91   0.09  -0.01   -0.031  0.181 -0.079  0.003
   43     24.70-110.24 -39.06   5.75   0.38  -0.23    0.012  0.422  0.103  0.669
   44     49.64  30.36  50.18   8.00   0.06  -0.21   -0.086 -0.043 -0.087  0.105
   45     41.18-144.93  45.65  18.65   0.34   0.46   -0.056 -0.028  0.189  0.454
   46     34.06 -57.42  -1.17  16.12   0.09   0.00   -0.047  0.154 -0.131  0.181
   47      1.02  10.74  80.41  21.94   0.50   0.30   -0.029  0.172 -0.070  0.059
   48     37.22  10.75  81.57  23.75   0.08   0.12   -0.030  0.177  0.015  0.153
   49     35.67  54.37  84.47  22.61   0.13   0.06   -0.054 -0.198 -0.070  0.065
   50     36.08-102.35 -35.92  15.02   0.33   0.18   -0.055  0.161 -0.065  0.085
   51     53.15-100.68 -54.45   7.74   0.58   0.24   -0.108  0.347  0.079 -0.708
   52     43.18-115.72  43.56  15.70   0.39   0.26   -0.072 -0.159  0.445  0.252
   53      1.02  10.71  80.72  21.49   0.48   0.31   -0.033  0.158  0.031  0.129
   54      2.22 -83.71 322.64  15.71   0.34   0.69   -0.629 -0.017 -0.090  0.055
   55      2.63 -89.63 304.23   0.52   0.20   0.69   -0.508  0.109 -0.035  0.071
   56     44.88  35.91  67.33  14.53   0.47   0.10   -0.055 -0.014 -0.237 -0.190
   57     47.05 -84.92 154.81  15.62   0.45   1.01   -0.126  0.008  0.183  0.011
   58     45.57 -80.84 151.38  15.86   0.60   0.75   -0.071  0.233  0.392  0.354
   59      8.66 -83.36   1.28   4.74   0.67  -0.29   -0.031  0.131  0.024  0.761
   60      3.55-110.54-117.96   3.19   0.96   0.47   -0.124  0.336  0.587 -0.663
   61      0.72-131.82 -55.05   3.62   0.48  -0.25   -0.106 -0.563 -0.061  1.222
   62     20.10  19.78 152.47  15.65   0.68   0.45   -0.065  0.264 -0.115 -0.025
   63     18.77 -47.17  29.51  20.68   0.11   0.06   -0.038  0.171 -0.194  0.323
   64      4.60-162.06 185.37   8.02   0.63   1.29   -0.179  1.043  1.300  0.018
   65     23.41 -47.87  20.26  15.66   0.07  -0.09   -0.030  0.198 -0.208  0.116
   66     32.78-152.55  43.39  18.83   0.29   0.40   -0.060 -0.122  0.400  0.609
   67     41.89 -37.06  -5.43  18.74   0.17   0.11   -0.035  0.208 -0.199 -0.088
   68     14.08  50.92 106.44  20.70   0.29   0.30   -0.110  0.137  0.375  0.273
   69     48.30-214.97-349.14  73.50   0.00   0.00    0.000  0.000  0.000  0.000
   70      5.44  33.82  96.91  19.46   0.47   0.34   -0.077  0.068  0.104  0.102
   71      4.65   6.92  58.39   3.85   0.57  -0.52   -0.051 -0.188  0.079  1.405
   72     55.94 132.63-297.73  96.97   0.04   0.20   -0.025 -0.002  0.002 -0.001
   73     12.89  50.44  81.59  23.12   0.33   0.28   -0.036  0.006 -0.241  0.030
   74     36.13-102.47  70.35  22.31   0.31   0.29   -0.073  0.082  0.206  0.448
   75     46.39-110.28   2.94   0.32   1.00   0.04   -0.197 -0.775  0.571  0.073
   76     54.60-217.19 302.17   0.10   0.00   0.00    0.000  0.000  0.000  0.000
   77     44.05  50.96  93.86  17.03   0.20   0.18   -0.063  0.026  0.027  0.072
   78     41.78  38.40  65.99  21.94   0.29   0.15   -0.045 -0.014 -0.266 -0.066
   79     59.12 -68.23  -4.76   3.34   0.50  -0.24    0.024 -0.047 -0.145  1.635
   80     27.23 -68.93  -6.31   3.87   0.49  -0.31    0.004 -0.143 -0.214  1.621
   81     27.44 -68.68  -5.00   3.45   0.49  -0.23    0.001 -0.065 -0.180  1.380
   82     23.81 -68.61  -4.80   3.65   0.44  -0.33   -0.013 -0.043 -0.108  1.492
   83     23.13 -71.40  -7.04   6.67   0.10  -0.28   -0.052  0.295 -0.011  0.072
   84     21.20 -43.05   8.06  21.13   0.04   0.05   -0.018  0.248 -0.261  0.059
   85     24.52-167.30 -45.99  10.35   0.55   0.51   -0.109  0.012  0.222 -0.175
   86     44.06 -12.17  29.75  18.32   0.09   0.01   -0.049  0.112 -0.227  0.106
   87     29.20 -61.84   6.20   6.78   0.12  -0.55   -0.032  0.101 -0.076  1.147
   88     38.08-103.33 -27.92   7.65   0.32  -0.07   -0.089  0.339 -0.092 -0.378
   89     47.77-142.18  89.51  21.17   0.42   0.61   -0.061 -0.142  0.196  0.679
   90     48.26-140.05  88.36  21.04   0.36   0.57   -0.068 -0.065  0.289  0.655
   91     34.00  33.70  85.05  19.85   0.33   0.24   -0.086  0.128 -0.041  0.202

 A V E R A G E   of ADJUSTMENTS :                    -0.076  0.023  0.009  0.207
 A V E R A G E   of ABSOLUTE ADJUSTMENTS :            0.078  0.165  0.164  0.315


 Step length damping of 0.25934 was applied.


 Velocity adjustments:
     vp    dvp      hp   reflector
 Velocity model   1
   4.898 -0.081   -5.000      
   5.320  0.043   -2.190      
   6.072  0.126    6.340      
   6.138 -0.037    6.890      
   6.437 -0.010   14.640      
   6.547 -0.082   15.890      
   6.966  0.122   27.440      
   7.510  0.055   31.650      
   7.639 -0.200   33.070      
   7.841  0.001   35.140      

 Calculation of average velocity starts at layer #           1
 z = -5.00 ... -2.19    v = 4.90    AVEL = 4.90 downto z =  -2.19
 z = -2.19 ...  6.34    v = 5.32    AVEL = 5.22 downto z =   6.34
 z =  6.34 ...  6.89    v = 6.07    AVEL = 5.25 downto z =   6.89
 z =  6.89 ... 14.64    v = 6.14    AVEL = 5.60 downto z =  14.64
 z = 14.64 ... 15.89    v = 6.44    AVEL = 5.65 downto z =  15.89
 z = 15.89 ... 27.44    v = 6.55    AVEL = 5.97 downto z =  27.44
 z = 27.44 ... 31.65    v = 6.97    AVEL = 6.09 downto z =  31.65
 z = 31.65 ... 33.07    v = 7.51    AVEL = 6.14 downto z =  33.07
 z = 33.07 ... 35.14    v = 7.64    AVEL = 6.22 downto z =  35.14


 Calculation of average velocity starts at layer #           2
 z = -2.19 ...  6.34    v = 5.32    AVEL = 5.32 downto z =   6.34
 z =  6.34 ...  6.89    v = 6.07    AVEL = 5.37 downto z =   6.89
 z =  6.89 ... 14.64    v = 6.14    AVEL = 5.72 downto z =  14.64
 z = 14.64 ... 15.89    v = 6.44    AVEL = 5.77 downto z =  15.89
 z = 15.89 ... 27.44    v = 6.55    AVEL = 6.07 downto z =  27.44
 z = 27.44 ... 31.65    v = 6.97    AVEL = 6.18 downto z =  31.65
 z = 31.65 ... 33.07    v = 7.51    AVEL = 6.24 downto z =  33.07
 z = 33.07 ... 35.14    v = 7.64    AVEL = 6.32 downto z =  35.14



 Adjusted station corrections:
   stn  ptcor  dpcor  
  624   0.000  0.000  628  -0.118 -0.063  630  -0.032 -0.042  627   0.013  0.024
  621   0.029  0.016  629   0.111  0.019  622   0.022  0.017  620  -0.021  0.004
  623   0.097  0.050  626   0.067  0.027  625   0.052  0.021  631   0.134  0.050
  632  -0.035 -0.032

 ~~~ another iteration? ...



--------------------------------------------------------------------------------



           ITERATION no  3

 ~~~ set units for this iteration ...
 ~~~ determine number of unknowns for this iter. ...

 Number of unknowns (for array-indexing):  nvar =  386
 Number of effective unknowns        :  nvareff =  387
 Number of elements on/below main diagonal of matrix G = At*A : kvar =   74691

 Damping factors to be used in this iteration:
   Othet=   0.010   XYthet  =   0.010   Zthet=  0.010
 STAthet=   0.010   Vthet   =   1.000

 ~~~ damp G ...
 ~~~ solve G * b = RHT ...
 ~~~ fix units ...
 ~~~ apply eventually step-length damping ...
 ~~~ adjust model (hypocenters, stacorr & veloc.) ...

 doing velocity adjustments now...
 WARNING: Tried to introduce a low-velocity-layer! (Layer  4)
 Setting DVP from -0.05 to 0.0 and VP to vp(layer_above)+0.001
 WARNING: Tried to introduce a low-velocity-layer! (Layer 10)
 Setting DVP from -0.20 to 0.0 and VP to vp(layer_above)+0.001

 doing station-correction adjustments...

 ~~~ compute effective step-length ...

 (Applied) Step length =   4.403

 ~~~ set units for next iteration ...
 ~~~ determine number of unknowns for next iter. ...

 Number of unknowns (for array-indexing):  nvar =  386
 Number of effective unknowns        :  nvareff =  387
 Number of elements on/below main diagonal of matrix G = At*A : kvar =   74691

 ~~~ reset G and RHT ...
 ~~~ raytracing, setup G ...
 ~~~ store parts of G ...
 ~~~ set units back for current iteration ...
 ~~~ determine number of unknowns for this iter. ...

 Number of unknowns (for array-indexing):  nvar =  386
 Number of effective unknowns        :  nvareff =  387
 Number of elements on/below main diagonal of matrix G = At*A : kvar =   74691

 ~~~ compute RMS and DATVAR ...

 $$$$$$$$$$$$$$$$$$$$$$$$$$$$$$$$$$$$$$$$$$$$$$$$$
 Events with  | AVRES | > 1.0 SEC are suspicious !

 Event#  10 >>>  160920 1607  AVRES =  1.37 NOBS =  2
 Event#  11 >>>  160925 1911  AVRES =  1.22 NOBS =  2
 Event#  64 >>>  170414 0540  AVRES =  1.14 NOBS = 11

 ^^^^^^^^^ C H E C K   these events above ^^^^^^^^
 $$$$$$$$$$$$$$$$$$$$$$$$$$$$$$$$$$$$$$$$$$$$$$$$$

 ~~~ check solution (better? worse?) ...

 Iteration nr  3 obtained:
 DATVAR=    0.452856 mean sqrd residual=     0.194748  RMS RESIDUAL=     0.441303

 After  3 iterations we got:
 Average absolute & unweighted [and mean] residual of
   363 straight and direct rays =  0.14720 [  0.06847]
   316 refracted           rays =  0.52520 [  0.34737]
     0 reflected           rays =  0.00000 [  0.00000]

   679 ALL                 RAYS =  0.32312 [  0.19827]       -9.63 %

 ~~~ iteration done; output results ...

  eq       ot     x      y      z      rms    avres   dot     dx     dy     dz
    1      9.00  38.50 112.10  23.60   0.13   0.23   -0.050 -0.019  0.063  0.205
    2      9.19  37.97 110.86  23.30   0.14   0.23   -0.054  0.018  0.096  0.200
    3     27.13-130.57  -7.72  11.63   0.36   0.31   -0.083 -0.237  0.279 -0.056
    4     15.47-131.52  -6.26   9.69   0.43   0.32   -0.099 -0.182  0.228 -0.313
    5     45.58 -40.14  38.70  24.24   0.05   0.13   -0.044  0.086 -0.014  0.180
    6     49.41 -36.49  40.58  17.60   0.09   0.04   -0.036  0.176 -0.065  0.326
    7     13.82-134.08-119.83   6.19   0.58   0.64   -0.092  0.271 -0.099 -0.129
    8     30.28-141.17 -43.96   8.86   0.43   0.48   -0.064 -0.140  0.032  0.229
    9     39.59  10.71  56.32  11.86   0.06  -0.05   -0.055  0.013 -0.075  0.060
   10     17.93 -88.76-308.17  16.23   1.06   1.37   -0.119 -0.570  0.046  0.010
   11      5.03 -64.39-309.67  15.65   1.32   1.22   -0.171 -0.717 -0.008  0.015
   12     51.19  35.04  94.49  15.79   0.12   0.08   -0.024  0.026 -0.089  0.137
   13     46.79  33.57  98.11  19.95   0.17   0.22   -0.048  0.078  0.058  0.244
   14     55.80  33.78  97.33  14.53   0.28   0.12   -0.051  0.138 -0.050  0.215
   15     44.59  34.04  97.60  18.14   0.34   0.30   -0.047  0.051  0.075  0.258
   16     44.73  34.64  96.56  19.02   0.41   0.33   -0.067 -0.104  0.249  0.079
   17     21.97  -0.94  82.59  18.84   0.25   0.18   -0.055  0.023  0.079  0.091
   18     36.37 -33.75   4.48  11.70   0.10   0.01   -0.051  0.190  0.108  0.206
   19     33.25  41.13  63.94  10.12   0.11   0.00   -0.034 -0.167 -0.061  0.024
   20     45.85  37.53  85.26  16.13   0.16   0.18   -0.052 -0.094  0.026 -0.032
   21     34.05  36.21  82.57  13.33   0.31   0.09   -0.029 -0.194 -0.113 -0.493
   22     25.83  35.32  85.25  12.91   0.20   0.04   -0.038 -0.134 -0.075 -0.097
   23     15.85  34.96  86.04  10.63   0.31   0.04   -0.036 -0.247 -0.126 -0.383
   24      2.13  34.14  81.89   6.28   0.41  -0.05   -0.029 -0.254  0.126  0.127
   25     48.63 -45.76  22.99  22.79   0.07   0.13    0.002  0.134 -0.194  0.223
   26     27.51 -69.86  -4.17  10.32   0.07   0.01   -0.044  0.180 -0.274  0.164
   27      0.14  -0.35  48.83  13.09   0.13   0.04   -0.030  0.090 -0.247  0.011
   28     59.02  37.64  76.37  10.88   0.34   0.18   -0.040 -0.073 -0.061 -0.235
   29     20.17-148.92 -12.38  15.65   0.33   0.41   -0.030 -0.056  0.138  0.360
   30      2.90  36.51  76.16  13.71   0.45   0.19   -0.016  0.139 -0.246  0.044
   31     20.94  36.12  77.09  13.93   0.39   0.18   -0.032 -0.196 -0.130 -0.191
   32     50.77  36.69  76.74  14.80   0.15   0.03   -0.025 -0.095 -0.138 -0.189
   33      0.80  37.29  75.90  15.65   0.15   0.07   -0.017 -0.008 -0.120 -0.005
   34     55.41 -16.49  34.74  24.67   0.05   0.11   -0.009  0.191 -0.049  0.068
   35     39.51 -71.12  -8.39   6.48   0.22  -0.24   -0.051  0.369  0.074  0.041
   36     59.09  36.55  77.56  15.08   0.30   0.17   -0.022 -0.072 -0.128 -0.078
   37      5.56  31.09  49.89  13.82   0.09   0.01   -0.029 -0.083 -0.073 -0.362
   38     46.40  72.93  73.07  17.42   0.27   0.21   -0.038 -0.109  0.030  0.138
   39     14.23  -0.06  25.03   5.33   0.30  -0.32   -0.051  0.258 -0.366  0.554
   40     14.45 -42.07  13.78  16.81   0.18   0.05   -0.041  0.040  0.020 -0.027
   41     56.48  35.01  78.54   6.65   0.14  -0.18   -0.057 -0.075 -0.236  0.026
   42     34.28  -3.66  46.10  17.90   0.08   0.06   -0.016  0.136 -0.056 -0.009
   43     24.72-109.89 -39.04   6.24   0.36  -0.02    0.017  0.351  0.025  0.493
   44     49.59  30.29  50.13   8.09   0.04  -0.07   -0.046 -0.075 -0.043  0.089
   45     41.16-144.95  45.82  19.04   0.26   0.46   -0.028 -0.018  0.168  0.383
   46     34.03 -57.29  -1.26  16.28   0.09   0.08   -0.026  0.127 -0.090  0.163
   47      1.02  10.87  80.32  21.95   0.43   0.31   -0.008  0.136 -0.087  0.005
   48     37.22  10.89  81.55  23.81   0.07   0.17   -0.009  0.146 -0.018  0.066
   49     35.65  54.18  84.41  22.62   0.13   0.13   -0.025 -0.183 -0.069  0.012
   50     36.05-102.22 -35.98  15.08   0.28   0.22   -0.029  0.124 -0.055  0.054
   51     53.08-100.38 -54.35   7.18   0.46   0.36   -0.070  0.297  0.098 -0.566
   52     43.13-115.88  43.93  15.91   0.34   0.27   -0.050 -0.164  0.368  0.215
   53      1.00  10.83  80.72  21.55   0.40   0.33   -0.013  0.127 -0.006  0.057
   54      1.76 -83.73 322.57  15.75   0.30   0.66   -0.454 -0.020 -0.068  0.040
   55      2.27 -89.53 304.21   0.57   0.14   0.70   -0.365  0.103 -0.018  0.050
   56     44.85  35.89  67.14  14.38   0.40   0.17   -0.028 -0.021 -0.193 -0.151
   57     46.96 -84.93 154.99  15.63   0.39   0.89   -0.088 -0.010  0.175  0.008
   58     45.52 -80.61 151.75  16.20   0.49   0.67   -0.043  0.236  0.364  0.338
   59      8.65 -82.99   1.11   5.20   0.64  -0.07   -0.014  0.374 -0.175  0.463
   60      3.48-110.18-117.48   2.64   0.81   0.52   -0.070  0.362  0.474 -0.555
   61      0.64-132.22 -55.12   4.55   0.43  -0.07   -0.078 -0.400 -0.072  0.933
   62     20.07  20.01 152.43  15.80   0.59   0.44   -0.036  0.229 -0.040  0.152
   63     18.75 -47.01  29.38  20.94   0.09   0.12   -0.021  0.155 -0.133  0.262
   64      4.46-161.17 186.51   8.03   0.56   1.14   -0.141  0.892  1.136  0.014
   65     23.40 -47.70  20.10  15.74   0.06   0.01   -0.014  0.168 -0.157  0.084
   66     32.74-152.68  43.71  19.34   0.26   0.42   -0.039 -0.132  0.319  0.506
   67     41.87 -36.90  -5.57  18.66   0.15   0.16   -0.017  0.168 -0.144 -0.078
   68     14.00  51.05 106.77  20.86   0.26   0.32   -0.079  0.131  0.326  0.153
   69     48.30-214.97-349.14  73.50   0.00   0.00    0.000  0.000  0.000  0.000
   70      5.39  33.88  96.98  19.50   0.39   0.36   -0.046  0.054  0.062  0.039
   71      4.59   6.75  58.20   4.25   0.51  -0.40   -0.062 -0.170 -0.188  0.392
   72     55.15 132.58-297.66  96.95   0.06   0.25   -0.791 -0.059  0.078 -0.025
   73     12.89  50.38  81.48  22.98   0.28   0.30   -0.003 -0.052 -0.110 -0.138
   74     36.09-102.43  70.51  22.62   0.29   0.33   -0.039  0.040  0.160  0.314
   75     46.33-110.66   3.47   0.64   1.00   0.11   -0.063 -0.377  0.527  0.321
   76     54.60-217.19 302.17   0.10   0.00   0.00    0.000  0.000  0.000  0.000
   77     44.01  50.97  93.86  17.06   0.17   0.23   -0.035  0.016  0.002  0.022
   78     41.76  38.39  65.77  21.83   0.25   0.20   -0.019 -0.016 -0.223 -0.107
   79     59.12 -68.34  -4.84   4.46   0.48  -0.14   -0.001 -0.112 -0.078  1.122
   80     27.22 -69.10  -6.41   5.08   0.44  -0.11   -0.012 -0.175 -0.098  1.209
   81     27.43 -68.78  -5.10   4.37   0.50  -0.12   -0.012 -0.109 -0.100  0.919
   82     23.79 -68.73  -4.87   4.66   0.42  -0.23   -0.026 -0.115 -0.064  1.004
   83     23.13 -71.07  -6.90   6.74   0.12  -0.10    0.002  0.333  0.140  0.062
   84     21.19 -42.84   7.87  21.18   0.05   0.10   -0.006  0.212 -0.190  0.050
   85     24.44-167.30 -45.81  10.20   0.45   0.52   -0.074  0.004  0.178 -0.151
   86     44.03 -12.07  29.59  18.38   0.08   0.08   -0.027  0.093 -0.156  0.063
   87     29.09 -61.68   6.12   6.82   0.15  -0.30   -0.109  0.161 -0.080  0.044
   88     38.03-103.00 -28.05   7.51   0.28   0.14   -0.049  0.329 -0.125 -0.144
   89     47.74-142.30  89.69  21.73   0.34   0.58   -0.033 -0.122  0.181  0.555
   90     48.22-140.11  88.62  21.57   0.28   0.54   -0.039 -0.058  0.257  0.532
   91     33.95  33.81  85.01  19.95   0.26   0.28   -0.051  0.109 -0.041  0.105

 A V E R A G E   of ADJUSTMENTS :                    -0.058  0.021  0.009  0.121
 A V E R A G E   of ABSOLUTE ADJUSTMENTS :            0.058  0.157  0.139  0.220


 Step length damping of 0.24819 was applied.


 Velocity adjustments:
     vp    dvp      hp   reflector
 Velocity model   1
   4.813 -0.086   -5.000      
   5.380  0.060   -2.190      
   6.200  0.128    6.340      
   6.201  0.000    6.890      
   6.408 -0.029   14.640      
   6.492 -0.055   15.890      
   6.996  0.030   27.440      
   7.519  0.009   31.650      
   7.656  0.017   33.070      
   7.657  0.000   35.140      

 Calculation of average velocity starts at layer #           1
 z = -5.00 ... -2.19    v = 4.81    AVEL = 4.81 downto z =  -2.19
 z = -2.19 ...  6.34    v = 5.38    AVEL = 5.24 downto z =   6.34
 z =  6.34 ...  6.89    v = 6.20    AVEL = 5.28 downto z =   6.89
 z =  6.89 ... 14.64    v = 6.20    AVEL = 5.65 downto z =  14.64
 z = 14.64 ... 15.89    v = 6.41    AVEL = 5.69 downto z =  15.89
 z = 15.89 ... 27.44    v = 6.49    AVEL = 5.98 downto z =  27.44
 z = 27.44 ... 31.65    v = 7.00    AVEL = 6.09 downto z =  31.65
 z = 31.65 ... 33.07    v = 7.52    AVEL = 6.15 downto z =  33.07
 z = 33.07 ... 35.14    v = 7.66    AVEL = 6.22 downto z =  35.14


 Calculation of average velocity starts at layer #           2
 z = -2.19 ...  6.34    v = 5.38    AVEL = 5.38 downto z =   6.34
 z =  6.34 ...  6.89    v = 6.20    AVEL = 5.43 downto z =   6.89
 z =  6.89 ... 14.64    v = 6.20    AVEL = 5.78 downto z =  14.64
 z = 14.64 ... 15.89    v = 6.41    AVEL = 5.83 downto z =  15.89
 z = 15.89 ... 27.44    v = 6.49    AVEL = 6.09 downto z =  27.44
 z = 27.44 ... 31.65    v = 7.00    AVEL = 6.20 downto z =  31.65
 z = 31.65 ... 33.07    v = 7.52    AVEL = 6.25 downto z =  33.07
 z = 33.07 ... 35.14    v = 7.66    AVEL = 6.33 downto z =  35.14



 Adjusted station corrections:
   stn  ptcor  dpcor  
  624   0.000  0.000  628  -0.164 -0.046  630  -0.070 -0.037  627   0.031  0.017
  621   0.038  0.009  629   0.118  0.007  622   0.036  0.014  620  -0.021  0.000
  623   0.134  0.037  626   0.088  0.021  625   0.066  0.014  631   0.168  0.034
  632  -0.060 -0.025

 ~~~ another iteration? ...
 NITT = ITTMAX  --> stop iterations.
 ~~~ final solution reached ...

 ~~~ damp G & Chol.-Decomp.: NOT made (switch iresolcalc is NOT set !)

 Final rms values:  0.13 0.14 0.36 0.43 0.05 0.09 0.58 0.43 0.06 1.06
                    1.32 0.12 0.17 0.28 0.34 0.41 0.25 0.10 0.11 0.16
                    0.31 0.20 0.31 0.41 0.07 0.07 0.13 0.34 0.33 0.45
                    0.39 0.15 0.15 0.05 0.22 0.30 0.09 0.27 0.30 0.18
                    0.14 0.08 0.36 0.04 0.26 0.09 0.43 0.07 0.13 0.28
                    0.46 0.34 0.40 0.30 0.14 0.40 0.39 0.49 0.64 0.81
                    0.43 0.59 0.09 0.56 0.06 0.26 0.15 0.26 0.00 0.39
                    0.51 0.06 0.28 0.29 1.00 0.00 0.17 0.25 0.48 0.44
                    0.50 0.42 0.12 0.05 0.45 0.08 0.15 0.28 0.34 0.28
                    0.26



 ~~~ output final hypocenters ...

      date    origin   latitude longitude  depth  mag  no  rms      x      y      z
   1 160818 1613  9.00 73.0046N 124.8532E  23.60 1.40   6 0.131   38.50 112.10  23.60
   2 160818 1613  9.19 72.9935N 124.8694E  23.30 1.10   6 0.145   37.97 110.86  23.30
   3 160819 0959 27.13 71.9308N 129.7773E  11.63 4.00  12 0.358 -130.57  -7.72  11.63
   4 160820 1506 15.47 71.9439N 129.8062E   9.69 1.50   9 0.426 -131.52  -6.26   9.69
   5 160820 1904 45.58 72.3468N 127.1742E  24.24 1.20   6 0.050  -40.14  38.70  24.24
   6 160822 1318 49.41 72.3637N 127.0681E  17.60 0.60   8 0.092  -36.49  40.58  17.60
   7 160823 0652 13.82 70.9261N 129.7772E   6.19 2.90   6 0.583 -134.08-119.83   6.19
   8 160824 1510 30.28 71.6060N 130.0487E   8.86 1.50   9 0.431 -141.17 -43.96   8.86
   9 160906 1514 39.59 72.5047N 125.6853E  11.86 0.90   6 0.064   10.71  56.32  11.86
  10 160920 1607 17.93 69.2382N 128.3959E  16.23 2.60   2 1.056  -88.76-308.17  16.23
  11 160925 1911  5.03 69.2248N 127.7373E  15.65 2.30   2 1.317  -64.39-309.67  15.65
  12 161004 0841 51.19 72.8468N 124.9609E  15.79 0.20   6 0.124   35.04  94.49  15.79
  13 161005 1619 46.79 72.8792N 125.0035E  19.95 1.00   9 0.165   33.57  98.11  19.95
  14 161006 0156 55.80 72.8722N 124.9974E  14.53 1.00   7 0.284   33.78  97.33  14.53
  15 161009 0036 44.59 72.8747N 124.9896E  18.14 1.30   8 0.344   34.04  97.60  18.14
  16 161009 0036 44.73 72.8654N 124.9720E  19.02 1.20   7 0.411   34.64  96.56  19.02
  17 161012 0800 21.97 72.7401N 126.0277E  18.84 0.80   7 0.251   -0.94  82.59  18.84
  18 161015 1013 36.37 72.0401N 126.9791E  11.70 0.70   7 0.104  -33.75   4.48  11.70
  19 161021 0507 33.25 72.5730N 124.7893E  10.12 0.80   6 0.109   41.13  63.94  10.12
  20 161124 2250 45.85 72.7641N 124.8896E  16.13 3.10   4 0.158   37.53  85.26  16.13
  21 161125 0156 34.05 72.7400N 124.9293E  13.33 0.60   7 0.307   36.21  82.57  13.33
  22 161125 0517 25.83 72.7640N 124.9548E  12.91 1.60   6 0.198   35.32  85.25  12.91
  23 161125 0525 15.85 72.7711N 124.9652E  10.63 0.80   6 0.312   34.96  86.04  10.63
  24 161125 0556  2.13 72.7339N 124.9907E   6.28 0.20   6 0.405   34.14  81.89   6.28
  25 170117 0846 48.63 72.2060N 127.3335E  22.79 0.30   6 0.074  -45.76  22.99  22.79
  26 170122 1614 27.51 71.9626N 128.0226E  10.32 0.90   6 0.074  -69.86  -4.17  10.32
  27 170125 2244  0.14 72.4376N 126.0101E  13.09 0.80   6 0.129   -0.35  48.83  13.09
  28 170302 1359 59.02 72.6844N 124.8886E  10.88 0.50   7 0.336   37.64  76.37  10.88
  29 170302 2335 20.17 71.8891N 130.3034E  15.65 2.10   9 0.335 -148.92 -12.38  15.65
  30 170304 2135  2.90 72.6825N 124.9220E  13.71 1.30   7 0.451   36.51  76.16  13.71
  31 170307 0447 20.94 72.6909N 124.9333E  13.93 1.70  10 0.391   36.12  77.09  13.93
  32 170307 2016 50.77 72.6877N 124.9166E  14.80 1.10   6 0.151   36.69  76.74  14.80
  33 170309 1454  0.80 72.6802N 124.8992E  15.65 0.30   6 0.148   37.29  75.90  15.65
  34 170311 0430 55.41 72.3114N 126.4820E  24.67 0.30   6 0.049  -16.49  34.74  24.67
  35 170312 0416 39.51 71.9248N 128.0570E   6.48 2.10   6 0.218  -71.12  -8.39   6.48
  36 170313 0553 59.09 72.6951N 124.9204E  15.08 1.00   9 0.304   36.55  77.56  15.08
  37 170313 0809  5.56 72.4471N 125.0880E  13.82 1.20   7 0.092   31.09  49.89  13.82
  38 170315 0234 46.40 72.6548N 123.8484E  17.42 1.40   7 0.273   72.93  73.07  17.42
  39 170317 1007 14.23 72.2243N 126.0018E   5.33 0.50   7 0.302   -0.06  25.03   5.33
  40 170320 0711 14.45 72.1235N 127.2233E  16.81 0.90   6 0.176  -42.07  13.78  16.81
  41 170320 0853 56.48 72.7039N 124.9656E   6.65 0.40   6 0.143   35.01  78.54   6.65
  42 170320 1900 34.28 72.4132N 126.1072E  17.90 0.60   7 0.085   -3.66  46.10  17.90
  43 170323 0519 24.72 71.6501N 129.1553E   6.24 1.20   6 0.358 -109.89 -39.04   6.24
  44 170323 1612 49.59 72.4493N 125.1115E   8.09 0.50   6 0.035   30.29  50.13   8.09
  45 170323 1906 41.16 72.4107N 130.2479E  19.04 1.00   6 0.256 -144.95  45.82  19.04
  46 170326 0836 34.03 71.9887N 127.6600E  16.28 1.50   7 0.088  -57.29  -1.26  16.28
  47 170402 0422  1.02 72.7198N 125.6787E  21.95 1.20  10 0.427   10.87  80.32  21.95
  48 170402 0636 37.22 72.7309N 125.6779E  23.81 0.70   6 0.070   10.89  81.55  23.81
  49 170404 2347 35.65 72.7564N 124.3971E  22.62 0.50   6 0.126   54.18  84.41  22.62
  50 170405 0307 36.05 71.6776N 128.9373E  15.08 1.00  10 0.275 -102.22 -35.98  15.08
  51 170405 1410 53.08 71.5129N 128.8719E   7.18 1.70  10 0.462 -100.38 -54.35   7.18
  52 170406 0838 43.13 72.3937N 129.3945E  15.91 0.90  10 0.344 -115.88  43.93  15.91
  53 170406 1728  1.00 72.7234N 125.6798E  21.55 0.90  10 0.405   10.83  80.72  21.55
  54 170407 1729  1.76 74.8909N 128.6317E  15.75 1.80   2 0.302  -83.73 322.57  15.75
  55 170407 1729  2.27 74.7263N 128.8003E   0.57 1.60   5 0.141  -89.53 304.21   0.57
  56 170408 1004 44.85 72.6017N 124.9427E  14.38 1.40  13 0.402   35.89  67.14  14.38
  57 170409 0856 46.96 73.3890N 128.5570E  15.63 2.50   6 0.389  -84.93 154.99  15.63
  58 170409 0902 45.52 73.3600N 128.4249E  16.20 1.10   7 0.494  -80.61 151.75  16.20
  59 170410 1520  8.65 72.0099N 128.4058E   5.20 1.00  10 0.640  -82.99   1.11   5.20
  60 170410 1813  3.48 70.9471N 129.1057E   2.64 2.20  13 0.811 -110.18-117.48   2.64
  61 170412 1507  0.64 71.5060N 129.7819E   4.55 0.70   6 0.427 -132.22 -55.12   4.55
  62 170413 0651 20.07 73.3661N 125.3980E  15.80 1.00  10 0.586   20.01 152.43  15.80
  63 170414 0459 18.75 72.2633N 127.3722E  20.94 0.50   7 0.089  -47.01  29.38  20.94
  64 170414 0540  4.46 73.6715N 130.8910E   8.03 1.80  11 0.556 -161.17 186.51   8.03
  65 170414 1656 23.40 72.1801N 127.3893E  15.74 0.20   6 0.062  -47.70  20.10  15.74
  66 170414 1753 32.74 72.3917N 130.4722E  19.34 0.70   6 0.258 -152.68  43.71  19.34
  67 170416 0523 41.87 71.9501N 127.0679E  18.66 1.60  13 0.151  -36.90  -5.57  18.66
  68 170416 1220 14.00 72.9568N 124.4813E  20.86 1.00  11 0.265   51.05 106.77  20.86
 WARNING: Event-# :          69 has zero observations!
  69 170416 1257 48.30 68.8710N 131.7500E  73.50 2.20   0 0.000 -214.97-349.14  73.50
  70 170416 1821  5.39 72.8691N 124.9947E  19.50 1.30  13 0.390   33.88  96.98  19.50
  71 170418 0606  4.59 72.5216N 125.8017E   4.25 0.20   6 0.505    6.75  58.20   4.25
  72 170418 1005 55.15 69.3324N 122.4132E  96.95 2.20   1 0.063  132.58-297.66  96.95
  73 170418 1500 12.89 72.7302N 124.5105E  22.98 1.30  12 0.279   50.38  81.48  22.98
  74 170420 1302 36.09 72.6319N 129.0200E  22.62 0.90  11 0.291 -102.43  70.51  22.62
  75 170420 2248 46.33 72.0311N 129.2098E   0.64 0.70  11 1.001 -110.66   3.47   0.64
 WARNING: Event-# :          76 has zero observations!
  76 170423 0850 54.60 74.7080N 132.7900E   0.10 1.90   0 0.000 -217.19 302.17   0.10
  77 170423 1455 44.01 72.8412N 124.4885E  17.06 0.60   8 0.170   50.97  93.86  17.06
  78 170423 2313 41.76 72.5894N 124.8695E  21.83 1.30  12 0.249   38.39  65.77  21.83
  79 170424 0609 59.12 71.9566N 127.9784E   4.46 1.10  12 0.483  -68.34  -4.84   4.46
  80 170424 0755 27.22 71.9426N 127.9997E   5.08 1.00  12 0.441  -69.10  -6.41   5.08
  81 170424 0755 27.43 71.9543N 127.9911E   4.37 1.00  12 0.499  -68.78  -5.10   4.37
  82 170425 0652 23.79 71.9564N 127.9895E   4.66 1.20   9 0.420  -68.73  -4.87   4.66
  83 170426 0051 23.13 71.9382N 128.0564E   6.74 0.70   6 0.115  -71.07  -6.90   6.74
  84 170426 1425 21.19 72.0705N 127.2439E  21.18 0.10   6 0.051  -42.84   7.87  21.18
  85 170426 1834 24.44 71.5895N 130.7959E  10.20 1.20   8 0.447 -167.30 -45.81  10.20
  86 170426 1840 44.03 72.2652N 126.3525E  18.38 1.30   8 0.076  -12.07  29.59  18.38
  87 170427 0912 29.09 72.0548N 127.7903E   6.82 0.90   8 0.145  -61.68   6.12   6.82
  88 170427 1041 38.03 71.7487N 128.9653E   7.51 0.70   7 0.285 -103.00 -28.05   7.51
  89 170427 2010 47.74 72.8038N 130.2152E  21.73 1.30   8 0.338 -142.30  89.69  21.73
  90 170427 2010 48.22 72.7942N 130.1491E  21.57 1.30   8 0.284 -140.11  88.62  21.57
  91 170427 2342 33.95 72.7618N 124.9997E  19.95 0.80   6 0.261   33.81  85.01  19.95

 ~~~ output final station residuals ...
 TURBO-option is set; residuals are NOT printed for each event!



   station statistics, remember nsp was set to: 1


 sta phase nobs avres  avwres    std    wsum    delay

 624    P  74  0.1257  0.1257  0.2704  74.0000  0.0000
 628    P  69  0.0113  0.0113  0.4018  69.0000 -0.1640
 630    P  53  0.1200  0.1200  0.3075  53.0000 -0.0696
 627    P  46  0.1139  0.1139  0.4648  46.0000  0.0305
 621    P  59  0.3225  0.3225  0.4240  59.0000  0.0381
 629    P  43  0.1298  0.1298  0.4308  43.0000  0.1181
 622    P  58  0.1686  0.1686  0.3809  58.0000  0.0363
 620    P  48  0.1244  0.1244  0.4356  48.0000 -0.0206
 623    P  55  0.2258  0.2258  0.3509  55.0000  0.1344
 626    P  52  0.2904  0.2904  0.4999  52.0000  0.0883
 625    P  49  0.1834  0.1834  0.4148  49.0000  0.0663
 631    P  49  0.5648  0.5648  0.6243  49.0000  0.1683
 632    P  24  0.3499  0.3499  0.5520  24.0000 -0.0599


 ~~~ output statistics ...




 RAY-STATISTICS FOR  L A S T  ITERATION
 --------------------------------------

 NHYP : nr of hypocenters in this layer
 NREF : nr of headwaves in this layer
 %len : % of "refracted km" in this layer 
        with respect to all refracted kilometers
 NHIT : nr of rays passed thru this layer
 xy-km: average horizontal ray length [km] in layer
 z-km : average  vertical  ray length [km] in layer
 RFLX : number of reflections at bottom of this layer

 nlay   top ..... bottom     velocity   NHYP NREF %len  NHIT xy-km  z-km  RFLX

   1    -5.00... -2.19 km    4.81 km/s    0    0   0.0     0   0.0   0.0     0
   2    -2.19...  6.34 km    5.38 km/s   15    0   0.0  1460   6.9   5.1     0
   3     6.34...  6.89 km    6.20 km/s    4   74  20.9   693   9.4   0.5     0
   4     6.89... 14.64 km    6.20 km/s   22    5   0.9   675  18.0   6.7     0
   5    14.64... 15.89 km    6.41 km/s   11    7   0.7   623   4.3   1.1     0
   6    15.89... 27.44 km    6.49 km/s   37   75  18.4   596  24.7   6.9     0
   7    27.44... 31.65 km    7.00 km/s    0    0   0.0   311   9.5   4.2     0
   8    31.65... 33.07 km    7.52 km/s    0    0   0.0   311   7.4   1.4     0
   9    33.07... 35.14 km    7.66 km/s    0  155  59.1   156  80.9   0.0     0
  10    35.14...       km    7.66 km/s    2    0   0.0     0   0.0   0.0

 Total nr of events was   91

 Total nr of refracted rays =   316
 Total nr of reflected rays =     0
 Total nr of   other   rays =   363
                              ------
 Total nr of    all    rays =   679

 Average (absolute) error of the raytracers:
  Straight and direct rays :  195.00 meters
  Refracted           rays :    0.01 meters
  Reflected           rays :    0.00 meters


 ALL RAYS TOGETHER:
 Average horizontal ray length =   89.9 km   (Hypocenter --> Station) 
 Average  vertical  ray length =   18.8 km   (Deepest ray-point --> Station)



 ... and some more STATISTICS 
 ---------------------------- 
  GAP of final epicenters:

  Event# -> GAP  Event# -> GAP  Event# -> GAP  Event# -> GAP  Event# -> GAP
       1 -> 295       2 -> 294       3 -> 271       4 -> 275       5 -> 307
       6 ->  98       7 -> 321       8 -> 306       9 -> 168      10 -> 346
      11 -> 347      12 -> 258      13 -> 264      14 -> 262      15 -> 263
      16 -> 264      17 -> 253      18 -> 243      19 -> 160      20 -> 302
      21 -> 231      22 -> 238      23 -> 240      24 -> 228      25 -> 129
      26 -> 103      27 -> 152      28 -> 212      29 -> 305      30 -> 211
      31 -> 214      32 -> 213      33 -> 210      34 -> 132      35 -> 239
      36 -> 216      37 -> 132      38 -> 311      39 -> 117      40 -> 210
      41 -> 218      42 -> 122      43 -> 230      44 -> 133      45 -> 308
      46 -> 125      47 -> 224      48 -> 226      49 -> 286      50 -> 194
      51 -> 289      52 -> 271      53 -> 224      54 -> 354      55 -> 347
      56 -> 179      57 -> 310      58 -> 318      59 -> 174      60 -> 310
      61 -> 302      62 -> 306      63 -> 149      64 -> 322      65 -> 128
      66 -> 293      67 ->  87      68 -> 295      69 -> 171      70 -> 262
      71 -> 179      72 ->   0      73 -> 258      74 -> 299      75 -> 244
      76 ->  60      77 -> 284      78 -> 171      79 -> 161      80 -> 167
      81 -> 164      82 -> 162      83 -> 238      84 -> 117      85 -> 315
      86 ->  94      87 -> 113      88 -> 269      89 -> 318      90 -> 317
      91 -> 294

 GAPs were between   0 and 354
      (average GAP was 228)



  MAGNITUDES of INPUT-DATA:

 Magnitude (# of events)   ***average number of obs***

 MAG<= 1.0 ( 47) *******
 MAG = 1.1 (  4) ********
 MAG = 1.2 (  7) ********
 MAG = 1.3 (  8) *********1
 MAG = 1.4 (  3) *********
 MAG = 1.5 (  3) ********
 MAG = 1.6 (  3) ********
 MAG = 1.7 (  2) *********1
 MAG = 1.8 (  2) *******
 MAG = 1.9 (  1)  
 MAG = 2.0 (  0)  
 MAG = 2.1 (  2) ********
 MAG = 2.2 (  3) *****
 MAG = 2.3 (  1) **
 MAG = 2.4 (  0)  
 MAG = 2.5 (  1) ******
 MAG = 2.6 (  1) **
 MAG = 2.7 (  0)  
 MAG = 2.8 (  0)  
 MAG = 2.9 (  1) ******
 MAG = 3.0 (  0)  
 MAG = 3.1 (  1) ****
 MAG = 3.2 (  0)  
 MAG = 3.3 (  0)  
 MAG = 3.4 (  0)  
 MAG = 3.5 (  0)  
 MAG = 3.6 (  0)  
 MAG = 3.7 (  0)  
 MAG = 3.8 (  0)  
 MAG = 3.9 (  0)  
 MAG = 4.0 (  1) *********1**
 MAG = 4.1 (  0)  
 MAG = 4.2 (  0)  
 MAG = 4.3 (  0)  
 MAG = 4.4 (  0)  
 MAG = 4.5 (  0)  
 MAG = 4.6 (  0)  
 MAG = 4.7 (  0)  
 MAG = 4.8 (  0)  
 MAG = 4.9 (  0)  
 MAG = 5.0 (  0)  
 MAG = 5.1 (  0)  
 MAG = 5.2 (  0)  
 MAG = 5.3 (  0)  
 MAG = 5.4 (  0)  
 MAG = 5.5 (  0)  
 MAG = 5.6 (  0)  
 MAG = 5.7 (  0)  
 MAG = 5.8 (  0)  
 MAG = 5.9 (  0)  
 MAG>= 6.0 (  0)  





  DEPTHs of INPUT-DATA and of LAST ITERATION:
  ===========================================

       Depth       # of events  

 DEPTH ( input ) =  -4. km :   
 DEPTH (last_IT) =  -4. km :   
 DEPTH ( input ) =  -3. km :   
 DEPTH (last_IT) =  -3. km :   
 DEPTH ( input ) =  -2. km :   
 DEPTH (last_IT) =  -2. km :   
 DEPTH ( input ) =  -1. km :   
 DEPTH (last_IT) =  -1. km :   
 DEPTH ( input ) =   0. km :  ........
 DEPTH (last_IT) =   0. km :  *
 DEPTH ( input ) =   1. km :  .
 DEPTH (last_IT) =   1. km :  **
 DEPTH ( input ) =   2. km :   
 DEPTH (last_IT) =   2. km :   
 DEPTH ( input ) =   3. km :  ...
 DEPTH (last_IT) =   3. km :  *
 DEPTH ( input ) =   4. km :  ..
 DEPTH (last_IT) =   4. km :  ***
 DEPTH ( input ) =   5. km :  ..
 DEPTH (last_IT) =   5. km :  *****
 DEPTH ( input ) =   6. km :  ..
 DEPTH (last_IT) =   6. km :  ****
 DEPTH ( input ) =   7. km :  .
 DEPTH (last_IT) =   7. km :  ****
 DEPTH ( input ) =   8. km :  ...
 DEPTH (last_IT) =   8. km :  ***
 DEPTH ( input ) =   9. km :  ..
 DEPTH (last_IT) =   9. km :  *
 DEPTH ( input ) =  10. km :  ..
 DEPTH (last_IT) =  10. km :  ****
 DEPTH ( input ) =  11. km :  ...
 DEPTH (last_IT) =  11. km :  **
 DEPTH ( input ) =  12. km :  ....
 DEPTH (last_IT) =  12. km :  ***
 DEPTH ( input ) =  13. km :  ..
 DEPTH (last_IT) =  13. km :  ***
 DEPTH ( input ) =  14. km :  ...
 DEPTH (last_IT) =  14. km :  ****
 DEPTH ( input ) =  15. km :  ........
 DEPTH (last_IT) =  15. km :  ****
 DEPTH ( input ) =  16. km :  .........1.
 DEPTH (last_IT) =  16. km :  *********1***
 DEPTH ( input ) =  17. km :  .....
 DEPTH (last_IT) =  17. km :  ***
 DEPTH ( input ) =  18. km :  ....
 DEPTH (last_IT) =  18. km :  ****
 DEPTH ( input ) =  19. km :  .....
 DEPTH (last_IT) =  19. km :  ******
 DEPTH ( input ) =  20. km :  .....
 DEPTH (last_IT) =  20. km :  **
 DEPTH ( input ) =  21. km :  ..
 DEPTH (last_IT) =  21. km :  ***
 DEPTH ( input ) =  22. km :  ....
 DEPTH (last_IT) =  22. km :  *****
 DEPTH ( input ) =  23. km :  ....
 DEPTH (last_IT) =  23. km :  *****
 DEPTH ( input ) =  24. km :  ..
 DEPTH (last_IT) =  24. km :  ***
 DEPTH ( input ) =  25. km :  .
 DEPTH (last_IT) =  25. km :  *
 DEPTH ( input ) =  26. km :   
 DEPTH (last_IT) =  26. km :   
 DEPTH ( input ) =  27. km :   
 DEPTH (last_IT) =  27. km :   
 DEPTH ( input ) =  28. km :   
 DEPTH (last_IT) =  28. km :   
 DEPTH ( input ) =  29. km :   
 DEPTH (last_IT) =  29. km :   
 DEPTH ( input ) =  30. km :   
 DEPTH (last_IT) =  30. km :   
 DEPTH ( input ) =  31. km :   
 DEPTH (last_IT) =  31. km :   
 DEPTH ( input ) =  32. km :   
 DEPTH (last_IT) =  32. km :   
 DEPTH ( input ) =  33. km :   
 DEPTH (last_IT) =  33. km :   
 DEPTH ( input ) =  34. km :   
 DEPTH (last_IT) =  34. km :   
 DEPTH ( input ) =  35. km :   
 DEPTH (last_IT) =  35. km :   
 DEPTH ( input ) =  36. km :   
 DEPTH (last_IT) =  36. km :   
 DEPTH ( input ) =  37. km :   
 DEPTH (last_IT) =  37. km :   
 DEPTH ( input ) =  38. km :   
 DEPTH (last_IT) =  38. km :   
 DEPTH ( input ) =  39. km :   
 DEPTH (last_IT) =  39. km :   
 DEPTH ( input ) =  40. km :   
 DEPTH (last_IT) =  40. km :   
 DEPTH ( input ) =  41. km :   
 DEPTH (last_IT) =  41. km :   
 DEPTH ( input ) =  42. km :   
 DEPTH (last_IT) =  42. km :   
 DEPTH ( input ) =  43. km :   
 DEPTH (last_IT) =  43. km :   
 DEPTH ( input ) =  44. km :   
 DEPTH (last_IT) =  44. km :   
 DEPTH ( input ) =  45. km :   
 DEPTH (last_IT) =  45. km :   
 DEPTH ( input ) =  46. km :   
 DEPTH (last_IT) =  46. km :   
 DEPTH ( input ) =  47. km :   
 DEPTH (last_IT) =  47. km :   
 DEPTH ( input ) =  48. km :   
 DEPTH (last_IT) =  48. km :   
 DEPTH ( input ) =  49. km :   
 DEPTH (last_IT) =  49. km :   
 DEPTH ( input ) =  50. km :   
 DEPTH (last_IT) =  50. km :   
 DEPTH ( input ) =  51. km :   
 DEPTH (last_IT) =  51. km :   
 DEPTH ( input ) =  52. km :   
 DEPTH (last_IT) =  52. km :   
 DEPTH ( input ) =  53. km :   
 DEPTH (last_IT) =  53. km :   
 DEPTH ( input ) =  54. km :   
 DEPTH (last_IT) =  54. km :   
 DEPTH ( input ) =  55. km :   
 DEPTH (last_IT) =  55. km :   
 DEPTH ( input ) =  56. km :   
 DEPTH (last_IT) =  56. km :   
 DEPTH ( input ) =  57. km :   
 DEPTH (last_IT) =  57. km :   
 DEPTH ( input ) =  58. km :   
 DEPTH (last_IT) =  58. km :   
 DEPTH ( input ) =  59. km :   
 DEPTH (last_IT) =  59. km :   
 DEPTH ( input ) =  60. km :   
 DEPTH (last_IT) =  60. km :   
 DEPTH ( input ) =  61. km :   
 DEPTH (last_IT) =  61. km :   
 DEPTH ( input ) =  62. km :   
 DEPTH (last_IT) =  62. km :   
 DEPTH ( input ) =  63. km :   
 DEPTH (last_IT) =  63. km :   
 DEPTH ( input ) =  64. km :   
 DEPTH (last_IT) =  64. km :   
 DEPTH ( input ) =  65. km :   
 DEPTH (last_IT) =  65. km :   
 DEPTH ( input ) =  66. km :   
 DEPTH (last_IT) =  66. km :   
 DEPTH ( input ) =  67. km :   
 DEPTH (last_IT) =  67. km :   
 DEPTH ( input ) =  68. km :   
 DEPTH (last_IT) =  68. km :   
 DEPTH ( input ) =  69. km :   
 DEPTH (last_IT) =  69. km :   
 DEPTH ( input ) =  70. km :   
 DEPTH (last_IT) =  70. km :   
 DEPTH ( input ) =  71. km :   
 DEPTH (last_IT) =  71. km :   
 DEPTH ( input ) =  72. km :   
 DEPTH (last_IT) =  72. km :   
 DEPTH ( input ) =  73. km :   
 DEPTH (last_IT) =  73. km :   
 DEPTH ( input ) =  74. km :  .
 DEPTH (last_IT) =  74. km :  *
 DEPTH ( input ) =  75. km :   
 DEPTH (last_IT) =  75. km :   
 DEPTH ( input ) =  76. km :   
 DEPTH (last_IT) =  76. km :   
 DEPTH ( input ) =  77. km :   
 DEPTH (last_IT) =  77. km :   
 DEPTH ( input ) =  78. km :   
 DEPTH (last_IT) =  78. km :   
 DEPTH ( input ) =  79. km :   
 DEPTH (last_IT) =  79. km :   
 DEPTH ( input ) =  80. km :   
 DEPTH (last_IT) =  80. km :   
 DEPTH ( input ) =  81. km :   
 DEPTH (last_IT) =  81. km :   
 DEPTH ( input ) =  82. km :   
 DEPTH (last_IT) =  82. km :   
 DEPTH ( input ) =  83. km :   
 DEPTH (last_IT) =  83. km :   
 DEPTH ( input ) =  84. km :   
 DEPTH (last_IT) =  84. km :   
 DEPTH ( input ) =  85. km :   
 DEPTH (last_IT) =  85. km :   
 DEPTH ( input ) =  86. km :   
 DEPTH (last_IT) =  86. km :   
 DEPTH ( input ) =  87. km :   
 DEPTH (last_IT) =  87. km :   
 DEPTH ( input ) =  88. km :   
 DEPTH (last_IT) =  88. km :   
 DEPTH ( input ) =  89. km :   
 DEPTH (last_IT) =  89. km :   
 DEPTH ( input ) =  90. km :   
 DEPTH (last_IT) =  90. km :   
 DEPTH ( input ) =  91. km :   
 DEPTH (last_IT) =  91. km :   
 DEPTH ( input ) =  92. km :   
 DEPTH (last_IT) =  92. km :   
 DEPTH ( input ) =  93. km :   
 DEPTH (last_IT) =  93. km :   
 DEPTH ( input ) =  94. km :   
 DEPTH (last_IT) =  94. km :   
 DEPTH ( input ) =  95. km :   
 DEPTH (last_IT) =  95. km :   
 DEPTH ( input ) =  96. km :   
 DEPTH (last_IT) =  96. km :   
 DEPTH ( input ) =  97. km :  .
 DEPTH (last_IT) =  97. km :  *
 DEPTH ( input ) =  98. km :   
 DEPTH (last_IT) =  98. km :   
 DEPTH ( input ) =  99. km :   
 DEPTH (last_IT) =  99. km :   
 DEPTH ( input ) = 100. km :   
 DEPTH (last_IT) = 100. km :   
 DEPTH ( input ) > 100. km :   
 DEPTH (last_IT) > 100. km :   


 Residuals of the stations according to the azimuth:
 (RES  = total average residual at station)
 (RES1 = average residual of rays from 1st quadrant)
 (RES2 = average residual of rays from 2nd quadrant)
 (RES3 = average residual of rays from 3rd quadrant)
 (RES4 = average residual of rays from 4th quadrant)

 Stn#  Stn     RES          RES1         RES2         RES3         RES4
   1   624     0.13(  74)   0.09(  33)   0.03(   5)   0.14(  29)   0.28(   7)
   2   628     0.01(  69)  -0.06(  32)  -0.08(   5)  -0.03(  25)   0.55(   7)
   3   630     0.12(  53)   0.26(  24)  -0.11(  11)  -0.13(  10)   0.32(   8)
   4   627     0.11(  46)   0.25(  12)  -0.02(   1)  -0.15(  21)   0.45(  12)
   5   621     0.32(  59)   0.23(   7)   0.00(   0)   0.51(  18)   0.24(  34)
   6   629     0.13(  43)   0.34(  15)   0.00(   0)  -0.12(   8)   0.08(  20)
   7   622     0.17(  58)   0.01(  27)   0.00(   0)   0.31(  20)   0.31(  11)
   8   620     0.12(  48)   0.00(   1)   0.00(   0)   0.34(  18)  -0.01(  29)
   9   623     0.23(  55)   0.11(  30)   0.00(   0)   0.45(  17)   0.17(   8)
  10   626     0.29(  52)   0.25(  24)   0.00(   0)   0.13(   5)   0.37(  23)
  11   625     0.18(  49)   0.12(  15)   0.00(   0)   0.11(  23)   0.43(  11)
  12   631     0.56(  49)   0.75(  18)   0.25(   1)   1.04(   4)   0.37(  26)
  13   632     0.35(  24)   0.65(  12)   0.46(   2)  -0.09(   3)  -0.00(   7)



 CPU - statistics:

 TOTAL CPU-sec          =    0.3     (CPU-minutes:  0.005)

 >>>   End of program VELEST at 25-06-02 12:56       <<< [ CPU-sec :     0.3]
