 >>> Start of program VELEST at 25-06-02 12:56       <<<                        

 ::::::::::::::::::::::::::::::::::::::                                         
  V E L E S T  - Version : January 3, 1995                                      
  (Authors: see source code)                                                    
 ::::::::::::::::::::::::::::::::::::::                                         


 Title of this VELEST run:

 model_2
 -------


 Current array-dimensions of program VELEST:

 Max. number of EARTHQUAKES for simult. inversion IEQ = ***
 Max. number of SHOTS for simult. inversion    INSHOT =  50
 Max. number of (different) 1D-MODELS      ITOTMODELS =   2
 Max. number of LAYERS per one 1D-model        INLTOT = 100
 Max. number of STATIONS in stationlist           IST = 650
 Max. number of OBSERVATIONS per event MAXOBSPEREVENT = 180






    INPUT - P A R A M E T E R S :



***
***  olat       olon   icoordsystem      zshift   itrial ztrial    ised
  72.000000-126.000000      0            0.000       0     0.00      0
***
*** neqs   nshot    rotate
     91      0      0.0
***
*** isingle   iresolcalc
       0          0
***
*** dmax    itopo    zmin     veladj    zadj   lowveloclay
   300.00     0      0.01       0.20    5.00       0
***
*** nsp    swtfac   vpvs       nmod
     1      1.00    1.730        1
***
***   othet   xythet    zthet    vthet   stathet
       0.01     0.01     0.01     1.00     0.01
***
*** nsinv   nshcor   nshfix     iuseelev    iusestacorr
       1       0       0           1            1
***
*** iturbo    icnvout   istaout   ismpout
       1         1         1         0
***
*** irayout   idrvout   ialeout   idspout   irflout   irfrout   iresout
       0         0         0         0         0         0         0
***
*** delmin   ittmax   invertratio
    0.010       3          1
***
*** Modelfile:
tmp/model_2/synthvel/model_941.mod
***
*** Stationfile:
./velinp/station.sta
***
*** Seismofile:
 
***
*** File with region names:
 
***
*** File with region coordinates:
 
***
*** File #1 with topo data:
 
***
*** File #2 with topo data:
 
***
*** DATA INPUT files:
***
*** File with Earthquake data:
./velinp/data.cnv
***
*** File with Shot data:
 
***
*** OUTPUT files:
***
*** Main print output file:
./velout/model_2/velest941.out
***
*** File with single event locations:
velout.vel
***
*** File with final hypocenters in *.cnv format:
./velout/model_2/final_loc941.cnv
***
*** File with new station corrections:
./velout/model_2/stations_corr941.sta
***
*** File with summary cards (e.g. for plotting):
velout.smp
***
*** File with raypoints:
velout.ray
***
*** File with derivatives:
velout.drv
***
*** File with ALEs:
velout.ale
***
*** File with Dirichlet spreads:
velout.dspr
***
*** File with reflection points:
velout.rfl
***
*** File with refraction points:
velout.rfr
***
*** File with residuals:
velout.res
***




 Origin of cartesian coordinates:
        72.00000N   126.00000E

  X,Y-AXES rotated clockwise from North
           Rotation angle (rotate):
            rotate=    0.0 degr.

 icoordsystem =            0
 normal SHORT DISTANCE CONVERSION will be made
 x is positive towards west, y is positive towards north


 SHORT DISTANCE CONVERSION on ELLIPSOIDE of WORLD GEODETIC SYSTEM 1972 (WGS72)
 =============================================================================

 Radius at equator (REARTH)= 6378.13500  km
   1. / (ellipticity)      =    298.260

 Origin of cartesian coordinates [degrees]:
   72.0000000 N     -126.0000000 W

  Rotation angle (in degr.) clockwise from
North  rotate=    0.0

 Radius of sphere at OLAT =   6358.817 km

 Conversion of GEOGRAPHICAL LATITUDE to GEOCENTRICAL LATITUDE:
 RLATC = TAN(GEOCENTR.LAT) / TAN(GEOGRAPH.LAT)
 RLATC =   0.99333486

          Short distance conversions:
          one min lat ~  1.8597 km 
          one min lon ~  0.5751 km 







    INPUT - M O D E L :



 Model(s) read from file :
 tmp/model_2/synthvel/model_941.mod                                              

 model file title: 
Model: model_941.mod                    
 Velocity structure for model   1 :

 layer    vel   depth   vdamp  reflector
   1      4.82  -5.00    1.00         P-VELOCITY MODEL                  
   2      5.36  -1.32    1.00  
 WARNING:
 Only top of the first layer can be negative !!
   3      5.79   5.18    1.00  
   4      5.93   9.59    1.00  
   5      6.15  13.62    1.00  
   6      6.51  20.94    1.00  
   7      6.72  21.30    1.00  
   8      6.99  28.17    1.00  
   9      7.94  33.19    1.00  
  10      7.97  38.47    1.00  

 Calculation of average velocity starts at layer #            1
 z = -5.00 ... -1.32    v = 4.82    AVEL = 4.82 downto z =  -1.32
 z = -1.32 ...  5.18    v = 5.36    AVEL = 5.16 downto z =   5.18
 z =  5.18 ...  9.59    v = 5.79    AVEL = 5.35 downto z =   9.59
 z =  9.59 ... 13.62    v = 5.93    AVEL = 5.48 downto z =  13.62
 z = 13.62 ... 20.94    v = 6.15    AVEL = 5.67 downto z =  20.94
 z = 20.94 ... 21.30    v = 6.51    AVEL = 5.68 downto z =  21.30
 z = 21.30 ... 28.17    v = 6.72    AVEL = 5.90 downto z =  28.17
 z = 28.17 ... 33.19    v = 6.99    AVEL = 6.04 downto z =  33.19
 z = 33.19 ... 38.47    v = 7.94    AVEL = 6.27 downto z =  38.47


 Calculation of average velocity starts at layer #            2
 z = -1.32 ...  5.18    v = 5.36    AVEL = 5.36 downto z =   5.18
 z =  5.18 ...  9.59    v = 5.79    AVEL = 5.53 downto z =   9.59
 z =  9.59 ... 13.62    v = 5.93    AVEL = 5.64 downto z =  13.62
 z = 13.62 ... 20.94    v = 6.15    AVEL = 5.81 downto z =  20.94
 z = 20.94 ... 21.30    v = 6.51    AVEL = 5.82 downto z =  21.30
 z = 21.30 ... 28.17    v = 6.72    AVEL = 6.03 downto z =  28.17
 z = 28.17 ... 33.19    v = 6.99    AVEL = 6.17 downto z =  33.19
 z = 33.19 ... 38.47    v = 7.94    AVEL = 6.40 downto z =  38.47






    INPUT - S T A T I O N S :



 Station-parameters read from file :
 ./velinp/station.sta                                                            


     stn latitude longitude elev   x      y      z     ptcor stcor model icc
   1 624 72.4760N126.2750E     0  -9.37  53.11  -0.00   0.00  0.00   1  13
   2 628 72.4000N127.1470E     0 -39.15  44.63  -0.00   0.00  0.00   1  12
   3 630 72.0750N128.3250E     0 -80.06   8.37  -0.00   0.00  0.00   1  11
   4 627 72.1170N126.9820E     0 -33.78  13.06  -0.00   0.00  0.00   1  10
   5 621 72.1840N124.8890E     0  38.14  20.53  -0.00   0.00  0.00   1   9
   6 629 71.9290N127.3130E     0 -45.39  -7.92  -0.00   0.00  0.00   1   8
   7 622 72.4420N125.3130E     0  23.42  49.32  -0.00   0.00  0.00   1   7
   8 620 72.6540N124.3470E     0  56.03  72.98  -0.00   0.00  0.00   1   6
   9 623 72.3260N125.7600E     0   8.21  36.38  -0.00   0.00  0.00   1   5
  10 626 71.8880N126.0360E     0  -1.25 -12.50  -0.00   0.00  0.00   1   4
  11 625 72.1740N126.1070E     0  -3.67  19.42  -0.00   0.00  0.00   1   3
  12 631 71.3990N127.2470E     0 -43.72 -67.06  -0.00   0.00  0.00   1   2
  13 632 71.5740N129.0728E     0-107.23 -47.53  -0.00   0.00  0.00   1   1

 NO Seismo-parameter-file specified
 --> NO magnitudes calculated!




   neqs=   91  nshot=    0  nltot=   10

 ~~~ input parameters read.
 ~~~ set units for first iteration ...
 ~~~ determine number of unknowns ...

 Number of unknowns (for array-indexing):  nvar =  386
 Number of effective unknowns        :  nvareff =  374
 Number of elements on/below main diagonal of matrix G = At*A : kvar =   74691

 ~~~ reset G and RHT ...
 ~~~ input data, raytracing, setup G ...






    I N P U T - D A T A  

  eq    origin-time    latitude longitude depth    x      y      z    mag ifxOBS
   1 160818 1613  9.10 73.0030N 124.8500E  23.10  38.61 111.92  23.10 1.40 0   6
   2 160818 1613  9.30 72.9910N 124.8700E  22.80  37.95 110.58  22.80 1.10 0   6
   3 160819 0959 27.30 71.9230N 129.7600E  12.10-130.00  -8.59  12.10 4.00 0  12
   4 160820 1506 15.70 71.9380N 129.7900E  11.00-130.98  -6.92  11.00 1.50 0   9
   5 160820 1904 45.70 72.3480N 127.1800E  23.80 -40.33  38.83  23.80 1.20 0   6
   6 160822 1318 49.50 72.3650N 127.0800E  16.50 -36.90  40.73  16.50 0.60 0   8
   7 160823 0652 14.00 70.9330N 129.8100E   6.40-135.21-119.06   6.40 2.90 0   6
   8 160824 1510 30.40 71.6070N 130.0400E   8.60-140.86 -43.85   8.60 1.50 0   9
   9 160906 1514 39.70 72.5080N 125.6800E  12.10  10.89  56.68  12.10 0.90 0   6
 WARNING:
 epicentral distance: 303.3 > dmax ( 300.0) ==> skipping phase !
 WARNING:
 epicentral distance: 338.2 > dmax ( 300.0) ==> skipping phase !
  10 160920 1607 18.30 69.2370N 128.3500E  16.20 -87.07-308.31  16.20 2.60 0   2
 WARNING:
 epicentral distance: 318.5 > dmax ( 300.0) ==> skipping phase !
 WARNING:
 epicentral distance: 355.0 > dmax ( 300.0) ==> skipping phase !
  11 160925 1911  5.60 69.2250N 127.6800E  15.60 -62.26-309.64  15.60 2.30 0   2
  12 161004 0841 51.20 72.8480N 124.9600E  15.60  35.07  94.62  15.60 0.20 0   6
  13 161005 1619 46.90 72.8770N 125.0100E  19.00  33.35  97.86  19.00 1.00 0   9
  14 161006 0156 55.90 72.8740N 125.0100E  13.90  33.36  97.52  13.90 1.00 0   7
  15 161009 0036 44.70 72.8720N 124.9900E  17.20  34.03  97.30  17.20 1.30 0   8
  16 161009 0036 44.90 72.8580N 124.9600E  18.60  35.06  95.74  18.60 1.20 0   7
  17 161012 0800 22.10 72.7380N 126.0300E  18.50  -1.01  82.35  18.50 0.80 0   7
  18 161015 1013 36.50 72.0400N 126.9900E  11.20 -34.12   4.46  11.20 0.70 0   7
  19 161021 0507 33.30 72.5750N 124.7800E  10.10  41.44  64.16  10.10 0.80 0   6
  20 161124 2250 46.00 72.7630N 124.8800E  16.20  37.85  85.14  16.20 3.10 0   4
  21 161125 0156 34.10 72.7420N 124.9200E  14.50  36.52  82.80  14.50 0.60 0   7
  22 161125 0517 25.90 72.7650N 124.9400E  13.50  35.82  85.36  13.50 1.60 0   6
  23 161125 0525 15.90 72.7740N 124.9500E  11.60  35.48  86.37  11.60 0.80 0   6
  24 161125 0556  2.00 72.7350N 124.9700E   5.70  34.84  82.01   5.70 0.20 0   6
  25 170117 0846 48.60 72.2130N 127.3400E  22.00 -45.97  23.77  22.00 0.30 0   6
  26 170122 1614 27.60 71.9670N 128.0400E  10.30 -70.45  -3.68  10.30 0.90 0   6
  27 170125 2244  0.20 72.4440N 126.0200E  13.10  -0.68  49.54  13.10 0.80 0   6
  28 170302 1359 59.10 72.6830N 124.8900E  11.50  37.60  76.21  11.50 0.50 0   7
  29 170302 2335 20.20 71.8850N 130.3000E  14.80-148.82 -12.83  14.80 2.10 0   9
  30 170304 2135  2.90 72.6880N 124.9400E  13.40  35.90  76.77  13.40 1.30 0   7
  31 170307 0447 21.00 72.6940N 124.9200E  14.20  36.57  77.44  14.20 1.70 0  10
  32 170307 2016 50.80 72.6910N 124.9100E  15.30  36.91  77.10  15.30 1.10 0   6
  33 170309 1454  0.80 72.6830N 124.9000E  15.60  37.26  76.21  15.60 0.30 0   6
  34 170311 0430 55.40 72.3130N 126.5000E  24.50 -17.11  34.93  24.50 0.30 0   6
  35 170312 0416 39.20 71.9240N 128.0800E   3.40 -71.91  -8.48   3.40 2.10 0   6
  36 170313 0553 59.10 72.6980N 124.9200E  15.10  36.57  77.89  15.10 1.00 0   9
  37 170313 0809  5.60 72.4500N 125.0800E  14.90  31.36  50.21  14.90 1.20 0   7
  38 170315 0234 46.50 72.6540N 123.8400E  16.90  73.22  72.98  16.90 1.40 0   7
  39 170317 1007 14.10 72.2350N 125.9800E   3.90   0.69  26.22   3.90 0.50 0   7
  40 170320 0711 14.60 72.1250N 127.2200E  16.80 -41.95  13.95  16.80 0.90 0   6
  41 170320 0853 56.40 72.7090N 124.9700E   5.10  34.86  79.11   5.10 0.40 0   6
  42 170320 1900 34.30 72.4150N 126.1200E  18.00  -4.09  46.31  18.00 0.60 0   7
  43 170323 0519 24.60 71.6470N 129.1800E   5.20-110.76 -39.39   5.20 1.20 0   6
  44 170323 1612 49.70 72.4530N 125.1100E   8.30  30.33  50.55   8.30 0.50 0   6
  45 170323 1906 41.20 72.4070N 130.2500E  18.30-145.04  45.41  18.30 1.00 0   6
  46 170326 0836 34.10 71.9930N 127.6700E  16.10 -57.63  -0.78  16.10 1.50 0   7
  47 170402 0422  1.00 72.7220N 125.6900E  21.90  10.49  80.56  21.90 1.20 0  10
  48 170402 0636 37.20 72.7310N 125.6900E  23.50  10.49  81.57  23.50 0.70 0   6
  49 170404 2347 35.70 72.7580N 124.3800E  22.60  54.76  84.58  22.60 0.50 0   6
  50 170405 0307 36.10 71.6810N 128.9500E  15.30-102.66 -35.60  15.30 1.00 0  10
  51 170405 1410 53.20 71.5100N 128.9000E   9.30-101.37 -54.68   9.30 1.70 0  10
  52 170406 0838 43.20 72.3850N 129.3800E  15.50-115.42  42.96  15.50 0.90 0  10
  53 170406 1728  1.00 72.7230N 125.6900E  21.30  10.49  80.67  21.30 0.90 0  10
 WARNING:
 epicentral distance: 325.9 > dmax ( 300.0) ==> skipping phase !
 WARNING:
 epicentral distance: 332.9 > dmax ( 300.0) ==> skipping phase !
 WARNING:
 epicentral distance: 345.3 > dmax ( 300.0) ==> skipping phase !
 WARNING:
 epicentral distance: 391.9 > dmax ( 300.0) ==> skipping phase !
  54 170407 1729  3.40 74.8930N 128.6300E  15.60 -83.67 322.81  15.60 1.80 0   2
 WARNING:
 epicentral distance: 311.3 > dmax ( 300.0) ==> skipping phase !
 WARNING:
 epicentral distance: 315.4 > dmax ( 300.0) ==> skipping phase !
 WARNING:
 epicentral distance: 328.9 > dmax ( 300.0) ==> skipping phase !
 WARNING:
 epicentral distance: 374.2 > dmax ( 300.0) ==> skipping phase !
  55 170407 1729  3.50 74.7270N 128.8100E   0.40 -89.83 304.29   0.40 1.60 0   5
  56 170408 1004 44.90 72.6070N 124.9400E  15.00  35.98  67.73  15.00 1.40 0  13
  57 170409 0856 47.20 73.3850N 128.5500E  15.60 -84.71 154.54  15.60 2.50 0   6
  58 170409 0902 45.60 73.3500N 128.4400E  15.10 -81.13 150.64  15.10 1.10 0   7
  59 170410 1520  8.50 72.0030N 128.3900E   2.70 -82.46   0.33   2.70 1.00 0  10
  60 170410 1813  3.60 70.9360N 129.1200E   3.70-110.72-118.73   3.70 2.20 0  13
  61 170412 1507  0.60 71.5070N 129.7200E   0.00-130.05 -55.01   0.00 0.70 0   6
  62 170413 0651 20.10 73.3680N 125.4200E  15.60  19.28 152.65  15.60 1.00 0  10
  63 170414 0459 18.80 72.2680N 127.3800E  20.10 -47.27  29.90  20.10 0.50 0   7
  64 170414 0540  4.80 73.6400N 130.9700E   8.00-163.92 183.00   8.00 1.80 0  11
  65 170414 1656 23.40 72.1850N 127.4000E  15.50 -48.06  20.64  15.50 0.20 0   6
  66 170414 1753 32.80 72.3840N 130.4600E  17.90-152.30  42.85  17.90 0.70 0   6
  67 170416 0523 41.90 71.9560N 127.0800E  19.20 -37.31  -4.91  19.20 1.60 0  13
  68 170416 1220 14.20 72.9470N 124.4900E  20.40  50.77 105.67  20.40 1.00 0  11
 WARNING:
 epicentral distance: 320.3 > dmax ( 300.0) ==> skipping phase !
 WARNING:
 epicentral distance: 381.0 > dmax ( 300.0) ==> skipping phase !
 WARNING:
 epicentral distance: 398.8 > dmax ( 300.0) ==> skipping phase !
 WARNING:
 epicentral distance: 405.0 > dmax ( 300.0) ==> skipping phase !
 WARNING:
 epicentral distance: 424.8 > dmax ( 300.0) ==> skipping phase !
 WARNING:
 epicentral distance: 431.2 > dmax ( 300.0) ==> skipping phase !
 WARNING:
 epicentral distance: 445.5 > dmax ( 300.0) ==> skipping phase !
 WARNING:
 epicentral distance: 451.8 > dmax ( 300.0) ==> skipping phase !
 WARNING:
 epicentral distance: 464.3 > dmax ( 300.0) ==> skipping phase !
  69 170416 1257 48.30 68.8710N 131.7500E  73.50-214.97-349.14  73.50 2.20 0   0
  70 170416 1821  5.50 72.8670N 125.0000E  19.30  33.70  96.74  19.30 1.30 0  13
  71 170418 0606  4.10 72.5080N 125.8200E   1.30   6.13  56.68   1.30 0.20 0   6
 WARNING:
 epicentral distance: 315.2 > dmax ( 300.0) ==> skipping phase !
 WARNING:
 epicentral distance: 332.1 > dmax ( 300.0) ==> skipping phase !
 WARNING:
 epicentral distance: 345.3 > dmax ( 300.0) ==> skipping phase !
 WARNING:
 epicentral distance: 352.6 > dmax ( 300.0) ==> skipping phase !
 WARNING:
 epicentral distance: 346.7 > dmax ( 300.0) ==> skipping phase !
 WARNING:
 epicentral distance: 356.6 > dmax ( 300.0) ==> skipping phase !
 WARNING:
 epicentral distance: 363.9 > dmax ( 300.0) ==> skipping phase !
 WARNING:
 epicentral distance: 372.8 > dmax ( 300.0) ==> skipping phase !
 WARNING:
 epicentral distance: 378.6 > dmax ( 300.0) ==> skipping phase !
 WARNING:
 epicentral distance: 378.6 > dmax ( 300.0) ==> skipping phase !
  72 170418 1005 56.80 69.3310N 122.4100E  97.00 132.70-297.82  97.00 2.20 0   1
  73 170418 1500 12.90 72.7340N 124.5100E  23.10  50.40  81.90  23.10 1.30 0  12
  74 170420 1302 36.20 72.6290N 129.0200E  21.80-102.44  70.19  21.80 0.90 0  11
  75 170420 2248 46.70 72.0220N 129.1200E   0.00-107.59   2.46   0.00 0.70 0  11
 WARNING:
 epicentral distance: 313.1 > dmax ( 300.0) ==> skipping phase !
 WARNING:
 epicentral distance: 324.4 > dmax ( 300.0) ==> skipping phase !
 WARNING:
 epicentral distance: 324.2 > dmax ( 300.0) ==> skipping phase !
 WARNING:
 epicentral distance: 342.4 > dmax ( 300.0) ==> skipping phase !
 WARNING:
 epicentral distance: 349.0 > dmax ( 300.0) ==> skipping phase !
 WARNING:
 epicentral distance: 380.2 > dmax ( 300.0) ==> skipping phase !
 WARNING:
 epicentral distance: 381.6 > dmax ( 300.0) ==> skipping phase !
 WARNING:
 epicentral distance: 408.0 > dmax ( 300.0) ==> skipping phase !
  76 170423 0850 54.60 74.7080N 132.7900E   0.10-217.19 302.17   0.10 1.90 0   0
  77 170423 1455 44.10 72.8400N 124.4900E  16.80  50.92  93.73  16.80 0.60 0   8
  78 170423 2313 41.80 72.5960N 124.8700E  22.00  38.36  66.50  22.00 1.30 0  12
  79 170424 0609 58.60 71.9600N 128.0200E   0.10 -69.77  -4.46   0.10 1.10 0  12
  80 170424 0755 26.70 71.9480N 128.0300E   0.00 -70.14  -5.80   0.00 1.00 0  12
  81 170424 0755 26.90 71.9590N 128.0300E   0.00 -70.12  -4.57   0.00 1.00 0  12
  82 170425 0652 23.30 71.9600N 128.0300E   0.00 -70.12  -4.46   0.00 1.20 0   9
  83 170426 0051 23.20 71.9450N 128.0600E   6.60 -71.18  -6.14   6.60 0.70 0   6
  84 170426 1425 21.20 72.0790N 127.2600E  21.00 -43.38   8.82  21.00 0.10 0   6
  85 170426 1834 24.60 71.5840N 130.8000E  10.90-167.46 -46.42  10.90 1.20 0   8
  86 170426 1840 44.10 72.2710N 126.3600E  18.10 -12.33  30.24  18.10 1.30 0   8
  87 170427 0912 28.80 72.0640N 127.7900E   2.60 -61.65   7.14   2.60 0.90 0   8
  88 170427 1041 38.10 71.7480N 128.9900E   8.40-103.86 -28.12   8.40 0.70 0   7
  89 170427 2010 47.80 72.8010N 130.2000E  20.20-141.80  89.38  20.20 1.30 0   8
  90 170427 2010 48.30 72.7890N 130.1400E  20.10-139.82  88.04  20.10 1.30 0   8
  91 170427 2342 34.10 72.7630N 125.0100E  19.50  33.46  85.14  19.50 0.80 0   6

 readings for station 624  :  74
 readings for station 628  :  69
 readings for station 630  :  53
 readings for station 627  :  46
 readings for station 621  :  59
 readings for station 629  :  43
 readings for station 622  :  58
 readings for station 620  :  48
 readings for station 623  :  55
 readings for station 626  :  52
 readings for station 625  :  49
 readings for station 631  :  49
 readings for station 632  :  24

 Total number of stations with readings:  13

 Total number of readings:     679
 Total number of P readings:       0
 Total number of S readings:       0


 ~~~ store parts of G ...
 ~~~ compute RMS and DATVAR ...

 Total number of observations is:   679


 $$$$$$$$$$$$$$$$$$$$$$$$$$$$$$$$$$$$$$$$$$$$$$$$$
 Events with  | AVRES | > 1.0 SEC are suspicious !

 Event#  10 >>>  160920 1607  AVRES =  1.60 NOBS =  2
 Event#  11 >>>  160925 1911  AVRES =  1.23 NOBS =  2
 Event#  57 >>>  170409 0856  AVRES =  1.01 NOBS =  6
 Event#  64 >>>  170414 0540  AVRES =  1.19 NOBS = 11

 ^^^^^^^^^ C H E C K   these events above ^^^^^^^^
 $$$$$$$$$$$$$$$$$$$$$$$$$$$$$$$$$$$$$$$$$$$$$$$$$

 ~~~ save initial datvar ...

 Iteration nr  0 obtained:
 DATVAR=    0.835351 mean sqrd residual=     0.375231  RMS RESIDUAL=     0.612561

 After  0 iterations we got:
 Average absolute & unweighted [and mean] residual of
   322 straight and direct rays =  0.30431 [ -0.24297]
   357 refracted           rays =  0.61007 [  0.08295]
     0 reflected           rays =  0.00000 [  0.00000]

   679 ALL                 RAYS =  0.46507 [ -0.07161]        0.00 %




--------------------------------------------------------------------------------



           ITERATION no  1

 ~~~ set units for this iteration ...
 ~~~ determine number of unknowns for this iter. ...

 Number of unknowns (for array-indexing):  nvar =  386
 Number of effective unknowns        :  nvareff =  387
 Number of elements on/below main diagonal of matrix G = At*A : kvar =   74691

 Damping factors to be used in this iteration:
   Othet=   0.010   XYthet  =   0.010   Zthet=  0.010
 STAthet=   0.010   Vthet   =   1.000

 ~~~ damp G ...
 ~~~ solve G * b = RHT ...
 ~~~ fix units ...
 ~~~ apply eventually step-length damping ...
 ~~~ adjust model (hypocenters, stacorr & veloc.) ...

 doing velocity adjustments now...

 doing station-correction adjustments...

 ~~~ compute effective step-length ...

 (Applied) Step length =   4.055

 ~~~ set units for next iteration ...
 ~~~ determine number of unknowns for next iter. ...

 Number of unknowns (for array-indexing):  nvar =  386
 Number of effective unknowns        :  nvareff =  387
 Number of elements on/below main diagonal of matrix G = At*A : kvar =   74691

 ~~~ reset G and RHT ...
 ~~~ raytracing, setup G ...
 ~~~ store parts of G ...
 ~~~ set units back for current iteration ...
 ~~~ determine number of unknowns for this iter. ...

 Number of unknowns (for array-indexing):  nvar =  386
 Number of effective unknowns        :  nvareff =  387
 Number of elements on/below main diagonal of matrix G = At*A : kvar =   74691

 ~~~ compute RMS and DATVAR ...

 $$$$$$$$$$$$$$$$$$$$$$$$$$$$$$$$$$$$$$$$$$$$$$$$$
 Events with  | AVRES | > 1.0 SEC are suspicious !

 Event#  10 >>>  160920 1607  AVRES =  1.61 NOBS =  2
 Event#  11 >>>  160925 1911  AVRES =  1.32 NOBS =  2
 Event#  64 >>>  170414 0540  AVRES =  1.17 NOBS = 11

 ^^^^^^^^^ C H E C K   these events above ^^^^^^^^
 $$$$$$$$$$$$$$$$$$$$$$$$$$$$$$$$$$$$$$$$$$$$$$$$$

 ~~~ check solution (better? worse?) ...

 Iteration nr  1 obtained:
 DATVAR=    0.691207 mean sqrd residual=     0.297249  RMS RESIDUAL=     0.545206

 After  1 iterations we got:
 Average absolute & unweighted [and mean] residual of
   338 straight and direct rays =  0.24386 [ -0.19172]
   341 refracted           rays =  0.54661 [  0.12190]
     0 reflected           rays =  0.00000 [  0.00000]

   679 ALL                 RAYS =  0.39591 [ -0.03422]      -14.87 %

 ~~~ iteration done; output results ...

  eq       ot     x      y      z      rms    avres   dot     dx     dy     dz
    1      9.08  38.61 111.99  23.27   0.19   0.04   -0.025  0.003  0.072  0.173
    2      9.27  37.99 110.67  22.95   0.20   0.03   -0.029  0.037  0.094  0.153
    3     27.22-130.19  -8.32  12.08   0.46  -0.02   -0.083 -0.187  0.275 -0.024
    4     15.61-131.12  -6.77  10.84   0.56  -0.00   -0.094 -0.136  0.150 -0.165
    5     45.67 -40.29  38.73  23.83   0.07  -0.11   -0.028  0.046 -0.097  0.030
    6     49.46 -36.75  40.66  16.83   0.14  -0.22   -0.035  0.151 -0.065  0.326
    7     13.90-134.89-119.17   6.15   0.92   0.34   -0.103  0.328 -0.108 -0.245
    8     30.34-140.97 -43.74   8.70   0.58   0.25   -0.058 -0.106  0.117  0.100
    9     39.65  10.87  56.56  12.12   0.07  -0.28   -0.050 -0.025 -0.124  0.022
   10     18.15 -87.53-308.26  16.22   1.13   1.61   -0.150 -0.467  0.042  0.015
   11      5.38 -62.85-309.64  15.62   1.38   1.32   -0.222 -0.585  0.000  0.023
   12     51.16  35.02  94.69  16.00   0.26  -0.25   -0.041 -0.050  0.068  0.403
   13     46.87  33.45  97.90  19.18   0.25  -0.08   -0.034  0.098  0.045  0.178
   14     55.84  33.36  97.49  14.14   0.47  -0.21   -0.056  0.006 -0.038  0.236
   15     44.66  34.00  97.37  17.38   0.51   0.03   -0.041 -0.027  0.065  0.181
   16     44.85  34.98  95.91  18.76   0.58   0.13   -0.053 -0.075  0.172  0.161
   17     22.05  -0.94  82.40  18.69   0.42  -0.12   -0.050  0.073  0.054  0.190
   18     36.44 -33.99   4.55  11.51   0.24  -0.35   -0.059  0.130  0.082  0.306
   19     33.27  41.32  64.07  10.20   0.25  -0.30   -0.028 -0.126 -0.092  0.102
   20     45.94  37.78  85.15  16.20   0.24  -0.22   -0.056 -0.073  0.013  0.004
   21     34.08  36.38  82.62  14.09   0.40  -0.25   -0.020 -0.145 -0.171 -0.405
   22     25.87  35.64  85.27  13.34   0.23  -0.35   -0.029 -0.177 -0.091 -0.155
   23     15.88  35.26  86.13  11.35   0.32  -0.39   -0.022 -0.218 -0.240 -0.253
   24      1.93  34.77  82.23   5.56   0.47  -0.39   -0.073 -0.066  0.217 -0.138
   25     48.61 -45.89  23.55  22.23   0.13  -0.02    0.013  0.083 -0.215  0.231
   26     27.55 -70.26  -3.91  10.45   0.14  -0.31   -0.046  0.186 -0.231  0.145
   27      0.15  -0.60  49.40  13.38   0.12  -0.22   -0.047  0.080 -0.141  0.278
   28     59.07  37.58  76.19  11.28   0.47  -0.13   -0.030 -0.021 -0.025 -0.223
   29     20.14-148.79 -12.59  14.66   0.51   0.15   -0.055  0.035  0.242 -0.145
   30      2.89  35.89  76.62  13.28   0.56  -0.02   -0.009 -0.007 -0.146 -0.118
   31     20.97  36.33  77.38  14.08   0.56  -0.10   -0.034 -0.242 -0.062 -0.122
   32     50.77  36.83  76.94  15.30   0.17  -0.30   -0.028 -0.076 -0.161  0.000
   33      0.79  37.20  76.09  15.57   0.27  -0.18   -0.009 -0.060 -0.122 -0.029
   34     55.41 -16.91  34.88  24.54   0.06  -0.03    0.006  0.194 -0.047  0.036
   35     39.28 -71.51  -8.40   4.38   0.52  -0.28    0.083  0.407  0.075  0.981
   36     59.08  36.47  77.77  15.07   0.46  -0.09   -0.016 -0.100 -0.117 -0.033
   37      5.57  31.28  50.11  14.71   0.09  -0.27   -0.025 -0.076 -0.101 -0.186
   38     46.48  73.00  72.92  16.87   0.32  -0.16   -0.022 -0.223 -0.054 -0.029
   39     14.08   0.72  25.94   4.37   0.35  -0.23   -0.020  0.030 -0.285  0.471
   40     14.55 -41.92  13.90  16.76   0.08  -0.24   -0.047  0.031 -0.053 -0.036
   41     56.42  34.66  78.79   5.35   0.23  -0.48    0.018 -0.202 -0.323  0.254
   42     34.29  -3.95  46.24  17.99   0.10  -0.14   -0.012  0.145 -0.063 -0.009
   43     24.59-110.30 -39.21   5.18   0.31  -0.50   -0.005  0.456  0.179 -0.016
   44     49.65  30.27  50.44   8.36   0.21  -0.34   -0.045 -0.064 -0.104  0.064
   45     41.18-145.07  45.50  18.47   0.49   0.25   -0.022 -0.036  0.081  0.165
   46     34.07 -57.53  -0.92  16.20   0.13  -0.19   -0.028  0.105 -0.134  0.104
   47      1.00  10.63  80.55  21.86   0.55   0.18   -0.000  0.140 -0.015 -0.040
   48     37.21  10.63  81.56  23.57   0.14   0.01    0.010  0.142 -0.012  0.067
   49     35.68  54.59  84.51  22.58   0.21  -0.10   -0.016 -0.172 -0.072 -0.021
   50     36.07-102.45 -35.55  15.17   0.43  -0.06   -0.035  0.207  0.045 -0.131
   51     53.11-101.11 -54.38   8.64   0.69  -0.05   -0.089  0.260  0.296 -0.661
   52     43.15-115.58  43.22  15.67   0.48   0.00   -0.048 -0.166  0.258  0.169
   53      1.00  10.61  80.74  21.37   0.54   0.18    0.004  0.119  0.065  0.069
   54      2.80 -83.68 322.73  15.66   0.37   0.20   -0.598 -0.003 -0.080  0.062
   55      3.04 -89.75 304.25   0.46   0.26   0.28   -0.463  0.080 -0.037  0.064
   56     44.87  35.92  67.57  14.94   0.52  -0.13   -0.033 -0.056 -0.159 -0.056
   57     47.11 -84.76 154.67  15.61   0.51   0.91   -0.086 -0.055  0.124  0.009
   58     45.56 -80.90 150.99  15.36   0.75   0.58   -0.039  0.236  0.351  0.258
   59      8.52 -82.31   0.36   3.18   0.57  -0.37    0.015  0.148  0.027  0.476
   60      3.52-110.66-118.47   3.54   1.08   0.24   -0.080  0.059  0.254 -0.160
   61      0.53-130.43 -54.98   0.87   0.65  -0.50   -0.069 -0.385  0.031  0.762
   62     20.06  19.57 152.68  15.79   0.83   0.21   -0.043  0.291  0.033  0.188
   63     18.79 -47.20  29.78  20.26   0.12  -0.14   -0.012  0.073 -0.128  0.161
   64      4.66-163.06 184.05   8.02   0.71   1.17   -0.138  0.855  1.055  0.016
   65     23.39 -47.91  20.47  15.63   0.10  -0.19   -0.011  0.159 -0.177  0.134
   66     32.79-152.29  43.13  17.98   0.40   0.15   -0.008  0.009  0.278  0.081
   67     41.88 -37.16  -5.12  19.02   0.19  -0.11   -0.016  0.152 -0.208 -0.179
   68     14.14  50.88 106.02  20.33   0.35   0.13   -0.063  0.109  0.346 -0.068
   69     48.30-214.97-349.14  73.50   0.00   0.00    0.000  0.000  0.000  0.000
   70      5.46  33.83  96.83  19.40   0.58   0.14   -0.040  0.128  0.090  0.096
   71      4.16   6.30  56.91   1.47   0.57   0.15    0.062  0.170  0.225  0.166
   72     56.72 132.69-297.81  97.00   0.01  -0.10   -0.079 -0.006  0.008 -0.002
   73     12.89  50.49  81.77  23.14   0.39   0.18   -0.009  0.098 -0.131  0.042
   74     36.17-102.50  70.36  22.10   0.33   0.17   -0.032 -0.056  0.171  0.304
   75     46.61-108.40   2.91   0.76   0.95  -0.23   -0.090 -0.812  0.452  0.653
   76     54.60-217.19 302.17   0.10   0.00   0.00    0.000  0.000  0.000  0.000
   77     44.06  50.96  93.74  16.93   0.24  -0.13   -0.035  0.039  0.007  0.126
   78     41.78  38.40  66.30  21.94   0.35  -0.01   -0.017  0.039 -0.208 -0.061
   79     58.63 -69.49  -4.55   0.79   0.52  -0.32    0.034  0.283 -0.088  0.687
   80     26.73 -69.92  -5.95   0.82   0.48  -0.29    0.033  0.215 -0.149  0.707
   81     26.93 -69.83  -4.69   0.59   0.49  -0.28    0.032  0.287 -0.114  0.482
   82     23.31 -69.78  -4.57   0.52   0.44  -0.30    0.014  0.334 -0.110  0.408
   83     23.18 -70.89  -6.08   6.71   0.21  -0.39   -0.015  0.292  0.055  0.106
   84     21.19 -43.20   8.54  21.05   0.06  -0.09   -0.005  0.177 -0.276  0.054
   85     24.50-167.37 -46.61  10.76   0.72   0.24   -0.097  0.091 -0.187 -0.144
   86     44.07 -12.25  30.06  18.21   0.10  -0.19   -0.030  0.082 -0.181  0.109
   87     28.85 -61.52   6.92   3.71   0.44  -0.26    0.055  0.140 -0.226  1.108
   88     38.05-103.52 -28.20   8.16   0.41  -0.42   -0.049  0.343 -0.079 -0.245
   89     47.78-141.95  89.60  20.54   0.45   0.53   -0.018 -0.151  0.225  0.337
   90     48.28-140.00  88.35  20.57   0.41   0.47   -0.021 -0.178  0.315  0.465
   91     34.05  33.59  85.08  19.54   0.49   0.02   -0.053  0.136 -0.058  0.036

 A V E R A G E   of ADJUSTMENTS :                    -0.044  0.032  0.007  0.106
 A V E R A G E   of ABSOLUTE ADJUSTMENTS :            0.052  0.155  0.141  0.196


 Step length damping of 0.19677 was applied.


 Velocity adjustments:
     vp    dvp      hp   reflector
 Velocity model   1
   4.759 -0.061   -5.000      
   5.423  0.063   -1.320      
   5.810  0.020    5.180      
   5.936  0.006    9.590      
   6.167  0.017   13.620      
   6.512  0.002   20.940      
   6.697 -0.023   21.300      
   7.190  0.200   28.170      
   7.747 -0.193   33.190      
   7.973  0.003   38.470      

 Calculation of average velocity starts at layer #           1
 z = -5.00 ... -1.32    v = 4.76    AVEL = 4.76 downto z =  -1.32
 z = -1.32 ...  5.18    v = 5.42    AVEL = 5.18 downto z =   5.18
 z =  5.18 ...  9.59    v = 5.81    AVEL = 5.37 downto z =   9.59
 z =  9.59 ... 13.62    v = 5.94    AVEL = 5.49 downto z =  13.62
 z = 13.62 ... 20.94    v = 6.17    AVEL = 5.68 downto z =  20.94
 z = 20.94 ... 21.30    v = 6.51    AVEL = 5.70 downto z =  21.30
 z = 21.30 ... 28.17    v = 6.70    AVEL = 5.90 downto z =  28.17
 z = 28.17 ... 33.19    v = 7.19    AVEL = 6.07 downto z =  33.19
 z = 33.19 ... 38.47    v = 7.75    AVEL = 6.28 downto z =  38.47


 Calculation of average velocity starts at layer #           2
 z = -1.32 ...  5.18    v = 5.42    AVEL = 5.42 downto z =   5.18
 z =  5.18 ...  9.59    v = 5.81    AVEL = 5.58 downto z =   9.59
 z =  9.59 ... 13.62    v = 5.94    AVEL = 5.68 downto z =  13.62
 z = 13.62 ... 20.94    v = 6.17    AVEL = 5.84 downto z =  20.94
 z = 20.94 ... 21.30    v = 6.51    AVEL = 5.85 downto z =  21.30
 z = 21.30 ... 28.17    v = 6.70    AVEL = 6.05 downto z =  28.17
 z = 28.17 ... 33.19    v = 7.19    AVEL = 6.21 downto z =  33.19
 z = 33.19 ... 38.47    v = 7.75    AVEL = 6.42 downto z =  38.47



 Adjusted station corrections:
   stn  ptcor  dpcor  
  624   0.000  0.000  628  -0.050 -0.050  630  -0.024 -0.024  627   0.019  0.019
  621   0.018  0.018  629   0.036  0.036  622   0.018  0.018  620  -0.004 -0.004
  623   0.052  0.052  626   0.029  0.029  625   0.028  0.028  631   0.058  0.058
  632  -0.019 -0.019

 ~~~ another iteration? ...



--------------------------------------------------------------------------------



           ITERATION no  2

 ~~~ set units for this iteration ...
 ~~~ determine number of unknowns for this iter. ...

 Number of unknowns (for array-indexing):  nvar =  386
 Number of effective unknowns        :  nvareff =  387
 Number of elements on/below main diagonal of matrix G = At*A : kvar =   74691

 Damping factors to be used in this iteration:
   Othet=   0.010   XYthet  =   0.010   Zthet=  0.010
 STAthet=   0.010   Vthet   =   1.000

 ~~~ damp G ...
 ~~~ solve G * b = RHT ...
 ~~~ fix units ...
 ~~~ apply eventually step-length damping ...
 ~~~ adjust model (hypocenters, stacorr & veloc.) ...

 doing velocity adjustments now...

 doing station-correction adjustments...

 ~~~ compute effective step-length ...

 (Applied) Step length =   4.670

 ~~~ set units for next iteration ...
 ~~~ determine number of unknowns for next iter. ...

 Number of unknowns (for array-indexing):  nvar =  386
 Number of effective unknowns        :  nvareff =  387
 Number of elements on/below main diagonal of matrix G = At*A : kvar =   74691

 ~~~ reset G and RHT ...
 ~~~ raytracing, setup G ...
 ~~~ store parts of G ...
 ~~~ set units back for current iteration ...
 ~~~ determine number of unknowns for this iter. ...

 Number of unknowns (for array-indexing):  nvar =  386
 Number of effective unknowns        :  nvareff =  387
 Number of elements on/below main diagonal of matrix G = At*A : kvar =   74691

 ~~~ compute RMS and DATVAR ...

 $$$$$$$$$$$$$$$$$$$$$$$$$$$$$$$$$$$$$$$$$$$$$$$$$
 Events with  | AVRES | > 1.0 SEC are suspicious !

 Event#  10 >>>  160920 1607  AVRES =  1.23 NOBS =  2
 Event#  11 >>>  160925 1911  AVRES =  1.01 NOBS =  2

 ^^^^^^^^^ C H E C K   these events above ^^^^^^^^
 $$$$$$$$$$$$$$$$$$$$$$$$$$$$$$$$$$$$$$$$$$$$$$$$$

 ~~~ check solution (better? worse?) ...

 Iteration nr  2 obtained:
 DATVAR=    0.459195 mean sqrd residual=     0.197474  RMS RESIDUAL=     0.444380

 After  2 iterations we got:
 Average absolute & unweighted [and mean] residual of
   347 straight and direct rays =  0.18446 [ -0.13548]
   332 refracted           rays =  0.44722 [  0.12422]
     0 reflected           rays =  0.00000 [  0.00000]

   679 ALL                 RAYS =  0.31294 [ -0.00850]      -20.96 %

 ~~~ iteration done; output results ...

  eq       ot     x      y      z      rms    avres   dot     dx     dy     dz
    1      9.05  38.66 112.07  23.38   0.15   0.05   -0.028  0.050  0.079  0.108
    2      9.24  38.07 110.78  23.04   0.16   0.04   -0.033  0.087  0.107  0.088
    3     27.15-130.46  -8.04  12.33   0.38   0.01   -0.067 -0.274  0.276  0.250
    4     15.53-131.24  -6.60  10.72   0.47   0.04   -0.077 -0.119  0.163 -0.118
    5     45.67 -40.18  38.47  23.50   0.08  -0.07    0.002  0.103 -0.261 -0.329
    6     49.43 -36.59  40.59  17.21   0.13  -0.15   -0.037  0.155 -0.076  0.380
    7     13.78-134.62-119.21   5.85   0.72   0.28   -0.114  0.268 -0.041 -0.303
    8     30.29-141.04 -43.61   8.76   0.46   0.21   -0.049 -0.075  0.121  0.058
    9     39.61  10.84  56.45  12.09   0.06  -0.19   -0.039 -0.030 -0.107 -0.028
   10     18.03 -88.07-308.22  16.23   1.10   1.23   -0.119 -0.532  0.043  0.012
   11      5.19 -63.51-309.65  15.64   1.35   1.01   -0.189 -0.667 -0.006  0.019
   12     51.11  34.98  94.81  16.47   0.23  -0.18   -0.053 -0.041  0.120  0.463
   13     46.83  33.58  97.92  19.29   0.21  -0.05   -0.034  0.127  0.018  0.111
   14     55.78  33.37  97.50  14.51   0.35  -0.14   -0.065  0.006  0.010  0.372
   15     44.62  34.02  97.40  17.54   0.40   0.04   -0.040  0.017  0.035  0.158
   16     44.79  34.95  96.07  18.91   0.46   0.11   -0.054 -0.031  0.155  0.146
   17     22.00  -0.82  82.48  18.78   0.34  -0.07   -0.051  0.119  0.078  0.091
   18     36.37 -33.99   4.53  11.90   0.21  -0.25   -0.068 -0.002 -0.014  0.395
   19     33.25  41.26  63.97  10.21   0.20  -0.21   -0.024 -0.061 -0.100  0.012
   20     45.89  37.72  85.13  16.18   0.18  -0.15   -0.051 -0.055 -0.024 -0.029
   21     34.06  36.23  82.45  13.63   0.34  -0.17   -0.018 -0.142 -0.178 -0.460
   22     25.84  35.49  85.20  13.21   0.20  -0.26   -0.028 -0.154 -0.069 -0.137
   23     15.86  35.10  86.06  11.04   0.28  -0.28   -0.021 -0.153 -0.071 -0.308
   24      1.83  34.65  82.57   5.31   0.43  -0.27   -0.098 -0.121  0.338 -0.254
   25     48.62 -45.80  23.31  22.48   0.11   0.00    0.009  0.087 -0.246  0.252
   26     27.53 -70.07  -4.07  10.47   0.11  -0.21   -0.023  0.195 -0.156  0.021
   27      0.11  -0.49  49.27  13.68   0.09  -0.14   -0.040  0.109 -0.137  0.298
   28     59.05  37.61  76.21  11.02   0.37  -0.09   -0.024  0.034  0.026 -0.261
   29     20.09-148.71 -12.37  14.43   0.39   0.13   -0.053  0.077  0.219 -0.227
   30      2.88  35.89  76.54  13.13   0.48  -0.00   -0.008  0.004 -0.081 -0.155
   31     20.93  36.05  77.36  13.90   0.43  -0.05   -0.035 -0.275 -0.015 -0.182
   32     50.74  36.78  76.81  15.33   0.14  -0.22   -0.032 -0.054 -0.135  0.027
   33      0.78  37.15  75.99  15.50   0.22  -0.12   -0.009 -0.053 -0.101 -0.074
   34     55.41 -16.70  34.82  24.57   0.05  -0.01    0.007  0.210 -0.057  0.033
   35     39.34 -71.09  -8.29   5.49   0.28  -0.34    0.061  0.419  0.114  1.111
   36     59.07  36.36  77.69  14.97   0.37  -0.05   -0.016 -0.105 -0.076 -0.096
   37      5.55  31.22  50.01  14.54   0.07  -0.18   -0.023 -0.060 -0.097 -0.174
   38     46.46  72.75  72.79  16.74   0.27  -0.11   -0.015 -0.242 -0.128 -0.130
   39     14.05   0.74  25.62   4.85   0.26  -0.15   -0.032  0.020 -0.314  0.475
   40     14.51 -41.86  13.81  16.74   0.08  -0.16   -0.045  0.059 -0.082 -0.023
   41     56.35  34.54  78.77   5.44   0.19  -0.35   -0.070 -0.115 -0.023  0.085
   42     34.28  -3.79  46.17  17.98   0.08  -0.09   -0.010  0.160 -0.077 -0.008
   43     24.60-109.57 -38.99   5.07   0.35  -0.32    0.009  0.732  0.220 -0.110
   44     49.61  30.29  50.35   8.31   0.16  -0.24   -0.048  0.017 -0.092 -0.052
   45     41.16-145.10  45.66  18.57   0.36   0.21   -0.021 -0.028  0.165  0.106
   46     34.05 -57.41  -1.07  16.32   0.10  -0.13   -0.027  0.120 -0.156  0.116
   47      0.99  10.81  80.52  21.89   0.45   0.16   -0.005  0.179 -0.024  0.034
   48     37.22  10.82  81.56  23.61   0.10   0.03    0.006  0.193  0.001  0.045
   49     35.67  54.42  84.43  22.49   0.19  -0.05   -0.015 -0.170 -0.074 -0.090
   50     36.04-102.14 -35.47  14.93   0.36  -0.03   -0.022  0.309  0.084 -0.240
   51     53.04-100.83 -54.11   7.95   0.56  -0.02   -0.071  0.283  0.267 -0.685
   52     43.10-115.73  43.49  15.70   0.41   0.02   -0.054 -0.151  0.277  0.033
   53      0.99  10.77  80.86  21.32   0.43   0.16   -0.013  0.164  0.120 -0.046
   54      2.26 -83.69 322.65  15.72   0.32   0.15   -0.540 -0.016 -0.076  0.055
   55      2.62 -89.66 304.23   0.52   0.18   0.22   -0.418  0.098 -0.026  0.057
   56     44.83  35.85  67.42  14.87   0.42  -0.08   -0.034 -0.070 -0.152 -0.077
   57     47.01 -84.80 154.84  15.64   0.43   0.71   -0.099 -0.040  0.171  0.028
   58     45.52 -80.51 151.45  15.67   0.57   0.46   -0.045  0.389  0.461  0.315
   59      8.52 -82.13   0.42   3.62   0.53  -0.28    0.004  0.177  0.055  0.446
   60      3.44-110.43-118.10   3.15   0.92   0.20   -0.079  0.232  0.371 -0.390
   61      0.46-130.87 -55.00   1.77   0.59  -0.38   -0.071 -0.437 -0.019  0.902
   62     20.01  19.98 152.67  15.91   0.68   0.18   -0.048  0.410 -0.010  0.122
   63     18.78 -47.12  29.63  20.41   0.10  -0.09   -0.010  0.076 -0.149  0.144
   64      4.53-162.11 185.24   8.03   0.62   0.90   -0.135  0.956  1.187  0.016
   65     23.38 -47.73  20.26  15.78   0.09  -0.13   -0.006  0.175 -0.207  0.148
   66     32.79-152.27  43.41  18.02   0.33   0.14   -0.002  0.018  0.281  0.043
   67     41.87 -36.99  -5.33  18.81   0.16  -0.07   -0.016  0.169 -0.212 -0.208
   68     14.06  51.05 106.49  20.22   0.29   0.11   -0.082  0.168  0.470 -0.112
   69     48.30-214.97-349.14  73.50   0.00   0.00    0.000  0.000  0.000  0.000
   70      5.42  33.99  96.89  19.45   0.45   0.12   -0.041  0.166  0.062  0.058
   71      4.24   6.35  56.91   1.41   0.56   0.10    0.076  0.059 -0.002 -0.060
   72     55.89 132.63-297.73  96.97   0.01  -0.08   -0.833 -0.062  0.080 -0.025
   73     12.88  50.67  81.61  23.16   0.31   0.17   -0.012  0.174 -0.161  0.015
   74     36.14-102.54  70.52  22.33   0.29   0.15   -0.028 -0.041  0.162  0.228
   75     46.57-109.02   3.29   1.81   0.95  -0.15   -0.037 -0.618  0.380  1.045
   76     54.60-217.19 302.17   0.10   0.00   0.00    0.000  0.000  0.000  0.000
   77     44.03  51.01  93.70  16.99   0.20  -0.07   -0.032  0.049 -0.038  0.060
   78     41.77  38.46  66.09  21.77   0.28   0.02   -0.015  0.052 -0.211 -0.170
   79     58.67 -69.24  -4.65   1.77   0.44  -0.21    0.041  0.248 -0.096  0.980
   80     26.77 -69.74  -6.11   1.80   0.42  -0.22    0.038  0.186 -0.156  0.986
   81     26.96 -69.56  -4.81   1.20   0.40  -0.17    0.029  0.276 -0.118  0.610
   82     23.32 -69.43  -4.66   0.79   0.39  -0.20    0.002  0.350 -0.089  0.276
   83     23.17 -70.54  -6.04   6.66   0.17  -0.28   -0.015  0.346  0.039 -0.045
   84     21.19 -43.01   8.22  21.10   0.06  -0.06   -0.008  0.190 -0.316  0.047
   85     24.43-167.30 -46.55  10.60   0.57   0.22   -0.077  0.073  0.058 -0.153
   86     44.04 -12.17  29.86  18.32   0.07  -0.13   -0.030  0.078 -0.202  0.113
   87     28.88 -61.38   6.66   4.92   0.34  -0.21    0.026  0.135 -0.256  1.214
   88     38.02-103.14 -28.18   7.72   0.33  -0.31   -0.029  0.380  0.019 -0.433
   89     47.77-142.20  89.82  20.96   0.33   0.42   -0.016 -0.251  0.219  0.428
   90     48.26-140.27  88.68  21.14   0.28   0.37   -0.021 -0.277  0.325  0.578
   91     33.99  33.81  84.98  19.58   0.38   0.04   -0.056  0.218 -0.103  0.047

 A V E R A G E   of ADJUSTMENTS :                    -0.050  0.051  0.019  0.089
 A V E R A G E   of ABSOLUTE ADJUSTMENTS :            0.057  0.172  0.143  0.225


 Step length damping of 0.23897 was applied.


 Velocity adjustments:
     vp    dvp      hp   reflector
 Velocity model   1
   4.654 -0.105   -5.000      
   5.496  0.073   -1.320      
   5.806 -0.004    5.180      
   5.995  0.059    9.590      
   6.159 -0.008   13.620      
   6.518  0.007   20.940      
   6.676 -0.021   21.300      
   7.260  0.070   28.170      
   7.594 -0.153   33.190      
   7.773 -0.200   38.470      

 Calculation of average velocity starts at layer #           1
 z = -5.00 ... -1.32    v = 4.65    AVEL = 4.65 downto z =  -1.32
 z = -1.32 ...  5.18    v = 5.50    AVEL = 5.19 downto z =   5.18
 z =  5.18 ...  9.59    v = 5.81    AVEL = 5.38 downto z =   9.59
 z =  9.59 ... 13.62    v = 6.00    AVEL = 5.51 downto z =  13.62
 z = 13.62 ... 20.94    v = 6.16    AVEL = 5.69 downto z =  20.94
 z = 20.94 ... 21.30    v = 6.52    AVEL = 5.71 downto z =  21.30
 z = 21.30 ... 28.17    v = 6.68    AVEL = 5.91 downto z =  28.17
 z = 28.17 ... 33.19    v = 7.26    AVEL = 6.08 downto z =  33.19
 z = 33.19 ... 38.47    v = 7.59    AVEL = 6.27 downto z =  38.47


 Calculation of average velocity starts at layer #           2
 z = -1.32 ...  5.18    v = 5.50    AVEL = 5.50 downto z =   5.18
 z =  5.18 ...  9.59    v = 5.81    AVEL = 5.62 downto z =   9.59
 z =  9.59 ... 13.62    v = 6.00    AVEL = 5.72 downto z =  13.62
 z = 13.62 ... 20.94    v = 6.16    AVEL = 5.87 downto z =  20.94
 z = 20.94 ... 21.30    v = 6.52    AVEL = 5.88 downto z =  21.30
 z = 21.30 ... 28.17    v = 6.68    AVEL = 6.06 downto z =  28.17
 z = 28.17 ... 33.19    v = 7.26    AVEL = 6.24 downto z =  33.19
 z = 33.19 ... 38.47    v = 7.59    AVEL = 6.42 downto z =  38.47



 Adjusted station corrections:
   stn  ptcor  dpcor  
  624   0.000  0.000  628  -0.102 -0.053  630  -0.046 -0.023  627   0.041  0.022
  621   0.037  0.019  629   0.075  0.039  622   0.038  0.020  620   0.005  0.009
  623   0.102  0.050  626   0.058  0.030  625   0.058  0.029  631   0.116  0.058
  632  -0.043 -0.025

 ~~~ another iteration? ...



--------------------------------------------------------------------------------



           ITERATION no  3

 ~~~ set units for this iteration ...
 ~~~ determine number of unknowns for this iter. ...

 Number of unknowns (for array-indexing):  nvar =  386
 Number of effective unknowns        :  nvareff =  387
 Number of elements on/below main diagonal of matrix G = At*A : kvar =   74691

 Damping factors to be used in this iteration:
   Othet=   0.010   XYthet  =   0.010   Zthet=  0.010
 STAthet=   0.010   Vthet   =   1.000

 ~~~ damp G ...
 ~~~ solve G * b = RHT ...
 ~~~ fix units ...
 ~~~ apply eventually step-length damping ...
 ~~~ adjust model (hypocenters, stacorr & veloc.) ...

 doing velocity adjustments now...

 doing station-correction adjustments...

 ~~~ compute effective step-length ...

 (Applied) Step length =   5.530

 ~~~ set units for next iteration ...
 ~~~ determine number of unknowns for next iter. ...

 Number of unknowns (for array-indexing):  nvar =  386
 Number of effective unknowns        :  nvareff =  387
 Number of elements on/below main diagonal of matrix G = At*A : kvar =   74691

 ~~~ reset G and RHT ...
 ~~~ raytracing, setup G ...
 ~~~ store parts of G ...
 ~~~ set units back for current iteration ...
 ~~~ determine number of unknowns for this iter. ...

 Number of unknowns (for array-indexing):  nvar =  386
 Number of effective unknowns        :  nvareff =  387
 Number of elements on/below main diagonal of matrix G = At*A : kvar =   74691

 ~~~ compute RMS and DATVAR ...

 $$$$$$$$$$$$$$$$$$$$$$$$$$$$$$$$$$$$$$$$$$$$$$$$$
 Events with  | AVRES | > 1.0 SEC are suspicious !

 ZERO events of this kind found! (lucky guy!!!)

 ~~~ check solution (better? worse?) ...

 Iteration nr  3 obtained:
 DATVAR=    0.274403 mean sqrd residual=     0.118005  RMS RESIDUAL=     0.343519

 After  3 iterations we got:
 Average absolute & unweighted [and mean] residual of
   359 straight and direct rays =  0.13253 [ -0.08089]
   320 refracted           rays =  0.34556 [  0.10238]
     0 reflected           rays =  0.00000 [  0.00000]

   679 ALL                 RAYS =  0.23293 [  0.00548]      -25.57 %

 ~~~ iteration done; output results ...

  eq       ot     x      y      z      rms    avres   dot     dx     dy     dz
    1      9.03  38.70 112.23  23.75   0.12   0.05   -0.019  0.039  0.157  0.368
    2      9.21  38.16 110.98  23.38   0.14   0.05   -0.026  0.086  0.200  0.342
    3     27.08-130.84  -7.70  12.38   0.31   0.02   -0.067 -0.376  0.337  0.053
    4     15.45-131.41  -6.36  10.29   0.37   0.04   -0.078 -0.166  0.240 -0.428
    5     45.67 -40.11  38.32  23.44   0.06  -0.03   -0.002  0.070 -0.158 -0.061
    6     49.41 -36.40  40.51  17.58   0.12  -0.08   -0.022  0.189 -0.077  0.376
    7     13.72-133.99-119.52   5.53   0.50   0.19   -0.068  0.628 -0.312 -0.325
    8     30.26-141.16 -43.62   8.99   0.36   0.15   -0.029 -0.115 -0.006  0.232
    9     39.58  10.79  56.31  12.10   0.06  -0.11   -0.032 -0.048 -0.148  0.007
   10     17.93 -88.87-308.16  16.24   1.05   0.79   -0.103 -0.804  0.057  0.010
   11      5.01 -64.52-309.67  15.66   1.32   0.65   -0.182 -1.007 -0.019  0.018
   12     51.05  35.00  95.02  17.29   0.18  -0.09   -0.056  0.025  0.207  0.829
   13     46.81  33.66  97.99  19.53   0.16  -0.02   -0.022  0.082  0.064  0.241
   14     55.74  33.39  97.45  14.76   0.22  -0.08   -0.038  0.025 -0.049  0.253
   15     44.59  34.02  97.51  17.85   0.30   0.05   -0.032  0.001  0.112  0.315
   16     44.73  34.85  96.39  19.18   0.37   0.10   -0.058 -0.102  0.323  0.278
   17     21.96  -0.77  82.56  18.97   0.24  -0.04   -0.039  0.050  0.084  0.188
   18     36.32 -33.87   4.62  12.27   0.18  -0.14   -0.052  0.124  0.091  0.368
   19     33.24  41.03  63.93  10.24   0.16  -0.11   -0.006 -0.227 -0.035  0.028
   20     45.85  37.60  85.16  16.21   0.14  -0.08   -0.039 -0.125  0.035  0.031
   21     34.06  35.99  82.39  12.87   0.28  -0.09    0.000 -0.242 -0.059 -0.765
   22     25.83  35.26  85.20  12.96   0.16  -0.15   -0.013 -0.234 -0.002 -0.243
   23     15.85  34.83  85.93  10.68   0.26  -0.17   -0.009 -0.273 -0.127 -0.355
   24      1.79  34.68  82.83   5.21   0.38  -0.16   -0.038  0.026  0.261 -0.095
   25     48.65 -45.67  23.06  22.78   0.09   0.02    0.028  0.127 -0.249  0.297
   26     27.50 -69.83  -4.36  10.68   0.08  -0.12   -0.029  0.243 -0.294  0.213
   27      0.10  -0.39  48.98  13.77   0.05  -0.08   -0.015  0.098 -0.287  0.098
   28     59.02  37.53  76.25  10.76   0.25  -0.04   -0.022 -0.076  0.037 -0.255
   29     20.05-148.56 -12.32  14.16   0.25   0.12   -0.041  0.150  0.051 -0.270
   30      2.91  35.94  76.26  12.85   0.39   0.01    0.027  0.041 -0.286 -0.281
   31     20.93  35.78  77.21  13.62   0.30  -0.01   -0.004 -0.269 -0.149 -0.272
   32     50.73  36.71  76.61  15.32   0.10  -0.12   -0.009 -0.073 -0.203 -0.009
   33      0.79  37.08  75.87  15.49   0.17  -0.05    0.008 -0.062 -0.114 -0.009
   34     55.44 -16.49  34.77  24.56   0.04   0.01    0.026  0.213 -0.056 -0.012
   35     39.38 -70.53  -8.05   5.45   0.24  -0.19    0.040  0.561  0.245 -0.041
   36     59.08  36.23  77.58  14.80   0.27  -0.01    0.008 -0.130 -0.111 -0.167
   37      5.55  31.12  49.90  14.23   0.06  -0.10   -0.003 -0.108 -0.119 -0.310
   38     46.46  72.56  72.52  16.66   0.21  -0.05    0.001 -0.197 -0.274 -0.081
   39     14.06   0.60  25.42   5.02   0.19  -0.11    0.008 -0.135 -0.199  0.176
   40     14.48 -41.82  13.75  16.63   0.10  -0.09   -0.028  0.039 -0.069 -0.107
   41     56.35  34.60  78.43   5.91   0.18  -0.21    0.001  0.057 -0.341  0.473
   42     34.29  -3.64  46.07  17.91   0.06  -0.04    0.009  0.145 -0.092 -0.073
   43     24.68-109.06 -38.83   5.48   0.24  -0.24    0.073  0.508  0.164  0.408
   44     49.59  30.17  50.23   8.39   0.12  -0.14   -0.015 -0.119 -0.121  0.074
   45     41.14-145.18  45.89  18.84   0.21   0.16   -0.012 -0.080  0.234  0.265
   46     34.04 -57.25  -1.23  16.44   0.08  -0.07   -0.009  0.157 -0.161  0.117
   47      1.03  11.01  80.44  21.66   0.33   0.12    0.037  0.204 -0.081 -0.229
   48     37.26  11.03  81.50  23.51   0.06   0.03    0.047  0.211 -0.053 -0.106
   49     35.69  54.15  84.37  22.28   0.15  -0.02    0.022 -0.268 -0.067 -0.210
   50     36.04-101.80 -35.48  14.61   0.26  -0.00    0.001  0.345 -0.010 -0.317
   51     53.06-100.19 -53.64   7.26   0.43   0.02    0.015  0.640  0.470 -0.694
   52     43.04-116.00  44.06  15.72   0.33   0.03   -0.053 -0.261  0.563  0.017
   53      1.02  10.97  80.89  21.19   0.31   0.12    0.026  0.201  0.030 -0.131
   54      1.69 -83.73 322.56  15.77   0.28   0.10   -0.568 -0.042 -0.091  0.056
   55      2.19 -89.53 304.20   0.58   0.11   0.14   -0.434  0.123 -0.023  0.056
   56     44.83  35.79  67.15  14.59   0.33  -0.04    0.000 -0.059 -0.271 -0.278
   57     46.93 -84.93 155.07  15.66   0.36   0.47   -0.084 -0.125  0.228  0.026
   58     45.49 -80.26 151.73  15.70   0.40   0.31   -0.030  0.253  0.277  0.026
   59      8.56 -81.89   0.51   4.03   0.47  -0.17    0.038  0.239  0.098  0.404
   60      3.42-110.24-117.75   2.98   0.73   0.16   -0.017  0.187  0.352 -0.172
   61      0.44-131.44 -54.98   3.01   0.53  -0.25   -0.023 -0.571  0.013  1.238
   62     19.99  20.56 152.70  16.34   0.52   0.13   -0.014  0.581  0.034  0.435
   63     18.79 -47.00  29.47  20.54   0.08  -0.05    0.010  0.124 -0.160  0.138
   64      4.39-160.90 186.91   8.14   0.53   0.59   -0.136  1.205  1.675  0.106
   65     23.39 -47.51  20.04  15.95   0.07  -0.06    0.006  0.222 -0.217  0.165
   66     32.80-152.38  43.90  18.35   0.27   0.10    0.010 -0.105  0.491  0.330
   67     41.88 -36.80  -5.60  18.44   0.14  -0.03    0.011  0.188 -0.269 -0.370
   68     13.97  51.21 107.08  20.12   0.24   0.09   -0.081  0.154  0.593 -0.103
   69     48.30-214.97-349.14  73.50   0.00   0.00    0.000  0.000  0.000  0.000
   70      5.39  34.09  97.06  19.55   0.32   0.10   -0.033  0.094  0.167  0.100
   71      4.35   6.38  56.81   1.28   0.55   0.06    0.115  0.030 -0.093 -0.124
   72     55.00 132.56-297.64  96.94   0.00  -0.06   -0.884 -0.067  0.088 -0.028
   73     12.88  50.90  81.51  23.26   0.23   0.12    0.001  0.229 -0.099  0.104
   74     36.12-102.67  70.74  22.81   0.24   0.11   -0.019 -0.129  0.224  0.476
   75     46.59-109.52   3.90   2.74   0.93  -0.10    0.022 -0.508  0.612  0.936
   76     54.60-217.19 302.17   0.10   0.00   0.00    0.000  0.000  0.000  0.000
   77     44.02  51.02  93.77  17.01   0.13  -0.03   -0.016  0.004  0.074  0.024
   78     41.78  38.51  65.84  21.61   0.21   0.03    0.008  0.054 -0.246 -0.157
   79     58.77 -69.04  -4.83   2.81   0.40  -0.17    0.093  0.202 -0.184  1.044
   80     26.86 -69.63  -6.32   2.91   0.35  -0.15    0.087  0.110 -0.208  1.109
   81     27.05 -69.29  -5.05   1.73   0.36  -0.11    0.090  0.262 -0.241  0.528
   82     23.39 -69.15  -4.89   1.31   0.32  -0.13    0.074  0.282 -0.230  0.516
   83     23.19 -70.25  -5.98   6.86   0.12  -0.16    0.022  0.293  0.058  0.198
   84     21.20 -42.75   7.86  21.16   0.05  -0.02    0.010  0.262 -0.365  0.054
   85     24.35-167.15 -46.61  10.23   0.42   0.16   -0.074  0.154 -0.060 -0.375
   86     44.03 -12.07  29.65  18.39   0.05  -0.07   -0.011  0.102 -0.209  0.066
   87     28.93 -61.28   6.40   6.05   0.14  -0.27    0.053  0.100 -0.262  1.123
   88     38.01-102.69 -28.30   7.66   0.29  -0.18   -0.009  0.449 -0.119 -0.064
   89     47.76-142.60  90.14  21.90   0.25   0.28   -0.010 -0.398  0.318  0.936
   90     48.23-140.51  89.11  21.92   0.19   0.25   -0.029 -0.238  0.431  0.776
   91     33.95  34.00  85.02  19.57   0.27   0.04   -0.043  0.190  0.038 -0.010

 A V E R A G E   of ADJUSTMENTS :                    -0.030  0.040  0.023  0.105
 A V E R A G E   of ABSOLUTE ADJUSTMENTS :            0.053  0.210  0.191  0.270


 Step length damping of 0.35722 was applied.


 Velocity adjustments:
     vp    dvp      hp   reflector
 Velocity model   1
   4.557 -0.097   -5.000      
   5.589  0.093   -1.320      
   5.859  0.052    5.180      
   5.981 -0.014    9.590      
   6.181  0.022   13.620      
   6.526  0.008   20.940      
   6.657 -0.020   21.300      
   7.207 -0.053   28.170      
   7.439 -0.156   33.190      
   7.573 -0.200   38.470      

 Calculation of average velocity starts at layer #           1
 z = -5.00 ... -1.32    v = 4.56    AVEL = 4.56 downto z =  -1.32
 z = -1.32 ...  5.18    v = 5.59    AVEL = 5.22 downto z =   5.18
 z =  5.18 ...  9.59    v = 5.86    AVEL = 5.41 downto z =   9.59
 z =  9.59 ... 13.62    v = 5.98    AVEL = 5.53 downto z =  13.62
 z = 13.62 ... 20.94    v = 6.18    AVEL = 5.72 downto z =  20.94
 z = 20.94 ... 21.30    v = 6.53    AVEL = 5.73 downto z =  21.30
 z = 21.30 ... 28.17    v = 6.66    AVEL = 5.92 downto z =  28.17
 z = 28.17 ... 33.19    v = 7.21    AVEL = 6.09 downto z =  33.19
 z = 33.19 ... 38.47    v = 7.44    AVEL = 6.25 downto z =  38.47


 Calculation of average velocity starts at layer #           2
 z = -1.32 ...  5.18    v = 5.59    AVEL = 5.59 downto z =   5.18
 z =  5.18 ...  9.59    v = 5.86    AVEL = 5.70 downto z =   9.59
 z =  9.59 ... 13.62    v = 5.98    AVEL = 5.77 downto z =  13.62
 z = 13.62 ... 20.94    v = 6.18    AVEL = 5.91 downto z =  20.94
 z = 20.94 ... 21.30    v = 6.53    AVEL = 5.92 downto z =  21.30
 z = 21.30 ... 28.17    v = 6.66    AVEL = 6.09 downto z =  28.17
 z = 28.17 ... 33.19    v = 7.21    AVEL = 6.25 downto z =  33.19
 z = 33.19 ... 38.47    v = 7.44    AVEL = 6.41 downto z =  38.47



 Adjusted station corrections:
   stn  ptcor  dpcor  
  624   0.000  0.000  628  -0.154 -0.052  630  -0.082 -0.035  627   0.062  0.021
  621   0.051  0.014  629   0.112  0.037  622   0.051  0.013  620  -0.001 -0.006
  623   0.160  0.058  626   0.094  0.036  625   0.091  0.034  631   0.181  0.064
  632  -0.069 -0.025

 ~~~ another iteration? ...
 NITT = ITTMAX  --> stop iterations.
 ~~~ final solution reached ...

 ~~~ damp G & Chol.-Decomp.: NOT made (switch iresolcalc is NOT set !)

 Final rms values:  0.12 0.14 0.31 0.37 0.06 0.12 0.50 0.36 0.06 1.05
                    1.32 0.18 0.16 0.22 0.30 0.37 0.24 0.18 0.16 0.14
                    0.28 0.16 0.26 0.38 0.09 0.08 0.05 0.25 0.25 0.39
                    0.30 0.10 0.17 0.04 0.24 0.27 0.06 0.21 0.19 0.10
                    0.18 0.06 0.24 0.12 0.21 0.08 0.33 0.06 0.15 0.26
                    0.43 0.33 0.31 0.28 0.11 0.33 0.36 0.40 0.47 0.73
                    0.53 0.52 0.08 0.53 0.07 0.27 0.14 0.24 0.00 0.32
                    0.55 0.00 0.23 0.24 0.93 0.00 0.13 0.21 0.40 0.35
                    0.36 0.32 0.12 0.05 0.42 0.05 0.14 0.29 0.25 0.19
                    0.27



 ~~~ output final hypocenters ...

      date    origin   latitude longitude  depth  mag  no  rms      x      y      z
   1 160818 1613  9.03 73.0058N 124.8472E  23.75 1.40   6 0.123   38.70 112.23  23.75
   2 160818 1613  9.21 72.9946N 124.8636E  23.38 1.10   6 0.135   38.16 110.98  23.38
   3 160819 0959 27.08 71.9310N 129.7850E  12.38 4.00  12 0.308 -130.84  -7.70  12.38
   4 160820 1506 15.45 71.9430N 129.8027E  10.29 1.50   9 0.366 -131.41  -6.36  10.29
   5 160820 1904 45.67 72.3434N 127.1734E  23.44 1.20   6 0.060  -40.11  38.32  23.44
   6 160822 1318 49.41 72.3630N 127.0655E  17.58 0.60   8 0.116  -36.40  40.51  17.58
   7 160823 0652 13.72 70.9289N 129.7751E   5.53 2.90   6 0.495 -133.99-119.52   5.53
   8 160824 1510 30.26 71.6091N 130.0487E   8.99 1.50   9 0.362 -141.16 -43.62   8.99
   9 160906 1514 39.58 72.5046N 125.6831E  12.10 0.90   6 0.063   10.79  56.31  12.10
  10 160920 1607 17.93 69.2383N 128.3988E  16.24 2.60   2 1.054  -88.87-308.16  16.24
  11 160925 1911  5.01 69.2248N 127.7410E  15.66 2.30   2 1.321  -64.52-309.67  15.66
  12 161004 0841 51.05 72.8515N 124.9618E  17.29 0.20   6 0.178   35.00  95.02  17.29
  13 161005 1619 46.81 72.8781N 125.0009E  19.53 1.00   9 0.162   33.66  97.99  19.53
  14 161006 0156 55.74 72.8733N 125.0089E  14.76 1.00   7 0.225   33.39  97.45  14.76
  15 161009 0036 44.59 72.8739N 124.9902E  17.85 1.30   8 0.298   34.02  97.51  17.85
  16 161009 0036 44.73 72.8638N 124.9660E  19.18 1.20   7 0.367   34.85  96.39  19.18
  17 161012 0800 21.96 72.7399N 126.0228E  18.97 0.80   7 0.241   -0.77  82.56  18.97
  18 161015 1013 36.32 72.0414N 126.9827E  12.27 0.70   7 0.175  -33.87   4.62  12.27
  19 161021 0507 33.24 72.5730N 124.7923E  10.24 0.80   6 0.165   41.03  63.93  10.24
  20 161124 2250 45.85 72.7632N 124.8875E  16.21 3.10   4 0.139   37.60  85.16  16.21
  21 161125 0156 34.06 72.7383N 124.9358E  12.87 0.60   7 0.282   35.99  82.39  12.87
  22 161125 0517 25.83 72.7635N 124.9568E  12.96 1.60   6 0.164   35.26  85.20  12.96
  23 161125 0525 15.85 72.7701N 124.9692E  10.68 0.80   6 0.256   34.83  85.93  10.68
  24 161125 0556  1.79 72.7423N 124.9746E   5.21 0.20   6 0.384   34.68  82.83   5.21
  25 170117 0846 48.65 72.2066N 127.3311E  22.78 0.30   6 0.092  -45.67  23.06  22.78
  26 170122 1614 27.50 71.9609N 128.0216E  10.68 0.90   6 0.077  -69.83  -4.36  10.68
  27 170125 2244  0.10 72.4389N 126.0116E  13.77 0.80   6 0.050   -0.39  48.98  13.77
  28 170302 1359 59.02 72.6833N 124.8918E  10.76 0.50   7 0.249   37.53  76.25  10.76
  29 170302 2335 20.05 71.8896N 130.2929E  14.16 2.10   9 0.254 -148.56 -12.32  14.16
  30 170304 2135  2.91 72.6834N 124.9390E  12.85 1.30   7 0.390   35.94  76.26  12.85
  31 170307 0447 20.93 72.6920N 124.9433E  13.62 1.70  10 0.301   35.78  77.21  13.62
  32 170307 2016 50.73 72.6865N 124.9161E  15.32 1.10   6 0.099   36.71  76.61  15.32
  33 170309 1454  0.79 72.6800N 124.9053E  15.49 0.30   6 0.173   37.08  75.87  15.49
  34 170311 0430 55.44 72.3116N 126.4819E  24.56 0.30   6 0.042  -16.49  34.77  24.56
  35 170312 0416 39.38 71.9279N 128.0401E   5.45 2.10   6 0.243  -70.53  -8.05   5.45
  36 170313 0553 59.08 72.6953N 124.9300E  14.80 1.00   9 0.269   36.23  77.58  14.80
  37 170313 0809  5.55 72.4472N 125.0872E  14.23 1.20   7 0.065   31.12  49.90  14.23
  38 170315 0234 46.46 72.6499N 123.8598E  16.66 1.40   7 0.214   72.56  72.52  16.66
  39 170317 1007 14.06 72.2278N 125.9825E   5.02 0.50   7 0.194    0.60  25.42   5.02
  40 170320 0711 14.48 72.1232N 127.2162E  16.63 0.90   6 0.103  -41.82  13.75  16.63
  41 170320 0853 56.35 72.7028N 124.9779E   5.91 0.40   6 0.183   34.60  78.43   5.91
  42 170320 1900 34.29 72.4129N 126.1068E  17.91 0.60   7 0.059   -3.64  46.07  17.91
  43 170323 0519 24.68 71.6520N 129.1317E   5.48 1.20   6 0.235 -109.06 -38.83   5.48
  44 170323 1612 49.59 72.4502N 125.1150E   8.39 0.50   6 0.122   30.17  50.23   8.39
  45 170323 1906 41.14 72.4113N 130.2547E  18.84 1.00   6 0.213 -145.18  45.89  18.84
  46 170326 0836 34.04 71.9889N 127.6588E  16.44 1.50   7 0.077  -57.25  -1.23  16.44
  47 170402 0422  1.03 72.7209N 125.6746E  21.66 1.20  10 0.330   11.01  80.44  21.66
  48 170402 0636 37.26 72.7304N 125.6739E  23.51 0.70   6 0.064   11.03  81.50  23.51
  49 170404 2347 35.69 72.7561N 124.3982E  22.28 0.50   6 0.149   54.15  84.37  22.28
  50 170405 0307 36.04 71.6821N 128.9254E  14.61 1.00  10 0.261 -101.80 -35.48  14.61
  51 170405 1410 53.06 71.5193N 128.8669E   7.26 1.70  10 0.428 -100.19 -53.64   7.26
  52 170406 0838 43.04 72.3948N 129.3979E  15.72 0.90  10 0.332 -116.00  44.06  15.72
  53 170406 1728  1.02 72.7249N 125.6757E  21.19 0.90  10 0.309   10.97  80.89  21.19
  54 170407 1729  1.69 74.8908N 128.6317E  15.77 1.80   2 0.278  -83.73 322.56  15.77
  55 170407 1729  2.19 74.7262N 128.8005E   0.58 1.60   5 0.110  -89.53 304.20   0.58
  56 170408 1004 44.83 72.6018N 124.9456E  14.59 1.40  13 0.328   35.79  67.15  14.59
  57 170409 0856 46.93 73.3897N 128.5570E  15.66 2.50   6 0.358  -84.93 155.07  15.66
  58 170409 0902 45.49 73.3598N 128.4143E  15.70 1.10   7 0.404  -80.26 151.73  15.70
  59 170410 1520  8.56 72.0046N 128.3738E   4.03 1.00  10 0.474  -81.89   0.51   4.03
  60 170410 1813  3.42 70.9447N 129.1072E   2.98 2.20  13 0.734 -110.24-117.75   2.98
  61 170412 1507  0.44 71.5072N 129.7599E   3.01 0.70   6 0.526 -131.44 -54.98   3.01
  62 170413 0651 19.99 73.3685N 125.3814E  16.34 1.00  10 0.518   20.56 152.70  16.34
  63 170414 0459 18.79 72.2641N 127.3718E  20.54 0.50   7 0.082  -47.00  29.47  20.54
  64 170414 0540  4.39 73.6751N 130.8834E   8.14 1.80  11 0.529 -160.90 186.91   8.14
  65 170414 1656 23.39 72.1796N 127.3836E  15.95 0.20   6 0.074  -47.51  20.04  15.95
  66 170414 1753 32.80 72.3934N 130.4634E  18.35 0.70   6 0.268 -152.38  43.90  18.35
  67 170416 0523 41.88 71.9498N 127.0651E  18.44 1.60  13 0.136  -36.80  -5.60  18.44
  68 170416 1220 13.97 72.9596N 124.4767E  20.12 1.00  11 0.237   51.21 107.08  20.12
 WARNING: Event-# :          69 has zero observations!
  69 170416 1257 48.30 68.8710N 131.7500E  73.50 2.20   0 0.000 -214.97-349.14  73.50
  70 170416 1821  5.39 72.8699N 124.9884E  19.55 1.30  13 0.319   34.09  97.06  19.55
  71 170418 0606  4.35 72.5092N 125.8124E   1.28 0.20   6 0.549    6.38  56.81   1.28
  72 170418 1005 55.00 69.3326N 122.4135E  96.94 2.20   1 0.004  132.56-297.64  96.94
  73 170418 1500 12.88 72.7305N 124.4954E  23.26 1.30  12 0.230   50.90  81.51  23.26
  74 170420 1302 36.12 72.6340N 129.0271E  22.81 0.90  11 0.238 -102.67  70.74  22.81
  75 170420 2248 46.59 72.0349N 129.1773E   2.74 0.70  11 0.928 -109.52   3.90   2.74
 WARNING: Event-# :          76 has zero observations!
  76 170423 0850 54.60 74.7080N 132.7900E   0.10 1.90   0 0.000 -217.19 302.17   0.10
  77 170423 1455 44.02 72.8404N 124.4873E  17.01 0.60   8 0.131   51.02  93.77  17.01
  78 170423 2313 41.78 72.5900N 124.8659E  21.61 1.30  12 0.214   38.51  65.84  21.61
  79 170424 0609 58.77 71.9567N 127.9986E   2.81 1.10  12 0.405  -69.04  -4.83   2.81
  80 170424 0755 26.86 71.9434N 128.0149E   2.91 1.00  12 0.350  -69.63  -6.32   2.91
  81 170424 0755 27.05 71.9548N 128.0059E   1.73 1.00  12 0.357  -69.29  -5.05   1.73
  82 170425 0652 23.39 71.9562N 128.0018E   1.31 1.20   9 0.316  -69.15  -4.89   1.31
  83 170426 0051 23.19 71.9464N 128.0331E   6.86 0.70   6 0.120  -70.25  -5.98   6.86
  84 170426 1425 21.20 72.0704N 127.2414E  21.16 0.10   6 0.054  -42.75   7.86  21.16
  85 170426 1834 24.35 71.5823N 130.7907E  10.23 1.20   8 0.419 -167.15 -46.61  10.23
  86 170426 1840 44.03 72.2657N 126.3523E  18.39 1.30   8 0.049  -12.07  29.65  18.39
  87 170427 0912 28.93 72.0573N 127.7788E   6.05 0.90   8 0.144  -61.28   6.40   6.05
  88 170427 1041 38.01 71.7464N 128.9561E   7.66 0.70   7 0.288 -102.69 -28.30   7.66
  89 170427 2010 47.76 72.8078N 130.2245E  21.90 1.30   8 0.247 -142.60  90.14  21.90
  90 170427 2010 48.23 72.7986N 130.1616E  21.92 1.30   8 0.189 -140.51  89.11  21.92
  91 170427 2342 33.95 72.7619N 124.9939E  19.57 0.80   6 0.269   34.00  85.02  19.57

 ~~~ output final station residuals ...
 TURBO-option is set; residuals are NOT printed for each event!



   station statistics, remember nsp was set to: 1


 sta phase nobs avres  avwres    std    wsum    delay

 624    P  74 -0.0593 -0.0593  0.2193  74.0000  0.0000
 628    P  69 -0.1842 -0.1842  0.3076  69.0000 -0.1543
 630    P  53 -0.0063 -0.0063  0.2602  53.0000 -0.0817
 627    P  46 -0.0116 -0.0116  0.2857  46.0000  0.0620
 621    P  59  0.0577  0.0577  0.3385  59.0000  0.0514
 629    P  43  0.0251  0.0251  0.3622  43.0000  0.1115
 622    P  58 -0.0035 -0.0035  0.2592  58.0000  0.0510
 620    P  48 -0.0121 -0.0121  0.3589  48.0000 -0.0007
 623    P  55  0.0377  0.0377  0.2537  55.0000  0.1601
 626    P  52  0.0306  0.0306  0.4331  52.0000  0.0942
 625    P  49 -0.0002 -0.0002  0.3436  49.0000  0.0914
 631    P  49  0.2395  0.2395  0.5060  49.0000  0.1806
 632    P  24  0.1085  0.1085  0.4123  24.0000 -0.0687


 ~~~ output statistics ...




 RAY-STATISTICS FOR  L A S T  ITERATION
 --------------------------------------

 NHYP : nr of hypocenters in this layer
 NREF : nr of headwaves in this layer
 %len : % of "refracted km" in this layer 
        with respect to all refracted kilometers
 NHIT : nr of rays passed thru this layer
 xy-km: average horizontal ray length [km] in layer
 z-km : average  vertical  ray length [km] in layer
 RFLX : number of reflections at bottom of this layer

 nlay   top ..... bottom     velocity   NHYP NREF %len  NHIT xy-km  z-km  RFLX

   1    -5.00... -1.32 km    4.56 km/s    0    0   0.0     0   0.0   0.0     0
   2    -1.32...  5.18 km    5.59 km/s   12    0   0.0  1431   7.1   3.8     0
   3     5.18...  9.59 km    5.86 km/s   12   43  11.9   719  12.7   3.8     0
   4     9.59... 13.62 km    5.98 km/s   12    8   1.8   663   8.8   3.7     0
   5    13.62... 20.94 km    6.18 km/s   38   29   7.0   702  14.8   5.4     0
   6    20.94... 21.30 km    6.53 km/s    2    0   0.0   519   1.0   0.4     0
   7    21.30... 28.17 km    6.66 km/s   13   45   9.6   502  17.5   5.5     0
   8    28.17... 33.19 km    7.21 km/s    0   94  28.8   297  31.2   3.4     0
   9    33.19... 38.47 km    7.44 km/s    0   78  28.8   125  54.1   2.0     0
  10    38.47...       km    7.57 km/s    2   23  12.0     0   0.0   0.0

 Total nr of events was   91

 Total nr of refracted rays =   320
 Total nr of reflected rays =     0
 Total nr of   other   rays =   359
                              ------
 Total nr of    all    rays =   679

 Average (absolute) error of the raytracers:
  Straight and direct rays :  720.40 meters
  Refracted           rays :    0.01 meters
  Reflected           rays :    0.00 meters


 ALL RAYS TOGETHER:
 Average horizontal ray length =   89.9 km   (Hypocenter --> Station) 
 Average  vertical  ray length =   19.4 km   (Deepest ray-point --> Station)



 ... and some more STATISTICS 
 ---------------------------- 
  GAP of final epicenters:

  Event# -> GAP  Event# -> GAP  Event# -> GAP  Event# -> GAP  Event# -> GAP
       1 -> 296       2 -> 294       3 -> 271       4 -> 275       5 -> 307
       6 ->  98       7 -> 321       8 -> 306       9 -> 167      10 -> 346
      11 -> 347      12 -> 260      13 -> 264      14 -> 263      15 -> 263
      16 -> 264      17 -> 253      18 -> 243      19 -> 160      20 -> 302
      21 -> 231      22 -> 238      23 -> 240      24 -> 231      25 -> 129
      26 -> 102      27 -> 154      28 -> 212      29 -> 305      30 -> 211
      31 -> 214      32 -> 212      33 -> 210      34 -> 132      35 -> 237
      36 -> 216      37 -> 132      38 -> 309      39 -> 119      40 -> 209
      41 -> 218      42 -> 122      43 -> 223      44 -> 133      45 -> 308
      46 -> 125      47 -> 224      48 -> 226      49 -> 286      50 -> 193
      51 -> 288      52 -> 271      53 -> 224      54 -> 354      55 -> 347
      56 -> 179      57 -> 310      58 -> 318      59 -> 165      60 -> 310
      61 -> 302      62 -> 307      63 -> 149      64 -> 322      65 -> 127
      66 -> 293      67 ->  87      68 -> 295      69 -> 171      70 -> 262
      71 -> 174      72 ->   0      73 -> 260      74 -> 299      75 -> 242
      76 ->  59      77 -> 284      78 -> 171      79 -> 164      80 -> 169
      81 -> 165      82 -> 164      83 -> 232      84 -> 117      85 -> 315
      86 ->  94      87 -> 114      88 -> 268      89 -> 318      90 -> 317
      91 -> 294

 GAPs were between   0 and 354
      (average GAP was 227)



  MAGNITUDES of INPUT-DATA:

 Magnitude (# of events)   ***average number of obs***

 MAG<= 1.0 ( 47) *******
 MAG = 1.1 (  4) ********
 MAG = 1.2 (  7) ********
 MAG = 1.3 (  8) *********1
 MAG = 1.4 (  3) *********
 MAG = 1.5 (  3) ********
 MAG = 1.6 (  3) ********
 MAG = 1.7 (  2) *********1
 MAG = 1.8 (  2) *******
 MAG = 1.9 (  1)  
 MAG = 2.0 (  0)  
 MAG = 2.1 (  2) ********
 MAG = 2.2 (  3) *****
 MAG = 2.3 (  1) **
 MAG = 2.4 (  0)  
 MAG = 2.5 (  1) ******
 MAG = 2.6 (  1) **
 MAG = 2.7 (  0)  
 MAG = 2.8 (  0)  
 MAG = 2.9 (  1) ******
 MAG = 3.0 (  0)  
 MAG = 3.1 (  1) ****
 MAG = 3.2 (  0)  
 MAG = 3.3 (  0)  
 MAG = 3.4 (  0)  
 MAG = 3.5 (  0)  
 MAG = 3.6 (  0)  
 MAG = 3.7 (  0)  
 MAG = 3.8 (  0)  
 MAG = 3.9 (  0)  
 MAG = 4.0 (  1) *********1**
 MAG = 4.1 (  0)  
 MAG = 4.2 (  0)  
 MAG = 4.3 (  0)  
 MAG = 4.4 (  0)  
 MAG = 4.5 (  0)  
 MAG = 4.6 (  0)  
 MAG = 4.7 (  0)  
 MAG = 4.8 (  0)  
 MAG = 4.9 (  0)  
 MAG = 5.0 (  0)  
 MAG = 5.1 (  0)  
 MAG = 5.2 (  0)  
 MAG = 5.3 (  0)  
 MAG = 5.4 (  0)  
 MAG = 5.5 (  0)  
 MAG = 5.6 (  0)  
 MAG = 5.7 (  0)  
 MAG = 5.8 (  0)  
 MAG = 5.9 (  0)  
 MAG>= 6.0 (  0)  





  DEPTHs of INPUT-DATA and of LAST ITERATION:
  ===========================================

       Depth       # of events  

 DEPTH ( input ) =  -4. km :   
 DEPTH (last_IT) =  -4. km :   
 DEPTH ( input ) =  -3. km :   
 DEPTH (last_IT) =  -3. km :   
 DEPTH ( input ) =  -2. km :   
 DEPTH (last_IT) =  -2. km :   
 DEPTH ( input ) =  -1. km :   
 DEPTH (last_IT) =  -1. km :   
 DEPTH ( input ) =   0. km :  ........
 DEPTH (last_IT) =   0. km :  *
 DEPTH ( input ) =   1. km :  .
 DEPTH (last_IT) =   1. km :  ***
 DEPTH ( input ) =   2. km :   
 DEPTH (last_IT) =   2. km :  *
 DEPTH ( input ) =   3. km :  ...
 DEPTH (last_IT) =   3. km :  *****
 DEPTH ( input ) =   4. km :  ..
 DEPTH (last_IT) =   4. km :  *
 DEPTH ( input ) =   5. km :  ..
 DEPTH (last_IT) =   5. km :  ****
 DEPTH ( input ) =   6. km :  ..
 DEPTH (last_IT) =   6. km :  ***
 DEPTH ( input ) =   7. km :  .
 DEPTH (last_IT) =   7. km :  **
 DEPTH ( input ) =   8. km :  ...
 DEPTH (last_IT) =   8. km :  ***
 DEPTH ( input ) =   9. km :  ..
 DEPTH (last_IT) =   9. km :  *
 DEPTH ( input ) =  10. km :  ..
 DEPTH (last_IT) =  10. km :  ***
 DEPTH ( input ) =  11. km :  ...
 DEPTH (last_IT) =  11. km :  ***
 DEPTH ( input ) =  12. km :  ....
 DEPTH (last_IT) =  12. km :  ***
 DEPTH ( input ) =  13. km :  ..
 DEPTH (last_IT) =  13. km :  ***
 DEPTH ( input ) =  14. km :  ...
 DEPTH (last_IT) =  14. km :  ****
 DEPTH ( input ) =  15. km :  ........
 DEPTH (last_IT) =  15. km :  ******
 DEPTH ( input ) =  16. km :  .........1.
 DEPTH (last_IT) =  16. km :  *********1
 DEPTH ( input ) =  17. km :  .....
 DEPTH (last_IT) =  17. km :  ****
 DEPTH ( input ) =  18. km :  ....
 DEPTH (last_IT) =  18. km :  ******
 DEPTH ( input ) =  19. km :  .....
 DEPTH (last_IT) =  19. km :  ***
 DEPTH ( input ) =  20. km :  .....
 DEPTH (last_IT) =  20. km :  ****
 DEPTH ( input ) =  21. km :  ..
 DEPTH (last_IT) =  21. km :  ***
 DEPTH ( input ) =  22. km :  ....
 DEPTH (last_IT) =  22. km :  *****
 DEPTH ( input ) =  23. km :  ....
 DEPTH (last_IT) =  23. km :  *****
 DEPTH ( input ) =  24. km :  ..
 DEPTH (last_IT) =  24. km :  **
 DEPTH ( input ) =  25. km :  .
 DEPTH (last_IT) =  25. km :  *
 DEPTH ( input ) =  26. km :   
 DEPTH (last_IT) =  26. km :   
 DEPTH ( input ) =  27. km :   
 DEPTH (last_IT) =  27. km :   
 DEPTH ( input ) =  28. km :   
 DEPTH (last_IT) =  28. km :   
 DEPTH ( input ) =  29. km :   
 DEPTH (last_IT) =  29. km :   
 DEPTH ( input ) =  30. km :   
 DEPTH (last_IT) =  30. km :   
 DEPTH ( input ) =  31. km :   
 DEPTH (last_IT) =  31. km :   
 DEPTH ( input ) =  32. km :   
 DEPTH (last_IT) =  32. km :   
 DEPTH ( input ) =  33. km :   
 DEPTH (last_IT) =  33. km :   
 DEPTH ( input ) =  34. km :   
 DEPTH (last_IT) =  34. km :   
 DEPTH ( input ) =  35. km :   
 DEPTH (last_IT) =  35. km :   
 DEPTH ( input ) =  36. km :   
 DEPTH (last_IT) =  36. km :   
 DEPTH ( input ) =  37. km :   
 DEPTH (last_IT) =  37. km :   
 DEPTH ( input ) =  38. km :   
 DEPTH (last_IT) =  38. km :   
 DEPTH ( input ) =  39. km :   
 DEPTH (last_IT) =  39. km :   
 DEPTH ( input ) =  40. km :   
 DEPTH (last_IT) =  40. km :   
 DEPTH ( input ) =  41. km :   
 DEPTH (last_IT) =  41. km :   
 DEPTH ( input ) =  42. km :   
 DEPTH (last_IT) =  42. km :   
 DEPTH ( input ) =  43. km :   
 DEPTH (last_IT) =  43. km :   
 DEPTH ( input ) =  44. km :   
 DEPTH (last_IT) =  44. km :   
 DEPTH ( input ) =  45. km :   
 DEPTH (last_IT) =  45. km :   
 DEPTH ( input ) =  46. km :   
 DEPTH (last_IT) =  46. km :   
 DEPTH ( input ) =  47. km :   
 DEPTH (last_IT) =  47. km :   
 DEPTH ( input ) =  48. km :   
 DEPTH (last_IT) =  48. km :   
 DEPTH ( input ) =  49. km :   
 DEPTH (last_IT) =  49. km :   
 DEPTH ( input ) =  50. km :   
 DEPTH (last_IT) =  50. km :   
 DEPTH ( input ) =  51. km :   
 DEPTH (last_IT) =  51. km :   
 DEPTH ( input ) =  52. km :   
 DEPTH (last_IT) =  52. km :   
 DEPTH ( input ) =  53. km :   
 DEPTH (last_IT) =  53. km :   
 DEPTH ( input ) =  54. km :   
 DEPTH (last_IT) =  54. km :   
 DEPTH ( input ) =  55. km :   
 DEPTH (last_IT) =  55. km :   
 DEPTH ( input ) =  56. km :   
 DEPTH (last_IT) =  56. km :   
 DEPTH ( input ) =  57. km :   
 DEPTH (last_IT) =  57. km :   
 DEPTH ( input ) =  58. km :   
 DEPTH (last_IT) =  58. km :   
 DEPTH ( input ) =  59. km :   
 DEPTH (last_IT) =  59. km :   
 DEPTH ( input ) =  60. km :   
 DEPTH (last_IT) =  60. km :   
 DEPTH ( input ) =  61. km :   
 DEPTH (last_IT) =  61. km :   
 DEPTH ( input ) =  62. km :   
 DEPTH (last_IT) =  62. km :   
 DEPTH ( input ) =  63. km :   
 DEPTH (last_IT) =  63. km :   
 DEPTH ( input ) =  64. km :   
 DEPTH (last_IT) =  64. km :   
 DEPTH ( input ) =  65. km :   
 DEPTH (last_IT) =  65. km :   
 DEPTH ( input ) =  66. km :   
 DEPTH (last_IT) =  66. km :   
 DEPTH ( input ) =  67. km :   
 DEPTH (last_IT) =  67. km :   
 DEPTH ( input ) =  68. km :   
 DEPTH (last_IT) =  68. km :   
 DEPTH ( input ) =  69. km :   
 DEPTH (last_IT) =  69. km :   
 DEPTH ( input ) =  70. km :   
 DEPTH (last_IT) =  70. km :   
 DEPTH ( input ) =  71. km :   
 DEPTH (last_IT) =  71. km :   
 DEPTH ( input ) =  72. km :   
 DEPTH (last_IT) =  72. km :   
 DEPTH ( input ) =  73. km :   
 DEPTH (last_IT) =  73. km :   
 DEPTH ( input ) =  74. km :  .
 DEPTH (last_IT) =  74. km :  *
 DEPTH ( input ) =  75. km :   
 DEPTH (last_IT) =  75. km :   
 DEPTH ( input ) =  76. km :   
 DEPTH (last_IT) =  76. km :   
 DEPTH ( input ) =  77. km :   
 DEPTH (last_IT) =  77. km :   
 DEPTH ( input ) =  78. km :   
 DEPTH (last_IT) =  78. km :   
 DEPTH ( input ) =  79. km :   
 DEPTH (last_IT) =  79. km :   
 DEPTH ( input ) =  80. km :   
 DEPTH (last_IT) =  80. km :   
 DEPTH ( input ) =  81. km :   
 DEPTH (last_IT) =  81. km :   
 DEPTH ( input ) =  82. km :   
 DEPTH (last_IT) =  82. km :   
 DEPTH ( input ) =  83. km :   
 DEPTH (last_IT) =  83. km :   
 DEPTH ( input ) =  84. km :   
 DEPTH (last_IT) =  84. km :   
 DEPTH ( input ) =  85. km :   
 DEPTH (last_IT) =  85. km :   
 DEPTH ( input ) =  86. km :   
 DEPTH (last_IT) =  86. km :   
 DEPTH ( input ) =  87. km :   
 DEPTH (last_IT) =  87. km :   
 DEPTH ( input ) =  88. km :   
 DEPTH (last_IT) =  88. km :   
 DEPTH ( input ) =  89. km :   
 DEPTH (last_IT) =  89. km :   
 DEPTH ( input ) =  90. km :   
 DEPTH (last_IT) =  90. km :   
 DEPTH ( input ) =  91. km :   
 DEPTH (last_IT) =  91. km :   
 DEPTH ( input ) =  92. km :   
 DEPTH (last_IT) =  92. km :   
 DEPTH ( input ) =  93. km :   
 DEPTH (last_IT) =  93. km :   
 DEPTH ( input ) =  94. km :   
 DEPTH (last_IT) =  94. km :   
 DEPTH ( input ) =  95. km :   
 DEPTH (last_IT) =  95. km :   
 DEPTH ( input ) =  96. km :   
 DEPTH (last_IT) =  96. km :   
 DEPTH ( input ) =  97. km :  .
 DEPTH (last_IT) =  97. km :  *
 DEPTH ( input ) =  98. km :   
 DEPTH (last_IT) =  98. km :   
 DEPTH ( input ) =  99. km :   
 DEPTH (last_IT) =  99. km :   
 DEPTH ( input ) = 100. km :   
 DEPTH (last_IT) = 100. km :   
 DEPTH ( input ) > 100. km :   
 DEPTH (last_IT) > 100. km :   


 Residuals of the stations according to the azimuth:
 (RES  = total average residual at station)
 (RES1 = average residual of rays from 1st quadrant)
 (RES2 = average residual of rays from 2nd quadrant)
 (RES3 = average residual of rays from 3rd quadrant)
 (RES4 = average residual of rays from 4th quadrant)

 Stn#  Stn     RES          RES1         RES2         RES3         RES4
   1   624    -0.06(  74)  -0.04(  33)  -0.01(   5)  -0.09(  29)  -0.07(   7)
   2   628    -0.18(  69)  -0.28(  32)  -0.13(   5)  -0.20(  25)   0.27(   7)
   3   630    -0.01(  53)   0.06(  24)   0.05(  11)  -0.29(  10)   0.07(   8)
   4   627    -0.01(  46)  -0.01(  12)   0.00(   0)  -0.14(  22)   0.22(  12)
   5   621     0.06(  59)   0.07(   8)   0.00(   0)   0.13(  18)   0.01(  33)
   6   629     0.03(  43)   0.18(  15)   0.00(   0)  -0.31(   8)   0.04(  20)
   7   622    -0.00(  58)  -0.07(  27)   0.00(   0)   0.04(  20)   0.07(  11)
   8   620    -0.01(  48)   0.00(   0)   0.02(   1)   0.13(  18)  -0.10(  29)
   9   623     0.04(  55)  -0.05(  30)   0.00(   0)   0.22(  17)  -0.02(   8)
  10   626     0.03(  52)  -0.02(  24)   0.00(   0)  -0.23(   5)   0.14(  23)
  11   625    -0.00(  49)   0.03(  15)   0.00(   0)  -0.12(  23)   0.21(  11)
  12   631     0.24(  49)   0.39(  18)  -0.06(   1)   0.58(   4)   0.09(  26)
  13   632     0.11(  24)   0.33(  12)  -0.12(   2)  -0.13(   3)  -0.10(   7)



 CPU - statistics:

 TOTAL CPU-sec          =    0.3     (CPU-minutes:  0.006)

 >>>   End of program VELEST at 25-06-02 12:56       <<< [ CPU-sec :     0.3]
