 >>> Start of program VELEST at 25-06-02 12:56       <<<                        

 ::::::::::::::::::::::::::::::::::::::                                         
  V E L E S T  - Version : January 3, 1995                                      
  (Authors: see source code)                                                    
 ::::::::::::::::::::::::::::::::::::::                                         


 Title of this VELEST run:

 model_2
 -------


 Current array-dimensions of program VELEST:

 Max. number of EARTHQUAKES for simult. inversion IEQ = ***
 Max. number of SHOTS for simult. inversion    INSHOT =  50
 Max. number of (different) 1D-MODELS      ITOTMODELS =   2
 Max. number of LAYERS per one 1D-model        INLTOT = 100
 Max. number of STATIONS in stationlist           IST = 650
 Max. number of OBSERVATIONS per event MAXOBSPEREVENT = 180






    INPUT - P A R A M E T E R S :



***
***  olat       olon   icoordsystem      zshift   itrial ztrial    ised
  72.000000-126.000000      0            0.000       0     0.00      0
***
*** neqs   nshot    rotate
     91      0      0.0
***
*** isingle   iresolcalc
       0          0
***
*** dmax    itopo    zmin     veladj    zadj   lowveloclay
   300.00     0      0.01       0.20    5.00       0
***
*** nsp    swtfac   vpvs       nmod
     1      1.00    1.730        1
***
***   othet   xythet    zthet    vthet   stathet
       0.01     0.01     0.01     1.00     0.01
***
*** nsinv   nshcor   nshfix     iuseelev    iusestacorr
       1       0       0           1            1
***
*** iturbo    icnvout   istaout   ismpout
       1         1         1         0
***
*** irayout   idrvout   ialeout   idspout   irflout   irfrout   iresout
       0         0         0         0         0         0         0
***
*** delmin   ittmax   invertratio
    0.010       3          1
***
*** Modelfile:
tmp/model_2/synthvel/model_969.mod
***
*** Stationfile:
./velinp/station.sta
***
*** Seismofile:
 
***
*** File with region names:
 
***
*** File with region coordinates:
 
***
*** File #1 with topo data:
 
***
*** File #2 with topo data:
 
***
*** DATA INPUT files:
***
*** File with Earthquake data:
./velinp/data.cnv
***
*** File with Shot data:
 
***
*** OUTPUT files:
***
*** Main print output file:
./velout/model_2/velest969.out
***
*** File with single event locations:
velout.vel
***
*** File with final hypocenters in *.cnv format:
./velout/model_2/final_loc969.cnv
***
*** File with new station corrections:
./velout/model_2/stations_corr969.sta
***
*** File with summary cards (e.g. for plotting):
velout.smp
***
*** File with raypoints:
velout.ray
***
*** File with derivatives:
velout.drv
***
*** File with ALEs:
velout.ale
***
*** File with Dirichlet spreads:
velout.dspr
***
*** File with reflection points:
velout.rfl
***
*** File with refraction points:
velout.rfr
***
*** File with residuals:
velout.res
***




 Origin of cartesian coordinates:
        72.00000N   126.00000E

  X,Y-AXES rotated clockwise from North
           Rotation angle (rotate):
            rotate=    0.0 degr.

 icoordsystem =            0
 normal SHORT DISTANCE CONVERSION will be made
 x is positive towards west, y is positive towards north


 SHORT DISTANCE CONVERSION on ELLIPSOIDE of WORLD GEODETIC SYSTEM 1972 (WGS72)
 =============================================================================

 Radius at equator (REARTH)= 6378.13500  km
   1. / (ellipticity)      =    298.260

 Origin of cartesian coordinates [degrees]:
   72.0000000 N     -126.0000000 W

  Rotation angle (in degr.) clockwise from
North  rotate=    0.0

 Radius of sphere at OLAT =   6358.817 km

 Conversion of GEOGRAPHICAL LATITUDE to GEOCENTRICAL LATITUDE:
 RLATC = TAN(GEOCENTR.LAT) / TAN(GEOGRAPH.LAT)
 RLATC =   0.99333486

          Short distance conversions:
          one min lat ~  1.8597 km 
          one min lon ~  0.5751 km 







    INPUT - M O D E L :



 Model(s) read from file :
 tmp/model_2/synthvel/model_969.mod                                              

 model file title: 
Model: model_969.mod                    
 Velocity structure for model   1 :

 layer    vel   depth   vdamp  reflector
   1      5.22  -5.00    1.00         P-VELOCITY MODEL                  
   2      5.40   1.80    1.00  
   3      5.76   3.21    1.00  
   4      5.81   6.58    1.00  
   5      6.31  14.79    1.00  
   6      6.34  18.49    1.00  
   7      6.52  28.62    1.00  
   8      6.59  34.51    1.00  
   9      7.21  37.83    1.00  
  10      8.20  39.86    1.00  

 Calculation of average velocity starts at layer #            1
 z = -5.00 ...  1.80    v = 5.22    AVEL = 5.22 downto z =   1.80
 z =  1.80 ...  3.21    v = 5.40    AVEL = 5.25 downto z =   3.21
 z =  3.21 ...  6.58    v = 5.76    AVEL = 5.40 downto z =   6.58
 z =  6.58 ... 14.79    v = 5.81    AVEL = 5.57 downto z =  14.79
 z = 14.79 ... 18.49    v = 6.31    AVEL = 5.69 downto z =  18.49
 z = 18.49 ... 28.62    v = 6.34    AVEL = 5.88 downto z =  28.62
 z = 28.62 ... 34.51    v = 6.52    AVEL = 5.98 downto z =  34.51
 z = 34.51 ... 37.83    v = 6.59    AVEL = 6.03 downto z =  37.83
 z = 37.83 ... 39.86    v = 7.21    AVEL = 6.08 downto z =  39.86


 Calculation of average velocity starts at layer #            2
 z =  1.80 ...  3.21    v = 5.40    AVEL = 5.40 downto z =   3.21
 z =  3.21 ...  6.58    v = 5.76    AVEL = 5.65 downto z =   6.58
 z =  6.58 ... 14.79    v = 5.81    AVEL = 5.75 downto z =  14.79
 z = 14.79 ... 18.49    v = 6.31    AVEL = 5.88 downto z =  18.49
 z = 18.49 ... 28.62    v = 6.34    AVEL = 6.05 downto z =  28.62
 z = 28.62 ... 34.51    v = 6.52    AVEL = 6.14 downto z =  34.51
 z = 34.51 ... 37.83    v = 6.59    AVEL = 6.18 downto z =  37.83
 z = 37.83 ... 39.86    v = 7.21    AVEL = 6.23 downto z =  39.86






    INPUT - S T A T I O N S :



 Station-parameters read from file :
 ./velinp/station.sta                                                            


     stn latitude longitude elev   x      y      z     ptcor stcor model icc
   1 624 72.4760N126.2750E     0  -9.37  53.11  -0.00   0.00  0.00   1  13
   2 628 72.4000N127.1470E     0 -39.15  44.63  -0.00   0.00  0.00   1  12
   3 630 72.0750N128.3250E     0 -80.06   8.37  -0.00   0.00  0.00   1  11
   4 627 72.1170N126.9820E     0 -33.78  13.06  -0.00   0.00  0.00   1  10
   5 621 72.1840N124.8890E     0  38.14  20.53  -0.00   0.00  0.00   1   9
   6 629 71.9290N127.3130E     0 -45.39  -7.92  -0.00   0.00  0.00   1   8
   7 622 72.4420N125.3130E     0  23.42  49.32  -0.00   0.00  0.00   1   7
   8 620 72.6540N124.3470E     0  56.03  72.98  -0.00   0.00  0.00   1   6
   9 623 72.3260N125.7600E     0   8.21  36.38  -0.00   0.00  0.00   1   5
  10 626 71.8880N126.0360E     0  -1.25 -12.50  -0.00   0.00  0.00   1   4
  11 625 72.1740N126.1070E     0  -3.67  19.42  -0.00   0.00  0.00   1   3
  12 631 71.3990N127.2470E     0 -43.72 -67.06  -0.00   0.00  0.00   1   2
  13 632 71.5740N129.0728E     0-107.23 -47.53  -0.00   0.00  0.00   1   1

 NO Seismo-parameter-file specified
 --> NO magnitudes calculated!




   neqs=   91  nshot=    0  nltot=   10

 ~~~ input parameters read.
 ~~~ set units for first iteration ...
 ~~~ determine number of unknowns ...

 Number of unknowns (for array-indexing):  nvar =  386
 Number of effective unknowns        :  nvareff =  374
 Number of elements on/below main diagonal of matrix G = At*A : kvar =   74691

 ~~~ reset G and RHT ...
 ~~~ input data, raytracing, setup G ...






    I N P U T - D A T A  

  eq    origin-time    latitude longitude depth    x      y      z    mag ifxOBS
   1 160818 1613  9.10 73.0030N 124.8500E  23.10  38.61 111.92  23.10 1.40 0   6
   2 160818 1613  9.30 72.9910N 124.8700E  22.80  37.95 110.58  22.80 1.10 0   6
   3 160819 0959 27.30 71.9230N 129.7600E  12.10-130.00  -8.59  12.10 4.00 0  12
   4 160820 1506 15.70 71.9380N 129.7900E  11.00-130.98  -6.92  11.00 1.50 0   9
   5 160820 1904 45.70 72.3480N 127.1800E  23.80 -40.33  38.83  23.80 1.20 0   6
   6 160822 1318 49.50 72.3650N 127.0800E  16.50 -36.90  40.73  16.50 0.60 0   8
   7 160823 0652 14.00 70.9330N 129.8100E   6.40-135.21-119.06   6.40 2.90 0   6
   8 160824 1510 30.40 71.6070N 130.0400E   8.60-140.86 -43.85   8.60 1.50 0   9
   9 160906 1514 39.70 72.5080N 125.6800E  12.10  10.89  56.68  12.10 0.90 0   6
 WARNING:
 epicentral distance: 303.3 > dmax ( 300.0) ==> skipping phase !
 WARNING:
 epicentral distance: 338.2 > dmax ( 300.0) ==> skipping phase !
  10 160920 1607 18.30 69.2370N 128.3500E  16.20 -87.07-308.31  16.20 2.60 0   2
 WARNING:
 epicentral distance: 318.5 > dmax ( 300.0) ==> skipping phase !
 WARNING:
 epicentral distance: 355.0 > dmax ( 300.0) ==> skipping phase !
  11 160925 1911  5.60 69.2250N 127.6800E  15.60 -62.26-309.64  15.60 2.30 0   2
  12 161004 0841 51.20 72.8480N 124.9600E  15.60  35.07  94.62  15.60 0.20 0   6
  13 161005 1619 46.90 72.8770N 125.0100E  19.00  33.35  97.86  19.00 1.00 0   9
  14 161006 0156 55.90 72.8740N 125.0100E  13.90  33.36  97.52  13.90 1.00 0   7
  15 161009 0036 44.70 72.8720N 124.9900E  17.20  34.03  97.30  17.20 1.30 0   8
  16 161009 0036 44.90 72.8580N 124.9600E  18.60  35.06  95.74  18.60 1.20 0   7
  17 161012 0800 22.10 72.7380N 126.0300E  18.50  -1.01  82.35  18.50 0.80 0   7
  18 161015 1013 36.50 72.0400N 126.9900E  11.20 -34.12   4.46  11.20 0.70 0   7
  19 161021 0507 33.30 72.5750N 124.7800E  10.10  41.44  64.16  10.10 0.80 0   6
  20 161124 2250 46.00 72.7630N 124.8800E  16.20  37.85  85.14  16.20 3.10 0   4
  21 161125 0156 34.10 72.7420N 124.9200E  14.50  36.52  82.80  14.50 0.60 0   7
  22 161125 0517 25.90 72.7650N 124.9400E  13.50  35.82  85.36  13.50 1.60 0   6
  23 161125 0525 15.90 72.7740N 124.9500E  11.60  35.48  86.37  11.60 0.80 0   6
  24 161125 0556  2.00 72.7350N 124.9700E   5.70  34.84  82.01   5.70 0.20 0   6
  25 170117 0846 48.60 72.2130N 127.3400E  22.00 -45.97  23.77  22.00 0.30 0   6
  26 170122 1614 27.60 71.9670N 128.0400E  10.30 -70.45  -3.68  10.30 0.90 0   6
  27 170125 2244  0.20 72.4440N 126.0200E  13.10  -0.68  49.54  13.10 0.80 0   6
  28 170302 1359 59.10 72.6830N 124.8900E  11.50  37.60  76.21  11.50 0.50 0   7
  29 170302 2335 20.20 71.8850N 130.3000E  14.80-148.82 -12.83  14.80 2.10 0   9
  30 170304 2135  2.90 72.6880N 124.9400E  13.40  35.90  76.77  13.40 1.30 0   7
  31 170307 0447 21.00 72.6940N 124.9200E  14.20  36.57  77.44  14.20 1.70 0  10
  32 170307 2016 50.80 72.6910N 124.9100E  15.30  36.91  77.10  15.30 1.10 0   6
  33 170309 1454  0.80 72.6830N 124.9000E  15.60  37.26  76.21  15.60 0.30 0   6
  34 170311 0430 55.40 72.3130N 126.5000E  24.50 -17.11  34.93  24.50 0.30 0   6
  35 170312 0416 39.20 71.9240N 128.0800E   3.40 -71.91  -8.48   3.40 2.10 0   6
  36 170313 0553 59.10 72.6980N 124.9200E  15.10  36.57  77.89  15.10 1.00 0   9
  37 170313 0809  5.60 72.4500N 125.0800E  14.90  31.36  50.21  14.90 1.20 0   7
  38 170315 0234 46.50 72.6540N 123.8400E  16.90  73.22  72.98  16.90 1.40 0   7
  39 170317 1007 14.10 72.2350N 125.9800E   3.90   0.69  26.22   3.90 0.50 0   7
  40 170320 0711 14.60 72.1250N 127.2200E  16.80 -41.95  13.95  16.80 0.90 0   6
  41 170320 0853 56.40 72.7090N 124.9700E   5.10  34.86  79.11   5.10 0.40 0   6
  42 170320 1900 34.30 72.4150N 126.1200E  18.00  -4.09  46.31  18.00 0.60 0   7
  43 170323 0519 24.60 71.6470N 129.1800E   5.20-110.76 -39.39   5.20 1.20 0   6
  44 170323 1612 49.70 72.4530N 125.1100E   8.30  30.33  50.55   8.30 0.50 0   6
  45 170323 1906 41.20 72.4070N 130.2500E  18.30-145.04  45.41  18.30 1.00 0   6
  46 170326 0836 34.10 71.9930N 127.6700E  16.10 -57.63  -0.78  16.10 1.50 0   7
  47 170402 0422  1.00 72.7220N 125.6900E  21.90  10.49  80.56  21.90 1.20 0  10
  48 170402 0636 37.20 72.7310N 125.6900E  23.50  10.49  81.57  23.50 0.70 0   6
  49 170404 2347 35.70 72.7580N 124.3800E  22.60  54.76  84.58  22.60 0.50 0   6
  50 170405 0307 36.10 71.6810N 128.9500E  15.30-102.66 -35.60  15.30 1.00 0  10
  51 170405 1410 53.20 71.5100N 128.9000E   9.30-101.37 -54.68   9.30 1.70 0  10
  52 170406 0838 43.20 72.3850N 129.3800E  15.50-115.42  42.96  15.50 0.90 0  10
  53 170406 1728  1.00 72.7230N 125.6900E  21.30  10.49  80.67  21.30 0.90 0  10
 WARNING:
 epicentral distance: 325.9 > dmax ( 300.0) ==> skipping phase !
 WARNING:
 epicentral distance: 332.9 > dmax ( 300.0) ==> skipping phase !
 WARNING:
 epicentral distance: 345.3 > dmax ( 300.0) ==> skipping phase !
 WARNING:
 epicentral distance: 391.9 > dmax ( 300.0) ==> skipping phase !
  54 170407 1729  3.40 74.8930N 128.6300E  15.60 -83.67 322.81  15.60 1.80 0   2
 WARNING:
 epicentral distance: 311.3 > dmax ( 300.0) ==> skipping phase !
 WARNING:
 epicentral distance: 315.4 > dmax ( 300.0) ==> skipping phase !
 WARNING:
 epicentral distance: 328.9 > dmax ( 300.0) ==> skipping phase !
 WARNING:
 epicentral distance: 374.2 > dmax ( 300.0) ==> skipping phase !
  55 170407 1729  3.50 74.7270N 128.8100E   0.40 -89.83 304.29   0.40 1.60 0   5
  56 170408 1004 44.90 72.6070N 124.9400E  15.00  35.98  67.73  15.00 1.40 0  13
  57 170409 0856 47.20 73.3850N 128.5500E  15.60 -84.71 154.54  15.60 2.50 0   6
  58 170409 0902 45.60 73.3500N 128.4400E  15.10 -81.13 150.64  15.10 1.10 0   7
  59 170410 1520  8.50 72.0030N 128.3900E   2.70 -82.46   0.33   2.70 1.00 0  10
  60 170410 1813  3.60 70.9360N 129.1200E   3.70-110.72-118.73   3.70 2.20 0  13
  61 170412 1507  0.60 71.5070N 129.7200E   0.00-130.05 -55.01   0.00 0.70 0   6
  62 170413 0651 20.10 73.3680N 125.4200E  15.60  19.28 152.65  15.60 1.00 0  10
  63 170414 0459 18.80 72.2680N 127.3800E  20.10 -47.27  29.90  20.10 0.50 0   7
  64 170414 0540  4.80 73.6400N 130.9700E   8.00-163.92 183.00   8.00 1.80 0  11
  65 170414 1656 23.40 72.1850N 127.4000E  15.50 -48.06  20.64  15.50 0.20 0   6
  66 170414 1753 32.80 72.3840N 130.4600E  17.90-152.30  42.85  17.90 0.70 0   6
  67 170416 0523 41.90 71.9560N 127.0800E  19.20 -37.31  -4.91  19.20 1.60 0  13
  68 170416 1220 14.20 72.9470N 124.4900E  20.40  50.77 105.67  20.40 1.00 0  11
 WARNING:
 epicentral distance: 320.3 > dmax ( 300.0) ==> skipping phase !
 WARNING:
 epicentral distance: 381.0 > dmax ( 300.0) ==> skipping phase !
 WARNING:
 epicentral distance: 398.8 > dmax ( 300.0) ==> skipping phase !
 WARNING:
 epicentral distance: 405.0 > dmax ( 300.0) ==> skipping phase !
 WARNING:
 epicentral distance: 424.8 > dmax ( 300.0) ==> skipping phase !
 WARNING:
 epicentral distance: 431.2 > dmax ( 300.0) ==> skipping phase !
 WARNING:
 epicentral distance: 445.5 > dmax ( 300.0) ==> skipping phase !
 WARNING:
 epicentral distance: 451.8 > dmax ( 300.0) ==> skipping phase !
 WARNING:
 epicentral distance: 464.3 > dmax ( 300.0) ==> skipping phase !
  69 170416 1257 48.30 68.8710N 131.7500E  73.50-214.97-349.14  73.50 2.20 0   0
  70 170416 1821  5.50 72.8670N 125.0000E  19.30  33.70  96.74  19.30 1.30 0  13
  71 170418 0606  4.10 72.5080N 125.8200E   1.30   6.13  56.68   1.30 0.20 0   6
 WARNING:
 epicentral distance: 315.2 > dmax ( 300.0) ==> skipping phase !
 WARNING:
 epicentral distance: 332.1 > dmax ( 300.0) ==> skipping phase !
 WARNING:
 epicentral distance: 345.3 > dmax ( 300.0) ==> skipping phase !
 WARNING:
 epicentral distance: 352.6 > dmax ( 300.0) ==> skipping phase !
 WARNING:
 epicentral distance: 346.7 > dmax ( 300.0) ==> skipping phase !
 WARNING:
 epicentral distance: 356.6 > dmax ( 300.0) ==> skipping phase !
 WARNING:
 epicentral distance: 363.9 > dmax ( 300.0) ==> skipping phase !
 WARNING:
 epicentral distance: 372.8 > dmax ( 300.0) ==> skipping phase !
 WARNING:
 epicentral distance: 378.6 > dmax ( 300.0) ==> skipping phase !
 WARNING:
 epicentral distance: 378.6 > dmax ( 300.0) ==> skipping phase !
  72 170418 1005 56.80 69.3310N 122.4100E  97.00 132.70-297.82  97.00 2.20 0   1
  73 170418 1500 12.90 72.7340N 124.5100E  23.10  50.40  81.90  23.10 1.30 0  12
  74 170420 1302 36.20 72.6290N 129.0200E  21.80-102.44  70.19  21.80 0.90 0  11
  75 170420 2248 46.70 72.0220N 129.1200E   0.00-107.59   2.46   0.00 0.70 0  11
 WARNING:
 epicentral distance: 313.1 > dmax ( 300.0) ==> skipping phase !
 WARNING:
 epicentral distance: 324.4 > dmax ( 300.0) ==> skipping phase !
 WARNING:
 epicentral distance: 324.2 > dmax ( 300.0) ==> skipping phase !
 WARNING:
 epicentral distance: 342.4 > dmax ( 300.0) ==> skipping phase !
 WARNING:
 epicentral distance: 349.0 > dmax ( 300.0) ==> skipping phase !
 WARNING:
 epicentral distance: 380.2 > dmax ( 300.0) ==> skipping phase !
 WARNING:
 epicentral distance: 381.6 > dmax ( 300.0) ==> skipping phase !
 WARNING:
 epicentral distance: 408.0 > dmax ( 300.0) ==> skipping phase !
  76 170423 0850 54.60 74.7080N 132.7900E   0.10-217.19 302.17   0.10 1.90 0   0
  77 170423 1455 44.10 72.8400N 124.4900E  16.80  50.92  93.73  16.80 0.60 0   8
  78 170423 2313 41.80 72.5960N 124.8700E  22.00  38.36  66.50  22.00 1.30 0  12
  79 170424 0609 58.60 71.9600N 128.0200E   0.10 -69.77  -4.46   0.10 1.10 0  12
  80 170424 0755 26.70 71.9480N 128.0300E   0.00 -70.14  -5.80   0.00 1.00 0  12
  81 170424 0755 26.90 71.9590N 128.0300E   0.00 -70.12  -4.57   0.00 1.00 0  12
  82 170425 0652 23.30 71.9600N 128.0300E   0.00 -70.12  -4.46   0.00 1.20 0   9
  83 170426 0051 23.20 71.9450N 128.0600E   6.60 -71.18  -6.14   6.60 0.70 0   6
  84 170426 1425 21.20 72.0790N 127.2600E  21.00 -43.38   8.82  21.00 0.10 0   6
  85 170426 1834 24.60 71.5840N 130.8000E  10.90-167.46 -46.42  10.90 1.20 0   8
  86 170426 1840 44.10 72.2710N 126.3600E  18.10 -12.33  30.24  18.10 1.30 0   8
  87 170427 0912 28.80 72.0640N 127.7900E   2.60 -61.65   7.14   2.60 0.90 0   8
  88 170427 1041 38.10 71.7480N 128.9900E   8.40-103.86 -28.12   8.40 0.70 0   7
  89 170427 2010 47.80 72.8010N 130.2000E  20.20-141.80  89.38  20.20 1.30 0   8
  90 170427 2010 48.30 72.7890N 130.1400E  20.10-139.82  88.04  20.10 1.30 0   8
  91 170427 2342 34.10 72.7630N 125.0100E  19.50  33.46  85.14  19.50 0.80 0   6

 readings for station 624  :  74
 readings for station 628  :  69
 readings for station 630  :  53
 readings for station 627  :  46
 readings for station 621  :  59
 readings for station 629  :  43
 readings for station 622  :  58
 readings for station 620  :  48
 readings for station 623  :  55
 readings for station 626  :  52
 readings for station 625  :  49
 readings for station 631  :  49
 readings for station 632  :  24

 Total number of stations with readings:  13

 Total number of readings:     679
 Total number of P readings:       0
 Total number of S readings:       0


 ~~~ store parts of G ...
 ~~~ compute RMS and DATVAR ...

 Total number of observations is:   679


 $$$$$$$$$$$$$$$$$$$$$$$$$$$$$$$$$$$$$$$$$$$$$$$$$
 Events with  | AVRES | > 1.0 SEC are suspicious !

 ZERO events of this kind found! (lucky guy!!!)

 ~~~ save initial datvar ...

 Iteration nr  0 obtained:
 DATVAR=    0.363566 mean sqrd residual=     0.163310  RMS RESIDUAL=     0.404116

 After  0 iterations we got:
 Average absolute & unweighted [and mean] residual of
   412 straight and direct rays =  0.35105 [ -0.34511]
   267 refracted           rays =  0.57176 [ -0.37451]
     0 reflected           rays =  0.00000 [  0.00000]

   679 ALL                 RAYS =  0.43784 [ -0.35667]        0.00 %




--------------------------------------------------------------------------------



           ITERATION no  1

 ~~~ set units for this iteration ...
 ~~~ determine number of unknowns for this iter. ...

 Number of unknowns (for array-indexing):  nvar =  386
 Number of effective unknowns        :  nvareff =  387
 Number of elements on/below main diagonal of matrix G = At*A : kvar =   74691

 Damping factors to be used in this iteration:
   Othet=   0.010   XYthet  =   0.010   Zthet=  0.010
 STAthet=   0.010   Vthet   =   1.000

 ~~~ damp G ...
 ~~~ solve G * b = RHT ...
 ~~~ fix units ...
 ~~~ apply eventually step-length damping ...
 ~~~ adjust model (hypocenters, stacorr & veloc.) ...

 doing velocity adjustments now...
 WARNING: Tried to introduce a low-velocity-layer! (Layer  8)
 Setting DVP from  0.11 to 0.0 and VP to vp(layer_above)+0.001

 doing station-correction adjustments...

 ~~~ compute effective step-length ...

 (Applied) Step length =   3.246

 ~~~ set units for next iteration ...
 ~~~ determine number of unknowns for next iter. ...

 Number of unknowns (for array-indexing):  nvar =  386
 Number of effective unknowns        :  nvareff =  387
 Number of elements on/below main diagonal of matrix G = At*A : kvar =   74691

 ~~~ reset G and RHT ...
 ~~~ raytracing, setup G ...
 ~~~ store parts of G ...
 ~~~ set units back for current iteration ...
 ~~~ determine number of unknowns for this iter. ...

 Number of unknowns (for array-indexing):  nvar =  386
 Number of effective unknowns        :  nvareff =  387
 Number of elements on/below main diagonal of matrix G = At*A : kvar =   74691

 ~~~ compute RMS and DATVAR ...

 $$$$$$$$$$$$$$$$$$$$$$$$$$$$$$$$$$$$$$$$$$$$$$$$$
 Events with  | AVRES | > 1.0 SEC are suspicious !

 ZERO events of this kind found! (lucky guy!!!)

 ~~~ check solution (better? worse?) ...

 Iteration nr  1 obtained:
 DATVAR=    0.311839 mean sqrd residual=     0.134105  RMS RESIDUAL=     0.366203

 After  1 iterations we got:
 Average absolute & unweighted [and mean] residual of
   386 straight and direct rays =  0.28385 [ -0.27472]
   293 refracted           rays =  0.48795 [ -0.31455]
     0 reflected           rays =  0.00000 [  0.00000]

   679 ALL                 RAYS =  0.37192 [ -0.29191]      -15.05 %

 ~~~ iteration done; output results ...

  eq       ot     x      y      z      rms    avres   dot     dx     dy     dz
    1      9.04  38.70 112.08  23.56   0.23  -0.27   -0.059  0.091  0.157  0.463
    2      9.24  38.07 110.76  23.26   0.25  -0.27   -0.063  0.121  0.182  0.459
    3     27.22-130.15  -8.33  12.11   0.29  -0.33   -0.084 -0.147  0.259  0.014
    4     15.60-131.13  -6.74  10.86   0.33  -0.41   -0.101 -0.144  0.182 -0.136
    5     45.67 -40.30  38.78  23.86   0.13  -0.27   -0.031  0.034 -0.053  0.061
    6     49.46 -36.74  40.65  16.77   0.13  -0.26   -0.038  0.155 -0.073  0.268
    7     13.90-134.90-119.15   6.18   0.54  -0.28   -0.103  0.311 -0.092 -0.217
    8     30.33-140.93 -43.76   8.74   0.38  -0.35   -0.073 -0.073  0.091  0.144
    9     39.64  10.88  56.61  12.14   0.08  -0.33   -0.060 -0.012 -0.073  0.040
   10     18.22 -87.43-308.28  16.21   1.13   0.72   -0.083 -0.364  0.028  0.008
   11      5.46 -62.71-309.65  15.61   1.37   0.42   -0.143 -0.451 -0.004  0.014
   12     51.16  35.00  94.59  15.65   0.25  -0.28   -0.040 -0.066 -0.036  0.053
   13     46.84  33.50  98.01  19.41   0.28  -0.32   -0.065  0.145  0.155  0.413
   14     55.83  33.42  97.50  14.08   0.16  -0.38   -0.071  0.061 -0.026  0.176
   15     44.63  34.12  97.47  17.60   0.41  -0.29   -0.071  0.085  0.173  0.401
   16     44.82  35.06  96.04  18.92   0.48  -0.25   -0.084  0.002  0.300  0.321
   17     22.03  -0.99  82.46  18.72   0.14  -0.25   -0.071  0.021  0.116  0.221
   18     36.42 -34.08   4.48  11.56   0.25  -0.41   -0.078  0.045  0.019  0.355
   19     33.25  41.37  64.12  10.30   0.28  -0.34   -0.052 -0.074 -0.039  0.200
   20     45.92  37.72  85.20  16.21   0.18  -0.44   -0.075 -0.130  0.057  0.011
   21     34.05  36.49  82.77  14.38   0.24  -0.37   -0.054 -0.033 -0.028 -0.115
   22     25.84  35.64  85.35  13.38   0.22  -0.40   -0.058 -0.184 -0.012 -0.121
   23     15.85  35.30  86.32  11.42   0.34  -0.44   -0.052 -0.173 -0.046 -0.179
   24      1.90  34.80  82.25   5.72   0.46  -0.41   -0.100 -0.032  0.238  0.020
   25     48.61 -45.87  23.60  22.14   0.14  -0.05    0.010  0.102 -0.172  0.144
   26     27.55 -70.28  -3.88  10.43   0.16  -0.36   -0.049  0.170 -0.200  0.129
   27      0.15  -0.61  49.36  13.29   0.13  -0.30   -0.048  0.074 -0.179  0.187
   28     59.04  37.61  76.25  11.47   0.22  -0.30   -0.058  0.016  0.037 -0.029
   29     20.14-148.79 -12.71  14.95   0.26  -0.28   -0.064  0.036  0.126  0.148
   30      2.86  36.05  76.66  13.59   0.31  -0.25   -0.039  0.150 -0.110  0.192
   31     20.95  36.45  77.38  14.28   0.26  -0.36   -0.054 -0.117 -0.063  0.079
   32     50.75  36.85  77.03  15.29   0.16  -0.33   -0.046 -0.057 -0.072 -0.006
   33      0.76  37.24  76.15  15.67   0.14  -0.30   -0.036 -0.021 -0.061  0.070
   34     55.40 -16.96  34.89  24.53   0.08  -0.10   -0.000  0.150 -0.040  0.026
   35     39.19 -71.39  -8.34   3.42   0.33  -0.31   -0.006  0.525  0.135  0.016
   36     59.06  36.55  77.84  15.23   0.20  -0.26   -0.043 -0.017 -0.050  0.127
   37      5.55  31.32  50.16  14.79   0.09  -0.32   -0.048 -0.042 -0.056 -0.106
   38     46.45  73.15  72.95  16.99   0.21  -0.31   -0.052 -0.073 -0.022  0.085
   39     14.01   0.71  26.12   4.03   0.18  -0.34   -0.086  0.020 -0.107  0.128
   40     14.55 -41.91  13.93  16.78   0.09  -0.26   -0.052  0.044 -0.022 -0.019
   41     56.33  34.79  78.97   5.11   0.24  -0.46   -0.067 -0.069 -0.145  0.009
   42     34.27  -3.98  46.25  18.03   0.11  -0.16   -0.025  0.118 -0.062  0.029
   43     24.58-110.22 -39.21   5.06   0.31  -0.52   -0.023  0.543  0.178 -0.143
   44     49.64  30.32  50.48   8.36   0.21  -0.35   -0.063 -0.015 -0.070  0.062
   45     41.16-145.17  45.51  18.65   0.23  -0.26   -0.040 -0.137  0.093  0.349
   46     34.06 -57.52  -0.91  16.26   0.12  -0.22   -0.038  0.110 -0.128  0.158
   47      0.99  10.59  80.54  21.95   0.31  -0.12   -0.011  0.104 -0.019  0.049
   48     37.19  10.60  81.60  23.57   0.23  -0.17   -0.006  0.115  0.036  0.066
   49     35.67  54.69  84.57  22.59   0.11  -0.28   -0.029 -0.068 -0.005 -0.008
   50     36.04-102.55 -35.62  15.43   0.15  -0.34   -0.059  0.103 -0.025  0.126
   51     53.11-101.19 -54.56   8.91   0.39  -0.46   -0.085  0.184  0.118 -0.387
   52     43.13-115.45  43.29  15.29   0.31  -0.23   -0.067 -0.032  0.329 -0.209
   53      0.99  10.58  80.72  21.38   0.29  -0.10   -0.014  0.095  0.050  0.083
   54      2.97 -83.69 322.75  15.64   0.38  -0.75   -0.429 -0.015 -0.060  0.043
   55      3.15 -89.77 304.26   0.45   0.28  -0.66   -0.346  0.060 -0.027  0.051
   56     44.85  35.95  67.58  14.95   0.29  -0.32   -0.049 -0.023 -0.155 -0.047
   57     47.11 -84.61 154.69  15.61   0.53   0.01   -0.094  0.100  0.144  0.010
   58     45.53 -80.98 150.80  15.11   0.57  -0.07   -0.065  0.155  0.167  0.008
   59      8.45 -82.26   0.30   2.87   0.46  -0.43   -0.049  0.193 -0.029  0.173
   60      3.52-110.43-118.33   3.19   0.82  -0.33   -0.080  0.286  0.400 -0.515
   61      0.47-130.19 -55.03   0.22   0.54  -0.63   -0.130 -0.143 -0.015  0.109
   62     20.04  19.46 152.55  15.50   0.66  -0.21   -0.061  0.181 -0.094 -0.103
   63     18.79 -47.16  29.79  20.23   0.08  -0.18   -0.014  0.113 -0.119  0.132
   64      4.70-163.17 183.88   8.01   0.73   0.26   -0.103  0.752  0.887  0.012
   65     23.38 -47.89  20.49  15.63   0.10  -0.24   -0.021  0.177 -0.147  0.128
   66     32.75-152.60  43.04  18.52   0.37  -0.27   -0.051 -0.302  0.194  0.618
   67     41.88 -37.18  -5.08  19.05   0.11  -0.17   -0.016  0.123 -0.173 -0.150
   68     14.12  50.99 105.98  20.73   0.29  -0.27   -0.080  0.219  0.309  0.335
   69     48.30-214.97-349.14  73.50   0.00   0.00    0.000  0.000  0.000  0.000
   70      5.44  33.83  96.94  19.46   0.37  -0.20   -0.063  0.131  0.197  0.156
   71      4.04   6.18  56.70   1.17   0.57  -0.25   -0.065  0.051  0.011 -0.126
   72     56.33 132.66-297.77  96.99   0.02   0.15   -0.473 -0.034  0.045 -0.013
   73     12.85  50.57  81.92  23.32   0.16  -0.22   -0.046  0.175  0.017  0.218
   74     36.15-102.39  70.40  22.25   0.26  -0.37   -0.049  0.054  0.215  0.447
   75     46.59-107.92   2.82   0.27   0.93  -0.39   -0.113 -0.336  0.367  0.164
   76     54.60-217.19 302.17   0.10   0.00   0.00    0.000  0.000  0.000  0.000
   77     44.04  50.95  93.80  16.93   0.17  -0.28   -0.059  0.025  0.067  0.125
   78     41.76  38.46  66.42  22.17   0.16  -0.29   -0.044  0.100 -0.087  0.167
   79     58.53 -69.55  -4.55   0.27   0.40  -0.42   -0.069  0.224 -0.085  0.165
   80     26.63 -70.00  -5.94   0.38   0.31  -0.39   -0.069  0.141 -0.136  0.266
   81     26.83 -69.91  -4.69   0.15   0.37  -0.39   -0.072  0.213 -0.114  0.041
   82     23.21 -69.88  -4.57   0.23   0.29  -0.47   -0.085  0.238 -0.106  0.124
   83     23.17 -70.93  -6.13   6.67   0.20  -0.40   -0.032  0.251  0.007  0.068
   84     21.20 -43.20   8.61  20.99   0.06  -0.10   -0.001  0.179 -0.201 -0.008
   85     24.51-167.49 -46.29  10.84   0.46  -0.36   -0.094 -0.030  0.133 -0.065
   86     44.07 -12.26  30.09  18.15   0.08  -0.23   -0.034  0.076 -0.145  0.053
   87     28.74 -61.44   6.95   2.60   0.22  -0.32   -0.055  0.216 -0.193  0.004
   88     38.04-103.67 -28.14   8.25   0.20  -0.54   -0.062  0.196 -0.022 -0.146
   89     47.76-141.90  89.60  20.86   0.46  -0.25   -0.037 -0.108  0.222  0.662
   90     48.25-139.78  88.31  20.45   0.38  -0.29   -0.048  0.033  0.275  0.355
   91     34.03  33.62  85.21  19.84   0.30  -0.40   -0.070  0.157  0.075  0.340

 A V E R A G E   of ADJUSTMENTS :                    -0.067  0.055  0.031  0.088
 A V E R A G E   of ABSOLUTE ADJUSTMENTS :            0.068  0.133  0.119  0.151


 Step length damping of 0.16719 was applied.


 Velocity adjustments:
     vp    dvp      hp   reflector
 Velocity model   1
   5.194 -0.026   -5.000      
   5.449  0.049    1.800      
   5.755 -0.005    3.210      
   5.847  0.037    6.580      
   6.304 -0.006   14.790      
   6.379  0.039   18.490      
   6.720  0.200   28.620      
   6.721  0.000   34.510      
   7.282  0.072   37.830      
   8.052 -0.148   39.860      

 Calculation of average velocity starts at layer #           1
 z = -5.00 ...  1.80    v = 5.19    AVEL = 5.19 downto z =   1.80
 z =  1.80 ...  3.21    v = 5.45    AVEL = 5.24 downto z =   3.21
 z =  3.21 ...  6.58    v = 5.76    AVEL = 5.39 downto z =   6.58
 z =  6.58 ... 14.79    v = 5.85    AVEL = 5.58 downto z =  14.79
 z = 14.79 ... 18.49    v = 6.30    AVEL = 5.69 downto z =  18.49
 z = 18.49 ... 28.62    v = 6.38    AVEL = 5.90 downto z =  28.62
 z = 28.62 ... 34.51    v = 6.72    AVEL = 6.02 downto z =  34.51
 z = 34.51 ... 37.83    v = 6.72    AVEL = 6.08 downto z =  37.83
 z = 37.83 ... 39.86    v = 7.28    AVEL = 6.13 downto z =  39.86


 Calculation of average velocity starts at layer #           2
 z =  1.80 ...  3.21    v = 5.45    AVEL = 5.45 downto z =   3.21
 z =  3.21 ...  6.58    v = 5.76    AVEL = 5.67 downto z =   6.58
 z =  6.58 ... 14.79    v = 5.85    AVEL = 5.78 downto z =  14.79
 z = 14.79 ... 18.49    v = 6.30    AVEL = 5.90 downto z =  18.49
 z = 18.49 ... 28.62    v = 6.38    AVEL = 6.08 downto z =  28.62
 z = 28.62 ... 34.51    v = 6.72    AVEL = 6.19 downto z =  34.51
 z = 34.51 ... 37.83    v = 6.72    AVEL = 6.24 downto z =  37.83
 z = 37.83 ... 39.86    v = 7.28    AVEL = 6.30 downto z =  39.86



 Adjusted station corrections:
   stn  ptcor  dpcor  
  624   0.000  0.000  628  -0.040 -0.040  630  -0.031 -0.031  627   0.020  0.020
  621   0.016  0.016  629   0.024  0.024  622   0.014  0.014  620   0.009  0.009
  623   0.043  0.043  626   0.027  0.027  625   0.023  0.023  631   0.049  0.049
  632  -0.014 -0.014

 ~~~ another iteration? ...



--------------------------------------------------------------------------------



           ITERATION no  2

 ~~~ set units for this iteration ...
 ~~~ determine number of unknowns for this iter. ...

 Number of unknowns (for array-indexing):  nvar =  386
 Number of effective unknowns        :  nvareff =  387
 Number of elements on/below main diagonal of matrix G = At*A : kvar =   74691

 Damping factors to be used in this iteration:
   Othet=   0.010   XYthet  =   0.010   Zthet=  0.010
 STAthet=   0.010   Vthet   =   1.000

 ~~~ damp G ...
 ~~~ solve G * b = RHT ...
 ~~~ fix units ...
 ~~~ apply eventually step-length damping ...
 ~~~ adjust model (hypocenters, stacorr & veloc.) ...

 doing velocity adjustments now...
 WARNING: Tried to introduce a low-velocity-layer! (Layer  8)
 Setting DVP from  0.11 to 0.0 and VP to vp(layer_above)+0.001

 doing station-correction adjustments...

 ~~~ compute effective step-length ...

 (Applied) Step length =   3.230

 ~~~ set units for next iteration ...
 ~~~ determine number of unknowns for next iter. ...

 Number of unknowns (for array-indexing):  nvar =  386
 Number of effective unknowns        :  nvareff =  387
 Number of elements on/below main diagonal of matrix G = At*A : kvar =   74691

 ~~~ reset G and RHT ...
 ~~~ raytracing, setup G ...
 ~~~ store parts of G ...
 ~~~ set units back for current iteration ...
 ~~~ determine number of unknowns for this iter. ...

 Number of unknowns (for array-indexing):  nvar =  386
 Number of effective unknowns        :  nvareff =  387
 Number of elements on/below main diagonal of matrix G = At*A : kvar =   74691

 ~~~ compute RMS and DATVAR ...

 $$$$$$$$$$$$$$$$$$$$$$$$$$$$$$$$$$$$$$$$$$$$$$$$$
 Events with  | AVRES | > 1.0 SEC are suspicious !

 ZERO events of this kind found! (lucky guy!!!)

 ~~~ check solution (better? worse?) ...

 Iteration nr  2 obtained:
 DATVAR=    0.261002 mean sqrd residual=     0.112242  RMS RESIDUAL=     0.335026

 After  2 iterations we got:
 Average absolute & unweighted [and mean] residual of
   364 straight and direct rays =  0.22398 [ -0.21147]
   315 refracted           rays =  0.41776 [ -0.25219]
     0 reflected           rays =  0.00000 [  0.00000]

   679 ALL                 RAYS =  0.31388 [ -0.23036]      -15.61 %

 ~~~ iteration done; output results ...

  eq       ot     x      y      z      rms    avres   dot     dx     dy     dz
    1      8.97  38.73 112.19  23.95   0.18  -0.20   -0.067  0.031  0.117  0.385
    2      9.17  38.13 110.90  23.64   0.18  -0.20   -0.071  0.063  0.144  0.383
    3     27.12-130.33  -8.11  12.06   0.27  -0.26   -0.092 -0.187  0.224 -0.054
    4     15.49-131.31  -6.56  10.66   0.31  -0.32   -0.110 -0.183  0.173 -0.208
    5     45.62 -40.24  38.73  23.97   0.12  -0.22   -0.048  0.057 -0.050  0.107
    6     49.41 -36.60  40.60  17.07   0.12  -0.21   -0.048  0.143 -0.059  0.300
    7     13.78-134.58-119.23   5.93   0.48  -0.21   -0.116  0.320 -0.080 -0.254
    8     30.25-141.07 -43.73   8.94   0.35  -0.27   -0.080 -0.139  0.035  0.200
    9     39.57  10.87  56.52  12.22   0.08  -0.27   -0.067 -0.009 -0.088  0.084
   10     18.12 -87.84-308.24  16.22   1.10   0.62   -0.098 -0.412  0.033  0.010
   11      5.30 -63.23-309.65  15.63   1.35   0.37   -0.154 -0.512 -0.004  0.015
   12     51.12  34.94  94.54  15.71   0.23  -0.23   -0.041 -0.062 -0.045  0.057
   13     46.77  33.59  98.15  19.82   0.24  -0.25   -0.069  0.091  0.135  0.409
   14     55.76  33.49  97.42  14.23   0.13  -0.31   -0.068  0.068 -0.079  0.155
   15     44.56  34.24  97.60  18.04   0.36  -0.22   -0.068  0.120  0.123  0.435
   16     44.73  34.99  96.36  19.22   0.43  -0.19   -0.091 -0.071  0.322  0.297
   17     21.96  -0.98  82.55  18.93   0.12  -0.20   -0.068  0.011  0.083  0.210
   18     36.35 -33.99   4.53  11.90   0.22  -0.33   -0.076  0.091  0.044  0.341
   19     33.19  41.27  64.07  10.53   0.24  -0.28   -0.055 -0.104 -0.057  0.229
   20     45.86  37.66  85.21  16.20   0.15  -0.35   -0.065 -0.062  0.019 -0.011
   21     34.00  36.45  82.68  14.20   0.23  -0.30   -0.046 -0.040 -0.090 -0.180
   22     25.79  35.49  85.31  13.31   0.19  -0.32   -0.055 -0.149 -0.039 -0.065
   23     15.80  35.09  86.22  11.19   0.32  -0.36   -0.052 -0.214 -0.096 -0.232
   24      1.81  34.70  82.47   5.56   0.43  -0.33   -0.091 -0.105  0.215 -0.162
   25     48.60 -45.78  23.43  22.35   0.13  -0.04   -0.007  0.090 -0.166  0.202
   26     27.49 -70.12  -4.10  10.63   0.15  -0.29   -0.062  0.159 -0.217  0.197
   27      0.10  -0.54  49.19  13.45   0.11  -0.24   -0.052  0.068 -0.177  0.158
   28     58.98  37.57  76.23  11.39   0.20  -0.24   -0.058 -0.037 -0.018 -0.077
   29     20.08-148.81 -12.56  15.24   0.23  -0.22   -0.054 -0.028  0.142  0.297
   30      2.83  36.19  76.46  13.73   0.31  -0.20   -0.034  0.141 -0.203  0.136
   31     20.90  36.35  77.25  14.34   0.23  -0.28   -0.049 -0.101 -0.121  0.065
   32     50.71  36.78  76.95  15.27   0.13  -0.27   -0.045 -0.074 -0.086 -0.024
   33      0.74  37.23  76.03  15.67   0.12  -0.25   -0.027 -0.007 -0.122 -0.004
   34     55.38 -16.79  34.84  24.58   0.07  -0.08   -0.015  0.164 -0.045  0.055
   35     39.20 -70.95  -8.20   3.40   0.31  -0.25    0.007  0.434  0.142 -0.011
   36     59.02  36.55  77.71  15.29   0.18  -0.21   -0.036  0.004 -0.129  0.067
   37      5.50  31.28  50.10  14.66   0.08  -0.26   -0.053 -0.043 -0.057 -0.139
   38     46.41  73.00  72.98  17.09   0.21  -0.26   -0.043 -0.149  0.023  0.100
   39     13.94   0.74  26.03   4.11   0.16  -0.28   -0.070  0.037 -0.089  0.080
   40     14.49 -41.87  13.92  16.79   0.10  -0.21   -0.055  0.044 -0.004  0.005
   41     56.28  34.71  78.79   5.27   0.22  -0.38   -0.055 -0.079 -0.176  0.156
   42     34.24  -3.86  46.18  18.06   0.10  -0.13   -0.031  0.115 -0.061  0.029
   43     24.55-109.80 -39.06   5.16   0.28  -0.42   -0.026  0.414  0.149  0.100
   44     49.58  30.26  50.41   8.48   0.18  -0.29   -0.062 -0.056 -0.072  0.114
   45     41.11-145.25  45.72  18.99   0.21  -0.20   -0.053 -0.076  0.208  0.343
   46     34.02 -57.43  -1.01  16.43   0.11  -0.18   -0.044  0.092 -0.101  0.169
   47      0.97  10.65  80.50  21.95   0.29  -0.09   -0.022  0.059 -0.048  0.002
   48     37.17  10.66  81.64  23.70   0.17  -0.13   -0.028  0.055  0.035  0.134
   49     35.63  54.57  84.53  22.67   0.09  -0.22   -0.041 -0.117 -0.048  0.076
   50     35.99-102.45 -35.72  15.54   0.14  -0.27   -0.053  0.104 -0.097  0.110
   51     53.02-101.02 -54.46   8.45   0.37  -0.37   -0.092  0.166  0.101 -0.467
   52     43.07-115.52  43.60  15.21   0.29  -0.18   -0.060 -0.071  0.311 -0.077
   53      0.96  10.63  80.75  21.42   0.26  -0.07   -0.025  0.051  0.024  0.041
   54      2.55 -83.71 322.69  15.69   0.35  -0.58   -0.426 -0.019 -0.062  0.042
   55      2.81 -89.70 304.24   0.50   0.22  -0.51   -0.349  0.072 -0.024  0.051
   56     44.80  35.96  67.40  14.93   0.28  -0.25   -0.048  0.005 -0.177 -0.027
   57     47.01 -84.53 154.84  15.62   0.48   0.05   -0.099  0.077  0.154  0.010
   58     45.48 -80.75 151.03  15.27   0.51  -0.04   -0.055  0.231  0.228  0.165
   59      8.41 -82.07   0.28   3.00   0.44  -0.35   -0.036  0.193 -0.025  0.123
   60      3.44-110.15-117.92   2.76   0.76  -0.25   -0.079  0.286  0.402 -0.428
   61      0.36-130.42 -55.00   0.50   0.52  -0.52   -0.107 -0.231  0.027  0.278
   62     20.00  19.64 152.39  15.42   0.60  -0.16   -0.036  0.185 -0.164 -0.078
   63     18.76 -47.07  29.67  20.43   0.07  -0.15   -0.028  0.093 -0.115  0.197
   64      4.58-162.40 184.80   8.03   0.66   0.24   -0.121  0.765  0.919  0.014
   65     23.35 -47.74  20.36  15.79   0.09  -0.20   -0.033  0.144 -0.134  0.162
   66     32.70-152.78  43.39  19.17   0.33  -0.21   -0.046 -0.183  0.346  0.657
   67     41.86 -37.07  -5.24  18.98   0.10  -0.14   -0.028  0.118 -0.157 -0.074
   68     14.03  51.13 106.26  21.01   0.27  -0.21   -0.086  0.133  0.280  0.274
   69     48.30-214.97-349.14  73.50   0.00   0.00    0.000  0.000  0.000  0.000
   70      5.37  33.90  97.10  19.60   0.33  -0.15   -0.066  0.073  0.159  0.143
   71      3.98   6.24  56.64   0.92   0.56  -0.21   -0.060  0.061 -0.055 -0.256
   72     55.84 132.63-297.73  96.97   0.02   0.12   -0.486 -0.036  0.047 -0.014
   73     12.81  50.63  81.85  23.47   0.15  -0.17   -0.042  0.058 -0.073  0.150
   74     36.09-102.27  70.62  22.58   0.24  -0.27   -0.063  0.118  0.220  0.335
   75     46.49-108.31   3.22   0.47   0.92  -0.31   -0.096 -0.386  0.400  0.196
   76     54.60-217.19 302.17   0.10   0.00   0.00    0.000  0.000  0.000  0.000
   77     43.98  51.00  93.89  17.06   0.14  -0.22   -0.058  0.049  0.089  0.132
   78     41.71  38.50  66.28  22.29   0.14  -0.22   -0.046  0.040 -0.136  0.123
   79     58.48 -69.42  -4.60   0.46   0.39  -0.35   -0.047  0.132 -0.056  0.196
   80     26.58 -69.94  -6.04   0.61   0.29  -0.32   -0.049  0.057 -0.103  0.233
   81     26.78 -69.78  -4.78   0.23   0.36  -0.31   -0.051  0.125 -0.089  0.083
   82     23.15 -69.74  -4.64   0.40   0.28  -0.38   -0.061  0.140 -0.073  0.166
   83     23.15 -70.64  -6.00   6.75   0.18  -0.33   -0.022  0.295  0.133  0.087
   84     21.18 -43.04   8.43  21.04   0.06  -0.08   -0.016  0.162 -0.180  0.052
   85     24.41-167.58 -46.16  10.83   0.41  -0.27   -0.094 -0.085  0.125 -0.009
   86     44.02 -12.18  29.96  18.24   0.07  -0.19   -0.042  0.078 -0.134  0.086
   87     28.71 -61.29   6.78   2.65   0.22  -0.26   -0.038  0.146 -0.173  0.043
   88     37.97-103.47 -28.18   8.01   0.20  -0.44   -0.072  0.201 -0.037 -0.241
   89     47.71-141.97  89.79  21.40   0.40  -0.17   -0.051 -0.070  0.186  0.540
   90     48.18-139.70  88.58  20.68   0.32  -0.20   -0.067  0.079  0.269  0.224
   91     33.95  33.71  85.29  20.16   0.25  -0.31   -0.081  0.095  0.078  0.321

 A V E R A G E   of ADJUSTMENTS :                    -0.068  0.036  0.024  0.091
 A V E R A G E   of ABSOLUTE ADJUSTMENTS :            0.069  0.126  0.127  0.159


 Step length damping of 0.18581 was applied.


 Velocity adjustments:
     vp    dvp      hp   reflector
 Velocity model   1
   5.182 -0.012   -5.000      
   5.465  0.016    1.800      
   5.765  0.009    3.210      
   5.853  0.006    6.580      
   6.307  0.003   14.790      
   6.393  0.014   18.490      
   6.920  0.200   28.620      
   6.921  0.000   34.510      
   7.358  0.076   37.830      
   7.907 -0.145   39.860      

 Calculation of average velocity starts at layer #           1
 z = -5.00 ...  1.80    v = 5.18    AVEL = 5.18 downto z =   1.80
 z =  1.80 ...  3.21    v = 5.47    AVEL = 5.23 downto z =   3.21
 z =  3.21 ...  6.58    v = 5.76    AVEL = 5.39 downto z =   6.58
 z =  6.58 ... 14.79    v = 5.85    AVEL = 5.58 downto z =  14.79
 z = 14.79 ... 18.49    v = 6.31    AVEL = 5.69 downto z =  18.49
 z = 18.49 ... 28.62    v = 6.39    AVEL = 5.90 downto z =  28.62
 z = 28.62 ... 34.51    v = 6.92    AVEL = 6.06 downto z =  34.51
 z = 34.51 ... 37.83    v = 6.92    AVEL = 6.12 downto z =  37.83
 z = 37.83 ... 39.86    v = 7.36    AVEL = 6.18 downto z =  39.86


 Calculation of average velocity starts at layer #           2
 z =  1.80 ...  3.21    v = 5.47    AVEL = 5.47 downto z =   3.21
 z =  3.21 ...  6.58    v = 5.76    AVEL = 5.68 downto z =   6.58
 z =  6.58 ... 14.79    v = 5.85    AVEL = 5.79 downto z =  14.79
 z = 14.79 ... 18.49    v = 6.31    AVEL = 5.90 downto z =  18.49
 z = 18.49 ... 28.62    v = 6.39    AVEL = 6.09 downto z =  28.62
 z = 28.62 ... 34.51    v = 6.92    AVEL = 6.24 downto z =  34.51
 z = 34.51 ... 37.83    v = 6.92    AVEL = 6.30 downto z =  37.83
 z = 37.83 ... 39.86    v = 7.36    AVEL = 6.36 downto z =  39.86



 Adjusted station corrections:
   stn  ptcor  dpcor  
  624   0.000  0.000  628  -0.080 -0.040  630  -0.056 -0.026  627   0.033  0.013
  621   0.030  0.014  629   0.042  0.017  622   0.026  0.011  620   0.009 -0.000
  623   0.084  0.041  626   0.049  0.022  625   0.043  0.020  631   0.093  0.044
  632  -0.029 -0.015

 ~~~ another iteration? ...



--------------------------------------------------------------------------------



           ITERATION no  3

 ~~~ set units for this iteration ...
 ~~~ determine number of unknowns for this iter. ...

 Number of unknowns (for array-indexing):  nvar =  386
 Number of effective unknowns        :  nvareff =  387
 Number of elements on/below main diagonal of matrix G = At*A : kvar =   74691

 Damping factors to be used in this iteration:
   Othet=   0.010   XYthet  =   0.010   Zthet=  0.010
 STAthet=   0.010   Vthet   =   1.000

 ~~~ damp G ...
 ~~~ solve G * b = RHT ...
 ~~~ fix units ...
 ~~~ apply eventually step-length damping ...
 ~~~ adjust model (hypocenters, stacorr & veloc.) ...

 doing velocity adjustments now...

 doing station-correction adjustments...

 ~~~ compute effective step-length ...

 (Applied) Step length =   4.121

 ~~~ set units for next iteration ...
 ~~~ determine number of unknowns for next iter. ...

 Number of unknowns (for array-indexing):  nvar =  386
 Number of effective unknowns        :  nvareff =  387
 Number of elements on/below main diagonal of matrix G = At*A : kvar =   74691

 ~~~ reset G and RHT ...
 ~~~ raytracing, setup G ...
 ~~~ store parts of G ...
 ~~~ set units back for current iteration ...
 ~~~ determine number of unknowns for this iter. ...

 Number of unknowns (for array-indexing):  nvar =  386
 Number of effective unknowns        :  nvareff =  387
 Number of elements on/below main diagonal of matrix G = At*A : kvar =   74691

 ~~~ compute RMS and DATVAR ...

 $$$$$$$$$$$$$$$$$$$$$$$$$$$$$$$$$$$$$$$$$$$$$$$$$
 Events with  | AVRES | > 1.0 SEC are suspicious !

 ZERO events of this kind found! (lucky guy!!!)

 ~~~ check solution (better? worse?) ...

 Iteration nr  3 obtained:
 DATVAR=    0.209657 mean sqrd residual=     0.090162  RMS RESIDUAL=     0.300269

 After  3 iterations we got:
 Average absolute & unweighted [and mean] residual of
   355 straight and direct rays =  0.17348 [ -0.15348]
   324 refracted           rays =  0.34231 [ -0.17988]
     0 reflected           rays =  0.00000 [  0.00000]

   679 ALL                 RAYS =  0.25404 [ -0.16608]      -19.06 %

 ~~~ iteration done; output results ...

  eq       ot     x      y      z      rms    avres   dot     dx     dy     dz
    1      8.92  38.72 112.24  24.06   0.15  -0.15   -0.055 -0.008  0.050  0.112
    2      9.11  38.17 110.99  23.75   0.16  -0.15   -0.059  0.032  0.084  0.104
    3     27.01-130.57  -7.82  11.99   0.26  -0.19   -0.115 -0.236  0.287 -0.069
    4     15.35-131.55  -6.35  10.44   0.29  -0.23   -0.136 -0.237  0.208 -0.221
    5     45.56 -40.16  38.68  24.14   0.10  -0.17   -0.060  0.087 -0.044  0.172
    6     49.35 -36.43  40.51  17.47   0.12  -0.16   -0.061  0.169 -0.082  0.402
    7     13.64-134.17-119.34   5.60   0.40  -0.13   -0.140  0.409 -0.113 -0.330
    8     30.15-141.24 -43.67   9.21   0.32  -0.19   -0.099 -0.166  0.052  0.267
    9     39.49  10.87  56.42  12.33   0.08  -0.20   -0.079 -0.004 -0.100  0.105
   10     18.00 -88.42-308.20  16.23   1.07   0.48   -0.118 -0.580  0.046  0.011
   11      5.12 -63.95-309.66  15.65   1.33   0.30   -0.181 -0.721 -0.008  0.017
   12     51.06  34.89  94.51  16.01   0.21  -0.17   -0.055 -0.046 -0.033  0.298
   13     46.68  33.68  98.31  20.37   0.20  -0.18   -0.088  0.093  0.159  0.548
   14     55.68  33.59  97.36  14.50   0.09  -0.22   -0.081  0.103 -0.057  0.269
   15     44.48  34.36  97.79  18.63   0.30  -0.16   -0.086  0.124  0.192  0.597
   16     44.61  34.86  96.80  19.58   0.36  -0.13   -0.119 -0.132  0.434  0.363
   17     21.88  -0.98  82.65  19.22   0.10  -0.15   -0.085 -0.001  0.107  0.288
   18     36.25 -33.90   4.56  12.33   0.18  -0.25   -0.096  0.087  0.030  0.432
   19     33.13  41.14  64.00  10.81   0.20  -0.21   -0.065 -0.122 -0.069  0.280
   20     45.78  37.56  85.25  16.21   0.12  -0.26   -0.081 -0.102  0.040  0.010
   21     33.95  36.38  82.55  13.99   0.23  -0.22   -0.055 -0.071 -0.128 -0.214
   22     25.72  35.31  85.23  13.24   0.16  -0.24   -0.063 -0.182 -0.076 -0.072
   23     15.74  34.83  86.08  10.91   0.29  -0.27   -0.059 -0.260 -0.147 -0.277
   24      1.70  34.64  82.72   5.88   0.40  -0.24   -0.112 -0.062  0.252  0.317
   25     48.59 -45.67  23.20  22.62   0.12  -0.03   -0.014  0.111 -0.230  0.272
   26     27.41 -69.93  -4.35  10.88   0.13  -0.22   -0.076  0.191 -0.256  0.253
   27      0.04  -0.44  48.98  13.66   0.09  -0.18   -0.064  0.095 -0.208  0.218
   28     58.92  37.53  76.19  11.33   0.17  -0.18   -0.068 -0.043 -0.041 -0.068
   29     20.02-148.83 -12.38  15.49   0.20  -0.15   -0.066 -0.017  0.186  0.243
   30      2.79  36.36  76.20  13.92   0.30  -0.15   -0.041  0.170 -0.260  0.188
   31     20.84  36.23  77.11  14.44   0.20  -0.21   -0.059 -0.123 -0.148  0.093
   32     50.66  36.69  76.81  15.24   0.11  -0.20   -0.052 -0.085 -0.138 -0.026
   33      0.70  37.21  75.88  15.68   0.10  -0.18   -0.035 -0.023 -0.149  0.012
   34     55.36 -16.59  34.77  24.67   0.06  -0.06   -0.022  0.200 -0.071  0.089
   35     39.21 -70.41  -8.01   3.38   0.29  -0.19    0.006  0.547  0.189 -0.024
   36     58.98  36.54  77.55  15.39   0.16  -0.15   -0.044 -0.010 -0.157  0.099
   37      5.44  31.14  50.02  14.45   0.07  -0.19   -0.059 -0.135 -0.079 -0.203
   38     46.36  72.80  72.89  17.09   0.21  -0.18   -0.044 -0.200 -0.082  0.003
   39     13.86   0.78  25.91   4.26   0.14  -0.21   -0.085  0.039 -0.115  0.151
   40     14.43 -41.82  13.91  16.79   0.11  -0.16   -0.067  0.043 -0.013  0.006
   41     56.21  34.62  78.54   5.49   0.21  -0.28   -0.064 -0.090 -0.250  0.220
   42     34.21  -3.72  46.10  18.11   0.08  -0.10   -0.038  0.143 -0.080  0.049
   43     24.52-109.24 -38.88   5.24   0.26  -0.31   -0.028  0.557  0.182  0.082
   44     49.50  30.20  50.33   8.61   0.15  -0.21   -0.073 -0.065 -0.080  0.139
   45     41.03-145.34  45.98  19.42   0.16  -0.13   -0.073 -0.086  0.264  0.423
   46     33.96 -57.31  -1.14  16.64   0.10  -0.13   -0.055  0.115 -0.127  0.209
   47      0.94  10.72  80.42  21.98   0.27  -0.06   -0.030  0.064 -0.075  0.032
   48     37.15  10.83  81.63  23.76   0.13  -0.09   -0.017  0.170 -0.008  0.057
   49     35.58  54.42  84.45  22.79   0.08  -0.17   -0.051 -0.155 -0.082  0.123
   50     35.92-102.31 -35.82  15.68   0.12  -0.19   -0.066  0.144 -0.100  0.143
   51     52.92-100.77 -54.30   7.86   0.34  -0.26   -0.105  0.254  0.160 -0.591
   52     42.99-115.62  43.98  15.15   0.27  -0.13   -0.083 -0.102  0.381 -0.065
   53      0.93  10.69  80.76  21.51   0.24  -0.05   -0.034  0.054  0.016  0.082
   54      2.06 -83.74 322.61  15.73   0.31  -0.42   -0.489 -0.029 -0.075  0.047
   55      2.40 -89.60 304.21   0.56   0.16  -0.36   -0.401  0.102 -0.024  0.059
   56     44.75  35.96  67.18  14.92   0.26  -0.18   -0.058 -0.003 -0.218 -0.004
   57     46.88 -84.44 155.05  15.63   0.42   0.06   -0.127  0.093  0.210  0.012
   58     45.41 -80.52 151.31  15.58   0.44  -0.01   -0.068  0.229  0.281  0.308
   59      8.37 -81.83   0.24   3.18   0.43  -0.26   -0.046  0.240 -0.043  0.183
   60      3.35-109.82-117.39   2.24   0.68  -0.17   -0.089  0.328  0.533 -0.521
   61      0.23-130.75 -54.99   0.88   0.49  -0.38   -0.134 -0.325  0.009  0.387
   62     19.95  19.93 152.28  15.68   0.53  -0.11   -0.053  0.286 -0.111  0.257
   63     18.72 -46.94  29.51  20.71   0.06  -0.11   -0.039  0.130 -0.157  0.281
   64      4.43-161.43 186.00   8.04   0.59   0.20   -0.151  0.975  1.194  0.017
   65     23.30 -47.57  20.17  16.01   0.08  -0.15   -0.042  0.175 -0.186  0.219
   66     32.63-153.02  43.81  20.02   0.28  -0.15   -0.069 -0.231  0.418  0.847
   67     41.82 -36.92  -5.43  18.90   0.10  -0.10   -0.039  0.147 -0.191 -0.078
   68     13.92  51.24 106.75  21.30   0.24  -0.15   -0.118  0.117  0.489  0.296
   69     48.30-214.97-349.14  73.50   0.00   0.00    0.000  0.000  0.000  0.000
   70      5.29  33.97  97.28  19.79   0.28  -0.10   -0.084  0.062  0.185  0.191
   71      3.90   6.32  56.59   0.59   0.56  -0.15   -0.075  0.078 -0.049 -0.323
   72     55.29 132.59-297.67  96.96   0.01   0.08   -0.551 -0.041  0.054 -0.016
   73     12.76  50.72  81.77  23.61   0.15  -0.12   -0.053  0.093 -0.073  0.143
   74     36.02-102.26  70.81  22.93   0.24  -0.19   -0.072  0.006  0.187  0.351
   75     46.37-108.79   3.71   0.73   0.91  -0.23   -0.120 -0.477  0.484  0.262
   76     54.60-217.19 302.17   0.10   0.00   0.00    0.000  0.000  0.000  0.000
   77     43.91  51.06  93.99  17.26   0.11  -0.16   -0.074  0.061  0.101  0.207
   78     41.66  38.61  66.01  22.35   0.13  -0.16   -0.045  0.101 -0.269  0.055
   79     58.43 -69.25  -4.67   0.73   0.37  -0.26   -0.055  0.165 -0.064  0.271
   80     26.52 -69.82  -6.16   0.79   0.28  -0.24   -0.064  0.121 -0.120  0.176
   81     26.72 -69.62  -4.88   0.36   0.34  -0.23   -0.061  0.163 -0.103  0.128
   82     23.08 -69.57  -4.72   0.64   0.26  -0.28   -0.071  0.168 -0.081  0.244
   83     23.12 -70.28  -5.84   6.87   0.14  -0.24   -0.027  0.358  0.159  0.115
   84     21.16 -42.85   8.20  21.11   0.06  -0.06   -0.024  0.196 -0.236  0.069
   85     24.29-167.67 -45.99  10.78   0.34  -0.19   -0.118 -0.094  0.175 -0.048
   86     43.97 -12.08  29.78  18.35   0.05  -0.14   -0.050  0.094 -0.179  0.111
   87     28.66 -61.11   6.56   2.70   0.21  -0.19   -0.049  0.183 -0.214  0.058
   88     37.89-103.17 -28.21   7.71   0.20  -0.33   -0.080  0.295 -0.032 -0.304
   89     47.67-142.08  89.96  22.04   0.33  -0.12   -0.038 -0.110  0.177  0.634
   90     48.14-139.82  88.88  21.43   0.26  -0.14   -0.048 -0.117  0.296  0.752
   91     33.86  33.95  85.30  20.58   0.19  -0.22   -0.086  0.241  0.008  0.414

 A V E R A G E   of ADJUSTMENTS :                    -0.082  0.041  0.025  0.125
 A V E R A G E   of ABSOLUTE ADJUSTMENTS :            0.082  0.162  0.157  0.201


 Step length damping of 0.25862 was applied.


 Velocity adjustments:
     vp    dvp      hp   reflector
 Velocity model   1
   5.170 -0.013   -5.000      
   5.484  0.019    1.800      
   5.769  0.004    3.210      
   5.859  0.006    6.580      
   6.308  0.001   14.790      
   6.401  0.009   18.490      
   6.979  0.059   28.620      
   7.121  0.200   34.510      
   7.500  0.143   37.830      
   7.753 -0.155   39.860      

 Calculation of average velocity starts at layer #           1
 z = -5.00 ...  1.80    v = 5.17    AVEL = 5.17 downto z =   1.80
 z =  1.80 ...  3.21    v = 5.48    AVEL = 5.22 downto z =   3.21
 z =  3.21 ...  6.58    v = 5.77    AVEL = 5.38 downto z =   6.58
 z =  6.58 ... 14.79    v = 5.86    AVEL = 5.58 downto z =  14.79
 z = 14.79 ... 18.49    v = 6.31    AVEL = 5.69 downto z =  18.49
 z = 18.49 ... 28.62    v = 6.40    AVEL = 5.91 downto z =  28.62
 z = 28.62 ... 34.51    v = 6.98    AVEL = 6.07 downto z =  34.51
 z = 34.51 ... 37.83    v = 7.12    AVEL = 6.15 downto z =  37.83
 z = 37.83 ... 39.86    v = 7.50    AVEL = 6.21 downto z =  39.86


 Calculation of average velocity starts at layer #           2
 z =  1.80 ...  3.21    v = 5.48    AVEL = 5.48 downto z =   3.21
 z =  3.21 ...  6.58    v = 5.77    AVEL = 5.68 downto z =   6.58
 z =  6.58 ... 14.79    v = 5.86    AVEL = 5.79 downto z =  14.79
 z = 14.79 ... 18.49    v = 6.31    AVEL = 5.91 downto z =  18.49
 z = 18.49 ... 28.62    v = 6.40    AVEL = 6.09 downto z =  28.62
 z = 28.62 ... 34.51    v = 6.98    AVEL = 6.25 downto z =  34.51
 z = 34.51 ... 37.83    v = 7.12    AVEL = 6.33 downto z =  37.83
 z = 37.83 ... 39.86    v = 7.50    AVEL = 6.40 downto z =  39.86



 Adjusted station corrections:
   stn  ptcor  dpcor  
  624   0.000  0.000  628  -0.129 -0.049  630  -0.084 -0.028  627   0.050  0.018
  621   0.044  0.014  629   0.066  0.025  622   0.042  0.016  620   0.008 -0.000
  623   0.129  0.045  626   0.080  0.031  625   0.064  0.021  631   0.141  0.048
  632  -0.045 -0.016

 ~~~ another iteration? ...
 NITT = ITTMAX  --> stop iterations.
 ~~~ final solution reached ...

 ~~~ damp G & Chol.-Decomp.: NOT made (switch iresolcalc is NOT set !)

 Final rms values:  0.15 0.16 0.26 0.29 0.10 0.12 0.40 0.32 0.08 1.07
                    1.33 0.21 0.20 0.09 0.30 0.36 0.10 0.18 0.20 0.12
                    0.23 0.16 0.29 0.40 0.12 0.13 0.09 0.17 0.20 0.30
                    0.20 0.11 0.10 0.06 0.29 0.16 0.07 0.21 0.14 0.11
                    0.21 0.08 0.26 0.15 0.16 0.10 0.27 0.13 0.08 0.12
                    0.34 0.27 0.24 0.31 0.16 0.26 0.42 0.44 0.43 0.68
                    0.49 0.53 0.06 0.59 0.08 0.28 0.10 0.24 0.00 0.28
                    0.56 0.01 0.15 0.24 0.91 0.00 0.11 0.13 0.37 0.28
                    0.34 0.26 0.14 0.06 0.34 0.05 0.21 0.20 0.33 0.26
                    0.19



 ~~~ output final hypocenters ...

      date    origin   latitude longitude  depth  mag  no  rms      x      y      z
   1 160818 1613  8.92 73.0059N 124.8465E  24.06 1.40   6 0.150   38.72 112.24  24.06
   2 160818 1613  9.11 72.9947N 124.8635E  23.75 1.10   6 0.160   38.17 110.99  23.75
   3 160819 0959 27.01 71.9299N 129.7772E  11.99 4.00  12 0.264 -130.57  -7.82  11.99
   4 160820 1506 15.35 71.9430N 129.8068E  10.44 1.50   9 0.290 -131.55  -6.35  10.44
   5 160820 1904 45.56 72.3467N 127.1747E  24.14 1.20   6 0.100  -40.16  38.68  24.14
   6 160822 1318 49.35 72.3631N 127.0663E  17.47 0.60   8 0.121  -36.43  40.51  17.47
   7 160823 0652 13.64 70.9305N 129.7804E   5.60 2.90   6 0.404 -134.17-119.34   5.60
   8 160824 1510 30.15 71.6086N 130.0510E   9.21 1.50   9 0.320 -141.24 -43.67   9.21
   9 160906 1514 39.49 72.5057N 125.6807E  12.33 0.90   6 0.075   10.87  56.42  12.33
  10 160920 1607 18.00 69.2380N 128.3866E  16.23 2.60   2 1.075  -88.42-308.20  16.23
  11 160925 1911  5.12 69.2249N 127.7255E  15.65 2.30   2 1.331  -63.95-309.66  15.65
  12 161004 0841 51.06 72.8470N 124.9652E  16.01 0.20   6 0.212   34.89  94.51  16.01
  13 161005 1619 46.68 72.8810N 125.0001E  20.37 1.00   9 0.201   33.68  98.31  20.37
  14 161006 0156 55.68 72.8726N 125.0032E  14.50 1.00   7 0.091   33.59  97.36  14.50
  15 161009 0036 44.48 72.8764N 124.9801E  18.63 1.30   8 0.299   34.36  97.79  18.63
  16 161009 0036 44.61 72.8675N 124.9657E  19.58 1.20   7 0.363   34.86  96.80  19.58
  17 161012 0800 21.88 72.7407N 126.0291E  19.22 0.80   7 0.101   -0.98  82.65  19.22
  18 161015 1013 36.25 72.0408N 126.9835E  12.33 0.70   7 0.176  -33.90   4.56  12.33
  19 161021 0507 33.13 72.5735N 124.7889E  10.81 0.80   6 0.198   41.14  64.00  10.81
  20 161124 2250 45.78 72.7640N 124.8887E  16.21 3.10   4 0.115   37.56  85.25  16.21
  21 161125 0156 33.95 72.7398N 124.9243E  13.99 0.60   7 0.230   36.38  82.55  13.99
  22 161125 0517 25.72 72.7639N 124.9553E  13.24 1.60   6 0.164   35.31  85.23  13.24
  23 161125 0525 15.74 72.7714N 124.9692E  10.91 0.80   6 0.290   34.83  86.08  10.91
  24 161125 0556  1.70 72.7413N 124.9757E   5.88 0.20   6 0.397   34.64  82.72   5.88
  25 170117 0846 48.59 72.2079N 127.3310E  22.62 0.30   6 0.119  -45.67  23.20  22.62
  26 170122 1614 27.41 71.9610N 128.0246E  10.88 0.90   6 0.125  -69.93  -4.35  10.88
  27 170125 2244  0.04 72.4389N 126.0130E  13.66 0.80   6 0.090   -0.44  48.98  13.66
  28 170302 1359 58.92 72.6828N 124.8919E  11.33 0.50   7 0.171   37.53  76.19  11.33
  29 170302 2335 20.02 71.8891N 130.3007E  15.49 2.10   9 0.197 -148.83 -12.38  15.49
  30 170304 2135  2.79 72.6829N 124.9266E  13.92 1.30   7 0.304   36.36  76.20  13.92
  31 170307 0447 20.84 72.6910N 124.9301E  14.44 1.70  10 0.202   36.23  77.11  14.44
  32 170307 2016 50.66 72.6884N 124.9165E  15.24 1.10   6 0.109   36.69  76.81  15.24
  33 170309 1454  0.70 72.6800N 124.9016E  15.68 0.30   6 0.098   37.21  75.88  15.68
  34 170311 0430 55.36 72.3116N 126.4849E  24.67 0.30   6 0.060  -16.59  34.77  24.67
  35 170312 0416 39.21 71.9282N 128.0367E   3.38 2.10   6 0.291  -70.41  -8.01   3.38
  36 170313 0553 58.98 72.6950N 124.9208E  15.39 1.00   9 0.160   36.54  77.55  15.39
  37 170313 0809  5.44 72.4483N 125.0865E  14.45 1.20   7 0.070   31.14  50.02  14.45
  38 170315 0234 46.36 72.6533N 123.8525E  17.09 1.40   7 0.210   72.80  72.89  17.09
  39 170317 1007 13.86 72.2322N 125.9772E   4.26 0.50   7 0.143    0.78  25.91   4.26
  40 170320 0711 14.43 72.1246N 127.2162E  16.79 0.90   6 0.111  -41.82  13.91  16.79
  41 170320 0853 56.21 72.7039N 124.9772E   5.49 0.40   6 0.208   34.62  78.54   5.49
  42 170320 1900 34.21 72.4132N 126.1090E  18.11 0.60   7 0.077   -3.72  46.10  18.11
  43 170323 0519 24.52 71.6516N 129.1369E   5.24 1.20   6 0.257 -109.24 -38.88   5.24
  44 170323 1612 49.50 72.4510N 125.1141E   8.61 0.50   6 0.150   30.20  50.33   8.61
  45 170323 1906 41.03 72.4121N 130.2594E  19.42 1.00   6 0.157 -145.34  45.98  19.42
  46 170326 0836 33.96 71.9898N 127.6606E  16.64 1.50   7 0.095  -57.31  -1.14  16.64
  47 170402 0422  0.94 72.7207N 125.6833E  21.98 1.20  10 0.265   10.72  80.42  21.98
  48 170402 0636 37.15 72.7316N 125.6800E  23.76 0.70   6 0.129   10.83  81.63  23.76
  49 170404 2347 35.58 72.7568N 124.3901E  22.79 0.50   6 0.078   54.42  84.45  22.79
  50 170405 0307 35.92 71.6790N 128.9398E  15.68 1.00  10 0.122 -102.31 -35.82  15.68
  51 170405 1410 52.92 71.5134N 128.8829E   7.86 1.70  10 0.338 -100.77 -54.30   7.86
  52 170406 0838 42.99 72.3941N 129.3868E  15.15 0.90  10 0.269 -115.62  43.98  15.15
  53 170406 1728  0.93 72.7238N 125.6841E  21.51 0.90  10 0.236   10.69  80.76  21.51
  54 170407 1729  2.06 74.8912N 128.6318E  15.73 1.80   2 0.315  -83.74 322.61  15.73
  55 170407 1729  2.40 74.7263N 128.8026E   0.56 1.60   5 0.164  -89.60 304.21   0.56
  56 170408 1004 44.75 72.6021N 124.9408E  14.92 1.40  13 0.258   35.96  67.18  14.92
  57 170409 0856 46.88 73.3896N 128.5422E  15.63 2.50   6 0.423  -84.44 155.05  15.63
  58 170409 0902 45.41 73.3561N 128.4219E  15.58 1.10   7 0.436  -80.52 151.31  15.58
  59 170410 1520  8.37 72.0021N 128.3718E   3.18 1.00  10 0.425  -81.83   0.24   3.18
  60 170410 1813  3.35 70.9480N 129.0956E   2.24 2.20  13 0.685 -109.82-117.39   2.24
  61 170412 1507  0.23 71.5072N 129.7400E   0.88 0.70   6 0.488 -130.75 -54.99   0.88
  62 170413 0651 19.95 73.3647N 125.4004E  15.68 1.00  10 0.534   19.93 152.28  15.68
  63 170414 0459 18.72 72.2645N 127.3701E  20.71 0.50   7 0.062  -46.94  29.51  20.71
  64 170414 0540  4.43 73.6669N 130.8982E   8.04 1.80  11 0.591 -161.43 186.00   8.04
  65 170414 1656 23.30 72.1808N 127.3854E  16.01 0.20   6 0.085  -47.57  20.17  16.01
  66 170414 1753 32.63 72.3926N 130.4820E  20.02 0.70   6 0.278 -153.02  43.81  20.02
  67 170416 0523 41.82 71.9513N 127.0686E  18.90 1.60  13 0.097  -36.92  -5.43  18.90
  68 170416 1220 13.92 72.9567N 124.4757E  21.30 1.00  11 0.241   51.24 106.75  21.30
 WARNING: Event-# :          69 has zero observations!
  69 170416 1257 48.30 68.8710N 131.7500E  73.50 2.20   0 0.000 -214.97-349.14  73.50
  70 170416 1821  5.29 72.8718N 124.9920E  19.79 1.30  13 0.284   33.97  97.28  19.79
  71 170418 0606  3.90 72.5072N 125.8144E   0.59 0.20   6 0.558    6.32  56.59   0.59
  72 170418 1005 55.29 69.3323N 122.4129E  96.96 2.20   1 0.007  132.59-297.67  96.96
  73 170418 1500 12.76 72.7328N 124.5004E  23.61 1.30  12 0.151   50.72  81.77  23.61
  74 170420 1302 36.02 72.6346N 129.0152E  22.93 0.90  11 0.237 -102.26  70.81  22.93
  75 170420 2248 46.37 72.0332N 129.1557E   0.73 0.70  11 0.911 -108.79   3.71   0.73
 WARNING: Event-# :          76 has zero observations!
  76 170423 0850 54.60 74.7080N 132.7900E   0.10 1.90   0 0.000 -217.19 302.17   0.10
  77 170423 1455 43.91 72.8423N 124.4859E  17.26 0.60   8 0.108   51.06  93.99  17.26
  78 170423 2313 41.66 72.5916N 124.8630E  22.35 1.30  12 0.135   38.61  66.01  22.35
  79 170424 0609 58.43 71.9582N 128.0049E   0.73 1.10  12 0.372  -69.25  -4.67   0.73
  80 170424 0755 26.52 71.9448N 128.0206E   0.79 1.00  12 0.283  -69.82  -6.16   0.79
  81 170424 0755 26.72 71.9563N 128.0154E   0.36 1.00  12 0.344  -69.62  -4.88   0.36
  82 170425 0652 23.08 71.9577N 128.0141E   0.64 1.20   9 0.257  -69.57  -4.72   0.64
  83 170426 0051 23.12 71.9477N 128.0340E   6.87 0.70   6 0.145  -70.28  -5.84   6.87
  84 170426 1425 21.16 72.0735N 127.2442E  21.11 0.10   6 0.057  -42.85   8.20  21.11
  85 170426 1834 24.29 71.5879N 130.8065E  10.78 1.20   8 0.340 -167.67 -45.99  10.78
  86 170426 1840 43.97 72.2669N 126.3527E  18.35 1.30   8 0.055  -12.08  29.78  18.35
  87 170427 0912 28.66 72.0588N 127.7739E   2.70 0.90   8 0.214  -61.11   6.56   2.70
  88 170427 1041 37.89 71.7472N 128.9700E   7.71 0.70   7 0.200 -103.17 -28.21   7.71
  89 170427 2010 47.67 72.8062N 130.2091E  22.04 1.30   8 0.330 -142.08  89.96  22.04
  90 170427 2010 48.14 72.7965N 130.1410E  21.43 1.30   8 0.256 -139.82  88.88  21.43
  91 170427 2342 33.86 72.7644N 124.9954E  20.58 0.80   6 0.195   33.95  85.30  20.58

 ~~~ output final station residuals ...
 TURBO-option is set; residuals are NOT printed for each event!



   station statistics, remember nsp was set to: 1


 sta phase nobs avres  avwres    std    wsum    delay

 624    P  74 -0.2150 -0.2150  0.2295  74.0000  0.0000
 628    P  69 -0.3314 -0.3314  0.2726  69.0000 -0.1286
 630    P  53 -0.2476 -0.2476  0.2685  53.0000 -0.0845
 627    P  46 -0.1713 -0.1713  0.2364  46.0000  0.0502
 621    P  59 -0.1331 -0.1331  0.2338  59.0000  0.0442
 629    P  43 -0.1766 -0.1766  0.2690  43.0000  0.0664
 622    P  58 -0.1554 -0.1554  0.2193  58.0000  0.0415
 620    P  48 -0.1523 -0.1523  0.3241  48.0000  0.0085
 623    P  55 -0.0830 -0.0830  0.2592  55.0000  0.1292
 626    P  52 -0.1468 -0.1468  0.4132  52.0000  0.0804
 625    P  49 -0.1591 -0.1591  0.2749  49.0000  0.0635
 631    P  49  0.0251  0.0251  0.4354  49.0000  0.1415
 632    P  24 -0.1024 -0.1024  0.3173  24.0000 -0.0446


 ~~~ output statistics ...




 RAY-STATISTICS FOR  L A S T  ITERATION
 --------------------------------------

 NHYP : nr of hypocenters in this layer
 NREF : nr of headwaves in this layer
 %len : % of "refracted km" in this layer 
        with respect to all refracted kilometers
 NHIT : nr of rays passed thru this layer
 xy-km: average horizontal ray length [km] in layer
 z-km : average  vertical  ray length [km] in layer
 RFLX : number of reflections at bottom of this layer

 nlay   top ..... bottom     velocity   NHYP NREF %len  NHIT xy-km  z-km  RFLX

   1    -5.00...  1.80 km    5.17 km/s    9    0   0.0   749   2.5   1.7     0
   2     1.80...  3.21 km    5.48 km/s    3    7   0.4   769   2.6   1.4     0
   3     3.21...  6.58 km    5.77 km/s    6   52  12.4   726  10.7   3.0     0
   4     6.58... 14.79 km    5.86 km/s   22   25   6.5   723  16.3   7.0     0
   5    14.79... 18.49 km    6.31 km/s   23   56  14.7   628  17.4   2.9     0
   6    18.49... 28.62 km    6.40 km/s   26   51  14.1   475  22.8   6.3     0
   7    28.62... 34.51 km    6.98 km/s    0   36  11.4   231  20.1   5.0     0
   8    34.51... 37.83 km    7.12 km/s    0    0   0.0   195   7.7   3.3     0
   9    37.83... 39.86 km    7.50 km/s    0    0   0.0   195   7.7   2.0     0
  10    39.86...       km    7.75 km/s    2   97  40.3     0   0.0   0.0

 Total nr of events was   91

 Total nr of refracted rays =   324
 Total nr of reflected rays =     0
 Total nr of   other   rays =   355
                              ------
 Total nr of    all    rays =   679

 Average (absolute) error of the raytracers:
  Straight and direct rays :    8.02 meters
  Refracted           rays :    0.01 meters
  Reflected           rays :    0.00 meters


 ALL RAYS TOGETHER:
 Average horizontal ray length =   89.9 km   (Hypocenter --> Station) 
 Average  vertical  ray length =   19.2 km   (Deepest ray-point --> Station)



 ... and some more STATISTICS 
 ---------------------------- 
  GAP of final epicenters:

  Event# -> GAP  Event# -> GAP  Event# -> GAP  Event# -> GAP  Event# -> GAP
       1 -> 296       2 -> 294       3 -> 271       4 -> 275       5 -> 307
       6 ->  98       7 -> 321       8 -> 306       9 -> 168      10 -> 346
      11 -> 347      12 -> 258      13 -> 264      14 -> 262      15 -> 263
      16 -> 265      17 -> 253      18 -> 243      19 -> 160      20 -> 302
      21 -> 231      22 -> 238      23 -> 240      24 -> 231      25 -> 129
      26 -> 102      27 -> 154      28 -> 211      29 -> 305      30 -> 211
      31 -> 214      32 -> 213      33 -> 210      34 -> 132      35 -> 237
      36 -> 216      37 -> 132      38 -> 310      39 -> 117      40 -> 209
      41 -> 218      42 -> 121      43 -> 225      44 -> 133      45 -> 308
      46 -> 125      47 -> 224      48 -> 226      49 -> 287      50 -> 195
      51 -> 289      52 -> 271      53 -> 224      54 -> 354      55 -> 347
      56 -> 179      57 -> 310      58 -> 318      59 -> 163      60 -> 310
      61 -> 301      62 -> 306      63 -> 149      64 -> 322      65 -> 127
      66 -> 293      67 ->  86      68 -> 295      69 -> 171      70 -> 262
      71 -> 173      72 ->   0      73 -> 260      74 -> 299      75 -> 241
      76 ->  59      77 -> 284      78 -> 173      79 -> 164      80 -> 169
      81 -> 165      82 -> 165      83 -> 232      84 -> 115      85 -> 315
      86 ->  94      87 -> 113      88 -> 269      89 -> 318      90 -> 317
      91 -> 295

 GAPs were between   0 and 354
      (average GAP was 227)



  MAGNITUDES of INPUT-DATA:

 Magnitude (# of events)   ***average number of obs***

 MAG<= 1.0 ( 47) *******
 MAG = 1.1 (  4) ********
 MAG = 1.2 (  7) ********
 MAG = 1.3 (  8) *********1
 MAG = 1.4 (  3) *********
 MAG = 1.5 (  3) ********
 MAG = 1.6 (  3) ********
 MAG = 1.7 (  2) *********1
 MAG = 1.8 (  2) *******
 MAG = 1.9 (  1)  
 MAG = 2.0 (  0)  
 MAG = 2.1 (  2) ********
 MAG = 2.2 (  3) *****
 MAG = 2.3 (  1) **
 MAG = 2.4 (  0)  
 MAG = 2.5 (  1) ******
 MAG = 2.6 (  1) **
 MAG = 2.7 (  0)  
 MAG = 2.8 (  0)  
 MAG = 2.9 (  1) ******
 MAG = 3.0 (  0)  
 MAG = 3.1 (  1) ****
 MAG = 3.2 (  0)  
 MAG = 3.3 (  0)  
 MAG = 3.4 (  0)  
 MAG = 3.5 (  0)  
 MAG = 3.6 (  0)  
 MAG = 3.7 (  0)  
 MAG = 3.8 (  0)  
 MAG = 3.9 (  0)  
 MAG = 4.0 (  1) *********1**
 MAG = 4.1 (  0)  
 MAG = 4.2 (  0)  
 MAG = 4.3 (  0)  
 MAG = 4.4 (  0)  
 MAG = 4.5 (  0)  
 MAG = 4.6 (  0)  
 MAG = 4.7 (  0)  
 MAG = 4.8 (  0)  
 MAG = 4.9 (  0)  
 MAG = 5.0 (  0)  
 MAG = 5.1 (  0)  
 MAG = 5.2 (  0)  
 MAG = 5.3 (  0)  
 MAG = 5.4 (  0)  
 MAG = 5.5 (  0)  
 MAG = 5.6 (  0)  
 MAG = 5.7 (  0)  
 MAG = 5.8 (  0)  
 MAG = 5.9 (  0)  
 MAG>= 6.0 (  0)  





  DEPTHs of INPUT-DATA and of LAST ITERATION:
  ===========================================

       Depth       # of events  

 DEPTH ( input ) =  -4. km :   
 DEPTH (last_IT) =  -4. km :   
 DEPTH ( input ) =  -3. km :   
 DEPTH (last_IT) =  -3. km :   
 DEPTH ( input ) =  -2. km :   
 DEPTH (last_IT) =  -2. km :   
 DEPTH ( input ) =  -1. km :   
 DEPTH (last_IT) =  -1. km :   
 DEPTH ( input ) =   0. km :  ........
 DEPTH (last_IT) =   0. km :  **
 DEPTH ( input ) =   1. km :  .
 DEPTH (last_IT) =   1. km :  *******
 DEPTH ( input ) =   2. km :   
 DEPTH (last_IT) =   2. km :  *
 DEPTH ( input ) =   3. km :  ...
 DEPTH (last_IT) =   3. km :  ***
 DEPTH ( input ) =   4. km :  ..
 DEPTH (last_IT) =   4. km :  *
 DEPTH ( input ) =   5. km :  ..
 DEPTH (last_IT) =   5. km :  **
 DEPTH ( input ) =   6. km :  ..
 DEPTH (last_IT) =   6. km :  **
 DEPTH ( input ) =   7. km :  .
 DEPTH (last_IT) =   7. km :  *
 DEPTH ( input ) =   8. km :  ...
 DEPTH (last_IT) =   8. km :  ***
 DEPTH ( input ) =   9. km :  ..
 DEPTH (last_IT) =   9. km :  **
 DEPTH ( input ) =  10. km :  ..
 DEPTH (last_IT) =  10. km :  *
 DEPTH ( input ) =  11. km :  ...
 DEPTH (last_IT) =  11. km :  *****
 DEPTH ( input ) =  12. km :  ....
 DEPTH (last_IT) =  12. km :  ***
 DEPTH ( input ) =  13. km :  ..
 DEPTH (last_IT) =  13. km :  *
 DEPTH ( input ) =  14. km :  ...
 DEPTH (last_IT) =  14. km :  ******
 DEPTH ( input ) =  15. km :  ........
 DEPTH (last_IT) =  15. km :  *****
 DEPTH ( input ) =  16. km :  .........1.
 DEPTH (last_IT) =  16. km :  *********1*
 DEPTH ( input ) =  17. km :  .....
 DEPTH (last_IT) =  17. km :  *****
 DEPTH ( input ) =  18. km :  ....
 DEPTH (last_IT) =  18. km :  **
 DEPTH ( input ) =  19. km :  .....
 DEPTH (last_IT) =  19. km :  ****
 DEPTH ( input ) =  20. km :  .....
 DEPTH (last_IT) =  20. km :  ****
 DEPTH ( input ) =  21. km :  ..
 DEPTH (last_IT) =  21. km :  *****
 DEPTH ( input ) =  22. km :  ....
 DEPTH (last_IT) =  22. km :  ****
 DEPTH ( input ) =  23. km :  ....
 DEPTH (last_IT) =  23. km :  ***
 DEPTH ( input ) =  24. km :  ..
 DEPTH (last_IT) =  24. km :  *****
 DEPTH ( input ) =  25. km :  .
 DEPTH (last_IT) =  25. km :  *
 DEPTH ( input ) =  26. km :   
 DEPTH (last_IT) =  26. km :   
 DEPTH ( input ) =  27. km :   
 DEPTH (last_IT) =  27. km :   
 DEPTH ( input ) =  28. km :   
 DEPTH (last_IT) =  28. km :   
 DEPTH ( input ) =  29. km :   
 DEPTH (last_IT) =  29. km :   
 DEPTH ( input ) =  30. km :   
 DEPTH (last_IT) =  30. km :   
 DEPTH ( input ) =  31. km :   
 DEPTH (last_IT) =  31. km :   
 DEPTH ( input ) =  32. km :   
 DEPTH (last_IT) =  32. km :   
 DEPTH ( input ) =  33. km :   
 DEPTH (last_IT) =  33. km :   
 DEPTH ( input ) =  34. km :   
 DEPTH (last_IT) =  34. km :   
 DEPTH ( input ) =  35. km :   
 DEPTH (last_IT) =  35. km :   
 DEPTH ( input ) =  36. km :   
 DEPTH (last_IT) =  36. km :   
 DEPTH ( input ) =  37. km :   
 DEPTH (last_IT) =  37. km :   
 DEPTH ( input ) =  38. km :   
 DEPTH (last_IT) =  38. km :   
 DEPTH ( input ) =  39. km :   
 DEPTH (last_IT) =  39. km :   
 DEPTH ( input ) =  40. km :   
 DEPTH (last_IT) =  40. km :   
 DEPTH ( input ) =  41. km :   
 DEPTH (last_IT) =  41. km :   
 DEPTH ( input ) =  42. km :   
 DEPTH (last_IT) =  42. km :   
 DEPTH ( input ) =  43. km :   
 DEPTH (last_IT) =  43. km :   
 DEPTH ( input ) =  44. km :   
 DEPTH (last_IT) =  44. km :   
 DEPTH ( input ) =  45. km :   
 DEPTH (last_IT) =  45. km :   
 DEPTH ( input ) =  46. km :   
 DEPTH (last_IT) =  46. km :   
 DEPTH ( input ) =  47. km :   
 DEPTH (last_IT) =  47. km :   
 DEPTH ( input ) =  48. km :   
 DEPTH (last_IT) =  48. km :   
 DEPTH ( input ) =  49. km :   
 DEPTH (last_IT) =  49. km :   
 DEPTH ( input ) =  50. km :   
 DEPTH (last_IT) =  50. km :   
 DEPTH ( input ) =  51. km :   
 DEPTH (last_IT) =  51. km :   
 DEPTH ( input ) =  52. km :   
 DEPTH (last_IT) =  52. km :   
 DEPTH ( input ) =  53. km :   
 DEPTH (last_IT) =  53. km :   
 DEPTH ( input ) =  54. km :   
 DEPTH (last_IT) =  54. km :   
 DEPTH ( input ) =  55. km :   
 DEPTH (last_IT) =  55. km :   
 DEPTH ( input ) =  56. km :   
 DEPTH (last_IT) =  56. km :   
 DEPTH ( input ) =  57. km :   
 DEPTH (last_IT) =  57. km :   
 DEPTH ( input ) =  58. km :   
 DEPTH (last_IT) =  58. km :   
 DEPTH ( input ) =  59. km :   
 DEPTH (last_IT) =  59. km :   
 DEPTH ( input ) =  60. km :   
 DEPTH (last_IT) =  60. km :   
 DEPTH ( input ) =  61. km :   
 DEPTH (last_IT) =  61. km :   
 DEPTH ( input ) =  62. km :   
 DEPTH (last_IT) =  62. km :   
 DEPTH ( input ) =  63. km :   
 DEPTH (last_IT) =  63. km :   
 DEPTH ( input ) =  64. km :   
 DEPTH (last_IT) =  64. km :   
 DEPTH ( input ) =  65. km :   
 DEPTH (last_IT) =  65. km :   
 DEPTH ( input ) =  66. km :   
 DEPTH (last_IT) =  66. km :   
 DEPTH ( input ) =  67. km :   
 DEPTH (last_IT) =  67. km :   
 DEPTH ( input ) =  68. km :   
 DEPTH (last_IT) =  68. km :   
 DEPTH ( input ) =  69. km :   
 DEPTH (last_IT) =  69. km :   
 DEPTH ( input ) =  70. km :   
 DEPTH (last_IT) =  70. km :   
 DEPTH ( input ) =  71. km :   
 DEPTH (last_IT) =  71. km :   
 DEPTH ( input ) =  72. km :   
 DEPTH (last_IT) =  72. km :   
 DEPTH ( input ) =  73. km :   
 DEPTH (last_IT) =  73. km :   
 DEPTH ( input ) =  74. km :  .
 DEPTH (last_IT) =  74. km :  *
 DEPTH ( input ) =  75. km :   
 DEPTH (last_IT) =  75. km :   
 DEPTH ( input ) =  76. km :   
 DEPTH (last_IT) =  76. km :   
 DEPTH ( input ) =  77. km :   
 DEPTH (last_IT) =  77. km :   
 DEPTH ( input ) =  78. km :   
 DEPTH (last_IT) =  78. km :   
 DEPTH ( input ) =  79. km :   
 DEPTH (last_IT) =  79. km :   
 DEPTH ( input ) =  80. km :   
 DEPTH (last_IT) =  80. km :   
 DEPTH ( input ) =  81. km :   
 DEPTH (last_IT) =  81. km :   
 DEPTH ( input ) =  82. km :   
 DEPTH (last_IT) =  82. km :   
 DEPTH ( input ) =  83. km :   
 DEPTH (last_IT) =  83. km :   
 DEPTH ( input ) =  84. km :   
 DEPTH (last_IT) =  84. km :   
 DEPTH ( input ) =  85. km :   
 DEPTH (last_IT) =  85. km :   
 DEPTH ( input ) =  86. km :   
 DEPTH (last_IT) =  86. km :   
 DEPTH ( input ) =  87. km :   
 DEPTH (last_IT) =  87. km :   
 DEPTH ( input ) =  88. km :   
 DEPTH (last_IT) =  88. km :   
 DEPTH ( input ) =  89. km :   
 DEPTH (last_IT) =  89. km :   
 DEPTH ( input ) =  90. km :   
 DEPTH (last_IT) =  90. km :   
 DEPTH ( input ) =  91. km :   
 DEPTH (last_IT) =  91. km :   
 DEPTH ( input ) =  92. km :   
 DEPTH (last_IT) =  92. km :   
 DEPTH ( input ) =  93. km :   
 DEPTH (last_IT) =  93. km :   
 DEPTH ( input ) =  94. km :   
 DEPTH (last_IT) =  94. km :   
 DEPTH ( input ) =  95. km :   
 DEPTH (last_IT) =  95. km :   
 DEPTH ( input ) =  96. km :   
 DEPTH (last_IT) =  96. km :   
 DEPTH ( input ) =  97. km :  .
 DEPTH (last_IT) =  97. km :  *
 DEPTH ( input ) =  98. km :   
 DEPTH (last_IT) =  98. km :   
 DEPTH ( input ) =  99. km :   
 DEPTH (last_IT) =  99. km :   
 DEPTH ( input ) = 100. km :   
 DEPTH (last_IT) = 100. km :   
 DEPTH ( input ) > 100. km :   
 DEPTH (last_IT) > 100. km :   


 Residuals of the stations according to the azimuth:
 (RES  = total average residual at station)
 (RES1 = average residual of rays from 1st quadrant)
 (RES2 = average residual of rays from 2nd quadrant)
 (RES3 = average residual of rays from 3rd quadrant)
 (RES4 = average residual of rays from 4th quadrant)

 Stn#  Stn     RES          RES1         RES2         RES3         RES4
   1   624    -0.21(  74)  -0.14(  33)  -0.10(   5)  -0.26(  29)  -0.50(   7)
   2   628    -0.33(  69)  -0.40(  32)  -0.19(   5)  -0.35(  25)  -0.04(   7)
   3   630    -0.25(  53)  -0.31(  24)  -0.06(  11)  -0.41(  10)  -0.11(   8)
   4   627    -0.17(  46)  -0.18(  12)   0.00(   0)  -0.26(  22)   0.01(  12)
   5   621    -0.13(  59)  -0.05(   8)   0.00(   0)  -0.13(  18)  -0.16(  33)
   6   629    -0.18(  43)  -0.11(  15)   0.00(   0)  -0.36(   8)  -0.16(  20)
   7   622    -0.16(  58)  -0.15(  27)   0.00(   0)  -0.16(  20)  -0.14(  11)
   8   620    -0.15(  48)   0.00(   0)  -0.08(   1)  -0.10(  18)  -0.19(  29)
   9   623    -0.08(  55)  -0.11(  30)   0.00(   0)   0.03(  17)  -0.22(   8)
  10   626    -0.15(  52)  -0.21(  24)   0.00(   0)  -0.38(   5)  -0.03(  23)
  11   625    -0.16(  49)  -0.07(  14)   0.00(   0)  -0.28(  23)  -0.03(  12)
  12   631     0.03(  49)   0.02(  18)   0.08(   1)   0.38(   4)  -0.03(  26)
  13   632    -0.10(  24)   0.08(  12)  -0.46(   2)  -0.33(   3)  -0.21(   7)



 CPU - statistics:

 TOTAL CPU-sec          =    0.3     (CPU-minutes:  0.005)

 >>>   End of program VELEST at 25-06-02 12:56       <<< [ CPU-sec :     0.3]
